[2018/1/14 - 1:06:19] Director Jamal Hooligan has made Teek C. Mercy a hitman.
[2018/1/14 - 1:12:03] Director Jamal Hooligan has made Daniel Coupal a hitman.
[2018/1/14 - 3:34:32] Trent Wolf has taken a knife (4) from the locker at $12,000.
[2018/1/14 - 3:34:37] Trent Wolf has taken a block of C4 from the locker at $50,000.
[2018/1/14 - 3:34:41] Trent Wolf has taken a block of C4 from the locker at $50,000.
[2018/1/14 - 3:53:53] Joseph Banderas has taken a block of C4 from the locker at $50,000.
[2018/1/14 - 19:16:32] Administrator Carlos Ramirez has kicked Scott Goodman from the Hitman Agency.
[2018/1/14 - 19:16:45] Administrator Carlos Ramirez has kicked Carlos Ramirez from the Hitman Agency.
[2018/1/14 - 19:22:10] Administrator Carlos Ramirez has admin invited Carlos Ramirez to the Hitman Agency.
[2018/1/14 - 19:22:41] Administrator Carlos Ramirez has made Carlos Ramirez a hitman leader.
[2018/1/14 - 20:12:33] Alexandra Freeman has taken a block of C4 from the locker at $50,000.
[2018/1/14 - 20:12:38] Alexandra Freeman has taken a block of C4 from the locker at $50,000.
[2018/1/14 - 20:12:41] Alexandra Freeman has taken a block of C4 from the locker at $50,000.
[2018/1/14 - 20:44:38] Director Tasman Maddox has promoted Stanley White to Operative (3) from Marksman (2).
[2018/1/14 - 20:44:40] Director Tasman Maddox has promoted Stanley White to Specialist (4) from Operative (3).
[2018/1/14 - 20:44:42] Stanley White has taken a block of C4 from the locker at $50,000.
[2018/1/14 - 21:18:28] Director Tasman Maddox has demoted Carlos Ramirez to Operative (3) from Director (6).
[2018/1/14 - 21:35:18] Tasman Maddox has taken a block of C4 from the locker at $50,000.
[2018/1/14 - 21:35:25] Tasman Maddox has taken an m4 (31) from the locker at $70,000.
[2018/1/14 - 21:37:32] Derek Hunter has taken a knife (4) from the locker at $12,000.
[2018/1/14 - 23:49:00] Paul Duffster has taken a block of C4 from the locker at $50,000.
[2018/1/14 - 23:49:03] Paul Duffster has taken a block of C4 from the locker at $50,000.
[2018/1/14 - 23:49:07] Paul Duffster has taken a block of C4 from the locker at $50,000.
[2018/1/14 - 23:58:36] Shakira Speed has taken a knife (4) from the locker at $12,000.
