[2018/1/16 - 0:41:20] Shakira Speed has taken a knife (4) from the locker at $12,000.
[2018/1/16 - 1:59:55] Michael J. Aachen has taken a knife (4) from the locker at $12,000.
[2018/1/16 - 2:29:04] Jessica Kenway has taken a block of C4 from the locker at $50,000.
[2018/1/16 - 3:11:31] Fifi Abdo has taken a knife (4) from the locker at $12,000.
[2018/1/16 - 5:35:38] Michael J. Aachen has taken a knife (4) from the locker at $12,000.
[2018/1/16 - 5:35:51] Michael J. Aachen has taken a tec9 (32) from the locker at $17,500.
[2018/1/16 - 11:58:03] Director Trent Wolf has kicked Teek C. Mercy from the Hitman Agency.
[2018/1/16 - 12:16:02] Shanequa Spadies has taken a knife (4) from the locker at $12,000.
[2018/1/16 - 12:18:22] Shanequa Spadies has taken a knife (4) from the locker at $12,000.
[2018/1/16 - 12:18:27] Shanequa Spadies has taken a deagle (24) from the locker at $12,000.
[2018/1/16 - 12:18:32] Shanequa Spadies has taken an AK47 (30) from the locker at $35,000.
[2018/1/16 - 15:42:11] Trent Wolf has taken a knife (4) from the locker at $12,000.
[2018/1/16 - 17:35:08] Trent Wolf has taken a block of C4 from the locker at $50,000.
[2018/1/16 - 17:35:14] Trent Wolf has taken a knife (4) from the locker at $12,000.
[2018/1/16 - 17:35:45] Trent Wolf has taken a block of C4 from the locker at $50,000.
[2018/1/16 - 17:35:52] Trent Wolf has taken a block of C4 from the locker at $50,000.
[2018/1/16 - 21:00:28] [SAFE WITHDRAW] Director Trent Wolf | $20,000 withdrawn (total balance: $0)
[2018/1/16 - 21:58:47] Administrator Matt Honest has made Michael Westen a hitman leader.
[2018/1/16 - 22:21:13] Administrator Paul Duffster has made Benedict Price a hitman leader.
[2018/1/16 - 22:21:50] Administrator Kevin Kush has admin invited Kevin Kush to the Hitman Agency.
[2018/1/16 - 22:23:40] Kevin Kush has taken a knife (4) from the locker at $12,000.
[2018/1/16 - 22:23:44] Paul Duffster has taken a SPAS-12 (27) from the locker at $90,000.
[2018/1/16 - 22:23:46] Paul Duffster has taken a knife (4) from the locker at $12,000.
[2018/1/16 - 22:23:49] Paul Duffster has taken a block of C4 from the locker at $50,000.
[2018/1/16 - 22:24:21] Abdul Duffster has taken a deagle (24) from the locker at $12,000.
[2018/1/16 - 22:24:23] Abdul Duffster has taken an m4 (31) from the locker at $70,000.
[2018/1/16 - 22:29:44] Director Benedict Price has made Jamie Gallagher a hitman.
[2018/1/16 - 22:30:18] Director Paul Duffster has kicked Michael J. Aachen from the Hitman Agency.
[2018/1/16 - 22:30:22] Director Paul Duffster has kicked Trent Wolf from the Hitman Agency.
[2018/1/16 - 22:34:07] Director Benedict Price has made Mitch Makaveli a hitman.
[2018/1/16 - 22:36:42] Director Benedict Price has promoted Jamie Gallagher to Specialist (4) from Freelancer (0).
[2018/1/16 - 22:38:07] Director Benedict Price has blacklisted Trent Wolf, reason: lol.
[2018/1/16 - 22:38:58] Benedict Price has taken a shotgun (25) from the locker at $11,000.
[2018/1/16 - 22:42:13] Director Benedict Price has made Harry Mcalpine a hitman.
[2018/1/16 - 22:44:27] Harry Mcalpine has taken a knife (4) from the locker at $12,000.
[2018/1/16 - 22:44:36] Harry Mcalpine has taken a deagle (24) from the locker at $12,000.
[2018/1/16 - 22:46:52] Director Benedict Price has promoted Harry Mcalpine to Vice Director (5) from Freelancer (0).
[2018/1/16 - 22:47:15] Administrator Aku Debe has made Aku Debe a hitman leader.
[2018/1/16 - 22:47:50] Aku Debe has taken a knife (4) from the locker at $12,000.
[2018/1/16 - 22:58:13] Director Benedict Price has promoted Mitch Makaveli to Agent (1) from Freelancer (0).
