[2018/1/14 - 0:12:35] Tanner Gucci Cobra has authorized Robben Martino to withdraw a Desert Eagle from the weapon locker (Cost: 5)
[2018/1/14 - 0:18:09] Daniel Martino has deposited 1 grams of Pot into the safe.
[2018/1/14 - 0:18:16] Tanner Gucci Cobra has authorized Daniel Martino to withdraw a Desert Eagle from the weapon locker (Cost: 5)
[2018/1/14 - 0:19:16] Tanner Gucci Cobra has withdrawn a Desert Eagle from the weapon locker (Cost: 5)
[2018/1/14 - 0:19:45] Tanner Gucci Cobra has authorized Robben Martino to withdraw a Desert Eagle from the weapon locker (Cost: 5)
[2018/1/14 - 0:19:52] Tanner Gucci Cobra has authorized Mathew Martino to withdraw a Desert Eagle from the weapon locker (Cost: 5)
[2018/1/14 - 0:25:24] Sung Grimm has logged out.
[2018/1/14 - 0:32:43] Robben Martino has logged out.
[2018/1/14 - 0:33:50] Mathew Martino has logged out.
[2018/1/14 - 0:40:45] Nuestro General Tanner Gucci Cobra (1000624967) (rank 6) has uninvited Mathew Martino (17684) (rank 1) from La Nuestra Familia 
[2018/1/14 - 0:40:52] Mathew Martino (17684) accepted Nuestro General Tanner Gucci Cobra's (1000624967) invite to join La Nuestra Familia (32).
[2018/1/14 - 0:40:54] Nuestro General Tanner Gucci Cobra (1000624967) (rank 6) has given Mathew Martino (17684) rank 1 (Associate) in La Nuestra Fami
[2018/1/14 - 0:41:09] Nuestro General Tanner Gucci Cobra (1000624967) has set Mathew Martino's (17684) division to Nuestra Sicario in La Nuestra Fami
[2018/1/14 - 0:41:12] Tanner Gucci Cobra has authorized Mathew Martino to withdraw a Desert Eagle from the weapon locker (Cost: 5)
[2018/1/14 - 0:41:14] Tanner Gucci Cobra has withdrawn a Desert Eagle from the weapon locker (Cost: 5)
[2018/1/14 - 1:12:47] Tanner Gucci Cobra has withdrawn a Desert Eagle from the weapon locker (Cost: 5)
[2018/1/14 - 1:23:17] Tanner Gucci Cobra has logged out.
[2018/1/14 - 1:37:23] Daniel Martino has logged out.
[2018/1/14 - 3:19:31] Carl Umair has logged out.
[2018/1/14 - 3:37:46] Mirikato Haruki has logged out.
[2018/1/14 - 3:38:11] Lucy Shrike has logged out.
[2018/1/14 - 3:46:11] Lieutenant Cateleyto Mathisano has lost connection.
[2018/1/14 - 3:47:46] Kevin Pusha has logged out.
[2018/1/14 - 4:04:16] Shinobu Tomoharu has logged out.
[2018/1/14 - 4:07:35] Kevin Pusha has logged out.
[2018/1/14 - 4:21:47] Kevin Pusha has logged out.
[2018/1/14 - 4:30:45] Deither Jiovanni has logged out.
[2018/1/14 - 4:46:47] Shinobu Tomoharu (1000625925) has quit the La Nuestra Familia as a rank 3
[2018/1/14 - 4:47:11] Cateleyto Mathisano has logged out.
[2018/1/14 - 5:00:05] Associate Mirikato Haruki has lost connection.
[2018/1/14 - 5:00:08] Associate Jed Ramirez has lost connection.
[2018/1/14 - 5:03:38] Mirikato Haruki has logged out.
[2018/1/14 - 5:03:45] Jed Ramirez has logged out.
[2018/1/14 - 5:20:50] Mirikato Haruki has logged out.
[2018/1/14 - 5:32:02] Associate Jed Ramirez has lost connection.
[2018/1/14 - 5:32:02] Lieutenant Elmar P. Maravilla has lost connection.
[2018/1/14 - 5:32:02] Associate Mirikato Haruki has lost connection.
[2018/1/14 - 5:50:29] Grzesiek Wroblewski has logged out.
[2018/1/14 - 6:02:57] Grzesiek Wroblewski has logged out.
[2018/1/14 - 6:08:18] Grzesiek Wroblewski has logged out.
[2018/1/14 - 6:28:48] Carl Umair has logged out.
[2018/1/14 - 6:44:26] Lieutenant Sean Frederick has lost connection.
[2018/1/14 - 6:54:27] Lieutenant Sean Frederick has lost connection.
[2018/1/14 - 6:54:58] Cateleyto Mathisano has logged out.
[2018/1/14 - 7:19:59] Lieutenant Elmar P. Maravilla has lost connection.
[2018/1/14 - 7:27:31] Kevin Pusha has logged out.
[2018/1/14 - 7:34:18] Elmar P. Maravilla has logged out.
[2018/1/14 - 7:35:39] Cateleyto Mathisano has logged out.
[2018/1/14 - 7:59:29] Sean Frederick has logged out.
[2018/1/14 - 9:15:14] Mirikato Haruki has logged out.
[2018/1/14 - 9:25:31] Kevin Pusha has logged out.
[2018/1/14 - 9:29:12] Kevin Pusha has logged out.
[2018/1/14 - 9:51:04] Kevin Pusha has logged out.
[2018/1/14 - 10:13:06] Jed Ramirez has logged out.
[2018/1/14 - 10:17:24] Mirikato Haruki has logged out.
[2018/1/14 - 10:33:50] Mirikato Haruki (1000625990) has quit the La Nuestra Familia as a rank 1
[2018/1/14 - 10:41:29] Kevin Pusha has logged out.
[2018/1/14 - 10:49:21] Lucy Shrike has logged out.
[2018/1/14 - 11:00:10] Tanner Gucci Cobra has authorized Sung Grimm to withdraw a AK-47 from the weapon locker (Cost: 15)
[2018/1/14 - 11:01:50] Tanner Gucci Cobra has authorized Sung Grimm to withdraw a Desert Eagle from the weapon locker (Cost: 5)
[2018/1/14 - 11:02:15] Tanner Gucci Cobra has authorized Carl Umair to withdraw a Desert Eagle from the weapon locker (Cost: 5)
[2018/1/14 - 11:05:11] Tanner Gucci Cobra has withdrawn a Desert Eagle from the weapon locker (Cost: 5)
[2018/1/14 - 11:09:32] Carl Umair has logged out.
[2018/1/14 - 11:13:13] Daniel Martino has logged out.
[2018/1/14 - 11:15:04] Sung Grimm has logged out.
[2018/1/14 - 11:20:18] Tanner Gucci Cobra has withdrawn a Desert Eagle from the weapon locker (Cost: 5)
[2018/1/14 - 11:24:37] Justin Titan Dreezy (1000626241) accepted Nuestro General Tanner Gucci Cobra's (1000624967) invite to join La Nuestra Familia (32).
[2018/1/14 - 11:43:39] Justin Titan Dreezy (1000626241) has quit the La Nuestra Familia as a rank 0
[2018/1/14 - 11:44:41] Daniel Martino has logged out.
[2018/1/14 - 11:50:25] Chester Speed has withdrawn $290,000 from the safe.
[2018/1/14 - 12:10:31] Stifler Gucci Cobra has withdrawn $18,000 from the safe.
[2018/1/14 - 12:10:58] Stifler Gucci Cobra has withdrawn 66 grams of Pot from the safe.
[2018/1/14 - 12:11:01] Stifler Gucci Cobra has withdrawn 95 grams of Crack from the safe.
[2018/1/14 - 12:11:06] Stifler Gucci Cobra has withdrawn 80 grams of Meth from the safe.
[2018/1/14 - 12:11:09] Stifler Gucci Cobra has withdrawn 90 grams of Ecstasy from the safe.
[2018/1/14 - 12:11:17] Stifler Gucci Cobra has withdrawn 45 grams of Heroin from the safe.
[2018/1/14 - 12:13:03] Stifler Gucci Cobra has withdrawn a Sniper Rifle from the weapon locker (Cost: 40)
[2018/1/14 - 12:13:57] Chester Speed has withdrawn a Desert Eagle from the weapon locker (Cost: 5)
[2018/1/14 - 12:14:01] Chester Speed has withdrawn a AK-47 from the weapon locker (Cost: 15)
[2018/1/14 - 12:14:14] Stifler Gucci Cobra has withdrawn $5,000 from the safe.
[2018/1/14 - 12:14:28] Chester Speed has deposited 30 grams of Meth into the safe.
[2018/1/14 - 12:20:58] La Mesa Stifler Gucci Cobra (1000531316) (rank 7) has given Tanner Gucci Cobra (1000624967) rank 0 (Recruit) in La Nuestra Fami
[2018/1/14 - 12:21:08] La Mesa Chester Speed (1000329770) (rank 7) has given Tanner Gucci Cobra (1000624967) rank 6 (Nuestro General) in La Nuestra Fa
[2018/1/14 - 12:21:40] La Mesa Stifler Gucci Cobra (1000531316) (rank 7) has given Tanner Gucci Cobra (1000624967) rank 7 (La Mesa) in La Nuestra Fami
[2018/1/14 - 12:21:41] La Mesa Stifler Gucci Cobra (1000531316) (rank 7) has given Tanner Gucci Cobra (1000624967) rank 6 (Nuestro General) in La Nues
[2018/1/14 - 12:21:44] La Mesa Stifler Gucci Cobra (1000531316) (rank 7) has given Tanner Gucci Cobra (1000624967) rank 7 (La Mesa) in La Nuestra Fami
[2018/1/14 - 12:22:03] La Mesa Stifler Gucci Cobra (1000531316) (rank 7) has given Tanner Gucci Cobra (1000624967) rank 7 (La Mesa) in La Nuestra Fami
[2018/1/14 - 12:22:04] La Mesa Stifler Gucci Cobra (1000531316) (rank 7) has given Tanner Gucci Cobra (1000624967) rank 5 (Captain) in La Nuestra Fami
[2018/1/14 - 12:22:05] La Mesa Stifler Gucci Cobra (1000531316) (rank 7) has given Tanner Gucci Cobra (1000624967) rank 6 (Nuestro General) in La Nues
[2018/1/14 - 12:22:07] La Mesa Stifler Gucci Cobra (1000531316) (rank 7) has given Tanner Gucci Cobra (1000624967) rank 1 (Associate) in La Nuestra Fa
[2018/1/14 - 12:22:08] La Mesa Stifler Gucci Cobra (1000531316) (rank 7) has given Tanner Gucci Cobra (1000624967) rank 2 (Soldado) in La Nuestra Fami
[2018/1/14 - 12:22:08] La Mesa Stifler Gucci Cobra (1000531316) (rank 7) has given Tanner Gucci Cobra (1000624967) rank 3 (Sergeant) in La Nuestra Fam
[2018/1/14 - 12:22:09] La Mesa Stifler Gucci Cobra (1000531316) (rank 7) has given Tanner Gucci Cobra (1000624967) rank 4 (Lieutenant) in La Nuestra F
[2018/1/14 - 12:22:09] La Mesa Stifler Gucci Cobra (1000531316) (rank 7) has given Tanner Gucci Cobra (1000624967) rank 5 (Captain) in La Nuestra Fami
[2018/1/14 - 12:22:10] La Mesa Stifler Gucci Cobra (1000531316) (rank 7) has given Tanner Gucci Cobra (1000624967) rank 6 (Nuestro General) in La Nues
[2018/1/14 - 12:25:20] Stifler Gucci Cobra has authorized Daniel Martino to withdraw a Desert Eagle from the weapon locker (Cost: 5)
[2018/1/14 - 12:57:43] Stifler Gucci Cobra has authorized Daniel Martino to withdraw a Desert Eagle from the weapon locker (Cost: 5)
[2018/1/14 - 12:58:47] Stifler Gucci Cobra has authorized Daniel Martino to withdraw a AK-47 from the weapon locker (Cost: 15)
[2018/1/14 - 12:59:47] Stifler Gucci Cobra has withdrawn $33,000 from the safe.
[2018/1/14 - 12:59:52] Stifler Gucci Cobra has withdrawn 200 grams of Ecstasy from the safe.
[2018/1/14 - 13:14:35] Stifler Gucci Cobra has logged out.
[2018/1/14 - 13:20:26] Stifler Gucci Cobra has withdrawn a Desert Eagle from the weapon locker (Cost: 5)
[2018/1/14 - 13:20:27] Stifler Gucci Cobra has withdrawn a SPAS-12 from the weapon locker (Cost: 30)
[2018/1/14 - 13:20:30] Stifler Gucci Cobra has deposited a SPAS-12 into the locker.
[2018/1/14 - 13:20:32] Stifler Gucci Cobra has withdrawn a Sniper Rifle from the weapon locker (Cost: 40)
[2018/1/14 - 13:28:49] Daniel Martino has logged out.
[2018/1/14 - 13:29:23] Tanner Gucci Cobra has withdrawn a Desert Eagle from the weapon locker (Cost: 5)
[2018/1/14 - 13:41:54] Tanner Gucci Cobra has withdrawn a Desert Eagle from the weapon locker (Cost: 5)
[2018/1/14 - 13:50:56] La Mesa Stifler Gucci Cobra has lost connection.
[2018/1/14 - 13:54:20] Kyle Blevis (1000624910) accepted La Mesa Stifler Gucci Cobra's (1000531316) invite to join La Nuestra Familia (32).
[2018/1/14 - 13:56:14] Sergeant Sung Grimm has lost connection.
[2018/1/14 - 14:04:38] Stifler Gucci Cobra has authorized Sung Grimm to withdraw a Desert Eagle from the weapon locker (Cost: 5)
[2018/1/14 - 14:05:47] Tanner Gucci Cobra has authorized Sung Grimm to withdraw a AK-47 from the weapon locker (Cost: 15)
[2018/1/14 - 14:08:06] Stifler Gucci Cobra has logged out.
[2018/1/14 - 14:08:16] Tanner Gucci Cobra has authorized Kyle Blevis to withdraw a Desert Eagle from the weapon locker (Cost: 5)
[2018/1/14 - 14:09:38] Tanner Gucci Cobra has authorized Sung Grimm to withdraw a Shotgun from the weapon locker (Cost: 3)
[2018/1/14 - 14:14:58] Kyle Blevis has logged out.
[2018/1/14 - 14:15:37] Sung Grimm has logged out.
[2018/1/14 - 14:32:26] Sergeant Sung Grimm has lost connection.
[2018/1/14 - 14:33:20] Sergeant Sung Grimm has lost connection.
[2018/1/14 - 14:34:28] Sergeant Sung Grimm has lost connection.
[2018/1/14 - 14:35:22] Sergeant Sung Grimm has lost connection.
[2018/1/14 - 14:38:02] Sergeant Sung Grimm has lost connection.
[2018/1/14 - 14:40:06] Sergeant Sung Grimm has lost connection.
[2018/1/14 - 14:51:39] Chester Speed has withdrawn a Desert Eagle from the weapon locker (Cost: 5)
[2018/1/14 - 14:51:49] Chester Speed has withdrawn $45 from the safe.
[2018/1/14 - 14:51:55] Chester Speed has withdrawn $45,000 from the safe.
[2018/1/14 - 14:52:18] Chester Speed has authorized Sung Grimm to withdraw a Desert Eagle from the weapon locker (Cost: 5)
[2018/1/14 - 14:53:58] Tanner Gucci Cobra has authorized Sung Grimm to withdraw a AK-47 from the weapon locker (Cost: 15)
[2018/1/14 - 14:54:52] Chester Speed has authorized Sung Grimm to withdraw a Shotgun from the weapon locker (Cost: 3)
[2018/1/14 - 15:00:04] Tanner Gucci Cobra has logged out.
[2018/1/14 - 15:03:09] Chester Speed has logged out.
[2018/1/14 - 15:09:53] Sung Grimm has logged out.
[2018/1/14 - 15:12:41] Sung Grimm has logged out.
[2018/1/14 - 15:14:45] La Mesa Chester Speed has lost connection.
[2018/1/14 - 15:22:56] Sung Grimm has logged out.
[2018/1/14 - 15:24:28] Tanner Gucci Cobra has logged out.
[2018/1/14 - 15:26:01] Chester Speed has logged out.
[2018/1/14 - 15:27:37] Chester Speed has logged out.
[2018/1/14 - 15:44:54] Chester Speed has withdrawn a Desert Eagle from the weapon locker (Cost: 5)
[2018/1/14 - 15:45:19] Chester Speed has authorized Sung Grimm to withdraw a AK-47 from the weapon locker (Cost: 15)
[2018/1/14 - 15:49:48] Florenze Parlete (1000554399) accepted La Mesa Chester Speed's (1000329770) invite to join La Nuestra Familia (32).
[2018/1/14 - 15:49:55] La Mesa Chester Speed (1000329770) (rank 7) has given Florenze Parlete (1000554399) rank 2 (Soldado) in La Nuestra Familia (32)
[2018/1/14 - 15:50:56] Chester Speed has authorized Sung Grimm to withdraw a Desert Eagle from the weapon locker (Cost: 5)
[2018/1/14 - 15:52:11] Tanner Gucci Cobra has logged out.
[2018/1/14 - 15:53:48] Chester Speed has logged out.
[2018/1/14 - 15:54:33] Tanner Gucci Cobra has authorized Florenze Parlete to withdraw a Desert Eagle from the weapon locker (Cost: 5)
[2018/1/14 - 16:01:16] Stifler Gucci Cobra has authorized Sung Grimm to withdraw a Desert Eagle from the weapon locker (Cost: 5)
[2018/1/14 - 16:02:32] Chester Speed has withdrawn a Desert Eagle from the weapon locker (Cost: 5)
[2018/1/14 - 16:02:37] Chester Speed has withdrawn $30,000 from the safe.
[2018/1/14 - 16:02:53] Chester Speed has withdrawn 100 grams of Pot from the safe.
[2018/1/14 - 16:04:05] Tanner Gucci Cobra has withdrawn a Desert Eagle from the weapon locker (Cost: 5)
[2018/1/14 - 16:06:14] Hachi Kush (1000222190) accepted La Mesa Stifler Gucci Cobra's (1000531316) invite to join La Nuestra Familia (32).
[2018/1/14 - 16:06:28] Hachi Kush has logged out.
[2018/1/14 - 16:07:21] Florenze Parlete has deposited $2 into the safe.
[2018/1/14 - 16:09:30] Stifler Gucci Cobra (1000531316) has changed MOTD for ALLIES: VAGOS. RIVALS: NONE, Read the rivalry rules, don't fc other gangs
[2018/1/14 - 16:09:37] Tanner Gucci Cobra has authorized Florenze Parlete to withdraw a Desert Eagle from the weapon locker (Cost: 5)
[2018/1/14 - 16:10:26] Stifler Gucci Cobra has authorized Hachi Kush to withdraw a Desert Eagle from the weapon locker (Cost: 5)
[2018/1/14 - 16:11:00] Stifler Gucci Cobra has authorized Sung Grimm to withdraw a Desert Eagle from the weapon locker (Cost: 5)
[2018/1/14 - 16:11:18] Chester Speed has withdrawn a Desert Eagle from the weapon locker (Cost: 5)
[2018/1/14 - 16:11:25] Chester Speed has withdrawn a AK-47 from the weapon locker (Cost: 15)
[2018/1/14 - 16:11:33] Tanner Gucci Cobra has withdrawn a Desert Eagle from the weapon locker (Cost: 5)
[2018/1/14 - 16:11:41] Stifler Gucci Cobra has withdrawn a Desert Eagle from the weapon locker (Cost: 5)
[2018/1/14 - 16:11:59] Tanner Gucci Cobra has authorized Sung Grimm to withdraw a AK-47 from the weapon locker (Cost: 15)
[2018/1/14 - 16:12:21] Stifler Gucci Cobra has withdrawn 70 grams of Ecstasy from the safe.
[2018/1/14 - 16:12:24] Stifler Gucci Cobra has withdrawn a AK-47 from the weapon locker (Cost: 15)
[2018/1/14 - 16:12:45] Stifler Gucci Cobra has withdrawn a AK-47 from the weapon locker (Cost: 15)
[2018/1/14 - 16:13:17] Gregg Fisher (1000627079) accepted La Mesa Stifler Gucci Cobra's (1000531316) invite to join La Nuestra Familia (32).
[2018/1/14 - 16:14:37] Keith L Madrox (1000625053) accepted Nuestro General Tanner Gucci Cobra's (1000624967) invite to join La Nuestra Familia (32).
[2018/1/14 - 16:17:46] Stifler Gucci Cobra has authorized Gregg Fisher to withdraw a Desert Eagle from the weapon locker (Cost: 5)
[2018/1/14 - 16:20:23] Gregg Fisher has logged out.
[2018/1/14 - 16:20:28] Stifler Gucci Cobra has authorized Keith L Madrox to withdraw a Desert Eagle from the weapon locker (Cost: 5)
[2018/1/14 - 16:23:49] Keith L Madrox (1000625053) has quit the La Nuestra Familia as a rank 0
[2018/1/14 - 16:24:00] Recruit Hachi Kush has lost connection.
[2018/1/14 - 16:24:40] Sung Grimm has logged out.
[2018/1/14 - 16:25:47] Sergeant Sung Grimm has lost connection.
[2018/1/14 - 16:26:09] Chester Speed has withdrawn a Desert Eagle from the weapon locker (Cost: 5)
[2018/1/14 - 16:26:11] Stifler Gucci Cobra has withdrawn $24,000 from the safe.
[2018/1/14 - 16:26:14] Stifler Gucci Cobra has withdrawn a Desert Eagle from the weapon locker (Cost: 5)
[2018/1/14 - 16:31:21] Stifler Gucci Cobra has authorized Sung Grimm to withdraw a Desert Eagle from the weapon locker (Cost: 5)
[2018/1/14 - 16:34:35] Chester Speed has logged out.
[2018/1/14 - 16:35:12] Stifler Gucci Cobra has logged out.
[2018/1/14 - 16:41:43] Sung Grimm has logged out.
[2018/1/14 - 16:54:36] Florenze Parlete has logged out.
[2018/1/14 - 17:02:54] Nuestro General Tanner Gucci Cobra (1000624967) (rank 6) has given Daniel Martino (1000015036) rank 5 (Captain) in La Nuestra F
[2018/1/14 - 17:02:56] Nuestro General Tanner Gucci Cobra (1000624967) (rank 6) has given Daniel Martino (1000015036) rank 3 (Sergeant) in La Nuestra 
[2018/1/14 - 17:03:00] Nuestro General Tanner Gucci Cobra (1000624967) (rank 6) has given Daniel Martino (1000015036) rank 6 (Nuestro General) in La N
[2018/1/14 - 17:05:52] Daniel Martino (1000015036) has quit the La Nuestra Familia as a rank 6
[2018/1/14 - 17:05:58] Daniel Martino (1000015036) accepted Nuestro General Tanner Gucci Cobra's (1000624967) invite to join La Nuestra Familia (32).
[2018/1/14 - 17:05:58] Nuestro General Tanner Gucci Cobra (1000624967) (rank 6) has given Daniel Martino (1000015036) rank 4 (Lieutenant) in La Nuestr
[2018/1/14 - 17:06:04] Nuestro General Tanner Gucci Cobra (1000624967) has set Daniel Martino's (1000015036) division to Nuestra Sicario in La Nuestra
[2018/1/14 - 18:01:53] Gregg Fisher (1000627079) has quit the La Nuestra Familia as a rank 0
[2018/1/14 - 18:29:31] Florenze Parlete has logged out.
[2018/1/14 - 19:01:47] Daniel Martino has logged out.
[2018/1/14 - 19:08:13] Tomy Lee (1000136922) has quit the La Nuestra Familia as a rank 1
[2018/1/14 - 19:10:54] Larry Huken (1000627262) accepted Nuestro General Tanner Gucci Cobra's (1000624967) invite to join La Nuestra Familia (32).
[2018/1/14 - 20:05:40] Barry Huken (1000627261) accepted Nuestro General Tanner Gucci Cobra's (1000624967) invite to join La Nuestra Familia (32).
[2018/1/14 - 20:06:31] Nuestro General Tanner Gucci Cobra (1000624967) (rank 6) has given Barry Huken (1000627261) rank 4 (Lieutenant) in La Nuestra F
[2018/1/14 - 20:08:35] Larry Huken has logged out.
[2018/1/14 - 20:08:39] Barry Huken has logged out.
[2018/1/14 - 20:23:52] Nuestro General Tanner Gucci Cobra (1000624967) (rank 6) has given Larry Huken (1000627262) rank 4 (Lieutenant) in La Nuestra F
[2018/1/14 - 20:28:07] Tanner Gucci Cobra has logged out.
[2018/1/14 - 20:38:28] Larry Huken has logged out.
[2018/1/14 - 20:40:59] Barry Huken has logged out.
[2018/1/14 - 20:46:06] Larry Huken has logged out.
[2018/1/14 - 21:21:00] Larry Huken has logged out.
[2018/1/14 - 21:23:58] Larry Huken has logged out.
[2018/1/14 - 21:51:29] Larry Huken has logged out.
[2018/1/14 - 21:52:44] Lieutenant Barry Huken has lost connection.
[2018/1/14 - 21:59:18] Barry Huken has logged out.
[2018/1/14 - 22:00:51] Larry Huken has logged out.
[2018/1/14 - 22:27:39] Larry Huken has logged out.
[2018/1/14 - 22:29:00] Larry Huken has logged out.
[2018/1/14 - 22:29:09] Lieutenant Barry Huken has lost connection.
[2018/1/14 - 23:02:17] Nuestro General Tanner Gucci Cobra (1000624967) has kicked Tanner Gucci Cobra (1000624967) out of their division in La Nuestra 
[2018/1/14 - 23:02:41] Nuestro General Tanner Gucci Cobra (1000624967) has set Tanner Gucci Cobra's (1000624967) division to High Command in La Nuestr
[2018/1/14 - 23:02:51] Nuestro General Tanner Gucci Cobra (1000624967) has set Tanner Gucci Cobra's (1000624967) division to Nuestra Sicario in La Nue
[2018/1/14 - 23:02:53] Nuestro General Tanner Gucci Cobra (1000624967) has set Tanner Gucci Cobra's (1000624967) division to Extranos in La Nuestra Fa
[2018/1/14 - 23:02:59] Nuestro General Tanner Gucci Cobra (1000624967) has set Tanner Gucci Cobra's (1000624967) division to Nuestra Sicario in La Nue
[2018/1/14 - 23:03:15] Barry Huken has logged out.
[2018/1/14 - 23:04:31] Tanner Gucci Cobra has logged out.
[2018/1/14 - 23:08:49] Barry Huken (1000627261) has quit the La Nuestra Familia as a rank 4
