[2018/1/11 - 5:50:49] Wesley Diesel has logged out.
[2018/1/11 - 6:26:48] Wesley Diesel has logged out.
[2018/1/11 - 7:09:24] Kevin Smokey Bear has logged out.
[2018/1/11 - 7:31:57] Wesley Diesel has logged out.
[2018/1/11 - 7:49:58] Wesley Diesel has logged out.
[2018/1/11 - 7:54:16] Kevin Smokey Bear has logged out.
[2018/1/11 - 9:02:07] Wesley Diesel has logged out.
[2018/1/11 - 9:03:56] Wesley Diesel has logged out.
[2018/1/11 - 9:17:56] Wesley Diesel has logged out.
[2018/1/11 - 9:39:51] Christian Butete has logged out.
[2018/1/11 - 10:07:01] Wesley Diesel has logged out.
[2018/1/11 - 10:19:02] Christian Butete has logged out.
[2018/1/11 - 10:21:20] Wesley Diesel has logged out.
[2018/1/11 - 11:25:12] Tyrone Michalz has logged out.
[2018/1/11 - 11:31:33] Chester Speed has withdrawn a Desert Eagle from the weapon locker (Cost: 5)
[2018/1/11 - 11:31:35] Chester Speed has withdrawn a Sniper Rifle from the weapon locker (Cost: 75)
[2018/1/11 - 11:31:41] Chester Speed has withdrawn 20 grams of Meth from the safe.
[2018/1/11 - 11:32:07] Tyrone Michalz (1000625970) has quit the La Nuestra Familia as a rank 1
[2018/1/11 - 11:32:34] Tony S Diesel (1000568397) accepted La Mesa Chester Speed's (1000329770) invite to join La Nuestra Familia (32).
[2018/1/11 - 11:33:49] Chester Speed has authorized Yuki Yamanaka to withdraw a Desert Eagle from the weapon locker (Cost: 5)
[2018/1/11 - 11:36:46] Keith Diablo (1000605489) accepted La Mesa Chester Speed's (1000329770) invite to join La Nuestra Familia (32).
[2018/1/11 - 11:41:02] La Mesa Chester Speed has lost connection.
[2018/1/11 - 11:44:15] La Mesa Chester Speed (1000329770) (rank 7) has given Yuki Yamanaka (1000625568) rank 6 (Nuestro General) in La Nuestra Familia
[2018/1/11 - 11:44:30] Chester Speed has withdrawn a Desert Eagle from the weapon locker (Cost: 5)
[2018/1/11 - 11:45:05] Chester Speed has authorized Keith Diablo to withdraw a Desert Eagle from the weapon locker (Cost: 5)
[2018/1/11 - 11:45:35] Tony S Diesel has deposited 100 materials into the safe.
[2018/1/11 - 11:45:41] Chester Speed has authorized Elmar P. Maravilla to withdraw a Desert Eagle from the weapon locker (Cost: 5)
[2018/1/11 - 11:49:08] Maisie Fabrigar Sr (1000626735) accepted La Mesa Chester Speed's (1000329770) invite to join La Nuestra Familia (32).
[2018/1/11 - 11:49:41] La Mesa Chester Speed (1000329770) (rank 7) has given Yuki Yamanaka (1000625568) rank 5 (Captain) in La Nuestra Familia (32).
[2018/1/11 - 11:49:42] Chester Speed has logged out.
[2018/1/11 - 12:03:16] Keith Diablo has logged out.
[2018/1/11 - 12:03:39] Elmar P. Maravilla has logged out.
[2018/1/11 - 12:04:21] Tony S Diesel has deposited a M4A1 into the locker.
[2018/1/11 - 12:06:15] Recruit Tony S Diesel has lost connection.
[2018/1/11 - 12:08:16] Grzesiek Wroblewski has logged out.
[2018/1/11 - 12:09:17] Keith Diablo has logged out.
[2018/1/11 - 12:18:13] Maisie Fabrigar Sr (1000626735) has quit the La Nuestra Familia as a rank 0
[2018/1/11 - 12:28:23] Yuki Yamanaka has logged out.
[2018/1/11 - 12:30:50] Stifler Gucci Cobra has withdrawn $35,000 from the safe.
[2018/1/11 - 12:41:27] Stifler Gucci Cobra has authorized Elmar P. Maravilla to withdraw a Shotgun from the weapon locker (Cost: 3)
[2018/1/11 - 12:44:12] Stifler Gucci Cobra has authorized Elmar P. Maravilla to withdraw a Desert Eagle from the weapon locker (Cost: 5)
[2018/1/11 - 12:44:36] Stifler Gucci Cobra has authorized Wesley Diesel to withdraw a Desert Eagle from the weapon locker (Cost: 5)
[2018/1/11 - 13:05:49] Stifler Gucci Cobra has withdrawn a Desert Eagle from the weapon locker (Cost: 5)
[2018/1/11 - 13:05:53] Stifler Gucci Cobra has withdrawn a Rifle from the weapon locker (Cost: 5)
[2018/1/11 - 13:06:08] Stifler Gucci Cobra has withdrawn 80 grams of Crack from the safe.
[2018/1/11 - 13:06:11] Stifler Gucci Cobra has withdrawn 80 grams of Pot from the safe.
[2018/1/11 - 13:07:02] La Mesa Stifler Gucci Cobra (1000531316) (rank 7) has given Yuki Yamanaka (1000625568) rank 6 (Nuestro General) in La Nuestra F
[2018/1/11 - 13:07:10] La Mesa Stifler Gucci Cobra (1000531316) (rank 7) has given Yuki Yamanaka (1000625568) rank 5 (Captain) in La Nuestra Familia (
[2018/1/11 - 13:08:00] Stifler Gucci Cobra has withdrawn a Desert Eagle from the weapon locker (Cost: 5)
[2018/1/11 - 13:08:14] La Mesa Stifler Gucci Cobra (1000531316) (rank 7) has given Wesley Diesel (1000625925) rank 3 (Sergeant) in La Nuestra Familia 
[2018/1/11 - 13:08:37] La Mesa Stifler Gucci Cobra (1000531316) (rank 7) has given Elmar P. Maravilla (1000625918) rank 3 (Sergeant) in La Nuestra Fam
[2018/1/11 - 13:14:02] Robben Martino has logged out.
[2018/1/11 - 13:17:17] Stifler Gucci Cobra has withdrawn a Desert Eagle from the weapon locker (Cost: 5)
[2018/1/11 - 13:17:26] Stifler Gucci Cobra has withdrawn $5,500 from the safe.
[2018/1/11 - 13:17:46] Stifler Gucci Cobra has logged out.
[2018/1/11 - 13:21:05] Wesley Diesel has logged out.
[2018/1/11 - 13:23:06] Elmar P. Maravilla has logged out.
[2018/1/11 - 14:20:07] Yuki Yamanaka has logged out.
[2018/1/11 - 14:31:54] Recruit Tomy Lee has lost connection.
[2018/1/11 - 14:32:29] Jack Malix has logged out.
[2018/1/11 - 14:41:41] Jack Malix has logged out.
[2018/1/11 - 15:01:09] Dawson G Menace has logged out.
[2018/1/11 - 15:31:10] Arif Leopard (120328) has quit the La Nuestra Familia as a rank 0
[2018/1/11 - 18:01:35] Tomy Lee has logged out.
[2018/1/11 - 18:53:36] Daniel Martino has logged out.
[2018/1/11 - 19:36:16] Stifler Gucci Cobra has withdrawn $45,000 from the safe.
[2018/1/11 - 19:49:11] Stifler Gucci Cobra has authorized Tanner Gucci Cobra to withdraw a Desert Eagle from the weapon locker (Cost: 5)
[2018/1/11 - 19:52:05] Stifler Gucci Cobra has authorized Daniel Martino to withdraw a Desert Eagle from the weapon locker (Cost: 5)
[2018/1/11 - 20:04:35] Daniel Martino has logged out.
[2018/1/11 - 20:06:01] Stifler Gucci Cobra has withdrawn 50 grams of Ecstasy from the safe.
[2018/1/11 - 20:06:05] Stifler Gucci Cobra has withdrawn 30 grams of Meth from the safe.
[2018/1/11 - 20:06:10] Stifler Gucci Cobra has withdrawn a Desert Eagle from the weapon locker (Cost: 5)
[2018/1/11 - 20:06:18] Stifler Gucci Cobra has set Desert Eagle weapon restriction from rank 7+ to 6.
[2018/1/11 - 20:06:21] Stifler Gucci Cobra has logged out.
[2018/1/11 - 20:14:01] Archie Gucci Cobra has logged out.
[2018/1/11 - 20:16:25] Stifler Gucci Cobra has withdrawn $5,000 from the safe.
[2018/1/11 - 20:27:12] Stifler Gucci Cobra has withdrawn a Desert Eagle from the weapon locker (Cost: 5)
[2018/1/11 - 20:42:17] Arthur Gucci Cobra has logged out.
[2018/1/11 - 20:44:13] Stifler Gucci Cobra has logged out.
[2018/1/11 - 20:46:52] Robben Martino has logged out.
[2018/1/11 - 21:12:02] Recruit Nick De La Martino has lost connection.
[2018/1/11 - 21:22:46] Tanner Gucci Cobra has logged out.
[2018/1/11 - 21:36:34] La Mesa Chester Speed (1000329770) (rank 7) has given Tanner Gucci Cobra (1000624967) rank 6 (Nuestro General) in La Nuestra Fa
[2018/1/11 - 21:47:25] Tanner Gucci Cobra has withdrawn a Desert Eagle from the weapon locker (Cost: 5)
[2018/1/11 - 21:47:52] Chester Speed has set Desert Eagle weapon restriction from rank 6+ to 7.
[2018/1/11 - 22:03:49] Neo Ryders (72655) accepted La Mesa Chester Speed's (1000329770) invite to join La Nuestra Familia (32).
[2018/1/11 - 22:09:28] Nuestro General Tanner Gucci Cobra has lost connection.
[2018/1/11 - 22:10:48] Nuestro General Tanner Gucci Cobra has lost connection.
[2018/1/11 - 22:11:25] Chester Speed has logged out.
[2018/1/11 - 22:14:24] Tanner Gucci Cobra has logged out.
[2018/1/11 - 22:20:17] Raja Umair has logged out.
[2018/1/11 - 22:22:26] La Mesa Chester Speed has lost connection.
[2018/1/11 - 22:24:35] Neo Ryders has logged out.
[2018/1/11 - 22:25:50] Chester Speed has logged out.
[2018/1/11 - 22:29:35] La Mesa Chester Speed has lost connection.
[2018/1/11 - 22:33:24] Raja Umair has logged out.
[2018/1/11 - 22:34:59] Chester Speed has logged out.
[2018/1/11 - 22:51:11] La Mesa Chester Speed has lost connection.
[2018/1/11 - 22:54:35] La Mesa Chester Speed (1000329770) (rank 7) has given Tomy Lee (1000136922) rank 1 (Associate) in La Nuestra Familia (32).
[2018/1/11 - 23:02:28] Chester Speed has logged out.
[2018/1/11 - 23:30:02] Tomy Lee has logged out.
