[2018/1/7 - 0:31:29] Azuki Yashimoto has logged in.
[2018/1/7 - 0:40:55] Recruit Viktor Pangaea has lost connection.
[2018/1/7 - 0:41:37] Viktor Pangaea has logged in.
[2018/1/7 - 0:53:07] Recruit Viktor Pangaea has lost connection.
[2018/1/7 - 0:53:36] Viktor Pangaea has logged in.
[2018/1/7 - 1:00:45] Viktor Pangaea (1000625149) has quit the La Nuestra Familia as a rank 0
[2018/1/7 - 1:37:13] Kiko Mizuhara has logged in.
[2018/1/7 - 2:09:08] Kiko Mizuhara (1000625235) has quit the La Nuestra Familia as a rank 1
[2018/1/7 - 4:35:24] Dwayne J Diablo has logged in.
[2018/1/7 - 4:48:59] Recruit Dwayne J Diablo has lost connection.
[2018/1/7 - 8:29:39] Lamar Whitman has logged in.
[2018/1/7 - 8:32:34] Lamar Whitman has logged out.
[2018/1/7 - 8:35:52] Lamar Whitman has logged in.
[2018/1/7 - 8:43:33] Tanner Gucci Cobra has logged in.
[2018/1/7 - 8:43:51] Elmar P. Maravilla has logged in.
[2018/1/7 - 8:53:04] Lamar Whitman has logged out.
[2018/1/7 - 9:05:31] Lamar Whitman has logged in.
[2018/1/7 - 9:05:55] Lamar Whitman (146251) has quit the La Nuestra Familia as a rank 5
[2018/1/7 - 9:37:47] Daniel Martino has logged in.
[2018/1/7 - 9:39:39] Elmar P. Maravilla has logged out.
[2018/1/7 - 10:08:06] Daniel Martino has logged out.
[2018/1/7 - 10:35:21] Tanner Gucci Cobra has logged out.
[2018/1/7 - 11:47:47] Daniel Martino has logged in.
[2018/1/7 - 11:49:54] Tanner Gucci Cobra has logged in.
[2018/1/7 - 12:06:58] Daniel Martino has logged out.
[2018/1/7 - 12:08:14] Daniel Martino has logged in.
[2018/1/7 - 12:19:41] Daniel Martino has logged out.
[2018/1/7 - 12:43:30] Dwayne J Diablo has logged in.
[2018/1/7 - 12:55:02] Elmar P. Maravilla has logged in.
[2018/1/7 - 13:03:26] Dwayne J Diablo has logged out.
[2018/1/7 - 13:08:08] Elmar P. Maravilla has logged out.
[2018/1/7 - 13:09:33] Elmar P. Maravilla has logged in.
[2018/1/7 - 13:22:54] Chester Speed has logged in.
[2018/1/7 - 13:26:40] Chester Speed has withdrawn $100,000 from the safe.
[2018/1/7 - 13:40:08] Chester Speed has logged out.
[2018/1/7 - 13:40:59] Chester Speed has logged in.
[2018/1/7 - 13:42:51] Chester Speed has withdrawn a Desert Eagle from the weapon locker (Cost: 5)
[2018/1/7 - 13:44:52] Tanner Gucci Cobra has logged in.
[2018/1/7 - 13:58:16] La Mesa Chester Speed (1000329770) (rank 7) has given Elmar P. Maravilla (1000625918) rank 3 (Sergeant) in La Nuestra Familia (
[2018/1/7 - 14:04:04] Elmar P. Maravilla has logged out.
[2018/1/7 - 14:09:17] Chester Speed has logged out.
[2018/1/7 - 14:11:39] Tanner Gucci Cobra has logged out.
[2018/1/7 - 14:50:41] Stifler Gucci Cobra has withdrawn 100 grams of Pot from the safe.
[2018/1/7 - 14:50:46] Stifler Gucci Cobra has withdrawn 10 grams of Heroin from the safe.
[2018/1/7 - 14:53:20] Chester Speed has set Desert Eagle weapon restriction from rank 6+ to 7.
[2018/1/7 - 14:58:20] Stifler Gucci Cobra has deposited a Sniper Rifle into the locker.
[2018/1/7 - 14:58:20] Stifler Gucci Cobra has deposited a SPAS-12 into the locker.
[2018/1/7 - 15:06:46] Amit Yichye (1000626276) accepted La Mesa Chester Speed's (1000329770) invite to join La Nuestra Familia (32).
[2018/1/7 - 15:10:33] Recruit Amit Yichye has lost connection.
[2018/1/7 - 15:16:33] Recruit Amit Yichye has lost connection.
[2018/1/7 - 15:18:09] Stifler Gucci Cobra has withdrawn $30,000 from the safe.
[2018/1/7 - 15:18:12] Stifler Gucci Cobra has withdrawn a Desert Eagle from the weapon locker (Cost: 5)
[2018/1/7 - 15:18:22] Stifler Gucci Cobra has withdrawn 25 grams of Pot from the safe.
[2018/1/7 - 15:21:11] Chester Speed has withdrawn a Desert Eagle from the weapon locker (Cost: 5)
[2018/1/7 - 15:34:03] Stifler Gucci Cobra has logged out.
[2018/1/7 - 15:38:10] Amit Yichye has logged out.
[2018/1/7 - 15:43:20] Tanner Gucci Cobra has logged out.
[2018/1/7 - 15:53:44] Daniel Martino has logged out.
[2018/1/7 - 16:01:57] Tanner Gucci Cobra has logged out.
[2018/1/7 - 16:06:02] La Mesa Chester Speed (1000329770) (rank 7) has given Tanner Gucci Cobra (1000624967) rank 5 (Captain) in La Nuestra Familia (3
[2018/1/7 - 16:21:46] Chester Speed has withdrawn a Sniper Rifle from the weapon locker (Cost: 75)
[2018/1/7 - 16:21:48] Chester Speed has authorized Tanner Gucci Cobra to withdraw a Desert Eagle from the weapon locker (Cost: 5)
[2018/1/7 - 16:22:03] Chester Speed has withdrawn a AK-47 from the weapon locker (Cost: 25)
[2018/1/7 - 16:22:20] Chester Speed has withdrawn a Desert Eagle from the weapon locker (Cost: 5)
[2018/1/7 - 16:24:34] Darren Speed Jr has logged out.
[2018/1/7 - 16:30:41] Daniel Martino has logged out.
[2018/1/7 - 16:31:14] Tanner Gucci Cobra has logged out.
[2018/1/7 - 16:32:52] Chester Speed has withdrawn a Desert Eagle from the weapon locker (Cost: 5)
[2018/1/7 - 16:39:59] Chester Speed has authorized Tanner Gucci Cobra to withdraw a Desert Eagle from the weapon locker (Cost: 5)
[2018/1/7 - 16:42:24] La Mesa Chester Speed (1000329770) (rank 7) has given Tanner Gucci Cobra (1000624967) rank 1 (Associate) in La Nuestra Familia 
[2018/1/7 - 16:42:38] La Mesa Chester Speed (1000329770) (rank 7) has given Tanner Gucci Cobra (1000624967) rank 5 (Captain) in La Nuestra Familia (3
[2018/1/7 - 16:48:15] Lee Liang has logged out.
[2018/1/7 - 16:51:18] Richard Wingfield has logged out.
[2018/1/7 - 16:54:11] Chester Speed has logged out.
[2018/1/7 - 17:00:50] Tanner Gucci Cobra has deposited a Sniper Rifle into the locker.
[2018/1/7 - 17:00:59] Tanner Gucci Cobra has deposited a Sniper Rifle into the locker.
[2018/1/7 - 17:01:26] Tanner Gucci Cobra has deposited a Sniper Rifle into the locker.
[2018/1/7 - 17:01:43] Tanner Gucci Cobra has deposited a Sniper Rifle into the locker.
[2018/1/7 - 17:01:56] Tanner Gucci Cobra has deposited a Sniper Rifle into the locker.
[2018/1/7 - 17:05:18] Chester Speed has withdrawn a Desert Eagle from the weapon locker (Cost: 5)
[2018/1/7 - 17:13:14] Captain Tanner Gucci Cobra has lost connection.
[2018/1/7 - 17:19:48] Chester Speed has withdrawn a Desert Eagle from the weapon locker (Cost: 5)
[2018/1/7 - 17:19:53] Chester Speed has withdrawn a Sniper Rifle from the weapon locker (Cost: 75)
[2018/1/7 - 17:20:58] Chester Speed has authorized Robben Gucci Cobra to withdraw a Desert Eagle from the weapon locker (Cost: 5)
[2018/1/7 - 17:26:36] Robben Gucci Cobra has logged out.
[2018/1/7 - 17:35:50] Soldado Robben Gucci Cobra has lost connection.
[2018/1/7 - 17:36:23] Chester Speed has logged out.
[2018/1/7 - 18:02:47] Lee Liang (1000262376) has quit the La Nuestra Familia as a rank 0
[2018/1/7 - 18:12:55] Captain Tanner Gucci Cobra has lost connection.
[2018/1/7 - 19:10:17] Tanner Gucci Cobra has logged out.
[2018/1/7 - 19:24:36] Stifler Gucci Cobra has withdrawn a Desert Eagle from the weapon locker (Cost: 5)
[2018/1/7 - 19:25:01] Alvin Martino (1000626160) accepted La Mesa Stifler Gucci Cobra's (1000531316) invite to join La Nuestra Familia (32).
[2018/1/7 - 19:25:53] Alvin Martino has logged out.
[2018/1/7 - 19:47:56] Stifler Gucci Cobra has logged out.
[2018/1/7 - 20:06:49] Associate Daniel Martino has lost connection.
[2018/1/7 - 20:38:20] Associate Daniel Martino has lost connection.
[2018/1/7 - 20:40:41] Captain Tanner Gucci Cobra has lost connection.
[2018/1/7 - 21:07:14] Tanner Gucci Cobra has logged out.
[2018/1/7 - 21:14:11] Jay Flowers Bluman (1000427202) accepted La Mesa Chester Speed's (1000329770) invite to join La Nuestra Familia (32).
[2018/1/7 - 21:15:24] La Mesa Chester Speed (1000329770) (rank 7) has given Jay Flowers Bluman (1000427202) rank 3 (Sergeant) in La Nuestra Familia (
[2018/1/7 - 21:16:01] La Mesa Chester Speed (1000329770) has set Jay Flowers Bluman's (1000427202) division to Nuestra Sicario in La Nuestra Familia 
[2018/1/7 - 21:16:03] La Mesa Chester Speed (1000329770) has set Jay Flowers Bluman's (1000427202) division to Extranos in La Nuestra Familia (32).
[2018/1/7 - 21:17:17] La Mesa Chester Speed (1000329770) (rank 7) has given Daniel Martino (1000015036) rank 2 (Soldado) in La Nuestra Familia (32).
[2018/1/7 - 21:18:34] La Mesa Chester Speed (1000329770) has set Daniel Martino's (1000015036) division to Nuestra Sicario in La Nuestra Familia (32)
[2018/1/7 - 21:21:34] Stifler Gucci Cobra has withdrawn $40,000 from the safe.
[2018/1/7 - 21:21:37] Stifler Gucci Cobra has withdrawn a Desert Eagle from the weapon locker (Cost: 5)
[2018/1/7 - 21:24:20] La Mesa Stifler Gucci Cobra (1000531316) (rank 7) has given Chester Speed (1000329770) rank 0 (Recruit) in La Nuestra Familia (
[2018/1/7 - 21:24:40] La Mesa Stifler Gucci Cobra (1000531316) (rank 7) has given Chester Speed (1000329770) rank 7 (La Mesa) in La Nuestra Familia (
[2018/1/7 - 21:24:43] La Mesa Chester Speed (1000329770) (rank 7) has given Stifler Gucci Cobra (1000531316) rank 1 (Associate) in La Nuestra Familia
[2018/1/7 - 21:25:04] La Mesa Chester Speed (1000329770) (rank 7) has given Stifler Gucci Cobra (1000531316) rank 7 (La Mesa) in La Nuestra Familia (
[2018/1/7 - 21:27:08] Stifler Gucci Cobra has withdrawn 50 grams of Crack from the safe.
[2018/1/7 - 21:31:28] Jay Flowers Bluman (1000427202) has quit the La Nuestra Familia as a rank 3
[2018/1/7 - 21:34:20] Adam Dios Brank (1000626315) accepted La Mesa Chester Speed's (1000329770) invite to join La Nuestra Familia (32).
[2018/1/7 - 21:36:18] Chester Speed has logged out.
[2018/1/7 - 21:36:33] Adam Dios Brank has logged out.
[2018/1/7 - 21:37:46] Adam Dios Brank has logged out.
[2018/1/7 - 21:39:20] Recruit Adam Dios Brank has lost connection.
[2018/1/7 - 21:42:25] Stifler Gucci Cobra has authorized Tanner Gucci Cobra to withdraw a Desert Eagle from the weapon locker (Cost: 5)
[2018/1/7 - 21:49:34] Nuestro General Arthur Gucci Cobra has lost connection.
[2018/1/7 - 21:52:44] Bart Mcfellow has logged out.
[2018/1/7 - 21:54:18] Adam Dios Brank has logged out.
[2018/1/7 - 21:55:06] Stifler Gucci Cobra has authorized Daniel Martino to withdraw a Desert Eagle from the weapon locker (Cost: 5)
[2018/1/7 - 21:55:52] Stifler Gucci Cobra has authorized Arthur Gucci Cobra to withdraw a SPAS-12 from the weapon locker (Cost: 50)
[2018/1/7 - 21:57:06] Chester Speed has withdrawn a Desert Eagle from the weapon locker (Cost: 5)
[2018/1/7 - 21:57:07] Chester Speed has withdrawn a SPAS-12 from the weapon locker (Cost: 50)
[2018/1/7 - 21:57:22] Captain Tanner Gucci Cobra has lost connection.
[2018/1/7 - 21:57:41] Adam Dios Brank has logged out.
[2018/1/7 - 21:58:35] Stifler Gucci Cobra has withdrawn a Desert Eagle from the weapon locker (Cost: 5)
[2018/1/7 - 21:59:27] Stifler Gucci Cobra has withdrawn 30 grams of Crack from the safe.
[2018/1/7 - 22:01:01] Chester Speed has authorized Tony Gucci Cobra to withdraw a Desert Eagle from the weapon locker (Cost: 5)
[2018/1/7 - 22:01:03] Stifler Gucci Cobra has authorized Darren Speed Jr to withdraw a Desert Eagle from the weapon locker (Cost: 5)
[2018/1/7 - 22:02:06] Chester Speed has authorized Darren Speed Jr to withdraw a SPAS-12 from the weapon locker (Cost: 50)
[2018/1/7 - 22:03:28] Darren Speed Jr has logged out.
[2018/1/7 - 22:03:57] Nuestro General Arthur Gucci Cobra has lost connection.
[2018/1/7 - 22:04:38] Stifler Gucci Cobra has authorized Robben Gucci Cobra to withdraw a Desert Eagle from the weapon locker (Cost: 5)
[2018/1/7 - 22:05:20] Nuestro General Arthur Gucci Cobra has lost connection.
[2018/1/7 - 22:07:31] Adam Dios Brank has logged out.
[2018/1/7 - 22:12:38] Darren Speed Jr has logged out.
[2018/1/7 - 22:17:50] Bart Mcfellow has logged out.
[2018/1/7 - 22:18:09] Nuestro General Arthur Gucci Cobra has lost connection.
[2018/1/7 - 22:19:00] Stifler Gucci Cobra has authorized Tony Gucci Cobra to withdraw a Desert Eagle from the weapon locker (Cost: 5)
[2018/1/7 - 22:19:07] Chester Speed has logged out.
[2018/1/7 - 22:19:17] Daniel Martino has logged out.
[2018/1/7 - 22:19:38] Stifler Gucci Cobra has authorized Tanner Gucci Cobra to withdraw a Desert Eagle from the weapon locker (Cost: 5)
[2018/1/7 - 22:20:11] Stifler Gucci Cobra has logged out.
[2018/1/7 - 22:20:15] Tony Gucci Cobra has logged out.
[2018/1/7 - 22:23:16] Robben Gucci Cobra has logged out.
[2018/1/7 - 22:27:03] Tanner Gucci Cobra has logged out.
[2018/1/7 - 23:38:28] Zyana Dios Bishop has logged out.
