[2018/1/10 - 0:55:57] Lucy Shrike has logged out.
[2018/1/10 - 2:42:41] Lucy Shrike has logged out.
[2018/1/10 - 3:21:49] Lucy Shrike has logged out.
[2018/1/10 - 6:32:33] Don Chelios (1000625235) has quit the La Nuestra Familia as a rank 0
[2018/1/10 - 6:34:30] Wesley Diesel has logged out.
[2018/1/10 - 6:52:49] Wesley Diesel has logged out.
[2018/1/10 - 7:51:29] Jack Malix has logged out.
[2018/1/10 - 8:32:10] Yuki Yamanaka has logged out.
[2018/1/10 - 8:40:52] Wesley Diesel has logged out.
[2018/1/10 - 8:42:46] Yuki Yamanaka has logged out.
[2018/1/10 - 8:43:44] Captain Yuki Yamanaka has lost connection.
[2018/1/10 - 8:43:44] Associate Wesley Diesel has lost connection.
[2018/1/10 - 9:50:41] Wesley Diesel has logged out.
[2018/1/10 - 9:51:23] Yuki Yamanaka has logged out.
[2018/1/10 - 9:59:12] Chester Speed has withdrawn a Desert Eagle from the weapon locker (Cost: 5)
[2018/1/10 - 9:59:17] Chester Speed has withdrawn a AK-47 from the weapon locker (Cost: 25)
[2018/1/10 - 9:59:48] Chester Speed has withdrawn 20 grams of Crack from the safe.
[2018/1/10 - 10:04:54] Jamie Nelson (1000502087) accepted La Mesa Chester Speed's (1000329770) invite to join La Nuestra Familia (32).
[2018/1/10 - 10:04:58] La Mesa Chester Speed (1000329770) (rank 7) has given Jamie Nelson (1000502087) rank 5 (Captain) in La Nuestra Familia (32).
[2018/1/10 - 10:09:49] Yomie Tsu (1000626589) accepted La Mesa Chester Speed's (1000329770) invite to join La Nuestra Familia (32).
[2018/1/10 - 10:18:55] Kevin Smokey Bear (1000625033) accepted La Mesa Chester Speed's (1000329770) invite to join La Nuestra Familia (32).
[2018/1/10 - 10:26:55] Chester Speed has authorized Yuki Yamanaka to withdraw a Desert Eagle from the weapon locker (Cost: 5)
[2018/1/10 - 10:47:57] Christian Butete (1000625990) accepted La Mesa Chester Speed's (1000329770) invite to join La Nuestra Familia (32).
[2018/1/10 - 10:55:43] Chester Speed has authorized Wesley Diesel to withdraw a Shotgun from the weapon locker (Cost: 3)
[2018/1/10 - 10:56:35] Chester Speed has authorized Jamie Nelson to withdraw a Desert Eagle from the weapon locker (Cost: 5)
[2018/1/10 - 10:56:36] Chester Speed has authorized Kevin Smokey Bear to withdraw a Desert Eagle from the weapon locker (Cost: 5)
[2018/1/10 - 10:56:37] Chester Speed has authorized Yomie Tsu to withdraw a Desert Eagle from the weapon locker (Cost: 5)
[2018/1/10 - 10:56:56] Chester Speed has authorized Christian Butete to withdraw a Desert Eagle from the weapon locker (Cost: 5)
[2018/1/10 - 11:05:31] Yomie Tsu has logged out.
[2018/1/10 - 11:15:02] Yomie Tsu has logged out.
[2018/1/10 - 11:23:53] Recruit Christian Butete has lost connection.
[2018/1/10 - 11:30:21] Christian Butete has logged out.
[2018/1/10 - 11:31:17] La Mesa Chester Speed (1000329770) (rank 7) has given Kevin Smokey Bear (1000625033) rank 2 (Soldado) in La Nuestra Familia (32
[2018/1/10 - 11:31:48] La Mesa Chester Speed (1000329770) (rank 7) has given Wesley Diesel (1000625925) rank 2 (Soldado) in La Nuestra Familia (32).
[2018/1/10 - 11:32:10] Kevin Smokey Bear has logged out.
[2018/1/10 - 11:34:20] Yuki Yamanaka has logged out.
[2018/1/10 - 11:36:03] Chester Speed has logged out.
[2018/1/10 - 11:40:33] Jack Malix has logged out.
[2018/1/10 - 11:42:42] Wesley Diesel has logged out.
[2018/1/10 - 11:48:23] Soldado Kevin Smokey Bear has lost connection.
[2018/1/10 - 11:50:05] Soldado Kevin Smokey Bear has lost connection.
[2018/1/10 - 11:57:09] Chester Speed has withdrawn a Desert Eagle from the weapon locker (Cost: 5)
[2018/1/10 - 11:57:10] Chester Speed has withdrawn a AK-47 from the weapon locker (Cost: 25)
[2018/1/10 - 11:59:40] Chester Speed has authorized Jack Malix to withdraw a Desert Eagle from the weapon locker (Cost: 5)
[2018/1/10 - 12:01:17] La Mesa Chester Speed (1000329770) (rank 7) has given Jack Malix (1000625233) rank 2 (Soldado) in La Nuestra Familia (32).
[2018/1/10 - 12:06:54] La Mesa Chester Speed (1000329770) (rank 7) has given Jamie Nelson (1000502087) rank 6 (Nuestro General) in La Nuestra Familia 
[2018/1/10 - 12:07:11] La Mesa Chester Speed (1000329770) (rank 7) has given Jamie Nelson (1000502087) rank 5 (Captain) in La Nuestra Familia (32).
[2018/1/10 - 12:08:37] Chester Speed has authorized Kevin Smokey Bear to withdraw a Desert Eagle from the weapon locker (Cost: 5)
[2018/1/10 - 12:10:06] Rossi Stokes (1000625164) accepted La Mesa Chester Speed's (1000329770) invite to join La Nuestra Familia (32).
[2018/1/10 - 12:10:07] Chester Speed has withdrawn a Desert Eagle from the weapon locker (Cost: 5)
[2018/1/10 - 12:10:18] Chester Speed has authorized Rossi Stokes to withdraw a Desert Eagle from the weapon locker (Cost: 5)
[2018/1/10 - 12:28:21] Captain Jamie Nelson has lost connection.
[2018/1/10 - 12:31:10] Soldado Kevin Smokey Bear has lost connection.
[2018/1/10 - 12:35:33] Treant Biggums has logged out.
[2018/1/10 - 12:36:58] Jack Malix has logged out.
[2018/1/10 - 12:40:35] Chester Speed has authorized Grzesiek Wroblewski to withdraw a Desert Eagle from the weapon locker (Cost: 5)
[2018/1/10 - 12:40:36] Kobe Mece (1000088591) has made Kobe Mece (1000088591) the leader of the La Nuestra Familia.
[2018/1/10 - 12:40:53] Chester Speed has authorized Tanner Gucci Cobra to withdraw a Desert Eagle from the weapon locker (Cost: 5)
[2018/1/10 - 12:42:46] Chester Speed has authorized Jack Malix to withdraw a Desert Eagle from the weapon locker (Cost: 5)
[2018/1/10 - 12:53:39] Azis Banderas (1000625239) accepted La Mesa Chester Speed's (1000329770) invite to join La Nuestra Familia (32).
[2018/1/10 - 12:54:22] Kevin Smokey Bear has logged out.
[2018/1/10 - 12:57:43] La Mesa Chester Speed (1000329770) (rank 7) has given Grzesiek Wroblewski (1000620666) rank 1 (Associate) in La Nuestra Familia
[2018/1/10 - 12:58:03] Captain Tanner Gucci Cobra has lost connection.
[2018/1/10 - 13:02:19] Stifler Gucci Cobra has withdrawn $40,000 from the safe.
[2018/1/10 - 13:04:25] La Mesa Chester Speed (1000329770) (rank 7) has uninvited Azis Banderas (1000625239) (rank 0) from La Nuestra Familia (32).
[2018/1/10 - 13:06:33] Grzesiek Wroblewski has logged out.
[2018/1/10 - 13:07:10] Stifler Gucci Cobra has withdrawn 200 grams of Crack from the safe.
[2018/1/10 - 13:07:16] Stifler Gucci Cobra has withdrawn a Sniper Rifle from the weapon locker (Cost: 75)
[2018/1/10 - 13:11:34] Chester Speed has logged out.
[2018/1/10 - 13:18:22] Stifler Gucci Cobra has authorized Rossi Stokes to withdraw a Desert Eagle from the weapon locker (Cost: 5)
[2018/1/10 - 13:18:40] Stifler Gucci Cobra has withdrawn a Desert Eagle from the weapon locker (Cost: 5)
[2018/1/10 - 13:19:03] Stifler Gucci Cobra has authorized Tanner Gucci Cobra to withdraw a Desert Eagle from the weapon locker (Cost: 5)
[2018/1/10 - 13:19:07] Stifler Gucci Cobra has authorized Yuki Yamanaka to withdraw a Desert Eagle from the weapon locker (Cost: 5)
[2018/1/10 - 13:19:09] Tyrone Michalz (1000625970) accepted La Mesa Stifler Gucci Cobra's (1000531316) invite to join La Nuestra Familia (32).
[2018/1/10 - 13:24:12] Tanner Gucci Cobra has logged out.
[2018/1/10 - 13:25:07] Stifler Gucci Cobra has withdrawn a Desert Eagle from the weapon locker (Cost: 5)
[2018/1/10 - 13:26:16] Stifler Gucci Cobra has authorized Rossi Stokes to withdraw a Desert Eagle from the weapon locker (Cost: 5)
[2018/1/10 - 13:26:34] La Mesa Stifler Gucci Cobra (rank 8) has offline uninvited treant biggums from La Nuestra Familia (32).
[2018/1/10 - 13:28:22] Lamar Whitman (146251) accepted La Mesa Stifler Gucci Cobra's (1000531316) invite to join La Nuestra Familia (32).
[2018/1/10 - 13:28:37] La Mesa Stifler Gucci Cobra (1000531316) (rank 7) has uninvited Rossi Stokes (1000625164) (rank 0) from La Nuestra Familia (32)
[2018/1/10 - 13:29:47] Stifler Gucci Cobra has authorized Yuki Yamanaka to withdraw a Desert Eagle from the weapon locker (Cost: 5)
[2018/1/10 - 13:30:21] La Mesa Stifler Gucci Cobra (1000531316) (rank 7) has given Lamar Whitman (146251) rank 5 (Captain) in La Nuestra Familia (32).
[2018/1/10 - 13:30:26] Stifler Gucci Cobra has withdrawn a Desert Eagle from the weapon locker (Cost: 5)
[2018/1/10 - 13:32:49] Stifler Gucci Cobra has authorized Lamar Whitman to withdraw a Desert Eagle from the weapon locker (Cost: 5)
[2018/1/10 - 13:34:31] Lamar Whitman has logged out.
[2018/1/10 - 13:38:25] Stifler Gucci Cobra has authorized Jack Malix to withdraw a Desert Eagle from the weapon locker (Cost: 5)
[2018/1/10 - 13:46:15] Stifler Gucci Cobra has withdrawn a Desert Eagle from the weapon locker (Cost: 5)
[2018/1/10 - 13:46:59] Jack Malix has logged out.
[2018/1/10 - 13:47:10] Yuki Yamanaka has logged out.
[2018/1/10 - 13:47:22] Tyrone Michalz (1000625970) has quit the La Nuestra Familia as a rank 0
[2018/1/10 - 13:47:22] Robben Martino has logged out.
[2018/1/10 - 13:49:41] Stifler Gucci Cobra has withdrawn a Sniper Rifle from the weapon locker (Cost: 75)
[2018/1/10 - 13:49:57] Chester Speed has withdrawn a Desert Eagle from the weapon locker (Cost: 5)
[2018/1/10 - 13:49:59] Chester Speed has withdrawn a AK-47 from the weapon locker (Cost: 25)
[2018/1/10 - 13:56:12] Chester Speed has withdrawn a Desert Eagle from the weapon locker (Cost: 5)
[2018/1/10 - 13:56:57] Stifler Gucci Cobra has withdrawn a Desert Eagle from the weapon locker (Cost: 5)
[2018/1/10 - 13:59:58] Chester Speed has withdrawn 400 grams of Pot from the safe.
[2018/1/10 - 14:01:05] Chester Speed has withdrawn 90 grams of Crack from the safe.
[2018/1/10 - 14:04:51] Chester Speed has authorized Tanner Gucci Cobra to withdraw a Desert Eagle from the weapon locker (Cost: 5)
[2018/1/10 - 14:18:59] Tyrone Michalz (1000625970) accepted La Mesa Chester Speed's (1000329770) invite to join La Nuestra Familia (32).
[2018/1/10 - 14:19:32] Asherr Michalz (1000626719) accepted La Mesa Chester Speed's (1000329770) invite to join La Nuestra Familia (32).
[2018/1/10 - 14:32:19] Tanner Gucci Cobra has logged out.
[2018/1/10 - 14:33:22] La Mesa Chester Speed (1000329770) (rank 7) has given Asherr Michalz (1000626719) rank 1 (Associate) in La Nuestra Familia (32)
[2018/1/10 - 14:33:26] La Mesa Chester Speed (1000329770) (rank 7) has given Tyrone Michalz (1000625970) rank 1 (Associate) in La Nuestra Familia (32)
[2018/1/10 - 14:33:50] Chester Speed has logged out.
[2018/1/10 - 14:37:13] Jack Malix has logged out.
[2018/1/10 - 14:41:06] Stifler Gucci Cobra has logged out.
[2018/1/10 - 14:42:02] Tyrone Michalz has logged out.
[2018/1/10 - 14:46:02] Jakob Speed has logged out.
[2018/1/10 - 14:49:42] Associate Tyrone Michalz has lost connection.
[2018/1/10 - 14:50:49] Jack Malix has logged out.
[2018/1/10 - 14:56:42] Stifler Gucci Cobra has authorized Jack Malix to withdraw a Desert Eagle from the weapon locker (Cost: 5)
[2018/1/10 - 14:58:04] Stifler Gucci Cobra has logged out.
[2018/1/10 - 15:01:48] Asherr Michalz has logged out.
[2018/1/10 - 15:10:32] Soldado Jack Malix has lost connection.
[2018/1/10 - 15:18:46] Soldado Jack Malix has lost connection.
[2018/1/10 - 15:25:28] Tyrone Michalz has logged out.
[2018/1/10 - 15:25:40] Jack Malix has logged out.
[2018/1/10 - 16:00:06] Stifler Gucci Cobra has withdrawn $20,000 from the safe.
[2018/1/10 - 16:00:32] Stifler Gucci Cobra has withdrawn 100 grams of Crack from the safe.
[2018/1/10 - 16:00:38] Stifler Gucci Cobra has withdrawn a Desert Eagle from the weapon locker (Cost: 5)
[2018/1/10 - 16:03:43] Chester Speed has withdrawn a Desert Eagle from the weapon locker (Cost: 5)
[2018/1/10 - 16:05:17] Arif Leopard (120328) accepted La Mesa Chester Speed's (1000329770) invite to join La Nuestra Familia (32).
[2018/1/10 - 16:11:01] Arif Leopard has logged out.
[2018/1/10 - 16:12:47] Chester Speed has logged out.
[2018/1/10 - 16:13:14] Stifler Gucci Cobra has logged out.
[2018/1/10 - 16:59:32] Lamar Whitman (146251) has quit the La Nuestra Familia as a rank 5
[2018/1/10 - 17:18:56] Jamie Nelson has logged out.
[2018/1/10 - 18:20:00] Captain Tanner Gucci Cobra has lost connection.
[2018/1/10 - 18:40:27] Tanner Gucci Cobra has logged out.
[2018/1/10 - 18:42:50] Jamie Nelson has logged out.
[2018/1/10 - 19:07:44] Captain Jamie Nelson has lost connection.
[2018/1/10 - 19:28:48] Samuel Kingston has logged out.
[2018/1/10 - 19:33:43] Jamie Nelson (1000502087) has quit the La Nuestra Familia as a rank 5
[2018/1/10 - 20:00:33] Samuel Kingston (1000585032) has quit the La Nuestra Familia as a rank 0
[2018/1/10 - 20:20:53] Daniel Martino has logged out.
[2018/1/10 - 20:29:23] Nick De La Martino has logged out.
[2018/1/10 - 20:43:41] Tanner Gucci Cobra has logged out.
[2018/1/10 - 20:48:08] Daniel Martino has logged out.
[2018/1/10 - 21:24:23] Nick De La Martino has logged out.
[2018/1/10 - 22:06:03] Tomy Lee has logged out.
[2018/1/10 - 22:17:31] Stifler Gucci Cobra has withdrawn $60,000 from the safe.
[2018/1/10 - 22:17:34] Stifler Gucci Cobra has withdrawn a Desert Eagle from the weapon locker (Cost: 5)
[2018/1/10 - 22:17:44] Stifler Gucci Cobra has withdrawn 100 grams of Pot from the safe.
[2018/1/10 - 22:17:50] Stifler Gucci Cobra has withdrawn 100 grams of Crack from the safe.
[2018/1/10 - 22:17:55] Stifler Gucci Cobra has withdrawn 50 grams of Heroin from the safe.
[2018/1/10 - 22:18:00] Stifler Gucci Cobra has withdrawn 40 grams of Meth from the safe.
[2018/1/10 - 22:18:04] Stifler Gucci Cobra has withdrawn 40 grams of Ecstasy from the safe.
[2018/1/10 - 22:43:56] Stifler Gucci Cobra has deposited a Sniper Rifle into the locker.
[2018/1/10 - 22:44:08] Stifler Gucci Cobra has deposited a Sniper Rifle into the locker.
[2018/1/10 - 22:44:18] Stifler Gucci Cobra has deposited a Sniper Rifle into the locker.
[2018/1/10 - 22:46:50] Stifler Gucci Cobra has logged out.
