[2018/1/16 - 0:13:56] Tanner Gucci Cobra has authorized Robben Martino to withdraw a SPAS-12 from the weapon locker (Cost: 30)
[2018/1/16 - 0:14:55] Tanner Gucci Cobra has authorized Robben Martino to withdraw a SPAS-12 from the weapon locker (Cost: 30)
[2018/1/16 - 0:23:15] Robben Martino has deposited $1200 into the safe.
[2018/1/16 - 0:40:08] Tanner Gucci Cobra has authorized Robben Martino to withdraw a SPAS-12 from the weapon locker (Cost: 30)
[2018/1/16 - 0:40:15] Robben Martino has logged out.
[2018/1/16 - 0:41:15] Nuestro General Tanner Gucci Cobra (rank 7) has offline uninvited Robben Martino from La Nuestra Familia (32).
[2018/1/16 - 0:44:05] Tanner Gucci Cobra has logged out.
[2018/1/16 - 1:03:12] Recruit Gravity Hunter has lost connection.
[2018/1/16 - 2:43:05] Calvin Equinox has logged out.
[2018/1/16 - 2:44:30] Calvin Equinox has logged out.
[2018/1/16 - 2:50:21] Calvin Equinox has logged out.
[2018/1/16 - 2:51:35] Calvin Equinox has logged out.
[2018/1/16 - 2:53:29] Ryan Richman has logged out.
[2018/1/16 - 3:09:10] Lieutenant Calvin Equinox has lost connection.
[2018/1/16 - 3:53:15] Recruit Ryan Richman has lost connection.
[2018/1/16 - 4:43:58] Calvin Equinox has logged out.
[2018/1/16 - 4:50:53] Ryan Richman has logged out.
[2018/1/16 - 5:44:06] Ryan Richman has logged out.
[2018/1/16 - 5:53:26] Joanne Saironim has logged out.
[2018/1/16 - 6:37:37] Ryan Richman has logged out.
[2018/1/16 - 6:45:00] Charlie Totskie has logged out.
[2018/1/16 - 7:26:53] Kobe Bieber has logged out.
[2018/1/16 - 7:34:17] Verna Jhane has logged out.
[2018/1/16 - 7:52:41] Harm Chariz has logged out.
[2018/1/16 - 8:17:28] Verna Jhane has logged out.
[2018/1/16 - 8:22:01] Verna Jhane has logged out.
[2018/1/16 - 8:57:20] Ryan Richman has logged out.
[2018/1/16 - 9:23:00] Calvin Equinox has logged out.
[2018/1/16 - 9:28:01] Sam Richman has logged out.
[2018/1/16 - 9:28:29] Chris Chanox has logged out.
[2018/1/16 - 9:29:56] Sam Richman has logged out.
[2018/1/16 - 9:30:21] Joanne Saironim has logged out.
[2018/1/16 - 9:31:45] Lieutenant Calvin Equinox has lost connection.
[2018/1/16 - 9:34:50] Soldado Chris Chanox has lost connection.
[2018/1/16 - 9:37:21] Joanne Saironim has logged out.
[2018/1/16 - 9:57:12] Cateleyto Mathisano has logged out.
[2018/1/16 - 10:00:36] Lieutenant Cateleyto Mathisano has lost connection.
[2018/1/16 - 10:11:49] Recruit Harm Chariz has lost connection.
[2018/1/16 - 10:44:33] Chris Chanox has logged out.
[2018/1/16 - 10:45:04] Harm Chariz has logged out.
[2018/1/16 - 10:56:50] Sam Richman has logged out.
[2018/1/16 - 10:57:06] Chris Chanox has logged out.
[2018/1/16 - 11:11:34] Harm Chariz has logged out.
[2018/1/16 - 11:26:35] Bani Lapag has logged out.
[2018/1/16 - 11:29:46] Verna Jhane has logged out.
[2018/1/16 - 11:29:50] Kobe Bieber has logged out.
[2018/1/16 - 11:33:37] Verna Jhane has logged out.
[2018/1/16 - 11:36:27] Lieutenant Cateleyto Mathisano has lost connection.
[2018/1/16 - 11:43:14] Hachi Kush has logged out.
[2018/1/16 - 11:58:33] Verna Jhane has logged out.
[2018/1/16 - 12:04:42] Cateleyto Mathisano has logged out.
[2018/1/16 - 12:30:31] Soldado Verna Jhane has lost connection.
[2018/1/16 - 12:32:38] Verna Jhane has logged out.
[2018/1/16 - 12:37:06] Lieutenant Calvin Equinox has lost connection.
[2018/1/16 - 12:47:39] Calvin Equinox has logged out.
[2018/1/16 - 12:49:22] Calvin Equinox has logged out.
[2018/1/16 - 12:59:07] Verna Jhane has logged out.
[2018/1/16 - 13:01:32] Calvin Equinox has logged out.
[2018/1/16 - 13:05:13] Sam Richman has logged out.
[2018/1/16 - 13:28:03] Lieutenant Calvin Equinox has lost connection.
[2018/1/16 - 13:39:46] Calvin Equinox has logged out.
[2018/1/16 - 13:40:45] Nuestro General Tanner Gucci Cobra (1000624967) (rank 6) has given Calvin Equinox (1000475200) rank 6 (Nuestro General) in La N
[2018/1/16 - 13:42:40] Verna Jhane has logged out.
[2018/1/16 - 13:45:05] Nuestro General Tanner Gucci Cobra has lost connection.
[2018/1/16 - 13:45:25] Lieutenant Cateleyto Mathisano has lost connection.
[2018/1/16 - 13:47:41] Tanner Gucci Cobra has authorized Verna Jhane to withdraw a Desert Eagle from the weapon locker (Cost: 5)
[2018/1/16 - 13:50:14] Soldado Chris Chanox has lost connection.
[2018/1/16 - 13:51:42] Chris Chanox has logged out.
[2018/1/16 - 13:54:38] Tanner Gucci Cobra has authorized Zach Wolf to withdraw a Desert Eagle from the weapon locker (Cost: 5)
[2018/1/16 - 13:54:39] Tanner Gucci Cobra has authorized Ryan Richman to withdraw a AK-47 from the weapon locker (Cost: 15)
[2018/1/16 - 13:55:25] Sam Richman has logged out.
[2018/1/16 - 13:59:24] Sam Richman has logged out.
[2018/1/16 - 14:00:35] Calvin Equinox has withdrawn a Desert Eagle from the weapon locker (Cost: 5)
[2018/1/16 - 14:00:43] Tanner Gucci Cobra has authorized Zach Wolf to withdraw a Desert Eagle from the weapon locker (Cost: 5)
[2018/1/16 - 14:00:58] Calvin Equinox has withdrawn a Desert Eagle from the weapon locker (Cost: 5)
[2018/1/16 - 14:01:38] Tanner Gucci Cobra has withdrawn a Desert Eagle from the weapon locker (Cost: 5)
[2018/1/16 - 14:01:44] Tanner Gucci Cobra has authorized Verna Jhane to withdraw a Desert Eagle from the weapon locker (Cost: 5)
[2018/1/16 - 14:03:08] Tanner Gucci Cobra has authorized Chris Chanox to withdraw a Desert Eagle from the weapon locker (Cost: 5)
[2018/1/16 - 14:03:11] Tanner Gucci Cobra has authorized Sean Frederick to withdraw a Desert Eagle from the weapon locker (Cost: 5)
[2018/1/16 - 14:03:23] Soldado Verna Jhane has lost connection.
[2018/1/16 - 14:05:52] Chris Chanox has logged out.
[2018/1/16 - 14:09:22] Nuestro General Tanner Gucci Cobra (1000624967) (rank 6) has uninvited Joanne Saironim (1000626583) (rank 0) from La Nuestra Fa
[2018/1/16 - 14:14:55] Hachi Kush has logged out.
[2018/1/16 - 14:15:40] Recruit Ryan Richman has lost connection.
[2018/1/16 - 14:16:59] Soldado Chris Chanox has lost connection.
[2018/1/16 - 14:19:47] Nuestro General Calvin Equinox has lost connection.
[2018/1/16 - 14:20:02] Hachi Kush has logged out.
[2018/1/16 - 14:20:39] Calvin Equinox has logged out.
[2018/1/16 - 14:21:46] Calvin Equinox has logged out.
[2018/1/16 - 14:21:58] Sam Richman has logged out.
[2018/1/16 - 14:23:00] Calvin Equinox has logged out.
[2018/1/16 - 14:23:09] Tanner Gucci Cobra has authorized Zach Wolf to withdraw a Desert Eagle from the weapon locker (Cost: 5)
[2018/1/16 - 14:24:41] Nuestro General Calvin Equinox has lost connection.
[2018/1/16 - 14:27:33] Nuestro General Tanner Gucci Cobra (1000624967) (rank 6) has given Chris Chanox (1000625220) rank 3 (Sergeant) in La Nuestra Fa
[2018/1/16 - 14:28:21] Calvin Equinox has withdrawn a Desert Eagle from the weapon locker (Cost: 5)
[2018/1/16 - 14:28:39] Tanner Gucci Cobra has authorized Calvin Equinox to withdraw a SPAS-12 from the weapon locker (Cost: 30)
[2018/1/16 - 14:30:36] Hachi Kush has logged out.
[2018/1/16 - 14:30:49] Nuestro General Calvin Equinox has lost connection.
[2018/1/16 - 14:32:07] Verna Jhane has logged out.
[2018/1/16 - 14:32:42] Tanner Gucci Cobra has authorized Chris Chanox to withdraw a AK-47 from the weapon locker (Cost: 15)
[2018/1/16 - 14:32:45] Tanner Gucci Cobra has authorized Sam Richman to withdraw a Desert Eagle from the weapon locker (Cost: 5)
[2018/1/16 - 14:32:57] Tanner Gucci Cobra has authorized Zach Wolf to withdraw a AK-47 from the weapon locker (Cost: 15)
[2018/1/16 - 14:34:06] Tanner Gucci Cobra has authorized Cateleyto Mathisano to withdraw a M4A1 from the weapon locker (Cost: 20)
[2018/1/16 - 14:40:02] Tanner Gucci Cobra has authorized Zach Wolf to withdraw a Desert Eagle from the weapon locker (Cost: 5)
[2018/1/16 - 14:41:06] Tanner Gucci Cobra has authorized Zach Wolf to withdraw a AK-47 from the weapon locker (Cost: 15)
[2018/1/16 - 14:41:38] Gather Wooth (1000627042) accepted Nuestro General Tanner Gucci Cobra's (1000624967) invite to join La Nuestra Familia (32).
[2018/1/16 - 14:43:05] Lieutenant Sean Frederick has lost connection.
[2018/1/16 - 14:45:39] Tanner Gucci Cobra has logged out.
[2018/1/16 - 14:47:58] Calvin Equinox has withdrawn a Desert Eagle from the weapon locker (Cost: 5)
[2018/1/16 - 14:49:25] Calvin Equinox has withdrawn a Desert Eagle from the weapon locker (Cost: 5)
[2018/1/16 - 14:50:39] Calvin Equinox has withdrawn a Desert Eagle from the weapon locker (Cost: 5)
[2018/1/16 - 14:51:28] Calvin Equinox has withdrawn a Desert Eagle from the weapon locker (Cost: 5)
[2018/1/16 - 14:53:13] Chester Speed has withdrawn $220,000 from the safe.
[2018/1/16 - 14:53:44] Chester Speed has withdrawn a Desert Eagle from the weapon locker (Cost: 5)
[2018/1/16 - 14:53:50] Chester Speed has authorized Chris Chanox to withdraw a AK-47 from the weapon locker (Cost: 15)
[2018/1/16 - 14:54:38] Chester Speed has authorized Cateleyto Mathisano to withdraw a Desert Eagle from the weapon locker (Cost: 5)
[2018/1/16 - 14:56:16] Kevin Macfora (1000627330) accepted La Mesa Chester Speed's (1000329770) invite to join La Nuestra Familia (32).
[2018/1/16 - 14:56:59] Avery Mengo (1000582638) accepted La Mesa Chester Speed's (1000329770) invite to join La Nuestra Familia (32).
[2018/1/16 - 14:57:10] La Mesa Chester Speed (1000329770) (rank 7) has given Avery Mengo (1000582638) rank 3 (Sergeant) in La Nuestra Familia (32).
[2018/1/16 - 14:57:41] Chester Speed has authorized Cateleyto Mathisano to withdraw a AK-47 from the weapon locker (Cost: 15)
[2018/1/16 - 15:01:37] La Mesa Chester Speed (1000329770) (rank 7) has given Kevin Macfora (1000627330) rank 1 (Associate) in La Nuestra Familia (32).
[2018/1/16 - 15:03:34] Chester Speed has authorized Cateleyto Mathisano to withdraw a Desert Eagle from the weapon locker (Cost: 5)
[2018/1/16 - 15:03:44] Soldado Zach Wolf has lost connection.
[2018/1/16 - 15:03:47] Avery Mengo (1000582638) has quit the La Nuestra Familia as a rank 3
[2018/1/16 - 15:03:51] Sam Richman has logged out.
[2018/1/16 - 15:04:52] Chris Chanox has logged out.
[2018/1/16 - 15:07:07] Calvin Equinox has withdrawn a Desert Eagle from the weapon locker (Cost: 5)
[2018/1/16 - 15:09:03] Sudais Sy (1000625916) accepted La Mesa Chester Speed's (1000329770) invite to join La Nuestra Familia (32).
[2018/1/16 - 15:09:50] Calvin Equinox has withdrawn a Desert Eagle from the weapon locker (Cost: 5)
[2018/1/16 - 15:10:01] Calvin Equinox has withdrawn a Desert Eagle from the weapon locker (Cost: 5)
[2018/1/16 - 15:10:12] Calvin Equinox has withdrawn a Desert Eagle from the weapon locker (Cost: 5)
[2018/1/16 - 15:12:42] Chester Speed has withdrawn a Desert Eagle from the weapon locker (Cost: 5)
[2018/1/16 - 15:12:44] Chester Speed has withdrawn a AK-47 from the weapon locker (Cost: 15)
[2018/1/16 - 15:12:52] Chester Speed has deposited a AK-47 into the locker.
[2018/1/16 - 15:13:06] Chester Speed has withdrawn a Sniper Rifle from the weapon locker (Cost: 40)
[2018/1/16 - 15:13:11] Chester Speed has withdrawn a AK-47 from the weapon locker (Cost: 15)
[2018/1/16 - 15:13:25] Chester Speed has authorized Calvin Equinox to withdraw a SPAS-12 from the weapon locker (Cost: 30)
[2018/1/16 - 15:14:56] Lieutenant Cateleyto Mathisano has lost connection.
[2018/1/16 - 15:19:36] Calvin Equinox has logged out.
[2018/1/16 - 15:33:00] Gather Wooth has logged out.
[2018/1/16 - 15:33:29] Hachi Kush has logged out.
[2018/1/16 - 15:42:32] Sudais Sy has logged out.
[2018/1/16 - 15:45:59] Gather Wooth has logged out.
[2018/1/16 - 15:48:05] Chester Speed has logged out.
[2018/1/16 - 15:52:30] Kevin Macfora has logged out.
[2018/1/16 - 15:53:49] Gather Wooth has logged out.
[2018/1/16 - 16:36:10] Mathew Martino has logged out.
[2018/1/16 - 16:54:12] Ryan Richman has logged out.
[2018/1/16 - 17:22:53] Gather Wooth has logged out.
[2018/1/16 - 17:28:48] Nuestro General Tanner Gucci Cobra (1000624967) (rank 6) has given Mathew Martino (17684) rank 2 (Soldado) in La Nuestra Famili
[2018/1/16 - 17:40:42] Tanner Gucci Cobra has logged out.
[2018/1/16 - 17:49:54] Mathew Martino has logged out.
[2018/1/16 - 18:33:45] Chester Speed has withdrawn $70,000 from the safe.
[2018/1/16 - 18:33:50] Chester Speed has deposited a Sniper Rifle into the locker.
[2018/1/16 - 18:33:51] Chester Speed has deposited a AK-47 into the locker.
[2018/1/16 - 18:33:53] Chester Speed has withdrawn a Desert Eagle from the weapon locker (Cost: 5)
[2018/1/16 - 18:38:35] Chester Speed has logged out.
[2018/1/16 - 18:39:47] Chester Speed has authorized Gather Wooth to withdraw a Desert Eagle from the weapon locker (Cost: 5)
[2018/1/16 - 18:42:48] Robben Martino (138222) accepted Nuestro General Tanner Gucci Cobra's (1000624967) invite to join La Nuestra Familia (32).
[2018/1/16 - 18:42:50] Nuestro General Tanner Gucci Cobra (1000624967) (rank 6) has given Robben Martino (138222) rank 3 (Sergeant) in La Nuestra Fami
[2018/1/16 - 18:43:05] Nuestro General Tanner Gucci Cobra (1000624967) has set Robben Martino's (138222) division to Extranos in La Nuestra Familia (3
[2018/1/16 - 18:44:57] Recruit Gather Wooth has lost connection.
[2018/1/16 - 18:54:37] Tanner Gucci Cobra has authorized Gather Wooth to withdraw a Desert Eagle from the weapon locker (Cost: 5)
[2018/1/16 - 19:02:56] Sergeant Sung Grimm has lost connection.
[2018/1/16 - 19:06:11] Stifler Gucci Cobra has authorized Sung Grimm to withdraw a Desert Eagle from the weapon locker (Cost: 5)
[2018/1/16 - 19:08:14] Stifler Gucci Cobra has authorized Sung Grimm to withdraw a AK-47 from the weapon locker (Cost: 15)
[2018/1/16 - 19:08:36] Sung Grimm has logged out.
[2018/1/16 - 19:11:31] Sung Grimm has deposited a AK-47 into the locker.
[2018/1/16 - 19:13:18] Stifler Gucci Cobra has withdrawn a SPAS-12 from the weapon locker (Cost: 30)
[2018/1/16 - 19:13:43] Stifler Gucci Cobra has withdrawn a SPAS-12 from the weapon locker (Cost: 30)
[2018/1/16 - 19:14:13] Stifler Gucci Cobra has authorized Gather Wooth to withdraw a Desert Eagle from the weapon locker (Cost: 5)
[2018/1/16 - 19:16:25] Stifler Gucci Cobra has authorized Gather Wooth to withdraw a Rifle from the weapon locker (Cost: 5)
[2018/1/16 - 19:17:16] Chester Speed has withdrawn a Desert Eagle from the weapon locker (Cost: 5)
[2018/1/16 - 19:17:18] Chester Speed has withdrawn a Sniper Rifle from the weapon locker (Cost: 40)
[2018/1/16 - 19:20:29] Chester Speed has logged out.
[2018/1/16 - 19:21:29] Sung Grimm has logged out.
[2018/1/16 - 19:22:33] Mathew Martino has logged out.
[2018/1/16 - 19:24:34] Stifler Gucci Cobra has authorized Sung Grimm to withdraw a SPAS-12 from the weapon locker (Cost: 30)
[2018/1/16 - 19:24:54] La Mesa Stifler Gucci Cobra (1000531316) (rank 7) has given Sung Grimm (1000624816) rank 6 (Nuestro General) in La Nuestra Fami
[2018/1/16 - 19:24:58] Stifler Gucci Cobra has logged out.
[2018/1/16 - 19:25:00] Sung Grimm has withdrawn a Desert Eagle from the weapon locker (Cost: 5)
[2018/1/16 - 19:26:26] Lieutenant Wyatt Thorne has lost connection.
[2018/1/16 - 19:26:41] Robben Martino has logged out.
[2018/1/16 - 19:33:11] Lieutenant Wyatt Thorne has lost connection.
[2018/1/16 - 19:51:50] Nuestro General Sung Grimm has lost connection.
[2018/1/16 - 19:59:51] Nuestro General Tanner Gucci Cobra has lost connection.
[2018/1/16 - 20:05:32] Wyatt Thorne has logged out.
[2018/1/16 - 20:11:22] Gather Wooth has logged out.
[2018/1/16 - 20:12:21] Gather Wooth (1000627042) has quit the La Nuestra Familia as a rank 0
[2018/1/16 - 20:28:35] Wyatt Thorne has logged out.
[2018/1/16 - 21:48:28] Chester Speed has logged out.
[2018/1/16 - 22:39:48] Mesuiq Bartender has logged out.
[2018/1/16 - 22:47:04] Recruit Hachi Kush has lost connection.
[2018/1/16 - 22:49:07] Hachi Kush (1000222190) has quit the La Nuestra Familia as a rank 0
[2018/1/16 - 23:13:35] Robben Martino has logged out.
[2018/1/16 - 23:17:02] Wyatt Thorne has logged out.
[2018/1/16 - 23:20:28] Lieutenant Wyatt Thorne has lost connection.
[2018/1/16 - 23:24:41] Wyatt Thorne has logged out.
[2018/1/16 - 23:32:01] Wyatt Thorne has logged out.
[2018/1/16 - 23:35:50] Tanner Gucci Cobra has logged out.
