[2018/1/18 - 3:16:22] Soldado Kevin Macfora has lost connection.
[2018/1/18 - 3:17:51] Ryan Richman has logged out.
[2018/1/18 - 5:51:19] Recruit Ryan Richman has lost connection.
[2018/1/18 - 6:02:20] Recruit Srim Mirs has lost connection.
[2018/1/18 - 6:30:32] Srim Mirs has logged out.
[2018/1/18 - 6:35:36] Calvin Equinox has logged out.
[2018/1/18 - 6:35:52] Srim Mirs has logged out.
[2018/1/18 - 6:53:21] Calvin Equinox has logged out.
[2018/1/18 - 6:59:04] Soldado Sam Richman has lost connection.
[2018/1/18 - 7:03:35] Soldado Sam Richman has lost connection.
[2018/1/18 - 7:07:15] Soldado Sam Richman has lost connection.
[2018/1/18 - 7:10:31] Soldado Sam Richman has lost connection.
[2018/1/18 - 7:29:38] Srim Mirs has logged out.
[2018/1/18 - 7:30:16] Kobe Bieber (1000626851) has quit the La Nuestra Familia as a rank 2
[2018/1/18 - 9:09:24] Ryan Richman has logged out.
[2018/1/18 - 9:15:42] Steve Chasin has logged out.
[2018/1/18 - 10:11:01] Lieutenant Steve Chasin has lost connection.
[2018/1/18 - 10:17:44] Captain Ilay Gucci Cobra has lost connection.
[2018/1/18 - 10:34:14] Mike Tyga has logged out.
[2018/1/18 - 10:34:43] Steve Chasin has logged out.
[2018/1/18 - 10:39:48] Mike Tyga has logged out.
[2018/1/18 - 10:41:55] Mike Tyga has logged out.
[2018/1/18 - 11:03:31] Lorenzo Blevis has logged out.
[2018/1/18 - 11:08:38] Calvin Gucci Cobra has logged out.
[2018/1/18 - 11:19:34] Lieutenant Steve Chasin has lost connection.
[2018/1/18 - 11:40:11] Lieutenant Steve Chasin has lost connection.
[2018/1/18 - 11:52:26] Recruit Ryan Richman has lost connection.
[2018/1/18 - 12:18:37] Verna Jhane (1000625508) accepted Nuestro General Tanner Gucci Cobra's (1000624967) invite to join La Nuestra Familia (32).
[2018/1/18 - 12:18:38] Nuestro General Tanner Gucci Cobra (1000624967) (rank 6) has given Verna Jhane (1000625508) rank 2 (Soldado) in La Nuestra Fami
[2018/1/18 - 12:21:49] Tanner Gucci Cobra has authorized Steve Chasin to withdraw a SPAS-12 from the weapon locker (Cost: 30)
[2018/1/18 - 12:21:52] Calvin Gucci Cobra has withdrawn a SPAS-12 from the weapon locker (Cost: 30)
[2018/1/18 - 12:22:05] Tanner Gucci Cobra has authorized Verna Jhane to withdraw a SPAS-12 from the weapon locker (Cost: 30)
[2018/1/18 - 12:23:08] Eugene Dagsa has logged out.
[2018/1/18 - 12:23:24] Tanner Gucci Cobra has withdrawn a Desert Eagle from the weapon locker (Cost: 5)
[2018/1/18 - 12:23:49] Tanner Gucci Cobra has withdrawn a Desert Eagle from the weapon locker (Cost: 5)
[2018/1/18 - 12:25:06] Tanner Gucci Cobra has authorized Ilay Gucci Cobra to withdraw a Shotgun from the weapon locker (Cost: 3)
[2018/1/18 - 12:36:14] Nuestro General Calvin Gucci Cobra has lost connection.
[2018/1/18 - 12:37:52] Nuestro General Tanner Gucci Cobra (1000624967) (rank 6) has given Verna Jhane (1000625508) rank 3 (Sergeant) in La Nuestra Fam
[2018/1/18 - 12:38:48] Charlie Totskie has logged out.
[2018/1/18 - 12:39:00] Tanner Gucci Cobra has authorized Zach Wolf to withdraw a Desert Eagle from the weapon locker (Cost: 5)
[2018/1/18 - 12:39:12] Eugene Dagsa has logged out.
[2018/1/18 - 12:43:11] Verna Jhane has logged out.
[2018/1/18 - 12:49:50] Harvey Beaks (1000627513) accepted Nuestro General Tanner Gucci Cobra's (1000624967) invite to join La Nuestra Familia (32).
[2018/1/18 - 12:50:22] Heaven Kurat (1000627504) accepted Nuestro General Tanner Gucci Cobra's (1000624967) invite to join La Nuestra Familia (32).
[2018/1/18 - 12:50:44] Tanner Gucci Cobra has authorized Harvey Beaks to withdraw a Desert Eagle from the weapon locker (Cost: 5)
[2018/1/18 - 12:52:18] Tanner Gucci Cobra has authorized Harvey Beaks to withdraw a AK-47 from the weapon locker (Cost: 15)
[2018/1/18 - 12:54:27] Nuestro General Tanner Gucci Cobra (1000624967) (rank 6) has given Kyle Blevis (1000624910) rank 4 (Lieutenant) in La Nuestra F
[2018/1/18 - 12:56:29] Tanner Gucci Cobra has withdrawn a SPAS-12 from the weapon locker (Cost: 30)
[2018/1/18 - 13:01:44] Kyle Blevis has logged out.
[2018/1/18 - 13:06:31] Steve Chasin has logged out.
[2018/1/18 - 13:08:37] Tanner Gucci Cobra has authorized Idan Cobra to withdraw a AK-47 from the weapon locker (Cost: 15)
[2018/1/18 - 13:11:52] Zach Wolf has logged out.
[2018/1/18 - 13:16:17] Tanner Gucci Cobra has authorized Kyle Blevis to withdraw a Desert Eagle from the weapon locker (Cost: 5)
[2018/1/18 - 13:18:00] Tanner Gucci Cobra has authorized Zach Wolf to withdraw a Desert Eagle from the weapon locker (Cost: 5)
[2018/1/18 - 13:18:02] Tanner Gucci Cobra has authorized Heaven Kurat to withdraw a Desert Eagle from the weapon locker (Cost: 5)
[2018/1/18 - 13:19:53] Harvey Beaks has logged out.
[2018/1/18 - 13:20:05] Soldado Sam Richman has lost connection.
[2018/1/18 - 13:23:07] Calvin Gucci Cobra has withdrawn a SPAS-12 from the weapon locker (Cost: 30)
[2018/1/18 - 13:23:08] Tanner Gucci Cobra has withdrawn a SPAS-12 from the weapon locker (Cost: 30)
[2018/1/18 - 13:24:59] Tanner Gucci Cobra has authorized Verna Jhane to withdraw a AK-47 from the weapon locker (Cost: 15)
[2018/1/18 - 13:25:12] Tanner Gucci Cobra has authorized Zach Wolf to withdraw a AK-47 from the weapon locker (Cost: 15)
[2018/1/18 - 13:26:43] Captain Ilay Gucci Cobra has lost connection.
[2018/1/18 - 13:27:56] Ryan Richman has logged out.
[2018/1/18 - 13:28:10] Calvin Gucci Cobra has withdrawn a SPAS-12 from the weapon locker (Cost: 30)
[2018/1/18 - 13:28:40] Calvin Gucci Cobra has withdrawn a SPAS-12 from the weapon locker (Cost: 30)
[2018/1/18 - 13:32:01] Calvin Gucci Cobra has withdrawn a SPAS-12 from the weapon locker (Cost: 30)
[2018/1/18 - 13:39:08] Recruit Heaven Kurat has lost connection.
[2018/1/18 - 13:40:05] Tanner Gucci Cobra has logged out.
[2018/1/18 - 13:40:24] Sung Saito Maddox has withdrawn a Desert Eagle from the weapon locker (Cost: 5)
[2018/1/18 - 13:41:45] Idan Cobra has logged out.
[2018/1/18 - 13:48:10] Calvin Gucci Cobra has withdrawn a SPAS-12 from the weapon locker (Cost: 30)
[2018/1/18 - 13:48:12] Calvin Gucci Cobra has withdrawn a Desert Eagle from the weapon locker (Cost: 5)
[2018/1/18 - 13:48:31] Calvin Gucci Cobra has withdrawn a Desert Eagle from the weapon locker (Cost: 5)
[2018/1/18 - 13:52:37] Sung Saito Maddox has withdrawn a SPAS-12 from the weapon locker (Cost: 30)
[2018/1/18 - 13:53:41] Sung Saito Maddox has withdrawn a M4A1 from the weapon locker (Cost: 20)
[2018/1/18 - 13:59:10] Sung Saito Maddox has withdrawn a Desert Eagle from the weapon locker (Cost: 5)
[2018/1/18 - 13:59:35] Sung Saito Maddox has withdrawn a Desert Eagle from the weapon locker (Cost: 5)
[2018/1/18 - 14:08:20] Recruit Heaven Kurat has lost connection.
[2018/1/18 - 14:09:11] Calvin Gucci Cobra has logged out.
[2018/1/18 - 14:11:19] Sung Saito Maddox has logged out.
[2018/1/18 - 14:12:57] Stifler Gucci Cobra has withdrawn $400,000 from the safe.
[2018/1/18 - 14:13:03] Stifler Gucci Cobra has withdrawn 66000 materials from the safe.
[2018/1/18 - 14:13:57] Recruit Heaven Kurat has lost connection.
[2018/1/18 - 14:15:23] Calvin Gucci Cobra has withdrawn a SPAS-12 from the weapon locker (Cost: 30)
[2018/1/18 - 14:15:33] Stifler Gucci Cobra has authorized Steve Chasin to withdraw a SPAS-12 from the weapon locker (Cost: 30)
[2018/1/18 - 14:18:16] Verna Jhane has logged out.
[2018/1/18 - 14:20:13] Stifler Gucci Cobra has authorized Heaven Kurat to withdraw a Desert Eagle from the weapon locker (Cost: 5)
[2018/1/18 - 14:22:07] Stifler Gucci Cobra has withdrawn a Desert Eagle from the weapon locker (Cost: 5)
[2018/1/18 - 14:22:08] Stifler Gucci Cobra has withdrawn a Sniper Rifle from the weapon locker (Cost: 40)
[2018/1/18 - 14:22:09] Stifler Gucci Cobra has withdrawn a SPAS-12 from the weapon locker (Cost: 30)
[2018/1/18 - 14:22:10] Sam Richman has logged out.
[2018/1/18 - 14:22:58] Stifler Gucci Cobra has authorized Zach Wolf to withdraw a Desert Eagle from the weapon locker (Cost: 5)
[2018/1/18 - 14:22:59] Stifler Gucci Cobra has authorized Steve Chasin to withdraw a Desert Eagle from the weapon locker (Cost: 5)
[2018/1/18 - 14:24:57] Stifler Gucci Cobra has authorized Ilay Gucci Cobra to withdraw a SPAS-12 from the weapon locker (Cost: 30)
[2018/1/18 - 14:27:39] Calvin Gucci Cobra has logged out.
[2018/1/18 - 14:27:55] Kyle Blevis has logged out.
[2018/1/18 - 14:29:45] Heaven Kurat has logged out.
[2018/1/18 - 14:30:39] Recruit Charlie Totskie has lost connection.
[2018/1/18 - 14:33:27] Stifler Gucci Cobra has withdrawn a Desert Eagle from the weapon locker (Cost: 5)
[2018/1/18 - 14:33:28] Stifler Gucci Cobra has withdrawn a SPAS-12 from the weapon locker (Cost: 30)
[2018/1/18 - 14:33:28] Stifler Gucci Cobra has withdrawn a Sniper Rifle from the weapon locker (Cost: 40)
[2018/1/18 - 14:38:06] Bryant Maxis (1000627507) accepted La Mesa Stifler Gucci Cobra's (1000531316) invite to join La Nuestra Familia (32).
[2018/1/18 - 14:42:03] Hachiro H Fukuda (1000626831) accepted La Mesa Stifler Gucci Cobra's (1000531316) invite to join La Nuestra Familia (32).
[2018/1/18 - 14:42:22] Sam Richman has logged out.
[2018/1/18 - 14:42:29] Stifler Gucci Cobra has authorized Heaven Kurat to withdraw a Desert Eagle from the weapon locker (Cost: 5)
[2018/1/18 - 14:47:43] Sergeant Zach Wolf has lost connection.
[2018/1/18 - 14:49:18] Kyle Blevis has logged out.
[2018/1/18 - 14:49:31] Recruit Bryant Maxis has lost connection.
[2018/1/18 - 14:49:38] Stifler Gucci Cobra has authorized Zach Wolf to withdraw a Desert Eagle from the weapon locker (Cost: 5)
[2018/1/18 - 14:52:39] Stifler Gucci Cobra has authorized Wiz Gucci Cobra to withdraw a Desert Eagle from the weapon locker (Cost: 5)
[2018/1/18 - 14:54:01] Stifler Gucci Cobra has withdrawn 80 grams of Ecstasy from the safe.
[2018/1/18 - 15:04:52] Stifler Gucci Cobra has logged out.
[2018/1/18 - 15:07:23] Zach Wolf has logged out.
[2018/1/18 - 15:07:32] Heaven Kurat has logged out.
[2018/1/18 - 15:07:42] Ryan Richman has logged out.
[2018/1/18 - 15:07:47] Chester Speed has withdrawn a M4A1 from the weapon locker (Cost: 20)
[2018/1/18 - 15:07:52] Chester Speed has withdrawn a Sniper Rifle from the weapon locker (Cost: 40)
[2018/1/18 - 15:08:15] Steve Chasin has logged out.
[2018/1/18 - 15:09:59] Chester Speed has set Desert Eagle weapon restriction from rank 6+ to 7.
[2018/1/18 - 15:10:05] Chester Speed has set Desert Eagle weapon restriction from rank 7+ to 6.
[2018/1/18 - 15:10:36] Floresian Speed (10661) accepted La Mesa Chester Speed's (1000329770) invite to join La Nuestra Familia (32).
[2018/1/18 - 15:11:07] Charlie Totskie has logged out.
[2018/1/18 - 15:11:33] Floresian Speed (10661) has quit the La Nuestra Familia as a rank 0
[2018/1/18 - 15:16:30] Wiz Gucci Cobra has logged out.
[2018/1/18 - 15:18:32] Captain Ilay Gucci Cobra has lost connection.
[2018/1/18 - 15:18:52] Chester Speed has withdrawn a Desert Eagle from the weapon locker (Cost: 5)
[2018/1/18 - 15:31:23] La Mesa Chester Speed (1000329770) (rank 7) has given Sung Saito Maddox (1000624816) rank 4 (Lieutenant) in La Nuestra Familia 
[2018/1/18 - 15:33:19] Stifler Gucci Cobra has authorized Sung Saito Maddox to withdraw a Desert Eagle from the weapon locker (Cost: 5)
[2018/1/18 - 15:34:09] Stifler Gucci Cobra has logged out.
[2018/1/18 - 15:35:23] La Mesa Chester Speed (1000329770) (rank 7) has given Sung Saito Maddox (1000624816) rank 5 (Captain) in La Nuestra Familia (32
[2018/1/18 - 15:36:23] Bryant Maxis has logged out.
[2018/1/18 - 15:39:21] Pahad Cobra (1000627493) accepted La Mesa Chester Speed's (1000329770) invite to join La Nuestra Familia (32).
[2018/1/18 - 15:39:33] La Mesa Chester Speed (1000329770) (rank 7) has given Pahad Cobra (1000627493) rank 7 (La Mesa) in La Nuestra Familia (32).
[2018/1/18 - 15:39:49] La Mesa Chester Speed (1000329770) (rank 7) has given Pahad Cobra (1000627493) rank 1 (Associate) in La Nuestra Familia (32).
[2018/1/18 - 15:40:21] La Mesa Chester Speed (1000329770) (rank 7) has given Pahad Cobra (1000627493) rank 0 (Recruit) in La Nuestra Familia (32).
[2018/1/18 - 15:45:52] Pahad Cobra has logged out.
[2018/1/18 - 15:46:06] Sung Saito Maddox (1000624816) has quit the La Nuestra Familia as a rank 5
[2018/1/18 - 15:46:23] Sung Saito Maddox (1000624816) accepted La Mesa Chester Speed's (1000329770) invite to join La Nuestra Familia (32).
[2018/1/18 - 15:46:41] Chester Speed has withdrawn a Desert Eagle from the weapon locker (Cost: 5)
[2018/1/18 - 15:46:46] Chester Speed has withdrawn $20,000 from the safe.
[2018/1/18 - 15:46:50] Chester Speed has withdrawn 14000 materials from the safe.
[2018/1/18 - 15:49:16] La Mesa Chester Speed (1000329770) (rank 7) has given Sung Saito Maddox (1000624816) rank 5 (Captain) in La Nuestra Familia (32
[2018/1/18 - 15:50:30] Ilay Gucci Cobra has logged out.
[2018/1/18 - 15:55:53] Captain Sung Saito Maddox has lost connection.
[2018/1/18 - 15:55:59] Recruit Wiz Gucci Cobra has lost connection.
[2018/1/18 - 15:57:57] Sung Saito Maddox (1000624816) has quit the La Nuestra Familia as a rank 5
[2018/1/18 - 15:58:53] Recruit Wiz Gucci Cobra has lost connection.
[2018/1/18 - 16:00:31] Recruit Wiz Gucci Cobra has lost connection.
[2018/1/18 - 16:06:11] Captain Ilay Gucci Cobra has lost connection.
[2018/1/18 - 16:15:39] Ryan Richman has logged out.
[2018/1/18 - 16:25:19] Ryan Richman has logged out.
[2018/1/18 - 16:35:13] Recruit Wiz Gucci Cobra has lost connection.
[2018/1/18 - 16:44:48] Chester Speed has logged out.
[2018/1/18 - 16:45:50] Wiz Gucci Cobra has logged out.
[2018/1/18 - 16:54:03] Sharlene Rizal has logged out.
[2018/1/18 - 17:13:48] Ilay Gucci Cobra has logged out.
[2018/1/18 - 17:14:00] Mathew Martino has logged out.
[2018/1/18 - 17:45:29] Ilay Gucci Cobra has logged out.
[2018/1/18 - 17:47:26] Ilay Gucci Cobra has logged out.
[2018/1/18 - 17:54:48] Ilay Gucci Cobra has logged out.
[2018/1/18 - 17:55:58] Ilay Gucci Cobra has logged out.
[2018/1/18 - 17:59:53] Daike Chihiro (1000521511) accepted Nuestro General Tanner Gucci Cobra's (1000624967) invite to join La Nuestra Familia (32).
[2018/1/18 - 17:59:54] Nuestro General Tanner Gucci Cobra (1000624967) (rank 6) has given Daike Chihiro (1000521511) rank 2 (Soldado) in La Nuestra Fa
[2018/1/18 - 18:00:41] Nuestro General Tanner Gucci Cobra (1000624967) has set Daike Chihiro's (1000521511) division to Extranos in La Nuestra Familia
[2018/1/18 - 18:04:16] Tanner Gucci Cobra has authorized Daike Chihiro to withdraw a Desert Eagle from the weapon locker (Cost: 5)
[2018/1/18 - 18:04:40] Tantan Ferarris (1000627545) accepted Nuestro General Tanner Gucci Cobra's (1000624967) invite to join La Nuestra Familia (32).
[2018/1/18 - 18:45:02] Recruit Sharlene Rizal has lost connection.
[2018/1/18 - 18:45:02] Soldado Daike Chihiro has lost connection.
[2018/1/18 - 18:45:02] Recruit Tantan Ferarris has lost connection.
[2018/1/18 - 18:50:45] Ilay Gucci Cobra has logged out.
[2018/1/18 - 20:10:16] Sharlene Rizal has logged out.
[2018/1/18 - 20:12:50] Tantan Ferarris has logged out.
[2018/1/18 - 20:14:23] Tanner Gucci Cobra has withdrawn a Desert Eagle from the weapon locker (Cost: 5)
[2018/1/18 - 20:14:25] Tanner Gucci Cobra has withdrawn a SPAS-12 from the weapon locker (Cost: 30)
[2018/1/18 - 20:17:37] Daike Chihiro has logged out.
[2018/1/18 - 20:19:56] Ilay Gucci Cobra has logged out.
[2018/1/18 - 20:58:14] Tanner Gucci Cobra (1000624967) has changed MOTD for Always be on teamspeak , channel password: Inf2k17 , /r Is IC'ly Chat to: 
[2018/1/18 - 20:59:59] Nuestro General Tanner Gucci Cobra has lost connection.
[2018/1/18 - 21:35:03] La Mesa Chester Speed (1000329770) (rank 7) has given Tanner Gucci Cobra (1000624967) rank 0 (Recruit) in La Nuestra Familia (3
[2018/1/18 - 21:35:38] La Mesa Chester Speed (1000329770) (rank 7) has given Tanner Gucci Cobra (1000624967) rank 6 (Nuestro General) in La Nuestra Fa
[2018/1/18 - 21:53:51] Captain Ilay Gucci Cobra has lost connection.
[2018/1/18 - 21:57:12] Chester Speed has logged out.
[2018/1/18 - 22:10:02] Tanner Gucci Cobra has withdrawn a SPAS-12 from the weapon locker (Cost: 30)
[2018/1/18 - 22:23:13] Tanner Gucci Cobra has withdrawn a SPAS-12 from the weapon locker (Cost: 30)
[2018/1/18 - 22:23:45] Tanner Gucci Cobra has deposited a SPAS-12 into the locker.
[2018/1/18 - 22:23:49] Tanner Gucci Cobra has withdrawn a SPAS-12 from the weapon locker (Cost: 30)
[2018/1/18 - 22:25:03] Tanner Gucci Cobra (1000624967) has changed MOTD for WE NEED MORE CRATES , We have no cmats at the moment , do not take spas fo
[2018/1/18 - 22:28:12] Tanner Gucci Cobra (1000624967) has changed MOTD for WE NEED MORE CRATES , We have no cmats at the moment , pls deposit more cr
[2018/1/18 - 22:28:55] Tanner Gucci Cobra (1000624967) has changed MOTD for WE NEED MORE CRATES , We have no cmats at the moment , Please if you can g
[2018/1/18 - 22:29:14] Tanner Gucci Cobra has logged out.
[2018/1/18 - 23:41:57] Tanner Gucci Cobra has logged out.
