[2018/1/13 - 0:10:45] Chester Speed has withdrawn $100,000 from the safe.
[2018/1/13 - 0:36:29] Zackary Bush (1000396063) accepted La Mesa Chester Speed's (1000329770) invite to join La Nuestra Familia (32).
[2018/1/13 - 0:38:57] Thyson Kleinman (1000130640) accepted La Mesa Chester Speed's (1000329770) invite to join La Nuestra Familia (32).
[2018/1/13 - 0:41:34] Thyson Kleinman (1000130640) has quit the La Nuestra Familia as a rank 0
[2018/1/13 - 0:45:22] Zackary Bush (1000396063) has quit the La Nuestra Familia as a rank 0
[2018/1/13 - 0:49:01] Chester Speed has logged out.
[2018/1/13 - 4:07:01] Jack Malix has logged out.
[2018/1/13 - 5:55:38] Mirikato Haruki has logged out.
[2018/1/13 - 6:46:26] Soldado Jack Malix has lost connection.
[2018/1/13 - 6:48:39] Soldado Jack Malix has lost connection.
[2018/1/13 - 6:57:25] Mirikato Haruki has logged out.
[2018/1/13 - 7:06:19] Mirikato Haruki has logged out.
[2018/1/13 - 7:16:22] Mirikato Haruki has logged out.
[2018/1/13 - 7:28:56] Mirikato Haruki has logged out.
[2018/1/13 - 7:32:29] Jack Malix has logged out.
[2018/1/13 - 8:08:49] Jed Ramirez has logged out.
[2018/1/13 - 8:15:34] Mirikato Haruki has logged out.
[2018/1/13 - 8:22:38] Mirikato Haruki has logged out.
[2018/1/13 - 8:35:19] Jack Malix has logged out.
[2018/1/13 - 9:49:28] Mirikato Haruki has logged out.
[2018/1/13 - 10:44:41] Elmar P. Maravilla has logged out.
[2018/1/13 - 10:56:38] Stifler Gucci Cobra has withdrawn $220,000 from the safe.
[2018/1/13 - 11:14:37] Stifler Gucci Cobra (1000531316) has changed MOTD for ALLIES: VAGOS, LRE, RIVALS: NONE, Read the rivalry rules, don'rt fc other
[2018/1/13 - 11:15:40] Stifler Gucci Cobra (1000531316) has changed MOTD for Always be on team speak, channel password: lnf2k17, /r is IC'ly chat, our
[2018/1/13 - 11:16:19] Stifler Gucci Cobra has withdrawn 2 Sniper Rifles from the weapon locker into the transfer crate (Cost: 150)
[2018/1/13 - 11:23:12] Kevin Pusha (1000475200) accepted La Mesa Stifler Gucci Cobra's (1000531316) invite to join La Nuestra Familia (32).
[2018/1/13 - 11:23:19] La Mesa Stifler Gucci Cobra (1000531316) (rank 7) has given Kevin Pusha (1000475200) rank 4 (Lieutenant) in La Nuestra Familia 
[2018/1/13 - 11:25:41] La Mesa Stifler Gucci Cobra (1000531316) has set Kevin Pusha's (1000475200) division to T&R in La Nuestra Familia (32).
[2018/1/13 - 11:25:43] La Mesa Stifler Gucci Cobra (1000531316) has set Kevin Pusha's (1000475200) division to Extranos in La Nuestra Familia (32).
[2018/1/13 - 11:25:43] La Mesa Stifler Gucci Cobra (1000531316) has set Kevin Pusha's (1000475200) division to Nuestra Sicario in La Nuestra Familia (
[2018/1/13 - 11:25:53] La Mesa Stifler Gucci Cobra (1000531316) has set Kevin Pusha's (1000475200) division to Extranos in La Nuestra Familia (32).
[2018/1/13 - 11:27:04] Deither Jiovanni (1000625484) accepted La Mesa Stifler Gucci Cobra's (1000531316) invite to join La Nuestra Familia (32).
[2018/1/13 - 11:30:37] La Mesa Stifler Gucci Cobra (1000531316) (rank 7) has given Deither Jiovanni (1000625484) rank 3 (Sergeant) in La Nuestra Famil
[2018/1/13 - 11:35:54] Stifler Gucci Cobra has authorized Kevin Pusha to withdraw a SPAS-12 from the weapon locker (Cost: 50)
[2018/1/13 - 11:37:39] La Mesa Stifler Gucci Cobra has lost connection.
[2018/1/13 - 11:42:36] Stifler Gucci Cobra has authorized Deither Jiovanni to withdraw a SPAS-12 from the weapon locker (Cost: 50)
[2018/1/13 - 11:42:51] Cateleyto Mathisano (1000624284) accepted La Mesa Stifler Gucci Cobra's (1000531316) invite to join La Nuestra Familia (32).
[2018/1/13 - 11:42:53] La Mesa Stifler Gucci Cobra (1000531316) (rank 7) has given Cateleyto Mathisano (1000624284) rank 3 (Sergeant) in La Nuestra Fa
[2018/1/13 - 11:43:17] La Mesa Stifler Gucci Cobra (1000531316) (rank 7) has given Kevin Pusha (1000475200) rank 5 (Captain) in La Nuestra Familia (32
[2018/1/13 - 11:43:23] Stifler Gucci Cobra has withdrawn a Desert Eagle from the weapon locker (Cost: 5)
[2018/1/13 - 11:43:25] Stifler Gucci Cobra has withdrawn a SPAS-12 from the weapon locker (Cost: 50)
[2018/1/13 - 11:43:48] Stifler Gucci Cobra has withdrawn a Desert Eagle from the weapon locker (Cost: 5)
[2018/1/13 - 11:44:03] Stifler Gucci Cobra has authorized Cateleyto Mathisano to withdraw a Desert Eagle from the weapon locker (Cost: 5)
[2018/1/13 - 11:44:37] Stifler Gucci Cobra has withdrawn a SPAS-12 from the weapon locker (Cost: 50)
[2018/1/13 - 11:45:53] La Mesa Stifler Gucci Cobra (1000531316) (rank 7) has given Deither Jiovanni (1000625484) rank 4 (Lieutenant) in La Nuestra Fam
[2018/1/13 - 11:45:55] La Mesa Stifler Gucci Cobra (1000531316) (rank 7) has given Cateleyto Mathisano (1000624284) rank 4 (Lieutenant) in La Nuestra 
[2018/1/13 - 11:46:16] La Mesa Stifler Gucci Cobra (1000531316) has set Deither Jiovanni's (1000625484) division to Extranos in La Nuestra Familia (32
[2018/1/13 - 11:46:23] La Mesa Stifler Gucci Cobra (1000531316) has set Cateleyto Mathisano's (1000624284) division to Extranos in La Nuestra Familia 
[2018/1/13 - 11:48:20] Sharlene Rizal (1000625150) accepted La Mesa Stifler Gucci Cobra's (1000531316) invite to join La Nuestra Familia (32).
[2018/1/13 - 11:57:31] Stifler Gucci Cobra has authorized Sharlene Rizal to withdraw a Desert Eagle from the weapon locker (Cost: 5)
[2018/1/13 - 12:05:57] Sharlene Rizal has logged out.
[2018/1/13 - 12:09:59] Cateleyto Mathisano has logged out.
[2018/1/13 - 12:15:47] Chester Speed has withdrawn a Desert Eagle from the weapon locker (Cost: 5)
[2018/1/13 - 12:15:51] Chester Speed has withdrawn a AK-47 from the weapon locker (Cost: 25)
[2018/1/13 - 12:16:12] Chester Speed has authorized Jack Malix to withdraw a Desert Eagle from the weapon locker (Cost: 5)
[2018/1/13 - 12:22:05] Chester Speed has logged out.
[2018/1/13 - 12:25:23] Stifler Gucci Cobra has authorized Cateleyto Mathisano to withdraw a Desert Eagle from the weapon locker (Cost: 5)
[2018/1/13 - 12:29:59] Stifler Gucci Cobra has withdrawn a Desert Eagle from the weapon locker (Cost: 5)
[2018/1/13 - 12:30:27] Stifler Gucci Cobra has withdrawn $20,000 from the safe.
[2018/1/13 - 12:30:31] Stifler Gucci Cobra has withdrawn 70 grams of Ecstasy from the safe.
[2018/1/13 - 12:30:36] Stifler Gucci Cobra has withdrawn 70 grams of Meth from the safe.
[2018/1/13 - 12:30:40] Stifler Gucci Cobra has withdrawn 40 grams of Heroin from the safe.
[2018/1/13 - 12:30:53] Tanner Gucci Cobra has withdrawn a Desert Eagle from the weapon locker (Cost: 5)
[2018/1/13 - 12:31:52] Stifler Gucci Cobra has authorized Deither Jiovanni to withdraw a Desert Eagle from the weapon locker (Cost: 5)
[2018/1/13 - 12:34:12] Sergeant Shinobu Tomoharu has lost connection.
[2018/1/13 - 12:35:42] Cateleyto Mathisano has logged out.
[2018/1/13 - 12:37:00] Cateleyto Mathisano has logged out.
[2018/1/13 - 12:37:38] Stifler Gucci Cobra has authorized Deither Jiovanni to withdraw a Desert Eagle from the weapon locker (Cost: 5)
[2018/1/13 - 12:38:31] Lieutenant Cateleyto Mathisano has lost connection.
[2018/1/13 - 12:40:12] La Mesa Stifler Gucci Cobra (1000531316) has set Shinobu Tomoharu's (1000625925) division to High Command in La Nuestra Familia
[2018/1/13 - 12:40:13] La Mesa Stifler Gucci Cobra (1000531316) has set Shinobu Tomoharu's (1000625925) division to Nuestra Sicario in La Nuestra Fami
[2018/1/13 - 12:40:14] Kevin Pusha has logged out.
[2018/1/13 - 12:40:24] Stifler Gucci Cobra has authorized Shinobu Tomoharu to withdraw a Desert Eagle from the weapon locker (Cost: 5)
[2018/1/13 - 12:40:36] Deither Jiovanni has logged out.
[2018/1/13 - 12:41:26] Stifler Gucci Cobra has authorized Shinobu Tomoharu to withdraw a Shotgun from the weapon locker (Cost: 3)
[2018/1/13 - 12:42:13] Stifler Gucci Cobra has withdrawn $5,000 from the safe.
[2018/1/13 - 12:42:15] Stifler Gucci Cobra has withdrawn a Desert Eagle from the weapon locker (Cost: 5)
[2018/1/13 - 12:42:22] Stifler Gucci Cobra has withdrawn 40 grams of Crack from the safe.
[2018/1/13 - 12:44:11] Tanner Gucci Cobra has withdrawn a Desert Eagle from the weapon locker (Cost: 5)
[2018/1/13 - 12:44:47] La Mesa Stifler Gucci Cobra (1000531316) (rank 7) has given Elmar P. Maravilla (1000625918) rank 3 (Sergeant) in La Nuestra Fam
[2018/1/13 - 12:44:59] La Mesa Stifler Gucci Cobra (1000531316) (rank 7) has given Elmar P. Maravilla (1000625918) rank 4 (Lieutenant) in La Nuestra F
[2018/1/13 - 12:46:44] Stifler Gucci Cobra has authorized Elmar P. Maravilla to withdraw a Desert Eagle from the weapon locker (Cost: 5)
[2018/1/13 - 12:46:53] Lamar M Buenoh (146251) accepted La Mesa Chester Speed's (1000329770) invite to join La Nuestra Familia (32).
[2018/1/13 - 12:46:58] La Mesa Chester Speed (1000329770) (rank 7) has given Lamar M Buenoh (146251) rank 3 (Sergeant) in La Nuestra Familia (32).
[2018/1/13 - 12:47:21] Stifler Gucci Cobra has authorized Lamar M Buenoh to withdraw a Desert Eagle from the weapon locker (Cost: 5)
[2018/1/13 - 12:47:26] Chester Speed has withdrawn a Desert Eagle from the weapon locker (Cost: 5)
[2018/1/13 - 12:53:58] Lamar M Buenoh has logged out.
[2018/1/13 - 13:00:40] Sung Grimm (1000624816) accepted La Mesa Chester Speed's (1000329770) invite to join La Nuestra Familia (32).
[2018/1/13 - 13:01:12] La Mesa Chester Speed (1000329770) (rank 7) has given Sung Grimm (1000624816) rank 1 (Associate) in La Nuestra Familia (32).
[2018/1/13 - 13:01:14] La Mesa Chester Speed (1000329770) (rank 7) has given Sung Grimm (1000624816) rank 2 (Soldado) in La Nuestra Familia (32).
[2018/1/13 - 13:04:33] Sean Frederick (1000624316) accepted La Mesa Chester Speed's (1000329770) invite to join La Nuestra Familia (32).
[2018/1/13 - 13:05:20] Stifler Gucci Cobra has withdrawn a Desert Eagle from the weapon locker (Cost: 5)
[2018/1/13 - 13:05:33] La Mesa Stifler Gucci Cobra (1000531316) (rank 7) has given Sean Frederick (1000624316) rank 2 (Soldado) in La Nuestra Familia 
[2018/1/13 - 13:05:36] La Mesa Stifler Gucci Cobra (1000531316) has set Sean Frederick's (1000624316) division to Extranos in La Nuestra Familia (32).
[2018/1/13 - 13:06:12] La Mesa Stifler Gucci Cobra (1000531316) (rank 7) has given Sean Frederick (1000624316) rank 4 (Lieutenant) in La Nuestra Famil
[2018/1/13 - 13:06:22] Stifler Gucci Cobra has authorized Elmar P. Maravilla to withdraw a Desert Eagle from the weapon locker (Cost: 5)
[2018/1/13 - 13:06:24] Stifler Gucci Cobra has authorized Shinobu Tomoharu to withdraw a Shotgun from the weapon locker (Cost: 3)
[2018/1/13 - 13:07:45] Cateleyto Mathisano has logged out.
[2018/1/13 - 13:12:03] La Mesa Chester Speed (1000329770) (rank 7) has given Tanner Gucci Cobra (1000624967) rank 2 (Soldado) in La Nuestra Familia (3
[2018/1/13 - 13:17:48] La Mesa Chester Speed (1000329770) (rank 7) has given Tanner Gucci Cobra (1000624967) rank 6 (Nuestro General) in La Nuestra Fa
[2018/1/13 - 13:19:28] Chester Speed has logged out.
[2018/1/13 - 13:21:44] La Mesa Chester Speed (1000329770) (rank 7) has given Sung Grimm (1000624816) rank 3 (Sergeant) in La Nuestra Familia (32).
[2018/1/13 - 13:22:04] Stifler Gucci Cobra has withdrawn $15,000 from the safe.
[2018/1/13 - 13:22:20] Stifler Gucci Cobra has deposited a Sniper Rifle into the locker.
[2018/1/13 - 13:22:23] Stifler Gucci Cobra has withdrawn a Sniper Rifle from the weapon locker (Cost: 75)
[2018/1/13 - 13:22:37] Stifler Gucci Cobra has deposited a Sniper Rifle into the locker.
[2018/1/13 - 13:22:45] Chester Speed has set Desert Eagle weapon restriction from rank 6+ to 7.
[2018/1/13 - 13:24:19] Chester Speed has authorized Shinobu Tomoharu to withdraw a Shotgun from the weapon locker (Cost: 3)
[2018/1/13 - 13:25:24] Stifler Gucci Cobra has withdrawn a SPAS-12 from the weapon locker (Cost: 50)
[2018/1/13 - 13:25:36] Stifler Gucci Cobra has deposited a SPAS-12 into the locker.
[2018/1/13 - 13:25:41] Stifler Gucci Cobra has withdrawn a SPAS-12 from the weapon locker (Cost: 50)
[2018/1/13 - 13:25:51] Sung Grimm has logged out.
[2018/1/13 - 13:25:59] Stifler Gucci Cobra has deposited a SPAS-12 into the locker.
[2018/1/13 - 13:26:03] Stifler Gucci Cobra has withdrawn a SPAS-12 from the weapon locker (Cost: 50)
[2018/1/13 - 13:26:15] Stifler Gucci Cobra has deposited a SPAS-12 into the locker.
[2018/1/13 - 13:26:21] Chester Speed has withdrawn a SPAS-12 from the weapon locker (Cost: 50)
[2018/1/13 - 13:26:46] Stifler Gucci Cobra has deposited a SPAS-12 into the locker.
[2018/1/13 - 13:26:55] Stifler Gucci Cobra has authorized Elmar P. Maravilla to withdraw a Desert Eagle from the weapon locker (Cost: 5)
[2018/1/13 - 13:26:57] Stifler Gucci Cobra has withdrawn a Desert Eagle from the weapon locker (Cost: 5)
[2018/1/13 - 13:27:01] Stifler Gucci Cobra has authorized Shinobu Tomoharu to withdraw a Desert Eagle from the weapon locker (Cost: 5)
[2018/1/13 - 13:27:36] Don Chelios (1000625235) accepted La Mesa Chester Speed's (1000329770) invite to join La Nuestra Familia (32).
[2018/1/13 - 13:27:48] Stifler Gucci Cobra has withdrawn a Desert Eagle from the weapon locker (Cost: 5)
[2018/1/13 - 13:33:06] La Mesa Chester Speed (1000329770) (rank 7) has given Mirikato Haruki (1000625990) rank 1 (Associate) in La Nuestra Familia (32
[2018/1/13 - 13:39:34] Chester Speed has withdrawn a Desert Eagle from the weapon locker (Cost: 5)
[2018/1/13 - 13:39:55] Chester Speed has authorized Sung Grimm to withdraw a Desert Eagle from the weapon locker (Cost: 5)
[2018/1/13 - 13:42:01] Jack Malix has logged out.
[2018/1/13 - 13:43:02] Sung Grimm has logged out.
[2018/1/13 - 13:44:49] La Mesa Stifler Gucci Cobra has lost connection.
[2018/1/13 - 13:45:31] Chester Speed has authorized Arthur Gucci Cobra to withdraw a Desert Eagle from the weapon locker (Cost: 5)
[2018/1/13 - 13:48:49] Arthur Gucci Cobra has logged out.
[2018/1/13 - 13:49:37] Chester Speed has logged out.
[2018/1/13 - 13:50:06] Elmar P. Maravilla has logged out.
[2018/1/13 - 13:56:26] Lieutenant Deither Jiovanni has lost connection.
[2018/1/13 - 14:04:22] Lieutenant Deither Jiovanni has lost connection.
[2018/1/13 - 14:14:04] Nuestro General Tanner Gucci Cobra has lost connection.
[2018/1/13 - 14:14:21] Lieutenant Elmar P. Maravilla has lost connection.
[2018/1/13 - 14:16:23] Mirikato Haruki has logged out.
[2018/1/13 - 14:18:21] Shinobu Tomoharu has logged out.
[2018/1/13 - 14:28:58] Lucy Shrike has logged out.
[2018/1/13 - 14:31:20] Recruit Don Chelios has lost connection.
[2018/1/13 - 14:31:41] La Mesa Chester Speed (1000329770) (rank 7) has given Jack Malix (1000625233) rank 1 (Associate) in La Nuestra Familia (32).
[2018/1/13 - 14:31:45] La Mesa Chester Speed (1000329770) (rank 7) has given Deither Jiovanni (1000625484) rank 3 (Sergeant) in La Nuestra Familia (32
[2018/1/13 - 14:31:48] La Mesa Chester Speed (1000329770) (rank 7) has given Daniel Martino (1000015036) rank 2 (Soldado) in La Nuestra Familia (32).
[2018/1/13 - 14:31:50] La Mesa Chester Speed (1000329770) (rank 7) has given Daniel Martino (1000015036) rank 1 (Associate) in La Nuestra Familia (32)
[2018/1/13 - 14:32:33] Lucy Shrike has logged out.
[2018/1/13 - 14:33:48] La Mesa Chester Speed (1000329770) (rank 7) has given Daniel Martino (1000015036) rank 3 (Sergeant) in La Nuestra Familia (32).
[2018/1/13 - 14:36:25] La Mesa Chester Speed (1000329770) (rank 7) has given Tony Gucci Cobra (1000624935) rank 6 (Nuestro General) in La Nuestra Fami
[2018/1/13 - 14:40:15] Recruit Lucy Shrike has lost connection.
[2018/1/13 - 14:40:59] La Mesa Chester Speed (1000329770) (rank 7) has uninvited Jack Malix (1000625233) (rank 1) from La Nuestra Familia (32).
[2018/1/13 - 14:41:28] Chester Speed has withdrawn 20 grams of Ecstasy from the safe.
[2018/1/13 - 14:42:35] Chester Speed has withdrawn 40 grams of Meth from the safe.
[2018/1/13 - 14:44:16] La Mesa Chester Speed (1000329770) (rank 7) has given Deither Jiovanni (1000625484) rank 4 (Lieutenant) in La Nuestra Familia (
[2018/1/13 - 15:01:13] La Mesa Chester Speed has lost connection.
[2018/1/13 - 15:02:03] Tony Gucci Cobra has logged out.
[2018/1/13 - 15:02:30] Kevin Pusha has logged out.
[2018/1/13 - 15:11:30] Deither Jiovanni has logged out.
[2018/1/13 - 15:13:14] Deither Jiovanni has logged out.
[2018/1/13 - 15:14:25] Nuestro General Tanner Gucci Cobra has lost connection.
[2018/1/13 - 15:18:28] Robben Martino has logged out.
[2018/1/13 - 15:24:24] Nuestro General Tanner Gucci Cobra has lost connection.
[2018/1/13 - 15:28:02] Robben Martino has logged out.
[2018/1/13 - 15:40:50] Robben Martino has logged out.
[2018/1/13 - 15:43:14] Cateleyto Mathisano has logged out.
[2018/1/13 - 15:58:04] Lucy Shrike has logged out.
[2018/1/13 - 16:03:39] Nuestro General Tanner Gucci Cobra has lost connection.
[2018/1/13 - 16:37:38] Don Chelios has logged out.
[2018/1/13 - 16:38:30] Matt Honest (880189) has made Elisa Blaze (1000008255) the leader of the La Nuestra Familia.
[2018/1/13 - 16:41:26] Daniel Martino has logged out.
[2018/1/13 - 16:49:05] Sung Grimm has logged out.
[2018/1/13 - 17:01:06] Sung Grimm has logged out.
[2018/1/13 - 17:40:02] Nuestro General Tanner Gucci Cobra has lost connection.
[2018/1/13 - 17:58:07] Kevin Smokey Bear has logged out.
[2018/1/13 - 18:41:47] Chester Speed has logged out.
[2018/1/13 - 19:13:28] Nuestro General Tanner Gucci Cobra has lost connection.
[2018/1/13 - 19:19:03] Sung Grimm has logged out.
[2018/1/13 - 19:25:39] Sergeant Sung Grimm has lost connection.
[2018/1/13 - 19:33:52] Stifler Gucci Cobra has withdrawn $180,000 from the safe.
[2018/1/13 - 19:34:07] Stifler Gucci Cobra has withdrawn 30 grams of Ecstasy from the safe.
[2018/1/13 - 19:34:12] Stifler Gucci Cobra has withdrawn 10 grams of Meth from the safe.
[2018/1/13 - 19:35:39] Stifler Gucci Cobra has withdrawn 2500 grams of Pot from the safe.
[2018/1/13 - 19:35:43] Stifler Gucci Cobra has withdrawn 1400 grams of Crack from the safe.
[2018/1/13 - 19:35:48] Stifler Gucci Cobra has withdrawn 1000 grams of Meth from the safe.
[2018/1/13 - 19:35:52] Stifler Gucci Cobra has withdrawn 1000 grams of Ecstasy from the safe.
[2018/1/13 - 19:35:55] Stifler Gucci Cobra has withdrawn 525 grams of Heroin from the safe.
[2018/1/13 - 19:37:00] Stifler Gucci Cobra has deposited 3300 grams of Pot into the safe.
[2018/1/13 - 19:37:04] Stifler Gucci Cobra has deposited 1780 grams of Crack into the safe.
[2018/1/13 - 19:37:11] Stifler Gucci Cobra has deposited 1140 grams of Meth into the safe.
[2018/1/13 - 19:37:16] Stifler Gucci Cobra has deposited 1145 grams of Ecstasy into the safe.
[2018/1/13 - 19:37:20] Stifler Gucci Cobra has deposited 715 grams of Heroin into the safe.
[2018/1/13 - 19:37:29] Stifler Gucci Cobra has withdrawn 1000 grams of Pot from the safe.
[2018/1/13 - 19:37:34] Stifler Gucci Cobra has withdrawn 380 grams of Crack from the safe.
[2018/1/13 - 19:37:39] Stifler Gucci Cobra has withdrawn 140 grams of Meth from the safe.
[2018/1/13 - 19:37:43] Stifler Gucci Cobra has withdrawn 145 grams of Ecstasy from the safe.
[2018/1/13 - 19:37:49] Stifler Gucci Cobra has withdrawn 200 grams of Heroin from the safe.
[2018/1/13 - 19:40:32] Sergeant Sung Grimm has lost connection.
[2018/1/13 - 19:47:29] Chester Speed has withdrawn 400 grams of Pot from the safe.
[2018/1/13 - 19:47:37] Chester Speed has deposited 100 grams of Pot into the safe.
[2018/1/13 - 19:47:42] Chester Speed has withdrawn 400 grams of Crack from the safe.
[2018/1/13 - 19:48:01] Chester Speed has withdrawn 100 grams of Meth from the safe.
[2018/1/13 - 19:48:06] Chester Speed has withdrawn 100 grams of Ecstasy from the safe.
[2018/1/13 - 19:48:31] Chester Speed has deposited 40 grams of Heroin into the safe.
[2018/1/13 - 19:48:57] Stifler Gucci Cobra has deposited 500 grams of Pot into the safe.
[2018/1/13 - 19:49:27] Chester Speed has deposited 10 grams of Ecstasy into the safe.
[2018/1/13 - 19:49:35] Chester Speed has deposited 35 grams of Pot into the safe.
[2018/1/13 - 19:49:44] Chester Speed has deposited 5 grams of Crack into the safe.
[2018/1/13 - 19:50:01] Chester Speed has deposited 300 grams of Pot into the safe.
[2018/1/13 - 19:50:06] Chester Speed has deposited 300 grams of Crack into the safe.
[2018/1/13 - 19:50:17] Chester Speed has deposited 30 grams of Crack into the safe.
[2018/1/13 - 19:50:21] Chester Speed has withdrawn 30 grams of Pot from the safe.
[2018/1/13 - 19:51:07] Chester Speed has logged out.
[2018/1/13 - 19:51:22] Stifler Gucci Cobra has withdrawn 500 grams of Pot from the safe.
[2018/1/13 - 20:00:48] Sung Grimm has logged out.
[2018/1/13 - 20:51:46] Nick De La Martino has logged out.
[2018/1/13 - 21:06:45] Daniel Martino has logged out.
[2018/1/13 - 21:09:38] Danny Mcgrath (1000208815) accepted La Mesa Chester Speed's (1000329770) invite to join La Nuestra Familia (32).
[2018/1/13 - 21:10:26] Tanner Gucci Cobra has logged out.
[2018/1/13 - 21:17:20] Sung Grimm has logged out.
[2018/1/13 - 21:19:25] Danny Mcgrath has logged out.
[2018/1/13 - 21:19:46] Nick De La Martino has logged out.
[2018/1/13 - 21:25:27] Lamar M Buenoh (146251) has quit the La Nuestra Familia as a rank 3
[2018/1/13 - 21:35:57] Chester Speed has logged out.
[2018/1/13 - 22:00:10] Danny Mcgrath has logged out.
[2018/1/13 - 22:16:15] Sung Grimm has logged out.
[2018/1/13 - 22:20:13] Sung Grimm has logged out.
[2018/1/13 - 22:21:40] Sung Grimm has logged out.
[2018/1/13 - 22:22:15] Chester Speed has set Desert Eagle weapon restriction from rank 7+ to 6.
[2018/1/13 - 22:22:21] Chester Speed has set Desert Eagle weapon restriction from rank 6+ to 7.
[2018/1/13 - 22:23:12] Chester Speed has withdrawn 1000 grams of Meth from the safe.
[2018/1/13 - 22:31:31] Chester Speed has deposited a SPAS-12 into the locker.
[2018/1/13 - 22:31:32] Chester Speed has deposited a M4A1 into the locker.
[2018/1/13 - 22:31:32] Chester Speed has deposited a Sniper Rifle into the locker.
[2018/1/13 - 22:36:09] Chester Speed has deposited a Sniper Rifle into the locker.
[2018/1/13 - 22:36:10] Chester Speed has deposited a SPAS-12 into the locker.
[2018/1/13 - 22:36:10] Chester Speed has deposited a M4A1 into the locker.
[2018/1/13 - 22:41:53] Mathew Martino (17684) accepted La Mesa Chester Speed's (1000329770) invite to join La Nuestra Familia (32).
[2018/1/13 - 22:43:50] Chester Speed has deposited a SPAS-12 into the locker.
[2018/1/13 - 22:43:50] Chester Speed has deposited a M4A1 into the locker.
[2018/1/13 - 22:43:51] Chester Speed has deposited a Sniper Rifle into the locker.
[2018/1/13 - 22:43:57] Chester Speed has authorized Sung Grimm to withdraw a Desert Eagle from the weapon locker (Cost: 5)
[2018/1/13 - 22:46:53] Mathew Martino has logged out.
[2018/1/13 - 22:48:44] Chester Speed has withdrawn $100,000 from the safe.
[2018/1/13 - 22:54:08] Chester Speed has authorized Sung Grimm to withdraw a Desert Eagle from the weapon locker (Cost: 5)
[2018/1/13 - 23:00:27] Sung Grimm has logged out.
[2018/1/13 - 23:05:07] Skiner Markin (1000627090) accepted La Mesa Chester Speed's (1000329770) invite to join La Nuestra Familia (32).
[2018/1/13 - 23:06:32] Skiner Markin has logged out.
[2018/1/13 - 23:23:52] Mark Schneider (1000624932) accepted La Mesa Chester Speed's (1000329770) invite to join La Nuestra Familia (32).
[2018/1/13 - 23:39:38] Chester Speed has authorized Mathew Martino to withdraw a Desert Eagle from the weapon locker (Cost: 5)
[2018/1/13 - 23:40:35] Chester Speed has withdrawn a Desert Eagle from the weapon locker (Cost: 5)
[2018/1/13 - 23:40:49] Chester Speed has withdrawn a AK-47 from the weapon locker (Cost: 25)
[2018/1/13 - 23:40:53] Chester Speed has authorized Mark Schneider to withdraw a Desert Eagle from the weapon locker (Cost: 5)
[2018/1/13 - 23:42:44] Mitch Makaveli (36021) has made Tanner Gucci Cobra (1000624967) the leader of the La Nuestra Familia.
[2018/1/13 - 23:42:54] Chester Speed has authorized Daniel Martino to withdraw a Desert Eagle from the weapon locker (Cost: 5)
[2018/1/13 - 23:43:09] La Mesa Chester Speed (1000329770) (rank 7) has given Tanner Gucci Cobra (1000624967) rank 6 (Nuestro General) in La Nuestra Fa
[2018/1/13 - 23:43:14] La Mesa Chester Speed (1000329770) has set Tanner Gucci Cobra's (1000624967) division to Nuestra Sicario in La Nuestra Familia 
[2018/1/13 - 23:43:24] Sergeant Sung Grimm has lost connection.
[2018/1/13 - 23:43:35] Nuestro General Tanner Gucci Cobra (1000624967) (rank 6) has given Daniel Martino (1000015036) rank 2 (Soldado) in La Nuestra F
[2018/1/13 - 23:43:39] Nuestro General Tanner Gucci Cobra (1000624967) (rank 6) has given Daniel Martino (1000015036) rank 3 (Sergeant) in La Nuestra 
[2018/1/13 - 23:43:49] Nuestro General Tanner Gucci Cobra (1000624967) (rank 6) has given Mathew Martino (17684) rank 4 (Lieutenant) in La Nuestra Fam
[2018/1/13 - 23:43:50] Nuestro General Tanner Gucci Cobra (1000624967) (rank 6) has given Mathew Martino (17684) rank 0 (Recruit) in La Nuestra Famili
[2018/1/13 - 23:45:08] Chester Speed has set Desert Eagle weapon restriction from rank 7+ to 6.
[2018/1/13 - 23:45:24] Tanner Gucci Cobra has authorized Mathew Martino to withdraw a Shotgun from the weapon locker (Cost: 3)
[2018/1/13 - 23:45:33] Tanner Gucci Cobra has withdrawn a Desert Eagle from the weapon locker (Cost: 5)
[2018/1/13 - 23:46:09] La Mesa Chester Speed (1000329770) (rank 7) has given Mark Schneider (1000624932) rank 2 (Soldado) in La Nuestra Familia (32).
[2018/1/13 - 23:47:00] Tanner Gucci Cobra has authorized Sung Grimm to withdraw a Desert Eagle from the weapon locker (Cost: 5)
[2018/1/13 - 23:48:23] Chester Speed has logged out.
[2018/1/13 - 23:48:34] Sung Grimm has logged out.
[2018/1/13 - 23:55:24] Nuestro General Tanner Gucci Cobra (1000624967) (rank 6) has given Mathew Martino (17684) rank 1 (Associate) in La Nuestra Fami
[2018/1/13 - 23:55:41] Tanner Gucci Cobra has authorized Mathew Martino to withdraw a Desert Eagle from the weapon locker (Cost: 5)
[2018/1/13 - 23:56:37] Mark Schneider (1000624932) has quit the La Nuestra Familia as a rank 2
[2018/1/13 - 23:57:54] Nuestro General Tanner Gucci Cobra (1000624967) has set Mathew Martino's (17684) division to Extranos in La Nuestra Familia (32
[2018/1/13 - 23:57:59] Nuestro General Tanner Gucci Cobra (1000624967) has set Mathew Martino's (17684) division to Nuestra Sicario in La Nuestra Fami
[2018/1/13 - 23:59:37] Nuestro General Tanner Gucci Cobra (1000624967) (rank 6) has given Robben Martino (138222) rank 3 (Sergeant) in La Nuestra Fami
[2018/1/13 - 23:59:47] Nuestro General Tanner Gucci Cobra (1000624967) has set Robben Martino's (138222) division to Nuestra Sicario in La Nuestra Fam
