[2018/1/14 - 0:11:12] Samuel Kingston has logged out.
[2018/1/14 - 0:14:25] Personal Associate Steve Faulkner (1000624970) has set Teddy Steels's (1000591506) division to ISIS Squad in La Reunion Espanol
[2018/1/14 - 0:31:10] Danny Johns has logged out.
[2018/1/14 - 0:52:10] Steve Faulkner has authorized Teddy Steels to withdraw a Desert Eagle from the weapon locker (Cost: 5)
[2018/1/14 - 1:04:12] Steve Faulkner has authorized Alessandro Abano to withdraw a Desert Eagle from the weapon locker (Cost: 5)
[2018/1/14 - 1:04:29] Danny Johns has logged out.
[2018/1/14 - 1:11:35] Gregg Steels (1000626882) accepted Personal Associate Steve Faulkner's (1000624970) invite to join La Reunion Espanola (28).
[2018/1/14 - 1:11:41] Personal Associate Steve Faulkner (1000624970) (rank 6) has given Gregg Steels (1000626882) rank 4 (Adviser) in La Reunion Espa
[2018/1/14 - 1:11:44] Personal Associate Steve Faulkner (1000624970) has set Gregg Steels's (1000626882) division to ISIS Squad in La Reunion Espanol
[2018/1/14 - 1:16:50] Steve Faulkner has authorized Gregg Steels to withdraw a Desert Eagle from the weapon locker (Cost: 5)
[2018/1/14 - 1:17:56] Harry Walker has logged out.
[2018/1/14 - 1:18:17] Danny Johns has logged out.
[2018/1/14 - 1:20:09] Manager Danny Johns has lost connection.
[2018/1/14 - 1:21:53] Manager Danny Johns has lost connection.
[2018/1/14 - 1:22:41] Personal Associate Steve Faulkner has lost connection.
[2018/1/14 - 1:25:07] Personal Associate Steve Faulkner has lost connection.
[2018/1/14 - 1:30:17] Steve Faulkner has authorized Alessandro Abano to withdraw a Desert Eagle from the weapon locker (Cost: 5)
[2018/1/14 - 1:40:57] Manager Danny Johns has lost connection.
[2018/1/14 - 1:54:19] Steve Faulkner has adjusted the withdraw rank for item 2 to 6.
[2018/1/14 - 1:54:23] Steve Faulkner has withdrawn 70 grams of Ecstasy from the safe.
[2018/1/14 - 1:54:27] Steve Faulkner has withdrawn 70 grams of Meth from the safe.
[2018/1/14 - 1:54:32] Steve Faulkner has adjusted the withdraw rank for item 2 to 7.
[2018/1/14 - 1:55:55] Steve Faulkner has authorized Teddy Steels to withdraw a Desert Eagle from the weapon locker (Cost: 5)
[2018/1/14 - 1:56:22] Steve Faulkner has authorized Danny Johns to withdraw a Desert Eagle from the weapon locker (Cost: 5)
[2018/1/14 - 1:58:12] Steve Faulkner has authorized Alessandro Abano to withdraw a Desert Eagle from the weapon locker (Cost: 5)
[2018/1/14 - 1:58:59] Steve Faulkner has authorized Gregg Steels to withdraw a Desert Eagle from the weapon locker (Cost: 5)
[2018/1/14 - 2:05:08] Danny Johns has logged out.
[2018/1/14 - 2:07:44] Steve Faulkner has withdrawn a Desert Eagle from the weapon locker (Cost: 5)
[2018/1/14 - 2:08:13] Steve Faulkner has adjusted the withdraw rank for item 2 to 7.
[2018/1/14 - 2:08:24] Steve Faulkner has adjusted the withdraw rank for item 2 to 6.
[2018/1/14 - 2:08:31] Steve Faulkner has withdrawn 40 grams of Ecstasy from the safe.
[2018/1/14 - 2:08:35] Steve Faulkner has withdrawn 40 grams of Meth from the safe.
[2018/1/14 - 2:08:39] Steve Faulkner has withdrawn 100 grams of Crack from the safe.
[2018/1/14 - 2:08:44] Steve Faulkner has withdrawn 200 grams of Pot from the safe.
[2018/1/14 - 2:08:48] Steve Faulkner has adjusted the withdraw rank for item 2 to 7.
[2018/1/14 - 2:08:57] Steve Faulkner has logged out.
[2018/1/14 - 2:09:08] Gregg Steels has logged out.
[2018/1/14 - 2:22:15] Teddy Steels has logged out.
[2018/1/14 - 2:22:32] Gregg Steels has logged out.
[2018/1/14 - 2:26:05] Alessandro Abano has logged out.
[2018/1/14 - 2:34:24] Newcomer King Clario has lost connection.
[2018/1/14 - 3:01:12] King Clario has logged out.
[2018/1/14 - 3:22:30] Newcomer King Clario has lost connection.
[2018/1/14 - 5:17:24] Rossi Stokes (1000625164) accepted Personal Associate Steve Faulkner's (1000624970) invite to join La Reunion Espanola (28).
[2018/1/14 - 5:18:02] Personal Associate Steve Faulkner (1000624970) has set Rossi Stokes's (1000625164) division to Recruit in La Reunion Espanola (
[2018/1/14 - 5:19:24] Rossi Stokes has logged out.
[2018/1/14 - 5:35:29] Steve Faulkner has adjusted the withdraw rank for item 2 to 6.
[2018/1/14 - 5:35:39] Steve Faulkner has adjusted the withdraw rank for item 2 to 6.
[2018/1/14 - 5:35:45] Steve Faulkner has withdrawn 150 grams of Pot from the safe.
[2018/1/14 - 5:35:51] Steve Faulkner has withdrawn 110 grams of Crack from the safe.
[2018/1/14 - 5:36:00] Steve Faulkner has withdrawn 40 grams of Meth from the safe.
[2018/1/14 - 5:36:03] Steve Faulkner has withdrawn 20 grams of Ecstasy from the safe.
[2018/1/14 - 5:36:08] Steve Faulkner has withdrawn 15 grams of Heroin from the safe.
[2018/1/14 - 5:36:16] Steve Faulkner has adjusted the withdraw rank for item 2 to 7.
[2018/1/14 - 5:43:57] Newcomer Rossi Stokes has lost connection.
[2018/1/14 - 5:46:28] Personal Associate Steve Faulkner (1000624970) (rank 6) has given Rossi Stokes (1000625164) rank 1 (Soldier) in La Reunion Espa
[2018/1/14 - 5:53:21] Steve Faulkner has logged out.
[2018/1/14 - 6:38:31] Justin Titan Dreezy has logged out.
[2018/1/14 - 6:54:57] Justin Titan Dreezy (1000626241) has quit the La Reunion Espanola as a rank 2
[2018/1/14 - 8:13:20] Lazy Kanon has logged out.
[2018/1/14 - 8:15:27] Lazy Kanon has logged out.
[2018/1/14 - 8:18:36] Rossi Stokes has logged out.
[2018/1/14 - 9:16:09] Gregg Fisher has logged out.
[2018/1/14 - 10:18:29] Danny Johns has logged out.
[2018/1/14 - 10:32:01] Elisa Blaze has withdrawn a Desert Eagle from the weapon locker (Cost: 5)
[2018/1/14 - 10:36:48] Gregg Fisher (1000627079) has quit the La Reunion Espanola as a rank 0
[2018/1/14 - 10:39:39] Jenson Lee (1000619196) has quit the La Reunion Espanola as a rank 1
[2018/1/14 - 10:45:06] Enzo Simon has logged out.
[2018/1/14 - 10:48:01] Elisa Blaze has set Desert Eagle weapon restriction from rank 6+ to 7.
[2018/1/14 - 10:48:03] Elisa Blaze has set Shotgun weapon restriction from rank 6+ to 7.
[2018/1/14 - 10:48:05] Elisa Blaze has set Silenced Colt .45 weapon restriction from rank 6+ to 7.
[2018/1/14 - 10:48:08] Elisa Blaze has set Micro Uzi weapon restriction from rank 4+ to 7.
[2018/1/14 - 10:50:22] Harry Pat has logged out.
[2018/1/14 - 10:54:55] Mitch Makaveli (36021) has made Mitch Makaveli (36021) the leader of the La Reunion Espanola.
[2018/1/14 - 10:55:07] Don Mitch Makaveli (36021) (rank 8) has given Mitch Makaveli (36021) rank 1 (Soldier) in La Reunion Espanola (28).
[2018/1/14 - 10:55:48] Elisa Blaze has withdrawn a Desert Eagle from the weapon locker (Cost: 5)
[2018/1/14 - 10:57:46] Elisa Blaze has authorized Andre Blaze to withdraw a Shotgun from the weapon locker (Cost: 3)
[2018/1/14 - 11:03:42] Elisa Blaze has withdrawn a Desert Eagle from the weapon locker (Cost: 5)
[2018/1/14 - 11:05:29] Elisa Blaze has authorized Gregg Steels to withdraw a Desert Eagle from the weapon locker (Cost: 5)
[2018/1/14 - 11:05:30] Elisa Blaze has authorized Teddy Steels to withdraw a Desert Eagle from the weapon locker (Cost: 5)
[2018/1/14 - 11:11:42] Adviser Teddy Steels has lost connection.
[2018/1/14 - 11:15:00] Verna Jhane has logged out.
[2018/1/14 - 11:20:34] Elisa Blaze has authorized Danny Johns to withdraw a Desert Eagle from the weapon locker (Cost: 5)
[2018/1/14 - 11:40:40] Enzo Simon has logged out.
[2018/1/14 - 11:43:47] Manager Danny Johns has lost connection.
[2018/1/14 - 11:50:22] Michael Dios Wing has authorized Danny Johns to withdraw a Desert Eagle from the weapon locker (Cost: 5)
[2018/1/14 - 11:50:34] Michael Dios Wing has withdrawn a Desert Eagle from the weapon locker (Cost: 5)
[2018/1/14 - 11:51:37] Michael Dios Wing has withdrawn a Desert Eagle from the weapon locker (Cost: 5)
[2018/1/14 - 11:51:46] Michael Dios Wing has authorized Luke Henchman to withdraw a Desert Eagle from the weapon locker (Cost: 5)
[2018/1/14 - 11:53:49] Michael Dios Wing has authorized Teddy Steels to withdraw a Desert Eagle from the weapon locker (Cost: 5)
[2018/1/14 - 11:57:51] Manager Harry Pat has lost connection.
[2018/1/14 - 12:02:49] Elisa Blaze has logged out.
[2018/1/14 - 12:10:05] Bonjan Clevreman has logged out.
[2018/1/14 - 12:20:01] Elliot Ackerman has deposited 3 grams of Pot into the safe.
[2018/1/14 - 12:26:21] Gregg Steels has logged out.
[2018/1/14 - 12:28:26] Larry Maddox has logged out.
[2018/1/14 - 12:30:29] Crit Snow has logged out.
[2018/1/14 - 12:32:18] Crit Snow has logged out.
[2018/1/14 - 12:37:10] Crit Snow has logged out.
[2018/1/14 - 12:41:17] Manager Crit Snow has lost connection.
[2018/1/14 - 12:47:51] Bradley S. Western has logged out.
[2018/1/14 - 12:49:00] James Brandon has logged out.
[2018/1/14 - 12:49:47] Hans Biggums has logged out.
[2018/1/14 - 12:58:41] Gregg Steels (1000626882) has quit the La Reunion Espanola as a rank 4
[2018/1/14 - 13:01:11] Teddy Steels (1000591506) has quit the La Reunion Espanola as a rank 4
[2018/1/14 - 13:04:52] Elliot Ackerman has logged out.
[2018/1/14 - 13:09:25] Right hand Luke Henchman has lost connection.
[2018/1/14 - 13:17:24] Michael Dios Wing has withdrawn 20 grams of Meth from the safe.
[2018/1/14 - 13:17:28] Michael Dios Wing has withdrawn 220 grams of Crack from the safe.
[2018/1/14 - 13:26:53] James Brandon has logged out.
[2018/1/14 - 13:29:53] Michael Dios Wing has withdrawn a Desert Eagle from the weapon locker (Cost: 5)
[2018/1/14 - 13:29:59] Michael Dios Wing has withdrawn 40 grams of Meth from the safe.
[2018/1/14 - 13:33:25] Newcomer Elliot Ackerman has lost connection.
[2018/1/14 - 13:40:48] Enzo Simon has logged out.
[2018/1/14 - 13:40:49] Michael Dios Wing has withdrawn 60 grams of Meth from the safe.
[2018/1/14 - 13:55:01] Elliot Ackerman has logged out.
[2018/1/14 - 13:59:26] James Brandon has logged out.
[2018/1/14 - 14:04:16] Harry Pat has logged out.
[2018/1/14 - 14:10:37] Abe Abdel (1000348196) accepted Underboss Michael Dios Wing's (1000246432) invite to join La Reunion Espanola (28).
[2018/1/14 - 14:14:08] Right hand Luke Henchman has lost connection.
[2018/1/14 - 14:16:02] Hans Biggums has logged out.
[2018/1/14 - 14:18:23] Artur Voronkov has logged out.
[2018/1/14 - 14:20:44] Abe Abdel has logged out.
[2018/1/14 - 14:25:27] Michael Dios Wing has logged out.
[2018/1/14 - 14:25:27] Right hand Luke Henchman has lost connection.
[2018/1/14 - 14:51:05] Underboss Michael Dios Wing has lost connection.
[2018/1/14 - 15:00:25] Harry Pat has logged out.
[2018/1/14 - 15:03:06] Harry Pat (1000625217) has quit the La Reunion Espanola as a rank 2
[2018/1/14 - 15:06:17] John Pat (1000373258) accepted Underboss Michael Dios Wing's (1000246432) invite to join La Reunion Espanola (28).
[2018/1/14 - 15:06:22] Enzo Simon has logged out.
[2018/1/14 - 15:06:30] Underboss Michael Dios Wing (1000246432) (rank 7) has given John Pat (1000373258) rank 2 (Manager) in La Reunion Espanola (28).
[2018/1/14 - 15:06:48] Danny Johns has logged out.
[2018/1/14 - 15:08:03] Enzo Wilson (1000228868) accepted Personal Associate Artur Voronkov's (1000624867) invite to join La Reunion Espanola (28).
[2018/1/14 - 15:08:55] Personal Associate Artur Voronkov (1000624867) (rank 6) has given Enzo Wilson (1000228868) rank 4 (Adviser) in La Reunion Espan
[2018/1/14 - 15:13:19] Michael Dios Wing has logged out.
[2018/1/14 - 15:16:00] Underboss Michael Dios Wing (1000246432) (rank 7) has given John Pat (1000373258) rank 3 (Fam) in La Reunion Espanola (28).
[2018/1/14 - 15:16:16] Underboss Michael Dios Wing (1000246432) (rank 7) has given Abe Abdel (1000348196) rank 1 (Soldier) in La Reunion Espanola (28)
[2018/1/14 - 15:18:58] Underboss Michael Dios Wing (1000246432) (rank 7) has given Harry Walker (1000624841) rank 4 (Adviser) in La Reunion Espanola (
[2018/1/14 - 15:20:18] Enzo Wilson has logged out.
[2018/1/14 - 15:40:42] Manager James Brandon has lost connection.
[2018/1/14 - 15:40:45] Right hand Luke Henchman has lost connection.
[2018/1/14 - 15:43:37] Artur Voronkov has logged out.
[2018/1/14 - 15:45:20] Soldier Abe Abdel has lost connection.
[2018/1/14 - 15:47:27] Underboss Michael Dios Wing (1000246432) (rank 7) has given Danny Johns (1000624842) rank 3 (Fam) in La Reunion Espanola (28).
[2018/1/14 - 15:48:09] James Brandon has logged out.
[2018/1/14 - 15:51:58] Danny Johns has logged out.
[2018/1/14 - 15:57:10] Enzo Simon has logged out.
[2018/1/14 - 16:21:42] Underboss Michael Dios Wing (1000246432) (rank 7) has given Luke Henchman (1000130733) rank 6 (Personal Associate) in La Reunio
[2018/1/14 - 16:35:49] Underboss Michael Dios Wing (1000246432) (rank 7) has given Luke Henchman (1000130733) rank 5 (Right hand) in La Reunion Espano
[2018/1/14 - 16:38:28] Michael Dios Wing has logged out.
[2018/1/14 - 16:40:55] Underboss Elisa Blaze (1000008255) (rank 7) has given Luke Henchman (1000130733) rank 0 (Newcomer) in La Reunion Espanola (28).
[2018/1/14 - 16:40:58] Underboss Elisa Blaze (1000008255) (rank 7) has given Luke Henchman (1000130733) rank 1 (Soldier) in La Reunion Espanola (28).
[2018/1/14 - 16:40:59] Underboss Elisa Blaze (1000008255) (rank 7) has given Luke Henchman (1000130733) rank 2 (Manager) in La Reunion Espanola (28).
[2018/1/14 - 16:41:00] Underboss Elisa Blaze (1000008255) (rank 7) has given Luke Henchman (1000130733) rank 3 (Fam) in La Reunion Espanola (28).
[2018/1/14 - 16:41:01] Underboss Elisa Blaze (1000008255) (rank 7) has given Luke Henchman (1000130733) rank 4 (Adviser) in La Reunion Espanola (28).
[2018/1/14 - 16:41:03] Underboss Elisa Blaze (1000008255) (rank 7) has given Luke Henchman (1000130733) rank 6 (Personal Associate) in La Reunion Espa
[2018/1/14 - 16:41:05] Underboss Elisa Blaze (1000008255) (rank 7) has given Luke Henchman (1000130733) rank 5 (Right hand) in La Reunion Espanola (28
[2018/1/14 - 16:41:42] Underboss Elisa Blaze (1000008255) (rank 7) has uninvited Abe Abdel (1000348196) (rank 1) from La Reunion Espanola (28).
[2018/1/14 - 16:42:09] Abe Abdel (1000348196) accepted Underboss Michael Dios Wing's (1000246432) invite to join La Reunion Espanola (28).
[2018/1/14 - 16:42:16] Underboss Michael Dios Wing (1000246432) (rank 7) has given Abe Abdel (1000348196) rank 1 (Soldier) in La Reunion Espanola (28)
[2018/1/14 - 16:42:39] Right hand Luke Henchman has lost connection.
[2018/1/14 - 16:52:01] Elisa Blaze (1000008255) has renamed the Worija Worija division (#1) to DeathToNiggers
[2018/1/14 - 16:52:11] Elisa Blaze (1000008255) has renamed the DeathToNiggers division (#1) to DeathToAkkNigge
[2018/1/14 - 16:52:16] Elisa Blaze (1000008255) has renamed the DeathToAkkNigge division (#1) to DeathToAllNigge
[2018/1/14 - 16:52:28] Michael Dios Wing (1000246432) has renamed the DeathToAllNigge division (#1) to Worija Worija
[2018/1/14 - 17:09:23] Danny Johns has logged out.
[2018/1/14 - 17:11:07] Michael Dios Wing has logged out.
[2018/1/14 - 17:13:47] Abe Abdel has logged out.
[2018/1/14 - 17:17:37] Newcomer Elliot Ackerman has lost connection.
[2018/1/14 - 17:25:10] Elliot Ackerman has logged out.
[2018/1/14 - 17:27:01] Underboss Elisa Blaze (1000008255) (rank 7) has given Harry Walker (1000624841) rank 3 (Fam) in La Reunion Espanola (28).
[2018/1/14 - 17:27:23] Elliot Ackerman has logged out.
[2018/1/14 - 17:28:32] Newcomer Elliot Ackerman has lost connection.
[2018/1/14 - 17:28:52] Underboss Elisa Blaze (1000008255) (rank 7) has given Harry Walker (1000624841) rank 4 (Adviser) in La Reunion Espanola (28).
[2018/1/14 - 17:28:52] Underboss Michael Dios Wing (1000246432) (rank 7) has given Harry Walker (1000624841) rank 4 (Adviser) in La Reunion Espanola (
[2018/1/14 - 17:29:20] Elisa Blaze has adjusted the withdraw rank for item 0 to 7.
[2018/1/14 - 17:29:26] Elisa Blaze has withdrawn $1,000,000 from the safe.
[2018/1/14 - 17:29:30] Elisa Blaze has adjusted the withdraw rank for item 0 to 8.
[2018/1/14 - 17:31:50] Elisa Blaze has withdrawn 900 grams of Ecstasy from the safe.
[2018/1/14 - 17:31:55] Elisa Blaze has withdrawn 1000 grams of Meth from the safe.
[2018/1/14 - 17:32:23] Newcomer Elliot Ackerman has lost connection.
[2018/1/14 - 17:34:58] Elisa Blaze has deposited 900 grams of Ecstasy into the safe.
[2018/1/14 - 17:35:10] Elisa Blaze has deposited 800 grams of Meth into the safe.
[2018/1/14 - 17:45:09] Rubin Dios Gutierrez has adjusted the withdraw rank for item 0 to 8.
[2018/1/14 - 17:45:15] Rubin Dios Gutierrez has adjusted the withdraw rank for item 1 to 8.
[2018/1/14 - 17:45:20] Rubin Dios Gutierrez has adjusted the withdraw rank for item 2 to 7.
[2018/1/14 - 17:48:16] Danny Johns has logged out.
[2018/1/14 - 17:48:23] Abe Abdel has logged out.
[2018/1/14 - 17:50:53] Michael Dios Wing has withdrawn 4000 grams of Pot from the safe.
[2018/1/14 - 17:51:42] Fam John Pat has lost connection.
[2018/1/14 - 17:53:21] Elisa Blaze has logged out.
[2018/1/14 - 17:57:20] Michael Dios Wing has deposited 3800 grams of Pot into the safe.
[2018/1/14 - 18:00:14] Carlos Ramirez (118665) has quit the La Reunion Espanola as a rank 8
[2018/1/14 - 18:00:43] Underboss Elisa Blaze (1000008255) (rank 7) has given Marcus Lokson (1000550361) rank 5 (Right hand) in La Reunion Espanola (28
[2018/1/14 - 18:00:47] Underboss Elisa Blaze (1000008255) (rank 7) has given Marcus Lokson (1000550361) rank 4 (Adviser) in La Reunion Espanola (28).
[2018/1/14 - 18:04:16] Adviser Harry Walker has lost connection.
[2018/1/14 - 18:06:31] Danny Johns has logged out.
[2018/1/14 - 18:07:36] Don Roy Gucci Cobra (1000531330) (rank 8) has given Michael Dios Wing (1000246432) rank 8 (Don) in La Reunion Espanola (28).
[2018/1/14 - 18:07:42] Don Roy Gucci Cobra (1000531330) (rank 8) has given Steve Faulkner (1000624970) rank 7 (Underboss) in La Reunion Espanola (28).
[2018/1/14 - 18:08:20] Elliot Ackerman has logged out.
[2018/1/14 - 18:11:00] Steve Faulkner has authorized Samuel Kingston to withdraw a Desert Eagle from the weapon locker (Cost: 5)
[2018/1/14 - 18:11:15] Elisa Blaze has logged out.
[2018/1/14 - 18:19:40] Samuel Kingston has logged out.
[2018/1/14 - 18:20:09] Steve Faulkner has withdrawn a Desert Eagle from the weapon locker (Cost: 5)
[2018/1/14 - 18:23:44] Artur Voronkov has logged out.
[2018/1/14 - 18:23:46] Rubin Dios Gutierrez has logged out.
[2018/1/14 - 18:25:39] Elliot Ackerman has logged out.
[2018/1/14 - 18:27:40] Roy Gucci Cobra has adjusted the withdraw rank for item 2 to 8.
[2018/1/14 - 18:31:06] Roy Gucci Cobra has logged out.
[2018/1/14 - 18:36:49] Michael Dios Wing has logged out.
[2018/1/14 - 18:51:30] Newcomer Elliot Ackerman has lost connection.
[2018/1/14 - 18:56:09] Newcomer Elliot Ackerman has lost connection.
[2018/1/14 - 19:02:57] John Pat has logged out.
[2018/1/14 - 19:05:52] Samuel Kingston has logged out.
[2018/1/14 - 19:13:56] Danny Johns has logged out.
[2018/1/14 - 19:18:51] Elliot Ackerman has logged out.
[2018/1/14 - 19:38:38] Manager James Brandon has lost connection.
[2018/1/14 - 19:39:33] Manager James Brandon has lost connection.
[2018/1/14 - 19:41:02] Underboss Steve Faulkner (1000624970) (rank 7) has given Samuel Kingston (1000585032) rank 4 (Adviser) in La Reunion Espanola (
[2018/1/14 - 19:41:09] Underboss Steve Faulkner (1000624970) has set Samuel Kingston's (1000585032) division to ISIS Squad in La Reunion Espanola (28)
[2018/1/14 - 19:55:33] Steve Faulkner has authorized Crit Snow to withdraw a Desert Eagle from the weapon locker (Cost: 5)
[2018/1/14 - 19:56:44] Steve Faulkner has authorized Samuel Kingston to withdraw a Shotgun from the weapon locker (Cost: 3)
[2018/1/14 - 20:03:26] Right hand Luke Henchman has lost connection.
[2018/1/14 - 20:03:29] Steve Faulkner has adjusted the withdraw rank for item 2 to 7.
[2018/1/14 - 20:03:34] Steve Faulkner has withdrawn 80 grams of Ecstasy from the safe.
[2018/1/14 - 20:06:27] Crit Snow has logged out.
[2018/1/14 - 20:10:56] Artur Voronkov has logged out.
[2018/1/14 - 20:12:02] Crit Snow has logged out.
[2018/1/14 - 20:14:32] Crit Snow has logged out.
[2018/1/14 - 20:22:59] Samuel Kingston has logged out.
[2018/1/14 - 20:24:18] Steve Faulkner has logged out.
[2018/1/14 - 20:28:50] Artur Voronkov has logged out.
[2018/1/14 - 20:34:08] Crit Snow has logged out.
[2018/1/14 - 20:55:48] Danny Johns has logged out.
[2018/1/14 - 20:58:09] Luke Henchman has logged out.
[2018/1/14 - 21:16:32] James Brandon has logged out.
[2018/1/14 - 21:24:24] Luke Henchman has logged out.
[2018/1/14 - 21:49:49] Steve Faulkner has logged out.
[2018/1/14 - 21:51:14] Underboss Steve Faulkner has lost connection.
[2018/1/14 - 22:21:44] Steve Faulkner has withdrawn 20 grams of Meth from the safe.
[2018/1/14 - 22:34:07] Jenson Lee (1000619196) accepted Underboss Steve Faulkner's (1000624970) invite to join La Reunion Espanola (28).
[2018/1/14 - 22:34:12] Underboss Steve Faulkner (1000624970) (rank 7) has given Jenson Lee (1000619196) rank 1 (Soldier) in La Reunion Espanola (28).
[2018/1/14 - 22:34:17] Underboss Steve Faulkner (1000624970) has set Jenson Lee's (1000619196) division to Recruit in La Reunion Espanola (28).
[2018/1/14 - 22:59:15] Bonjan Clevreman (1000615411) has quit the La Reunion Espanola as a rank 3
[2018/1/14 - 23:12:02] Max G Gold has logged out.
[2018/1/14 - 23:15:15] Harry Walker has logged out.
[2018/1/14 - 23:22:19] Steve Faulkner has logged out.
[2018/1/14 - 23:39:55] Jenson Lee has logged out.
[2018/1/14 - 23:47:00] Steve Faulkner has logged out.
[2018/1/14 - 23:47:12] Manager James Brandon has lost connection.
[2018/1/14 - 23:58:41] Manager James Brandon has lost connection.
