[2018/1/10 - 0:10:24] Steve Faulkner has authorized Andrew Mason to withdraw a Desert Eagle from the weapon locker (Cost: 5)
[2018/1/10 - 0:13:16] Personal Associate Steve Faulkner (1000624970) (rank 6) has given Sean Washington (22183) rank 3 (Fam) in La Reunion Espanola (
[2018/1/10 - 0:14:08] Personal Associate Steve Faulkner (1000624970) (rank 6) has given Sean Washington (22183) rank 4 (Adviser) in La Reunion Espano
[2018/1/10 - 0:24:30] Andrew Mason has logged out.
[2018/1/10 - 0:25:48] Adviser Sean Washington has lost connection.
[2018/1/10 - 0:25:55] Steve Faulkner has withdrawn a Desert Eagle from the weapon locker (Cost: 5)
[2018/1/10 - 0:29:40] Steve Faulkner has adjusted the withdraw rank for item 2 to 6.
[2018/1/10 - 0:29:54] Steve Faulkner has withdrawn 100 grams of Crack from the safe.
[2018/1/10 - 0:30:01] Steve Faulkner has withdrawn 20 grams of Meth from the safe.
[2018/1/10 - 0:30:08] Steve Faulkner has adjusted the withdraw rank for item 2 to 7.
[2018/1/10 - 0:51:42] Steve Faulkner has logged out.
[2018/1/10 - 0:52:36] Sean Washington (22183) has quit the La Reunion Espanola as a rank 4
[2018/1/10 - 2:54:49] Steve Faulkner has adjusted the withdraw rank for item 2 to 7.
[2018/1/10 - 2:56:14] Steve Faulkner has logged out.
[2018/1/10 - 6:02:33] Steve Faulkner has logged out.
[2018/1/10 - 10:23:17] Rubin Dios Gutierrez has withdrawn 200 grams of Crack from the safe.
[2018/1/10 - 10:23:29] Rubin Dios Gutierrez has withdrawn 200 grams of Pot from the safe.
[2018/1/10 - 10:23:36] Rubin Dios Gutierrez has withdrawn 100 grams of Meth from the safe.
[2018/1/10 - 10:24:15] Rubin Dios Gutierrez has withdrawn 200 grams of Crack from the safe.
[2018/1/10 - 10:24:19] Rubin Dios Gutierrez has withdrawn 400 grams of Pot from the safe.
[2018/1/10 - 10:24:28] Rubin Dios Gutierrez has withdrawn 100 grams of Meth from the safe.
[2018/1/10 - 10:24:33] Rubin Dios Gutierrez has logged out.
[2018/1/10 - 10:38:50] Manager James Brandon has lost connection.
[2018/1/10 - 10:49:07] Artur Voronkov has withdrawn a Desert Eagle from the weapon locker (Cost: 5)
[2018/1/10 - 10:49:42] Artur Voronkov has logged out.
[2018/1/10 - 11:32:15] Bonjan Clevreman has logged out.
[2018/1/10 - 12:01:53] Michael H Buenoh has logged out.
[2018/1/10 - 12:10:00] Rossi Stokes (1000625164) has quit the La Reunion Espanola as a rank 1
[2018/1/10 - 12:38:52] Artur Voronkov has withdrawn 100 grams of Meth from the safe.
[2018/1/10 - 12:38:58] Artur Voronkov has withdrawn 100 grams of Heroin from the safe.
[2018/1/10 - 12:39:07] Artur Voronkov has withdrawn 100 grams of Crack from the safe.
[2018/1/10 - 12:41:27] Lamar Whitman has withdrawn a Desert Eagle from the weapon locker (Cost: 5)
[2018/1/10 - 12:41:46] Artur Voronkov has authorized Lamar Whitman to withdraw a Shotgun from the weapon locker (Cost: 3)
[2018/1/10 - 12:46:38] Personal Associate Artur Voronkov has lost connection.
[2018/1/10 - 12:48:35] Manager James Brandon has lost connection.
[2018/1/10 - 12:51:12] Lamar Whitman has logged out.
[2018/1/10 - 12:56:06] Artur Voronkov has logged out.
[2018/1/10 - 13:06:37] Personal Associate Artur Voronkov has lost connection.
[2018/1/10 - 13:06:47] Personal Associate Rubin Dios Gutierrez (1000326695) has set Rubin Dios Gutierrez's (1000326695) division to Council in La Reun
[2018/1/10 - 13:17:41] Rubin Dios Gutierrez has logged out.
[2018/1/10 - 13:18:21] Luke Henchman has logged out.
[2018/1/10 - 13:27:07] Lamar Whitman (146251) has quit the La Reunion Espanola as a rank 6
[2018/1/10 - 13:29:13] Personal Associate Artur Voronkov has lost connection.
[2018/1/10 - 13:30:53] Rubin Dios Gutierrez has withdrawn 100 grams of Crack from the safe.
[2018/1/10 - 13:31:33] Rubin Dios Gutierrez has logged out.
[2018/1/10 - 13:35:32] Personal Associate Artur Voronkov has lost connection.
[2018/1/10 - 14:25:05] Rubin Dios Gutierrez has withdrawn 100 grams of Ecstasy from the safe.
[2018/1/10 - 14:25:12] Rubin Dios Gutierrez has withdrawn 40 grams of Ecstasy from the safe.
[2018/1/10 - 14:25:24] Rubin Dios Gutierrez has logged out.
[2018/1/10 - 14:58:47] Michael Dios Wing has withdrawn a Desert Eagle from the weapon locker (Cost: 5)
[2018/1/10 - 14:58:55] Michael Dios Wing has withdrawn 50 grams of Heroin from the safe.
[2018/1/10 - 14:59:02] Michael Dios Wing has withdrawn 400 grams of Crack from the safe.
[2018/1/10 - 15:14:26] Michael Dios Wing has withdrawn a Desert Eagle from the weapon locker (Cost: 5)
[2018/1/10 - 15:20:26] Michael Dios Wing has withdrawn a Desert Eagle from the weapon locker (Cost: 5)
[2018/1/10 - 15:25:17] Michael Dios Wing has withdrawn a Desert Eagle from the weapon locker (Cost: 5)
[2018/1/10 - 15:26:18] Underboss Michael Dios Wing has lost connection.
[2018/1/10 - 15:27:17] Newcomer Yvonne Snow has lost connection.
[2018/1/10 - 15:30:01] Rubin Dios Gutierrez has logged out.
[2018/1/10 - 15:30:03] Yvonne Snow has logged out.
[2018/1/10 - 15:35:42] Michael Dios Wing has logged out.
[2018/1/10 - 15:36:16] Rubin Dios Gutierrez has authorized Yvonne Snow to withdraw a Desert Eagle from the weapon locker (Cost: 5)
[2018/1/10 - 15:46:01] Yvonne Snow has logged out.
[2018/1/10 - 15:58:26] Rubin Dios Gutierrez has withdrawn a Desert Eagle from the weapon locker (Cost: 5)
[2018/1/10 - 15:58:41] Michael Dios Wing has withdrawn a Desert Eagle from the weapon locker (Cost: 5)
[2018/1/10 - 16:12:56] Michael Dios Wing has withdrawn a Desert Eagle from the weapon locker (Cost: 5)
[2018/1/10 - 16:12:57] Rubin Dios Gutierrez has withdrawn a Desert Eagle from the weapon locker (Cost: 5)
[2018/1/10 - 16:13:47] Eddie Maddoxx (1000626737) accepted Personal Associate Rubin Dios Gutierrez's (1000326695) invite to join La Reunion Espanola (28).
[2018/1/10 - 16:18:42] Rubin Dios Gutierrez has withdrawn a Desert Eagle from the weapon locker (Cost: 5)
[2018/1/10 - 16:22:43] Rubin Dios Gutierrez has logged out.
[2018/1/10 - 16:41:18] Eddie Maddoxx has logged out.
[2018/1/10 - 16:49:54] Rubin Dios Gutierrez has logged out.
[2018/1/10 - 17:03:07] Rubin Dios Gutierrez has withdrawn a Desert Eagle from the weapon locker (Cost: 5)
[2018/1/10 - 17:16:37] Michael Dios Wing has logged out.
[2018/1/10 - 17:20:41] Michael Dios Wing has logged out.
[2018/1/10 - 17:29:19] Personal Associate Rubin Dios Gutierrez (1000326695) (rank 6) has given Lei Dios Fuyu (1000067750) rank 4 (Adviser) in La Reuni
[2018/1/10 - 17:33:41] Personal Associate Rubin Dios Gutierrez has lost connection.
[2018/1/10 - 17:46:53] Newcomer Jack Leaf has lost connection.
[2018/1/10 - 17:53:22] Michael Dios Wing has withdrawn a Desert Eagle from the weapon locker (Cost: 5)
[2018/1/10 - 17:59:26] Neo Diablo has logged out.
[2018/1/10 - 18:00:40] Lei Dios Fuyu has logged out.
[2018/1/10 - 18:11:16] Personal Associate Rubin Dios Gutierrez has lost connection.
[2018/1/10 - 18:13:13] Jack Leaf has logged out.
[2018/1/10 - 18:18:06] Personal Associate Steve Faulkner (1000624970) (rank 6) has given Jack Leaf (1000503767) rank 2 (Manager) in La Reunion Espanol
[2018/1/10 - 18:19:06] Personal Associate Steve Faulkner (1000624970) has set Jack Leaf's (1000503767) division to ISIS Squad in La Reunion Espanola (
[2018/1/10 - 18:20:19] Steve Faulkner has withdrawn a Desert Eagle from the weapon locker (Cost: 5)
[2018/1/10 - 18:20:43] Rubin Dios Gutierrez has withdrawn a Desert Eagle from the weapon locker (Cost: 5)
[2018/1/10 - 18:24:53] Underboss Michael Dios Wing (1000246432) (rank 7) has given Rubin Dios Gutierrez (1000326695) rank 0 (Newcomer) in La Reunion E
[2018/1/10 - 18:25:11] Underboss Michael Dios Wing (1000246432) (rank 7) has given Rubin Dios Gutierrez (1000326695) rank 6 (Personal Associate) in La
[2018/1/10 - 18:36:03] Rubin Dios Gutierrez has logged out.
[2018/1/10 - 18:36:16] Steve Faulkner has withdrawn a Desert Eagle from the weapon locker (Cost: 5)
[2018/1/10 - 18:36:22] Steve Faulkner has authorized Jack Leaf to withdraw a Desert Eagle from the weapon locker (Cost: 5)
[2018/1/10 - 18:37:31] Rubin Dios Gutierrez has logged out.
[2018/1/10 - 18:38:20] Steve Faulkner has withdrawn 40 grams of Meth from the safe.
[2018/1/10 - 18:38:36] Steve Faulkner has adjusted the withdraw rank for item 2 to 7.
[2018/1/10 - 18:38:41] Steve Faulkner has adjusted the withdraw rank for item 2 to 6.
[2018/1/10 - 18:40:18] Rubin Dios Gutierrez has withdrawn a Desert Eagle from the weapon locker (Cost: 5)
[2018/1/10 - 18:40:55] Underboss Michael Dios Wing (1000246432) (rank 7) has given Steve Faulkner (1000624970) rank 0 (Newcomer) in La Reunion Espanol
[2018/1/10 - 18:41:04] Underboss Michael Dios Wing (1000246432) (rank 7) has given Steve Faulkner (1000624970) rank 6 (Personal Associate) in La Reuni
[2018/1/10 - 18:41:04] Rubin Dios Gutierrez has logged out.
[2018/1/10 - 18:41:04] Michael Dios Wing has logged out.
[2018/1/10 - 18:41:14] Personal Associate Steve Faulkner (1000624970) (rank 6) has given Jack Leaf (1000503767) rank 3 (Fam) in La Reunion Espanola (2
[2018/1/10 - 18:42:14] Steve Faulkner has logged out.
[2018/1/10 - 18:47:28] Fam Jack Leaf has lost connection.
[2018/1/10 - 20:22:28] Luke Henchman has logged out.
[2018/1/10 - 20:40:00] Lamar Whitman (146251) accepted Personal Associate Artur Voronkov's (1000624867) invite to join La Reunion Espanola (28).
[2018/1/10 - 20:40:02] Personal Associate Artur Voronkov (1000624867) (rank 6) has given Lamar Whitman (146251) rank 6 (Personal Associate) in La Reun
[2018/1/10 - 20:46:30] Artur Voronkov has logged out.
[2018/1/10 - 20:47:42] Personal Associate Lamar Whitman has lost connection.
[2018/1/10 - 20:58:36] Personal Associate Artur Voronkov has lost connection.
[2018/1/10 - 21:05:20] Clark Nelson (1000625338) has quit the La Reunion Espanola as a rank 0
[2018/1/10 - 21:08:59] Arturo Waters (1000576388) has quit the La Reunion Espanola as a rank 8
[2018/1/10 - 22:06:39] Steve Faulkner has adjusted the withdraw rank for item 2 to 7.
[2018/1/10 - 22:15:49] Artur Voronkov has withdrawn a Desert Eagle from the weapon locker (Cost: 5)
[2018/1/10 - 22:19:19] Steve Faulkner has withdrawn a Desert Eagle from the weapon locker (Cost: 5)
[2018/1/10 - 22:19:38] Steve Faulkner has adjusted the withdraw rank for item 1 to 6.
[2018/1/10 - 22:19:43] Steve Faulkner has withdrawn 5000 materials from the safe.
[2018/1/10 - 22:19:46] Steve Faulkner has adjusted the withdraw rank for item 1 to 8.
[2018/1/10 - 22:19:51] Steve Faulkner has adjusted the withdraw rank for item 2 to 6.
[2018/1/10 - 22:19:55] Steve Faulkner has withdrawn 20 grams of Heroin from the safe.
[2018/1/10 - 22:19:59] Steve Faulkner has withdrawn 20 grams of Ecstasy from the safe.
[2018/1/10 - 22:20:03] Steve Faulkner has withdrawn 20 grams of Meth from the safe.
[2018/1/10 - 22:20:08] Steve Faulkner has withdrawn 20 grams of Crack from the safe.
[2018/1/10 - 22:20:13] Steve Faulkner has withdrawn 75 grams of Pot from the safe.
[2018/1/10 - 22:20:18] Steve Faulkner has adjusted the withdraw rank for item 2 to 7.
[2018/1/10 - 22:31:32] Artur Voronkov has logged out.
[2018/1/10 - 22:32:19] Steve Faulkner has logged out.
