[2018/1/30 - 0:10:15] James H. Blacker (1000515026) has quit the La Reunion Espanola as a rank 4
[2018/1/30 - 1:38:17] Martin Lorenzo (1000426218) has quit the La Reunion Espanola as a rank 6
[2018/1/30 - 2:05:19] Ray Savage (1000628217) has quit the La Reunion Espanola as a rank 0
[2018/1/30 - 4:15:24] Joel Aki has logged out.
[2018/1/30 - 4:29:09] David Kleinman has logged out.
[2018/1/30 - 4:57:17] Tony Ryder has logged out.
[2018/1/30 - 4:58:27] Tony Ryder has logged out.
[2018/1/30 - 5:05:35] Tony Ryder has logged out.
[2018/1/30 - 6:00:31] Fam Dolev Venturas has lost connection.
[2018/1/30 - 6:09:05] Dolev Venturas has logged out.
[2018/1/30 - 6:46:06] Newcomer Tony Ryder has lost connection.
[2018/1/30 - 7:37:56] Jake Patofski has logged out.
[2018/1/30 - 7:38:31] Chan Saints Berlioz has logged out.
[2018/1/30 - 7:44:56] John Pat has logged out.
[2018/1/30 - 7:55:10] Kieron Gucci Pollard has logged out.
[2018/1/30 - 7:58:25] John Pat has logged out.
[2018/1/30 - 8:33:30] Kieron Gucci Pollard has logged out.
[2018/1/30 - 8:42:53] Pierre Dios Brank (1000180782) has quit the La Reunion Espanola as a rank 4
[2018/1/30 - 8:58:57] Chan Saints Berlioz (1000625990) has quit the La Reunion Espanola as a rank 0
[2018/1/30 - 9:03:16] Michael H Buenoh has authorized Tazz Buenoh to withdraw a Desert Eagle from the weapon locker (Cost: 5)
[2018/1/30 - 9:04:21] Adviser Tazz Buenoh has lost connection.
[2018/1/30 - 9:09:10] Kieron Gucci Pollard has logged out.
[2018/1/30 - 9:14:17] Michael H Buenoh has logged out.
[2018/1/30 - 9:30:05] Adviser Tazz Buenoh has lost connection.
[2018/1/30 - 9:49:18] Adviser Tazz Buenoh has lost connection.
[2018/1/30 - 9:53:27] Kieron Gucci Pollard has logged out.
[2018/1/30 - 9:57:05] Fam Kieron Gucci Pollard has lost connection.
[2018/1/30 - 10:01:27] Michael Dios Wing has withdrawn a Sniper Rifle from the weapon locker (Cost: 40)
[2018/1/30 - 10:04:13] Tony Ryder has deposited a SPAS-12 into the locker.
[2018/1/30 - 10:04:16] Tony Ryder has deposited a Sniper Rifle into the locker.
[2018/1/30 - 10:04:18] Tony Ryder has deposited a M4A1 into the locker.
[2018/1/30 - 10:07:24] Idan Cobra has logged out.
[2018/1/30 - 10:07:50] Newcomer Tony Ryder has lost connection.
[2018/1/30 - 10:09:50] Idan Cobra has logged out.
[2018/1/30 - 10:32:08] Rossi Datsik has logged out.
[2018/1/30 - 10:32:44] Kieron Gucci Pollard has logged out.
[2018/1/30 - 10:35:52] Don Michael Dios Wing (1000246432) (rank 8) has given Rossi Datsik (1000625164) rank 1 (Soldier) in La Reunion Espanola (28).
[2018/1/30 - 10:36:43] Don Michael Dios Wing (1000246432) (rank 8) has given Rossi Datsik (1000625164) rank 2 (Manager) in La Reunion Espanola (28).
[2018/1/30 - 10:41:02] Michael Dios Wing has authorized Tony Ryder to withdraw a Sniper Rifle from the weapon locker (Cost: 40)
[2018/1/30 - 10:44:27] Michael Dios Wing has authorized Tony Ryder to withdraw a SPAS-12 from the weapon locker (Cost: 30)
[2018/1/30 - 10:45:51] Fam Jay Mccullen has lost connection.
[2018/1/30 - 10:45:53] Fam Kieron Gucci Pollard has lost connection.
[2018/1/30 - 10:49:02] Michael Dios Wing has authorized Tony Ryder to withdraw a M4A1 from the weapon locker (Cost: 20)
[2018/1/30 - 10:56:24] Jabar Pollard (1000626831) accepted Don Michael Dios Wing's (1000246432) invite to join La Reunion Espanola (28).
[2018/1/30 - 10:59:00] Rossi Datsik has deposited a Sniper Rifle into the locker.
[2018/1/30 - 10:59:01] Rossi Datsik has deposited a M4A1 into the locker.
[2018/1/30 - 10:59:23] Michael Dios Wing has authorized Tony Ryder to withdraw a Desert Eagle from the weapon locker (Cost: 5)
[2018/1/30 - 11:04:35] Idan Cobra has logged out.
[2018/1/30 - 11:05:17] Tanner Salvador has withdrawn a Sniper Rifle from the weapon locker (Cost: 40)
[2018/1/30 - 11:05:19] Tanner Salvador has withdrawn a SPAS-12 from the weapon locker (Cost: 30)
[2018/1/30 - 11:05:19] Tanner Salvador has withdrawn a Desert Eagle from the weapon locker (Cost: 5)
[2018/1/30 - 11:05:50] Michael Dios Wing has withdrawn a Desert Eagle from the weapon locker (Cost: 5)
[2018/1/30 - 11:05:51] Tanner Salvador has authorized Jabar Pollard to withdraw a Desert Eagle from the weapon locker (Cost: 5)
[2018/1/30 - 11:07:00] Michael Dios Wing has authorized Rossi Datsik to withdraw a Sniper Rifle from the weapon locker (Cost: 40)
[2018/1/30 - 11:08:03] Tanner Salvador has authorized Rossi Datsik to withdraw a SPAS-12 from the weapon locker (Cost: 30)
[2018/1/30 - 11:09:02] Michael Dios Wing has authorized Rossi Datsik to withdraw a Desert Eagle from the weapon locker (Cost: 5)
[2018/1/30 - 11:09:28] Tanner Salvador has authorized Tony Ryder to withdraw a Desert Eagle from the weapon locker (Cost: 5)
[2018/1/30 - 11:11:13] Don Tanner Salvador (1000075072) (rank 8) has given Jabar Pollard (1000626831) rank 1 (Soldier) in La Reunion Espanola (28).
[2018/1/30 - 11:11:23] Don Tanner Salvador (1000075072) (rank 8) has given Jabar Pollard (1000626831) rank 0 (Newcomer) in La Reunion Espanola (28).
[2018/1/30 - 11:21:10] Tony Ryder has logged out.
[2018/1/30 - 11:31:58] Tanner Salvador has logged out.
[2018/1/30 - 11:33:32] Michael Dios Wing has withdrawn a Sniper Rifle from the weapon locker (Cost: 40)
[2018/1/30 - 11:37:32] Don Michael Dios Wing (1000246432) (rank 8) has given John Pat (1000373258) rank 0 (Newcomer) in La Reunion Espanola (28).
[2018/1/30 - 11:43:35] Newcomer Jabar Pollard has lost connection.
[2018/1/30 - 11:48:22] Don Michael Dios Wing (1000246432) (rank 8) has given John Pat (1000373258) rank 4 (Adviser) in La Reunion Espanola (28).
[2018/1/30 - 11:52:44] Michael Dios Wing has withdrawn a Sniper Rifle from the weapon locker (Cost: 40)
[2018/1/30 - 11:53:28] Ethan H Freeman has logged out.
[2018/1/30 - 11:55:13] Dolev Venturas has logged out.
[2018/1/30 - 11:57:39] Tanner Salvador has authorized Rossi Datsik to withdraw a Sniper Rifle from the weapon locker (Cost: 40)
[2018/1/30 - 11:58:16] Tanner Salvador has withdrawn a Sniper Rifle from the weapon locker (Cost: 40)
[2018/1/30 - 11:58:18] Tanner Salvador has withdrawn a SPAS-12 from the weapon locker (Cost: 30)
[2018/1/30 - 11:58:19] Tanner Salvador has withdrawn a Desert Eagle from the weapon locker (Cost: 5)
[2018/1/30 - 11:58:26] Tanner Salvador has withdrawn $184,000 from the safe.
[2018/1/30 - 11:58:29] Michael Dios Wing has withdrawn 500 grams of Pot from the safe.
[2018/1/30 - 11:58:31] Tanner Salvador has withdrawn 338 grams of Ecstasy from the safe.
[2018/1/30 - 11:58:36] Tanner Salvador has authorized Rossi Datsik to withdraw a SPAS-12 from the weapon locker (Cost: 30)
[2018/1/30 - 11:59:14] Michael Dios Wing has withdrawn a Desert Eagle from the weapon locker (Cost: 5)
[2018/1/30 - 11:59:26] Don Michael Dios Wing (1000246432) has set Marty S. Vespucci's (1000625748) division to untouchable in La Reunion Espanola (28)
[2018/1/30 - 11:59:59] Michael Dios Wing has withdrawn 200 grams of Ecstasy from the safe.
[2018/1/30 - 12:00:40] Michael Dios Wing has withdrawn a Desert Eagle from the weapon locker (Cost: 5)
[2018/1/30 - 12:05:01] Rubin Dios Gutierrez has logged out.
[2018/1/30 - 12:07:44] Michael Dios Wing has withdrawn a Desert Eagle from the weapon locker (Cost: 5)
[2018/1/30 - 12:07:48] Michael Dios Wing has authorized Marty S. Vespucci to withdraw a Desert Eagle from the weapon locker (Cost: 5)
[2018/1/30 - 12:07:52] Michael Dios Wing has withdrawn a Sniper Rifle from the weapon locker (Cost: 40)
[2018/1/30 - 12:08:13] Michael Dios Wing has authorized Rossi Datsik to withdraw a SPAS-12 from the weapon locker (Cost: 30)
[2018/1/30 - 12:08:53] Michael Dios Wing has authorized Marty S. Vespucci to withdraw a AK-47 from the weapon locker (Cost: 15)
[2018/1/30 - 12:10:49] Tanner Salvador has withdrawn a Sniper Rifle from the weapon locker (Cost: 40)
[2018/1/30 - 12:10:50] Tanner Salvador has withdrawn a SPAS-12 from the weapon locker (Cost: 30)
[2018/1/30 - 12:10:51] Tanner Salvador has withdrawn a Desert Eagle from the weapon locker (Cost: 5)
[2018/1/30 - 12:12:02] Jabar Pollard has logged out.
[2018/1/30 - 12:13:46] Fam Tracy Venturas has lost connection.
[2018/1/30 - 12:16:10] Marty S. Vespucci has logged out.
[2018/1/30 - 12:19:40] Tanner Salvador has logged out.
[2018/1/30 - 12:22:36] Tomy Lee has logged out.
[2018/1/30 - 12:29:42] Michael Dios Wing has logged out.
[2018/1/30 - 12:35:29] Marty S. Vespucci has logged out.
[2018/1/30 - 12:35:51] John Pat has logged out.
[2018/1/30 - 12:39:03] Rossi Datsik has logged out.
[2018/1/30 - 13:01:31] Fam Tracy Venturas has lost connection.
[2018/1/30 - 13:02:39] Fam Tracy Venturas has lost connection.
[2018/1/30 - 13:03:28] Fam Dolev Venturas has lost connection.
[2018/1/30 - 13:15:16] Martin D Lorenzo (1000424567) accepted Don Michael Dios Wing's (1000246432) invite to join La Reunion Espanola (28).
[2018/1/30 - 13:15:20] Don Michael Dios Wing (1000246432) (rank 8) has given Martin D Lorenzo (1000424567) rank 6 (Personal Associate) in La Reunion E
[2018/1/30 - 13:15:25] Don Michael Dios Wing (1000246432) (rank 8) has given Martin D Lorenzo (1000424567) rank 5 (Right hand) in La Reunion Espanola 
[2018/1/30 - 13:15:26] Don Michael Dios Wing (1000246432) (rank 8) has given Martin D Lorenzo (1000424567) rank 6 (Personal Associate) in La Reunion E
[2018/1/30 - 13:15:40] Michael Dios Wing has authorized Martin D Lorenzo to withdraw a Desert Eagle from the weapon locker (Cost: 5)
[2018/1/30 - 13:17:19] Martin D Lorenzo has logged out.
[2018/1/30 - 13:17:37] Michael Dios Wing has withdrawn a Sniper Rifle from the weapon locker (Cost: 40)
[2018/1/30 - 13:23:27] Michael Dios Wing has logged out.
[2018/1/30 - 13:24:52] Marty S. Vespucci has logged out.
[2018/1/30 - 13:42:40] Fam Tracy Venturas has lost connection.
[2018/1/30 - 13:49:32] Fam Tracy Venturas has lost connection.
[2018/1/30 - 13:53:53] Don Roy Gucci Cobra has lost connection.
[2018/1/30 - 13:56:15] Roy Gucci Cobra (1000531330) has changed MOTD for NOTICE TO EVERY MEMBER: Do not go near MBC unless it's turf or point, avoid i
[2018/1/30 - 14:01:13] Neo Croos (1000625524) accepted Don Roy Gucci Cobra's (1000531330) invite to join La Reunion Espanola (28).
[2018/1/30 - 14:06:47] Neo Croos has logged out.
[2018/1/30 - 14:07:13] Roy Gucci Cobra has authorized Marty S. Vespucci to withdraw a SPAS-12 from the weapon locker (Cost: 30)
[2018/1/30 - 14:08:58] Don Roy Gucci Cobra (1000531330) has set Marty S. Vespucci's (1000625748) division to General of RAF in La Reunion Espanola (28
[2018/1/30 - 14:09:06] Roy Gucci Cobra has authorized Marty S. Vespucci to withdraw a Desert Eagle from the weapon locker (Cost: 5)
[2018/1/30 - 14:11:50] Jay Mccullen has logged out.
[2018/1/30 - 14:13:12] Tanner Salvador has withdrawn a Sniper Rifle from the weapon locker (Cost: 40)
[2018/1/30 - 14:13:13] Tanner Salvador has withdrawn a SPAS-12 from the weapon locker (Cost: 30)
[2018/1/30 - 14:13:14] Tanner Salvador has withdrawn a Desert Eagle from the weapon locker (Cost: 5)
[2018/1/30 - 14:16:30] Roy Gucci Cobra has withdrawn 20 grams of Ecstasy from the safe.
[2018/1/30 - 14:21:48] Roy Gucci Cobra has deposited a Sniper Rifle into the locker.
[2018/1/30 - 14:22:11] Jay Mccullen has logged out.
[2018/1/30 - 14:23:01] Max Chaos (1000628146) accepted Don Roy Gucci Cobra's (1000531330) invite to join La Reunion Espanola (28).
[2018/1/30 - 14:23:53] Don Roy Gucci Cobra has lost connection.
[2018/1/30 - 14:24:20] Tanner Salvador has authorized Max Chaos to withdraw a Desert Eagle from the weapon locker (Cost: 5)
[2018/1/30 - 14:25:37] Don Tanner Salvador has lost connection.
[2018/1/30 - 14:28:41] Manager Idan Cobra has lost connection.
[2018/1/30 - 14:29:47] Tanner Salvador has withdrawn a Sniper Rifle from the weapon locker (Cost: 40)
[2018/1/30 - 14:29:48] Tanner Salvador has withdrawn a SPAS-12 from the weapon locker (Cost: 30)
[2018/1/30 - 14:29:49] Tanner Salvador has withdrawn a Desert Eagle from the weapon locker (Cost: 5)
[2018/1/30 - 14:30:02] Roy Gucci Cobra has withdrawn a Desert Eagle from the weapon locker (Cost: 5)
[2018/1/30 - 14:33:11] Roy Gucci Cobra has withdrawn 20 grams of Ecstasy from the safe.
[2018/1/30 - 14:33:34] John Pat has logged out.
[2018/1/30 - 14:33:53] Tanner Salvador has logged out.
[2018/1/30 - 14:34:13] Roy Gucci Cobra has withdrawn 100 grams of Ecstasy from the safe.
[2018/1/30 - 14:35:50] Roy Gucci Cobra has authorized Max Chaos to withdraw a Desert Eagle from the weapon locker (Cost: 5)
[2018/1/30 - 14:37:15] Roy Gucci Cobra has authorized Idan Cobra to withdraw a Desert Eagle from the weapon locker (Cost: 5)
[2018/1/30 - 14:38:41] Max Chaos has logged out.
[2018/1/30 - 14:39:56] Roy Gucci Cobra has withdrawn 12 grams of Ecstasy from the safe.
[2018/1/30 - 14:44:12] Marty S. Vespucci has logged out.
[2018/1/30 - 14:52:09] Personal Associate Richard Wingfield (1000052285) (rank 6) has given Jay Mccullen (1000625336) rank 2 (Manager) in La Reunion E
[2018/1/30 - 14:53:55] Don Roy Gucci Cobra has lost connection.
[2018/1/30 - 14:54:58] Jay Mccullen has logged out.
[2018/1/30 - 15:00:14] Jay Mccullen has logged out.
[2018/1/30 - 15:00:36] Manager Idan Cobra has lost connection.
[2018/1/30 - 15:00:43] Dolev Venturas has logged out.
[2018/1/30 - 15:03:08] Jay Mccullen has logged out.
[2018/1/30 - 15:03:43] Adviser Santeno Dimvera has lost connection.
[2018/1/30 - 15:05:41] Teddy Steels has deposited a M4A1 into the locker.
[2018/1/30 - 15:06:13] Stifler Gucci Cobra has logged out.
[2018/1/30 - 15:08:20] Stifler Gucci Cobra has authorized Jay Mccullen to withdraw a Desert Eagle from the weapon locker (Cost: 5)
[2018/1/30 - 15:08:46] Jay Mccullen has logged out.
[2018/1/30 - 15:08:49] Roy Gucci Cobra has authorized Idan Cobra to withdraw a Sniper Rifle from the weapon locker (Cost: 40)
[2018/1/30 - 15:08:55] Roy Gucci Cobra has withdrawn a Sniper Rifle from the weapon locker (Cost: 40)
[2018/1/30 - 15:09:12] Don Roy Gucci Cobra has lost connection.
[2018/1/30 - 15:09:28] Richard Wingfield has set Sniper Rifle weapon restriction from rank 8+ to 6.
[2018/1/30 - 15:09:31] Richard Wingfield has set Desert Eagle weapon restriction from rank 8+ to 6.
[2018/1/30 - 15:09:35] Richard Wingfield has withdrawn a Desert Eagle from the weapon locker (Cost: 5)
[2018/1/30 - 15:09:37] Richard Wingfield has withdrawn a Sniper Rifle from the weapon locker (Cost: 40)
[2018/1/30 - 15:09:45] Richard Wingfield has set Desert Eagle weapon restriction from rank 6+ to 8.
[2018/1/30 - 15:09:48] Richard Wingfield has set Sniper Rifle weapon restriction from rank 6+ to 8.
[2018/1/30 - 15:10:12] Richard Wingfield has adjusted the withdraw rank for item 2 to 6.
[2018/1/30 - 15:10:20] Richard Wingfield has withdrawn 20 grams of Ecstasy from the safe.
[2018/1/30 - 15:10:23] Richard Wingfield has adjusted the withdraw rank for item 2 to 8.
[2018/1/30 - 15:10:38] Santeno Dimvera has logged out.
[2018/1/30 - 15:12:58] Idan Cobra has logged out.
[2018/1/30 - 15:13:21] Roy Gucci Cobra has withdrawn 20 grams of Ecstasy from the safe.
[2018/1/30 - 15:13:54] Don Stifler Gucci Cobra (1000531316) (rank 8) has given Jay Mccullen (1000625336) rank 3 (Fam) in La Reunion Espanola (28).
[2018/1/30 - 15:14:47] Don Roy Gucci Cobra has lost connection.
[2018/1/30 - 15:15:51] Don Stifler Gucci Cobra has lost connection.
[2018/1/30 - 15:20:06] Roy Gucci Cobra has authorized Jay Mccullen to withdraw a Desert Eagle from the weapon locker (Cost: 5)
[2018/1/30 - 15:20:26] Roy Gucci Cobra has withdrawn a Desert Eagle from the weapon locker (Cost: 5)
[2018/1/30 - 15:20:28] Roy Gucci Cobra has withdrawn a SPAS-12 from the weapon locker (Cost: 30)
[2018/1/30 - 15:20:31] Roy Gucci Cobra has withdrawn 20 grams of Ecstasy from the safe.
[2018/1/30 - 15:21:29] Roy Gucci Cobra has withdrawn 20 grams of Ecstasy from the safe.
[2018/1/30 - 15:21:47] Roy Gucci Cobra has authorized Teddy Steels to withdraw a Sniper Rifle from the weapon locker (Cost: 40)
[2018/1/30 - 15:22:10] Roy Gucci Cobra has withdrawn 20 grams of Ecstasy from the safe.
[2018/1/30 - 15:22:44] Roy Gucci Cobra has authorized Tracy Venturas to withdraw a M4A1 from the weapon locker (Cost: 20)
[2018/1/30 - 15:22:47] Roy Gucci Cobra has authorized Dario Flowers to withdraw a Desert Eagle from the weapon locker (Cost: 5)
[2018/1/30 - 15:23:57] Don Roy Gucci Cobra has lost connection.
[2018/1/30 - 15:25:02] Richard Wingfield has authorized Tomy Lee to withdraw a M4A1 from the weapon locker (Cost: 20)
[2018/1/30 - 15:29:53] Dario Flowers has logged out.
[2018/1/30 - 15:30:54] Jay Mccullen has logged out.
[2018/1/30 - 15:32:53] Personal Associate Richard Wingfield (1000052285) (rank 6) has uninvited Kieron Gucci Pollard (1000625376) (rank 3) from La Reu
[2018/1/30 - 15:33:00] Kieron Gucci Pollard (1000625376) accepted Personal Associate Richard Wingfield's (1000052285) invite to join La Reunion Espanola (28).
[2018/1/30 - 15:33:02] Benny Mcfield (1000627543) has quit the La Reunion Espanola as a rank 0
[2018/1/30 - 15:33:24] Don Roy Gucci Cobra (1000531330) (rank 8) has given Kieron Gucci Pollard (1000625376) rank 3 (Fam) in La Reunion Espanola (28).
[2018/1/30 - 15:33:30] Personal Associate Richard Wingfield (1000052285) (rank 6) has given Kieron Gucci Pollard (1000625376) rank 3 (Fam) in La Reuni
[2018/1/30 - 15:33:35] Don Stifler Gucci Cobra (1000531316) (rank 8) has given Kieron Gucci Pollard (1000625376) rank 3 (Fam) in La Reunion Espanola (
[2018/1/30 - 15:34:29] Roy Gucci Cobra has authorized Jay Mccullen to withdraw a Desert Eagle from the weapon locker (Cost: 5)
[2018/1/30 - 15:34:42] Stifler Gucci Cobra has withdrawn a Desert Eagle from the weapon locker (Cost: 5)
[2018/1/30 - 15:34:43] Stifler Gucci Cobra has withdrawn a M4A1 from the weapon locker (Cost: 20)
[2018/1/30 - 15:34:44] Stifler Gucci Cobra has withdrawn a SPAS-12 from the weapon locker (Cost: 30)
[2018/1/30 - 15:34:44] Stifler Gucci Cobra has withdrawn a Sniper Rifle from the weapon locker (Cost: 40)
[2018/1/30 - 15:34:53] Stifler Gucci Cobra has withdrawn 1000 grams of Pot from the safe.
[2018/1/30 - 15:34:56] Stifler Gucci Cobra has withdrawn 1000 grams of Crack from the safe.
[2018/1/30 - 15:34:59] Stifler Gucci Cobra has withdrawn 200 grams of Meth from the safe.
[2018/1/30 - 15:35:04] Stifler Gucci Cobra has withdrawn 100 grams of Ecstasy from the safe.
[2018/1/30 - 15:35:09] Stifler Gucci Cobra has withdrawn 250 grams of Heroin from the safe.
[2018/1/30 - 15:38:34] Stifler Gucci Cobra has authorized Teddy Steels to withdraw a Desert Eagle from the weapon locker (Cost: 5)
[2018/1/30 - 15:41:27] Roy Gucci Cobra has withdrawn a Desert Eagle from the weapon locker (Cost: 5)
[2018/1/30 - 15:41:28] Roy Gucci Cobra has withdrawn a SPAS-12 from the weapon locker (Cost: 30)
[2018/1/30 - 15:41:52] Roy Gucci Cobra has withdrawn 20 grams of Ecstasy from the safe.
[2018/1/30 - 15:42:42] Roy Gucci Cobra has authorized Kieron Gucci Pollard to withdraw a Desert Eagle from the weapon locker (Cost: 5)
[2018/1/30 - 15:44:37] Richard Wingfield has logged out.
[2018/1/30 - 15:45:09] Jay Mccullen has logged out.
[2018/1/30 - 15:45:43] Roy Gucci Cobra has withdrawn 40 grams of Ecstasy from the safe.
[2018/1/30 - 15:46:35] Roy Gucci Cobra has authorized Tracy Venturas to withdraw a M4A1 from the weapon locker (Cost: 20)
[2018/1/30 - 15:47:00] Christian Washington (1000194941) accepted Personal Associate Artur Voronkov's (1000624867) invite to join La Reunion Espanola (28).
[2018/1/30 - 15:47:26] Roy Gucci Cobra has authorized Christian Washington to withdraw a Desert Eagle from the weapon locker (Cost: 5)
[2018/1/30 - 15:48:14] Don Roy Gucci Cobra (1000531330) (rank 8) has given Christian Washington (1000194941) rank 1 (Soldier) in La Reunion Espanola (
[2018/1/30 - 15:48:15] Tracy Venturas has deposited a M4A1 into the locker.
[2018/1/30 - 15:48:15] Don Stifler Gucci Cobra (1000531316) (rank 8) has given Christian Washington (1000194941) rank 1 (Soldier) in La Reunion Espano
[2018/1/30 - 15:49:11] Roy Gucci Cobra has authorized Tracy Venturas to withdraw a M4A1 from the weapon locker (Cost: 20)
[2018/1/30 - 15:52:16] Roy Gucci Cobra has authorized Jay Mccullen to withdraw a Desert Eagle from the weapon locker (Cost: 5)
[2018/1/30 - 15:53:59] Don Roy Gucci Cobra has lost connection.
[2018/1/30 - 15:55:37] Don Roy Gucci Cobra (1000531330) (rank 8) has given Teddy Steels (1000591506) rank 5 (Right hand) in La Reunion Espanola (28).
[2018/1/30 - 15:55:40] Stifler Gucci Cobra has authorized Artur Voronkov to withdraw a Desert Eagle from the weapon locker (Cost: 5)
[2018/1/30 - 15:56:54] Personal Associate Artur Voronkov has lost connection.
[2018/1/30 - 15:58:43] Christian Washington has logged out.
[2018/1/30 - 16:00:23] Jay Mccullen has logged out.
[2018/1/30 - 16:02:41] Fam Jay Mccullen has lost connection.
[2018/1/30 - 16:10:45] Pump Gucci Cobra has logged out.
[2018/1/30 - 16:11:02] Stifler Gucci Cobra has withdrawn a Desert Eagle from the weapon locker (Cost: 5)
[2018/1/30 - 16:11:04] Stifler Gucci Cobra has withdrawn a M4A1 from the weapon locker (Cost: 20)
[2018/1/30 - 16:13:05] Richard Wingfield has authorized Artur Voronkov to withdraw a Desert Eagle from the weapon locker (Cost: 5)
[2018/1/30 - 16:13:07] Richard Wingfield has authorized Dolev Venturas to withdraw a Desert Eagle from the weapon locker (Cost: 5)
[2018/1/30 - 16:14:16] Roy Gucci Cobra has authorized Neo Croos to withdraw a Desert Eagle from the weapon locker (Cost: 5)
[2018/1/30 - 16:14:26] Roy Gucci Cobra has authorized Richard Wingfield to withdraw a SPAS-12 from the weapon locker (Cost: 30)
[2018/1/30 - 16:15:47] Roy Gucci Cobra has authorized Tracy Venturas to withdraw a M4A1 from the weapon locker (Cost: 20)
[2018/1/30 - 16:15:52] Tracy Venturas has logged out.
[2018/1/30 - 16:19:13] Don Stifler Gucci Cobra (1000531316) (rank 8) has given Kieron Gucci Pollard (1000625376) rank 4 (Adviser) in La Reunion Espano
[2018/1/30 - 16:20:26] Roy Gucci Cobra has deposited a M4A1 into the locker.
[2018/1/30 - 16:20:27] Roy Gucci Cobra has deposited a SPAS-12 into the locker.
[2018/1/30 - 16:20:35] Roy Gucci Cobra has authorized Neo Croos to withdraw a Desert Eagle from the weapon locker (Cost: 5)
[2018/1/30 - 16:20:44] Don Roy Gucci Cobra (1000531330) (rank 8) has given Teddy Steels (1000591506) rank 6 (Personal Associate) in La Reunion Espanol
[2018/1/30 - 16:21:21] Don Roy Gucci Cobra (1000531330) (rank 8) has given Dolev Venturas (1000625197) rank 4 (Adviser) in La Reunion Espanola (28).
[2018/1/30 - 16:21:25] Don Roy Gucci Cobra (1000531330) (rank 8) has given Pump Gucci Cobra (1000624939) rank 3 (Fam) in La Reunion Espanola (28).
[2018/1/30 - 16:21:28] Don Stifler Gucci Cobra (1000531316) (rank 8) has given Pump Gucci Cobra (1000624939) rank 3 (Fam) in La Reunion Espanola (28).
[2018/1/30 - 16:21:34] Don Roy Gucci Cobra (1000531330) (rank 8) has given Neo Croos (1000625524) rank 1 (Soldier) in La Reunion Espanola (28).
[2018/1/30 - 16:21:52] Roy Gucci Cobra has authorized Pump Gucci Cobra to withdraw a AK-47 from the weapon locker (Cost: 15)
[2018/1/30 - 16:24:01] Don Roy Gucci Cobra has lost connection.
[2018/1/30 - 16:25:06] Dolev Venturas has logged out.
[2018/1/30 - 16:25:26] Artur Voronkov has authorized Teddy Steels to withdraw a SPAS-12 from the weapon locker (Cost: 30)
[2018/1/30 - 16:30:07] Roy Gucci Cobra has withdrawn a Desert Eagle from the weapon locker (Cost: 5)
[2018/1/30 - 16:30:07] Roy Gucci Cobra has withdrawn a SPAS-12 from the weapon locker (Cost: 30)
[2018/1/30 - 16:30:12] Roy Gucci Cobra has withdrawn 20 grams of Ecstasy from the safe.
[2018/1/30 - 16:30:43] Roy Gucci Cobra has authorized Tomy Lee to withdraw a Desert Eagle from the weapon locker (Cost: 5)
[2018/1/30 - 16:31:49] Don Roy Gucci Cobra has lost connection.
[2018/1/30 - 16:39:35] Tomy Lee has logged out.
[2018/1/30 - 16:39:40] Stifler Gucci Cobra has logged out.
[2018/1/30 - 16:40:09] Fam Pump Gucci Cobra has lost connection.
[2018/1/30 - 16:41:48] Pump Gucci Cobra has logged out.
[2018/1/30 - 16:41:59] Neo Croos has logged out.
[2018/1/30 - 16:42:33] Roy Gucci Cobra has logged out.
[2018/1/30 - 16:42:52] Kieron Gucci Pollard has logged out.
[2018/1/30 - 16:43:43] Richard Wingfield has authorized Marty S. Vespucci to withdraw a AK-47 from the weapon locker (Cost: 15)
[2018/1/30 - 16:44:38] Daniel Prim has logged out.
[2018/1/30 - 16:45:17] Pump Gucci Cobra has logged out.
[2018/1/30 - 16:46:27] Neo Croos has logged out.
[2018/1/30 - 16:46:43] Adviser Kieron Gucci Pollard has lost connection.
[2018/1/30 - 16:49:36] Stifler Gucci Cobra has deposited a SPAS-12 into the locker.
[2018/1/30 - 16:49:36] Stifler Gucci Cobra has deposited a M4A1 into the locker.
[2018/1/30 - 16:49:37] Stifler Gucci Cobra has deposited a Sniper Rifle into the locker.
[2018/1/30 - 16:52:02] Joel Aki has logged out.
[2018/1/30 - 16:54:33] Stifler Gucci Cobra has withdrawn a AK-47 from the weapon locker (Cost: 15)
[2018/1/30 - 16:55:09] Crit Snow has logged in.
[2018/1/30 - 16:55:21] Stifler Gucci Cobra has withdrawn a Desert Eagle from the weapon locker (Cost: 5)
[2018/1/30 - 16:55:38] Stifler Gucci Cobra has authorized Joel Aki to withdraw a SPAS-12 from the weapon locker (Cost: 30)
[2018/1/30 - 17:03:05] Marty S. Vespucci has logged out.
[2018/1/30 - 17:03:06] Stifler Gucci Cobra has authorized Teddy Steels to withdraw a Sniper Rifle from the weapon locker (Cost: 40)
[2018/1/30 - 17:05:13] Stifler Gucci Cobra has authorized Teddy Steels to withdraw a Desert Eagle from the weapon locker (Cost: 5)
[2018/1/30 - 17:05:19] Stifler Gucci Cobra has withdrawn a M4A1 from the weapon locker (Cost: 20)
[2018/1/30 - 17:05:21] Stifler Gucci Cobra has withdrawn a SPAS-12 from the weapon locker (Cost: 30)
[2018/1/30 - 17:05:23] Stifler Gucci Cobra has withdrawn a Sniper Rifle from the weapon locker (Cost: 40)
[2018/1/30 - 17:06:30] Stifler Gucci Cobra has withdrawn a SPAS-12 from the weapon locker (Cost: 30)
[2018/1/30 - 17:07:48] Stifler Gucci Cobra has withdrawn a M4A1 from the weapon locker (Cost: 20)
[2018/1/30 - 17:07:49] Stifler Gucci Cobra has withdrawn a SPAS-12 from the weapon locker (Cost: 30)
[2018/1/30 - 17:07:58] Stifler Gucci Cobra has withdrawn a SPAS-12 from the weapon locker (Cost: 30)
[2018/1/30 - 17:10:33] Joel Aki has logged out.
[2018/1/30 - 17:10:43] Stifler Gucci Cobra has deposited a SPAS-12 into the locker.
[2018/1/30 - 17:10:44] Stifler Gucci Cobra has deposited a M4A1 into the locker.
[2018/1/30 - 17:10:44] Stifler Gucci Cobra has deposited a Sniper Rifle into the locker.
[2018/1/30 - 17:12:20] Stifler Gucci Cobra has withdrawn 30 grams of Meth from the safe.
[2018/1/30 - 17:12:24] Stifler Gucci Cobra has withdrawn 799 grams of Crack from the safe.
[2018/1/30 - 17:12:30] Stifler Gucci Cobra has withdrawn 928 grams of Pot from the safe.
[2018/1/30 - 17:12:53] Stifler Gucci Cobra has withdrawn a Desert Eagle from the weapon locker (Cost: 5)
[2018/1/30 - 17:12:54] Stifler Gucci Cobra has withdrawn a M4A1 from the weapon locker (Cost: 20)
[2018/1/30 - 17:12:56] Stifler Gucci Cobra has withdrawn a SPAS-12 from the weapon locker (Cost: 30)
[2018/1/30 - 17:12:57] Stifler Gucci Cobra has withdrawn a Sniper Rifle from the weapon locker (Cost: 40)
[2018/1/30 - 17:15:38] Roy Gucci Cobra has withdrawn 20 grams of Ecstasy from the safe.
[2018/1/30 - 17:16:38] Don Roy Gucci Cobra has lost connection.
[2018/1/30 - 17:19:23] Darren Speed Jr (115088) accepted Don Roy Gucci Cobra's (1000531330) invite to join La Reunion Espanola (28).
[2018/1/30 - 17:22:01] Roy Gucci Cobra has authorized Pump Gucci Cobra to withdraw a Desert Eagle from the weapon locker (Cost: 5)
[2018/1/30 - 17:24:06] Don Roy Gucci Cobra has lost connection.
[2018/1/30 - 17:32:13] Jenson Lee has deposited a AK-47 into the locker.
[2018/1/30 - 17:32:36] Darwin Watterson has logged out.
[2018/1/30 - 17:32:48] Artur Voronkov has authorized Jenson Lee to withdraw a SPAS-12 from the weapon locker (Cost: 30)
[2018/1/30 - 17:33:11] Artur Voronkov has authorized Idan Cobra to withdraw a SPAS-12 from the weapon locker (Cost: 30)
[2018/1/30 - 17:34:25] Jenson Lee has logged out.
[2018/1/30 - 17:38:15] Stifler Gucci Cobra has authorized Jabar Pollard to withdraw a AK-47 from the weapon locker (Cost: 15)
[2018/1/30 - 17:38:53] Stifler Gucci Cobra has authorized Jameis Winston to withdraw a Desert Eagle from the weapon locker (Cost: 5)
[2018/1/30 - 17:44:26] Stifler Gucci Cobra has withdrawn a M4A1 from the weapon locker (Cost: 20)
[2018/1/30 - 17:44:28] Stifler Gucci Cobra has withdrawn a Desert Eagle from the weapon locker (Cost: 5)
[2018/1/30 - 17:44:30] Michael H Buenoh has logged out.
[2018/1/30 - 17:46:24] Marty S. Vespucci has logged out.
[2018/1/30 - 17:48:24] Stifler Gucci Cobra has deposited a M4A1 into the locker.
[2018/1/30 - 17:48:27] Stifler Gucci Cobra has withdrawn a AK-47 from the weapon locker (Cost: 15)
[2018/1/30 - 17:48:41] Stifler Gucci Cobra has withdrawn a Sniper Rifle from the weapon locker (Cost: 40)
[2018/1/30 - 17:48:42] Stifler Gucci Cobra has withdrawn a AK-47 from the weapon locker (Cost: 15)
[2018/1/30 - 17:50:30] Stifler Gucci Cobra has authorized Richard Wingfield to withdraw a SPAS-12 from the weapon locker (Cost: 30)
[2018/1/30 - 17:51:06] Idan Cobra has logged out.
[2018/1/30 - 17:51:20] Stifler Gucci Cobra has withdrawn a M4A1 from the weapon locker (Cost: 20)
[2018/1/30 - 17:51:29] Marty S. Vespucci has logged out.
[2018/1/30 - 17:52:41] Neo Croos has logged out.
[2018/1/30 - 17:53:48] Fam Pump Gucci Cobra has lost connection.
[2018/1/30 - 17:56:02] Tanner Salvador has withdrawn a M4A1 from the weapon locker (Cost: 20)
[2018/1/30 - 17:57:17] Stifler Gucci Cobra has withdrawn a SPAS-12 from the weapon locker (Cost: 30)
[2018/1/30 - 17:58:35] Stifler Gucci Cobra has withdrawn a SPAS-12 from the weapon locker (Cost: 30)
[2018/1/30 - 18:04:51] Roy Gucci Cobra has withdrawn a Desert Eagle from the weapon locker (Cost: 5)
[2018/1/30 - 18:04:52] Roy Gucci Cobra has withdrawn a SPAS-12 from the weapon locker (Cost: 30)
[2018/1/30 - 18:07:00] Tanner Salvador has authorized Crit Snow to withdraw a Desert Eagle from the weapon locker (Cost: 5)
[2018/1/30 - 18:07:57] Stifler Gucci Cobra has withdrawn $50,000 from the safe.
[2018/1/30 - 18:08:00] Stifler Gucci Cobra has withdrawn a Desert Eagle from the weapon locker (Cost: 5)
[2018/1/30 - 18:09:15] Shollex Smith (865572) accepted Don Tanner Salvador's (1000075072) invite to join La Reunion Espanola (28).
[2018/1/30 - 18:09:22] Don Tanner Salvador (1000075072) (rank 8) has given Shollex Smith (865572) rank 3 (Fam) in La Reunion Espanola (28).
[2018/1/30 - 18:10:18] Crit Snow (1000624823) has quit the La Reunion Espanola as a rank 4
[2018/1/30 - 18:10:26] Dark Smith has logged out.
[2018/1/30 - 18:11:58] Don Roy Gucci Cobra has lost connection.
[2018/1/30 - 18:13:56] Stifler Gucci Cobra has authorized Shollex Smith to withdraw a Desert Eagle from the weapon locker (Cost: 5)
[2018/1/30 - 18:14:38] Roy Gucci Cobra has authorized Martin D Lorenzo to withdraw a AK-47 from the weapon locker (Cost: 15)
[2018/1/30 - 18:16:01] Roy Gucci Cobra has authorized Shollex Smith to withdraw a Sniper Rifle from the weapon locker (Cost: 40)
[2018/1/30 - 18:19:03] Don Roy Gucci Cobra has lost connection.
[2018/1/30 - 18:22:14] Fernando Dayson has withdrawn 2000 grams of Pot from the safe.
[2018/1/30 - 18:22:21] Fernando Dayson has withdrawn 1700 grams of Crack from the safe.
[2018/1/30 - 18:22:30] Fernando Dayson has withdrawn 80 grams of Ecstasy from the safe.
[2018/1/30 - 18:22:35] Fernando Dayson has withdrawn 300 grams of Heroin from the safe.
[2018/1/30 - 18:22:43] Fernando Dayson has withdrawn 300 grams of Meth from the safe.
[2018/1/30 - 18:22:52] Don Stifler Gucci Cobra (1000531316) (rank 8) has uninvited Fernando Dayson (1000622968) (rank 8) from La Reunion Espanola (28)
[2018/1/30 - 18:22:59] Fernando Dayson (1000622968) accepted Don Stifler Gucci Cobra's (1000531316) invite to join La Reunion Espanola (28).
[2018/1/30 - 18:23:12] Fernando Dayson has logged out.
[2018/1/30 - 18:23:50] Stifler Gucci Cobra has withdrawn a Sniper Rifle from the weapon locker (Cost: 40)
[2018/1/30 - 18:24:09] Don Roy Gucci Cobra has lost connection.
[2018/1/30 - 18:27:21] Roy Gucci Cobra has logged out.
[2018/1/30 - 18:27:52] Stifler Gucci Cobra has withdrawn a Desert Eagle from the weapon locker (Cost: 5)
[2018/1/30 - 18:27:53] Stifler Gucci Cobra has withdrawn a M4A1 from the weapon locker (Cost: 20)
[2018/1/30 - 18:27:55] Stifler Gucci Cobra has withdrawn a SPAS-12 from the weapon locker (Cost: 30)
[2018/1/30 - 18:27:56] Stifler Gucci Cobra has withdrawn a Sniper Rifle from the weapon locker (Cost: 40)
[2018/1/30 - 18:28:10] Stifler Gucci Cobra has logged out.
[2018/1/30 - 18:30:40] Don Tanner Salvador has lost connection.
[2018/1/30 - 18:30:46] Martin D Lorenzo has logged out.
[2018/1/30 - 18:39:08] David Kleinman has logged out.
[2018/1/30 - 18:39:32] Teddy Steels has deposited a Sniper Rifle into the locker.
[2018/1/30 - 18:39:32] Teddy Steels has deposited a SPAS-12 into the locker.
[2018/1/30 - 18:41:15] Roy Gucci Cobra has withdrawn 20 grams of Ecstasy from the safe.
[2018/1/30 - 18:41:22] Tanner Salvador has authorized Teddy Steels to withdraw a Sniper Rifle from the weapon locker (Cost: 40)
[2018/1/30 - 18:41:35] Roy Gucci Cobra has set Desert Eagle weapon restriction from rank 8+ to 6.
[2018/1/30 - 18:41:41] Teddy Steels has withdrawn a Desert Eagle from the weapon locker (Cost: 5)
[2018/1/30 - 18:41:54] Roy Gucci Cobra has logged out.
[2018/1/30 - 18:43:18] Don Tanner Salvador has lost connection.
[2018/1/30 - 18:45:16] Jameis Winston has logged out.
[2018/1/30 - 18:45:26] Shollex Smith has logged out.
[2018/1/30 - 18:46:27] Shollex Smith has logged out.
[2018/1/30 - 18:49:19] Tanner Salvador has authorized Teddy Steels to withdraw a SPAS-12 from the weapon locker (Cost: 30)
[2018/1/30 - 18:49:52] Tanner Salvador has withdrawn 200 grams of Meth from the safe.
[2018/1/30 - 18:49:58] Tanner Salvador has withdrawn 1000 grams of Crack from the safe.
[2018/1/30 - 18:50:10] Tanner Salvador has withdrawn 88 grams of Ecstasy from the safe.
[2018/1/30 - 18:51:11] Tanner Salvador has authorized Jabar Pollard to withdraw a SPAS-12 from the weapon locker (Cost: 30)
[2018/1/30 - 18:52:05] Tanner Salvador has authorized Richard Wingfield to withdraw a M4A1 from the weapon locker (Cost: 20)
[2018/1/30 - 18:52:41] Richard Wingfield has deposited a M4A1 into the locker.
[2018/1/30 - 18:56:19] Tazz Buenoh has logged out.
[2018/1/30 - 18:57:13] Roy Gucci Cobra has withdrawn a Sniper Rifle from the weapon locker (Cost: 40)
[2018/1/30 - 18:57:23] Roy Gucci Cobra has withdrawn 20 grams of Ecstasy from the safe.
[2018/1/30 - 18:57:55] Roy Gucci Cobra has authorized Tazz Buenoh to withdraw a AK-47 from the weapon locker (Cost: 15)
[2018/1/30 - 18:58:11] Richard Wingfield has logged out.
[2018/1/30 - 18:59:39] Tanner Salvador has withdrawn a Sniper Rifle from the weapon locker (Cost: 40)
[2018/1/30 - 18:59:40] Tanner Salvador has withdrawn a SPAS-12 from the weapon locker (Cost: 30)
[2018/1/30 - 18:59:42] Tanner Salvador has withdrawn a AK-47 from the weapon locker (Cost: 15)
[2018/1/30 - 18:59:49] Tanner Salvador has deposited a AK-47 into the locker.
[2018/1/30 - 18:59:52] Tanner Salvador has withdrawn a M4A1 from the weapon locker (Cost: 20)
[2018/1/30 - 19:00:24] Newcomer David Kleinman has lost connection.
[2018/1/30 - 19:02:17] Tanner Salvador has authorized Kieron Gucci Pollard to withdraw a SPAS-12 from the weapon locker (Cost: 30)
[2018/1/30 - 19:02:41] Newcomer David Kleinman has lost connection.
[2018/1/30 - 19:04:43] Tazz Buenoh has logged out.
[2018/1/30 - 19:06:51] Richard Wingfield has logged out.
[2018/1/30 - 19:09:08] Roy Gucci Cobra has authorized Christian Washington to withdraw a M4A1 from the weapon locker (Cost: 20)
[2018/1/30 - 19:13:37] Stifler Gucci Cobra has withdrawn a Desert Eagle from the weapon locker (Cost: 5)
[2018/1/30 - 19:13:38] Stifler Gucci Cobra has withdrawn a M4A1 from the weapon locker (Cost: 20)
[2018/1/30 - 19:13:39] Stifler Gucci Cobra has withdrawn a SPAS-12 from the weapon locker (Cost: 30)
[2018/1/30 - 19:13:40] Stifler Gucci Cobra has withdrawn a Sniper Rifle from the weapon locker (Cost: 40)
[2018/1/30 - 19:15:42] Tanner Salvador has authorized Christian Washington to withdraw a M4A1 from the weapon locker (Cost: 20)
[2018/1/30 - 19:16:16] Roy Gucci Cobra has withdrawn a Desert Eagle from the weapon locker (Cost: 5)
[2018/1/30 - 19:16:17] Roy Gucci Cobra has withdrawn a SPAS-12 from the weapon locker (Cost: 30)
[2018/1/30 - 19:16:22] Roy Gucci Cobra has withdrawn 20 grams of Ecstasy from the safe.
[2018/1/30 - 19:16:58] Tazz Buenoh has logged out.
[2018/1/30 - 19:17:03] Tanner Salvador has authorized Shollex Smith to withdraw a Desert Eagle from the weapon locker (Cost: 5)
[2018/1/30 - 19:18:59] Teddy Steels has withdrawn a Desert Eagle from the weapon locker (Cost: 5)
[2018/1/30 - 19:19:08] Roy Gucci Cobra has authorized Teddy Steels to withdraw a SPAS-12 from the weapon locker (Cost: 30)
[2018/1/30 - 19:20:22] Christian Washington has logged out.
[2018/1/30 - 19:21:45] Don Tanner Salvador has lost connection.
[2018/1/30 - 19:22:35] Richard Wingfield has adjusted the withdraw rank for item 2 to 6.
[2018/1/30 - 19:22:40] Richard Wingfield has withdrawn 20 grams of Ecstasy from the safe.
[2018/1/30 - 19:22:44] Richard Wingfield has adjusted the withdraw rank for item 2 to 8.
[2018/1/30 - 19:22:54] Roy Gucci Cobra has authorized Richard Wingfield to withdraw a AK-47 from the weapon locker (Cost: 15)
[2018/1/30 - 19:23:30] Artur Voronkov has withdrawn a Desert Eagle from the weapon locker (Cost: 5)
[2018/1/30 - 19:23:39] Stifler Gucci Cobra has withdrawn a MP5 from the weapon locker (Cost: 5)
[2018/1/30 - 19:23:40] Stifler Gucci Cobra has withdrawn a M4A1 from the weapon locker (Cost: 20)
[2018/1/30 - 19:23:42] Stifler Gucci Cobra has withdrawn a Sniper Rifle from the weapon locker (Cost: 40)
[2018/1/30 - 19:24:14] Don Roy Gucci Cobra has lost connection.
[2018/1/30 - 19:25:33] Stifler Gucci Cobra has authorized Shollex Smith to withdraw a Desert Eagle from the weapon locker (Cost: 5)
[2018/1/30 - 19:25:54] Roy Gucci Cobra has withdrawn a Desert Eagle from the weapon locker (Cost: 5)
[2018/1/30 - 19:25:55] Roy Gucci Cobra has withdrawn a SPAS-12 from the weapon locker (Cost: 30)
[2018/1/30 - 19:25:58] Roy Gucci Cobra has withdrawn 20 grams of Ecstasy from the safe.
[2018/1/30 - 19:26:16] Stifler Gucci Cobra has withdrawn a Desert Eagle from the weapon locker (Cost: 5)
[2018/1/30 - 19:27:51] Martin D Lorenzo has withdrawn a Desert Eagle from the weapon locker (Cost: 5)
[2018/1/30 - 19:29:57] Roy Gucci Cobra has authorized Martin D Lorenzo to withdraw a AK-47 from the weapon locker (Cost: 15)
[2018/1/30 - 19:30:56] Roy Gucci Cobra has authorized Jabar Pollard to withdraw a Desert Eagle from the weapon locker (Cost: 5)
[2018/1/30 - 19:31:19] Roy Gucci Cobra has withdrawn 10 grams of Heroin from the safe.
[2018/1/30 - 19:32:27] Roy Gucci Cobra has authorized Dolev Venturas to withdraw a Desert Eagle from the weapon locker (Cost: 5)
[2018/1/30 - 19:33:25] Stifler Gucci Cobra has withdrawn a SPAS-12 from the weapon locker (Cost: 30)
[2018/1/30 - 19:34:28] Shollex Smith has logged out.
[2018/1/30 - 19:34:47] Roy Gucci Cobra has logged out.
[2018/1/30 - 19:36:10] Don Roy Gucci Cobra has lost connection.
[2018/1/30 - 19:36:27] Roy Gucci Cobra has logged out.
[2018/1/30 - 19:38:01] Personal Associate Martin D Lorenzo has lost connection.
[2018/1/30 - 19:39:38] David Kleinman has logged out.
[2018/1/30 - 19:41:02] Richard Wingfield has set Sniper Rifle weapon restriction from rank 8+ to 6.
[2018/1/30 - 19:41:08] Richard Wingfield has withdrawn a Sniper Rifle from the weapon locker (Cost: 40)
[2018/1/30 - 19:41:14] David Kleinman has logged out.
[2018/1/30 - 19:41:24] Richard Wingfield has set Sniper Rifle weapon restriction from rank 6+ to 8.
[2018/1/30 - 19:42:50] Stifler Gucci Cobra has logged out.
[2018/1/30 - 19:42:59] Tanner Salvador has withdrawn a SPAS-12 from the weapon locker (Cost: 30)
[2018/1/30 - 19:43:00] Tanner Salvador has withdrawn a Sniper Rifle from the weapon locker (Cost: 40)
[2018/1/30 - 19:43:01] Tanner Salvador has withdrawn a Desert Eagle from the weapon locker (Cost: 5)
[2018/1/30 - 19:44:12] Teddy Steels has withdrawn a Desert Eagle from the weapon locker (Cost: 5)
[2018/1/30 - 19:44:38] Tanner Salvador has authorized Teddy Steels to withdraw a Sniper Rifle from the weapon locker (Cost: 40)
[2018/1/30 - 19:49:03] David Kleinman has logged out.
[2018/1/30 - 19:50:24] Teddy Steels has logged out.
[2018/1/30 - 19:58:10] Newcomer David Kleinman has lost connection.
[2018/1/30 - 19:59:49] David Kleinman has logged out.
[2018/1/30 - 20:01:12] David Kleinman has logged out.
[2018/1/30 - 20:02:20] Michael H Buenoh has withdrawn a Desert Eagle from the weapon locker (Cost: 5)
[2018/1/30 - 20:04:21] Artur Voronkov has logged out.
[2018/1/30 - 20:19:58] Newcomer Jabar Pollard has lost connection.
[2018/1/30 - 20:21:25] Tanner Salvador has logged out.
[2018/1/30 - 20:21:48] Adviser Kieron Gucci Pollard has lost connection.
[2018/1/30 - 20:26:16] Michael H Buenoh has logged out.
[2018/1/30 - 20:26:18] Richard Wingfield has logged out.
[2018/1/30 - 20:28:11] David Kleinman has logged out.
[2018/1/30 - 20:29:18] Artur Voronkov has logged out.
[2018/1/30 - 20:29:32] Dolev Venturas has logged out.
[2018/1/30 - 20:47:53] David Kleinman has logged out.
[2018/1/30 - 20:51:52] Tomy Lee has logged out.
[2018/1/30 - 20:56:02] Newcomer David Kleinman has lost connection.
[2018/1/30 - 20:59:35] Michael H Buenoh has logged out.
[2018/1/30 - 21:00:19] Fam Tracy Venturas has lost connection.
[2018/1/30 - 21:04:50] Pump Gucci Cobra has logged out.
[2018/1/30 - 21:22:14] David Kleinman has logged out.
[2018/1/30 - 22:04:21] Michael H Buenoh has logged out.
[2018/1/30 - 22:17:51] David Kleinman has logged out.
[2018/1/30 - 22:20:19] Brandon Twinston has logged out.
[2018/1/30 - 22:36:26] Artur Voronkov has withdrawn a Desert Eagle from the weapon locker (Cost: 5)
[2018/1/30 - 22:49:57] Artur Voronkov has logged out.
[2018/1/30 - 23:58:14] David Kleinman has logged out.
