[2018/1/6 - 1:11:23] Roy Gucci Cobra has logged in.
[2018/1/6 - 1:19:07] Roy Gucci Cobra has withdrawn 50 grams of Heroin from the safe.
[2018/1/6 - 1:19:13] Roy Gucci Cobra has withdrawn 10 grams of Ecstasy from the safe.
[2018/1/6 - 1:19:30] Roy Gucci Cobra has withdrawn a Desert Eagle from the weapon locker (Cost: 5)
[2018/1/6 - 1:23:26] Roy Gucci Cobra has withdrawn a Desert Eagle from the weapon locker (Cost: 5)
[2018/1/6 - 1:23:31] Roy Gucci Cobra has withdrawn 20 grams of Ecstasy from the safe.
[2018/1/6 - 1:27:55] Steve Faulkner (1000624970) accepted Don Roy Gucci Cobra's (1000531330) invite to join La Reunion Espanola (28).
[2018/1/6 - 1:27:57] Don Roy Gucci Cobra (1000531330) (rank 8) has given Steve Faulkner (1000624970) rank 4 (Adviser) in La Reunion Espanola (28).
[2018/1/6 - 1:28:05] Roy Gucci Cobra has withdrawn 20 grams of Ecstasy from the safe.
[2018/1/6 - 1:28:08] Roy Gucci Cobra has withdrawn a Desert Eagle from the weapon locker (Cost: 5)
[2018/1/6 - 1:28:24] Sun Lu (1000168621) accepted Don Roy Gucci Cobra's (1000531330) invite to join La Reunion Espanola (28).
[2018/1/6 - 1:29:59] Don Roy Gucci Cobra has lost connection.
[2018/1/6 - 1:31:06] Roy Gucci Cobra has logged in.
[2018/1/6 - 1:32:00] Jassem Brrayana (1000178952) accepted Don Roy Gucci Cobra's (1000531330) invite to join La Reunion Espanola (28).
[2018/1/6 - 1:32:08] Mercer D Conor (1000137920) accepted Don Roy Gucci Cobra's (1000531330) invite to join La Reunion Espanola (28).
[2018/1/6 - 1:32:16] Roy Gucci Cobra has withdrawn a Sniper Rifle from the weapon locker (Cost: 40)
[2018/1/6 - 1:32:23] Roy Gucci Cobra has withdrawn 10 grams of Ecstasy from the safe.
[2018/1/6 - 1:32:34] Roy Gucci Cobra has withdrawn a SPAS-12 from the weapon locker (Cost: 30)
[2018/1/6 - 1:33:30] Roy Gucci Cobra has authorized Sun Lu to withdraw a Desert Eagle from the weapon locker (Cost: 5)
[2018/1/6 - 1:37:17] Newcomer Jassem Brrayana has lost connection.
[2018/1/6 - 1:40:26] Roy Gucci Cobra has withdrawn a Desert Eagle from the weapon locker (Cost: 5)
[2018/1/6 - 1:40:36] Roy Gucci Cobra has withdrawn 20 grams of Ecstasy from the safe.
[2018/1/6 - 1:40:43] Roy Gucci Cobra has authorized Steve Faulkner to withdraw a Desert Eagle from the weapon locker (Cost: 5)
[2018/1/6 - 1:41:09] Tyrell Michalz has logged in.
[2018/1/6 - 1:41:53] Don Roy Gucci Cobra has lost connection.
[2018/1/6 - 1:43:08] Roy Gucci Cobra has logged in.
[2018/1/6 - 1:43:34] Roy Gucci Cobra has authorized Sun Lu to withdraw a Desert Eagle from the weapon locker (Cost: 5)
[2018/1/6 - 1:44:22] Sun Lu has logged out.
[2018/1/6 - 1:45:01] Roy Gucci Cobra has authorized Mercer D Conor to withdraw a Desert Eagle from the weapon locker (Cost: 5)
[2018/1/6 - 1:50:05] Jassem Brrayana has logged in.
[2018/1/6 - 1:50:18] Newcomer Jassem Brrayana has lost connection.
[2018/1/6 - 1:50:38] Jassem Brrayana has logged in.
[2018/1/6 - 1:53:02] Steve Faulkner has logged out.
[2018/1/6 - 1:53:48] Steve Faulkner has logged in.
[2018/1/6 - 1:54:23] Roy Gucci Cobra has logged out.
[2018/1/6 - 1:55:49] Roy Gucci Cobra has logged in.
[2018/1/6 - 1:57:01] Roy Gucci Cobra has authorized Jassem Brrayana to withdraw a Desert Eagle from the weapon locker (Cost: 5)
[2018/1/6 - 1:57:50] Roy Gucci Cobra has withdrawn a Desert Eagle from the weapon locker (Cost: 5)
[2018/1/6 - 1:57:52] Roy Gucci Cobra has withdrawn a SPAS-12 from the weapon locker (Cost: 30)
[2018/1/6 - 1:57:57] Roy Gucci Cobra has withdrawn 15 grams of Ecstasy from the safe.
[2018/1/6 - 1:58:02] Roy Gucci Cobra has withdrawn 30 grams of Ecstasy from the safe.
[2018/1/6 - 1:59:25] Steve Faulkner has logged out.
[2018/1/6 - 1:59:58] Steve Faulkner has logged in.
[2018/1/6 - 2:00:02] Don Roy Gucci Cobra has lost connection.
[2018/1/6 - 2:01:32] Roy Gucci Cobra has logged in.
[2018/1/6 - 2:05:38] Adviser Steve Faulkner has lost connection.
[2018/1/6 - 2:06:10] Steve Faulkner has logged in.
[2018/1/6 - 2:09:20] Don Roy Gucci Cobra (1000531330) (rank 8) has given Tyrell Michalz (1000625295) rank 4 (Adviser) in La Reunion Espanola (28).
[2018/1/6 - 2:09:21] Don Roy Gucci Cobra (1000531330) (rank 8) has given Tyrell Michalz (1000625295) rank 3 (Fam) in La Reunion Espanola (28).
[2018/1/6 - 2:10:53] Roy Gucci Cobra has authorized Tyrell Michalz to withdraw a Desert Eagle from the weapon locker (Cost: 5)
[2018/1/6 - 2:10:59] Roy Gucci Cobra has adjusted the withdraw rank for item 2 to 3.
[2018/1/6 - 2:11:07] Tyrell Michalz has withdrawn 20 grams of Ecstasy from the safe.
[2018/1/6 - 2:11:28] Roy Gucci Cobra has adjusted the withdraw rank for item 2 to 8.
[2018/1/6 - 2:20:35] Roy Gucci Cobra has authorized Mercer D Conor to withdraw a Desert Eagle from the weapon locker (Cost: 5)
[2018/1/6 - 2:30:05] Don Roy Gucci Cobra has lost connection.
[2018/1/6 - 2:31:29] Roy Gucci Cobra has logged in.
[2018/1/6 - 2:33:39] Elisa Blaze has logged in.
[2018/1/6 - 2:34:16] Elisa Blaze has adjusted the withdraw rank for item 2 to 7.
[2018/1/6 - 2:34:24] Elisa Blaze has withdrawn 60 grams of Meth from the safe.
[2018/1/6 - 2:34:31] Elisa Blaze has adjusted the withdraw rank for item 2 to 8.
[2018/1/6 - 2:35:11] Elisa Blaze has logged out.
[2018/1/6 - 2:35:35] Tyrell Michalz has logged out.
[2018/1/6 - 2:36:37] Tyrell Michalz has logged in.
[2018/1/6 - 2:37:55] Elisa Blaze has logged in.
[2018/1/6 - 2:47:37] Roy Gucci Cobra has authorized Tyrell Michalz to withdraw a Desert Eagle from the weapon locker (Cost: 5)
[2018/1/6 - 2:48:28] Adviser Steve Faulkner has lost connection.
[2018/1/6 - 2:48:32] Jassem Brrayana has logged out.
[2018/1/6 - 2:49:03] Steve Faulkner has logged in.
[2018/1/6 - 2:51:32] Mercer D Conor has logged out.
[2018/1/6 - 2:56:37] Roy Gucci Cobra has authorized Tyrell Michalz to withdraw a Desert Eagle from the weapon locker (Cost: 5)
[2018/1/6 - 3:00:18] Don Roy Gucci Cobra has lost connection.
[2018/1/6 - 3:01:40] Roy Gucci Cobra has logged in.
[2018/1/6 - 3:06:58] Yuki Yamanaka has logged in.
[2018/1/6 - 3:20:23] Elisa Blaze has logged out.
[2018/1/6 - 3:20:44] Hartax Blacker has logged out.
[2018/1/6 - 3:29:53] Roy Gucci Cobra has withdrawn 50 grams of Ecstasy from the safe.
[2018/1/6 - 3:29:57] Roy Gucci Cobra has withdrawn 100 grams of Pot from the safe.
[2018/1/6 - 3:30:00] Roy Gucci Cobra has withdrawn 100 grams of Crack from the safe.
[2018/1/6 - 3:30:21] Don Roy Gucci Cobra has lost connection.
[2018/1/6 - 3:31:44] Roy Gucci Cobra has logged in.
[2018/1/6 - 3:32:14] Yuki Yamanaka has logged in.
[2018/1/6 - 3:34:45] Roy Gucci Cobra has authorized Tyrell Michalz to withdraw a AK-47 from the weapon locker (Cost: 15)
[2018/1/6 - 3:35:37] Roy Gucci Cobra has withdrawn a Desert Eagle from the weapon locker (Cost: 5)
[2018/1/6 - 3:37:10] Roy Gucci Cobra has authorized Yuki Yamanaka to withdraw a AK-47 from the weapon locker (Cost: 15)
[2018/1/6 - 3:37:19] Steve Faulkner has logged out.
[2018/1/6 - 3:38:10] Steve Faulkner has logged in.
[2018/1/6 - 3:44:43] Jassem Brrayana has logged in.
[2018/1/6 - 3:44:56] Newcomer Jassem Brrayana has lost connection.
[2018/1/6 - 3:45:08] Yuki Yamanaka (1000625568) has quit the La Reunion Espanola as a rank 2
[2018/1/6 - 3:45:13] Jassem Brrayana has logged in.
[2018/1/6 - 3:45:28] Newcomer Jassem Brrayana has lost connection.
[2018/1/6 - 3:46:38] Asiah Maiden Rizal has logged in.
[2018/1/6 - 3:47:05] Roy Gucci Cobra has authorized Asiah Maiden Rizal to withdraw a AK-47 from the weapon locker (Cost: 15)
[2018/1/6 - 3:47:30] Yuki Yamanaka (1000625568) accepted Don Roy Gucci Cobra's (1000531330) invite to join La Reunion Espanola (28).
[2018/1/6 - 3:47:35] Don Roy Gucci Cobra (1000531330) (rank 8) has given Yuki Yamanaka (1000625568) rank 1 (Soldier) in La Reunion Espanola (28).
[2018/1/6 - 3:47:54] Don Roy Gucci Cobra (1000531330) (rank 8) has given Yuki Yamanaka (1000625568) rank 2 (Manager) in La Reunion Espanola (28).
[2018/1/6 - 3:48:12] Ashley Wing Rizal has logged in.
[2018/1/6 - 3:50:20] Roy Gucci Cobra has authorized Ashley Wing Rizal to withdraw a AK-47 from the weapon locker (Cost: 15)
[2018/1/6 - 3:52:57] Roy Gucci Cobra has authorized Yuki Yamanaka to withdraw a AK-47 from the weapon locker (Cost: 15)
[2018/1/6 - 3:57:04] Don Roy Gucci Cobra (1000531330) (rank 8) has given Asiah Maiden Rizal (1000561537) rank 1 (Soldier) in La Reunion Espanola (28
[2018/1/6 - 3:57:08] Don Roy Gucci Cobra (1000531330) (rank 8) has given Asiah Maiden Rizal (1000561537) rank 2 (Manager) in La Reunion Espanola (28
[2018/1/6 - 3:57:11] Don Roy Gucci Cobra (1000531330) (rank 8) has given Ashley Wing Rizal (1000337773) rank 1 (Soldier) in La Reunion Espanola (28)
[2018/1/6 - 4:00:28] Jassem Brrayana has logged in.
[2018/1/6 - 4:00:29] Don Roy Gucci Cobra has lost connection.
[2018/1/6 - 4:00:43] Newcomer Jassem Brrayana has lost connection.
[2018/1/6 - 4:01:00] Jassem Brrayana has logged in.
[2018/1/6 - 4:01:12] Newcomer Jassem Brrayana has lost connection.
[2018/1/6 - 4:01:45] Roy Gucci Cobra has logged in.
[2018/1/6 - 4:01:56] Jassem Brrayana has logged in.
[2018/1/6 - 4:02:07] Newcomer Jassem Brrayana has lost connection.
[2018/1/6 - 4:02:34] Jassem Brrayana has logged in.
[2018/1/6 - 4:02:50] Newcomer Jassem Brrayana has lost connection.
[2018/1/6 - 4:04:00] Jassem Brrayana has logged in.
[2018/1/6 - 4:04:13] Newcomer Jassem Brrayana has lost connection.
[2018/1/6 - 4:04:32] Roy Gucci Cobra has authorized Steve Faulkner to withdraw a Desert Eagle from the weapon locker (Cost: 5)
[2018/1/6 - 4:06:43] Roy Gucci Cobra has authorized Tyrell Michalz to withdraw a AK-47 from the weapon locker (Cost: 25)
[2018/1/6 - 4:07:43] Roy Gucci Cobra has withdrawn a Desert Eagle from the weapon locker (Cost: 5)
[2018/1/6 - 4:07:45] Roy Gucci Cobra has withdrawn a SPAS-12 from the weapon locker (Cost: 50)
[2018/1/6 - 4:07:47] Roy Gucci Cobra has deposited a SPAS-12 into the locker.
[2018/1/6 - 4:08:03] Roy Gucci Cobra has authorized Asiah Maiden Rizal to withdraw a AK-47 from the weapon locker (Cost: 25)
[2018/1/6 - 4:09:03] Roy Gucci Cobra has authorized Asiah Maiden Rizal to withdraw a Desert Eagle from the weapon locker (Cost: 5)
[2018/1/6 - 4:09:39] Roy Gucci Cobra has adjusted the withdraw rank for item 0 to 8.
[2018/1/6 - 4:09:48] Roy Gucci Cobra has authorized Ashley Wing Rizal to withdraw a Desert Eagle from the weapon locker (Cost: 5)
[2018/1/6 - 4:10:08] Roy Gucci Cobra has authorized Yuki Yamanaka to withdraw a Desert Eagle from the weapon locker (Cost: 5)
[2018/1/6 - 4:10:09] Ashley Wing Rizal has logged out.
[2018/1/6 - 4:10:16] Asiah Maiden Rizal has logged out.
[2018/1/6 - 4:10:20] Tyrell Michalz has logged out.
[2018/1/6 - 4:10:24] Roy Gucci Cobra has logged out.
[2018/1/6 - 4:10:42] Jassem Brrayana has logged in.
[2018/1/6 - 4:11:46] Steve Faulkner has logged out.
[2018/1/6 - 4:12:32] Jassem Brrayana has logged out.
[2018/1/6 - 4:13:05] Jassem Brrayana has logged in.
[2018/1/6 - 4:13:18] Newcomer Jassem Brrayana has lost connection.
[2018/1/6 - 4:13:40] Jassem Brrayana has logged in.
[2018/1/6 - 4:39:47] Newcomer Jassem Brrayana has lost connection.
[2018/1/6 - 4:40:23] Jassem Brrayana has logged in.
[2018/1/6 - 4:50:34] Newcomer Jassem Brrayana has lost connection.
[2018/1/6 - 5:01:16] Steve Faulkner has logged in.
[2018/1/6 - 5:10:10] Yuki Yamanaka has logged out.
[2018/1/6 - 5:10:21] Adviser Steve Faulkner has lost connection.
[2018/1/6 - 5:10:52] Steve Faulkner has logged in.
[2018/1/6 - 5:16:15] Patrick K. Philipps has logged in.
[2018/1/6 - 5:32:07] Cindy Kato has logged in.
[2018/1/6 - 5:35:30] Bonjan Clevreman has logged in.
[2018/1/6 - 5:47:05] Steve Faulkner has logged out.
[2018/1/6 - 6:00:01] Tyrell Michalz has logged in.
[2018/1/6 - 6:04:21] Hans Biggums has logged in.
[2018/1/6 - 6:04:35] Yuki Yamanaka has logged in.
[2018/1/6 - 6:30:31] Bonjan Clevreman has logged out.
[2018/1/6 - 6:39:41] Cindy Kato has logged in.
[2018/1/6 - 6:42:08] Cindy Kato has logged in.
[2018/1/6 - 6:44:02] Hans Biggums has logged out.
[2018/1/6 - 6:44:17] Fam Tyrell Michalz has lost connection.
[2018/1/6 - 6:51:30] Patrick K. Philipps has logged out.
[2018/1/6 - 7:08:11] Lamar Whitman has logged in.
[2018/1/6 - 7:18:26] Asiah Maiden Rizal has logged in.
[2018/1/6 - 7:38:14] Right hand Lamar Whitman has lost connection.
[2018/1/6 - 7:50:27] Yuki Yamanaka has logged out.
[2018/1/6 - 7:51:59] Tyrell Michalz has logged in.
[2018/1/6 - 7:52:31] Gey Hanger has logged in.
[2018/1/6 - 7:57:49] Ashley Wing Rizal has logged in.
[2018/1/6 - 7:59:03] Patrick K. Philipps has logged in.
[2018/1/6 - 8:00:05] Gey Hanger has logged out.
[2018/1/6 - 8:11:01] Joe Celtia has logged in.
[2018/1/6 - 8:11:39] Ashley Wing Rizal has logged out.
[2018/1/6 - 8:11:43] Asiah Maiden Rizal has logged out.
[2018/1/6 - 8:27:52] Adviser Joe Celtia has lost connection.
[2018/1/6 - 8:35:47] Patrick K. Philipps has logged out.
[2018/1/6 - 8:36:23] Kiryu Kamishin has logged in.
[2018/1/6 - 8:36:52] Patrick K. Philipps has logged in.
[2018/1/6 - 8:40:14] Yuki Yamanaka has logged in.
[2018/1/6 - 8:42:19] Newcomer Patrick K. Philipps has lost connection.
[2018/1/6 - 8:42:43] Patrick K. Philipps has logged in.
[2018/1/6 - 8:49:08] Kiryu Kamishin has logged out.
[2018/1/6 - 8:49:14] Patrick K. Philipps has logged in.
[2018/1/6 - 8:49:45] Edward Lewis has logged in.
[2018/1/6 - 8:56:47] Manager Edward Lewis has lost connection.
[2018/1/6 - 8:57:35] Edward Lewis has logged in.
[2018/1/6 - 9:03:01] Manager Edward Lewis has lost connection.
[2018/1/6 - 9:03:19] Elisa Blaze has logged in.
[2018/1/6 - 9:05:22] Elisa Blaze has authorized Tyrell Michalz to withdraw a Desert Eagle from the weapon locker (Cost: 5)
[2018/1/6 - 9:07:03] Elisa Blaze has authorized Yuki Yamanaka to withdraw a Desert Eagle from the weapon locker (Cost: 5)
[2018/1/6 - 9:07:11] Elisa Blaze has withdrawn a Desert Eagle from the weapon locker (Cost: 5)
[2018/1/6 - 9:08:33] Elisa Blaze has logged out.
[2018/1/6 - 9:13:58] Tyrell Michalz has logged out.
[2018/1/6 - 9:15:18] Patrick K. Philipps has logged out.
[2018/1/6 - 9:16:05] Cindy Kato has logged in.
[2018/1/6 - 9:18:43] Patrick K. Philipps has logged in.
[2018/1/6 - 9:21:20] Patrick K. Philipps has logged out.
[2018/1/6 - 9:21:37] Arturo Dios Waters has logged in.
[2018/1/6 - 9:23:09] Arturo Dios Waters has withdrawn a Silenced Colt .45 from the weapon locker (Cost: 3)
[2018/1/6 - 9:25:21] Arturo Dios Waters has withdrawn a Desert Eagle from the weapon locker (Cost: 5)
[2018/1/6 - 9:29:46] John Pat (1000373258) accepted Don Arturo Dios Waters's (1000576388) invite to join La Reunion Espanola (28).
[2018/1/6 - 9:34:02] Don Arturo Dios Waters (1000576388) (rank 8) has given John Pat (1000373258) rank 2 (Manager) in La Reunion Espanola (28).
[2018/1/6 - 9:34:16] Don Arturo Dios Waters (1000576388) (rank 8) has given Yuki Yamanaka (1000625568) rank 3 (Fam) in La Reunion Espanola (28).
[2018/1/6 - 9:35:42] Arturo Dios Waters has authorized John Pat to withdraw a Desert Eagle from the weapon locker (Cost: 5)
[2018/1/6 - 9:36:25] Arturo Dios Waters has authorized Yuki Yamanaka to withdraw a AK-47 from the weapon locker (Cost: 25)
[2018/1/6 - 9:43:58] Roy Ryder has logged in.
[2018/1/6 - 9:44:40] Arturo Dios Waters has logged out.
[2018/1/6 - 9:56:28] Josh Yamanaka has logged in.
[2018/1/6 - 10:02:40] Josh Yamanaka has logged out.
[2018/1/6 - 10:05:33] Josh Yamanaka has logged in.
[2018/1/6 - 10:18:25] Arturo Dios Waters has logged in.
[2018/1/6 - 10:19:02] Roy Ryder has logged out.
[2018/1/6 - 10:19:03] Arturo Dios Waters has withdrawn a Desert Eagle from the weapon locker (Cost: 5)
[2018/1/6 - 10:19:12] Arturo Dios Waters has withdrawn 20 grams of Ecstasy from the safe.
[2018/1/6 - 10:20:07] Arturo Dios Waters has authorized Josh Yamanaka to withdraw a Desert Eagle from the weapon locker (Cost: 5)
[2018/1/6 - 10:20:10] Arturo Dios Waters has authorized John Pat to withdraw a Desert Eagle from the weapon locker (Cost: 5)
[2018/1/6 - 10:21:00] Draven Blevis (1000626087) accepted Don Arturo Dios Waters's (1000576388) invite to join La Reunion Espanola (28).
[2018/1/6 - 10:22:35] Arturo Dios Waters has authorized Yuki Yamanaka to withdraw a AK-47 from the weapon locker (Cost: 25)
[2018/1/6 - 10:24:12] Tyrell Michalz has logged in.
[2018/1/6 - 10:26:14] Arturo Dios Waters has authorized Tyrell Michalz to withdraw a Desert Eagle from the weapon locker (Cost: 5)
[2018/1/6 - 10:27:40] Tanner Salvador has logged in.
[2018/1/6 - 10:29:11] Josh Yamanaka has logged out.
[2018/1/6 - 10:29:13] Tanner Salvador has withdrawn a Desert Eagle from the weapon locker (Cost: 5)
[2018/1/6 - 10:29:15] Tanner Salvador has withdrawn a SPAS-12 from the weapon locker (Cost: 50)
[2018/1/6 - 10:29:17] Tanner Salvador has withdrawn a Sniper Rifle from the weapon locker (Cost: 75)
[2018/1/6 - 10:29:27] Tanner Salvador has withdrawn 35 grams of Ecstasy from the safe.
[2018/1/6 - 10:29:35] Tanner Salvador has withdrawn 5 grams of Ecstasy from the safe.
[2018/1/6 - 10:29:47] Arturo Dios Waters has authorized Tyrell Michalz to withdraw a Desert Eagle from the weapon locker (Cost: 5)
[2018/1/6 - 10:31:39] Gey Hanger has logged in.
[2018/1/6 - 10:32:24] Josh Yamanaka has logged in.
[2018/1/6 - 10:32:37] Rubin Dios Gutierrez has logged in.
[2018/1/6 - 10:33:42] Arturo Dios Waters has logged out.
[2018/1/6 - 10:38:12] Gey Hanger has logged out.
[2018/1/6 - 10:38:29] Jimmy Croos has logged in.
[2018/1/6 - 10:38:50] Gey Hanger has logged in.
[2018/1/6 - 10:39:09] Newcomer Jimmy Croos has lost connection.
[2018/1/6 - 10:39:34] Tanner Salvador has logged out.
[2018/1/6 - 10:41:57] Jimmy Croos has logged in.
[2018/1/6 - 10:42:28] Jimmy Croos has logged out.
[2018/1/6 - 10:45:15] Rubin Dios Gutierrez has authorized Josh Yamanaka to withdraw a MP5 from the weapon locker (Cost: 5)
[2018/1/6 - 10:45:36] Jimmy Croos has logged in.
[2018/1/6 - 10:45:37] Rubin Dios Gutierrez has authorized Yuki Yamanaka to withdraw a Desert Eagle from the weapon locker (Cost: 5)
[2018/1/6 - 10:46:19] Jimmy Croos has logged out.
[2018/1/6 - 10:47:20] Jimmy Croos has logged in.
[2018/1/6 - 10:50:01] Jimmy Croos has logged out.
[2018/1/6 - 10:51:06] Tracy Domrani has logged in.
[2018/1/6 - 10:56:15] Draven Blevis has logged out.
[2018/1/6 - 10:56:48] Patrick K. Philipps has logged in.
[2018/1/6 - 10:57:03] Escobar Philipps has logged in.
[2018/1/6 - 10:57:10] Rubin Dios Gutierrez has authorized Patrick K. Philipps to withdraw a Desert Eagle from the weapon locker (Cost: 5)
[2018/1/6 - 10:57:35] Newcomer Josh Yamanaka has lost connection.
[2018/1/6 - 10:57:53] Fam Yuki Yamanaka has lost connection.
[2018/1/6 - 10:58:06] Arturo Dios Waters has logged in.
[2018/1/6 - 10:58:10] Gey Hanger has logged out.
[2018/1/6 - 10:58:16] Rubin Dios Gutierrez has authorized Escobar Philipps to withdraw a Desert Eagle from the weapon locker (Cost: 5)
[2018/1/6 - 10:58:42] Josh Yamanaka has logged in.
[2018/1/6 - 10:58:58] Yuki Yamanaka has logged in.
[2018/1/6 - 10:59:31] Rubin Dios Gutierrez has authorized Yuki Yamanaka to withdraw a AK-47 from the weapon locker (Cost: 25)
[2018/1/6 - 10:59:36] Arturo Dios Waters has withdrawn a AK-47 from the weapon locker (Cost: 25)
[2018/1/6 - 10:59:36] Tomy Lee has logged in.
[2018/1/6 - 10:59:52] Arturo Dios Waters has withdrawn 200 grams of Crack from the safe.
[2018/1/6 - 11:00:05] Arturo Dios Waters has authorized Josh Yamanaka to withdraw a AK-47 from the weapon locker (Cost: 25)
[2018/1/6 - 11:00:08] Tracy Domrani has withdrawn a Desert Eagle from the weapon locker (Cost: 5)
[2018/1/6 - 11:00:28] Arturo Dios Waters has authorized Escobar Philipps to withdraw a AK-47 from the weapon locker (Cost: 25)
[2018/1/6 - 11:03:00] Tomy Lee has logged out.
[2018/1/6 - 11:03:38] Tomy Lee has logged in.
[2018/1/6 - 11:03:38] Cindy Kato has logged in.
[2018/1/6 - 11:05:41] Personal Associate Rubin Dios Gutierrez has lost connection.
[2018/1/6 - 11:05:54] Rubin Dios Gutierrez has logged in.
[2018/1/6 - 11:06:39] Tracy Domrani has withdrawn a Desert Eagle from the weapon locker (Cost: 5)
[2018/1/6 - 11:08:11] Tracy Domrani has withdrawn a Desert Eagle from the weapon locker (Cost: 5)
[2018/1/6 - 11:09:01] Artur Voronkov has logged in.
[2018/1/6 - 11:09:25] Rubin Dios Gutierrez has logged out.
[2018/1/6 - 11:09:47] Tracy Domrani has withdrawn a Desert Eagle from the weapon locker (Cost: 5)
[2018/1/6 - 11:09:49] Rubin Dios Gutierrez has logged in.
[2018/1/6 - 11:11:20] Tomy Lee has withdrawn a Desert Eagle from the weapon locker (Cost: 5)
[2018/1/6 - 11:12:08] Rubin Dios Gutierrez has withdrawn a Desert Eagle from the weapon locker (Cost: 5)
[2018/1/6 - 11:12:09] Rubin Dios Gutierrez has withdrawn a SPAS-12 from the weapon locker (Cost: 50)
[2018/1/6 - 11:12:39] Elisa Blaze has logged in.
[2018/1/6 - 11:13:09] Artur Voronkov has authorized Josh Yamanaka to withdraw a Desert Eagle from the weapon locker (Cost: 5)
[2018/1/6 - 11:13:13] Artur Voronkov has authorized Escobar Philipps to withdraw a Desert Eagle from the weapon locker (Cost: 5)
[2018/1/6 - 11:13:24] Artur Voronkov has withdrawn a Desert Eagle from the weapon locker (Cost: 5)
[2018/1/6 - 11:13:36] Artur Voronkov has authorized Patrick K. Philipps to withdraw a Desert Eagle from the weapon locker (Cost: 5)
[2018/1/6 - 11:13:49] Elisa Blaze has authorized Tyrell Michalz to withdraw a Desert Eagle from the weapon locker (Cost: 5)
[2018/1/6 - 11:14:38] Arturo Dios Waters has logged out.
[2018/1/6 - 11:15:13] Elisa Blaze has authorized Cindy Kato to withdraw a Desert Eagle from the weapon locker (Cost: 5)
[2018/1/6 - 11:16:44] Draven Blevis has logged in.
[2018/1/6 - 11:17:04] Elisa Blaze has authorized Tyrell Michalz to withdraw a Desert Eagle from the weapon locker (Cost: 5)
[2018/1/6 - 11:18:02] Rubin Dios Gutierrez has authorized Yuki Yamanaka to withdraw a Desert Eagle from the weapon locker (Cost: 5)
[2018/1/6 - 11:19:19] Yvonne Snow has logged in.
[2018/1/6 - 11:19:33] Yvonne Snow has logged out.
[2018/1/6 - 11:20:38] Elisa Blaze has authorized Yuki Yamanaka to withdraw a Desert Eagle from the weapon locker (Cost: 5)
[2018/1/6 - 11:21:15] Personal Associate Artur Voronkov (1000624867) (rank 6) has given Draven Blevis (1000626087) rank 2 (Manager) in La Reunion Esp
[2018/1/6 - 11:21:30] Elisa Blaze has authorized Tyrell Michalz to withdraw a Desert Eagle from the weapon locker (Cost: 5)
[2018/1/6 - 11:22:08] Chad Lockheart (1000021541) accepted Personal Associate Rubin Dios Gutierrez's (1000326695) invite to join La Reunion Espanola (28).
[2018/1/6 - 11:22:09] Underboss Elisa Blaze (1000008255) (rank 7) has uninvited Tyrell Michalz (1000625295) (rank 3) from La Reunion Espanola (28).
[2018/1/6 - 11:22:31] Elisa Blaze has authorized Josh Yamanaka to withdraw a Desert Eagle from the weapon locker (Cost: 5)
[2018/1/6 - 11:23:33] Rubin Dios Gutierrez has authorized Chad Lockheart to withdraw a Desert Eagle from the weapon locker (Cost: 5)
[2018/1/6 - 11:23:33] Elisa Blaze has adjusted the withdraw rank for item 2 to 7.
[2018/1/6 - 11:23:39] Elisa Blaze has withdrawn 300 grams of Crack from the safe.
[2018/1/6 - 11:23:46] Elisa Blaze has withdrawn 300 grams of Pot from the safe.
[2018/1/6 - 11:24:11] Edward Lewis has logged in.
[2018/1/6 - 11:25:05] Artur Voronkov has authorized Edward Lewis to withdraw a Desert Eagle from the weapon locker (Cost: 5)
[2018/1/6 - 11:25:37] Artur Voronkov has authorized Cindy Kato to withdraw a Desert Eagle from the weapon locker (Cost: 5)
[2018/1/6 - 11:25:45] Artur Voronkov has authorized Chad Lockheart to withdraw a Shotgun from the weapon locker (Cost: 3)
[2018/1/6 - 11:25:49] Sam Philipps (1000625963) accepted Personal Associate Rubin Dios Gutierrez's (1000326695) invite to join La Reunion Espanola (28).
[2018/1/6 - 11:25:50] Yvonne Snow has logged in.
[2018/1/6 - 11:26:51] Artur Voronkov has authorized Sam Philipps to withdraw a Desert Eagle from the weapon locker (Cost: 5)
[2018/1/6 - 11:27:22] Personal Associate Rubin Dios Gutierrez has lost connection.
[2018/1/6 - 11:27:32] Rubin Dios Gutierrez has logged in.
[2018/1/6 - 11:29:31] Hans Biggums has logged in.
[2018/1/6 - 11:31:10] Jimmy Croos has logged in.
[2018/1/6 - 11:31:10] Hans Biggums has logged out.
[2018/1/6 - 11:32:50] Chad Lockheart (1000021541) has quit the La Reunion Espanola as a rank 0
[2018/1/6 - 11:33:19] Yuki Yamanaka has logged out.
[2018/1/6 - 11:33:24] Elisa Blaze has withdrawn a Desert Eagle from the weapon locker (Cost: 5)
[2018/1/6 - 11:33:26] Elisa Blaze has withdrawn a M4A1 from the weapon locker (Cost: 35)
[2018/1/6 - 11:33:36] Rubin Dios Gutierrez has withdrawn a Desert Eagle from the weapon locker (Cost: 5)
[2018/1/6 - 11:33:38] Rubin Dios Gutierrez has withdrawn a SPAS-12 from the weapon locker (Cost: 50)
[2018/1/6 - 11:33:44] Elisa Blaze has authorized Edward Lewis to withdraw a Desert Eagle from the weapon locker (Cost: 5)
[2018/1/6 - 11:33:46] Elisa Blaze has authorized John Pat to withdraw a Desert Eagle from the weapon locker (Cost: 5)
[2018/1/6 - 11:33:57] Rubin Dios Gutierrez has logged out.
[2018/1/6 - 11:34:35] Elisa Blaze has authorized Sam Philipps to withdraw a M4A1 from the weapon locker (Cost: 35)
[2018/1/6 - 11:34:49] Draven Blevis has logged out.
[2018/1/6 - 11:35:09] Elisa Blaze has authorized Yvonne Snow to withdraw a Desert Eagle from the weapon locker (Cost: 5)
[2018/1/6 - 11:35:16] Elisa Blaze has authorized Escobar Philipps to withdraw a AK-47 from the weapon locker (Cost: 25)
[2018/1/6 - 11:35:17] Elisa Blaze has authorized Josh Yamanaka to withdraw a AK-47 from the weapon locker (Cost: 25)
[2018/1/6 - 11:35:22] Elisa Blaze has authorized Jimmy Croos to withdraw a Desert Eagle from the weapon locker (Cost: 5)
[2018/1/6 - 11:35:49] Roy Gucci Cobra has logged in.
[2018/1/6 - 11:35:49] Elisa Blaze has authorized Edward Lewis to withdraw a Shotgun from the weapon locker (Cost: 3)
[2018/1/6 - 11:36:37] Artur Voronkov has withdrawn a Desert Eagle from the weapon locker (Cost: 5)
[2018/1/6 - 11:36:46] Elisa Blaze has logged out.
[2018/1/6 - 11:36:47] Artur Voronkov has withdrawn a SPAS-12 from the weapon locker (Cost: 50)
[2018/1/6 - 11:37:22] Artur Voronkov has authorized Josh Yamanaka to withdraw a Desert Eagle from the weapon locker (Cost: 5)
[2018/1/6 - 11:37:24] Artur Voronkov has authorized Escobar Philipps to withdraw a Desert Eagle from the weapon locker (Cost: 5)
[2018/1/6 - 11:37:36] Elisa Blaze has logged in.
[2018/1/6 - 11:37:46] Artur Voronkov has authorized Sam Philipps to withdraw a Desert Eagle from the weapon locker (Cost: 5)
[2018/1/6 - 11:37:49] Jimmy Croos has logged out.
[2018/1/6 - 11:39:12] Elisa Blaze has withdrawn 40 grams of Meth from the safe.
[2018/1/6 - 11:39:24] Jimmy Croos has logged in.
[2018/1/6 - 11:39:27] Elisa Blaze has withdrawn a Desert Eagle from the weapon locker (Cost: 5)
[2018/1/6 - 11:40:45] Manager Edward Lewis has lost connection.
[2018/1/6 - 11:41:04] Edward Lewis has logged in.
[2018/1/6 - 11:42:07] Elisa Blaze has withdrawn a Desert Eagle from the weapon locker (Cost: 5)
[2018/1/6 - 11:42:08] Elisa Blaze has withdrawn a SPAS-12 from the weapon locker (Cost: 50)
[2018/1/6 - 11:42:10] Jimmy Croos has logged out.
[2018/1/6 - 11:42:50] Jimmy Croos has logged in.
[2018/1/6 - 11:42:52] Don Roy Gucci Cobra has lost connection.
[2018/1/6 - 11:42:52] Artur Voronkov has withdrawn a Desert Eagle from the weapon locker (Cost: 5)
[2018/1/6 - 11:43:15] Artur Voronkov has authorized Sam Philipps to withdraw a Desert Eagle from the weapon locker (Cost: 5)
[2018/1/6 - 11:43:16] Jimmy Croos has logged out.
[2018/1/6 - 11:43:52] Jimmy Croos has logged in.
[2018/1/6 - 11:43:56] Elisa Blaze has authorized John Pat to withdraw a Desert Eagle from the weapon locker (Cost: 5)
[2018/1/6 - 11:44:06] Elisa Blaze has authorized Patrick K. Philipps to withdraw a Desert Eagle from the weapon locker (Cost: 5)
[2018/1/6 - 11:44:21] Elisa Blaze has authorized Yvonne Snow to withdraw a Desert Eagle from the weapon locker (Cost: 5)
[2018/1/6 - 11:44:32] Elisa Blaze has withdrawn a AK-47 from the weapon locker (Cost: 25)
[2018/1/6 - 11:44:39] Elisa Blaze has authorized Escobar Philipps to withdraw a Desert Eagle from the weapon locker (Cost: 5)
[2018/1/6 - 11:44:40] Jimmy Croos has logged out.
[2018/1/6 - 11:46:09] Elisa Blaze has authorized Josh Yamanaka to withdraw a Desert Eagle from the weapon locker (Cost: 5)
[2018/1/6 - 11:46:41] Tomy Lee has withdrawn a Desert Eagle from the weapon locker (Cost: 5)
[2018/1/6 - 11:46:45] Elisa Blaze has authorized John Pat to withdraw a Desert Eagle from the weapon locker (Cost: 5)
[2018/1/6 - 11:46:53] Elisa Blaze has withdrawn a AK-47 from the weapon locker (Cost: 25)
[2018/1/6 - 11:47:18] Elisa Blaze has authorized Edward Lewis to withdraw a Desert Eagle from the weapon locker (Cost: 5)
[2018/1/6 - 11:47:37] Artur Voronkov has authorized Patrick K. Philipps to withdraw a Desert Eagle from the weapon locker (Cost: 5)
[2018/1/6 - 11:48:23] Edward Lewis has logged out.
[2018/1/6 - 11:48:30] Elisa Blaze has authorized Sam Philipps to withdraw a Desert Eagle from the weapon locker (Cost: 5)
[2018/1/6 - 11:48:46] Roy Gucci Cobra has logged in.
[2018/1/6 - 11:50:07] Roy Gucci Cobra has withdrawn a Desert Eagle from the weapon locker (Cost: 5)
[2018/1/6 - 11:50:11] Roy Gucci Cobra has withdrawn 20 grams of Ecstasy from the safe.
[2018/1/6 - 11:50:42] Josh Yamanaka has logged out.
[2018/1/6 - 11:54:25] Roy Gucci Cobra has authorized Sam Philipps to withdraw a Desert Eagle from the weapon locker (Cost: 5)
[2018/1/6 - 11:54:47] Elisa Blaze has withdrawn a Sniper Rifle from the weapon locker (Cost: 75)
[2018/1/6 - 11:54:54] Roy Gucci Cobra has authorized Escobar Philipps to withdraw a Desert Eagle from the weapon locker (Cost: 5)
[2018/1/6 - 11:54:57] Elisa Blaze has authorized Yvonne Snow to withdraw a Desert Eagle from the weapon locker (Cost: 5)
[2018/1/6 - 11:54:58] Roy Gucci Cobra has authorized John Pat to withdraw a Desert Eagle from the weapon locker (Cost: 5)
[2018/1/6 - 11:55:09] Roy Gucci Cobra has authorized Artur Voronkov to withdraw a Sniper Rifle from the weapon locker (Cost: 75)
[2018/1/6 - 11:55:14] Roy Gucci Cobra has withdrawn a Desert Eagle from the weapon locker (Cost: 5)
[2018/1/6 - 11:55:20] Roy Gucci Cobra has withdrawn 20 grams of Ecstasy from the safe.
[2018/1/6 - 11:55:22] Elisa Blaze has withdrawn 180 grams of Meth from the safe.
[2018/1/6 - 11:55:42] Roy Gucci Cobra has authorized Patrick K. Philipps to withdraw a Desert Eagle from the weapon locker (Cost: 5)
[2018/1/6 - 11:55:47] Roy Gucci Cobra has withdrawn 20 grams of Ecstasy from the safe.
[2018/1/6 - 11:55:57] Artur Voronkov has withdrawn a Desert Eagle from the weapon locker (Cost: 5)
[2018/1/6 - 11:56:25] Roy Gucci Cobra has withdrawn 50 grams of Ecstasy from the safe.
[2018/1/6 - 11:56:45] Roy Gucci Cobra has withdrawn a Sniper Rifle from the weapon locker (Cost: 75)
[2018/1/6 - 11:56:47] Roy Gucci Cobra has authorized Yvonne Snow to withdraw a Rifle from the weapon locker (Cost: 5)
[2018/1/6 - 11:57:40] Tyrell Michalz (1000625295) accepted Don Roy Gucci Cobra's (1000531330) invite to join La Reunion Espanola (28).
[2018/1/6 - 11:57:44] Artur Voronkov has authorized Cindy Kato to withdraw a Desert Eagle from the weapon locker (Cost: 5)
[2018/1/6 - 11:58:30] Yvonne Snow has logged out.
[2018/1/6 - 11:58:56] Artur Voronkov has logged out.
[2018/1/6 - 12:02:36] Elisa Blaze has withdrawn a Desert Eagle from the weapon locker (Cost: 5)
[2018/1/6 - 12:02:39] Elisa Blaze has authorized Escobar Philipps to withdraw a Desert Eagle from the weapon locker (Cost: 5)
[2018/1/6 - 12:02:40] Roy Gucci Cobra has withdrawn a Desert Eagle from the weapon locker (Cost: 5)
[2018/1/6 - 12:02:41] Elisa Blaze has authorized John Pat to withdraw a Desert Eagle from the weapon locker (Cost: 5)
[2018/1/6 - 12:03:04] Roy Gucci Cobra has withdrawn 20 grams of Ecstasy from the safe.
[2018/1/6 - 12:04:01] Underboss Elisa Blaze (1000008255) (rank 7) has given Tyrell Michalz (1000625295) rank 3 (Fam) in La Reunion Espanola (28).
[2018/1/6 - 12:05:18] Hartax Blacker has logged in.
[2018/1/6 - 12:06:49] Roy Gucci Cobra has withdrawn a Desert Eagle from the weapon locker (Cost: 5)
[2018/1/6 - 12:07:04] Roy Gucci Cobra has authorized John Pat to withdraw a Desert Eagle from the weapon locker (Cost: 5)
[2018/1/6 - 12:07:43] Roy Gucci Cobra has authorized Sam Philipps to withdraw a Desert Eagle from the weapon locker (Cost: 5)
[2018/1/6 - 12:08:01] Hartax Blacker has logged out.
[2018/1/6 - 12:08:36] Roy Gucci Cobra (1000531330) has changed MOTD for RP around and post it on our roleplay thread to be promoted, Allies: NONE,. t
[2018/1/6 - 12:08:39] Hartax Blacker has logged in.
[2018/1/6 - 12:08:48] Roy Gucci Cobra (1000531330) has changed MOTD for RP around and post it on our roleplay thread to be promoted, Allies: NONE, Ri
[2018/1/6 - 12:09:31] Hartax Blacker has logged out.
[2018/1/6 - 12:10:34] Escobar Philipps has logged out.
[2018/1/6 - 12:12:57] Don Roy Gucci Cobra has lost connection.
[2018/1/6 - 12:13:45] Roy Gucci Cobra has logged in.
[2018/1/6 - 12:13:55] Hartax Blacker has logged in.
[2018/1/6 - 12:13:58] Roy Gucci Cobra has authorized Sam Philipps to withdraw a Desert Eagle from the weapon locker (Cost: 5)
[2018/1/6 - 12:13:59] Roy Gucci Cobra has authorized Cindy Kato to withdraw a Desert Eagle from the weapon locker (Cost: 5)
[2018/1/6 - 12:14:00] Roy Gucci Cobra has authorized Patrick K. Philipps to withdraw a Desert Eagle from the weapon locker (Cost: 5)
[2018/1/6 - 12:14:01] Roy Gucci Cobra has authorized John Pat to withdraw a Desert Eagle from the weapon locker (Cost: 5)
[2018/1/6 - 12:14:05] Roy Gucci Cobra has withdrawn a Desert Eagle from the weapon locker (Cost: 5)
[2018/1/6 - 12:14:08] Roy Gucci Cobra has authorized Tyrell Michalz to withdraw a Desert Eagle from the weapon locker (Cost: 5)
[2018/1/6 - 12:14:19] Roy Gucci Cobra has withdrawn 10 grams of Ecstasy from the safe.
[2018/1/6 - 12:14:46] Joe Celtia has logged in.
[2018/1/6 - 12:14:59] Arturo Dios Waters has logged in.
[2018/1/6 - 12:15:04] Roy Gucci Cobra has withdrawn 20 grams of Ecstasy from the safe.
[2018/1/6 - 12:15:47] Arturo Dios Waters has withdrawn a Desert Eagle from the weapon locker (Cost: 5)
[2018/1/6 - 12:16:01] Arturo Dios Waters has withdrawn 20 grams of Ecstasy from the safe.
[2018/1/6 - 12:17:21] Elisa Blaze has logged out.
[2018/1/6 - 12:18:34] Arturo Dios Waters has withdrawn a SPAS-12 from the weapon locker (Cost: 50)
[2018/1/6 - 12:18:53] Tracy Domrani has withdrawn a Desert Eagle from the weapon locker (Cost: 5)
[2018/1/6 - 12:19:02] Tomy Lee has withdrawn a Desert Eagle from the weapon locker (Cost: 5)
[2018/1/6 - 12:19:31] Arturo Dios Waters has authorized Tomy Lee to withdraw a Shotgun from the weapon locker (Cost: 3)
[2018/1/6 - 12:19:37] Roy Gucci Cobra has withdrawn 50 grams of Crack from the safe.
[2018/1/6 - 12:22:46] Michael Dios Wing has logged in.
[2018/1/6 - 12:24:51] Artur Voronkov has logged in.
[2018/1/6 - 12:24:55] Lamar Whitman has logged in.
[2018/1/6 - 12:25:59] Michelle Garrett (1000625656) accepted Don Arturo Dios Waters's (1000576388) invite to join La Reunion Espanola (28).
[2018/1/6 - 12:27:41] Lamar Whitman has withdrawn a Desert Eagle from the weapon locker (Cost: 5)
[2018/1/6 - 12:27:54] Michael Dios Wing has withdrawn a Desert Eagle from the weapon locker (Cost: 5)
[2018/1/6 - 12:29:09] Artur Voronkov has logged out.
[2018/1/6 - 12:32:52] Lamar Whitman has withdrawn a Desert Eagle from the weapon locker (Cost: 5)
[2018/1/6 - 12:33:06] Adviser Hartax Blacker has lost connection.
[2018/1/6 - 12:33:46] Michelle Garrett (1000625656) has quit the La Reunion Espanola as a rank 0
[2018/1/6 - 12:37:26] Tracy Domrani has withdrawn a Desert Eagle from the weapon locker (Cost: 5)
[2018/1/6 - 12:37:50] Joe Celtia has logged out.
[2018/1/6 - 12:38:41] Tracy Domrani has withdrawn a Desert Eagle from the weapon locker (Cost: 5)
[2018/1/6 - 12:39:10] Lamar Whitman has withdrawn a Desert Eagle from the weapon locker (Cost: 5)
[2018/1/6 - 12:39:29] Yuki Yamanaka has logged in.
[2018/1/6 - 12:40:02] Tomy Lee has withdrawn a Desert Eagle from the weapon locker (Cost: 5)
[2018/1/6 - 12:41:31] Michael Dios Wing has logged out.
[2018/1/6 - 12:42:33] Right hand Tomy Lee has lost connection.
[2018/1/6 - 12:42:39] Right hand Tracy Domrani has lost connection.
[2018/1/6 - 12:42:50] Lamar Whitman has withdrawn a Desert Eagle from the weapon locker (Cost: 5)
[2018/1/6 - 12:42:52] Josh Yamanaka has logged in.
[2018/1/6 - 12:42:58] Tracy Domrani has logged in.
[2018/1/6 - 12:43:04] Lamar Whitman has withdrawn a Desert Eagle from the weapon locker (Cost: 5)
[2018/1/6 - 12:43:18] Lamar Whitman has withdrawn a Desert Eagle from the weapon locker (Cost: 5)
[2018/1/6 - 12:43:32] Right hand Tracy Domrani has lost connection.
[2018/1/6 - 12:43:40] Arturo Dios Waters has logged out.
[2018/1/6 - 12:43:47] Tracy Domrani has logged in.
[2018/1/6 - 12:50:41] Corey Brooks has logged in.
[2018/1/6 - 12:51:50] Corey Brooks has logged out.
[2018/1/6 - 12:53:22] Enzo Simon has logged in.
[2018/1/6 - 13:00:35] Patrick K. Philipps has logged out.
[2018/1/6 - 13:02:13] Michael Dios Wing has logged in.
[2018/1/6 - 13:09:01] Sam Philipps has logged out.
[2018/1/6 - 13:09:58] Manager John Pat has lost connection.
[2018/1/6 - 13:11:08] John Pat has logged in.
[2018/1/6 - 13:16:46] Arturo Dios Waters has logged in.
[2018/1/6 - 13:16:54] Giovanni Westbrook (1000227311) accepted Don Arturo Dios Waters's (1000576388) invite to join La Reunion Espanola (28).
[2018/1/6 - 13:16:56] Don Arturo Dios Waters (1000576388) (rank 8) has given Giovanni Westbrook (1000227311) rank 8 (Don) in La Reunion Espanola (28)
[2018/1/6 - 13:17:08] Don Arturo Dios Waters (1000576388) has set Giovanni Westbrook's (1000227311) division to Founder in La Reunion Espanola (28).
[2018/1/6 - 13:17:49] Roy Gucci Cobra has logged in.
[2018/1/6 - 13:18:18] Edward Lewis has logged in.
[2018/1/6 - 13:19:49] Lamar Whitman has logged out.
[2018/1/6 - 13:21:03] Yuki Yamanaka has logged out.
[2018/1/6 - 13:21:45] Giovanni Westbrook has logged in.
[2018/1/6 - 13:21:50] Yuki Yamanaka has logged in.
[2018/1/6 - 13:23:30] Roy Gucci Cobra has authorized Tyrell Michalz to withdraw a Desert Eagle from the weapon locker (Cost: 5)
[2018/1/6 - 13:23:36] Tanner Salvador has logged in.
[2018/1/6 - 13:23:47] Don Tanner Salvador (1000075072) (rank 8) has given Rizzo Salvador (1000227311) rank 7 (Underboss) in La Reunion Espanola (28).
[2018/1/6 - 13:23:59] Don Tanner Salvador (1000075072) (rank 8) has given Arturo Dios Waters (1000576388) rank 0 (Newcomer) in La Reunion Espanola (2
[2018/1/6 - 13:24:05] Roy Gucci Cobra has authorized Josh Yamanaka to withdraw a Desert Eagle from the weapon locker (Cost: 5)
[2018/1/6 - 13:24:09] Don Tanner Salvador (1000075072) (rank 8) has given Arturo Dios Waters (1000576388) rank 8 (Don) in La Reunion Espanola (28).
[2018/1/6 - 13:24:12] Don Tanner Salvador (1000075072) (rank 8) has given Rizzo Salvador (1000227311) rank 8 (Don) in La Reunion Espanola (28).
[2018/1/6 - 13:24:23] Roy Gucci Cobra has authorized Yuki Yamanaka to withdraw a Desert Eagle from the weapon locker (Cost: 5)
[2018/1/6 - 13:25:17] Artur Voronkov has logged in.
[2018/1/6 - 13:26:26] Tanner Salvador has withdrawn 50 grams of Ecstasy from the safe.
[2018/1/6 - 13:26:40] Roy Gucci Cobra has withdrawn a Sniper Rifle from the weapon locker (Cost: 75)
[2018/1/6 - 13:28:20] Lamar Whitman has logged in.
[2018/1/6 - 13:28:24] Personal Associate Artur Voronkov has lost connection.
[2018/1/6 - 13:28:26] Arturo Dios Waters has authorized Yuki Yamanaka to withdraw a Desert Eagle from the weapon locker (Cost: 5)
[2018/1/6 - 13:29:06] Lamar Whitman has withdrawn a Desert Eagle from the weapon locker (Cost: 5)
[2018/1/6 - 13:29:10] Tanner Salvador has authorized Cindy Kato to withdraw a Desert Eagle from the weapon locker (Cost: 5)
[2018/1/6 - 13:29:28] Martin Lorenzo (1000426218) accepted Don Tanner Salvador's (1000075072) invite to join La Reunion Espanola (28).
[2018/1/6 - 13:29:47] Artur Voronkov has logged in.
[2018/1/6 - 13:30:15] Arturo Dios Waters has authorized Martin Lorenzo to withdraw a Desert Eagle from the weapon locker (Cost: 5)
[2018/1/6 - 13:30:16] Tanner Salvador has authorized Tyrell Michalz to withdraw a Desert Eagle from the weapon locker (Cost: 5)
[2018/1/6 - 13:30:32] Arturo Dios Waters has authorized John Pat to withdraw a Desert Eagle from the weapon locker (Cost: 5)
[2018/1/6 - 13:30:59] Roy Gucci Cobra has authorized Yuki Yamanaka to withdraw a Desert Eagle from the weapon locker (Cost: 5)
[2018/1/6 - 13:33:09] Arturo Dios Waters has logged out.
[2018/1/6 - 13:34:46] Tyrell Michalz has logged out.
[2018/1/6 - 13:35:27] Lamar Whitman has withdrawn a Desert Eagle from the weapon locker (Cost: 5)
[2018/1/6 - 13:35:41] Roy Gucci Cobra has authorized Josh Yamanaka to withdraw a Desert Eagle from the weapon locker (Cost: 5)
[2018/1/6 - 13:36:41] Tanner Salvador has authorized Edward Lewis to withdraw a Desert Eagle from the weapon locker (Cost: 5)
[2018/1/6 - 13:36:56] Tyrell Michalz has logged in.
[2018/1/6 - 13:37:15] Tanner Salvador has authorized Cindy Kato to withdraw a MP5 from the weapon locker (Cost: 5)
[2018/1/6 - 13:37:33] Artur Voronkov has authorized Lamar Whitman to withdraw a SPAS-12 from the weapon locker (Cost: 50)
[2018/1/6 - 13:37:41] Tanner Salvador has authorized John Pat to withdraw a Desert Eagle from the weapon locker (Cost: 5)
[2018/1/6 - 13:38:21] Enzo Simon has logged out.
[2018/1/6 - 13:38:38] Tyrell Michalz has logged out.
[2018/1/6 - 13:39:37] Tyrell Michalz has logged in.
[2018/1/6 - 13:40:26] Kevin Pusha (1000475200) accepted Underboss Michael Dios Wing's (1000246432) invite to join La Reunion Espanola (28).
[2018/1/6 - 13:41:00] Underboss Michael Dios Wing (1000246432) (rank 7) has given Kevin Pusha (1000475200) rank 2 (Manager) in La Reunion Espanola (2
[2018/1/6 - 13:41:12] Underboss Michael Dios Wing has lost connection.
[2018/1/6 - 13:42:17] Tanner Salvador has authorized Tyrell Michalz to withdraw a Desert Eagle from the weapon locker (Cost: 5)
[2018/1/6 - 13:43:04] Arturo Dios Waters has logged in.
[2018/1/6 - 13:43:09] Don Roy Gucci Cobra has lost connection.
[2018/1/6 - 13:43:57] Roy Gucci Cobra has logged in.
[2018/1/6 - 13:44:35] Arturo Dios Waters has withdrawn a SPAS-12 from the weapon locker (Cost: 50)
[2018/1/6 - 13:44:39] Arturo Dios Waters has withdrawn a Sniper Rifle from the weapon locker (Cost: 75)
[2018/1/6 - 13:44:40] Arturo Dios Waters has withdrawn a Desert Eagle from the weapon locker (Cost: 5)
[2018/1/6 - 13:44:46] Arturo Dios Waters has withdrawn 20 grams of Ecstasy from the safe.
[2018/1/6 - 13:45:00] Rizzo Salvador has withdrawn a Desert Eagle from the weapon locker (Cost: 5)
[2018/1/6 - 13:45:13] Rizzo Salvador has withdrawn a Sniper Rifle from the weapon locker (Cost: 75)
[2018/1/6 - 13:45:20] Rizzo Salvador has withdrawn a SPAS-12 from the weapon locker (Cost: 50)
[2018/1/6 - 13:47:29] Neo Diablo has logged in.
[2018/1/6 - 13:49:26] Tanner Salvador has authorized Neo Diablo to withdraw a Desert Eagle from the weapon locker (Cost: 5)
[2018/1/6 - 13:49:45] Kevin Pusha has logged out.
[2018/1/6 - 13:50:45] Don Tanner Salvador (1000075072) (rank 8) has uninvited Tyrell Michalz (1000625295) (rank 3) from La Reunion Espanola (28).
[2018/1/6 - 13:51:16] Kevin Pusha has logged in.
[2018/1/6 - 13:51:23] George Morgan (1000031467) has made Rizzo Salvador (1000227311) the leader of the La Reunion Espanola.
[2018/1/6 - 13:51:28] Michael Dios Wing has logged in.
[2018/1/6 - 13:54:14] Lamar Whitman has logged out.
[2018/1/6 - 13:55:01] Thom Butete (1000625920) accepted Underboss Michael Dios Wing's (1000246432) invite to join La Reunion Espanola (28).
[2018/1/6 - 13:56:38] Elisa Blaze has logged in.
[2018/1/6 - 13:57:12] Underboss Elisa Blaze has lost connection.
[2018/1/6 - 13:57:40] Elisa Blaze has logged in.
[2018/1/6 - 13:59:06] Elisa Blaze has adjusted the withdraw rank for item 2 to 7.
[2018/1/6 - 13:59:53] Don Tanner Salvador has lost connection.
[2018/1/6 - 14:01:13] Tanner Salvador has logged in.
[2018/1/6 - 14:02:45] Elisa Blaze has withdrawn 50 grams of Ecstasy from the safe.
[2018/1/6 - 14:02:50] Elisa Blaze has withdrawn a Desert Eagle from the weapon locker (Cost: 5)
[2018/1/6 - 14:02:56] Elisa Blaze has withdrawn a AK-47 from the weapon locker (Cost: 25)
[2018/1/6 - 14:03:32] Edward Lewis has logged out.
[2018/1/6 - 14:04:18] Martin Lorenzo has logged out.
[2018/1/6 - 14:05:33] Rizzo Salvador has authorized Neo Diablo to withdraw a MP5 from the weapon locker (Cost: 5)
[2018/1/6 - 14:06:00] Rizzo Salvador has authorized Kevin Pusha to withdraw a Desert Eagle from the weapon locker (Cost: 5)
[2018/1/6 - 14:07:20] Roy Gucci Cobra has withdrawn 20 grams of Ecstasy from the safe.
[2018/1/6 - 14:07:21] Arturo Dios Waters has withdrawn a Desert Eagle from the weapon locker (Cost: 5)
[2018/1/6 - 14:07:22] Arturo Dios Waters has withdrawn a SPAS-12 from the weapon locker (Cost: 50)
[2018/1/6 - 14:07:23] Roy Gucci Cobra has withdrawn a Desert Eagle from the weapon locker (Cost: 5)
[2018/1/6 - 14:07:40] Arturo Dios Waters has withdrawn 10 grams of Ecstasy from the safe.
[2018/1/6 - 14:07:56] Arturo Dios Waters has withdrawn a Desert Eagle from the weapon locker (Cost: 5)
[2018/1/6 - 14:09:18] Thom Butete has logged out.
[2018/1/6 - 14:12:45] Michael H Buenoh has logged in.
[2018/1/6 - 14:13:09] Elisa Blaze has adjusted the withdraw rank for item 2 to 8.
[2018/1/6 - 14:13:14] Don Roy Gucci Cobra has lost connection.
[2018/1/6 - 14:13:44] Rizzo Salvador has authorized Kaizoku Dleans to withdraw a Silenced Colt .45 from the weapon locker (Cost: 3)
[2018/1/6 - 14:14:08] Artur Voronkov has logged out.
[2018/1/6 - 14:14:37] Personal Associate Michael H Buenoh has lost connection.
[2018/1/6 - 14:14:47] Tanner Salvador has logged out.
[2018/1/6 - 14:15:32] Roy Gucci Cobra has logged in.
[2018/1/6 - 14:15:38] Tanner Salvador has logged in.
[2018/1/6 - 14:15:43] Don Rizzo Salvador has lost connection.
[2018/1/6 - 14:16:47] Michael Dios Wing has adjusted the withdraw rank for item 2 to 7.
[2018/1/6 - 14:16:55] Michael Dios Wing has withdrawn 190 grams of Crack from the safe.
[2018/1/6 - 14:17:03] Tanner Salvador has withdrawn 35 grams of Ecstasy from the safe.
[2018/1/6 - 14:17:14] Tanner Salvador has withdrawn a Sniper Rifle from the weapon locker (Cost: 75)
[2018/1/6 - 14:17:15] Tanner Salvador has withdrawn a SPAS-12 from the weapon locker (Cost: 50)
[2018/1/6 - 14:17:16] Tanner Salvador has withdrawn a Desert Eagle from the weapon locker (Cost: 5)
[2018/1/6 - 14:17:58] Rizzo Salvador has logged in.
[2018/1/6 - 14:18:02] Roy Gucci Cobra has withdrawn a AK-47 from the weapon locker (Cost: 25)
[2018/1/6 - 14:18:20] Roy Gucci Cobra has withdrawn 10 grams of Ecstasy from the safe.
[2018/1/6 - 14:23:04] Tanner Salvador has withdrawn a Desert Eagle from the weapon locker (Cost: 5)
[2018/1/6 - 14:24:02] Elisa Blaze has withdrawn a Desert Eagle from the weapon locker (Cost: 5)
[2018/1/6 - 14:24:20] Corey Brooks has logged in.
[2018/1/6 - 14:25:08] Tanner Salvador has authorized Kaizoku Dleans to withdraw a Desert Eagle from the weapon locker (Cost: 5)
[2018/1/6 - 14:26:26] Michael Dios Wing has logged out.
[2018/1/6 - 14:27:02] Michael Dios Wing has logged in.
[2018/1/6 - 14:31:16] Corey Brooks has logged out.
[2018/1/6 - 14:32:49] Newcomer Neo Diablo has lost connection.
[2018/1/6 - 14:33:14] Don Arturo Dios Waters has lost connection.
[2018/1/6 - 14:33:33] Elisa Blaze has logged out.
[2018/1/6 - 14:35:07] Michael Dios Wing has withdrawn a Desert Eagle from the weapon locker (Cost: 5)
[2018/1/6 - 14:35:45] Neo Diablo has logged in.
[2018/1/6 - 14:36:28] Rubin Dios Gutierrez has logged in.
[2018/1/6 - 14:39:34] Rizzo Salvador has authorized Kaizoku Dleans to withdraw a MP5 from the weapon locker (Cost: 5)
[2018/1/6 - 14:40:21] Tracy Domrani has logged in.
[2018/1/6 - 14:41:43] John Muai has logged in.
[2018/1/6 - 14:42:11] Tracy Domrani has withdrawn a Desert Eagle from the weapon locker (Cost: 5)
[2018/1/6 - 14:42:32] Rizzo Salvador has authorized Kevin Pusha to withdraw a Desert Eagle from the weapon locker (Cost: 5)
[2018/1/6 - 14:42:46] Danilo Buenoh has logged in.
[2018/1/6 - 14:43:15] Don Roy Gucci Cobra has lost connection.
[2018/1/6 - 14:44:00] Arturo Dios Waters has logged in.
[2018/1/6 - 14:44:54] Right hand Tracy Domrani has lost connection.
[2018/1/6 - 14:45:44] Tracy Domrani has logged in.
[2018/1/6 - 14:46:37] Rizzo Salvador has authorized Kevin Pusha to withdraw a Desert Eagle from the weapon locker (Cost: 5)
[2018/1/6 - 14:46:38] Rizzo Salvador has authorized John Pat to withdraw a Desert Eagle from the weapon locker (Cost: 5)
[2018/1/6 - 14:46:47] Corey Brooks has logged in.
[2018/1/6 - 14:47:21] Tracy Domrani has withdrawn a Desert Eagle from the weapon locker (Cost: 5)
[2018/1/6 - 14:47:43] Tracy Domrani has withdrawn a Desert Eagle from the weapon locker (Cost: 5)
[2018/1/6 - 14:48:42] Kiryu Kamishin has logged in.
[2018/1/6 - 14:51:30] John Muai has logged out.
[2018/1/6 - 14:52:50] Kiryu Kamishin (1000624806) has quit the La Reunion Espanola as a rank 0
[2018/1/6 - 14:54:41] Roy Gucci Cobra has logged in.
[2018/1/6 - 14:55:48] Lei Dios Fuyu (1000067750) accepted Don Arturo Dios Waters's (1000576388) invite to join La Reunion Espanola (28).
[2018/1/6 - 14:56:50] Michael Dios Wing has authorized Neo Diablo to withdraw a Desert Eagle from the weapon locker (Cost: 5)
[2018/1/6 - 14:58:22] Arturo Dios Waters has authorized John Pat to withdraw a Desert Eagle from the weapon locker (Cost: 5)
[2018/1/6 - 14:59:21] Tanner Salvador has withdrawn a Desert Eagle from the weapon locker (Cost: 5)
[2018/1/6 - 14:59:38] Kaizoku Dleans has logged out.
[2018/1/6 - 14:59:48] Corey Brooks has logged out.
[2018/1/6 - 15:00:46] Roy Gucci Cobra has logged in.
[2018/1/6 - 15:01:11] Tanner Salvador has withdrawn 50 grams of Ecstasy from the safe.
[2018/1/6 - 15:02:33] Kevin Pusha has logged out.
[2018/1/6 - 15:05:08] Roy Gucci Cobra has withdrawn 20 grams of Ecstasy from the safe.
[2018/1/6 - 15:08:40] Lei Dios Fuyu has logged out.
[2018/1/6 - 15:08:45] Don Roy Gucci Cobra has lost connection.
[2018/1/6 - 15:08:56] Tanner Salvador has logged out.
[2018/1/6 - 15:09:49] Neo Diablo has logged out.
[2018/1/6 - 15:10:48] Yuki Yamanaka has logged out.
[2018/1/6 - 15:12:42] Rubin Dios Gutierrez has logged out.
[2018/1/6 - 15:13:48] Rubin Dios Gutierrez has logged in.
[2018/1/6 - 15:14:42] Rizzo Salvador has logged out.
[2018/1/6 - 15:15:10] Arturo Dios Waters has logged out.
[2018/1/6 - 15:18:09] Roy Gucci Cobra has logged in.
[2018/1/6 - 15:19:30] Corey Brooks has logged in.
[2018/1/6 - 15:24:39] Tyrell Michalz (1000625295) accepted Don Roy Gucci Cobra's (1000531330) invite to join La Reunion Espanola (28).
[2018/1/6 - 15:24:41] Don Roy Gucci Cobra (1000531330) (rank 8) has given Tyrell Michalz (1000625295) rank 3 (Fam) in La Reunion Espanola (28).
[2018/1/6 - 15:25:15] Alexander Bear Smoke has logged in.
[2018/1/6 - 15:29:05] Tyrell Michalz has logged out.
[2018/1/6 - 15:38:48] Roy Ryder has logged in.
[2018/1/6 - 15:39:40] Roy Ryder has logged out.
[2018/1/6 - 15:39:45] Jassem Brrayana has logged in.
[2018/1/6 - 15:39:59] Newcomer Jassem Brrayana has lost connection.
[2018/1/6 - 15:40:06] Hartax Blacker has logged in.
[2018/1/6 - 15:40:31] Roy Ryder has logged in.
[2018/1/6 - 15:40:43] Jassem Brrayana has logged in.
[2018/1/6 - 15:40:56] Newcomer Jassem Brrayana has lost connection.
[2018/1/6 - 15:41:32] Jassem Brrayana has logged in.
[2018/1/6 - 15:41:57] Alexander Bear Smoke has logged out.
[2018/1/6 - 15:43:29] Don Roy Gucci Cobra has lost connection.
[2018/1/6 - 15:43:39] Arturo Dios Waters has logged in.
[2018/1/6 - 15:46:22] Roy Gucci Cobra has logged in.
[2018/1/6 - 15:49:24] Adviser Corey Brooks has lost connection.
[2018/1/6 - 15:51:02] Corey Brooks has logged in.
[2018/1/6 - 15:51:43] Corey Brooks has logged out.
[2018/1/6 - 15:53:16] Tomy Lee has logged in.
[2018/1/6 - 15:56:54] Roy Gucci Cobra has deposited a Sniper Rifle into the locker.
[2018/1/6 - 15:57:17] Roy Gucci Cobra has withdrawn 1 Sniper Rifles from the weapon locker into the transfer crate (Cost: 75)
[2018/1/6 - 15:58:04] Roy Gucci Cobra has withdrawn 100 grams of Heroin from the safe.
[2018/1/6 - 15:58:32] Corey Brooks has logged in.
[2018/1/6 - 15:59:02] Roy Gucci Cobra has deposited a SPAS-12 into the locker.
[2018/1/6 - 16:00:00] Tracy Domrani has logged out.
[2018/1/6 - 16:01:17] Tracy Domrani has logged in.
[2018/1/6 - 16:02:32] Arturo Dios Waters has logged in.
[2018/1/6 - 16:05:22] Luke Henchman has logged in.
[2018/1/6 - 16:05:36] Don Arturo Dios Waters has lost connection.
[2018/1/6 - 16:05:49] Luke Henchman has logged out.
[2018/1/6 - 16:10:11] Luke Henchman has logged in.
[2018/1/6 - 16:12:09] Hans Biggums has logged in.
[2018/1/6 - 16:13:27] Don Roy Gucci Cobra has lost connection.
[2018/1/6 - 16:14:10] Roy Gucci Cobra has logged in.
[2018/1/6 - 16:14:28] Roy Gucci Cobra has authorized John Pat to withdraw a Desert Eagle from the weapon locker (Cost: 5)
[2018/1/6 - 16:14:52] Edward Lewis has logged in.
[2018/1/6 - 16:14:55] Rubin Dios Gutierrez has logged in.
[2018/1/6 - 16:15:06] Michael Dios Wing has logged in.
[2018/1/6 - 16:16:40] Tomy Lee has withdrawn a Desert Eagle from the weapon locker (Cost: 5)
[2018/1/6 - 16:17:10] Corey Brooks has logged out.
[2018/1/6 - 16:18:08] Lamar Whitman has logged in.
[2018/1/6 - 16:18:53] Roy Gucci Cobra has authorized Edward Lewis to withdraw a Desert Eagle from the weapon locker (Cost: 5)
[2018/1/6 - 16:19:30] Roy Gucci Cobra (1000531330) has changed MOTD for RP around and post it on our roleplay thread to be promoted,Allies: Market Mo
[2018/1/6 - 16:19:56] Roy Ryder (1000146968) has quit the La Reunion Espanola as a rank 1
[2018/1/6 - 16:23:49] Roy Gucci Cobra (1000531330) has changed MOTD for You must behave to all the family members, respond to turfs/points, TS channe
[2018/1/6 - 16:24:07] Underboss Michael Dios Wing (1000246432) (rank 7) has given John Pat (1000373258) rank 8 (Don) in La Reunion Espanola (28).
[2018/1/6 - 16:24:32] Don Roy Gucci Cobra (1000531330) (rank 8) has given John Pat (1000373258) rank 2 (Manager) in La Reunion Espanola (28).
[2018/1/6 - 16:26:29] Jassem Brrayana has logged out.
[2018/1/6 - 16:27:08] Roy Gucci Cobra has authorized Hans Biggums to withdraw a Desert Eagle from the weapon locker (Cost: 5)
[2018/1/6 - 16:30:47] Edward Lewis has logged out.
[2018/1/6 - 16:31:15] Rizzo Salvador has logged in.
[2018/1/6 - 16:31:36] Rizzo Salvador has withdrawn a Desert Eagle from the weapon locker (Cost: 5)
[2018/1/6 - 16:31:46] Rizzo Salvador has withdrawn a MP5 from the weapon locker (Cost: 5)
[2018/1/6 - 16:33:12] Roy Gucci Cobra has logged in.
[2018/1/6 - 16:34:49] Roy Gucci Cobra has withdrawn a Desert Eagle from the weapon locker (Cost: 5)
[2018/1/6 - 16:34:53] Roy Gucci Cobra has withdrawn 20 grams of Ecstasy from the safe.
[2018/1/6 - 16:36:26] Rizzo Salvador has withdrawn $100,000 from the safe.
[2018/1/6 - 16:39:40] Rizzo Salvador has logged out.
[2018/1/6 - 16:41:17] Rizzo Salvador has logged in.
[2018/1/6 - 16:41:24] Hans Biggums has logged out.
[2018/1/6 - 16:42:16] Hans Biggums has logged in.
[2018/1/6 - 16:43:31] Don Roy Gucci Cobra has lost connection.
[2018/1/6 - 16:44:08] Rizzo Salvador has withdrawn a Desert Eagle from the weapon locker (Cost: 5)
[2018/1/6 - 16:44:11] Edward Lewis has logged in.
[2018/1/6 - 16:46:10] Jassem Brrayana has logged in.
[2018/1/6 - 16:48:04] Rubin Dios Gutierrez has authorized Edward Lewis to withdraw a Desert Eagle from the weapon locker (Cost: 5)
[2018/1/6 - 16:48:46] Don Rizzo Salvador (1000227311) has set Rizzo Salvador's (1000227311) division to Founder in La Reunion Espanola (28).
[2018/1/6 - 16:51:13] Steve Faulkner has logged in.
[2018/1/6 - 16:52:03] Edward Lewis has logged out.
[2018/1/6 - 16:53:53] Roy Gucci Cobra has logged in.
[2018/1/6 - 16:54:15] Roy Gucci Cobra has withdrawn 10 grams of Ecstasy from the safe.
[2018/1/6 - 16:54:28] Roy Gucci Cobra has withdrawn 50 grams of Ecstasy from the safe.
[2018/1/6 - 16:54:30] Roy Gucci Cobra has authorized Steve Faulkner to withdraw a Desert Eagle from the weapon locker (Cost: 5)
[2018/1/6 - 16:55:23] Roy Gucci Cobra has authorized John Pat to withdraw a Desert Eagle from the weapon locker (Cost: 5)
[2018/1/6 - 16:55:23] Rizzo Salvador has withdrawn 100 grams of Crack from the safe.
[2018/1/6 - 16:55:38] Lamar Whitman has deposited a SPAS-12 into the locker.
[2018/1/6 - 16:55:43] Rizzo Salvador has withdrawn 50 grams of Pot from the safe.
[2018/1/6 - 16:55:45] Lamar Whitman has deposited a M4A1 into the locker.
[2018/1/6 - 16:56:27] Roy Gucci Cobra has authorized Hans Biggums to withdraw a MP5 from the weapon locker (Cost: 5)
[2018/1/6 - 16:56:52] Lamar Whitman has logged out.
[2018/1/6 - 16:57:37] Lamar Whitman has logged in.
[2018/1/6 - 16:58:04] Roy Gucci Cobra has authorized Lamar Whitman to withdraw a AK-47 from the weapon locker (Cost: 25)
[2018/1/6 - 17:02:26] Danilo Buenoh has logged out.
[2018/1/6 - 17:02:37] Roy Gucci Cobra has withdrawn a Desert Eagle from the weapon locker (Cost: 5)
[2018/1/6 - 17:02:37] Hans Biggums has logged in.
[2018/1/6 - 17:02:39] Rizzo Salvador has withdrawn a Desert Eagle from the weapon locker (Cost: 5)
[2018/1/6 - 17:02:46] Roy Gucci Cobra has withdrawn 20 grams of Ecstasy from the safe.
[2018/1/6 - 17:03:02] Rizzo Salvador has withdrawn 10 grams of Ecstasy from the safe.
[2018/1/6 - 17:03:39] Rizzo Salvador has authorized John Pat to withdraw a Desert Eagle from the weapon locker (Cost: 5)
[2018/1/6 - 17:04:24] Hans Biggums has logged out.
[2018/1/6 - 17:05:45] Hans Biggums has logged in.
[2018/1/6 - 17:07:03] Hans Biggums has logged out.
[2018/1/6 - 17:07:43] Luke Henchman has logged out.
[2018/1/6 - 17:08:42] Underboss Michael Dios Wing (1000246432) (rank 7) has given Tracy Domrani (1000335825) rank 4 (Adviser) in La Reunion Espanola 
[2018/1/6 - 17:08:45] Underboss Michael Dios Wing (1000246432) (rank 7) has given Tracy Domrani (1000335825) rank 3 (Fam) in La Reunion Espanola (28)
[2018/1/6 - 17:08:46] Underboss Michael Dios Wing (1000246432) (rank 7) has given Tracy Domrani (1000335825) rank 2 (Manager) in La Reunion Espanola 
[2018/1/6 - 17:08:47] Underboss Michael Dios Wing (1000246432) (rank 7) has given Tracy Domrani (1000335825) rank 1 (Soldier) in La Reunion Espanola 
[2018/1/6 - 17:08:49] Underboss Michael Dios Wing (1000246432) (rank 7) has given Tracy Domrani (1000335825) rank 0 (Newcomer) in La Reunion Espanola
[2018/1/6 - 17:09:00] Tracy Domrani (1000335825) has quit the La Reunion Espanola as a rank 0
[2018/1/6 - 17:09:14] Luke Henchman has logged in.
[2018/1/6 - 17:09:17] Hans Biggums has logged in.
[2018/1/6 - 17:10:37] Rizzo Salvador has authorized Hans Biggums to withdraw a Desert Eagle from the weapon locker (Cost: 5)
[2018/1/6 - 17:10:57] Michael Dios Wing has withdrawn a Desert Eagle from the weapon locker (Cost: 5)
[2018/1/6 - 17:11:05] Rubin Dios Gutierrez has withdrawn a Desert Eagle from the weapon locker (Cost: 5)
[2018/1/6 - 17:11:20] Rizzo Salvador has logged out.
[2018/1/6 - 17:12:25] Rubin Dios Gutierrez has logged out.
[2018/1/6 - 17:12:33] Luke Henchman has logged out.
[2018/1/6 - 17:12:52] Roy Gucci Cobra has withdrawn a Desert Eagle from the weapon locker (Cost: 5)
[2018/1/6 - 17:12:58] Roy Gucci Cobra has withdrawn 20 grams of Ecstasy from the safe.
[2018/1/6 - 17:13:03] Lamar Whitman has withdrawn a Desert Eagle from the weapon locker (Cost: 5)
[2018/1/6 - 17:13:26] Rubin Dios Gutierrez has logged in.
[2018/1/6 - 17:13:27] Hans Biggums has logged in.
[2018/1/6 - 17:13:33] Don Roy Gucci Cobra has lost connection.
[2018/1/6 - 17:14:13] Roy Gucci Cobra has logged in.
[2018/1/6 - 17:14:22] Rubin Dios Gutierrez has logged out.
[2018/1/6 - 17:17:02] Michael Dios Wing has authorized John Pat to withdraw a Desert Eagle from the weapon locker (Cost: 5)
[2018/1/6 - 17:17:27] Luke Henchman has logged in.
[2018/1/6 - 17:17:32] Roy Gucci Cobra has deposited a Sniper Rifle into the locker.
[2018/1/6 - 17:17:36] Lamar Whitman has deposited a Sniper Rifle into the locker.
[2018/1/6 - 17:17:41] Michael Dios Wing has deposited a Sniper Rifle into the locker.
[2018/1/6 - 17:17:58] Luke Henchman has withdrawn a Desert Eagle from the weapon locker (Cost: 5)
[2018/1/6 - 17:18:14] Roy Gucci Cobra has deposited a Sniper Rifle into the locker.
[2018/1/6 - 17:18:20] Lamar Whitman has deposited a Sniper Rifle into the locker.
[2018/1/6 - 17:19:00] Rubin Dios Gutierrez has logged in.
[2018/1/6 - 17:21:18] Rubin Dios Gutierrez has authorized Steve Faulkner to withdraw a Desert Eagle from the weapon locker (Cost: 5)
[2018/1/6 - 17:21:22] Jassem Brrayana has logged out.
[2018/1/6 - 17:21:49] Rubin Dios Gutierrez has logged out.
[2018/1/6 - 17:22:27] Rubin Dios Gutierrez has logged in.
[2018/1/6 - 17:23:37] John Pat has logged out.
[2018/1/6 - 17:24:50] Corey Brooks has logged in.
[2018/1/6 - 17:25:20] Corey Brooks has logged out.
[2018/1/6 - 17:26:30] Jassem Brrayana has logged in.
[2018/1/6 - 17:26:42] Newcomer Jassem Brrayana has lost connection.
[2018/1/6 - 17:27:14] Jassem Brrayana has logged in.
[2018/1/6 - 17:27:26] Newcomer Jassem Brrayana has lost connection.
[2018/1/6 - 17:27:34] Lamar Whitman has logged out.
[2018/1/6 - 17:27:57] Jassem Brrayana has logged in.
[2018/1/6 - 17:28:07] Roy Gucci Cobra has set AK-47 weapon restriction from rank 6+ to 7.
[2018/1/6 - 17:28:12] Roy Gucci Cobra has set SPAS-12 weapon restriction from rank 6+ to 7.
[2018/1/6 - 17:28:37] Personal Associate Rubin Dios Gutierrez has lost connection.
[2018/1/6 - 17:29:50] Rubin Dios Gutierrez has logged in.
[2018/1/6 - 17:30:07] Rubin Dios Gutierrez has logged out.
[2018/1/6 - 17:34:03] Rubin Dios Gutierrez has logged in.
[2018/1/6 - 17:34:43] Newcomer Jassem Brrayana has lost connection.
[2018/1/6 - 17:34:47] Tomy Lee has logged out.
[2018/1/6 - 17:37:42] Roy Gucci Cobra has authorized Hans Biggums to withdraw a Desert Eagle from the weapon locker (Cost: 5)
[2018/1/6 - 17:43:36] Don Roy Gucci Cobra has lost connection.
[2018/1/6 - 17:44:12] Jimmy Tony has logged in.
[2018/1/6 - 17:44:16] Roy Gucci Cobra has logged in.
[2018/1/6 - 17:47:21] Personal Associate Rubin Dios Gutierrez has lost connection.
[2018/1/6 - 17:47:59] Rubin Dios Gutierrez has logged in.
[2018/1/6 - 17:48:16] Roy Gucci Cobra has authorized Jimmy Tony to withdraw a Desert Eagle from the weapon locker (Cost: 5)
[2018/1/6 - 17:49:14] Enzo Simon has logged in.
[2018/1/6 - 17:52:13] Roy Gucci Cobra has authorized Enzo Simon to withdraw a Shotgun from the weapon locker (Cost: 3)
[2018/1/6 - 17:53:25] Danilo Buenoh has logged in.
[2018/1/6 - 17:54:13] Rubin Dios Gutierrez has withdrawn a Desert Eagle from the weapon locker (Cost: 5)
[2018/1/6 - 17:54:24] Hans Biggums has logged out.
[2018/1/6 - 17:54:26] Rubin Dios Gutierrez has authorized Jimmy Tony to withdraw a Desert Eagle from the weapon locker (Cost: 5)
[2018/1/6 - 17:54:29] Rubin Dios Gutierrez has authorized Enzo Simon to withdraw a Desert Eagle from the weapon locker (Cost: 5)
[2018/1/6 - 17:54:55] Roy Gucci Cobra has withdrawn 40 grams of Crack from the safe.
[2018/1/6 - 17:55:01] Hans Biggums has logged in.
[2018/1/6 - 17:55:01] Roy Gucci Cobra has withdrawn 40 grams of Pot from the safe.
[2018/1/6 - 17:55:48] Roy Gucci Cobra has withdrawn a Desert Eagle from the weapon locker (Cost: 5)
[2018/1/6 - 17:56:17] Roy Gucci Cobra has authorized Steve Faulkner to withdraw a Desert Eagle from the weapon locker (Cost: 5)
[2018/1/6 - 17:58:14] Rubin Dios Gutierrez has logged in.
[2018/1/6 - 17:58:25] Hans Biggums has logged in.
[2018/1/6 - 17:58:36] Danilo Buenoh has withdrawn a Desert Eagle from the weapon locker (Cost: 5)
[2018/1/6 - 17:58:45] Steve Faulkner has logged in.
[2018/1/6 - 18:00:08] Hartax Blacker has logged out.
[2018/1/6 - 18:01:09] Artur Voronkov has logged in.
[2018/1/6 - 18:02:26] Hartax Blacker has logged in.
[2018/1/6 - 18:02:50] Personal Associate Artur Voronkov (1000624867) has set Hans Biggums's (1000181942) division to ChiapasFam in La Reunion Espanol
[2018/1/6 - 18:05:56] Michael Dios Wing has withdrawn a Desert Eagle from the weapon locker (Cost: 5)
[2018/1/6 - 18:05:57] Rubin Dios Gutierrez has withdrawn a Desert Eagle from the weapon locker (Cost: 5)
[2018/1/6 - 18:11:49] Rubin Dios Gutierrez has withdrawn a Desert Eagle from the weapon locker (Cost: 5)
[2018/1/6 - 18:12:00] Artur Voronkov has deposited a Sniper Rifle into the locker.
[2018/1/6 - 18:12:06] Rubin Dios Gutierrez has withdrawn a Desert Eagle from the weapon locker (Cost: 5)
[2018/1/6 - 18:12:15] Don Roy Gucci Cobra (1000531330) has set Hans Biggums's (1000181942) division to Vikouri in La Reunion Espanola (28).
[2018/1/6 - 18:12:16] Rubin Dios Gutierrez has logged out.
[2018/1/6 - 18:12:18] Don Roy Gucci Cobra (1000531330) has set Hans Biggums's (1000181942) division to Council in La Reunion Espanola (28).
[2018/1/6 - 18:12:21] Don Roy Gucci Cobra (1000531330) has set Hans Biggums's (1000181942) division to COBRA SQUAD in La Reunion Espanola (28).
[2018/1/6 - 18:12:26] Michael Dios Wing (1000246432) has renamed the BlevisSquad division (#6) to DiosSquad
[2018/1/6 - 18:12:29] Underboss Michael Dios Wing (1000246432) has set Michael Dios Wing's (1000246432) division to DiosSquad in La Reunion Espanola 
[2018/1/6 - 18:12:37] Rubin Dios Gutierrez has logged in.
[2018/1/6 - 18:12:45] Underboss Michael Dios Wing (1000246432) has set Rubin Dios Gutierrez's (1000326695) division to DiosSquad in La Reunion Espano
[2018/1/6 - 18:12:48] Corey Brooks has logged in.
[2018/1/6 - 18:13:39] Don Roy Gucci Cobra has lost connection.
[2018/1/6 - 18:13:43] Edward Lewis has logged in.
[2018/1/6 - 18:14:15] Personal Associate Rubin Dios Gutierrez (1000326695) (rank 6) has given Edward Lewis (1000286916) rank 4 (Adviser) in La Reunio
[2018/1/6 - 18:14:34] Rubin Dios Gutierrez has authorized Edward Lewis to withdraw a Desert Eagle from the weapon locker (Cost: 5)
[2018/1/6 - 18:15:03] Adviser Corey Brooks has lost connection.
[2018/1/6 - 18:15:33] Michael Dios Wing (1000246432) has renamed the DiosSquad division (#6) to ISIS Squad
[2018/1/6 - 18:15:35] Underboss Michael Dios Wing (1000246432) has set Steve Faulkner's (1000624970) division to ISIS Squad in La Reunion Espanola (2
[2018/1/6 - 18:16:25] Underboss Michael Dios Wing (1000246432) has set Hans Biggums's (1000181942) division to ISIS Squad in La Reunion Espanola (28)
[2018/1/6 - 18:17:34] Mercer D Conor has logged in.
[2018/1/6 - 18:18:25] Michael Dios Wing has logged out.
[2018/1/6 - 18:19:27] Michael Dios Wing has logged in.
[2018/1/6 - 18:20:11] Jimmy Tony has logged out.
[2018/1/6 - 18:21:10] Hans Biggums has logged in.
[2018/1/6 - 18:21:13] Artur Voronkov has logged out.
[2018/1/6 - 18:21:45] Sun Lu has logged in.
[2018/1/6 - 18:22:10] Artur Voronkov has logged in.
[2018/1/6 - 18:24:17] Artur Voronkov has logged out.
[2018/1/6 - 18:25:42] Steve Faulkner has logged out.
[2018/1/6 - 18:25:48] Hans Biggums has logged out.
[2018/1/6 - 18:26:27] Mercer D Conor has logged out.
[2018/1/6 - 18:27:06] Sun Lu has logged out.
[2018/1/6 - 18:27:48] Sun Lu has logged in.
[2018/1/6 - 18:28:16] Hans Biggums has logged in.
[2018/1/6 - 18:28:22] Artur Voronkov has logged in.
[2018/1/6 - 18:29:08] Mercer D Conor has logged in.
[2018/1/6 - 18:29:54] Corey Brooks has logged in.
[2018/1/6 - 18:31:31] Artur Voronkov has logged out.
[2018/1/6 - 18:31:40] Adviser Hartax Blacker has lost connection.
[2018/1/6 - 18:32:05] Danilo Buenoh has logged in.
[2018/1/6 - 18:33:25] Artur Voronkov has logged in.
[2018/1/6 - 18:33:26] Rubin Dios Gutierrez has withdrawn a Desert Eagle from the weapon locker (Cost: 5)
[2018/1/6 - 18:33:54] Edward Lewis has logged out.
[2018/1/6 - 18:34:29] Personal Associate Artur Voronkov (1000624867) (rank 6) has given Sun Lu (1000168621) rank 4 (Adviser) in La Reunion Espanola (
[2018/1/6 - 18:34:32] Edward Lewis has logged in.
[2018/1/6 - 18:34:35] Hans Biggums has logged out.
[2018/1/6 - 18:36:19] Hans Biggums has logged in.
[2018/1/6 - 18:36:19] Rubin Dios Gutierrez has authorized Edward Lewis to withdraw a Desert Eagle from the weapon locker (Cost: 5)
[2018/1/6 - 18:36:32] Edward Lewis has logged out.
[2018/1/6 - 18:36:42] Hartax Blacker has logged in.
[2018/1/6 - 18:36:52] Michael Dios Wing has logged out.
[2018/1/6 - 18:37:04] Edward Lewis has logged in.
[2018/1/6 - 18:37:06] Rubin Dios Gutierrez has logged out.
[2018/1/6 - 18:37:32] Roy Gucci Cobra has logged in.
[2018/1/6 - 18:37:44] Corey Brooks has logged out.
[2018/1/6 - 18:38:00] Edward Lewis has logged out.
[2018/1/6 - 18:38:48] Don Roy Gucci Cobra (1000531330) (rank 8) has given Mercer D Conor (1000137920) rank 1 (Soldier) in La Reunion Espanola (28).
[2018/1/6 - 18:40:27] Steve Faulkner has logged in.
[2018/1/6 - 18:43:43] Don Roy Gucci Cobra has lost connection.
[2018/1/6 - 18:44:18] Roy Gucci Cobra has logged in.
[2018/1/6 - 18:45:18] Jack Leaf (1000503767) accepted Don Roy Gucci Cobra's (1000531330) invite to join La Reunion Espanola (28).
[2018/1/6 - 18:45:25] Roy Gucci Cobra has withdrawn a Desert Eagle from the weapon locker (Cost: 5)
[2018/1/6 - 18:46:26] Roy Gucci Cobra has withdrawn 20 grams of Ecstasy from the safe.
[2018/1/6 - 18:46:38] Roy Gucci Cobra has authorized Hans Biggums to withdraw a Desert Eagle from the weapon locker (Cost: 5)
[2018/1/6 - 18:47:20] Personal Associate Artur Voronkov (1000624867) has set Hartax Blacker's (1000515026) division to Council in La Reunion Espanola
[2018/1/6 - 18:47:48] Jassem Brrayana has logged in.
[2018/1/6 - 18:47:48] Adviser Hans Biggums has lost connection.
[2018/1/6 - 18:48:03] Newcomer Jassem Brrayana has lost connection.
[2018/1/6 - 18:48:08] Hans Biggums has logged in.
[2018/1/6 - 18:48:57] Hans Biggums has logged out.
[2018/1/6 - 18:49:30] Hans Biggums has logged in.
[2018/1/6 - 18:51:04] Artur Voronkov has logged out.
[2018/1/6 - 18:51:16] Lamar Whitman has logged in.
[2018/1/6 - 18:52:27] Roy Gucci Cobra has withdrawn a Desert Eagle from the weapon locker (Cost: 5)
[2018/1/6 - 18:53:00] Jassem Brrayana has logged in.
[2018/1/6 - 18:54:20] Don Roy Gucci Cobra (1000531330) (rank 8) has given Jassem Brrayana (1000178952) rank 1 (Soldier) in La Reunion Espanola (28).
[2018/1/6 - 18:55:17] Jack Leaf has logged out.
[2018/1/6 - 18:55:50] Jack Leaf has logged in.
[2018/1/6 - 19:01:21] Danilo Buenoh has withdrawn a Desert Eagle from the weapon locker (Cost: 5)
[2018/1/6 - 19:01:37] Rubin Dios Gutierrez has logged in.
[2018/1/6 - 19:02:07] Roy Gucci Cobra has withdrawn 50000 materials from the safe.
[2018/1/6 - 19:03:50] Roy Gucci Cobra has logged out.
[2018/1/6 - 19:04:17] Sun Lu has logged out.
[2018/1/6 - 19:05:40] Sun Lu has logged in.
[2018/1/6 - 19:06:18] Hans Biggums has logged out.
[2018/1/6 - 19:09:30] Artur Voronkov has logged in.
[2018/1/6 - 19:11:00] Artur Voronkov has logged out.
[2018/1/6 - 19:13:06] Rubin Dios Gutierrez has authorized Jack Leaf to withdraw a Shotgun from the weapon locker (Cost: 3)
[2018/1/6 - 19:15:00] Jassem Brrayana has logged out.
[2018/1/6 - 19:15:09] Ethan Henchman (10650) accepted Personal Associate Rubin Dios Gutierrez's (1000326695) invite to join La Reunion Espanola (28).
[2018/1/6 - 19:15:45] Danilo Buenoh has withdrawn a Desert Eagle from the weapon locker (Cost: 5)
[2018/1/6 - 19:15:48] Lamar Whitman has withdrawn a Desert Eagle from the weapon locker (Cost: 5)
[2018/1/6 - 19:19:13] Artur Voronkov has logged in.
[2018/1/6 - 19:20:59] Martin Lorenzo has logged in.
[2018/1/6 - 19:21:21] Personal Associate Artur Voronkov (1000624867) (rank 6) has given Enzo Simon (1000624961) rank 4 (Adviser) in La Reunion Espano
[2018/1/6 - 19:22:19] Martin Lorenzo (1000426218) has quit the La Reunion Espanola as a rank 0
[2018/1/6 - 19:23:27] Artur Voronkov has authorized Jack Leaf to withdraw a Shotgun from the weapon locker (Cost: 3)
[2018/1/6 - 19:24:36] Jack Leaf has logged out.
[2018/1/6 - 19:25:11] Jack Leaf has logged in.
[2018/1/6 - 19:26:54] Personal Associate Rubin Dios Gutierrez has lost connection.
[2018/1/6 - 19:27:18] Rubin Dios Gutierrez has logged in.
[2018/1/6 - 19:28:30] Artur Voronkov has logged out.
[2018/1/6 - 19:29:23] Artur Voronkov has logged in.
[2018/1/6 - 19:29:39] Rubin Dios Gutierrez has withdrawn a Desert Eagle from the weapon locker (Cost: 5)
[2018/1/6 - 19:31:45] Adviser Steve Faulkner has lost connection.
[2018/1/6 - 19:31:54] Adviser Sun Lu has lost connection.
[2018/1/6 - 19:32:11] Steve Faulkner has logged in.
[2018/1/6 - 19:32:55] Marcus Lokson has logged in.
[2018/1/6 - 19:34:03] Lamar Whitman has logged out.
[2018/1/6 - 19:35:02] Lamar Whitman has logged in.
[2018/1/6 - 19:35:23] Personal Associate Rubin Dios Gutierrez (1000326695) (rank 6) has given Steve Faulkner (1000624970) rank 1 (Soldier) in La Reun
[2018/1/6 - 19:36:00] Personal Associate Rubin Dios Gutierrez (1000326695) (rank 6) has given Steve Faulkner (1000624970) rank 5 (Right hand) in La R
[2018/1/6 - 19:36:10] Personal Associate Rubin Dios Gutierrez (1000326695) (rank 6) has given Steve Faulkner (1000624970) rank 3 (Fam) in La Reunion 
[2018/1/6 - 19:36:16] Personal Associate Rubin Dios Gutierrez (1000326695) (rank 6) has given Steve Faulkner (1000624970) rank 4 (Adviser) in La Reun
[2018/1/6 - 19:39:41] Sun Lu has logged in.
[2018/1/6 - 19:39:53] Marcus Lokson has logged out.
[2018/1/6 - 19:40:14] Artur Voronkov has logged out.
[2018/1/6 - 19:40:27] Sun Lu has logged out.
[2018/1/6 - 19:41:11] Sun Lu has logged in.
[2018/1/6 - 19:42:55] Lamar Whitman (146251) has quit the La Reunion Espanola as a rank 5
[2018/1/6 - 19:43:35] Luke Henchman has withdrawn a Desert Eagle from the weapon locker (Cost: 5)
[2018/1/6 - 19:43:48] Luke Henchman has withdrawn a Desert Eagle from the weapon locker (Cost: 5)
[2018/1/6 - 19:46:30] Artur Voronkov has logged in.
[2018/1/6 - 19:50:23] Rubin Dios Gutierrez has authorized Jack Leaf to withdraw a Shotgun from the weapon locker (Cost: 3)
[2018/1/6 - 19:50:25] Artur Voronkov has withdrawn a Desert Eagle from the weapon locker (Cost: 5)
[2018/1/6 - 19:50:30] Luke Henchman has withdrawn a Desert Eagle from the weapon locker (Cost: 5)
[2018/1/6 - 19:50:40] Personal Associate Artur Voronkov (1000624867) (rank 6) has given Ethan Henchman (10650) rank 4 (Adviser) in La Reunion Espanol
[2018/1/6 - 19:50:45] Jack Leaf has logged out.
[2018/1/6 - 19:50:45] Corey Brooks has logged in.
[2018/1/6 - 19:50:57] Artur Voronkov has withdrawn a Desert Eagle from the weapon locker (Cost: 5)
[2018/1/6 - 19:50:58] Luke Henchman has withdrawn a Desert Eagle from the weapon locker (Cost: 5)
[2018/1/6 - 19:51:45] Jack Leaf has logged in.
[2018/1/6 - 19:53:44] Rubin Dios Gutierrez has logged out.
[2018/1/6 - 19:55:55] Tomy Lee has logged in.
[2018/1/6 - 19:56:58] Luke Henchman has withdrawn a Desert Eagle from the weapon locker (Cost: 5)
[2018/1/6 - 19:57:09] Luke Henchman has withdrawn a Desert Eagle from the weapon locker (Cost: 5)
[2018/1/6 - 20:00:48] Jack Leaf has logged out.
[2018/1/6 - 20:01:49] Jack Leaf has logged in.
[2018/1/6 - 20:03:51] Newcomer Jack Leaf has lost connection.
[2018/1/6 - 20:05:34] Jack Leaf has logged in.
[2018/1/6 - 20:05:46] Jack Leaf has logged out.
[2018/1/6 - 20:06:26] Jack Leaf has logged in.
[2018/1/6 - 20:06:37] Corey Brooks has logged out.
[2018/1/6 - 20:07:23] Jack Leaf has logged out.
[2018/1/6 - 20:08:00] Jack Leaf has logged in.
[2018/1/6 - 20:12:39] Enzo Simon has logged out.
[2018/1/6 - 20:13:15] Jack Leaf has logged out.
[2018/1/6 - 20:15:22] Rubin Dios Gutierrez has logged in.
[2018/1/6 - 20:17:03] Ethan Henchman has logged out.
[2018/1/6 - 20:17:48] Luke Henchman has logged out.
[2018/1/6 - 20:18:34] Rubin Dios Gutierrez (1000326695) has changed MOTD for RP around and post it on our roleplay thread to get promoted! Allies: Ma
[2018/1/6 - 20:18:55] Rubin Dios Gutierrez (1000326695) has changed MOTD for RP around and post it on our roleplay thread to get promoted! Allies: 13
[2018/1/6 - 20:19:11] Tomy Lee has withdrawn a Desert Eagle from the weapon locker (Cost: 5)
[2018/1/6 - 20:20:06] Rubin Dios Gutierrez (1000326695) has changed MOTD for You must behave all the family members - respond to all turfs/points - T
[2018/1/6 - 20:21:22] Rubin Dios Gutierrez (1000326695) has changed MOTD for DO NOT WASTE LOCKER MATS, WE ARE LOW ON IT! - REQUEST FOR DEAGLE ONLY! -
[2018/1/6 - 20:21:51] Rubin Dios Gutierrez has logged out.
[2018/1/6 - 20:22:15] Luke Henchman has logged in.
[2018/1/6 - 20:28:18] Steve Faulkner has logged out.
[2018/1/6 - 20:29:08] Steve Faulkner has logged in.
[2018/1/6 - 20:30:15] Artur Voronkov has logged out.
[2018/1/6 - 20:34:06] Jack Leaf has logged in.
[2018/1/6 - 20:35:27] Newcomer Jack Leaf has lost connection.
[2018/1/6 - 20:35:48] Jack Leaf has logged in.
[2018/1/6 - 20:37:51] Tomy Lee has logged out.
[2018/1/6 - 20:38:21] Adviser Steve Faulkner has lost connection.
[2018/1/6 - 20:38:25] Tomy Lee has logged in.
[2018/1/6 - 20:39:47] Steve Faulkner has logged in.
[2018/1/6 - 20:40:28] Jassem Brrayana has logged in.
[2018/1/6 - 20:40:43] Soldier Jassem Brrayana has lost connection.
[2018/1/6 - 20:41:18] Jassem Brrayana has logged in.
[2018/1/6 - 20:53:53] Sun Lu has logged out.
[2018/1/6 - 20:58:27] Danilo Buenoh has withdrawn a Desert Eagle from the weapon locker (Cost: 5)
[2018/1/6 - 21:01:04] Sun Lu has logged in.
[2018/1/6 - 21:03:02] Jack Leaf has logged out.
[2018/1/6 - 21:03:37] Luke Henchman has withdrawn a Desert Eagle from the weapon locker (Cost: 5)
[2018/1/6 - 21:07:03] Ryu Bishop has logged in.
[2018/1/6 - 21:11:05] Mercer D Conor has logged out.
[2018/1/6 - 21:15:00] Mercer D Conor has logged in.
[2018/1/6 - 21:21:18] Corey Brooks has logged in.
[2018/1/6 - 21:23:21] Soldier Jassem Brrayana has lost connection.
[2018/1/6 - 21:26:06] Jassem Brrayana has logged in.
[2018/1/6 - 21:28:16] Joe Celtia has logged in.
[2018/1/6 - 21:28:33] Danilo Buenoh has withdrawn a Desert Eagle from the weapon locker (Cost: 5)
[2018/1/6 - 21:30:13] Corey Brooks has logged out.
[2018/1/6 - 21:31:12] Danilo Buenoh has withdrawn a Desert Eagle from the weapon locker (Cost: 5)
[2018/1/6 - 21:31:36] Danilo Buenoh has withdrawn a Desert Eagle from the weapon locker (Cost: 5)
[2018/1/6 - 21:32:52] Joe Celtia has logged out.
[2018/1/6 - 21:32:55] Artur Voronkov has logged in.
[2018/1/6 - 21:34:23] Artur Voronkov has logged out.
[2018/1/6 - 21:35:04] Artur Voronkov has logged in.
[2018/1/6 - 21:35:24] Artur Voronkov has authorized Sun Lu to withdraw a Desert Eagle from the weapon locker (Cost: 5)
[2018/1/6 - 21:37:41] Ryu Bishop has logged out.
[2018/1/6 - 21:40:30] Soldier Jassem Brrayana has lost connection.
[2018/1/6 - 21:44:49] John Muai has logged in.
[2018/1/6 - 21:46:54] John Muai has logged out.
[2018/1/6 - 22:03:33] Jerry Lowfer has logged in.
[2018/1/6 - 22:05:11] Hartax Blacker has logged out.
[2018/1/6 - 22:05:57] Artur Voronkov has logged out.
[2018/1/6 - 22:07:23] Hartax Blacker has logged in.
[2018/1/6 - 22:08:15] Steve Faulkner has logged in.
[2018/1/6 - 22:09:00] Mercer D Conor has logged out.
[2018/1/6 - 22:09:28] Luke Henchman has logged out.
[2018/1/6 - 22:10:40] Sun Lu has logged out.
[2018/1/6 - 22:12:53] Jerry Lowfer has logged out.
[2018/1/6 - 22:14:20] Jassem Brrayana has logged in.
[2018/1/6 - 22:14:34] Soldier Jassem Brrayana has lost connection.
[2018/1/6 - 22:15:05] Jassem Brrayana has logged in.
[2018/1/6 - 22:15:19] Soldier Jassem Brrayana has lost connection.
[2018/1/6 - 22:15:48] Jassem Brrayana has logged in.
[2018/1/6 - 22:16:00] Soldier Jassem Brrayana has lost connection.
[2018/1/6 - 22:17:10] Jassem Brrayana has logged in.
[2018/1/6 - 22:17:22] Soldier Jassem Brrayana has lost connection.
[2018/1/6 - 22:18:05] Corey Brooks has logged in.
[2018/1/6 - 22:18:12] Jassem Brrayana has logged in.
[2018/1/6 - 22:18:48] Soldier Jassem Brrayana has lost connection.
[2018/1/6 - 22:19:05] Jassem Brrayana has logged in.
[2018/1/6 - 22:24:23] Adviser Corey Brooks has lost connection.
[2018/1/6 - 22:25:38] Danilo Buenoh has logged out.
[2018/1/6 - 22:31:22] Jassem Brrayana has logged out.
[2018/1/6 - 22:32:24] Corey Brooks has logged in.
[2018/1/6 - 22:37:58] Jassem Brrayana has logged in.
[2018/1/6 - 22:38:16] Soldier Jassem Brrayana has lost connection.
[2018/1/6 - 22:40:46] Corey Brooks has logged out.
[2018/1/6 - 22:54:03] Jassem Brrayana has logged in.
[2018/1/6 - 22:54:15] Soldier Jassem Brrayana has lost connection.
[2018/1/6 - 22:54:53] Jassem Brrayana has logged in.
[2018/1/6 - 22:59:57] Hartax Blacker has logged out.
[2018/1/6 - 23:01:46] Hartax Blacker has logged in.
[2018/1/6 - 23:01:59] Jassem Brrayana (1000178952) has quit the La Reunion Espanola as a rank 1
[2018/1/6 - 23:06:55] Jimmy Tony has logged in.
[2018/1/6 - 23:13:14] Mercer D Conor has logged in.
[2018/1/6 - 23:13:52] Sun Lu has logged in.
[2018/1/6 - 23:24:12] Steve Faulkner has logged out.
[2018/1/6 - 23:38:30] Danilo Buenoh has logged in.
