[2018/2/13 - 11:53:13] Trent Mercher has logged in.
[2018/2/13 - 11:54:33] Artur Voronkov has logged in.
[2018/2/13 - 11:57:25] Sean Schlaf has logged in.
[2018/2/13 - 11:58:04] Roy Gucci Cobra has withdrawn a SPAS-12 from the weapon locker (Cost: 30)
[2018/2/13 - 11:58:04] Roy Gucci Cobra has withdrawn a Sniper Rifle from the weapon locker (Cost: 40)
[2018/2/13 - 12:16:47] Tony Steels (1000095288) accepted Don Roy Gucci Cobra's (1000531330) invite to join La Reunion Espanola (28).
[2018/2/13 - 12:16:50] Don Roy Gucci Cobra (1000531330) (rank 8) has given Tony Steels (1000095288) rank 4 (Adviser) in La Reunion Espanola (28).
[2018/2/13 - 12:23:17] Artur Voronkov has authorized Tony Steels to withdraw a Desert Eagle from the weapon locker (Cost: 5)
[2018/2/13 - 12:23:23] Artur Voronkov has withdrawn a Desert Eagle from the weapon locker (Cost: 5)
[2018/2/13 - 12:23:28] Roy Gucci Cobra has authorized Trent Mercher to withdraw a Desert Eagle from the weapon locker (Cost: 5)
[2018/2/13 - 12:23:36] Roy Gucci Cobra has authorized Artur Voronkov to withdraw a SPAS-12 from the weapon locker (Cost: 30)
[2018/2/13 - 12:23:38] Roy Gucci Cobra has withdrawn a Desert Eagle from the weapon locker (Cost: 5)
[2018/2/13 - 12:23:39] Roy Gucci Cobra has withdrawn a SPAS-12 from the weapon locker (Cost: 30)
[2018/2/13 - 12:23:52] Roy Gucci Cobra has authorized Trent Mercher to withdraw a AK-47 from the weapon locker (Cost: 15)
[2018/2/13 - 12:24:04] Roy Gucci Cobra has authorized Sean Schlaf to withdraw a M4A1 from the weapon locker (Cost: 20)
[2018/2/13 - 12:24:51] Roy Gucci Cobra has set Desert Eagle weapon restriction from rank 6+ to 4.
[2018/2/13 - 12:24:59] Roy Gucci Cobra has authorized Tony Steels to withdraw a SPAS-12 from the weapon locker (Cost: 30)
[2018/2/13 - 12:27:31] Neo Croos has logged in.
[2018/2/13 - 12:29:06] Neo Croos has logged out.
[2018/2/13 - 12:30:39] John Watts has logged in.
[2018/2/13 - 12:34:34] Richard Wingfield has logged in.
[2018/2/13 - 12:35:02] Roy Gucci Cobra has authorized Tony Steels to withdraw a Shotgun from the weapon locker (Cost: 3)
[2018/2/13 - 12:35:13] Tony Steels has withdrawn a Desert Eagle from the weapon locker (Cost: 5)
[2018/2/13 - 12:35:16] Roy Gucci Cobra has set Shotgun weapon restriction from rank 8+ to 4.
[2018/2/13 - 12:36:17] Michael H Buenoh has logged in.
[2018/2/13 - 12:40:02] Richard Wingfield has logged out.
[2018/2/13 - 12:40:08] Adviser Tony Steels has lost connection.
[2018/2/13 - 12:40:51] Tony Steels has logged in.
[2018/2/13 - 12:40:55] Michael H Buenoh has logged out.
[2018/2/13 - 12:41:23] Steve Faulkner has logged in.
[2018/2/13 - 12:41:24] Trent Mercher has withdrawn a Desert Eagle from the weapon locker (Cost: 5)
[2018/2/13 - 12:41:30] Sean Schlaf has authorized Trent Mercher to withdraw a AK-47 from the weapon locker (Cost: 15)
[2018/2/13 - 12:41:54] Sean Schlaf has adjusted the withdraw rank for item 2 to 4.
[2018/2/13 - 12:41:58] Sean Schlaf has withdrawn 40 grams of Ecstasy from the safe.
[2018/2/13 - 12:42:01] Sean Schlaf has withdrawn 40 grams of Heroin from the safe.
[2018/2/13 - 12:42:07] Sean Schlaf has withdrawn 40 grams of Meth from the safe.
[2018/2/13 - 12:42:11] Sean Schlaf has withdrawn 40 grams of Pot from the safe.
[2018/2/13 - 12:42:14] Sean Schlaf has withdrawn 40 grams of Crack from the safe.
[2018/2/13 - 12:42:17] Sean Schlaf has adjusted the withdraw rank for item 2 to 8.
[2018/2/13 - 12:42:19] Tony Steels has withdrawn a Desert Eagle from the weapon locker (Cost: 5)
[2018/2/13 - 12:42:31] John Watts has authorized Sean Schlaf to withdraw a M4A1 from the weapon locker (Cost: 20)
[2018/2/13 - 12:43:15] John Watts has set Sniper Rifle weapon restriction from rank 8+ to 6.
[2018/2/13 - 12:43:19] John Watts has withdrawn a Sniper Rifle from the weapon locker (Cost: 40)
[2018/2/13 - 12:43:24] John Watts has set Sniper Rifle weapon restriction from rank 6+ to 8.
[2018/2/13 - 12:43:35] John Watts has logged out.
[2018/2/13 - 12:43:48] Sean Schlaf has logged out.
[2018/2/13 - 12:43:52] Jack Leaf has logged in.
[2018/2/13 - 12:43:58] John Watts has logged in.
[2018/2/13 - 12:50:33] Jack Leaf has logged out.
[2018/2/13 - 12:50:50] John Watts has logged out.
[2018/2/13 - 12:51:33] Dolev Venturas has logged in.
[2018/2/13 - 12:54:09] Rubin Dios Gutierrez has logged in.
[2018/2/13 - 12:57:18] Tony Steels has logged out.
[2018/2/13 - 12:59:39] Steve Faulkner has logged out.
[2018/2/13 - 12:59:45] Lee Xian has logged in.
[2018/2/13 - 13:01:43] Kieron Gucci Pollard has logged in.
[2018/2/13 - 13:02:52] Rubin Dios Gutierrez has logged out.
[2018/2/13 - 13:02:53] Trent Mercher has withdrawn a Desert Eagle from the weapon locker (Cost: 5)
[2018/2/13 - 13:03:11] Trent Mercher has logged out.
[2018/2/13 - 13:03:42] Artur Voronkov has logged out.
[2018/2/13 - 13:04:48] Lee Xian has logged out.
[2018/2/13 - 13:23:57] Dolev Venturas has logged out.
[2018/2/13 - 13:27:13] Sean Schlaf has logged in.
[2018/2/13 - 13:27:43] Sean Schlaf has logged out.
[2018/2/13 - 13:34:00] Lee Xian has logged in.
[2018/2/13 - 13:39:37] Lee Xian has logged out.
[2018/2/13 - 13:51:32] Pump Gucci Cobra has logged in.
[2018/2/13 - 13:52:58] Pump Gucci Cobra has logged in.
[2018/2/13 - 14:21:42] Pump Gucci Cobra has logged in.
[2018/2/13 - 14:21:49] Pump Gucci Cobra has logged out.
[2018/2/13 - 14:35:15] Sean Schlaf has logged in.
[2018/2/13 - 14:37:02] Sean Schlaf has withdrawn a Desert Eagle from the weapon locker (Cost: 5)
[2018/2/13 - 14:39:52] Pump Gucci Cobra has logged in.
[2018/2/13 - 14:43:34] Lee Xian has logged in.
[2018/2/13 - 14:49:56] Pump Gucci Cobra has logged out.
[2018/2/13 - 14:52:25] Lee Xian (1000626035) has quit the La Reunion Espanola as a rank 4
[2018/2/13 - 14:56:37] John Watts has logged in.
[2018/2/13 - 14:58:04] John Watts has logged out.
[2018/2/13 - 15:17:44] Sean Schlaf has logged out.
[2018/2/13 - 15:18:17] Steve Faulkner has logged in.
[2018/2/13 - 15:50:57] Steve Faulkner has logged in.
[2018/2/13 - 16:29:09] Steve Faulkner has withdrawn a Desert Eagle from the weapon locker (Cost: 5)
[2018/2/13 - 16:29:11] Steve Faulkner has withdrawn a Sniper Rifle from the weapon locker (Cost: 40)
[2018/2/13 - 16:29:25] Steve Faulkner has withdrawn 200 grams of Meth from the safe.
[2018/2/13 - 16:32:43] Steve Faulkner has logged in.
[2018/2/13 - 16:41:23] Steve Faulkner has withdrawn a Desert Eagle from the weapon locker (Cost: 5)
[2018/2/13 - 16:41:25] Steve Faulkner has withdrawn a SPAS-12 from the weapon locker (Cost: 30)
[2018/2/13 - 16:41:26] Steve Faulkner has withdrawn a Sniper Rifle from the weapon locker (Cost: 40)
[2018/2/13 - 16:41:41] Steve Faulkner has withdrawn 500 grams of Ecstasy from the safe.
[2018/2/13 - 16:41:48] Steve Faulkner has withdrawn 500 grams of Heroin from the safe.
[2018/2/13 - 23:09:59] Jun Malone has logged in.
[2018/2/13 - 23:42:30] Trent Mercher has logged in.
[2018/2/13 - 23:55:17] Gey Gucci Cobra has logged in.
[2018/2/13 - 23:57:34] Gey Gucci Cobra has logged out.
[2018/2/13 - 23:58:48] Trent Mercher has logged out.
