[2018/1/3 - 0:01:34] Jax Dios Hunt has logged out.
[2018/1/3 - 0:13:21] Billy Dios Delany has logged in.
[2018/1/3 - 0:27:20] Right hand Billy Dios Delany has lost connection.
[2018/1/3 - 0:30:13] Billy Dios Delany has logged in.
[2018/1/3 - 0:41:46] Jax Dios Hunt has logged in.
[2018/1/3 - 1:05:12] Danilo Buenoh has logged out.
[2018/1/3 - 1:05:18] Right hand Billy Dios Delany has lost connection.
[2018/1/3 - 1:06:52] Danilo Buenoh has logged in.
[2018/1/3 - 1:07:37] Billy Dios Delany has logged in.
[2018/1/3 - 1:28:20] Leo Flexman has logged in.
[2018/1/3 - 1:30:34] Fam Leo Flexman has lost connection.
[2018/1/3 - 1:39:07] Right hand Billy Dios Delany has lost connection.
[2018/1/3 - 1:57:12] Leo Flexman has logged in.
[2018/1/3 - 2:01:51] Leo Flexman has logged out.
[2018/1/3 - 2:06:46] Billy Dios Delany has logged in.
[2018/1/3 - 2:10:38] Ermetano Carragio has logged in.
[2018/1/3 - 2:11:03] Elisa Blaze has logged in.
[2018/1/3 - 2:11:31] Elisa Blaze has withdrawn 100 grams of Ecstasy from the safe.
[2018/1/3 - 2:11:47] Elisa Blaze has withdrawn 400 grams of Pot from the safe.
[2018/1/3 - 2:11:53] Elisa Blaze has withdrawn 400 grams of Crack from the safe.
[2018/1/3 - 2:11:58] Elisa Blaze has withdrawn 120 grams of Meth from the safe.
[2018/1/3 - 2:12:03] Elisa Blaze has withdrawn 150 grams of Heroin from the safe.
[2018/1/3 - 2:33:37] Elisa Blaze has adjusted the withdraw rank for item 0 to 7.
[2018/1/3 - 2:33:42] Elisa Blaze has withdrawn $72,000 from the safe.
[2018/1/3 - 2:33:46] Elisa Blaze has adjusted the withdraw rank for item 0 to 8.
[2018/1/3 - 2:35:04] Elisa Blaze has authorized Billy Dios Delany to withdraw a Desert Eagle from the weapon locker (Cost: 10)
[2018/1/3 - 2:36:19] Ermetano Carragio has logged out.
[2018/1/3 - 2:36:48] Elisa Blaze has authorized Jax Dios Hunt to withdraw a Desert Eagle from the weapon locker (Cost: 10)
[2018/1/3 - 2:40:57] Elisa Blaze has authorized Danilo Buenoh to withdraw a Desert Eagle from the weapon locker (Cost: 10)
[2018/1/3 - 2:51:32] Elisa Blaze has authorized Billy Dios Delany to withdraw a Shotgun from the weapon locker (Cost: 5)
[2018/1/3 - 2:51:36] Elisa Blaze has authorized Jax Dios Hunt to withdraw a Shotgun from the weapon locker (Cost: 5)
[2018/1/3 - 2:55:40] Kevin Dios Brank (1000023999) accepted Underboss Elisa Blaze's (1000008255) invite to join La Reunion Espanola (28).
[2018/1/3 - 3:03:19] Wayne Dios Hunt (159038) accepted Underboss Elisa Blaze's (1000008255) invite to join La Reunion Espanola (28).
[2018/1/3 - 3:03:55] Elisa Blaze has authorized Kevin Dios Brank to withdraw a Shotgun from the weapon locker (Cost: 5)
[2018/1/3 - 3:05:11] Elisa Blaze has authorized Wayne Dios Hunt to withdraw a Shotgun from the weapon locker (Cost: 5)
[2018/1/3 - 3:10:33] Jack Malix has logged in.
[2018/1/3 - 3:37:15] Toshiaki Vikouri has logged in.
[2018/1/3 - 3:37:48] Toshiaki Vikouri has logged out.
[2018/1/3 - 3:38:48] Underboss Elisa Blaze (1000008255) (rank 7) has uninvited Wayne Dios Hunt (159038) (rank 0) from La Reunion Espanola (28).
[2018/1/3 - 3:39:04] Underboss Elisa Blaze (1000008255) (rank 7) has uninvited Kevin Dios Brank (1000023999) (rank 0) from La Reunion Espanola (28).
[2018/1/3 - 3:40:05] Underboss Elisa Blaze (1000008255) (rank 7) has given Billy Dios Delany (1000337830) rank 2 (Manager) in La Reunion Espanola (2
[2018/1/3 - 3:42:59] Underboss Elisa Blaze (1000008255) (rank 7) has given Billy Dios Delany (1000337830) rank 5 (Right hand) in La Reunion Espanola
[2018/1/3 - 3:46:24] Toshiaki Vikouri has logged in.
[2018/1/3 - 3:47:57] Manager Toshiaki Vikouri has lost connection.
[2018/1/3 - 3:48:26] Toshiaki Vikouri has logged in.
[2018/1/3 - 3:51:35] Danilo Buenoh has logged out.
[2018/1/3 - 3:57:39] Leo Flexman has logged in.
[2018/1/3 - 3:59:15] Leo Flexman has logged out.
[2018/1/3 - 4:01:22] Leo Flexman has logged in.
[2018/1/3 - 4:02:09] Leo Flexman has logged out.
[2018/1/3 - 4:17:47] Billy Dios Delany has logged out.
[2018/1/3 - 4:18:14] Billy Dios Delany has logged in.
[2018/1/3 - 4:28:41] Underboss Elisa Blaze (1000008255) (rank 7) has uninvited Jax Dios Hunt (1000624993) (rank 0) from La Reunion Espanola (28).
[2018/1/3 - 4:28:56] Toshiaki Vikouri (1000519645) has quit the La Reunion Espanola as a rank 2
[2018/1/3 - 4:37:38] Snizzy Young has logged in.
[2018/1/3 - 4:42:03] Shen Blevis has logged in.
[2018/1/3 - 4:45:38] Ermetano Carragio has logged in.
[2018/1/3 - 4:47:08] Ermetano Carragio (93779) has quit the La Reunion Espanola as a rank 4
[2018/1/3 - 4:51:14] Elisa Blaze has authorized Billy Dios Delany to withdraw a Shotgun from the weapon locker (Cost: 5)
[2018/1/3 - 4:51:45] Billy Dios Delany has logged out.
[2018/1/3 - 4:52:20] Elisa Blaze has authorized Shen Blevis to withdraw a Shotgun from the weapon locker (Cost: 5)
[2018/1/3 - 5:01:28] Shen Blevis has deposited 400 materials into the safe.
[2018/1/3 - 5:03:11] Elisa Blaze has authorized Shen Blevis to withdraw a Shotgun from the weapon locker (Cost: 5)
[2018/1/3 - 5:08:06] Elisa Blaze has withdrawn 60 grams of Ecstasy from the safe.
[2018/1/3 - 5:14:36] Jack Malix has logged out.
[2018/1/3 - 5:20:50] Elisa Blaze has logged out.
[2018/1/3 - 5:23:21] Roy Ryder has logged in.
[2018/1/3 - 5:45:45] Soldier Roy Ryder has lost connection.
[2018/1/3 - 5:57:30] Alex S Blevis has logged in.
[2018/1/3 - 6:12:11] Shen Blevis has logged out.
[2018/1/3 - 6:12:58] Shen Blevis has logged in.
[2018/1/3 - 6:33:23] Luka Carter has logged in.
[2018/1/3 - 6:57:43] Arturo Dios Waters has logged in.
[2018/1/3 - 6:58:09] Diana Hillto has logged in.
[2018/1/3 - 6:59:05] Manager Alex S Blevis has lost connection.
[2018/1/3 - 7:00:48] Alex S Blevis has logged in.
[2018/1/3 - 7:02:54] Arturo Dios Waters has withdrawn a Shotgun from the weapon locker (Cost: 5)
[2018/1/3 - 7:03:04] Arturo Dios Waters has withdrawn a Shotgun from the weapon locker (Cost: 5)
[2018/1/3 - 7:04:33] Arturo Dios Waters has logged out.
[2018/1/3 - 7:05:05] Diana Hillto has logged out.
[2018/1/3 - 7:08:27] John Pat has logged in.
[2018/1/3 - 7:11:21] Alex S Blevis has logged out.
[2018/1/3 - 7:11:46] Alex S Blevis has logged in.
[2018/1/3 - 7:13:20] Bonjan Clevreman has logged in.
[2018/1/3 - 7:18:27] Alex S Blevis has logged out.
[2018/1/3 - 7:23:51] Percy Dios Brank has logged in.
[2018/1/3 - 7:27:14] Manager Shen Blevis has lost connection.
[2018/1/3 - 7:28:57] Alonso Bishop has logged in.
[2018/1/3 - 7:37:15] Bonjan Clevreman has logged out.
[2018/1/3 - 7:39:45] Adviser Snizzy Young has lost connection.
[2018/1/3 - 7:41:08] Shen Blevis has logged in.
[2018/1/3 - 7:41:59] Snizzy Young has logged in.
[2018/1/3 - 7:46:51] Adviser Alonso Bishop has lost connection.
[2018/1/3 - 7:48:30] Alonso Bishop has logged in.
[2018/1/3 - 8:00:52] Elisa Blaze has logged in.
[2018/1/3 - 8:01:22] Elisa Blaze has logged out.
[2018/1/3 - 8:01:28] Simon Perry has logged in.
[2018/1/3 - 8:13:47] Simon Perry has logged out.
[2018/1/3 - 8:15:44] Newcomer John Pat has lost connection.
[2018/1/3 - 8:17:11] John Pat has logged in.
[2018/1/3 - 8:19:24] Rakim Woodcaine has logged in.
[2018/1/3 - 8:29:02] Shen Blevis has logged out.
[2018/1/3 - 8:29:41] Shen Blevis has logged in.
[2018/1/3 - 8:30:22] Shen Blevis has logged out.
[2018/1/3 - 8:33:47] Simon Perry has logged in.
[2018/1/3 - 8:35:44] Shen Blevis has logged in.
[2018/1/3 - 8:37:52] Snizzy Young (126832) has quit the La Reunion Espanola as a rank 4
[2018/1/3 - 8:39:18] John Pat has logged out.
[2018/1/3 - 8:51:51] Manager Shen Blevis has lost connection.
[2018/1/3 - 8:55:13] Kyle Blevis has logged in.
[2018/1/3 - 8:56:31] Alex S Blevis has logged in.
[2018/1/3 - 8:56:56] Shen Blevis has logged in.
[2018/1/3 - 8:57:18] Alex S Blevis has logged out.
[2018/1/3 - 8:58:37] Shen Blevis has logged out.
[2018/1/3 - 8:58:52] Alex S Blevis has logged in.
[2018/1/3 - 8:59:33] Shen Blevis has logged in.
[2018/1/3 - 9:00:29] Shen Blevis has logged out.
[2018/1/3 - 9:01:15] Shen Blevis has logged in.
[2018/1/3 - 9:02:29] Michael Dios Wing has logged in.
[2018/1/3 - 9:02:52] Alex S Blevis has logged out.
[2018/1/3 - 9:02:56] Percy Dios Brank has logged in.
[2018/1/3 - 9:05:20] Snizzy Young (126832) accepted Underboss Michael Dios Wing's (1000246432) invite to join La Reunion Espanola (28).
[2018/1/3 - 9:05:25] Underboss Michael Dios Wing (1000246432) (rank 7) has given Snizzy Young (126832) rank 4 (Adviser) in La Reunion Espanola (28).
[2018/1/3 - 9:05:29] Underboss Michael Dios Wing (1000246432) has set Snizzy Young's (126832) division to Enssyador in La Reunion Espanola (28).
[2018/1/3 - 9:06:43] Shen Blevis has logged out.
[2018/1/3 - 9:06:47] Michael Dios Wing has authorized Snizzy Young to withdraw a Shotgun from the weapon locker (Cost: 5)
[2018/1/3 - 9:08:14] Shen Blevis has logged in.
[2018/1/3 - 9:08:28] Michael Dios Wing has authorized Percy Dios Brank to withdraw a Desert Eagle from the weapon locker (Cost: 10)
[2018/1/3 - 9:11:15] Personal Associate Percy Dios Brank has lost connection.
[2018/1/3 - 9:13:31] Rakim Woodcaine has logged out.
[2018/1/3 - 9:13:31] Simon Perry has logged out.
[2018/1/3 - 9:22:09] Michael Dios Wing has authorized Snizzy Young to withdraw a Shotgun from the weapon locker (Cost: 5)
[2018/1/3 - 9:22:50] Michael Dios Wing has authorized Kyle Blevis to withdraw a Shotgun from the weapon locker (Cost: 5)
[2018/1/3 - 9:31:09] Michael Dios Wing has authorized Shen Blevis to withdraw a Desert Eagle from the weapon locker (Cost: 10)
[2018/1/3 - 9:31:19] Luka Carter (1000625211) has quit the La Reunion Espanola as a rank 0
[2018/1/3 - 9:32:29] Rubin Gutierrez has logged in.
[2018/1/3 - 9:32:57] Personal Associate Rubin Gutierrez has lost connection.
[2018/1/3 - 9:33:33] Rubin Gutierrez has logged in.
[2018/1/3 - 9:38:43] Michael Dios Wing has authorized Kyle Blevis to withdraw a Shotgun from the weapon locker (Cost: 5)
[2018/1/3 - 9:38:57] Michael Dios Wing has authorized Snizzy Young to withdraw a Shotgun from the weapon locker (Cost: 5)
[2018/1/3 - 9:50:26] Michael Dios Wing has withdrawn 200 grams of Pot from the safe.
[2018/1/3 - 9:50:48] Michael Dios Wing has withdrawn 200 grams of Crack from the safe.
[2018/1/3 - 9:51:04] Michael Dios Wing has withdrawn 200 grams of Meth from the safe.
[2018/1/3 - 9:55:07] Shen Blevis has logged out.
[2018/1/3 - 9:55:27] Shen Blevis has logged in.
[2018/1/3 - 9:55:29] Tyrell Michalz (1000625295) accepted Underboss Michael Dios Wing's (1000246432) invite to join La Reunion Espanola (28).
[2018/1/3 - 10:02:05] Rakim Woodcaine has logged in.
[2018/1/3 - 10:04:38] Kyle Blevis has logged out.
[2018/1/3 - 10:05:11] Kyle Blevis has logged in.
[2018/1/3 - 10:06:35] Alex S Blevis has logged in.
[2018/1/3 - 10:08:57] John Pat has logged in.
[2018/1/3 - 10:10:26] Jack Malix has logged in.
[2018/1/3 - 10:10:33] Nick Chains has logged in.
[2018/1/3 - 10:11:15] Newcomer Nick Chains has lost connection.
[2018/1/3 - 10:11:40] Nick Chains has logged in.
[2018/1/3 - 10:17:44] Manager Alex S Blevis has lost connection.
[2018/1/3 - 10:18:15] Hans Biggums (1000625509) accepted Underboss Michael Dios Wing's (1000246432) invite to join La Reunion Espanola (28).
[2018/1/3 - 10:18:17] Alex S Blevis has logged in.
[2018/1/3 - 10:20:18] Manager Alex S Blevis has lost connection.
[2018/1/3 - 10:22:00] Kyle Blevis has logged out.
[2018/1/3 - 10:22:10] Alex S Blevis has logged in.
[2018/1/3 - 10:22:39] Kyle Blevis has logged in.
[2018/1/3 - 10:26:13] Alonso Bishop has logged in.
[2018/1/3 - 10:27:01] Underboss Michael Dios Wing (1000246432) (rank 7) has given Hans Biggums (1000625509) rank 4 (Adviser) in La Reunion Espanola (
[2018/1/3 - 10:28:24] Artur Voronkov has logged in.
[2018/1/3 - 10:31:49] Artur Voronkov has logged out.
[2018/1/3 - 10:39:39] Shen Blevis has logged in.
[2018/1/3 - 10:42:45] Adviser Alonso Bishop has lost connection.
[2018/1/3 - 10:43:27] Alonso Bishop has logged in.
[2018/1/3 - 10:43:55] Shen Blevis has logged out.
[2018/1/3 - 10:45:09] Diana Hillto has logged in.
[2018/1/3 - 10:46:23] Lamar Murphy has logged in.
[2018/1/3 - 10:47:08] Darren Knox Vlacic (1000207688) accepted Underboss Michael Dios Wing's (1000246432) invite to join La Reunion Espanola (28).
[2018/1/3 - 10:47:43] Kyle Blevis has logged out.
[2018/1/3 - 10:48:19] Kyle Blevis has logged in.
[2018/1/3 - 10:49:22] Michael Dios Wing has authorized Snizzy Young to withdraw a Shotgun from the weapon locker (Cost: 5)
[2018/1/3 - 10:49:24] Michael Dios Wing has authorized Alex S Blevis to withdraw a Shotgun from the weapon locker (Cost: 5)
[2018/1/3 - 10:52:12] Chris Chanox (1000625220) accepted Underboss Michael Dios Wing's (1000246432) invite to join La Reunion Espanola (28).
[2018/1/3 - 10:53:21] Tyrell Michalz has logged out.
[2018/1/3 - 11:02:42] Diana Hillto has logged out.
[2018/1/3 - 11:04:07] Adviser Snizzy Young has lost connection.
[2018/1/3 - 11:06:06] Alex S Blevis has logged out.
[2018/1/3 - 11:07:08] Diana Hillto has logged in.
[2018/1/3 - 11:07:31] Rubin Gutierrez has logged out.
[2018/1/3 - 11:09:23] Rubin Gutierrez has logged in.
[2018/1/3 - 11:09:26] Michael Dios Wing has authorized Lamar Murphy to withdraw a Desert Eagle from the weapon locker (Cost: 10)
[2018/1/3 - 11:09:49] Michael Dios Wing has authorized Nick Chains to withdraw a Desert Eagle from the weapon locker (Cost: 10)
[2018/1/3 - 11:09:50] Michael Dios Wing has authorized Diana Hillto to withdraw a Desert Eagle from the weapon locker (Cost: 10)
[2018/1/3 - 11:10:05] Michael Dios Wing has authorized Chris Chanox to withdraw a Desert Eagle from the weapon locker (Cost: 10)
[2018/1/3 - 11:10:51] Michael Dios Wing has authorized John Pat to withdraw a MP5 from the weapon locker (Cost: 10)
[2018/1/3 - 11:11:52] Michael Dios Wing has authorized Jack Malix to withdraw a MP5 from the weapon locker (Cost: 10)
[2018/1/3 - 11:17:49] Hans Biggums has logged out.
[2018/1/3 - 11:18:15] Nick Chains has logged out.
[2018/1/3 - 11:19:10] Nick Chains has logged in.
[2018/1/3 - 11:19:39] Right hand Lamar Murphy has lost connection.
[2018/1/3 - 11:20:31] Underboss Michael Dios Wing has lost connection.
[2018/1/3 - 11:20:49] Lamar Murphy has logged in.
[2018/1/3 - 11:23:59] Hans Biggums has logged in.
[2018/1/3 - 11:25:36] Shen Blevis has logged in.
[2018/1/3 - 11:29:51] Lamar Whitman has logged out.
[2018/1/3 - 11:30:05] Rubin Gutierrez has logged out.
[2018/1/3 - 11:30:55] Rubin Gutierrez has logged in.
[2018/1/3 - 11:31:16] Chris Chanox has logged out.
[2018/1/3 - 11:32:20] Lamar Whitman has logged in.
[2018/1/3 - 11:35:09] Diana Hillto has logged out.
[2018/1/3 - 11:35:39] Newcomer Rakim Woodcaine has lost connection.
[2018/1/3 - 11:39:11] Rakim Woodcaine has logged in.
[2018/1/3 - 11:39:55] Rubin Gutierrez has logged out.
[2018/1/3 - 11:41:38] Rubin Gutierrez has logged in.
[2018/1/3 - 11:42:33] Rubin Gutierrez has logged out.
[2018/1/3 - 11:44:21] Rubin Gutierrez has logged in.
[2018/1/3 - 11:44:30] John Pat has logged out.
[2018/1/3 - 11:48:47] Rubin Gutierrez has logged out.
[2018/1/3 - 11:49:11] Jack Malix has logged out.
[2018/1/3 - 11:54:48] Jimmy Tex has logged in.
[2018/1/3 - 11:55:18] Nick Chains has logged out.
[2018/1/3 - 11:55:57] Nick Chains has logged in.
[2018/1/3 - 12:03:12] Alonso Bishop has logged out.
[2018/1/3 - 12:06:33] Hans Orionis Biggums has logged out.
[2018/1/3 - 12:09:05] John Pat has logged in.
[2018/1/3 - 12:13:03] Tyrell Michalz has logged in.
[2018/1/3 - 12:14:06] Jimmy Tex (1000522440) has quit the La Reunion Espanola as a rank 4
[2018/1/3 - 12:17:53] Michael Dios Wing has logged in.
[2018/1/3 - 12:19:54] Michael Dios Wing has authorized John Pat to withdraw a Shotgun from the weapon locker (Cost: 5)
[2018/1/3 - 12:24:49] Zyana Dios Bishop has logged in.
[2018/1/3 - 12:24:54] Michael Dios Wing has authorized Tyrell Michalz to withdraw a Shotgun from the weapon locker (Cost: 5)
[2018/1/3 - 12:25:09] Michael Dios Wing has withdrawn 40 grams of Meth from the safe.
[2018/1/3 - 12:25:12] Michael Dios Wing has authorized Lamar Whitman to withdraw a Desert Eagle from the weapon locker (Cost: 10)
[2018/1/3 - 12:26:55] Rakim Woodcaine has logged out.
[2018/1/3 - 12:28:15] Daniel Prim has logged in.
[2018/1/3 - 12:28:59] Michael Dios Wing has authorized Kyle Blevis to withdraw a Desert Eagle from the weapon locker (Cost: 10)
[2018/1/3 - 12:29:27] Nick Chains has logged out.
[2018/1/3 - 12:30:18] Nick Chains has logged in.
[2018/1/3 - 12:30:46] Alonso Bishop has logged in.
[2018/1/3 - 12:31:15] Michael Dios Wing has authorized Shen Blevis to withdraw a Desert Eagle from the weapon locker (Cost: 10)
[2018/1/3 - 12:32:10] Nick Chains has logged out.
[2018/1/3 - 12:34:00] Michael H Buenoh has logged in.
[2018/1/3 - 12:37:24] Nick Chains has logged in.
[2018/1/3 - 12:39:07] Underboss Michael Dios Wing (1000246432) has set Zyana Dios Bishop's (1000528036) division to DiosSquad in La Reunion Espanola 
[2018/1/3 - 12:39:19] Tony Brooks (1000625272) accepted Underboss Michael Dios Wing's (1000246432) invite to join La Reunion Espanola (28).
[2018/1/3 - 12:39:43] Lamar Whitman has logged out.
[2018/1/3 - 12:40:02] Rubin Gutierrez has logged in.
[2018/1/3 - 12:40:38] Michael Dios Wing has authorized Rubin Gutierrez to withdraw a Desert Eagle from the weapon locker (Cost: 10)
[2018/1/3 - 12:43:12] Rakim Woodcaine has logged in.
[2018/1/3 - 12:44:06] Michael Dios Wing has authorized Shen Blevis to withdraw a Shotgun from the weapon locker (Cost: 5)
[2018/1/3 - 12:50:05] Michael Dios Wing has authorized Nick Chains to withdraw a Desert Eagle from the weapon locker (Cost: 10)
[2018/1/3 - 12:50:55] Adviser Daniel Prim has lost connection.
[2018/1/3 - 12:51:02] Newcomer Tyrell Michalz has lost connection.
[2018/1/3 - 12:51:07] Jordan Mo Slayer has logged in.
[2018/1/3 - 12:51:34] Jordan Mo Slayer has logged out.
[2018/1/3 - 12:53:02] Personal Associate Rubin Gutierrez has lost connection.
[2018/1/3 - 12:53:07] Tyrell Michalz has logged in.
[2018/1/3 - 12:54:11] Shen Blevis has logged in.
[2018/1/3 - 12:55:35] Michael Dios Wing has authorized John Pat to withdraw a Shotgun from the weapon locker (Cost: 5)
[2018/1/3 - 12:56:21] Michael Dios Wing has authorized Michael H Buenoh to withdraw a Desert Eagle from the weapon locker (Cost: 10)
[2018/1/3 - 12:56:27] Darren Knox Vlacic has logged in.
[2018/1/3 - 12:56:36] Zyana Dios Bishop has deposited 100 materials into the safe.
[2018/1/3 - 12:57:02] Michael Dios Wing has withdrawn 100 grams of Meth from the safe.
[2018/1/3 - 12:57:14] Nick Chains has logged out.
[2018/1/3 - 12:57:34] Michael Dios Wing has authorized Shen Blevis to withdraw a Shotgun from the weapon locker (Cost: 5)
[2018/1/3 - 12:57:46] Hans Orionis Biggums has logged in.
[2018/1/3 - 12:58:16] Michael Dios Wing has withdrawn 200 grams of Crack from the safe.
[2018/1/3 - 12:58:57] Michael Dios Wing has set Desert Eagle weapon restriction from rank 8+ to 7.
[2018/1/3 - 12:59:08] Underboss Michael Dios Wing (1000246432) (rank 7) has uninvited Hans Orionis Biggums (1000625509) (rank 4) from La Reunion Espa
[2018/1/3 - 12:59:58] Michael Dios Wing has authorized Tyrell Michalz to withdraw a Shotgun from the weapon locker (Cost: 5)
[2018/1/3 - 13:00:10] Adviser Alonso Bishop has lost connection.
[2018/1/3 - 13:00:53] Kevin Kush (1000071051) has made Kevin Kush (1000071051) the leader of the La Reunion Espanola.
[2018/1/3 - 13:01:28] Rakim Woodcaine has logged out.
[2018/1/3 - 13:03:04] Hans Smith (1000181942) accepted Underboss Michael Dios Wing's (1000246432) invite to join La Reunion Espanola (28).
[2018/1/3 - 13:03:32] Rubin Gutierrez has logged in.
[2018/1/3 - 13:03:59] Underboss Michael Dios Wing (1000246432) (rank 7) has given Hans Smith (1000181942) rank 4 (Adviser) in La Reunion Espanola (28
[2018/1/3 - 13:04:00] Rubin Gutierrez has logged out.
[2018/1/3 - 13:04:48] Rubin Gutierrez has logged in.
[2018/1/3 - 13:05:58] Tyrell Michalz has logged out.
[2018/1/3 - 13:07:00] Tyrell Michalz has logged in.
[2018/1/3 - 13:09:17] Michael H Buenoh has logged out.
[2018/1/3 - 13:09:23] Hans Biggums has logged out.
[2018/1/3 - 13:10:40] Hans Biggums has logged in.
[2018/1/3 - 13:14:01] Hans Biggums has logged out.
[2018/1/3 - 13:14:25] Chris Chanox has logged in.
[2018/1/3 - 13:14:31] Hans Biggums has logged in.
[2018/1/3 - 13:16:21] Crit Snow (1000624823) accepted Underboss Michael Dios Wing's (1000246432) invite to join La Reunion Espanola (28).
[2018/1/3 - 13:18:13] Newcomer Zyana Dios Bishop has lost connection.
[2018/1/3 - 13:18:18] Michael Dios Wing has authorized John Pat to withdraw a Shotgun from the weapon locker (Cost: 5)
[2018/1/3 - 13:18:33] Michael Dios Wing has authorized Crit Snow to withdraw a Shotgun from the weapon locker (Cost: 5)
[2018/1/3 - 13:19:26] Zyana Dios Bishop has logged in.
[2018/1/3 - 13:20:20] Hans Biggums has logged out.
[2018/1/3 - 13:23:23] Enzo Simon (1000624961) accepted Underboss Michael Dios Wing's (1000246432) invite to join La Reunion Espanola (28).
[2018/1/3 - 13:23:56] Underboss Michael Dios Wing (1000246432) (rank 7) has given Enzo Simon (1000624961) rank 3 (Fam) in La Reunion Espanola (28).
[2018/1/3 - 13:26:05] Michael H Buenoh has logged in.
[2018/1/3 - 13:27:19] Rubin Gutierrez has logged out.
[2018/1/3 - 13:27:58] Rubin Gutierrez has logged in.
[2018/1/3 - 13:29:20] Nick Chains has logged in.
[2018/1/3 - 13:30:39] Nick Chains has logged in.
[2018/1/3 - 13:32:31] Nick Chains has logged in.
[2018/1/3 - 13:33:16] Rubin Gutierrez has logged out.
[2018/1/3 - 13:35:05] Darren Knox Vlacic has logged out.
[2018/1/3 - 13:35:09] Tony Brooks has logged out.
[2018/1/3 - 13:37:06] Michael Dios Wing has authorized Michael H Buenoh to withdraw a AK-47 from the weapon locker (Cost: 25)
[2018/1/3 - 13:37:21] Michael Dios Wing has withdrawn a Desert Eagle from the weapon locker (Cost: 10)
[2018/1/3 - 13:37:24] Joe Celtia has logged in.
[2018/1/3 - 13:37:26] Michael Dios Wing has authorized Nick Chains to withdraw a Desert Eagle from the weapon locker (Cost: 10)
[2018/1/3 - 13:39:11] Michael Dios Wing has authorized Joe Celtia to withdraw a Shotgun from the weapon locker (Cost: 5)
[2018/1/3 - 13:40:42] Danilo Buenoh has logged in.
[2018/1/3 - 13:40:44] Rubin Gutierrez has logged in.
[2018/1/3 - 13:40:58] Kyle Blevis has logged out.
[2018/1/3 - 13:41:41] Michael Dios Wing has withdrawn a Desert Eagle from the weapon locker (Cost: 10)
[2018/1/3 - 13:41:52] Michael Dios Wing has authorized Michael H Buenoh to withdraw a Desert Eagle from the weapon locker (Cost: 10)
[2018/1/3 - 13:42:02] Michael Dios Wing has authorized John Pat to withdraw a Shotgun from the weapon locker (Cost: 5)
[2018/1/3 - 13:42:08] Michael Dios Wing has authorized Nick Chains to withdraw a Shotgun from the weapon locker (Cost: 5)
[2018/1/3 - 13:42:48] Michael Dios Wing has authorized Enzo Simon to withdraw a Shotgun from the weapon locker (Cost: 5)
[2018/1/3 - 13:42:52] Alonso Bishop has logged in.
[2018/1/3 - 13:42:54] Michael Dios Wing has authorized Chris Chanox to withdraw a Shotgun from the weapon locker (Cost: 5)
[2018/1/3 - 13:43:44] Shen Blevis has logged out.
[2018/1/3 - 13:44:04] Michael H Buenoh has logged out.
[2018/1/3 - 13:44:12] Michael Dios Wing has authorized Rubin Gutierrez to withdraw a Shotgun from the weapon locker (Cost: 5)
[2018/1/3 - 13:44:44] Michael Dios Wing has authorized Crit Snow to withdraw a Shotgun from the weapon locker (Cost: 5)
[2018/1/3 - 13:44:53] Shen Blevis has logged in.
[2018/1/3 - 13:45:10] Michael Dios Wing has withdrawn 20 grams of Meth from the safe.
[2018/1/3 - 13:45:13] Michael Dios Wing has withdrawn a Desert Eagle from the weapon locker (Cost: 10)
[2018/1/3 - 13:45:32] Shen Blevis has logged out.
[2018/1/3 - 13:46:16] Shen Blevis has logged in.
[2018/1/3 - 13:46:41] Michael Dios Wing has authorized Enzo Simon to withdraw a Shotgun from the weapon locker (Cost: 5)
[2018/1/3 - 13:46:47] Michael Dios Wing has authorized Chris Chanox to withdraw a Shotgun from the weapon locker (Cost: 5)
[2018/1/3 - 13:48:02] Michael Dios Wing has authorized Crit Snow to withdraw a Shotgun from the weapon locker (Cost: 5)
[2018/1/3 - 13:48:12] Roy Gucci Cobra has logged in.
[2018/1/3 - 13:48:12] Hans Biggums has logged in.
[2018/1/3 - 13:48:23] Michael Dios Wing has withdrawn 20 grams of Meth from the safe.
[2018/1/3 - 13:48:29] Michael Dios Wing has authorized John Pat to withdraw a Shotgun from the weapon locker (Cost: 5)
[2018/1/3 - 13:48:34] Michael Dios Wing has authorized Shen Blevis to withdraw a Shotgun from the weapon locker (Cost: 5)
[2018/1/3 - 13:48:43] Don Roy Gucci Cobra (1000531330) (rank 8) has given Zyana Dios Bishop (1000528036) rank 4 (Adviser) in La Reunion Espanola (28)
[2018/1/3 - 13:49:05] Don Roy Gucci Cobra (1000531330) (rank 8) has given Shen Blevis (1000516198) rank 3 (Fam) in La Reunion Espanola (28).
[2018/1/3 - 13:49:39] Michael Dios Wing has authorized Rubin Gutierrez to withdraw a Shotgun from the weapon locker (Cost: 5)
[2018/1/3 - 13:50:40] Michael Dios Wing has authorized Chris Chanox to withdraw a Shotgun from the weapon locker (Cost: 5)
[2018/1/3 - 13:50:55] Darren Knox Vlacic has logged in.
[2018/1/3 - 13:51:20] Michael Dios Wing has authorized Hans Biggums to withdraw a Shotgun from the weapon locker (Cost: 5)
[2018/1/3 - 13:51:23] Michael Dios Wing has authorized Crit Snow to withdraw a Shotgun from the weapon locker (Cost: 5)
[2018/1/3 - 13:51:32] Michael Dios Wing has authorized John Pat to withdraw a Shotgun from the weapon locker (Cost: 5)
[2018/1/3 - 13:51:54] Roy Gucci Cobra has authorized Joe Celtia to withdraw a Shotgun from the weapon locker (Cost: 5)
[2018/1/3 - 13:51:55] Roy Gucci Cobra has authorized Enzo Simon to withdraw a Shotgun from the weapon locker (Cost: 5)
[2018/1/3 - 13:52:01] Roy Gucci Cobra has withdrawn a Desert Eagle from the weapon locker (Cost: 10)
[2018/1/3 - 13:52:11] Roy Gucci Cobra has withdrawn 20 grams of Ecstasy from the safe.
[2018/1/3 - 13:52:12] Hans Biggums has logged out.
[2018/1/3 - 13:52:45] Hans Biggums has logged in.
[2018/1/3 - 13:53:17] Enzo Simon has logged out.
[2018/1/3 - 13:53:58] Joe Celtia has logged out.
[2018/1/3 - 13:54:44] Arturo Dios Waters has logged in.
[2018/1/3 - 13:55:56] Alonso Bishop has logged out.
[2018/1/3 - 13:56:16] Arturo Dios Waters has set Desert Eagle weapon restriction from rank 7+ to 8.
[2018/1/3 - 13:56:39] Rubin Gutierrez has logged out.
[2018/1/3 - 13:56:50] Kevin Kush (1000071051) has made Kevin Kush (1000071051) the leader of the La Reunion Espanola.
[2018/1/3 - 13:56:51] Alonso Bishop has logged in.
[2018/1/3 - 13:57:16] Crit Snow has logged in.
[2018/1/3 - 13:57:27] Rubin Gutierrez has logged in.
[2018/1/3 - 13:58:10] Michael Dios Wing has authorized John Pat to withdraw a Shotgun from the weapon locker (Cost: 5)
[2018/1/3 - 13:58:18] Zyana Dios Bishop has logged out.
[2018/1/3 - 13:58:37] Adviser Alonso Bishop has lost connection.
[2018/1/3 - 13:59:36] Roy Gucci Cobra has withdrawn a Desert Eagle from the weapon locker (Cost: 10)
[2018/1/3 - 14:00:29] Don Roy Gucci Cobra has lost connection.
[2018/1/3 - 14:01:22] Michael Dios Wing has authorized Tyrell Michalz to withdraw a Shotgun from the weapon locker (Cost: 5)
[2018/1/3 - 14:01:32] Michael Dios Wing has authorized Shen Blevis to withdraw a Shotgun from the weapon locker (Cost: 5)
[2018/1/3 - 14:02:13] Roy Gucci Cobra has logged in.
[2018/1/3 - 14:02:14] Alonso Bishop has logged in.
[2018/1/3 - 14:02:20] Michael Dios Wing has set Desert Eagle weapon restriction from rank 8+ to 7.
[2018/1/3 - 14:02:26] Michael Dios Wing has withdrawn a Desert Eagle from the weapon locker (Cost: 10)
[2018/1/3 - 14:02:36] Michael Dios Wing has withdrawn 60 grams of Meth from the safe.
[2018/1/3 - 14:02:51] Michael Dios Wing has authorized Rubin Gutierrez to withdraw a Shotgun from the weapon locker (Cost: 5)
[2018/1/3 - 14:03:26] Michael Dios Wing has logged out.
[2018/1/3 - 14:03:48] Newcomer Tyrell Michalz has lost connection.
[2018/1/3 - 14:04:16] Michael Dios Wing has logged in.
[2018/1/3 - 14:04:16] Michael Dios Wing has logged out.
[2018/1/3 - 14:04:21] Tyrell Michalz has logged in.
[2018/1/3 - 14:04:45] Newcomer John Pat has lost connection.
[2018/1/3 - 14:04:51] Michael Dios Wing has logged in.
[2018/1/3 - 14:06:08] John Pat has logged in.
[2018/1/3 - 14:07:11] Roy Gucci Cobra has withdrawn a Silenced Colt .45 from the weapon locker (Cost: 5)
[2018/1/3 - 14:07:15] Roy Gucci Cobra has withdrawn 20 grams of Ecstasy from the safe.
[2018/1/3 - 14:07:23] Adviser Alonso Bishop has lost connection.
[2018/1/3 - 14:08:56] Shen Blevis has logged out.
[2018/1/3 - 14:09:32] Shen Blevis has logged in.
[2018/1/3 - 14:11:03] Alonso Bishop has logged in.
[2018/1/3 - 14:11:43] Adviser Alonso Bishop has lost connection.
[2018/1/3 - 14:15:23] Alonso Bishop has logged in.
[2018/1/3 - 14:17:54] Darren Knox Vlacic has logged in.
[2018/1/3 - 14:18:23] Nikola Ziwic (1000129102) accepted Don Arturo Dios Waters's (1000576388) invite to join La Reunion Espanola (28).
[2018/1/3 - 14:18:26] Don Arturo Dios Waters (1000576388) (rank 8) has given Nikola Ziwic (1000129102) rank 2 (Manager) in La Reunion Espanola (28).
[2018/1/3 - 14:19:42] Darren Knox Vlacic has logged in.
[2018/1/3 - 14:20:26] Crit Snow (1000624823) has quit the La Reunion Espanola as a rank 0
[2018/1/3 - 14:21:03] Darren Knox Vlacic has logged in.
[2018/1/3 - 14:28:24] Snizzy Young has logged in.
[2018/1/3 - 14:29:49] Snizzy Young has logged out.
[2018/1/3 - 14:30:26] Snizzy Young has logged in.
[2018/1/3 - 14:30:35] Don Roy Gucci Cobra has lost connection.
[2018/1/3 - 14:31:21] Roy Gucci Cobra has logged in.
[2018/1/3 - 14:31:48] Jesse Raminez (1000084087) accepted Don Roy Gucci Cobra's (1000531330) invite to join La Reunion Espanola (28).
[2018/1/3 - 14:31:49] Don Roy Gucci Cobra (1000531330) (rank 8) has given Jesse Raminez (1000084087) rank 4 (Adviser) in La Reunion Espanola (28).
[2018/1/3 - 14:34:18] Jack Malix has logged in.
[2018/1/3 - 14:37:15] Arturo Dios Waters has deposited a SPAS-12 into the locker.
[2018/1/3 - 14:37:19] John Pat has deposited a M4A1 into the locker.
[2018/1/3 - 14:37:30] Shen Blevis has deposited a SPAS-12 into the locker.
[2018/1/3 - 14:37:31] Tyrell Michalz has deposited a SPAS-12 into the locker.
[2018/1/3 - 14:38:37] Roy Gucci Cobra has set Desert Eagle weapon restriction from rank 7+ to 8.
[2018/1/3 - 14:39:09] Nikola Ziwic has deposited a M4A1 into the locker.
[2018/1/3 - 14:39:52] Darren Knox Vlacic (1000207688) has quit the La Reunion Espanola as a rank 0
[2018/1/3 - 14:40:20] Don Arturo Dios Waters (1000576388) (rank 8) has given Tyrell Michalz (1000625295) rank 1 (Soldier) in La Reunion Espanola (28)
[2018/1/3 - 14:40:24] Alonso Bishop has deposited a Sniper Rifle into the locker.
[2018/1/3 - 14:40:26] Alonso Bishop has deposited a AK-47 into the locker.
[2018/1/3 - 14:40:50] Don Arturo Dios Waters (1000576388) (rank 8) has given Alonso Bishop (1000208369) rank 5 (Right hand) in La Reunion Espanola (2
[2018/1/3 - 14:42:13] Rubin Gutierrez has logged out.
[2018/1/3 - 14:43:49] Michael Dios Wing has authorized Snizzy Young to withdraw a Desert Eagle from the weapon locker (Cost: 10)
[2018/1/3 - 14:48:27] Nick Chains has logged out.
[2018/1/3 - 14:49:16] Adviser Jesse Raminez has lost connection.
[2018/1/3 - 14:52:14] Nikola Ziwic has logged in.
[2018/1/3 - 14:52:37] Danilo Buenoh has logged out.
[2018/1/3 - 14:52:49] Arturo Dios Waters has withdrawn 20 grams of Pot from the safe.
[2018/1/3 - 14:52:59] Arturo Dios Waters has withdrawn 20 grams of Crack from the safe.
[2018/1/3 - 14:58:06] Martin Keys has logged out.
[2018/1/3 - 14:58:06] Arturo Dios Waters has withdrawn a Shotgun from the weapon locker (Cost: 5)
[2018/1/3 - 14:59:49] Tyrell Michalz has logged out.
[2018/1/3 - 15:00:23] Martin Keys has logged in.
[2018/1/3 - 15:00:37] Don Roy Gucci Cobra has lost connection.
[2018/1/3 - 15:00:50] Underboss Michael Dios Wing (1000246432) has set Hans Biggums's (1000181942) division to 0 in La Reunion Espanola (28).
[2018/1/3 - 15:03:16] Roy Gucci Cobra has logged in.
[2018/1/3 - 15:04:46] Arturo Dios Waters has withdrawn a AK-47 from the weapon locker (Cost: 25)
[2018/1/3 - 15:05:05] Arturo Dios Waters has withdrawn 100 grams of Pot from the safe.
[2018/1/3 - 15:05:14] Arturo Dios Waters has withdrawn 100 grams of Crack from the safe.
[2018/1/3 - 15:05:19] Arturo Dios Waters has withdrawn 30 grams of Meth from the safe.
[2018/1/3 - 15:06:19] Simon Perry has logged in.
[2018/1/3 - 15:10:17] Kiryu Kamishin has logged in.
[2018/1/3 - 15:11:13] Chris Chanox has logged out.
[2018/1/3 - 15:11:55] Kevin Clarkson (1000625262) accepted Don Arturo Dios Waters's (1000576388) invite to join La Reunion Espanola (28).
[2018/1/3 - 15:11:59] Don Arturo Dios Waters (1000576388) (rank 8) has uninvited Kevin Clarkson (1000625262) (rank 0) from La Reunion Espanola (28).
[2018/1/3 - 15:13:06] Alonso Bishop has deposited a Sniper Rifle into the locker.
[2018/1/3 - 15:13:20] Kiryu Kamishin has logged out.
[2018/1/3 - 15:13:56] Kevin Dios Brank (1000023999) accepted Don Arturo Dios Waters's (1000576388) invite to join La Reunion Espanola (28).
[2018/1/3 - 15:14:03] Alonso Bishop has deposited a Sniper Rifle into the locker.
[2018/1/3 - 15:15:07] Don Arturo Dios Waters (1000576388) (rank 8) has given Kevin Dios Brank (1000023999) rank 5 (Right hand) in La Reunion Espanola
[2018/1/3 - 15:15:13] Don Arturo Dios Waters (1000576388) has set Kevin Dios Brank's (1000023999) division to DiosSquad in La Reunion Espanola (28).
[2018/1/3 - 15:15:27] Martin Keys has logged out.
[2018/1/3 - 15:15:48] Arturo Dios Waters has withdrawn $50,000 from the safe.
[2018/1/3 - 15:16:18] Arturo Dios Waters has withdrawn $20,000 from the safe.
[2018/1/3 - 15:18:24] Billy Dios Delany has logged in.
[2018/1/3 - 15:19:19] Hans Biggums has logged out.
[2018/1/3 - 15:21:51] Martin Keys has logged in.
[2018/1/3 - 15:21:55] Arturo Dios Waters has withdrawn 20 grams of Meth from the safe.
[2018/1/3 - 15:22:44] Arturo Dios Waters has withdrawn a Shotgun from the weapon locker (Cost: 5)
[2018/1/3 - 15:28:02] Arturo Dios Waters has withdrawn 30 grams of Crack from the safe.
[2018/1/3 - 15:29:14] Don Arturo Dios Waters (1000576388) (rank 8) has given Kevin Dios Brank (1000023999) rank 7 (Underboss) in La Reunion Espanola 
[2018/1/3 - 15:29:51] Don Arturo Dios Waters (1000576388) (rank 8) has given Kevin Dios Brank (1000023999) rank 5 (Right hand) in La Reunion Espanola
[2018/1/3 - 15:30:42] Don Roy Gucci Cobra has lost connection.
[2018/1/3 - 15:30:54] Arturo Dios Waters has authorized Martin Keys to withdraw a Shotgun from the weapon locker (Cost: 5)
[2018/1/3 - 15:31:38] Martin Keys has logged out.
[2018/1/3 - 15:34:09] Nick Chains has logged in.
[2018/1/3 - 15:35:49] Michael H Buenoh has logged in.
[2018/1/3 - 15:36:41] Roy Gucci Cobra has logged in.
[2018/1/3 - 15:37:50] Percy Dios Brank has logged in.
[2018/1/3 - 15:38:09] Arturo Dios Waters has authorized Nick Chains to withdraw a Shotgun from the weapon locker (Cost: 5)
[2018/1/3 - 15:38:37] Arturo Dios Waters has withdrawn a Shotgun from the weapon locker (Cost: 5)
[2018/1/3 - 15:39:08] Arturo Dios Waters has authorized Billy Dios Delany to withdraw a Desert Eagle from the weapon locker (Cost: 10)
[2018/1/3 - 15:39:13] Roy Gucci Cobra has withdrawn a Desert Eagle from the weapon locker (Cost: 10)
[2018/1/3 - 15:39:18] Arturo Dios Waters has withdrawn 20 grams of Ecstasy from the safe.
[2018/1/3 - 15:39:42] Rubin Gutierrez has logged in.
[2018/1/3 - 15:39:49] Arturo Dios Waters has authorized Nick Chains to withdraw a Desert Eagle from the weapon locker (Cost: 10)
[2018/1/3 - 15:39:52] Rubin Gutierrez has logged out.
[2018/1/3 - 15:39:52] Roy Gucci Cobra has withdrawn 100 grams of Ecstasy from the safe.
[2018/1/3 - 15:41:37] Michael Dios Wing has set Desert Eagle weapon restriction from rank 8+ to 7.
[2018/1/3 - 15:41:42] Michael Dios Wing has withdrawn a Desert Eagle from the weapon locker (Cost: 10)
[2018/1/3 - 15:41:48] Michael Dios Wing has withdrawn 40 grams of Meth from the safe.
[2018/1/3 - 15:42:28] Clark Nelson has logged in.
[2018/1/3 - 15:42:43] Alonso Bishop has logged out.
[2018/1/3 - 15:43:37] Alonso Bishop has logged in.
[2018/1/3 - 15:44:16] Rubin Gutierrez has logged in.
[2018/1/3 - 15:44:46] Arturo Dios Waters has authorized Shen Blevis to withdraw a Desert Eagle from the weapon locker (Cost: 10)
[2018/1/3 - 15:45:53] Michael Dios Wing has authorized Percy Dios Brank to withdraw a Desert Eagle from the weapon locker (Cost: 10)
[2018/1/3 - 15:45:54] Michael Dios Wing has authorized Kevin Dios Brank to withdraw a Shotgun from the weapon locker (Cost: 5)
[2018/1/3 - 15:47:09] Leo Flexman has logged in.
[2018/1/3 - 15:47:33] Shen Blevis has logged out.
[2018/1/3 - 15:49:45] Alonso Bishop has logged out.
[2018/1/3 - 15:50:08] Roy Gucci Cobra has withdrawn a Desert Eagle from the weapon locker (Cost: 10)
[2018/1/3 - 15:50:14] Roy Gucci Cobra has authorized Jack Malix to withdraw a Desert Eagle from the weapon locker (Cost: 10)
[2018/1/3 - 15:50:22] Roy Gucci Cobra has authorized Michael H Buenoh to withdraw a Desert Eagle from the weapon locker (Cost: 10)
[2018/1/3 - 15:50:41] Roy Gucci Cobra has withdrawn 80 grams of Ecstasy from the safe.
[2018/1/3 - 15:52:00] Roy Gucci Cobra has authorized Michael Dios Wing to withdraw a Shotgun from the weapon locker (Cost: 5)
[2018/1/3 - 15:52:16] Arturo Dios Waters has withdrawn 20 grams of Ecstasy from the safe.
[2018/1/3 - 15:52:20] Arturo Dios Waters has withdrawn a Desert Eagle from the weapon locker (Cost: 10)
[2018/1/3 - 15:52:32] Roy Gucci Cobra has authorized John Pat to withdraw a Shotgun from the weapon locker (Cost: 5)
[2018/1/3 - 15:53:01] Michael Dios Wing has authorized Nick Chains to withdraw a Shotgun from the weapon locker (Cost: 5)
[2018/1/3 - 15:53:09] Michael Dios Wing has authorized Billy Dios Delany to withdraw a Shotgun from the weapon locker (Cost: 5)
[2018/1/3 - 15:54:20] Jesse Raminez has logged in.
[2018/1/3 - 15:54:51] Roy Gucci Cobra has authorized Rubin Gutierrez to withdraw a Desert Eagle from the weapon locker (Cost: 10)
[2018/1/3 - 15:55:00] Adviser Snizzy Young has lost connection.
[2018/1/3 - 15:55:06] Don Roy Gucci Cobra (rank 9) has offline uninvited Snizzy Young from La Reunion Espanola (28).
[2018/1/3 - 15:56:18] Roy Gucci Cobra has authorized Leo Flexman to withdraw a Desert Eagle from the weapon locker (Cost: 10)
[2018/1/3 - 15:57:09] Roy Gucci Cobra has authorized Kevin Dios Brank to withdraw a Desert Eagle from the weapon locker (Cost: 10)
[2018/1/3 - 15:59:58] Sonny Smith (896174) accepted Don Roy Gucci Cobra's (1000531330) invite to join La Reunion Espanola (28).
[2018/1/3 - 16:00:01] Simon Perry has logged in.
[2018/1/3 - 16:00:39] Rakim Woodcaine has logged in.
[2018/1/3 - 16:00:46] Don Roy Gucci Cobra has lost connection.
[2018/1/3 - 16:00:55] Fam Leo Flexman has lost connection.
[2018/1/3 - 16:01:39] Personal Associate Percy Dios Brank has lost connection.
[2018/1/3 - 16:02:46] Mark Dios Duke (1000556778) accepted Don Arturo Dios Waters's (1000576388) invite to join La Reunion Espanola (28).
[2018/1/3 - 16:02:47] Don Arturo Dios Waters (1000576388) has set Mark Dios Duke's (1000556778) division to DiosSquad in La Reunion Espanola (28).
[2018/1/3 - 16:03:51] Don Arturo Dios Waters (1000576388) (rank 8) has given Mark Dios Duke (1000556778) rank 3 (Fam) in La Reunion Espanola (28).
[2018/1/3 - 16:05:14] Roy Gucci Cobra has logged in.
[2018/1/3 - 16:05:24] Jack Malix has logged out.
[2018/1/3 - 16:05:25] Rubin Dios Gutierrez has logged out.
[2018/1/3 - 16:05:31] Don Arturo Dios Waters (1000576388) (rank 8) has given Michael Dios Wing (1000246432) rank 6 (Personal Associate) in La Reunion
[2018/1/3 - 16:05:36] Don Arturo Dios Waters (1000576388) (rank 8) has given Michael Dios Wing (1000246432) rank 7 (Underboss) in La Reunion Espanola
[2018/1/3 - 16:05:45] Don Arturo Dios Waters (1000576388) (rank 8) has given Michael H Buenoh (1000133279) rank 6 (Personal Associate) in La Reunion 
[2018/1/3 - 16:06:00] Clark Nelson has logged out.
[2018/1/3 - 16:06:24] Underboss Michael Dios Wing (1000246432) (rank 7) has given John Pat (1000373258) rank 1 (Soldier) in La Reunion Espanola (28).
[2018/1/3 - 16:06:35] Underboss Michael Dios Wing (1000246432) (rank 7) has given Nick Chains (1000624826) rank 1 (Soldier) in La Reunion Espanola (2
[2018/1/3 - 16:06:58] Leo Flexman has logged in.
[2018/1/3 - 16:07:46] Don Arturo Dios Waters (1000576388) (rank 8) has given Kevin Dios Brank (1000023999) rank 7 (Underboss) in La Reunion Espanola 
[2018/1/3 - 16:09:41] Yuki Yamanaka (1000625568) accepted Don Roy Gucci Cobra's (1000531330) invite to join La Reunion Espanola (28).
[2018/1/3 - 16:09:44] Michael Dios Wing has authorized Billy Dios Delany to withdraw a Shotgun from the weapon locker (Cost: 5)
[2018/1/3 - 16:09:45] Don Roy Gucci Cobra (1000531330) (rank 8) has given Yuki Yamanaka (1000625568) rank 1 (Soldier) in La Reunion Espanola (28).
[2018/1/3 - 16:10:30] Michael Dios Wing has authorized Mark Dios Duke to withdraw a Shotgun from the weapon locker (Cost: 5)
[2018/1/3 - 16:11:38] Kevin Kush (1000071051) has made Kevin Dios Brank (1000023999) the leader of the La Reunion Espanola.
[2018/1/3 - 16:11:57] Don Kevin Dios Brank (1000023999) (rank 8) has given Kevin Dios Brank (1000023999) rank 7 (Underboss) in La Reunion Espanola (2
[2018/1/3 - 16:12:18] Don Roy Gucci Cobra (1000531330) has set Kevin Dios Brank's (1000023999) division to DiosSquad in La Reunion Espanola (28).
[2018/1/3 - 16:12:28] Elisa Blaze has logged in.
[2018/1/3 - 16:14:45] Hans Biggums has logged in.
[2018/1/3 - 16:15:26] Hans Biggums has logged out.
[2018/1/3 - 16:16:02] Hans Biggums has logged in.
[2018/1/3 - 16:16:54] Adviser Hans Biggums has lost connection.
[2018/1/3 - 16:17:18] Hans Biggums has logged in.
[2018/1/3 - 16:17:42] Adviser Hans Biggums has lost connection.
[2018/1/3 - 16:19:52] Soldier Yuki Yamanaka has lost connection.
[2018/1/3 - 16:20:00] Soldier Nick Chains has lost connection.
[2018/1/3 - 16:20:26] Jesse Raminez has logged out.
[2018/1/3 - 16:21:17] Michael H Buenoh has logged out.
[2018/1/3 - 16:21:23] Nick Chains has logged in.
[2018/1/3 - 16:22:05] Elisa Blaze has adjusted the withdraw rank for item 1 to 7.
[2018/1/3 - 16:22:12] Elisa Blaze has withdrawn 114500 materials from the safe.
[2018/1/3 - 16:22:13] Kevin Dios Brank has authorized Sonny Smith to withdraw a Shotgun from the weapon locker (Cost: 5)
[2018/1/3 - 16:22:54] Elisa Blaze has deposited 114500 materials into the safe.
[2018/1/3 - 16:25:03] Sonny Smith has logged out.
[2018/1/3 - 16:27:57] Personal Associate Simon Perry has lost connection.
[2018/1/3 - 16:29:45] Leo Flexman (1000051816) has quit the La Reunion Espanola as a rank 3
[2018/1/3 - 16:29:48] Mark Dios Duke (1000556778) has quit the La Reunion Espanola as a rank 3
[2018/1/3 - 16:31:04] Don Roy Gucci Cobra has lost connection.
[2018/1/3 - 16:34:21] Elisa Blaze has adjusted the withdraw rank for item 1 to 8.
[2018/1/3 - 16:34:21] Roy Gucci Cobra has logged in.
[2018/1/3 - 16:43:25] Elisa Blaze has withdrawn 140 grams of Meth from the safe.
[2018/1/3 - 16:43:34] Elisa Blaze has deposited 110 grams of Heroin into the safe.
[2018/1/3 - 16:43:49] Elisa Blaze has deposited 300 grams of Crack into the safe.
[2018/1/3 - 16:43:52] Roy Gucci Cobra has withdrawn a Desert Eagle from the weapon locker (Cost: 10)
[2018/1/3 - 16:44:02] Michael Dios Wing has withdrawn a Desert Eagle from the weapon locker (Cost: 10)
[2018/1/3 - 16:44:10] Elisa Blaze has deposited 80 grams of Meth into the safe.
[2018/1/3 - 16:45:42] Arturo Dios Waters has authorized Elisa Blaze to withdraw a AK-47 from the weapon locker (Cost: 25)
[2018/1/3 - 16:46:09] Roy Gucci Cobra has deposited a Sniper Rifle into the locker.
[2018/1/3 - 16:46:19] Michael Dios Wing has deposited a Sniper Rifle into the locker.
[2018/1/3 - 16:46:54] Arturo Dios Waters has deposited a Sniper Rifle into the locker.
[2018/1/3 - 16:47:18] Roy Gucci Cobra has deposited a Sniper Rifle into the locker.
[2018/1/3 - 16:47:21] Kevin Dios Brank has authorized Billy Dios Delany to withdraw a Shotgun from the weapon locker (Cost: 5)
[2018/1/3 - 16:47:27] Michael Dios Wing has deposited a Sniper Rifle into the locker.
[2018/1/3 - 16:48:04] Arturo Dios Waters has deposited a Sniper Rifle into the locker.
[2018/1/3 - 16:48:10] Elisa Blaze has deposited a Sniper Rifle into the locker.
[2018/1/3 - 16:49:08] Michael Dios Wing has deposited a Sniper Rifle into the locker.
[2018/1/3 - 16:49:10] Arturo Dios Waters has deposited a Sniper Rifle into the locker.
[2018/1/3 - 16:49:13] Mark Dios Duke (1000556778) accepted Underboss Kevin Dios Brank's (1000023999) invite to join La Reunion Espanola (28).
[2018/1/3 - 16:49:32] Roy Gucci Cobra has deposited a Sniper Rifle into the locker.
[2018/1/3 - 16:49:42] Elisa Blaze has deposited a Sniper Rifle into the locker.
[2018/1/3 - 16:50:21] Roy Gucci Cobra has deposited a Sniper Rifle into the locker.
[2018/1/3 - 16:50:34] Arturo Dios Waters has deposited a Sniper Rifle into the locker.
[2018/1/3 - 16:50:48] Elisa Blaze has deposited a Sniper Rifle into the locker.
[2018/1/3 - 16:51:15] Michael Dios Wing has deposited a Sniper Rifle into the locker.
[2018/1/3 - 16:51:27] Arturo Dios Waters has deposited a Sniper Rifle into the locker.
[2018/1/3 - 16:51:50] Roy Gucci Cobra has deposited a SPAS-12 into the locker.
[2018/1/3 - 16:51:51] Roy Gucci Cobra has deposited a M4A1 into the locker.
[2018/1/3 - 16:51:51] Roy Gucci Cobra has deposited a Sniper Rifle into the locker.
[2018/1/3 - 16:52:30] Elisa Blaze has deposited a SPAS-12 into the locker.
[2018/1/3 - 16:52:30] Elisa Blaze has deposited a M4A1 into the locker.
[2018/1/3 - 16:52:31] Elisa Blaze has deposited a Sniper Rifle into the locker.
[2018/1/3 - 16:52:57] Roy Gucci Cobra has deposited a SPAS-12 into the locker.
[2018/1/3 - 16:52:58] Roy Gucci Cobra has deposited a M4A1 into the locker.
[2018/1/3 - 16:52:58] Roy Gucci Cobra has deposited a Sniper Rifle into the locker.
[2018/1/3 - 16:53:19] Arturo Dios Waters has deposited a Sniper Rifle into the locker.
[2018/1/3 - 16:53:20] Arturo Dios Waters has deposited a SPAS-12 into the locker.
[2018/1/3 - 16:53:32] Kevin Dios Brank has withdrawn 20 grams of Ecstasy from the safe.
[2018/1/3 - 16:54:23] Michael Dios Wing has deposited a SPAS-12 into the locker.
[2018/1/3 - 16:54:25] Michael Dios Wing has deposited a M4A1 into the locker.
[2018/1/3 - 16:54:26] Michael Dios Wing has deposited a Sniper Rifle into the locker.
[2018/1/3 - 16:54:55] John Pat has logged out.
[2018/1/3 - 16:54:57] Arturo Dios Waters has deposited a Sniper Rifle into the locker.
[2018/1/3 - 16:55:10] Mark Dios Duke (1000556778) has quit the La Reunion Espanola as a rank 0
[2018/1/3 - 16:55:11] Roy Gucci Cobra has deposited a SPAS-12 into the locker.
[2018/1/3 - 16:55:11] Roy Gucci Cobra has deposited a M4A1 into the locker.
[2018/1/3 - 16:55:12] Roy Gucci Cobra has deposited a Sniper Rifle into the locker.
[2018/1/3 - 16:56:21] Arturo Dios Waters has deposited a Sniper Rifle into the locker.
[2018/1/3 - 16:58:23] Arturo Dios Waters has authorized Nick Chains to withdraw a Desert Eagle from the weapon locker (Cost: 10)
[2018/1/3 - 17:00:39] Michael Dios Wing has authorized Rakim Woodcaine to withdraw a Desert Eagle from the weapon locker (Cost: 10)
[2018/1/3 - 17:01:18] Don Roy Gucci Cobra has lost connection.
[2018/1/3 - 17:01:52] Roy Gucci Cobra has logged in.
[2018/1/3 - 17:01:54] Don Arturo Dios Waters has lost connection.
[2018/1/3 - 17:03:37] Simon Perry has logged in.
[2018/1/3 - 17:03:58] Percy Dios Brank has logged in.
[2018/1/3 - 17:04:06] Arturo Dios Waters has logged in.
[2018/1/3 - 17:04:25] Roy Gucci Cobra has authorized Percy Dios Brank to withdraw a Desert Eagle from the weapon locker (Cost: 10)
[2018/1/3 - 17:05:03] Don Arturo Dios Waters has lost connection.
[2018/1/3 - 17:06:17] Arturo Dios Waters has logged in.
[2018/1/3 - 17:06:59] Arturo Dios Waters has authorized Billy Dios Delany to withdraw a Desert Eagle from the weapon locker (Cost: 10)
[2018/1/3 - 17:07:07] Arturo Dios Waters has authorized Simon Perry to withdraw a Desert Eagle from the weapon locker (Cost: 10)
[2018/1/3 - 17:08:45] Personal Associate Percy Dios Brank has lost connection.
[2018/1/3 - 17:09:01] Kevin Dios Brank has withdrawn 30 grams of Heroin from the safe.
[2018/1/3 - 17:09:05] Kevin Dios Brank has withdrawn 40 grams of Ecstasy from the safe.
[2018/1/3 - 17:09:09] Kevin Dios Brank has withdrawn 40 grams of Meth from the safe.
[2018/1/3 - 17:09:12] Kevin Dios Brank has withdrawn 100 grams of Crack from the safe.
[2018/1/3 - 17:09:15] Kevin Dios Brank has withdrawn 100 grams of Pot from the safe.
[2018/1/3 - 17:09:23] Kevin Dios Brank has logged out.
[2018/1/3 - 17:11:40] Percy Dios Brank has logged in.
[2018/1/3 - 17:14:02] Sonny Smith has logged in.
[2018/1/3 - 17:14:47] Don Roy Gucci Cobra (1000531330) (rank 8) has uninvited Rakim Woodcaine (1000624901) (rank 0) from La Reunion Espanola (28).
[2018/1/3 - 17:15:07] Elisa Blaze has withdrawn a Desert Eagle from the weapon locker (Cost: 10)
[2018/1/3 - 17:16:01] Arturo Dios Waters has withdrawn a Desert Eagle from the weapon locker (Cost: 10)
[2018/1/3 - 17:16:03] Arturo Dios Waters has withdrawn a SPAS-12 from the weapon locker (Cost: 75)
[2018/1/3 - 17:16:45] Arturo Dios Waters has withdrawn 40 grams of Ecstasy from the safe.
[2018/1/3 - 17:17:07] Roy Gucci Cobra has withdrawn a Desert Eagle from the weapon locker (Cost: 10)
[2018/1/3 - 17:19:47] Roy Gucci Cobra has withdrawn a Desert Eagle from the weapon locker (Cost: 10)
[2018/1/3 - 17:20:02] Roy Gucci Cobra has withdrawn 20 grams of Ecstasy from the safe.
[2018/1/3 - 17:20:39] John Pat has logged in.
[2018/1/3 - 17:22:12] Simon Perry has logged out.
[2018/1/3 - 17:22:24] Roy Gucci Cobra has withdrawn 50 grams of Ecstasy from the safe.
[2018/1/3 - 17:23:22] Roy Ryder has logged in.
[2018/1/3 - 17:24:01] Percy Dios Brank has logged out.
[2018/1/3 - 17:24:01] Elisa Blaze has logged out.
[2018/1/3 - 17:24:33] Roy Ryder has logged out.
[2018/1/3 - 17:27:45] Percy Dios Brank has logged in.
[2018/1/3 - 17:28:39] Tony Brooks has logged in.
[2018/1/3 - 17:30:04] Nick Chains has logged out.
[2018/1/3 - 17:31:23] Don Roy Gucci Cobra has lost connection.
[2018/1/3 - 17:35:11] Roy Gucci Cobra has logged in.
[2018/1/3 - 17:48:20] Michael Dios Wing (1000246432) has quit the La Reunion Espanola as a rank 7
[2018/1/3 - 17:50:59] Don Roy Gucci Cobra (1000531330) (rank 8) has given Sonny Smith (896174) rank 1 (Soldier) in La Reunion Espanola (28).
[2018/1/3 - 17:51:36] Roy Gucci Cobra has authorized Billy Dios Delany to withdraw a AK-47 from the weapon locker (Cost: 25)
[2018/1/3 - 18:00:10] Lamar Whitman has logged in.
[2018/1/3 - 18:01:27] Don Roy Gucci Cobra has lost connection.
[2018/1/3 - 18:03:10] Roy Gucci Cobra has logged in.
[2018/1/3 - 18:05:12] Roy Gucci Cobra has authorized Sonny Smith to withdraw a Desert Eagle from the weapon locker (Cost: 10)
[2018/1/3 - 18:10:20] Jimmy Croos has logged in.
[2018/1/3 - 18:13:10] Joe Celtia has logged in.
[2018/1/3 - 18:14:07] Roy Gucci Cobra has authorized Tony Brooks to withdraw a Desert Eagle from the weapon locker (Cost: 10)
[2018/1/3 - 18:14:12] Roy Gucci Cobra has authorized Lamar Whitman to withdraw a Desert Eagle from the weapon locker (Cost: 10)
[2018/1/3 - 18:14:13] Roy Gucci Cobra has authorized Jimmy Croos to withdraw a Desert Eagle from the weapon locker (Cost: 10)
[2018/1/3 - 18:14:27] Roy Gucci Cobra has withdrawn a Desert Eagle from the weapon locker (Cost: 10)
[2018/1/3 - 18:14:36] Roy Gucci Cobra has withdrawn 20 grams of Ecstasy from the safe.
[2018/1/3 - 18:14:43] Roy Gucci Cobra has withdrawn 50 grams of Ecstasy from the safe.
[2018/1/3 - 18:17:16] Rubin Dios Gutierrez has logged in.
[2018/1/3 - 18:17:52] Roy Gucci Cobra has authorized Rubin Dios Gutierrez to withdraw a Desert Eagle from the weapon locker (Cost: 10)
[2018/1/3 - 18:19:26] Lamar Whitman has logged out.
[2018/1/3 - 18:20:01] Jimmy Croos has logged out.
[2018/1/3 - 18:20:15] Soldier Sonny Smith has lost connection.
[2018/1/3 - 18:20:28] Roy Gucci Cobra has authorized Billy Dios Delany to withdraw a Desert Eagle from the weapon locker (Cost: 10)
[2018/1/3 - 18:20:40] Roy Gucci Cobra has authorized Percy Dios Brank to withdraw a Desert Eagle from the weapon locker (Cost: 10)
[2018/1/3 - 18:20:49] Jimmy Croos has logged in.
[2018/1/3 - 18:21:14] Lamar Whitman has logged in.
[2018/1/3 - 18:21:14] Roy Gucci Cobra has withdrawn a Desert Eagle from the weapon locker (Cost: 10)
[2018/1/3 - 18:22:40] Jimmy Croos has logged out.
[2018/1/3 - 18:23:56] Sonny Smith has logged in.
[2018/1/3 - 18:23:57] Roy Gucci Cobra has authorized Lamar Whitman to withdraw a Desert Eagle from the weapon locker (Cost: 10)
[2018/1/3 - 18:24:23] Jimmy Croos has logged in.
[2018/1/3 - 18:24:26] Billy Dios Delany has logged out.
[2018/1/3 - 18:24:58] Billy Dios Delany has logged in.
[2018/1/3 - 18:25:50] Roy Gucci Cobra has authorized Jimmy Croos to withdraw a Desert Eagle from the weapon locker (Cost: 10)
[2018/1/3 - 18:25:51] Roy Gucci Cobra has authorized Sonny Smith to withdraw a Desert Eagle from the weapon locker (Cost: 10)
[2018/1/3 - 18:26:08] Roy Gucci Cobra has withdrawn 50 grams of Pot from the safe.
[2018/1/3 - 18:26:11] Roy Gucci Cobra has withdrawn 50 grams of Crack from the safe.
[2018/1/3 - 18:26:17] Roy Gucci Cobra has withdrawn 100 grams of Pot from the safe.
[2018/1/3 - 18:26:20] Roy Gucci Cobra has withdrawn 100 grams of Crack from the safe.
[2018/1/3 - 18:26:33] Jordan Mo Slayer has logged in.
[2018/1/3 - 18:28:42] Percy Dios Brank has logged out.
[2018/1/3 - 18:31:34] Don Roy Gucci Cobra has lost connection.
[2018/1/3 - 18:32:45] Jimmy Croos has logged out.
[2018/1/3 - 18:33:00] Right hand Lamar Whitman has lost connection.
[2018/1/3 - 18:33:27] Lamar Whitman has logged in.
[2018/1/3 - 18:34:03] Rubin Dios Gutierrez has logged out.
[2018/1/3 - 18:34:36] Rubin Dios Gutierrez has logged in.
[2018/1/3 - 18:42:03] Rubin Dios Gutierrez has logged out.
[2018/1/3 - 18:42:35] Rubin Dios Gutierrez has logged in.
[2018/1/3 - 18:44:04] John Pat has logged out.
[2018/1/3 - 18:45:14] Roy Gucci Cobra has logged in.
[2018/1/3 - 18:45:49] Connor Murphy (1000580214) accepted Don Roy Gucci Cobra's (1000531330) invite to join La Reunion Espanola (28).
[2018/1/3 - 18:47:45] Joe Celtia has logged out.
[2018/1/3 - 18:47:52] Tony Brooks has logged in.
[2018/1/3 - 18:51:33] Roy Ryder has logged in.
[2018/1/3 - 18:53:23] Rubin Dios Gutierrez has logged out.
[2018/1/3 - 18:53:51] Michael Dios Wing (1000246432) accepted Don Roy Gucci Cobra's (1000531330) invite to join La Reunion Espanola (28).
[2018/1/3 - 18:53:52] Rubin Dios Gutierrez has logged in.
[2018/1/3 - 18:53:52] Don Roy Gucci Cobra (1000531330) (rank 8) has given Michael Dios Wing (1000246432) rank 4 (Adviser) in La Reunion Espanola (28)
[2018/1/3 - 18:55:13] Roy Gucci Cobra has authorized Michael Dios Wing to withdraw a Desert Eagle from the weapon locker (Cost: 10)
[2018/1/3 - 18:56:27] Roy Gucci Cobra has authorized Sonny Smith to withdraw a Desert Eagle from the weapon locker (Cost: 10)
[2018/1/3 - 18:57:26] Roy Gucci Cobra has logged out.
[2018/1/3 - 18:59:52] Artur Voronkov has logged in.
[2018/1/3 - 19:00:01] Rubin Dios Gutierrez has logged out.
[2018/1/3 - 19:00:32] Rubin Dios Gutierrez has logged in.
[2018/1/3 - 19:06:21] Jordan Mo Slayer has logged out.
[2018/1/3 - 19:06:47] Jordan Mo Slayer has logged in.
[2018/1/3 - 19:20:41] Adviser Michael Dios Wing has lost connection.
[2018/1/3 - 19:20:53] Arturo Dios Waters has logged in.
[2018/1/3 - 19:21:53] Billy Dios Delany has logged out.
[2018/1/3 - 19:21:58] Soldier Sonny Smith has lost connection.
[2018/1/3 - 19:22:36] Lamar Whitman has logged out.
[2018/1/3 - 19:23:23] Rubin Dios Gutierrez has logged out.
[2018/1/3 - 19:23:48] Jordan Mo Slayer has logged out.
[2018/1/3 - 19:23:52] Artur Voronkov has logged out.
[2018/1/3 - 19:23:52] Arturo Dios Waters has logged out.
[2018/1/3 - 19:23:55] Connor Murphy has logged out.
[2018/1/3 - 19:24:06] Tony Brooks has logged out.
[2018/1/3 - 19:34:39] Roy Ryder has logged in.
[2018/1/3 - 19:36:25] Connor Murphy has logged in.
[2018/1/3 - 19:36:25] Rubin Dios Gutierrez has logged in.
[2018/1/3 - 19:36:41] Newcomer Connor Murphy has lost connection.
[2018/1/3 - 19:36:44] Roy Gucci Cobra has logged in.
[2018/1/3 - 19:36:53] Arturo Dios Waters has logged in.
[2018/1/3 - 19:37:18] Billy Dios Delany has logged in.
[2018/1/3 - 19:37:47] Roy Gucci Cobra has authorized Rubin Dios Gutierrez to withdraw a Desert Eagle from the weapon locker (Cost: 10)
[2018/1/3 - 19:38:06] Jordan Mo Slayer has logged in.
[2018/1/3 - 19:38:09] Arturo Dios Waters has set Desert Eagle weapon restriction from rank 7+ to 6.
[2018/1/3 - 19:38:26] Arturo Dios Waters has authorized Billy Dios Delany to withdraw a Desert Eagle from the weapon locker (Cost: 10)
[2018/1/3 - 19:38:58] Roy Gucci Cobra has withdrawn 100 grams of Pot from the safe.
[2018/1/3 - 19:39:01] Roy Gucci Cobra has withdrawn 100 grams of Crack from the safe.
[2018/1/3 - 19:39:12] Arturo Dios Waters has withdrawn 100 grams of Crack from the safe.
[2018/1/3 - 19:39:49] Connor Murphy has logged in.
[2018/1/3 - 19:40:09] Arturo Dios Waters has authorized Jordan Mo Slayer to withdraw a Desert Eagle from the weapon locker (Cost: 10)
[2018/1/3 - 19:41:09] Martin Keys has logged in.
[2018/1/3 - 19:45:27] Arturo Dios Waters has authorized Connor Murphy to withdraw a Desert Eagle from the weapon locker (Cost: 10)
[2018/1/3 - 19:45:41] Martin Keys has logged out.
[2018/1/3 - 19:46:27] Jimmy Croos has logged in.
[2018/1/3 - 19:47:31] Jimmy Croos has logged out.
[2018/1/3 - 19:47:48] Soldier Roy Ryder has lost connection.
[2018/1/3 - 19:48:16] Roy Gucci Cobra has logged out.
[2018/1/3 - 19:49:41] Simon Perry has logged in.
[2018/1/3 - 19:50:00] Lamar Whitman has logged in.
[2018/1/3 - 19:50:37] Artur Voronkov has logged in.
[2018/1/3 - 19:54:25] Arturo Dios Waters has authorized Artur Voronkov to withdraw a Desert Eagle from the weapon locker (Cost: 10)
[2018/1/3 - 19:54:39] Arturo Dios Waters has withdrawn 20 grams of Meth from the safe.
[2018/1/3 - 19:54:49] Martin Keys has logged in.
[2018/1/3 - 19:55:13] Tony Brooks has logged in.
[2018/1/3 - 19:55:16] Michael Dios Wing has logged in.
[2018/1/3 - 19:55:34] Arturo Dios Waters has withdrawn a AK-47 from the weapon locker (Cost: 25)
[2018/1/3 - 19:55:48] Arturo Dios Waters has withdrawn a Sniper Rifle from the weapon locker (Cost: 100)
[2018/1/3 - 19:56:26] Arturo Dios Waters has authorized Billy Dios Delany to withdraw a AK-47 from the weapon locker (Cost: 25)
[2018/1/3 - 19:56:38] Arturo Dios Waters has authorized Michael Dios Wing to withdraw a Desert Eagle from the weapon locker (Cost: 10)
[2018/1/3 - 19:56:57] Martin Keys (1000129102) has quit the La Reunion Espanola as a rank 2
[2018/1/3 - 19:57:37] Arturo Dios Waters has authorized Michael Dios Wing to withdraw a Desert Eagle from the weapon locker (Cost: 10)
[2018/1/3 - 20:00:08] Arturo Dios Waters has authorized Tony Brooks to withdraw a Sniper Rifle from the weapon locker (Cost: 100)
[2018/1/3 - 20:02:40] Daniel Prim has logged in.
[2018/1/3 - 20:05:15] Soldier Artur Voronkov has lost connection.
[2018/1/3 - 20:05:39] Arturo Dios Waters has authorized Michael Dios Wing to withdraw a Desert Eagle from the weapon locker (Cost: 10)
[2018/1/3 - 20:05:46] Arturo Dios Waters has authorized Billy Dios Delany to withdraw a Desert Eagle from the weapon locker (Cost: 10)
[2018/1/3 - 20:06:21] Arturo Dios Waters has authorized Lamar Whitman to withdraw a Desert Eagle from the weapon locker (Cost: 10)
[2018/1/3 - 20:06:38] Arturo Dios Waters has authorized Jordan Mo Slayer to withdraw a Desert Eagle from the weapon locker (Cost: 10)
[2018/1/3 - 20:06:47] Arturo Dios Waters has withdrawn a Desert Eagle from the weapon locker (Cost: 10)
[2018/1/3 - 20:06:48] Arturo Dios Waters has withdrawn a AK-47 from the weapon locker (Cost: 25)
[2018/1/3 - 20:06:53] Rubin Dios Gutierrez has withdrawn a Desert Eagle from the weapon locker (Cost: 10)
[2018/1/3 - 20:07:01] Arturo Dios Waters has withdrawn 50 grams of Meth from the safe.
[2018/1/3 - 20:07:03] Artur Voronkov has logged in.
[2018/1/3 - 20:07:27] Tony Brooks has logged out.
[2018/1/3 - 20:07:56] Lamar Whitman has logged out.
[2018/1/3 - 20:08:01] Arturo Dios Waters has authorized Connor Murphy to withdraw a SPAS-12 from the weapon locker (Cost: 75)
[2018/1/3 - 20:08:14] Arturo Dios Waters has authorized Connor Murphy to withdraw a Desert Eagle from the weapon locker (Cost: 10)
[2018/1/3 - 20:08:14] Artur Voronkov has logged out.
[2018/1/3 - 20:08:20] Tony Brooks has logged in.
[2018/1/3 - 20:08:43] Lamar Whitman has logged in.
[2018/1/3 - 20:08:51] Artur Voronkov has logged in.
[2018/1/3 - 20:10:41] Michael Dios Wing has logged out.
[2018/1/3 - 20:11:16] Michael Dios Wing has logged in.
[2018/1/3 - 20:12:36] Artur Voronkov has logged out.
[2018/1/3 - 20:12:56] Arturo Dios Waters has authorized Michael Dios Wing to withdraw a Desert Eagle from the weapon locker (Cost: 10)
[2018/1/3 - 20:13:20] Arturo Dios Waters has withdrawn a Desert Eagle from the weapon locker (Cost: 10)
[2018/1/3 - 20:13:22] Artur Voronkov has logged in.
[2018/1/3 - 20:13:51] Arturo Dios Waters has authorized Jordan Mo Slayer to withdraw a Desert Eagle from the weapon locker (Cost: 10)
[2018/1/3 - 20:14:15] Michael Dios Wing has logged out.
[2018/1/3 - 20:14:26] Rubin Dios Gutierrez has withdrawn a Desert Eagle from the weapon locker (Cost: 10)
[2018/1/3 - 20:14:32] Arturo Dios Waters has authorized Lamar Whitman to withdraw a Desert Eagle from the weapon locker (Cost: 10)
[2018/1/3 - 20:14:43] Arturo Dios Waters has authorized Artur Voronkov to withdraw a Desert Eagle from the weapon locker (Cost: 10)
[2018/1/3 - 20:14:46] Right hand Lamar Whitman has lost connection.
[2018/1/3 - 20:15:34] Arturo Dios Waters has authorized Billy Dios Delany to withdraw a Desert Eagle from the weapon locker (Cost: 10)
[2018/1/3 - 20:19:33] Artur Voronkov has logged out.
[2018/1/3 - 20:22:19] Connor Murphy has logged out.
[2018/1/3 - 20:22:29] Simon Perry has logged in.
[2018/1/3 - 20:23:33] Simon Perry has logged out.
[2018/1/3 - 20:23:50] Billy Dios Delany has logged out.
[2018/1/3 - 20:25:12] Adviser Daniel Prim has lost connection.
[2018/1/3 - 20:25:42] Rubin Dios Gutierrez has logged out.
[2018/1/3 - 20:26:38] Arturo Dios Waters has logged out.
[2018/1/3 - 20:28:05] Jordan Mo Slayer has logged out.
[2018/1/3 - 20:29:10] Rubin Dios Gutierrez has logged in.
[2018/1/3 - 20:29:59] Artur Voronkov has logged in.
[2018/1/3 - 20:32:31] Artur Voronkov has logged out.
[2018/1/3 - 20:33:51] Rubin Dios Gutierrez has logged out.
[2018/1/3 - 20:35:30] Daniel Prim has logged in.
[2018/1/3 - 20:36:31] Daniel Bishop (1000342598) has quit the La Reunion Espanola as a rank 8
[2018/1/3 - 20:36:45] Adviser Daniel Prim has lost connection.
[2018/1/3 - 20:55:36] Tony Brooks has logged out.
[2018/1/3 - 21:09:44] Arturo Dios Waters has logged in.
[2018/1/3 - 21:11:14] Zyana Dios Bishop has logged in.
[2018/1/3 - 21:12:24] Nick Chains has logged in.
[2018/1/3 - 21:14:14] Adviser Zyana Dios Bishop has lost connection.
[2018/1/3 - 21:18:01] Arturo Dios Waters has authorized Nick Chains to withdraw a Desert Eagle from the weapon locker (Cost: 10)
[2018/1/3 - 21:25:45] Arturo Dios Waters has logged out.
[2018/1/3 - 21:37:44] Nick Chains has logged out.
[2018/1/3 - 21:38:23] Nick Chains has logged in.
[2018/1/3 - 21:39:00] Nick Chains (1000624826) has quit the La Reunion Espanola as a rank 1
[2018/1/3 - 21:56:13] Billy Dios Delany has logged in.
[2018/1/3 - 22:21:38] Michael H Buenoh has logged in.
[2018/1/3 - 22:29:24] Artur Voronkov has logged in.
[2018/1/3 - 22:37:46] Artur Voronkov has logged out.
[2018/1/3 - 22:41:23] Elisa Blaze has logged in.
[2018/1/3 - 22:41:47] Elisa Blaze has withdrawn a Desert Eagle from the weapon locker (Cost: 10)
[2018/1/3 - 22:41:51] Elisa Blaze has authorized Billy Dios Delany to withdraw a Desert Eagle from the weapon locker (Cost: 10)
[2018/1/3 - 22:46:48] Michael H Buenoh has logged out.
[2018/1/3 - 22:54:33] Jimmy Tony has logged in.
[2018/1/3 - 22:56:41] Elisa Blaze has authorized Jimmy Tony to withdraw a Silenced Colt .45 from the weapon locker (Cost: 5)
[2018/1/3 - 23:04:53] Elisa Blaze has authorized Billy Dios Delany to withdraw a Desert Eagle from the weapon locker (Cost: 5)
[2018/1/3 - 23:05:21] Elisa Blaze has authorized Jimmy Tony to withdraw a Silenced Colt .45 from the weapon locker (Cost: 3)
[2018/1/3 - 23:07:58] Elisa Blaze has logged out.
[2018/1/3 - 23:08:59] Elisa Blaze has logged in.
[2018/1/3 - 23:09:30] Artur Voronkov has logged in.
[2018/1/3 - 23:10:04] Elisa Blaze has withdrawn a Desert Eagle from the weapon locker (Cost: 5)
[2018/1/3 - 23:11:48] Jimmy Tony has logged out.
[2018/1/3 - 23:13:41] Artur Voronkov has logged out.
[2018/1/3 - 23:18:48] Elisa Blaze has authorized Billy Dios Delany to withdraw a Desert Eagle from the weapon locker (Cost: 5)
[2018/1/3 - 23:19:25] Elisa Blaze has withdrawn a Desert Eagle from the weapon locker (Cost: 5)
[2018/1/3 - 23:35:37] Josh Dolerto has logged in.
[2018/1/3 - 23:35:51] Josh Dolerto has logged out.
[2018/1/3 - 23:47:44] Elisa Blaze has withdrawn a Desert Eagle from the weapon locker (Cost: 5)
