[2018/1/2 - 16:52:22] << Jackson Dread has placed a contract on Hooligan Maddox for $50,000, details: test >>
[2018/1/2 - 16:54:48] << Mitch Makaveli has placed a contract on Jizzy Rivers for $50,000, details: Touched my sister >>
[2018/1/3 - 6:32:27] << Snizzy Young has placed a contract on Ryuusaki Hanako for $50,000, details: I hate him as my neighbourhood. >>
[2018/1/4 - 10:03:29] << Dan Devil has placed a contract on Fujiwara Datsik for $50,000, details: Rat left us, blood in and blood >>
[2018/1/5 - 4:06:03] << Larry Wooden Bear has placed a contract on Ermetano Carragio for $50,000, details: No mercy >>
[2018/1/5 - 17:40:26] << Nishimura Vikouri has placed a contract on Ryuusaki Hanako for $100,000, details: He frame me up I wanted him dea >>
[2018/1/6 - 2:36:09] << Jake Honest has placed a contract on Martin Powers for $100,000, details: faggot >>
[2018/1/6 - 20:32:24] << Max Bluman has placed a contract on Trent Wolf for $50,000, details: This guy literally took a shit  >>
[2018/1/6 - 20:39:48] << Brian S. Falcone has placed a contract on Ryuusaki Hanako for $50,000, details: A enemy of mine, needs to be de >>
[2018/1/7 - 13:15:10] << Justine Z. Blinkz has placed a contract on Ryuusaki Hanako for $55,000, details: You Cant Be My Boss >>
[2018/1/8 - 8:12:04] << Koroashi Vi. Sanji has placed a contract on Ryuusaki Hanako for $20,000, details: My mom take away my game >>
[2018/1/9 - 2:23:22] << Alan Schneider has placed a contract on Ninou Mofujohn for $20,000, details: tunis >>
[2018/1/9 - 8:54:33] << Nicole Trey has placed a contract on Percy Jones for $250,000, details: Trigger happy cunt got me arres >>
[2018/1/10 - 0:01:55] << Sean Washington has placed a contract on Ninou Mofujohn for $100,000, details: he stole my bike >>
[2018/1/10 - 17:38:28] << Alek Whey Schneider has placed a contract on Darko Dragovicc for $50,000, details: Betrayal >>
[2018/1/10 - 19:33:43] << Paul Duffster(39530) has removed the contract on Hooligan Maddox(1000027113) >>
[2018/1/10 - 20:00:58] << Arturo Waters has placed a contract on Max Whitestone for $20,000, details: paul's request. >>
[2018/1/11 - 1:14:47] << Kiley Alexander has placed a contract on Dan Devil for $100,000, details: He killed my wife. >>
[2018/1/11 - 2:05:47] << Dion Tyrrell has placed a contract on Scott Goodman for $300,000, details: He tried to kill me before. >>
[2018/1/11 - 2:16:01] << Dion Tyrrell has placed a contract on Vladmir Glasscock for $100,000, details: He shooted my car, also Attemp  >>
[2018/1/11 - 3:10:20] << Dan Devil has placed a contract on Evelina C Snow for $200,000, details: Snake >>
[2018/1/11 - 3:52:59] << Dion Tyrrell has placed a contract on David Kleinman for $100,000, details: He tried to ram me over twice. >>
[2018/1/11 - 4:14:49] << Draymond Woods has placed a contract on Dion Tyrrell for $30,000, details: He tried to kill me >>
[2018/1/11 - 9:39:36] << Andro Woods has placed a contract on Marty S. Vespucci for $30,000, details: he killed my brother >>
[2018/1/11 - 15:56:05] << Matt Honest has placed a contract on Jenson Lee for $100,000, details: Nigga >>
[2018/1/11 - 16:28:50] << Trent Wolf(1000625066) has removed the contract on Jenson Lee(1000619196) >>
[2018/1/11 - 16:32:24] << Mert Baba Deadmon has placed a contract on Jonas Mezeika for $50,000, details: trashtalking >>
[2018/1/11 - 16:34:12] << Jonas Mezeika has placed a contract on Patrick Garini for $25,000, details: He killed my cat, he is 6 feet  >>
[2018/1/11 - 16:59:28] << Jake Honest has placed a contract on Scott Goodman for $100,000, details: faggot scott >>
[2018/1/11 - 16:59:29] << Jake Honest has placed a contract on Scott Goodman for $100,000, details: faggot scott >>
[2018/1/11 - 16:59:31] << Jake Honest has placed a contract on Scott Goodman for $100,000, details: faggot scott >>
[2018/1/11 - 16:59:31] << Jake Honest has placed a contract on Scott Goodman for $100,000, details: faggot scott >>
[2018/1/11 - 18:39:28] << Leonardo Bishop has placed a contract on Jamie Nelson for $50,000, details: Told feds about Vagos. >>
[2018/1/11 - 18:41:12] << Scott Cole has placed a contract on Kiley Alexander for $60,000, details: he arrested me >>
[2018/1/11 - 21:43:10] << Ray Robert has placed a contract on Kiley Alexander for $100,000, details: He killed my sister >>
[2018/1/12 - 0:57:17] << Jake Honest has placed a contract on Dan Devil for $100,000, details: faggot >>
[2018/1/12 - 3:26:26] << Tanner Washington has placed a contract on Ninou Mofujohn for $120,000, details: he kissed mom >>
[2018/1/12 - 4:59:59] << Peter Schneider has placed a contract on Joh Schneider for $50,000, details: won jackpot at casino >>
[2018/1/12 - 5:02:02] << Erick Diablo has placed a contract on Ninou Mofujohn for $500,000, details: He a bitch nigga >>
[2018/1/12 - 5:08:25] << Max Bluman has placed a contract on Joh Schneider for $50,000, details: Killed me. >>
[2018/1/12 - 5:15:48] << Trent Wolf(1000625066) has removed the contract on Joh Schneider(25816) >>
[2018/1/12 - 6:48:13] << Tanner Washington has placed a contract on Ninou Mofujohn for $120,000, details: he kissed mom >>
[2018/1/12 - 8:13:11] << Billy Greaves has placed a contract on Michael J. Aachen for $100,000, details: Stole my sheep and raped it! >>
[2018/1/12 - 15:02:12] << Darko Dragovicc has placed a contract on Alek Whey Schneider for $66,666, details: he stole something from me >>
[2018/1/12 - 15:47:27] << Darko Dragovicc has placed a contract on Patrick Garini for $50,069, details: He tryed to make fool out of me >>
[2018/1/12 - 17:32:07] << Matt Fazzolari has placed a contract on Jhon Strings for $50,000, details: delivers pizza around idlewood >>
[2018/1/12 - 20:11:52] << Darko Dragovicc has placed a contract on David Kleinman for $100,000, details: he stole something from me >>
[2018/1/12 - 22:17:30] << Martin Powers has placed a contract on Matt Honest for $50,000, details: cunt >>
[2018/1/13 - 2:15:45] << Faye Brazy has placed a contract on Salvatore Bonanno for $500,000, details: Knows too much.  >>
[2018/1/13 - 3:29:18] << Jake Honest has placed a contract on Scott House for $20,000, details: i >>
[2018/1/13 - 9:42:05] << Yuki Yamanaka has placed a contract on Jamie Nelson for $20,000, details: kill that fag >>
[2018/1/13 - 13:54:33] << Trent Wolf(1000625066) has removed the contract on Scott House(37510) >>
[2018/1/13 - 14:37:28] << Darko Dragovicc has placed a contract on Tommy Hyde for $100,000, details: he betrayed me >>
[2018/1/13 - 14:37:55] << Darko Dragovicc has placed a contract on Gruu Hyde for $75,000, details: he stole something from me >>
[2018/1/13 - 14:47:39] << Darko Dragovicc has placed a contract on Alex Whey Jefferson for $66,666, details: he beat my friend to death >>
[2018/1/14 - 3:49:49] << Mert Baba Deadmon has placed a contract on Salvatore Bonanno for $25,000, details: shit talking >>
[2018/1/14 - 15:41:10] << Salvatore Bonanno has placed a contract on Shinobu Tomoharu for $25,000, details: Fucktard >>
[2018/1/14 - 23:44:36] << Alek Whey Schneider has placed a contract on Darko Dragovicc for $100,000, details: betrayal >>
[2018/1/14 - 23:45:40] << Darko Dragovicc has placed a contract on Alek Whey Schneider for $50,000, details: He took my wife from me >>
[2018/1/14 - 23:46:52] << Scott Goodman has placed a contract on Matt Honest for $78,050, details: messing with my homies >>
[2018/1/14 - 23:50:16] << Mitch Makaveli has placed a contract on Scott Goodman for $20,000, details: licked my fanny >>
[2018/1/15 - 4:05:48] << Charles Williamson has placed a contract on Jay Sneezy for $120,000, details: he kiss mom >>
[2018/1/15 - 5:53:57] << Beneton Tyrrell has placed a contract on Rhett Mclaughlin for $120,000, details: He tried to kill my friend >>
[2018/1/15 - 12:43:01] << Aleksandar Knezevic has placed a contract on Toni Veton for $65,081, details: Scaming faggot >>
[2018/1/15 - 18:18:44] << Leonardo Bishop has placed a contract on Bobby Leyva Escobar for $500,000, details: Left Vagos. >>
[2018/1/15 - 19:26:41] << Vlad Vercetti Putin has placed a contract on Alek Whey Schneider for $250,000, details: he fucked my wife >>
[2018/1/15 - 22:02:11] << James Guetta has placed a contract on Scott Goodman for $20,000, details: nice weather >>
[2018/1/15 - 23:49:06] << Adam D. Coleman has placed a contract on Kieron Casso for $100,000, details: THe pleasures mine >>
[2018/1/15 - 23:58:29] << Paul Duffster(39530) has removed the contract on Scott Goodman(863969) >>
[2018/1/16 - 0:27:19] << Kevin Flexman has placed a contract on Willy Frankenstein for $500,000, details: he killed mom >>
[2018/1/16 - 0:27:31] << Kevin Flexman has placed a contract on Jack Desanta for $500,000, details: he killed mom >>
[2018/1/16 - 1:16:40] << Mano Freeman has placed a contract on Jack Desanta for $500,000, details: he toke my bike >>
[2018/1/16 - 2:07:54] << Matt Bishop has placed a contract on Leonardo Bishop for $200,000, details: he kiss mom >>
[2018/1/16 - 2:08:21] << Matt Bishop has placed a contract on Willy Frankenstein for $200,000, details: he kiss freind's sister >>
[2018/1/16 - 2:17:57] << Matt Bishop has placed a contract on Willy Frankenstein for $200,000, details: he toke sister's red bra. >>
[2018/1/16 - 3:04:37] << Dwight Silvetti has placed a contract on Michael J. Aachen for $50,000, details: Revenge for Dusmetov >>
[2018/1/16 - 3:05:26] << Jeff Gordon has placed a contract on Salvatore Bonanno for $100,000, details: This motherfucker didn't follow >>
[2018/1/16 - 12:03:27] << John Jenkins has placed a contract on Scott Goodman for $100,000, details: Gay nigger bastard >>
[2018/1/16 - 20:41:11] << Kyle Bluman has placed a contract on Tobi Saito for $551,998, details: Hit my cat >>
[2018/1/16 - 23:11:17] << Arturo Casso has placed a contract on Mark Deto for $500,000, details: he kiss mom >>
[2018/1/17 - 0:24:52] << Jimmy Mcjohnson has placed a contract on Mark Deto for $80,000, details: he stole my bike >>
[2018/1/17 - 0:52:35] << Mark Deto has placed a contract on Willy Frankenstein for $100,000, details: He was acting a "boss" on me so >>
[2018/1/17 - 3:31:17] << John Jenkins has placed a contract on Benedict Price for $20,000, details: dirty nigger bastard >>
[2018/1/17 - 21:31:14] << Darko Dragovicc has placed a contract on Jenson Lee for $200,000, details: he killed my friends  >>
[2018/1/17 - 22:48:02] << Carlos Flleming has placed a contract on Willy Frankenstein for $200,000, details: he toke my bike >>
[2018/1/17 - 23:11:52] << Simon Payne has placed a contract on Sherlock Mcvea for $100,000, details: scaming cunt >>
[2018/1/17 - 23:32:53] << Carlos Flleming has placed a contract on Zato Woods for $200,000, details: he keep kissing mom >>
[2018/1/17 - 23:33:35] << Carlos Flleming has placed a contract on Zato Woods for $80,000, details: he fucked mom >>
[2018/1/18 - 0:40:26] << Carmine Missano has placed a contract on Antonio D. Sarto for $100,000, details: for da familia >>
[2018/1/18 - 1:11:02] << Kirky Mcjohnson has placed a contract on Desmond Lutz for $200,000, details: he slap sister's ass >>
[2018/1/18 - 1:11:52] << Kirky Mcjohnson has placed a contract on Mark Deto for $150,000, details: he kissed mom >>
[2018/1/18 - 14:18:43] << Sait Cinar has placed a contract on Sherlock Mcvea for $25,000, details: Fake cop >>
[2018/1/18 - 18:50:03] << Bobi Bluman has placed a contract on Kiley Alexander for $20,000, details: Loud and Abnoxious Pig. >>
[2018/1/18 - 20:56:39] << Leonardo Bishop has placed a contract on Alberto Reyes for $500,000, details: Snithcing on Vagos >>
[2018/1/18 - 20:57:27] << Leonardo Bishop has placed a contract on Alberto Reyes for $200,000, details: Snithcing on Vagos >>
[2018/1/18 - 20:57:48] << Leonardo Bishop has placed a contract on Alberto Reyes for $30,000, details: Snithcing on Vagos >>
[2018/1/18 - 20:58:57] << Leonardo Bishop has placed a contract on Alberto Reyes for $2,000,000, details: Snithcing on Vagos >>
[2018/1/18 - 21:11:23] << Leonardo Bishop has placed a contract on Salvatore Florenzo for $1,000,000, details: Left Vagos >>
[2018/1/18 - 21:17:31] << Leonardo Bishop has placed a contract on Salvatore Florenzo for $1,000,000, details: Take me his head,left vagos >>
[2018/1/18 - 22:08:56] << Sherlock Mcvea has placed a contract on Wyatt Thorne for $25,000, details: he stole my car >>
[2018/1/19 - 7:29:12] << Clint Maddox has placed a contract on Rossi Stokes for $500,000, details: Snitchin on the family >>
[2018/1/19 - 12:51:06] << Trent Mercher has placed a contract on Sait Cinar for $50,000, details: He just robbed into my house >>
[2018/1/19 - 13:16:39] << Sait Cinar has placed a contract on Mondy Mcknight for $50,000, details: Tell him that this is from Sait >>
[2018/1/19 - 17:46:40] << Mondy Mcknight has placed a contract on Kiley Alexander for $60,000, details: Stolen my promotion. >>
[2018/1/19 - 19:38:31] << Emily Britson has placed a contract on Kieron Casso for $300,000, details: I'm an anti-war senator. >>
[2018/1/20 - 14:52:14] << Tomas Reyes has placed a contract on Michael H Buenoh for $140,000, details: he is a traitor >>
[2018/1/21 - 2:52:38] << Bobby Gucci Cobra has placed a contract on Mike Ekim for $20,000, details: fucker >>
[2018/1/21 - 9:29:22] << John Swagger has placed a contract on Kiley Alexander for $30,000, details: He ate my last durito >>
[2018/1/21 - 12:20:17] << Alice Rodriguez has placed a contract on Vladmir Glasscock for $100,000, details: He's disrespecting my friend co >>
[2018/1/21 - 13:45:39] << Devonte Rivers has placed a contract on Tanner Gucci Cobra for $30,000, details: fucked my wife >>
[2018/1/21 - 18:34:32] << Maxim Petrov has placed a contract on Billy Russo for $50,000, details: He snitched me for position in  >>
[2018/1/22 - 4:32:30] << Robert Mofujohn has placed a contract on Percy Jones for $40,000, details: he left the gang >>
[2018/1/22 - 14:07:51] << Teek C. Mercy has placed a contract on Akihiko T Takashi for $50,000, details: harrassing me.. bitch needs to  >>
[2018/1/22 - 14:08:18] << Jizzy Rivers has placed a contract on Jenny Saunders for $30,000, details: I need her nods >>
[2018/1/22 - 15:15:21] << Chris Silvetti has placed a contract on Kieron Casso for $50,000, details: he came inside me! >>
[2018/1/22 - 15:35:28] << Gwan Keed has placed a contract on Simon Vio Kush for $480,690, details: killed my brudda >>
[2018/1/22 - 16:28:44] << Amiel Kidman has placed a contract on Kieron Casso for $50,000, details: Insulting cops and judges >>
[2018/1/22 - 16:44:46] << Christina Silvetti has placed a contract on Kieron Casso for $20,000, details: fuckin lunatic >>
[2018/1/22 - 18:50:49] << Scott Goodman has placed a contract on Alistair W. Hall for $931,665, details: stop bossing me around when am  >>
[2018/1/22 - 21:13:31] << Zach Thawne has placed a contract on Clint Maddox for $25,000, details: Insulting my future President >>
[2018/1/23 - 8:21:04] << Rachelle Rivers has placed a contract on John Pat for $30,000, details: Tried to rape me >>
[2018/1/23 - 12:42:39] << Simon Payne has placed a contract on Bobby Leyva Escobar for $500,000, details: money hungry jew >>
[2018/1/23 - 13:48:06] << Shaquanquan Gomez has placed a contract on Kieron Casso for $20,000, details: Tell him not to mess with Sahia >>
[2018/1/23 - 23:51:27] << Tatsumi Hattori has placed a contract on Larry Wooden Bear for $25,000, details: Make this bear hibernate. >>
[2018/1/23 - 23:52:20] << Cameron Westen has placed a contract on Dro Ryders for $25,000, details: Dogshit. >>
[2018/1/24 - 13:18:55] << Tatsumi Hattori has placed a contract on Kara Danvers for $50,000, details: You know what to do dad. >>
[2018/1/24 - 14:27:42] << Ricky Rivers has placed a contract on Bernard Griffin for $25,000, details: wetted the block >>
[2018/1/24 - 15:58:48] << Tracy Venturas has placed a contract on Mark P Vinci for $50,000, details: Stole my ak47 >>
[2018/1/24 - 16:27:35] << Franco Louis has placed a contract on Chris Hemsworth for $200,000, details: he is giving a lot of trouble a >>
[2018/1/24 - 18:11:38] << Scott Goodman has placed a contract on Kieron Casso for $300,895, details: stop bossing us around when we  >>
[2018/2/11 - 8:19:48] << Johnny Sixx has placed a contract on Honest for $100,000, details: . >>
[2018/2/11 - 8:21:21] << Johnny Sixx has placed a contract on Matt Honest for $100,000, details: . >>
