[2018/1/2 - 1:35:19] Liam Underwood has created a dynamic crate vehicle (Name: Barracks | Model: 433)
[2018/1/2 - 2:53:03] Liam Underwood has created a dynamic crate vehicle (Name: Barracks | Model: 433)
[2018/1/2 - 2:54:05] Liam Underwood has created a dynamic crate vehicle (Name: Burrito | Model: 482)
[2018/1/2 - 16:37:49] Jackson Dread has created a dynamic crate vehicle (Name: Barracks | Model: 433)
[2018/1/2 - 16:39:53] Keith Lawrence has created a dynamic crate vehicle (Name: Burrito | Model: 482)
[2018/1/2 - 16:39:58] Keith Lawrence has created a dynamic crate vehicle (Name: Burrito | Model: 482)
[2018/1/2 - 16:40:02] Keith Lawrence has created a dynamic crate vehicle (Name: Burrito | Model: 482)
[2018/1/2 - 16:41:42] Jackson Dread has created a dynamic crate vehicle (Name: Barracks | Model: 433)
[2018/1/4 - 18:42:27] Captainthrillss has created a dynamic crate vehicle (Name: Forklift | Model: 530)
[2018/1/4 - 18:42:52] Captainthrillss has created a dynamic crate vehicle (Name: Burrito | Model: 482)
[2018/1/4 - 18:48:37] George Morgan has created a dynamic crate vehicle (Name: Barracks | Model: 433)
[2018/1/4 - 18:52:05] George Morgan has created a dynamic crate vehicle (Name: Barracks | Model: 433)
[2018/1/4 - 18:55:52] George Morgan has created a dynamic crate vehicle (Name: Barracks | Model: 433)
[2018/1/4 - 18:57:28] George Morgan has created a dynamic crate vehicle (Name: Forklift | Model: 530)
[2018/1/4 - 18:58:56] George Morgan has created a dynamic crate vehicle (Name: Burrito | Model: 482)
[2018/1/7 - 14:39:30] Jackson Dread has created a dynamic crate vehicle (Name: Burrito | Model: 482)
[2018/1/7 - 14:41:58] Jackson Dread has created a dynamic crate vehicle (Name: Barracks | Model: 433)
[2018/1/7 - 14:42:19] Jackson Dread has created a dynamic crate vehicle (Name: Burrito | Model: 482)
[2018/1/7 - 14:45:43] Jackson Dread has created a dynamic crate vehicle (Name: Burrito | Model: 482)
[2018/1/7 - 14:47:05] Jackson Dread has created a dynamic crate vehicle (Name: Burrito | Model: 482)
[2018/1/7 - 14:48:38] Jackson Dread has created a dynamic crate vehicle (Name: Burrito | Model: 482)
[2018/1/7 - 14:49:01] Jackson Dread has created a dynamic crate vehicle (Name: Barracks | Model: 433)
[2018/1/7 - 14:49:36] Jackson Dread has created a dynamic crate vehicle (Name: Barracks | Model: 433)
[2018/1/22 - 23:08:55] Scott R. Mclaren has created a dynamic crate vehicle (Name: Barracks | Model: 433)
[2018/2/14 - 7:06:32] Bachinco has created a dynamic crate vehicle (Name: Barracks | Model: 433)
