[2018/1/6 - 1:35:04] AdmCmd: Jake Dingle has set Jake Honest Dedicated level to 3.
[2018/1/6 - 1:35:19] AdmCmd: Jake Dingle has set Jake Dingle Dedicated level to 3.
[2018/1/6 - 1:35:20] AdmCmd: Jake Dingle has set Jake Dingle Dedicated level to 4.
[2018/1/6 - 1:35:21] AdmCmd: Jake Dingle has set Jake Dingle Dedicated level to 4.
[2018/1/6 - 1:35:28] AdmCmd: Jake Dingle has set Jake Dingle Dedicated level to 4.
[2018/1/6 - 1:35:29] AdmCmd: Jake Dingle has set Jake Dingle Dedicated level to 3.
[2018/1/6 - 1:35:30] AdmCmd: Jake Dingle has set Jake Dingle Dedicated level to 2.
[2018/1/12 - 22:40:13] AdmCmd: Matt Honest has set Robert Caber Dedicated level to 4.
[2018/1/13 - 18:53:26] AdmCmd: Robert Caber has muted Alice Rodriguez from the Dedicated chat, reason: Insulting.
[2018/1/15 - 10:20:21] AdmCmd: Jackson Dread has set Jackson Dread Dedicated level to 4.
[2018/1/15 - 10:20:29] AdmCmd: Jackson Dread has set Nicole Trey Dedicated level to 4.
[2018/1/15 - 10:42:51] AdmCmd: Jackson Dread has unmuted Alice Rodriguez from the Dedicated chat, reason: free.
[2018/1/16 - 20:13:25] AdmCmd: Matt Honest has set Kevin Kush Dedicated level to 3.
[2018/1/23 - 17:23:05] AdmCmd: Matt Honest has set Matt Honest Dedicated level to 0.
[2018/1/23 - 17:23:09] AdmCmd: Matt Honest has set Matt Honest Dedicated level to 1.
[2018/1/23 - 17:23:14] AdmCmd: Matt Honest has set Matt Honest Dedicated level to 2.
[2018/1/24 - 1:03:32] AdmCmd: Clark Smith has muted Lee Liang from the Dedicated chat, reason: Spam.
[2018/1/24 - 1:03:43] AdmCmd: Clark Smith has muted Benjo Fisher from the Dedicated chat, reason: Spam.
[2018/1/24 - 1:03:56] AdmCmd: Clark Smith has muted Ninou Mofujohn from the Dedicated chat, reason: Spam.
[2018/1/24 - 1:04:26] AdmCmd: Clark Smith has muted Erick Diablo from the Dedicated chat, reason: Spam.
[2018/1/24 - 1:10:13] AdmCmd: Clark Smith has unmuted Erick Diablo from the Dedicated chat, reason: Don't spam.
[2018/1/24 - 1:10:28] AdmCmd: Clark Smith has unmuted Lee Liang from the Dedicated chat, reason: Don't spam..
[2018/1/24 - 1:12:59] AdmCmd: Clark Smith has unmuted Ninou Mofujohn from the Dedicated chat, reason: Don't spam.
