[2018/1/3 - 4:16:55] Captainthrillss has deleted Job Point 23 (Pizzaboy)
[2018/1/3 - 4:17:04] Captainthrillss has edited Job Point 16's Position (B: 2104.629882, -1803.550048, 13.554699 | A: 2103.029541, -1803.515625, 13.554687)
[2018/1/3 - 6:28:13] Captainthrillss has edited Job Point 0's type from ---- to Waste Management.
[2018/1/3 - 6:28:58] Captainthrillss has edited Job Point 0's type from Waste Management to Garbage Man.
[2018/1/12 - 2:53:26] Captainthrillss has edited Job Point 6's Position (B: -1557.890014, 122.246002, 3.554689 | A: 2477.613037, -2591.295166, 13.648437)
[2018/1/12 - 4:22:37] Captainthrillss has edited Job Point 6's Position (B: -1557.890014, 122.246002, 3.554689 | A: 2477.932373, -2594.117919, 13.648437)
[2018/1/12 - 18:09:45] Mitch Makaveli has edited Job ID 20's name from Shipment Contractor to Shipment Contracter
[2018/1/12 - 18:19:23] Mitch Makaveli has edited Job Point 6's Position (B: -1557.890014, 122.246002, 3.554689 | A: 2472.406982, -2564.796142, 13.651400)
[2018/1/15 - 4:34:43] Mitch Makaveli has edited Job ID 20's name from Shipment Contracter to Shipment Contracter
[2018/1/16 - 5:55:07] Captainthrillss has edited Job Point 6's Position (B: -1557.890014, 122.246002, 3.554689 | A: 2476.001708, -2588.526367, 13.648437)
[2018/1/16 - 23:55:24] Kobe Mece has edited Job Point 24's type from ----- to Shipment Contracter.
[2018/1/16 - 23:55:28] Kobe Mece has edited Job Point 24's Position (B: 0.000000, 0.000000, 0.000000 | A: 2474.848876, -2568.268066, 13.648437)
[2018/1/16 - 23:55:34] Kobe Mece has edited Job Point 24's level from 1 to 1
[2018/1/18 - 5:07:20] Captainthrillss has edited Job Point 6's Position (B: -1557.890014, 122.246002, 3.554689 | A: 2477.335693, -2589.931884, 13.648437)
[2018/1/20 - 10:00:01] Nicole Trey has edited Job Point 6's Position (B: -1557.890014, 122.246002, 3.554689 | A: 2473.833496, -2564.920654, 13.658865)
[2018/1/21 - 10:04:43] Matt Honest has edited Job ID 27's name from ---- to Trucker Job
[2018/1/21 - 10:05:42] Matt Honest has edited Job Point 17's Position (B: 2196.459960, -132.675994, 3.408859 | A: 2472.402099, -2564.958740, 13.651401)
[2018/1/22 - 5:48:18] Lue Dockson has edited Job Point 6's Position (B: -1557.890014, 122.246002, 3.554689 | A: 2465.257080, -2557.938964, 13.653146)
[2018/1/22 - 12:14:02] Carlos Ramirez has edited Job Point 2's Position (B: 2193.620117, -145.080993, 2.173130 | A: 2477.877685, -2579.938720, 13.648437)
[2018/1/22 - 12:14:47] Carlos Ramirez has edited Job Point 2's Position (B: 2477.877685, -2579.938720, 13.648437 | A: 2471.679931, -2584.271240, 13.659392)
[2022/12/17 - 8:49:37] Test Character has edited Job Point 48's type from ----- to Shipment Contractor.
[2022/12/17 - 8:49:40] Test Character has edited Job Point 48's Position (B: 0.000000, 0.000000, 0.000000 | A: 2216.447021, -2663.988525, 13.561148)
