[2018/1/1 - 20:22:14] Paul Duffster has edited Text Label ID 492's text to Paul Duffster's house.
[2018/1/1 - 21:28:33] Leroy J. Meyers has edited Text Label ID 32's position.
[2018/1/1 - 21:28:47] Leroy J. Meyers has edited Text Label ID 32's text to Owned by Tyler De La Mofujohn.
[2018/1/1 - 21:31:52] Leroy J. Meyers has edited Text Label ID 270's text to Reserved for Alan Stark.
[2018/1/1 - 21:33:39] Leroy J. Meyers has edited Text Label ID 35's position.
[2018/1/1 - 21:34:09] Leroy J. Meyers has edited Text Label ID 35's text to Reserver for George_Morgan - Pending Donation.
[2018/1/1 - 21:34:13] Leroy J. Meyers has edited Text Label ID 35's text to Reserved for George_Morgan - Pending Donation.
[2018/1/1 - 21:49:27] Leroy J. Meyers has deleted Text Label 32.
[2018/1/2 - 0:14:44] Clark Smith has deleted Text Label 13.
[2018/1/2 - 0:57:02] Daniel Bishop has deleted Text Label 35.
[2018/1/2 - 13:36:56] Clark Smith has deleted Text Label 29.
[2018/1/2 - 22:29:51] Paul Duffster has deleted Text Label 267.
[2018/1/3 - 6:22:54] Captainthrillss has edited Text Label ID 13's position.
[2018/1/3 - 6:23:18] Captainthrillss has edited Text Label ID 13's PickupModel.
[2018/1/3 - 6:23:24] Captainthrillss has edited Text Label ID 13's PickupModel.
[2018/1/3 - 6:23:31] Captainthrillss has edited Text Label ID 13's PickupModel.
[2018/1/3 - 6:24:43] Captainthrillss has edited Text Label ID 13's text to Test.
[2018/1/3 - 6:25:10] Captainthrillss has edited Text Label ID 13's PickupModel.
[2018/1/3 - 6:25:24] Captainthrillss has deleted Text Label 13.
[2018/1/3 - 6:54:16] Captainthrillss has deleted Text Label 2.
[2018/1/3 - 23:13:06] Lue Dockson has edited Text Label ID 2's position.
[2018/1/3 - 23:13:29] Lue Dockson has edited Text Label ID 2's text to Reserved for Lue Dockson.
[2018/1/4 - 1:12:37] Lue Dockson has edited Text Label ID 13's position.
[2018/1/4 - 1:12:52] Lue Dockson has edited Text Label ID 13's text to Uzi-Gang Compound.
[2018/1/4 - 3:30:59] Lue Dockson has edited Text Label ID 29's position.
[2018/1/4 - 3:31:20] Lue Dockson has edited Text Label ID 29's text to Uzi-Gang Fight Cage - No Pussy Niggas.
[2018/1/4 - 15:53:10] Leroy J. Meyers has edited Text Label ID 32's position.
[2018/1/4 - 15:53:21] Leroy J. Meyers has edited Text Label ID 32's text to Reserverd for Jeff_Kingpin.
[2018/1/4 - 21:50:22] Captainthrillss has edited Text Label ID 2's text to LSPD HQ.
[2018/1/4 - 21:50:48] Captainthrillss has edited Text Label ID 2's text to Bar.
[2018/1/5 - 19:22:10] Paul Duffster has deleted Text Label 32.
[2018/1/5 - 22:32:05] Paul Duffster has edited Text Label ID 32's position.
[2018/1/5 - 22:33:25] Paul Duffster has edited Text Label ID 32's text to Jonas_Mezeika's house.
[2018/1/5 - 22:35:37] Leroy J. Meyers has edited Text Label ID 35's position.
[2018/1/5 - 22:35:41] Leroy J. Meyers has edited Text Label ID 35's text to hotel room.
[2018/1/5 - 22:37:20] Leroy J. Meyers has edited Text Label ID 32's position.
[2018/1/5 - 22:37:31] Leroy J. Meyers has edited Text Label ID 32's text to Auctioned to Jonas Mezeika.
[2018/1/5 - 22:38:24] Paul Duffster has edited Text Label ID 36's position.
[2018/1/5 - 22:38:51] Paul Duffster has edited Text Label ID 36's text to Miguel_B._Adkins won the auction.
[2018/1/5 - 22:41:56] Robert Caber has edited Text Label ID 248's position.
[2018/1/5 - 22:42:19] Robert Caber has edited Text Label ID 248's text to Locker Room.
[2018/1/5 - 22:44:07] Robert Caber has edited Text Label ID 248's position.
[2018/1/5 - 22:59:59] Leroy J. Meyers has deleted Text Label 352.
[2018/1/5 - 23:00:48] Leroy J. Meyers has deleted Text Label 126.
[2018/1/5 - 23:00:55] Leroy J. Meyers has deleted Text Label 122.
[2018/1/6 - 20:33:27] Dylan Langley has edited Text Label ID 39's text to DO NOT PLACE DD HERE - HONEST.
[2018/1/6 - 20:34:39] Dylan Langley has edited Text Label ID 39's position.
[2018/1/7 - 23:29:28] Paul Duffster has deleted Text Label 298.
[2018/1/8 - 0:08:07] Paul Duffster has edited Text Label ID 42's position.
[2018/1/8 - 0:08:23] Paul Duffster has edited Text Label ID 42's text to Rest in Piece..
[2018/1/8 - 0:08:33] Paul Duffster has edited Text Label ID 42's position.
[2018/1/8 - 0:09:07] Paul Duffster has deleted Text Label 48.
[2018/1/8 - 0:09:29] Paul Duffster has deleted Text Label 60.
[2018/1/9 - 7:09:15] Captainthrillss has edited Text Label ID 43's position.
[2018/1/9 - 7:09:31] Captainthrillss has edited Text Label ID 43's text to Press "Y" to use ATM.
[2018/1/9 - 7:10:36] Captainthrillss has edited Text Label ID 43's position.
[2018/1/9 - 7:10:42] Captainthrillss has edited Text Label ID 43's position.
[2018/1/9 - 7:10:53] Captainthrillss has edited Text Label ID 43's position.
[2018/1/9 - 17:39:19] Mitch Makaveli has edited Text Label ID 48's PickupModel.
[2018/1/9 - 17:39:27] Mitch Makaveli has edited Text Label ID 48's PickupModel.
[2018/1/9 - 17:43:48] Mitch Makaveli has edited Text Label ID 48's position.
[2018/1/9 - 17:44:00] Mitch Makaveli has edited Text Label ID 48's position.
[2018/1/9 - 17:44:10] Mitch Makaveli has edited Text Label ID 48's PickupModel.
[2018/1/9 - 17:44:14] Mitch Makaveli has edited Text Label ID 48's PickupModel.
[2018/1/9 - 17:46:23] Mitch Makaveli has edited Text Label ID 48's text to **There would be shattered glass laying around with the smell of extinguis
[2018/1/9 - 18:39:23] Captainthrillss has edited Text Label ID 53's position.
[2018/1/9 - 18:39:34] Captainthrillss has edited Text Label ID 53's text to "Point for Admin Team DV Garage.
[2018/1/9 - 18:39:42] Captainthrillss has edited Text Label ID 53's text to Point for Admin Team DV Garage.
[2018/1/9 - 19:02:19] Mitch Makaveli has deleted Text Label 48.
[2018/1/9 - 20:49:05] Matt Honest has edited Text Label ID 240's text to Honest's House..
[2018/1/10 - 3:39:58] Captainthrillss has edited Text Label ID 48's position.
[2018/1/10 - 3:40:17] Captainthrillss has edited Text Label ID 48's text to Ocean Docks Crate Facility Raid Gate.
[2018/1/10 - 21:17:58] Mitch Makaveli has deleted Text Label 39.
[2018/1/10 - 21:43:09] Paul Duffster has edited Text Label ID 39's position.
[2018/1/10 - 21:43:21] Paul Duffster has edited Text Label ID 39's text to Reserved for Corey Brooks.
[2018/1/10 - 21:43:31] Paul Duffster has edited Text Label ID 39's text to Reserved for Corey Brooks until 15/01/18.
[2018/1/10 - 21:43:39] Paul Duffster has edited Text Label ID 39's text to Reserved for Corey Brooks until 15/01/18 - Paul.
[2018/1/10 - 21:43:42] Paul Duffster has edited Text Label ID 39's text to Reserved for Corey Brooks until 15/01/18 ~ Paul.
[2018/1/10 - 21:49:48] Mitch Makaveli has edited Text Label ID 56's position.
[2018/1/10 - 21:51:10] Mitch Makaveli has edited Text Label ID 56's text to /slots to play the machines..
[2018/1/10 - 21:52:17] Mitch Makaveli has edited Text Label ID 60's position.
[2018/1/10 - 21:52:44] Mitch Makaveli has edited Text Label ID 60's text to /slots at any machine to gamble!.
[2018/1/11 - 0:05:57] Mitch Makaveli has edited Text Label ID 61's position.
[2018/1/11 - 0:06:35] Mitch Makaveli has edited Text Label ID 61's text to Use /slots to play on the machines..
[2018/1/11 - 0:09:16] Mitch Makaveli has edited Text Label ID 62's position.
[2018/1/11 - 0:09:53] Mitch Makaveli has edited Text Label ID 62's text to /slots to play the machines..
[2018/1/12 - 16:01:28] Mitch Makaveli has edited Text Label ID 63's position.
[2018/1/12 - 16:04:04] Mitch Makaveli has edited Text Label ID 63's text to TRUCKER JOB IS NOW LOCATED IN LS!.
[2018/1/12 - 16:04:26] Mitch Makaveli has edited Text Label ID 63's PickupModel.
[2018/1/12 - 16:04:27] Mitch Makaveli has edited Text Label ID 63's PickupModel.
[2018/1/12 - 16:04:30] Mitch Makaveli has edited Text Label ID 63's PickupModel.
[2018/1/12 - 16:04:33] Mitch Makaveli has edited Text Label ID 63's PickupModel.
[2018/1/12 - 16:04:36] Mitch Makaveli has edited Text Label ID 63's PickupModel.
[2018/1/12 - 16:04:38] Mitch Makaveli has edited Text Label ID 63's PickupModel.
[2018/1/12 - 16:04:53] Mitch Makaveli has edited Text Label ID 63's PickupModel.
[2018/1/12 - 16:04:57] Mitch Makaveli has edited Text Label ID 63's PickupModel.
[2018/1/12 - 16:05:02] Mitch Makaveli has edited Text Label ID 63's PickupModel.
[2018/1/12 - 16:05:07] Mitch Makaveli has edited Text Label ID 63's PickupModel.
[2018/1/12 - 16:05:12] Mitch Makaveli has edited Text Label ID 63's PickupModel.
[2018/1/12 - 16:05:16] Mitch Makaveli has edited Text Label ID 63's PickupModel.
[2018/1/12 - 16:05:20] Mitch Makaveli has edited Text Label ID 63's PickupModel.
[2018/1/12 - 16:05:24] Mitch Makaveli has edited Text Label ID 63's PickupModel.
[2018/1/12 - 16:05:34] Mitch Makaveli has edited Text Label ID 63's PickupModel.
[2018/1/12 - 16:05:39] Mitch Makaveli has edited Text Label ID 63's PickupModel.
[2018/1/12 - 16:05:48] Mitch Makaveli has edited Text Label ID 63's PickupModel.
[2018/1/12 - 16:05:52] Mitch Makaveli has edited Text Label ID 63's PickupModel.
[2018/1/12 - 16:05:55] Mitch Makaveli has edited Text Label ID 63's PickupModel.
[2018/1/12 - 16:05:59] Mitch Makaveli has edited Text Label ID 63's PickupModel.
[2018/1/12 - 16:06:03] Mitch Makaveli has edited Text Label ID 63's PickupModel.
[2018/1/12 - 16:06:07] Mitch Makaveli has edited Text Label ID 63's PickupModel.
[2018/1/12 - 16:06:10] Mitch Makaveli has edited Text Label ID 63's PickupModel.
[2018/1/12 - 16:20:22] Nicole Trey has edited Text Label ID 64's position.
[2018/1/12 - 16:20:38] Nicole Trey has edited Text Label ID 64's text to Cades can be removed at 20:20 in game time..
[2018/1/12 - 16:22:41] Nicole Trey has edited Text Label ID 65's position.
[2018/1/12 - 16:22:56] Nicole Trey has edited Text Label ID 65's text to Cades can be removed at 20:20 in game time..
[2018/1/12 - 18:04:08] Nicole Trey has deleted Text Label 64.
[2018/1/12 - 18:04:16] Nicole Trey has deleted Text Label 65.
[2018/1/12 - 18:07:34] Mitch Makaveli has edited Text Label ID 64's position.
[2018/1/12 - 18:08:11] Mitch Makaveli has edited Text Label ID 64's text to Nicolas Jefferson's house.
[2018/1/13 - 18:15:05] Mitch Makaveli has edited Text Label ID 65's position.
[2018/1/13 - 18:16:01] Mitch Makaveli has edited Text Label ID 65's text to Robert Mofujohn - Report in game to get it set to your name..
[2018/1/13 - 23:23:39] Mitch Makaveli has edited Text Label ID 67's position.
[2018/1/13 - 23:23:57] Mitch Makaveli has edited Text Label ID 67's text to Don't move this house..
[2018/1/15 - 19:04:26] Paul Duffster has edited Text Label ID 68's position.
[2018/1/15 - 19:05:23] Paul Duffster has edited Text Label ID 68's text to Resevered for Aleksandar Knezevic until  16/01.
[2018/1/16 - 14:51:51] Kobe Mece has deleted Text Label 68.
[2018/1/16 - 14:52:47] Kobe Mece has edited Text Label ID 68's position.
[2018/1/16 - 14:53:34] Kobe Mece has edited Text Label ID 68's text to Reserved - Aleksander Knezevic - Contact Paul (Donation).
[2018/1/16 - 14:54:18] Kobe Mece has edited Text Label ID 68's text to Reserved - Aleksander Knezevic/Simon Payne - Contact Paul (Donation).
[2018/1/16 - 19:37:48] Mitch Makaveli has edited Text Label ID 69's position.
[2018/1/16 - 19:38:14] Mitch Makaveli has edited Text Label ID 69's text to Aleksandar_Knezevic's Compound.
[2018/1/16 - 19:42:17] Mitch Makaveli has deleted Text Label 68.
[2018/1/17 - 18:30:37] Hooligan Maddox has deleted Text Label 17.
[2018/1/17 - 18:31:31] Hooligan Maddox has deleted Text Label 18.
[2018/1/17 - 23:41:02] Alejandro Waters has edited Text Label ID 69's text to Simon Payne's Compound.
[2018/1/18 - 1:30:56] Kobe Mece has edited Text Label ID 17's position.
[2018/1/18 - 1:31:05] Kobe Mece has edited Text Label ID 17's text to /makeheroin.
[2018/1/18 - 1:31:19] Kobe Mece has edited Text Label ID 17's color.
[2018/1/18 - 1:31:22] Kobe Mece has edited Text Label ID 17's color.
[2018/1/18 - 1:31:24] Kobe Mece has edited Text Label ID 17's color.
[2018/1/18 - 1:31:26] Kobe Mece has edited Text Label ID 17's color.
[2018/1/18 - 1:31:30] Kobe Mece has edited Text Label ID 17's color.
[2018/1/18 - 1:31:33] Kobe Mece has edited Text Label ID 17's color.
[2018/1/18 - 1:31:35] Kobe Mece has edited Text Label ID 17's color.
[2018/1/18 - 13:22:13] Mitch Makaveli has deleted Text Label 39.
[2018/1/18 - 23:58:16] Mitch Makaveli has edited Text Label ID 18's position.
[2018/1/18 - 23:58:31] Mitch Makaveli has edited Text Label ID 18's text to Reserved for Robert Mofujohn (Pending Duffster).
[2018/1/21 - 9:15:53] Scott R. Mclaren has edited Text Label ID 39's position.
[2018/1/21 - 9:16:45] Scott R. Mclaren has edited Text Label ID 39's text to Crate Cave is Closed Until Further Notice -DGA.
[2018/1/21 - 9:18:08] Scott R. Mclaren has edited Text Label ID 68's position.
[2018/1/21 - 9:18:20] Scott R. Mclaren has edited Text Label ID 68's text to Crate Cave is Closed Until Further Notice -DGA.
[2018/1/21 - 12:55:34] Henry Shadow has edited Text Label ID 245's text to Property of Jizzy fucking Rivers.
[2018/1/21 - 12:56:35] Henry Shadow has edited Text Label ID 245's text to Property of Jizzy Rivers.
[2018/1/21 - 12:58:11] Henry Shadow has edited Text Label ID 245's text to Garage of HID 76..
[2018/1/21 - 12:58:16] Henry Shadow has edited Text Label ID 245's text to Garage of HID 76 <<<<<<<<<<<<<<<.
[2018/1/21 - 12:58:28] Henry Shadow has edited Text Label ID 245's text to << Garage of HID 76 <<.
[2018/1/21 - 13:00:58] Henry Shadow has edited Text Label ID 245's color.
[2018/1/21 - 13:51:02] Jackson Dread has deleted Text Label 39.
[2018/1/21 - 17:36:12] Carlos Ramirez has edited Text Label ID 39's position.
[2018/1/21 - 17:37:10] Carlos Ramirez has edited Text Label ID 39's text to CRATE ISLAND IS CLOSED TILL DGA OR AN EA OPENS ANYONE RAIDING WILL BE JAIL
[2018/1/21 - 17:37:25] Carlos Ramirez has edited Text Label ID 39's color.
[2018/1/21 - 17:37:27] Carlos Ramirez has edited Text Label ID 39's color.
[2018/1/21 - 17:37:28] Carlos Ramirez has edited Text Label ID 39's color.
[2018/1/21 - 17:37:30] Carlos Ramirez has edited Text Label ID 39's color.
[2018/1/21 - 17:37:34] Carlos Ramirez has edited Text Label ID 39's color.
[2018/1/21 - 17:37:37] Carlos Ramirez has edited Text Label ID 39's color.
[2018/1/21 - 17:37:40] Carlos Ramirez has edited Text Label ID 39's color.
[2018/1/21 - 17:37:43] Carlos Ramirez has edited Text Label ID 39's color.
[2018/1/21 - 17:37:45] Carlos Ramirez has edited Text Label ID 39's color.
[2018/1/21 - 17:37:49] Carlos Ramirez has edited Text Label ID 39's color.
[2018/1/21 - 17:37:52] Carlos Ramirez has edited Text Label ID 39's color.
[2018/1/21 - 17:37:54] Carlos Ramirez has edited Text Label ID 39's color.
[2018/1/21 - 17:37:56] Carlos Ramirez has edited Text Label ID 39's color.
[2018/1/21 - 17:37:58] Carlos Ramirez has edited Text Label ID 39's color.
[2018/1/21 - 17:38:00] Carlos Ramirez has edited Text Label ID 39's color.
[2018/1/21 - 17:38:01] Carlos Ramirez has edited Text Label ID 39's color.
[2018/1/21 - 17:38:04] Carlos Ramirez has edited Text Label ID 39's color.
[2018/1/21 - 17:38:07] Carlos Ramirez has edited Text Label ID 39's color.
[2018/1/21 - 17:38:09] Carlos Ramirez has edited Text Label ID 39's color.
[2018/1/21 - 17:38:25] Carlos Ramirez has edited Text Label ID 39's color.
[2018/1/21 - 17:38:43] Carlos Ramirez has edited Text Label ID 39's color.
[2018/1/21 - 18:47:08] Jackson Dread has deleted Text Label 18.
[2018/1/21 - 19:50:45] Jackson Dread has edited Text Label ID 18's position.
[2018/1/21 - 19:50:56] Jackson Dread has edited Text Label ID 18's text to /switchgroup 20 and /agate when the cave is raidable!.
[2018/1/21 - 19:51:05] Jackson Dread has edited Text Label ID 18's text to /switchgroup 20 and /agate when the facility is raidable!.
[2018/1/23 - 11:43:27] Kobe Mece has deleted Text Label 17.
[2018/1/23 - 11:43:31] Kobe Mece has deleted Text Label 18.
[2018/1/23 - 11:44:03] Kobe Mece has edited Text Label ID 17's position.
[2018/1/23 - 11:44:08] Kobe Mece has edited Text Label ID 17's position.
[2018/1/23 - 11:44:36] Kobe Mece has edited Text Label ID 17's text to Crate Facility is not to be raided under any circumstances unless approved by a
[2018/1/25 - 0:36:55] Clank Hamm has edited Text Label ID 18's position.
[2018/1/25 - 0:37:44] Clank Hamm has edited Text Label ID 18's text to VW 95 FOR ADMIN REFERENCE.
