[2018/1/11 - 0:00:33] Lee Liang has logged out.
[2018/1/11 - 0:01:21] David Kleinman has logged out.
[2018/1/11 - 0:20:51] Lee Liang has logged out.
[2018/1/11 - 0:22:52] Oiki Woods (1000626792) accepted Big Poot Thyson Kleinman's (1000130640) invite to join 1323 Market  Mobb (25).
[2018/1/11 - 0:23:00] Big Poot Thyson Kleinman (1000130640) has set Oiki Woods's (1000626792) division to Nine Mobb in 1323 Market  Mobb (25).
[2018/1/11 - 0:25:31] Thyson Kleinman has logged out.
[2018/1/11 - 0:33:19] Baby Crip Oiki Woods has lost connection.
[2018/1/11 - 0:44:01] Lee Liang has logged out.
[2018/1/11 - 0:45:15] HNIC Ninou Mofujohn (137951) (rank 6) has given Maksy Volkoff (1000625996) rank 2 (Crip) in 1323 Market  Mobb (25).
[2018/1/11 - 0:53:28] Blinky Kleinman has logged out.
[2018/1/11 - 0:54:38] David Kleinman has logged out.
[2018/1/11 - 0:56:54] Ninou Mofujohn has withdrawn 20 grams of Ecstasy from the safe.
[2018/1/11 - 0:59:00] Hartax Blacker has logged out.
[2018/1/11 - 0:59:47] Baby Crip Oiki Woods has lost connection.
[2018/1/11 - 1:08:16] Blinky Kleinman has logged out.
[2018/1/11 - 1:13:48] Ninou Mofujohn has logged out.
[2018/1/11 - 1:15:25] Scotty Cain has logged out.
[2018/1/11 - 1:45:26] Maksy Volkoff has deposited $1 into the safe.
[2018/1/11 - 1:45:43] Maksy Volkoff has deposited $74 into the safe.
[2018/1/11 - 1:49:44] Baby Crip Draymond Woods has lost connection.
[2018/1/11 - 1:52:14] Ninou Mofujohn has logged out.
[2018/1/11 - 1:56:32] Ninou Mofujohn has withdrawn 20 grams of Meth from the safe.
[2018/1/11 - 1:56:45] Percy Jones (1000597291) accepted HNIC Ninou Mofujohn's (137951) invite to join 1323 Market  Mobb (25).
[2018/1/11 - 1:57:42] HNIC Ninou Mofujohn (137951) (rank 6) has given Percy Jones (1000597291) rank 2 (Crip) in 1323 Market  Mobb (25).
[2018/1/11 - 1:57:48] HNIC Ninou Mofujohn (137951) has set Percy Jones's (1000597291) division to Hangout in 1323 Market  Mobb (25).
[2018/1/11 - 1:59:02] Lee Liang has deposited a SPAS-12 into the locker.
[2018/1/11 - 1:59:07] Ninou Mofujohn has withdrawn a Desert Eagle from the weapon locker (Cost: 5)
[2018/1/11 - 1:59:10] Ninou Mofujohn has authorized Lee Liang to withdraw a Desert Eagle from the weapon locker (Cost: 5)
[2018/1/11 - 1:59:31] Ninou Mofujohn has authorized Percy Jones to withdraw a Desert Eagle from the weapon locker (Cost: 5)
[2018/1/11 - 1:59:33] Ninou Mofujohn has authorized Maksy Volkoff to withdraw a Desert Eagle from the weapon locker (Cost: 5)
[2018/1/11 - 1:59:39] Ninou Mofujohn has withdrawn 100 grams of Meth from the safe.
[2018/1/11 - 2:01:51] Ninou Mofujohn has logged out.
[2018/1/11 - 2:02:08] Maksy Volkoff has logged out.
[2018/1/11 - 2:08:11] Ninou Mofujohn has authorized Benny Smith Wallace to withdraw a Desert Eagle from the weapon locker (Cost: 5)
[2018/1/11 - 2:09:51] Percy Jones has logged out.
[2018/1/11 - 2:10:49] Benny Smith Wallace has logged out.
[2018/1/11 - 2:13:32] Ninou Mofujohn has authorized Benny Smith Wallace to withdraw a Desert Eagle from the weapon locker (Cost: 5)
[2018/1/11 - 2:22:47] Ninou Mofujohn has withdrawn a Desert Eagle from the weapon locker (Cost: 5)
[2018/1/11 - 2:22:53] Ninou Mofujohn has withdrawn 100 grams of Ecstasy from the safe.
[2018/1/11 - 2:24:46] HNIC Ninou Mofujohn has lost connection.
[2018/1/11 - 2:25:13] David Kleinman has logged out.
[2018/1/11 - 2:26:28] Ninou Mofujohn has withdrawn a Desert Eagle from the weapon locker (Cost: 5)
[2018/1/11 - 2:26:32] Ninou Mofujohn has authorized Benny Smith Wallace to withdraw a Desert Eagle from the weapon locker (Cost: 5)
[2018/1/11 - 2:26:48] Ninou Mofujohn has withdrawn 200 grams of Crack from the safe.
[2018/1/11 - 2:27:08] David Kleinman has logged out.
[2018/1/11 - 2:27:19] Benny Smith Wallace has authorized Lee Liang to withdraw a Shotgun from the weapon locker (Cost: 3)
[2018/1/11 - 2:27:56] Benny Smith Wallace has authorized Scotty Cain to withdraw a Shotgun from the weapon locker (Cost: 3)
[2018/1/11 - 2:30:25] Draymond Woods has deposited a SPAS-12 into the locker.
[2018/1/11 - 2:30:38] Benny Smith Wallace has authorized Lee Liang to withdraw a Desert Eagle from the weapon locker (Cost: 5)
[2018/1/11 - 2:31:02] Benny Smith Wallace has authorized David Kleinman to withdraw a Desert Eagle from the weapon locker (Cost: 5)
[2018/1/11 - 2:31:13] Benny Smith Wallace has authorized Percy Jones to withdraw a Desert Eagle from the weapon locker (Cost: 5)
[2018/1/11 - 2:33:34] Percy Jones has logged out.
[2018/1/11 - 2:34:21] David Kleinman has logged out.
[2018/1/11 - 2:34:45] Ninou Mofujohn has authorized Lee Liang to withdraw a Desert Eagle from the weapon locker (Cost: 5)
[2018/1/11 - 2:34:51] Ninou Mofujohn has withdrawn a Desert Eagle from the weapon locker (Cost: 5)
[2018/1/11 - 2:35:03] Ninou Mofujohn has authorized Draymond Woods to withdraw a Desert Eagle from the weapon locker (Cost: 5)
[2018/1/11 - 2:35:14] Ninou Mofujohn has authorized Benny Smith Wallace to withdraw a Desert Eagle from the weapon locker (Cost: 5)
[2018/1/11 - 2:35:43] Benny Smith Wallace has authorized Maksy Volkoff to withdraw a Desert Eagle from the weapon locker (Cost: 5)
[2018/1/11 - 2:35:57] Benny Smith Wallace has authorized Scotty Cain to withdraw a Desert Eagle from the weapon locker (Cost: 5)
[2018/1/11 - 2:36:13] David Kleinman has logged out.
[2018/1/11 - 2:37:32] Benny Smith Wallace has authorized Percy Jones to withdraw a Desert Eagle from the weapon locker (Cost: 5)
[2018/1/11 - 2:38:59] HNIC Ninou Mofujohn has lost connection.
[2018/1/11 - 2:41:14] Lee Liang has logged out.
[2018/1/11 - 2:49:01] HNIC Ninou Mofujohn (137951) (rank 6) has given Draymond Woods (1000626470) rank 1 (Lil\' Poot) in 1323 Market  Mobb (25).
[2018/1/11 - 2:49:07] HNIC Ninou Mofujohn (137951) has set Draymond Woods's (1000626470) division to Hangout in 1323 Market  Mobb (25).
[2018/1/11 - 2:49:18] Benny Smith Wallace has logged out.
[2018/1/11 - 2:54:24] Maksy Volkoff has logged out.
[2018/1/11 - 2:56:58] Scotty Cain has logged out.
[2018/1/11 - 2:57:03] Draymond Woods has logged out.
[2018/1/11 - 2:58:34] Maksy Volkoff has logged out.
[2018/1/11 - 3:01:14] David Kleinman has logged out.
[2018/1/11 - 3:01:15] HNIC Ninou Mofujohn has lost connection.
[2018/1/11 - 3:02:34] Ninou Mofujohn has logged out.
[2018/1/11 - 3:03:33] Draymond Woods has logged out.
[2018/1/11 - 3:13:22] Ninou Mofujohn has withdrawn 30000 materials from the safe.
[2018/1/11 - 3:17:32] Ninou Mofujohn has logged out.
[2018/1/11 - 3:24:39] Percy Jones has logged out.
[2018/1/11 - 3:34:43] Ryan Dunwich has logged out.
[2018/1/11 - 3:56:22] Crip Howard R Kleinman has lost connection.
[2018/1/11 - 3:59:24] Percy Jones has logged out.
[2018/1/11 - 4:07:47] Hustla Scotty Cain has lost connection.
[2018/1/11 - 5:00:32] Blinky Kleinman has logged out.
[2018/1/11 - 5:08:10] Scotty Cain has logged out.
[2018/1/11 - 5:30:15] Baby Crip Victor Brugal has lost connection.
[2018/1/11 - 5:33:54] Baby Crip Victor Brugal has lost connection.
[2018/1/11 - 5:42:57] Baby Crip Victor Brugal has lost connection.
[2018/1/11 - 5:45:25] Victor Brugal has logged out.
[2018/1/11 - 5:47:58] Victor Brugal has logged out.
[2018/1/11 - 5:49:48] Percy Jones has logged out.
[2018/1/11 - 5:59:20] Chad Powers has logged out.
[2018/1/11 - 6:09:14] Chad Powers has logged out.
[2018/1/11 - 6:12:53] Scotty Cain has logged out.
[2018/1/11 - 6:13:35] Lil\' Poot Chad Powers has lost connection.
[2018/1/11 - 6:14:48] Draymond Woods has logged out.
[2018/1/11 - 6:18:49] Baby Crip Victor Brugal has lost connection.
[2018/1/11 - 6:20:26] David Kleinman has logged out.
[2018/1/11 - 6:20:54] Baby Crip Victor Brugal has lost connection.
[2018/1/11 - 6:25:00] Rafed Kleinman has logged out.
[2018/1/11 - 6:32:26] Chad Powers has logged out.
[2018/1/11 - 6:38:30] David Kleinman has logged out.
[2018/1/11 - 6:40:57] Chad Powers has logged out.
[2018/1/11 - 6:55:50] Draymond Woods has logged out.
[2018/1/11 - 7:55:45] Percy Jones has logged out.
[2018/1/11 - 8:25:39] Sammy Mccool has logged out.
[2018/1/11 - 8:32:40] Percy Jones has logged out.
[2018/1/11 - 8:58:51] Oiki Woods has logged out.
[2018/1/11 - 9:24:19] Sammy Mccool has logged out.
[2018/1/11 - 9:47:58] Oiki Woods has logged out.
[2018/1/11 - 9:57:02] Oiki Woods has logged out.
[2018/1/11 - 10:11:33] Franco Louis has logged out.
[2018/1/11 - 10:37:10] Clint Maddox has logged out.
[2018/1/11 - 10:48:15] Victor Brugal has logged out.
[2018/1/11 - 10:59:48] Big Poot Haris Jones (101273) (rank 5) has given Tazz Buenoh (1000622726) rank 4 (Blocc Star) in 1323 Market  Mobb (25).
[2018/1/11 - 11:00:10] Big Poot Haris Jones (101273) has set Tazz Buenoh's (1000622726) division to OG Killa in 1323 Market  Mobb (25).
[2018/1/11 - 11:06:03] Haris Jones has logged out.
[2018/1/11 - 11:20:25] Tazz Buenoh has logged out.
[2018/1/11 - 11:59:02] Victor Brugal has logged out.
[2018/1/11 - 12:10:41] Haris Jones has logged out.
[2018/1/11 - 12:31:32] Haris Jones has logged out.
[2018/1/11 - 12:51:17] Baby Crip Ryan Dunwich has lost connection.
[2018/1/11 - 12:58:18] Oiki Woods has logged out.
[2018/1/11 - 13:18:08] Crip Sammy Mccool has lost connection.
[2018/1/11 - 13:26:09] Ninou Fraiser has logged out.
[2018/1/11 - 13:27:11] Tifa Kusnetsov (1000397973) accepted HNIC Ninou Mofujohn's (137951) invite to join 1323 Market  Mobb (25).
[2018/1/11 - 13:31:07] Ninou Fraiser has logged out.
[2018/1/11 - 13:31:53] Tifa Kusnetsov has logged out.
[2018/1/11 - 13:35:29] HNIC Ninou Mofujohn (137951) (rank 6) has given Ryan Dunwich (1000526203) rank 1 (Lil\' Poot) in 1323 Market  Mobb (25).
[2018/1/11 - 13:38:14] Ninou Mofujohn has withdrawn 75000 materials from the safe.
[2018/1/11 - 13:39:08] Ninou Mofujohn has deposited 75000 materials into the safe.
[2018/1/11 - 13:39:14] Ninou Mofujohn has withdrawn 60 grams of Meth from the safe.
[2018/1/11 - 13:39:19] Ninou Mofujohn has withdrawn 60 grams of Ecstasy from the safe.
[2018/1/11 - 13:46:52] Mitch Makaveli has deposited 2000 materials into the safe.
[2018/1/11 - 13:51:47] Mitch Makaveli has withdrawn 2000 materials from the safe.
[2018/1/11 - 13:55:24] Ninou Mofujohn has withdrawn a Desert Eagle from the weapon locker (Cost: 5)
[2018/1/11 - 13:55:31] Ninou Mofujohn has withdrawn 40 grams of Ecstasy from the safe.
[2018/1/11 - 13:56:16] Tifa Kusnetsov has logged out.
[2018/1/11 - 13:56:56] Abe Abdel (1000348196) accepted Big Poot Clint Maddox's (887818) invite to join 1323 Market  Mobb (25).
[2018/1/11 - 13:57:18] Ninou Mofujohn has authorized Haris Jones to withdraw a Desert Eagle from the weapon locker (Cost: 5)
[2018/1/11 - 13:57:33] Clint Maddox has authorized Haris Jones to withdraw a Shotgun from the weapon locker (Cost: 3)
[2018/1/11 - 13:57:56] Clint Maddox has authorized Sammy Mccool to withdraw a Desert Eagle from the weapon locker (Cost: 5)
[2018/1/11 - 13:58:04] Clint Maddox has authorized Abe Abdel to withdraw a Desert Eagle from the weapon locker (Cost: 5)
[2018/1/11 - 13:58:13] Clint Maddox has authorized Ninou Fraiser to withdraw a Desert Eagle from the weapon locker (Cost: 5)
[2018/1/11 - 13:59:27] Haris Jones has authorized Alberto Rossi to withdraw a Desert Eagle from the weapon locker (Cost: 5)
[2018/1/11 - 14:01:17] Haris Jones has authorized Ninou Fraiser to withdraw a Shotgun from the weapon locker (Cost: 3)
[2018/1/11 - 14:09:01] Ninou Mofujohn has logged out.
[2018/1/11 - 14:11:36] Clint Maddox has authorized Sammy Mccool to withdraw a Desert Eagle from the weapon locker (Cost: 5)
[2018/1/11 - 14:12:01] Clint Maddox has authorized Ninou Fraiser to withdraw a Desert Eagle from the weapon locker (Cost: 5)
[2018/1/11 - 14:13:10] Lamar Whitman (146251) accepted HNIC Ninou Mofujohn's (137951) invite to join 1323 Market  Mobb (25).
[2018/1/11 - 14:13:10] HNIC Ninou Mofujohn (137951) (rank 6) has given Lamar Whitman (146251) rank 4 (Blocc Star) in 1323 Market  Mobb (25).
[2018/1/11 - 14:13:14] HNIC Ninou Mofujohn (137951) has set Lamar Whitman's (146251) division to Hustler in 1323 Market  Mobb (25).
[2018/1/11 - 14:14:53] Ninou Mofujohn has authorized Lamar Whitman to withdraw a Desert Eagle from the weapon locker (Cost: 5)
[2018/1/11 - 14:15:34] Ninou Mofujohn has authorized Ninou Fraiser to withdraw a Desert Eagle from the weapon locker (Cost: 5)
[2018/1/11 - 14:16:56] Ninou Mofujohn has logged out.
[2018/1/11 - 14:17:23] Clint Maddox has logged out.
[2018/1/11 - 14:20:41] Kivin Banderas (1000626409) accepted HNIC Ninou Mofujohn's (137951) invite to join 1323 Market  Mobb (25).
[2018/1/11 - 14:20:55] HNIC Ninou Mofujohn (137951) has set Ninou Fraiser's (1000592307) division to OG Killa in 1323 Market  Mobb (25).
[2018/1/11 - 14:22:33] Kivin Banderas has withdrawn a Silenced Colt .45 from the weapon locker (Cost: 2)
[2018/1/11 - 14:22:58] Haris Jones has authorized Kivin Banderas to withdraw a Desert Eagle from the weapon locker (Cost: 5)
[2018/1/11 - 14:25:36] Ninou Mofujohn has authorized Ninou Fraiser to withdraw a AK-47 from the weapon locker (Cost: 25)
[2018/1/11 - 14:29:53] Ninou Mofujohn has withdrawn a Desert Eagle from the weapon locker (Cost: 5)
[2018/1/11 - 14:30:09] Ninou Mofujohn has withdrawn 20 grams of Meth from the safe.
[2018/1/11 - 14:39:16] Baby Crip Abe Abdel has lost connection.
[2018/1/11 - 14:40:06] HNIC Ninou Mofujohn has lost connection.
[2018/1/11 - 14:50:35] Lamar Whitman has logged out.
[2018/1/11 - 14:51:00] Baby Crip Kivin Banderas has lost connection.
[2018/1/11 - 14:51:39] Ninou Fraiser has logged out.
[2018/1/11 - 14:52:06] Baby Crip Kivin Banderas has lost connection.
[2018/1/11 - 14:54:01] Hustla Blinky Kleinman has lost connection.
[2018/1/11 - 14:55:06] Alberto Rossi has logged out.
[2018/1/11 - 14:55:31] Haris Jones has authorized Ninou Fraiser to withdraw a Desert Eagle from the weapon locker (Cost: 5)
[2018/1/11 - 15:02:18] Blocc Star Alberto Rossi has lost connection.
[2018/1/11 - 15:03:01] Ninou Mofujohn has authorized Laquez Liang to withdraw a Desert Eagle from the weapon locker (Cost: 5)
[2018/1/11 - 15:06:07] Crip Carl Auden has lost connection.
[2018/1/11 - 15:10:34] Ninou Fraiser has logged out.
[2018/1/11 - 15:12:06] Ninou Mofujohn has authorized Haris Jones to withdraw a Desert Eagle from the weapon locker (Cost: 5)
[2018/1/11 - 15:12:10] Ninou Mofujohn has authorized Franco Louis to withdraw a Desert Eagle from the weapon locker (Cost: 5)
[2018/1/11 - 15:14:48] Ninou Mofujohn has authorized Haris Jones to withdraw a SPAS-12 from the weapon locker (Cost: 50)
[2018/1/11 - 15:16:06] Ninou Mofujohn has withdrawn a Sniper Rifle from the weapon locker (Cost: 75)
[2018/1/11 - 15:16:14] Ninou Mofujohn has withdrawn 60 grams of Meth from the safe.
[2018/1/11 - 15:16:19] Ninou Mofujohn has withdrawn 200 grams of Crack from the safe.
[2018/1/11 - 15:16:36] Nicole Trey has withdrawn a SPAS-12 from the weapon locker (Cost: 50)
[2018/1/11 - 15:17:51] Ninou Mofujohn has withdrawn a Sniper Rifle from the weapon locker (Cost: 75)
[2018/1/11 - 15:18:04] Ninou Mofujohn has authorized Franco Louis to withdraw a AK-47 from the weapon locker (Cost: 25)
[2018/1/11 - 15:18:20] Ninou Mofujohn has authorized Ryan Dunwich to withdraw a AK-47 from the weapon locker (Cost: 25)
[2018/1/11 - 15:25:52] Jackson Crenshaw (36021) has made Jackson Crenshaw (36021) the leader of the 1323 Market  Mobb.
[2018/1/11 - 15:26:09] HNIC Jackson Crenshaw (36021) (rank 6) has given Jackson Crenshaw (36021) rank 1 (Lil\' Poot) in 1323 Market  Mobb (25).
[2018/1/11 - 15:28:06] Tifa Kusnetsov has logged out.
[2018/1/11 - 15:28:33] Kivin Banderas has logged out.
[2018/1/11 - 15:30:40] Haris Jones has authorized Franco Louis to withdraw a Desert Eagle from the weapon locker (Cost: 5)
[2018/1/11 - 15:30:42] Lamar Whitman has logged out.
[2018/1/11 - 15:31:05] Clint Maddox has authorized Cody Mcwilliams to withdraw a Desert Eagle from the weapon locker (Cost: 5)
[2018/1/11 - 15:32:04] Benny Smith Wallace has authorized Cody Mcwilliams to withdraw a Shotgun from the weapon locker (Cost: 3)
[2018/1/11 - 15:32:06] Benny Smith Wallace has authorized David Kleinman to withdraw a Desert Eagle from the weapon locker (Cost: 5)
[2018/1/11 - 15:33:43] Laquez Liang has logged out.
[2018/1/11 - 15:35:23] Clint Maddox has authorized Carl Auden to withdraw a Desert Eagle from the weapon locker (Cost: 5)
[2018/1/11 - 15:43:15] Benny Smith Wallace has authorized Sammy Mccool to withdraw a Desert Eagle from the weapon locker (Cost: 5)
[2018/1/11 - 15:43:49] Benny Smith Wallace has authorized Lee Liang to withdraw a Desert Eagle from the weapon locker (Cost: 5)
[2018/1/11 - 15:45:17] Ninou Mofujohn has withdrawn 300 grams of Crack from the safe.
[2018/1/11 - 15:47:04] Ninou Mofujohn has authorized Lee Liang to withdraw a AK-47 from the weapon locker (Cost: 25)
[2018/1/11 - 15:48:41] David Kleinman has logged out.
[2018/1/11 - 15:49:12] Benny Smith Wallace has authorized Franco Louis to withdraw a AK-47 from the weapon locker (Cost: 25)
[2018/1/11 - 15:50:05] Hartax Blacker has logged out.
[2018/1/11 - 15:50:36] Baby Crip Franco Louis has lost connection.
[2018/1/11 - 15:52:47] Ninou Mofujohn has logged out.
[2018/1/11 - 15:53:50] Franco Louis has logged out.
[2018/1/11 - 15:55:14] Jake Dredd (1000626024) accepted Big Poot Haris Jones's (101273) invite to join 1323 Market  Mobb (25).
[2018/1/11 - 15:56:38] Benny Smith Wallace has authorized Jake Dredd to withdraw a Desert Eagle from the weapon locker (Cost: 5)
[2018/1/11 - 15:57:44] Brader Djakarta has logged out.
[2018/1/11 - 16:00:18] Jamal Hooligan has logged out.
[2018/1/11 - 16:02:09] Ninou Mofujohn has withdrawn a Desert Eagle from the weapon locker (Cost: 5)
[2018/1/11 - 16:02:10] Ninou Mofujohn has withdrawn a SPAS-12 from the weapon locker (Cost: 50)
[2018/1/11 - 16:02:12] Benny Smith Wallace has authorized Alberto Rossi to withdraw a Desert Eagle from the weapon locker (Cost: 5)
[2018/1/11 - 16:02:37] Haris Jones has authorized Sammy Mccool to withdraw a Desert Eagle from the weapon locker (Cost: 5)
[2018/1/11 - 16:04:13] Ninou Mofujohn has deposited a SPAS-12 into the locker.
[2018/1/11 - 16:04:17] Franco Louis has logged out.
[2018/1/11 - 16:04:20] Ninou Mofujohn has withdrawn a Sniper Rifle from the weapon locker (Cost: 75)
[2018/1/11 - 16:04:22] Lee Liang has logged out.
[2018/1/11 - 16:04:23] Ninou Mofujohn has authorized Clint Maddox to withdraw a SPAS-12 from the weapon locker (Cost: 50)
[2018/1/11 - 16:04:26] Ninou Mofujohn has authorized Haris Jones to withdraw a Sniper Rifle from the weapon locker (Cost: 75)
[2018/1/11 - 16:04:26] Clint Maddox has authorized Carl Auden to withdraw a Desert Eagle from the weapon locker (Cost: 5)
[2018/1/11 - 16:04:39] Ninou Mofujohn has authorized Jake Dredd to withdraw a AK-47 from the weapon locker (Cost: 25)
[2018/1/11 - 16:04:40] Ninou Mofujohn has authorized Sammy Mccool to withdraw a AK-47 from the weapon locker (Cost: 25)
[2018/1/11 - 16:04:54] Benny Smith Wallace has authorized Cody Mcwilliams to withdraw a Desert Eagle from the weapon locker (Cost: 5)
[2018/1/11 - 16:04:58] Clint Maddox has authorized Ryan Dunwich to withdraw a M4A1 from the weapon locker (Cost: 35)
[2018/1/11 - 16:06:10] Clint Maddox has authorized David Kleinman to withdraw a AK-47 from the weapon locker (Cost: 25)
[2018/1/11 - 16:09:37] Ninou Mofujohn has withdrawn a Desert Eagle from the weapon locker (Cost: 5)
[2018/1/11 - 16:09:39] Ninou Mofujohn has withdrawn a Sniper Rifle from the weapon locker (Cost: 75)
[2018/1/11 - 16:09:44] Ninou Mofujohn has withdrawn 60 grams of Meth from the safe.
[2018/1/11 - 16:16:13] Jamal Hooligan has logged out.
[2018/1/11 - 16:17:24] Thomas Destriza (1000626862) accepted Big Poot Benny Smith Wallace's (1000023930) invite to join 1323 Market  Mobb (25).
[2018/1/11 - 16:17:32] Haris Jones has authorized Jake Dredd to withdraw a Desert Eagle from the weapon locker (Cost: 5)
[2018/1/11 - 16:18:12] Clint Maddox has authorized Alberto Rossi to withdraw a SPAS-12 from the weapon locker (Cost: 50)
[2018/1/11 - 16:18:38] Haris Jones has authorized Jake Dredd to withdraw a SPAS-12 from the weapon locker (Cost: 50)
[2018/1/11 - 16:19:17] Cody Mcwilliams has logged out.
[2018/1/11 - 16:24:09] Jenson Lee (1000619196) accepted Big Poot Haris Jones's (101273) invite to join 1323 Market  Mobb (25).
[2018/1/11 - 16:26:45] Benny Smith Wallace has authorized Laquez Liang to withdraw a Desert Eagle from the weapon locker (Cost: 5)
[2018/1/11 - 16:27:31] Ninou Mofujohn has authorized Carl Auden to withdraw a AK-47 from the weapon locker (Cost: 25)
[2018/1/11 - 16:27:32] Benny Smith Wallace has authorized Danilo Buenoh to withdraw a Desert Eagle from the weapon locker (Cost: 5)
[2018/1/11 - 16:27:54] Big Poot Haris Jones (101273) (rank 5) has given Jake Dredd (1000626024) rank 2 (Crip) in 1323 Market  Mobb (25).
[2018/1/11 - 16:28:04] Ninou Mofujohn has authorized Sammy Mccool to withdraw a Desert Eagle from the weapon locker (Cost: 5)
[2018/1/11 - 16:29:44] Brandon Volkoff has logged out.
[2018/1/11 - 16:31:09] Benny Smith Wallace has authorized Brandon Volkoff to withdraw a Desert Eagle from the weapon locker (Cost: 5)
[2018/1/11 - 16:31:40] Ninou Mofujohn has authorized Jake Dredd to withdraw a Desert Eagle from the weapon locker (Cost: 5)
[2018/1/11 - 16:32:45] Benny Smith Wallace has authorized Lee Liang to withdraw a AK-47 from the weapon locker (Cost: 25)
[2018/1/11 - 16:33:55] Ninou Mofujohn has authorized Oiki Woods to withdraw a Desert Eagle from the weapon locker (Cost: 5)
[2018/1/11 - 16:34:34] Haris Jones has authorized Jake Dredd to withdraw a M4A1 from the weapon locker (Cost: 35)
[2018/1/11 - 16:39:44] Benny Smith Wallace has authorized Jenson Lee to withdraw a Desert Eagle from the weapon locker (Cost: 5)
[2018/1/11 - 16:40:38] Jenson Lee has withdrawn a Silenced Colt .45 from the weapon locker (Cost: 2)
[2018/1/11 - 16:41:17] Thyson Kleinman has withdrawn 200 grams of Crack from the safe.
[2018/1/11 - 16:42:05] Ninou Mofujohn has authorized Franco Louis to withdraw a AK-47 from the weapon locker (Cost: 25)
[2018/1/11 - 16:42:07] Ninou Mofujohn has authorized Jenson Lee to withdraw a SPAS-12 from the weapon locker (Cost: 50)
[2018/1/11 - 16:42:15] Thyson Kleinman has authorized Haris Jones to withdraw a Sniper Rifle from the weapon locker (Cost: 75)
[2018/1/11 - 16:42:19] Franco Louis has withdrawn a Silenced Colt .45 from the weapon locker (Cost: 2)
[2018/1/11 - 16:42:46] Ninou Mofujohn has authorized Brandon Volkoff to withdraw a AK-47 from the weapon locker (Cost: 25)
[2018/1/11 - 16:43:05] Benny Smith Wallace has authorized Franco Louis to withdraw a SPAS-12 from the weapon locker (Cost: 50)
[2018/1/11 - 16:43:07] Benny Smith Wallace has authorized Ryan Dunwich to withdraw a SPAS-12 from the weapon locker (Cost: 50)
[2018/1/11 - 16:43:30] Benny Smith Wallace has authorized Thyson Kleinman to withdraw a SPAS-12 from the weapon locker (Cost: 50)
[2018/1/11 - 16:43:58] Benny Smith Wallace has authorized David Kleinman to withdraw a SPAS-12 from the weapon locker (Cost: 50)
[2018/1/11 - 16:43:58] Benny Smith Wallace has authorized Alberto Rossi to withdraw a SPAS-12 from the weapon locker (Cost: 50)
[2018/1/11 - 16:44:01] Benny Smith Wallace has authorized Sammy Mccool to withdraw a SPAS-12 from the weapon locker (Cost: 50)
[2018/1/11 - 16:44:05] Benny Smith Wallace has authorized Jenson Lee to withdraw a Desert Eagle from the weapon locker (Cost: 5)
[2018/1/11 - 16:44:11] David Kleinman has logged out.
[2018/1/11 - 16:44:14] Benny Smith Wallace has authorized Danilo Buenoh to withdraw a SPAS-12 from the weapon locker (Cost: 50)
[2018/1/11 - 16:44:26] Benny Smith Wallace has authorized Brandon Volkoff to withdraw a SPAS-12 from the weapon locker (Cost: 50)
[2018/1/11 - 16:44:50] Benny Smith Wallace has authorized Carl Auden to withdraw a SPAS-12 from the weapon locker (Cost: 50)
[2018/1/11 - 16:45:16] Benny Smith Wallace has authorized Danilo Buenoh to withdraw a SPAS-12 from the weapon locker (Cost: 50)
[2018/1/11 - 16:45:41] Benny Smith Wallace has authorized Lee Liang to withdraw a SPAS-12 from the weapon locker (Cost: 50)
[2018/1/11 - 16:47:13] Nicole Trey has logged out.
[2018/1/11 - 16:47:21] Clint Maddox has authorized Benny Smith Wallace to withdraw a SPAS-12 from the weapon locker (Cost: 50)
[2018/1/11 - 16:47:31] Clint Maddox has authorized Thyson Kleinman to withdraw a AK-47 from the weapon locker (Cost: 25)
[2018/1/11 - 16:48:09] Haris Jones has logged out.
[2018/1/11 - 16:49:16] Benny Smith Wallace has authorized Blinky Kleinman to withdraw a SPAS-12 from the weapon locker (Cost: 50)
[2018/1/11 - 16:50:08] Benny Smith Wallace has authorized Oiki Woods to withdraw a SPAS-12 from the weapon locker (Cost: 50)
[2018/1/11 - 16:50:12] Benny Smith Wallace has authorized Jake Dredd to withdraw a SPAS-12 from the weapon locker (Cost: 50)
[2018/1/11 - 16:52:17] Ryan Dunwich has deposited a M4A1 into the locker.
[2018/1/11 - 16:52:21] Benny Smith Wallace has authorized Lee Liang to withdraw a SPAS-12 from the weapon locker (Cost: 50)
[2018/1/11 - 16:52:29] Lee Liang has deposited a AK-47 into the locker.
[2018/1/11 - 16:52:34] David Kleinman has deposited a AK-47 into the locker.
[2018/1/11 - 16:56:06] Steve Mofujohn has withdrawn a Desert Eagle from the weapon locker (Cost: 5)
[2018/1/11 - 16:56:08] Steve Mofujohn has withdrawn a SPAS-12 from the weapon locker (Cost: 50)
[2018/1/11 - 16:56:41] Benny Smith Wallace has authorized Tazz Buenoh to withdraw a Desert Eagle from the weapon locker (Cost: 5)
[2018/1/11 - 17:00:18] Clint Maddox has authorized Ryan Dunwich to withdraw a Desert Eagle from the weapon locker (Cost: 5)
[2018/1/11 - 17:00:39] Clint Maddox has authorized Thyson Kleinman to withdraw a Desert Eagle from the weapon locker (Cost: 5)
[2018/1/11 - 17:00:41] Clint Maddox has authorized Franco Louis to withdraw a Desert Eagle from the weapon locker (Cost: 5)
[2018/1/11 - 17:01:03] Clint Maddox has authorized Jenson Lee to withdraw a Desert Eagle from the weapon locker (Cost: 5)
[2018/1/11 - 17:01:13] HNIC Steve Mofujohn (16222) (rank 6) has uninvited Lee Liang (1000262376) (rank 4) from 1323 Market  Mobb (25).
[2018/1/11 - 17:01:33] Ryan Dunwich has logged out.
[2018/1/11 - 17:01:36] Clint Maddox has authorized Sammy Mccool to withdraw a Desert Eagle from the weapon locker (Cost: 5)
[2018/1/11 - 17:01:37] Haris Jones has logged out.
[2018/1/11 - 17:01:49] Jake Dredd has logged out.
[2018/1/11 - 17:01:54] Carl Auden has logged out.
[2018/1/11 - 17:02:11] Big Poot Benny Smith Wallace has lost connection.
[2018/1/11 - 17:04:46] Lee Liang (1000262376) accepted HNIC Ninou Mofujohn's (137951) invite to join 1323 Market  Mobb (25).
[2018/1/11 - 17:04:53] HNIC Ninou Mofujohn (137951) (rank 6) has given Lee Liang (1000262376) rank 4 (Blocc Star) in 1323 Market  Mobb (25).
[2018/1/11 - 17:05:09] Blinky Kleinman has logged out.
[2018/1/11 - 17:07:09] HNIC Steve Mofujohn has lost connection.
[2018/1/11 - 17:07:36] Benny Smith Wallace has authorized Lee Liang to withdraw a Desert Eagle from the weapon locker (Cost: 5)
[2018/1/11 - 17:09:03] Ninou Mofujohn has deposited a Sniper Rifle into the locker.
[2018/1/11 - 17:09:44] Ninou Mofujohn has withdrawn $1,000,000 from the safe.
[2018/1/11 - 17:10:23] Alberto Rossi has logged out.
[2018/1/11 - 17:13:02] Crip Sammy Mccool has lost connection.
[2018/1/11 - 17:13:17] Benny Smith Wallace has authorized Cody Mcwilliams to withdraw a SPAS-12 from the weapon locker (Cost: 50)
[2018/1/11 - 17:14:19] Thomas Destriza has logged out.
[2018/1/11 - 17:20:36] Blinky Kleinman has logged out.
[2018/1/11 - 17:20:57] Clint Maddox has logged out.
[2018/1/11 - 17:23:38] Maksy Volkoff has withdrawn a Silenced Colt .45 from the weapon locker (Cost: 2)
[2018/1/11 - 17:23:53] Ninou Mofujohn has authorized Cody Mcwilliams to withdraw a Desert Eagle from the weapon locker (Cost: 5)
[2018/1/11 - 17:23:55] David Kleinman has logged out.
[2018/1/11 - 17:24:22] Benny Smith Wallace has logged out.
[2018/1/11 - 17:25:28] Lee Liang has logged out.
[2018/1/11 - 17:25:34] Ninou Mofujohn has logged out.
[2018/1/11 - 17:25:59] Blinky Kleinman has logged out.
[2018/1/11 - 17:26:02] Sammy Mccool has logged out.
[2018/1/11 - 17:31:52] Thyson Kleinman has authorized Blinky Kleinman to withdraw a Desert Eagle from the weapon locker (Cost: 5)
[2018/1/11 - 17:31:55] Thyson Kleinman has authorized Jenson Lee to withdraw a Desert Eagle from the weapon locker (Cost: 5)
[2018/1/11 - 17:32:25] Thyson Kleinman has authorized David Kleinman to withdraw a Desert Eagle from the weapon locker (Cost: 5)
[2018/1/11 - 17:32:32] Thyson Kleinman has authorized Maksy Volkoff to withdraw a Desert Eagle from the weapon locker (Cost: 5)
[2018/1/11 - 17:32:44] Blinky Kleinman has logged out.
[2018/1/11 - 17:33:05] Seth Zutar has logged out.
[2018/1/11 - 17:33:17] Jake Dredd has logged out.
[2018/1/11 - 17:33:57] Blinky Kleinman has logged out.
[2018/1/11 - 17:35:04] Blinky Kleinman has logged out.
[2018/1/11 - 17:37:17] Thyson Kleinman has authorized Ninou Fraiser to withdraw a Desert Eagle from the weapon locker (Cost: 5)
[2018/1/11 - 17:37:36] Thyson Kleinman has authorized Tazz Buenoh to withdraw a Desert Eagle from the weapon locker (Cost: 5)
[2018/1/11 - 17:38:20] Blinky Kleinman has logged out.
[2018/1/11 - 17:39:42] Cody Mcwilliams has logged out.
[2018/1/11 - 17:41:16] Nicole Trey has logged in.
[2018/1/11 - 17:41:40] Laquez Liang has logged out.
[2018/1/11 - 17:42:47] Blinky Kleinman has logged out.
[2018/1/11 - 17:48:11] Blinky Kleinman has logged out.
[2018/1/11 - 17:48:48] Ninou Fraiser has logged out.
[2018/1/11 - 17:50:04] Thyson Kleinman has logged out.
[2018/1/11 - 17:50:18] Haris Jones has authorized Jake Dredd to withdraw a Desert Eagle from the weapon locker (Cost: 5)
[2018/1/11 - 17:50:47] Jake Dredd has logged out.
[2018/1/11 - 17:51:05] Blinky Kleinman has logged out.
[2018/1/11 - 17:52:37] Haris Jones has authorized Jake Dredd to withdraw a Sniper Rifle from the weapon locker (Cost: 75)
[2018/1/11 - 17:52:46] Haris Jones has logged out.
[2018/1/11 - 17:59:22] Maksy Volkoff has withdrawn a Silenced Colt .45 from the weapon locker (Cost: 2)
[2018/1/11 - 18:06:19] Cody Mcwilliams has logged out.
[2018/1/11 - 18:06:56] Brandon Volkoff has logged out.
[2018/1/11 - 18:09:58] Mitch Makaveli (36021) has quit the 1323 Market  Mobb as a rank 6
[2018/1/11 - 18:13:04] Franco Louis has logged out.
[2018/1/11 - 18:17:21] Maksy Volkoff has logged out.
[2018/1/11 - 18:20:16] Sammy Mccool has logged out.
[2018/1/11 - 18:26:26] Baby Crip Oiki Woods has lost connection.
[2018/1/11 - 18:33:48] Jake Dredd has logged out.
[2018/1/11 - 18:34:27] Hartax Blacker has logged out.
[2018/1/11 - 18:46:42] Carl Auden has logged out.
[2018/1/11 - 18:50:24] Crip David Kleinman has lost connection.
[2018/1/11 - 18:53:27] Clint Maddox has authorized Tazz Buenoh to withdraw a Desert Eagle from the weapon locker (Cost: 5)
[2018/1/11 - 18:56:12] Clint Maddox has authorized David Kleinman to withdraw a Desert Eagle from the weapon locker (Cost: 5)
[2018/1/11 - 19:00:13] Benny Smith Wallace has logged out.
[2018/1/11 - 19:00:49] Jenson Lee has logged out.
[2018/1/11 - 19:06:10] Oiki Woods has logged out.
[2018/1/11 - 19:13:54] Clint Maddox has authorized Carl Auden to withdraw a Desert Eagle from the weapon locker (Cost: 5)
[2018/1/11 - 19:24:14] Thyson Kleinman has authorized Carl Auden to withdraw a Desert Eagle from the weapon locker (Cost: 5)
[2018/1/11 - 19:27:54] Clint Maddox has logged out.
[2018/1/11 - 19:37:02] David Kleinman has logged out.
[2018/1/11 - 19:38:08] Big Poot Thyson Kleinman has lost connection.
[2018/1/11 - 19:46:12] Rafed Kleinman has logged out.
[2018/1/11 - 19:48:06] Carl Auden has logged out.
[2018/1/11 - 19:50:14] Rafed Kleinman has logged out.
[2018/1/11 - 19:57:11] Oiki Woods has logged out.
[2018/1/11 - 19:58:35] Draymond Woods has logged out.
[2018/1/11 - 19:59:51] Lee Liang has logged out.
[2018/1/11 - 20:02:31] Tazz Buenoh has logged out.
[2018/1/11 - 20:21:55] Baby Crip Rafed Kleinman has lost connection.
[2018/1/11 - 20:23:43] Rafed Kleinman has logged out.
[2018/1/11 - 20:26:11] Lee Liang has logged out.
[2018/1/11 - 20:33:59] Lee Liang has logged out.
[2018/1/11 - 20:38:58] Lee Liang has logged out.
[2018/1/11 - 20:40:41] Lee Liang has logged out.
[2018/1/11 - 20:47:11] Lee Liang has logged out.
[2018/1/11 - 20:49:08] Blocc Star Lee Liang has lost connection.
[2018/1/11 - 20:49:48] Laquez Liang has logged out.
[2018/1/11 - 20:52:06] Big Poot Thyson Kleinman has lost connection.
[2018/1/11 - 20:54:08] Lamar Whitman has logged out.
[2018/1/11 - 20:54:21] Blocc Star Lee Liang has lost connection.
[2018/1/11 - 20:56:03] David Kleinman has logged out.
[2018/1/11 - 21:04:04] Blocc Star Lee Liang has lost connection.
[2018/1/11 - 21:06:28] Thyson Kleinman has authorized Lee Liang to withdraw a AK-47 from the weapon locker (Cost: 25)
[2018/1/11 - 21:08:26] Sammy Mccool has logged out.
[2018/1/11 - 21:10:16] Thyson Kleinman has authorized Jenson Lee to withdraw a Desert Eagle from the weapon locker (Cost: 5)
[2018/1/11 - 21:11:07] Thyson Kleinman has withdrawn 500 grams of Pot from the safe.
[2018/1/11 - 21:11:15] Thyson Kleinman has withdrawn 644 grams of Crack from the safe.
[2018/1/11 - 21:11:27] Thyson Kleinman has withdrawn 500 grams of Heroin from the safe.
[2018/1/11 - 21:11:37] Thyson Kleinman has withdrawn 200 grams of Meth from the safe.
[2018/1/11 - 21:11:44] Thyson Kleinman has withdrawn 200 grams of Ecstasy from the safe.
[2018/1/11 - 21:11:49] Thyson Kleinman has authorized Lee Liang to withdraw a Desert Eagle from the weapon locker (Cost: 5)
[2018/1/11 - 21:13:05] Thyson Kleinman has authorized Abe Abdel to withdraw a Desert Eagle from the weapon locker (Cost: 5)
[2018/1/11 - 21:15:35] Thyson Kleinman has logged out.
[2018/1/11 - 21:16:08] Jenson Lee has logged out.
[2018/1/11 - 21:17:09] Brandon Volkoff has logged out.
[2018/1/11 - 21:18:43] Blocc Star Lee Liang has lost connection.
[2018/1/11 - 21:18:43] Lil\' Poot Chad Powers has lost connection.
[2018/1/11 - 21:22:47] Lee Liang has logged out.
[2018/1/11 - 21:25:37] Lamar Whitman (146251) has quit the 1323 Market  Mobb as a rank 4
[2018/1/11 - 21:26:05] Thyson Kleinman has authorized Chad Powers to withdraw a Desert Eagle from the weapon locker (Cost: 5)
[2018/1/11 - 21:31:38] Baby Crip Abe Abdel has lost connection.
[2018/1/11 - 21:35:31] Oiki Woods has logged out.
[2018/1/11 - 21:36:43] Percy Jones has logged out.
[2018/1/11 - 21:37:18] Harry Lopez (1000625607) accepted Big Poot Benny Smith Wallace's (1000023930) invite to join 1323 Market  Mobb (25).
[2018/1/11 - 21:37:59] Benny Smith Wallace has authorized Brandon Volkoff to withdraw a Desert Eagle from the weapon locker (Cost: 5)
[2018/1/11 - 21:38:01] Thyson Kleinman has authorized Benny Smith Wallace to withdraw a Desert Eagle from the weapon locker (Cost: 5)
[2018/1/11 - 21:38:11] Benny Smith Wallace has authorized Harry Lopez to withdraw a Desert Eagle from the weapon locker (Cost: 5)
[2018/1/11 - 21:38:12] Benny Smith Wallace has authorized Chad Powers to withdraw a Desert Eagle from the weapon locker (Cost: 5)
[2018/1/11 - 21:39:19] Thyson Kleinman has authorized Benny Smith Wallace to withdraw a Shotgun from the weapon locker (Cost: 3)
[2018/1/11 - 21:39:32] Lil\' Poot Chad Powers has lost connection.
[2018/1/11 - 21:42:28] Benny Smith Wallace has logged out.
[2018/1/11 - 21:46:26] Oiki Woods (1000626792) has quit the 1323 Market  Mobb as a rank 0
[2018/1/11 - 21:47:41] Benny Smith Wallace has authorized Chad Powers to withdraw a Shotgun from the weapon locker (Cost: 3)
[2018/1/11 - 21:49:09] Brader Djakarta has logged out.
[2018/1/11 - 21:49:23] Lil\' Poot Chad Powers has lost connection.
[2018/1/11 - 21:51:57] Harry Lopez has logged out.
[2018/1/11 - 21:53:38] Danilo Buenoh (1000397337) has quit the 1323 Market  Mobb as a rank 4
[2018/1/11 - 21:55:56] Sammy Mccool has logged out.
[2018/1/11 - 21:56:46] Draymond Woods (1000626470) has quit the 1323 Market  Mobb as a rank 1
[2018/1/11 - 21:58:27] Hartax Blacker has logged out.
[2018/1/11 - 22:03:21] Thyson Kleinman (1000130640) has quit the 1323 Market  Mobb as a rank 5
[2018/1/11 - 22:05:56] Benny Smith Wallace has authorized Alberto Rossi to withdraw a Desert Eagle from the weapon locker (Cost: 5)
[2018/1/11 - 22:11:18] Blocc Star Hartax Blacker has lost connection.
[2018/1/11 - 22:15:20] Benny Smith Wallace has authorized Maksy Volkoff to withdraw a Desert Eagle from the weapon locker (Cost: 5)
[2018/1/11 - 22:15:23] Chad Powers has logged out.
[2018/1/11 - 22:15:48] David Kleinman has logged out.
[2018/1/11 - 22:18:17] Harry Lopez has logged out.
[2018/1/11 - 22:18:42] Sammy Mccool has logged out.
[2018/1/11 - 22:19:58] Benny Smith Wallace has authorized Alberto Rossi to withdraw a Desert Eagle from the weapon locker (Cost: 5)
[2018/1/11 - 22:21:39] Benny Smith Wallace has authorized Brandon Volkoff to withdraw a Desert Eagle from the weapon locker (Cost: 5)
[2018/1/11 - 22:22:20] Benny Smith Wallace has authorized Maksy Volkoff to withdraw a Desert Eagle from the weapon locker (Cost: 5)
[2018/1/11 - 22:22:33] Benny Smith Wallace has logged out.
[2018/1/11 - 22:32:21] Blocc Star Alberto Rossi has lost connection.
[2018/1/11 - 22:33:38] David Kleinman has logged out.
[2018/1/11 - 22:37:18] Maksy Volkoff has logged out.
[2018/1/11 - 22:38:13] Rafed Kleinman has logged out.
[2018/1/11 - 22:53:18] Brandon Volkoff has withdrawn a Silenced Colt .45 from the weapon locker (Cost: 2)
[2018/1/11 - 23:13:36] Brandon Volkoff has withdrawn a Silenced Colt .45 from the weapon locker (Cost: 2)
[2018/1/11 - 23:13:43] Alberto Rossi has logged out.
[2018/1/11 - 23:22:49] Brandon Volkoff has withdrawn a Silenced Colt .45 from the weapon locker (Cost: 2)
[2018/1/11 - 23:35:28] Brandon Volkoff has logged out.
[2018/1/11 - 23:37:49] Lee Liang has logged out.
[2018/1/11 - 23:45:26] Scotty Cain has logged out.
[2018/1/11 - 23:50:47] David Kleinman has logged out.
