[2018/1/6 - 0:00:13] HNIC Ninou Mofujohn has lost connection.
[2018/1/6 - 0:00:48] Ninou Mofujohn has logged in.
[2018/1/6 - 0:04:22] Benny Smith Wallace has logged out.
[2018/1/6 - 0:10:29] Logan T Deer has logged out.
[2018/1/6 - 0:14:05] HNIC Ninou Mofujohn has lost connection.
[2018/1/6 - 0:14:12] Joe Flleming has logged out.
[2018/1/6 - 0:18:46] Ninou Mofujohn has logged in.
[2018/1/6 - 0:24:30] Fezzani Williams has logged out.
[2018/1/6 - 0:24:56] Percy Jones has logged out.
[2018/1/6 - 0:25:36] Percy Jones has logged in.
[2018/1/6 - 0:26:52] Ninou Mofujohn has logged out.
[2018/1/6 - 0:27:31] Ninou Mofujohn has logged in.
[2018/1/6 - 0:28:36] Joe Flleming has logged in.
[2018/1/6 - 0:28:48] Steve Mofujohn has logged out.
[2018/1/6 - 0:28:53] Logan Johnson Wright has logged out.
[2018/1/6 - 0:30:06] Ninou Mofujohn has withdrawn 100 grams of Crack from the safe.
[2018/1/6 - 0:33:15] Jake Ginobi (116321) accepted HNIC Ninou Mofujohn's (137951) invite to join 1323 Market  Mobb (25).
[2018/1/6 - 0:33:26] HNIC Ninou Mofujohn (137951) has set Jake Ginobi's (116321) division to Hangout in 1323 Market  Mobb (25).
[2018/1/6 - 0:33:42] HNIC Ninou Mofujohn (137951) has set Percy Jones's (1000597291) division to OG Killa in 1323 Market  Mobb (25).
[2018/1/6 - 0:33:43] Mac Hooligan Maddox has logged in.
[2018/1/6 - 0:33:45] HNIC Ninou Mofujohn (137951) (rank 6) has given Percy Jones (1000597291) rank 1 (Lil\' Poot) in 1323 Market  Mobb (25).
[2018/1/6 - 0:34:13] HNIC Ninou Mofujohn (137951) has set Maksy Volkoff's (1000625996) division to Hangout in 1323 Market  Mobb (25).
[2018/1/6 - 0:37:05] Logan Johnson Wright has logged in.
[2018/1/6 - 0:42:59] Logan Johnson Wright has logged out.
[2018/1/6 - 0:44:37] Logan Johnson Wright has logged in.
[2018/1/6 - 0:48:02] Clint Maddox has logged in.
[2018/1/6 - 0:50:19] Ninou Mofujohn has withdrawn 100 grams of Crack from the safe.
[2018/1/6 - 0:50:56] Logan Johnson Wright has logged out.
[2018/1/6 - 0:51:14] Mac Hooligan Maddox has logged out.
[2018/1/6 - 0:51:32] Logan T Deer has logged in.
[2018/1/6 - 0:51:45] Logan Johnson Wright has logged in.
[2018/1/6 - 0:53:26] Logan Johnson Wright has logged out.
[2018/1/6 - 0:54:00] Maksy Volkoff has logged out.
[2018/1/6 - 0:54:24] Logan Johnson Wright has logged in.
[2018/1/6 - 0:55:53] Mac Hooligan Maddox has logged in.
[2018/1/6 - 0:59:01] Ninou Mofujohn has withdrawn 100 grams of Crack from the safe.
[2018/1/6 - 0:59:24] Scotty Cain has logged in.
[2018/1/6 - 0:59:26] Logan T Deer has logged out.
[2018/1/6 - 1:01:48] Mac Hooligan Maddox has logged out.
[2018/1/6 - 1:03:36] Mac Hooligan Maddox has logged in.
[2018/1/6 - 1:08:50] Jake Ginobi has logged out.
[2018/1/6 - 1:09:38] Crip Mac Hooligan Maddox has lost connection.
[2018/1/6 - 1:09:40] HNIC Ninou Mofujohn (137951) (rank 6) has given Clint Maddox (887818) rank 0 (Baby Crip) in 1323 Market  Mobb (25).
[2018/1/6 - 1:10:10] Mac Hooligan Maddox has logged in.
[2018/1/6 - 1:10:15] Mac Hooligan Maddox has logged out.
[2018/1/6 - 1:10:41] HNIC Ninou Mofujohn (137951) (rank 6) has given Joe Flleming (1000087611) rank 5 (Big Poot) in 1323 Market  Mobb (25).
[2018/1/6 - 1:11:03] HNIC Ninou Mofujohn (137951) (rank 6) has given Joe Flleming (1000087611) rank 4 (Blocc Star) in 1323 Market  Mobb (25).
[2018/1/6 - 1:11:09] HNIC Ninou Mofujohn (137951) (rank 6) has given Clint Maddox (887818) rank 5 (Big Poot) in 1323 Market  Mobb (25).
[2018/1/6 - 1:12:53] Logan Johnson Wright has logged out.
[2018/1/6 - 1:29:53] Clint Maddox has logged out.
[2018/1/6 - 1:30:57] Ninou Mofujohn has logged out.
[2018/1/6 - 1:45:47] Joe Flleming has logged out.
[2018/1/6 - 1:46:06] Vladmir Glasscock has logged in.
[2018/1/6 - 1:47:57] Vladmir Glasscock has logged out.
[2018/1/6 - 1:54:01] Ninou Mofujohn has logged in.
[2018/1/6 - 1:55:47] Ninou Mofujohn has withdrawn 20 grams of Ecstasy from the safe.
[2018/1/6 - 2:05:59] Ninou Mofujohn has withdrawn 60 grams of Ecstasy from the safe.
[2018/1/6 - 2:10:02] Clint Maddox has logged in.
[2018/1/6 - 2:17:43] Percy Jones has logged out.
[2018/1/6 - 2:18:40] Percy Jones has logged in.
[2018/1/6 - 2:42:28] Clint Maddox has logged out.
[2018/1/6 - 2:49:43] Baby Crip Scotty Cain has lost connection.
[2018/1/6 - 2:49:59] Ninou Mofujohn has withdrawn 20 grams of Ecstasy from the safe.
[2018/1/6 - 2:53:42] Tyler De La Mofujohn has logged in.
[2018/1/6 - 2:54:53] Percy Jones has logged out.
[2018/1/6 - 2:58:41] Scotty Cain has logged in.
[2018/1/6 - 2:59:35] Ninou Mofujohn has withdrawn 20 grams of Ecstasy from the safe.
[2018/1/6 - 2:59:58] Ninou Mofujohn has withdrawn 3000 materials from the safe.
[2018/1/6 - 3:00:26] Percy Jones has logged in.
[2018/1/6 - 3:00:59] Percy Jones has logged out.
[2018/1/6 - 3:01:40] Percy Jones has logged in.
[2018/1/6 - 3:07:13] Jaxson Teller (1000625237) accepted HNIC Ninou Mofujohn's (137951) invite to join 1323 Market  Mobb (25).
[2018/1/6 - 3:07:59] HNIC Ninou Mofujohn (137951) has set Jaxson Teller's (1000625237) division to Hangout in 1323 Market  Mobb (25).
[2018/1/6 - 3:08:47] Jaxson Teller has logged out.
[2018/1/6 - 3:09:14] Maksy Volkoff has logged in.
[2018/1/6 - 3:10:20] Chad Lockheart has logged in.
[2018/1/6 - 3:13:40] Tyler De La Mofujohn has logged out.
[2018/1/6 - 3:17:42] Ninou Mofujohn has withdrawn 20 grams of Ecstasy from the safe.
[2018/1/6 - 3:21:25] Jaxson Teller has logged in.
[2018/1/6 - 3:22:03] Neo Ryders (72655) accepted HNIC Ninou Mofujohn's (137951) invite to join 1323 Market  Mobb (25).
[2018/1/6 - 3:22:43] Percy Jones has logged in.
[2018/1/6 - 3:30:03] Neo Ryders has logged out.
[2018/1/6 - 3:35:01] Ninou Mofujohn has logged out.
[2018/1/6 - 3:37:04] Chad Lockheart has logged out.
[2018/1/6 - 3:37:06] Maksy Volkoff has logged out.
[2018/1/6 - 3:38:56] Scotty Cain has logged out.
[2018/1/6 - 3:40:05] Scotty Cain has logged in.
[2018/1/6 - 3:47:30] Chad Lockheart has logged in.
[2018/1/6 - 3:49:02] Chad Lockheart has logged out.
[2018/1/6 - 3:49:12] Pepito Wing has logged in.
[2018/1/6 - 3:58:23] Jaxson Teller has logged out.
[2018/1/6 - 4:10:35] Seth Zutar has logged in.
[2018/1/6 - 4:24:53] Scotty Cain has logged out.
[2018/1/6 - 4:25:44] Scotty Cain has logged in.
[2018/1/6 - 4:35:14] Chad Lockheart has logged in.
[2018/1/6 - 4:36:32] Lil\' Poot Percy Jones has lost connection.
[2018/1/6 - 4:37:27] Percy Jones has logged in.
[2018/1/6 - 4:45:29] Logan T Deer has logged in.
[2018/1/6 - 4:51:23] Ai Chan has logged in.
[2018/1/6 - 4:51:36] Seth Zutar has logged out.
[2018/1/6 - 4:52:39] Logan Johnson Wright has logged in.
[2018/1/6 - 4:53:35] Seth Zutar has logged in.
[2018/1/6 - 4:55:12] Seth Zutar has logged out.
[2018/1/6 - 4:56:39] Seth Zutar has logged in.
[2018/1/6 - 4:57:11] Raka Wardhana has logged in.
[2018/1/6 - 5:00:41] Lil\' Poot Pepito Wing has lost connection.
[2018/1/6 - 5:01:14] Pepito Wing has logged in.
[2018/1/6 - 5:14:08] Lil\' Poot Pepito Wing has lost connection.
[2018/1/6 - 5:14:31] Pepito Wing has logged in.
[2018/1/6 - 5:22:03] Logan T Deer has logged out.
[2018/1/6 - 5:22:29] Mohamed Mofujohn has logged in.
[2018/1/6 - 5:22:50] Blocc Star Mohamed Mofujohn has lost connection.
[2018/1/6 - 5:23:37] Mohamed Mofujohn has logged in.
[2018/1/6 - 5:24:54] Mohamed Mofujohn has logged out.
[2018/1/6 - 5:29:54] Logan T Deer has logged in.
[2018/1/6 - 5:30:57] Percy Jones has logged out.
[2018/1/6 - 5:33:40] Logan T Deer has logged out.
[2018/1/6 - 5:37:18] Logan Johnson Wright has logged out.
[2018/1/6 - 5:38:30] Seth Zutar has logged in.
[2018/1/6 - 5:48:28] Pepito Wing has logged out.
[2018/1/6 - 5:49:10] Chad Lockheart has logged out.
[2018/1/6 - 5:54:17] Seth Zutar has deposited $1 into the safe.
[2018/1/6 - 6:04:16] Percy Jones has logged in.
[2018/1/6 - 6:05:47] Raka Wardhana has logged out.
[2018/1/6 - 6:07:12] Chad Lockheart has logged in.
[2018/1/6 - 6:08:07] Seth Zutar has logged out.
[2018/1/6 - 6:12:38] Scotty Cain has logged out.
[2018/1/6 - 6:13:10] Scotty Cain has logged in.
[2018/1/6 - 6:15:43] Baby Crip Ai Chan has lost connection.
[2018/1/6 - 6:16:59] Ai Chan has logged in.
[2018/1/6 - 6:21:35] Scotty Cain has logged out.
[2018/1/6 - 6:26:44] Scotty Cain has logged in.
[2018/1/6 - 6:28:32] Ai Chan has logged out.
[2018/1/6 - 6:29:58] Ai Chan has logged in.
[2018/1/6 - 6:35:04] Raka Wardhana has logged in.
[2018/1/6 - 6:38:10] Raka Wardhana has logged out.
[2018/1/6 - 6:44:42] Chad Lockheart has logged out.
[2018/1/6 - 6:45:33] Michael Jay White has logged in.
[2018/1/6 - 6:45:39] Raka Wardhana has logged in.
[2018/1/6 - 6:46:52] Scotty Cain has logged out.
[2018/1/6 - 6:47:36] Raka Wardhana has logged out.
[2018/1/6 - 6:48:32] Raka Wardhana has logged in.
[2018/1/6 - 6:49:45] Michael Jay White has logged out.
[2018/1/6 - 6:50:10] Scotty Cain has logged in.
[2018/1/6 - 6:56:23] Raka Wardhana has logged out.
[2018/1/6 - 7:25:55] Ai Chan has logged out.
[2018/1/6 - 7:41:59] Alberto Rossi has logged in.
[2018/1/6 - 7:45:49] Chad Lockheart has logged in.
[2018/1/6 - 7:54:47] Raka Wardhana has logged in.
[2018/1/6 - 8:16:01] Percy Jones has logged out.
[2018/1/6 - 8:16:46] Percy Jones has logged in.
[2018/1/6 - 8:21:06] Chad Lockheart has logged out.
[2018/1/6 - 8:31:32] Nicole Trey has deposited $14690 into the safe.
[2018/1/6 - 8:32:29] Alberto Rossi has logged out.
[2018/1/6 - 8:37:25] Raka Wardhana has logged out.
[2018/1/6 - 8:48:36] Scotty Cain has logged out.
[2018/1/6 - 9:00:47] Percy Jones has logged out.
[2018/1/6 - 9:01:25] Percy Jones has logged in.
[2018/1/6 - 9:04:11] Percy Jones has logged out.
[2018/1/6 - 9:06:37] Percy Jones has logged in.
[2018/1/6 - 9:17:57] Sammy Mccool has logged in.
[2018/1/6 - 9:37:16] Carl Auden has logged in.
[2018/1/6 - 9:39:08] Carl Auden has logged out.
[2018/1/6 - 9:40:30] Sanchez Uzi has logged in.
[2018/1/6 - 9:43:30] Carl Auden has logged in.
[2018/1/6 - 9:52:40] Carl Auden has logged out.
[2018/1/6 - 9:52:59] Haris Jones has logged in.
[2018/1/6 - 10:06:16] Percy Jones has logged out.
[2018/1/6 - 10:07:16] Percy Jones has logged in.
[2018/1/6 - 10:08:29] Big Poot Haris Jones (101273) (rank 5) has given Percy Jones (1000597291) rank 0 (Baby Crip) in 1323 Market  Mobb (25).
[2018/1/6 - 10:11:44] Brandon Volkoff has logged in.
[2018/1/6 - 10:22:30] Ryan Dunwich has logged in.
[2018/1/6 - 10:26:13] Haris Jones has logged out.
[2018/1/6 - 10:27:49] Lil\' Poot Sammy Mccool has lost connection.
[2018/1/6 - 10:28:18] Sammy Mccool has logged in.
[2018/1/6 - 10:35:45] Sammy Mccool has logged out.
[2018/1/6 - 10:42:34] Haris Jones has logged in.
[2018/1/6 - 10:54:20] David Willowbrook has logged in.
[2018/1/6 - 10:56:13] Baby Crip Brandon Volkoff has lost connection.
[2018/1/6 - 10:56:16] Haris Jones has logged out.
[2018/1/6 - 10:56:53] Chad Lockheart has logged in.
[2018/1/6 - 10:57:53] Baby Crip Chad Lockheart has lost connection.
[2018/1/6 - 10:58:03] Toni Veton has logged in.
[2018/1/6 - 11:00:37] Sanchez Uzi has logged out.
[2018/1/6 - 11:09:03] Amdan Siker has logged in.
[2018/1/6 - 11:10:57] Chad Lockheart has logged in.
[2018/1/6 - 11:11:56] Seth Zutar has logged in.
[2018/1/6 - 11:21:21] Chad Lockheart (1000021541) has quit the 1323 Market  Mobb as a rank 0
[2018/1/6 - 11:23:10] Percy Jones has logged out.
[2018/1/6 - 11:26:38] Sanchez Uzi has logged in.
[2018/1/6 - 11:35:53] Toni Veton has logged in.
[2018/1/6 - 11:37:04] Jake Ginobi has logged in.
[2018/1/6 - 11:44:45] Jake Ginobi has logged out.
[2018/1/6 - 11:50:31] Amdan Siker has logged out.
[2018/1/6 - 11:50:40] Sammy Mccool has logged in.
[2018/1/6 - 11:57:46] Baby Crip Seth Zutar has lost connection.
[2018/1/6 - 12:00:08] Seth Zutar has logged in.
[2018/1/6 - 12:01:02] Baby Crip Seth Zutar has lost connection.
[2018/1/6 - 12:02:51] Sanchez Uzi has logged out.
[2018/1/6 - 12:04:04] Abe Abdel has logged in.
[2018/1/6 - 12:07:22] Steve Mofujohn has logged in.
[2018/1/6 - 12:07:36] David Willowbrook has logged out.
[2018/1/6 - 12:12:30] Toni Veton has logged out.
[2018/1/6 - 12:15:58] Iheb Ben Mofujohn has logged in.
[2018/1/6 - 12:23:21] Raka Wardhana has logged in.
[2018/1/6 - 12:33:50] Raka Wardhana has logged in.
[2018/1/6 - 12:38:33] Steve Mofujohn has logged out.
[2018/1/6 - 12:45:50] Haris Jones has logged in.
[2018/1/6 - 12:46:05] Haris Jones has logged out.
[2018/1/6 - 12:47:17] Alessandro Abano has logged in.
[2018/1/6 - 12:52:50] David Willowbrook has logged in.
[2018/1/6 - 12:53:33] Ryan Dunwich has logged in.
[2018/1/6 - 12:55:22] Bart Milhouse (1000626113) accepted HNIC Nicole Trey's (1000192166) invite to join 1323 Market  Mobb (25).
[2018/1/6 - 13:13:17] Alessandro Abano has logged out.
[2018/1/6 - 13:14:07] Nicole Trey has deposited $57359 into the safe.
[2018/1/6 - 13:22:25] Iheb Ben Mofujohn has logged out.
[2018/1/6 - 13:22:27] Nicole Trey has withdrawn $40,000 from the safe.
[2018/1/6 - 13:23:21] Iheb Ben Mofujohn has logged in.
[2018/1/6 - 13:27:12] Baby Crip Raka Wardhana has lost connection.
[2018/1/6 - 13:31:44] Iheb Ben Mofujohn has logged out.
[2018/1/6 - 13:33:07] Alessandro Abano has logged in.
[2018/1/6 - 13:35:16] Sanchez Uzi has logged in.
[2018/1/6 - 13:42:54] Sammy Mccool has logged out.
[2018/1/6 - 13:43:58] Baby Crip Bart Milhouse has lost connection.
[2018/1/6 - 13:46:59] David Willowbrook has logged out.
[2018/1/6 - 13:47:40] David Willowbrook has logged in.
[2018/1/6 - 13:49:27] David Willowbrook has logged in.
[2018/1/6 - 13:50:30] David Willowbrook has logged out.
[2018/1/6 - 13:51:05] David Willowbrook has logged in.
[2018/1/6 - 13:52:52] Sanchez Uzi has logged out.
[2018/1/6 - 13:57:27] Crip Abe Abdel has lost connection.
[2018/1/6 - 13:59:28] David Willowbrook has logged out.
[2018/1/6 - 14:03:05] Raka Wardhana has logged in.
[2018/1/6 - 14:04:55] Sanchez Uzi has logged in.
[2018/1/6 - 14:10:19] Abe Abdel has logged in.
[2018/1/6 - 14:12:54] Sanchez Uzi has logged out.
[2018/1/6 - 14:13:33] Sanchez Uzi has logged in.
[2018/1/6 - 14:23:05] Ryan Dunwich has logged out.
[2018/1/6 - 14:23:29] Crip Alessandro Abano has lost connection.
[2018/1/6 - 14:24:39] Alessandro Abano has logged in.
[2018/1/6 - 14:25:15] Crip Alessandro Abano has lost connection.
[2018/1/6 - 14:25:44] Alessandro Abano has logged in.
[2018/1/6 - 14:28:42] Sanchez Uzi has logged out.
[2018/1/6 - 14:29:27] Sanchez Uzi has logged in.
[2018/1/6 - 14:35:22] Raka Wardhana has logged out.
[2018/1/6 - 14:37:05] Alessandro Abano has logged out.
[2018/1/6 - 14:47:18] Sanchez Uzi (1000625607) has quit the 1323 Market  Mobb as a rank 1
[2018/1/6 - 15:14:08] Maksy Volkoff has logged in.
[2018/1/6 - 15:15:48] Baby Crip Maksy Volkoff has lost connection.
[2018/1/6 - 15:17:03] Maksy Volkoff has logged in.
[2018/1/6 - 15:31:40] Neo Ryders has logged in.
[2018/1/6 - 15:32:53] Neo Ryders has logged out.
[2018/1/6 - 15:37:40] Salvatore Bonanno has logged in.
[2018/1/6 - 15:38:21] Ryan Dunwich has logged in.
[2018/1/6 - 15:40:19] Salvatore Bonanno (1000626006) has quit the 1323 Market  Mobb as a rank 0
[2018/1/6 - 15:46:14] Brandon Volkoff has logged in.
[2018/1/6 - 15:50:36] David Willowbrook has logged in.
[2018/1/6 - 15:55:01] David Willowbrook has logged out.
[2018/1/6 - 15:55:15] Abe Abdel has logged in.
[2018/1/6 - 15:55:33] David Willowbrook has logged in.
[2018/1/6 - 15:58:13] Sammy Mccool has logged in.
[2018/1/6 - 15:58:22] Baby Crip Ryan Dunwich has lost connection.
[2018/1/6 - 15:58:50] Benny Smith Wallace has logged in.
[2018/1/6 - 15:59:10] David Willowbrook has logged out.
[2018/1/6 - 15:59:59] David Willowbrook has logged in.
[2018/1/6 - 16:00:31] Scotty Cain has logged in.
[2018/1/6 - 16:02:25] David Willowbrook has logged out.
[2018/1/6 - 16:02:57] David Willowbrook has logged in.
[2018/1/6 - 16:03:14] Ninou Mofujohn has logged in.
[2018/1/6 - 16:04:08] Sammy Mccool has logged out.
[2018/1/6 - 16:05:11] Fezzani Williams has logged in.
[2018/1/6 - 16:10:01] Benny Smith Wallace has deposited a SPAS-12 into the locker.
[2018/1/6 - 16:10:08] Benny Smith Wallace has deposited a SPAS-12 into the locker.
[2018/1/6 - 16:10:12] Ninou Mofujohn has withdrawn a SPAS-12 from the weapon locker (Cost: 50)
[2018/1/6 - 16:10:16] Benny Smith Wallace has deposited a SPAS-12 into the locker.
[2018/1/6 - 16:11:39] Ninou Mofujohn has withdrawn 20 grams of Ecstasy from the safe.
[2018/1/6 - 16:14:12] Benny Smith Wallace has deposited a SPAS-12 into the locker.
[2018/1/6 - 16:14:23] Benny Smith Wallace has deposited a SPAS-12 into the locker.
[2018/1/6 - 16:14:56] Antwone Fisher has logged in.
[2018/1/6 - 16:16:04] David Willowbrook has logged in.
[2018/1/6 - 16:16:49] Fezzani Williams has logged out.
[2018/1/6 - 16:17:40] Benny Smith Wallace has authorized Maksy Volkoff to withdraw a Shotgun from the weapon locker (Cost: 3)
[2018/1/6 - 16:17:41] Benny Smith Wallace has authorized Brandon Volkoff to withdraw a Shotgun from the weapon locker (Cost: 3)
[2018/1/6 - 16:17:42] Benny Smith Wallace has authorized Abe Abdel to withdraw a Shotgun from the weapon locker (Cost: 3)
[2018/1/6 - 16:18:32] David Willowbrook has logged out.
[2018/1/6 - 16:18:50] Abe Abdel has logged out.
[2018/1/6 - 16:19:08] Ninou Mofujohn has authorized Benny Smith Wallace to withdraw a Desert Eagle from the weapon locker (Cost: 5)
[2018/1/6 - 16:19:12] David Willowbrook has logged in.
[2018/1/6 - 16:19:21] Benny Smith Wallace has authorized Antwone Fisher to withdraw a Shotgun from the weapon locker (Cost: 3)
[2018/1/6 - 16:19:47] David Willowbrook has logged out.
[2018/1/6 - 16:20:28] David Willowbrook has logged in.
[2018/1/6 - 16:22:29] Benny Smith Wallace has logged out.
[2018/1/6 - 16:22:50] Sammy Mccool has logged in.
[2018/1/6 - 16:23:15] Abe Abdel has logged in.
[2018/1/6 - 16:23:22] Ninou Mofujohn has withdrawn a Desert Eagle from the weapon locker (Cost: 5)
[2018/1/6 - 16:23:29] Raf Simons has logged in.
[2018/1/6 - 16:23:45] Maksy Volkoff has logged out.
[2018/1/6 - 16:23:53] Crip David Willowbrook has lost connection.
[2018/1/6 - 16:24:23] David Willowbrook has logged in.
[2018/1/6 - 16:25:25] David Willowbrook has logged out.
[2018/1/6 - 16:28:44] HNIC Ninou Mofujohn has lost connection.
[2018/1/6 - 16:28:44] Iheb Ben Mofujohn has logged in.
[2018/1/6 - 16:29:05] Ninou Mofujohn has logged in.
[2018/1/6 - 16:30:34] Ninou Mofujohn has withdrawn a Desert Eagle from the weapon locker (Cost: 5)
[2018/1/6 - 16:30:41] Ninou Mofujohn has withdrawn 20 grams of Ecstasy from the safe.
[2018/1/6 - 16:30:58] Clint Maddox has logged in.
[2018/1/6 - 16:34:37] Alejuando D Cobra (1000625557) accepted HNIC Ninou Mofujohn's (137951) invite to join 1323 Market  Mobb (25).
[2018/1/6 - 16:36:57] Ninou Mofujohn has authorized Clint Maddox to withdraw a Shotgun from the weapon locker (Cost: 3)
[2018/1/6 - 16:37:05] Ninou Mofujohn has authorized Iheb Ben Mofujohn to withdraw a Shotgun from the weapon locker (Cost: 3)
[2018/1/6 - 16:37:29] Ninou Mofujohn has authorized Alejuando D Cobra to withdraw a Shotgun from the weapon locker (Cost: 3)
[2018/1/6 - 16:37:41] Baby Crip Scotty Cain has lost connection.
[2018/1/6 - 16:38:09] Mac Hooligan Maddox has logged in.
[2018/1/6 - 16:39:57] Crip Mac Hooligan Maddox has lost connection.
[2018/1/6 - 16:40:49] Scotty Cain has logged in.
[2018/1/6 - 16:41:19] Jake Ginobi has logged in.
[2018/1/6 - 16:41:32] Mac Hooligan Maddox has logged in.
[2018/1/6 - 16:41:32] Jake Ginobi has logged out.
[2018/1/6 - 16:42:10] Ninou Mofujohn (137951) has changed MOTD for /F OOC /R IC FOLLOW THE SERVER OR BE KICKED/DEMOTED Allied ((LRE/LNF)) /SETFREQ 13
[2018/1/6 - 16:42:45] Ninou Mofujohn (137951) has changed MOTD for EVERY MEMBER SHOULD BE OUR DISCORD GROUP ASK R5+ FOR THE LINK to: EVERY MEMBER SHO
[2018/1/6 - 16:43:16] Ninou Mofujohn (137951) has changed MOTD for WHEN SEMONE CALLING FOR BACKUP LEAVE WHAT YOU DOING AND ANSWER R5+ READ DGA RULES 
[2018/1/6 - 16:44:20] Ninou Mofujohn has withdrawn 200 grams of Crack from the safe.
[2018/1/6 - 16:44:23] Ninou Mofujohn has authorized Sammy Mccool to withdraw a Shotgun from the weapon locker (Cost: 3)
[2018/1/6 - 16:44:25] Ninou Mofujohn has authorized Iheb Ben Mofujohn to withdraw a Shotgun from the weapon locker (Cost: 3)
[2018/1/6 - 16:45:45] Ninou Mofujohn has authorized Mac Hooligan Maddox to withdraw a Desert Eagle from the weapon locker (Cost: 5)
[2018/1/6 - 16:50:37] Calmlet Kush (1000192615) accepted HNIC Ninou Mofujohn's (137951) invite to join 1323 Market  Mobb (25).
[2018/1/6 - 16:51:19] Nicole Trey has withdrawn 20 grams of Ecstasy from the safe.
[2018/1/6 - 16:52:18] Crip Mac Hooligan Maddox has lost connection.
[2018/1/6 - 16:52:33] Steve Mofujohn has logged in.
[2018/1/6 - 16:52:34] Ninou Mofujohn has authorized Calmlet Kush to withdraw a Shotgun from the weapon locker (Cost: 3)
[2018/1/6 - 16:52:42] Mac Hooligan Maddox has logged in.
[2018/1/6 - 16:53:18] Steve Mofujohn has withdrawn a Shotgun from the weapon locker (Cost: 3)
[2018/1/6 - 16:53:20] Steve Mofujohn has withdrawn a Desert Eagle from the weapon locker (Cost: 5)
[2018/1/6 - 16:53:23] Steve Mofujohn has withdrawn a MP5 from the weapon locker (Cost: 5)
[2018/1/6 - 16:53:35] Steve Mofujohn has withdrawn 100 grams of Crack from the safe.
[2018/1/6 - 16:54:09] Clint Maddox has authorized Mac Hooligan Maddox to withdraw a Shotgun from the weapon locker (Cost: 3)
[2018/1/6 - 16:54:09] Ninou Mofujohn has authorized Abe Abdel to withdraw a Shotgun from the weapon locker (Cost: 3)
[2018/1/6 - 16:56:12] HNIC Ninou Mofujohn (137951) (rank 6) has given Nicole Trey (1000192166) rank 5 (Big Poot) in 1323 Market  Mobb (25).
[2018/1/6 - 16:56:16] HNIC Ninou Mofujohn (137951) has set Nicole Trey's (1000192166) division to Hustler in 1323 Market  Mobb (25).
[2018/1/6 - 16:56:21] HNIC Ninou Mofujohn (137951) (rank 6) has given Calmlet Kush (1000192615) rank 4 (Blocc Star) in 1323 Market  Mobb (25).
[2018/1/6 - 16:56:24] HNIC Ninou Mofujohn (137951) has set Calmlet Kush's (1000192615) division to OG Killa in 1323 Market  Mobb (25).
[2018/1/6 - 16:56:30] HNIC Ninou Mofujohn (137951) (rank 6) has given Mac Hooligan Maddox (1000046612) rank 4 (Blocc Star) in 1323 Market  Mobb (25).
[2018/1/6 - 16:56:36] HNIC Ninou Mofujohn (137951) has set Mac Hooligan Maddox's (1000046612) division to OG Killa in 1323 Market  Mobb (25).
[2018/1/6 - 16:57:41] HNIC Ninou Mofujohn (137951) has set Abe Abdel's (1000625988) division to Hustler in 1323 Market  Mobb (25).
[2018/1/6 - 16:58:07] Tyler Flleming has logged in.
[2018/1/6 - 17:00:35] Mac Hooligan Maddox has logged out.
[2018/1/6 - 17:02:02] Alejuando D Cobra has logged out.
[2018/1/6 - 17:02:04] Ninou Mofujohn has authorized Clint Maddox to withdraw a Shotgun from the weapon locker (Cost: 3)
[2018/1/6 - 17:02:16] Mac Hooligan Maddox has logged in.
[2018/1/6 - 17:02:29] Ninou Mofujohn has authorized Nicole Trey to withdraw a Shotgun from the weapon locker (Cost: 3)
[2018/1/6 - 17:02:38] Ninou Mofujohn has authorized Calmlet Kush to withdraw a Shotgun from the weapon locker (Cost: 3)
[2018/1/6 - 17:02:39] Steve Mofujohn has withdrawn a Desert Eagle from the weapon locker (Cost: 5)
[2018/1/6 - 17:02:49] Steve Mofujohn has withdrawn a MP5 from the weapon locker (Cost: 5)
[2018/1/6 - 17:02:51] Ninou Mofujohn has withdrawn a Desert Eagle from the weapon locker (Cost: 5)
[2018/1/6 - 17:02:54] Sammy Mccool has withdrawn a Silenced Colt .45 from the weapon locker (Cost: 2)
[2018/1/6 - 17:02:57] Ninou Mofujohn has withdrawn 200 grams of Crack from the safe.
[2018/1/6 - 17:03:05] Ninou Mofujohn has withdrawn 60 grams of Ecstasy from the safe.
[2018/1/6 - 17:03:17] Maksy Volkoff has logged in.
[2018/1/6 - 17:03:38] Ninou Mofujohn has authorized Antwone Fisher to withdraw a Desert Eagle from the weapon locker (Cost: 5)
[2018/1/6 - 17:03:45] Vladmir Glasscock has logged in.
[2018/1/6 - 17:04:04] HNIC Steve Mofujohn (16222) (rank 6) has uninvited Mac Hooligan Maddox (1000046612) (rank 4) from 1323 Market  Mobb (25).
[2018/1/6 - 17:04:23] Nicole Trey has authorized Brandon Volkoff to withdraw a Shotgun from the weapon locker (Cost: 3)
[2018/1/6 - 17:04:35] Nicole Trey has authorized Iheb Ben Mofujohn to withdraw a Shotgun from the weapon locker (Cost: 3)
[2018/1/6 - 17:04:41] Ninou Mofujohn has authorized Maksy Volkoff to withdraw a Desert Eagle from the weapon locker (Cost: 5)
[2018/1/6 - 17:04:57] Ninou Mofujohn has authorized Scotty Cain to withdraw a Shotgun from the weapon locker (Cost: 3)
[2018/1/6 - 17:05:11] Ninou Mofujohn has authorized Abe Abdel to withdraw a Shotgun from the weapon locker (Cost: 3)
[2018/1/6 - 17:05:27] Big Poot Tyler Flleming has lost connection.
[2018/1/6 - 17:06:09] Tyler Flleming has logged in.
[2018/1/6 - 17:06:31] Tyler Flleming (71416) has quit the 1323 Market  Mobb as a rank 5
[2018/1/6 - 17:09:31] Iheb Ben Mofujohn has logged out.
[2018/1/6 - 17:09:45] Steve Mofujohn has withdrawn a Sniper Rifle from the weapon locker (Cost: 75)
[2018/1/6 - 17:09:53] Steve Mofujohn has deposited a Sniper Rifle into the locker.
[2018/1/6 - 17:10:24] Sammy Mccool has withdrawn a Silenced Colt .45 from the weapon locker (Cost: 2)
[2018/1/6 - 17:10:30] Ninou Mofujohn has withdrawn a Desert Eagle from the weapon locker (Cost: 5)
[2018/1/6 - 17:10:42] Calmlet Kush has logged out.
[2018/1/6 - 17:11:23] Steve Mofujohn has authorized Clint Maddox to withdraw a Sniper Rifle from the weapon locker (Cost: 75)
[2018/1/6 - 17:11:54] Maksy Volkoff has logged out.
[2018/1/6 - 17:13:43] Calmlet Kush has logged in.
[2018/1/6 - 17:15:38] Clint Maddox has logged out.
[2018/1/6 - 17:17:49] Calmlet Kush has logged in.
[2018/1/6 - 17:19:23] Maksy Volkoff has logged in.
[2018/1/6 - 17:20:07] Blocc Star Calmlet Kush has lost connection.
[2018/1/6 - 17:20:25] Maksy Volkoff has logged out.
[2018/1/6 - 17:20:36] HNIC Steve Mofujohn has lost connection.
[2018/1/6 - 17:21:05] Clint Maddox has logged in.
[2018/1/6 - 17:21:55] Clint Maddox has deposited a Sniper Rifle into the locker.
[2018/1/6 - 17:22:04] Calmlet Kush has logged in.
[2018/1/6 - 17:22:17] Ninou Mofujohn has withdrawn a Desert Eagle from the weapon locker (Cost: 5)
[2018/1/6 - 17:23:05] Steve Mofujohn has logged in.
[2018/1/6 - 17:24:08] Steve Mofujohn has authorized Calmlet Kush to withdraw a Shotgun from the weapon locker (Cost: 3)
[2018/1/6 - 17:25:46] HNIC Steve Mofujohn (16222) (rank 6) has given Vladmir Glasscock (1000227987) rank 3 (Hustla) in 1323 Market  Mobb (25).
[2018/1/6 - 17:26:37] Vladmir Glasscock has logged out.
[2018/1/6 - 17:27:10] Vladmir Glasscock has logged in.
[2018/1/6 - 17:28:27] Sammy Mccool has logged out.
[2018/1/6 - 17:32:56] Ninou Mofujohn has authorized Abe Abdel to withdraw a Shotgun from the weapon locker (Cost: 3)
[2018/1/6 - 17:34:47] Ninou Mofujohn has withdrawn $40,000 from the safe.
[2018/1/6 - 17:34:55] Baby Crip Raf Simons has lost connection.
[2018/1/6 - 17:35:01] Ninou Mofujohn has deposited a SPAS-12 into the locker.
[2018/1/6 - 17:36:22] Raf Simons has logged in.
[2018/1/6 - 17:37:26] Seth Zutar has logged in.
[2018/1/6 - 17:41:36] David Willowbrook has logged in.
[2018/1/6 - 17:46:44] Steve Mofujohn has authorized Clint Maddox to withdraw a Shotgun from the weapon locker (Cost: 3)
[2018/1/6 - 17:47:04] David Willowbrook has logged out.
[2018/1/6 - 17:48:09] Baby Crip Raf Simons has lost connection.
[2018/1/6 - 17:49:29] Raf Simons has logged in.
[2018/1/6 - 17:49:41] Ninou Mofujohn has withdrawn a Desert Eagle from the weapon locker (Cost: 5)
[2018/1/6 - 17:49:47] Ninou Mofujohn has withdrawn 20 grams of Ecstasy from the safe.
[2018/1/6 - 17:49:51] Clint Maddox has logged out.
[2018/1/6 - 17:50:17] Steve Mofujohn has withdrawn a MP5 from the weapon locker (Cost: 5)
[2018/1/6 - 17:50:25] Steve Mofujohn has authorized Scotty Cain to withdraw a Shotgun from the weapon locker (Cost: 3)
[2018/1/6 - 17:50:53] Steve Mofujohn has authorized Antwone Fisher to withdraw a Shotgun from the weapon locker (Cost: 3)
[2018/1/6 - 17:51:58] Baby Crip Brandon Volkoff has lost connection.
[2018/1/6 - 17:52:16] David Willowbrook has logged in.
[2018/1/6 - 17:52:21] Brandon Volkoff has logged in.
[2018/1/6 - 17:53:01] Steve Mofujohn has authorized Brandon Volkoff to withdraw a Shotgun from the weapon locker (Cost: 3)
[2018/1/6 - 17:53:36] Steve Mofujohn has authorized Calmlet Kush to withdraw a Shotgun from the weapon locker (Cost: 3)
[2018/1/6 - 17:53:47] David Willowbrook has logged out.
[2018/1/6 - 17:56:24] Ninou Mofujohn has withdrawn a Desert Eagle from the weapon locker (Cost: 5)
[2018/1/6 - 17:56:28] Vladmir Glasscock has logged out.
[2018/1/6 - 17:56:55] Steve Mofujohn has authorized Brandon Volkoff to withdraw a Shotgun from the weapon locker (Cost: 3)
[2018/1/6 - 17:57:59] Steve Mofujohn has authorized Abe Abdel to withdraw a Shotgun from the weapon locker (Cost: 3)
[2018/1/6 - 18:03:30] Farber Bridges (2785) accepted HNIC Ninou Mofujohn's (137951) invite to join 1323 Market  Mobb (25).
[2018/1/6 - 18:03:46] Angelo Freeman (1000626153) accepted HNIC Ninou Mofujohn's (137951) invite to join 1323 Market  Mobb (25).
[2018/1/6 - 18:04:08] HNIC Ninou Mofujohn (137951) has set Angelo Freeman's (1000626153) division to Hangout in 1323 Market  Mobb (25).
[2018/1/6 - 18:04:12] HNIC Ninou Mofujohn (137951) has set Farber Bridges's (2785) division to Hangout in 1323 Market  Mobb (25).
[2018/1/6 - 18:05:42] Chad Lockheart (1000021541) accepted HNIC Ninou Mofujohn's (137951) invite to join 1323 Market  Mobb (25).
[2018/1/6 - 18:08:51] Diesel X West has logged in.
[2018/1/6 - 18:10:11] Sarah Biggums has logged in.
[2018/1/6 - 18:11:12] Nicole Trey has withdrawn a Silenced Colt .45 from the weapon locker (Cost: 2)
[2018/1/6 - 18:11:16] Ai Chan has logged in.
[2018/1/6 - 18:11:38] Ninou Mofujohn has withdrawn a Desert Eagle from the weapon locker (Cost: 5)
[2018/1/6 - 18:11:44] Ninou Mofujohn has withdrawn 20 grams of Ecstasy from the safe.
[2018/1/6 - 18:12:27] Chad Lockheart has logged out.
[2018/1/6 - 18:13:04] Farber Bridges has logged out.
[2018/1/6 - 18:13:42] Farber Bridges has logged in.
[2018/1/6 - 18:13:58] Chad Lockheart has logged in.
[2018/1/6 - 18:14:14] Chad Lockheart has logged out.
[2018/1/6 - 18:14:28] Baby Crip Farber Bridges has lost connection.
[2018/1/6 - 18:14:51] Ninou Mofujohn has withdrawn a Desert Eagle from the weapon locker (Cost: 5)
[2018/1/6 - 18:14:53] Steve Mofujohn has authorized Brandon Volkoff to withdraw a Shotgun from the weapon locker (Cost: 3)
[2018/1/6 - 18:15:01] Ninou Mofujohn has withdrawn 20 grams of Ecstasy from the safe.
[2018/1/6 - 18:15:10] Farber Bridges has logged in.
[2018/1/6 - 18:17:04] Toni Veton has logged in.
[2018/1/6 - 18:17:21] Steve Mofujohn has authorized Farber Bridges to withdraw a Shotgun from the weapon locker (Cost: 3)
[2018/1/6 - 18:18:06] Chad Lockheart has logged in.
[2018/1/6 - 18:18:31] Raka Wardhana has logged in.
[2018/1/6 - 18:19:30] Clint Maddox has logged in.
[2018/1/6 - 18:20:09] Maksy Volkoff has logged in.
[2018/1/6 - 18:20:37] Scotty Cain has logged out.
[2018/1/6 - 18:20:54] Sarah Biggums has logged out.
[2018/1/6 - 18:21:00] Diesel X West has logged out.
[2018/1/6 - 18:21:44] Diesel X West has logged in.
[2018/1/6 - 18:22:51] Steve Mofujohn has authorized Clint Maddox to withdraw a Shotgun from the weapon locker (Cost: 3)
[2018/1/6 - 18:23:06] Farber Bridges has logged out.
[2018/1/6 - 18:23:49] Farber Bridges has logged in.
[2018/1/6 - 18:24:56] HNIC Steve Mofujohn has lost connection.
[2018/1/6 - 18:24:57] Maksy Volkoff has logged out.
[2018/1/6 - 18:25:24] Farber Bridges has logged out.
[2018/1/6 - 18:27:07] Farber Bridges has logged in.
[2018/1/6 - 18:27:58] Clint Maddox has authorized Abe Abdel to withdraw a Shotgun from the weapon locker (Cost: 3)
[2018/1/6 - 18:28:16] Angelo Freeman has logged out.
[2018/1/6 - 18:30:31] Maksy Volkoff has logged in.
[2018/1/6 - 18:32:03] Chad Lockheart has logged out.
[2018/1/6 - 18:32:08] Clint Maddox has logged out.
[2018/1/6 - 18:39:18] Sammy Mccool has logged in.
[2018/1/6 - 18:39:29] Sammy Mccool has logged out.
[2018/1/6 - 18:41:05] Ninou Mofujohn has logged in.
[2018/1/6 - 18:41:28] Sergio Xin Lancer has logged in.
[2018/1/6 - 18:41:45] Sergio Xin Lancer has logged out.
[2018/1/6 - 18:42:57] Sergio Xin Lancer has logged in.
[2018/1/6 - 18:43:04] Sergio Xin Lancer has logged out.
[2018/1/6 - 18:45:10] HNIC Ninou Mofujohn has lost connection.
[2018/1/6 - 18:45:34] Ninou Mofujohn has logged in.
[2018/1/6 - 18:46:11] Raka Wardhana has logged out.
[2018/1/6 - 18:46:46] Raka Wardhana has logged in.
[2018/1/6 - 18:46:53] Ninou Mofujohn has withdrawn a Desert Eagle from the weapon locker (Cost: 5)
[2018/1/6 - 18:48:03] Brandon Volkoff has logged out.
[2018/1/6 - 18:48:58] HNIC Ninou Mofujohn has lost connection.
[2018/1/6 - 18:49:20] Ninou Mofujohn has logged in.
[2018/1/6 - 18:50:24] Ninou Mofujohn has authorized Raka Wardhana to withdraw a Shotgun from the weapon locker (Cost: 3)
[2018/1/6 - 18:50:41] Ninou Mofujohn has withdrawn a Desert Eagle from the weapon locker (Cost: 5)
[2018/1/6 - 18:51:00] Vladmir Glasscock has logged in.
[2018/1/6 - 18:51:36] Ninou Mofujohn has withdrawn 60 grams of Ecstasy from the safe.
[2018/1/6 - 18:53:35] Ninou Mofujohn has authorized Farber Bridges to withdraw a Shotgun from the weapon locker (Cost: 3)
[2018/1/6 - 18:57:12] Seth Zutar has logged out.
[2018/1/6 - 18:57:48] Baby Crip Raf Simons has lost connection.
[2018/1/6 - 18:59:27] Seth Zutar has logged in.
[2018/1/6 - 19:01:49] Crip Abe Abdel has lost connection.
[2018/1/6 - 19:03:44] Maksy Volkoff has logged out.
[2018/1/6 - 19:04:42] Abe Abdel has logged in.
[2018/1/6 - 19:08:13] Steve Mofujohn has logged in.
[2018/1/6 - 19:11:02] Maksy Volkoff has logged in.
[2018/1/6 - 19:11:31] HNIC Ninou Mofujohn has lost connection.
[2018/1/6 - 19:12:01] Ninou Mofujohn has logged in.
[2018/1/6 - 19:13:03] Maksy Volkoff has logged out.
[2018/1/6 - 19:13:28] Ninou Mofujohn has withdrawn a Desert Eagle from the weapon locker (Cost: 5)
[2018/1/6 - 19:19:03] Ninou Mofujohn has deposited a M4A1 into the locker.
[2018/1/6 - 19:19:11] Nicole Trey has authorized Calmlet Kush to withdraw a Shotgun from the weapon locker (Cost: 3)
[2018/1/6 - 19:20:09] Ninou Mofujohn has authorized Calmlet Kush to withdraw a Desert Eagle from the weapon locker (Cost: 5)
[2018/1/6 - 19:21:19] Angelo Freeman has logged in.
[2018/1/6 - 19:22:13] Brader Djakarta (1000624864) accepted HNIC Steve Mofujohn's (16222) invite to join 1323 Market  Mobb (25).
[2018/1/6 - 19:24:11] Angelo Freeman has logged in.
[2018/1/6 - 19:24:33] Seth Zutar has logged out.
[2018/1/6 - 19:24:44] Martin Lorenzo (1000426218) accepted HNIC Ninou Mofujohn's (137951) invite to join 1323 Market  Mobb (25).
[2018/1/6 - 19:24:59] Ninou Mofujohn has withdrawn a Desert Eagle from the weapon locker (Cost: 5)
[2018/1/6 - 19:25:59] Steve Mofujohn has authorized Brader Djakarta to withdraw a Shotgun from the weapon locker (Cost: 3)
[2018/1/6 - 19:26:03] Seth Zutar has logged in.
[2018/1/6 - 19:26:10] Steve Mofujohn has authorized Antwone Fisher to withdraw a Shotgun from the weapon locker (Cost: 3)
[2018/1/6 - 19:27:09] Baby Crip Angelo Freeman has lost connection.
[2018/1/6 - 19:28:04] Blocc Star Antwone Fisher has lost connection.
[2018/1/6 - 19:28:33] Raka Wardhana has logged out.
[2018/1/6 - 19:31:15] Calmlet Kush has logged out.
[2018/1/6 - 19:31:53] HNIC Ninou Mofujohn (137951) has set Martin Lorenzo's (1000426218) division to OG Killa in 1323 Market  Mobb (25).
[2018/1/6 - 19:32:35] Angelo Freeman has logged in.
[2018/1/6 - 19:32:47] Ninou Mofujohn has withdrawn a Desert Eagle from the weapon locker (Cost: 5)
[2018/1/6 - 19:35:56] Ninou Mofujohn has withdrawn $80,000 from the safe.
[2018/1/6 - 19:36:37] Ninou Mofujohn has deposited a SPAS-12 into the locker.
[2018/1/6 - 19:37:48] Brader Djakarta has logged out.
[2018/1/6 - 19:37:53] Ninou Mofujohn (137951) has renamed the KN Mobb division (#1) to BloCc Work
[2018/1/6 - 19:38:37] Ninou Mofujohn has withdrawn a Desert Eagle from the weapon locker (Cost: 5)
[2018/1/6 - 19:39:38] Brader Djakarta has logged in.
[2018/1/6 - 19:42:06] Brandon Volkoff has logged in.
[2018/1/6 - 19:44:12] Steve Mofujohn has withdrawn a Shotgun from the weapon locker (Cost: 3)
[2018/1/6 - 19:44:39] Alberto Rossi has logged in.
[2018/1/6 - 19:45:04] Steve Mofujohn has withdrawn 100 grams of Crack from the safe.
[2018/1/6 - 19:45:12] Steve Mofujohn has withdrawn 100 grams of Pot from the safe.
[2018/1/6 - 19:46:45] Steve Mofujohn has authorized Alberto Rossi to withdraw a Shotgun from the weapon locker (Cost: 3)
[2018/1/6 - 19:49:06] Seth Zutar has logged in.
[2018/1/6 - 19:50:04] Percy Jones has logged in.
[2018/1/6 - 19:50:25] Ninou Mofujohn has deposited a AK-47 into the locker.
[2018/1/6 - 19:50:46] Steve Mofujohn has withdrawn a Desert Eagle from the weapon locker (Cost: 5)
[2018/1/6 - 19:52:44] Ninou Mofujohn has logged out.
[2018/1/6 - 19:54:12] Alberto Rossi has logged out.
[2018/1/6 - 19:59:10] Scotty Cain has logged in.
[2018/1/6 - 19:59:23] Raf Simons has logged in.
[2018/1/6 - 20:03:35] Toni Veton has logged out.
[2018/1/6 - 20:07:15] Farber Bridges has logged out.
[2018/1/6 - 20:07:54] Farber Bridges has logged in.
[2018/1/6 - 20:08:00] HNIC Steve Mofujohn has lost connection.
[2018/1/6 - 20:08:00] Seth Zutar has logged out.
[2018/1/6 - 20:08:35] Angelo Freeman has logged out.
[2018/1/6 - 20:08:48] Seth Zutar has logged in.
[2018/1/6 - 20:09:08] Angelo Freeman has logged in.
[2018/1/6 - 20:10:37] Percy Jones has logged out.
[2018/1/6 - 20:11:44] Baby Crip Raf Simons has lost connection.
[2018/1/6 - 20:12:50] Raf Simons has logged in.
[2018/1/6 - 20:18:48] Seth Zutar has logged out.
[2018/1/6 - 20:19:31] Seth Zutar has logged in.
[2018/1/6 - 20:24:15] Abe Abdel has logged in.
[2018/1/6 - 20:30:43] Martin Lorenzo has logged out.
[2018/1/6 - 20:32:47] Baby Crip Angelo Freeman has lost connection.
[2018/1/6 - 20:33:17] Angelo Freeman has logged in.
[2018/1/6 - 20:35:45] Percy Jones has logged in.
[2018/1/6 - 20:38:48] Baby Crip Ai Chan has lost connection.
[2018/1/6 - 20:39:13] Ai Chan has logged in.
[2018/1/6 - 20:43:18] Logan T Deer has logged in.
[2018/1/6 - 20:47:02] Baby Crip Percy Jones has lost connection.
[2018/1/6 - 20:50:09] Steve Mofujohn has logged in.
[2018/1/6 - 20:50:29] Percy Jones has logged in.
[2018/1/6 - 20:50:42] HNIC Steve Mofujohn has lost connection.
[2018/1/6 - 20:51:36] Steve Mofujohn has logged in.
[2018/1/6 - 20:51:52] HNIC Steve Mofujohn has lost connection.
[2018/1/6 - 20:53:51] Steve Mofujohn has logged in.
[2018/1/6 - 20:54:48] Toni Veton has logged in.
[2018/1/6 - 21:00:14] HNIC Steve Mofujohn has lost connection.
[2018/1/6 - 21:00:20] Brandon Volkoff has logged out.
[2018/1/6 - 21:00:29] David Willowbrook has logged in.
[2018/1/6 - 21:01:23] Steve Mofujohn has logged in.
[2018/1/6 - 21:01:41] Logan Johnson Wright has logged in.
[2018/1/6 - 21:02:04] Brandon Volkoff has logged in.
[2018/1/6 - 21:05:32] David Willowbrook has logged out.
[2018/1/6 - 21:06:16] David Willowbrook has logged in.
[2018/1/6 - 21:06:41] HNIC Steve Mofujohn has lost connection.
[2018/1/6 - 21:07:05] Steve Mofujohn has logged in.
[2018/1/6 - 21:09:15] Steve Mofujohn has withdrawn a Desert Eagle from the weapon locker (Cost: 5)
[2018/1/6 - 21:09:21] Steve Mofujohn has authorized Brader Djakarta to withdraw a Shotgun from the weapon locker (Cost: 3)
[2018/1/6 - 21:09:33] Steve Mofujohn has authorized Farber Bridges to withdraw a Shotgun from the weapon locker (Cost: 3)
[2018/1/6 - 21:10:13] Steve Mofujohn has authorized Logan Johnson Wright to withdraw a Shotgun from the weapon locker (Cost: 3)
[2018/1/6 - 21:11:08] Tyler De La Mofujohn has logged in.
[2018/1/6 - 21:12:12] Logan T Deer has logged in.
[2018/1/6 - 21:12:20] HNIC Steve Mofujohn (16222) (rank 6) has given Vladmir Glasscock (1000227987) rank 2 (Crip) in 1323 Market  Mobb (25).
[2018/1/6 - 21:13:46] Baby Crip Farber Bridges has lost connection.
[2018/1/6 - 21:14:07] Baby Crip Brader Djakarta has lost connection.
[2018/1/6 - 21:15:40] Tyler De La Mofujohn has logged out.
[2018/1/6 - 21:16:39] Steve Mofujohn has withdrawn a Desert Eagle from the weapon locker (Cost: 5)
[2018/1/6 - 21:17:08] HNIC Steve Mofujohn has lost connection.
[2018/1/6 - 21:18:44] Toni Veton (1000256392) has quit the 1323 Market  Mobb as a rank 0
[2018/1/6 - 21:19:35] Abe Abdel has logged out.
[2018/1/6 - 21:21:58] Abe Abdel has logged in.
[2018/1/6 - 21:23:24] Farber Bridges has logged in.
[2018/1/6 - 21:24:00] Farber Bridges has logged out.
[2018/1/6 - 21:24:14] David Willowbrook has logged in.
[2018/1/6 - 21:25:12] Farber Bridges has logged in.
[2018/1/6 - 21:25:40] Logan Johnson Wright has logged out.
[2018/1/6 - 21:26:46] Logan Johnson Wright has logged in.
[2018/1/6 - 21:28:21] Farber Bridges has logged out.
[2018/1/6 - 21:29:23] David Willowbrook has logged out.
[2018/1/6 - 21:30:09] David Willowbrook has logged in.
[2018/1/6 - 21:38:54] Seth Zutar has logged out.
[2018/1/6 - 21:43:51] Calmlet Kush has logged in.
[2018/1/6 - 21:47:39] Crip David Willowbrook has lost connection.
[2018/1/6 - 21:48:10] David Willowbrook has logged in.
[2018/1/6 - 21:49:37] David Willowbrook has logged out.
[2018/1/6 - 21:50:08] David Willowbrook has logged in.
[2018/1/6 - 21:52:01] David Willowbrook has logged out.
[2018/1/6 - 21:52:05] Brandon Volkoff has logged out.
[2018/1/6 - 21:52:34] David Willowbrook has logged in.
[2018/1/6 - 21:52:41] Brandon Volkoff has logged in.
[2018/1/6 - 21:52:59] Crip Vladmir Glasscock has lost connection.
[2018/1/6 - 21:53:12] Vladmir Glasscock has logged in.
[2018/1/6 - 21:53:27] Amdan Siker has logged in.
[2018/1/6 - 21:58:21] Logan Johnson Wright has logged out.
[2018/1/6 - 22:03:09] Angelo Freeman has logged in.
[2018/1/6 - 22:03:58] Logan Johnson Wright has logged in.
[2018/1/6 - 22:07:48] Logan Johnson Wright has logged out.
[2018/1/6 - 22:11:20] Calmlet Kush has logged out.
[2018/1/6 - 22:13:07] David Willowbrook has logged out.
[2018/1/6 - 22:14:32] David Willowbrook has logged in.
[2018/1/6 - 22:18:11] Percy Jones has logged out.
[2018/1/6 - 22:20:14] Steve Mofujohn has logged in.
[2018/1/6 - 22:20:51] Percy Jones has logged in.
[2018/1/6 - 22:22:25] HNIC Steve Mofujohn has lost connection.
[2018/1/6 - 22:23:08] Amdan Siker has withdrawn a Silenced Colt .45 from the weapon locker (Cost: 2)
[2018/1/6 - 22:24:48] Logan T Deer has logged out.
[2018/1/6 - 22:28:13] David Willowbrook has logged out.
[2018/1/6 - 22:28:23] Angelo Freeman has withdrawn a Silenced Colt .45 from the weapon locker (Cost: 2)
[2018/1/6 - 22:29:10] David Willowbrook has logged in.
[2018/1/6 - 22:30:11] Tony Kuznetsov has logged in.
[2018/1/6 - 22:31:49] Tony Kuznetsov has withdrawn a Silenced Colt .45 from the weapon locker (Cost: 2)
[2018/1/6 - 22:32:59] Ninou Mofujohn has logged in.
[2018/1/6 - 22:34:44] HNIC Ninou Mofujohn (137951) (rank 6) has given Vladmir Glasscock (1000227987) rank 3 (Hustla) in 1323 Market  Mobb (25).
[2018/1/6 - 22:37:28] Ninou Mofujohn has withdrawn a Desert Eagle from the weapon locker (Cost: 5)
[2018/1/6 - 22:37:42] Ninou Mofujohn has withdrawn 2 grams of Ecstasy from the safe.
[2018/1/6 - 22:37:47] Ninou Mofujohn has withdrawn 20 grams of Ecstasy from the safe.
[2018/1/6 - 22:38:28] Sergio Xin Lancer has logged in.
[2018/1/6 - 22:39:19] Neo Ryders has logged in.
[2018/1/6 - 22:40:39] Sergio Xin Lancer has logged out.
[2018/1/6 - 22:41:41] Tony Kuznetsov has withdrawn a Silenced Colt .45 from the weapon locker (Cost: 2)
[2018/1/6 - 22:42:06] Tony Kuznetsov has withdrawn a Silenced Colt .45 from the weapon locker (Cost: 2)
[2018/1/6 - 22:42:31] Tony Kuznetsov has withdrawn a Silenced Colt .45 from the weapon locker (Cost: 2)
[2018/1/6 - 22:42:48] Baby Crip Raf Simons has lost connection.
[2018/1/6 - 22:43:55] Tony Kuznetsov has logged out.
[2018/1/6 - 22:44:04] Raf Simons has logged in.
[2018/1/6 - 22:44:32] Ninou Mofujohn has authorized Brandon Volkoff to withdraw a Shotgun from the weapon locker (Cost: 3)
[2018/1/6 - 22:44:41] Ninou Mofujohn has withdrawn a Desert Eagle from the weapon locker (Cost: 5)
[2018/1/6 - 22:45:17] Ninou Mofujohn has authorized Angelo Freeman to withdraw a Shotgun from the weapon locker (Cost: 3)
[2018/1/6 - 22:47:39] Amdan Siker has logged out.
[2018/1/6 - 22:49:22] Angelo Freeman has logged out.
[2018/1/6 - 22:51:40] Percy Jones has logged out.
[2018/1/6 - 22:52:49] Percy Jones has logged in.
[2018/1/6 - 22:53:29] Ninou Mofujohn has authorized David Willowbrook to withdraw a Shotgun from the weapon locker (Cost: 3)
[2018/1/6 - 22:56:22] Ninou Mofujohn has authorized Neo Ryders to withdraw a Shotgun from the weapon locker (Cost: 3)
[2018/1/6 - 22:57:34] HNIC Ninou Mofujohn (137951) (rank 6) has uninvited Neo Ryders (72655) (rank 0) from 1323 Market  Mobb (25).
[2018/1/6 - 22:57:47] Linko Washington (1000626035) accepted HNIC Ninou Mofujohn's (137951) invite to join 1323 Market  Mobb (25).
[2018/1/6 - 22:58:01] HNIC Ninou Mofujohn (137951) (rank 6) has given Linko Washington (1000626035) rank 4 (Blocc Star) in 1323 Market  Mobb (25).
[2018/1/6 - 22:58:06] HNIC Ninou Mofujohn (137951) has set Linko Washington's (1000626035) division to OG Killa in 1323 Market  Mobb (25).
[2018/1/6 - 22:59:37] HNIC Ninou Mofujohn (137951) (rank 6) has given Ai Chan (1000625784) rank 1 (Lil\' Poot) in 1323 Market  Mobb (25).
[2018/1/6 - 22:59:52] HNIC Ninou Mofujohn (137951) (rank 6) has given Percy Jones (1000597291) rank 1 (Lil\' Poot) in 1323 Market  Mobb (25).
[2018/1/6 - 23:00:02] HNIC Ninou Mofujohn (137951) (rank 6) has given Raf Simons (1000625790) rank 1 (Lil\' Poot) in 1323 Market  Mobb (25).
[2018/1/6 - 23:03:35] HNIC Ninou Mofujohn has lost connection.
[2018/1/6 - 23:04:00] Ninou Mofujohn has logged in.
[2018/1/6 - 23:06:20] Ninou Mofujohn has withdrawn a Desert Eagle from the weapon locker (Cost: 5)
[2018/1/6 - 23:06:59] Crip David Willowbrook has lost connection.
[2018/1/6 - 23:07:09] Lil\' Poot Ai Chan has lost connection.
[2018/1/6 - 23:07:30] David Willowbrook has logged in.
[2018/1/6 - 23:07:33] Ai Chan has logged in.
[2018/1/6 - 23:08:16] David Willowbrook has logged out.
[2018/1/6 - 23:08:48] David Willowbrook has logged in.
[2018/1/6 - 23:14:10] Percy Jones has logged out.
[2018/1/6 - 23:14:31] HNIC Ninou Mofujohn has lost connection.
[2018/1/6 - 23:15:47] Brandon Volkoff has logged out.
[2018/1/6 - 23:17:09] Ninou Mofujohn has logged in.
[2018/1/6 - 23:17:48] Raf Simons has logged out.
[2018/1/6 - 23:17:58] Ai Chan has logged out.
[2018/1/6 - 23:18:07] David Willowbrook has logged out.
[2018/1/6 - 23:18:09] Percy Jones has logged in.
[2018/1/6 - 23:18:41] David Willowbrook has logged in.
[2018/1/6 - 23:22:34] Scotty Cain has logged in.
[2018/1/6 - 23:26:08] Brandon Volkoff has logged in.
[2018/1/6 - 23:27:25] Tony Kuznetsov has logged in.
[2018/1/6 - 23:28:23] Ninou Mofujohn has deposited a SPAS-12 into the locker.
[2018/1/6 - 23:28:28] Ninou Mofujohn has withdrawn a SPAS-12 from the weapon locker (Cost: 50)
[2018/1/6 - 23:28:33] Tony Kuznetsov has logged out.
[2018/1/6 - 23:28:37] Ninou Mofujohn has deposited a SPAS-12 into the locker.
[2018/1/6 - 23:29:30] Ninou Mofujohn has withdrawn a Desert Eagle from the weapon locker (Cost: 5)
[2018/1/6 - 23:30:48] Kush (1000071051) has made Kush (1000071051) the leader of the 1323 Market  Mobb.
[2018/1/6 - 23:31:11] Abe Abdel has deposited a SPAS-12 into the locker.
[2018/1/6 - 23:32:48] David Willowbrook has logged out.
[2018/1/6 - 23:33:10] Ninou Mofujohn has deposited a SPAS-12 into the locker.
[2018/1/6 - 23:33:32] Scotty Cain has logged out.
[2018/1/6 - 23:33:59] Ninou Mofujohn has deposited a SPAS-12 into the locker.
[2018/1/6 - 23:34:03] Scotty Cain has logged in.
[2018/1/6 - 23:34:10] Haris Jones has logged in.
[2018/1/6 - 23:34:58] Ninou Mofujohn has deposited a SPAS-12 into the locker.
[2018/1/6 - 23:36:10] Ninou Mofujohn has authorized Haris Jones to withdraw a Shotgun from the weapon locker (Cost: 3)
[2018/1/6 - 23:36:23] Ninou Mofujohn has deposited a SPAS-12 into the locker.
[2018/1/6 - 23:40:22] Ninou Mofujohn has withdrawn 60 grams of Meth from the safe.
[2018/1/6 - 23:43:53] Ninou Mofujohn has deposited a SPAS-12 into the locker.
[2018/1/6 - 23:44:00] Ninou Mofujohn has deposited a Sniper Rifle into the locker.
[2018/1/6 - 23:44:56] Ninou Mofujohn has withdrawn $80,000 from the safe.
[2018/1/6 - 23:44:59] Ninou Mofujohn has authorized Abe Abdel to withdraw a Shotgun from the weapon locker (Cost: 3)
[2018/1/6 - 23:45:09] Ninou Mofujohn has withdrawn $500,000 from the safe.
[2018/1/6 - 23:46:27] Ninou Mofujohn has logged out.
[2018/1/6 - 23:47:13] Ninou Mofujohn has logged in.
[2018/1/6 - 23:47:23] Ninou Mofujohn has deposited a SPAS-12 into the locker.
[2018/1/6 - 23:51:06] Brandon Volkoff has logged out.
[2018/1/6 - 23:51:37] Zieyd Adams has logged in.
[2018/1/6 - 23:52:07] Ninou Mofujohn has deposited a SPAS-12 into the locker.
[2018/1/6 - 23:52:44] Ninou Mofujohn has deposited a SPAS-12 into the locker.
[2018/1/6 - 23:53:05] Ninou Mofujohn has deposited a SPAS-12 into the locker.
[2018/1/6 - 23:53:12] Ninou Mofujohn has authorized Zieyd Adams to withdraw a Desert Eagle from the weapon locker (Cost: 5)
[2018/1/6 - 23:55:20] Ninou Mofujohn has deposited a SPAS-12 into the locker.
[2018/1/6 - 23:58:26] Ninou Mofujohn has deposited a Sniper Rifle into the locker.
[2018/1/6 - 23:59:04] Ninou Mofujohn has deposited a Sniper Rifle into the locker.
[2018/1/6 - 23:59:18] Ninou Mofujohn has deposited a SPAS-12 into the locker.
