[2018/1/2 - 0:02:50] Clint Maddox has logged in.
[2018/1/2 - 0:03:48] HNIC Ninou Mofujohn has lost connection.
[2018/1/2 - 0:08:02] Ninou Mofujohn has logged in.
[2018/1/2 - 0:15:15] Wayne Dios Hunt has logged in.
[2018/1/2 - 0:24:03] HNIC Ninou Mofujohn has lost connection.
[2018/1/2 - 0:25:40] Ninou Mofujohn has logged in.
[2018/1/2 - 0:32:00] Omar Hartman (1000625086) accepted Big Poot Clint Maddox's (887818) invite to join 1323 Market  Mobb (25).
[2018/1/2 - 0:35:15] Haris Jones has logged in.
[2018/1/2 - 0:39:25] Terence Brown has logged out.
[2018/1/2 - 0:41:52] Ninou Mofujohn has deposited 800 materials into the safe.
[2018/1/2 - 0:41:56] Jeremy Mofujohn has logged out.
[2018/1/2 - 0:42:08] Benny Smith Wallace has logged out.
[2018/1/2 - 0:44:39] Kevin Mayhem (1000409444) accepted HNIC Ninou Mofujohn's (137951) invite to join 1323 Market  Mobb (25).
[2018/1/2 - 0:52:30] HNIC Ninou Mofujohn (137951) (rank 6) has given Kevin Mayhem (1000409444) rank 4 (Blocc Star) in 1323 Market  Mobb (25).
[2018/1/2 - 0:53:19] Blocc Star Wayne Dios Hunt has lost connection.
[2018/1/2 - 0:53:59] Kevin Mayhem has logged out.
[2018/1/2 - 0:54:04] Wayne Dios Hunt has logged in.
[2018/1/2 - 1:02:28] Omar Hartman has logged out.
[2018/1/2 - 1:11:50] HNIC Ninou Mofujohn has lost connection.
[2018/1/2 - 1:12:21] Ninou Mofujohn has logged in.
[2018/1/2 - 1:21:29] Terence Brown has logged in.
[2018/1/2 - 1:22:00] Blocc Star Wayne Dios Hunt has lost connection.
[2018/1/2 - 1:22:20] Wayne Dios Hunt has logged in.
[2018/1/2 - 1:23:41] Ninou Mofujohn has logged out.
[2018/1/2 - 1:26:00] Clint Maddox has logged out.
[2018/1/2 - 1:33:05] Terence Brown has logged out.
[2018/1/2 - 1:40:30] Clint Maddox has logged in.
[2018/1/2 - 1:40:38] Ninou Mofujohn has logged in.
[2018/1/2 - 1:42:45] Jax Dios Davis (1000624993) accepted HNIC Ninou Mofujohn's (137951) invite to join 1323 Market  Mobb (25).
[2018/1/2 - 1:43:09] HNIC Ninou Mofujohn (137951) has set Jax Dios Davis's (1000624993) division to Hangout in 1323 Market  Mobb (25).
[2018/1/2 - 1:44:56] Dan Yiu Shan has logged in.
[2018/1/2 - 1:58:07] HNIC Ninou Mofujohn has lost connection.
[2018/1/2 - 1:58:34] Clint Maddox has logged out.
[2018/1/2 - 1:59:22] Ninou Mofujohn has logged in.
[2018/1/2 - 2:10:02] Ninou Mofujohn has adjusted the withdraw rank for item 2 to 6.
[2018/1/2 - 2:10:05] Ninou Mofujohn has adjusted the withdraw rank for item 1 to 6.
[2018/1/2 - 2:10:08] Ninou Mofujohn has adjusted the withdraw rank for item 0 to 6.
[2018/1/2 - 2:10:19] Ninou Mofujohn has withdrawn 2 grams of Pot from the safe.
[2018/1/2 - 2:10:25] Ninou Mofujohn has withdrawn 20 grams of Pot from the safe.
[2018/1/2 - 2:12:09] Wayne Dios Hunt has logged out.
[2018/1/2 - 2:12:39] Wayne Dios Hunt has logged in.
[2018/1/2 - 2:28:55] Dan Yiu Shan has logged out.
[2018/1/2 - 2:35:02] Mohamed Mofujohn has logged in.
[2018/1/2 - 2:35:21] HNIC Ninou Mofujohn (137951) has set Mohamed Mofujohn's (36162) division to Mofujohn Line in 1323 Market  Mobb (25).
[2018/1/2 - 2:36:29] Mohamed Mofujohn has logged out.
[2018/1/2 - 2:37:21] Mohamed Mofujohn has logged in.
[2018/1/2 - 2:38:27] Yarrak Kafalii has logged in.
[2018/1/2 - 2:43:05] Mohamed Mofujohn has logged out.
[2018/1/2 - 2:57:09] Yarrak Kafalii has logged out.
[2018/1/2 - 3:09:21] Sait Cinar (887762) accepted HNIC Ninou Mofujohn's (137951) invite to join 1323 Market  Mobb (25).
[2018/1/2 - 3:40:28] HNIC Ninou Mofujohn (137951) (rank 6) has uninvited Sait Cinar (887762) (rank 0) from 1323 Market  Mobb (25).
[2018/1/2 - 3:52:22] Ninou Mofujohn has logged out.
[2018/1/2 - 4:14:54] Jax Dios Davis has logged out.
[2018/1/2 - 4:15:40] Jax Dios Davis has logged in.
[2018/1/2 - 5:07:38] Blocc Star Wayne Dios Hunt has lost connection.
[2018/1/2 - 5:08:31] Wayne Dios Hunt has logged in.
[2018/1/2 - 5:58:24] Pepito Wing has logged in.
[2018/1/2 - 6:04:46] James Mofuman has logged in.
[2018/1/2 - 6:05:30] Baby Crip James Mofuman has lost connection.
[2018/1/2 - 6:06:34] James Mofuman has logged in.
[2018/1/2 - 6:06:38] Baby Crip Jax Dios Davis has lost connection.
[2018/1/2 - 6:07:10] Jax Dios Davis has logged in.
[2018/1/2 - 6:22:17] James Mofuman (1000624821) has quit the 1323 Market  Mobb as a rank 0
[2018/1/2 - 6:31:12] Pepito Wing has logged out.
[2018/1/2 - 6:33:43] Blocc Star Wayne Dios Hunt has lost connection.
[2018/1/2 - 6:34:38] Wayne Dios Hunt has logged in.
[2018/1/2 - 6:50:04] Pepito Wing has logged in.
[2018/1/2 - 7:14:46] Jax Dios Hunt has logged out.
[2018/1/2 - 7:27:11] Wayne Dios Hunt has logged out.
[2018/1/2 - 7:27:49] Wayne Dios Hunt has logged in.
[2018/1/2 - 7:32:29] Jax Dios Hunt has logged in.
[2018/1/2 - 7:56:04] Wayne Dios Hunt has withdrawn a Desert Eagle from the weapon locker (Cost: 10)
[2018/1/2 - 7:56:32] Wayne Dios Hunt has withdrawn a Desert Eagle from the weapon locker (Cost: 10)
[2018/1/2 - 7:57:50] Wayne Dios Hunt has withdrawn a SPAS-12 from the weapon locker (Cost: 75)
[2018/1/2 - 7:58:33] Wayne Dios Hunt has withdrawn a SPAS-12 from the weapon locker (Cost: 75)
[2018/1/2 - 7:59:26] Wayne Dios Hunt has withdrawn a MP5 from the weapon locker (Cost: 10)
[2018/1/2 - 7:59:39] Wayne Dios Hunt has withdrawn a MP5 from the weapon locker (Cost: 10)
[2018/1/2 - 8:04:52] Dwayne Radcliffe has logged in.
[2018/1/2 - 8:06:30] Pepito Wing has logged out.
[2018/1/2 - 8:06:45] Jax Dios Hunt has logged out.
[2018/1/2 - 8:06:45] Wayne Dios Hunt has logged out.
[2018/1/2 - 8:09:18] Jax Dios Hunt has logged in.
[2018/1/2 - 8:15:19] Pepito Wing has logged in.
[2018/1/2 - 8:17:58] Pepito Wing has logged out.
[2018/1/2 - 8:19:01] Dwayne Radcliffe has logged in.
[2018/1/2 - 8:19:13] Baby Crip Dwayne Radcliffe has lost connection.
[2018/1/2 - 8:19:58] Dwayne Radcliffe has logged in.
[2018/1/2 - 8:22:08] Pepito Wing has logged in.
[2018/1/2 - 8:23:13] Jax Dios Hunt has logged out.
[2018/1/2 - 8:23:31] Pepito Wing has logged out.
[2018/1/2 - 8:25:39] Dwayne Radcliffe has logged out.
[2018/1/2 - 9:00:47] Pepito Wing has logged in.
[2018/1/2 - 9:09:01] Jax Dios Hunt has logged in.
[2018/1/2 - 9:10:03] Jax Dios Hunt has logged out.
[2018/1/2 - 9:11:14] Pepito Wing has logged out.
[2018/1/2 - 9:12:00] Jax Dios Hunt has logged in.
[2018/1/2 - 10:10:58] Jax Dios Hunt has logged out.
[2018/1/2 - 11:54:39] Jax Dios Hunt has logged in.
[2018/1/2 - 12:19:52] Jax Dios Hunt (1000624993) has quit the 1323 Market  Mobb as a rank 0
[2018/1/2 - 12:22:55] Eddie Kingpin Jr has logged in.
[2018/1/2 - 12:30:26] Jax Dios Hunt has logged in.
[2018/1/2 - 12:31:14] Jax Dios Hunt (1000624993) has quit the 1323 Market  Mobb as a rank 0
[2018/1/2 - 12:31:37] Nicholas Naughton has logged in.
[2018/1/2 - 12:32:58] Eddie Kingpin Jr has logged in.
[2018/1/2 - 12:35:24] Eddie Kingpin Jr has logged out.
[2018/1/2 - 12:37:11] Nicholas Naughton (1000380417) has quit the 1323 Market  Mobb as a rank 0
[2018/1/2 - 12:39:53] Eddie Kingpin Jr has logged in.
[2018/1/2 - 12:48:24] Dwayne Radcliffe has logged in.
[2018/1/2 - 12:58:25] Eddie Kingpin Jr has logged out.
[2018/1/2 - 13:20:06] Eddie Kingpin Jr has logged in.
[2018/1/2 - 13:39:15] Dan Yiu Shan has logged in.
[2018/1/2 - 13:44:18] Jeremy Mofujohn has logged in.
[2018/1/2 - 13:44:51] Clint Maddox has logged in.
[2018/1/2 - 13:44:59] Terence Brown has logged in.
[2018/1/2 - 13:46:22] Kevin Kush (1000071051) has made Kevin Kush (1000071051) the leader of the 1323 Market  Mobb.
[2018/1/2 - 13:52:15] Jeremy Mofujohn has logged out.
[2018/1/2 - 13:54:34] Cody Mcwilliams (1000624803) accepted Big Poot Clint Maddox's (887818) invite to join 1323 Market  Mobb (25).
[2018/1/2 - 13:55:43] Baby Crip Cody Mcwilliams has lost connection.
[2018/1/2 - 13:56:16] Cody Mcwilliams has logged in.
[2018/1/2 - 14:01:28] Cody Mcwilliams has logged out.
[2018/1/2 - 14:01:32] Tony Brooks (1000625272) accepted Big Poot Clint Maddox's (887818) invite to join 1323 Market  Mobb (25).
[2018/1/2 - 14:02:35] Big Poot Clint Maddox (887818) (rank 5) has given Eddie Kingpin Jr (1000624903) rank 2 (Crip) in 1323 Market  Mobb (25).
[2018/1/2 - 14:04:27] Cody Mcwilliams has logged in.
[2018/1/2 - 14:05:01] Baby Crip Cody Mcwilliams has lost connection.
[2018/1/2 - 14:05:20] Cody Mcwilliams has logged in.
[2018/1/2 - 14:08:11] Big Poot Clint Maddox (887818) has set Eddie Kingpin Jr's (1000624903) division to BloCC Work in 1323 Market  Mobb (25).
[2018/1/2 - 14:11:41] Clint Maddox (887818) has renamed the 0 division (#4) to OG Killa
[2018/1/2 - 14:11:47] Big Poot Clint Maddox (887818) has set Clint Maddox's (887818) division to OG Killa in 1323 Market  Mobb (25).
[2018/1/2 - 14:14:16] Big Poot Clint Maddox (887818) (rank 5) has given Dwayne Radcliffe (1000624841) rank 1 (Lil\' Poot) in 1323 Market  Mobb (25).
[2018/1/2 - 14:14:53] Big Poot Clint Maddox (887818) (rank 5) has given Tony Brooks (1000625272) rank 1 (Lil\' Poot) in 1323 Market  Mobb (25).
[2018/1/2 - 14:15:04] Ahmad Singleton (1000624837) accepted Big Poot Clint Maddox's (887818) invite to join 1323 Market  Mobb (25).
[2018/1/2 - 14:15:32] Big Poot Clint Maddox (887818) (rank 5) has uninvited Ahmad Singleton (1000624837) (rank 0) from 1323 Market  Mobb (25).
[2018/1/2 - 14:15:42] Big Poot Clint Maddox (887818) (rank 5) has given Cody Mcwilliams (1000624803) rank 1 (Lil\' Poot) in 1323 Market  Mobb (25).
[2018/1/2 - 14:19:00] Big Poot Clint Maddox (887818) has set Eddie Kingpin Jr's (1000624903) division to OG Killa in 1323 Market  Mobb (25).
[2018/1/2 - 14:23:45] Yarrak Kafalii has logged in.
[2018/1/2 - 14:23:49] Terence Brown has logged in.
[2018/1/2 - 14:24:18] Baby Crip Yarrak Kafalii has lost connection.
[2018/1/2 - 14:24:49] Yarrak Kafalii has logged in.
[2018/1/2 - 14:25:27] Michael Jay White (1000625106) accepted Big Poot Clint Maddox's (887818) invite to join 1323 Market  Mobb (25).
[2018/1/2 - 14:29:03] Big Poot Clint Maddox (887818) (rank 5) has uninvited Yarrak Kafalii (1000624886) (rank 0) from 1323 Market  Mobb (25).
[2018/1/2 - 14:30:26] Jeremy Mofujohn has logged in.
[2018/1/2 - 14:32:43] Joe Dos Santos (1000198726) accepted Big Poot Clint Maddox's (887818) invite to join 1323 Market  Mobb (25).
[2018/1/2 - 14:32:50] Big Poot Clint Maddox (887818) (rank 5) has given Joe Dos Santos (1000198726) rank 1 (Lil\' Poot) in 1323 Market  Mobb (25).
[2018/1/2 - 14:34:35] Ninou Mofujohn has logged in.
[2018/1/2 - 14:35:43] Danilo Buenoh has logged out.
[2018/1/2 - 14:44:53] Big Poot Clint Maddox (887818) has set Joe Dos Santos's (1000198726) division to OG Killa in 1323 Market  Mobb (25).
[2018/1/2 - 14:48:13] Eddie Kingpin Jr has logged out.
[2018/1/2 - 14:48:23] Jeremy Mofujohn has logged out.
[2018/1/2 - 14:51:46] Terence Brown has logged out.
[2018/1/2 - 14:53:03] Jeremy Maslow (1000502462) accepted HNIC Ninou Mofujohn's (137951) invite to join 1323 Market  Mobb (25).
[2018/1/2 - 14:54:02] Baby Crip Jeremy Maslow has lost connection.
[2018/1/2 - 14:55:47] Jeremy Maslow has logged in.
[2018/1/2 - 14:56:21] Cody Mcwilliams has logged in.
[2018/1/2 - 14:57:19] Dwayne Radcliffe has logged out.
[2018/1/2 - 15:00:25] Baby Crip Jeremy Maslow has lost connection.
[2018/1/2 - 15:05:26] Eddie Kingpin Jr has logged in.
[2018/1/2 - 15:18:09] Joe Dos Santos has logged out.
[2018/1/2 - 15:20:14] Michael Jay White has logged out.
[2018/1/2 - 15:23:18] Clint Maddox has logged out.
[2018/1/2 - 15:23:40] James Blacker (1000515026) accepted HNIC Ninou Mofujohn's (137951) invite to join 1323 Market  Mobb (25).
[2018/1/2 - 15:30:07] Tony Brooks has logged out.
[2018/1/2 - 15:30:32] Eddie Kingpin Jr has logged out.
[2018/1/2 - 15:31:36] Eddie Kingpin Jr has logged in.
[2018/1/2 - 15:34:33] Ryan Dunwich (1000526203) accepted HNIC Ninou Mofujohn's (137951) invite to join 1323 Market  Mobb (25).
[2018/1/2 - 15:35:06] HNIC Ninou Mofujohn (137951) has set Ryan Dunwich's (1000526203) division to Hangout in 1323 Market  Mobb (25).
[2018/1/2 - 15:37:17] Benny Smith Wallace has logged in.
[2018/1/2 - 15:38:51] Laquez Liang (1000417294) accepted HNIC Ninou Mofujohn's (137951) invite to join 1323 Market  Mobb (25).
[2018/1/2 - 15:43:44] Ninou Mofujohn has withdrawn 500 materials from the safe.
[2018/1/2 - 15:44:02] Danilo Buenoh has logged in.
[2018/1/2 - 15:56:16] Steve Mofujohn has logged in.
[2018/1/2 - 16:00:25] Benny Smith Wallace has logged out.
[2018/1/2 - 16:02:20] HNIC Steve Mofujohn has lost connection.
[2018/1/2 - 16:03:57] Jeremy Mofujohn has logged in.
[2018/1/2 - 16:04:45] Kevin Kush (1000071051) has made Kevin Kush (1000071051) the leader of the 1323 Market  Mobb.
[2018/1/2 - 16:04:57] Clint Maddox has logged in.
[2018/1/2 - 16:06:37] Bruce Liang has logged out.
[2018/1/2 - 16:06:48] Steve Mofujohn has logged in.
[2018/1/2 - 16:08:17] Bruce Liang has logged in.
[2018/1/2 - 16:09:16] Mac Hooligan Maddox (1000046612) accepted Big Poot Clint Maddox's (887818) invite to join 1323 Market  Mobb (25).
[2018/1/2 - 16:11:30] Ryan Dunwich has deposited 700 materials into the safe.
[2018/1/2 - 16:14:48] Big Poot Clint Maddox (887818) has set Mac Hooligan Maddox's (1000046612) division to OG Killa in 1323 Market  Mobb (25).
[2018/1/2 - 16:34:28] Jeremy Mofujohn has logged out.
[2018/1/2 - 16:38:02] Mac Hooligan Maddox has logged out.
[2018/1/2 - 16:38:23] Kevin Kush (1000071051) has made Kevin Kush (1000071051) the leader of the 1323 Market  Mobb.
[2018/1/2 - 16:38:23] Jay Radcliffe has logged in.
[2018/1/2 - 16:39:13] Laquez Liang has logged out.
[2018/1/2 - 16:43:04] Jay Radcliffe has logged out.
[2018/1/2 - 16:44:02] Jay Radcliffe has logged in.
[2018/1/2 - 16:48:07] Ninou Mofujohn has logged out.
[2018/1/2 - 16:51:29] Clint Maddox has logged out.
[2018/1/2 - 16:58:41] Cody Mcwilliams has logged in.
[2018/1/2 - 17:02:20] Ryan Dunwich has logged out.
[2018/1/2 - 17:02:50] Bruce Liang has logged out.
[2018/1/2 - 17:03:05] Ryan Dunwich has logged in.
[2018/1/2 - 17:09:13] James Blacker has logged in.
[2018/1/2 - 17:09:22] Bruce Liang has logged in.
[2018/1/2 - 17:09:28] Baby Crip James Blacker has lost connection.
[2018/1/2 - 17:09:42] James Blacker has logged in.
[2018/1/2 - 17:12:42] Cody Mcwilliams has logged out.
[2018/1/2 - 17:14:50] Wayne Dios Hunt has logged in.
[2018/1/2 - 17:16:00] Benny Smith Wallace has logged in.
[2018/1/2 - 17:21:04] Jay Radcliffe has logged out.
[2018/1/2 - 17:22:03] Jay Radcliffe has logged in.
[2018/1/2 - 17:26:31] James Blacker has logged out.
[2018/1/2 - 17:31:24] Clint Maddox has logged in.
[2018/1/2 - 17:31:49] James Blacker has logged in.
[2018/1/2 - 17:32:02] Baby Crip James Blacker has lost connection.
[2018/1/2 - 17:32:19] James Blacker has logged in.
[2018/1/2 - 17:32:51] Bruce Liang has logged out.
[2018/1/2 - 17:34:53] Dwayne Radcliffe has logged in.
[2018/1/2 - 17:37:03] Jay Radcliffe has logged out.
[2018/1/2 - 17:37:39] Jay Radcliffe has logged in.
[2018/1/2 - 17:40:10] Amdan Siker (1000625317) accepted Big Poot Clint Maddox's (887818) invite to join 1323 Market  Mobb (25).
[2018/1/2 - 17:49:00] Benny Smith Wallace has logged out.
[2018/1/2 - 17:56:50] Bruce Liang has logged in.
[2018/1/2 - 17:57:12] Amdan Siker has logged out.
[2018/1/2 - 17:57:42] Amdan Siker has logged in.
[2018/1/2 - 17:57:49] Cody Mcwilliams has logged in.
[2018/1/2 - 17:59:40] Bruce Liang has logged out.
[2018/1/2 - 18:00:07] Baby Crip James Blacker has lost connection.
[2018/1/2 - 18:01:58] James Blacker has logged in.
[2018/1/2 - 18:02:11] Baby Crip James Blacker has lost connection.
[2018/1/2 - 18:02:29] James Blacker has logged in.
[2018/1/2 - 18:03:00] James Blacker has logged out.
[2018/1/2 - 18:10:22] HNIC Steve Mofujohn has lost connection.
[2018/1/2 - 18:11:27] Steve Mofujohn has logged in.
[2018/1/2 - 18:13:10] Tony Brooks has logged in.
[2018/1/2 - 18:13:25] Iheb Ben Mofujohn (19910) accepted Big Poot Clint Maddox's (887818) invite to join 1323 Market  Mobb (25).
[2018/1/2 - 18:15:13] Nicholas Winchester (1000625001) accepted HNIC Steve Mofujohn's (16222) invite to join 1323 Market  Mobb (25).
[2018/1/2 - 18:16:09] Tony Brooks has logged out.
[2018/1/2 - 18:16:12] Cody Mcwilliams has logged out.
[2018/1/2 - 18:16:30] Big Poot Clint Maddox (887818) (rank 5) has given Iheb Ben Mofujohn (19910) rank 4 (Blocc Star) in 1323 Market  Mobb (25).
[2018/1/2 - 18:17:37] Big Poot Clint Maddox (887818) has set Iheb Ben Mofujohn's (19910) division to Mofujohn Line in 1323 Market  Mobb (25).
[2018/1/2 - 18:17:58] HNIC Steve Mofujohn (16222) has set Amdan Siker's (1000625317) division to Hangout in 1323 Market  Mobb (25).
[2018/1/2 - 18:18:33] Iheb Ben Mofujohn has logged out.
[2018/1/2 - 18:20:29] Kevin Kush (1000071051) has made Kevin Kush (1000071051) the leader of the 1323 Market  Mobb.
[2018/1/2 - 18:21:26] Iheb Ben Mofujohn has logged in.
[2018/1/2 - 18:22:21] Clint Maddox (887818) has renamed the 0 division (#5) to Hustler
[2018/1/2 - 18:22:30] Big Poot Clint Maddox (887818) has set Clint Maddox's (887818) division to Hustler in 1323 Market  Mobb (25).
[2018/1/2 - 18:22:55] Nicholas Winchester has logged out.
[2018/1/2 - 18:27:03] Trizz Liang (53332) accepted Big Poot Clint Maddox's (887818) invite to join 1323 Market  Mobb (25).
[2018/1/2 - 18:28:02] Big Poot Clint Maddox (887818) (rank 5) has given Trizz Liang (53332) rank 4 (Blocc Star) in 1323 Market  Mobb (25).
[2018/1/2 - 18:33:31] Danilo Buenoh (1000397337) has quit the 1323 Market  Mobb as a rank 4
[2018/1/2 - 18:35:08] Ryan Dunwich has deposited $20000 into the safe.
[2018/1/2 - 18:36:44] Jay Radcliffe has logged out.
[2018/1/2 - 18:38:04] Kevin Kush (1000071051) has made Kevin Kush (1000071051) the leader of the 1323 Market  Mobb.
[2018/1/2 - 18:47:43] Trizz Liang has logged out.
[2018/1/2 - 18:49:01] Dwayne Radcliffe has logged out.
[2018/1/2 - 18:58:59] HNIC Steve Mofujohn (16222) (rank 6) has given Iheb Ben Mofujohn (19910) rank 5 (Big Poot) in 1323 Market  Mobb (25).
[2018/1/2 - 19:00:04] Kevin Kush (1000071051) has made Kevin Kush (1000071051) the leader of the 1323 Market  Mobb.
[2018/1/2 - 19:02:08] Iheb Ben Mofujohn has logged out.
[2018/1/2 - 19:02:59] Iheb Ben Mofujohn has logged in.
[2018/1/2 - 19:03:49] Tony Brooks has logged in.
[2018/1/2 - 19:10:03] Steve Mofujohn has withdrawn 50 grams of Pot from the safe.
[2018/1/2 - 19:10:27] Benny Smith Wallace has logged in.
[2018/1/2 - 19:14:56] Clint Maddox has logged out.
[2018/1/2 - 19:15:12] Tony Brooks has logged out.
[2018/1/2 - 19:16:41] Clint Maddox has logged in.
[2018/1/2 - 19:18:04] HNIC Steve Mofujohn has lost connection.
[2018/1/2 - 19:19:06] Tony Brooks has logged in.
[2018/1/2 - 19:20:04] Steve Mofujohn has logged in.
[2018/1/2 - 19:20:27] Tony Brooks has logged out.
[2018/1/2 - 19:21:21] Tony Kuznetsov (1000624932) accepted Big Poot Benny Smith Wallace's (1000023930) invite to join 1323 Market  Mobb (25).
[2018/1/2 - 19:25:43] Ryan Dunwich has logged out.
[2018/1/2 - 19:28:54] Tony Kuznetsov has logged out.
[2018/1/2 - 19:37:25] Iheb Ben Mofujohn has logged out.
[2018/1/2 - 19:38:13] Iheb Ben Mofujohn has logged in.
[2018/1/2 - 19:39:04] Alessandro Abano has logged in.
[2018/1/2 - 19:40:14] Iheb Ben Mofujohn has logged out.
[2018/1/2 - 19:40:59] Bruce Liang has logged in.
[2018/1/2 - 19:45:13] Joe Dos Santos has logged in.
[2018/1/2 - 19:45:33] James Blacker has logged in.
[2018/1/2 - 19:45:45] Baby Crip James Blacker has lost connection.
[2018/1/2 - 19:46:06] James Blacker has logged in.
[2018/1/2 - 19:46:18] Big Poot Clint Maddox (887818) has set Benny Smith Wallace's (1000023930) division to Hustler in 1323 Market  Mobb (25).
[2018/1/2 - 19:46:57] Amdan Siker has logged out.
[2018/1/2 - 19:46:59] Jay Flleming (1000625366) accepted Big Poot Clint Maddox's (887818) invite to join 1323 Market  Mobb (25).
[2018/1/2 - 19:47:10] Big Poot Clint Maddox (887818) has set Jay Flleming's (1000625366) division to Hustler in 1323 Market  Mobb (25).
[2018/1/2 - 19:47:22] Amdan Siker has logged in.
[2018/1/2 - 19:47:34] Carl Jr Cartman (1000054779) accepted Big Poot Clint Maddox's (887818) invite to join 1323 Market  Mobb (25).
[2018/1/2 - 19:52:38] Rayne Bubbles (1000564577) accepted Big Poot Benny Smith Wallace's (1000023930) invite to join 1323 Market  Mobb (25).
[2018/1/2 - 19:53:13] James Blacker has logged out.
[2018/1/2 - 19:53:27] Tony Kuznetsov has logged in.
[2018/1/2 - 19:55:59] Tony Kuznetsov has logged in.
[2018/1/2 - 19:58:14] Sergio Xin Lancer has logged out.
[2018/1/2 - 19:58:27] Sergio Xin Lancer has logged in.
[2018/1/2 - 19:59:00] Carl Jr Cartman has logged out.
[2018/1/2 - 19:59:02] Clint Maddox has logged out.
[2018/1/2 - 19:59:21] Iheb Ben Mofujohn has logged in.
[2018/1/2 - 19:59:29] Joe Dos Santos has logged out.
[2018/1/2 - 20:04:52] Sergio Xin Lancer has logged out.
[2018/1/2 - 20:06:51] Amdan Siker has logged in.
[2018/1/2 - 20:07:36] Jay Flleming has logged out.
[2018/1/2 - 20:09:18] Jay Flleming has logged in.
[2018/1/2 - 20:09:22] Blocc Star Wayne Dios Hunt has lost connection.
[2018/1/2 - 20:10:12] Wayne Dios Hunt has logged in.
[2018/1/2 - 20:11:09] Tony Brooks has logged in.
[2018/1/2 - 20:12:19] Jay Flleming has logged out.
[2018/1/2 - 20:12:25] Ninou Mofujohn has logged in.
[2018/1/2 - 20:12:55] Baby Crip Tony Kuznetsov has lost connection.
[2018/1/2 - 20:13:09] HNIC Ninou Mofujohn (137951) (rank 6) has given Iheb Ben Mofujohn (19910) rank 0 (Baby Crip) in 1323 Market  Mobb (25).
[2018/1/2 - 20:13:50] Tony Kuznetsov has logged in.
[2018/1/2 - 20:14:01] Sergio Xin Lancer has logged in.
[2018/1/2 - 20:14:19] Baby Crip Tony Kuznetsov has lost connection.
[2018/1/2 - 20:15:16] Tony Kuznetsov has logged in.
[2018/1/2 - 20:16:01] Tony Kuznetsov has logged out.
[2018/1/2 - 20:16:42] Tony Kuznetsov has logged in.
[2018/1/2 - 20:17:51] Iheb Ben Mofujohn (19910) has quit the 1323 Market  Mobb as a rank 0
[2018/1/2 - 20:18:57] Tony Kuznetsov has logged out.
[2018/1/2 - 20:19:40] Tony Kuznetsov has logged in.
[2018/1/2 - 20:20:44] Tony Kuznetsov has logged out.
[2018/1/2 - 20:21:13] Joe Flleming (1000087611) accepted HNIC Ninou Mofujohn's (137951) invite to join 1323 Market  Mobb (25).
[2018/1/2 - 20:21:45] Tony Kuznetsov has logged in.
[2018/1/2 - 20:22:47] Tony Kuznetsov has logged out.
[2018/1/2 - 20:23:49] Tony Kuznetsov has logged in.
[2018/1/2 - 20:24:19] HNIC Ninou Mofujohn (137951) has set Tony Brooks's (1000625272) division to Hangout in 1323 Market  Mobb (25).
[2018/1/2 - 20:25:20] Baby Crip Rayne Bubbles has lost connection.
[2018/1/2 - 20:25:44] Rayne Bubbles has logged in.
[2018/1/2 - 20:27:17] Baby Crip Rayne Bubbles has lost connection.
[2018/1/2 - 20:27:37] Rayne Bubbles has logged in.
[2018/1/2 - 20:32:02] Blocc Star Wayne Dios Hunt has lost connection.
[2018/1/2 - 20:32:27] Wayne Dios Hunt has logged in.
[2018/1/2 - 20:33:29] HNIC Steve Mofujohn (16222) (rank 6) has given Amdan Siker (1000625317) rank 1 (Lil\' Poot) in 1323 Market  Mobb (25).
[2018/1/2 - 20:33:33] HNIC Steve Mofujohn (16222) (rank 6) has given Rayne Bubbles (1000564577) rank 1 (Lil\' Poot) in 1323 Market  Mobb (25).
[2018/1/2 - 20:33:36] HNIC Steve Mofujohn (16222) (rank 6) has given Tony Kuznetsov (1000624932) rank 1 (Lil\' Poot) in 1323 Market  Mobb (25).
[2018/1/2 - 20:35:06] Amdan Siker has logged out.
[2018/1/2 - 20:35:44] Amdan Siker has logged in.
[2018/1/2 - 20:38:10] Amdan Siker has logged in.
[2018/1/2 - 20:40:49] HNIC Steve Mofujohn (16222) (rank 6) has given Alessandro Abano (1000625000) rank 1 (Lil\' Poot) in 1323 Market  Mobb (25).
[2018/1/2 - 20:41:10] Steve Mofujohn has authorized Alessandro Abano to withdraw a Desert Eagle from the weapon locker (Cost: 10)
[2018/1/2 - 20:41:28] Steve Mofujohn has withdrawn a Desert Eagle from the weapon locker (Cost: 10)
[2018/1/2 - 20:41:36] Steve Mofujohn has withdrawn a MP5 from the weapon locker (Cost: 10)
[2018/1/2 - 20:41:43] Ninou Mofujohn has withdrawn a Desert Eagle from the weapon locker (Cost: 10)
[2018/1/2 - 20:42:01] Sergio Xin Lancer has withdrawn a Desert Eagle from the weapon locker (Cost: 10)
[2018/1/2 - 20:43:40] Clint Maddox has logged in.
[2018/1/2 - 20:44:35] Nicole Trey has withdrawn a Silenced Colt .45 from the weapon locker (Cost: 5)
[2018/1/2 - 20:45:01] Lil\' Poot Tony Kuznetsov has lost connection.
[2018/1/2 - 20:45:03] Ninou Mofujohn has authorized Joe Flleming to withdraw a Shotgun from the weapon locker (Cost: 5)
[2018/1/2 - 20:45:08] Clint Maddox has withdrawn a Shotgun from the weapon locker (Cost: 5)
[2018/1/2 - 20:45:11] Amdan Siker has withdrawn a Silenced Colt .45 from the weapon locker (Cost: 5)
[2018/1/2 - 20:46:50] Alessandro Abano has logged out.
[2018/1/2 - 20:47:23] Benny Smith Wallace has withdrawn a Shotgun from the weapon locker (Cost: 5)
[2018/1/2 - 20:48:32] Jeremy Mofujohn has logged in.
[2018/1/2 - 20:49:10] Sergio Xin Lancer has withdrawn a Desert Eagle from the weapon locker (Cost: 10)
[2018/1/2 - 20:49:35] Ninou Mofujohn has withdrawn a Desert Eagle from the weapon locker (Cost: 10)
[2018/1/2 - 20:51:44] Tony Kuznetsov has logged in.
[2018/1/2 - 20:53:01] Ninou Mofujohn has withdrawn a Desert Eagle from the weapon locker (Cost: 10)
[2018/1/2 - 20:53:14] Alessandro Abano has logged in.
[2018/1/2 - 20:53:14] Benny Smith Wallace has withdrawn a Shotgun from the weapon locker (Cost: 5)
[2018/1/2 - 20:53:44] Jeremy Mofujohn has withdrawn a Shotgun from the weapon locker (Cost: 5)
[2018/1/2 - 20:54:04] Clint Maddox has withdrawn a Shotgun from the weapon locker (Cost: 5)
[2018/1/2 - 20:54:10] Steve Mofujohn has withdrawn a Desert Eagle from the weapon locker (Cost: 10)
[2018/1/2 - 20:54:17] Steve Mofujohn has authorized Sergio Xin Lancer to withdraw a Shotgun from the weapon locker (Cost: 5)
[2018/1/2 - 20:54:35] Jeremy Mofujohn has withdrawn a Shotgun from the weapon locker (Cost: 5)
[2018/1/2 - 20:55:00] Tony Kuznetsov has logged out.
[2018/1/2 - 20:56:01] Benny Smith Wallace has logged out.
[2018/1/2 - 20:56:53] Jay Radcliffe has logged in.
[2018/1/2 - 20:57:27] Benny Smith Wallace has logged in.
[2018/1/2 - 20:57:35] Alessandro Abano has logged out.
[2018/1/2 - 20:58:20] Alessandro Abano has logged in.
[2018/1/2 - 20:58:53] Daniel Bishop (1000342598) has quit the 1323 Market  Mobb as a rank 6
[2018/1/2 - 20:59:43] Rambo Dunbar (1000625043) accepted HNIC Ninou Mofujohn's (137951) invite to join 1323 Market  Mobb (25).
[2018/1/2 - 21:00:24] HNIC Ninou Mofujohn (137951) has set Jay Radcliffe's (1000624842) division to Hangout in 1323 Market  Mobb (25).
[2018/1/2 - 21:00:29] HNIC Ninou Mofujohn (137951) has set Rambo Dunbar's (1000625043) division to Hangout in 1323 Market  Mobb (25).
[2018/1/2 - 21:00:41] HNIC Ninou Mofujohn (137951) has set Rayne Bubbles's (1000564577) division to Hangout in 1323 Market  Mobb (25).
[2018/1/2 - 21:00:57] HNIC Ninou Mofujohn (137951) has set Joe Flleming's (1000087611) division to Hustler in 1323 Market  Mobb (25).
[2018/1/2 - 21:01:04] James Blacker has logged in.
[2018/1/2 - 21:01:50] James Blacker has logged out.
[2018/1/2 - 21:04:38] James Blacker has logged in.
[2018/1/2 - 21:04:51] Baby Crip James Blacker has lost connection.
[2018/1/2 - 21:05:05] James Blacker has logged in.
[2018/1/2 - 21:05:21] Baby Crip James Blacker has lost connection.
[2018/1/2 - 21:06:24] Josef Kush Lancer (1000054426) accepted HNIC Ninou Mofujohn's (137951) invite to join 1323 Market  Mobb (25).
[2018/1/2 - 21:06:25] HNIC Ninou Mofujohn (137951) (rank 6) has given Josef Kush Lancer (1000054426) rank 4 (Blocc Star) in 1323 Market  Mobb (25).
[2018/1/2 - 21:07:08] HNIC Ninou Mofujohn (137951) has set Josef Kush Lancer's (1000054426) division to OG Killa in 1323 Market  Mobb (25).
[2018/1/2 - 21:08:13] Dwayne Radcliffe has logged in.
[2018/1/2 - 21:09:53] Sergio Xin Lancer has logged out.
[2018/1/2 - 21:09:58] James Blacker has logged in.
[2018/1/2 - 21:12:00] Lil\' Poot Alessandro Abano has lost connection.
[2018/1/2 - 21:13:01] Wayne Dios Hunt has withdrawn a Desert Eagle from the weapon locker (Cost: 10)
[2018/1/2 - 21:14:01] Alessandro Abano has logged in.
[2018/1/2 - 21:14:12] Jimmy Glasscock has logged in.
[2018/1/2 - 21:14:36] Rayne Bubbles has logged out.
[2018/1/2 - 21:16:24] Josef Kush Lancer has withdrawn a Shotgun from the weapon locker (Cost: 5)
[2018/1/2 - 21:16:33] Steve Mofujohn has withdrawn a Desert Eagle from the weapon locker (Cost: 10)
[2018/1/2 - 21:16:44] Ninou Mofujohn has withdrawn a Desert Eagle from the weapon locker (Cost: 10)
[2018/1/2 - 21:17:04] HNIC Ninou Mofujohn (137951) (rank 6) has given Alessandro Abano (1000625000) rank 2 (Crip) in 1323 Market  Mobb (25).
[2018/1/2 - 21:17:20] Steve Mofujohn has authorized Joe Flleming to withdraw a Shotgun from the weapon locker (Cost: 5)
[2018/1/2 - 21:17:28] Clint Maddox has withdrawn a Shotgun from the weapon locker (Cost: 5)
[2018/1/2 - 21:17:29] Benny Smith Wallace has withdrawn a Shotgun from the weapon locker (Cost: 5)
[2018/1/2 - 21:17:35] Jeremy Mofujohn has withdrawn a Shotgun from the weapon locker (Cost: 5)
[2018/1/2 - 21:17:46] Amdan Siker has logged out.
[2018/1/2 - 21:18:48] Big Poot Jeremy Mofujohn has lost connection.
[2018/1/2 - 21:20:14] Jeremy Mofujohn has logged in.
[2018/1/2 - 21:20:57] Alessandro Abano has withdrawn a Desert Eagle from the weapon locker (Cost: 10)
[2018/1/2 - 21:21:21] Wayne Dios Hunt has withdrawn a Shotgun from the weapon locker (Cost: 5)
[2018/1/2 - 21:22:39] Jay Radcliffe has logged out.
[2018/1/2 - 21:25:21] HNIC Steve Mofujohn (16222) has set Alessandro Abano's (1000625000) division to Hustler in 1323 Market  Mobb (25).
[2018/1/2 - 21:25:33] Josef Kush Lancer has withdrawn a Shotgun from the weapon locker (Cost: 5)
[2018/1/2 - 21:26:30] Ninou Mofujohn has withdrawn a Desert Eagle from the weapon locker (Cost: 10)
[2018/1/2 - 21:26:49] Clint Maddox has withdrawn a Shotgun from the weapon locker (Cost: 5)
[2018/1/2 - 21:29:36] Clint Maddox has logged out.
[2018/1/2 - 21:31:32] Steve Mofujohn has withdrawn a Desert Eagle from the weapon locker (Cost: 10)
[2018/1/2 - 21:32:03] Josef Kush Lancer has withdrawn a Shotgun from the weapon locker (Cost: 5)
[2018/1/2 - 21:32:35] Jeremy Mofujohn has withdrawn a Desert Eagle from the weapon locker (Cost: 10)
[2018/1/2 - 21:33:04] Crip Alessandro Abano has lost connection.
[2018/1/2 - 21:34:13] Alessandro Abano has logged in.
[2018/1/2 - 21:35:33] HNIC Ninou Mofujohn has lost connection.
[2018/1/2 - 21:35:43] Wayne Dios Hunt has withdrawn a Shotgun from the weapon locker (Cost: 5)
[2018/1/2 - 21:36:49] Alessandro Abano has withdrawn a Desert Eagle from the weapon locker (Cost: 10)
[2018/1/2 - 21:36:55] Steve Mofujohn has authorized Alessandro Abano to withdraw a Shotgun from the weapon locker (Cost: 5)
[2018/1/2 - 21:37:22] Steve Mofujohn has authorized Joe Flleming to withdraw a Shotgun from the weapon locker (Cost: 5)
[2018/1/2 - 21:37:38] Ninou Mofujohn has logged in.
[2018/1/2 - 21:37:40] Steve Mofujohn has authorized Jimmy Glasscock to withdraw a Desert Eagle from the weapon locker (Cost: 10)
[2018/1/2 - 21:38:31] Baby Crip Rambo Dunbar has lost connection.
[2018/1/2 - 21:38:55] Joe Flleming has logged out.
[2018/1/2 - 21:39:52] Joe Flleming has logged in.
[2018/1/2 - 21:40:48] Clint Maddox has logged in.
[2018/1/2 - 21:41:56] Jimmy Glasscock has logged out.
[2018/1/2 - 21:42:12] Baby Crip Joe Flleming has lost connection.
[2018/1/2 - 21:43:25] Joe Flleming has logged in.
[2018/1/2 - 21:43:26] Clint Maddox has withdrawn a Shotgun from the weapon locker (Cost: 5)
[2018/1/2 - 21:43:29] Jeremy Mofujohn has withdrawn a Desert Eagle from the weapon locker (Cost: 10)
[2018/1/2 - 21:43:36] HNIC Steve Mofujohn has lost connection.
[2018/1/2 - 21:43:41] Joe Flleming has logged out.
[2018/1/2 - 21:44:38] Steve Mofujohn has logged in.
[2018/1/2 - 21:45:17] Joe Flleming has logged in.
[2018/1/2 - 21:45:25] Steve Mofujohn has withdrawn a Shotgun from the weapon locker (Cost: 5)
[2018/1/2 - 21:47:24] Zieyd Adams (15607) accepted HNIC Ninou Mofujohn's (137951) invite to join 1323 Market  Mobb (25).
[2018/1/2 - 21:48:44] Tony Brooks has logged out.
[2018/1/2 - 21:48:49] Ninou Mofujohn has withdrawn 50 grams of Pot from the safe.
[2018/1/2 - 21:50:20] Benny Smith Wallace has logged out.
[2018/1/2 - 21:51:19] Benny Smith Wallace has logged in.
[2018/1/2 - 21:51:39] Benny Smith Wallace has logged out.
[2018/1/2 - 21:55:31] Haris Jones has logged in.
[2018/1/2 - 21:55:44] Clint Maddox has withdrawn a Shotgun from the weapon locker (Cost: 5)
[2018/1/2 - 21:55:53] Ninou Mofujohn has authorized Zieyd Adams to withdraw a Shotgun from the weapon locker (Cost: 5)
[2018/1/2 - 21:55:57] Steve Mofujohn has withdrawn a Desert Eagle from the weapon locker (Cost: 10)
[2018/1/2 - 21:56:01] Ninou Mofujohn has withdrawn a Desert Eagle from the weapon locker (Cost: 10)
[2018/1/2 - 21:56:12] Haris Jones has withdrawn a Desert Eagle from the weapon locker (Cost: 10)
[2018/1/2 - 21:56:21] Haris Jones has withdrawn a Shotgun from the weapon locker (Cost: 5)
[2018/1/2 - 22:01:05] Jay Radcliffe has logged in.
[2018/1/2 - 22:02:09] Wayne Dios Hunt has withdrawn a Desert Eagle from the weapon locker (Cost: 10)
[2018/1/2 - 22:02:37] Wayne Dios Hunt has logged out.
[2018/1/2 - 22:03:10] Wayne Dios Hunt has logged in.
[2018/1/2 - 22:03:12] Steve Mofujohn has authorized Joe Flleming to withdraw a Desert Eagle from the weapon locker (Cost: 10)
[2018/1/2 - 22:03:41] Alessandro Abano has withdrawn a Desert Eagle from the weapon locker (Cost: 10)
[2018/1/2 - 22:07:01] Tony Brooks has logged in.
[2018/1/2 - 22:07:46] Steve Mofujohn has authorized Jay Radcliffe to withdraw a Shotgun from the weapon locker (Cost: 5)
[2018/1/2 - 22:07:50] Zieyd Adams has logged out.
[2018/1/2 - 22:09:55] Zieyd Adams has logged in.
[2018/1/2 - 22:11:49] Zieyd Adams has logged out.
[2018/1/2 - 22:13:00] Alessandro Abano has withdrawn a Desert Eagle from the weapon locker (Cost: 10)
[2018/1/2 - 22:13:20] Clint Maddox has withdrawn a Shotgun from the weapon locker (Cost: 5)
[2018/1/2 - 22:13:22] Ninou Mofujohn has withdrawn a Desert Eagle from the weapon locker (Cost: 10)
[2018/1/2 - 22:14:29] HNIC Steve Mofujohn has lost connection.
[2018/1/2 - 22:15:03] Jeremy Mofujohn has withdrawn a Shotgun from the weapon locker (Cost: 5)
[2018/1/2 - 22:15:10] Steve Mofujohn has logged in.
[2018/1/2 - 22:16:36] Jay Radcliffe has logged out.
[2018/1/2 - 22:16:49] Haris Jones has logged out.
[2018/1/2 - 22:16:55] Steve Mofujohn has withdrawn a Desert Eagle from the weapon locker (Cost: 10)
[2018/1/2 - 22:17:29] Crip Alessandro Abano has lost connection.
[2018/1/2 - 22:17:48] Lil\' Poot Dwayne Radcliffe has lost connection.
[2018/1/2 - 22:19:36] Alessandro Abano has logged in.
[2018/1/2 - 22:24:05] Alessandro Abano has logged out.
[2018/1/2 - 22:24:59] Alessandro Abano has logged in.
[2018/1/2 - 22:26:32] Steve Mofujohn has authorized Joe Flleming to withdraw a Desert Eagle from the weapon locker (Cost: 10)
[2018/1/2 - 22:27:17] Wayne Dios Hunt has logged out.
[2018/1/2 - 22:27:32] Jeremy Mofujohn has withdrawn a Shotgun from the weapon locker (Cost: 5)
[2018/1/2 - 22:27:48] Wayne Dios Hunt has logged in.
[2018/1/2 - 22:28:30] Dwayne Radcliffe has logged in.
[2018/1/2 - 22:28:40] Crip Alessandro Abano has lost connection.
[2018/1/2 - 22:29:43] Ninou Mofujohn has withdrawn a Desert Eagle from the weapon locker (Cost: 10)
[2018/1/2 - 22:30:29] Alessandro Abano has logged in.
[2018/1/2 - 22:31:28] Alessandro Abano has withdrawn a Desert Eagle from the weapon locker (Cost: 10)
[2018/1/2 - 22:31:47] Tony Brooks has logged in.
[2018/1/2 - 22:34:56] Alessandro Abano has logged out.
[2018/1/2 - 22:36:14] Alessandro Abano has logged in.
[2018/1/2 - 22:36:14] HNIC Steve Mofujohn has lost connection.
[2018/1/2 - 22:36:46] Jay Radcliffe has logged in.
[2018/1/2 - 22:36:59] Ninou Mofujohn has authorized Joe Flleming to withdraw a Desert Eagle from the weapon locker (Cost: 10)
[2018/1/2 - 22:37:07] Alessandro Abano has logged out.
[2018/1/2 - 22:37:17] Jeremy Mofujohn has logged out.
[2018/1/2 - 22:37:48] Ninou Mofujohn has withdrawn a Desert Eagle from the weapon locker (Cost: 10)
[2018/1/2 - 22:38:05] Clint Maddox has withdrawn a Shotgun from the weapon locker (Cost: 5)
[2018/1/2 - 22:38:08] Jeremy Mofujohn has logged in.
[2018/1/2 - 22:39:50] Kenny Mckiddie (130101) accepted HNIC Ninou Mofujohn's (137951) invite to join 1323 Market  Mobb (25).
[2018/1/2 - 22:40:07] Jeremy Mofujohn has withdrawn a Shotgun from the weapon locker (Cost: 5)
[2018/1/2 - 22:44:25] HNIC Ninou Mofujohn (137951) (rank 6) has given Joe Flleming (1000087611) rank 4 (Blocc Star) in 1323 Market  Mobb (25).
[2018/1/2 - 22:48:26] Sarah Biggums (1000624965) accepted HNIC Ninou Mofujohn's (137951) invite to join 1323 Market  Mobb (25).
[2018/1/2 - 22:48:28] Tony Kuznetsov has logged in.
[2018/1/2 - 22:48:40] HNIC Ninou Mofujohn (137951) has set Kenny Mckiddie's (130101) division to Hangout in 1323 Market  Mobb (25).
[2018/1/2 - 22:48:45] HNIC Ninou Mofujohn (137951) has set Sarah Biggums's (1000624965) division to Hangout in 1323 Market  Mobb (25).
[2018/1/2 - 22:49:00] HNIC Ninou Mofujohn (137951) has set Tony Kuznetsov's (1000624932) division to Hangout in 1323 Market  Mobb (25).
[2018/1/2 - 22:49:12] HNIC Ninou Mofujohn (137951) has set James Blacker's (1000515026) division to Hangout in 1323 Market  Mobb (25).
[2018/1/2 - 22:52:09] Jeremy Mofujohn has withdrawn a Shotgun from the weapon locker (Cost: 5)
[2018/1/2 - 22:52:48] Tony Kuznetsov has logged out.
[2018/1/2 - 22:54:44] HNIC Ninou Mofujohn has lost connection.
[2018/1/2 - 22:55:26] Sarah Biggums has logged out.
[2018/1/2 - 22:55:28] Tony Kuznetsov has logged in.
[2018/1/2 - 22:56:49] Jeremy Mofujohn has logged out.
[2018/1/2 - 22:59:00] Sarah Biggums has logged in.
[2018/1/2 - 23:01:00] Kenny Mckiddie has logged out.
[2018/1/2 - 23:01:14] Ninou Mofujohn has logged in.
[2018/1/2 - 23:03:18] Dwayne Radcliffe has deposited 600 materials into the safe.
[2018/1/2 - 23:03:47] Sarah Biggums has logged out.
[2018/1/2 - 23:05:12] Zack Coldman (1000625007) accepted HNIC Ninou Mofujohn's (137951) invite to join 1323 Market  Mobb (25).
[2018/1/2 - 23:11:51] Blocc Star Wayne Dios Hunt has lost connection.
[2018/1/2 - 23:12:28] Wayne Dios Hunt has logged in.
[2018/1/2 - 23:12:37] Dwayne Radcliffe (1000624841) has quit the 1323 Market  Mobb as a rank 1
[2018/1/2 - 23:12:54] HNIC Ninou Mofujohn (137951) (rank 6) has uninvited Jay Radcliffe (1000624842) (rank 0) from 1323 Market  Mobb (25).
[2018/1/2 - 23:15:15] HNIC Ninou Mofujohn (137951) (rank 6) has uninvited Tony Brooks (1000625272) (rank 1) from 1323 Market  Mobb (25).
[2018/1/2 - 23:18:24] Jay Radcliffe (1000624842) accepted HNIC Ninou Mofujohn's (137951) invite to join 1323 Market  Mobb (25).
[2018/1/2 - 23:20:47] Joe Flleming has logged out.
[2018/1/2 - 23:23:42] Haris Jones has logged in.
[2018/1/2 - 23:29:34] HNIC Ninou Mofujohn (137951) has set Zack Coldman's (1000625007) division to Hangout in 1323 Market  Mobb (25).
[2018/1/2 - 23:29:40] HNIC Ninou Mofujohn (137951) has set Jay Radcliffe's (1000624842) division to Hangout in 1323 Market  Mobb (25).
[2018/1/2 - 23:32:48] HNIC Ninou Mofujohn (137951) has set Haris Jones's (101273) division to OG Killa in 1323 Market  Mobb (25).
[2018/1/2 - 23:33:50] HNIC Ninou Mofujohn (137951) (rank 6) has given Jay Radcliffe (1000624842) rank 1 (Lil\' Poot) in 1323 Market  Mobb (25).
[2018/1/2 - 23:39:06] Benny Smith Wallace has logged in.
[2018/1/2 - 23:41:11] Michael Jay White has logged in.
[2018/1/2 - 23:42:58] Zack Coldman has logged out.
[2018/1/2 - 23:44:52] Tony Kuznetsov has logged out.
[2018/1/2 - 23:46:43] Rambo Dunbar has logged in.
[2018/1/2 - 23:48:26] Wayne Dios Hunt has logged out.
[2018/1/2 - 23:48:49] HNIC Ninou Mofujohn (137951) has set Michael Jay White's (1000625106) division to Hangout in 1323 Market  Mobb (25).
[2018/1/2 - 23:53:48] HNIC Ninou Mofujohn (137951) (rank 6) has given James Blacker (1000515026) rank 2 (Crip) in 1323 Market  Mobb (25).
[2018/1/2 - 23:53:52] HNIC Ninou Mofujohn (137951) (rank 6) has given James Blacker (1000515026) rank 1 (Lil\' Poot) in 1323 Market  Mobb (25).
[2018/1/2 - 23:56:02] Jay Radcliffe has logged out.
