[2018/1/10 - 0:00:22] Ninou Mofujohn has authorized Scotty Cain to withdraw a Shotgun from the weapon locker (Cost: 3)
[2018/1/10 - 0:00:45] Ninou Mofujohn has withdrawn 60 grams of Meth from the safe.
[2018/1/10 - 0:00:50] Ninou Mofujohn has withdrawn 100 grams of Crack from the safe.
[2018/1/10 - 0:00:50] David Kleinman has logged out.
[2018/1/10 - 0:01:32] Ninou Mofujohn has authorized Lee Liang to withdraw a Desert Eagle from the weapon locker (Cost: 5)
[2018/1/10 - 0:01:35] Ninou Mofujohn has authorized Percy Jones to withdraw a Desert Eagle from the weapon locker (Cost: 5)
[2018/1/10 - 0:02:22] David Kleinman has logged out.
[2018/1/10 - 0:02:58] Ninou Mofujohn has authorized Danilo Buenoh to withdraw a Desert Eagle from the weapon locker (Cost: 5)
[2018/1/10 - 0:07:11] David Kleinman has logged out.
[2018/1/10 - 0:07:16] Ninou Mofujohn has authorized Scotty Cain to withdraw a Desert Eagle from the weapon locker (Cost: 5)
[2018/1/10 - 0:07:47] Ninou Mofujohn has authorized Lee Liang to withdraw a Desert Eagle from the weapon locker (Cost: 5)
[2018/1/10 - 0:08:01] Ninou Mofujohn has authorized Maksy Volkoff to withdraw a Desert Eagle from the weapon locker (Cost: 5)
[2018/1/10 - 0:09:28] Ninou Mofujohn has authorized David Kleinman to withdraw a Shotgun from the weapon locker (Cost: 3)
[2018/1/10 - 0:32:09] Percy Jones has logged out.
[2018/1/10 - 0:34:29] Ninou Mofujohn has withdrawn a Desert Eagle from the weapon locker (Cost: 5)
[2018/1/10 - 0:34:35] Ninou Mofujohn has withdrawn 20 grams of Meth from the safe.
[2018/1/10 - 0:34:38] Ninou Mofujohn has authorized Maksy Volkoff to withdraw a Desert Eagle from the weapon locker (Cost: 5)
[2018/1/10 - 0:36:12] Ninou Mofujohn has authorized David Kleinman to withdraw a Shotgun from the weapon locker (Cost: 3)
[2018/1/10 - 0:47:07] David Kleinman has logged out.
[2018/1/10 - 0:48:40] David Kleinman has logged out.
[2018/1/10 - 0:48:53] Ninou Mofujohn has authorized Percy Jones to withdraw a Desert Eagle from the weapon locker (Cost: 5)
[2018/1/10 - 0:49:59] David Kleinman has logged out.
[2018/1/10 - 0:52:18] Ninou Mofujohn has withdrawn a Desert Eagle from the weapon locker (Cost: 5)
[2018/1/10 - 0:52:27] Ninou Mofujohn has withdrawn 60 grams of Ecstasy from the safe.
[2018/1/10 - 0:52:46] Ninou Mofujohn has authorized Percy Jones to withdraw a Shotgun from the weapon locker (Cost: 3)
[2018/1/10 - 0:55:17] Scotty Cain has logged out.
[2018/1/10 - 0:58:32] Draymond Woods has logged out.
[2018/1/10 - 0:59:16] Thyson Kleinman has authorized David Kleinman to withdraw a Shotgun from the weapon locker (Cost: 3)
[2018/1/10 - 1:00:23] Danilo Buenoh has logged out.
[2018/1/10 - 1:00:32] Hartax Blacker has logged out.
[2018/1/10 - 1:00:47] Thyson Kleinman has logged out.
[2018/1/10 - 1:02:10] Ninou Mofujohn has withdrawn 100 grams of Crack from the safe.
[2018/1/10 - 1:04:12] Haris Jones has authorized Percy Jones to withdraw a Desert Eagle from the weapon locker (Cost: 5)
[2018/1/10 - 1:05:12] Ninou Mofujohn has logged out.
[2018/1/10 - 1:05:53] Haris Jones has authorized David Kleinman to withdraw a Shotgun from the weapon locker (Cost: 3)
[2018/1/10 - 1:05:54] Haris Jones has authorized Maksy Volkoff to withdraw a Shotgun from the weapon locker (Cost: 3)
[2018/1/10 - 1:07:51] Big Poot Haris Jones has lost connection.
[2018/1/10 - 1:09:14] Lee Liang has logged out.
[2018/1/10 - 1:10:22] Maksy Volkoff has logged out.
[2018/1/10 - 1:11:15] Scotty Cain has logged out.
[2018/1/10 - 1:11:47] Thyson Kleinman has logged out.
[2018/1/10 - 1:17:22] Crip Blinky Kleinman has lost connection.
[2018/1/10 - 1:22:42] Scotty Cain has logged out.
[2018/1/10 - 1:24:41] Thyson Kleinman has authorized Scotty Cain to withdraw a Shotgun from the weapon locker (Cost: 3)
[2018/1/10 - 1:25:12] David Kleinman has logged out.
[2018/1/10 - 1:29:02] Thyson Kleinman has logged out.
[2018/1/10 - 1:29:22] Ninou Mofujohn has withdrawn a Desert Eagle from the weapon locker (Cost: 5)
[2018/1/10 - 1:29:45] David Kleinman has logged out.
[2018/1/10 - 1:31:29] David Kleinman has logged out.
[2018/1/10 - 1:32:14] Ninou Mofujohn has authorized Thyson Kleinman to withdraw a Shotgun from the weapon locker (Cost: 3)
[2018/1/10 - 1:35:59] Thyson Kleinman has authorized David Kleinman to withdraw a Shotgun from the weapon locker (Cost: 3)
[2018/1/10 - 1:50:16] Thyson Kleinman has logged out.
[2018/1/10 - 1:59:43] Blinky Kleinman has logged out.
[2018/1/10 - 2:03:02] Percy Jones has logged out.
[2018/1/10 - 2:13:02] Percy Jones has logged out.
[2018/1/10 - 2:38:38] Danilo Buenoh has logged out.
[2018/1/10 - 2:39:25] Ninou Mofujohn has logged out.
[2018/1/10 - 2:44:27] Thyson Kleinman has logged out.
[2018/1/10 - 2:45:48] Thyson Kleinman has authorized David Kleinman to withdraw a Shotgun from the weapon locker (Cost: 3)
[2018/1/10 - 2:47:05] Thyson Kleinman has authorized David Kleinman to withdraw a AK-47 from the weapon locker (Cost: 25)
[2018/1/10 - 2:49:59] Thyson Kleinman has authorized Blinky Kleinman to withdraw a Desert Eagle from the weapon locker (Cost: 5)
[2018/1/10 - 2:56:07] Blinky Kleinman has logged out.
[2018/1/10 - 3:01:12] Ninou Mofujohn has logged out.
[2018/1/10 - 3:01:15] David Kleinman has logged out.
[2018/1/10 - 3:01:47] Hartax Blacker has logged out.
[2018/1/10 - 3:09:15] Thyson Kleinman has authorized Scotty Cain to withdraw a Desert Eagle from the weapon locker (Cost: 5)
[2018/1/10 - 3:12:21] Thyson Kleinman has authorized Scotty Cain to withdraw a AK-47 from the weapon locker (Cost: 25)
[2018/1/10 - 3:13:08] Big Poot Thyson Kleinman (1000130640) has set Scotty Cain's (1000612242) division to Nine Mobb in 1323 Market  Mobb (25).
[2018/1/10 - 3:17:55] Thyson Kleinman has authorized Blinky Kleinman to withdraw a AK-47 from the weapon locker (Cost: 25)
[2018/1/10 - 3:20:40] Thyson Kleinman has authorized Blinky Kleinman to withdraw a AK-47 from the weapon locker (Cost: 25)
[2018/1/10 - 3:21:49] Thyson Kleinman has authorized Blinky Kleinman to withdraw a Desert Eagle from the weapon locker (Cost: 5)
[2018/1/10 - 3:28:24] Baby Crip Ryan Dunwich has lost connection.
[2018/1/10 - 3:41:27] Scotty Cain has logged out.
[2018/1/10 - 3:41:51] Thyson Kleinman has logged out.
[2018/1/10 - 3:41:57] Ryan Dunwich has logged out.
[2018/1/10 - 3:48:21] Ninou Mofujohn has withdrawn a Sniper Rifle from the weapon locker (Cost: 75)
[2018/1/10 - 3:55:05] Scotty Cain has logged out.
[2018/1/10 - 3:55:24] Ninou Mofujohn has logged out.
[2018/1/10 - 3:55:31] Ryan Dunwich has logged out.
[2018/1/10 - 4:06:09] Blinky Kleinman has logged out.
[2018/1/10 - 4:06:31] HNIC Ninou Mofujohn has lost connection.
[2018/1/10 - 4:12:08] Scotty Cain has logged out.
[2018/1/10 - 4:23:34] Scotty Cain has logged out.
[2018/1/10 - 4:31:54] Ninou Mofujohn has withdrawn a Desert Eagle from the weapon locker (Cost: 5)
[2018/1/10 - 4:35:03] Ninou Mofujohn has withdrawn 20 grams of Ecstasy from the safe.
[2018/1/10 - 4:38:33] Ninou Mofujohn has withdrawn a Sniper Rifle from the weapon locker (Cost: 75)
[2018/1/10 - 4:38:52] Scotty Cain has logged out.
[2018/1/10 - 4:51:01] Ninou Mofujohn has logged out.
[2018/1/10 - 5:25:29] Scotty Cain has logged out.
[2018/1/10 - 5:33:00] David Kleinman has logged out.
[2018/1/10 - 5:42:39] Crip Scotty Cain has lost connection.
[2018/1/10 - 5:43:28] Crip Scotty Cain has lost connection.
[2018/1/10 - 5:48:04] Scotty Cain has logged out.
[2018/1/10 - 5:53:11] Scotty Cain has logged out.
[2018/1/10 - 6:13:13] Scotty Cain has logged out.
[2018/1/10 - 6:44:33] Scotty Cain has logged out.
[2018/1/10 - 6:47:31] Scotty Cain has logged out.
[2018/1/10 - 7:09:30] Scotty Cain has logged out.
[2018/1/10 - 7:11:48] Scotty Cain has logged out.
[2018/1/10 - 7:39:29] Lil\' Poot Farber Bridges has lost connection.
[2018/1/10 - 7:45:19] Farber Bridges has withdrawn a Silenced Colt .45 from the weapon locker (Cost: 2)
[2018/1/10 - 7:56:27] Farber Bridges has logged out.
[2018/1/10 - 8:43:44] Baby Crip Christian Butete has lost connection.
[2018/1/10 - 8:55:24] Draymond Woods has logged out.
[2018/1/10 - 8:57:37] Magnus Murphy has withdrawn a Silenced Colt .45 from the weapon locker (Cost: 2)
[2018/1/10 - 9:27:13] Baby Crip Magnus Murphy has lost connection.
[2018/1/10 - 9:28:56] Baby Crip Ryan Dunwich has lost connection.
[2018/1/10 - 9:30:43] Sammy Mccool has logged out.
[2018/1/10 - 9:35:39] Magnus Murphy has logged out.
[2018/1/10 - 9:48:29] Christian Butete has logged out.
[2018/1/10 - 10:17:26] Ryan Dunwich has logged out.
[2018/1/10 - 10:29:17] Brader Djakarta has logged out.
[2018/1/10 - 10:34:49] Clint Maddox has authorized Farber Bridges to withdraw a Desert Eagle from the weapon locker (Cost: 5)
[2018/1/10 - 10:44:27] Clint Maddox has logged out.
[2018/1/10 - 10:44:36] Farber Bridges has logged out.
[2018/1/10 - 10:47:11] Christian Butete (1000625990) has quit the 1323 Market  Mobb as a rank 0
[2018/1/10 - 10:53:40] Haris Jones has logged out.
[2018/1/10 - 11:09:59] Tazz Buenoh has logged out.
[2018/1/10 - 11:15:24] Tazz Buenoh has logged out.
[2018/1/10 - 13:12:34] Crip Sammy Mccool has lost connection.
[2018/1/10 - 13:34:39] Amdan Siker has withdrawn a Silenced Colt .45 from the weapon locker (Cost: 2)
[2018/1/10 - 13:38:53] Clint Maddox has authorized Alejuando D Cobra to withdraw a Desert Eagle from the weapon locker (Cost: 5)
[2018/1/10 - 13:39:02] Clint Maddox has authorized Blinky Kleinman to withdraw a Shotgun from the weapon locker (Cost: 3)
[2018/1/10 - 13:39:28] Clint Maddox has authorized Magnus Murphy to withdraw a Desert Eagle from the weapon locker (Cost: 5)
[2018/1/10 - 13:48:26] Clint Maddox has authorized Alejuando D Cobra to withdraw a Desert Eagle from the weapon locker (Cost: 5)
[2018/1/10 - 13:48:48] Amdan Siker has withdrawn a Silenced Colt .45 from the weapon locker (Cost: 2)
[2018/1/10 - 13:48:49] Clint Maddox has authorized Alberto Rossi to withdraw a Desert Eagle from the weapon locker (Cost: 5)
[2018/1/10 - 13:48:59] Clint Maddox has authorized David Willowbrook to withdraw a Desert Eagle from the weapon locker (Cost: 5)
[2018/1/10 - 13:49:25] Clint Maddox has authorized Alejuando D Cobra to withdraw a Desert Eagle from the weapon locker (Cost: 5)
[2018/1/10 - 13:49:55] Clint Maddox has authorized Blinky Kleinman to withdraw a Desert Eagle from the weapon locker (Cost: 5)
[2018/1/10 - 13:50:06] Clint Maddox has authorized Magnus Murphy to withdraw a Desert Eagle from the weapon locker (Cost: 5)
[2018/1/10 - 13:50:48] Clint Maddox has logged out.
[2018/1/10 - 13:52:39] David Willowbrook has logged out.
[2018/1/10 - 13:53:08] Amdan Siker has logged out.
[2018/1/10 - 13:53:41] Alberto Rossi has logged out.
[2018/1/10 - 14:01:47] Magnus Murphy has withdrawn a Silenced Colt .45 from the weapon locker (Cost: 2)
[2018/1/10 - 14:02:29] Sammy Mccool has logged out.
[2018/1/10 - 14:08:15] Magnus Murphy has withdrawn a Silenced Colt .45 from the weapon locker (Cost: 2)
[2018/1/10 - 14:08:45] Hartax Blacker has logged out.
[2018/1/10 - 14:16:18] Hustla Cody Mcwilliams has lost connection.
[2018/1/10 - 14:30:16] Lee Liang has logged out.
[2018/1/10 - 14:33:34] Alejuando D Cobra has logged out.
[2018/1/10 - 14:33:56] Baby Crip Magnus Murphy has lost connection.
[2018/1/10 - 14:35:36] Blinky Kleinman has logged out.
[2018/1/10 - 14:42:06] Alberto Rossi has logged out.
[2018/1/10 - 14:42:43] Carl Auden has logged out.
[2018/1/10 - 14:43:34] Magnus Murphy has logged out.
[2018/1/10 - 14:44:04] Brader Djakarta has logged out.
[2018/1/10 - 14:45:51] Haris Jones has logged out.
[2018/1/10 - 14:54:19] HNIC Ninou Mofujohn (137951) (rank 6) has given Danilo Buenoh (1000397337) rank 4 (Blocc Star) in 1323 Market  Mobb (25).
[2018/1/10 - 14:55:18] Ninou Mofujohn has authorized Sammy Mccool to withdraw a Shotgun from the weapon locker (Cost: 3)
[2018/1/10 - 14:57:11] Thyson Kleinman has authorized Lee Liang to withdraw a Desert Eagle from the weapon locker (Cost: 5)
[2018/1/10 - 15:01:11] Big Poot Thyson Kleinman has lost connection.
[2018/1/10 - 15:02:34] Haris Jones has authorized Ninou Fraiser to withdraw a Desert Eagle from the weapon locker (Cost: 5)
[2018/1/10 - 15:03:24] Alberto Rossi has logged out.
[2018/1/10 - 15:03:24] Ninou Mofujohn has authorized Haris Jones to withdraw a Shotgun from the weapon locker (Cost: 3)
[2018/1/10 - 15:03:32] Haris Jones has authorized Ninou Fraiser to withdraw a Desert Eagle from the weapon locker (Cost: 5)
[2018/1/10 - 15:03:38] Ninou Mofujohn has withdrawn a Desert Eagle from the weapon locker (Cost: 5)
[2018/1/10 - 15:03:45] Ninou Mofujohn has withdrawn 20 grams of Ecstasy from the safe.
[2018/1/10 - 15:09:39] Haris Jones has logged out.
[2018/1/10 - 15:11:45] Ninou Mofujohn has withdrawn 20 grams of Ecstasy from the safe.
[2018/1/10 - 15:11:49] Ninou Mofujohn has withdrawn a Desert Eagle from the weapon locker (Cost: 5)
[2018/1/10 - 15:11:50] Ninou Mofujohn has withdrawn a Sniper Rifle from the weapon locker (Cost: 75)
[2018/1/10 - 15:11:55] Ninou Mofujohn has deposited a Sniper Rifle into the locker.
[2018/1/10 - 15:12:32] Ninou Mofujohn has authorized Lee Liang to withdraw a Desert Eagle from the weapon locker (Cost: 5)
[2018/1/10 - 15:14:55] Ninou Mofujohn has authorized Ninou Fraiser to withdraw a Desert Eagle from the weapon locker (Cost: 5)
[2018/1/10 - 15:15:18] Ninou Mofujohn has withdrawn a Desert Eagle from the weapon locker (Cost: 5)
[2018/1/10 - 15:15:19] Ninou Mofujohn has withdrawn a SPAS-12 from the weapon locker (Cost: 50)
[2018/1/10 - 15:16:10] Ninou Mofujohn has authorized Lee Liang to withdraw a Sniper Rifle from the weapon locker (Cost: 75)
[2018/1/10 - 15:19:00] HNIC Ninou Mofujohn has lost connection.
[2018/1/10 - 15:21:11] Blocc Star Hartax Blacker has lost connection.
[2018/1/10 - 15:22:19] Ninou Mofujohn has authorized Ninou Fraiser to withdraw a Shotgun from the weapon locker (Cost: 3)
[2018/1/10 - 15:25:31] Ninou Mofujohn has withdrawn a Desert Eagle from the weapon locker (Cost: 5)
[2018/1/10 - 15:25:42] Ninou Mofujohn has withdrawn 20 grams of Ecstasy from the safe.
[2018/1/10 - 15:25:51] Lee Liang has deposited a Sniper Rifle into the locker.
[2018/1/10 - 15:26:22] Ninou Mofujohn has authorized Lee Liang to withdraw a Desert Eagle from the weapon locker (Cost: 5)
[2018/1/10 - 15:26:25] Ninou Mofujohn has authorized Ninou Fraiser to withdraw a Desert Eagle from the weapon locker (Cost: 5)
[2018/1/10 - 15:27:32] Ninou Mofujohn has authorized Carl Auden to withdraw a Desert Eagle from the weapon locker (Cost: 5)
[2018/1/10 - 15:27:49] Ninou Mofujohn has authorized Benny Smith Wallace to withdraw a Desert Eagle from the weapon locker (Cost: 5)
[2018/1/10 - 15:30:26] Alessandro Abano (1000534577) accepted HNIC Ninou Mofujohn's (137951) invite to join 1323 Market  Mobb (25).
[2018/1/10 - 15:32:05] Benny Smith Wallace has authorized Alessandro Abano to withdraw a Desert Eagle from the weapon locker (Cost: 5)
[2018/1/10 - 15:32:45] Alessandro Abano (1000534577) has quit the 1323 Market  Mobb as a rank 0
[2018/1/10 - 15:33:43] Benny Smith Wallace has authorized David Kleinman to withdraw a Shotgun from the weapon locker (Cost: 3)
[2018/1/10 - 15:35:40] Alessandro Abano (1000534577) accepted HNIC Ninou Mofujohn's (137951) invite to join 1323 Market  Mobb (25).
[2018/1/10 - 15:35:52] HNIC Ninou Mofujohn (137951) (rank 6) has given Carl Auden (1000599422) rank 2 (Crip) in 1323 Market  Mobb (25).
[2018/1/10 - 15:40:33] Benny Smith Wallace has authorized Thyson Kleinman to withdraw a Desert Eagle from the weapon locker (Cost: 5)
[2018/1/10 - 15:42:24] Arif Leopard (120328) accepted HNIC Ninou Mofujohn's (137951) invite to join 1323 Market  Mobb (25).
[2018/1/10 - 15:42:25] HNIC Ninou Mofujohn (137951) (rank 6) has given Arif Leopard (120328) rank 4 (Blocc Star) in 1323 Market  Mobb (25).
[2018/1/10 - 15:42:32] HNIC Ninou Mofujohn (137951) has set Arif Leopard's (120328) division to OG Killa in 1323 Market  Mobb (25).
[2018/1/10 - 15:44:21] Arif Leopard (120328) has quit the 1323 Market  Mobb as a rank 4
[2018/1/10 - 15:44:59] Thyson Kleinman has logged out.
[2018/1/10 - 15:50:03] Brandon Volkoff has logged out.
[2018/1/10 - 15:50:23] Ninou Mofujohn has authorized Scotty Cain to withdraw a Desert Eagle from the weapon locker (Cost: 5)
[2018/1/10 - 15:53:01] Ninou Mofujohn has authorized Brandon Volkoff to withdraw a Desert Eagle from the weapon locker (Cost: 5)
[2018/1/10 - 15:54:16] David Kleinman has logged out.
[2018/1/10 - 15:56:12] Ninou Fraiser has withdrawn a Silenced Colt .45 from the weapon locker (Cost: 2)
[2018/1/10 - 15:56:13] Benny Smith Wallace has logged out.
[2018/1/10 - 15:56:35] Alessandro Abano has logged out.
[2018/1/10 - 15:57:13] Lee Liang has logged out.
[2018/1/10 - 15:57:42] Brandon Volkoff has withdrawn a Silenced Colt .45 from the weapon locker (Cost: 2)
[2018/1/10 - 15:58:06] Clint Maddox has authorized Maksy Volkoff to withdraw a Desert Eagle from the weapon locker (Cost: 5)
[2018/1/10 - 15:58:09] Clint Maddox has authorized Carl Auden to withdraw a Desert Eagle from the weapon locker (Cost: 5)
[2018/1/10 - 15:58:11] Clint Maddox has authorized Brandon Volkoff to withdraw a Desert Eagle from the weapon locker (Cost: 5)
[2018/1/10 - 15:58:12] Clint Maddox has authorized Alberto Rossi to withdraw a Desert Eagle from the weapon locker (Cost: 5)
[2018/1/10 - 15:58:20] Clint Maddox has authorized Ninou Fraiser to withdraw a Desert Eagle from the weapon locker (Cost: 5)
[2018/1/10 - 15:58:52] Scotty Cain has withdrawn a Silenced Colt .45 from the weapon locker (Cost: 2)
[2018/1/10 - 15:59:08] Clint Maddox has authorized Magnus Murphy to withdraw a Desert Eagle from the weapon locker (Cost: 5)
[2018/1/10 - 15:59:21] Clint Maddox has authorized Alberto Rossi to withdraw a Desert Eagle from the weapon locker (Cost: 5)
[2018/1/10 - 16:00:04] Maksy Volkoff has logged out.
[2018/1/10 - 16:00:13] Clint Maddox has authorized Scotty Cain to withdraw a Desert Eagle from the weapon locker (Cost: 5)
[2018/1/10 - 16:00:23] Alessandro Abano has logged out.
[2018/1/10 - 16:00:32] Ninou Mofujohn has withdrawn a Desert Eagle from the weapon locker (Cost: 5)
[2018/1/10 - 16:00:36] Ninou Mofujohn has authorized David Kleinman to withdraw a Shotgun from the weapon locker (Cost: 3)
[2018/1/10 - 16:01:01] Ninou Mofujohn has withdrawn 60 grams of Ecstasy from the safe.
[2018/1/10 - 16:01:14] Clint Maddox has authorized Sammy Mccool to withdraw a Desert Eagle from the weapon locker (Cost: 5)
[2018/1/10 - 16:02:03] Ninou Mofujohn has authorized Ninou Fraiser to withdraw a AK-47 from the weapon locker (Cost: 25)
[2018/1/10 - 16:02:39] Carl Auden has logged out.
[2018/1/10 - 16:02:44] Blocc Star Ninou Fraiser has lost connection.
[2018/1/10 - 16:03:19] Clint Maddox has logged out.
[2018/1/10 - 16:05:24] Ninou Mofujohn has authorized Alberto Rossi to withdraw a Desert Eagle from the weapon locker (Cost: 5)
[2018/1/10 - 16:05:30] Ninou Mofujohn has authorized David Kleinman to withdraw a Shotgun from the weapon locker (Cost: 3)
[2018/1/10 - 16:07:46] Maksy Volkoff has withdrawn a Silenced Colt .45 from the weapon locker (Cost: 2)
[2018/1/10 - 16:09:19] Ninou Mofujohn has authorized Magnus Murphy to withdraw a Desert Eagle from the weapon locker (Cost: 5)
[2018/1/10 - 16:09:51] Ninou Mofujohn has authorized Sammy Mccool to withdraw a Desert Eagle from the weapon locker (Cost: 5)
[2018/1/10 - 16:10:06] Ninou Mofujohn has authorized Maksy Volkoff to withdraw a Desert Eagle from the weapon locker (Cost: 5)
[2018/1/10 - 16:10:32] Ninou Mofujohn has authorized Brandon Volkoff to withdraw a Shotgun from the weapon locker (Cost: 3)
[2018/1/10 - 16:13:37] Ninou Mofujohn has authorized Clint Maddox to withdraw a Desert Eagle from the weapon locker (Cost: 5)
[2018/1/10 - 16:13:42] Ninou Mofujohn has authorized David Kleinman to withdraw a Shotgun from the weapon locker (Cost: 3)
[2018/1/10 - 16:14:09] Clint Maddox has authorized Alberto Rossi to withdraw a Desert Eagle from the weapon locker (Cost: 5)
[2018/1/10 - 16:15:38] Magnus Murphy has withdrawn a Silenced Colt .45 from the weapon locker (Cost: 2)
[2018/1/10 - 16:15:50] Clint Maddox has authorized Magnus Murphy to withdraw a Desert Eagle from the weapon locker (Cost: 5)
[2018/1/10 - 16:19:04] Magnus Murphy has logged out.
[2018/1/10 - 16:19:16] Hartax Blacker has logged out.
[2018/1/10 - 16:19:43] Clint Maddox has authorized Maksy Volkoff to withdraw a Desert Eagle from the weapon locker (Cost: 5)
[2018/1/10 - 16:24:28] Ninou Mofujohn has withdrawn $80,000 from the safe.
[2018/1/10 - 16:24:29] Thyson Kleinman has logged out.
[2018/1/10 - 16:24:32] David Kleinman has logged out.
[2018/1/10 - 16:25:04] Steve Mofujohn has withdrawn 20 grams of Meth from the safe.
[2018/1/10 - 16:25:13] Steve Mofujohn has withdrawn 50 grams of Ecstasy from the safe.
[2018/1/10 - 16:25:17] Steve Mofujohn has withdrawn 100 grams of Heroin from the safe.
[2018/1/10 - 16:25:22] Steve Mofujohn has withdrawn 200 grams of Crack from the safe.
[2018/1/10 - 16:25:27] Steve Mofujohn has withdrawn 200 grams of Pot from the safe.
[2018/1/10 - 16:25:33] Steve Mofujohn has withdrawn $100,000 from the safe.
[2018/1/10 - 16:26:20] Clint Maddox has logged out.
[2018/1/10 - 16:27:35] Mac Hooligan Maddox has logged out.
[2018/1/10 - 16:28:41] Ninou Mofujohn has authorized Lee Liang to withdraw a Desert Eagle from the weapon locker (Cost: 5)
[2018/1/10 - 16:29:48] Ninou Mofujohn has logged out.
[2018/1/10 - 16:32:07] Steve Mofujohn has withdrawn a Desert Eagle from the weapon locker (Cost: 5)
[2018/1/10 - 16:33:09] Ninou Mofujohn has authorized Alberto Rossi to withdraw a Desert Eagle from the weapon locker (Cost: 5)
[2018/1/10 - 16:33:35] Travis Lancer (1000069379) accepted HNIC Ninou Mofujohn's (137951) invite to join 1323 Market  Mobb (25).
[2018/1/10 - 16:37:49] Scotty Cain has logged out.
[2018/1/10 - 16:39:36] Aguilar De Nerha (1000189666) accepted HNIC Ninou Mofujohn's (137951) invite to join 1323 Market  Mobb (25).
[2018/1/10 - 16:40:28] Steve Mofujohn has authorized Alberto Rossi to withdraw a Shotgun from the weapon locker (Cost: 3)
[2018/1/10 - 16:43:09] Ninou Mofujohn has withdrawn a Desert Eagle from the weapon locker (Cost: 5)
[2018/1/10 - 16:43:10] Ninou Mofujohn has withdrawn a SPAS-12 from the weapon locker (Cost: 50)
[2018/1/10 - 16:43:21] Ninou Mofujohn has withdrawn 60 grams of Ecstasy from the safe.
[2018/1/10 - 16:44:11] Maksy Volkoff has logged out.
[2018/1/10 - 16:45:08] Steve Mofujohn has authorized Thyson Kleinman to withdraw a Shotgun from the weapon locker (Cost: 3)
[2018/1/10 - 16:45:15] Ninou Mofujohn has authorized David Kleinman to withdraw a Shotgun from the weapon locker (Cost: 3)
[2018/1/10 - 16:45:20] Ninou Mofujohn has authorized Sammy Mccool to withdraw a Desert Eagle from the weapon locker (Cost: 5)
[2018/1/10 - 16:45:22] Ninou Mofujohn has authorized Magnus Murphy to withdraw a Desert Eagle from the weapon locker (Cost: 5)
[2018/1/10 - 16:45:25] Ninou Mofujohn has authorized Lee Liang to withdraw a Desert Eagle from the weapon locker (Cost: 5)
[2018/1/10 - 16:45:26] Steve Mofujohn has withdrawn a Desert Eagle from the weapon locker (Cost: 5)
[2018/1/10 - 16:45:26] Aguilar De Nerha has logged out.
[2018/1/10 - 16:46:18] Thyson Kleinman has authorized Alberto Rossi to withdraw a Shotgun from the weapon locker (Cost: 3)
[2018/1/10 - 16:48:05] HNIC Ninou Mofujohn has lost connection.
[2018/1/10 - 16:50:14] Ninou Mofujohn has withdrawn a Desert Eagle from the weapon locker (Cost: 5)
[2018/1/10 - 16:51:11] Brandon Volkoff has logged out.
[2018/1/10 - 16:51:52] HNIC Ninou Mofujohn has lost connection.
[2018/1/10 - 16:53:46] Aguilar De Nerha has logged out.
[2018/1/10 - 16:55:42] Travis Lancer has logged out.
[2018/1/10 - 16:55:58] Aguilar De Nerha has logged out.
[2018/1/10 - 16:57:59] Richie Volkoff has logged out.
[2018/1/10 - 16:59:37] Ninou Mofujohn has authorized Ninou Fraiser to withdraw a Desert Eagle from the weapon locker (Cost: 5)
[2018/1/10 - 17:00:37] Steve Mofujohn has authorized Ninou Fraiser to withdraw a Shotgun from the weapon locker (Cost: 3)
[2018/1/10 - 17:01:06] Brandon Volkoff has logged out.
[2018/1/10 - 17:03:23] Maksy Volkoff has logged out.
[2018/1/10 - 17:08:09] Ninou Mofujohn has withdrawn a Sniper Rifle from the weapon locker (Cost: 75)
[2018/1/10 - 17:08:11] Ninou Mofujohn has withdrawn a Desert Eagle from the weapon locker (Cost: 5)
[2018/1/10 - 17:08:44] Aguilar De Nerha has logged out.
[2018/1/10 - 17:09:19] Ninou Mofujohn has authorized Ninou Fraiser to withdraw a Desert Eagle from the weapon locker (Cost: 5)
[2018/1/10 - 17:09:36] Lee Liang has logged out.
[2018/1/10 - 17:09:44] Steve Mofujohn has withdrawn a Desert Eagle from the weapon locker (Cost: 5)
[2018/1/10 - 17:09:49] Amdan Siker has logged out.
[2018/1/10 - 17:10:29] Steve Mofujohn has withdrawn 20000 materials from the safe.
[2018/1/10 - 17:14:42] HNIC Steve Mofujohn (16222) (rank 6) has given Scotty Cain (1000612242) rank 3 (Hustla) in 1323 Market  Mobb (25).
[2018/1/10 - 17:14:46] Amdan Siker has logged out.
[2018/1/10 - 17:17:03] Aguilar De Nerha has logged out.
[2018/1/10 - 17:17:09] Raf Simons has logged out.
[2018/1/10 - 17:18:16] Ai Chan (1000625784) accepted HNIC Ninou Mofujohn's (137951) invite to join 1323 Market  Mobb (25).
[2018/1/10 - 17:18:18] HNIC Ninou Mofujohn (137951) (rank 6) has given Ai Chan (1000625784) rank 2 (Crip) in 1323 Market  Mobb (25).
[2018/1/10 - 17:18:27] Alberto Rossi has logged out.
[2018/1/10 - 17:18:37] David Kleinman has logged out.
[2018/1/10 - 17:18:47] Steve Mofujohn has withdrawn 4000 materials from the safe.
[2018/1/10 - 17:19:02] Steve Mofujohn has withdrawn 4000 materials from the safe.
[2018/1/10 - 17:20:04] Thyson Kleinman has logged out.
[2018/1/10 - 17:21:11] Seth Zutar (1000586301) accepted HNIC Ninou Mofujohn's (137951) invite to join 1323 Market  Mobb (25).
[2018/1/10 - 17:22:06] HNIC Steve Mofujohn (16222) (rank 6) has given Raf Simons (1000625790) rank 0 (Baby Crip) in 1323 Market  Mobb (25).
[2018/1/10 - 17:26:54] Ninou Mofujohn has logged out.
[2018/1/10 - 17:26:57] Maksy Volkoff has withdrawn a Silenced Colt .45 from the weapon locker (Cost: 2)
[2018/1/10 - 17:28:39] Ninou Mofujohn has authorized Maksy Volkoff to withdraw a Desert Eagle from the weapon locker (Cost: 5)
[2018/1/10 - 17:28:56] Ninou Mofujohn has authorized Brandon Volkoff to withdraw a Desert Eagle from the weapon locker (Cost: 5)
[2018/1/10 - 17:29:10] Ninou Mofujohn has authorized Magnus Murphy to withdraw a Desert Eagle from the weapon locker (Cost: 5)
[2018/1/10 - 17:29:22] Ninou Mofujohn has authorized Ninou Fraiser to withdraw a Desert Eagle from the weapon locker (Cost: 5)
[2018/1/10 - 17:29:24] Ninou Mofujohn has authorized David Willowbrook to withdraw a Desert Eagle from the weapon locker (Cost: 5)
[2018/1/10 - 17:30:13] Steve Mofujohn has withdrawn a Desert Eagle from the weapon locker (Cost: 5)
[2018/1/10 - 17:31:08] Steve Mofujohn has authorized Aguilar De Nerha to withdraw a AK-47 from the weapon locker (Cost: 25)
[2018/1/10 - 17:32:14] Steve Mofujohn has authorized Lee Liang to withdraw a Desert Eagle from the weapon locker (Cost: 5)
[2018/1/10 - 17:35:20] Lee Liang has logged out.
[2018/1/10 - 17:36:06] Steve Mofujohn has authorized Maksy Volkoff to withdraw a Desert Eagle from the weapon locker (Cost: 5)
[2018/1/10 - 17:36:08] Steve Mofujohn has authorized Sammy Mccool to withdraw a Desert Eagle from the weapon locker (Cost: 5)
[2018/1/10 - 17:36:13] Steve Mofujohn has authorized Scotty Cain to withdraw a Shotgun from the weapon locker (Cost: 3)
[2018/1/10 - 17:36:25] Steve Mofujohn has withdrawn a Desert Eagle from the weapon locker (Cost: 5)
[2018/1/10 - 17:36:47] Steve Mofujohn has authorized Magnus Murphy to withdraw a Desert Eagle from the weapon locker (Cost: 5)
[2018/1/10 - 17:36:48] Brandon Volkoff has logged out.
[2018/1/10 - 17:36:53] Baby Crip Draymond Woods has lost connection.
[2018/1/10 - 17:37:45] Steve Mofujohn has withdrawn a Sniper Rifle from the weapon locker (Cost: 75)
[2018/1/10 - 17:38:10] HNIC Steve Mofujohn (16222) (rank 6) has uninvited Raf Simons (1000625790) (rank 0) from 1323 Market  Mobb (25).
[2018/1/10 - 17:38:21] Steve Mofujohn has deposited a Sniper Rifle into the locker.
[2018/1/10 - 17:38:25] Steve Mofujohn has authorized Lee Liang to withdraw a AK-47 from the weapon locker (Cost: 25)
[2018/1/10 - 17:38:34] Steve Mofujohn has authorized Ninou Fraiser to withdraw a Desert Eagle from the weapon locker (Cost: 5)
[2018/1/10 - 17:38:58] Steve Mofujohn has authorized Brandon Volkoff to withdraw a Desert Eagle from the weapon locker (Cost: 5)
[2018/1/10 - 17:38:59] Steve Mofujohn has authorized David Willowbrook to withdraw a Desert Eagle from the weapon locker (Cost: 5)
[2018/1/10 - 17:39:25] Crip Ai Chan has lost connection.
[2018/1/10 - 17:39:53] Steve Mofujohn has authorized Draymond Woods to withdraw a Desert Eagle from the weapon locker (Cost: 5)
[2018/1/10 - 17:42:28] Ninou Mofujohn has withdrawn a Desert Eagle from the weapon locker (Cost: 5)
[2018/1/10 - 17:42:48] Ninou Mofujohn has withdrawn 20 grams of Meth from the safe.
[2018/1/10 - 17:45:28] Sammy Mccool has logged out.
[2018/1/10 - 17:48:57] Aguilar De Nerha has logged out.
[2018/1/10 - 17:51:08] Draymond Woods has logged out.
[2018/1/10 - 17:54:24] Sammy Mccool has logged out.
[2018/1/10 - 17:54:38] David Willowbrook has logged out.
[2018/1/10 - 17:55:27] HNIC Ninou Mofujohn has lost connection.
[2018/1/10 - 17:55:40] Crip Blinky Kleinman has lost connection.
[2018/1/10 - 18:00:21] HNIC Steve Mofujohn has lost connection.
[2018/1/10 - 18:00:28] Magnus Murphy has logged out.
[2018/1/10 - 18:02:58] Alejuando D Cobra has logged out.
[2018/1/10 - 18:12:00] Sammy Mccool has logged out.
[2018/1/10 - 18:12:17] Antwone Fisher has authorized Maksy Volkoff to withdraw a Desert Eagle from the weapon locker (Cost: 5)
[2018/1/10 - 18:12:23] Antwone Fisher has authorized Ninou Fraiser to withdraw a Desert Eagle from the weapon locker (Cost: 5)
[2018/1/10 - 18:13:26] Antwone Fisher has authorized Ninou Fraiser to withdraw a Shotgun from the weapon locker (Cost: 3)
[2018/1/10 - 18:14:24] Antwone Fisher has authorized Brandon Volkoff to withdraw a Desert Eagle from the weapon locker (Cost: 5)
[2018/1/10 - 18:15:14] Steve Mofujohn has withdrawn a Desert Eagle from the weapon locker (Cost: 5)
[2018/1/10 - 18:15:53] Maksy Volkoff has logged out.
[2018/1/10 - 18:16:27] Sammy Mccool has logged out.
[2018/1/10 - 18:17:14] Ninou Fraiser has logged out.
[2018/1/10 - 18:17:42] Antwone Fisher has authorized Lee Liang to withdraw a Desert Eagle from the weapon locker (Cost: 5)
[2018/1/10 - 18:20:14] Steve Mofujohn has withdrawn a Desert Eagle from the weapon locker (Cost: 5)
[2018/1/10 - 18:20:36] Steve Mofujohn has authorized Clint Maddox to withdraw a Desert Eagle from the weapon locker (Cost: 5)
[2018/1/10 - 18:21:43] Steve Mofujohn has authorized Tazz Buenoh to withdraw a Desert Eagle from the weapon locker (Cost: 5)
[2018/1/10 - 18:21:45] Steve Mofujohn has authorized David Kleinman to withdraw a Shotgun from the weapon locker (Cost: 3)
[2018/1/10 - 18:22:54] HNIC Ninou Mofujohn (137951) (rank 6) has given Tazz Buenoh (1000622726) rank 2 (Crip) in 1323 Market  Mobb (25).
[2018/1/10 - 18:24:11] Maksy Volkoff has logged out.
[2018/1/10 - 18:27:57] Ninou Mofujohn has withdrawn a Desert Eagle from the weapon locker (Cost: 5)
[2018/1/10 - 18:28:04] Ninou Mofujohn has withdrawn 60 grams of Meth from the safe.
[2018/1/10 - 18:28:17] Ninou Mofujohn has authorized Brandon Volkoff to withdraw a Desert Eagle from the weapon locker (Cost: 5)
[2018/1/10 - 18:28:41] Steve Mofujohn has withdrawn a Shotgun from the weapon locker (Cost: 3)
[2018/1/10 - 18:28:44] Steve Mofujohn has withdrawn a Desert Eagle from the weapon locker (Cost: 5)
[2018/1/10 - 18:28:46] Ninou Mofujohn has authorized Tazz Buenoh to withdraw a Desert Eagle from the weapon locker (Cost: 5)
[2018/1/10 - 18:29:46] Steve Mofujohn has authorized Clint Maddox to withdraw a Desert Eagle from the weapon locker (Cost: 5)
[2018/1/10 - 18:30:53] Steve Mofujohn has authorized Lee Liang to withdraw a Desert Eagle from the weapon locker (Cost: 5)
[2018/1/10 - 18:31:06] Steve Mofujohn has authorized Maksy Volkoff to withdraw a Desert Eagle from the weapon locker (Cost: 5)
[2018/1/10 - 18:31:50] Blinky Kleinman has logged out.
[2018/1/10 - 18:31:53] Clint Maddox has authorized Mac Hooligan Maddox to withdraw a Desert Eagle from the weapon locker (Cost: 5)
[2018/1/10 - 18:33:11] Ninou Mofujohn has withdrawn a Desert Eagle from the weapon locker (Cost: 5)
[2018/1/10 - 18:33:30] Crip Ai Chan has lost connection.
[2018/1/10 - 18:33:32] Antwone Fisher has authorized Scotty Cain to withdraw a Shotgun from the weapon locker (Cost: 3)
[2018/1/10 - 18:33:34] Thyson Kleinman has authorized Blinky Kleinman to withdraw a Shotgun from the weapon locker (Cost: 3)
[2018/1/10 - 18:33:36] Clint Maddox has authorized Thyson Kleinman to withdraw a Desert Eagle from the weapon locker (Cost: 5)
[2018/1/10 - 18:36:28] Ninou Mofujohn has authorized Calmlet Kush to withdraw a Shotgun from the weapon locker (Cost: 3)
[2018/1/10 - 18:37:17] Seth Zutar has logged out.
[2018/1/10 - 18:37:32] Steve Mofujohn has authorized Antwone Fisher to withdraw a Desert Eagle from the weapon locker (Cost: 5)
[2018/1/10 - 18:37:58] Antwone Fisher has authorized Clint Maddox to withdraw a Desert Eagle from the weapon locker (Cost: 5)
[2018/1/10 - 18:38:57] Draymond Woods has logged out.
[2018/1/10 - 18:39:27] Thyson Kleinman has authorized Tazz Buenoh to withdraw a Shotgun from the weapon locker (Cost: 3)
[2018/1/10 - 18:39:40] Clint Maddox has authorized Mac Hooligan Maddox to withdraw a Shotgun from the weapon locker (Cost: 3)
[2018/1/10 - 18:40:53] Steve Mofujohn has authorized Richie Volkoff to withdraw a Desert Eagle from the weapon locker (Cost: 5)
[2018/1/10 - 18:41:23] Big Poot Thyson Kleinman (1000130640) has set Antwone Fisher's (3597) division to Nine Mobb in 1323 Market  Mobb (25).
[2018/1/10 - 18:41:47] Baby Crip Richie Volkoff has lost connection.
[2018/1/10 - 18:41:54] Crip Sammy Mccool has lost connection.
[2018/1/10 - 18:43:40] Ninou Mofujohn has logged out.
[2018/1/10 - 18:44:18] Hartax Blacker has logged out.
[2018/1/10 - 18:46:00] Blinky Kleinman has logged out.
[2018/1/10 - 18:46:01] Steve Mofujohn has withdrawn a Desert Eagle from the weapon locker (Cost: 5)
[2018/1/10 - 18:47:23] Antwone Fisher has authorized Mac Hooligan Maddox to withdraw a Shotgun from the weapon locker (Cost: 3)
[2018/1/10 - 18:47:33] Thyson Kleinman has authorized Scotty Cain to withdraw a Shotgun from the weapon locker (Cost: 3)
[2018/1/10 - 18:47:55] Antwone Fisher has authorized Lee Liang to withdraw a SPAS-12 from the weapon locker (Cost: 50)
[2018/1/10 - 18:47:57] Ninou Mofujohn has logged out.
[2018/1/10 - 18:48:15] Lee Liang has deposited a SPAS-12 into the locker.
[2018/1/10 - 18:48:19] Draymond Woods has logged out.
[2018/1/10 - 18:48:54] Blinky Kleinman has logged out.
[2018/1/10 - 18:49:08] Steve Mofujohn has authorized Thyson Kleinman to withdraw a Desert Eagle from the weapon locker (Cost: 5)
[2018/1/10 - 18:49:10] Steve Mofujohn has authorized Lee Liang to withdraw a Desert Eagle from the weapon locker (Cost: 5)
[2018/1/10 - 18:50:45] Thyson Kleinman has authorized Blinky Kleinman to withdraw a Desert Eagle from the weapon locker (Cost: 5)
[2018/1/10 - 18:51:30] Victor Brugal (101456) accepted Big Poot Thyson Kleinman's (1000130640) invite to join 1323 Market  Mobb (25).
[2018/1/10 - 18:51:32] Big Poot Thyson Kleinman (1000130640) has set Victor Brugal's (101456) division to Nine Mobb in 1323 Market  Mobb (25).
[2018/1/10 - 18:52:17] Blinky Kleinman has logged out.
[2018/1/10 - 18:52:32] Thyson Kleinman has authorized David Kleinman to withdraw a Desert Eagle from the weapon locker (Cost: 5)
[2018/1/10 - 18:53:26] Thyson Kleinman has authorized Lee Liang to withdraw a Desert Eagle from the weapon locker (Cost: 5)
[2018/1/10 - 18:55:08] Steve Mofujohn has withdrawn a Desert Eagle from the weapon locker (Cost: 5)
[2018/1/10 - 18:55:17] HNIC Ninou Mofujohn has lost connection.
[2018/1/10 - 18:55:46] Baby Crip Victor Brugal has lost connection.
[2018/1/10 - 18:56:59] Mac Hooligan Maddox has logged out.
[2018/1/10 - 18:57:26] Big Poot Clint Maddox (887818) (rank 5) has uninvited David Kleinman (1000594022) (rank 2) from 1323 Market  Mobb (25).
[2018/1/10 - 18:57:31] Blinky Kleinman has logged out.
[2018/1/10 - 18:59:14] Blinky Kleinman has logged out.
[2018/1/10 - 18:59:18] Steve Mofujohn has withdrawn a Desert Eagle from the weapon locker (Cost: 5)
[2018/1/10 - 18:59:24] Ninou Mofujohn (137951) has changed MOTD for /F OOC /R IC FOLLOW THE SERVER RULES OR BE KICKED/DEMOTED to: /F OOC /R IC FOLLOW 
[2018/1/10 - 18:59:36] Sammy Mccool has logged out.
[2018/1/10 - 19:01:55] Steve Mofujohn has authorized Scotty Cain to withdraw a Shotgun from the weapon locker (Cost: 3)
[2018/1/10 - 19:07:01] David Kleinman (1000594022) accepted Big Poot Clint Maddox's (887818) invite to join 1323 Market  Mobb (25).
[2018/1/10 - 19:07:07] Big Poot Clint Maddox (887818) has set David Kleinman's (1000594022) division to Nine Mobb in 1323 Market  Mobb (25).
[2018/1/10 - 19:07:53] Steve Mofujohn has withdrawn a Sniper Rifle from the weapon locker (Cost: 75)
[2018/1/10 - 19:09:07] Clint Maddox has authorized David Kleinman to withdraw a Shotgun from the weapon locker (Cost: 3)
[2018/1/10 - 19:10:28] Ninou Mofujohn has authorized Tazz Buenoh to withdraw a Desert Eagle from the weapon locker (Cost: 5)
[2018/1/10 - 19:10:30] Danilo Buenoh has logged out.
[2018/1/10 - 19:10:37] Steve Mofujohn has deposited a Sniper Rifle into the locker.
[2018/1/10 - 19:12:20] Clint Maddox has logged out.
[2018/1/10 - 19:12:21] David Kleinman has logged out.
[2018/1/10 - 19:12:41] Maksy Volkoff has withdrawn a Silenced Colt .45 from the weapon locker (Cost: 2)
[2018/1/10 - 19:14:39] Ninou Mofujohn has authorized Maksy Volkoff to withdraw a Desert Eagle from the weapon locker (Cost: 5)
[2018/1/10 - 19:15:21] Steve Mofujohn has authorized Scotty Cain to withdraw a Desert Eagle from the weapon locker (Cost: 5)
[2018/1/10 - 19:15:39] Steve Mofujohn has withdrawn a Desert Eagle from the weapon locker (Cost: 5)
[2018/1/10 - 19:15:58] Steve Mofujohn has authorized Tazz Buenoh to withdraw a Desert Eagle from the weapon locker (Cost: 5)
[2018/1/10 - 19:17:02] Antwone Fisher has authorized Calmlet Kush to withdraw a Shotgun from the weapon locker (Cost: 3)
[2018/1/10 - 19:17:40] Maksy Volkoff has withdrawn a Silenced Colt .45 from the weapon locker (Cost: 2)
[2018/1/10 - 19:17:49] Steve Mofujohn has authorized Maksy Volkoff to withdraw a Desert Eagle from the weapon locker (Cost: 5)
[2018/1/10 - 19:17:51] Steve Mofujohn has authorized Lee Liang to withdraw a Desert Eagle from the weapon locker (Cost: 5)
[2018/1/10 - 19:20:48] Steve Mofujohn has authorized Antwone Fisher to withdraw a Shotgun from the weapon locker (Cost: 3)
[2018/1/10 - 19:22:33] Hustla Scotty Cain has lost connection.
[2018/1/10 - 19:23:35] Ai Chan has logged out.
[2018/1/10 - 19:24:27] Lee Liang has logged out.
[2018/1/10 - 19:26:48] Ninou Mofujohn has logged out.
[2018/1/10 - 19:27:13] Tazz Buenoh has logged out.
[2018/1/10 - 19:29:08] Steve Mofujohn has authorized Antwone Fisher to withdraw a Desert Eagle from the weapon locker (Cost: 5)
[2018/1/10 - 19:29:17] Steve Mofujohn has authorized Calmlet Kush to withdraw a Shotgun from the weapon locker (Cost: 3)
[2018/1/10 - 19:30:18] Antwone Fisher (3597) has quit the 1323 Market  Mobb as a rank 5
[2018/1/10 - 19:30:22] Brandon Volkoff has withdrawn a Silenced Colt .45 from the weapon locker (Cost: 2)
[2018/1/10 - 19:30:50] Steve Mofujohn has authorized Brandon Volkoff to withdraw a Shotgun from the weapon locker (Cost: 3)
[2018/1/10 - 19:31:05] Baby Crip Chad Powers has lost connection.
[2018/1/10 - 19:31:31] HNIC Steve Mofujohn has lost connection.
[2018/1/10 - 19:31:36] Calmlet Kush (1000192615) has quit the 1323 Market  Mobb as a rank 4
[2018/1/10 - 19:39:44] Ai Chan (1000625784) has quit the 1323 Market  Mobb as a rank 2
[2018/1/10 - 19:40:35] Draymond Woods has logged out.
[2018/1/10 - 19:41:03] Sammy Mccool has logged out.
[2018/1/10 - 19:43:23] Victor Brugal has logged out.
[2018/1/10 - 19:47:53] Chad Powers has logged out.
[2018/1/10 - 19:49:08] Blinky Kleinman has logged out.
[2018/1/10 - 19:50:37] Blinky Kleinman has logged out.
[2018/1/10 - 19:51:10] Crip Brandon Volkoff has lost connection.
[2018/1/10 - 19:53:50] Maksy Volkoff has logged out.
[2018/1/10 - 19:59:45] Blinky Kleinman has logged out.
[2018/1/10 - 20:01:15] Travis Lancer has logged out.
[2018/1/10 - 20:04:19] Blinky Kleinman has logged out.
[2018/1/10 - 20:07:22] Maksy Volkoff has logged out.
[2018/1/10 - 20:08:27] Chad Powers has logged out.
[2018/1/10 - 20:11:19] Lee Liang has logged out.
[2018/1/10 - 20:15:47] Chad Powers has deposited $10000 into the safe.
[2018/1/10 - 20:27:07] Kenny Mckiddie has logged out.
[2018/1/10 - 20:34:51] Linko Washington has logged out.
[2018/1/10 - 20:36:12] Haris Jones has authorized Lee Liang to withdraw a Desert Eagle from the weapon locker (Cost: 5)
[2018/1/10 - 20:43:40] Haris Jones has authorized Alejuando D Cobra to withdraw a Desert Eagle from the weapon locker (Cost: 5)
[2018/1/10 - 20:44:58] Big Poot Haris Jones (101273) (rank 5) has given Maksy Volkoff (1000625996) rank 1 (Lil\' Poot) in 1323 Market  Mobb (25).
[2018/1/10 - 20:45:01] Big Poot Haris Jones (101273) (rank 5) has given Chad Powers (1000626148) rank 1 (Lil\' Poot) in 1323 Market  Mobb (25).
[2018/1/10 - 20:46:19] Hooligan Maddox has logged out.
[2018/1/10 - 20:53:44] Lee Liang has logged out.
[2018/1/10 - 20:53:51] Alejuando D Cobra has logged out.
[2018/1/10 - 20:53:57] Blinky Kleinman has logged out.
[2018/1/10 - 20:54:59] Lee Liang has logged out.
[2018/1/10 - 20:55:15] Chad Powers has logged out.
[2018/1/10 - 20:56:00] Lil\' Poot Chad Powers has lost connection.
[2018/1/10 - 20:56:18] Lee Liang has logged out.
[2018/1/10 - 20:56:53] Maksy Volkoff has logged out.
[2018/1/10 - 20:57:00] Lil\' Poot Chad Powers has lost connection.
[2018/1/10 - 20:57:55] Haris Jones has authorized Alessandro Abano to withdraw a Desert Eagle from the weapon locker (Cost: 5)
[2018/1/10 - 20:57:56] Haris Jones has authorized Percy Jones to withdraw a Desert Eagle from the weapon locker (Cost: 5)
[2018/1/10 - 21:00:58] Haris Jones has logged out.
[2018/1/10 - 21:01:01] Chad Powers has logged out.
[2018/1/10 - 21:02:08] Lil\' Poot Chad Powers has lost connection.
[2018/1/10 - 21:03:26] Linko Washington (1000626035) has quit the 1323 Market  Mobb as a rank 4
[2018/1/10 - 21:09:31] Travis Lancer has logged out.
[2018/1/10 - 21:10:00] Maksy Volkoff has withdrawn a Silenced Colt .45 from the weapon locker (Cost: 2)
[2018/1/10 - 21:10:11] Percy Jones has logged out.
[2018/1/10 - 21:17:01] Baby Crip Alessandro Abano has lost connection.
[2018/1/10 - 21:32:49] HNIC Steve Mofujohn has lost connection.
[2018/1/10 - 21:33:47] Hooligan Maddox has logged in.
[2018/1/10 - 21:35:12] Hooligan Maddox has logged out.
[2018/1/10 - 21:35:54] Hooligan Maddox has logged in.
[2018/1/10 - 21:38:54] Chad Powers has logged out.
[2018/1/10 - 21:40:56] Maksy Volkoff has logged out.
[2018/1/10 - 21:46:11] Jeff Wills (1000544292) accepted HNIC Steve Mofujohn's (16222) invite to join 1323 Market  Mobb (25).
[2018/1/10 - 21:47:08] Draymond Woods has logged out.
[2018/1/10 - 21:49:19] Lee Liang has logged out.
[2018/1/10 - 21:52:12] Maksy Volkoff has logged out.
[2018/1/10 - 21:55:39] Haris Jones has authorized Lee Liang to withdraw a Desert Eagle from the weapon locker (Cost: 5)
[2018/1/10 - 21:58:33] Lil\' Poot Maksy Volkoff has lost connection.
[2018/1/10 - 21:59:29] Alessandro Abano has logged out.
[2018/1/10 - 21:59:47] Lil\' Poot Maksy Volkoff has lost connection.
[2018/1/10 - 22:01:39] Lil\' Poot Maksy Volkoff has lost connection.
[2018/1/10 - 22:04:34] Lil\' Poot Maksy Volkoff has lost connection.
[2018/1/10 - 22:05:49] Percy Jones (1000597291) has quit the 1323 Market  Mobb as a rank 2
[2018/1/10 - 22:06:03] David Willowbrook has logged out.
[2018/1/10 - 22:06:10] Steve Mofujohn has withdrawn 30000 materials from the safe.
[2018/1/10 - 22:08:52] Lil\' Poot Maksy Volkoff has lost connection.
[2018/1/10 - 22:10:30] Baby Crip Brader Djakarta has lost connection.
[2018/1/10 - 22:11:43] HNIC Steve Mofujohn has lost connection.
[2018/1/10 - 22:16:38] HNIC Steve Mofujohn has lost connection.
[2018/1/10 - 22:16:53] Lee Liang has logged out.
[2018/1/10 - 22:21:04] Big Poot Haris Jones (101273) (rank 5) has uninvited David Kleinman (1000594022) (rank 0) from 1323 Market  Mobb (25).
[2018/1/10 - 22:21:19] Haris Jones has logged out.
[2018/1/10 - 22:26:29] Baby Crip Brader Djakarta has lost connection.
[2018/1/10 - 22:32:27] Jeff Wills has logged out.
[2018/1/10 - 22:37:38] HNIC Steve Mofujohn has lost connection.
[2018/1/10 - 22:45:09] Alberto Rossi has logged out.
[2018/1/10 - 22:45:17] Brandon Volkoff has logged out.
[2018/1/10 - 22:57:36] Maksy Volkoff has logged out.
[2018/1/10 - 23:12:49] Alessandro Abano (1000534577) has quit the 1323 Market  Mobb as a rank 0
[2018/1/10 - 23:15:24] Scotty Cain has logged out.
[2018/1/10 - 23:22:42] Blocc Star Hartax Blacker has lost connection.
[2018/1/10 - 23:31:08] Big Poot Thyson Kleinman (1000130640) (rank 5) has given Blinky Kleinman (1000079889) rank 3 (Hustla) in 1323 Market  Mobb (25)
[2018/1/10 - 23:33:56] Thyson Kleinman has logged out.
[2018/1/10 - 23:34:07] Lee Liang has logged out.
[2018/1/10 - 23:49:13] David Kleinman (1000594022) accepted Big Poot Thyson Kleinman's (1000130640) invite to join 1323 Market  Mobb (25).
[2018/1/10 - 23:49:13] Big Poot Thyson Kleinman (1000130640) (rank 5) has given David Kleinman (1000594022) rank 2 (Crip) in 1323 Market  Mobb (25).
[2018/1/10 - 23:50:08] Big Poot Thyson Kleinman (1000130640) has set David Kleinman's (1000594022) division to Nine Mobb in 1323 Market  Mobb (25).
[2018/1/10 - 23:52:09] Thyson Kleinman has adjusted the withdraw rank for item 2 to 5.
[2018/1/10 - 23:52:43] Thyson Kleinman has withdrawn 10 grams of Heroin from the safe.
[2018/1/10 - 23:52:53] Thyson Kleinman has withdrawn 100 grams of Ecstasy from the safe.
[2018/1/10 - 23:53:00] Thyson Kleinman has withdrawn 100 grams of Meth from the safe.
[2018/1/10 - 23:53:16] Thyson Kleinman has withdrawn 100 grams of Heroin from the safe.
[2018/1/10 - 23:53:47] Thyson Kleinman has withdrawn 200 grams of Crack from the safe.
[2018/1/10 - 23:53:54] Thyson Kleinman has withdrawn 200 grams of Pot from the safe.
[2018/1/10 - 23:57:32] David Kleinman has logged out.
