[2018/1/23 - 0:01:01] The faction vault is at $26,130,077.
[2018/1/23 - 0:01:01] SA Gov Paid $25,000 to Blitz Towing budget fund.
[2018/1/23 - 0:01:01] Vehicle ID 184 (Slot ID 5) Maintainence fee cost $0 to Blitz Towing's budget fund.
[2018/1/23 - 0:01:01] Vehicle ID 206 (Slot ID 34) Maintainence fee cost $0 to Blitz Towing's budget fund.
[2018/1/23 - 0:01:01] Vehicle ID 237 (Slot ID 80) Maintainence fee cost $0 to Blitz Towing's budget fund.
[2018/1/23 - 0:01:01] Vehicle ID 282 (Slot ID 139) Maintainence fee cost $0 to Blitz Towing's budget fund.
[2018/1/23 - 0:01:01] Vehicle ID 291 (Slot ID 149) Maintainence fee cost $0 to Blitz Towing's budget fund.
[2018/1/23 - 0:01:01] Vehicle ID 303 (Slot ID 162) Maintainence fee cost $0 to Blitz Towing's budget fund.
[2018/1/23 - 0:01:01] Vehicle ID 314 (Slot ID 179) Maintainence fee cost $0 to Blitz Towing's budget fund.
[2018/1/23 - 0:01:01] Vehicle ID 316 (Slot ID 182) Maintainence fee cost $0 to Blitz Towing's budget fund.
[2018/1/23 - 0:01:01] Vehicle ID 318 (Slot ID 184) Maintainence fee cost $0 to Blitz Towing's budget fund.
[2018/1/23 - 0:01:01] Vehicle ID 319 (Slot ID 185) Maintainence fee cost $0 to Blitz Towing's budget fund.
[2018/1/23 - 0:01:01] Vehicle ID 325 (Slot ID 194) Maintainence fee cost $0 to Blitz Towing's budget fund.
[2018/1/23 - 0:01:01] Vehicle ID 343 (Slot ID 218) Maintainence fee cost $0 to Blitz Towing's budget fund.
[2018/1/23 - 0:01:01] Vehicle ID 378 (Slot ID 262) Maintainence fee cost $0 to Blitz Towing's budget fund.
[2018/1/23 - 0:01:01] Vehicle ID 410 (Slot ID 306) Maintainence fee cost $0 to Blitz Towing's budget fund.
[2018/1/23 - 0:01:01] Vehicle ID 412 (Slot ID 308) Maintainence fee cost $0 to Blitz Towing's budget fund.
[2018/1/23 - 0:01:01] Vehicle ID 413 (Slot ID 310) Maintainence fee cost $0 to Blitz Towing's budget fund.
[2018/1/23 - 0:01:01] Vehicle ID 417 (Slot ID 317) Maintainence fee cost $0 to Blitz Towing's budget fund.
[2018/1/23 - 0:01:01] Vehicle ID 425 (Slot ID 326) Maintainence fee cost $0 to Blitz Towing's budget fund.
[2018/1/23 - 0:01:01] Vehicle ID 0 (Slot ID 329) Maintainence fee cost $0 to Blitz Towing's budget fund.
[2018/1/23 - 0:01:01] Vehicle ID 428 (Slot ID 331) Maintainence fee cost $0 to Blitz Towing's budget fund.
[2018/1/23 - 0:01:01] Vehicle ID 431 (Slot ID 334) Maintainence fee cost $0 to Blitz Towing's budget fund.
[2018/1/23 - 0:01:01] Vehicle ID 0 (Slot ID 356) Maintainence fee cost $0 to Blitz Towing's budget fund.
[2018/1/23 - 0:01:01] Vehicle ID 0 (Slot ID 375) Maintainence fee cost $0 to Blitz Towing's budget fund.
[2018/1/23 - 0:01:01] Vehicle ID 0 (Slot ID 484) Maintainence fee cost $0 to Blitz Towing's budget fund.
[2018/1/23 - 0:59:44] Vehicle Slot ID 34 RTB fee cost $0 to Blitz Towing's budget fund.
[2018/1/23 - 1:00:11] The faction vault is at $26,161,877.
[2018/1/23 - 1:00:11] SA Gov Paid $25,000 to Blitz Towing budget fund.
[2018/1/23 - 1:00:11] Vehicle ID 184 (Slot ID 5) Maintainence fee cost $0 to Blitz Towing's budget fund.
[2018/1/23 - 1:00:11] Vehicle ID 206 (Slot ID 34) Maintainence fee cost $0 to Blitz Towing's budget fund.
[2018/1/23 - 1:00:11] Vehicle ID 237 (Slot ID 80) Maintainence fee cost $0 to Blitz Towing's budget fund.
[2018/1/23 - 1:00:11] Vehicle ID 282 (Slot ID 139) Maintainence fee cost $0 to Blitz Towing's budget fund.
[2018/1/23 - 1:00:11] Vehicle ID 291 (Slot ID 149) Maintainence fee cost $0 to Blitz Towing's budget fund.
[2018/1/23 - 1:00:11] Vehicle ID 303 (Slot ID 162) Maintainence fee cost $0 to Blitz Towing's budget fund.
[2018/1/23 - 1:00:11] Vehicle ID 314 (Slot ID 179) Maintainence fee cost $0 to Blitz Towing's budget fund.
[2018/1/23 - 1:00:11] Vehicle ID 316 (Slot ID 182) Maintainence fee cost $0 to Blitz Towing's budget fund.
[2018/1/23 - 1:00:11] Vehicle ID 318 (Slot ID 184) Maintainence fee cost $0 to Blitz Towing's budget fund.
[2018/1/23 - 1:00:11] Vehicle ID 319 (Slot ID 185) Maintainence fee cost $0 to Blitz Towing's budget fund.
[2018/1/23 - 1:00:11] Vehicle ID 325 (Slot ID 194) Maintainence fee cost $0 to Blitz Towing's budget fund.
[2018/1/23 - 1:00:11] Vehicle ID 343 (Slot ID 218) Maintainence fee cost $0 to Blitz Towing's budget fund.
[2018/1/23 - 1:00:11] Vehicle ID 378 (Slot ID 262) Maintainence fee cost $0 to Blitz Towing's budget fund.
[2018/1/23 - 1:00:11] Vehicle ID 410 (Slot ID 306) Maintainence fee cost $0 to Blitz Towing's budget fund.
[2018/1/23 - 1:00:11] Vehicle ID 412 (Slot ID 308) Maintainence fee cost $0 to Blitz Towing's budget fund.
[2018/1/23 - 1:00:11] Vehicle ID 413 (Slot ID 310) Maintainence fee cost $0 to Blitz Towing's budget fund.
[2018/1/23 - 1:00:11] Vehicle ID 417 (Slot ID 317) Maintainence fee cost $0 to Blitz Towing's budget fund.
[2018/1/23 - 1:00:11] Vehicle ID 425 (Slot ID 326) Maintainence fee cost $0 to Blitz Towing's budget fund.
[2018/1/23 - 1:00:11] Vehicle ID 0 (Slot ID 329) Maintainence fee cost $0 to Blitz Towing's budget fund.
[2018/1/23 - 1:00:11] Vehicle ID 428 (Slot ID 331) Maintainence fee cost $0 to Blitz Towing's budget fund.
[2018/1/23 - 1:00:11] Vehicle ID 431 (Slot ID 334) Maintainence fee cost $0 to Blitz Towing's budget fund.
[2018/1/23 - 1:00:11] Vehicle ID 0 (Slot ID 356) Maintainence fee cost $0 to Blitz Towing's budget fund.
[2018/1/23 - 1:00:11] Vehicle ID 0 (Slot ID 375) Maintainence fee cost $0 to Blitz Towing's budget fund.
[2018/1/23 - 1:00:11] Vehicle ID 0 (Slot ID 484) Maintainence fee cost $0 to Blitz Towing's budget fund.
[2018/1/23 - 1:17:07] Titus Styles took a vest out of the Blitz Towing locker at a cost of 1 HG Material.
[2018/1/23 - 1:23:10] Titus Styles took a vest out of the Blitz Towing locker at a cost of 1 HG Material.
[2018/1/23 - 1:23:11] Titus Styles took a med kit & vest out of the Blitz Towing locker at a cost of 1 HG Material.
[2018/1/23 - 1:25:44] Titus Styles has repaired vehicle 378 at a cost of $2,500 to Blitz Towing's budget fund.
[2018/1/23 - 1:39:25] Vehicle Slot ID 194 RTB fee cost $0 to Blitz Towing's budget fund.
[2018/1/23 - 1:40:02] Vehicle Slot ID 331 RTB fee cost $0 to Blitz Towing's budget fund.
[2018/1/23 - 1:55:05] Vehicle Slot ID 179 RTB fee cost $0 to Blitz Towing's budget fund.
[2018/1/23 - 2:00:23] The faction vault is at $26,189,977.
[2018/1/23 - 2:00:23] SA Gov Paid $25,000 to Blitz Towing budget fund.
[2018/1/23 - 2:00:23] Vehicle ID 184 (Slot ID 5) Maintainence fee cost $0 to Blitz Towing's budget fund.
[2018/1/23 - 2:00:23] Vehicle ID 206 (Slot ID 34) Maintainence fee cost $0 to Blitz Towing's budget fund.
[2018/1/23 - 2:00:23] Vehicle ID 237 (Slot ID 80) Maintainence fee cost $0 to Blitz Towing's budget fund.
[2018/1/23 - 2:00:23] Vehicle ID 282 (Slot ID 139) Maintainence fee cost $0 to Blitz Towing's budget fund.
[2018/1/23 - 2:00:23] Vehicle ID 291 (Slot ID 149) Maintainence fee cost $0 to Blitz Towing's budget fund.
[2018/1/23 - 2:00:23] Vehicle ID 303 (Slot ID 162) Maintainence fee cost $0 to Blitz Towing's budget fund.
[2018/1/23 - 2:00:23] Vehicle ID 314 (Slot ID 179) Maintainence fee cost $0 to Blitz Towing's budget fund.
[2018/1/23 - 2:00:23] Vehicle ID 316 (Slot ID 182) Maintainence fee cost $0 to Blitz Towing's budget fund.
[2018/1/23 - 2:00:23] Vehicle ID 318 (Slot ID 184) Maintainence fee cost $0 to Blitz Towing's budget fund.
[2018/1/23 - 2:00:23] Vehicle ID 319 (Slot ID 185) Maintainence fee cost $0 to Blitz Towing's budget fund.
[2018/1/23 - 2:00:23] Vehicle ID 325 (Slot ID 194) Maintainence fee cost $0 to Blitz Towing's budget fund.
[2018/1/23 - 2:00:23] Vehicle ID 343 (Slot ID 218) Maintainence fee cost $0 to Blitz Towing's budget fund.
[2018/1/23 - 2:00:23] Vehicle ID 378 (Slot ID 262) Maintainence fee cost $0 to Blitz Towing's budget fund.
[2018/1/23 - 2:00:23] Vehicle ID 410 (Slot ID 306) Maintainence fee cost $0 to Blitz Towing's budget fund.
[2018/1/23 - 2:00:23] Vehicle ID 412 (Slot ID 308) Maintainence fee cost $0 to Blitz Towing's budget fund.
[2018/1/23 - 2:00:23] Vehicle ID 413 (Slot ID 310) Maintainence fee cost $0 to Blitz Towing's budget fund.
[2018/1/23 - 2:00:23] Vehicle ID 417 (Slot ID 317) Maintainence fee cost $0 to Blitz Towing's budget fund.
[2018/1/23 - 2:00:23] Vehicle ID 425 (Slot ID 326) Maintainence fee cost $0 to Blitz Towing's budget fund.
[2018/1/23 - 2:00:23] Vehicle ID 0 (Slot ID 329) Maintainence fee cost $0 to Blitz Towing's budget fund.
[2018/1/23 - 2:00:23] Vehicle ID 428 (Slot ID 331) Maintainence fee cost $0 to Blitz Towing's budget fund.
[2018/1/23 - 2:00:23] Vehicle ID 431 (Slot ID 334) Maintainence fee cost $0 to Blitz Towing's budget fund.
[2018/1/23 - 2:00:23] Vehicle ID 0 (Slot ID 356) Maintainence fee cost $0 to Blitz Towing's budget fund.
[2018/1/23 - 2:00:23] Vehicle ID 0 (Slot ID 375) Maintainence fee cost $0 to Blitz Towing's budget fund.
[2018/1/23 - 2:00:23] Vehicle ID 0 (Slot ID 484) Maintainence fee cost $0 to Blitz Towing's budget fund.
[2018/1/23 - 2:36:25] Titus Styles has been paid $14,880 from Blitz Towing's budget.
[2018/1/23 - 2:41:00] Titus Styles took a vest out of the Blitz Towing locker at a cost of 1 HG Material.
[2018/1/23 - 2:41:19] Titus Styles has repaired vehicle 378 at a cost of $2,500 to Blitz Towing's budget fund.
[2018/1/23 - 3:00:34] The faction vault is at $26,201,397.
[2018/1/23 - 3:00:34] SA Gov Paid $25,000 to Blitz Towing budget fund.
[2018/1/23 - 3:00:34] Vehicle ID 184 (Slot ID 5) Maintainence fee cost $0 to Blitz Towing's budget fund.
[2018/1/23 - 3:00:34] Vehicle ID 206 (Slot ID 34) Maintainence fee cost $0 to Blitz Towing's budget fund.
[2018/1/23 - 3:00:34] Vehicle ID 237 (Slot ID 80) Maintainence fee cost $0 to Blitz Towing's budget fund.
[2018/1/23 - 3:00:34] Vehicle ID 282 (Slot ID 139) Maintainence fee cost $0 to Blitz Towing's budget fund.
[2018/1/23 - 3:00:34] Vehicle ID 291 (Slot ID 149) Maintainence fee cost $0 to Blitz Towing's budget fund.
[2018/1/23 - 3:00:34] Vehicle ID 303 (Slot ID 162) Maintainence fee cost $0 to Blitz Towing's budget fund.
[2018/1/23 - 3:00:34] Vehicle ID 314 (Slot ID 179) Maintainence fee cost $0 to Blitz Towing's budget fund.
[2018/1/23 - 3:00:34] Vehicle ID 316 (Slot ID 182) Maintainence fee cost $0 to Blitz Towing's budget fund.
[2018/1/23 - 3:00:34] Vehicle ID 318 (Slot ID 184) Maintainence fee cost $0 to Blitz Towing's budget fund.
[2018/1/23 - 3:00:34] Vehicle ID 319 (Slot ID 185) Maintainence fee cost $0 to Blitz Towing's budget fund.
[2018/1/23 - 3:00:34] Vehicle ID 325 (Slot ID 194) Maintainence fee cost $0 to Blitz Towing's budget fund.
[2018/1/23 - 3:00:34] Vehicle ID 343 (Slot ID 218) Maintainence fee cost $0 to Blitz Towing's budget fund.
[2018/1/23 - 3:00:34] Vehicle ID 378 (Slot ID 262) Maintainence fee cost $0 to Blitz Towing's budget fund.
[2018/1/23 - 3:00:34] Vehicle ID 410 (Slot ID 306) Maintainence fee cost $0 to Blitz Towing's budget fund.
[2018/1/23 - 3:00:34] Vehicle ID 412 (Slot ID 308) Maintainence fee cost $0 to Blitz Towing's budget fund.
[2018/1/23 - 3:00:34] Vehicle ID 413 (Slot ID 310) Maintainence fee cost $0 to Blitz Towing's budget fund.
[2018/1/23 - 3:00:34] Vehicle ID 417 (Slot ID 317) Maintainence fee cost $0 to Blitz Towing's budget fund.
[2018/1/23 - 3:00:34] Vehicle ID 425 (Slot ID 326) Maintainence fee cost $0 to Blitz Towing's budget fund.
[2018/1/23 - 3:00:34] Vehicle ID 0 (Slot ID 329) Maintainence fee cost $0 to Blitz Towing's budget fund.
[2018/1/23 - 3:00:34] Vehicle ID 428 (Slot ID 331) Maintainence fee cost $0 to Blitz Towing's budget fund.
[2018/1/23 - 3:00:34] Vehicle ID 431 (Slot ID 334) Maintainence fee cost $0 to Blitz Towing's budget fund.
[2018/1/23 - 3:00:34] Vehicle ID 0 (Slot ID 356) Maintainence fee cost $0 to Blitz Towing's budget fund.
[2018/1/23 - 3:00:34] Vehicle ID 0 (Slot ID 375) Maintainence fee cost $0 to Blitz Towing's budget fund.
[2018/1/23 - 3:00:34] Vehicle ID 0 (Slot ID 484) Maintainence fee cost $0 to Blitz Towing's budget fund.
[2018/1/23 - 4:00:51] The faction vault is at $26,228,597.
[2018/1/23 - 4:00:51] SA Gov Paid $25,000 to Blitz Towing budget fund.
[2018/1/23 - 4:00:51] Vehicle ID 184 (Slot ID 5) Maintainence fee cost $0 to Blitz Towing's budget fund.
[2018/1/23 - 4:00:51] Vehicle ID 206 (Slot ID 34) Maintainence fee cost $0 to Blitz Towing's budget fund.
[2018/1/23 - 4:00:51] Vehicle ID 237 (Slot ID 80) Maintainence fee cost $0 to Blitz Towing's budget fund.
[2018/1/23 - 4:00:51] Vehicle ID 282 (Slot ID 139) Maintainence fee cost $0 to Blitz Towing's budget fund.
[2018/1/23 - 4:00:51] Vehicle ID 291 (Slot ID 149) Maintainence fee cost $0 to Blitz Towing's budget fund.
[2018/1/23 - 4:00:51] Vehicle ID 303 (Slot ID 162) Maintainence fee cost $0 to Blitz Towing's budget fund.
[2018/1/23 - 4:00:51] Vehicle ID 314 (Slot ID 179) Maintainence fee cost $0 to Blitz Towing's budget fund.
[2018/1/23 - 4:00:51] Vehicle ID 316 (Slot ID 182) Maintainence fee cost $0 to Blitz Towing's budget fund.
[2018/1/23 - 4:00:51] Vehicle ID 318 (Slot ID 184) Maintainence fee cost $0 to Blitz Towing's budget fund.
[2018/1/23 - 4:00:51] Vehicle ID 319 (Slot ID 185) Maintainence fee cost $0 to Blitz Towing's budget fund.
[2018/1/23 - 4:00:51] Vehicle ID 325 (Slot ID 194) Maintainence fee cost $0 to Blitz Towing's budget fund.
[2018/1/23 - 4:00:51] Vehicle ID 343 (Slot ID 218) Maintainence fee cost $0 to Blitz Towing's budget fund.
[2018/1/23 - 4:00:51] Vehicle ID 378 (Slot ID 262) Maintainence fee cost $0 to Blitz Towing's budget fund.
[2018/1/23 - 4:00:51] Vehicle ID 410 (Slot ID 306) Maintainence fee cost $0 to Blitz Towing's budget fund.
[2018/1/23 - 4:00:51] Vehicle ID 412 (Slot ID 308) Maintainence fee cost $0 to Blitz Towing's budget fund.
[2018/1/23 - 4:00:51] Vehicle ID 413 (Slot ID 310) Maintainence fee cost $0 to Blitz Towing's budget fund.
[2018/1/23 - 4:00:51] Vehicle ID 417 (Slot ID 317) Maintainence fee cost $0 to Blitz Towing's budget fund.
[2018/1/23 - 4:00:51] Vehicle ID 425 (Slot ID 326) Maintainence fee cost $0 to Blitz Towing's budget fund.
[2018/1/23 - 4:00:51] Vehicle ID 0 (Slot ID 329) Maintainence fee cost $0 to Blitz Towing's budget fund.
[2018/1/23 - 4:00:51] Vehicle ID 428 (Slot ID 331) Maintainence fee cost $0 to Blitz Towing's budget fund.
[2018/1/23 - 4:00:51] Vehicle ID 431 (Slot ID 334) Maintainence fee cost $0 to Blitz Towing's budget fund.
[2018/1/23 - 4:00:51] Vehicle ID 0 (Slot ID 356) Maintainence fee cost $0 to Blitz Towing's budget fund.
[2018/1/23 - 4:00:51] Vehicle ID 0 (Slot ID 375) Maintainence fee cost $0 to Blitz Towing's budget fund.
[2018/1/23 - 4:00:51] Vehicle ID 0 (Slot ID 484) Maintainence fee cost $0 to Blitz Towing's budget fund.
[2018/1/23 - 5:00:06] The faction vault is at $26,258,397.
[2018/1/23 - 5:00:06] SA Gov Paid $25,000 to Blitz Towing budget fund.
[2018/1/23 - 5:00:06] Vehicle ID 184 (Slot ID 5) Maintainence fee cost $0 to Blitz Towing's budget fund.
[2018/1/23 - 5:00:06] Vehicle ID 206 (Slot ID 34) Maintainence fee cost $0 to Blitz Towing's budget fund.
[2018/1/23 - 5:00:06] Vehicle ID 237 (Slot ID 80) Maintainence fee cost $0 to Blitz Towing's budget fund.
[2018/1/23 - 5:00:06] Vehicle ID 282 (Slot ID 139) Maintainence fee cost $0 to Blitz Towing's budget fund.
[2018/1/23 - 5:00:06] Vehicle ID 291 (Slot ID 149) Maintainence fee cost $0 to Blitz Towing's budget fund.
[2018/1/23 - 5:00:06] Vehicle ID 303 (Slot ID 162) Maintainence fee cost $0 to Blitz Towing's budget fund.
[2018/1/23 - 5:00:06] Vehicle ID 314 (Slot ID 179) Maintainence fee cost $0 to Blitz Towing's budget fund.
[2018/1/23 - 5:00:06] Vehicle ID 316 (Slot ID 182) Maintainence fee cost $0 to Blitz Towing's budget fund.
[2018/1/23 - 5:00:06] Vehicle ID 318 (Slot ID 184) Maintainence fee cost $0 to Blitz Towing's budget fund.
[2018/1/23 - 5:00:06] Vehicle ID 319 (Slot ID 185) Maintainence fee cost $0 to Blitz Towing's budget fund.
[2018/1/23 - 5:00:06] Vehicle ID 325 (Slot ID 194) Maintainence fee cost $0 to Blitz Towing's budget fund.
[2018/1/23 - 5:00:06] Vehicle ID 343 (Slot ID 218) Maintainence fee cost $0 to Blitz Towing's budget fund.
[2018/1/23 - 5:00:06] Vehicle ID 378 (Slot ID 262) Maintainence fee cost $0 to Blitz Towing's budget fund.
[2018/1/23 - 5:00:06] Vehicle ID 410 (Slot ID 306) Maintainence fee cost $0 to Blitz Towing's budget fund.
[2018/1/23 - 5:00:06] Vehicle ID 412 (Slot ID 308) Maintainence fee cost $0 to Blitz Towing's budget fund.
[2018/1/23 - 5:00:06] Vehicle ID 413 (Slot ID 310) Maintainence fee cost $0 to Blitz Towing's budget fund.
[2018/1/23 - 5:00:06] Vehicle ID 417 (Slot ID 317) Maintainence fee cost $0 to Blitz Towing's budget fund.
[2018/1/23 - 5:00:06] Vehicle ID 425 (Slot ID 326) Maintainence fee cost $0 to Blitz Towing's budget fund.
[2018/1/23 - 5:00:06] Vehicle ID 0 (Slot ID 329) Maintainence fee cost $0 to Blitz Towing's budget fund.
[2018/1/23 - 5:00:06] Vehicle ID 428 (Slot ID 331) Maintainence fee cost $0 to Blitz Towing's budget fund.
[2018/1/23 - 5:00:06] Vehicle ID 431 (Slot ID 334) Maintainence fee cost $0 to Blitz Towing's budget fund.
[2018/1/23 - 5:00:06] Vehicle ID 0 (Slot ID 356) Maintainence fee cost $0 to Blitz Towing's budget fund.
[2018/1/23 - 5:00:06] Vehicle ID 0 (Slot ID 375) Maintainence fee cost $0 to Blitz Towing's budget fund.
[2018/1/23 - 5:00:06] Vehicle ID 0 (Slot ID 484) Maintainence fee cost $0 to Blitz Towing's budget fund.
[2018/1/23 - 5:52:37] Vehicle Slot ID 262 RTB fee cost $0 to Blitz Towing's budget fund.
[2018/1/23 - 6:00:22] The faction vault is at $26,294,397.
[2018/1/23 - 6:00:22] SA Gov Paid $25,000 to Blitz Towing budget fund.
[2018/1/23 - 6:00:22] Vehicle ID 184 (Slot ID 5) Maintainence fee cost $0 to Blitz Towing's budget fund.
[2018/1/23 - 6:00:22] Vehicle ID 206 (Slot ID 34) Maintainence fee cost $0 to Blitz Towing's budget fund.
[2018/1/23 - 6:00:22] Vehicle ID 237 (Slot ID 80) Maintainence fee cost $0 to Blitz Towing's budget fund.
[2018/1/23 - 6:00:22] Vehicle ID 282 (Slot ID 139) Maintainence fee cost $0 to Blitz Towing's budget fund.
[2018/1/23 - 6:00:22] Vehicle ID 291 (Slot ID 149) Maintainence fee cost $0 to Blitz Towing's budget fund.
[2018/1/23 - 6:00:22] Vehicle ID 303 (Slot ID 162) Maintainence fee cost $0 to Blitz Towing's budget fund.
[2018/1/23 - 6:00:22] Vehicle ID 314 (Slot ID 179) Maintainence fee cost $0 to Blitz Towing's budget fund.
[2018/1/23 - 6:00:22] Vehicle ID 316 (Slot ID 182) Maintainence fee cost $0 to Blitz Towing's budget fund.
[2018/1/23 - 6:00:22] Vehicle ID 318 (Slot ID 184) Maintainence fee cost $0 to Blitz Towing's budget fund.
[2018/1/23 - 6:00:22] Vehicle ID 319 (Slot ID 185) Maintainence fee cost $0 to Blitz Towing's budget fund.
[2018/1/23 - 6:00:22] Vehicle ID 325 (Slot ID 194) Maintainence fee cost $0 to Blitz Towing's budget fund.
[2018/1/23 - 6:00:22] Vehicle ID 343 (Slot ID 218) Maintainence fee cost $0 to Blitz Towing's budget fund.
[2018/1/23 - 6:00:22] Vehicle ID 378 (Slot ID 262) Maintainence fee cost $0 to Blitz Towing's budget fund.
[2018/1/23 - 6:00:22] Vehicle ID 410 (Slot ID 306) Maintainence fee cost $0 to Blitz Towing's budget fund.
[2018/1/23 - 6:00:22] Vehicle ID 412 (Slot ID 308) Maintainence fee cost $0 to Blitz Towing's budget fund.
[2018/1/23 - 6:00:22] Vehicle ID 413 (Slot ID 310) Maintainence fee cost $0 to Blitz Towing's budget fund.
[2018/1/23 - 6:00:22] Vehicle ID 417 (Slot ID 317) Maintainence fee cost $0 to Blitz Towing's budget fund.
[2018/1/23 - 6:00:22] Vehicle ID 425 (Slot ID 326) Maintainence fee cost $0 to Blitz Towing's budget fund.
[2018/1/23 - 6:00:22] Vehicle ID 0 (Slot ID 329) Maintainence fee cost $0 to Blitz Towing's budget fund.
[2018/1/23 - 6:00:22] Vehicle ID 428 (Slot ID 331) Maintainence fee cost $0 to Blitz Towing's budget fund.
[2018/1/23 - 6:00:22] Vehicle ID 431 (Slot ID 334) Maintainence fee cost $0 to Blitz Towing's budget fund.
[2018/1/23 - 6:00:22] Vehicle ID 0 (Slot ID 356) Maintainence fee cost $0 to Blitz Towing's budget fund.
[2018/1/23 - 6:00:22] Vehicle ID 0 (Slot ID 375) Maintainence fee cost $0 to Blitz Towing's budget fund.
[2018/1/23 - 6:00:22] Vehicle ID 0 (Slot ID 484) Maintainence fee cost $0 to Blitz Towing's budget fund.
[2018/1/23 - 7:00:36] The faction vault is at $26,334,597.
[2018/1/23 - 7:00:36] SA Gov Paid $25,000 to Blitz Towing budget fund.
[2018/1/23 - 7:00:36] Vehicle ID 184 (Slot ID 5) Maintainence fee cost $0 to Blitz Towing's budget fund.
[2018/1/23 - 7:00:36] Vehicle ID 206 (Slot ID 34) Maintainence fee cost $0 to Blitz Towing's budget fund.
[2018/1/23 - 7:00:36] Vehicle ID 237 (Slot ID 80) Maintainence fee cost $0 to Blitz Towing's budget fund.
[2018/1/23 - 7:00:36] Vehicle ID 282 (Slot ID 139) Maintainence fee cost $0 to Blitz Towing's budget fund.
[2018/1/23 - 7:00:36] Vehicle ID 291 (Slot ID 149) Maintainence fee cost $0 to Blitz Towing's budget fund.
[2018/1/23 - 7:00:36] Vehicle ID 303 (Slot ID 162) Maintainence fee cost $0 to Blitz Towing's budget fund.
[2018/1/23 - 7:00:36] Vehicle ID 314 (Slot ID 179) Maintainence fee cost $0 to Blitz Towing's budget fund.
[2018/1/23 - 7:00:36] Vehicle ID 316 (Slot ID 182) Maintainence fee cost $0 to Blitz Towing's budget fund.
[2018/1/23 - 7:00:36] Vehicle ID 318 (Slot ID 184) Maintainence fee cost $0 to Blitz Towing's budget fund.
[2018/1/23 - 7:00:36] Vehicle ID 319 (Slot ID 185) Maintainence fee cost $0 to Blitz Towing's budget fund.
[2018/1/23 - 7:00:36] Vehicle ID 325 (Slot ID 194) Maintainence fee cost $0 to Blitz Towing's budget fund.
[2018/1/23 - 7:00:36] Vehicle ID 343 (Slot ID 218) Maintainence fee cost $0 to Blitz Towing's budget fund.
[2018/1/23 - 7:00:36] Vehicle ID 378 (Slot ID 262) Maintainence fee cost $0 to Blitz Towing's budget fund.
[2018/1/23 - 7:00:36] Vehicle ID 410 (Slot ID 306) Maintainence fee cost $0 to Blitz Towing's budget fund.
[2018/1/23 - 7:00:36] Vehicle ID 412 (Slot ID 308) Maintainence fee cost $0 to Blitz Towing's budget fund.
[2018/1/23 - 7:00:36] Vehicle ID 413 (Slot ID 310) Maintainence fee cost $0 to Blitz Towing's budget fund.
[2018/1/23 - 7:00:36] Vehicle ID 417 (Slot ID 317) Maintainence fee cost $0 to Blitz Towing's budget fund.
[2018/1/23 - 7:00:36] Vehicle ID 425 (Slot ID 326) Maintainence fee cost $0 to Blitz Towing's budget fund.
[2018/1/23 - 7:00:36] Vehicle ID 0 (Slot ID 329) Maintainence fee cost $0 to Blitz Towing's budget fund.
[2018/1/23 - 7:00:36] Vehicle ID 428 (Slot ID 331) Maintainence fee cost $0 to Blitz Towing's budget fund.
[2018/1/23 - 7:00:36] Vehicle ID 431 (Slot ID 334) Maintainence fee cost $0 to Blitz Towing's budget fund.
[2018/1/23 - 7:00:36] Vehicle ID 0 (Slot ID 356) Maintainence fee cost $0 to Blitz Towing's budget fund.
[2018/1/23 - 7:00:36] Vehicle ID 0 (Slot ID 375) Maintainence fee cost $0 to Blitz Towing's budget fund.
[2018/1/23 - 7:00:36] Vehicle ID 0 (Slot ID 484) Maintainence fee cost $0 to Blitz Towing's budget fund.
[2018/1/23 - 8:00:42] The faction vault is at $26,361,797.
[2018/1/23 - 8:00:42] SA Gov Paid $25,000 to Blitz Towing budget fund.
[2018/1/23 - 8:00:42] Vehicle ID 184 (Slot ID 5) Maintainence fee cost $0 to Blitz Towing's budget fund.
[2018/1/23 - 8:00:42] Vehicle ID 206 (Slot ID 34) Maintainence fee cost $0 to Blitz Towing's budget fund.
[2018/1/23 - 8:00:42] Vehicle ID 237 (Slot ID 80) Maintainence fee cost $0 to Blitz Towing's budget fund.
[2018/1/23 - 8:00:42] Vehicle ID 282 (Slot ID 139) Maintainence fee cost $0 to Blitz Towing's budget fund.
[2018/1/23 - 8:00:42] Vehicle ID 291 (Slot ID 149) Maintainence fee cost $0 to Blitz Towing's budget fund.
[2018/1/23 - 8:00:42] Vehicle ID 303 (Slot ID 162) Maintainence fee cost $0 to Blitz Towing's budget fund.
[2018/1/23 - 8:00:42] Vehicle ID 314 (Slot ID 179) Maintainence fee cost $0 to Blitz Towing's budget fund.
[2018/1/23 - 8:00:42] Vehicle ID 316 (Slot ID 182) Maintainence fee cost $0 to Blitz Towing's budget fund.
[2018/1/23 - 8:00:42] Vehicle ID 318 (Slot ID 184) Maintainence fee cost $0 to Blitz Towing's budget fund.
[2018/1/23 - 8:00:42] Vehicle ID 319 (Slot ID 185) Maintainence fee cost $0 to Blitz Towing's budget fund.
[2018/1/23 - 8:00:42] Vehicle ID 325 (Slot ID 194) Maintainence fee cost $0 to Blitz Towing's budget fund.
[2018/1/23 - 8:00:42] Vehicle ID 343 (Slot ID 218) Maintainence fee cost $0 to Blitz Towing's budget fund.
[2018/1/23 - 8:00:42] Vehicle ID 378 (Slot ID 262) Maintainence fee cost $0 to Blitz Towing's budget fund.
[2018/1/23 - 8:00:42] Vehicle ID 410 (Slot ID 306) Maintainence fee cost $0 to Blitz Towing's budget fund.
[2018/1/23 - 8:00:42] Vehicle ID 412 (Slot ID 308) Maintainence fee cost $0 to Blitz Towing's budget fund.
[2018/1/23 - 8:00:42] Vehicle ID 413 (Slot ID 310) Maintainence fee cost $0 to Blitz Towing's budget fund.
[2018/1/23 - 8:00:42] Vehicle ID 417 (Slot ID 317) Maintainence fee cost $0 to Blitz Towing's budget fund.
[2018/1/23 - 8:00:42] Vehicle ID 425 (Slot ID 326) Maintainence fee cost $0 to Blitz Towing's budget fund.
[2018/1/23 - 8:00:42] Vehicle ID 0 (Slot ID 329) Maintainence fee cost $0 to Blitz Towing's budget fund.
[2018/1/23 - 8:00:42] Vehicle ID 428 (Slot ID 331) Maintainence fee cost $0 to Blitz Towing's budget fund.
[2018/1/23 - 8:00:42] Vehicle ID 431 (Slot ID 334) Maintainence fee cost $0 to Blitz Towing's budget fund.
[2018/1/23 - 8:00:42] Vehicle ID 0 (Slot ID 356) Maintainence fee cost $0 to Blitz Towing's budget fund.
[2018/1/23 - 8:00:42] Vehicle ID 0 (Slot ID 375) Maintainence fee cost $0 to Blitz Towing's budget fund.
[2018/1/23 - 8:00:42] Vehicle ID 0 (Slot ID 484) Maintainence fee cost $0 to Blitz Towing's budget fund.
[2018/1/23 - 9:00:48] The faction vault is at $26,391,797.
[2018/1/23 - 9:00:48] SA Gov Paid $25,000 to Blitz Towing budget fund.
[2018/1/23 - 9:00:48] Vehicle ID 184 (Slot ID 5) Maintainence fee cost $0 to Blitz Towing's budget fund.
[2018/1/23 - 9:00:48] Vehicle ID 206 (Slot ID 34) Maintainence fee cost $0 to Blitz Towing's budget fund.
[2018/1/23 - 9:00:48] Vehicle ID 237 (Slot ID 80) Maintainence fee cost $0 to Blitz Towing's budget fund.
[2018/1/23 - 9:00:48] Vehicle ID 282 (Slot ID 139) Maintainence fee cost $0 to Blitz Towing's budget fund.
[2018/1/23 - 9:00:48] Vehicle ID 291 (Slot ID 149) Maintainence fee cost $0 to Blitz Towing's budget fund.
[2018/1/23 - 9:00:48] Vehicle ID 303 (Slot ID 162) Maintainence fee cost $0 to Blitz Towing's budget fund.
[2018/1/23 - 9:00:48] Vehicle ID 314 (Slot ID 179) Maintainence fee cost $0 to Blitz Towing's budget fund.
[2018/1/23 - 9:00:48] Vehicle ID 316 (Slot ID 182) Maintainence fee cost $0 to Blitz Towing's budget fund.
[2018/1/23 - 9:00:48] Vehicle ID 318 (Slot ID 184) Maintainence fee cost $0 to Blitz Towing's budget fund.
[2018/1/23 - 9:00:48] Vehicle ID 319 (Slot ID 185) Maintainence fee cost $0 to Blitz Towing's budget fund.
[2018/1/23 - 9:00:48] Vehicle ID 325 (Slot ID 194) Maintainence fee cost $0 to Blitz Towing's budget fund.
[2018/1/23 - 9:00:48] Vehicle ID 343 (Slot ID 218) Maintainence fee cost $0 to Blitz Towing's budget fund.
[2018/1/23 - 9:00:48] Vehicle ID 378 (Slot ID 262) Maintainence fee cost $0 to Blitz Towing's budget fund.
[2018/1/23 - 9:00:48] Vehicle ID 410 (Slot ID 306) Maintainence fee cost $0 to Blitz Towing's budget fund.
[2018/1/23 - 9:00:48] Vehicle ID 412 (Slot ID 308) Maintainence fee cost $0 to Blitz Towing's budget fund.
[2018/1/23 - 9:00:48] Vehicle ID 413 (Slot ID 310) Maintainence fee cost $0 to Blitz Towing's budget fund.
[2018/1/23 - 9:00:48] Vehicle ID 417 (Slot ID 317) Maintainence fee cost $0 to Blitz Towing's budget fund.
[2018/1/23 - 9:00:48] Vehicle ID 425 (Slot ID 326) Maintainence fee cost $0 to Blitz Towing's budget fund.
[2018/1/23 - 9:00:48] Vehicle ID 0 (Slot ID 329) Maintainence fee cost $0 to Blitz Towing's budget fund.
[2018/1/23 - 9:00:48] Vehicle ID 428 (Slot ID 331) Maintainence fee cost $0 to Blitz Towing's budget fund.
[2018/1/23 - 9:00:48] Vehicle ID 431 (Slot ID 334) Maintainence fee cost $0 to Blitz Towing's budget fund.
[2018/1/23 - 9:00:48] Vehicle ID 0 (Slot ID 356) Maintainence fee cost $0 to Blitz Towing's budget fund.
[2018/1/23 - 9:00:48] Vehicle ID 0 (Slot ID 375) Maintainence fee cost $0 to Blitz Towing's budget fund.
[2018/1/23 - 9:00:48] Vehicle ID 0 (Slot ID 484) Maintainence fee cost $0 to Blitz Towing's budget fund.
[2018/1/23 - 10:00:51] The faction vault is at $26,418,997.
[2018/1/23 - 10:00:51] SA Gov Paid $25,000 to Blitz Towing budget fund.
[2018/1/23 - 10:00:51] Vehicle ID 184 (Slot ID 5) Maintainence fee cost $0 to Blitz Towing's budget fund.
[2018/1/23 - 10:00:51] Vehicle ID 206 (Slot ID 34) Maintainence fee cost $0 to Blitz Towing's budget fund.
[2018/1/23 - 10:00:51] Vehicle ID 237 (Slot ID 80) Maintainence fee cost $0 to Blitz Towing's budget fund.
[2018/1/23 - 10:00:51] Vehicle ID 282 (Slot ID 139) Maintainence fee cost $0 to Blitz Towing's budget fund.
[2018/1/23 - 10:00:51] Vehicle ID 291 (Slot ID 149) Maintainence fee cost $0 to Blitz Towing's budget fund.
[2018/1/23 - 10:00:51] Vehicle ID 303 (Slot ID 162) Maintainence fee cost $0 to Blitz Towing's budget fund.
[2018/1/23 - 10:00:51] Vehicle ID 314 (Slot ID 179) Maintainence fee cost $0 to Blitz Towing's budget fund.
[2018/1/23 - 10:00:51] Vehicle ID 316 (Slot ID 182) Maintainence fee cost $0 to Blitz Towing's budget fund.
[2018/1/23 - 10:00:51] Vehicle ID 318 (Slot ID 184) Maintainence fee cost $0 to Blitz Towing's budget fund.
[2018/1/23 - 10:00:51] Vehicle ID 319 (Slot ID 185) Maintainence fee cost $0 to Blitz Towing's budget fund.
[2018/1/23 - 10:00:51] Vehicle ID 325 (Slot ID 194) Maintainence fee cost $0 to Blitz Towing's budget fund.
[2018/1/23 - 10:00:51] Vehicle ID 343 (Slot ID 218) Maintainence fee cost $0 to Blitz Towing's budget fund.
[2018/1/23 - 10:00:51] Vehicle ID 378 (Slot ID 262) Maintainence fee cost $0 to Blitz Towing's budget fund.
[2018/1/23 - 10:00:51] Vehicle ID 410 (Slot ID 306) Maintainence fee cost $0 to Blitz Towing's budget fund.
[2018/1/23 - 10:00:51] Vehicle ID 412 (Slot ID 308) Maintainence fee cost $0 to Blitz Towing's budget fund.
[2018/1/23 - 10:00:51] Vehicle ID 413 (Slot ID 310) Maintainence fee cost $0 to Blitz Towing's budget fund.
[2018/1/23 - 10:00:51] Vehicle ID 417 (Slot ID 317) Maintainence fee cost $0 to Blitz Towing's budget fund.
[2018/1/23 - 10:00:51] Vehicle ID 425 (Slot ID 326) Maintainence fee cost $0 to Blitz Towing's budget fund.
[2018/1/23 - 10:00:51] Vehicle ID 0 (Slot ID 329) Maintainence fee cost $0 to Blitz Towing's budget fund.
[2018/1/23 - 10:00:51] Vehicle ID 428 (Slot ID 331) Maintainence fee cost $0 to Blitz Towing's budget fund.
[2018/1/23 - 10:00:51] Vehicle ID 431 (Slot ID 334) Maintainence fee cost $0 to Blitz Towing's budget fund.
[2018/1/23 - 10:00:51] Vehicle ID 0 (Slot ID 356) Maintainence fee cost $0 to Blitz Towing's budget fund.
[2018/1/23 - 10:00:51] Vehicle ID 0 (Slot ID 375) Maintainence fee cost $0 to Blitz Towing's budget fund.
[2018/1/23 - 10:00:51] Vehicle ID 0 (Slot ID 484) Maintainence fee cost $0 to Blitz Towing's budget fund.
[2018/1/23 - 11:00:56] The faction vault is at $26,448,997.
[2018/1/23 - 11:00:56] SA Gov Paid $25,000 to Blitz Towing budget fund.
[2018/1/23 - 11:00:56] Vehicle ID 184 (Slot ID 5) Maintainence fee cost $0 to Blitz Towing's budget fund.
[2018/1/23 - 11:00:56] Vehicle ID 206 (Slot ID 34) Maintainence fee cost $0 to Blitz Towing's budget fund.
[2018/1/23 - 11:00:56] Vehicle ID 237 (Slot ID 80) Maintainence fee cost $0 to Blitz Towing's budget fund.
[2018/1/23 - 11:00:56] Vehicle ID 282 (Slot ID 139) Maintainence fee cost $0 to Blitz Towing's budget fund.
[2018/1/23 - 11:00:56] Vehicle ID 291 (Slot ID 149) Maintainence fee cost $0 to Blitz Towing's budget fund.
[2018/1/23 - 11:00:56] Vehicle ID 303 (Slot ID 162) Maintainence fee cost $0 to Blitz Towing's budget fund.
[2018/1/23 - 11:00:56] Vehicle ID 314 (Slot ID 179) Maintainence fee cost $0 to Blitz Towing's budget fund.
[2018/1/23 - 11:00:56] Vehicle ID 316 (Slot ID 182) Maintainence fee cost $0 to Blitz Towing's budget fund.
[2018/1/23 - 11:00:56] Vehicle ID 318 (Slot ID 184) Maintainence fee cost $0 to Blitz Towing's budget fund.
[2018/1/23 - 11:00:56] Vehicle ID 319 (Slot ID 185) Maintainence fee cost $0 to Blitz Towing's budget fund.
[2018/1/23 - 11:00:56] Vehicle ID 325 (Slot ID 194) Maintainence fee cost $0 to Blitz Towing's budget fund.
[2018/1/23 - 11:00:56] Vehicle ID 343 (Slot ID 218) Maintainence fee cost $0 to Blitz Towing's budget fund.
[2018/1/23 - 11:00:56] Vehicle ID 378 (Slot ID 262) Maintainence fee cost $0 to Blitz Towing's budget fund.
[2018/1/23 - 11:00:56] Vehicle ID 410 (Slot ID 306) Maintainence fee cost $0 to Blitz Towing's budget fund.
[2018/1/23 - 11:00:56] Vehicle ID 412 (Slot ID 308) Maintainence fee cost $0 to Blitz Towing's budget fund.
[2018/1/23 - 11:00:56] Vehicle ID 413 (Slot ID 310) Maintainence fee cost $0 to Blitz Towing's budget fund.
[2018/1/23 - 11:00:56] Vehicle ID 417 (Slot ID 317) Maintainence fee cost $0 to Blitz Towing's budget fund.
[2018/1/23 - 11:00:56] Vehicle ID 425 (Slot ID 326) Maintainence fee cost $0 to Blitz Towing's budget fund.
[2018/1/23 - 11:00:56] Vehicle ID 0 (Slot ID 329) Maintainence fee cost $0 to Blitz Towing's budget fund.
[2018/1/23 - 11:00:56] Vehicle ID 428 (Slot ID 331) Maintainence fee cost $0 to Blitz Towing's budget fund.
[2018/1/23 - 11:00:56] Vehicle ID 431 (Slot ID 334) Maintainence fee cost $0 to Blitz Towing's budget fund.
[2018/1/23 - 11:00:56] Vehicle ID 0 (Slot ID 356) Maintainence fee cost $0 to Blitz Towing's budget fund.
[2018/1/23 - 11:00:56] Vehicle ID 0 (Slot ID 375) Maintainence fee cost $0 to Blitz Towing's budget fund.
[2018/1/23 - 11:00:56] Vehicle ID 0 (Slot ID 484) Maintainence fee cost $0 to Blitz Towing's budget fund.
[2018/1/23 - 12:00:57] The faction vault is at $26,484,197.
[2018/1/23 - 12:00:57] SA Gov Paid $25,000 to Blitz Towing budget fund.
[2018/1/23 - 12:00:57] Vehicle ID 184 (Slot ID 5) Maintainence fee cost $0 to Blitz Towing's budget fund.
[2018/1/23 - 12:00:57] Vehicle ID 206 (Slot ID 34) Maintainence fee cost $0 to Blitz Towing's budget fund.
[2018/1/23 - 12:00:57] Vehicle ID 237 (Slot ID 80) Maintainence fee cost $0 to Blitz Towing's budget fund.
[2018/1/23 - 12:00:57] Vehicle ID 282 (Slot ID 139) Maintainence fee cost $0 to Blitz Towing's budget fund.
[2018/1/23 - 12:00:57] Vehicle ID 291 (Slot ID 149) Maintainence fee cost $0 to Blitz Towing's budget fund.
[2018/1/23 - 12:00:57] Vehicle ID 303 (Slot ID 162) Maintainence fee cost $0 to Blitz Towing's budget fund.
[2018/1/23 - 12:00:57] Vehicle ID 314 (Slot ID 179) Maintainence fee cost $0 to Blitz Towing's budget fund.
[2018/1/23 - 12:00:57] Vehicle ID 316 (Slot ID 182) Maintainence fee cost $0 to Blitz Towing's budget fund.
[2018/1/23 - 12:00:57] Vehicle ID 318 (Slot ID 184) Maintainence fee cost $0 to Blitz Towing's budget fund.
[2018/1/23 - 12:00:57] Vehicle ID 319 (Slot ID 185) Maintainence fee cost $0 to Blitz Towing's budget fund.
[2018/1/23 - 12:00:57] Vehicle ID 325 (Slot ID 194) Maintainence fee cost $0 to Blitz Towing's budget fund.
[2018/1/23 - 12:00:57] Vehicle ID 343 (Slot ID 218) Maintainence fee cost $0 to Blitz Towing's budget fund.
[2018/1/23 - 12:00:57] Vehicle ID 378 (Slot ID 262) Maintainence fee cost $0 to Blitz Towing's budget fund.
[2018/1/23 - 12:00:57] Vehicle ID 410 (Slot ID 306) Maintainence fee cost $0 to Blitz Towing's budget fund.
[2018/1/23 - 12:00:57] Vehicle ID 412 (Slot ID 308) Maintainence fee cost $0 to Blitz Towing's budget fund.
[2018/1/23 - 12:00:57] Vehicle ID 413 (Slot ID 310) Maintainence fee cost $0 to Blitz Towing's budget fund.
[2018/1/23 - 12:00:57] Vehicle ID 417 (Slot ID 317) Maintainence fee cost $0 to Blitz Towing's budget fund.
[2018/1/23 - 12:00:57] Vehicle ID 425 (Slot ID 326) Maintainence fee cost $0 to Blitz Towing's budget fund.
[2018/1/23 - 12:00:57] Vehicle ID 0 (Slot ID 329) Maintainence fee cost $0 to Blitz Towing's budget fund.
[2018/1/23 - 12:00:57] Vehicle ID 428 (Slot ID 331) Maintainence fee cost $0 to Blitz Towing's budget fund.
[2018/1/23 - 12:00:57] Vehicle ID 431 (Slot ID 334) Maintainence fee cost $0 to Blitz Towing's budget fund.
[2018/1/23 - 12:00:57] Vehicle ID 0 (Slot ID 356) Maintainence fee cost $0 to Blitz Towing's budget fund.
[2018/1/23 - 12:00:57] Vehicle ID 0 (Slot ID 375) Maintainence fee cost $0 to Blitz Towing's budget fund.
[2018/1/23 - 12:00:57] Vehicle ID 0 (Slot ID 484) Maintainence fee cost $0 to Blitz Towing's budget fund.
[2018/1/23 - 13:00:49] The faction vault is at $26,527,597.
[2018/1/23 - 13:00:49] SA Gov Paid $25,000 to Blitz Towing budget fund.
[2018/1/23 - 13:00:49] Vehicle ID 184 (Slot ID 5) Maintainence fee cost $0 to Blitz Towing's budget fund.
[2018/1/23 - 13:00:49] Vehicle ID 206 (Slot ID 34) Maintainence fee cost $0 to Blitz Towing's budget fund.
[2018/1/23 - 13:00:49] Vehicle ID 237 (Slot ID 80) Maintainence fee cost $0 to Blitz Towing's budget fund.
[2018/1/23 - 13:00:49] Vehicle ID 282 (Slot ID 139) Maintainence fee cost $0 to Blitz Towing's budget fund.
[2018/1/23 - 13:00:49] Vehicle ID 291 (Slot ID 149) Maintainence fee cost $0 to Blitz Towing's budget fund.
[2018/1/23 - 13:00:49] Vehicle ID 303 (Slot ID 162) Maintainence fee cost $0 to Blitz Towing's budget fund.
[2018/1/23 - 13:00:49] Vehicle ID 314 (Slot ID 179) Maintainence fee cost $0 to Blitz Towing's budget fund.
[2018/1/23 - 13:00:49] Vehicle ID 316 (Slot ID 182) Maintainence fee cost $0 to Blitz Towing's budget fund.
[2018/1/23 - 13:00:49] Vehicle ID 318 (Slot ID 184) Maintainence fee cost $0 to Blitz Towing's budget fund.
[2018/1/23 - 13:00:49] Vehicle ID 319 (Slot ID 185) Maintainence fee cost $0 to Blitz Towing's budget fund.
[2018/1/23 - 13:00:49] Vehicle ID 325 (Slot ID 194) Maintainence fee cost $0 to Blitz Towing's budget fund.
[2018/1/23 - 13:00:49] Vehicle ID 343 (Slot ID 218) Maintainence fee cost $0 to Blitz Towing's budget fund.
[2018/1/23 - 13:00:49] Vehicle ID 378 (Slot ID 262) Maintainence fee cost $0 to Blitz Towing's budget fund.
[2018/1/23 - 13:00:49] Vehicle ID 410 (Slot ID 306) Maintainence fee cost $0 to Blitz Towing's budget fund.
[2018/1/23 - 13:00:49] Vehicle ID 412 (Slot ID 308) Maintainence fee cost $0 to Blitz Towing's budget fund.
[2018/1/23 - 13:00:49] Vehicle ID 413 (Slot ID 310) Maintainence fee cost $0 to Blitz Towing's budget fund.
[2018/1/23 - 13:00:49] Vehicle ID 417 (Slot ID 317) Maintainence fee cost $0 to Blitz Towing's budget fund.
[2018/1/23 - 13:00:49] Vehicle ID 425 (Slot ID 326) Maintainence fee cost $0 to Blitz Towing's budget fund.
[2018/1/23 - 13:00:49] Vehicle ID 0 (Slot ID 329) Maintainence fee cost $0 to Blitz Towing's budget fund.
[2018/1/23 - 13:00:49] Vehicle ID 428 (Slot ID 331) Maintainence fee cost $0 to Blitz Towing's budget fund.
[2018/1/23 - 13:00:49] Vehicle ID 431 (Slot ID 334) Maintainence fee cost $0 to Blitz Towing's budget fund.
[2018/1/23 - 13:00:49] Vehicle ID 0 (Slot ID 356) Maintainence fee cost $0 to Blitz Towing's budget fund.
[2018/1/23 - 13:00:49] Vehicle ID 0 (Slot ID 375) Maintainence fee cost $0 to Blitz Towing's budget fund.
[2018/1/23 - 13:00:49] Vehicle ID 0 (Slot ID 484) Maintainence fee cost $0 to Blitz Towing's budget fund.
[2018/1/23 - 13:32:52] Vehicle Slot ID 80 RTB fee cost $0 to Blitz Towing's budget fund.
[2018/1/23 - 13:32:52] Vehicle Slot ID 80 RTB fee cost $0 to Blitz Towing's budget fund.
[2018/1/23 - 13:37:36] Blitz Nye has been paid $1 from Blitz Towing's budget.
[2018/1/23 - 13:48:12] Larry Wooden Bear took a vest out of the Blitz Towing locker at a cost of 1 HG Material.
[2018/1/23 - 14:00:39] The faction vault is at $26,565,996.
[2018/1/23 - 14:00:39] SA Gov Paid $25,000 to Blitz Towing budget fund.
[2018/1/23 - 14:00:39] Vehicle ID 184 (Slot ID 5) Maintainence fee cost $0 to Blitz Towing's budget fund.
[2018/1/23 - 14:00:39] Vehicle ID 206 (Slot ID 34) Maintainence fee cost $0 to Blitz Towing's budget fund.
[2018/1/23 - 14:00:39] Vehicle ID 237 (Slot ID 80) Maintainence fee cost $0 to Blitz Towing's budget fund.
[2018/1/23 - 14:00:39] Vehicle ID 282 (Slot ID 139) Maintainence fee cost $0 to Blitz Towing's budget fund.
[2018/1/23 - 14:00:39] Vehicle ID 291 (Slot ID 149) Maintainence fee cost $0 to Blitz Towing's budget fund.
[2018/1/23 - 14:00:39] Vehicle ID 303 (Slot ID 162) Maintainence fee cost $0 to Blitz Towing's budget fund.
[2018/1/23 - 14:00:39] Vehicle ID 314 (Slot ID 179) Maintainence fee cost $0 to Blitz Towing's budget fund.
[2018/1/23 - 14:00:39] Vehicle ID 316 (Slot ID 182) Maintainence fee cost $0 to Blitz Towing's budget fund.
[2018/1/23 - 14:00:39] Vehicle ID 318 (Slot ID 184) Maintainence fee cost $0 to Blitz Towing's budget fund.
[2018/1/23 - 14:00:39] Vehicle ID 319 (Slot ID 185) Maintainence fee cost $0 to Blitz Towing's budget fund.
[2018/1/23 - 14:00:39] Vehicle ID 325 (Slot ID 194) Maintainence fee cost $0 to Blitz Towing's budget fund.
[2018/1/23 - 14:00:39] Vehicle ID 343 (Slot ID 218) Maintainence fee cost $0 to Blitz Towing's budget fund.
[2018/1/23 - 14:00:39] Vehicle ID 378 (Slot ID 262) Maintainence fee cost $0 to Blitz Towing's budget fund.
[2018/1/23 - 14:00:39] Vehicle ID 410 (Slot ID 306) Maintainence fee cost $0 to Blitz Towing's budget fund.
[2018/1/23 - 14:00:39] Vehicle ID 412 (Slot ID 308) Maintainence fee cost $0 to Blitz Towing's budget fund.
[2018/1/23 - 14:00:39] Vehicle ID 413 (Slot ID 310) Maintainence fee cost $0 to Blitz Towing's budget fund.
[2018/1/23 - 14:00:39] Vehicle ID 417 (Slot ID 317) Maintainence fee cost $0 to Blitz Towing's budget fund.
[2018/1/23 - 14:00:39] Vehicle ID 425 (Slot ID 326) Maintainence fee cost $0 to Blitz Towing's budget fund.
[2018/1/23 - 14:00:39] Vehicle ID 0 (Slot ID 329) Maintainence fee cost $0 to Blitz Towing's budget fund.
[2018/1/23 - 14:00:39] Vehicle ID 428 (Slot ID 331) Maintainence fee cost $0 to Blitz Towing's budget fund.
[2018/1/23 - 14:00:39] Vehicle ID 431 (Slot ID 334) Maintainence fee cost $0 to Blitz Towing's budget fund.
[2018/1/23 - 14:00:39] Vehicle ID 0 (Slot ID 356) Maintainence fee cost $0 to Blitz Towing's budget fund.
[2018/1/23 - 14:00:39] Vehicle ID 0 (Slot ID 375) Maintainence fee cost $0 to Blitz Towing's budget fund.
[2018/1/23 - 14:00:39] Vehicle ID 0 (Slot ID 484) Maintainence fee cost $0 to Blitz Towing's budget fund.
[2018/1/23 - 14:03:23] Larry Wooden Bear has been paid $15,000 from Blitz Towing's budget.
[2018/1/23 - 14:51:27] Larry Wooden Bear took a vest out of the Blitz Towing locker at a cost of 1 HG Material.
[2018/1/23 - 14:51:28] Larry Wooden Bear took a med kit & vest out of the Blitz Towing locker at a cost of 1 HG Material.
[2018/1/23 - 15:00:25] The faction vault is at $26,592,796.
[2018/1/23 - 15:00:25] SA Gov Paid $25,000 to Blitz Towing budget fund.
[2018/1/23 - 15:00:25] Vehicle ID 184 (Slot ID 5) Maintainence fee cost $0 to Blitz Towing's budget fund.
[2018/1/23 - 15:00:25] Vehicle ID 206 (Slot ID 34) Maintainence fee cost $0 to Blitz Towing's budget fund.
[2018/1/23 - 15:00:25] Vehicle ID 237 (Slot ID 80) Maintainence fee cost $0 to Blitz Towing's budget fund.
[2018/1/23 - 15:00:25] Vehicle ID 282 (Slot ID 139) Maintainence fee cost $0 to Blitz Towing's budget fund.
[2018/1/23 - 15:00:25] Vehicle ID 291 (Slot ID 149) Maintainence fee cost $0 to Blitz Towing's budget fund.
[2018/1/23 - 15:00:25] Vehicle ID 303 (Slot ID 162) Maintainence fee cost $0 to Blitz Towing's budget fund.
[2018/1/23 - 15:00:25] Vehicle ID 314 (Slot ID 179) Maintainence fee cost $0 to Blitz Towing's budget fund.
[2018/1/23 - 15:00:25] Vehicle ID 316 (Slot ID 182) Maintainence fee cost $0 to Blitz Towing's budget fund.
[2018/1/23 - 15:00:25] Vehicle ID 318 (Slot ID 184) Maintainence fee cost $0 to Blitz Towing's budget fund.
[2018/1/23 - 15:00:25] Vehicle ID 319 (Slot ID 185) Maintainence fee cost $0 to Blitz Towing's budget fund.
[2018/1/23 - 15:00:25] Vehicle ID 325 (Slot ID 194) Maintainence fee cost $0 to Blitz Towing's budget fund.
[2018/1/23 - 15:00:25] Vehicle ID 343 (Slot ID 218) Maintainence fee cost $0 to Blitz Towing's budget fund.
[2018/1/23 - 15:00:25] Vehicle ID 378 (Slot ID 262) Maintainence fee cost $0 to Blitz Towing's budget fund.
[2018/1/23 - 15:00:25] Vehicle ID 410 (Slot ID 306) Maintainence fee cost $0 to Blitz Towing's budget fund.
[2018/1/23 - 15:00:25] Vehicle ID 412 (Slot ID 308) Maintainence fee cost $0 to Blitz Towing's budget fund.
[2018/1/23 - 15:00:25] Vehicle ID 413 (Slot ID 310) Maintainence fee cost $0 to Blitz Towing's budget fund.
[2018/1/23 - 15:00:25] Vehicle ID 417 (Slot ID 317) Maintainence fee cost $0 to Blitz Towing's budget fund.
[2018/1/23 - 15:00:25] Vehicle ID 425 (Slot ID 326) Maintainence fee cost $0 to Blitz Towing's budget fund.
[2018/1/23 - 15:00:25] Vehicle ID 0 (Slot ID 329) Maintainence fee cost $0 to Blitz Towing's budget fund.
[2018/1/23 - 15:00:25] Vehicle ID 428 (Slot ID 331) Maintainence fee cost $0 to Blitz Towing's budget fund.
[2018/1/23 - 15:00:25] Vehicle ID 431 (Slot ID 334) Maintainence fee cost $0 to Blitz Towing's budget fund.
[2018/1/23 - 15:00:25] Vehicle ID 0 (Slot ID 356) Maintainence fee cost $0 to Blitz Towing's budget fund.
[2018/1/23 - 15:00:25] Vehicle ID 0 (Slot ID 375) Maintainence fee cost $0 to Blitz Towing's budget fund.
[2018/1/23 - 15:00:25] Vehicle ID 0 (Slot ID 484) Maintainence fee cost $0 to Blitz Towing's budget fund.
[2018/1/23 - 15:06:45] Larry Wooden Bear has been paid $15,000 from Blitz Towing's budget.
[2018/1/23 - 15:25:41] Larry Wooden Bear took a vest out of the Blitz Towing locker at a cost of 1 HG Material.
[2018/1/23 - 16:00:16] The faction vault is at $26,617,196.
[2018/1/23 - 16:00:16] SA Gov Paid $25,000 to Blitz Towing budget fund.
[2018/1/23 - 16:00:16] Vehicle ID 184 (Slot ID 5) Maintainence fee cost $0 to Blitz Towing's budget fund.
[2018/1/23 - 16:00:16] Vehicle ID 206 (Slot ID 34) Maintainence fee cost $0 to Blitz Towing's budget fund.
[2018/1/23 - 16:00:16] Vehicle ID 237 (Slot ID 80) Maintainence fee cost $0 to Blitz Towing's budget fund.
[2018/1/23 - 16:00:16] Vehicle ID 282 (Slot ID 139) Maintainence fee cost $0 to Blitz Towing's budget fund.
[2018/1/23 - 16:00:16] Vehicle ID 291 (Slot ID 149) Maintainence fee cost $0 to Blitz Towing's budget fund.
[2018/1/23 - 16:00:16] Vehicle ID 303 (Slot ID 162) Maintainence fee cost $0 to Blitz Towing's budget fund.
[2018/1/23 - 16:00:16] Vehicle ID 314 (Slot ID 179) Maintainence fee cost $0 to Blitz Towing's budget fund.
[2018/1/23 - 16:00:16] Vehicle ID 316 (Slot ID 182) Maintainence fee cost $0 to Blitz Towing's budget fund.
[2018/1/23 - 16:00:16] Vehicle ID 318 (Slot ID 184) Maintainence fee cost $0 to Blitz Towing's budget fund.
[2018/1/23 - 16:00:16] Vehicle ID 319 (Slot ID 185) Maintainence fee cost $0 to Blitz Towing's budget fund.
[2018/1/23 - 16:00:16] Vehicle ID 325 (Slot ID 194) Maintainence fee cost $0 to Blitz Towing's budget fund.
[2018/1/23 - 16:00:16] Vehicle ID 343 (Slot ID 218) Maintainence fee cost $0 to Blitz Towing's budget fund.
[2018/1/23 - 16:00:16] Vehicle ID 378 (Slot ID 262) Maintainence fee cost $0 to Blitz Towing's budget fund.
[2018/1/23 - 16:00:16] Vehicle ID 410 (Slot ID 306) Maintainence fee cost $0 to Blitz Towing's budget fund.
[2018/1/23 - 16:00:16] Vehicle ID 412 (Slot ID 308) Maintainence fee cost $0 to Blitz Towing's budget fund.
[2018/1/23 - 16:00:16] Vehicle ID 413 (Slot ID 310) Maintainence fee cost $0 to Blitz Towing's budget fund.
[2018/1/23 - 16:00:16] Vehicle ID 417 (Slot ID 317) Maintainence fee cost $0 to Blitz Towing's budget fund.
[2018/1/23 - 16:00:16] Vehicle ID 425 (Slot ID 326) Maintainence fee cost $0 to Blitz Towing's budget fund.
[2018/1/23 - 16:00:16] Vehicle ID 0 (Slot ID 329) Maintainence fee cost $0 to Blitz Towing's budget fund.
[2018/1/23 - 16:00:16] Vehicle ID 428 (Slot ID 331) Maintainence fee cost $0 to Blitz Towing's budget fund.
[2018/1/23 - 16:00:16] Vehicle ID 431 (Slot ID 334) Maintainence fee cost $0 to Blitz Towing's budget fund.
[2018/1/23 - 16:00:16] Vehicle ID 0 (Slot ID 356) Maintainence fee cost $0 to Blitz Towing's budget fund.
[2018/1/23 - 16:00:16] Vehicle ID 0 (Slot ID 375) Maintainence fee cost $0 to Blitz Towing's budget fund.
[2018/1/23 - 16:00:16] Vehicle ID 0 (Slot ID 484) Maintainence fee cost $0 to Blitz Towing's budget fund.
[2018/1/23 - 16:27:47] Vehicle Slot ID 5 RTB fee cost $0 to Blitz Towing's budget fund.
[2018/1/23 - 16:56:14] Vehicle Slot ID 139 RTB fee cost $0 to Blitz Towing's budget fund.
[2018/1/23 - 16:58:54] Kyle Odonnell Bluman took a vest out of the Blitz Towing locker at a cost of 1 HG Material.
[2018/1/23 - 16:58:56] Kyle Odonnell Bluman took a med kit & vest out of the Blitz Towing locker at a cost of 1 HG Material.
[2018/1/23 - 16:59:42] Titus Styles took a vest out of the Blitz Towing locker at a cost of 1 HG Material.
[2018/1/23 - 17:00:09] The faction vault is at $26,655,396.
[2018/1/23 - 17:00:09] SA Gov Paid $25,000 to Blitz Towing budget fund.
[2018/1/23 - 17:00:09] Vehicle ID 184 (Slot ID 5) Maintainence fee cost $0 to Blitz Towing's budget fund.
[2018/1/23 - 17:00:09] Vehicle ID 206 (Slot ID 34) Maintainence fee cost $0 to Blitz Towing's budget fund.
[2018/1/23 - 17:00:09] Vehicle ID 237 (Slot ID 80) Maintainence fee cost $0 to Blitz Towing's budget fund.
[2018/1/23 - 17:00:09] Vehicle ID 282 (Slot ID 139) Maintainence fee cost $0 to Blitz Towing's budget fund.
[2018/1/23 - 17:00:09] Vehicle ID 291 (Slot ID 149) Maintainence fee cost $0 to Blitz Towing's budget fund.
[2018/1/23 - 17:00:09] Vehicle ID 303 (Slot ID 162) Maintainence fee cost $0 to Blitz Towing's budget fund.
[2018/1/23 - 17:00:09] Vehicle ID 314 (Slot ID 179) Maintainence fee cost $0 to Blitz Towing's budget fund.
[2018/1/23 - 17:00:09] Vehicle ID 316 (Slot ID 182) Maintainence fee cost $0 to Blitz Towing's budget fund.
[2018/1/23 - 17:00:09] Vehicle ID 318 (Slot ID 184) Maintainence fee cost $0 to Blitz Towing's budget fund.
[2018/1/23 - 17:00:09] Vehicle ID 319 (Slot ID 185) Maintainence fee cost $0 to Blitz Towing's budget fund.
[2018/1/23 - 17:00:09] Vehicle ID 325 (Slot ID 194) Maintainence fee cost $0 to Blitz Towing's budget fund.
[2018/1/23 - 17:00:09] Vehicle ID 343 (Slot ID 218) Maintainence fee cost $0 to Blitz Towing's budget fund.
[2018/1/23 - 17:00:09] Vehicle ID 378 (Slot ID 262) Maintainence fee cost $0 to Blitz Towing's budget fund.
[2018/1/23 - 17:00:09] Vehicle ID 410 (Slot ID 306) Maintainence fee cost $0 to Blitz Towing's budget fund.
[2018/1/23 - 17:00:09] Vehicle ID 412 (Slot ID 308) Maintainence fee cost $0 to Blitz Towing's budget fund.
[2018/1/23 - 17:00:09] Vehicle ID 413 (Slot ID 310) Maintainence fee cost $0 to Blitz Towing's budget fund.
[2018/1/23 - 17:00:09] Vehicle ID 417 (Slot ID 317) Maintainence fee cost $0 to Blitz Towing's budget fund.
[2018/1/23 - 17:00:09] Vehicle ID 425 (Slot ID 326) Maintainence fee cost $0 to Blitz Towing's budget fund.
[2018/1/23 - 17:00:09] Vehicle ID 0 (Slot ID 329) Maintainence fee cost $0 to Blitz Towing's budget fund.
[2018/1/23 - 17:00:09] Vehicle ID 428 (Slot ID 331) Maintainence fee cost $0 to Blitz Towing's budget fund.
[2018/1/23 - 17:00:09] Vehicle ID 431 (Slot ID 334) Maintainence fee cost $0 to Blitz Towing's budget fund.
[2018/1/23 - 17:00:09] Vehicle ID 0 (Slot ID 356) Maintainence fee cost $0 to Blitz Towing's budget fund.
[2018/1/23 - 17:00:09] Vehicle ID 0 (Slot ID 375) Maintainence fee cost $0 to Blitz Towing's budget fund.
[2018/1/23 - 17:00:09] Vehicle ID 0 (Slot ID 484) Maintainence fee cost $0 to Blitz Towing's budget fund.
[2018/1/23 - 17:05:48] Titus Styles took a vest out of the Blitz Towing locker at a cost of 1 HG Material.
[2018/1/23 - 17:11:03] Vehicle Slot ID 194 RTB fee cost $0 to Blitz Towing's budget fund.
[2018/1/23 - 17:18:50] Kyle Odonnell Bluman has been paid $1 from Blitz Towing's budget.
[2018/1/23 - 17:21:26] Titus Styles took a vest out of the Blitz Towing locker at a cost of 1 HG Material.
[2018/1/23 - 17:23:24] Jamie Rain took a vest out of the Blitz Towing locker at a cost of 1 HG Material.
[2018/1/23 - 17:34:46] Titus Styles has been paid $14,880 from Blitz Towing's budget.
[2018/1/23 - 17:37:45] Jamie Rain has been paid $14,880 from Blitz Towing's budget.
[2018/1/23 - 17:50:54] Titus Styles took a vest out of the Blitz Towing locker at a cost of 1 HG Material.
[2018/1/23 - 17:50:58] Titus Styles took a vest out of the Blitz Towing locker at a cost of 1 HG Material.
[2018/1/23 - 17:51:30] Jamie Rain took a vest out of the Blitz Towing locker at a cost of 1 HG Material.
[2018/1/23 - 18:00:04] The faction vault is at $26,679,945.
[2018/1/23 - 18:00:04] SA Gov Paid $25,000 to Blitz Towing budget fund.
[2018/1/23 - 18:00:04] Vehicle ID 184 (Slot ID 5) Maintainence fee cost $0 to Blitz Towing's budget fund.
[2018/1/23 - 18:00:04] Vehicle ID 206 (Slot ID 34) Maintainence fee cost $0 to Blitz Towing's budget fund.
[2018/1/23 - 18:00:04] Vehicle ID 237 (Slot ID 80) Maintainence fee cost $0 to Blitz Towing's budget fund.
[2018/1/23 - 18:00:04] Vehicle ID 282 (Slot ID 139) Maintainence fee cost $0 to Blitz Towing's budget fund.
[2018/1/23 - 18:00:04] Vehicle ID 291 (Slot ID 149) Maintainence fee cost $0 to Blitz Towing's budget fund.
[2018/1/23 - 18:00:04] Vehicle ID 303 (Slot ID 162) Maintainence fee cost $0 to Blitz Towing's budget fund.
[2018/1/23 - 18:00:04] Vehicle ID 314 (Slot ID 179) Maintainence fee cost $0 to Blitz Towing's budget fund.
[2018/1/23 - 18:00:04] Vehicle ID 316 (Slot ID 182) Maintainence fee cost $0 to Blitz Towing's budget fund.
[2018/1/23 - 18:00:04] Vehicle ID 318 (Slot ID 184) Maintainence fee cost $0 to Blitz Towing's budget fund.
[2018/1/23 - 18:00:04] Vehicle ID 319 (Slot ID 185) Maintainence fee cost $0 to Blitz Towing's budget fund.
[2018/1/23 - 18:00:04] Vehicle ID 325 (Slot ID 194) Maintainence fee cost $0 to Blitz Towing's budget fund.
[2018/1/23 - 18:00:04] Vehicle ID 343 (Slot ID 218) Maintainence fee cost $0 to Blitz Towing's budget fund.
[2018/1/23 - 18:00:04] Vehicle ID 378 (Slot ID 262) Maintainence fee cost $0 to Blitz Towing's budget fund.
[2018/1/23 - 18:00:04] Vehicle ID 410 (Slot ID 306) Maintainence fee cost $0 to Blitz Towing's budget fund.
[2018/1/23 - 18:00:04] Vehicle ID 412 (Slot ID 308) Maintainence fee cost $0 to Blitz Towing's budget fund.
[2018/1/23 - 18:00:04] Vehicle ID 413 (Slot ID 310) Maintainence fee cost $0 to Blitz Towing's budget fund.
[2018/1/23 - 18:00:04] Vehicle ID 417 (Slot ID 317) Maintainence fee cost $0 to Blitz Towing's budget fund.
[2018/1/23 - 18:00:04] Vehicle ID 425 (Slot ID 326) Maintainence fee cost $0 to Blitz Towing's budget fund.
[2018/1/23 - 18:00:04] Vehicle ID 0 (Slot ID 329) Maintainence fee cost $0 to Blitz Towing's budget fund.
[2018/1/23 - 18:00:04] Vehicle ID 428 (Slot ID 331) Maintainence fee cost $0 to Blitz Towing's budget fund.
[2018/1/23 - 18:00:04] Vehicle ID 431 (Slot ID 334) Maintainence fee cost $0 to Blitz Towing's budget fund.
[2018/1/23 - 18:00:04] Vehicle ID 0 (Slot ID 356) Maintainence fee cost $0 to Blitz Towing's budget fund.
[2018/1/23 - 18:00:04] Vehicle ID 0 (Slot ID 375) Maintainence fee cost $0 to Blitz Towing's budget fund.
[2018/1/23 - 18:00:04] Vehicle ID 0 (Slot ID 484) Maintainence fee cost $0 to Blitz Towing's budget fund.
[2018/1/23 - 18:15:47] Larry Wooden Bear took a vest out of the Blitz Towing locker at a cost of 1 HG Material.
[2018/1/23 - 18:35:14] Larry Wooden Bear has been paid $15,000 from Blitz Towing's budget.
[2018/1/23 - 18:52:14] Larry Wooden Bear took a vest out of the Blitz Towing locker at a cost of 1 HG Material.
[2018/1/23 - 19:00:01] The faction vault is at $26,695,945.
[2018/1/23 - 19:00:01] SA Gov Paid $25,000 to Blitz Towing budget fund.
[2018/1/23 - 19:00:01] Vehicle ID 184 (Slot ID 5) Maintainence fee cost $0 to Blitz Towing's budget fund.
[2018/1/23 - 19:00:01] Vehicle ID 206 (Slot ID 34) Maintainence fee cost $0 to Blitz Towing's budget fund.
[2018/1/23 - 19:00:01] Vehicle ID 237 (Slot ID 80) Maintainence fee cost $0 to Blitz Towing's budget fund.
[2018/1/23 - 19:00:01] Vehicle ID 282 (Slot ID 139) Maintainence fee cost $0 to Blitz Towing's budget fund.
[2018/1/23 - 19:00:01] Vehicle ID 291 (Slot ID 149) Maintainence fee cost $0 to Blitz Towing's budget fund.
[2018/1/23 - 19:00:01] Vehicle ID 303 (Slot ID 162) Maintainence fee cost $0 to Blitz Towing's budget fund.
[2018/1/23 - 19:00:01] Vehicle ID 314 (Slot ID 179) Maintainence fee cost $0 to Blitz Towing's budget fund.
[2018/1/23 - 19:00:01] Vehicle ID 316 (Slot ID 182) Maintainence fee cost $0 to Blitz Towing's budget fund.
[2018/1/23 - 19:00:01] Vehicle ID 318 (Slot ID 184) Maintainence fee cost $0 to Blitz Towing's budget fund.
[2018/1/23 - 19:00:01] Vehicle ID 319 (Slot ID 185) Maintainence fee cost $0 to Blitz Towing's budget fund.
[2018/1/23 - 19:00:01] Vehicle ID 325 (Slot ID 194) Maintainence fee cost $0 to Blitz Towing's budget fund.
[2018/1/23 - 19:00:01] Vehicle ID 343 (Slot ID 218) Maintainence fee cost $0 to Blitz Towing's budget fund.
[2018/1/23 - 19:00:01] Vehicle ID 378 (Slot ID 262) Maintainence fee cost $0 to Blitz Towing's budget fund.
[2018/1/23 - 19:00:01] Vehicle ID 410 (Slot ID 306) Maintainence fee cost $0 to Blitz Towing's budget fund.
[2018/1/23 - 19:00:01] Vehicle ID 412 (Slot ID 308) Maintainence fee cost $0 to Blitz Towing's budget fund.
[2018/1/23 - 19:00:01] Vehicle ID 413 (Slot ID 310) Maintainence fee cost $0 to Blitz Towing's budget fund.
[2018/1/23 - 19:00:01] Vehicle ID 417 (Slot ID 317) Maintainence fee cost $0 to Blitz Towing's budget fund.
[2018/1/23 - 19:00:01] Vehicle ID 425 (Slot ID 326) Maintainence fee cost $0 to Blitz Towing's budget fund.
[2018/1/23 - 19:00:01] Vehicle ID 0 (Slot ID 329) Maintainence fee cost $0 to Blitz Towing's budget fund.
[2018/1/23 - 19:00:01] Vehicle ID 428 (Slot ID 331) Maintainence fee cost $0 to Blitz Towing's budget fund.
[2018/1/23 - 19:00:01] Vehicle ID 431 (Slot ID 334) Maintainence fee cost $0 to Blitz Towing's budget fund.
[2018/1/23 - 19:00:01] Vehicle ID 0 (Slot ID 356) Maintainence fee cost $0 to Blitz Towing's budget fund.
[2018/1/23 - 19:00:01] Vehicle ID 0 (Slot ID 375) Maintainence fee cost $0 to Blitz Towing's budget fund.
[2018/1/23 - 19:00:01] Vehicle ID 0 (Slot ID 484) Maintainence fee cost $0 to Blitz Towing's budget fund.
[2018/1/23 - 19:08:35] Larry Wooden Bear took a vest out of the Blitz Towing locker at a cost of 1 HG Material.
[2018/1/23 - 19:08:36] Larry Wooden Bear took a med kit & vest out of the Blitz Towing locker at a cost of 1 HG Material.
[2018/1/23 - 19:16:41] Vehicle Slot ID 179 RTB fee cost $0 to Blitz Towing's budget fund.
[2018/1/23 - 19:16:50] Vehicle Slot ID 334 RTB fee cost $0 to Blitz Towing's budget fund.
[2018/1/23 - 19:16:58] Vehicle Slot ID 184 RTB fee cost $0 to Blitz Towing's budget fund.
[2018/1/23 - 19:17:05] Vehicle Slot ID 185 RTB fee cost $0 to Blitz Towing's budget fund.
[2018/1/23 - 19:17:15] Vehicle Slot ID 182 RTB fee cost $0 to Blitz Towing's budget fund.
[2018/1/23 - 19:17:22] Vehicle Slot ID 149 RTB fee cost $0 to Blitz Towing's budget fund.
[2018/1/23 - 19:21:02] Vehicle Slot ID 5 RTB fee cost $0 to Blitz Towing's budget fund.
[2018/1/23 - 19:21:02] Vehicle Slot ID 34 RTB fee cost $0 to Blitz Towing's budget fund.
[2018/1/23 - 19:21:02] Vehicle Slot ID 80 RTB fee cost $0 to Blitz Towing's budget fund.
[2018/1/23 - 19:21:02] Vehicle Slot ID 139 RTB fee cost $0 to Blitz Towing's budget fund.
[2018/1/23 - 19:21:02] Vehicle Slot ID 149 RTB fee cost $0 to Blitz Towing's budget fund.
[2018/1/23 - 19:21:02] Vehicle Slot ID 162 RTB fee cost $0 to Blitz Towing's budget fund.
[2018/1/23 - 19:21:02] Vehicle Slot ID 179 RTB fee cost $0 to Blitz Towing's budget fund.
[2018/1/23 - 19:21:02] Vehicle Slot ID 182 RTB fee cost $0 to Blitz Towing's budget fund.
[2018/1/23 - 19:21:02] Vehicle Slot ID 184 RTB fee cost $0 to Blitz Towing's budget fund.
[2018/1/23 - 19:21:02] Vehicle Slot ID 185 RTB fee cost $0 to Blitz Towing's budget fund.
[2018/1/23 - 19:21:02] Vehicle Slot ID 194 RTB fee cost $0 to Blitz Towing's budget fund.
[2018/1/23 - 19:21:02] Vehicle Slot ID 262 RTB fee cost $0 to Blitz Towing's budget fund.
[2018/1/23 - 19:21:02] Vehicle Slot ID 306 RTB fee cost $0 to Blitz Towing's budget fund.
[2018/1/23 - 19:21:02] Vehicle Slot ID 308 RTB fee cost $0 to Blitz Towing's budget fund.
[2018/1/23 - 19:21:02] Vehicle Slot ID 310 RTB fee cost $0 to Blitz Towing's budget fund.
[2018/1/23 - 19:21:02] Vehicle Slot ID 317 RTB fee cost $0 to Blitz Towing's budget fund.
[2018/1/23 - 19:21:02] Vehicle Slot ID 326 RTB fee cost $0 to Blitz Towing's budget fund.
[2018/1/23 - 19:21:02] Vehicle Slot ID 331 RTB fee cost $0 to Blitz Towing's budget fund.
[2018/1/23 - 19:21:02] Vehicle Slot ID 334 RTB fee cost $0 to Blitz Towing's budget fund.
[2018/1/23 - 19:21:31] Vehicle Slot ID 218 RTB fee cost $0 to Blitz Towing's budget fund.
[2018/1/23 - 20:00:55] The faction vault is at $26,736,145.
[2018/1/23 - 20:00:55] SA Gov Paid $25,000 to Blitz Towing budget fund.
[2018/1/23 - 20:00:55] Vehicle ID 184 (Slot ID 5) Maintainence fee cost $0 to Blitz Towing's budget fund.
[2018/1/23 - 20:00:55] Vehicle ID 206 (Slot ID 34) Maintainence fee cost $0 to Blitz Towing's budget fund.
[2018/1/23 - 20:00:55] Vehicle ID 237 (Slot ID 80) Maintainence fee cost $0 to Blitz Towing's budget fund.
[2018/1/23 - 20:00:55] Vehicle ID 282 (Slot ID 139) Maintainence fee cost $0 to Blitz Towing's budget fund.
[2018/1/23 - 20:00:55] Vehicle ID 291 (Slot ID 149) Maintainence fee cost $0 to Blitz Towing's budget fund.
[2018/1/23 - 20:00:55] Vehicle ID 303 (Slot ID 162) Maintainence fee cost $0 to Blitz Towing's budget fund.
[2018/1/23 - 20:00:55] Vehicle ID 314 (Slot ID 179) Maintainence fee cost $0 to Blitz Towing's budget fund.
[2018/1/23 - 20:00:55] Vehicle ID 316 (Slot ID 182) Maintainence fee cost $0 to Blitz Towing's budget fund.
[2018/1/23 - 20:00:55] Vehicle ID 318 (Slot ID 184) Maintainence fee cost $0 to Blitz Towing's budget fund.
[2018/1/23 - 20:00:55] Vehicle ID 319 (Slot ID 185) Maintainence fee cost $0 to Blitz Towing's budget fund.
[2018/1/23 - 20:00:55] Vehicle ID 325 (Slot ID 194) Maintainence fee cost $0 to Blitz Towing's budget fund.
[2018/1/23 - 20:00:55] Vehicle ID 343 (Slot ID 218) Maintainence fee cost $0 to Blitz Towing's budget fund.
[2018/1/23 - 20:00:55] Vehicle ID 378 (Slot ID 262) Maintainence fee cost $0 to Blitz Towing's budget fund.
[2018/1/23 - 20:00:55] Vehicle ID 410 (Slot ID 306) Maintainence fee cost $0 to Blitz Towing's budget fund.
[2018/1/23 - 20:00:55] Vehicle ID 412 (Slot ID 308) Maintainence fee cost $0 to Blitz Towing's budget fund.
[2018/1/23 - 20:00:55] Vehicle ID 413 (Slot ID 310) Maintainence fee cost $0 to Blitz Towing's budget fund.
[2018/1/23 - 20:00:55] Vehicle ID 417 (Slot ID 317) Maintainence fee cost $0 to Blitz Towing's budget fund.
[2018/1/23 - 20:00:55] Vehicle ID 425 (Slot ID 326) Maintainence fee cost $0 to Blitz Towing's budget fund.
[2018/1/23 - 20:00:55] Vehicle ID 487 (Slot ID 329) Maintainence fee cost $0 to Blitz Towing's budget fund.
[2018/1/23 - 20:00:55] Vehicle ID 428 (Slot ID 331) Maintainence fee cost $0 to Blitz Towing's budget fund.
[2018/1/23 - 20:00:55] Vehicle ID 431 (Slot ID 334) Maintainence fee cost $0 to Blitz Towing's budget fund.
[2018/1/23 - 20:00:55] Vehicle ID 515 (Slot ID 356) Maintainence fee cost $0 to Blitz Towing's budget fund.
[2018/1/23 - 20:00:55] Vehicle ID 516 (Slot ID 375) Maintainence fee cost $0 to Blitz Towing's budget fund.
[2018/1/23 - 20:00:55] Vehicle ID 520 (Slot ID 484) Maintainence fee cost $0 to Blitz Towing's budget fund.
[2018/1/23 - 20:25:05] Titus Styles has been paid $14,880 from Blitz Towing's budget.
[2018/1/23 - 20:32:33] Jamie Rain has been paid $14,880 from Blitz Towing's budget.
[2018/1/23 - 20:35:51] Titus Styles took a vest out of the Blitz Towing locker at a cost of 1 HG Material.
[2018/1/23 - 20:35:53] Titus Styles took a med kit & vest out of the Blitz Towing locker at a cost of 1 HG Material.
[2018/1/23 - 20:45:51] Jamie Rain took a vest out of the Blitz Towing locker at a cost of 1 HG Material.
[2018/1/23 - 20:51:07] Jamie Rain took a vest out of the Blitz Towing locker at a cost of 1 HG Material.
[2018/1/23 - 21:00:40] The faction vault is at $26,791,545.
[2018/1/23 - 21:00:40] SA Gov Paid $25,000 to Blitz Towing budget fund.
[2018/1/23 - 21:00:40] Vehicle ID 184 (Slot ID 5) Maintainence fee cost $0 to Blitz Towing's budget fund.
[2018/1/23 - 21:00:40] Vehicle ID 206 (Slot ID 34) Maintainence fee cost $0 to Blitz Towing's budget fund.
[2018/1/23 - 21:00:40] Vehicle ID 237 (Slot ID 80) Maintainence fee cost $0 to Blitz Towing's budget fund.
[2018/1/23 - 21:00:40] Vehicle ID 282 (Slot ID 139) Maintainence fee cost $0 to Blitz Towing's budget fund.
[2018/1/23 - 21:00:40] Vehicle ID 291 (Slot ID 149) Maintainence fee cost $0 to Blitz Towing's budget fund.
[2018/1/23 - 21:00:40] Vehicle ID 303 (Slot ID 162) Maintainence fee cost $0 to Blitz Towing's budget fund.
[2018/1/23 - 21:00:40] Vehicle ID 314 (Slot ID 179) Maintainence fee cost $0 to Blitz Towing's budget fund.
[2018/1/23 - 21:00:40] Vehicle ID 316 (Slot ID 182) Maintainence fee cost $0 to Blitz Towing's budget fund.
[2018/1/23 - 21:00:40] Vehicle ID 318 (Slot ID 184) Maintainence fee cost $0 to Blitz Towing's budget fund.
[2018/1/23 - 21:00:40] Vehicle ID 319 (Slot ID 185) Maintainence fee cost $0 to Blitz Towing's budget fund.
[2018/1/23 - 21:00:40] Vehicle ID 325 (Slot ID 194) Maintainence fee cost $0 to Blitz Towing's budget fund.
[2018/1/23 - 21:00:40] Vehicle ID 343 (Slot ID 218) Maintainence fee cost $0 to Blitz Towing's budget fund.
[2018/1/23 - 21:00:40] Vehicle ID 378 (Slot ID 262) Maintainence fee cost $0 to Blitz Towing's budget fund.
[2018/1/23 - 21:00:40] Vehicle ID 410 (Slot ID 306) Maintainence fee cost $0 to Blitz Towing's budget fund.
[2018/1/23 - 21:00:40] Vehicle ID 412 (Slot ID 308) Maintainence fee cost $0 to Blitz Towing's budget fund.
[2018/1/23 - 21:00:40] Vehicle ID 413 (Slot ID 310) Maintainence fee cost $0 to Blitz Towing's budget fund.
[2018/1/23 - 21:00:40] Vehicle ID 417 (Slot ID 317) Maintainence fee cost $0 to Blitz Towing's budget fund.
[2018/1/23 - 21:00:40] Vehicle ID 425 (Slot ID 326) Maintainence fee cost $0 to Blitz Towing's budget fund.
[2018/1/23 - 21:00:40] Vehicle ID 487 (Slot ID 329) Maintainence fee cost $0 to Blitz Towing's budget fund.
[2018/1/23 - 21:00:40] Vehicle ID 428 (Slot ID 331) Maintainence fee cost $0 to Blitz Towing's budget fund.
[2018/1/23 - 21:00:40] Vehicle ID 431 (Slot ID 334) Maintainence fee cost $0 to Blitz Towing's budget fund.
[2018/1/23 - 21:00:40] Vehicle ID 515 (Slot ID 356) Maintainence fee cost $0 to Blitz Towing's budget fund.
[2018/1/23 - 21:00:40] Vehicle ID 516 (Slot ID 375) Maintainence fee cost $0 to Blitz Towing's budget fund.
[2018/1/23 - 21:00:40] Vehicle ID 520 (Slot ID 484) Maintainence fee cost $0 to Blitz Towing's budget fund.
[2018/1/23 - 21:31:24] Titus Styles has been paid $14,880 from Blitz Towing's budget.
[2018/1/23 - 21:41:45] Titus Styles took a vest out of the Blitz Towing locker at a cost of 1 HG Material.
[2018/1/23 - 21:53:20] Titus Styles has repaired vehicle 425 at a cost of $2,500 to Blitz Towing's budget fund.
[2018/1/23 - 21:59:42] Titus Styles took a vest out of the Blitz Towing locker at a cost of 1 HG Material.
[2018/1/23 - 22:00:29] The faction vault is at $26,809,365.
[2018/1/23 - 22:00:29] SA Gov Paid $25,000 to Blitz Towing budget fund.
[2018/1/23 - 22:00:29] Vehicle ID 184 (Slot ID 5) Maintainence fee cost $0 to Blitz Towing's budget fund.
[2018/1/23 - 22:00:29] Vehicle ID 206 (Slot ID 34) Maintainence fee cost $0 to Blitz Towing's budget fund.
[2018/1/23 - 22:00:29] Vehicle ID 237 (Slot ID 80) Maintainence fee cost $0 to Blitz Towing's budget fund.
[2018/1/23 - 22:00:29] Vehicle ID 282 (Slot ID 139) Maintainence fee cost $0 to Blitz Towing's budget fund.
[2018/1/23 - 22:00:29] Vehicle ID 291 (Slot ID 149) Maintainence fee cost $0 to Blitz Towing's budget fund.
[2018/1/23 - 22:00:29] Vehicle ID 303 (Slot ID 162) Maintainence fee cost $0 to Blitz Towing's budget fund.
[2018/1/23 - 22:00:29] Vehicle ID 314 (Slot ID 179) Maintainence fee cost $0 to Blitz Towing's budget fund.
[2018/1/23 - 22:00:29] Vehicle ID 316 (Slot ID 182) Maintainence fee cost $0 to Blitz Towing's budget fund.
[2018/1/23 - 22:00:29] Vehicle ID 318 (Slot ID 184) Maintainence fee cost $0 to Blitz Towing's budget fund.
[2018/1/23 - 22:00:29] Vehicle ID 319 (Slot ID 185) Maintainence fee cost $0 to Blitz Towing's budget fund.
[2018/1/23 - 22:00:29] Vehicle ID 325 (Slot ID 194) Maintainence fee cost $0 to Blitz Towing's budget fund.
[2018/1/23 - 22:00:29] Vehicle ID 343 (Slot ID 218) Maintainence fee cost $0 to Blitz Towing's budget fund.
[2018/1/23 - 22:00:29] Vehicle ID 378 (Slot ID 262) Maintainence fee cost $0 to Blitz Towing's budget fund.
[2018/1/23 - 22:00:29] Vehicle ID 410 (Slot ID 306) Maintainence fee cost $0 to Blitz Towing's budget fund.
[2018/1/23 - 22:00:29] Vehicle ID 412 (Slot ID 308) Maintainence fee cost $0 to Blitz Towing's budget fund.
[2018/1/23 - 22:00:29] Vehicle ID 413 (Slot ID 310) Maintainence fee cost $0 to Blitz Towing's budget fund.
[2018/1/23 - 22:00:29] Vehicle ID 417 (Slot ID 317) Maintainence fee cost $0 to Blitz Towing's budget fund.
[2018/1/23 - 22:00:29] Vehicle ID 425 (Slot ID 326) Maintainence fee cost $0 to Blitz Towing's budget fund.
[2018/1/23 - 22:00:29] Vehicle ID 487 (Slot ID 329) Maintainence fee cost $0 to Blitz Towing's budget fund.
[2018/1/23 - 22:00:29] Vehicle ID 428 (Slot ID 331) Maintainence fee cost $0 to Blitz Towing's budget fund.
[2018/1/23 - 22:00:29] Vehicle ID 431 (Slot ID 334) Maintainence fee cost $0 to Blitz Towing's budget fund.
[2018/1/23 - 22:00:29] Vehicle ID 515 (Slot ID 356) Maintainence fee cost $0 to Blitz Towing's budget fund.
[2018/1/23 - 22:00:29] Vehicle ID 516 (Slot ID 375) Maintainence fee cost $0 to Blitz Towing's budget fund.
[2018/1/23 - 22:00:29] Vehicle ID 520 (Slot ID 484) Maintainence fee cost $0 to Blitz Towing's budget fund.
[2018/1/23 - 22:01:28] Vehicle Slot ID 139 RTB fee cost $0 to Blitz Towing's budget fund.
[2018/1/23 - 22:13:23] Titus Styles took a vest out of the Blitz Towing locker at a cost of 1 HG Material.
[2018/1/23 - 22:15:24] Titus Styles has repaired vehicle 425 at a cost of $2,500 to Blitz Towing's budget fund.
[2018/1/23 - 22:31:19] Vehicle Slot ID 326 RTB fee cost $0 to Blitz Towing's budget fund.
[2018/1/23 - 22:31:47] Vehicle Slot ID 179 RTB fee cost $0 to Blitz Towing's budget fund.
[2018/1/23 - 22:35:25] Titus Styles took a vest out of the Blitz Towing locker at a cost of 1 HG Material.
[2018/1/23 - 22:35:33] Titus Styles has been paid $14,880 from Blitz Towing's budget.
[2018/1/23 - 22:42:58] Titus Styles took a vest out of the Blitz Towing locker at a cost of 1 HG Material.
[2018/1/23 - 22:44:53] Vehicle Slot ID 139 RTB fee cost $0 to Blitz Towing's budget fund.
[2018/1/23 - 22:49:56] Titus Styles took a vest out of the Blitz Towing locker at a cost of 1 HG Material.
[2018/1/23 - 22:50:34] Larry Wooden Bear took a vest out of the Blitz Towing locker at a cost of 1 HG Material.
[2018/1/23 - 22:51:58] Larry Wooden Bear has been paid $15,000 from Blitz Towing's budget.
[2018/1/23 - 22:54:21] Vehicle Slot ID 139 RTB fee cost $0 to Blitz Towing's budget fund.
[2018/1/23 - 22:54:31] Titus Styles has repaired vehicle 516 at a cost of $2,500 to Blitz Towing's budget fund.
[2018/1/23 - 23:00:19] The faction vault is at $26,834,445.
[2018/1/23 - 23:00:19] SA Gov Paid $25,000 to Blitz Towing budget fund.
[2018/1/23 - 23:00:19] Vehicle ID 184 (Slot ID 5) Maintainence fee cost $0 to Blitz Towing's budget fund.
[2018/1/23 - 23:00:19] Vehicle ID 206 (Slot ID 34) Maintainence fee cost $0 to Blitz Towing's budget fund.
[2018/1/23 - 23:00:19] Vehicle ID 237 (Slot ID 80) Maintainence fee cost $0 to Blitz Towing's budget fund.
[2018/1/23 - 23:00:19] Vehicle ID 282 (Slot ID 139) Maintainence fee cost $0 to Blitz Towing's budget fund.
[2018/1/23 - 23:00:19] Vehicle ID 291 (Slot ID 149) Maintainence fee cost $0 to Blitz Towing's budget fund.
[2018/1/23 - 23:00:19] Vehicle ID 303 (Slot ID 162) Maintainence fee cost $0 to Blitz Towing's budget fund.
[2018/1/23 - 23:00:19] Vehicle ID 314 (Slot ID 179) Maintainence fee cost $0 to Blitz Towing's budget fund.
[2018/1/23 - 23:00:19] Vehicle ID 316 (Slot ID 182) Maintainence fee cost $0 to Blitz Towing's budget fund.
[2018/1/23 - 23:00:19] Vehicle ID 318 (Slot ID 184) Maintainence fee cost $0 to Blitz Towing's budget fund.
[2018/1/23 - 23:00:19] Vehicle ID 319 (Slot ID 185) Maintainence fee cost $0 to Blitz Towing's budget fund.
[2018/1/23 - 23:00:19] Vehicle ID 325 (Slot ID 194) Maintainence fee cost $0 to Blitz Towing's budget fund.
[2018/1/23 - 23:00:19] Vehicle ID 343 (Slot ID 218) Maintainence fee cost $0 to Blitz Towing's budget fund.
[2018/1/23 - 23:00:19] Vehicle ID 378 (Slot ID 262) Maintainence fee cost $0 to Blitz Towing's budget fund.
[2018/1/23 - 23:00:19] Vehicle ID 410 (Slot ID 306) Maintainence fee cost $0 to Blitz Towing's budget fund.
[2018/1/23 - 23:00:19] Vehicle ID 412 (Slot ID 308) Maintainence fee cost $0 to Blitz Towing's budget fund.
[2018/1/23 - 23:00:19] Vehicle ID 413 (Slot ID 310) Maintainence fee cost $0 to Blitz Towing's budget fund.
[2018/1/23 - 23:00:19] Vehicle ID 417 (Slot ID 317) Maintainence fee cost $0 to Blitz Towing's budget fund.
[2018/1/23 - 23:00:19] Vehicle ID 425 (Slot ID 326) Maintainence fee cost $0 to Blitz Towing's budget fund.
[2018/1/23 - 23:00:19] Vehicle ID 487 (Slot ID 329) Maintainence fee cost $0 to Blitz Towing's budget fund.
[2018/1/23 - 23:00:19] Vehicle ID 428 (Slot ID 331) Maintainence fee cost $0 to Blitz Towing's budget fund.
[2018/1/23 - 23:00:19] Vehicle ID 431 (Slot ID 334) Maintainence fee cost $0 to Blitz Towing's budget fund.
[2018/1/23 - 23:00:19] Vehicle ID 515 (Slot ID 356) Maintainence fee cost $0 to Blitz Towing's budget fund.
[2018/1/23 - 23:00:19] Vehicle ID 516 (Slot ID 375) Maintainence fee cost $0 to Blitz Towing's budget fund.
[2018/1/23 - 23:00:19] Vehicle ID 520 (Slot ID 484) Maintainence fee cost $0 to Blitz Towing's budget fund.
[2018/1/23 - 23:15:16] Titus Styles took a vest out of the Blitz Towing locker at a cost of 1 HG Material.
[2018/1/23 - 23:15:18] Larry Wooden Bear took a vest out of the Blitz Towing locker at a cost of 1 HG Material.
[2018/1/23 - 23:15:19] Larry Wooden Bear took a med kit & vest out of the Blitz Towing locker at a cost of 1 HG Material.
[2018/1/23 - 23:45:13] Titus Styles has been paid $14,880 from Blitz Towing's budget.
[2018/1/23 - 23:56:22] Larry Wooden Bear has been paid $15,000 from Blitz Towing's budget.
