[2018/2/1 - 0:00:58] The faction vault is at $30,643,080.
[2018/2/1 - 0:00:58] SA Gov Paid $15,000 to Blitz Towing budget fund.
[2018/2/1 - 0:00:58] Vehicle ID 184 (Slot ID 5) Maintainence fee cost $0 to Blitz Towing's budget fund.
[2018/2/1 - 0:00:58] Vehicle ID 206 (Slot ID 34) Maintainence fee cost $0 to Blitz Towing's budget fund.
[2018/2/1 - 0:00:58] Vehicle ID 237 (Slot ID 80) Maintainence fee cost $0 to Blitz Towing's budget fund.
[2018/2/1 - 0:00:58] Vehicle ID 282 (Slot ID 139) Maintainence fee cost $0 to Blitz Towing's budget fund.
[2018/2/1 - 0:00:58] Vehicle ID 291 (Slot ID 149) Maintainence fee cost $0 to Blitz Towing's budget fund.
[2018/2/1 - 0:00:58] Vehicle ID 303 (Slot ID 162) Maintainence fee cost $0 to Blitz Towing's budget fund.
[2018/2/1 - 0:00:58] Vehicle ID 315 (Slot ID 179) Maintainence fee cost $0 to Blitz Towing's budget fund.
[2018/2/1 - 0:00:58] Vehicle ID 294 (Slot ID 182) Maintainence fee cost $0 to Blitz Towing's budget fund.
[2018/2/1 - 0:00:58] Vehicle ID 319 (Slot ID 184) Maintainence fee cost $0 to Blitz Towing's budget fund.
[2018/2/1 - 0:00:58] Vehicle ID 320 (Slot ID 185) Maintainence fee cost $0 to Blitz Towing's budget fund.
[2018/2/1 - 0:00:58] Vehicle ID 328 (Slot ID 194) Maintainence fee cost $0 to Blitz Towing's budget fund.
[2018/2/1 - 0:00:58] Vehicle ID 347 (Slot ID 218) Maintainence fee cost $0 to Blitz Towing's budget fund.
[2018/2/1 - 0:00:58] Vehicle ID 380 (Slot ID 262) Maintainence fee cost $0 to Blitz Towing's budget fund.
[2018/2/1 - 0:00:58] Vehicle ID 412 (Slot ID 306) Maintainence fee cost $0 to Blitz Towing's budget fund.
[2018/2/1 - 0:00:58] Vehicle ID 414 (Slot ID 308) Maintainence fee cost $0 to Blitz Towing's budget fund.
[2018/2/1 - 0:00:58] Vehicle ID 415 (Slot ID 310) Maintainence fee cost $0 to Blitz Towing's budget fund.
[2018/2/1 - 0:00:58] Vehicle ID 419 (Slot ID 317) Maintainence fee cost $0 to Blitz Towing's budget fund.
[2018/2/1 - 0:00:58] Vehicle ID 235 (Slot ID 326) Maintainence fee cost $0 to Blitz Towing's budget fund.
[2018/2/1 - 0:00:58] Vehicle ID 430 (Slot ID 329) Maintainence fee cost $0 to Blitz Towing's budget fund.
[2018/2/1 - 0:00:58] Vehicle ID 432 (Slot ID 331) Maintainence fee cost $0 to Blitz Towing's budget fund.
[2018/2/1 - 0:00:58] Vehicle ID 435 (Slot ID 334) Maintainence fee cost $0 to Blitz Towing's budget fund.
[2018/2/1 - 0:00:58] Vehicle ID 406 (Slot ID 356) Maintainence fee cost $0 to Blitz Towing's budget fund.
[2018/2/1 - 0:00:58] Vehicle ID 461 (Slot ID 375) Maintainence fee cost $0 to Blitz Towing's budget fund.
[2018/2/1 - 1:01:02] The faction vault is at $30,669,880.
[2018/2/1 - 1:01:02] SA Gov Paid $15,000 to Blitz Towing budget fund.
[2018/2/1 - 1:01:02] Vehicle ID 184 (Slot ID 5) Maintainence fee cost $0 to Blitz Towing's budget fund.
[2018/2/1 - 1:01:02] Vehicle ID 206 (Slot ID 34) Maintainence fee cost $0 to Blitz Towing's budget fund.
[2018/2/1 - 1:01:02] Vehicle ID 237 (Slot ID 80) Maintainence fee cost $0 to Blitz Towing's budget fund.
[2018/2/1 - 1:01:02] Vehicle ID 282 (Slot ID 139) Maintainence fee cost $0 to Blitz Towing's budget fund.
[2018/2/1 - 1:01:02] Vehicle ID 291 (Slot ID 149) Maintainence fee cost $0 to Blitz Towing's budget fund.
[2018/2/1 - 1:01:02] Vehicle ID 303 (Slot ID 162) Maintainence fee cost $0 to Blitz Towing's budget fund.
[2018/2/1 - 1:01:02] Vehicle ID 315 (Slot ID 179) Maintainence fee cost $0 to Blitz Towing's budget fund.
[2018/2/1 - 1:01:02] Vehicle ID 294 (Slot ID 182) Maintainence fee cost $0 to Blitz Towing's budget fund.
[2018/2/1 - 1:01:02] Vehicle ID 319 (Slot ID 184) Maintainence fee cost $0 to Blitz Towing's budget fund.
[2018/2/1 - 1:01:02] Vehicle ID 320 (Slot ID 185) Maintainence fee cost $0 to Blitz Towing's budget fund.
[2018/2/1 - 1:01:02] Vehicle ID 328 (Slot ID 194) Maintainence fee cost $0 to Blitz Towing's budget fund.
[2018/2/1 - 1:01:02] Vehicle ID 347 (Slot ID 218) Maintainence fee cost $0 to Blitz Towing's budget fund.
[2018/2/1 - 1:01:02] Vehicle ID 380 (Slot ID 262) Maintainence fee cost $0 to Blitz Towing's budget fund.
[2018/2/1 - 1:01:02] Vehicle ID 412 (Slot ID 306) Maintainence fee cost $0 to Blitz Towing's budget fund.
[2018/2/1 - 1:01:02] Vehicle ID 414 (Slot ID 308) Maintainence fee cost $0 to Blitz Towing's budget fund.
[2018/2/1 - 1:01:02] Vehicle ID 415 (Slot ID 310) Maintainence fee cost $0 to Blitz Towing's budget fund.
[2018/2/1 - 1:01:02] Vehicle ID 419 (Slot ID 317) Maintainence fee cost $0 to Blitz Towing's budget fund.
[2018/2/1 - 1:01:02] Vehicle ID 235 (Slot ID 326) Maintainence fee cost $0 to Blitz Towing's budget fund.
[2018/2/1 - 1:01:02] Vehicle ID 430 (Slot ID 329) Maintainence fee cost $0 to Blitz Towing's budget fund.
[2018/2/1 - 1:01:02] Vehicle ID 432 (Slot ID 331) Maintainence fee cost $0 to Blitz Towing's budget fund.
[2018/2/1 - 1:01:02] Vehicle ID 435 (Slot ID 334) Maintainence fee cost $0 to Blitz Towing's budget fund.
[2018/2/1 - 1:01:02] Vehicle ID 406 (Slot ID 356) Maintainence fee cost $0 to Blitz Towing's budget fund.
[2018/2/1 - 1:01:02] Vehicle ID 461 (Slot ID 375) Maintainence fee cost $0 to Blitz Towing's budget fund.
[2018/2/1 - 2:00:05] The faction vault is at $30,694,880.
[2018/2/1 - 2:00:05] SA Gov Paid $15,000 to Blitz Towing budget fund.
[2018/2/1 - 2:00:05] Vehicle ID 184 (Slot ID 5) Maintainence fee cost $0 to Blitz Towing's budget fund.
[2018/2/1 - 2:00:05] Vehicle ID 206 (Slot ID 34) Maintainence fee cost $0 to Blitz Towing's budget fund.
[2018/2/1 - 2:00:05] Vehicle ID 237 (Slot ID 80) Maintainence fee cost $0 to Blitz Towing's budget fund.
[2018/2/1 - 2:00:05] Vehicle ID 282 (Slot ID 139) Maintainence fee cost $0 to Blitz Towing's budget fund.
[2018/2/1 - 2:00:05] Vehicle ID 291 (Slot ID 149) Maintainence fee cost $0 to Blitz Towing's budget fund.
[2018/2/1 - 2:00:05] Vehicle ID 303 (Slot ID 162) Maintainence fee cost $0 to Blitz Towing's budget fund.
[2018/2/1 - 2:00:05] Vehicle ID 315 (Slot ID 179) Maintainence fee cost $0 to Blitz Towing's budget fund.
[2018/2/1 - 2:00:05] Vehicle ID 294 (Slot ID 182) Maintainence fee cost $0 to Blitz Towing's budget fund.
[2018/2/1 - 2:00:05] Vehicle ID 319 (Slot ID 184) Maintainence fee cost $0 to Blitz Towing's budget fund.
[2018/2/1 - 2:00:05] Vehicle ID 320 (Slot ID 185) Maintainence fee cost $0 to Blitz Towing's budget fund.
[2018/2/1 - 2:00:05] Vehicle ID 328 (Slot ID 194) Maintainence fee cost $0 to Blitz Towing's budget fund.
[2018/2/1 - 2:00:05] Vehicle ID 347 (Slot ID 218) Maintainence fee cost $0 to Blitz Towing's budget fund.
[2018/2/1 - 2:00:05] Vehicle ID 380 (Slot ID 262) Maintainence fee cost $0 to Blitz Towing's budget fund.
[2018/2/1 - 2:00:05] Vehicle ID 412 (Slot ID 306) Maintainence fee cost $0 to Blitz Towing's budget fund.
[2018/2/1 - 2:00:05] Vehicle ID 414 (Slot ID 308) Maintainence fee cost $0 to Blitz Towing's budget fund.
[2018/2/1 - 2:00:05] Vehicle ID 415 (Slot ID 310) Maintainence fee cost $0 to Blitz Towing's budget fund.
[2018/2/1 - 2:00:05] Vehicle ID 419 (Slot ID 317) Maintainence fee cost $0 to Blitz Towing's budget fund.
[2018/2/1 - 2:00:05] Vehicle ID 235 (Slot ID 326) Maintainence fee cost $0 to Blitz Towing's budget fund.
[2018/2/1 - 2:00:05] Vehicle ID 430 (Slot ID 329) Maintainence fee cost $0 to Blitz Towing's budget fund.
[2018/2/1 - 2:00:05] Vehicle ID 432 (Slot ID 331) Maintainence fee cost $0 to Blitz Towing's budget fund.
[2018/2/1 - 2:00:05] Vehicle ID 435 (Slot ID 334) Maintainence fee cost $0 to Blitz Towing's budget fund.
[2018/2/1 - 2:00:05] Vehicle ID 406 (Slot ID 356) Maintainence fee cost $0 to Blitz Towing's budget fund.
[2018/2/1 - 2:00:05] Vehicle ID 461 (Slot ID 375) Maintainence fee cost $0 to Blitz Towing's budget fund.
[2018/2/1 - 3:00:13] The faction vault is at $30,723,080.
[2018/2/1 - 3:00:13] SA Gov Paid $15,000 to Blitz Towing budget fund.
[2018/2/1 - 3:00:13] Vehicle ID 184 (Slot ID 5) Maintainence fee cost $0 to Blitz Towing's budget fund.
[2018/2/1 - 3:00:13] Vehicle ID 206 (Slot ID 34) Maintainence fee cost $0 to Blitz Towing's budget fund.
[2018/2/1 - 3:00:13] Vehicle ID 237 (Slot ID 80) Maintainence fee cost $0 to Blitz Towing's budget fund.
[2018/2/1 - 3:00:13] Vehicle ID 282 (Slot ID 139) Maintainence fee cost $0 to Blitz Towing's budget fund.
[2018/2/1 - 3:00:13] Vehicle ID 291 (Slot ID 149) Maintainence fee cost $0 to Blitz Towing's budget fund.
[2018/2/1 - 3:00:13] Vehicle ID 303 (Slot ID 162) Maintainence fee cost $0 to Blitz Towing's budget fund.
[2018/2/1 - 3:00:13] Vehicle ID 315 (Slot ID 179) Maintainence fee cost $0 to Blitz Towing's budget fund.
[2018/2/1 - 3:00:13] Vehicle ID 294 (Slot ID 182) Maintainence fee cost $0 to Blitz Towing's budget fund.
[2018/2/1 - 3:00:13] Vehicle ID 319 (Slot ID 184) Maintainence fee cost $0 to Blitz Towing's budget fund.
[2018/2/1 - 3:00:13] Vehicle ID 320 (Slot ID 185) Maintainence fee cost $0 to Blitz Towing's budget fund.
[2018/2/1 - 3:00:13] Vehicle ID 328 (Slot ID 194) Maintainence fee cost $0 to Blitz Towing's budget fund.
[2018/2/1 - 3:00:13] Vehicle ID 347 (Slot ID 218) Maintainence fee cost $0 to Blitz Towing's budget fund.
[2018/2/1 - 3:00:13] Vehicle ID 380 (Slot ID 262) Maintainence fee cost $0 to Blitz Towing's budget fund.
[2018/2/1 - 3:00:13] Vehicle ID 412 (Slot ID 306) Maintainence fee cost $0 to Blitz Towing's budget fund.
[2018/2/1 - 3:00:13] Vehicle ID 414 (Slot ID 308) Maintainence fee cost $0 to Blitz Towing's budget fund.
[2018/2/1 - 3:00:13] Vehicle ID 415 (Slot ID 310) Maintainence fee cost $0 to Blitz Towing's budget fund.
[2018/2/1 - 3:00:13] Vehicle ID 419 (Slot ID 317) Maintainence fee cost $0 to Blitz Towing's budget fund.
[2018/2/1 - 3:00:13] Vehicle ID 235 (Slot ID 326) Maintainence fee cost $0 to Blitz Towing's budget fund.
[2018/2/1 - 3:00:13] Vehicle ID 430 (Slot ID 329) Maintainence fee cost $0 to Blitz Towing's budget fund.
[2018/2/1 - 3:00:13] Vehicle ID 432 (Slot ID 331) Maintainence fee cost $0 to Blitz Towing's budget fund.
[2018/2/1 - 3:00:13] Vehicle ID 435 (Slot ID 334) Maintainence fee cost $0 to Blitz Towing's budget fund.
[2018/2/1 - 3:00:13] Vehicle ID 406 (Slot ID 356) Maintainence fee cost $0 to Blitz Towing's budget fund.
[2018/2/1 - 3:00:13] Vehicle ID 461 (Slot ID 375) Maintainence fee cost $0 to Blitz Towing's budget fund.
[2018/2/1 - 4:00:21] The faction vault is at $30,747,680.
[2018/2/1 - 4:00:21] SA Gov Paid $15,000 to Blitz Towing budget fund.
[2018/2/1 - 4:00:21] Vehicle ID 184 (Slot ID 5) Maintainence fee cost $0 to Blitz Towing's budget fund.
[2018/2/1 - 4:00:21] Vehicle ID 206 (Slot ID 34) Maintainence fee cost $0 to Blitz Towing's budget fund.
[2018/2/1 - 4:00:21] Vehicle ID 237 (Slot ID 80) Maintainence fee cost $0 to Blitz Towing's budget fund.
[2018/2/1 - 4:00:21] Vehicle ID 282 (Slot ID 139) Maintainence fee cost $0 to Blitz Towing's budget fund.
[2018/2/1 - 4:00:21] Vehicle ID 291 (Slot ID 149) Maintainence fee cost $0 to Blitz Towing's budget fund.
[2018/2/1 - 4:00:21] Vehicle ID 303 (Slot ID 162) Maintainence fee cost $0 to Blitz Towing's budget fund.
[2018/2/1 - 4:00:21] Vehicle ID 315 (Slot ID 179) Maintainence fee cost $0 to Blitz Towing's budget fund.
[2018/2/1 - 4:00:21] Vehicle ID 294 (Slot ID 182) Maintainence fee cost $0 to Blitz Towing's budget fund.
[2018/2/1 - 4:00:21] Vehicle ID 319 (Slot ID 184) Maintainence fee cost $0 to Blitz Towing's budget fund.
[2018/2/1 - 4:00:21] Vehicle ID 320 (Slot ID 185) Maintainence fee cost $0 to Blitz Towing's budget fund.
[2018/2/1 - 4:00:21] Vehicle ID 328 (Slot ID 194) Maintainence fee cost $0 to Blitz Towing's budget fund.
[2018/2/1 - 4:00:21] Vehicle ID 347 (Slot ID 218) Maintainence fee cost $0 to Blitz Towing's budget fund.
[2018/2/1 - 4:00:21] Vehicle ID 380 (Slot ID 262) Maintainence fee cost $0 to Blitz Towing's budget fund.
[2018/2/1 - 4:00:21] Vehicle ID 412 (Slot ID 306) Maintainence fee cost $0 to Blitz Towing's budget fund.
[2018/2/1 - 4:00:21] Vehicle ID 414 (Slot ID 308) Maintainence fee cost $0 to Blitz Towing's budget fund.
[2018/2/1 - 4:00:21] Vehicle ID 415 (Slot ID 310) Maintainence fee cost $0 to Blitz Towing's budget fund.
[2018/2/1 - 4:00:21] Vehicle ID 419 (Slot ID 317) Maintainence fee cost $0 to Blitz Towing's budget fund.
[2018/2/1 - 4:00:21] Vehicle ID 235 (Slot ID 326) Maintainence fee cost $0 to Blitz Towing's budget fund.
[2018/2/1 - 4:00:21] Vehicle ID 430 (Slot ID 329) Maintainence fee cost $0 to Blitz Towing's budget fund.
[2018/2/1 - 4:00:21] Vehicle ID 432 (Slot ID 331) Maintainence fee cost $0 to Blitz Towing's budget fund.
[2018/2/1 - 4:00:21] Vehicle ID 435 (Slot ID 334) Maintainence fee cost $0 to Blitz Towing's budget fund.
[2018/2/1 - 4:00:21] Vehicle ID 406 (Slot ID 356) Maintainence fee cost $0 to Blitz Towing's budget fund.
[2018/2/1 - 4:00:21] Vehicle ID 461 (Slot ID 375) Maintainence fee cost $0 to Blitz Towing's budget fund.
[2018/2/1 - 5:00:29] The faction vault is at $30,773,880.
[2018/2/1 - 5:00:29] SA Gov Paid $15,000 to Blitz Towing budget fund.
[2018/2/1 - 5:00:29] Vehicle ID 184 (Slot ID 5) Maintainence fee cost $0 to Blitz Towing's budget fund.
[2018/2/1 - 5:00:29] Vehicle ID 206 (Slot ID 34) Maintainence fee cost $0 to Blitz Towing's budget fund.
[2018/2/1 - 5:00:29] Vehicle ID 237 (Slot ID 80) Maintainence fee cost $0 to Blitz Towing's budget fund.
[2018/2/1 - 5:00:29] Vehicle ID 282 (Slot ID 139) Maintainence fee cost $0 to Blitz Towing's budget fund.
[2018/2/1 - 5:00:29] Vehicle ID 291 (Slot ID 149) Maintainence fee cost $0 to Blitz Towing's budget fund.
[2018/2/1 - 5:00:29] Vehicle ID 303 (Slot ID 162) Maintainence fee cost $0 to Blitz Towing's budget fund.
[2018/2/1 - 5:00:29] Vehicle ID 315 (Slot ID 179) Maintainence fee cost $0 to Blitz Towing's budget fund.
[2018/2/1 - 5:00:29] Vehicle ID 294 (Slot ID 182) Maintainence fee cost $0 to Blitz Towing's budget fund.
[2018/2/1 - 5:00:29] Vehicle ID 319 (Slot ID 184) Maintainence fee cost $0 to Blitz Towing's budget fund.
[2018/2/1 - 5:00:29] Vehicle ID 320 (Slot ID 185) Maintainence fee cost $0 to Blitz Towing's budget fund.
[2018/2/1 - 5:00:29] Vehicle ID 328 (Slot ID 194) Maintainence fee cost $0 to Blitz Towing's budget fund.
[2018/2/1 - 5:00:29] Vehicle ID 347 (Slot ID 218) Maintainence fee cost $0 to Blitz Towing's budget fund.
[2018/2/1 - 5:00:29] Vehicle ID 380 (Slot ID 262) Maintainence fee cost $0 to Blitz Towing's budget fund.
[2018/2/1 - 5:00:29] Vehicle ID 412 (Slot ID 306) Maintainence fee cost $0 to Blitz Towing's budget fund.
[2018/2/1 - 5:00:29] Vehicle ID 414 (Slot ID 308) Maintainence fee cost $0 to Blitz Towing's budget fund.
[2018/2/1 - 5:00:29] Vehicle ID 415 (Slot ID 310) Maintainence fee cost $0 to Blitz Towing's budget fund.
[2018/2/1 - 5:00:29] Vehicle ID 419 (Slot ID 317) Maintainence fee cost $0 to Blitz Towing's budget fund.
[2018/2/1 - 5:00:29] Vehicle ID 235 (Slot ID 326) Maintainence fee cost $0 to Blitz Towing's budget fund.
[2018/2/1 - 5:00:29] Vehicle ID 430 (Slot ID 329) Maintainence fee cost $0 to Blitz Towing's budget fund.
[2018/2/1 - 5:00:29] Vehicle ID 432 (Slot ID 331) Maintainence fee cost $0 to Blitz Towing's budget fund.
[2018/2/1 - 5:00:29] Vehicle ID 435 (Slot ID 334) Maintainence fee cost $0 to Blitz Towing's budget fund.
[2018/2/1 - 5:00:29] Vehicle ID 406 (Slot ID 356) Maintainence fee cost $0 to Blitz Towing's budget fund.
[2018/2/1 - 5:00:29] Vehicle ID 461 (Slot ID 375) Maintainence fee cost $0 to Blitz Towing's budget fund.
[2018/2/1 - 6:00:34] The faction vault is at $30,802,880.
[2018/2/1 - 6:00:34] SA Gov Paid $15,000 to Blitz Towing budget fund.
[2018/2/1 - 6:00:34] Vehicle ID 184 (Slot ID 5) Maintainence fee cost $0 to Blitz Towing's budget fund.
[2018/2/1 - 6:00:34] Vehicle ID 206 (Slot ID 34) Maintainence fee cost $0 to Blitz Towing's budget fund.
[2018/2/1 - 6:00:34] Vehicle ID 237 (Slot ID 80) Maintainence fee cost $0 to Blitz Towing's budget fund.
[2018/2/1 - 6:00:34] Vehicle ID 282 (Slot ID 139) Maintainence fee cost $0 to Blitz Towing's budget fund.
[2018/2/1 - 6:00:34] Vehicle ID 291 (Slot ID 149) Maintainence fee cost $0 to Blitz Towing's budget fund.
[2018/2/1 - 6:00:34] Vehicle ID 303 (Slot ID 162) Maintainence fee cost $0 to Blitz Towing's budget fund.
[2018/2/1 - 6:00:34] Vehicle ID 315 (Slot ID 179) Maintainence fee cost $0 to Blitz Towing's budget fund.
[2018/2/1 - 6:00:34] Vehicle ID 294 (Slot ID 182) Maintainence fee cost $0 to Blitz Towing's budget fund.
[2018/2/1 - 6:00:34] Vehicle ID 319 (Slot ID 184) Maintainence fee cost $0 to Blitz Towing's budget fund.
[2018/2/1 - 6:00:34] Vehicle ID 320 (Slot ID 185) Maintainence fee cost $0 to Blitz Towing's budget fund.
[2018/2/1 - 6:00:34] Vehicle ID 328 (Slot ID 194) Maintainence fee cost $0 to Blitz Towing's budget fund.
[2018/2/1 - 6:00:34] Vehicle ID 347 (Slot ID 218) Maintainence fee cost $0 to Blitz Towing's budget fund.
[2018/2/1 - 6:00:34] Vehicle ID 380 (Slot ID 262) Maintainence fee cost $0 to Blitz Towing's budget fund.
[2018/2/1 - 6:00:34] Vehicle ID 412 (Slot ID 306) Maintainence fee cost $0 to Blitz Towing's budget fund.
[2018/2/1 - 6:00:34] Vehicle ID 414 (Slot ID 308) Maintainence fee cost $0 to Blitz Towing's budget fund.
[2018/2/1 - 6:00:34] Vehicle ID 415 (Slot ID 310) Maintainence fee cost $0 to Blitz Towing's budget fund.
[2018/2/1 - 6:00:34] Vehicle ID 419 (Slot ID 317) Maintainence fee cost $0 to Blitz Towing's budget fund.
[2018/2/1 - 6:00:34] Vehicle ID 235 (Slot ID 326) Maintainence fee cost $0 to Blitz Towing's budget fund.
[2018/2/1 - 6:00:34] Vehicle ID 430 (Slot ID 329) Maintainence fee cost $0 to Blitz Towing's budget fund.
[2018/2/1 - 6:00:34] Vehicle ID 432 (Slot ID 331) Maintainence fee cost $0 to Blitz Towing's budget fund.
[2018/2/1 - 6:00:34] Vehicle ID 435 (Slot ID 334) Maintainence fee cost $0 to Blitz Towing's budget fund.
[2018/2/1 - 6:00:34] Vehicle ID 406 (Slot ID 356) Maintainence fee cost $0 to Blitz Towing's budget fund.
[2018/2/1 - 6:00:34] Vehicle ID 461 (Slot ID 375) Maintainence fee cost $0 to Blitz Towing's budget fund.
[2018/2/1 - 7:00:38] The faction vault is at $30,829,480.
[2018/2/1 - 7:00:38] SA Gov Paid $15,000 to Blitz Towing budget fund.
[2018/2/1 - 7:00:38] Vehicle ID 184 (Slot ID 5) Maintainence fee cost $0 to Blitz Towing's budget fund.
[2018/2/1 - 7:00:38] Vehicle ID 206 (Slot ID 34) Maintainence fee cost $0 to Blitz Towing's budget fund.
[2018/2/1 - 7:00:38] Vehicle ID 237 (Slot ID 80) Maintainence fee cost $0 to Blitz Towing's budget fund.
[2018/2/1 - 7:00:38] Vehicle ID 282 (Slot ID 139) Maintainence fee cost $0 to Blitz Towing's budget fund.
[2018/2/1 - 7:00:38] Vehicle ID 291 (Slot ID 149) Maintainence fee cost $0 to Blitz Towing's budget fund.
[2018/2/1 - 7:00:38] Vehicle ID 303 (Slot ID 162) Maintainence fee cost $0 to Blitz Towing's budget fund.
[2018/2/1 - 7:00:38] Vehicle ID 315 (Slot ID 179) Maintainence fee cost $0 to Blitz Towing's budget fund.
[2018/2/1 - 7:00:38] Vehicle ID 294 (Slot ID 182) Maintainence fee cost $0 to Blitz Towing's budget fund.
[2018/2/1 - 7:00:38] Vehicle ID 319 (Slot ID 184) Maintainence fee cost $0 to Blitz Towing's budget fund.
[2018/2/1 - 7:00:38] Vehicle ID 320 (Slot ID 185) Maintainence fee cost $0 to Blitz Towing's budget fund.
[2018/2/1 - 7:00:38] Vehicle ID 328 (Slot ID 194) Maintainence fee cost $0 to Blitz Towing's budget fund.
[2018/2/1 - 7:00:38] Vehicle ID 347 (Slot ID 218) Maintainence fee cost $0 to Blitz Towing's budget fund.
[2018/2/1 - 7:00:38] Vehicle ID 380 (Slot ID 262) Maintainence fee cost $0 to Blitz Towing's budget fund.
[2018/2/1 - 7:00:38] Vehicle ID 412 (Slot ID 306) Maintainence fee cost $0 to Blitz Towing's budget fund.
[2018/2/1 - 7:00:38] Vehicle ID 414 (Slot ID 308) Maintainence fee cost $0 to Blitz Towing's budget fund.
[2018/2/1 - 7:00:38] Vehicle ID 415 (Slot ID 310) Maintainence fee cost $0 to Blitz Towing's budget fund.
[2018/2/1 - 7:00:38] Vehicle ID 419 (Slot ID 317) Maintainence fee cost $0 to Blitz Towing's budget fund.
[2018/2/1 - 7:00:38] Vehicle ID 235 (Slot ID 326) Maintainence fee cost $0 to Blitz Towing's budget fund.
[2018/2/1 - 7:00:38] Vehicle ID 430 (Slot ID 329) Maintainence fee cost $0 to Blitz Towing's budget fund.
[2018/2/1 - 7:00:38] Vehicle ID 432 (Slot ID 331) Maintainence fee cost $0 to Blitz Towing's budget fund.
[2018/2/1 - 7:00:38] Vehicle ID 435 (Slot ID 334) Maintainence fee cost $0 to Blitz Towing's budget fund.
[2018/2/1 - 7:00:38] Vehicle ID 406 (Slot ID 356) Maintainence fee cost $0 to Blitz Towing's budget fund.
[2018/2/1 - 7:00:38] Vehicle ID 461 (Slot ID 375) Maintainence fee cost $0 to Blitz Towing's budget fund.
[2018/2/1 - 7:11:12] Vehicle Slot ID 356 RTB fee cost $0 to Blitz Towing's budget fund.
[2018/2/1 - 8:00:42] The faction vault is at $30,859,880.
[2018/2/1 - 8:00:42] SA Gov Paid $15,000 to Blitz Towing budget fund.
[2018/2/1 - 8:00:42] Vehicle ID 184 (Slot ID 5) Maintainence fee cost $0 to Blitz Towing's budget fund.
[2018/2/1 - 8:00:42] Vehicle ID 206 (Slot ID 34) Maintainence fee cost $0 to Blitz Towing's budget fund.
[2018/2/1 - 8:00:42] Vehicle ID 237 (Slot ID 80) Maintainence fee cost $0 to Blitz Towing's budget fund.
[2018/2/1 - 8:00:42] Vehicle ID 282 (Slot ID 139) Maintainence fee cost $0 to Blitz Towing's budget fund.
[2018/2/1 - 8:00:42] Vehicle ID 291 (Slot ID 149) Maintainence fee cost $0 to Blitz Towing's budget fund.
[2018/2/1 - 8:00:42] Vehicle ID 303 (Slot ID 162) Maintainence fee cost $0 to Blitz Towing's budget fund.
[2018/2/1 - 8:00:42] Vehicle ID 315 (Slot ID 179) Maintainence fee cost $0 to Blitz Towing's budget fund.
[2018/2/1 - 8:00:42] Vehicle ID 294 (Slot ID 182) Maintainence fee cost $0 to Blitz Towing's budget fund.
[2018/2/1 - 8:00:42] Vehicle ID 319 (Slot ID 184) Maintainence fee cost $0 to Blitz Towing's budget fund.
[2018/2/1 - 8:00:42] Vehicle ID 320 (Slot ID 185) Maintainence fee cost $0 to Blitz Towing's budget fund.
[2018/2/1 - 8:00:42] Vehicle ID 328 (Slot ID 194) Maintainence fee cost $0 to Blitz Towing's budget fund.
[2018/2/1 - 8:00:42] Vehicle ID 347 (Slot ID 218) Maintainence fee cost $0 to Blitz Towing's budget fund.
[2018/2/1 - 8:00:42] Vehicle ID 380 (Slot ID 262) Maintainence fee cost $0 to Blitz Towing's budget fund.
[2018/2/1 - 8:00:42] Vehicle ID 412 (Slot ID 306) Maintainence fee cost $0 to Blitz Towing's budget fund.
[2018/2/1 - 8:00:42] Vehicle ID 414 (Slot ID 308) Maintainence fee cost $0 to Blitz Towing's budget fund.
[2018/2/1 - 8:00:42] Vehicle ID 415 (Slot ID 310) Maintainence fee cost $0 to Blitz Towing's budget fund.
[2018/2/1 - 8:00:42] Vehicle ID 419 (Slot ID 317) Maintainence fee cost $0 to Blitz Towing's budget fund.
[2018/2/1 - 8:00:42] Vehicle ID 235 (Slot ID 326) Maintainence fee cost $0 to Blitz Towing's budget fund.
[2018/2/1 - 8:00:42] Vehicle ID 430 (Slot ID 329) Maintainence fee cost $0 to Blitz Towing's budget fund.
[2018/2/1 - 8:00:42] Vehicle ID 432 (Slot ID 331) Maintainence fee cost $0 to Blitz Towing's budget fund.
[2018/2/1 - 8:00:42] Vehicle ID 435 (Slot ID 334) Maintainence fee cost $0 to Blitz Towing's budget fund.
[2018/2/1 - 8:00:42] Vehicle ID 406 (Slot ID 356) Maintainence fee cost $0 to Blitz Towing's budget fund.
[2018/2/1 - 8:00:42] Vehicle ID 461 (Slot ID 375) Maintainence fee cost $0 to Blitz Towing's budget fund.
[2018/2/1 - 8:07:32] Dwight Silvetti has been paid $100,000 from Blitz Towing's budget.
[2018/2/1 - 8:19:05] Dwight Silvetti took a vest out of the Blitz Towing locker at a cost of 1 HG Material.
[2018/2/1 - 9:00:47] The faction vault is at $30,789,680.
[2018/2/1 - 9:00:47] SA Gov Paid $15,000 to Blitz Towing budget fund.
[2018/2/1 - 9:00:47] Vehicle ID 184 (Slot ID 5) Maintainence fee cost $0 to Blitz Towing's budget fund.
[2018/2/1 - 9:00:47] Vehicle ID 206 (Slot ID 34) Maintainence fee cost $0 to Blitz Towing's budget fund.
[2018/2/1 - 9:00:47] Vehicle ID 237 (Slot ID 80) Maintainence fee cost $0 to Blitz Towing's budget fund.
[2018/2/1 - 9:00:47] Vehicle ID 282 (Slot ID 139) Maintainence fee cost $0 to Blitz Towing's budget fund.
[2018/2/1 - 9:00:47] Vehicle ID 291 (Slot ID 149) Maintainence fee cost $0 to Blitz Towing's budget fund.
[2018/2/1 - 9:00:47] Vehicle ID 303 (Slot ID 162) Maintainence fee cost $0 to Blitz Towing's budget fund.
[2018/2/1 - 9:00:47] Vehicle ID 315 (Slot ID 179) Maintainence fee cost $0 to Blitz Towing's budget fund.
[2018/2/1 - 9:00:47] Vehicle ID 294 (Slot ID 182) Maintainence fee cost $0 to Blitz Towing's budget fund.
[2018/2/1 - 9:00:47] Vehicle ID 319 (Slot ID 184) Maintainence fee cost $0 to Blitz Towing's budget fund.
[2018/2/1 - 9:00:47] Vehicle ID 320 (Slot ID 185) Maintainence fee cost $0 to Blitz Towing's budget fund.
[2018/2/1 - 9:00:47] Vehicle ID 328 (Slot ID 194) Maintainence fee cost $0 to Blitz Towing's budget fund.
[2018/2/1 - 9:00:47] Vehicle ID 347 (Slot ID 218) Maintainence fee cost $0 to Blitz Towing's budget fund.
[2018/2/1 - 9:00:47] Vehicle ID 380 (Slot ID 262) Maintainence fee cost $0 to Blitz Towing's budget fund.
[2018/2/1 - 9:00:47] Vehicle ID 412 (Slot ID 306) Maintainence fee cost $0 to Blitz Towing's budget fund.
[2018/2/1 - 9:00:47] Vehicle ID 414 (Slot ID 308) Maintainence fee cost $0 to Blitz Towing's budget fund.
[2018/2/1 - 9:00:47] Vehicle ID 415 (Slot ID 310) Maintainence fee cost $0 to Blitz Towing's budget fund.
[2018/2/1 - 9:00:47] Vehicle ID 419 (Slot ID 317) Maintainence fee cost $0 to Blitz Towing's budget fund.
[2018/2/1 - 9:00:47] Vehicle ID 235 (Slot ID 326) Maintainence fee cost $0 to Blitz Towing's budget fund.
[2018/2/1 - 9:00:47] Vehicle ID 430 (Slot ID 329) Maintainence fee cost $0 to Blitz Towing's budget fund.
[2018/2/1 - 9:00:47] Vehicle ID 432 (Slot ID 331) Maintainence fee cost $0 to Blitz Towing's budget fund.
[2018/2/1 - 9:00:47] Vehicle ID 435 (Slot ID 334) Maintainence fee cost $0 to Blitz Towing's budget fund.
[2018/2/1 - 9:00:47] Vehicle ID 406 (Slot ID 356) Maintainence fee cost $0 to Blitz Towing's budget fund.
[2018/2/1 - 9:00:47] Vehicle ID 461 (Slot ID 375) Maintainence fee cost $0 to Blitz Towing's budget fund.
[2018/2/1 - 10:00:51] The faction vault is at $30,817,680.
[2018/2/1 - 10:00:51] SA Gov Paid $15,000 to Blitz Towing budget fund.
[2018/2/1 - 10:00:51] Vehicle ID 184 (Slot ID 5) Maintainence fee cost $0 to Blitz Towing's budget fund.
[2018/2/1 - 10:00:51] Vehicle ID 206 (Slot ID 34) Maintainence fee cost $0 to Blitz Towing's budget fund.
[2018/2/1 - 10:00:51] Vehicle ID 237 (Slot ID 80) Maintainence fee cost $0 to Blitz Towing's budget fund.
[2018/2/1 - 10:00:51] Vehicle ID 282 (Slot ID 139) Maintainence fee cost $0 to Blitz Towing's budget fund.
[2018/2/1 - 10:00:51] Vehicle ID 291 (Slot ID 149) Maintainence fee cost $0 to Blitz Towing's budget fund.
[2018/2/1 - 10:00:51] Vehicle ID 303 (Slot ID 162) Maintainence fee cost $0 to Blitz Towing's budget fund.
[2018/2/1 - 10:00:51] Vehicle ID 315 (Slot ID 179) Maintainence fee cost $0 to Blitz Towing's budget fund.
[2018/2/1 - 10:00:51] Vehicle ID 294 (Slot ID 182) Maintainence fee cost $0 to Blitz Towing's budget fund.
[2018/2/1 - 10:00:51] Vehicle ID 319 (Slot ID 184) Maintainence fee cost $0 to Blitz Towing's budget fund.
[2018/2/1 - 10:00:51] Vehicle ID 320 (Slot ID 185) Maintainence fee cost $0 to Blitz Towing's budget fund.
[2018/2/1 - 10:00:51] Vehicle ID 328 (Slot ID 194) Maintainence fee cost $0 to Blitz Towing's budget fund.
[2018/2/1 - 10:00:51] Vehicle ID 347 (Slot ID 218) Maintainence fee cost $0 to Blitz Towing's budget fund.
[2018/2/1 - 10:00:51] Vehicle ID 380 (Slot ID 262) Maintainence fee cost $0 to Blitz Towing's budget fund.
[2018/2/1 - 10:00:51] Vehicle ID 412 (Slot ID 306) Maintainence fee cost $0 to Blitz Towing's budget fund.
[2018/2/1 - 10:00:51] Vehicle ID 414 (Slot ID 308) Maintainence fee cost $0 to Blitz Towing's budget fund.
[2018/2/1 - 10:00:51] Vehicle ID 415 (Slot ID 310) Maintainence fee cost $0 to Blitz Towing's budget fund.
[2018/2/1 - 10:00:51] Vehicle ID 419 (Slot ID 317) Maintainence fee cost $0 to Blitz Towing's budget fund.
[2018/2/1 - 10:00:51] Vehicle ID 235 (Slot ID 326) Maintainence fee cost $0 to Blitz Towing's budget fund.
[2018/2/1 - 10:00:51] Vehicle ID 430 (Slot ID 329) Maintainence fee cost $0 to Blitz Towing's budget fund.
[2018/2/1 - 10:00:51] Vehicle ID 432 (Slot ID 331) Maintainence fee cost $0 to Blitz Towing's budget fund.
[2018/2/1 - 10:00:51] Vehicle ID 435 (Slot ID 334) Maintainence fee cost $0 to Blitz Towing's budget fund.
[2018/2/1 - 10:00:51] Vehicle ID 406 (Slot ID 356) Maintainence fee cost $0 to Blitz Towing's budget fund.
[2018/2/1 - 10:00:51] Vehicle ID 461 (Slot ID 375) Maintainence fee cost $0 to Blitz Towing's budget fund.
[2018/2/1 - 11:00:54] The faction vault is at $30,840,080.
[2018/2/1 - 11:00:54] SA Gov Paid $15,000 to Blitz Towing budget fund.
[2018/2/1 - 11:00:54] Vehicle ID 184 (Slot ID 5) Maintainence fee cost $0 to Blitz Towing's budget fund.
[2018/2/1 - 11:00:54] Vehicle ID 206 (Slot ID 34) Maintainence fee cost $0 to Blitz Towing's budget fund.
[2018/2/1 - 11:00:54] Vehicle ID 237 (Slot ID 80) Maintainence fee cost $0 to Blitz Towing's budget fund.
[2018/2/1 - 11:00:54] Vehicle ID 282 (Slot ID 139) Maintainence fee cost $0 to Blitz Towing's budget fund.
[2018/2/1 - 11:00:54] Vehicle ID 291 (Slot ID 149) Maintainence fee cost $0 to Blitz Towing's budget fund.
[2018/2/1 - 11:00:54] Vehicle ID 303 (Slot ID 162) Maintainence fee cost $0 to Blitz Towing's budget fund.
[2018/2/1 - 11:00:54] Vehicle ID 315 (Slot ID 179) Maintainence fee cost $0 to Blitz Towing's budget fund.
[2018/2/1 - 11:00:54] Vehicle ID 294 (Slot ID 182) Maintainence fee cost $0 to Blitz Towing's budget fund.
[2018/2/1 - 11:00:54] Vehicle ID 319 (Slot ID 184) Maintainence fee cost $0 to Blitz Towing's budget fund.
[2018/2/1 - 11:00:54] Vehicle ID 320 (Slot ID 185) Maintainence fee cost $0 to Blitz Towing's budget fund.
[2018/2/1 - 11:00:54] Vehicle ID 328 (Slot ID 194) Maintainence fee cost $0 to Blitz Towing's budget fund.
[2018/2/1 - 11:00:54] Vehicle ID 347 (Slot ID 218) Maintainence fee cost $0 to Blitz Towing's budget fund.
[2018/2/1 - 11:00:54] Vehicle ID 380 (Slot ID 262) Maintainence fee cost $0 to Blitz Towing's budget fund.
[2018/2/1 - 11:00:54] Vehicle ID 412 (Slot ID 306) Maintainence fee cost $0 to Blitz Towing's budget fund.
[2018/2/1 - 11:00:54] Vehicle ID 414 (Slot ID 308) Maintainence fee cost $0 to Blitz Towing's budget fund.
[2018/2/1 - 11:00:54] Vehicle ID 415 (Slot ID 310) Maintainence fee cost $0 to Blitz Towing's budget fund.
[2018/2/1 - 11:00:54] Vehicle ID 419 (Slot ID 317) Maintainence fee cost $0 to Blitz Towing's budget fund.
[2018/2/1 - 11:00:54] Vehicle ID 235 (Slot ID 326) Maintainence fee cost $0 to Blitz Towing's budget fund.
[2018/2/1 - 11:00:54] Vehicle ID 430 (Slot ID 329) Maintainence fee cost $0 to Blitz Towing's budget fund.
[2018/2/1 - 11:00:54] Vehicle ID 432 (Slot ID 331) Maintainence fee cost $0 to Blitz Towing's budget fund.
[2018/2/1 - 11:00:54] Vehicle ID 435 (Slot ID 334) Maintainence fee cost $0 to Blitz Towing's budget fund.
[2018/2/1 - 11:00:54] Vehicle ID 406 (Slot ID 356) Maintainence fee cost $0 to Blitz Towing's budget fund.
[2018/2/1 - 11:00:54] Vehicle ID 461 (Slot ID 375) Maintainence fee cost $0 to Blitz Towing's budget fund.
[2018/2/1 - 12:01:02] The faction vault is at $30,859,880.
[2018/2/1 - 12:01:02] SA Gov Paid $15,000 to Blitz Towing budget fund.
[2018/2/1 - 12:01:02] Vehicle ID 184 (Slot ID 5) Maintainence fee cost $0 to Blitz Towing's budget fund.
[2018/2/1 - 12:01:02] Vehicle ID 206 (Slot ID 34) Maintainence fee cost $0 to Blitz Towing's budget fund.
[2018/2/1 - 12:01:02] Vehicle ID 237 (Slot ID 80) Maintainence fee cost $0 to Blitz Towing's budget fund.
[2018/2/1 - 12:01:02] Vehicle ID 282 (Slot ID 139) Maintainence fee cost $0 to Blitz Towing's budget fund.
[2018/2/1 - 12:01:02] Vehicle ID 291 (Slot ID 149) Maintainence fee cost $0 to Blitz Towing's budget fund.
[2018/2/1 - 12:01:02] Vehicle ID 303 (Slot ID 162) Maintainence fee cost $0 to Blitz Towing's budget fund.
[2018/2/1 - 12:01:02] Vehicle ID 315 (Slot ID 179) Maintainence fee cost $0 to Blitz Towing's budget fund.
[2018/2/1 - 12:01:02] Vehicle ID 294 (Slot ID 182) Maintainence fee cost $0 to Blitz Towing's budget fund.
[2018/2/1 - 12:01:02] Vehicle ID 319 (Slot ID 184) Maintainence fee cost $0 to Blitz Towing's budget fund.
[2018/2/1 - 12:01:02] Vehicle ID 320 (Slot ID 185) Maintainence fee cost $0 to Blitz Towing's budget fund.
[2018/2/1 - 12:01:02] Vehicle ID 328 (Slot ID 194) Maintainence fee cost $0 to Blitz Towing's budget fund.
[2018/2/1 - 12:01:02] Vehicle ID 347 (Slot ID 218) Maintainence fee cost $0 to Blitz Towing's budget fund.
[2018/2/1 - 12:01:02] Vehicle ID 380 (Slot ID 262) Maintainence fee cost $0 to Blitz Towing's budget fund.
[2018/2/1 - 12:01:02] Vehicle ID 412 (Slot ID 306) Maintainence fee cost $0 to Blitz Towing's budget fund.
[2018/2/1 - 12:01:02] Vehicle ID 414 (Slot ID 308) Maintainence fee cost $0 to Blitz Towing's budget fund.
[2018/2/1 - 12:01:02] Vehicle ID 415 (Slot ID 310) Maintainence fee cost $0 to Blitz Towing's budget fund.
[2018/2/1 - 12:01:02] Vehicle ID 419 (Slot ID 317) Maintainence fee cost $0 to Blitz Towing's budget fund.
[2018/2/1 - 12:01:02] Vehicle ID 235 (Slot ID 326) Maintainence fee cost $0 to Blitz Towing's budget fund.
[2018/2/1 - 12:01:02] Vehicle ID 430 (Slot ID 329) Maintainence fee cost $0 to Blitz Towing's budget fund.
[2018/2/1 - 12:01:02] Vehicle ID 432 (Slot ID 331) Maintainence fee cost $0 to Blitz Towing's budget fund.
[2018/2/1 - 12:01:02] Vehicle ID 435 (Slot ID 334) Maintainence fee cost $0 to Blitz Towing's budget fund.
[2018/2/1 - 12:01:02] Vehicle ID 406 (Slot ID 356) Maintainence fee cost $0 to Blitz Towing's budget fund.
[2018/2/1 - 12:01:02] Vehicle ID 461 (Slot ID 375) Maintainence fee cost $0 to Blitz Towing's budget fund.
[2018/2/1 - 12:19:59] Vehicle Slot ID 80 RTB fee cost $0 to Blitz Towing's budget fund.
