[2018/2/13 - 6:00:22] The faction vault is at $32,157,050.
[2018/2/13 - 6:00:22] SA Gov Paid $15,000 to Blitz Towing budget fund.
[2018/2/13 - 6:00:22] Vehicle ID 197 (Slot ID 5) Maintainence fee cost $0 to Blitz Towing's budget fund.
[2018/2/13 - 6:00:23] Vehicle ID 219 (Slot ID 34) Maintainence fee cost $0 to Blitz Towing's budget fund.
[2018/2/13 - 6:00:23] Vehicle ID 250 (Slot ID 80) Maintainence fee cost $0 to Blitz Towing's budget fund.
[2018/2/13 - 6:00:23] Vehicle ID 293 (Slot ID 139) Maintainence fee cost $0 to Blitz Towing's budget fund.
[2018/2/13 - 6:00:23] Vehicle ID 302 (Slot ID 149) Maintainence fee cost $0 to Blitz Towing's budget fund.
[2018/2/13 - 6:00:23] Vehicle ID 314 (Slot ID 162) Maintainence fee cost $0 to Blitz Towing's budget fund.
[2018/2/13 - 6:00:23] Vehicle ID 326 (Slot ID 179) Maintainence fee cost $0 to Blitz Towing's budget fund.
[2018/2/13 - 6:00:23] Vehicle ID 328 (Slot ID 182) Maintainence fee cost $0 to Blitz Towing's budget fund.
[2018/2/13 - 6:00:23] Vehicle ID 330 (Slot ID 184) Maintainence fee cost $0 to Blitz Towing's budget fund.
[2018/2/13 - 6:00:23] Vehicle ID 331 (Slot ID 185) Maintainence fee cost $0 to Blitz Towing's budget fund.
[2018/2/13 - 6:00:23] Vehicle ID 339 (Slot ID 194) Maintainence fee cost $0 to Blitz Towing's budget fund.
[2018/2/13 - 6:00:23] Vehicle ID 358 (Slot ID 218) Maintainence fee cost $0 to Blitz Towing's budget fund.
[2018/2/13 - 6:00:23] Vehicle ID 391 (Slot ID 262) Maintainence fee cost $0 to Blitz Towing's budget fund.
[2018/2/13 - 6:00:23] Vehicle ID 423 (Slot ID 306) Maintainence fee cost $0 to Blitz Towing's budget fund.
[2018/2/13 - 6:00:23] Vehicle ID 425 (Slot ID 308) Maintainence fee cost $0 to Blitz Towing's budget fund.
[2018/2/13 - 6:00:23] Vehicle ID 427 (Slot ID 310) Maintainence fee cost $0 to Blitz Towing's budget fund.
[2018/2/13 - 6:00:23] Vehicle ID 431 (Slot ID 317) Maintainence fee cost $0 to Blitz Towing's budget fund.
[2018/2/13 - 6:00:23] Vehicle ID 439 (Slot ID 326) Maintainence fee cost $0 to Blitz Towing's budget fund.
[2018/2/13 - 6:00:23] Vehicle ID 441 (Slot ID 329) Maintainence fee cost $0 to Blitz Towing's budget fund.
[2018/2/13 - 6:00:23] Vehicle ID 443 (Slot ID 331) Maintainence fee cost $0 to Blitz Towing's budget fund.
[2018/2/13 - 6:00:23] Vehicle ID 446 (Slot ID 334) Maintainence fee cost $0 to Blitz Towing's budget fund.
[2018/2/13 - 6:00:23] Vehicle ID 468 (Slot ID 356) Maintainence fee cost $0 to Blitz Towing's budget fund.
[2018/2/13 - 6:00:23] Vehicle ID 481 (Slot ID 375) Maintainence fee cost $0 to Blitz Towing's budget fund.
[2018/2/13 - 7:00:17] The faction vault is at $32,172,250.
[2018/2/13 - 7:00:17] SA Gov Paid $15,000 to Blitz Towing budget fund.
[2018/2/13 - 7:00:17] Vehicle ID 197 (Slot ID 5) Maintainence fee cost $0 to Blitz Towing's budget fund.
[2018/2/13 - 7:00:17] Vehicle ID 219 (Slot ID 34) Maintainence fee cost $0 to Blitz Towing's budget fund.
[2018/2/13 - 7:00:17] Vehicle ID 250 (Slot ID 80) Maintainence fee cost $0 to Blitz Towing's budget fund.
[2018/2/13 - 7:00:17] Vehicle ID 293 (Slot ID 139) Maintainence fee cost $0 to Blitz Towing's budget fund.
[2018/2/13 - 7:00:17] Vehicle ID 302 (Slot ID 149) Maintainence fee cost $0 to Blitz Towing's budget fund.
[2018/2/13 - 7:00:17] Vehicle ID 314 (Slot ID 162) Maintainence fee cost $0 to Blitz Towing's budget fund.
[2018/2/13 - 7:00:17] Vehicle ID 326 (Slot ID 179) Maintainence fee cost $0 to Blitz Towing's budget fund.
[2018/2/13 - 7:00:17] Vehicle ID 328 (Slot ID 182) Maintainence fee cost $0 to Blitz Towing's budget fund.
[2018/2/13 - 7:00:17] Vehicle ID 330 (Slot ID 184) Maintainence fee cost $0 to Blitz Towing's budget fund.
[2018/2/13 - 7:00:17] Vehicle ID 331 (Slot ID 185) Maintainence fee cost $0 to Blitz Towing's budget fund.
[2018/2/13 - 7:00:17] Vehicle ID 339 (Slot ID 194) Maintainence fee cost $0 to Blitz Towing's budget fund.
[2018/2/13 - 7:00:17] Vehicle ID 358 (Slot ID 218) Maintainence fee cost $0 to Blitz Towing's budget fund.
[2018/2/13 - 7:00:17] Vehicle ID 391 (Slot ID 262) Maintainence fee cost $0 to Blitz Towing's budget fund.
[2018/2/13 - 7:00:17] Vehicle ID 423 (Slot ID 306) Maintainence fee cost $0 to Blitz Towing's budget fund.
[2018/2/13 - 7:00:17] Vehicle ID 425 (Slot ID 308) Maintainence fee cost $0 to Blitz Towing's budget fund.
[2018/2/13 - 7:00:17] Vehicle ID 427 (Slot ID 310) Maintainence fee cost $0 to Blitz Towing's budget fund.
[2018/2/13 - 7:00:17] Vehicle ID 431 (Slot ID 317) Maintainence fee cost $0 to Blitz Towing's budget fund.
[2018/2/13 - 7:00:17] Vehicle ID 439 (Slot ID 326) Maintainence fee cost $0 to Blitz Towing's budget fund.
[2018/2/13 - 7:00:17] Vehicle ID 441 (Slot ID 329) Maintainence fee cost $0 to Blitz Towing's budget fund.
[2018/2/13 - 7:00:17] Vehicle ID 443 (Slot ID 331) Maintainence fee cost $0 to Blitz Towing's budget fund.
[2018/2/13 - 7:00:17] Vehicle ID 446 (Slot ID 334) Maintainence fee cost $0 to Blitz Towing's budget fund.
[2018/2/13 - 7:00:17] Vehicle ID 468 (Slot ID 356) Maintainence fee cost $0 to Blitz Towing's budget fund.
[2018/2/13 - 7:00:17] Vehicle ID 481 (Slot ID 375) Maintainence fee cost $0 to Blitz Towing's budget fund.
[2018/2/13 - 8:00:32] The faction vault is at $32,187,250.
[2018/2/13 - 8:00:32] SA Gov Paid $15,000 to Blitz Towing budget fund.
[2018/2/13 - 8:00:32] Vehicle ID 197 (Slot ID 5) Maintainence fee cost $0 to Blitz Towing's budget fund.
[2018/2/13 - 8:00:32] Vehicle ID 219 (Slot ID 34) Maintainence fee cost $0 to Blitz Towing's budget fund.
[2018/2/13 - 8:00:32] Vehicle ID 250 (Slot ID 80) Maintainence fee cost $0 to Blitz Towing's budget fund.
[2018/2/13 - 8:00:32] Vehicle ID 293 (Slot ID 139) Maintainence fee cost $0 to Blitz Towing's budget fund.
[2018/2/13 - 8:00:32] Vehicle ID 302 (Slot ID 149) Maintainence fee cost $0 to Blitz Towing's budget fund.
[2018/2/13 - 8:00:32] Vehicle ID 314 (Slot ID 162) Maintainence fee cost $0 to Blitz Towing's budget fund.
[2018/2/13 - 8:00:32] Vehicle ID 326 (Slot ID 179) Maintainence fee cost $0 to Blitz Towing's budget fund.
[2018/2/13 - 8:00:32] Vehicle ID 328 (Slot ID 182) Maintainence fee cost $0 to Blitz Towing's budget fund.
[2018/2/13 - 8:00:32] Vehicle ID 330 (Slot ID 184) Maintainence fee cost $0 to Blitz Towing's budget fund.
[2018/2/13 - 8:00:32] Vehicle ID 331 (Slot ID 185) Maintainence fee cost $0 to Blitz Towing's budget fund.
[2018/2/13 - 8:00:32] Vehicle ID 339 (Slot ID 194) Maintainence fee cost $0 to Blitz Towing's budget fund.
[2018/2/13 - 8:00:32] Vehicle ID 358 (Slot ID 218) Maintainence fee cost $0 to Blitz Towing's budget fund.
[2018/2/13 - 8:00:32] Vehicle ID 391 (Slot ID 262) Maintainence fee cost $0 to Blitz Towing's budget fund.
[2018/2/13 - 8:00:32] Vehicle ID 423 (Slot ID 306) Maintainence fee cost $0 to Blitz Towing's budget fund.
[2018/2/13 - 8:00:32] Vehicle ID 425 (Slot ID 308) Maintainence fee cost $0 to Blitz Towing's budget fund.
[2018/2/13 - 8:00:32] Vehicle ID 427 (Slot ID 310) Maintainence fee cost $0 to Blitz Towing's budget fund.
[2018/2/13 - 8:00:32] Vehicle ID 431 (Slot ID 317) Maintainence fee cost $0 to Blitz Towing's budget fund.
[2018/2/13 - 8:00:32] Vehicle ID 439 (Slot ID 326) Maintainence fee cost $0 to Blitz Towing's budget fund.
[2018/2/13 - 8:00:32] Vehicle ID 441 (Slot ID 329) Maintainence fee cost $0 to Blitz Towing's budget fund.
[2018/2/13 - 8:00:32] Vehicle ID 443 (Slot ID 331) Maintainence fee cost $0 to Blitz Towing's budget fund.
[2018/2/13 - 8:00:32] Vehicle ID 446 (Slot ID 334) Maintainence fee cost $0 to Blitz Towing's budget fund.
[2018/2/13 - 8:00:32] Vehicle ID 468 (Slot ID 356) Maintainence fee cost $0 to Blitz Towing's budget fund.
[2018/2/13 - 8:00:32] Vehicle ID 481 (Slot ID 375) Maintainence fee cost $0 to Blitz Towing's budget fund.
[2018/2/13 - 9:00:38] The faction vault is at $32,202,250.
[2018/2/13 - 9:00:38] SA Gov Paid $15,000 to Blitz Towing budget fund.
[2018/2/13 - 9:00:39] Vehicle ID 197 (Slot ID 5) Maintainence fee cost $0 to Blitz Towing's budget fund.
[2018/2/13 - 9:00:39] Vehicle ID 219 (Slot ID 34) Maintainence fee cost $0 to Blitz Towing's budget fund.
[2018/2/13 - 9:00:39] Vehicle ID 250 (Slot ID 80) Maintainence fee cost $0 to Blitz Towing's budget fund.
[2018/2/13 - 9:00:39] Vehicle ID 293 (Slot ID 139) Maintainence fee cost $0 to Blitz Towing's budget fund.
[2018/2/13 - 9:00:39] Vehicle ID 302 (Slot ID 149) Maintainence fee cost $0 to Blitz Towing's budget fund.
[2018/2/13 - 9:00:39] Vehicle ID 314 (Slot ID 162) Maintainence fee cost $0 to Blitz Towing's budget fund.
[2018/2/13 - 9:00:39] Vehicle ID 326 (Slot ID 179) Maintainence fee cost $0 to Blitz Towing's budget fund.
[2018/2/13 - 9:00:39] Vehicle ID 328 (Slot ID 182) Maintainence fee cost $0 to Blitz Towing's budget fund.
[2018/2/13 - 9:00:39] Vehicle ID 330 (Slot ID 184) Maintainence fee cost $0 to Blitz Towing's budget fund.
[2018/2/13 - 9:00:39] Vehicle ID 331 (Slot ID 185) Maintainence fee cost $0 to Blitz Towing's budget fund.
[2018/2/13 - 9:00:39] Vehicle ID 339 (Slot ID 194) Maintainence fee cost $0 to Blitz Towing's budget fund.
[2018/2/13 - 9:00:39] Vehicle ID 358 (Slot ID 218) Maintainence fee cost $0 to Blitz Towing's budget fund.
[2018/2/13 - 9:00:39] Vehicle ID 391 (Slot ID 262) Maintainence fee cost $0 to Blitz Towing's budget fund.
[2018/2/13 - 9:00:39] Vehicle ID 423 (Slot ID 306) Maintainence fee cost $0 to Blitz Towing's budget fund.
[2018/2/13 - 9:00:39] Vehicle ID 425 (Slot ID 308) Maintainence fee cost $0 to Blitz Towing's budget fund.
[2018/2/13 - 9:00:39] Vehicle ID 427 (Slot ID 310) Maintainence fee cost $0 to Blitz Towing's budget fund.
[2018/2/13 - 9:00:39] Vehicle ID 431 (Slot ID 317) Maintainence fee cost $0 to Blitz Towing's budget fund.
[2018/2/13 - 9:00:39] Vehicle ID 439 (Slot ID 326) Maintainence fee cost $0 to Blitz Towing's budget fund.
[2018/2/13 - 9:00:39] Vehicle ID 441 (Slot ID 329) Maintainence fee cost $0 to Blitz Towing's budget fund.
[2018/2/13 - 9:00:39] Vehicle ID 443 (Slot ID 331) Maintainence fee cost $0 to Blitz Towing's budget fund.
[2018/2/13 - 9:00:39] Vehicle ID 446 (Slot ID 334) Maintainence fee cost $0 to Blitz Towing's budget fund.
[2018/2/13 - 9:00:39] Vehicle ID 468 (Slot ID 356) Maintainence fee cost $0 to Blitz Towing's budget fund.
[2018/2/13 - 9:00:39] Vehicle ID 481 (Slot ID 375) Maintainence fee cost $0 to Blitz Towing's budget fund.
[2018/2/13 - 10:00:44] The faction vault is at $32,217,250.
[2018/2/13 - 10:00:44] SA Gov Paid $15,000 to Blitz Towing budget fund.
[2018/2/13 - 10:00:44] Vehicle ID 197 (Slot ID 5) Maintainence fee cost $0 to Blitz Towing's budget fund.
[2018/2/13 - 10:00:44] Vehicle ID 219 (Slot ID 34) Maintainence fee cost $0 to Blitz Towing's budget fund.
[2018/2/13 - 10:00:44] Vehicle ID 250 (Slot ID 80) Maintainence fee cost $0 to Blitz Towing's budget fund.
[2018/2/13 - 10:00:44] Vehicle ID 293 (Slot ID 139) Maintainence fee cost $0 to Blitz Towing's budget fund.
[2018/2/13 - 10:00:44] Vehicle ID 302 (Slot ID 149) Maintainence fee cost $0 to Blitz Towing's budget fund.
[2018/2/13 - 10:00:44] Vehicle ID 314 (Slot ID 162) Maintainence fee cost $0 to Blitz Towing's budget fund.
[2018/2/13 - 10:00:44] Vehicle ID 326 (Slot ID 179) Maintainence fee cost $0 to Blitz Towing's budget fund.
[2018/2/13 - 10:00:44] Vehicle ID 328 (Slot ID 182) Maintainence fee cost $0 to Blitz Towing's budget fund.
[2018/2/13 - 10:00:44] Vehicle ID 330 (Slot ID 184) Maintainence fee cost $0 to Blitz Towing's budget fund.
[2018/2/13 - 10:00:44] Vehicle ID 331 (Slot ID 185) Maintainence fee cost $0 to Blitz Towing's budget fund.
[2018/2/13 - 10:00:44] Vehicle ID 339 (Slot ID 194) Maintainence fee cost $0 to Blitz Towing's budget fund.
[2018/2/13 - 10:00:44] Vehicle ID 358 (Slot ID 218) Maintainence fee cost $0 to Blitz Towing's budget fund.
[2018/2/13 - 10:00:44] Vehicle ID 391 (Slot ID 262) Maintainence fee cost $0 to Blitz Towing's budget fund.
[2018/2/13 - 10:00:44] Vehicle ID 423 (Slot ID 306) Maintainence fee cost $0 to Blitz Towing's budget fund.
[2018/2/13 - 10:00:44] Vehicle ID 425 (Slot ID 308) Maintainence fee cost $0 to Blitz Towing's budget fund.
[2018/2/13 - 10:00:44] Vehicle ID 427 (Slot ID 310) Maintainence fee cost $0 to Blitz Towing's budget fund.
[2018/2/13 - 10:00:44] Vehicle ID 431 (Slot ID 317) Maintainence fee cost $0 to Blitz Towing's budget fund.
[2018/2/13 - 10:00:44] Vehicle ID 439 (Slot ID 326) Maintainence fee cost $0 to Blitz Towing's budget fund.
[2018/2/13 - 10:00:44] Vehicle ID 441 (Slot ID 329) Maintainence fee cost $0 to Blitz Towing's budget fund.
[2018/2/13 - 10:00:44] Vehicle ID 443 (Slot ID 331) Maintainence fee cost $0 to Blitz Towing's budget fund.
[2018/2/13 - 10:00:44] Vehicle ID 446 (Slot ID 334) Maintainence fee cost $0 to Blitz Towing's budget fund.
[2018/2/13 - 10:00:44] Vehicle ID 468 (Slot ID 356) Maintainence fee cost $0 to Blitz Towing's budget fund.
[2018/2/13 - 10:00:44] Vehicle ID 481 (Slot ID 375) Maintainence fee cost $0 to Blitz Towing's budget fund.
[2018/2/13 - 11:01:31] The faction vault is at $32,232,250.
[2018/2/13 - 11:01:31] SA Gov Paid $15,000 to Blitz Towing budget fund.
[2018/2/13 - 11:01:31] Vehicle ID 197 (Slot ID 5) Maintainence fee cost $0 to Blitz Towing's budget fund.
[2018/2/13 - 11:01:31] Vehicle ID 219 (Slot ID 34) Maintainence fee cost $0 to Blitz Towing's budget fund.
[2018/2/13 - 11:01:31] Vehicle ID 250 (Slot ID 80) Maintainence fee cost $0 to Blitz Towing's budget fund.
[2018/2/13 - 11:01:31] Vehicle ID 293 (Slot ID 139) Maintainence fee cost $0 to Blitz Towing's budget fund.
[2018/2/13 - 11:01:31] Vehicle ID 302 (Slot ID 149) Maintainence fee cost $0 to Blitz Towing's budget fund.
[2018/2/13 - 11:01:31] Vehicle ID 314 (Slot ID 162) Maintainence fee cost $0 to Blitz Towing's budget fund.
[2018/2/13 - 11:01:31] Vehicle ID 326 (Slot ID 179) Maintainence fee cost $0 to Blitz Towing's budget fund.
[2018/2/13 - 11:01:31] Vehicle ID 328 (Slot ID 182) Maintainence fee cost $0 to Blitz Towing's budget fund.
[2018/2/13 - 11:01:31] Vehicle ID 330 (Slot ID 184) Maintainence fee cost $0 to Blitz Towing's budget fund.
[2018/2/13 - 11:01:31] Vehicle ID 331 (Slot ID 185) Maintainence fee cost $0 to Blitz Towing's budget fund.
[2018/2/13 - 11:01:31] Vehicle ID 339 (Slot ID 194) Maintainence fee cost $0 to Blitz Towing's budget fund.
[2018/2/13 - 11:01:31] Vehicle ID 358 (Slot ID 218) Maintainence fee cost $0 to Blitz Towing's budget fund.
[2018/2/13 - 11:01:31] Vehicle ID 391 (Slot ID 262) Maintainence fee cost $0 to Blitz Towing's budget fund.
[2018/2/13 - 11:01:31] Vehicle ID 423 (Slot ID 306) Maintainence fee cost $0 to Blitz Towing's budget fund.
[2018/2/13 - 11:01:31] Vehicle ID 425 (Slot ID 308) Maintainence fee cost $0 to Blitz Towing's budget fund.
[2018/2/13 - 11:01:31] Vehicle ID 427 (Slot ID 310) Maintainence fee cost $0 to Blitz Towing's budget fund.
[2018/2/13 - 11:01:31] Vehicle ID 431 (Slot ID 317) Maintainence fee cost $0 to Blitz Towing's budget fund.
[2018/2/13 - 11:01:31] Vehicle ID 439 (Slot ID 326) Maintainence fee cost $0 to Blitz Towing's budget fund.
[2018/2/13 - 11:01:31] Vehicle ID 441 (Slot ID 329) Maintainence fee cost $0 to Blitz Towing's budget fund.
[2018/2/13 - 11:01:31] Vehicle ID 443 (Slot ID 331) Maintainence fee cost $0 to Blitz Towing's budget fund.
[2018/2/13 - 11:01:31] Vehicle ID 446 (Slot ID 334) Maintainence fee cost $0 to Blitz Towing's budget fund.
[2018/2/13 - 11:01:31] Vehicle ID 468 (Slot ID 356) Maintainence fee cost $0 to Blitz Towing's budget fund.
[2018/2/13 - 11:01:31] Vehicle ID 481 (Slot ID 375) Maintainence fee cost $0 to Blitz Towing's budget fund.
[2018/2/13 - 12:00:16] The faction vault is at $306,950.
[2018/2/13 - 12:00:16] SA Gov Paid $15,000 to Blitz Towing budget fund.
[2018/2/13 - 12:00:16] Vehicle ID 197 (Slot ID 5) Maintainence fee cost $0 to Blitz Towing's budget fund.
[2018/2/13 - 12:00:16] Vehicle ID 217 (Slot ID 34) Maintainence fee cost $0 to Blitz Towing's budget fund.
[2018/2/13 - 12:00:16] Vehicle ID 240 (Slot ID 80) Maintainence fee cost $0 to Blitz Towing's budget fund.
[2018/2/13 - 12:00:16] Vehicle ID 276 (Slot ID 139) Maintainence fee cost $0 to Blitz Towing's budget fund.
[2018/2/13 - 12:00:16] Vehicle ID 281 (Slot ID 149) Maintainence fee cost $0 to Blitz Towing's budget fund.
[2018/2/13 - 12:00:16] Vehicle ID 291 (Slot ID 162) Maintainence fee cost $0 to Blitz Towing's budget fund.
[2018/2/13 - 12:00:16] Vehicle ID 301 (Slot ID 179) Maintainence fee cost $0 to Blitz Towing's budget fund.
[2018/2/13 - 12:00:16] Vehicle ID 303 (Slot ID 182) Maintainence fee cost $0 to Blitz Towing's budget fund.
[2018/2/13 - 12:00:16] Vehicle ID 304 (Slot ID 184) Maintainence fee cost $0 to Blitz Towing's budget fund.
[2018/2/13 - 12:00:16] Vehicle ID 305 (Slot ID 185) Maintainence fee cost $0 to Blitz Towing's budget fund.
[2018/2/13 - 12:00:16] Vehicle ID 313 (Slot ID 194) Maintainence fee cost $0 to Blitz Towing's budget fund.
[2018/2/13 - 12:00:16] Vehicle ID 330 (Slot ID 218) Maintainence fee cost $0 to Blitz Towing's budget fund.
[2018/2/13 - 12:00:16] Vehicle ID 361 (Slot ID 262) Maintainence fee cost $0 to Blitz Towing's budget fund.
[2018/2/13 - 12:00:16] Vehicle ID 390 (Slot ID 306) Maintainence fee cost $0 to Blitz Towing's budget fund.
[2018/2/13 - 12:00:16] Vehicle ID 392 (Slot ID 308) Maintainence fee cost $0 to Blitz Towing's budget fund.
[2018/2/13 - 12:00:16] Vehicle ID 394 (Slot ID 310) Maintainence fee cost $0 to Blitz Towing's budget fund.
[2018/2/13 - 12:00:16] Vehicle ID 397 (Slot ID 317) Maintainence fee cost $0 to Blitz Towing's budget fund.
[2018/2/13 - 12:00:16] Vehicle ID 405 (Slot ID 326) Maintainence fee cost $0 to Blitz Towing's budget fund.
[2018/2/13 - 12:00:16] Vehicle ID 407 (Slot ID 329) Maintainence fee cost $0 to Blitz Towing's budget fund.
[2018/2/13 - 12:00:16] Vehicle ID 409 (Slot ID 331) Maintainence fee cost $0 to Blitz Towing's budget fund.
[2018/2/13 - 12:00:16] Vehicle ID 412 (Slot ID 334) Maintainence fee cost $0 to Blitz Towing's budget fund.
[2018/2/13 - 12:00:16] Vehicle ID 430 (Slot ID 356) Maintainence fee cost $0 to Blitz Towing's budget fund.
[2018/2/13 - 12:00:16] Vehicle ID 443 (Slot ID 375) Maintainence fee cost $0 to Blitz Towing's budget fund.
[2018/2/13 - 12:04:04] Tony Steels has purchased a crate from the Ocean Docks facility costing 60,000.
[2018/2/13 - 12:04:12] Titus Styles took a vest out of the Blitz Towing locker at a cost of 1 HG Material.
[2018/2/13 - 13:00:28] The faction vault is at $1,400.
[2018/2/13 - 14:00:45] The faction vault is at $3,000.
[2018/2/13 - 15:01:04] The faction vault is at $4,400.
[2018/2/13 - 16:00:25] The faction vault is at $4,600.
[2018/2/13 - 17:00:45] The faction vault is at $4,600.
[2018/2/13 - 18:00:11] The faction vault is at $4,600.
[2018/2/13 - 19:00:31] The faction vault is at $4,600.
[2018/2/13 - 20:00:49] The faction vault is at $4,600.
[2018/2/13 - 21:00:12] The faction vault is at $4,600.
[2018/2/13 - 22:00:24] The faction vault is at $4,600.
[2018/2/13 - 23:00:26] The faction vault is at $6,000.
