[2018/1/7 - 0:00:05] The faction vault is at $5,550,867.
[2018/1/7 - 0:00:05] SA Gov Paid $100,000 to Blitz Towing budget fund.
[2018/1/7 - 0:00:05] Vehicle ID 190 (Slot ID 5) Maintainence fee cost $0 to Blitz Towing's budget fund.
[2018/1/7 - 0:00:05] Vehicle ID 213 (Slot ID 34) Maintainence fee cost $0 to Blitz Towing's budget fund.
[2018/1/7 - 0:00:05] Vehicle ID 286 (Slot ID 139) Maintainence fee cost $0 to Blitz Towing's budget fund.
[2018/1/7 - 0:00:05] Vehicle ID 295 (Slot ID 149) Maintainence fee cost $0 to Blitz Towing's budget fund.
[2018/1/7 - 0:00:05] Vehicle ID 409 (Slot ID 179) Maintainence fee cost $0 to Blitz Towing's budget fund.
[2018/1/7 - 0:00:05] Vehicle ID 319 (Slot ID 182) Maintainence fee cost $0 to Blitz Towing's budget fund.
[2018/1/7 - 0:00:05] Vehicle ID 268 (Slot ID 184) Maintainence fee cost $0 to Blitz Towing's budget fund.
[2018/1/7 - 0:00:05] Vehicle ID 322 (Slot ID 185) Maintainence fee cost $0 to Blitz Towing's budget fund.
[2018/1/7 - 0:00:05] Vehicle ID 400 (Slot ID 308) Maintainence fee cost $0 to Blitz Towing's budget fund.
[2018/1/7 - 0:00:05] Vehicle ID 370 (Slot ID 317) Maintainence fee cost $0 to Blitz Towing's budget fund.
[2018/1/7 - 0:00:05] Vehicle ID 461 (Slot ID 322) Maintainence fee cost $0 to Blitz Towing's budget fund.
[2018/1/7 - 0:00:05] Vehicle ID 259 (Slot ID 326) Maintainence fee cost $0 to Blitz Towing's budget fund.
[2018/1/7 - 0:00:05] Vehicle ID 465 (Slot ID 329) Maintainence fee cost $0 to Blitz Towing's budget fund.
[2018/1/7 - 0:00:05] Vehicle ID 229 (Slot ID 331) Maintainence fee cost $0 to Blitz Towing's budget fund.
[2018/1/7 - 0:00:05] Vehicle ID 390 (Slot ID 334) Maintainence fee cost $0 to Blitz Towing's budget fund.
[2018/1/7 - 0:00:05] Vehicle ID 402 (Slot ID 338) Maintainence fee cost $2,500 to Blitz Towing's budget fund.
[2018/1/7 - 0:00:05] Vehicle ID 406 (Slot ID 356) Maintainence fee cost $0 to Blitz Towing's budget fund.
[2018/1/7 - 0:00:05] Vehicle ID 459 (Slot ID 375) Maintainence fee cost $0 to Blitz Towing's budget fund.
[2018/1/7 - 0:00:05] Vehicle ID 439 (Slot ID 484) Maintainence fee cost $0 to Blitz Towing's budget fund.
[2018/1/7 - 0:00:05] Vehicle ID 471 (Slot ID 486) Maintainence fee cost $0 to Blitz Towing's budget fund.
[2018/1/7 - 0:00:25] Huang Ho Chaos has repaired vehicle 390 at a cost of $2,500 to Blitz Towing's budget fund.
[2018/1/7 - 0:03:32] Vehicle Slot ID 338 RTB fee cost $1250 to Blitz Towing's budget fund.
[2018/1/7 - 0:04:58] Vehicle Slot ID 375 RTB fee cost $0 to Blitz Towing's budget fund.
[2018/1/7 - 0:05:19] Vehicle Slot ID 179 RTB fee cost $0 to Blitz Towing's budget fund.
[2018/1/7 - 0:11:19] Vehicle Slot ID 5 RTB fee cost $0 to Blitz Towing's budget fund.
[2018/1/7 - 0:16:45] Vehicle Slot ID 184 RTB fee cost $0 to Blitz Towing's budget fund.
[2018/1/7 - 0:17:54] Vehicle Slot ID 338 RTB fee cost $1250 to Blitz Towing's budget fund.
[2018/1/7 - 0:21:25] Vehicle Slot ID 139 RTB fee cost $0 to Blitz Towing's budget fund.
[2018/1/7 - 0:22:31] Vehicle Slot ID 334 RTB fee cost $0 to Blitz Towing's budget fund.
[2018/1/7 - 0:25:22] Vehicle Slot ID 184 RTB fee cost $0 to Blitz Towing's budget fund.
[2018/1/7 - 0:43:40] Vehicle Slot ID 326 RTB fee cost $0 to Blitz Towing's budget fund.
[2018/1/7 - 0:54:26] Vehicle Slot ID 338 RTB fee cost $1250 to Blitz Towing's budget fund.
[2018/1/7 - 0:54:45] Vehicle Slot ID 375 RTB fee cost $0 to Blitz Towing's budget fund.
[2018/1/7 - 0:58:48] Vehicle Slot ID 356 RTB fee cost $0 to Blitz Towing's budget fund.
[2018/1/7 - 1:00:52] The faction vault is at $5,661,367.
[2018/1/7 - 1:00:52] SA Gov Paid $100,000 to Blitz Towing budget fund.
[2018/1/7 - 1:00:52] Vehicle ID 190 (Slot ID 5) Maintainence fee cost $0 to Blitz Towing's budget fund.
[2018/1/7 - 1:00:52] Vehicle ID 213 (Slot ID 34) Maintainence fee cost $0 to Blitz Towing's budget fund.
[2018/1/7 - 1:00:52] Vehicle ID 286 (Slot ID 139) Maintainence fee cost $0 to Blitz Towing's budget fund.
[2018/1/7 - 1:00:52] Vehicle ID 295 (Slot ID 149) Maintainence fee cost $0 to Blitz Towing's budget fund.
[2018/1/7 - 1:00:52] Vehicle ID 409 (Slot ID 179) Maintainence fee cost $0 to Blitz Towing's budget fund.
[2018/1/7 - 1:00:52] Vehicle ID 319 (Slot ID 182) Maintainence fee cost $0 to Blitz Towing's budget fund.
[2018/1/7 - 1:00:52] Vehicle ID 268 (Slot ID 184) Maintainence fee cost $0 to Blitz Towing's budget fund.
[2018/1/7 - 1:00:52] Vehicle ID 322 (Slot ID 185) Maintainence fee cost $0 to Blitz Towing's budget fund.
[2018/1/7 - 1:00:52] Vehicle ID 400 (Slot ID 308) Maintainence fee cost $0 to Blitz Towing's budget fund.
[2018/1/7 - 1:00:52] Vehicle ID 370 (Slot ID 317) Maintainence fee cost $0 to Blitz Towing's budget fund.
[2018/1/7 - 1:00:52] Vehicle ID 461 (Slot ID 322) Maintainence fee cost $0 to Blitz Towing's budget fund.
[2018/1/7 - 1:00:52] Vehicle ID 259 (Slot ID 326) Maintainence fee cost $0 to Blitz Towing's budget fund.
[2018/1/7 - 1:00:52] Vehicle ID 465 (Slot ID 329) Maintainence fee cost $0 to Blitz Towing's budget fund.
[2018/1/7 - 1:00:52] Vehicle ID 229 (Slot ID 331) Maintainence fee cost $0 to Blitz Towing's budget fund.
[2018/1/7 - 1:00:52] Vehicle ID 334 (Slot ID 334) Maintainence fee cost $0 to Blitz Towing's budget fund.
[2018/1/7 - 1:00:52] Vehicle ID 402 (Slot ID 338) Maintainence fee cost $2,500 to Blitz Towing's budget fund.
[2018/1/7 - 1:00:52] Vehicle ID 406 (Slot ID 356) Maintainence fee cost $0 to Blitz Towing's budget fund.
[2018/1/7 - 1:00:52] Vehicle ID 415 (Slot ID 375) Maintainence fee cost $0 to Blitz Towing's budget fund.
[2018/1/7 - 1:00:52] Vehicle ID 439 (Slot ID 484) Maintainence fee cost $0 to Blitz Towing's budget fund.
[2018/1/7 - 1:00:52] Vehicle ID 471 (Slot ID 486) Maintainence fee cost $0 to Blitz Towing's budget fund.
[2018/1/7 - 1:03:00] Vehicle Slot ID 356 RTB fee cost $0 to Blitz Towing's budget fund.
[2018/1/7 - 1:03:00] Vehicle Slot ID 356 RTB fee cost $0 to Blitz Towing's budget fund.
[2018/1/7 - 1:03:23] Vehicle Slot ID 338 RTB fee cost $1250 to Blitz Towing's budget fund.
[2018/1/7 - 1:03:26] Vehicle Slot ID 338 RTB fee cost $1250 to Blitz Towing's budget fund.
[2018/1/7 - 1:03:30] Vehicle Slot ID 338 RTB fee cost $1250 to Blitz Towing's budget fund.
[2018/1/7 - 1:03:39] Martin Powers took a vest out of the Blitz Towing locker at a cost of 1 HG Material.
[2018/1/7 - 1:03:44] Martin Powers took a vest out of the Blitz Towing locker at a cost of 1 HG Material.
[2018/1/7 - 1:03:46] Martin Powers took a med kit & vest out of the Blitz Towing locker at a cost of 1 HG Material.
[2018/1/7 - 1:14:35] Huang Ho Chaos took a vest out of the Blitz Towing locker at a cost of 1 HG Material.
[2018/1/7 - 1:14:37] Huang Ho Chaos took a med kit & vest out of the Blitz Towing locker at a cost of 1 HG Material.
[2018/1/7 - 1:20:57] Yaozu Chaos took a vest out of the Blitz Towing locker at a cost of 1 HG Material.
[2018/1/7 - 1:25:22] Martin Powers took a vest out of the Blitz Towing locker at a cost of 1 HG Material.
[2018/1/7 - 1:48:34] Vehicle Slot ID 338 RTB fee cost $1250 to Blitz Towing's budget fund.
[2018/1/7 - 1:49:07] Martin Powers took a vest out of the Blitz Towing locker at a cost of 1 HG Material.
[2018/1/7 - 1:53:31] Jake Honest has been paid $1,000 from Blitz Towing's budget.
[2018/1/7 - 2:00:45] The faction vault is at $5,756,667.
[2018/1/7 - 2:00:45] SA Gov Paid $100,000 to Blitz Towing budget fund.
[2018/1/7 - 2:00:45] Vehicle ID 190 (Slot ID 5) Maintainence fee cost $0 to Blitz Towing's budget fund.
[2018/1/7 - 2:00:45] Vehicle ID 213 (Slot ID 34) Maintainence fee cost $0 to Blitz Towing's budget fund.
[2018/1/7 - 2:00:45] Vehicle ID 286 (Slot ID 139) Maintainence fee cost $0 to Blitz Towing's budget fund.
[2018/1/7 - 2:00:45] Vehicle ID 295 (Slot ID 149) Maintainence fee cost $0 to Blitz Towing's budget fund.
[2018/1/7 - 2:00:45] Vehicle ID 409 (Slot ID 179) Maintainence fee cost $0 to Blitz Towing's budget fund.
[2018/1/7 - 2:00:45] Vehicle ID 319 (Slot ID 182) Maintainence fee cost $0 to Blitz Towing's budget fund.
[2018/1/7 - 2:00:45] Vehicle ID 268 (Slot ID 184) Maintainence fee cost $0 to Blitz Towing's budget fund.
[2018/1/7 - 2:00:45] Vehicle ID 322 (Slot ID 185) Maintainence fee cost $0 to Blitz Towing's budget fund.
[2018/1/7 - 2:00:45] Vehicle ID 400 (Slot ID 308) Maintainence fee cost $0 to Blitz Towing's budget fund.
[2018/1/7 - 2:00:45] Vehicle ID 370 (Slot ID 317) Maintainence fee cost $0 to Blitz Towing's budget fund.
[2018/1/7 - 2:00:45] Vehicle ID 461 (Slot ID 322) Maintainence fee cost $0 to Blitz Towing's budget fund.
[2018/1/7 - 2:00:45] Vehicle ID 259 (Slot ID 326) Maintainence fee cost $0 to Blitz Towing's budget fund.
[2018/1/7 - 2:00:45] Vehicle ID 465 (Slot ID 329) Maintainence fee cost $0 to Blitz Towing's budget fund.
[2018/1/7 - 2:00:45] Vehicle ID 229 (Slot ID 331) Maintainence fee cost $0 to Blitz Towing's budget fund.
[2018/1/7 - 2:00:45] Vehicle ID 334 (Slot ID 334) Maintainence fee cost $0 to Blitz Towing's budget fund.
[2018/1/7 - 2:00:45] Vehicle ID 402 (Slot ID 338) Maintainence fee cost $2,500 to Blitz Towing's budget fund.
[2018/1/7 - 2:00:45] Vehicle ID 406 (Slot ID 356) Maintainence fee cost $0 to Blitz Towing's budget fund.
[2018/1/7 - 2:00:45] Vehicle ID 415 (Slot ID 375) Maintainence fee cost $0 to Blitz Towing's budget fund.
[2018/1/7 - 2:00:45] Vehicle ID 439 (Slot ID 484) Maintainence fee cost $0 to Blitz Towing's budget fund.
[2018/1/7 - 2:00:45] Vehicle ID 471 (Slot ID 486) Maintainence fee cost $0 to Blitz Towing's budget fund.
[2018/1/7 - 2:03:43] Nick Steels has been paid $2,000 from Blitz Towing's budget.
[2018/1/7 - 2:06:17] Vehicle Slot ID 317 RTB fee cost $0 to Blitz Towing's budget fund.
[2018/1/7 - 2:12:40] Vehicle Slot ID 334 RTB fee cost $0 to Blitz Towing's budget fund.
[2018/1/7 - 2:12:44] Craft Chaos took a med kit & vest out of the Blitz Towing locker at a cost of 1 HG Material.
[2018/1/7 - 2:12:51] Craft Chaos took a vest out of the Blitz Towing locker at a cost of 1 HG Material.
[2018/1/7 - 2:12:53] Huang Ho Chaos took a vest out of the Blitz Towing locker at a cost of 1 HG Material.
[2018/1/7 - 2:15:49] Vehicle Slot ID 375 RTB fee cost $0 to Blitz Towing's budget fund.
[2018/1/7 - 2:29:23] Benedetto Urban has been paid $1,000 from Blitz Towing's budget.
[2018/1/7 - 2:30:46] Vehicle Slot ID 5 RTB fee cost $0 to Blitz Towing's budget fund.
[2018/1/7 - 2:30:46] Vehicle Slot ID 34 RTB fee cost $0 to Blitz Towing's budget fund.
[2018/1/7 - 2:30:46] Vehicle Slot ID 139 RTB fee cost $0 to Blitz Towing's budget fund.
[2018/1/7 - 2:30:46] Vehicle Slot ID 149 RTB fee cost $0 to Blitz Towing's budget fund.
[2018/1/7 - 2:30:46] Vehicle Slot ID 179 RTB fee cost $0 to Blitz Towing's budget fund.
[2018/1/7 - 2:30:46] Vehicle Slot ID 182 RTB fee cost $0 to Blitz Towing's budget fund.
[2018/1/7 - 2:30:46] Vehicle Slot ID 184 RTB fee cost $0 to Blitz Towing's budget fund.
[2018/1/7 - 2:30:46] Vehicle Slot ID 185 RTB fee cost $0 to Blitz Towing's budget fund.
[2018/1/7 - 2:30:46] Vehicle Slot ID 308 RTB fee cost $0 to Blitz Towing's budget fund.
[2018/1/7 - 2:30:46] Vehicle Slot ID 317 RTB fee cost $0 to Blitz Towing's budget fund.
[2018/1/7 - 2:30:46] Vehicle Slot ID 322 RTB fee cost $0 to Blitz Towing's budget fund.
[2018/1/7 - 2:30:46] Vehicle Slot ID 326 RTB fee cost $0 to Blitz Towing's budget fund.
[2018/1/7 - 2:30:46] Vehicle Slot ID 329 RTB fee cost $0 to Blitz Towing's budget fund.
[2018/1/7 - 2:30:46] Vehicle Slot ID 331 RTB fee cost $0 to Blitz Towing's budget fund.
[2018/1/7 - 2:30:46] Vehicle Slot ID 334 RTB fee cost $0 to Blitz Towing's budget fund.
[2018/1/7 - 2:30:46] Vehicle Slot ID 356 RTB fee cost $0 to Blitz Towing's budget fund.
[2018/1/7 - 2:30:46] Vehicle Slot ID 375 RTB fee cost $0 to Blitz Towing's budget fund.
[2018/1/7 - 2:30:46] Vehicle Slot ID 484 RTB fee cost $0 to Blitz Towing's budget fund.
[2018/1/7 - 2:30:46] Vehicle Slot ID 486 RTB fee cost $0 to Blitz Towing's budget fund.
[2018/1/7 - 2:30:50] Vehicle Slot ID 5 RTB fee cost $0 to Blitz Towing's budget fund.
[2018/1/7 - 2:30:50] Vehicle Slot ID 34 RTB fee cost $0 to Blitz Towing's budget fund.
[2018/1/7 - 2:30:50] Vehicle Slot ID 139 RTB fee cost $0 to Blitz Towing's budget fund.
[2018/1/7 - 2:30:50] Vehicle Slot ID 149 RTB fee cost $0 to Blitz Towing's budget fund.
[2018/1/7 - 2:30:50] Vehicle Slot ID 179 RTB fee cost $0 to Blitz Towing's budget fund.
[2018/1/7 - 2:30:50] Vehicle Slot ID 182 RTB fee cost $0 to Blitz Towing's budget fund.
[2018/1/7 - 2:30:50] Vehicle Slot ID 184 RTB fee cost $0 to Blitz Towing's budget fund.
[2018/1/7 - 2:30:50] Vehicle Slot ID 185 RTB fee cost $0 to Blitz Towing's budget fund.
[2018/1/7 - 2:30:50] Vehicle Slot ID 308 RTB fee cost $0 to Blitz Towing's budget fund.
[2018/1/7 - 2:30:50] Vehicle Slot ID 317 RTB fee cost $0 to Blitz Towing's budget fund.
[2018/1/7 - 2:30:50] Vehicle Slot ID 322 RTB fee cost $0 to Blitz Towing's budget fund.
[2018/1/7 - 2:30:50] Vehicle Slot ID 326 RTB fee cost $0 to Blitz Towing's budget fund.
[2018/1/7 - 2:30:50] Vehicle Slot ID 329 RTB fee cost $0 to Blitz Towing's budget fund.
[2018/1/7 - 2:30:50] Vehicle Slot ID 331 RTB fee cost $0 to Blitz Towing's budget fund.
[2018/1/7 - 2:30:50] Vehicle Slot ID 334 RTB fee cost $0 to Blitz Towing's budget fund.
[2018/1/7 - 2:30:50] Vehicle Slot ID 338 RTB fee cost $1250 to Blitz Towing's budget fund.
[2018/1/7 - 2:30:50] Vehicle Slot ID 356 RTB fee cost $0 to Blitz Towing's budget fund.
[2018/1/7 - 2:30:50] Vehicle Slot ID 375 RTB fee cost $0 to Blitz Towing's budget fund.
[2018/1/7 - 2:30:50] Vehicle Slot ID 484 RTB fee cost $0 to Blitz Towing's budget fund.
[2018/1/7 - 2:30:50] Vehicle Slot ID 486 RTB fee cost $0 to Blitz Towing's budget fund.
[2018/1/7 - 2:33:30] Yaozu Chaos took a vest out of the Blitz Towing locker at a cost of 1 HG Material.
[2018/1/7 - 3:00:33] The faction vault is at $5,855,317.
[2018/1/7 - 3:00:33] SA Gov Paid $100,000 to Blitz Towing budget fund.
[2018/1/7 - 3:00:33] Vehicle ID 190 (Slot ID 5) Maintainence fee cost $0 to Blitz Towing's budget fund.
[2018/1/7 - 3:00:33] Vehicle ID 213 (Slot ID 34) Maintainence fee cost $0 to Blitz Towing's budget fund.
[2018/1/7 - 3:00:33] Vehicle ID 286 (Slot ID 139) Maintainence fee cost $0 to Blitz Towing's budget fund.
[2018/1/7 - 3:00:33] Vehicle ID 295 (Slot ID 149) Maintainence fee cost $0 to Blitz Towing's budget fund.
[2018/1/7 - 3:00:33] Vehicle ID 409 (Slot ID 179) Maintainence fee cost $0 to Blitz Towing's budget fund.
[2018/1/7 - 3:00:33] Vehicle ID 319 (Slot ID 182) Maintainence fee cost $0 to Blitz Towing's budget fund.
[2018/1/7 - 3:00:33] Vehicle ID 268 (Slot ID 184) Maintainence fee cost $0 to Blitz Towing's budget fund.
[2018/1/7 - 3:00:33] Vehicle ID 322 (Slot ID 185) Maintainence fee cost $0 to Blitz Towing's budget fund.
[2018/1/7 - 3:00:33] Vehicle ID 400 (Slot ID 308) Maintainence fee cost $0 to Blitz Towing's budget fund.
[2018/1/7 - 3:00:33] Vehicle ID 370 (Slot ID 317) Maintainence fee cost $0 to Blitz Towing's budget fund.
[2018/1/7 - 3:00:33] Vehicle ID 461 (Slot ID 322) Maintainence fee cost $0 to Blitz Towing's budget fund.
[2018/1/7 - 3:00:33] Vehicle ID 259 (Slot ID 326) Maintainence fee cost $0 to Blitz Towing's budget fund.
[2018/1/7 - 3:00:33] Vehicle ID 465 (Slot ID 329) Maintainence fee cost $0 to Blitz Towing's budget fund.
[2018/1/7 - 3:00:33] Vehicle ID 229 (Slot ID 331) Maintainence fee cost $0 to Blitz Towing's budget fund.
[2018/1/7 - 3:00:33] Vehicle ID 334 (Slot ID 334) Maintainence fee cost $0 to Blitz Towing's budget fund.
[2018/1/7 - 3:00:33] Vehicle ID 402 (Slot ID 338) Maintainence fee cost $2,500 to Blitz Towing's budget fund.
[2018/1/7 - 3:00:33] Vehicle ID 406 (Slot ID 356) Maintainence fee cost $0 to Blitz Towing's budget fund.
[2018/1/7 - 3:00:33] Vehicle ID 415 (Slot ID 375) Maintainence fee cost $0 to Blitz Towing's budget fund.
[2018/1/7 - 3:00:33] Vehicle ID 439 (Slot ID 484) Maintainence fee cost $0 to Blitz Towing's budget fund.
[2018/1/7 - 3:00:33] Vehicle ID 471 (Slot ID 486) Maintainence fee cost $0 to Blitz Towing's budget fund.
[2018/1/7 - 3:07:39] Gunther Von Wolfe has purchased a crate from the Ocean Docks facility costing 60,000.
[2018/1/7 - 3:08:23] Gunther Von Wolfe has been paid $1,000 from Blitz Towing's budget.
[2018/1/7 - 3:09:16] Benedetto Urban took a vest out of the Blitz Towing locker at a cost of 1 HG Material.
[2018/1/7 - 3:10:46] Gunther Von Wolfe took a vest out of the Blitz Towing locker at a cost of 1 HG Material.
[2018/1/7 - 3:25:25] Tony Steels took a vest out of the Blitz Towing locker at a cost of 1 HG Material.
[2018/1/7 - 3:25:35] Tony Steels took a med kit & vest out of the Blitz Towing locker at a cost of 1 HG Material.
[2018/1/7 - 3:27:11] Tony Steels has been paid $2,000 from Blitz Towing's budget.
[2018/1/7 - 3:32:55] Benedetto Urban has been paid $1,000 from Blitz Towing's budget.
[2018/1/7 - 3:34:15] Huang Ho Chaos has repaired vehicle 268 at a cost of $2,500 to Blitz Towing's budget fund.
[2018/1/7 - 4:00:12] The faction vault is at $5,902,567.
[2018/1/7 - 4:00:12] SA Gov Paid $100,000 to Blitz Towing budget fund.
[2018/1/7 - 4:00:12] Vehicle ID 190 (Slot ID 5) Maintainence fee cost $0 to Blitz Towing's budget fund.
[2018/1/7 - 4:00:12] Vehicle ID 213 (Slot ID 34) Maintainence fee cost $0 to Blitz Towing's budget fund.
[2018/1/7 - 4:00:12] Vehicle ID 286 (Slot ID 139) Maintainence fee cost $0 to Blitz Towing's budget fund.
[2018/1/7 - 4:00:12] Vehicle ID 295 (Slot ID 149) Maintainence fee cost $0 to Blitz Towing's budget fund.
[2018/1/7 - 4:00:12] Vehicle ID 409 (Slot ID 179) Maintainence fee cost $0 to Blitz Towing's budget fund.
[2018/1/7 - 4:00:12] Vehicle ID 319 (Slot ID 182) Maintainence fee cost $0 to Blitz Towing's budget fund.
[2018/1/7 - 4:00:12] Vehicle ID 268 (Slot ID 184) Maintainence fee cost $0 to Blitz Towing's budget fund.
[2018/1/7 - 4:00:12] Vehicle ID 322 (Slot ID 185) Maintainence fee cost $0 to Blitz Towing's budget fund.
[2018/1/7 - 4:00:12] Vehicle ID 400 (Slot ID 308) Maintainence fee cost $0 to Blitz Towing's budget fund.
[2018/1/7 - 4:00:12] Vehicle ID 370 (Slot ID 317) Maintainence fee cost $0 to Blitz Towing's budget fund.
[2018/1/7 - 4:00:12] Vehicle ID 461 (Slot ID 322) Maintainence fee cost $0 to Blitz Towing's budget fund.
[2018/1/7 - 4:00:12] Vehicle ID 259 (Slot ID 326) Maintainence fee cost $0 to Blitz Towing's budget fund.
[2018/1/7 - 4:00:12] Vehicle ID 465 (Slot ID 329) Maintainence fee cost $0 to Blitz Towing's budget fund.
[2018/1/7 - 4:00:12] Vehicle ID 229 (Slot ID 331) Maintainence fee cost $0 to Blitz Towing's budget fund.
[2018/1/7 - 4:00:12] Vehicle ID 334 (Slot ID 334) Maintainence fee cost $0 to Blitz Towing's budget fund.
[2018/1/7 - 4:00:12] Vehicle ID 402 (Slot ID 338) Maintainence fee cost $2,500 to Blitz Towing's budget fund.
[2018/1/7 - 4:00:12] Vehicle ID 406 (Slot ID 356) Maintainence fee cost $0 to Blitz Towing's budget fund.
[2018/1/7 - 4:00:12] Vehicle ID 415 (Slot ID 375) Maintainence fee cost $0 to Blitz Towing's budget fund.
[2018/1/7 - 4:00:12] Vehicle ID 439 (Slot ID 484) Maintainence fee cost $0 to Blitz Towing's budget fund.
[2018/1/7 - 4:00:12] Vehicle ID 471 (Slot ID 486) Maintainence fee cost $0 to Blitz Towing's budget fund.
[2018/1/7 - 4:16:51] Kyle Matrecci has been paid $750 from Blitz Towing's budget.
[2018/1/7 - 4:37:23] Benedetto Urban has been paid $1,000 from Blitz Towing's budget.
[2018/1/7 - 4:53:55] Vehicle Slot ID 331 RTB fee cost $0 to Blitz Towing's budget fund.
[2018/1/7 - 5:00:59] The faction vault is at $6,013,077.
[2018/1/7 - 5:00:59] SA Gov Paid $100,000 to Blitz Towing budget fund.
[2018/1/7 - 5:00:59] Vehicle ID 190 (Slot ID 5) Maintainence fee cost $0 to Blitz Towing's budget fund.
[2018/1/7 - 5:00:59] Vehicle ID 213 (Slot ID 34) Maintainence fee cost $0 to Blitz Towing's budget fund.
[2018/1/7 - 5:00:59] Vehicle ID 286 (Slot ID 139) Maintainence fee cost $0 to Blitz Towing's budget fund.
[2018/1/7 - 5:00:59] Vehicle ID 295 (Slot ID 149) Maintainence fee cost $0 to Blitz Towing's budget fund.
[2018/1/7 - 5:00:59] Vehicle ID 409 (Slot ID 179) Maintainence fee cost $0 to Blitz Towing's budget fund.
[2018/1/7 - 5:00:59] Vehicle ID 319 (Slot ID 182) Maintainence fee cost $0 to Blitz Towing's budget fund.
[2018/1/7 - 5:00:59] Vehicle ID 268 (Slot ID 184) Maintainence fee cost $0 to Blitz Towing's budget fund.
[2018/1/7 - 5:00:59] Vehicle ID 322 (Slot ID 185) Maintainence fee cost $0 to Blitz Towing's budget fund.
[2018/1/7 - 5:00:59] Vehicle ID 400 (Slot ID 308) Maintainence fee cost $0 to Blitz Towing's budget fund.
[2018/1/7 - 5:00:59] Vehicle ID 370 (Slot ID 317) Maintainence fee cost $0 to Blitz Towing's budget fund.
[2018/1/7 - 5:00:59] Vehicle ID 461 (Slot ID 322) Maintainence fee cost $0 to Blitz Towing's budget fund.
[2018/1/7 - 5:00:59] Vehicle ID 259 (Slot ID 326) Maintainence fee cost $0 to Blitz Towing's budget fund.
[2018/1/7 - 5:00:59] Vehicle ID 465 (Slot ID 329) Maintainence fee cost $0 to Blitz Towing's budget fund.
[2018/1/7 - 5:00:59] Vehicle ID 229 (Slot ID 331) Maintainence fee cost $0 to Blitz Towing's budget fund.
[2018/1/7 - 5:00:59] Vehicle ID 334 (Slot ID 334) Maintainence fee cost $0 to Blitz Towing's budget fund.
[2018/1/7 - 5:00:59] Vehicle ID 402 (Slot ID 338) Maintainence fee cost $2,500 to Blitz Towing's budget fund.
[2018/1/7 - 5:00:59] Vehicle ID 406 (Slot ID 356) Maintainence fee cost $0 to Blitz Towing's budget fund.
[2018/1/7 - 5:00:59] Vehicle ID 415 (Slot ID 375) Maintainence fee cost $0 to Blitz Towing's budget fund.
[2018/1/7 - 5:00:59] Vehicle ID 439 (Slot ID 484) Maintainence fee cost $0 to Blitz Towing's budget fund.
[2018/1/7 - 5:00:59] Vehicle ID 471 (Slot ID 486) Maintainence fee cost $0 to Blitz Towing's budget fund.
[2018/1/7 - 5:09:03] Vehicle Slot ID 356 RTB fee cost $0 to Blitz Towing's budget fund.
[2018/1/7 - 5:13:40] Huang Ho Chaos took a vest out of the Blitz Towing locker at a cost of 1 HG Material.
[2018/1/7 - 5:13:41] Yaozu Chaos took a vest out of the Blitz Towing locker at a cost of 1 HG Material.
[2018/1/7 - 5:20:09] Kyle Matrecci has been paid $750 from Blitz Towing's budget.
[2018/1/7 - 6:00:46] The faction vault is at $6,117,107.
[2018/1/7 - 6:00:46] SA Gov Paid $100,000 to Blitz Towing budget fund.
[2018/1/7 - 6:00:46] Vehicle ID 190 (Slot ID 5) Maintainence fee cost $0 to Blitz Towing's budget fund.
[2018/1/7 - 6:00:46] Vehicle ID 213 (Slot ID 34) Maintainence fee cost $0 to Blitz Towing's budget fund.
[2018/1/7 - 6:00:46] Vehicle ID 286 (Slot ID 139) Maintainence fee cost $0 to Blitz Towing's budget fund.
[2018/1/7 - 6:00:46] Vehicle ID 295 (Slot ID 149) Maintainence fee cost $0 to Blitz Towing's budget fund.
[2018/1/7 - 6:00:46] Vehicle ID 409 (Slot ID 179) Maintainence fee cost $0 to Blitz Towing's budget fund.
[2018/1/7 - 6:00:46] Vehicle ID 319 (Slot ID 182) Maintainence fee cost $0 to Blitz Towing's budget fund.
[2018/1/7 - 6:00:46] Vehicle ID 268 (Slot ID 184) Maintainence fee cost $0 to Blitz Towing's budget fund.
[2018/1/7 - 6:00:46] Vehicle ID 322 (Slot ID 185) Maintainence fee cost $0 to Blitz Towing's budget fund.
[2018/1/7 - 6:00:46] Vehicle ID 400 (Slot ID 308) Maintainence fee cost $0 to Blitz Towing's budget fund.
[2018/1/7 - 6:00:46] Vehicle ID 370 (Slot ID 317) Maintainence fee cost $0 to Blitz Towing's budget fund.
[2018/1/7 - 6:00:46] Vehicle ID 461 (Slot ID 322) Maintainence fee cost $0 to Blitz Towing's budget fund.
[2018/1/7 - 6:00:46] Vehicle ID 259 (Slot ID 326) Maintainence fee cost $0 to Blitz Towing's budget fund.
[2018/1/7 - 6:00:46] Vehicle ID 465 (Slot ID 329) Maintainence fee cost $0 to Blitz Towing's budget fund.
[2018/1/7 - 6:00:46] Vehicle ID 229 (Slot ID 331) Maintainence fee cost $0 to Blitz Towing's budget fund.
[2018/1/7 - 6:00:46] Vehicle ID 334 (Slot ID 334) Maintainence fee cost $0 to Blitz Towing's budget fund.
[2018/1/7 - 6:00:46] Vehicle ID 402 (Slot ID 338) Maintainence fee cost $2,500 to Blitz Towing's budget fund.
[2018/1/7 - 6:00:46] Vehicle ID 406 (Slot ID 356) Maintainence fee cost $0 to Blitz Towing's budget fund.
[2018/1/7 - 6:00:46] Vehicle ID 415 (Slot ID 375) Maintainence fee cost $0 to Blitz Towing's budget fund.
[2018/1/7 - 6:00:46] Vehicle ID 439 (Slot ID 484) Maintainence fee cost $0 to Blitz Towing's budget fund.
[2018/1/7 - 6:00:46] Vehicle ID 471 (Slot ID 486) Maintainence fee cost $0 to Blitz Towing's budget fund.
[2018/1/7 - 7:00:34] The faction vault is at $6,219,407.
[2018/1/7 - 7:00:34] SA Gov Paid $100,000 to Blitz Towing budget fund.
[2018/1/7 - 7:00:34] Vehicle ID 190 (Slot ID 5) Maintainence fee cost $0 to Blitz Towing's budget fund.
[2018/1/7 - 7:00:34] Vehicle ID 213 (Slot ID 34) Maintainence fee cost $0 to Blitz Towing's budget fund.
[2018/1/7 - 7:00:34] Vehicle ID 286 (Slot ID 139) Maintainence fee cost $0 to Blitz Towing's budget fund.
[2018/1/7 - 7:00:34] Vehicle ID 295 (Slot ID 149) Maintainence fee cost $0 to Blitz Towing's budget fund.
[2018/1/7 - 7:00:34] Vehicle ID 409 (Slot ID 179) Maintainence fee cost $0 to Blitz Towing's budget fund.
[2018/1/7 - 7:00:34] Vehicle ID 319 (Slot ID 182) Maintainence fee cost $0 to Blitz Towing's budget fund.
[2018/1/7 - 7:00:34] Vehicle ID 268 (Slot ID 184) Maintainence fee cost $0 to Blitz Towing's budget fund.
[2018/1/7 - 7:00:34] Vehicle ID 322 (Slot ID 185) Maintainence fee cost $0 to Blitz Towing's budget fund.
[2018/1/7 - 7:00:34] Vehicle ID 400 (Slot ID 308) Maintainence fee cost $0 to Blitz Towing's budget fund.
[2018/1/7 - 7:00:34] Vehicle ID 370 (Slot ID 317) Maintainence fee cost $0 to Blitz Towing's budget fund.
[2018/1/7 - 7:00:34] Vehicle ID 461 (Slot ID 322) Maintainence fee cost $0 to Blitz Towing's budget fund.
[2018/1/7 - 7:00:34] Vehicle ID 259 (Slot ID 326) Maintainence fee cost $0 to Blitz Towing's budget fund.
[2018/1/7 - 7:00:34] Vehicle ID 465 (Slot ID 329) Maintainence fee cost $0 to Blitz Towing's budget fund.
[2018/1/7 - 7:00:34] Vehicle ID 229 (Slot ID 331) Maintainence fee cost $0 to Blitz Towing's budget fund.
[2018/1/7 - 7:00:34] Vehicle ID 334 (Slot ID 334) Maintainence fee cost $0 to Blitz Towing's budget fund.
[2018/1/7 - 7:00:34] Vehicle ID 402 (Slot ID 338) Maintainence fee cost $2,500 to Blitz Towing's budget fund.
[2018/1/7 - 7:00:34] Vehicle ID 406 (Slot ID 356) Maintainence fee cost $0 to Blitz Towing's budget fund.
[2018/1/7 - 7:00:34] Vehicle ID 415 (Slot ID 375) Maintainence fee cost $0 to Blitz Towing's budget fund.
[2018/1/7 - 7:00:34] Vehicle ID 439 (Slot ID 484) Maintainence fee cost $0 to Blitz Towing's budget fund.
[2018/1/7 - 7:00:34] Vehicle ID 471 (Slot ID 486) Maintainence fee cost $0 to Blitz Towing's budget fund.
[2018/1/7 - 8:00:24] The faction vault is at $6,320,707.
[2018/1/7 - 8:00:24] SA Gov Paid $100,000 to Blitz Towing budget fund.
[2018/1/7 - 8:00:24] Vehicle ID 190 (Slot ID 5) Maintainence fee cost $0 to Blitz Towing's budget fund.
[2018/1/7 - 8:00:24] Vehicle ID 213 (Slot ID 34) Maintainence fee cost $0 to Blitz Towing's budget fund.
[2018/1/7 - 8:00:24] Vehicle ID 286 (Slot ID 139) Maintainence fee cost $0 to Blitz Towing's budget fund.
[2018/1/7 - 8:00:24] Vehicle ID 295 (Slot ID 149) Maintainence fee cost $0 to Blitz Towing's budget fund.
[2018/1/7 - 8:00:24] Vehicle ID 409 (Slot ID 179) Maintainence fee cost $0 to Blitz Towing's budget fund.
[2018/1/7 - 8:00:24] Vehicle ID 319 (Slot ID 182) Maintainence fee cost $0 to Blitz Towing's budget fund.
[2018/1/7 - 8:00:24] Vehicle ID 268 (Slot ID 184) Maintainence fee cost $0 to Blitz Towing's budget fund.
[2018/1/7 - 8:00:24] Vehicle ID 322 (Slot ID 185) Maintainence fee cost $0 to Blitz Towing's budget fund.
[2018/1/7 - 8:00:24] Vehicle ID 400 (Slot ID 308) Maintainence fee cost $0 to Blitz Towing's budget fund.
[2018/1/7 - 8:00:24] Vehicle ID 370 (Slot ID 317) Maintainence fee cost $0 to Blitz Towing's budget fund.
[2018/1/7 - 8:00:24] Vehicle ID 461 (Slot ID 322) Maintainence fee cost $0 to Blitz Towing's budget fund.
[2018/1/7 - 8:00:24] Vehicle ID 259 (Slot ID 326) Maintainence fee cost $0 to Blitz Towing's budget fund.
[2018/1/7 - 8:00:24] Vehicle ID 465 (Slot ID 329) Maintainence fee cost $0 to Blitz Towing's budget fund.
[2018/1/7 - 8:00:24] Vehicle ID 229 (Slot ID 331) Maintainence fee cost $0 to Blitz Towing's budget fund.
[2018/1/7 - 8:00:24] Vehicle ID 334 (Slot ID 334) Maintainence fee cost $0 to Blitz Towing's budget fund.
[2018/1/7 - 8:00:24] Vehicle ID 402 (Slot ID 338) Maintainence fee cost $2,500 to Blitz Towing's budget fund.
[2018/1/7 - 8:00:24] Vehicle ID 406 (Slot ID 356) Maintainence fee cost $0 to Blitz Towing's budget fund.
[2018/1/7 - 8:00:24] Vehicle ID 415 (Slot ID 375) Maintainence fee cost $0 to Blitz Towing's budget fund.
[2018/1/7 - 8:00:24] Vehicle ID 439 (Slot ID 484) Maintainence fee cost $0 to Blitz Towing's budget fund.
[2018/1/7 - 8:00:24] Vehicle ID 471 (Slot ID 486) Maintainence fee cost $0 to Blitz Towing's budget fund.
[2018/1/7 - 8:07:59] Vehicle Slot ID 185 RTB fee cost $0 to Blitz Towing's budget fund.
[2018/1/7 - 8:13:05] Vehicle Slot ID 184 RTB fee cost $0 to Blitz Towing's budget fund.
[2018/1/7 - 9:00:13] The faction vault is at $6,420,807.
[2018/1/7 - 9:00:13] SA Gov Paid $100,000 to Blitz Towing budget fund.
[2018/1/7 - 9:00:13] Vehicle ID 190 (Slot ID 5) Maintainence fee cost $0 to Blitz Towing's budget fund.
[2018/1/7 - 9:00:13] Vehicle ID 213 (Slot ID 34) Maintainence fee cost $0 to Blitz Towing's budget fund.
[2018/1/7 - 9:00:13] Vehicle ID 286 (Slot ID 139) Maintainence fee cost $0 to Blitz Towing's budget fund.
[2018/1/7 - 9:00:13] Vehicle ID 295 (Slot ID 149) Maintainence fee cost $0 to Blitz Towing's budget fund.
[2018/1/7 - 9:00:13] Vehicle ID 409 (Slot ID 179) Maintainence fee cost $0 to Blitz Towing's budget fund.
[2018/1/7 - 9:00:13] Vehicle ID 319 (Slot ID 182) Maintainence fee cost $0 to Blitz Towing's budget fund.
[2018/1/7 - 9:00:13] Vehicle ID 268 (Slot ID 184) Maintainence fee cost $0 to Blitz Towing's budget fund.
[2018/1/7 - 9:00:13] Vehicle ID 322 (Slot ID 185) Maintainence fee cost $0 to Blitz Towing's budget fund.
[2018/1/7 - 9:00:13] Vehicle ID 400 (Slot ID 308) Maintainence fee cost $0 to Blitz Towing's budget fund.
[2018/1/7 - 9:00:13] Vehicle ID 370 (Slot ID 317) Maintainence fee cost $0 to Blitz Towing's budget fund.
[2018/1/7 - 9:00:13] Vehicle ID 461 (Slot ID 322) Maintainence fee cost $0 to Blitz Towing's budget fund.
[2018/1/7 - 9:00:13] Vehicle ID 259 (Slot ID 326) Maintainence fee cost $0 to Blitz Towing's budget fund.
[2018/1/7 - 9:00:13] Vehicle ID 465 (Slot ID 329) Maintainence fee cost $0 to Blitz Towing's budget fund.
[2018/1/7 - 9:00:13] Vehicle ID 229 (Slot ID 331) Maintainence fee cost $0 to Blitz Towing's budget fund.
[2018/1/7 - 9:00:13] Vehicle ID 334 (Slot ID 334) Maintainence fee cost $0 to Blitz Towing's budget fund.
[2018/1/7 - 9:00:13] Vehicle ID 402 (Slot ID 338) Maintainence fee cost $2,500 to Blitz Towing's budget fund.
[2018/1/7 - 9:00:13] Vehicle ID 406 (Slot ID 356) Maintainence fee cost $0 to Blitz Towing's budget fund.
[2018/1/7 - 9:00:13] Vehicle ID 415 (Slot ID 375) Maintainence fee cost $0 to Blitz Towing's budget fund.
[2018/1/7 - 9:00:13] Vehicle ID 439 (Slot ID 484) Maintainence fee cost $0 to Blitz Towing's budget fund.
[2018/1/7 - 9:00:13] Vehicle ID 471 (Slot ID 486) Maintainence fee cost $0 to Blitz Towing's budget fund.
[2018/1/7 - 10:00:04] The faction vault is at $6,523,507.
[2018/1/7 - 10:00:04] SA Gov Paid $100,000 to Blitz Towing budget fund.
[2018/1/7 - 10:00:04] Vehicle ID 190 (Slot ID 5) Maintainence fee cost $0 to Blitz Towing's budget fund.
[2018/1/7 - 10:00:04] Vehicle ID 213 (Slot ID 34) Maintainence fee cost $0 to Blitz Towing's budget fund.
[2018/1/7 - 10:00:04] Vehicle ID 286 (Slot ID 139) Maintainence fee cost $0 to Blitz Towing's budget fund.
[2018/1/7 - 10:00:04] Vehicle ID 295 (Slot ID 149) Maintainence fee cost $0 to Blitz Towing's budget fund.
[2018/1/7 - 10:00:04] Vehicle ID 409 (Slot ID 179) Maintainence fee cost $0 to Blitz Towing's budget fund.
[2018/1/7 - 10:00:04] Vehicle ID 319 (Slot ID 182) Maintainence fee cost $0 to Blitz Towing's budget fund.
[2018/1/7 - 10:00:04] Vehicle ID 268 (Slot ID 184) Maintainence fee cost $0 to Blitz Towing's budget fund.
[2018/1/7 - 10:00:04] Vehicle ID 322 (Slot ID 185) Maintainence fee cost $0 to Blitz Towing's budget fund.
[2018/1/7 - 10:00:04] Vehicle ID 400 (Slot ID 308) Maintainence fee cost $0 to Blitz Towing's budget fund.
[2018/1/7 - 10:00:04] Vehicle ID 370 (Slot ID 317) Maintainence fee cost $0 to Blitz Towing's budget fund.
[2018/1/7 - 10:00:04] Vehicle ID 461 (Slot ID 322) Maintainence fee cost $0 to Blitz Towing's budget fund.
[2018/1/7 - 10:00:04] Vehicle ID 259 (Slot ID 326) Maintainence fee cost $0 to Blitz Towing's budget fund.
[2018/1/7 - 10:00:04] Vehicle ID 465 (Slot ID 329) Maintainence fee cost $0 to Blitz Towing's budget fund.
[2018/1/7 - 10:00:04] Vehicle ID 229 (Slot ID 331) Maintainence fee cost $0 to Blitz Towing's budget fund.
[2018/1/7 - 10:00:04] Vehicle ID 334 (Slot ID 334) Maintainence fee cost $0 to Blitz Towing's budget fund.
[2018/1/7 - 10:00:04] Vehicle ID 402 (Slot ID 338) Maintainence fee cost $2,500 to Blitz Towing's budget fund.
[2018/1/7 - 10:00:04] Vehicle ID 406 (Slot ID 356) Maintainence fee cost $0 to Blitz Towing's budget fund.
[2018/1/7 - 10:00:04] Vehicle ID 415 (Slot ID 375) Maintainence fee cost $0 to Blitz Towing's budget fund.
[2018/1/7 - 10:00:04] Vehicle ID 439 (Slot ID 484) Maintainence fee cost $0 to Blitz Towing's budget fund.
[2018/1/7 - 10:00:04] Vehicle ID 471 (Slot ID 486) Maintainence fee cost $0 to Blitz Towing's budget fund.
[2018/1/7 - 11:00:58] The faction vault is at $6,628,807.
[2018/1/7 - 11:00:58] SA Gov Paid $100,000 to Blitz Towing budget fund.
[2018/1/7 - 11:00:58] Vehicle ID 190 (Slot ID 5) Maintainence fee cost $0 to Blitz Towing's budget fund.
[2018/1/7 - 11:00:58] Vehicle ID 213 (Slot ID 34) Maintainence fee cost $0 to Blitz Towing's budget fund.
[2018/1/7 - 11:00:58] Vehicle ID 286 (Slot ID 139) Maintainence fee cost $0 to Blitz Towing's budget fund.
[2018/1/7 - 11:00:58] Vehicle ID 295 (Slot ID 149) Maintainence fee cost $0 to Blitz Towing's budget fund.
[2018/1/7 - 11:00:58] Vehicle ID 409 (Slot ID 179) Maintainence fee cost $0 to Blitz Towing's budget fund.
[2018/1/7 - 11:00:58] Vehicle ID 319 (Slot ID 182) Maintainence fee cost $0 to Blitz Towing's budget fund.
[2018/1/7 - 11:00:58] Vehicle ID 268 (Slot ID 184) Maintainence fee cost $0 to Blitz Towing's budget fund.
[2018/1/7 - 11:00:58] Vehicle ID 322 (Slot ID 185) Maintainence fee cost $0 to Blitz Towing's budget fund.
[2018/1/7 - 11:00:58] Vehicle ID 400 (Slot ID 308) Maintainence fee cost $0 to Blitz Towing's budget fund.
[2018/1/7 - 11:00:58] Vehicle ID 370 (Slot ID 317) Maintainence fee cost $0 to Blitz Towing's budget fund.
[2018/1/7 - 11:00:58] Vehicle ID 461 (Slot ID 322) Maintainence fee cost $0 to Blitz Towing's budget fund.
[2018/1/7 - 11:00:58] Vehicle ID 259 (Slot ID 326) Maintainence fee cost $0 to Blitz Towing's budget fund.
[2018/1/7 - 11:00:58] Vehicle ID 465 (Slot ID 329) Maintainence fee cost $0 to Blitz Towing's budget fund.
[2018/1/7 - 11:00:58] Vehicle ID 229 (Slot ID 331) Maintainence fee cost $0 to Blitz Towing's budget fund.
[2018/1/7 - 11:00:58] Vehicle ID 334 (Slot ID 334) Maintainence fee cost $0 to Blitz Towing's budget fund.
[2018/1/7 - 11:00:58] Vehicle ID 402 (Slot ID 338) Maintainence fee cost $2,500 to Blitz Towing's budget fund.
[2018/1/7 - 11:00:58] Vehicle ID 406 (Slot ID 356) Maintainence fee cost $0 to Blitz Towing's budget fund.
[2018/1/7 - 11:00:58] Vehicle ID 415 (Slot ID 375) Maintainence fee cost $0 to Blitz Towing's budget fund.
[2018/1/7 - 11:00:58] Vehicle ID 439 (Slot ID 484) Maintainence fee cost $0 to Blitz Towing's budget fund.
[2018/1/7 - 11:00:58] Vehicle ID 471 (Slot ID 486) Maintainence fee cost $0 to Blitz Towing's budget fund.
[2018/1/7 - 11:01:27] Chris Silvetti took a vest out of the Blitz Towing locker at a cost of 1 HG Material.
[2018/1/7 - 11:06:20] Vehicle Slot ID 331 RTB fee cost $0 to Blitz Towing's budget fund.
[2018/1/7 - 11:07:20] Chris Silvetti has repaired vehicle 409 at a cost of $2,500 to Blitz Towing's budget fund.
[2018/1/7 - 11:17:00] Chris Silvetti has been paid $1,000 from Blitz Towing's budget.
[2018/1/7 - 11:24:04] Chris Silvetti has repaired vehicle 409 at a cost of $2,500 to Blitz Towing's budget fund.
[2018/1/7 - 11:42:58] Vehicle Slot ID 179 RTB fee cost $0 to Blitz Towing's budget fund.
[2018/1/7 - 11:54:17] Nick Steels took a vest out of the Blitz Towing locker at a cost of 1 HG Material.
[2018/1/7 - 11:56:11] Chris Silvetti took a med kit & vest out of the Blitz Towing locker at a cost of 1 HG Material.
[2018/1/7 - 11:56:13] Chris Silvetti took a vest out of the Blitz Towing locker at a cost of 1 HG Material.
[2018/1/7 - 12:00:45] The faction vault is at $6,728,707.
[2018/1/7 - 12:00:45] SA Gov Paid $100,000 to Blitz Towing budget fund.
[2018/1/7 - 12:00:45] Vehicle ID 190 (Slot ID 5) Maintainence fee cost $0 to Blitz Towing's budget fund.
[2018/1/7 - 12:00:45] Vehicle ID 213 (Slot ID 34) Maintainence fee cost $0 to Blitz Towing's budget fund.
[2018/1/7 - 12:00:45] Vehicle ID 286 (Slot ID 139) Maintainence fee cost $0 to Blitz Towing's budget fund.
[2018/1/7 - 12:00:45] Vehicle ID 295 (Slot ID 149) Maintainence fee cost $0 to Blitz Towing's budget fund.
[2018/1/7 - 12:00:45] Vehicle ID 409 (Slot ID 179) Maintainence fee cost $0 to Blitz Towing's budget fund.
[2018/1/7 - 12:00:45] Vehicle ID 319 (Slot ID 182) Maintainence fee cost $0 to Blitz Towing's budget fund.
[2018/1/7 - 12:00:45] Vehicle ID 268 (Slot ID 184) Maintainence fee cost $0 to Blitz Towing's budget fund.
[2018/1/7 - 12:00:45] Vehicle ID 322 (Slot ID 185) Maintainence fee cost $0 to Blitz Towing's budget fund.
[2018/1/7 - 12:00:45] Vehicle ID 400 (Slot ID 308) Maintainence fee cost $0 to Blitz Towing's budget fund.
[2018/1/7 - 12:00:45] Vehicle ID 370 (Slot ID 317) Maintainence fee cost $0 to Blitz Towing's budget fund.
[2018/1/7 - 12:00:45] Vehicle ID 461 (Slot ID 322) Maintainence fee cost $0 to Blitz Towing's budget fund.
[2018/1/7 - 12:00:45] Vehicle ID 259 (Slot ID 326) Maintainence fee cost $0 to Blitz Towing's budget fund.
[2018/1/7 - 12:00:45] Vehicle ID 465 (Slot ID 329) Maintainence fee cost $0 to Blitz Towing's budget fund.
[2018/1/7 - 12:00:45] Vehicle ID 229 (Slot ID 331) Maintainence fee cost $0 to Blitz Towing's budget fund.
[2018/1/7 - 12:00:46] Vehicle ID 334 (Slot ID 334) Maintainence fee cost $0 to Blitz Towing's budget fund.
[2018/1/7 - 12:00:46] Vehicle ID 402 (Slot ID 338) Maintainence fee cost $2,500 to Blitz Towing's budget fund.
[2018/1/7 - 12:00:46] Vehicle ID 406 (Slot ID 356) Maintainence fee cost $0 to Blitz Towing's budget fund.
[2018/1/7 - 12:00:46] Vehicle ID 415 (Slot ID 375) Maintainence fee cost $0 to Blitz Towing's budget fund.
[2018/1/7 - 12:00:46] Vehicle ID 439 (Slot ID 484) Maintainence fee cost $0 to Blitz Towing's budget fund.
[2018/1/7 - 12:00:46] Vehicle ID 471 (Slot ID 486) Maintainence fee cost $0 to Blitz Towing's budget fund.
[2018/1/7 - 12:21:53] Chris Silvetti has been paid $1,000 from Blitz Towing's budget.
[2018/1/7 - 12:39:47] Yuri Ben took a vest out of the Blitz Towing locker at a cost of 1 HG Material.
[2018/1/7 - 12:39:54] Yuri Ben took a vest out of the Blitz Towing locker at a cost of 1 HG Material.
[2018/1/7 - 12:58:07] Chris Silvetti took a vest out of the Blitz Towing locker at a cost of 1 HG Material.
[2018/1/7 - 13:00:31] The faction vault is at $6,835,207.
[2018/1/7 - 13:00:31] SA Gov Paid $100,000 to Blitz Towing budget fund.
[2018/1/7 - 13:00:31] Vehicle ID 190 (Slot ID 5) Maintainence fee cost $0 to Blitz Towing's budget fund.
[2018/1/7 - 13:00:31] Vehicle ID 213 (Slot ID 34) Maintainence fee cost $0 to Blitz Towing's budget fund.
[2018/1/7 - 13:00:31] Vehicle ID 286 (Slot ID 139) Maintainence fee cost $0 to Blitz Towing's budget fund.
[2018/1/7 - 13:00:31] Vehicle ID 295 (Slot ID 149) Maintainence fee cost $0 to Blitz Towing's budget fund.
[2018/1/7 - 13:00:31] Vehicle ID 409 (Slot ID 179) Maintainence fee cost $0 to Blitz Towing's budget fund.
[2018/1/7 - 13:00:31] Vehicle ID 319 (Slot ID 182) Maintainence fee cost $0 to Blitz Towing's budget fund.
[2018/1/7 - 13:00:31] Vehicle ID 268 (Slot ID 184) Maintainence fee cost $0 to Blitz Towing's budget fund.
[2018/1/7 - 13:00:31] Vehicle ID 322 (Slot ID 185) Maintainence fee cost $0 to Blitz Towing's budget fund.
[2018/1/7 - 13:00:31] Vehicle ID 400 (Slot ID 308) Maintainence fee cost $0 to Blitz Towing's budget fund.
[2018/1/7 - 13:00:31] Vehicle ID 370 (Slot ID 317) Maintainence fee cost $0 to Blitz Towing's budget fund.
[2018/1/7 - 13:00:31] Vehicle ID 461 (Slot ID 322) Maintainence fee cost $0 to Blitz Towing's budget fund.
[2018/1/7 - 13:00:31] Vehicle ID 259 (Slot ID 326) Maintainence fee cost $0 to Blitz Towing's budget fund.
[2018/1/7 - 13:00:31] Vehicle ID 465 (Slot ID 329) Maintainence fee cost $0 to Blitz Towing's budget fund.
[2018/1/7 - 13:00:31] Vehicle ID 229 (Slot ID 331) Maintainence fee cost $0 to Blitz Towing's budget fund.
[2018/1/7 - 13:00:31] Vehicle ID 334 (Slot ID 334) Maintainence fee cost $0 to Blitz Towing's budget fund.
[2018/1/7 - 13:00:31] Vehicle ID 402 (Slot ID 338) Maintainence fee cost $2,500 to Blitz Towing's budget fund.
[2018/1/7 - 13:00:31] Vehicle ID 406 (Slot ID 356) Maintainence fee cost $0 to Blitz Towing's budget fund.
[2018/1/7 - 13:00:31] Vehicle ID 415 (Slot ID 375) Maintainence fee cost $0 to Blitz Towing's budget fund.
[2018/1/7 - 13:00:31] Vehicle ID 439 (Slot ID 484) Maintainence fee cost $0 to Blitz Towing's budget fund.
[2018/1/7 - 13:00:31] Vehicle ID 471 (Slot ID 486) Maintainence fee cost $0 to Blitz Towing's budget fund.
[2018/1/7 - 13:16:08] Chris Silvetti has repaired vehicle 268 at a cost of $1 to Blitz Towing's budget fund.
[2018/1/7 - 13:25:28] Chris Silvetti has been paid $1,000 from Blitz Towing's budget.
[2018/1/7 - 13:41:08] Kyle Odonnell Bluman took a vest out of the Blitz Towing locker at a cost of 1 HG Material.
[2018/1/7 - 13:49:23] Chris Silvetti took a vest out of the Blitz Towing locker at a cost of 1 HG Material.
[2018/1/7 - 13:58:03] Nick Steels took a vest out of the Blitz Towing locker at a cost of 1 HG Material.
[2018/1/7 - 13:59:36] Vehicle Slot ID 331 RTB fee cost $0 to Blitz Towing's budget fund.
[2018/1/7 - 14:00:08] The faction vault is at $6,945,386.
[2018/1/7 - 14:00:08] SA Gov Paid $100,000 to Blitz Towing budget fund.
[2018/1/7 - 14:00:08] Vehicle ID 190 (Slot ID 5) Maintainence fee cost $0 to Blitz Towing's budget fund.
[2018/1/7 - 14:00:08] Vehicle ID 213 (Slot ID 34) Maintainence fee cost $0 to Blitz Towing's budget fund.
[2018/1/7 - 14:00:08] Vehicle ID 286 (Slot ID 139) Maintainence fee cost $0 to Blitz Towing's budget fund.
[2018/1/7 - 14:00:08] Vehicle ID 295 (Slot ID 149) Maintainence fee cost $0 to Blitz Towing's budget fund.
[2018/1/7 - 14:00:08] Vehicle ID 409 (Slot ID 179) Maintainence fee cost $0 to Blitz Towing's budget fund.
[2018/1/7 - 14:00:08] Vehicle ID 319 (Slot ID 182) Maintainence fee cost $0 to Blitz Towing's budget fund.
[2018/1/7 - 14:00:08] Vehicle ID 268 (Slot ID 184) Maintainence fee cost $0 to Blitz Towing's budget fund.
[2018/1/7 - 14:00:08] Vehicle ID 322 (Slot ID 185) Maintainence fee cost $0 to Blitz Towing's budget fund.
[2018/1/7 - 14:00:08] Vehicle ID 400 (Slot ID 308) Maintainence fee cost $0 to Blitz Towing's budget fund.
[2018/1/7 - 14:00:08] Vehicle ID 370 (Slot ID 317) Maintainence fee cost $0 to Blitz Towing's budget fund.
[2018/1/7 - 14:00:08] Vehicle ID 461 (Slot ID 322) Maintainence fee cost $0 to Blitz Towing's budget fund.
[2018/1/7 - 14:00:08] Vehicle ID 259 (Slot ID 326) Maintainence fee cost $0 to Blitz Towing's budget fund.
[2018/1/7 - 14:00:08] Vehicle ID 465 (Slot ID 329) Maintainence fee cost $0 to Blitz Towing's budget fund.
[2018/1/7 - 14:00:08] Vehicle ID 229 (Slot ID 331) Maintainence fee cost $0 to Blitz Towing's budget fund.
[2018/1/7 - 14:00:08] Vehicle ID 334 (Slot ID 334) Maintainence fee cost $0 to Blitz Towing's budget fund.
[2018/1/7 - 14:00:08] Vehicle ID 402 (Slot ID 338) Maintainence fee cost $2,500 to Blitz Towing's budget fund.
[2018/1/7 - 14:00:08] Vehicle ID 406 (Slot ID 356) Maintainence fee cost $0 to Blitz Towing's budget fund.
[2018/1/7 - 14:00:08] Vehicle ID 415 (Slot ID 375) Maintainence fee cost $0 to Blitz Towing's budget fund.
[2018/1/7 - 14:00:08] Vehicle ID 439 (Slot ID 484) Maintainence fee cost $0 to Blitz Towing's budget fund.
[2018/1/7 - 14:00:08] Vehicle ID 471 (Slot ID 486) Maintainence fee cost $0 to Blitz Towing's budget fund.
[2018/1/7 - 14:05:04] Kliment Barsukov has been paid $1,000 from Blitz Towing's budget.
[2018/1/7 - 14:10:44] Vehicle Slot ID 185 RTB fee cost $0 to Blitz Towing's budget fund.
[2018/1/7 - 14:22:55] Kliment Barsukov took a vest out of the Blitz Towing locker at a cost of 1 HG Material.
[2018/1/7 - 15:00:09] The faction vault is at $7,048,086.
[2018/1/7 - 15:00:09] SA Gov Paid $100,000 to Blitz Towing budget fund.
[2018/1/7 - 15:00:09] Vehicle ID 196 (Slot ID 5) Maintainence fee cost $0 to Blitz Towing's budget fund.
[2018/1/7 - 15:00:09] Vehicle ID 219 (Slot ID 34) Maintainence fee cost $0 to Blitz Towing's budget fund.
[2018/1/7 - 15:00:09] Vehicle ID 299 (Slot ID 139) Maintainence fee cost $0 to Blitz Towing's budget fund.
[2018/1/7 - 15:00:09] Vehicle ID 308 (Slot ID 149) Maintainence fee cost $0 to Blitz Towing's budget fund.
[2018/1/7 - 15:00:09] Vehicle ID 333 (Slot ID 179) Maintainence fee cost $0 to Blitz Towing's budget fund.
[2018/1/7 - 15:00:09] Vehicle ID 335 (Slot ID 182) Maintainence fee cost $0 to Blitz Towing's budget fund.
[2018/1/7 - 15:00:09] Vehicle ID 337 (Slot ID 184) Maintainence fee cost $0 to Blitz Towing's budget fund.
[2018/1/7 - 15:00:09] Vehicle ID 0 (Slot ID 185) Maintainence fee cost $0 to Blitz Towing's budget fund.
[2018/1/7 - 15:00:09] Vehicle ID 419 (Slot ID 308) Maintainence fee cost $0 to Blitz Towing's budget fund.
[2018/1/7 - 15:00:09] Vehicle ID 423 (Slot ID 317) Maintainence fee cost $0 to Blitz Towing's budget fund.
[2018/1/7 - 15:00:09] Vehicle ID 0 (Slot ID 322) Maintainence fee cost $0 to Blitz Towing's budget fund.
[2018/1/7 - 15:00:09] Vehicle ID 0 (Slot ID 326) Maintainence fee cost $0 to Blitz Towing's budget fund.
[2018/1/7 - 15:00:09] Vehicle ID 0 (Slot ID 329) Maintainence fee cost $0 to Blitz Towing's budget fund.
[2018/1/7 - 15:00:09] Vehicle ID 424 (Slot ID 331) Maintainence fee cost $0 to Blitz Towing's budget fund.
[2018/1/7 - 15:00:09] Vehicle ID 425 (Slot ID 334) Maintainence fee cost $0 to Blitz Towing's budget fund.
[2018/1/7 - 15:00:09] Vehicle ID 0 (Slot ID 338) Maintainence fee cost $2,500 to Blitz Towing's budget fund.
[2018/1/7 - 15:00:09] Vehicle ID 0 (Slot ID 356) Maintainence fee cost $0 to Blitz Towing's budget fund.
[2018/1/7 - 15:00:09] Vehicle ID 0 (Slot ID 375) Maintainence fee cost $0 to Blitz Towing's budget fund.
[2018/1/7 - 15:00:09] Vehicle ID 0 (Slot ID 484) Maintainence fee cost $0 to Blitz Towing's budget fund.
[2018/1/7 - 15:00:09] Vehicle ID 0 (Slot ID 486) Maintainence fee cost $0 to Blitz Towing's budget fund.
[2018/1/7 - 15:32:10] Kliment Barsukov took a vest out of the Blitz Towing locker at a cost of 1 HG Material.
[2018/1/7 - 15:32:24] Kliment Barsukov took a vest out of the Blitz Towing locker at a cost of 1 HG Material.
[2018/1/7 - 15:38:57] Kliment Barsukov has been paid $1,000 from Blitz Towing's budget.
[2018/1/7 - 15:58:57] Chris Silvetti has been paid $1,000 from Blitz Towing's budget.
[2018/1/7 - 16:00:33] The faction vault is at $7,161,016.
[2018/1/7 - 16:00:33] SA Gov Paid $100,000 to Blitz Towing budget fund.
[2018/1/7 - 16:00:33] Vehicle ID 196 (Slot ID 5) Maintainence fee cost $0 to Blitz Towing's budget fund.
[2018/1/7 - 16:00:33] Vehicle ID 219 (Slot ID 34) Maintainence fee cost $0 to Blitz Towing's budget fund.
[2018/1/7 - 16:00:33] Vehicle ID 299 (Slot ID 139) Maintainence fee cost $0 to Blitz Towing's budget fund.
[2018/1/7 - 16:00:33] Vehicle ID 308 (Slot ID 149) Maintainence fee cost $0 to Blitz Towing's budget fund.
[2018/1/7 - 16:00:33] Vehicle ID 333 (Slot ID 179) Maintainence fee cost $0 to Blitz Towing's budget fund.
[2018/1/7 - 16:00:33] Vehicle ID 335 (Slot ID 182) Maintainence fee cost $0 to Blitz Towing's budget fund.
[2018/1/7 - 16:00:33] Vehicle ID 337 (Slot ID 184) Maintainence fee cost $0 to Blitz Towing's budget fund.
[2018/1/7 - 16:00:33] Vehicle ID 0 (Slot ID 185) Maintainence fee cost $0 to Blitz Towing's budget fund.
[2018/1/7 - 16:00:33] Vehicle ID 419 (Slot ID 308) Maintainence fee cost $0 to Blitz Towing's budget fund.
[2018/1/7 - 16:00:33] Vehicle ID 423 (Slot ID 317) Maintainence fee cost $0 to Blitz Towing's budget fund.
[2018/1/7 - 16:00:33] Vehicle ID 0 (Slot ID 322) Maintainence fee cost $0 to Blitz Towing's budget fund.
[2018/1/7 - 16:00:33] Vehicle ID 0 (Slot ID 326) Maintainence fee cost $0 to Blitz Towing's budget fund.
[2018/1/7 - 16:00:33] Vehicle ID 0 (Slot ID 329) Maintainence fee cost $0 to Blitz Towing's budget fund.
[2018/1/7 - 16:00:33] Vehicle ID 424 (Slot ID 331) Maintainence fee cost $0 to Blitz Towing's budget fund.
[2018/1/7 - 16:00:33] Vehicle ID 425 (Slot ID 334) Maintainence fee cost $0 to Blitz Towing's budget fund.
[2018/1/7 - 16:00:33] Vehicle ID 0 (Slot ID 338) Maintainence fee cost $2,500 to Blitz Towing's budget fund.
[2018/1/7 - 16:00:33] Vehicle ID 0 (Slot ID 356) Maintainence fee cost $0 to Blitz Towing's budget fund.
[2018/1/7 - 16:00:33] Vehicle ID 0 (Slot ID 375) Maintainence fee cost $0 to Blitz Towing's budget fund.
[2018/1/7 - 16:00:33] Vehicle ID 0 (Slot ID 484) Maintainence fee cost $0 to Blitz Towing's budget fund.
[2018/1/7 - 16:00:33] Vehicle ID 0 (Slot ID 486) Maintainence fee cost $0 to Blitz Towing's budget fund.
[2018/1/7 - 16:03:42] Martin Powers took a vest out of the Blitz Towing locker at a cost of 1 HG Material.
[2018/1/7 - 16:04:23] Kyle Odonnell Bluman took a vest out of the Blitz Towing locker at a cost of 1 HG Material.
[2018/1/7 - 16:06:31] Martin Powers took a vest out of the Blitz Towing locker at a cost of 1 HG Material.
[2018/1/7 - 16:13:10] Huang Ho Chaos took a med kit & vest out of the Blitz Towing locker at a cost of 1 HG Material.
[2018/1/7 - 16:19:33] Chris Silvetti took a vest out of the Blitz Towing locker at a cost of 1 HG Material.
[2018/1/7 - 16:19:35] Chris Silvetti took a med kit & vest out of the Blitz Towing locker at a cost of 1 HG Material.
[2018/1/7 - 16:35:38] Zac Ho Atac took a vest out of the Blitz Towing locker at a cost of 1 HG Material.
[2018/1/7 - 16:35:40] Zac Ho Atac took a med kit & vest out of the Blitz Towing locker at a cost of 1 HG Material.
[2018/1/7 - 16:36:20] Larry Wooden Bear took a vest out of the Blitz Towing locker at a cost of 1 HG Material.
[2018/1/7 - 16:53:39] Vehicle Slot ID 184 RTB fee cost $0 to Blitz Towing's budget fund.
[2018/1/7 - 17:00:08] The faction vault is at $7,265,316.
[2018/1/7 - 17:00:08] SA Gov Paid $100,000 to Blitz Towing budget fund.
[2018/1/7 - 17:00:08] Vehicle ID 196 (Slot ID 5) Maintainence fee cost $0 to Blitz Towing's budget fund.
[2018/1/7 - 17:00:08] Vehicle ID 219 (Slot ID 34) Maintainence fee cost $0 to Blitz Towing's budget fund.
[2018/1/7 - 17:00:08] Vehicle ID 299 (Slot ID 139) Maintainence fee cost $0 to Blitz Towing's budget fund.
[2018/1/7 - 17:00:08] Vehicle ID 308 (Slot ID 149) Maintainence fee cost $0 to Blitz Towing's budget fund.
[2018/1/7 - 17:00:08] Vehicle ID 333 (Slot ID 179) Maintainence fee cost $0 to Blitz Towing's budget fund.
[2018/1/7 - 17:00:08] Vehicle ID 335 (Slot ID 182) Maintainence fee cost $0 to Blitz Towing's budget fund.
[2018/1/7 - 17:00:08] Vehicle ID 337 (Slot ID 184) Maintainence fee cost $0 to Blitz Towing's budget fund.
[2018/1/7 - 17:00:08] Vehicle ID 0 (Slot ID 185) Maintainence fee cost $0 to Blitz Towing's budget fund.
[2018/1/7 - 17:00:08] Vehicle ID 419 (Slot ID 308) Maintainence fee cost $0 to Blitz Towing's budget fund.
[2018/1/7 - 17:00:08] Vehicle ID 423 (Slot ID 317) Maintainence fee cost $0 to Blitz Towing's budget fund.
[2018/1/7 - 17:00:08] Vehicle ID 0 (Slot ID 322) Maintainence fee cost $0 to Blitz Towing's budget fund.
[2018/1/7 - 17:00:08] Vehicle ID 0 (Slot ID 326) Maintainence fee cost $0 to Blitz Towing's budget fund.
[2018/1/7 - 17:00:08] Vehicle ID 0 (Slot ID 329) Maintainence fee cost $0 to Blitz Towing's budget fund.
[2018/1/7 - 17:00:08] Vehicle ID 424 (Slot ID 331) Maintainence fee cost $0 to Blitz Towing's budget fund.
[2018/1/7 - 17:00:08] Vehicle ID 425 (Slot ID 334) Maintainence fee cost $0 to Blitz Towing's budget fund.
[2018/1/7 - 17:00:08] Vehicle ID 0 (Slot ID 338) Maintainence fee cost $2,500 to Blitz Towing's budget fund.
[2018/1/7 - 17:00:08] Vehicle ID 0 (Slot ID 356) Maintainence fee cost $0 to Blitz Towing's budget fund.
[2018/1/7 - 17:00:08] Vehicle ID 0 (Slot ID 375) Maintainence fee cost $0 to Blitz Towing's budget fund.
[2018/1/7 - 17:00:08] Vehicle ID 0 (Slot ID 484) Maintainence fee cost $0 to Blitz Towing's budget fund.
[2018/1/7 - 17:00:08] Vehicle ID 0 (Slot ID 486) Maintainence fee cost $0 to Blitz Towing's budget fund.
[2018/1/7 - 17:07:21] Yuri Ben has been paid $2,000 from Blitz Towing's budget.
[2018/1/7 - 17:12:50] Benedetto Urban has been paid $1,000 from Blitz Towing's budget.
[2018/1/7 - 17:24:50] Vehicle Slot ID 334 RTB fee cost $0 to Blitz Towing's budget fund.
[2018/1/7 - 17:27:29] Yaozu Chaos took a vest out of the Blitz Towing locker at a cost of 1 HG Material.
[2018/1/7 - 17:38:50] Yaozu Chaos took a vest out of the Blitz Towing locker at a cost of 1 HG Material.
[2018/1/7 - 17:38:53] Larry Wooden Bear took a vest out of the Blitz Towing locker at a cost of 1 HG Material.
[2018/1/7 - 17:39:28] Larry Wooden Bear took a vest out of the Blitz Towing locker at a cost of 1 HG Material.
[2018/1/7 - 17:39:45] Yaozu Chaos took a vest out of the Blitz Towing locker at a cost of 1 HG Material.
[2018/1/7 - 17:40:22] Yaozu Chaos took a vest out of the Blitz Towing locker at a cost of 1 HG Material.
[2018/1/7 - 17:40:25] Larry Wooden Bear took a vest out of the Blitz Towing locker at a cost of 1 HG Material.
[2018/1/7 - 17:40:56] Yaozu Chaos took a vest out of the Blitz Towing locker at a cost of 1 HG Material.
[2018/1/7 - 17:40:56] Larry Wooden Bear took a vest out of the Blitz Towing locker at a cost of 1 HG Material.
[2018/1/7 - 17:41:20] Yaozu Chaos took a vest out of the Blitz Towing locker at a cost of 1 HG Material.
[2018/1/7 - 17:41:23] Larry Wooden Bear took a vest out of the Blitz Towing locker at a cost of 1 HG Material.
[2018/1/7 - 17:41:48] Yaozu Chaos took a vest out of the Blitz Towing locker at a cost of 1 HG Material.
[2018/1/7 - 17:41:53] Larry Wooden Bear took a vest out of the Blitz Towing locker at a cost of 1 HG Material.
[2018/1/7 - 17:42:38] Yaozu Chaos took a vest out of the Blitz Towing locker at a cost of 1 HG Material.
[2018/1/7 - 17:45:16] Larry Wooden Bear took a vest out of the Blitz Towing locker at a cost of 1 HG Material.
[2018/1/7 - 17:47:39] Yaozu Chaos took a vest out of the Blitz Towing locker at a cost of 1 HG Material.
[2018/1/7 - 18:00:41] The faction vault is at $7,416,056.
[2018/1/7 - 18:00:41] SA Gov Paid $100,000 to Blitz Towing budget fund.
[2018/1/7 - 18:00:41] Vehicle ID 196 (Slot ID 5) Maintainence fee cost $0 to Blitz Towing's budget fund.
[2018/1/7 - 18:00:41] Vehicle ID 219 (Slot ID 34) Maintainence fee cost $0 to Blitz Towing's budget fund.
[2018/1/7 - 18:00:41] Vehicle ID 299 (Slot ID 139) Maintainence fee cost $0 to Blitz Towing's budget fund.
[2018/1/7 - 18:00:41] Vehicle ID 308 (Slot ID 149) Maintainence fee cost $0 to Blitz Towing's budget fund.
[2018/1/7 - 18:00:41] Vehicle ID 333 (Slot ID 179) Maintainence fee cost $0 to Blitz Towing's budget fund.
[2018/1/7 - 18:00:41] Vehicle ID 335 (Slot ID 182) Maintainence fee cost $0 to Blitz Towing's budget fund.
[2018/1/7 - 18:00:41] Vehicle ID 337 (Slot ID 184) Maintainence fee cost $0 to Blitz Towing's budget fund.
[2018/1/7 - 18:00:41] Vehicle ID 0 (Slot ID 185) Maintainence fee cost $0 to Blitz Towing's budget fund.
[2018/1/7 - 18:00:41] Vehicle ID 419 (Slot ID 308) Maintainence fee cost $0 to Blitz Towing's budget fund.
[2018/1/7 - 18:00:41] Vehicle ID 423 (Slot ID 317) Maintainence fee cost $0 to Blitz Towing's budget fund.
[2018/1/7 - 18:00:41] Vehicle ID 0 (Slot ID 322) Maintainence fee cost $0 to Blitz Towing's budget fund.
[2018/1/7 - 18:00:41] Vehicle ID 0 (Slot ID 326) Maintainence fee cost $0 to Blitz Towing's budget fund.
[2018/1/7 - 18:00:41] Vehicle ID 0 (Slot ID 329) Maintainence fee cost $0 to Blitz Towing's budget fund.
[2018/1/7 - 18:00:41] Vehicle ID 424 (Slot ID 331) Maintainence fee cost $0 to Blitz Towing's budget fund.
[2018/1/7 - 18:00:41] Vehicle ID 425 (Slot ID 334) Maintainence fee cost $0 to Blitz Towing's budget fund.
[2018/1/7 - 18:00:41] Vehicle ID 0 (Slot ID 338) Maintainence fee cost $2,500 to Blitz Towing's budget fund.
[2018/1/7 - 18:00:41] Vehicle ID 0 (Slot ID 356) Maintainence fee cost $0 to Blitz Towing's budget fund.
[2018/1/7 - 18:00:41] Vehicle ID 0 (Slot ID 375) Maintainence fee cost $0 to Blitz Towing's budget fund.
[2018/1/7 - 18:00:41] Vehicle ID 0 (Slot ID 484) Maintainence fee cost $0 to Blitz Towing's budget fund.
[2018/1/7 - 18:00:41] Vehicle ID 0 (Slot ID 486) Maintainence fee cost $0 to Blitz Towing's budget fund.
[2018/1/7 - 18:11:36] Yuri Ben has been paid $2,000 from Blitz Towing's budget.
[2018/1/7 - 18:30:49] Benedetto Urban took a vest out of the Blitz Towing locker at a cost of 1 HG Material.
[2018/1/7 - 18:52:22] Vehicle Slot ID 317 RTB fee cost $0 to Blitz Towing's budget fund.
[2018/1/7 - 19:00:02] Benedetto Urban has been paid $1,000 from Blitz Towing's budget.
[2018/1/7 - 19:00:11] The faction vault is at $7,518,156.
[2018/1/7 - 19:00:11] SA Gov Paid $100,000 to Blitz Towing budget fund.
[2018/1/7 - 19:00:11] Vehicle ID 196 (Slot ID 5) Maintainence fee cost $0 to Blitz Towing's budget fund.
[2018/1/7 - 19:00:11] Vehicle ID 219 (Slot ID 34) Maintainence fee cost $0 to Blitz Towing's budget fund.
[2018/1/7 - 19:00:11] Vehicle ID 299 (Slot ID 139) Maintainence fee cost $0 to Blitz Towing's budget fund.
[2018/1/7 - 19:00:11] Vehicle ID 308 (Slot ID 149) Maintainence fee cost $0 to Blitz Towing's budget fund.
[2018/1/7 - 19:00:11] Vehicle ID 333 (Slot ID 179) Maintainence fee cost $0 to Blitz Towing's budget fund.
[2018/1/7 - 19:00:11] Vehicle ID 335 (Slot ID 182) Maintainence fee cost $0 to Blitz Towing's budget fund.
[2018/1/7 - 19:00:11] Vehicle ID 337 (Slot ID 184) Maintainence fee cost $0 to Blitz Towing's budget fund.
[2018/1/7 - 19:00:11] Vehicle ID 0 (Slot ID 185) Maintainence fee cost $0 to Blitz Towing's budget fund.
[2018/1/7 - 19:00:11] Vehicle ID 419 (Slot ID 308) Maintainence fee cost $0 to Blitz Towing's budget fund.
[2018/1/7 - 19:00:11] Vehicle ID 423 (Slot ID 317) Maintainence fee cost $0 to Blitz Towing's budget fund.
[2018/1/7 - 19:00:11] Vehicle ID 0 (Slot ID 322) Maintainence fee cost $0 to Blitz Towing's budget fund.
[2018/1/7 - 19:00:11] Vehicle ID 0 (Slot ID 326) Maintainence fee cost $0 to Blitz Towing's budget fund.
[2018/1/7 - 19:00:11] Vehicle ID 0 (Slot ID 329) Maintainence fee cost $0 to Blitz Towing's budget fund.
[2018/1/7 - 19:00:11] Vehicle ID 424 (Slot ID 331) Maintainence fee cost $0 to Blitz Towing's budget fund.
[2018/1/7 - 19:00:11] Vehicle ID 425 (Slot ID 334) Maintainence fee cost $0 to Blitz Towing's budget fund.
[2018/1/7 - 19:00:11] Vehicle ID 0 (Slot ID 338) Maintainence fee cost $2,500 to Blitz Towing's budget fund.
[2018/1/7 - 19:00:11] Vehicle ID 0 (Slot ID 356) Maintainence fee cost $0 to Blitz Towing's budget fund.
[2018/1/7 - 19:00:11] Vehicle ID 0 (Slot ID 375) Maintainence fee cost $0 to Blitz Towing's budget fund.
[2018/1/7 - 19:00:11] Vehicle ID 0 (Slot ID 484) Maintainence fee cost $0 to Blitz Towing's budget fund.
[2018/1/7 - 19:00:11] Vehicle ID 0 (Slot ID 486) Maintainence fee cost $0 to Blitz Towing's budget fund.
[2018/1/7 - 19:15:02] Yuri Ben has been paid $2,000 from Blitz Towing's budget.
[2018/1/7 - 19:26:39] Titus Styles took a vest out of the Blitz Towing locker at a cost of 1 HG Material.
[2018/1/7 - 19:31:15] Vehicle Slot ID 139 RTB fee cost $0 to Blitz Towing's budget fund.
[2018/1/7 - 19:33:00] Titus Styles has been paid $2,000 from Blitz Towing's budget.
[2018/1/7 - 19:41:22] Zac Ho Atac has repaired vehicle 425 at a cost of $1 to Blitz Towing's budget fund.
[2018/1/7 - 19:47:46] Vehicle Slot ID 317 RTB fee cost $0 to Blitz Towing's budget fund.
[2018/1/7 - 20:00:48] The faction vault is at $7,619,055.
[2018/1/7 - 20:00:48] SA Gov Paid $100,000 to Blitz Towing budget fund.
[2018/1/7 - 20:00:48] Vehicle ID 196 (Slot ID 5) Maintainence fee cost $0 to Blitz Towing's budget fund.
[2018/1/7 - 20:00:48] Vehicle ID 219 (Slot ID 34) Maintainence fee cost $0 to Blitz Towing's budget fund.
[2018/1/7 - 20:00:48] Vehicle ID 299 (Slot ID 139) Maintainence fee cost $0 to Blitz Towing's budget fund.
[2018/1/7 - 20:00:48] Vehicle ID 308 (Slot ID 149) Maintainence fee cost $0 to Blitz Towing's budget fund.
[2018/1/7 - 20:00:48] Vehicle ID 333 (Slot ID 179) Maintainence fee cost $0 to Blitz Towing's budget fund.
[2018/1/7 - 20:00:48] Vehicle ID 335 (Slot ID 182) Maintainence fee cost $0 to Blitz Towing's budget fund.
[2018/1/7 - 20:00:48] Vehicle ID 337 (Slot ID 184) Maintainence fee cost $0 to Blitz Towing's budget fund.
[2018/1/7 - 20:00:48] Vehicle ID 0 (Slot ID 185) Maintainence fee cost $0 to Blitz Towing's budget fund.
[2018/1/7 - 20:00:48] Vehicle ID 419 (Slot ID 308) Maintainence fee cost $0 to Blitz Towing's budget fund.
[2018/1/7 - 20:00:48] Vehicle ID 423 (Slot ID 317) Maintainence fee cost $0 to Blitz Towing's budget fund.
[2018/1/7 - 20:00:48] Vehicle ID 0 (Slot ID 322) Maintainence fee cost $0 to Blitz Towing's budget fund.
[2018/1/7 - 20:00:48] Vehicle ID 0 (Slot ID 326) Maintainence fee cost $0 to Blitz Towing's budget fund.
[2018/1/7 - 20:00:48] Vehicle ID 0 (Slot ID 329) Maintainence fee cost $0 to Blitz Towing's budget fund.
[2018/1/7 - 20:00:48] Vehicle ID 424 (Slot ID 331) Maintainence fee cost $0 to Blitz Towing's budget fund.
[2018/1/7 - 20:00:48] Vehicle ID 425 (Slot ID 334) Maintainence fee cost $0 to Blitz Towing's budget fund.
[2018/1/7 - 20:00:48] Vehicle ID 0 (Slot ID 338) Maintainence fee cost $2,500 to Blitz Towing's budget fund.
[2018/1/7 - 20:00:48] Vehicle ID 0 (Slot ID 356) Maintainence fee cost $0 to Blitz Towing's budget fund.
[2018/1/7 - 20:00:48] Vehicle ID 0 (Slot ID 375) Maintainence fee cost $0 to Blitz Towing's budget fund.
[2018/1/7 - 20:00:48] Vehicle ID 0 (Slot ID 484) Maintainence fee cost $0 to Blitz Towing's budget fund.
[2018/1/7 - 20:00:48] Vehicle ID 0 (Slot ID 486) Maintainence fee cost $0 to Blitz Towing's budget fund.
[2018/1/7 - 20:06:57] Vehicle Slot ID 34 RTB fee cost $0 to Blitz Towing's budget fund.
[2018/1/7 - 20:41:38] Zac Ho Atac took a vest out of the Blitz Towing locker at a cost of 1 HG Material.
[2018/1/7 - 20:43:26] Zac Ho Atac took a vest out of the Blitz Towing locker at a cost of 1 HG Material.
[2018/1/7 - 20:50:04] Gunther Von Wolfe has been paid $1,000 from Blitz Towing's budget.
[2018/1/7 - 21:00:23] The faction vault is at $7,753,285.
[2018/1/7 - 21:00:23] SA Gov Paid $100,000 to Blitz Towing budget fund.
[2018/1/7 - 21:00:23] Vehicle ID 196 (Slot ID 5) Maintainence fee cost $0 to Blitz Towing's budget fund.
[2018/1/7 - 21:00:23] Vehicle ID 219 (Slot ID 34) Maintainence fee cost $0 to Blitz Towing's budget fund.
[2018/1/7 - 21:00:23] Vehicle ID 299 (Slot ID 139) Maintainence fee cost $0 to Blitz Towing's budget fund.
[2018/1/7 - 21:00:23] Vehicle ID 308 (Slot ID 149) Maintainence fee cost $0 to Blitz Towing's budget fund.
[2018/1/7 - 21:00:23] Vehicle ID 333 (Slot ID 179) Maintainence fee cost $0 to Blitz Towing's budget fund.
[2018/1/7 - 21:00:23] Vehicle ID 335 (Slot ID 182) Maintainence fee cost $0 to Blitz Towing's budget fund.
[2018/1/7 - 21:00:23] Vehicle ID 337 (Slot ID 184) Maintainence fee cost $0 to Blitz Towing's budget fund.
[2018/1/7 - 21:00:23] Vehicle ID 0 (Slot ID 185) Maintainence fee cost $0 to Blitz Towing's budget fund.
[2018/1/7 - 21:00:23] Vehicle ID 419 (Slot ID 308) Maintainence fee cost $0 to Blitz Towing's budget fund.
[2018/1/7 - 21:00:23] Vehicle ID 423 (Slot ID 317) Maintainence fee cost $0 to Blitz Towing's budget fund.
[2018/1/7 - 21:00:23] Vehicle ID 0 (Slot ID 322) Maintainence fee cost $0 to Blitz Towing's budget fund.
[2018/1/7 - 21:00:23] Vehicle ID 0 (Slot ID 326) Maintainence fee cost $0 to Blitz Towing's budget fund.
[2018/1/7 - 21:00:23] Vehicle ID 0 (Slot ID 329) Maintainence fee cost $0 to Blitz Towing's budget fund.
[2018/1/7 - 21:00:23] Vehicle ID 424 (Slot ID 331) Maintainence fee cost $0 to Blitz Towing's budget fund.
[2018/1/7 - 21:00:23] Vehicle ID 425 (Slot ID 334) Maintainence fee cost $0 to Blitz Towing's budget fund.
[2018/1/7 - 21:00:23] Vehicle ID 0 (Slot ID 338) Maintainence fee cost $2,500 to Blitz Towing's budget fund.
[2018/1/7 - 21:00:23] Vehicle ID 0 (Slot ID 356) Maintainence fee cost $0 to Blitz Towing's budget fund.
[2018/1/7 - 21:00:23] Vehicle ID 0 (Slot ID 375) Maintainence fee cost $0 to Blitz Towing's budget fund.
[2018/1/7 - 21:00:23] Vehicle ID 0 (Slot ID 484) Maintainence fee cost $0 to Blitz Towing's budget fund.
[2018/1/7 - 21:00:23] Vehicle ID 0 (Slot ID 486) Maintainence fee cost $0 to Blitz Towing's budget fund.
[2018/1/7 - 21:10:47] Kliment Barsukov took a vest out of the Blitz Towing locker at a cost of 1 HG Material.
[2018/1/7 - 21:10:48] Gunther Von Wolfe took a vest out of the Blitz Towing locker at a cost of 1 HG Material.
[2018/1/7 - 21:10:51] Martin Powers took a vest out of the Blitz Towing locker at a cost of 1 HG Material.
[2018/1/7 - 21:15:53] Tony Steels took a vest out of the Blitz Towing locker at a cost of 1 HG Material.
[2018/1/7 - 21:20:00] Vehicle Slot ID 184 RTB fee cost $0 to Blitz Towing's budget fund.
[2018/1/7 - 21:29:59] Gunther Von Wolfe took a vest out of the Blitz Towing locker at a cost of 1 HG Material.
[2018/1/7 - 21:30:45] Zac Ho Atac took a vest out of the Blitz Towing locker at a cost of 1 HG Material.
[2018/1/7 - 21:30:54] Kliment Barsukov took a vest out of the Blitz Towing locker at a cost of 1 HG Material.
[2018/1/7 - 21:31:08] Kliment Barsukov took a vest out of the Blitz Towing locker at a cost of 1 HG Material.
[2018/1/7 - 21:32:03] Berenice Flowers took a vest out of the Blitz Towing locker at a cost of 1 HG Material.
[2018/1/7 - 21:34:22] Titus Styles has repaired vehicle 423 at a cost of $2,500 to Blitz Towing's budget fund.
[2018/1/7 - 21:36:37] Titus Styles has repaired vehicle 423 at a cost of $2,500 to Blitz Towing's budget fund.
[2018/1/7 - 21:41:16] Kliment Barsukov has been paid $1,000 from Blitz Towing's budget.
[2018/1/7 - 21:44:21] Vehicle Slot ID 317 RTB fee cost $0 to Blitz Towing's budget fund.
[2018/1/7 - 21:47:51] Huang Ho Chaos took a vest out of the Blitz Towing locker at a cost of 1 HG Material.
[2018/1/7 - 21:52:42] Titus Styles has been paid $2,000 from Blitz Towing's budget.
[2018/1/7 - 21:58:06] Gunther Von Wolfe has been paid $1,000 from Blitz Towing's budget.
[2018/1/7 - 22:00:03] The faction vault is at $7,972,145.
[2018/1/7 - 22:00:03] SA Gov Paid $100,000 to Blitz Towing budget fund.
[2018/1/7 - 22:00:03] Vehicle ID 196 (Slot ID 5) Maintainence fee cost $0 to Blitz Towing's budget fund.
[2018/1/7 - 22:00:03] Vehicle ID 219 (Slot ID 34) Maintainence fee cost $0 to Blitz Towing's budget fund.
[2018/1/7 - 22:00:03] Vehicle ID 299 (Slot ID 139) Maintainence fee cost $0 to Blitz Towing's budget fund.
[2018/1/7 - 22:00:03] Vehicle ID 308 (Slot ID 149) Maintainence fee cost $0 to Blitz Towing's budget fund.
[2018/1/7 - 22:00:03] Vehicle ID 333 (Slot ID 179) Maintainence fee cost $0 to Blitz Towing's budget fund.
[2018/1/7 - 22:00:03] Vehicle ID 335 (Slot ID 182) Maintainence fee cost $0 to Blitz Towing's budget fund.
[2018/1/7 - 22:00:03] Vehicle ID 337 (Slot ID 184) Maintainence fee cost $0 to Blitz Towing's budget fund.
[2018/1/7 - 22:00:03] Vehicle ID 0 (Slot ID 185) Maintainence fee cost $0 to Blitz Towing's budget fund.
[2018/1/7 - 22:00:03] Vehicle ID 419 (Slot ID 308) Maintainence fee cost $0 to Blitz Towing's budget fund.
[2018/1/7 - 22:00:03] Vehicle ID 423 (Slot ID 317) Maintainence fee cost $0 to Blitz Towing's budget fund.
[2018/1/7 - 22:00:03] Vehicle ID 0 (Slot ID 322) Maintainence fee cost $0 to Blitz Towing's budget fund.
[2018/1/7 - 22:00:03] Vehicle ID 0 (Slot ID 326) Maintainence fee cost $0 to Blitz Towing's budget fund.
[2018/1/7 - 22:00:03] Vehicle ID 0 (Slot ID 329) Maintainence fee cost $0 to Blitz Towing's budget fund.
[2018/1/7 - 22:00:03] Vehicle ID 424 (Slot ID 331) Maintainence fee cost $0 to Blitz Towing's budget fund.
[2018/1/7 - 22:00:03] Vehicle ID 425 (Slot ID 334) Maintainence fee cost $0 to Blitz Towing's budget fund.
[2018/1/7 - 22:00:03] Vehicle ID 0 (Slot ID 338) Maintainence fee cost $2,500 to Blitz Towing's budget fund.
[2018/1/7 - 22:00:03] Vehicle ID 0 (Slot ID 356) Maintainence fee cost $0 to Blitz Towing's budget fund.
[2018/1/7 - 22:00:03] Vehicle ID 0 (Slot ID 375) Maintainence fee cost $0 to Blitz Towing's budget fund.
[2018/1/7 - 22:00:03] Vehicle ID 0 (Slot ID 484) Maintainence fee cost $0 to Blitz Towing's budget fund.
[2018/1/7 - 22:00:03] Vehicle ID 0 (Slot ID 486) Maintainence fee cost $0 to Blitz Towing's budget fund.
[2018/1/7 - 22:11:30] Alex Toretto has been paid $750 from Blitz Towing's budget.
[2018/1/7 - 22:15:28] Chris Silvetti has been paid $1,000 from Blitz Towing's budget.
[2018/1/7 - 22:28:42] Gunther Von Wolfe took a vest out of the Blitz Towing locker at a cost of 1 HG Material.
[2018/1/7 - 22:29:40] Alex Toretto has repaired vehicle 333 at a cost of $2,500 to Blitz Towing's budget fund.
[2018/1/7 - 23:00:49] The faction vault is at $8,090,465.
[2018/1/7 - 23:00:49] SA Gov Paid $100,000 to Blitz Towing budget fund.
[2018/1/7 - 23:00:49] Vehicle ID 196 (Slot ID 5) Maintainence fee cost $0 to Blitz Towing's budget fund.
[2018/1/7 - 23:00:49] Vehicle ID 219 (Slot ID 34) Maintainence fee cost $0 to Blitz Towing's budget fund.
[2018/1/7 - 23:00:49] Vehicle ID 299 (Slot ID 139) Maintainence fee cost $0 to Blitz Towing's budget fund.
[2018/1/7 - 23:00:49] Vehicle ID 308 (Slot ID 149) Maintainence fee cost $0 to Blitz Towing's budget fund.
[2018/1/7 - 23:00:49] Vehicle ID 333 (Slot ID 179) Maintainence fee cost $0 to Blitz Towing's budget fund.
[2018/1/7 - 23:00:49] Vehicle ID 335 (Slot ID 182) Maintainence fee cost $0 to Blitz Towing's budget fund.
[2018/1/7 - 23:00:49] Vehicle ID 337 (Slot ID 184) Maintainence fee cost $0 to Blitz Towing's budget fund.
[2018/1/7 - 23:00:49] Vehicle ID 0 (Slot ID 185) Maintainence fee cost $0 to Blitz Towing's budget fund.
[2018/1/7 - 23:00:49] Vehicle ID 419 (Slot ID 308) Maintainence fee cost $0 to Blitz Towing's budget fund.
[2018/1/7 - 23:00:49] Vehicle ID 423 (Slot ID 317) Maintainence fee cost $0 to Blitz Towing's budget fund.
[2018/1/7 - 23:00:49] Vehicle ID 0 (Slot ID 322) Maintainence fee cost $0 to Blitz Towing's budget fund.
[2018/1/7 - 23:00:49] Vehicle ID 0 (Slot ID 326) Maintainence fee cost $0 to Blitz Towing's budget fund.
[2018/1/7 - 23:00:49] Vehicle ID 0 (Slot ID 329) Maintainence fee cost $0 to Blitz Towing's budget fund.
[2018/1/7 - 23:00:49] Vehicle ID 424 (Slot ID 331) Maintainence fee cost $0 to Blitz Towing's budget fund.
[2018/1/7 - 23:00:49] Vehicle ID 425 (Slot ID 334) Maintainence fee cost $0 to Blitz Towing's budget fund.
[2018/1/7 - 23:00:49] Vehicle ID 0 (Slot ID 338) Maintainence fee cost $2,500 to Blitz Towing's budget fund.
[2018/1/7 - 23:00:49] Vehicle ID 0 (Slot ID 356) Maintainence fee cost $0 to Blitz Towing's budget fund.
[2018/1/7 - 23:00:49] Vehicle ID 0 (Slot ID 375) Maintainence fee cost $0 to Blitz Towing's budget fund.
[2018/1/7 - 23:00:49] Vehicle ID 0 (Slot ID 484) Maintainence fee cost $0 to Blitz Towing's budget fund.
[2018/1/7 - 23:00:49] Vehicle ID 0 (Slot ID 486) Maintainence fee cost $0 to Blitz Towing's budget fund.
[2018/1/7 - 23:21:45] Titus Styles took a vest out of the Blitz Towing locker at a cost of 1 HG Material.
[2018/1/7 - 23:31:48] Martin Powers took a med kit & vest out of the Blitz Towing locker at a cost of 1 HG Material.
