[2018/1/20 - 0:00:33] The faction vault is at $24,081,824.
[2018/1/20 - 0:00:33] SA Gov Paid $25,000 to Blitz Towing budget fund.
[2018/1/20 - 0:00:33] Vehicle ID 184 (Slot ID 5) Maintainence fee cost $0 to Blitz Towing's budget fund.
[2018/1/20 - 0:00:33] Vehicle ID 206 (Slot ID 34) Maintainence fee cost $0 to Blitz Towing's budget fund.
[2018/1/20 - 0:00:33] Vehicle ID 237 (Slot ID 80) Maintainence fee cost $0 to Blitz Towing's budget fund.
[2018/1/20 - 0:00:33] Vehicle ID 282 (Slot ID 139) Maintainence fee cost $0 to Blitz Towing's budget fund.
[2018/1/20 - 0:00:33] Vehicle ID 291 (Slot ID 149) Maintainence fee cost $0 to Blitz Towing's budget fund.
[2018/1/20 - 0:00:33] Vehicle ID 303 (Slot ID 162) Maintainence fee cost $0 to Blitz Towing's budget fund.
[2018/1/20 - 0:00:33] Vehicle ID 315 (Slot ID 179) Maintainence fee cost $0 to Blitz Towing's budget fund.
[2018/1/20 - 0:00:33] Vehicle ID 317 (Slot ID 182) Maintainence fee cost $0 to Blitz Towing's budget fund.
[2018/1/20 - 0:00:33] Vehicle ID 319 (Slot ID 184) Maintainence fee cost $0 to Blitz Towing's budget fund.
[2018/1/20 - 0:00:33] Vehicle ID 320 (Slot ID 185) Maintainence fee cost $0 to Blitz Towing's budget fund.
[2018/1/20 - 0:00:33] Vehicle ID 328 (Slot ID 194) Maintainence fee cost $0 to Blitz Towing's budget fund.
[2018/1/20 - 0:00:33] Vehicle ID 347 (Slot ID 218) Maintainence fee cost $0 to Blitz Towing's budget fund.
[2018/1/20 - 0:00:33] Vehicle ID 382 (Slot ID 262) Maintainence fee cost $0 to Blitz Towing's budget fund.
[2018/1/20 - 0:00:33] Vehicle ID 411 (Slot ID 306) Maintainence fee cost $0 to Blitz Towing's budget fund.
[2018/1/20 - 0:00:33] Vehicle ID 413 (Slot ID 308) Maintainence fee cost $0 to Blitz Towing's budget fund.
[2018/1/20 - 0:00:33] Vehicle ID 414 (Slot ID 310) Maintainence fee cost $0 to Blitz Towing's budget fund.
[2018/1/20 - 0:00:33] Vehicle ID 418 (Slot ID 317) Maintainence fee cost $0 to Blitz Towing's budget fund.
[2018/1/20 - 0:00:33] Vehicle ID 483 (Slot ID 326) Maintainence fee cost $0 to Blitz Towing's budget fund.
[2018/1/20 - 0:00:33] Vehicle ID 511 (Slot ID 329) Maintainence fee cost $0 to Blitz Towing's budget fund.
[2018/1/20 - 0:00:33] Vehicle ID 425 (Slot ID 331) Maintainence fee cost $0 to Blitz Towing's budget fund.
[2018/1/20 - 0:00:33] Vehicle ID 502 (Slot ID 334) Maintainence fee cost $0 to Blitz Towing's budget fund.
[2018/1/20 - 0:00:33] Vehicle ID 495 (Slot ID 356) Maintainence fee cost $0 to Blitz Towing's budget fund.
[2018/1/20 - 0:00:33] Vehicle ID 506 (Slot ID 375) Maintainence fee cost $0 to Blitz Towing's budget fund.
[2018/1/20 - 0:00:33] Vehicle ID 517 (Slot ID 484) Maintainence fee cost $0 to Blitz Towing's budget fund.
[2018/1/20 - 0:12:17] Usain Cj Bolt has been paid $1,500 from Blitz Towing's budget.
[2018/1/20 - 0:13:41] Huang Ho Chaos has repaired vehicle 506 at a cost of $2,500 to Blitz Towing's budget fund.
[2018/1/20 - 0:16:56] Huang Ho Chaos took a vest out of the Blitz Towing locker at a cost of 1 HG Material.
[2018/1/20 - 0:24:43] Vehicle Slot ID 194 RTB fee cost $0 to Blitz Towing's budget fund.
[2018/1/20 - 0:45:00] Titus Styles has been paid $14,880 from Blitz Towing's budget.
[2018/1/20 - 0:49:09] Vehicle Slot ID 310 RTB fee cost $0 to Blitz Towing's budget fund.
[2018/1/20 - 1:00:09] The faction vault is at $24,153,134.
[2018/1/20 - 1:00:09] SA Gov Paid $25,000 to Blitz Towing budget fund.
[2018/1/20 - 1:00:09] Vehicle ID 184 (Slot ID 5) Maintainence fee cost $0 to Blitz Towing's budget fund.
[2018/1/20 - 1:00:09] Vehicle ID 206 (Slot ID 34) Maintainence fee cost $0 to Blitz Towing's budget fund.
[2018/1/20 - 1:00:09] Vehicle ID 237 (Slot ID 80) Maintainence fee cost $0 to Blitz Towing's budget fund.
[2018/1/20 - 1:00:09] Vehicle ID 282 (Slot ID 139) Maintainence fee cost $0 to Blitz Towing's budget fund.
[2018/1/20 - 1:00:09] Vehicle ID 291 (Slot ID 149) Maintainence fee cost $0 to Blitz Towing's budget fund.
[2018/1/20 - 1:00:09] Vehicle ID 303 (Slot ID 162) Maintainence fee cost $0 to Blitz Towing's budget fund.
[2018/1/20 - 1:00:09] Vehicle ID 315 (Slot ID 179) Maintainence fee cost $0 to Blitz Towing's budget fund.
[2018/1/20 - 1:00:09] Vehicle ID 317 (Slot ID 182) Maintainence fee cost $0 to Blitz Towing's budget fund.
[2018/1/20 - 1:00:09] Vehicle ID 319 (Slot ID 184) Maintainence fee cost $0 to Blitz Towing's budget fund.
[2018/1/20 - 1:00:09] Vehicle ID 320 (Slot ID 185) Maintainence fee cost $0 to Blitz Towing's budget fund.
[2018/1/20 - 1:00:09] Vehicle ID 328 (Slot ID 194) Maintainence fee cost $0 to Blitz Towing's budget fund.
[2018/1/20 - 1:00:09] Vehicle ID 347 (Slot ID 218) Maintainence fee cost $0 to Blitz Towing's budget fund.
[2018/1/20 - 1:00:09] Vehicle ID 382 (Slot ID 262) Maintainence fee cost $0 to Blitz Towing's budget fund.
[2018/1/20 - 1:00:09] Vehicle ID 411 (Slot ID 306) Maintainence fee cost $0 to Blitz Towing's budget fund.
[2018/1/20 - 1:00:09] Vehicle ID 413 (Slot ID 308) Maintainence fee cost $0 to Blitz Towing's budget fund.
[2018/1/20 - 1:00:09] Vehicle ID 414 (Slot ID 310) Maintainence fee cost $0 to Blitz Towing's budget fund.
[2018/1/20 - 1:00:09] Vehicle ID 418 (Slot ID 317) Maintainence fee cost $0 to Blitz Towing's budget fund.
[2018/1/20 - 1:00:09] Vehicle ID 483 (Slot ID 326) Maintainence fee cost $0 to Blitz Towing's budget fund.
[2018/1/20 - 1:00:09] Vehicle ID 511 (Slot ID 329) Maintainence fee cost $0 to Blitz Towing's budget fund.
[2018/1/20 - 1:00:09] Vehicle ID 425 (Slot ID 331) Maintainence fee cost $0 to Blitz Towing's budget fund.
[2018/1/20 - 1:00:09] Vehicle ID 502 (Slot ID 334) Maintainence fee cost $0 to Blitz Towing's budget fund.
[2018/1/20 - 1:00:09] Vehicle ID 495 (Slot ID 356) Maintainence fee cost $0 to Blitz Towing's budget fund.
[2018/1/20 - 1:00:09] Vehicle ID 506 (Slot ID 375) Maintainence fee cost $0 to Blitz Towing's budget fund.
[2018/1/20 - 1:00:09] Vehicle ID 517 (Slot ID 484) Maintainence fee cost $0 to Blitz Towing's budget fund.
[2018/1/20 - 1:15:24] Usain Cj Bolt has been paid $1,500 from Blitz Towing's budget.
[2018/1/20 - 1:21:06] Titus Styles took a vest out of the Blitz Towing locker at a cost of 1 HG Material.
[2018/1/20 - 1:21:07] Titus Styles took a med kit & vest out of the Blitz Towing locker at a cost of 1 HG Material.
[2018/1/20 - 1:21:43] Usain Cj Bolt took a vest out of the Blitz Towing locker at a cost of 1 HG Material.
[2018/1/20 - 1:21:45] Usain Cj Bolt took a med kit & vest out of the Blitz Towing locker at a cost of 1 HG Material.
[2018/1/20 - 1:28:21] Usain Cj Bolt took a vest out of the Blitz Towing locker at a cost of 1 HG Material.
[2018/1/20 - 1:28:51] Vehicle Slot ID 326 RTB fee cost $0 to Blitz Towing's budget fund.
[2018/1/20 - 1:33:19] Vehicle Slot ID 179 RTB fee cost $0 to Blitz Towing's budget fund.
[2018/1/20 - 1:33:25] Vehicle Slot ID 334 RTB fee cost $0 to Blitz Towing's budget fund.
[2018/1/20 - 1:48:35] Titus Styles has been paid $14,880 from Blitz Towing's budget.
[2018/1/20 - 2:00:48] The faction vault is at $24,167,354.
[2018/1/20 - 2:00:48] SA Gov Paid $25,000 to Blitz Towing budget fund.
[2018/1/20 - 2:00:48] Vehicle ID 184 (Slot ID 5) Maintainence fee cost $0 to Blitz Towing's budget fund.
[2018/1/20 - 2:00:48] Vehicle ID 206 (Slot ID 34) Maintainence fee cost $0 to Blitz Towing's budget fund.
[2018/1/20 - 2:00:48] Vehicle ID 237 (Slot ID 80) Maintainence fee cost $0 to Blitz Towing's budget fund.
[2018/1/20 - 2:00:48] Vehicle ID 282 (Slot ID 139) Maintainence fee cost $0 to Blitz Towing's budget fund.
[2018/1/20 - 2:00:48] Vehicle ID 291 (Slot ID 149) Maintainence fee cost $0 to Blitz Towing's budget fund.
[2018/1/20 - 2:00:48] Vehicle ID 303 (Slot ID 162) Maintainence fee cost $0 to Blitz Towing's budget fund.
[2018/1/20 - 2:00:48] Vehicle ID 315 (Slot ID 179) Maintainence fee cost $0 to Blitz Towing's budget fund.
[2018/1/20 - 2:00:48] Vehicle ID 317 (Slot ID 182) Maintainence fee cost $0 to Blitz Towing's budget fund.
[2018/1/20 - 2:00:48] Vehicle ID 319 (Slot ID 184) Maintainence fee cost $0 to Blitz Towing's budget fund.
[2018/1/20 - 2:00:48] Vehicle ID 320 (Slot ID 185) Maintainence fee cost $0 to Blitz Towing's budget fund.
[2018/1/20 - 2:00:48] Vehicle ID 328 (Slot ID 194) Maintainence fee cost $0 to Blitz Towing's budget fund.
[2018/1/20 - 2:00:48] Vehicle ID 347 (Slot ID 218) Maintainence fee cost $0 to Blitz Towing's budget fund.
[2018/1/20 - 2:00:48] Vehicle ID 382 (Slot ID 262) Maintainence fee cost $0 to Blitz Towing's budget fund.
[2018/1/20 - 2:00:48] Vehicle ID 411 (Slot ID 306) Maintainence fee cost $0 to Blitz Towing's budget fund.
[2018/1/20 - 2:00:48] Vehicle ID 413 (Slot ID 308) Maintainence fee cost $0 to Blitz Towing's budget fund.
[2018/1/20 - 2:00:48] Vehicle ID 414 (Slot ID 310) Maintainence fee cost $0 to Blitz Towing's budget fund.
[2018/1/20 - 2:00:48] Vehicle ID 418 (Slot ID 317) Maintainence fee cost $0 to Blitz Towing's budget fund.
[2018/1/20 - 2:00:48] Vehicle ID 483 (Slot ID 326) Maintainence fee cost $0 to Blitz Towing's budget fund.
[2018/1/20 - 2:00:48] Vehicle ID 511 (Slot ID 329) Maintainence fee cost $0 to Blitz Towing's budget fund.
[2018/1/20 - 2:00:48] Vehicle ID 425 (Slot ID 331) Maintainence fee cost $0 to Blitz Towing's budget fund.
[2018/1/20 - 2:00:48] Vehicle ID 502 (Slot ID 334) Maintainence fee cost $0 to Blitz Towing's budget fund.
[2018/1/20 - 2:00:48] Vehicle ID 495 (Slot ID 356) Maintainence fee cost $0 to Blitz Towing's budget fund.
[2018/1/20 - 2:00:48] Vehicle ID 506 (Slot ID 375) Maintainence fee cost $0 to Blitz Towing's budget fund.
[2018/1/20 - 2:00:48] Vehicle ID 517 (Slot ID 484) Maintainence fee cost $0 to Blitz Towing's budget fund.
[2018/1/20 - 6:00:57] The faction vault is at $24,192,354.
[2018/1/20 - 6:00:57] SA Gov Paid $25,000 to Blitz Towing budget fund.
[2018/1/20 - 6:00:57] Vehicle ID 184 (Slot ID 5) Maintainence fee cost $0 to Blitz Towing's budget fund.
[2018/1/20 - 6:00:57] Vehicle ID 206 (Slot ID 34) Maintainence fee cost $0 to Blitz Towing's budget fund.
[2018/1/20 - 6:00:57] Vehicle ID 237 (Slot ID 80) Maintainence fee cost $0 to Blitz Towing's budget fund.
[2018/1/20 - 6:00:57] Vehicle ID 282 (Slot ID 139) Maintainence fee cost $0 to Blitz Towing's budget fund.
[2018/1/20 - 6:00:57] Vehicle ID 291 (Slot ID 149) Maintainence fee cost $0 to Blitz Towing's budget fund.
[2018/1/20 - 6:00:57] Vehicle ID 303 (Slot ID 162) Maintainence fee cost $0 to Blitz Towing's budget fund.
[2018/1/20 - 6:00:57] Vehicle ID 315 (Slot ID 179) Maintainence fee cost $0 to Blitz Towing's budget fund.
[2018/1/20 - 6:00:57] Vehicle ID 317 (Slot ID 182) Maintainence fee cost $0 to Blitz Towing's budget fund.
[2018/1/20 - 6:00:57] Vehicle ID 319 (Slot ID 184) Maintainence fee cost $0 to Blitz Towing's budget fund.
[2018/1/20 - 6:00:57] Vehicle ID 320 (Slot ID 185) Maintainence fee cost $0 to Blitz Towing's budget fund.
[2018/1/20 - 6:00:57] Vehicle ID 328 (Slot ID 194) Maintainence fee cost $0 to Blitz Towing's budget fund.
[2018/1/20 - 6:00:57] Vehicle ID 347 (Slot ID 218) Maintainence fee cost $0 to Blitz Towing's budget fund.
[2018/1/20 - 6:00:57] Vehicle ID 382 (Slot ID 262) Maintainence fee cost $0 to Blitz Towing's budget fund.
[2018/1/20 - 6:00:57] Vehicle ID 414 (Slot ID 306) Maintainence fee cost $0 to Blitz Towing's budget fund.
[2018/1/20 - 6:00:57] Vehicle ID 416 (Slot ID 308) Maintainence fee cost $0 to Blitz Towing's budget fund.
[2018/1/20 - 6:00:57] Vehicle ID 417 (Slot ID 310) Maintainence fee cost $0 to Blitz Towing's budget fund.
[2018/1/20 - 6:00:57] Vehicle ID 421 (Slot ID 317) Maintainence fee cost $0 to Blitz Towing's budget fund.
[2018/1/20 - 6:00:57] Vehicle ID 429 (Slot ID 326) Maintainence fee cost $0 to Blitz Towing's budget fund.
[2018/1/20 - 6:00:57] Vehicle ID 431 (Slot ID 329) Maintainence fee cost $0 to Blitz Towing's budget fund.
[2018/1/20 - 6:00:57] Vehicle ID 433 (Slot ID 331) Maintainence fee cost $0 to Blitz Towing's budget fund.
[2018/1/20 - 6:00:57] Vehicle ID 436 (Slot ID 334) Maintainence fee cost $0 to Blitz Towing's budget fund.
[2018/1/20 - 6:00:57] Vehicle ID 0 (Slot ID 356) Maintainence fee cost $0 to Blitz Towing's budget fund.
[2018/1/20 - 6:00:57] Vehicle ID 0 (Slot ID 375) Maintainence fee cost $0 to Blitz Towing's budget fund.
[2018/1/20 - 6:00:57] Vehicle ID 0 (Slot ID 484) Maintainence fee cost $0 to Blitz Towing's budget fund.
[2018/1/20 - 7:00:21] The faction vault is at $24,220,154.
[2018/1/20 - 7:00:21] SA Gov Paid $25,000 to Blitz Towing budget fund.
[2018/1/20 - 7:00:21] Vehicle ID 184 (Slot ID 5) Maintainence fee cost $0 to Blitz Towing's budget fund.
[2018/1/20 - 7:00:21] Vehicle ID 206 (Slot ID 34) Maintainence fee cost $0 to Blitz Towing's budget fund.
[2018/1/20 - 7:00:21] Vehicle ID 237 (Slot ID 80) Maintainence fee cost $0 to Blitz Towing's budget fund.
[2018/1/20 - 7:00:21] Vehicle ID 282 (Slot ID 139) Maintainence fee cost $0 to Blitz Towing's budget fund.
[2018/1/20 - 7:00:21] Vehicle ID 291 (Slot ID 149) Maintainence fee cost $0 to Blitz Towing's budget fund.
[2018/1/20 - 7:00:21] Vehicle ID 303 (Slot ID 162) Maintainence fee cost $0 to Blitz Towing's budget fund.
[2018/1/20 - 7:00:21] Vehicle ID 315 (Slot ID 179) Maintainence fee cost $0 to Blitz Towing's budget fund.
[2018/1/20 - 7:00:21] Vehicle ID 317 (Slot ID 182) Maintainence fee cost $0 to Blitz Towing's budget fund.
[2018/1/20 - 7:00:21] Vehicle ID 319 (Slot ID 184) Maintainence fee cost $0 to Blitz Towing's budget fund.
[2018/1/20 - 7:00:21] Vehicle ID 320 (Slot ID 185) Maintainence fee cost $0 to Blitz Towing's budget fund.
[2018/1/20 - 7:00:21] Vehicle ID 328 (Slot ID 194) Maintainence fee cost $0 to Blitz Towing's budget fund.
[2018/1/20 - 7:00:21] Vehicle ID 347 (Slot ID 218) Maintainence fee cost $0 to Blitz Towing's budget fund.
[2018/1/20 - 7:00:21] Vehicle ID 382 (Slot ID 262) Maintainence fee cost $0 to Blitz Towing's budget fund.
[2018/1/20 - 7:00:21] Vehicle ID 414 (Slot ID 306) Maintainence fee cost $0 to Blitz Towing's budget fund.
[2018/1/20 - 7:00:21] Vehicle ID 416 (Slot ID 308) Maintainence fee cost $0 to Blitz Towing's budget fund.
[2018/1/20 - 7:00:21] Vehicle ID 417 (Slot ID 310) Maintainence fee cost $0 to Blitz Towing's budget fund.
[2018/1/20 - 7:00:21] Vehicle ID 421 (Slot ID 317) Maintainence fee cost $0 to Blitz Towing's budget fund.
[2018/1/20 - 7:00:21] Vehicle ID 429 (Slot ID 326) Maintainence fee cost $0 to Blitz Towing's budget fund.
[2018/1/20 - 7:00:21] Vehicle ID 431 (Slot ID 329) Maintainence fee cost $0 to Blitz Towing's budget fund.
[2018/1/20 - 7:00:21] Vehicle ID 433 (Slot ID 331) Maintainence fee cost $0 to Blitz Towing's budget fund.
[2018/1/20 - 7:00:21] Vehicle ID 436 (Slot ID 334) Maintainence fee cost $0 to Blitz Towing's budget fund.
[2018/1/20 - 7:00:21] Vehicle ID 0 (Slot ID 356) Maintainence fee cost $0 to Blitz Towing's budget fund.
[2018/1/20 - 7:00:21] Vehicle ID 0 (Slot ID 375) Maintainence fee cost $0 to Blitz Towing's budget fund.
[2018/1/20 - 7:00:21] Vehicle ID 0 (Slot ID 484) Maintainence fee cost $0 to Blitz Towing's budget fund.
[2018/1/20 - 8:00:19] The faction vault is at $24,258,954.
[2018/1/20 - 8:00:19] SA Gov Paid $25,000 to Blitz Towing budget fund.
[2018/1/20 - 8:00:19] Vehicle ID 184 (Slot ID 5) Maintainence fee cost $0 to Blitz Towing's budget fund.
[2018/1/20 - 8:00:19] Vehicle ID 206 (Slot ID 34) Maintainence fee cost $0 to Blitz Towing's budget fund.
[2018/1/20 - 8:00:19] Vehicle ID 237 (Slot ID 80) Maintainence fee cost $0 to Blitz Towing's budget fund.
[2018/1/20 - 8:00:19] Vehicle ID 282 (Slot ID 139) Maintainence fee cost $0 to Blitz Towing's budget fund.
[2018/1/20 - 8:00:19] Vehicle ID 291 (Slot ID 149) Maintainence fee cost $0 to Blitz Towing's budget fund.
[2018/1/20 - 8:00:19] Vehicle ID 303 (Slot ID 162) Maintainence fee cost $0 to Blitz Towing's budget fund.
[2018/1/20 - 8:00:19] Vehicle ID 315 (Slot ID 179) Maintainence fee cost $0 to Blitz Towing's budget fund.
[2018/1/20 - 8:00:19] Vehicle ID 317 (Slot ID 182) Maintainence fee cost $0 to Blitz Towing's budget fund.
[2018/1/20 - 8:00:19] Vehicle ID 319 (Slot ID 184) Maintainence fee cost $0 to Blitz Towing's budget fund.
[2018/1/20 - 8:00:19] Vehicle ID 320 (Slot ID 185) Maintainence fee cost $0 to Blitz Towing's budget fund.
[2018/1/20 - 8:00:19] Vehicle ID 328 (Slot ID 194) Maintainence fee cost $0 to Blitz Towing's budget fund.
[2018/1/20 - 8:00:19] Vehicle ID 347 (Slot ID 218) Maintainence fee cost $0 to Blitz Towing's budget fund.
[2018/1/20 - 8:00:19] Vehicle ID 382 (Slot ID 262) Maintainence fee cost $0 to Blitz Towing's budget fund.
[2018/1/20 - 8:00:19] Vehicle ID 414 (Slot ID 306) Maintainence fee cost $0 to Blitz Towing's budget fund.
[2018/1/20 - 8:00:19] Vehicle ID 416 (Slot ID 308) Maintainence fee cost $0 to Blitz Towing's budget fund.
[2018/1/20 - 8:00:19] Vehicle ID 417 (Slot ID 310) Maintainence fee cost $0 to Blitz Towing's budget fund.
[2018/1/20 - 8:00:19] Vehicle ID 421 (Slot ID 317) Maintainence fee cost $0 to Blitz Towing's budget fund.
[2018/1/20 - 8:00:19] Vehicle ID 429 (Slot ID 326) Maintainence fee cost $0 to Blitz Towing's budget fund.
[2018/1/20 - 8:00:19] Vehicle ID 431 (Slot ID 329) Maintainence fee cost $0 to Blitz Towing's budget fund.
[2018/1/20 - 8:00:19] Vehicle ID 433 (Slot ID 331) Maintainence fee cost $0 to Blitz Towing's budget fund.
[2018/1/20 - 8:00:19] Vehicle ID 436 (Slot ID 334) Maintainence fee cost $0 to Blitz Towing's budget fund.
[2018/1/20 - 8:00:19] Vehicle ID 0 (Slot ID 356) Maintainence fee cost $0 to Blitz Towing's budget fund.
[2018/1/20 - 8:00:19] Vehicle ID 0 (Slot ID 375) Maintainence fee cost $0 to Blitz Towing's budget fund.
[2018/1/20 - 8:00:19] Vehicle ID 0 (Slot ID 484) Maintainence fee cost $0 to Blitz Towing's budget fund.
[2018/1/20 - 9:00:40] The faction vault is at $24,293,554.
[2018/1/20 - 9:00:40] SA Gov Paid $25,000 to Blitz Towing budget fund.
[2018/1/20 - 9:00:40] Vehicle ID 184 (Slot ID 5) Maintainence fee cost $0 to Blitz Towing's budget fund.
[2018/1/20 - 9:00:40] Vehicle ID 206 (Slot ID 34) Maintainence fee cost $0 to Blitz Towing's budget fund.
[2018/1/20 - 9:00:40] Vehicle ID 237 (Slot ID 80) Maintainence fee cost $0 to Blitz Towing's budget fund.
[2018/1/20 - 9:00:40] Vehicle ID 282 (Slot ID 139) Maintainence fee cost $0 to Blitz Towing's budget fund.
[2018/1/20 - 9:00:40] Vehicle ID 291 (Slot ID 149) Maintainence fee cost $0 to Blitz Towing's budget fund.
[2018/1/20 - 9:00:40] Vehicle ID 303 (Slot ID 162) Maintainence fee cost $0 to Blitz Towing's budget fund.
[2018/1/20 - 9:00:40] Vehicle ID 315 (Slot ID 179) Maintainence fee cost $0 to Blitz Towing's budget fund.
[2018/1/20 - 9:00:40] Vehicle ID 317 (Slot ID 182) Maintainence fee cost $0 to Blitz Towing's budget fund.
[2018/1/20 - 9:00:40] Vehicle ID 319 (Slot ID 184) Maintainence fee cost $0 to Blitz Towing's budget fund.
[2018/1/20 - 9:00:40] Vehicle ID 320 (Slot ID 185) Maintainence fee cost $0 to Blitz Towing's budget fund.
[2018/1/20 - 9:00:40] Vehicle ID 328 (Slot ID 194) Maintainence fee cost $0 to Blitz Towing's budget fund.
[2018/1/20 - 9:00:40] Vehicle ID 347 (Slot ID 218) Maintainence fee cost $0 to Blitz Towing's budget fund.
[2018/1/20 - 9:00:40] Vehicle ID 382 (Slot ID 262) Maintainence fee cost $0 to Blitz Towing's budget fund.
[2018/1/20 - 9:00:40] Vehicle ID 414 (Slot ID 306) Maintainence fee cost $0 to Blitz Towing's budget fund.
[2018/1/20 - 9:00:40] Vehicle ID 416 (Slot ID 308) Maintainence fee cost $0 to Blitz Towing's budget fund.
[2018/1/20 - 9:00:40] Vehicle ID 417 (Slot ID 310) Maintainence fee cost $0 to Blitz Towing's budget fund.
[2018/1/20 - 9:00:40] Vehicle ID 421 (Slot ID 317) Maintainence fee cost $0 to Blitz Towing's budget fund.
[2018/1/20 - 9:00:40] Vehicle ID 429 (Slot ID 326) Maintainence fee cost $0 to Blitz Towing's budget fund.
[2018/1/20 - 9:00:40] Vehicle ID 431 (Slot ID 329) Maintainence fee cost $0 to Blitz Towing's budget fund.
[2018/1/20 - 9:00:40] Vehicle ID 433 (Slot ID 331) Maintainence fee cost $0 to Blitz Towing's budget fund.
[2018/1/20 - 9:00:40] Vehicle ID 436 (Slot ID 334) Maintainence fee cost $0 to Blitz Towing's budget fund.
[2018/1/20 - 9:00:40] Vehicle ID 0 (Slot ID 356) Maintainence fee cost $0 to Blitz Towing's budget fund.
[2018/1/20 - 9:00:40] Vehicle ID 0 (Slot ID 375) Maintainence fee cost $0 to Blitz Towing's budget fund.
[2018/1/20 - 9:00:40] Vehicle ID 0 (Slot ID 484) Maintainence fee cost $0 to Blitz Towing's budget fund.
[2018/1/20 - 10:00:31] The faction vault is at $24,320,354.
[2018/1/20 - 10:00:31] SA Gov Paid $25,000 to Blitz Towing budget fund.
[2018/1/20 - 10:00:31] Vehicle ID 184 (Slot ID 5) Maintainence fee cost $0 to Blitz Towing's budget fund.
[2018/1/20 - 10:00:31] Vehicle ID 206 (Slot ID 34) Maintainence fee cost $0 to Blitz Towing's budget fund.
[2018/1/20 - 10:00:31] Vehicle ID 237 (Slot ID 80) Maintainence fee cost $0 to Blitz Towing's budget fund.
[2018/1/20 - 10:00:31] Vehicle ID 282 (Slot ID 139) Maintainence fee cost $0 to Blitz Towing's budget fund.
[2018/1/20 - 10:00:31] Vehicle ID 291 (Slot ID 149) Maintainence fee cost $0 to Blitz Towing's budget fund.
[2018/1/20 - 10:00:31] Vehicle ID 303 (Slot ID 162) Maintainence fee cost $0 to Blitz Towing's budget fund.
[2018/1/20 - 10:00:31] Vehicle ID 315 (Slot ID 179) Maintainence fee cost $0 to Blitz Towing's budget fund.
[2018/1/20 - 10:00:31] Vehicle ID 317 (Slot ID 182) Maintainence fee cost $0 to Blitz Towing's budget fund.
[2018/1/20 - 10:00:31] Vehicle ID 319 (Slot ID 184) Maintainence fee cost $0 to Blitz Towing's budget fund.
[2018/1/20 - 10:00:31] Vehicle ID 320 (Slot ID 185) Maintainence fee cost $0 to Blitz Towing's budget fund.
[2018/1/20 - 10:00:31] Vehicle ID 328 (Slot ID 194) Maintainence fee cost $0 to Blitz Towing's budget fund.
[2018/1/20 - 10:00:31] Vehicle ID 347 (Slot ID 218) Maintainence fee cost $0 to Blitz Towing's budget fund.
[2018/1/20 - 10:00:31] Vehicle ID 382 (Slot ID 262) Maintainence fee cost $0 to Blitz Towing's budget fund.
[2018/1/20 - 10:00:31] Vehicle ID 414 (Slot ID 306) Maintainence fee cost $0 to Blitz Towing's budget fund.
[2018/1/20 - 10:00:31] Vehicle ID 416 (Slot ID 308) Maintainence fee cost $0 to Blitz Towing's budget fund.
[2018/1/20 - 10:00:31] Vehicle ID 417 (Slot ID 310) Maintainence fee cost $0 to Blitz Towing's budget fund.
[2018/1/20 - 10:00:31] Vehicle ID 421 (Slot ID 317) Maintainence fee cost $0 to Blitz Towing's budget fund.
[2018/1/20 - 10:00:31] Vehicle ID 429 (Slot ID 326) Maintainence fee cost $0 to Blitz Towing's budget fund.
[2018/1/20 - 10:00:31] Vehicle ID 431 (Slot ID 329) Maintainence fee cost $0 to Blitz Towing's budget fund.
[2018/1/20 - 10:00:31] Vehicle ID 433 (Slot ID 331) Maintainence fee cost $0 to Blitz Towing's budget fund.
[2018/1/20 - 10:00:31] Vehicle ID 436 (Slot ID 334) Maintainence fee cost $0 to Blitz Towing's budget fund.
[2018/1/20 - 10:00:31] Vehicle ID 0 (Slot ID 356) Maintainence fee cost $0 to Blitz Towing's budget fund.
[2018/1/20 - 10:00:31] Vehicle ID 0 (Slot ID 375) Maintainence fee cost $0 to Blitz Towing's budget fund.
[2018/1/20 - 10:00:31] Vehicle ID 0 (Slot ID 484) Maintainence fee cost $0 to Blitz Towing's budget fund.
[2018/1/20 - 11:00:35] The faction vault is at $24,359,954.
[2018/1/20 - 11:00:35] SA Gov Paid $25,000 to Blitz Towing budget fund.
[2018/1/20 - 11:00:35] Vehicle ID 184 (Slot ID 5) Maintainence fee cost $0 to Blitz Towing's budget fund.
[2018/1/20 - 11:00:35] Vehicle ID 206 (Slot ID 34) Maintainence fee cost $0 to Blitz Towing's budget fund.
[2018/1/20 - 11:00:35] Vehicle ID 237 (Slot ID 80) Maintainence fee cost $0 to Blitz Towing's budget fund.
[2018/1/20 - 11:00:35] Vehicle ID 282 (Slot ID 139) Maintainence fee cost $0 to Blitz Towing's budget fund.
[2018/1/20 - 11:00:35] Vehicle ID 291 (Slot ID 149) Maintainence fee cost $0 to Blitz Towing's budget fund.
[2018/1/20 - 11:00:35] Vehicle ID 303 (Slot ID 162) Maintainence fee cost $0 to Blitz Towing's budget fund.
[2018/1/20 - 11:00:35] Vehicle ID 315 (Slot ID 179) Maintainence fee cost $0 to Blitz Towing's budget fund.
[2018/1/20 - 11:00:35] Vehicle ID 317 (Slot ID 182) Maintainence fee cost $0 to Blitz Towing's budget fund.
[2018/1/20 - 11:00:35] Vehicle ID 319 (Slot ID 184) Maintainence fee cost $0 to Blitz Towing's budget fund.
[2018/1/20 - 11:00:35] Vehicle ID 320 (Slot ID 185) Maintainence fee cost $0 to Blitz Towing's budget fund.
[2018/1/20 - 11:00:35] Vehicle ID 328 (Slot ID 194) Maintainence fee cost $0 to Blitz Towing's budget fund.
[2018/1/20 - 11:00:35] Vehicle ID 347 (Slot ID 218) Maintainence fee cost $0 to Blitz Towing's budget fund.
[2018/1/20 - 11:00:35] Vehicle ID 382 (Slot ID 262) Maintainence fee cost $0 to Blitz Towing's budget fund.
[2018/1/20 - 11:00:35] Vehicle ID 414 (Slot ID 306) Maintainence fee cost $0 to Blitz Towing's budget fund.
[2018/1/20 - 11:00:35] Vehicle ID 416 (Slot ID 308) Maintainence fee cost $0 to Blitz Towing's budget fund.
[2018/1/20 - 11:00:35] Vehicle ID 417 (Slot ID 310) Maintainence fee cost $0 to Blitz Towing's budget fund.
[2018/1/20 - 11:00:35] Vehicle ID 421 (Slot ID 317) Maintainence fee cost $0 to Blitz Towing's budget fund.
[2018/1/20 - 11:00:35] Vehicle ID 429 (Slot ID 326) Maintainence fee cost $0 to Blitz Towing's budget fund.
[2018/1/20 - 11:00:35] Vehicle ID 431 (Slot ID 329) Maintainence fee cost $0 to Blitz Towing's budget fund.
[2018/1/20 - 11:00:35] Vehicle ID 433 (Slot ID 331) Maintainence fee cost $0 to Blitz Towing's budget fund.
[2018/1/20 - 11:00:35] Vehicle ID 436 (Slot ID 334) Maintainence fee cost $0 to Blitz Towing's budget fund.
[2018/1/20 - 11:00:35] Vehicle ID 0 (Slot ID 356) Maintainence fee cost $0 to Blitz Towing's budget fund.
[2018/1/20 - 11:00:35] Vehicle ID 0 (Slot ID 375) Maintainence fee cost $0 to Blitz Towing's budget fund.
[2018/1/20 - 11:00:35] Vehicle ID 0 (Slot ID 484) Maintainence fee cost $0 to Blitz Towing's budget fund.
[2018/1/20 - 12:00:33] The faction vault is at $24,400,554.
[2018/1/20 - 12:00:33] SA Gov Paid $25,000 to Blitz Towing budget fund.
[2018/1/20 - 12:00:33] Vehicle ID 184 (Slot ID 5) Maintainence fee cost $0 to Blitz Towing's budget fund.
[2018/1/20 - 12:00:33] Vehicle ID 206 (Slot ID 34) Maintainence fee cost $0 to Blitz Towing's budget fund.
[2018/1/20 - 12:00:33] Vehicle ID 237 (Slot ID 80) Maintainence fee cost $0 to Blitz Towing's budget fund.
[2018/1/20 - 12:00:33] Vehicle ID 282 (Slot ID 139) Maintainence fee cost $0 to Blitz Towing's budget fund.
[2018/1/20 - 12:00:33] Vehicle ID 291 (Slot ID 149) Maintainence fee cost $0 to Blitz Towing's budget fund.
[2018/1/20 - 12:00:33] Vehicle ID 303 (Slot ID 162) Maintainence fee cost $0 to Blitz Towing's budget fund.
[2018/1/20 - 12:00:33] Vehicle ID 315 (Slot ID 179) Maintainence fee cost $0 to Blitz Towing's budget fund.
[2018/1/20 - 12:00:33] Vehicle ID 317 (Slot ID 182) Maintainence fee cost $0 to Blitz Towing's budget fund.
[2018/1/20 - 12:00:33] Vehicle ID 319 (Slot ID 184) Maintainence fee cost $0 to Blitz Towing's budget fund.
[2018/1/20 - 12:00:33] Vehicle ID 320 (Slot ID 185) Maintainence fee cost $0 to Blitz Towing's budget fund.
[2018/1/20 - 12:00:33] Vehicle ID 328 (Slot ID 194) Maintainence fee cost $0 to Blitz Towing's budget fund.
[2018/1/20 - 12:00:33] Vehicle ID 347 (Slot ID 218) Maintainence fee cost $0 to Blitz Towing's budget fund.
[2018/1/20 - 12:00:33] Vehicle ID 382 (Slot ID 262) Maintainence fee cost $0 to Blitz Towing's budget fund.
[2018/1/20 - 12:00:33] Vehicle ID 414 (Slot ID 306) Maintainence fee cost $0 to Blitz Towing's budget fund.
[2018/1/20 - 12:00:33] Vehicle ID 416 (Slot ID 308) Maintainence fee cost $0 to Blitz Towing's budget fund.
[2018/1/20 - 12:00:33] Vehicle ID 417 (Slot ID 310) Maintainence fee cost $0 to Blitz Towing's budget fund.
[2018/1/20 - 12:00:33] Vehicle ID 421 (Slot ID 317) Maintainence fee cost $0 to Blitz Towing's budget fund.
[2018/1/20 - 12:00:33] Vehicle ID 429 (Slot ID 326) Maintainence fee cost $0 to Blitz Towing's budget fund.
[2018/1/20 - 12:00:33] Vehicle ID 431 (Slot ID 329) Maintainence fee cost $0 to Blitz Towing's budget fund.
[2018/1/20 - 12:00:33] Vehicle ID 433 (Slot ID 331) Maintainence fee cost $0 to Blitz Towing's budget fund.
[2018/1/20 - 12:00:33] Vehicle ID 436 (Slot ID 334) Maintainence fee cost $0 to Blitz Towing's budget fund.
[2018/1/20 - 12:00:33] Vehicle ID 0 (Slot ID 356) Maintainence fee cost $0 to Blitz Towing's budget fund.
[2018/1/20 - 12:00:33] Vehicle ID 0 (Slot ID 375) Maintainence fee cost $0 to Blitz Towing's budget fund.
[2018/1/20 - 12:00:33] Vehicle ID 0 (Slot ID 484) Maintainence fee cost $0 to Blitz Towing's budget fund.
[2018/1/20 - 13:00:16] The faction vault is at $24,448,154.
[2018/1/20 - 13:00:16] SA Gov Paid $25,000 to Blitz Towing budget fund.
[2018/1/20 - 13:00:16] Vehicle ID 184 (Slot ID 5) Maintainence fee cost $0 to Blitz Towing's budget fund.
[2018/1/20 - 13:00:16] Vehicle ID 206 (Slot ID 34) Maintainence fee cost $0 to Blitz Towing's budget fund.
[2018/1/20 - 13:00:16] Vehicle ID 237 (Slot ID 80) Maintainence fee cost $0 to Blitz Towing's budget fund.
[2018/1/20 - 13:00:16] Vehicle ID 282 (Slot ID 139) Maintainence fee cost $0 to Blitz Towing's budget fund.
[2018/1/20 - 13:00:16] Vehicle ID 291 (Slot ID 149) Maintainence fee cost $0 to Blitz Towing's budget fund.
[2018/1/20 - 13:00:16] Vehicle ID 303 (Slot ID 162) Maintainence fee cost $0 to Blitz Towing's budget fund.
[2018/1/20 - 13:00:16] Vehicle ID 315 (Slot ID 179) Maintainence fee cost $0 to Blitz Towing's budget fund.
[2018/1/20 - 13:00:16] Vehicle ID 317 (Slot ID 182) Maintainence fee cost $0 to Blitz Towing's budget fund.
[2018/1/20 - 13:00:16] Vehicle ID 319 (Slot ID 184) Maintainence fee cost $0 to Blitz Towing's budget fund.
[2018/1/20 - 13:00:16] Vehicle ID 320 (Slot ID 185) Maintainence fee cost $0 to Blitz Towing's budget fund.
[2018/1/20 - 13:00:16] Vehicle ID 328 (Slot ID 194) Maintainence fee cost $0 to Blitz Towing's budget fund.
[2018/1/20 - 13:00:16] Vehicle ID 347 (Slot ID 218) Maintainence fee cost $0 to Blitz Towing's budget fund.
[2018/1/20 - 13:00:16] Vehicle ID 382 (Slot ID 262) Maintainence fee cost $0 to Blitz Towing's budget fund.
[2018/1/20 - 13:00:16] Vehicle ID 414 (Slot ID 306) Maintainence fee cost $0 to Blitz Towing's budget fund.
[2018/1/20 - 13:00:16] Vehicle ID 416 (Slot ID 308) Maintainence fee cost $0 to Blitz Towing's budget fund.
[2018/1/20 - 13:00:16] Vehicle ID 417 (Slot ID 310) Maintainence fee cost $0 to Blitz Towing's budget fund.
[2018/1/20 - 13:00:16] Vehicle ID 421 (Slot ID 317) Maintainence fee cost $0 to Blitz Towing's budget fund.
[2018/1/20 - 13:00:16] Vehicle ID 429 (Slot ID 326) Maintainence fee cost $0 to Blitz Towing's budget fund.
[2018/1/20 - 13:00:16] Vehicle ID 431 (Slot ID 329) Maintainence fee cost $0 to Blitz Towing's budget fund.
[2018/1/20 - 13:00:16] Vehicle ID 433 (Slot ID 331) Maintainence fee cost $0 to Blitz Towing's budget fund.
[2018/1/20 - 13:00:16] Vehicle ID 436 (Slot ID 334) Maintainence fee cost $0 to Blitz Towing's budget fund.
[2018/1/20 - 13:00:16] Vehicle ID 0 (Slot ID 356) Maintainence fee cost $0 to Blitz Towing's budget fund.
[2018/1/20 - 13:00:16] Vehicle ID 0 (Slot ID 375) Maintainence fee cost $0 to Blitz Towing's budget fund.
[2018/1/20 - 13:00:16] Vehicle ID 0 (Slot ID 484) Maintainence fee cost $0 to Blitz Towing's budget fund.
[2018/1/20 - 13:10:52] Arthur Mcchesney took a vest out of the Blitz Towing locker at a cost of 1 HG Material.
[2018/1/20 - 14:01:01] The faction vault is at $24,498,154.
[2018/1/20 - 14:01:01] SA Gov Paid $25,000 to Blitz Towing budget fund.
[2018/1/20 - 14:01:01] Vehicle ID 184 (Slot ID 5) Maintainence fee cost $0 to Blitz Towing's budget fund.
[2018/1/20 - 14:01:01] Vehicle ID 206 (Slot ID 34) Maintainence fee cost $0 to Blitz Towing's budget fund.
[2018/1/20 - 14:01:01] Vehicle ID 237 (Slot ID 80) Maintainence fee cost $0 to Blitz Towing's budget fund.
[2018/1/20 - 14:01:01] Vehicle ID 282 (Slot ID 139) Maintainence fee cost $0 to Blitz Towing's budget fund.
[2018/1/20 - 14:01:01] Vehicle ID 291 (Slot ID 149) Maintainence fee cost $0 to Blitz Towing's budget fund.
[2018/1/20 - 14:01:01] Vehicle ID 303 (Slot ID 162) Maintainence fee cost $0 to Blitz Towing's budget fund.
[2018/1/20 - 14:01:01] Vehicle ID 315 (Slot ID 179) Maintainence fee cost $0 to Blitz Towing's budget fund.
[2018/1/20 - 14:01:01] Vehicle ID 317 (Slot ID 182) Maintainence fee cost $0 to Blitz Towing's budget fund.
[2018/1/20 - 14:01:01] Vehicle ID 319 (Slot ID 184) Maintainence fee cost $0 to Blitz Towing's budget fund.
[2018/1/20 - 14:01:01] Vehicle ID 320 (Slot ID 185) Maintainence fee cost $0 to Blitz Towing's budget fund.
[2018/1/20 - 14:01:01] Vehicle ID 328 (Slot ID 194) Maintainence fee cost $0 to Blitz Towing's budget fund.
[2018/1/20 - 14:01:01] Vehicle ID 347 (Slot ID 218) Maintainence fee cost $0 to Blitz Towing's budget fund.
[2018/1/20 - 14:01:01] Vehicle ID 382 (Slot ID 262) Maintainence fee cost $0 to Blitz Towing's budget fund.
[2018/1/20 - 14:01:01] Vehicle ID 414 (Slot ID 306) Maintainence fee cost $0 to Blitz Towing's budget fund.
[2018/1/20 - 14:01:01] Vehicle ID 416 (Slot ID 308) Maintainence fee cost $0 to Blitz Towing's budget fund.
[2018/1/20 - 14:01:01] Vehicle ID 417 (Slot ID 310) Maintainence fee cost $0 to Blitz Towing's budget fund.
[2018/1/20 - 14:01:01] Vehicle ID 421 (Slot ID 317) Maintainence fee cost $0 to Blitz Towing's budget fund.
[2018/1/20 - 14:01:01] Vehicle ID 429 (Slot ID 326) Maintainence fee cost $0 to Blitz Towing's budget fund.
[2018/1/20 - 14:01:01] Vehicle ID 431 (Slot ID 329) Maintainence fee cost $0 to Blitz Towing's budget fund.
[2018/1/20 - 14:01:01] Vehicle ID 433 (Slot ID 331) Maintainence fee cost $0 to Blitz Towing's budget fund.
[2018/1/20 - 14:01:01] Vehicle ID 436 (Slot ID 334) Maintainence fee cost $0 to Blitz Towing's budget fund.
[2018/1/20 - 14:01:01] Vehicle ID 0 (Slot ID 356) Maintainence fee cost $0 to Blitz Towing's budget fund.
[2018/1/20 - 14:01:01] Vehicle ID 0 (Slot ID 375) Maintainence fee cost $0 to Blitz Towing's budget fund.
[2018/1/20 - 14:01:01] Vehicle ID 0 (Slot ID 484) Maintainence fee cost $0 to Blitz Towing's budget fund.
[2018/1/20 - 14:12:59] Larry Wooden Bear took a vest out of the Blitz Towing locker at a cost of 1 HG Material.
[2018/1/20 - 14:13:00] Larry Wooden Bear took a med kit & vest out of the Blitz Towing locker at a cost of 1 HG Material.
[2018/1/20 - 14:36:09] Kyle Odonnell Bluman has been paid $1 from Blitz Towing's budget.
[2018/1/20 - 15:00:32] The faction vault is at $24,546,353.
[2018/1/20 - 15:00:32] SA Gov Paid $25,000 to Blitz Towing budget fund.
[2018/1/20 - 15:00:32] Vehicle ID 184 (Slot ID 5) Maintainence fee cost $0 to Blitz Towing's budget fund.
[2018/1/20 - 15:00:32] Vehicle ID 206 (Slot ID 34) Maintainence fee cost $0 to Blitz Towing's budget fund.
[2018/1/20 - 15:00:32] Vehicle ID 237 (Slot ID 80) Maintainence fee cost $0 to Blitz Towing's budget fund.
[2018/1/20 - 15:00:32] Vehicle ID 282 (Slot ID 139) Maintainence fee cost $0 to Blitz Towing's budget fund.
[2018/1/20 - 15:00:32] Vehicle ID 291 (Slot ID 149) Maintainence fee cost $0 to Blitz Towing's budget fund.
[2018/1/20 - 15:00:32] Vehicle ID 303 (Slot ID 162) Maintainence fee cost $0 to Blitz Towing's budget fund.
[2018/1/20 - 15:00:32] Vehicle ID 315 (Slot ID 179) Maintainence fee cost $0 to Blitz Towing's budget fund.
[2018/1/20 - 15:00:32] Vehicle ID 317 (Slot ID 182) Maintainence fee cost $0 to Blitz Towing's budget fund.
[2018/1/20 - 15:00:32] Vehicle ID 319 (Slot ID 184) Maintainence fee cost $0 to Blitz Towing's budget fund.
[2018/1/20 - 15:00:32] Vehicle ID 320 (Slot ID 185) Maintainence fee cost $0 to Blitz Towing's budget fund.
[2018/1/20 - 15:00:32] Vehicle ID 328 (Slot ID 194) Maintainence fee cost $0 to Blitz Towing's budget fund.
[2018/1/20 - 15:00:32] Vehicle ID 347 (Slot ID 218) Maintainence fee cost $0 to Blitz Towing's budget fund.
[2018/1/20 - 15:00:32] Vehicle ID 382 (Slot ID 262) Maintainence fee cost $0 to Blitz Towing's budget fund.
[2018/1/20 - 15:00:32] Vehicle ID 414 (Slot ID 306) Maintainence fee cost $0 to Blitz Towing's budget fund.
[2018/1/20 - 15:00:32] Vehicle ID 416 (Slot ID 308) Maintainence fee cost $0 to Blitz Towing's budget fund.
[2018/1/20 - 15:00:32] Vehicle ID 417 (Slot ID 310) Maintainence fee cost $0 to Blitz Towing's budget fund.
[2018/1/20 - 15:00:32] Vehicle ID 421 (Slot ID 317) Maintainence fee cost $0 to Blitz Towing's budget fund.
[2018/1/20 - 15:00:32] Vehicle ID 429 (Slot ID 326) Maintainence fee cost $0 to Blitz Towing's budget fund.
[2018/1/20 - 15:00:32] Vehicle ID 431 (Slot ID 329) Maintainence fee cost $0 to Blitz Towing's budget fund.
[2018/1/20 - 15:00:32] Vehicle ID 433 (Slot ID 331) Maintainence fee cost $0 to Blitz Towing's budget fund.
[2018/1/20 - 15:00:32] Vehicle ID 436 (Slot ID 334) Maintainence fee cost $0 to Blitz Towing's budget fund.
[2018/1/20 - 15:00:32] Vehicle ID 0 (Slot ID 356) Maintainence fee cost $0 to Blitz Towing's budget fund.
[2018/1/20 - 15:00:32] Vehicle ID 0 (Slot ID 375) Maintainence fee cost $0 to Blitz Towing's budget fund.
[2018/1/20 - 15:00:32] Vehicle ID 0 (Slot ID 484) Maintainence fee cost $0 to Blitz Towing's budget fund.
[2018/1/20 - 15:32:00] Larry Wooden Bear took a vest out of the Blitz Towing locker at a cost of 1 HG Material.
[2018/1/20 - 16:00:11] The faction vault is at $24,590,153.
[2018/1/20 - 16:00:11] SA Gov Paid $25,000 to Blitz Towing budget fund.
[2018/1/20 - 16:00:11] Vehicle ID 184 (Slot ID 5) Maintainence fee cost $0 to Blitz Towing's budget fund.
[2018/1/20 - 16:00:11] Vehicle ID 206 (Slot ID 34) Maintainence fee cost $0 to Blitz Towing's budget fund.
[2018/1/20 - 16:00:11] Vehicle ID 237 (Slot ID 80) Maintainence fee cost $0 to Blitz Towing's budget fund.
[2018/1/20 - 16:00:11] Vehicle ID 282 (Slot ID 139) Maintainence fee cost $0 to Blitz Towing's budget fund.
[2018/1/20 - 16:00:11] Vehicle ID 291 (Slot ID 149) Maintainence fee cost $0 to Blitz Towing's budget fund.
[2018/1/20 - 16:00:11] Vehicle ID 303 (Slot ID 162) Maintainence fee cost $0 to Blitz Towing's budget fund.
[2018/1/20 - 16:00:11] Vehicle ID 315 (Slot ID 179) Maintainence fee cost $0 to Blitz Towing's budget fund.
[2018/1/20 - 16:00:11] Vehicle ID 317 (Slot ID 182) Maintainence fee cost $0 to Blitz Towing's budget fund.
[2018/1/20 - 16:00:11] Vehicle ID 319 (Slot ID 184) Maintainence fee cost $0 to Blitz Towing's budget fund.
[2018/1/20 - 16:00:11] Vehicle ID 320 (Slot ID 185) Maintainence fee cost $0 to Blitz Towing's budget fund.
[2018/1/20 - 16:00:11] Vehicle ID 328 (Slot ID 194) Maintainence fee cost $0 to Blitz Towing's budget fund.
[2018/1/20 - 16:00:11] Vehicle ID 347 (Slot ID 218) Maintainence fee cost $0 to Blitz Towing's budget fund.
[2018/1/20 - 16:00:11] Vehicle ID 382 (Slot ID 262) Maintainence fee cost $0 to Blitz Towing's budget fund.
[2018/1/20 - 16:00:11] Vehicle ID 414 (Slot ID 306) Maintainence fee cost $0 to Blitz Towing's budget fund.
[2018/1/20 - 16:00:11] Vehicle ID 416 (Slot ID 308) Maintainence fee cost $0 to Blitz Towing's budget fund.
[2018/1/20 - 16:00:11] Vehicle ID 417 (Slot ID 310) Maintainence fee cost $0 to Blitz Towing's budget fund.
[2018/1/20 - 16:00:11] Vehicle ID 421 (Slot ID 317) Maintainence fee cost $0 to Blitz Towing's budget fund.
[2018/1/20 - 16:00:11] Vehicle ID 429 (Slot ID 326) Maintainence fee cost $0 to Blitz Towing's budget fund.
[2018/1/20 - 16:00:11] Vehicle ID 431 (Slot ID 329) Maintainence fee cost $0 to Blitz Towing's budget fund.
[2018/1/20 - 16:00:11] Vehicle ID 433 (Slot ID 331) Maintainence fee cost $0 to Blitz Towing's budget fund.
[2018/1/20 - 16:00:11] Vehicle ID 436 (Slot ID 334) Maintainence fee cost $0 to Blitz Towing's budget fund.
[2018/1/20 - 16:00:11] Vehicle ID 0 (Slot ID 356) Maintainence fee cost $0 to Blitz Towing's budget fund.
[2018/1/20 - 16:00:11] Vehicle ID 0 (Slot ID 375) Maintainence fee cost $0 to Blitz Towing's budget fund.
[2018/1/20 - 16:00:11] Vehicle ID 0 (Slot ID 484) Maintainence fee cost $0 to Blitz Towing's budget fund.
[2018/1/20 - 16:08:07] Larry Wooden Bear has been paid $15,000 from Blitz Towing's budget.
[2018/1/20 - 16:32:40] Larry Wooden Bear took a med kit & vest out of the Blitz Towing locker at a cost of 1 HG Material.
[2018/1/20 - 16:32:41] Larry Wooden Bear took a vest out of the Blitz Towing locker at a cost of 1 HG Material.
[2018/1/20 - 16:58:47] Kane Triton Grimm has been paid $8,000 from Blitz Towing's budget.
[2018/1/20 - 17:00:56] The faction vault is at $24,609,353.
[2018/1/20 - 17:00:56] SA Gov Paid $25,000 to Blitz Towing budget fund.
[2018/1/20 - 17:00:56] Vehicle ID 184 (Slot ID 5) Maintainence fee cost $0 to Blitz Towing's budget fund.
[2018/1/20 - 17:00:56] Vehicle ID 206 (Slot ID 34) Maintainence fee cost $0 to Blitz Towing's budget fund.
[2018/1/20 - 17:00:56] Vehicle ID 237 (Slot ID 80) Maintainence fee cost $0 to Blitz Towing's budget fund.
[2018/1/20 - 17:00:56] Vehicle ID 282 (Slot ID 139) Maintainence fee cost $0 to Blitz Towing's budget fund.
[2018/1/20 - 17:00:56] Vehicle ID 291 (Slot ID 149) Maintainence fee cost $0 to Blitz Towing's budget fund.
[2018/1/20 - 17:00:56] Vehicle ID 303 (Slot ID 162) Maintainence fee cost $0 to Blitz Towing's budget fund.
[2018/1/20 - 17:00:56] Vehicle ID 315 (Slot ID 179) Maintainence fee cost $0 to Blitz Towing's budget fund.
[2018/1/20 - 17:00:56] Vehicle ID 317 (Slot ID 182) Maintainence fee cost $0 to Blitz Towing's budget fund.
[2018/1/20 - 17:00:56] Vehicle ID 319 (Slot ID 184) Maintainence fee cost $0 to Blitz Towing's budget fund.
[2018/1/20 - 17:00:56] Vehicle ID 320 (Slot ID 185) Maintainence fee cost $0 to Blitz Towing's budget fund.
[2018/1/20 - 17:00:56] Vehicle ID 328 (Slot ID 194) Maintainence fee cost $0 to Blitz Towing's budget fund.
[2018/1/20 - 17:00:56] Vehicle ID 347 (Slot ID 218) Maintainence fee cost $0 to Blitz Towing's budget fund.
[2018/1/20 - 17:00:56] Vehicle ID 382 (Slot ID 262) Maintainence fee cost $0 to Blitz Towing's budget fund.
[2018/1/20 - 17:00:56] Vehicle ID 414 (Slot ID 306) Maintainence fee cost $0 to Blitz Towing's budget fund.
[2018/1/20 - 17:00:56] Vehicle ID 416 (Slot ID 308) Maintainence fee cost $0 to Blitz Towing's budget fund.
[2018/1/20 - 17:00:56] Vehicle ID 417 (Slot ID 310) Maintainence fee cost $0 to Blitz Towing's budget fund.
[2018/1/20 - 17:00:56] Vehicle ID 421 (Slot ID 317) Maintainence fee cost $0 to Blitz Towing's budget fund.
[2018/1/20 - 17:00:56] Vehicle ID 429 (Slot ID 326) Maintainence fee cost $0 to Blitz Towing's budget fund.
[2018/1/20 - 17:00:56] Vehicle ID 431 (Slot ID 329) Maintainence fee cost $0 to Blitz Towing's budget fund.
[2018/1/20 - 17:00:56] Vehicle ID 433 (Slot ID 331) Maintainence fee cost $0 to Blitz Towing's budget fund.
[2018/1/20 - 17:00:56] Vehicle ID 436 (Slot ID 334) Maintainence fee cost $0 to Blitz Towing's budget fund.
[2018/1/20 - 17:00:56] Vehicle ID 0 (Slot ID 356) Maintainence fee cost $0 to Blitz Towing's budget fund.
[2018/1/20 - 17:00:56] Vehicle ID 0 (Slot ID 375) Maintainence fee cost $0 to Blitz Towing's budget fund.
[2018/1/20 - 17:00:56] Vehicle ID 0 (Slot ID 484) Maintainence fee cost $0 to Blitz Towing's budget fund.
[2018/1/20 - 18:00:50] The faction vault is at $24,655,153.
[2018/1/20 - 18:00:50] SA Gov Paid $25,000 to Blitz Towing budget fund.
[2018/1/20 - 18:00:50] Vehicle ID 184 (Slot ID 5) Maintainence fee cost $0 to Blitz Towing's budget fund.
[2018/1/20 - 18:00:50] Vehicle ID 206 (Slot ID 34) Maintainence fee cost $0 to Blitz Towing's budget fund.
[2018/1/20 - 18:00:50] Vehicle ID 237 (Slot ID 80) Maintainence fee cost $0 to Blitz Towing's budget fund.
[2018/1/20 - 18:00:50] Vehicle ID 282 (Slot ID 139) Maintainence fee cost $0 to Blitz Towing's budget fund.
[2018/1/20 - 18:00:50] Vehicle ID 291 (Slot ID 149) Maintainence fee cost $0 to Blitz Towing's budget fund.
[2018/1/20 - 18:00:50] Vehicle ID 303 (Slot ID 162) Maintainence fee cost $0 to Blitz Towing's budget fund.
[2018/1/20 - 18:00:50] Vehicle ID 315 (Slot ID 179) Maintainence fee cost $0 to Blitz Towing's budget fund.
[2018/1/20 - 18:00:50] Vehicle ID 317 (Slot ID 182) Maintainence fee cost $0 to Blitz Towing's budget fund.
[2018/1/20 - 18:00:50] Vehicle ID 319 (Slot ID 184) Maintainence fee cost $0 to Blitz Towing's budget fund.
[2018/1/20 - 18:00:50] Vehicle ID 320 (Slot ID 185) Maintainence fee cost $0 to Blitz Towing's budget fund.
[2018/1/20 - 18:00:50] Vehicle ID 328 (Slot ID 194) Maintainence fee cost $0 to Blitz Towing's budget fund.
[2018/1/20 - 18:00:50] Vehicle ID 347 (Slot ID 218) Maintainence fee cost $0 to Blitz Towing's budget fund.
[2018/1/20 - 18:00:50] Vehicle ID 382 (Slot ID 262) Maintainence fee cost $0 to Blitz Towing's budget fund.
[2018/1/20 - 18:00:50] Vehicle ID 414 (Slot ID 306) Maintainence fee cost $0 to Blitz Towing's budget fund.
[2018/1/20 - 18:00:50] Vehicle ID 416 (Slot ID 308) Maintainence fee cost $0 to Blitz Towing's budget fund.
[2018/1/20 - 18:00:50] Vehicle ID 417 (Slot ID 310) Maintainence fee cost $0 to Blitz Towing's budget fund.
[2018/1/20 - 18:00:50] Vehicle ID 421 (Slot ID 317) Maintainence fee cost $0 to Blitz Towing's budget fund.
[2018/1/20 - 18:00:50] Vehicle ID 429 (Slot ID 326) Maintainence fee cost $0 to Blitz Towing's budget fund.
[2018/1/20 - 18:00:50] Vehicle ID 431 (Slot ID 329) Maintainence fee cost $0 to Blitz Towing's budget fund.
[2018/1/20 - 18:00:50] Vehicle ID 433 (Slot ID 331) Maintainence fee cost $0 to Blitz Towing's budget fund.
[2018/1/20 - 18:00:50] Vehicle ID 436 (Slot ID 334) Maintainence fee cost $0 to Blitz Towing's budget fund.
[2018/1/20 - 18:00:50] Vehicle ID 0 (Slot ID 356) Maintainence fee cost $0 to Blitz Towing's budget fund.
[2018/1/20 - 18:00:50] Vehicle ID 0 (Slot ID 375) Maintainence fee cost $0 to Blitz Towing's budget fund.
[2018/1/20 - 18:00:50] Vehicle ID 0 (Slot ID 484) Maintainence fee cost $0 to Blitz Towing's budget fund.
[2018/1/20 - 18:32:09] Larry Wooden Bear took a vest out of the Blitz Towing locker at a cost of 1 HG Material.
[2018/1/20 - 19:00:47] The faction vault is at $24,703,553.
[2018/1/20 - 19:00:47] SA Gov Paid $25,000 to Blitz Towing budget fund.
[2018/1/20 - 19:00:47] Vehicle ID 184 (Slot ID 5) Maintainence fee cost $0 to Blitz Towing's budget fund.
[2018/1/20 - 19:00:47] Vehicle ID 206 (Slot ID 34) Maintainence fee cost $0 to Blitz Towing's budget fund.
[2018/1/20 - 19:00:47] Vehicle ID 237 (Slot ID 80) Maintainence fee cost $0 to Blitz Towing's budget fund.
[2018/1/20 - 19:00:47] Vehicle ID 282 (Slot ID 139) Maintainence fee cost $0 to Blitz Towing's budget fund.
[2018/1/20 - 19:00:47] Vehicle ID 291 (Slot ID 149) Maintainence fee cost $0 to Blitz Towing's budget fund.
[2018/1/20 - 19:00:47] Vehicle ID 303 (Slot ID 162) Maintainence fee cost $0 to Blitz Towing's budget fund.
[2018/1/20 - 19:00:47] Vehicle ID 315 (Slot ID 179) Maintainence fee cost $0 to Blitz Towing's budget fund.
[2018/1/20 - 19:00:47] Vehicle ID 317 (Slot ID 182) Maintainence fee cost $0 to Blitz Towing's budget fund.
[2018/1/20 - 19:00:47] Vehicle ID 319 (Slot ID 184) Maintainence fee cost $0 to Blitz Towing's budget fund.
[2018/1/20 - 19:00:47] Vehicle ID 320 (Slot ID 185) Maintainence fee cost $0 to Blitz Towing's budget fund.
[2018/1/20 - 19:00:47] Vehicle ID 328 (Slot ID 194) Maintainence fee cost $0 to Blitz Towing's budget fund.
[2018/1/20 - 19:00:47] Vehicle ID 347 (Slot ID 218) Maintainence fee cost $0 to Blitz Towing's budget fund.
[2018/1/20 - 19:00:47] Vehicle ID 382 (Slot ID 262) Maintainence fee cost $0 to Blitz Towing's budget fund.
[2018/1/20 - 19:00:47] Vehicle ID 414 (Slot ID 306) Maintainence fee cost $0 to Blitz Towing's budget fund.
[2018/1/20 - 19:00:47] Vehicle ID 416 (Slot ID 308) Maintainence fee cost $0 to Blitz Towing's budget fund.
[2018/1/20 - 19:00:47] Vehicle ID 417 (Slot ID 310) Maintainence fee cost $0 to Blitz Towing's budget fund.
[2018/1/20 - 19:00:47] Vehicle ID 421 (Slot ID 317) Maintainence fee cost $0 to Blitz Towing's budget fund.
[2018/1/20 - 19:00:47] Vehicle ID 429 (Slot ID 326) Maintainence fee cost $0 to Blitz Towing's budget fund.
[2018/1/20 - 19:00:47] Vehicle ID 431 (Slot ID 329) Maintainence fee cost $0 to Blitz Towing's budget fund.
[2018/1/20 - 19:00:47] Vehicle ID 433 (Slot ID 331) Maintainence fee cost $0 to Blitz Towing's budget fund.
[2018/1/20 - 19:00:47] Vehicle ID 436 (Slot ID 334) Maintainence fee cost $0 to Blitz Towing's budget fund.
[2018/1/20 - 19:00:47] Vehicle ID 0 (Slot ID 356) Maintainence fee cost $0 to Blitz Towing's budget fund.
[2018/1/20 - 19:00:47] Vehicle ID 0 (Slot ID 375) Maintainence fee cost $0 to Blitz Towing's budget fund.
[2018/1/20 - 19:00:47] Vehicle ID 0 (Slot ID 484) Maintainence fee cost $0 to Blitz Towing's budget fund.
[2018/1/20 - 19:02:52] Vehicle Slot ID 317 RTB fee cost $0 to Blitz Towing's budget fund.
[2018/1/20 - 19:11:27] Titus Styles has repaired vehicle 429 at a cost of $2,500 to Blitz Towing's budget fund.
[2018/1/20 - 19:16:00] Larry Wooden Bear has been paid $15,000 from Blitz Towing's budget.
[2018/1/20 - 19:22:19] Vehicle Slot ID 326 RTB fee cost $0 to Blitz Towing's budget fund.
[2018/1/20 - 19:23:04] Usain Cj Bolt took a vest out of the Blitz Towing locker at a cost of 1 HG Material.
[2018/1/20 - 19:32:23] Titus Styles took a vest out of the Blitz Towing locker at a cost of 1 HG Material.
[2018/1/20 - 19:34:28] Usain Cj Bolt has been paid $1,500 from Blitz Towing's budget.
[2018/1/20 - 19:38:00] Usain Cj Bolt took a med kit & vest out of the Blitz Towing locker at a cost of 1 HG Material.
[2018/1/20 - 19:56:22] Titus Styles has been paid $14,880 from Blitz Towing's budget.
[2018/1/20 - 20:00:22] Usain Cj Bolt took a vest out of the Blitz Towing locker at a cost of 1 HG Material.
[2018/1/20 - 20:00:48] The faction vault is at $24,711,273.
[2018/1/20 - 20:00:48] SA Gov Paid $25,000 to Blitz Towing budget fund.
[2018/1/20 - 20:00:48] Vehicle ID 184 (Slot ID 5) Maintainence fee cost $0 to Blitz Towing's budget fund.
[2018/1/20 - 20:00:48] Vehicle ID 206 (Slot ID 34) Maintainence fee cost $0 to Blitz Towing's budget fund.
[2018/1/20 - 20:00:48] Vehicle ID 237 (Slot ID 80) Maintainence fee cost $0 to Blitz Towing's budget fund.
[2018/1/20 - 20:00:48] Vehicle ID 282 (Slot ID 139) Maintainence fee cost $0 to Blitz Towing's budget fund.
[2018/1/20 - 20:00:48] Vehicle ID 291 (Slot ID 149) Maintainence fee cost $0 to Blitz Towing's budget fund.
[2018/1/20 - 20:00:48] Vehicle ID 303 (Slot ID 162) Maintainence fee cost $0 to Blitz Towing's budget fund.
[2018/1/20 - 20:00:48] Vehicle ID 315 (Slot ID 179) Maintainence fee cost $0 to Blitz Towing's budget fund.
[2018/1/20 - 20:00:48] Vehicle ID 317 (Slot ID 182) Maintainence fee cost $0 to Blitz Towing's budget fund.
[2018/1/20 - 20:00:48] Vehicle ID 319 (Slot ID 184) Maintainence fee cost $0 to Blitz Towing's budget fund.
[2018/1/20 - 20:00:48] Vehicle ID 320 (Slot ID 185) Maintainence fee cost $0 to Blitz Towing's budget fund.
[2018/1/20 - 20:00:48] Vehicle ID 328 (Slot ID 194) Maintainence fee cost $0 to Blitz Towing's budget fund.
[2018/1/20 - 20:00:48] Vehicle ID 347 (Slot ID 218) Maintainence fee cost $0 to Blitz Towing's budget fund.
[2018/1/20 - 20:00:48] Vehicle ID 382 (Slot ID 262) Maintainence fee cost $0 to Blitz Towing's budget fund.
[2018/1/20 - 20:00:48] Vehicle ID 414 (Slot ID 306) Maintainence fee cost $0 to Blitz Towing's budget fund.
[2018/1/20 - 20:00:48] Vehicle ID 416 (Slot ID 308) Maintainence fee cost $0 to Blitz Towing's budget fund.
[2018/1/20 - 20:00:48] Vehicle ID 417 (Slot ID 310) Maintainence fee cost $0 to Blitz Towing's budget fund.
[2018/1/20 - 20:00:48] Vehicle ID 421 (Slot ID 317) Maintainence fee cost $0 to Blitz Towing's budget fund.
[2018/1/20 - 20:00:48] Vehicle ID 429 (Slot ID 326) Maintainence fee cost $0 to Blitz Towing's budget fund.
[2018/1/20 - 20:00:48] Vehicle ID 431 (Slot ID 329) Maintainence fee cost $0 to Blitz Towing's budget fund.
[2018/1/20 - 20:00:48] Vehicle ID 433 (Slot ID 331) Maintainence fee cost $0 to Blitz Towing's budget fund.
[2018/1/20 - 20:00:48] Vehicle ID 436 (Slot ID 334) Maintainence fee cost $0 to Blitz Towing's budget fund.
[2018/1/20 - 20:00:48] Vehicle ID 0 (Slot ID 356) Maintainence fee cost $0 to Blitz Towing's budget fund.
[2018/1/20 - 20:00:48] Vehicle ID 0 (Slot ID 375) Maintainence fee cost $0 to Blitz Towing's budget fund.
[2018/1/20 - 20:00:48] Vehicle ID 0 (Slot ID 484) Maintainence fee cost $0 to Blitz Towing's budget fund.
[2018/1/20 - 20:05:54] Titus Styles has repaired vehicle 382 at a cost of $2,500 to Blitz Towing's budget fund.
[2018/1/20 - 20:06:03] Titus Styles took a med kit & vest out of the Blitz Towing locker at a cost of 1 HG Material.
[2018/1/20 - 20:21:29] Huang Ho Chaos has been paid $10,000 from Blitz Towing's budget.
[2018/1/20 - 20:29:18] Tyhson Flleming took a vest out of the Blitz Towing locker at a cost of 1 HG Material.
[2018/1/20 - 20:38:27] Usain Cj Bolt took a vest out of the Blitz Towing locker at a cost of 1 HG Material.
[2018/1/20 - 20:40:45] Usain Cj Bolt has been paid $1,500 from Blitz Towing's budget.
[2018/1/20 - 21:00:14] Usain Cj Bolt took a vest out of the Blitz Towing locker at a cost of 1 HG Material.
[2018/1/20 - 21:00:18] Usain Cj Bolt took a med kit & vest out of the Blitz Towing locker at a cost of 1 HG Material.
[2018/1/20 - 21:00:20] Usain Cj Bolt took a vest out of the Blitz Towing locker at a cost of 1 HG Material.
[2018/1/20 - 21:00:59] The faction vault is at $24,733,073.
[2018/1/20 - 21:00:59] SA Gov Paid $25,000 to Blitz Towing budget fund.
[2018/1/20 - 21:00:59] Vehicle ID 184 (Slot ID 5) Maintainence fee cost $0 to Blitz Towing's budget fund.
[2018/1/20 - 21:00:59] Vehicle ID 206 (Slot ID 34) Maintainence fee cost $0 to Blitz Towing's budget fund.
[2018/1/20 - 21:00:59] Vehicle ID 237 (Slot ID 80) Maintainence fee cost $0 to Blitz Towing's budget fund.
[2018/1/20 - 21:00:59] Vehicle ID 282 (Slot ID 139) Maintainence fee cost $0 to Blitz Towing's budget fund.
[2018/1/20 - 21:00:59] Vehicle ID 291 (Slot ID 149) Maintainence fee cost $0 to Blitz Towing's budget fund.
[2018/1/20 - 21:00:59] Vehicle ID 303 (Slot ID 162) Maintainence fee cost $0 to Blitz Towing's budget fund.
[2018/1/20 - 21:00:59] Vehicle ID 315 (Slot ID 179) Maintainence fee cost $0 to Blitz Towing's budget fund.
[2018/1/20 - 21:00:59] Vehicle ID 317 (Slot ID 182) Maintainence fee cost $0 to Blitz Towing's budget fund.
[2018/1/20 - 21:00:59] Vehicle ID 319 (Slot ID 184) Maintainence fee cost $0 to Blitz Towing's budget fund.
[2018/1/20 - 21:00:59] Vehicle ID 320 (Slot ID 185) Maintainence fee cost $0 to Blitz Towing's budget fund.
[2018/1/20 - 21:00:59] Vehicle ID 328 (Slot ID 194) Maintainence fee cost $0 to Blitz Towing's budget fund.
[2018/1/20 - 21:00:59] Vehicle ID 347 (Slot ID 218) Maintainence fee cost $0 to Blitz Towing's budget fund.
[2018/1/20 - 21:00:59] Vehicle ID 382 (Slot ID 262) Maintainence fee cost $0 to Blitz Towing's budget fund.
[2018/1/20 - 21:00:59] Vehicle ID 414 (Slot ID 306) Maintainence fee cost $0 to Blitz Towing's budget fund.
[2018/1/20 - 21:00:59] Vehicle ID 416 (Slot ID 308) Maintainence fee cost $0 to Blitz Towing's budget fund.
[2018/1/20 - 21:00:59] Vehicle ID 417 (Slot ID 310) Maintainence fee cost $0 to Blitz Towing's budget fund.
[2018/1/20 - 21:00:59] Vehicle ID 421 (Slot ID 317) Maintainence fee cost $0 to Blitz Towing's budget fund.
[2018/1/20 - 21:00:59] Vehicle ID 429 (Slot ID 326) Maintainence fee cost $0 to Blitz Towing's budget fund.
[2018/1/20 - 21:00:59] Vehicle ID 431 (Slot ID 329) Maintainence fee cost $0 to Blitz Towing's budget fund.
[2018/1/20 - 21:00:59] Vehicle ID 433 (Slot ID 331) Maintainence fee cost $0 to Blitz Towing's budget fund.
[2018/1/20 - 21:00:59] Vehicle ID 436 (Slot ID 334) Maintainence fee cost $0 to Blitz Towing's budget fund.
[2018/1/20 - 21:00:59] Vehicle ID 0 (Slot ID 356) Maintainence fee cost $0 to Blitz Towing's budget fund.
[2018/1/20 - 21:00:59] Vehicle ID 0 (Slot ID 375) Maintainence fee cost $0 to Blitz Towing's budget fund.
[2018/1/20 - 21:00:59] Vehicle ID 0 (Slot ID 484) Maintainence fee cost $0 to Blitz Towing's budget fund.
[2018/1/20 - 21:07:20] Titus Styles has been paid $14,880 from Blitz Towing's budget.
[2018/1/20 - 21:10:38] Titus Styles has repaired vehicle 429 at a cost of $2,500 to Blitz Towing's budget fund.
[2018/1/20 - 21:32:27] Vehicle Slot ID 139 RTB fee cost $0 to Blitz Towing's budget fund.
[2018/1/20 - 21:50:30] Titus Styles has repaired vehicle 291 at a cost of $2,500 to Blitz Towing's budget fund.
[2018/1/20 - 21:55:40] Usain Cj Bolt has repaired vehicle 429 at a cost of $2,500 to Blitz Towing's budget fund.
[2018/1/20 - 21:55:55] Usain Cj Bolt took a vest out of the Blitz Towing locker at a cost of 1 HG Material.
[2018/1/20 - 21:57:36] Titus Styles took a vest out of the Blitz Towing locker at a cost of 1 HG Material.
[2018/1/20 - 22:00:03] The faction vault is at $24,738,893.
[2018/1/20 - 22:00:03] SA Gov Paid $25,000 to Blitz Towing budget fund.
[2018/1/20 - 22:00:03] Vehicle ID 184 (Slot ID 5) Maintainence fee cost $0 to Blitz Towing's budget fund.
[2018/1/20 - 22:00:03] Vehicle ID 206 (Slot ID 34) Maintainence fee cost $0 to Blitz Towing's budget fund.
[2018/1/20 - 22:00:03] Vehicle ID 237 (Slot ID 80) Maintainence fee cost $0 to Blitz Towing's budget fund.
[2018/1/20 - 22:00:03] Vehicle ID 282 (Slot ID 139) Maintainence fee cost $0 to Blitz Towing's budget fund.
[2018/1/20 - 22:00:03] Vehicle ID 291 (Slot ID 149) Maintainence fee cost $0 to Blitz Towing's budget fund.
[2018/1/20 - 22:00:03] Vehicle ID 303 (Slot ID 162) Maintainence fee cost $0 to Blitz Towing's budget fund.
[2018/1/20 - 22:00:03] Vehicle ID 315 (Slot ID 179) Maintainence fee cost $0 to Blitz Towing's budget fund.
[2018/1/20 - 22:00:03] Vehicle ID 317 (Slot ID 182) Maintainence fee cost $0 to Blitz Towing's budget fund.
[2018/1/20 - 22:00:03] Vehicle ID 319 (Slot ID 184) Maintainence fee cost $0 to Blitz Towing's budget fund.
[2018/1/20 - 22:00:03] Vehicle ID 320 (Slot ID 185) Maintainence fee cost $0 to Blitz Towing's budget fund.
[2018/1/20 - 22:00:03] Vehicle ID 328 (Slot ID 194) Maintainence fee cost $0 to Blitz Towing's budget fund.
[2018/1/20 - 22:00:03] Vehicle ID 347 (Slot ID 218) Maintainence fee cost $0 to Blitz Towing's budget fund.
[2018/1/20 - 22:00:03] Vehicle ID 382 (Slot ID 262) Maintainence fee cost $0 to Blitz Towing's budget fund.
[2018/1/20 - 22:00:03] Vehicle ID 414 (Slot ID 306) Maintainence fee cost $0 to Blitz Towing's budget fund.
[2018/1/20 - 22:00:03] Vehicle ID 416 (Slot ID 308) Maintainence fee cost $0 to Blitz Towing's budget fund.
[2018/1/20 - 22:00:03] Vehicle ID 417 (Slot ID 310) Maintainence fee cost $0 to Blitz Towing's budget fund.
[2018/1/20 - 22:00:03] Vehicle ID 421 (Slot ID 317) Maintainence fee cost $0 to Blitz Towing's budget fund.
[2018/1/20 - 22:00:03] Vehicle ID 429 (Slot ID 326) Maintainence fee cost $0 to Blitz Towing's budget fund.
[2018/1/20 - 22:00:03] Vehicle ID 431 (Slot ID 329) Maintainence fee cost $0 to Blitz Towing's budget fund.
[2018/1/20 - 22:00:03] Vehicle ID 433 (Slot ID 331) Maintainence fee cost $0 to Blitz Towing's budget fund.
[2018/1/20 - 22:00:03] Vehicle ID 436 (Slot ID 334) Maintainence fee cost $0 to Blitz Towing's budget fund.
[2018/1/20 - 22:00:03] Vehicle ID 0 (Slot ID 356) Maintainence fee cost $0 to Blitz Towing's budget fund.
[2018/1/20 - 22:00:03] Vehicle ID 0 (Slot ID 375) Maintainence fee cost $0 to Blitz Towing's budget fund.
[2018/1/20 - 22:00:03] Vehicle ID 0 (Slot ID 484) Maintainence fee cost $0 to Blitz Towing's budget fund.
[2018/1/20 - 22:10:07] Vehicle Slot ID 317 RTB fee cost $0 to Blitz Towing's budget fund.
[2018/1/20 - 22:10:47] Usain Cj Bolt took a med kit & vest out of the Blitz Towing locker at a cost of 1 HG Material.
[2018/1/20 - 22:10:48] Usain Cj Bolt took a vest out of the Blitz Towing locker at a cost of 1 HG Material.
[2018/1/20 - 22:11:06] Usain Cj Bolt has repaired vehicle 429 at a cost of $2,500 to Blitz Towing's budget fund.
[2018/1/20 - 22:12:25] Usain Cj Bolt has refueled vehicle 429 at a cost of $7375 to Blitz Towing's budget fund.
[2018/1/20 - 22:14:39] Usain Cj Bolt has repaired vehicle 429 at a cost of $2,500 to Blitz Towing's budget fund.
[2018/1/20 - 22:19:20] Titus Styles took a vest out of the Blitz Towing locker at a cost of 1 HG Material.
[2018/1/20 - 22:19:23] Titus Styles took a med kit & vest out of the Blitz Towing locker at a cost of 1 HG Material.
[2018/1/20 - 22:22:18] Titus Styles has repaired vehicle 382 at a cost of $2,500 to Blitz Towing's budget fund.
[2018/1/20 - 22:23:18] Usain Cj Bolt has repaired vehicle 429 at a cost of $2,500 to Blitz Towing's budget fund.
[2018/1/20 - 22:23:32] Usain Cj Bolt took a med kit & vest out of the Blitz Towing locker at a cost of 1 HG Material.
[2018/1/20 - 22:23:33] Usain Cj Bolt took a vest out of the Blitz Towing locker at a cost of 1 HG Material.
[2018/1/20 - 22:32:33] Usain Cj Bolt has been paid $1,500 from Blitz Towing's budget.
[2018/1/20 - 22:33:53] Usain Cj Bolt took a vest out of the Blitz Towing locker at a cost of 1 HG Material.
[2018/1/20 - 22:33:54] Usain Cj Bolt took a med kit & vest out of the Blitz Towing locker at a cost of 1 HG Material.
[2018/1/20 - 22:33:55] Usain Cj Bolt took a vest out of the Blitz Towing locker at a cost of 1 HG Material.
[2018/1/20 - 22:33:57] Usain Cj Bolt took a vest out of the Blitz Towing locker at a cost of 1 HG Material.
[2018/1/20 - 22:35:07] Vehicle Slot ID 326 RTB fee cost $0 to Blitz Towing's budget fund.
[2018/1/20 - 22:35:07] Vehicle Slot ID 326 RTB fee cost $0 to Blitz Towing's budget fund.
[2018/1/20 - 22:40:32] Vehicle Slot ID 194 RTB fee cost $0 to Blitz Towing's budget fund.
[2018/1/20 - 22:47:00] Titus Styles has been paid $14,880 from Blitz Towing's budget.
[2018/1/20 - 22:52:02] Kane Triton Grimm took a vest out of the Blitz Towing locker at a cost of 1 HG Material.
[2018/1/20 - 22:52:07] Kane Triton Grimm took a vest out of the Blitz Towing locker at a cost of 1 HG Material.
[2018/1/20 - 22:52:07] Vehicle Slot ID 262 RTB fee cost $0 to Blitz Towing's budget fund.
[2018/1/20 - 22:52:10] Kane Triton Grimm took a vest out of the Blitz Towing locker at a cost of 1 HG Material.
[2018/1/20 - 23:01:01] The faction vault is at $24,777,118.
[2018/1/20 - 23:01:01] SA Gov Paid $25,000 to Blitz Towing budget fund.
[2018/1/20 - 23:01:01] Vehicle ID 184 (Slot ID 5) Maintainence fee cost $0 to Blitz Towing's budget fund.
[2018/1/20 - 23:01:01] Vehicle ID 206 (Slot ID 34) Maintainence fee cost $0 to Blitz Towing's budget fund.
[2018/1/20 - 23:01:01] Vehicle ID 237 (Slot ID 80) Maintainence fee cost $0 to Blitz Towing's budget fund.
[2018/1/20 - 23:01:01] Vehicle ID 282 (Slot ID 139) Maintainence fee cost $0 to Blitz Towing's budget fund.
[2018/1/20 - 23:01:01] Vehicle ID 291 (Slot ID 149) Maintainence fee cost $0 to Blitz Towing's budget fund.
[2018/1/20 - 23:01:01] Vehicle ID 303 (Slot ID 162) Maintainence fee cost $0 to Blitz Towing's budget fund.
[2018/1/20 - 23:01:01] Vehicle ID 315 (Slot ID 179) Maintainence fee cost $0 to Blitz Towing's budget fund.
[2018/1/20 - 23:01:01] Vehicle ID 317 (Slot ID 182) Maintainence fee cost $0 to Blitz Towing's budget fund.
[2018/1/20 - 23:01:01] Vehicle ID 319 (Slot ID 184) Maintainence fee cost $0 to Blitz Towing's budget fund.
[2018/1/20 - 23:01:01] Vehicle ID 320 (Slot ID 185) Maintainence fee cost $0 to Blitz Towing's budget fund.
[2018/1/20 - 23:01:01] Vehicle ID 328 (Slot ID 194) Maintainence fee cost $0 to Blitz Towing's budget fund.
[2018/1/20 - 23:01:01] Vehicle ID 347 (Slot ID 218) Maintainence fee cost $0 to Blitz Towing's budget fund.
[2018/1/20 - 23:01:01] Vehicle ID 382 (Slot ID 262) Maintainence fee cost $0 to Blitz Towing's budget fund.
[2018/1/20 - 23:01:01] Vehicle ID 414 (Slot ID 306) Maintainence fee cost $0 to Blitz Towing's budget fund.
[2018/1/20 - 23:01:01] Vehicle ID 416 (Slot ID 308) Maintainence fee cost $0 to Blitz Towing's budget fund.
[2018/1/20 - 23:01:01] Vehicle ID 417 (Slot ID 310) Maintainence fee cost $0 to Blitz Towing's budget fund.
[2018/1/20 - 23:01:01] Vehicle ID 421 (Slot ID 317) Maintainence fee cost $0 to Blitz Towing's budget fund.
[2018/1/20 - 23:01:01] Vehicle ID 429 (Slot ID 326) Maintainence fee cost $0 to Blitz Towing's budget fund.
[2018/1/20 - 23:01:01] Vehicle ID 431 (Slot ID 329) Maintainence fee cost $0 to Blitz Towing's budget fund.
[2018/1/20 - 23:01:01] Vehicle ID 433 (Slot ID 331) Maintainence fee cost $0 to Blitz Towing's budget fund.
[2018/1/20 - 23:01:01] Vehicle ID 436 (Slot ID 334) Maintainence fee cost $0 to Blitz Towing's budget fund.
[2018/1/20 - 23:01:01] Vehicle ID 0 (Slot ID 356) Maintainence fee cost $0 to Blitz Towing's budget fund.
[2018/1/20 - 23:01:01] Vehicle ID 0 (Slot ID 375) Maintainence fee cost $0 to Blitz Towing's budget fund.
[2018/1/20 - 23:01:01] Vehicle ID 0 (Slot ID 484) Maintainence fee cost $0 to Blitz Towing's budget fund.
[2018/1/20 - 23:50:09] Vehicle Slot ID 162 RTB fee cost $0 to Blitz Towing's budget fund.
