[2018/1/18 - 0:00:41] Officer II Cardle Westwood has logged out.
[2018/1/18 - 0:01:58] [D212] Officer II Cesur Turkes has timed out.
[2018/1/18 - 0:02:14] [P277] Officer II Tatsumi Hattori has logged out.
[2018/1/18 - 0:03:06] Officer II Cardle Westwood has logged out.
[2018/1/18 - 0:06:05] [I224] Sergeant Michael Westen has logged out.
[2018/1/18 - 0:06:44] [I224] Michael Westen has logged in.
[2018/1/18 - 0:07:03] Officer II Cardle Westwood has timed out.
[2018/1/18 - 0:09:59] Officer I Dro Ryders has logged out.
[2018/1/18 - 0:11:45] [P208] Corporal Rhett Mclaughlin has timed out.
[2018/1/18 - 0:11:53] [D229] Officer II Depyo Chaos has logged out.
[2018/1/18 - 0:12:39] [P252] Officer I Peter Rodriguez has logged out.
[2018/1/18 - 0:12:49] Walter Skinner has withdrawn a SPAS-12 from the weapon locker (Cost: 9)
[2018/1/18 - 0:12:51] Walter Skinner has withdrawn a Desert Eagle from the weapon locker (Cost: 3)
[2018/1/18 - 0:12:54] Walter Skinner has withdrawn a M4A1 from the weapon locker (Cost: 9)
[2018/1/18 - 0:13:06] Officer I Walter Skinner has logged out.
[2018/1/18 - 0:14:33] Officer I Walter Skinner has logged out.
[2018/1/18 - 0:23:45] Clank Hamm (1000033226) has made Clank Hamm (1000033226) the leader of the LSPD.
[2018/1/18 - 0:24:41] Captain Sean James (1000047031) has set Mondy Mcknight's (99463) division to DET in LSPD (1).
[2018/1/18 - 0:25:04] Carly Mcknight has withdrawn a Nitestick from the weapon locker (Cost: 1)
[2018/1/18 - 0:25:05] Carly Mcknight has withdrawn a Desert Eagle from the weapon locker (Cost: 3)
[2018/1/18 - 0:25:06] Carly Mcknight has withdrawn a SPAS-12 from the weapon locker (Cost: 9)
[2018/1/18 - 0:25:08] Carly Mcknight has withdrawn a M4A1 from the weapon locker (Cost: 9)
[2018/1/18 - 0:28:01] Carlos Flleming has withdrawn a SPAS-12 from the weapon locker (Cost: 9)
[2018/1/18 - 0:28:02] Carlos Flleming has withdrawn a M4A1 from the weapon locker (Cost: 9)
[2018/1/18 - 0:29:50] [D268] Officer II Antonio D. Sarto has logged out.
[2018/1/18 - 0:34:30] Tazz William has withdrawn a Desert Eagle from the weapon locker (Cost: 3)
[2018/1/18 - 0:34:33] Tazz William has withdrawn a SPAS-12 from the weapon locker (Cost: 9)
[2018/1/18 - 0:34:34] Tazz William has withdrawn a M4A1 from the weapon locker (Cost: 9)
[2018/1/18 - 0:40:07] Carly Mcknight has withdrawn a Nitestick from the weapon locker (Cost: 1)
[2018/1/18 - 0:40:08] Carly Mcknight has withdrawn a SPAS-12 from the weapon locker (Cost: 9)
[2018/1/18 - 0:40:09] Carly Mcknight has withdrawn a M4A1 from the weapon locker (Cost: 9)
[2018/1/18 - 0:40:13] Carly Mcknight has withdrawn a Desert Eagle from the weapon locker (Cost: 3)
[2018/1/18 - 0:40:15] Chelsya Thomas has withdrawn a Nitestick from the weapon locker (Cost: 1)
[2018/1/18 - 0:40:17] Chelsya Thomas has withdrawn a Spray Can from the weapon locker (Cost: 1)
[2018/1/18 - 0:40:18] Chelsya Thomas has withdrawn a Desert Eagle from the weapon locker (Cost: 3)
[2018/1/18 - 0:40:19] Chelsya Thomas has withdrawn a MP5 from the weapon locker (Cost: 4)
[2018/1/18 - 0:40:19] Chelsya Thomas has withdrawn a Shotgun from the weapon locker (Cost: 2)
[2018/1/18 - 0:46:40] Mondy Mcknight has withdrawn a Desert Eagle from the weapon locker (Cost: 3)
[2018/1/18 - 0:46:42] Mondy Mcknight has withdrawn a AK-47 from the weapon locker (Cost: 5)
[2018/1/18 - 0:51:20] [D278] Officer II Kirky McJohnson has timed out.
[2018/1/18 - 0:55:40] Antonio D. Sarto has withdrawn a Desert Eagle from the weapon locker (Cost: 3)
[2018/1/18 - 0:55:42] Antonio D. Sarto has withdrawn a M4A1 from the weapon locker (Cost: 9)
[2018/1/18 - 0:55:50] Antonio D. Sarto has withdrawn a SPAS-12 from the weapon locker (Cost: 9)
[2018/1/18 - 0:57:35] Carly Mcknight has withdrawn a Nitestick from the weapon locker (Cost: 1)
[2018/1/18 - 0:57:37] Carly Mcknight has withdrawn a Desert Eagle from the weapon locker (Cost: 3)
[2018/1/18 - 0:57:38] Carly Mcknight has withdrawn a SPAS-12 from the weapon locker (Cost: 9)
[2018/1/18 - 0:57:39] Carly Mcknight has withdrawn a M4A1 from the weapon locker (Cost: 9)
[2018/1/18 - 0:59:58] [A213] Carlos Ramirez has logged in.
[2018/1/18 - 1:03:56] Captain Carlos Ramirez (118665) has set Tatsumi Hattori's (1000626288) division to DET in LSPD (1).
[2018/1/18 - 1:05:25] Carly Mcknight has withdrawn a Nitestick from the weapon locker (Cost: 1)
[2018/1/18 - 1:05:26] Carly Mcknight has withdrawn a SPAS-12 from the weapon locker (Cost: 9)
[2018/1/18 - 1:05:27] Carly Mcknight has withdrawn a M4A1 from the weapon locker (Cost: 9)
[2018/1/18 - 1:05:28] Carly Mcknight has withdrawn a Desert Eagle from the weapon locker (Cost: 3)
[2018/1/18 - 1:05:41] Antonio D. Sarto has withdrawn a SPAS-12 from the weapon locker (Cost: 9)
[2018/1/18 - 1:05:43] Antonio D. Sarto has withdrawn a M4A1 from the weapon locker (Cost: 9)
[2018/1/18 - 1:06:53] Clank Hamm (1000033226) has made Clank Hamm (1000033226) the leader of the LSPD.
[2018/1/18 - 1:06:54] Mondy Mcknight has withdrawn a M4A1 from the weapon locker (Cost: 9)
[2018/1/18 - 1:06:55] Mondy Mcknight has withdrawn a Desert Eagle from the weapon locker (Cost: 3)
[2018/1/18 - 1:07:43] [D278] Officer II Kirky Mcjohnson has logged out.
[2018/1/18 - 1:10:10] Clank Hamm (1000033226) has made Clank Hamm (1000033226) the leader of the LSPD.
[2018/1/18 - 1:10:12] [D278] Officer II Kirky Mcjohnson has timed out.
[2018/1/18 - 1:12:04] [D278] Officer II Kirky Mcjohnson has logged out.
[2018/1/18 - 1:20:46] Corporal Gerg Mcflies has timed out.
[2018/1/18 - 1:23:39] [P277] Officer II Tatsumi Hattori has logged out.
[2018/1/18 - 1:24:07] [P208] Corporal Rhett Mclaughlin has timed out.
[2018/1/18 - 1:28:19] Officer I Dro Ryders has timed out.
[2018/1/18 - 1:28:51] Officer I Dro Ryders has timed out.
[2018/1/18 - 1:29:09] Kirky Mcjohnson has withdrawn a SPAS-12 from the weapon locker (Cost: 9)
[2018/1/18 - 1:29:14] Kirky Mcjohnson has withdrawn a M4A1 from the weapon locker (Cost: 9)
[2018/1/18 - 1:29:15] Kirky Mcjohnson has withdrawn a Spray Can from the weapon locker (Cost: 1)
[2018/1/18 - 1:29:17] Kirky Mcjohnson has withdrawn a Desert Eagle from the weapon locker (Cost: 3)
[2018/1/18 - 1:29:32] Officer I Dro Ryders has timed out.
[2018/1/18 - 1:30:02] Officer I Dro Ryders has timed out.
[2018/1/18 - 1:30:38] Officer I Dro Ryders has timed out.
[2018/1/18 - 1:31:22] Officer I Dro Ryders has timed out.
[2018/1/18 - 1:31:54] Officer I Dro Ryders has timed out.
[2018/1/18 - 1:35:59] Clank Hamm (1000033226) has made Clank Hamm (1000033226) the leader of the LSPD.
[2018/1/18 - 1:36:04] Chief of Police Clank Hamm (1000033226) (rank 9) has given Clank Hamm (1000033226) rank 5 (Staff Sergeant) in LSPD (1).
[2018/1/18 - 1:39:56] Dro Ryders has withdrawn a Desert Eagle from the weapon locker (Cost: 3)
[2018/1/18 - 1:39:59] Dro Ryders has withdrawn a M4A1 from the weapon locker (Cost: 9)
[2018/1/18 - 1:40:44] Clank Hamm (1000033226) has made Clank Hamm (1000033226) the leader of the LSPD.
[2018/1/18 - 1:46:16] Staff Sergeant Trent Wolf has timed out.
[2018/1/18 - 1:49:36] Officer II Mondy Mcknight has logged out.
[2018/1/18 - 1:53:44] Officer I Dro Ryders has logged out.
[2018/1/18 - 1:56:27] [P207] Officer II Patrick Livanos has logged out.
[2018/1/18 - 1:57:10] Carly Mcknight has withdrawn a Nitestick from the weapon locker (Cost: 1)
[2018/1/18 - 1:57:12] Carly Mcknight has withdrawn a SPAS-12 from the weapon locker (Cost: 9)
[2018/1/18 - 1:57:13] Carly Mcknight has withdrawn a M4A1 from the weapon locker (Cost: 9)
[2018/1/18 - 1:57:13] Carly Mcknight has withdrawn a Desert Eagle from the weapon locker (Cost: 3)
[2018/1/18 - 1:57:17] Clank Hamm (1000033226) has made Clank Hamm (1000033226) the leader of the LSPD.
[2018/1/18 - 1:57:21] Chief of Police Clank Hamm (1000033226) (rank 9) has given Clank Hamm (1000033226) rank 4 (Sergeant) in LSPD (1).
[2018/1/18 - 1:58:47] [P294] Officer II Carly Mcknight has timed out.
[2018/1/18 - 1:59:14] Clank Hamm (1000033226) has made Clank Hamm (1000033226) the leader of the LSPD.
[2018/1/18 - 1:59:14] [I224] Sergeant Michael Westen has logged out.
[2018/1/18 - 2:01:06] Gerg Mcflies has withdrawn a Desert Eagle from the weapon locker (Cost: 3)
[2018/1/18 - 2:01:08] Gerg Mcflies has withdrawn a SPAS-12 from the weapon locker (Cost: 9)
[2018/1/18 - 2:01:08] Gerg Mcflies has withdrawn a M4A1 from the weapon locker (Cost: 9)
[2018/1/18 - 2:01:12] Gerg Mcflies has withdrawn a MP5 from the weapon locker (Cost: 4)
[2018/1/18 - 2:01:40] Josh Mcflies has withdrawn a MP5 from the weapon locker (Cost: 4)
[2018/1/18 - 2:01:42] Josh Mcflies has withdrawn a Desert Eagle from the weapon locker (Cost: 3)
[2018/1/18 - 2:01:48] Rhett Mclaughlin has withdrawn a Nitestick from the weapon locker (Cost: 1)
[2018/1/18 - 2:01:49] Rhett Mclaughlin has withdrawn a Spray Can from the weapon locker (Cost: 1)
[2018/1/18 - 2:01:50] Rhett Mclaughlin has withdrawn a Desert Eagle from the weapon locker (Cost: 3)
[2018/1/18 - 2:01:51] Rhett Mclaughlin has withdrawn a MP5 from the weapon locker (Cost: 4)
[2018/1/18 - 2:01:52] Rhett Mclaughlin has withdrawn a SPAS-12 from the weapon locker (Cost: 9)
[2018/1/18 - 2:01:54] Rhett Mclaughlin has withdrawn a M4A1 from the weapon locker (Cost: 9)
[2018/1/18 - 2:01:56] Rhett Mclaughlin has withdrawn a Sniper Rifle from the weapon locker (Cost: 10)
[2018/1/18 - 2:02:03] Mickey Mcflies has withdrawn a Desert Eagle from the weapon locker (Cost: 3)
[2018/1/18 - 2:02:05] Mickey Mcflies has withdrawn a SPAS-12 from the weapon locker (Cost: 9)
[2018/1/18 - 2:02:07] Mickey Mcflies has withdrawn a AK-47 from the weapon locker (Cost: 5)
[2018/1/18 - 2:02:08] Mickey Mcflies has withdrawn a M4A1 from the weapon locker (Cost: 9)
[2018/1/18 - 2:02:10] Mickey Mcflies has withdrawn a Sniper Rifle from the weapon locker (Cost: 10)
[2018/1/18 - 2:16:34] [I224] Michael Westen has logged in.
[2018/1/18 - 2:17:24] [P277] Officer II Tatsumi Hattori has logged out.
[2018/1/18 - 2:18:26] [I224] Sergeant Michael Westen has logged out.
[2018/1/18 - 2:21:31] Corporal Gerg Mcflies has logged out.
[2018/1/18 - 2:23:13] [D268] Officer II Antonio D. Sarto has logged out.
[2018/1/18 - 2:24:20] [VTICKET] Officer Suki Kingston has ticketed Greg Ross's Elegy (1436) for $5,000.
[2018/1/18 - 2:33:28] [P208] Corporal Rhett Mclaughlin has logged out.
[2018/1/18 - 2:34:33] [P223] Officer II Percival K. Banks has logged out.
[2018/1/18 - 2:35:19] [P277] Officer II Tatsumi Hattori has logged out.
[2018/1/18 - 2:35:52] [P239] Corporal Sharkiesha Diesel has timed out.
[2018/1/18 - 2:39:42] Corporal Josh Mcflies has timed out.
[2018/1/18 - 2:41:54] [D278] Officer II Carlos Flleming has timed out.
[2018/1/18 - 2:45:12] [D267] Officer II Suki Kingston has logged out.
[2018/1/18 - 2:50:19] Rhett Mclaughlin has withdrawn a Nitestick from the weapon locker (Cost: 1)
[2018/1/18 - 2:50:20] Rhett Mclaughlin has withdrawn a Spray Can from the weapon locker (Cost: 1)
[2018/1/18 - 2:50:21] Rhett Mclaughlin has withdrawn a Desert Eagle from the weapon locker (Cost: 3)
[2018/1/18 - 2:50:22] Rhett Mclaughlin has withdrawn a MP5 from the weapon locker (Cost: 4)
[2018/1/18 - 2:50:23] Rhett Mclaughlin has withdrawn a SPAS-12 from the weapon locker (Cost: 9)
[2018/1/18 - 2:50:24] Rhett Mclaughlin has withdrawn a M4A1 from the weapon locker (Cost: 9)
[2018/1/18 - 2:50:26] Rhett Mclaughlin has withdrawn a Sniper Rifle from the weapon locker (Cost: 10)
[2018/1/18 - 3:02:39] Rhett Mclaughlin has withdrawn a Nitestick from the weapon locker (Cost: 1)
[2018/1/18 - 3:02:40] Rhett Mclaughlin has withdrawn a Spray Can from the weapon locker (Cost: 1)
[2018/1/18 - 3:02:40] Rhett Mclaughlin has withdrawn a Desert Eagle from the weapon locker (Cost: 3)
[2018/1/18 - 3:02:41] Rhett Mclaughlin has withdrawn a MP5 from the weapon locker (Cost: 4)
[2018/1/18 - 3:02:42] Rhett Mclaughlin has withdrawn a SPAS-12 from the weapon locker (Cost: 9)
[2018/1/18 - 3:02:44] Rhett Mclaughlin has withdrawn a M4A1 from the weapon locker (Cost: 9)
[2018/1/18 - 3:02:45] Rhett Mclaughlin has withdrawn a Sniper Rifle from the weapon locker (Cost: 10)
[2018/1/18 - 3:02:47] Rhett Mclaughlin has withdrawn a Tear Gas from the weapon locker (Cost: 1)
[2018/1/18 - 3:16:51] [P277] Officer II Tatsumi Hattori has logged out.
[2018/1/18 - 3:28:52] [P383] Officer I Chelsya Thomas has timed out.
[2018/1/18 - 3:41:59] [P208] Corporal Rhett Mclaughlin has logged out.
[2018/1/18 - 3:42:43] [D270] Staff Sergeant Mickey Mcflies has logged out.
[2018/1/18 - 3:42:49] Corporal Josh Mcflies has logged out.
[2018/1/18 - 3:42:49] Corporal Gerg Mcflies has logged out.
[2018/1/18 - 3:58:42] [P239] Corporal Sharkiesha Diesel has logged out.
[2018/1/18 - 4:44:35] Carly Mcknight has withdrawn a Nitestick from the weapon locker (Cost: 1)
[2018/1/18 - 4:44:36] Carly Mcknight has withdrawn a Desert Eagle from the weapon locker (Cost: 3)
[2018/1/18 - 4:44:37] Carly Mcknight has withdrawn a SPAS-12 from the weapon locker (Cost: 9)
[2018/1/18 - 4:44:39] Carly Mcknight has withdrawn a M4A1 from the weapon locker (Cost: 9)
[2018/1/18 - 4:52:51] Carly Mcknight has withdrawn a Desert Eagle from the weapon locker (Cost: 3)
[2018/1/18 - 4:52:52] Carly Mcknight has withdrawn a SPAS-12 from the weapon locker (Cost: 9)
[2018/1/18 - 4:52:53] Carly Mcknight has withdrawn a M4A1 from the weapon locker (Cost: 9)
[2018/1/18 - 5:07:57] Carly Mcknight has withdrawn a M4A1 from the weapon locker (Cost: 9)
[2018/1/18 - 5:07:58] Carly Mcknight has withdrawn a SPAS-12 from the weapon locker (Cost: 9)
[2018/1/18 - 5:09:40] [VTICKET] Officer Chelsya Thomas has ticketed Joanne Saironim's Willard (1193) for $1,000.
[2018/1/18 - 5:11:35] [P294] Officer II Carly Mcknight has timed out.
[2018/1/18 - 5:25:08] [VTICKET] Officer Chelsya Thomas has ticketed Joanne Saironim's Willard (1193) for $1,000.
[2018/1/18 - 5:31:17] Kobe Mece (1000088591) has made Kobe Mece (1000088591) the leader of the LSPD.
[2018/1/18 - 5:31:27] Chief of Police Kobe Mece (1000088591) has set Kobe Mece's (1000088591) division to DET in LSPD (1).
[2018/1/18 - 5:39:08] Officer II Joey Armstrong has logged out.
[2018/1/18 - 5:58:13] Cadet Oby Maze has logged out.
[2018/1/18 - 5:58:59] [P383] Officer I Chelsya Thomas has logged out.
[2018/1/18 - 6:03:53] Cadet Oby Maze has logged out.
[2018/1/18 - 6:07:17] Officer II Joey Armstrong has logged out.
[2018/1/18 - 6:08:25] Oby Maze has withdrawn a MP5 from the weapon locker (Cost: 4)
[2018/1/18 - 6:08:29] Oby Maze has withdrawn a Spray Can from the weapon locker (Cost: 1)
[2018/1/18 - 6:26:59] IMPOUND: Oby Maze has impounded Jaxson Teller's Glendale and gained $30
[2018/1/18 - 6:37:06] Cadet Oby Maze has logged out.
[2018/1/18 - 7:04:11] [P383] Officer I Chelsya Thomas has logged out.
[2018/1/18 - 7:22:53] [I209] Corporal Cruzio Demon has timed out.
[2018/1/18 - 8:04:51] [I209] Corporal Cruzio Demon has logged out.
[2018/1/18 - 9:06:32] [I220] Lieutenant Hugo Rafael has logged out.
[2018/1/18 - 9:22:43] Cruzio Demon has withdrawn a Desert Eagle from the weapon locker (Cost: 3)
[2018/1/18 - 9:22:44] Cruzio Demon has withdrawn a SPAS-12 from the weapon locker (Cost: 9)
[2018/1/18 - 9:22:45] Cruzio Demon has withdrawn a AK-47 from the weapon locker (Cost: 5)
[2018/1/18 - 9:22:46] Cruzio Demon has withdrawn a Sniper Rifle from the weapon locker (Cost: 10)
[2018/1/18 - 9:26:16] Depyo Chaos has withdrawn a Desert Eagle from the weapon locker (Cost: 3)
[2018/1/18 - 9:26:18] Depyo Chaos has withdrawn a SPAS-12 from the weapon locker (Cost: 9)
[2018/1/18 - 9:26:19] Depyo Chaos has withdrawn a M4A1 from the weapon locker (Cost: 9)
[2018/1/18 - 9:27:14] [D229] Officer II Depyo Chaos has logged out.
[2018/1/18 - 9:35:36] [D229] Officer II Depyo Chaos has logged out.
[2018/1/18 - 9:49:26] Lieutenant Hugo Rafael (26972) (rank 6) has given Cruzio Demon (1000336769) rank 4 (Sergeant) in LSPD (1).
[2018/1/18 - 10:12:51] Jesse Raminez has withdrawn a SPAS-12 from the weapon locker (Cost: 9)
[2018/1/18 - 10:12:52] Jesse Raminez has withdrawn a AK-47 from the weapon locker (Cost: 5)
[2018/1/18 - 10:12:53] Jesse Raminez has withdrawn a Desert Eagle from the weapon locker (Cost: 3)
[2018/1/18 - 10:21:41] Lieutenant Hugo Rafael (26972) has set Hugo Rafael's (26972) division to DET in LSPD (1).
[2018/1/18 - 10:21:49] Lieutenant Hugo Rafael (26972) has set Hugo Rafael's (26972) division to PTL in LSPD (1).
[2018/1/18 - 10:21:51] Lieutenant Hugo Rafael (26972) has set Hugo Rafael's (26972) division to HON in LSPD (1).
[2018/1/18 - 10:21:53] Lieutenant Hugo Rafael (26972) has set Hugo Rafael's (26972) division to OPS in LSPD (1).
[2018/1/18 - 10:21:54] Lieutenant Hugo Rafael (26972) has set Hugo Rafael's (26972) division to IA in LSPD (1).
[2018/1/18 - 10:21:58] Lieutenant Hugo Rafael (26972) has set Hugo Rafael's (26972) division to FTO in LSPD (1).
[2018/1/18 - 10:22:01] Lieutenant Hugo Rafael (26972) has set Hugo Rafael's (26972) division to IA in LSPD (1).
[2018/1/18 - 10:23:53] Jesse Raminez has withdrawn a Desert Eagle from the weapon locker (Cost: 3)
[2018/1/18 - 10:23:54] Jesse Raminez has withdrawn a SPAS-12 from the weapon locker (Cost: 9)
[2018/1/18 - 10:24:01] Jesse Raminez has withdrawn a M4A1 from the weapon locker (Cost: 9)
[2018/1/18 - 10:37:59] Lieutenant Hugo Rafael (26972) has set Hugo Rafael's (26972) division to CMD in LSPD (1).
[2018/1/18 - 10:38:58] EMS Driver Hugo Rafael has successfully delivered Patient Cruzio Demon to the hospital.
[2018/1/18 - 10:40:42] * Officer Hugo Rafael has taken away Heaven Kurat's crack.
[2018/1/18 - 10:40:49] * Officer Hugo Rafael has taken away Heaven Kurat's Cannabis.
[2018/1/18 - 10:46:39] [I224] Michael Westen has logged in.
[2018/1/18 - 10:48:11] * Officer Jesse Raminez has taken away Vincent Banks's weapons.
[2018/1/18 - 10:52:04] Lieutenant Hugo Rafael (26972) has set Hugo Rafael's (26972) division to PTL in LSPD (1).
[2018/1/18 - 10:52:24] Lieutenant Hugo Rafael (26972) has set Hugo Rafael's (26972) division to IA in LSPD (1).
[2018/1/18 - 11:08:31] Hugo Rafael has withdrawn a Desert Eagle from the weapon locker (Cost: 3)
[2018/1/18 - 11:08:33] Hugo Rafael has withdrawn a SPAS-12 from the weapon locker (Cost: 9)
[2018/1/18 - 11:08:35] Hugo Rafael has withdrawn a M4A1 from the weapon locker (Cost: 9)
[2018/1/18 - 11:08:36] Hugo Rafael has withdrawn a Sniper Rifle from the weapon locker (Cost: 10)
[2018/1/18 - 11:09:11] [I209] Sergeant Cruzio Demon has logged out.
[2018/1/18 - 11:10:42] [P293] Corporal Lionel Taylor has logged out.
[2018/1/18 - 11:13:26] Jesse Raminez has withdrawn a SPAS-12 from the weapon locker (Cost: 9)
[2018/1/18 - 11:13:28] Jesse Raminez has withdrawn a M4A1 from the weapon locker (Cost: 9)
[2018/1/18 - 11:13:31] [D288] Officer II Jesse Raminez has logged out.
[2018/1/18 - 11:15:58] [I220] Lieutenant Hugo Rafael has logged out.
[2018/1/18 - 11:23:46] [P249] Officer II Jeff Favignano has logged out.
[2018/1/18 - 11:30:31] Lieutenant Hugo Rafael (26972) (rank 6) has given Michael Westen (1000044424) rank 6 (Lieutenant) in LSPD (1).
[2018/1/18 - 11:32:03] Michael Westen (1000044424) has quit the LSPD as a rank 6
[2018/1/18 - 11:32:20] Michael Westen (1000044424) accepted Lieutenant Hugo Rafael's (26972) invite to join LSPD (1).
[2018/1/18 - 11:32:21] Lieutenant Hugo Rafael (26972) (rank 6) has given Michael Westen (1000044424) rank 4 (Sergeant) in LSPD (1).
[2018/1/18 - 11:32:23] Lieutenant Hugo Rafael (26972) has set Michael Westen's (1000044424) division to IA in LSPD (1).
[2018/1/18 - 11:32:33] Hugo Rafael (26972) has set Michael Westen's (1000044424) badge to i224.
[2018/1/18 - 11:32:36] Hugo Rafael (26972) has set Michael Westen's (1000044424) badge to I224.
[2018/1/18 - 11:33:04] Michael Westen has withdrawn a Desert Eagle from the weapon locker (Cost: 3)
[2018/1/18 - 11:44:28] [I209] Sergeant Cruzio Demon has timed out.
[2018/1/18 - 11:48:02] Cruzio Demon has withdrawn a Desert Eagle from the weapon locker (Cost: 3)
[2018/1/18 - 11:48:03] Cruzio Demon has withdrawn a SPAS-12 from the weapon locker (Cost: 9)
[2018/1/18 - 11:48:04] Cruzio Demon has withdrawn a AK-47 from the weapon locker (Cost: 5)
[2018/1/18 - 11:48:05] Cruzio Demon has withdrawn a Sniper Rifle from the weapon locker (Cost: 10)
[2018/1/18 - 11:48:29] * Officer Tazz William has taken away Tazz Buenoh's crack.
[2018/1/18 - 11:48:29] Mondy Mcknight has withdrawn a Nitestick from the weapon locker (Cost: 1)
[2018/1/18 - 11:49:33] [I220] Lieutenant Hugo Rafael has logged out.
[2018/1/18 - 11:49:53] [I209] Sergeant Cruzio Demon has logged out.
[2018/1/18 - 11:50:59] Hector Jackson has withdrawn a SPAS-12 from the weapon locker (Cost: 9)
[2018/1/18 - 11:51:21] Hector Jackson has withdrawn a SPAS-12 from the weapon locker (Cost: 9)
[2018/1/18 - 11:51:24] Hector Jackson has withdrawn a M4A1 from the weapon locker (Cost: 9)
[2018/1/18 - 11:51:40] [D212] Officer II Cesur Turkes has timed out.
[2018/1/18 - 11:52:17] Hector Jackson has withdrawn a SPAS-12 from the weapon locker (Cost: 9)
[2018/1/18 - 11:52:21] Hector Jackson has withdrawn a M4A1 from the weapon locker (Cost: 9)
[2018/1/18 - 11:52:54] [I209] Sergeant Cruzio Demon has timed out.
[2018/1/18 - 11:53:55] Hugo Rafael has withdrawn a Desert Eagle from the weapon locker (Cost: 3)
[2018/1/18 - 11:53:56] Hugo Rafael has withdrawn a SPAS-12 from the weapon locker (Cost: 9)
[2018/1/18 - 11:53:57] Hugo Rafael has withdrawn a M4A1 from the weapon locker (Cost: 9)
[2018/1/18 - 11:53:58] Hugo Rafael has withdrawn a Sniper Rifle from the weapon locker (Cost: 10)
[2018/1/18 - 11:55:16] [P283] Cadet Haider Philipps has logged out.
[2018/1/18 - 11:55:33] Hector Jackson has withdrawn a M4A1 from the weapon locker (Cost: 9)
[2018/1/18 - 11:55:34] Hector Jackson has withdrawn a SPAS-12 from the weapon locker (Cost: 9)
[2018/1/18 - 11:56:30] Officer I Hector Jackson has timed out.
[2018/1/18 - 11:56:36] Lieutenant Hugo Rafael (26972) (rank 6) has uninvited Cesur Turkes (1000231888) (rank 2) from LSPD (1).
[2018/1/18 - 11:56:55] Cesur Turkes (1000231888) accepted Lieutenant Hugo Rafael's (26972) invite to join LSPD (1).
[2018/1/18 - 11:57:01] Lieutenant Hugo Rafael (26972) (rank 6) has given Cesur Turkes (1000231888) rank 2 (Officer II) in LSPD (1).
[2018/1/18 - 11:57:06] Lieutenant Hugo Rafael (26972) has set Cesur Turkes's (1000231888) division to DET in LSPD (1).
[2018/1/18 - 11:57:18] Hugo Rafael (26972) has set Cesur Turkes's (1000231888) badge to D212.
[2018/1/18 - 11:57:59] Haider Philipps has withdrawn a Desert Eagle from the weapon locker (Cost: 3)
[2018/1/18 - 11:58:00] Haider Philipps has withdrawn a MP5 from the weapon locker (Cost: 4)
[2018/1/18 - 11:58:02] Haider Philipps has withdrawn a Shotgun from the weapon locker (Cost: 2)
[2018/1/18 - 12:01:56] Cesur Turkes has withdrawn a M4A1 from the weapon locker (Cost: 9)
[2018/1/18 - 12:03:39] * Officer Haider Philipps has taken away Toni Veton's weapons.
[2018/1/18 - 12:10:13] [D212] Officer II Cesur Turkes has logged out.
[2018/1/18 - 12:17:15] [D212] Officer II Cesur Turkes has logged out.
[2018/1/18 - 12:29:02] Lieutenant Hugo Rafael (26972) has set Cruzio Demon's (1000336769) division to CMD in LSPD (1).
[2018/1/18 - 12:30:36] Lieutenant Hugo Rafael (26972) has set Mondy Mcknight's (99463) division to CMD in LSPD (1).
[2018/1/18 - 12:30:41] EMS Driver Mondy Mcknight has successfully delivered Patient Hugo Rafael to the hospital.
[2018/1/18 - 12:30:43] EMS Driver Mondy Mcknight has successfully delivered Patient Cardle Westwood to the hospital.
[2018/1/18 - 12:30:47] Lieutenant Hugo Rafael (26972) has set Mondy Mcknight's (99463) division to IA in LSPD (1).
[2018/1/18 - 12:30:49] Lieutenant Hugo Rafael (26972) has set Mondy Mcknight's (99463) division to DET in LSPD (1).
[2018/1/18 - 12:33:18] Lieutenant Hugo Rafael (26972) has set Cruzio Demon's (1000336769) division to IA in LSPD (1).
[2018/1/18 - 12:35:27] [P216] Officer I Tazz William has logged out.
[2018/1/18 - 12:38:21] Lieutenant Hugo Rafael (26972) has set Hugo Rafael's (26972) division to CMD in LSPD (1).
[2018/1/18 - 12:39:27] Officer II Cardle Westwood has logged out.
[2018/1/18 - 12:40:06] Kiley Alexander has withdrawn a Desert Eagle from the weapon locker (Cost: 3)
[2018/1/18 - 12:40:10] Kiley Alexander has withdrawn a SPAS-12 from the weapon locker (Cost: 9)
[2018/1/18 - 12:40:42] [D230] Officer II Kiley Alexander has logged out.
[2018/1/18 - 12:41:31] Hugo Rafael (26972) has set Mondy Mcknight's (99463) badge to D269.
[2018/1/18 - 12:41:46] EMS Driver Hugo Rafael has successfully delivered Patient Cruzio Demon to the hospital.
[2018/1/18 - 12:42:34] Cardle Westwood has withdrawn a Desert Eagle from the weapon locker (Cost: 3)
[2018/1/18 - 12:42:37] Cardle Westwood has withdrawn a AK-47 from the weapon locker (Cost: 5)
[2018/1/18 - 12:46:17] Patrick Livanos has withdrawn a Desert Eagle from the weapon locker (Cost: 3)
[2018/1/18 - 12:46:19] Patrick Livanos has withdrawn a SPAS-12 from the weapon locker (Cost: 9)
[2018/1/18 - 12:46:20] Patrick Livanos has withdrawn a M4A1 from the weapon locker (Cost: 9)
[2018/1/18 - 12:46:32] [P216] Officer I Tazz William has logged out.
[2018/1/18 - 12:46:47] Lieutenant Hugo Rafael (26972) has set Hugo Rafael's (26972) division to IA in LSPD (1).
[2018/1/18 - 12:48:03] Lieutenant Hugo Rafael (26972) has set Hugo Rafael's (26972) division to CMD in LSPD (1).
[2018/1/18 - 12:52:26] [P207] Officer II Patrick Livanos has logged out.
[2018/1/18 - 12:55:07] [D269] Officer II Mondy Mcknight has logged out.
[2018/1/18 - 12:55:26] Lieutenant Hugo Rafael (26972) has set Hugo Rafael's (26972) division to IA in LSPD (1).
[2018/1/18 - 12:56:00] Kobe Mece (1000088591) has made Kobe Mece (1000088591) the leader of the LSPD.
[2018/1/18 - 12:56:34] [D230] Officer II Kiley Alexander has logged out.
[2018/1/18 - 12:56:54] [D269] Officer II Mondy Mcknight has timed out.
[2018/1/18 - 12:57:00] Lieutenant Hugo Rafael (26972) has set Hugo Rafael's (26972) division to DET in LSPD (1).
[2018/1/18 - 12:57:11] Cardle Westwood has withdrawn a Desert Eagle from the weapon locker (Cost: 3)
[2018/1/18 - 12:57:13] Cardle Westwood has withdrawn a AK-47 from the weapon locker (Cost: 5)
[2018/1/18 - 12:57:18] Lieutenant Hugo Rafael (26972) has set Hugo Rafael's (26972) division to IA in LSPD (1).
[2018/1/18 - 12:58:01] [D269] Officer II Mondy Mcknight has timed out.
[2018/1/18 - 12:58:52] [D269] Officer II Mondy Mcknight has timed out.
[2018/1/18 - 12:59:13] Chief of Police Kobe Mece (1000088591) has set Kobe Mece's (1000088591) division to DET in LSPD (1).
[2018/1/18 - 12:59:17] Chief of Police Kobe Mece (1000088591) has set Kobe Mece's (1000088591) division to PTL in LSPD (1).
[2018/1/18 - 12:59:49] Tatsumi Hattori has withdrawn a Desert Eagle from the weapon locker (Cost: 3)
[2018/1/18 - 12:59:51] Tatsumi Hattori has withdrawn a M4A1 from the weapon locker (Cost: 9)
[2018/1/18 - 13:00:24] Hugo Rafael has withdrawn a Desert Eagle from the weapon locker (Cost: 3)
[2018/1/18 - 13:00:25] Hugo Rafael has withdrawn a SPAS-12 from the weapon locker (Cost: 9)
[2018/1/18 - 13:00:30] Hugo Rafael has withdrawn a AK-47 from the weapon locker (Cost: 5)
[2018/1/18 - 13:00:30] Hugo Rafael has withdrawn a Sniper Rifle from the weapon locker (Cost: 10)
[2018/1/18 - 13:00:38] Mondy Mcknight has withdrawn a Desert Eagle from the weapon locker (Cost: 3)
[2018/1/18 - 13:00:43] Mondy Mcknight has withdrawn a AK-47 from the weapon locker (Cost: 5)
[2018/1/18 - 13:01:38] Cruzio Demon has withdrawn a Desert Eagle from the weapon locker (Cost: 3)
[2018/1/18 - 13:01:39] Cruzio Demon has withdrawn a SPAS-12 from the weapon locker (Cost: 9)
[2018/1/18 - 13:01:40] Cruzio Demon has withdrawn a AK-47 from the weapon locker (Cost: 5)
[2018/1/18 - 13:01:41] Cruzio Demon has withdrawn a Sniper Rifle from the weapon locker (Cost: 10)
[2018/1/18 - 13:01:44] Kiley Alexander has withdrawn a Desert Eagle from the weapon locker (Cost: 3)
[2018/1/18 - 13:01:47] Kiley Alexander has withdrawn a M4A1 from the weapon locker (Cost: 9)
[2018/1/18 - 13:02:48] Patrick Livanos has withdrawn a Desert Eagle from the weapon locker (Cost: 3)
[2018/1/18 - 13:02:50] Patrick Livanos has withdrawn a SPAS-12 from the weapon locker (Cost: 9)
[2018/1/18 - 13:02:51] Patrick Livanos has withdrawn a M4A1 from the weapon locker (Cost: 9)
[2018/1/18 - 13:03:07] [P246] Officer I Zack Viccaji has logged out.
[2018/1/18 - 13:06:04] Administrator Kobe Mece has group-kicked Kobe Mece (1000088591) from LSPD (1)
[2018/1/18 - 13:19:49] [P277] Officer II Tatsumi Hattori has logged out.
[2018/1/18 - 13:21:37] Zack Viccaji has withdrawn a M4A1 from the weapon locker (Cost: 9)
[2018/1/18 - 13:21:38] Zack Viccaji has withdrawn a Desert Eagle from the weapon locker (Cost: 3)
[2018/1/18 - 13:21:41] Zack Viccaji has withdrawn a Nitestick from the weapon locker (Cost: 1)
[2018/1/18 - 13:21:42] Zack Viccaji has withdrawn a Shotgun from the weapon locker (Cost: 2)
[2018/1/18 - 13:22:28] [D230] Officer II Kiley Alexander has logged out.
[2018/1/18 - 13:23:53] * Officer Hugo Rafael has taken away Zyana Dios Bishop's Ecstasy.
[2018/1/18 - 13:23:56] * Officer Hugo Rafael has taken away Zyana Dios Bishop's weapons.
[2018/1/18 - 13:24:41] Patrick Livanos has withdrawn a Desert Eagle from the weapon locker (Cost: 3)
[2018/1/18 - 13:24:41] Patrick Livanos has withdrawn a SPAS-12 from the weapon locker (Cost: 9)
[2018/1/18 - 13:24:42] Patrick Livanos has withdrawn a M4A1 from the weapon locker (Cost: 9)
[2018/1/18 - 13:25:36] Michael Westen has withdrawn a SPAS-12 from the weapon locker (Cost: 9)
[2018/1/18 - 13:25:42] Michael Westen has withdrawn a M4A1 from the weapon locker (Cost: 9)
[2018/1/18 - 13:29:47] Mondy Mcknight has withdrawn a M4A1 from the weapon locker (Cost: 9)
[2018/1/18 - 13:29:53] Mondy Mcknight has withdrawn a Desert Eagle from the weapon locker (Cost: 3)
[2018/1/18 - 13:31:50] [I209] Sergeant Cruzio Demon has logged out.
[2018/1/18 - 13:38:03] [P207] Officer II Patrick Livanos has logged out.
[2018/1/18 - 13:42:49] [I220] Lieutenant Hugo Rafael has timed out.
[2018/1/18 - 13:50:34] Mondy Mcknight has withdrawn a M4A1 from the weapon locker (Cost: 9)
[2018/1/18 - 13:50:35] Mondy Mcknight has withdrawn a Desert Eagle from the weapon locker (Cost: 3)
[2018/1/18 - 13:51:31] [I209] Sergeant Cruzio Demon has timed out.
[2018/1/18 - 13:52:38] [I220] Lieutenant Hugo Rafael has logged out.
[2018/1/18 - 13:54:04] Zack Viccaji has withdrawn a Desert Eagle from the weapon locker (Cost: 3)
[2018/1/18 - 13:54:05] Zack Viccaji has withdrawn a Shotgun from the weapon locker (Cost: 2)
[2018/1/18 - 13:54:08] Zack Viccaji has withdrawn a Nitestick from the weapon locker (Cost: 1)
[2018/1/18 - 13:54:12] Officer II Cardle Westwood has logged out.
[2018/1/18 - 13:56:21] [P277] Officer II Tatsumi Hattori has logged out.
[2018/1/18 - 14:05:05] Officer I Mac Carl has logged out.
[2018/1/18 - 14:05:18] [P252] Officer I Peter Rodriguez has logged out.
[2018/1/18 - 14:07:00] Officer I Mac Carl has logged out.
[2018/1/18 - 14:07:47] Arif Leopard has withdrawn a Desert Eagle from the weapon locker (Cost: 3)
[2018/1/18 - 14:07:47] Arif Leopard has withdrawn a Nitestick from the weapon locker (Cost: 1)
[2018/1/18 - 14:07:48] Arif Leopard has withdrawn a SPAS-12 from the weapon locker (Cost: 9)
[2018/1/18 - 14:07:49] Arif Leopard has withdrawn a M4A1 from the weapon locker (Cost: 9)
[2018/1/18 - 14:09:04] Officer I Arif Leopard has logged out.
[2018/1/18 - 14:14:33] Tazz William has withdrawn a Desert Eagle from the weapon locker (Cost: 3)
[2018/1/18 - 14:14:34] Tazz William has withdrawn a SPAS-12 from the weapon locker (Cost: 9)
[2018/1/18 - 14:14:36] Tazz William has withdrawn a M4A1 from the weapon locker (Cost: 9)
[2018/1/18 - 14:15:05] [D269] Officer II Mondy Mcknight has logged out.
[2018/1/18 - 14:18:40] [P246] Officer I Zack Viccaji has logged out.
[2018/1/18 - 14:22:53] Officer II Cardle Westwood has timed out.
[2018/1/18 - 14:23:02] Officer I Hector Jackson has logged out.
[2018/1/18 - 14:23:13] [D237] Kara Danvers has logged in.
[2018/1/18 - 14:26:11] Tazz William has withdrawn a SPAS-12 from the weapon locker (Cost: 9)
[2018/1/18 - 14:26:14] Tazz William has withdrawn a M4A1 from the weapon locker (Cost: 9)
[2018/1/18 - 14:26:15] Tazz William has withdrawn a Desert Eagle from the weapon locker (Cost: 3)
[2018/1/18 - 14:29:42] Officer I Arif Leopard has logged out.
[2018/1/18 - 14:33:57] Peter Rodriguez has withdrawn a Nitestick from the weapon locker (Cost: 1)
[2018/1/18 - 14:33:58] Peter Rodriguez has withdrawn a Desert Eagle from the weapon locker (Cost: 3)
[2018/1/18 - 14:34:01] Peter Rodriguez has withdrawn a SPAS-12 from the weapon locker (Cost: 9)
[2018/1/18 - 14:35:15] Officer II Cardle Westwood has logged out.
[2018/1/18 - 14:37:41] [D269] Officer II Mondy Mcknight has timed out.
[2018/1/18 - 14:43:03] Arif Leopard has withdrawn a Nitestick from the weapon locker (Cost: 1)
[2018/1/18 - 14:43:05] Arif Leopard has withdrawn a Desert Eagle from the weapon locker (Cost: 3)
[2018/1/18 - 14:43:07] Arif Leopard has withdrawn a SPAS-12 from the weapon locker (Cost: 9)
[2018/1/18 - 14:43:09] Arif Leopard has withdrawn a M4A1 from the weapon locker (Cost: 9)
[2018/1/18 - 14:52:12] Tazz William has withdrawn a SPAS-12 from the weapon locker (Cost: 9)
[2018/1/18 - 14:52:13] Tazz William has withdrawn a Desert Eagle from the weapon locker (Cost: 3)
[2018/1/18 - 14:52:15] Tazz William has withdrawn a M4A1 from the weapon locker (Cost: 9)
[2018/1/18 - 14:52:45] [I220] Lieutenant Hugo Rafael has logged out.
[2018/1/18 - 14:59:00] [P221] Corporal Ruben Rodriquez has logged out.
[2018/1/18 - 15:01:55] [P216] Officer I Tazz William has timed out.
[2018/1/18 - 15:02:03] [P246] Officer I Zack Viccaji has timed out.
[2018/1/18 - 15:03:49] Officer I Arif Leopard has logged out.
[2018/1/18 - 15:07:15] Lieutenant Hugo Rafael (26972) has set Cruzio Demon's (1000336769) division to CMD in LSPD (1).
[2018/1/18 - 15:07:46] Kiley Alexander has withdrawn a Desert Eagle from the weapon locker (Cost: 3)
[2018/1/18 - 15:07:48] Kiley Alexander has withdrawn a SPAS-12 from the weapon locker (Cost: 9)
[2018/1/18 - 15:08:05] Zack Viccaji has withdrawn a Shotgun from the weapon locker (Cost: 2)
[2018/1/18 - 15:08:07] Zack Viccaji has withdrawn a Nitestick from the weapon locker (Cost: 1)
[2018/1/18 - 15:08:08] Zack Viccaji has withdrawn a Desert Eagle from the weapon locker (Cost: 3)
[2018/1/18 - 15:08:14] EMS Driver Cruzio Demon has successfully delivered Patient Hugo Rafael to the hospital.
[2018/1/18 - 15:08:15] EMS Driver Cruzio Demon has successfully delivered Patient Jeff Favignano to the hospital.
[2018/1/18 - 15:08:32] [P249] Officer II Jeff Favignano has timed out.
[2018/1/18 - 15:13:28] Lieutenant Hugo Rafael (26972) has set Sharkiesha Diesel's (1000618847) division to PTL in LSPD (1).
[2018/1/18 - 15:14:48] Lieutenant Hugo Rafael (26972) (rank 6) has uninvited Sharkiesha Diesel (1000618847) (rank 3) from LSPD (1).
[2018/1/18 - 15:15:03] Sharkiesha Diesel (1000618847) accepted Lieutenant Hugo Rafael's (26972) invite to join LSPD (1).
[2018/1/18 - 15:15:04] Lieutenant Hugo Rafael (26972) (rank 6) has given Sharkiesha Diesel (1000618847) rank 3 (Corporal) in LSPD (1).
[2018/1/18 - 15:15:07] Lieutenant Hugo Rafael (26972) has set Sharkiesha Diesel's (1000618847) division to PTL in LSPD (1).
[2018/1/18 - 15:15:17] Hugo Rafael (26972) has set Sharkiesha Diesel's (1000618847) badge to P2.
[2018/1/18 - 15:15:21] Hugo Rafael (26972) has set Sharkiesha Diesel's (1000618847) badge to P239.
[2018/1/18 - 15:20:46] Hugo Rafael has withdrawn a Desert Eagle from the weapon locker (Cost: 3)
[2018/1/18 - 15:20:47] Hugo Rafael has withdrawn a SPAS-12 from the weapon locker (Cost: 9)
[2018/1/18 - 15:20:49] Hugo Rafael has withdrawn a AK-47 from the weapon locker (Cost: 5)
[2018/1/18 - 15:20:50] Hugo Rafael has withdrawn a Sniper Rifle from the weapon locker (Cost: 10)
[2018/1/18 - 15:21:02] [I224] Sergeant Michael Westen has logged out.
[2018/1/18 - 15:24:21] Kara Danvers has withdrawn a Desert Eagle from the weapon locker (Cost: 3)
[2018/1/18 - 15:24:23] Kara Danvers has withdrawn a SPAS-12 from the weapon locker (Cost: 9)
[2018/1/18 - 15:27:52] [I220] Lieutenant Hugo Rafael has logged out.
[2018/1/18 - 15:34:36] Lieutenant Hugo Rafael (26972) has set Cruzio Demon's (1000336769) division to IA in LSPD (1).
[2018/1/18 - 15:35:49] Cruzio Demon has withdrawn a Desert Eagle from the weapon locker (Cost: 3)
[2018/1/18 - 15:35:50] Cruzio Demon has withdrawn a SPAS-12 from the weapon locker (Cost: 9)
[2018/1/18 - 15:35:51] Cruzio Demon has withdrawn a AK-47 from the weapon locker (Cost: 5)
[2018/1/18 - 15:35:52] Cruzio Demon has withdrawn a Sniper Rifle from the weapon locker (Cost: 10)
[2018/1/18 - 15:41:42] [P246] Officer I Zack Viccaji has logged out.
[2018/1/18 - 15:42:14] [I220] Lieutenant Hugo Rafael has logged out.
[2018/1/18 - 15:42:17] [D230] Officer II Kiley Alexander has logged out.
[2018/1/18 - 15:50:12] [D268] Officer II Antonio D. Sarto has logged out.
[2018/1/18 - 15:53:44] [P246] Officer I Zack Viccaji has logged out.
[2018/1/18 - 15:54:15] [I209] Sergeant Cruzio Demon has timed out.
[2018/1/18 - 15:56:23] [I209] Sergeant Cruzio Demon has timed out.
[2018/1/18 - 16:00:09] [P252] Officer I Peter Rodriguez has logged out.
[2018/1/18 - 16:08:11] Marcus Wingfield has withdrawn a Desert Eagle from the weapon locker (Cost: 3)
[2018/1/18 - 16:13:22] [P239] Corporal Sharkiesha Diesel has timed out.
[2018/1/18 - 16:16:39] [P216] Officer I Tazz William has logged out.
[2018/1/18 - 16:22:16] Alberto Reyes has withdrawn a M4A1 from the weapon locker (Cost: 9)
[2018/1/18 - 16:22:18] Alberto Reyes has withdrawn a SPAS-12 from the weapon locker (Cost: 9)
[2018/1/18 - 16:22:20] Alberto Reyes has withdrawn a Desert Eagle from the weapon locker (Cost: 3)
[2018/1/18 - 16:25:46] Alberto Reyes has withdrawn a SPAS-12 from the weapon locker (Cost: 9)
[2018/1/18 - 16:25:47] Alberto Reyes has withdrawn a M4A1 from the weapon locker (Cost: 9)
[2018/1/18 - 16:27:35] [P243] Officer I Alberto Reyes has logged out.
[2018/1/18 - 16:33:13] Cruzio Demon has withdrawn a Desert Eagle from the weapon locker (Cost: 3)
[2018/1/18 - 16:33:14] Cruzio Demon has withdrawn a SPAS-12 from the weapon locker (Cost: 9)
[2018/1/18 - 16:33:15] Cruzio Demon has withdrawn a AK-47 from the weapon locker (Cost: 5)
[2018/1/18 - 16:33:15] Cruzio Demon has withdrawn a Sniper Rifle from the weapon locker (Cost: 10)
[2018/1/18 - 16:33:27] [I209] Sergeant Cruzio Demon has timed out.
[2018/1/18 - 16:34:14] [C204] Cadet Indar Sharma has logged out.
[2018/1/18 - 16:36:23] [I209] Sergeant Cruzio Demon has logged out.
[2018/1/18 - 16:38:04] [I209] Sergeant Cruzio Demon has timed out.
[2018/1/18 - 16:40:03] [C204] Cadet Indar Sharma has logged out.
[2018/1/18 - 16:40:50] [P249] Officer II Jeff Favignano has logged out.
[2018/1/18 - 16:41:36] Cruzio Demon has withdrawn a Desert Eagle from the weapon locker (Cost: 3)
[2018/1/18 - 16:41:37] Cruzio Demon has withdrawn a SPAS-12 from the weapon locker (Cost: 9)
[2018/1/18 - 16:41:38] Cruzio Demon has withdrawn a AK-47 from the weapon locker (Cost: 5)
[2018/1/18 - 16:41:38] Cruzio Demon has withdrawn a Sniper Rifle from the weapon locker (Cost: 10)
[2018/1/18 - 16:45:11] [C204] Cadet Indar Sharma has logged out.
[2018/1/18 - 16:51:45] [D269] Officer II Mondy Mcknight has timed out.
[2018/1/18 - 16:52:00] [C204] Cadet Indar Sharma has logged out.
[2018/1/18 - 16:52:55] [P256] Officer I Sven Keizer has logged out.
[2018/1/18 - 16:53:27] Mondy Mcknight has withdrawn a M4A1 from the weapon locker (Cost: 9)
[2018/1/18 - 16:54:01] [P249] Officer II Jeff Favignano has timed out.
[2018/1/18 - 16:56:49] Lieutenant Hugo Rafael (26972) has set Hugo Rafael's (26972) division to CMD in LSPD (1).
[2018/1/18 - 16:57:15] [C204] Cadet Indar Sharma has logged out.
[2018/1/18 - 16:59:03] Lieutenant Hugo Rafael (26972) has set Hugo Rafael's (26972) division to PTL in LSPD (1).
[2018/1/18 - 16:59:04] [P247] Corporal Adam Townsend has logged out.
[2018/1/18 - 16:59:05] Lieutenant Hugo Rafael (26972) has set Hugo Rafael's (26972) division to IA in LSPD (1).
[2018/1/18 - 17:02:02] Alberto Reyes has withdrawn a Desert Eagle from the weapon locker (Cost: 3)
[2018/1/18 - 17:02:04] Alberto Reyes has withdrawn a SPAS-12 from the weapon locker (Cost: 9)
[2018/1/18 - 17:02:07] Alberto Reyes has withdrawn a M4A1 from the weapon locker (Cost: 9)
[2018/1/18 - 17:02:08] Cruzio Demon has withdrawn a Desert Eagle from the weapon locker (Cost: 3)
[2018/1/18 - 17:02:08] Sharkiesha Diesel has withdrawn a Desert Eagle from the weapon locker (Cost: 3)
[2018/1/18 - 17:02:08] Cruzio Demon has withdrawn a SPAS-12 from the weapon locker (Cost: 9)
[2018/1/18 - 17:02:09] Cruzio Demon has withdrawn a AK-47 from the weapon locker (Cost: 5)
[2018/1/18 - 17:02:10] Cruzio Demon has withdrawn a Sniper Rifle from the weapon locker (Cost: 10)
[2018/1/18 - 17:03:13] Jeff Favignano has withdrawn a AK-47 from the weapon locker (Cost: 5)
[2018/1/18 - 17:03:15] Jeff Favignano has withdrawn a Desert Eagle from the weapon locker (Cost: 3)
[2018/1/18 - 17:03:16] Jeff Favignano has withdrawn a SPAS-12 from the weapon locker (Cost: 9)
[2018/1/18 - 17:03:17] Hugo Rafael has withdrawn a Desert Eagle from the weapon locker (Cost: 3)
[2018/1/18 - 17:03:18] Hugo Rafael has withdrawn a SPAS-12 from the weapon locker (Cost: 9)
[2018/1/18 - 17:03:21] Hugo Rafael has withdrawn a M4A1 from the weapon locker (Cost: 9)
[2018/1/18 - 17:03:22] Hugo Rafael has withdrawn a Sniper Rifle from the weapon locker (Cost: 10)
[2018/1/18 - 17:04:59] [D269] Officer II Mondy Mcknight has timed out.
[2018/1/18 - 17:07:33] [I224] Michael Westen has logged in.
[2018/1/18 - 17:08:12] [C257] Cadet Marcus Wingfield has logged out.
[2018/1/18 - 17:11:35] [P243] Officer I Alberto Reyes has timed out.
[2018/1/18 - 17:11:39] Cruzio Demon has withdrawn a Desert Eagle from the weapon locker (Cost: 3)
[2018/1/18 - 17:11:40] Cruzio Demon has withdrawn a SPAS-12 from the weapon locker (Cost: 9)
[2018/1/18 - 17:11:41] Cruzio Demon has withdrawn a AK-47 from the weapon locker (Cost: 5)
[2018/1/18 - 17:11:43] Cruzio Demon has withdrawn a Sniper Rifle from the weapon locker (Cost: 10)
[2018/1/18 - 17:12:26] [I220] Lieutenant Hugo Rafael has logged out.
[2018/1/18 - 17:12:47] [C204] Cadet Indar Sharma has logged out.
[2018/1/18 - 17:14:33] Alberto Reyes has withdrawn a Desert Eagle from the weapon locker (Cost: 3)
[2018/1/18 - 17:14:33] Lieutenant Hugo Rafael (26972) (rank 6) has given Alberto Reyes (1000251746) rank 2 (Officer II) in LSPD (1).
[2018/1/18 - 17:14:35] Alberto Reyes has withdrawn a M4A1 from the weapon locker (Cost: 9)
[2018/1/18 - 17:14:36] Alberto Reyes has withdrawn a SPAS-12 from the weapon locker (Cost: 9)
[2018/1/18 - 17:17:02] [I220] Lieutenant Hugo Rafael has logged out.
[2018/1/18 - 17:18:44] [I220] Lieutenant Hugo Rafael has logged out.
[2018/1/18 - 17:23:08] Hugo Rafael has withdrawn a Desert Eagle from the weapon locker (Cost: 3)
[2018/1/18 - 17:23:09] Hugo Rafael has withdrawn a SPAS-12 from the weapon locker (Cost: 9)
[2018/1/18 - 17:23:10] Hugo Rafael has withdrawn a M4A1 from the weapon locker (Cost: 9)
[2018/1/18 - 17:23:11] Hugo Rafael has withdrawn a Sniper Rifle from the weapon locker (Cost: 10)
[2018/1/18 - 17:24:07] [C204] Cadet Indar Sharma has logged out.
[2018/1/18 - 17:24:24] [P256] Officer I Sven Keizer has timed out.
[2018/1/18 - 17:27:09] [D230] Officer II Kiley Alexander has logged out.
[2018/1/18 - 17:28:29] [C204] Cadet Indar Sharma has timed out.
[2018/1/18 - 17:30:05] Indar Sharma has withdrawn a Nitestick from the weapon locker (Cost: 1)
[2018/1/18 - 17:30:06] Indar Sharma has withdrawn a Spray Can from the weapon locker (Cost: 1)
[2018/1/18 - 17:30:07] Indar Sharma has withdrawn a Desert Eagle from the weapon locker (Cost: 3)
[2018/1/18 - 17:30:08] Indar Sharma has withdrawn a MP5 from the weapon locker (Cost: 4)
[2018/1/18 - 17:30:15] [C204] Cadet Indar Sharma has logged out.
[2018/1/18 - 17:31:35] [P249] Officer II Jeff Favignano has timed out.
[2018/1/18 - 17:33:04] [I220] Lieutenant Hugo Rafael has logged out.
[2018/1/18 - 17:33:27] [D269] Officer II Mondy Mcknight has timed out.
[2018/1/18 - 17:34:34] [P243] Officer II Alberto Reyes has timed out.
[2018/1/18 - 17:35:53] [P249] Officer II Jeff Favignano has logged out.
[2018/1/18 - 17:42:58] Sharkiesha Diesel has withdrawn a Desert Eagle from the weapon locker (Cost: 3)
[2018/1/18 - 17:43:01] Sven Keizer has withdrawn a Nitestick from the weapon locker (Cost: 1)
[2018/1/18 - 17:43:02] Sven Keizer has withdrawn a Spray Can from the weapon locker (Cost: 1)
[2018/1/18 - 17:43:02] Sven Keizer has withdrawn a Desert Eagle from the weapon locker (Cost: 3)
[2018/1/18 - 17:43:04] Sven Keizer has withdrawn a Shotgun from the weapon locker (Cost: 2)
[2018/1/18 - 17:43:05] Sven Keizer has withdrawn a SPAS-12 from the weapon locker (Cost: 9)
[2018/1/18 - 17:43:06] Sven Keizer has withdrawn a M4A1 from the weapon locker (Cost: 9)
[2018/1/18 - 17:43:08] Alex Whey Jefferson has withdrawn a Nitestick from the weapon locker (Cost: 1)
[2018/1/18 - 17:43:09] Alex Whey Jefferson has withdrawn a Desert Eagle from the weapon locker (Cost: 3)
[2018/1/18 - 17:43:10] Alex Whey Jefferson has withdrawn a SPAS-12 from the weapon locker (Cost: 9)
[2018/1/18 - 17:43:11] Alex Whey Jefferson has withdrawn a AK-47 from the weapon locker (Cost: 5)
[2018/1/18 - 17:43:11] Chelsya Thomas has withdrawn a Nitestick from the weapon locker (Cost: 1)
[2018/1/18 - 17:43:12] Chelsya Thomas has withdrawn a Spray Can from the weapon locker (Cost: 1)
[2018/1/18 - 17:43:13] Chelsya Thomas has withdrawn a Desert Eagle from the weapon locker (Cost: 3)
[2018/1/18 - 17:43:14] Chelsya Thomas has withdrawn a MP5 from the weapon locker (Cost: 4)
[2018/1/18 - 17:43:15] Chelsya Thomas has withdrawn a Shotgun from the weapon locker (Cost: 2)
[2018/1/18 - 17:43:19] Chelsya Thomas has withdrawn a SPAS-12 from the weapon locker (Cost: 9)
[2018/1/18 - 17:43:41] Cruzio Demon has withdrawn a Desert Eagle from the weapon locker (Cost: 3)
[2018/1/18 - 17:43:42] Cruzio Demon has withdrawn a SPAS-12 from the weapon locker (Cost: 9)
[2018/1/18 - 17:43:42] Cruzio Demon has withdrawn a AK-47 from the weapon locker (Cost: 5)
[2018/1/18 - 17:43:43] Cruzio Demon has withdrawn a Sniper Rifle from the weapon locker (Cost: 10)
[2018/1/18 - 17:44:26] Kiley Alexander has withdrawn a Desert Eagle from the weapon locker (Cost: 3)
[2018/1/18 - 17:44:27] Kiley Alexander has withdrawn a SPAS-12 from the weapon locker (Cost: 9)
[2018/1/18 - 17:45:43] Tazz William has withdrawn a Desert Eagle from the weapon locker (Cost: 3)
[2018/1/18 - 17:45:45] Tazz William has withdrawn a SPAS-12 from the weapon locker (Cost: 9)
[2018/1/18 - 17:45:47] Tazz William has withdrawn a M4A1 from the weapon locker (Cost: 9)
[2018/1/18 - 17:47:20] [P383] Officer I Chelsya Thomas has logged out.
[2018/1/18 - 17:48:22] Tatsumi Hattori has withdrawn a M4A1 from the weapon locker (Cost: 9)
[2018/1/18 - 17:48:27] Tatsumi Hattori has withdrawn a Desert Eagle from the weapon locker (Cost: 3)
[2018/1/18 - 17:50:54] Kiley Alexander has withdrawn a Desert Eagle from the weapon locker (Cost: 3)
[2018/1/18 - 17:50:59] Kiley Alexander has withdrawn a SPAS-12 from the weapon locker (Cost: 9)
[2018/1/18 - 17:51:26] Cruzio Demon has withdrawn a Desert Eagle from the weapon locker (Cost: 3)
[2018/1/18 - 17:51:27] Cruzio Demon has withdrawn a SPAS-12 from the weapon locker (Cost: 9)
[2018/1/18 - 17:51:27] Sharkiesha Diesel has withdrawn a Desert Eagle from the weapon locker (Cost: 3)
[2018/1/18 - 17:51:28] Cruzio Demon has withdrawn a AK-47 from the weapon locker (Cost: 5)
[2018/1/18 - 17:51:28] Arif Leopard has withdrawn a Nitestick from the weapon locker (Cost: 1)
[2018/1/18 - 17:51:29] Cruzio Demon has withdrawn a Sniper Rifle from the weapon locker (Cost: 10)
[2018/1/18 - 17:51:29] Arif Leopard has withdrawn a Desert Eagle from the weapon locker (Cost: 3)
[2018/1/18 - 17:51:30] Arif Leopard has withdrawn a SPAS-12 from the weapon locker (Cost: 9)
[2018/1/18 - 17:51:31] Arif Leopard has withdrawn a M4A1 from the weapon locker (Cost: 9)
[2018/1/18 - 17:52:28] Hugo Rafael (26972) has set Tatsumi Hattori's (1000626288) badge to D277.
[2018/1/18 - 17:54:52] Peter Rodriguez has withdrawn a Nitestick from the weapon locker (Cost: 1)
[2018/1/18 - 17:54:53] Peter Rodriguez has withdrawn a Desert Eagle from the weapon locker (Cost: 3)
[2018/1/18 - 17:54:54] Peter Rodriguez has withdrawn a M4A1 from the weapon locker (Cost: 9)
[2018/1/18 - 17:55:05] Lieutenant Hugo Rafael (26972) has set Kiley Alexander's (1000154106) division to PTL in LSPD (1).
[2018/1/18 - 17:57:50] Hugo Rafael (26972) has set Arif Leopard's (120328) badge to P296.
[2018/1/18 - 18:01:30] [P239] Corporal Sharkiesha Diesel has logged out.
[2018/1/18 - 18:10:57] Peter Rodriguez has withdrawn a Nitestick from the weapon locker (Cost: 1)
[2018/1/18 - 18:10:58] Peter Rodriguez has withdrawn a Desert Eagle from the weapon locker (Cost: 3)
[2018/1/18 - 18:11:00] Peter Rodriguez has withdrawn a M4A1 from the weapon locker (Cost: 9)
[2018/1/18 - 18:16:06] [D277] Officer II Tatsumi Hattori has logged out.
[2018/1/18 - 18:16:42] [P252] Officer I Peter Rodriguez has timed out.
[2018/1/18 - 18:19:20] [P256] Officer I Sven Keizer has logged out.
[2018/1/18 - 18:23:16] Lieutenant Hugo Rafael (26972) (rank 6) has uninvited Arif Leopard (120328) (rank 1) from LSPD (1).
[2018/1/18 - 18:26:09] Michael Westen has withdrawn a Desert Eagle from the weapon locker (Cost: 3)
[2018/1/18 - 18:26:10] Michael Westen has withdrawn a SPAS-12 from the weapon locker (Cost: 9)
[2018/1/18 - 18:26:12] Michael Westen has withdrawn a M4A1 from the weapon locker (Cost: 9)
[2018/1/18 - 18:29:41] [D230] Officer II Kiley Alexander has logged out.
[2018/1/18 - 18:36:20] [I220] Lieutenant Hugo Rafael has logged out.
[2018/1/18 - 18:39:29] [I224] Sergeant Michael Westen has logged out.
[2018/1/18 - 18:39:34] [D294] Officer II Nick Memphis has logged out.
[2018/1/18 - 18:53:59] [I220] Lieutenant Hugo Rafael has timed out.
[2018/1/18 - 18:54:26] [D230] Officer II Kiley Alexander has logged out.
[2018/1/18 - 18:55:37] [D267] Officer II Suki Kingston has logged out.
[2018/1/18 - 18:56:22] Alberto Reyes has withdrawn a SPAS-12 from the weapon locker (Cost: 9)
[2018/1/18 - 18:57:24] [A401] Captain Sean James has timed out.
[2018/1/18 - 19:02:51] Mondy Mcknight has withdrawn a M4A1 from the weapon locker (Cost: 9)
[2018/1/18 - 19:02:53] Mondy Mcknight has withdrawn a Desert Eagle from the weapon locker (Cost: 3)
[2018/1/18 - 19:02:54] Mondy Mcknight has withdrawn a Nitestick from the weapon locker (Cost: 1)
[2018/1/18 - 19:05:08] Alberto Reyes has withdrawn a Desert Eagle from the weapon locker (Cost: 3)
[2018/1/18 - 19:05:10] Alberto Reyes has withdrawn a SPAS-12 from the weapon locker (Cost: 9)
[2018/1/18 - 19:05:11] Alberto Reyes has withdrawn a M4A1 from the weapon locker (Cost: 9)
[2018/1/18 - 19:06:33] Patrick Henry (1000625294) has made Patrick Henry (1000625294) the leader of the LSPD.
[2018/1/18 - 19:06:48] Chief of Police Patrick Henry (1000625294) (rank 9) has given Patrick Henry (1000625294) rank 3 (Corporal) in LSPD (1).
[2018/1/18 - 19:07:08] Stella Monroe (167474) accepted Captain Sean James's (1000047031) invite to join LSPD (1).
[2018/1/18 - 19:07:09] Captain Sean James (1000047031) (rank 7) has given Stella Monroe (167474) rank 2 (Officer II) in LSPD (1).
[2018/1/18 - 19:07:15] Captain Sean James (1000047031) has set Stella Monroe's (167474) division to PTL in LSPD (1).
[2018/1/18 - 19:08:28] Stella Monroe has withdrawn a Desert Eagle from the weapon locker (Cost: 3)
[2018/1/18 - 19:08:28] Stella Monroe has withdrawn a MP5 from the weapon locker (Cost: 4)
[2018/1/18 - 19:08:31] Stella Monroe has withdrawn a M4A1 from the weapon locker (Cost: 9)
[2018/1/18 - 19:09:04] James Carl has withdrawn a Desert Eagle from the weapon locker (Cost: 3)
[2018/1/18 - 19:09:05] James Carl has withdrawn a SPAS-12 from the weapon locker (Cost: 9)
[2018/1/18 - 19:09:07] James Carl has withdrawn a M4A1 from the weapon locker (Cost: 9)
[2018/1/18 - 19:13:15] [D268] Officer II Antonio D. Sarto has logged out.
[2018/1/18 - 19:17:13] [P216] Officer I Tazz William has logged out.
[2018/1/18 - 19:19:46] [D269] Officer II Mondy Mcknight has logged out.
[2018/1/18 - 19:19:51] Cruzio Demon has withdrawn a Desert Eagle from the weapon locker (Cost: 3)
[2018/1/18 - 19:19:52] Cruzio Demon has withdrawn a SPAS-12 from the weapon locker (Cost: 9)
[2018/1/18 - 19:19:53] Cruzio Demon has withdrawn a AK-47 from the weapon locker (Cost: 5)
[2018/1/18 - 19:19:54] Cruzio Demon has withdrawn a Sniper Rifle from the weapon locker (Cost: 10)
[2018/1/18 - 19:20:00] Dro Ryders has withdrawn a Desert Eagle from the weapon locker (Cost: 3)
[2018/1/18 - 19:20:02] Dro Ryders has withdrawn a M4A1 from the weapon locker (Cost: 9)
[2018/1/18 - 19:21:32] Paris Jamaica (1000626204) accepted Captain Sean James's (1000047031) invite to join LSPD (1).
[2018/1/18 - 19:21:34] Captain Sean James (1000047031) (rank 7) has given Paris Jamaica (1000626204) rank 4 (Sergeant) in LSPD (1).
[2018/1/18 - 19:21:39] Captain Sean James (1000047031) has set Paris Jamaica's (1000626204) division to PTL in LSPD (1).
[2018/1/18 - 19:22:02] Sean James (1000047031) has set Paris Jamaica's (1000626204) badge to P234.
[2018/1/18 - 19:23:27] [D277] Officer II Tatsumi Hattori has logged out.
[2018/1/18 - 19:24:24] Officer II Stella Monroe has logged out.
[2018/1/18 - 19:26:10] Paris Jamaica has withdrawn a SPAS-12 from the weapon locker (Cost: 9)
[2018/1/18 - 19:26:13] Paris Jamaica has withdrawn a Sniper Rifle from the weapon locker (Cost: 10)
[2018/1/18 - 19:27:38] [P272] Officer I James Carl has logged out.
[2018/1/18 - 19:50:32] [I209] Sergeant Cruzio Demon has logged out.
[2018/1/18 - 19:52:12] Kobe Mece (1000088591) has made Kobe Mece (1000088591) the leader of the LSPD.
[2018/1/18 - 19:52:24] Paris Jamaica has withdrawn a Desert Eagle from the weapon locker (Cost: 3)
[2018/1/18 - 19:52:25] Paris Jamaica has withdrawn a MP5 from the weapon locker (Cost: 4)
[2018/1/18 - 19:52:26] Paris Jamaica has withdrawn a SPAS-12 from the weapon locker (Cost: 9)
[2018/1/18 - 19:52:27] Paris Jamaica has withdrawn a M4A1 from the weapon locker (Cost: 9)
[2018/1/18 - 19:52:29] Paris Jamaica has withdrawn a Sniper Rifle from the weapon locker (Cost: 10)
[2018/1/18 - 19:52:55] * Officer Kobe Mece has taken away Joe Chicano's weapons.
[2018/1/18 - 19:53:42] [VTICKET] Officer Dro Ryders has ticketed Hartax Blacker's Sultan (1284) for $1,000.
[2018/1/18 - 19:55:11] [P256] Officer I Sven Keizer has timed out.
[2018/1/18 - 19:55:19] Administrator Kobe Mece has group-kicked Kobe Mece (1000088591) from LSPD (1)
[2018/1/18 - 20:06:23] [P246] Officer I Zack Viccaji has logged out.
[2018/1/18 - 20:09:36] Sven Keizer has withdrawn a Nitestick from the weapon locker (Cost: 1)
[2018/1/18 - 20:09:37] Sven Keizer has withdrawn a Spray Can from the weapon locker (Cost: 1)
[2018/1/18 - 20:09:37] Sven Keizer has withdrawn a Desert Eagle from the weapon locker (Cost: 3)
[2018/1/18 - 20:09:38] Sven Keizer has withdrawn a MP5 from the weapon locker (Cost: 4)
[2018/1/18 - 20:09:40] Sven Keizer has withdrawn a SPAS-12 from the weapon locker (Cost: 9)
[2018/1/18 - 20:09:48] Sven Keizer has withdrawn a M4A1 from the weapon locker (Cost: 9)
[2018/1/18 - 20:11:19] Tazz William has withdrawn a Desert Eagle from the weapon locker (Cost: 3)
[2018/1/18 - 20:11:21] Tazz William has withdrawn a SPAS-12 from the weapon locker (Cost: 9)
[2018/1/18 - 20:11:23] Tazz William has withdrawn a M4A1 from the weapon locker (Cost: 9)
[2018/1/18 - 20:11:31] Dro Ryders has withdrawn a Desert Eagle from the weapon locker (Cost: 3)
[2018/1/18 - 20:11:34] Dro Ryders has withdrawn a M4A1 from the weapon locker (Cost: 9)
[2018/1/18 - 20:13:56] [P246] Officer I Zack Viccaji has logged out.
[2018/1/18 - 20:14:19] [I224] Michael Westen has logged in.
[2018/1/18 - 20:15:37] [D277] Officer II Tatsumi Hattori has logged out.
[2018/1/18 - 20:15:48] [P216] Officer I Tazz William has logged out.
[2018/1/18 - 20:20:56] Mark Farrow (310683) has quit the LSPD as a rank 2
[2018/1/18 - 20:27:36] [P225] Corporal Adam D. Coleman has logged out.
[2018/1/18 - 20:27:55] * Officer Alberto Reyes has taken away Tony Brooks's crack.
[2018/1/18 - 20:28:02] [VTICKET] Officer Dro Ryders has ticketed Hartax Blacker's Huntley (673) for $1,000.
[2018/1/18 - 20:28:07] [D268] Officer II Antonio D. Sarto has logged out.
[2018/1/18 - 20:29:53] [D277] Officer II Tatsumi Hattori has timed out.
[2018/1/18 - 20:30:44] [D277] Officer II Tatsumi Hattori has logged out.
[2018/1/18 - 20:33:52] [D267] Officer II Suki Kingston has logged out.
[2018/1/18 - 20:40:04] [P252] Officer I Peter Rodriguez has timed out.
[2018/1/18 - 20:40:21] Chelsya Thomas has withdrawn a Nitestick from the weapon locker (Cost: 1)
[2018/1/18 - 20:40:22] Chelsya Thomas has withdrawn a Spray Can from the weapon locker (Cost: 1)
[2018/1/18 - 20:40:23] Chelsya Thomas has withdrawn a Desert Eagle from the weapon locker (Cost: 3)
[2018/1/18 - 20:40:28] Sven Keizer has withdrawn a Nitestick from the weapon locker (Cost: 1)
[2018/1/18 - 20:40:29] Sven Keizer has withdrawn a Desert Eagle from the weapon locker (Cost: 3)
[2018/1/18 - 20:40:29] Chelsya Thomas has withdrawn a MP5 from the weapon locker (Cost: 4)
[2018/1/18 - 20:40:30] Sven Keizer has withdrawn a MP5 from the weapon locker (Cost: 4)
[2018/1/18 - 20:40:30] Chelsya Thomas has withdrawn a SPAS-12 from the weapon locker (Cost: 9)
[2018/1/18 - 20:40:31] Sven Keizer has withdrawn a Shotgun from the weapon locker (Cost: 2)
[2018/1/18 - 20:40:32] Sven Keizer has withdrawn a SPAS-12 from the weapon locker (Cost: 9)
[2018/1/18 - 20:40:34] Sven Keizer has withdrawn a M4A1 from the weapon locker (Cost: 9)
[2018/1/18 - 20:40:55] Alberto Reyes has withdrawn a Desert Eagle from the weapon locker (Cost: 3)
[2018/1/18 - 20:40:56] Zack Viccaji has withdrawn a M4A1 from the weapon locker (Cost: 9)
[2018/1/18 - 20:40:57] Alberto Reyes has withdrawn a SPAS-12 from the weapon locker (Cost: 9)
[2018/1/18 - 20:40:58] Alberto Reyes has withdrawn a M4A1 from the weapon locker (Cost: 9)
[2018/1/18 - 20:41:00] Officer I Dro Ryders has timed out.
[2018/1/18 - 20:42:54] Tazz William has withdrawn a Desert Eagle from the weapon locker (Cost: 3)
[2018/1/18 - 20:42:55] Tazz William has withdrawn a SPAS-12 from the weapon locker (Cost: 9)
[2018/1/18 - 20:42:58] Tazz William has withdrawn a M4A1 from the weapon locker (Cost: 9)
[2018/1/18 - 20:45:12] [P383] Officer I Chelsya Thomas has logged out.
[2018/1/18 - 20:46:50] Jay Artz (1000618511) accepted Lieutenant James Raminez's (1000187106) invite to join LSPD (1).
[2018/1/18 - 20:46:52] Lieutenant James Raminez (1000187106) (rank 6) has given Jay Artz (1000618511) rank 3 (Corporal) in LSPD (1).
[2018/1/18 - 20:46:54] Lieutenant James Raminez (1000187106) has set Jay Artz's (1000618511) division to PTL in LSPD (1).
[2018/1/18 - 20:47:03] [D222] Lieutenant James Raminez has logged out.
[2018/1/18 - 20:48:27] [P383] Officer I Chelsya Thomas has logged out.
[2018/1/18 - 20:55:46] Alberto Reyes has withdrawn a SPAS-12 from the weapon locker (Cost: 9)
[2018/1/18 - 20:55:47] Alberto Reyes has withdrawn a Desert Eagle from the weapon locker (Cost: 3)
[2018/1/18 - 20:55:50] Alberto Reyes has withdrawn a M4A1 from the weapon locker (Cost: 9)
[2018/1/18 - 20:57:10] [P216] Officer I Tazz William has logged out.
[2018/1/18 - 20:59:11] James Carl has withdrawn a Desert Eagle from the weapon locker (Cost: 3)
[2018/1/18 - 20:59:14] James Carl has withdrawn a SPAS-12 from the weapon locker (Cost: 9)
[2018/1/18 - 20:59:17] Sharkiesha Diesel has withdrawn a Desert Eagle from the weapon locker (Cost: 3)
[2018/1/18 - 20:59:41] James Carl has withdrawn a AK-47 from the weapon locker (Cost: 5)
[2018/1/18 - 21:04:55] Antonio D. Sarto has withdrawn a Desert Eagle from the weapon locker (Cost: 3)
[2018/1/18 - 21:04:57] Antonio D. Sarto has withdrawn a M4A1 from the weapon locker (Cost: 9)
[2018/1/18 - 21:05:04] Antonio D. Sarto has withdrawn a SPAS-12 from the weapon locker (Cost: 9)
[2018/1/18 - 21:08:01] Kevin Kush (1000071051) has made Kevin Kush (1000071051) the leader of the LSPD.
[2018/1/18 - 21:08:11] Sven Keizer has withdrawn a Nitestick from the weapon locker (Cost: 1)
[2018/1/18 - 21:08:12] Sven Keizer has withdrawn a Spray Can from the weapon locker (Cost: 1)
[2018/1/18 - 21:08:13] Sven Keizer has withdrawn a Desert Eagle from the weapon locker (Cost: 3)
[2018/1/18 - 21:08:15] Sven Keizer has withdrawn a SPAS-12 from the weapon locker (Cost: 9)
[2018/1/18 - 21:08:16] Sven Keizer has withdrawn a M4A1 from the weapon locker (Cost: 9)
[2018/1/18 - 21:09:29] James Carl has withdrawn a Desert Eagle from the weapon locker (Cost: 3)
[2018/1/18 - 21:09:31] James Carl has withdrawn a SPAS-12 from the weapon locker (Cost: 9)
[2018/1/18 - 21:09:32] James Carl has withdrawn a M4A1 from the weapon locker (Cost: 9)
[2018/1/18 - 21:10:07] Sharkiesha Diesel has withdrawn a Desert Eagle from the weapon locker (Cost: 3)
[2018/1/18 - 21:10:09] Sharkiesha Diesel has withdrawn a AK-47 from the weapon locker (Cost: 5)
[2018/1/18 - 21:12:09] Zack Viccaji has withdrawn a Desert Eagle from the weapon locker (Cost: 3)
[2018/1/18 - 21:12:11] Zack Viccaji has withdrawn a Shotgun from the weapon locker (Cost: 2)
[2018/1/18 - 21:13:00] [P246] Officer I Zack Viccaji has logged out.
[2018/1/18 - 21:13:12] Antonio D. Sarto has withdrawn a Desert Eagle from the weapon locker (Cost: 3)
[2018/1/18 - 21:13:14] Antonio D. Sarto has withdrawn a SPAS-12 from the weapon locker (Cost: 9)
[2018/1/18 - 21:13:15] Antonio D. Sarto has withdrawn a M4A1 from the weapon locker (Cost: 9)
[2018/1/18 - 21:14:27] Kara Danvers has withdrawn a Desert Eagle from the weapon locker (Cost: 3)
[2018/1/18 - 21:15:17] Kara Danvers has withdrawn a SPAS-12 from the weapon locker (Cost: 9)
[2018/1/18 - 21:15:18] Kara Danvers has withdrawn a M4A1 from the weapon locker (Cost: 9)
[2018/1/18 - 21:16:03] Jason Bly has withdrawn a Sniper Rifle from the weapon locker (Cost: 10)
[2018/1/18 - 21:22:05] Alberto Reyes has withdrawn a Desert Eagle from the weapon locker (Cost: 3)
[2018/1/18 - 21:22:07] Alberto Reyes has withdrawn a SPAS-12 from the weapon locker (Cost: 9)
[2018/1/18 - 21:22:08] Alberto Reyes has withdrawn a M4A1 from the weapon locker (Cost: 9)
[2018/1/18 - 21:24:13] [P272] Officer I James Carl has logged out.
[2018/1/18 - 21:24:27] Lieutenant Hugo Rafael (rank 7) has offline uninvited James Carl from LSPD (1).
[2018/1/18 - 21:24:54] Paris Jamaica has withdrawn a Desert Eagle from the weapon locker (Cost: 3)
[2018/1/18 - 21:24:55] Paris Jamaica has withdrawn a MP5 from the weapon locker (Cost: 4)
[2018/1/18 - 21:24:57] Paris Jamaica has withdrawn a SPAS-12 from the weapon locker (Cost: 9)
[2018/1/18 - 21:24:59] Paris Jamaica has withdrawn a M4A1 from the weapon locker (Cost: 9)
[2018/1/18 - 21:25:01] Paris Jamaica has withdrawn a Sniper Rifle from the weapon locker (Cost: 10)
[2018/1/18 - 21:29:12] Percival K. Banks has withdrawn a Nitestick from the weapon locker (Cost: 1)
[2018/1/18 - 21:29:13] Percival K. Banks has withdrawn a Spray Can from the weapon locker (Cost: 1)
[2018/1/18 - 21:29:14] Percival K. Banks has withdrawn a Desert Eagle from the weapon locker (Cost: 3)
[2018/1/18 - 21:29:17] Percival K. Banks has withdrawn a SPAS-12 from the weapon locker (Cost: 9)
[2018/1/18 - 21:29:18] Percival K. Banks has withdrawn a M4A1 from the weapon locker (Cost: 9)
[2018/1/18 - 21:30:17] [P256] Officer I Sven Keizer has logged out.
[2018/1/18 - 21:32:24] Lieutenant Hugo Rafael (26972) has set Hugo Rafael's (26972) division to CMD in LSPD (1).
[2018/1/18 - 21:32:55] Sharkiesha Diesel has withdrawn a Desert Eagle from the weapon locker (Cost: 3)
[2018/1/18 - 21:34:21] [P243] Officer II Alberto Reyes has logged out.
[2018/1/18 - 21:35:41] EMS Driver Hugo Rafael has successfully delivered Patient Conard Scaletta to the hospital.
[2018/1/18 - 21:36:43] [I220] Lieutenant Hugo Rafael has logged out.
[2018/1/18 - 21:37:49] [P102] Sergeant Jerome Mcwill has logged out.
[2018/1/18 - 21:37:54] [P234] Sergeant Paris Jamaica has logged out.
[2018/1/18 - 21:42:48] Jason Bly has withdrawn a Desert Eagle from the weapon locker (Cost: 3)
[2018/1/18 - 21:42:49] Jason Bly has withdrawn a SPAS-12 from the weapon locker (Cost: 9)
[2018/1/18 - 21:42:50] Jason Bly has withdrawn a M4A1 from the weapon locker (Cost: 9)
[2018/1/18 - 21:42:52] Jason Bly has withdrawn a Sniper Rifle from the weapon locker (Cost: 10)
[2018/1/18 - 21:50:27] [P256] Officer I Sven Keizer has logged out.
[2018/1/18 - 21:51:52] * Officer Percival K. Banks has taken away Casper Fortunato's weapons.
[2018/1/18 - 21:53:54] Sven Keizer has withdrawn a Nitestick from the weapon locker (Cost: 1)
[2018/1/18 - 21:53:55] Sven Keizer has withdrawn a Desert Eagle from the weapon locker (Cost: 3)
[2018/1/18 - 21:53:56] Sven Keizer has withdrawn a Shotgun from the weapon locker (Cost: 2)
[2018/1/18 - 21:53:58] Sven Keizer has withdrawn a SPAS-12 from the weapon locker (Cost: 9)
[2018/1/18 - 21:54:00] Sven Keizer has withdrawn a M4A1 from the weapon locker (Cost: 9)
[2018/1/18 - 21:54:04] Sven Keizer has withdrawn a MP5 from the weapon locker (Cost: 4)
[2018/1/18 - 21:56:05] Carlos Flleming has withdrawn a Desert Eagle from the weapon locker (Cost: 3)
[2018/1/18 - 21:56:07] Carlos Flleming has withdrawn a SPAS-12 from the weapon locker (Cost: 9)
[2018/1/18 - 21:56:08] Carlos Flleming has withdrawn a M4A1 from the weapon locker (Cost: 9)
[2018/1/18 - 21:56:09] Carlos Flleming has withdrawn a Nitestick from the weapon locker (Cost: 1)
[2018/1/18 - 21:56:51] Antonio D. Sarto has withdrawn a Desert Eagle from the weapon locker (Cost: 3)
[2018/1/18 - 21:56:53] Antonio D. Sarto has withdrawn a SPAS-12 from the weapon locker (Cost: 9)
[2018/1/18 - 21:56:54] Antonio D. Sarto has withdrawn a M4A1 from the weapon locker (Cost: 9)
[2018/1/18 - 22:01:02] Sharkiesha Diesel has withdrawn a Desert Eagle from the weapon locker (Cost: 3)
[2018/1/18 - 22:01:50] Tazz William has withdrawn a Desert Eagle from the weapon locker (Cost: 3)
[2018/1/18 - 22:02:09] Sharkiesha Diesel has withdrawn a AK-47 from the weapon locker (Cost: 5)
[2018/1/18 - 22:07:08] [P216] Officer I Tazz William has timed out.
[2018/1/18 - 22:11:03] [I224] Sergeant Michael Westen has logged out.
[2018/1/18 - 22:17:24] Tazz William has withdrawn a SPAS-12 from the weapon locker (Cost: 9)
[2018/1/18 - 22:17:27] Tazz William has withdrawn a M4A1 from the weapon locker (Cost: 9)
[2018/1/18 - 22:17:30] Tazz William has withdrawn a Desert Eagle from the weapon locker (Cost: 3)
[2018/1/18 - 22:17:51] [P216] Officer I Tazz William has logged out.
[2018/1/18 - 22:22:01] [P252] Corporal John Swagger has logged out.
[2018/1/18 - 22:22:26] [D268] Officer II Antonio D. Sarto has logged out.
[2018/1/18 - 22:24:21] Sven Keizer has withdrawn a Nitestick from the weapon locker (Cost: 1)
[2018/1/18 - 22:24:22] Sven Keizer has withdrawn a Spray Can from the weapon locker (Cost: 1)
[2018/1/18 - 22:24:23] Sven Keizer has withdrawn a Desert Eagle from the weapon locker (Cost: 3)
[2018/1/18 - 22:24:24] Sven Keizer has withdrawn a MP5 from the weapon locker (Cost: 4)
[2018/1/18 - 22:24:26] Sven Keizer has withdrawn a SPAS-12 from the weapon locker (Cost: 9)
[2018/1/18 - 22:24:28] Sven Keizer has withdrawn a M4A1 from the weapon locker (Cost: 9)
[2018/1/18 - 22:25:19] [VTICKET] Officer Chelsya Thomas has ticketed Conner James's Yosemite (1289) for $1.
[2018/1/18 - 22:26:09] [D278] Officer II Carlos Flleming has logged out.
[2018/1/18 - 22:26:15] [P223] Officer II Percival K. Banks has logged out.
[2018/1/18 - 22:27:50] [P252] Corporal John Swagger has timed out.
[2018/1/18 - 22:28:58] [VTICKET] Officer Chelsya Thomas has ticketed Dwayne Radcliffe's Hermes (1378) for $5,000.
[2018/1/18 - 22:32:04] [P216] Officer I Tazz William has logged out.
[2018/1/18 - 22:33:04] Rhett Mclaughlin has withdrawn a Nitestick from the weapon locker (Cost: 1)
[2018/1/18 - 22:33:05] Rhett Mclaughlin has withdrawn a Spray Can from the weapon locker (Cost: 1)
[2018/1/18 - 22:33:05] Rhett Mclaughlin has withdrawn a Desert Eagle from the weapon locker (Cost: 3)
[2018/1/18 - 22:33:06] Rhett Mclaughlin has withdrawn a SPAS-12 from the weapon locker (Cost: 9)
[2018/1/18 - 22:33:08] Rhett Mclaughlin has withdrawn a MP5 from the weapon locker (Cost: 4)
[2018/1/18 - 22:33:09] Rhett Mclaughlin has withdrawn a M4A1 from the weapon locker (Cost: 9)
[2018/1/18 - 22:33:11] Rhett Mclaughlin has withdrawn a Sniper Rifle from the weapon locker (Cost: 10)
[2018/1/18 - 22:33:12] Rhett Mclaughlin has withdrawn a Tear Gas from the weapon locker (Cost: 1)
[2018/1/18 - 22:33:52] Sven Keizer has withdrawn a Nitestick from the weapon locker (Cost: 1)
[2018/1/18 - 22:33:53] Sven Keizer has withdrawn a Spray Can from the weapon locker (Cost: 1)
[2018/1/18 - 22:33:56] Sven Keizer has withdrawn a Desert Eagle from the weapon locker (Cost: 3)
[2018/1/18 - 22:33:57] Sven Keizer has withdrawn a SPAS-12 from the weapon locker (Cost: 9)
[2018/1/18 - 22:33:59] Sven Keizer has withdrawn a M4A1 from the weapon locker (Cost: 9)
[2018/1/18 - 22:39:50] [P383] Officer I Chelsya Thomas has logged out.
[2018/1/18 - 22:40:18] Sven Keizer has withdrawn a Nitestick from the weapon locker (Cost: 1)
[2018/1/18 - 22:40:19] Sven Keizer has withdrawn a Spray Can from the weapon locker (Cost: 1)
[2018/1/18 - 22:40:21] Sven Keizer has withdrawn a Desert Eagle from the weapon locker (Cost: 3)
[2018/1/18 - 22:40:22] Sven Keizer has withdrawn a SPAS-12 from the weapon locker (Cost: 9)
[2018/1/18 - 22:40:24] Sven Keizer has withdrawn a M4A1 from the weapon locker (Cost: 9)
[2018/1/18 - 22:40:25] Sven Keizer has withdrawn a MP5 from the weapon locker (Cost: 4)
[2018/1/18 - 22:41:28] [P239] Corporal Sharkiesha Diesel has logged out.
[2018/1/18 - 22:42:33] Carlos Flleming has withdrawn a Nitestick from the weapon locker (Cost: 1)
[2018/1/18 - 22:42:34] Carlos Flleming has withdrawn a Desert Eagle from the weapon locker (Cost: 3)
[2018/1/18 - 22:42:36] Carlos Flleming has withdrawn a SPAS-12 from the weapon locker (Cost: 9)
[2018/1/18 - 22:42:37] Carlos Flleming has withdrawn a M4A1 from the weapon locker (Cost: 9)
[2018/1/18 - 22:42:37] Antonio D. Sarto has withdrawn a Desert Eagle from the weapon locker (Cost: 3)
[2018/1/18 - 22:42:38] Antonio D. Sarto has withdrawn a SPAS-12 from the weapon locker (Cost: 9)
[2018/1/18 - 22:42:39] Antonio D. Sarto has withdrawn a M4A1 from the weapon locker (Cost: 9)
[2018/1/18 - 22:42:44] Dro Ryders has withdrawn a Desert Eagle from the weapon locker (Cost: 3)
[2018/1/18 - 22:42:47] Dro Ryders has withdrawn a SPAS-12 from the weapon locker (Cost: 9)
[2018/1/18 - 22:42:48] Jay Artz has withdrawn a Desert Eagle from the weapon locker (Cost: 3)
[2018/1/18 - 22:42:49] Dro Ryders has withdrawn a M4A1 from the weapon locker (Cost: 9)
[2018/1/18 - 22:42:51] Jay Artz has withdrawn a SPAS-12 from the weapon locker (Cost: 9)
[2018/1/18 - 22:42:52] Jay Artz has withdrawn a M4A1 from the weapon locker (Cost: 9)
[2018/1/18 - 22:42:53] Jay Artz has withdrawn a Sniper Rifle from the weapon locker (Cost: 10)
[2018/1/18 - 22:43:16] Chelsya Thomas has withdrawn a Nitestick from the weapon locker (Cost: 1)
[2018/1/18 - 22:43:17] Chelsya Thomas has withdrawn a Spray Can from the weapon locker (Cost: 1)
[2018/1/18 - 22:43:18] Chelsya Thomas has withdrawn a Desert Eagle from the weapon locker (Cost: 3)
[2018/1/18 - 22:43:19] Chelsya Thomas has withdrawn a MP5 from the weapon locker (Cost: 4)
[2018/1/18 - 22:43:21] Chelsya Thomas has withdrawn a Shotgun from the weapon locker (Cost: 2)
[2018/1/18 - 22:43:23] Kara Danvers has withdrawn a Desert Eagle from the weapon locker (Cost: 3)
[2018/1/18 - 22:43:25] Kara Danvers has withdrawn a SPAS-12 from the weapon locker (Cost: 9)
[2018/1/18 - 22:43:27] Kara Danvers has withdrawn a M4A1 from the weapon locker (Cost: 9)
[2018/1/18 - 22:43:54] Peter Rodriguez has withdrawn a Nitestick from the weapon locker (Cost: 1)
[2018/1/18 - 22:43:56] Peter Rodriguez has withdrawn a Desert Eagle from the weapon locker (Cost: 3)
[2018/1/18 - 22:43:58] Peter Rodriguez has withdrawn a SPAS-12 from the weapon locker (Cost: 9)
[2018/1/18 - 22:44:19] [P252] Officer I Peter Rodriguez has logged out.
[2018/1/18 - 22:45:28] [D278] Officer II Carlos Flleming has timed out.
[2018/1/18 - 22:46:47] Sharkiesha Diesel has withdrawn a Desert Eagle from the weapon locker (Cost: 3)
[2018/1/18 - 22:50:08] Corporal Jay Artz has timed out.
[2018/1/18 - 22:51:06] [D212] Officer II Cesur Turkes has timed out.
[2018/1/18 - 22:51:09] Hodges Marna has withdrawn a Nitestick from the weapon locker (Cost: 1)
[2018/1/18 - 22:51:10] Hodges Marna has withdrawn a Spray Can from the weapon locker (Cost: 1)
[2018/1/18 - 22:51:11] Hodges Marna has withdrawn a SPAS-12 from the weapon locker (Cost: 9)
[2018/1/18 - 22:51:12] Hodges Marna has withdrawn a Desert Eagle from the weapon locker (Cost: 3)
[2018/1/18 - 22:51:14] Hodges Marna has withdrawn a M4A1 from the weapon locker (Cost: 9)
[2018/1/18 - 22:51:37] [P208] Corporal Rhett Mclaughlin has timed out.
[2018/1/18 - 22:54:22] Officer I Dro Ryders has logged out.
[2018/1/18 - 22:55:20] Corporal Jay Artz has timed out.
[2018/1/18 - 22:55:57] Chelsya Thomas has withdrawn a Nitestick from the weapon locker (Cost: 1)
[2018/1/18 - 22:55:58] Chelsya Thomas has withdrawn a Spray Can from the weapon locker (Cost: 1)
[2018/1/18 - 22:55:58] Chelsya Thomas has withdrawn a Desert Eagle from the weapon locker (Cost: 3)
[2018/1/18 - 22:55:59] Chelsya Thomas has withdrawn a MP5 from the weapon locker (Cost: 4)
[2018/1/18 - 22:56:00] Chelsya Thomas has withdrawn a Shotgun from the weapon locker (Cost: 2)
[2018/1/18 - 22:57:16] Sven Keizer has set the DeMorgan Correctional Facilty on lockdown.
[2018/1/18 - 22:58:12] [D269] Officer II Mondy Mcknight has logged out.
[2018/1/18 - 22:59:19] [D269] Officer II Mondy Mcknight has timed out.
[2018/1/18 - 22:59:46] [P252] Officer I Peter Rodriguez has logged out.
[2018/1/18 - 23:00:35] Corporal Jay Artz has timed out.
[2018/1/18 - 23:02:36] [D269] Officer II Mondy Mcknight has timed out.
[2018/1/18 - 23:05:57] [I224] Michael Westen has logged in.
[2018/1/18 - 23:06:17] Corporal Jay Artz has timed out.
[2018/1/18 - 23:07:51] [D277] Officer II Forsen Specimen has logged out.
[2018/1/18 - 23:13:06] [D277] Officer II Forsen Specimen has logged out.
[2018/1/18 - 23:13:25] Officer I Dro Ryders has timed out.
[2018/1/18 - 23:14:34] Officer I Dro Ryders has timed out.
[2018/1/18 - 23:15:12] Officer I Dro Ryders has timed out.
[2018/1/18 - 23:15:27] [D277] Officer II Forsen Specimen has logged out.
[2018/1/18 - 23:15:35] Sven Keizer has withdrawn a Desert Eagle from the weapon locker (Cost: 3)
[2018/1/18 - 23:15:37] Sven Keizer has withdrawn a MP5 from the weapon locker (Cost: 4)
[2018/1/18 - 23:15:38] Sven Keizer has withdrawn a Shotgun from the weapon locker (Cost: 2)
[2018/1/18 - 23:15:39] Sven Keizer has withdrawn a SPAS-12 from the weapon locker (Cost: 9)
[2018/1/18 - 23:15:41] Sven Keizer has withdrawn a M4A1 from the weapon locker (Cost: 9)
[2018/1/18 - 23:15:41] Officer I Dro Ryders has timed out.
[2018/1/18 - 23:16:19] Officer I Dro Ryders has timed out.
[2018/1/18 - 23:16:57] Officer I Dro Ryders has timed out.
[2018/1/18 - 23:17:32] Officer I Dro Ryders has timed out.
[2018/1/18 - 23:21:30] [P383] Officer I Chelsya Thomas has logged out.
[2018/1/18 - 23:21:45] [P234] Sergeant Paris Jamaica has logged out.
[2018/1/18 - 23:22:36] Corporal Jay Artz has timed out.
[2018/1/18 - 23:23:25] [D278] Officer II Drake Rossi has timed out.
[2018/1/18 - 23:24:37] Forsen Specimen has withdrawn a M4A1 from the weapon locker (Cost: 9)
[2018/1/18 - 23:28:25] [D294] Officer II Alex Whey Jefferson has logged out.
[2018/1/18 - 23:31:41] Officer I Dro Ryders has logged out.
[2018/1/18 - 23:32:48] [P256] Officer I Sven Keizer has logged out.
[2018/1/18 - 23:36:38] Kara Danvers has withdrawn a Desert Eagle from the weapon locker (Cost: 3)
[2018/1/18 - 23:36:40] Kara Danvers has withdrawn a SPAS-12 from the weapon locker (Cost: 9)
[2018/1/18 - 23:36:42] Mondy Mcknight has withdrawn a M4A1 from the weapon locker (Cost: 9)
[2018/1/18 - 23:36:43] Mondy Mcknight has withdrawn a Desert Eagle from the weapon locker (Cost: 3)
[2018/1/18 - 23:36:44] Mondy Mcknight has withdrawn a Nitestick from the weapon locker (Cost: 1)
[2018/1/18 - 23:37:22] Carly Mcknight has withdrawn a Nitestick from the weapon locker (Cost: 1)
[2018/1/18 - 23:37:24] Carly Mcknight has withdrawn a Desert Eagle from the weapon locker (Cost: 3)
[2018/1/18 - 23:37:24] Carly Mcknight has withdrawn a Shotgun from the weapon locker (Cost: 2)
[2018/1/18 - 23:37:26] Carly Mcknight has withdrawn a SPAS-12 from the weapon locker (Cost: 9)
[2018/1/18 - 23:37:27] Drake Rossi has withdrawn a Nitestick from the weapon locker (Cost: 1)
[2018/1/18 - 23:37:27] Carly Mcknight has withdrawn a M4A1 from the weapon locker (Cost: 9)
[2018/1/18 - 23:37:29] Drake Rossi has withdrawn a Desert Eagle from the weapon locker (Cost: 3)
[2018/1/18 - 23:37:30] Drake Rossi has withdrawn a SPAS-12 from the weapon locker (Cost: 9)
[2018/1/18 - 23:37:31] Drake Rossi has withdrawn a M4A1 from the weapon locker (Cost: 9)
[2018/1/18 - 23:37:31] Kara Kalashnikov has withdrawn a Desert Eagle from the weapon locker (Cost: 3)
[2018/1/18 - 23:37:32] Kara Kalashnikov has withdrawn a SPAS-12 from the weapon locker (Cost: 9)
[2018/1/18 - 23:37:34] Kara Kalashnikov has withdrawn a M4A1 from the weapon locker (Cost: 9)
[2018/1/18 - 23:38:24] Hodges Marna has withdrawn a Nitestick from the weapon locker (Cost: 1)
[2018/1/18 - 23:38:25] Hodges Marna has withdrawn a Spray Can from the weapon locker (Cost: 1)
[2018/1/18 - 23:38:26] Hodges Marna has withdrawn a Desert Eagle from the weapon locker (Cost: 3)
[2018/1/18 - 23:39:01] Chelsya Thomas has withdrawn a Nitestick from the weapon locker (Cost: 1)
[2018/1/18 - 23:39:02] Chelsya Thomas has withdrawn a Spray Can from the weapon locker (Cost: 1)
[2018/1/18 - 23:39:03] Chelsya Thomas has withdrawn a Desert Eagle from the weapon locker (Cost: 3)
[2018/1/18 - 23:39:05] Chelsya Thomas has withdrawn a MP5 from the weapon locker (Cost: 4)
[2018/1/18 - 23:39:05] Chelsya Thomas has withdrawn a Shotgun from the weapon locker (Cost: 2)
[2018/1/18 - 23:39:19] Tatsumi Hattori has withdrawn a M4A1 from the weapon locker (Cost: 9)
[2018/1/18 - 23:39:23] Tatsumi Hattori has withdrawn a Desert Eagle from the weapon locker (Cost: 3)
[2018/1/18 - 23:39:46] Sharkiesha Diesel has withdrawn a Desert Eagle from the weapon locker (Cost: 3)
[2018/1/18 - 23:39:53] Hodges Marna has withdrawn a SPAS-12 from the weapon locker (Cost: 9)
[2018/1/18 - 23:40:03] Hodges Marna has withdrawn a M4A1 from the weapon locker (Cost: 9)
[2018/1/18 - 23:40:14] Corporal Jay Artz has logged out.
[2018/1/18 - 23:43:14] Carly Mcknight has withdrawn a Nitestick from the weapon locker (Cost: 1)
[2018/1/18 - 23:43:15] Carly Mcknight has withdrawn a SPAS-12 from the weapon locker (Cost: 9)
[2018/1/18 - 23:43:16] Carly Mcknight has withdrawn a M4A1 from the weapon locker (Cost: 9)
[2018/1/18 - 23:43:23] Carly Mcknight has withdrawn a Desert Eagle from the weapon locker (Cost: 3)
[2018/1/18 - 23:44:23] Mondy Mcknight has withdrawn a M4A1 from the weapon locker (Cost: 9)
[2018/1/18 - 23:44:24] Mondy Mcknight has withdrawn a Desert Eagle from the weapon locker (Cost: 3)
[2018/1/18 - 23:45:10] [P252] Officer I Peter Rodriguez has logged out.
[2018/1/18 - 23:45:23] [A213] Captain Carlos Ramirez has timed out.
[2018/1/18 - 23:47:37] [A213] Carlos Ramirez has logged in.
[2018/1/18 - 23:48:55] [D278] Officer II Drake Rossi has timed out.
[2018/1/18 - 23:49:22] [P239] Corporal Sharkiesha Diesel has logged out.
[2018/1/18 - 23:49:48] Rhett Mclaughlin has withdrawn a Nitestick from the weapon locker (Cost: 1)
[2018/1/18 - 23:49:49] Rhett Mclaughlin has withdrawn a Spray Can from the weapon locker (Cost: 1)
[2018/1/18 - 23:49:50] Rhett Mclaughlin has withdrawn a Desert Eagle from the weapon locker (Cost: 3)
[2018/1/18 - 23:49:51] Rhett Mclaughlin has withdrawn a MP5 from the weapon locker (Cost: 4)
[2018/1/18 - 23:49:52] Rhett Mclaughlin has withdrawn a SPAS-12 from the weapon locker (Cost: 9)
[2018/1/18 - 23:49:53] Rhett Mclaughlin has withdrawn a M4A1 from the weapon locker (Cost: 9)
[2018/1/18 - 23:49:55] Rhett Mclaughlin has withdrawn a Sniper Rifle from the weapon locker (Cost: 10)
[2018/1/18 - 23:49:56] Rhett Mclaughlin has withdrawn a Tear Gas from the weapon locker (Cost: 1)
[2018/1/18 - 23:50:03] [D277] Officer II Tatsumi Hattori has logged out.
[2018/1/18 - 23:50:38] Dro Ryders has withdrawn a Desert Eagle from the weapon locker (Cost: 3)
[2018/1/18 - 23:50:43] Dro Ryders has withdrawn a M4A1 from the weapon locker (Cost: 9)
[2018/1/18 - 23:50:50] [D237] Officer II Kara Danvers has logged out.
[2018/1/18 - 23:51:02] Carly Mcknight has withdrawn a Nitestick from the weapon locker (Cost: 1)
[2018/1/18 - 23:51:05] Carly Mcknight has withdrawn a M4A1 from the weapon locker (Cost: 9)
[2018/1/18 - 23:51:06] Carly Mcknight has withdrawn a SPAS-12 from the weapon locker (Cost: 9)
[2018/1/18 - 23:51:07] Carly Mcknight has withdrawn a Desert Eagle from the weapon locker (Cost: 3)
[2018/1/18 - 23:53:02] Officer I Mac Carl has logged out.
[2018/1/18 - 23:53:40] Kara Kalashnikov has withdrawn a Desert Eagle from the weapon locker (Cost: 3)
[2018/1/18 - 23:53:42] Kara Kalashnikov has withdrawn a M4A1 from the weapon locker (Cost: 9)
[2018/1/18 - 23:53:44] Kara Kalashnikov has withdrawn a SPAS-12 from the weapon locker (Cost: 9)
[2018/1/18 - 23:54:04] [A213] Captain Carlos Ramirez has timed out.
[2018/1/18 - 23:54:47] [P216] Officer I Tazz William has logged out.
[2018/1/18 - 23:54:49] John Swagger has withdrawn a Desert Eagle from the weapon locker (Cost: 3)
[2018/1/18 - 23:54:50] Hodges Marna has withdrawn a Nitestick from the weapon locker (Cost: 1)
[2018/1/18 - 23:54:50] Hodges Marna has withdrawn a Spray Can from the weapon locker (Cost: 1)
[2018/1/18 - 23:54:51] John Swagger has withdrawn a M4A1 from the weapon locker (Cost: 9)
[2018/1/18 - 23:54:51] Hodges Marna has withdrawn a Desert Eagle from the weapon locker (Cost: 3)
[2018/1/18 - 23:54:53] Hodges Marna has withdrawn a SPAS-12 from the weapon locker (Cost: 9)
[2018/1/18 - 23:54:54] Hodges Marna has withdrawn a M4A1 from the weapon locker (Cost: 9)
[2018/1/18 - 23:55:03] [D268] Officer II Kara Kalashnikov has timed out.
[2018/1/18 - 23:55:07] Mondy Mcknight has withdrawn a M4A1 from the weapon locker (Cost: 9)
[2018/1/18 - 23:55:08] Mondy Mcknight has withdrawn a Desert Eagle from the weapon locker (Cost: 3)
[2018/1/18 - 23:55:29] [P208] Corporal Rhett Mclaughlin has timed out.
[2018/1/18 - 23:58:30] Hector Jackson has withdrawn a Desert Eagle from the weapon locker (Cost: 3)
[2018/1/18 - 23:58:34] Hector Jackson has withdrawn a M4A1 from the weapon locker (Cost: 9)
[2018/1/18 - 23:58:54] [D277] Officer II Tatsumi Hattori has timed out.
[2018/1/18 - 23:59:42] Chelsya Thomas has withdrawn a Nitestick from the weapon locker (Cost: 1)
[2018/1/18 - 23:59:43] Chelsya Thomas has withdrawn a Spray Can from the weapon locker (Cost: 1)
[2018/1/18 - 23:59:44] Chelsya Thomas has withdrawn a Desert Eagle from the weapon locker (Cost: 3)
[2018/1/18 - 23:59:46] Chelsya Thomas has withdrawn a MP5 from the weapon locker (Cost: 4)
[2018/1/18 - 23:59:47] Chelsya Thomas has withdrawn a Shotgun from the weapon locker (Cost: 2)
