[2018/1/25 - 0:00:32] [D267] Sergeant I Suki Kingston has logged out.
[2018/1/25 - 0:01:06] [P244] Officer I Andrew Reynolds has logged out.
[2018/1/25 - 0:01:21] Lieutenant Michael Westen (1000044424) (rank 6) has uninvited Dro Ryders (1000626820) (rank 2) from LSPD (1).
[2018/1/25 - 0:10:52] John Swagger has withdrawn a Desert Eagle from the weapon locker (Cost: 3)
[2018/1/25 - 0:10:53] John Swagger has withdrawn a SPAS-12 from the weapon locker (Cost: 9)
[2018/1/25 - 0:10:54] John Swagger has withdrawn a M4A1 from the weapon locker (Cost: 9)
[2018/1/25 - 0:10:55] John Swagger has withdrawn a Sniper Rifle from the weapon locker (Cost: 10)
[2018/1/25 - 0:13:41] [P295] Officer II Carly Mcknight has timed out.
[2018/1/25 - 0:18:23] [P252] Corporal John Swagger has timed out.
[2018/1/25 - 0:18:35] [D268] Officer II Tonio Sarto has timed out.
[2018/1/25 - 0:20:56] Sean Johnson Wright has withdrawn a SPAS-12 from the weapon locker (Cost: 9)
[2018/1/25 - 0:22:44] Barnaird Hughie has withdrawn a SPAS-12 from the weapon locker (Cost: 9)
[2018/1/25 - 0:23:01] [P216] Officer II Tazz William has logged out.
[2018/1/25 - 0:29:35] Carlos Ramirez (118665) has made Carlos Ramirez (118665) the leader of the LSPD.
[2018/1/25 - 0:29:43] Chief of Police Carlos Ramirez (118665) (rank 9) has given Carlos Ramirez (118665) rank 8 (Deputy Chief) in LSPD (1).
[2018/1/25 - 0:30:37] Carlos Ramirez has withdrawn a Nitestick from the weapon locker (Cost: 1)
[2018/1/25 - 0:30:39] Carlos Ramirez has withdrawn a Desert Eagle from the weapon locker (Cost: 3)
[2018/1/25 - 0:30:39] Carlos Ramirez has withdrawn a MP5 from the weapon locker (Cost: 4)
[2018/1/25 - 0:30:40] Carlos Ramirez has withdrawn a SPAS-12 from the weapon locker (Cost: 9)
[2018/1/25 - 0:30:41] Carlos Ramirez has withdrawn a M4A1 from the weapon locker (Cost: 9)
[2018/1/25 - 0:30:42] Carlos Ramirez has withdrawn a Camera from the weapon locker (Cost: 0)
[2018/1/25 - 0:30:43] Carlos Ramirez has withdrawn a Sniper Rifle from the weapon locker (Cost: 10)
[2018/1/25 - 0:31:15] Officer II Sean Johnson Wright has timed out.
[2018/1/25 - 0:31:22] Deputy Chief Carlos Ramirez (118665) has set Carlos Ramirez's (118665) division to ADM in LSPD (1).
[2018/1/25 - 0:31:42] [I224] Lieutenant Michael Westen has logged out.
[2018/1/25 - 0:32:23] Carly Mcknight has withdrawn a Nitestick from the weapon locker (Cost: 1)
[2018/1/25 - 0:32:24] Carly Mcknight has withdrawn a AK-47 from the weapon locker (Cost: 5)
[2018/1/25 - 0:32:26] Carly Mcknight has withdrawn a M4A1 from the weapon locker (Cost: 9)
[2018/1/25 - 0:32:27] Carly Mcknight has withdrawn a Desert Eagle from the weapon locker (Cost: 3)
[2018/1/25 - 0:32:39] Carly Mcknight has withdrawn a SPAS-12 from the weapon locker (Cost: 9)
[2018/1/25 - 0:34:41] [P252] Corporal John Swagger has logged out.
[2018/1/25 - 0:37:54] Barnaird Hughie has withdrawn a Nitestick from the weapon locker (Cost: 1)
[2018/1/25 - 0:37:58] Barnaird Hughie has withdrawn a M4A1 from the weapon locker (Cost: 9)
[2018/1/25 - 0:38:04] [P295] Officer II Carly Mcknight has timed out.
[2018/1/25 - 0:38:05] Barnaird Hughie has withdrawn a Desert Eagle from the weapon locker (Cost: 3)
[2018/1/25 - 0:51:40] [P205] Sergeant I Steve R Jones has logged out.
[2018/1/25 - 0:53:08] [D268] Officer II Tonio Sarto has logged out.
[2018/1/25 - 0:56:47] [D270] Lieutenant Mickey Mcflies has logged out.
[2018/1/25 - 1:01:25] [PXXX] Officer II Barnaird Hughie has logged out.
