[2018/1/21 - 0:05:06] Officer I Walter Skinner has timed out.
[2018/1/21 - 0:06:32] [D277] Officer II Tatsumi Hattori has timed out.
[2018/1/21 - 0:38:10] [P295] Officer II Carly Mcknight has timed out.
[2018/1/21 - 0:41:28] [P295] Officer II Carly Mcknight has timed out.
[2018/1/21 - 2:37:29] Officer I Dro Ryders has timed out.
[2018/1/21 - 2:43:56] Officer I Dro Ryders has timed out.
[2018/1/21 - 2:44:29] [D268] Officer II Tonio Sarto has logged out.
[2018/1/21 - 2:44:43] Officer I Dro Ryders has timed out.
[2018/1/21 - 2:45:43] Officer I Dro Ryders has timed out.
[2018/1/21 - 2:46:52] Officer I Dro Ryders has timed out.
[2018/1/21 - 2:47:38] Officer I Dro Ryders has timed out.
[2018/1/21 - 2:48:42] Officer I Dro Ryders has timed out.
[2018/1/21 - 2:58:12] [F255] Toby Vintage has logged in.
[2018/1/21 - 3:08:15] Josh Mcflies has withdrawn a Desert Eagle from the weapon locker (Cost: 3)
[2018/1/21 - 3:08:16] Josh Mcflies has withdrawn a MP5 from the weapon locker (Cost: 4)
[2018/1/21 - 3:08:18] Josh Mcflies has withdrawn a Sniper Rifle from the weapon locker (Cost: 10)
[2018/1/21 - 3:11:57] Toby Vintage (868939) has set Josh Mcflies's (1000055543) badge to H270.
[2018/1/21 - 3:12:31] Toby Vintage (868939) has set Rhett Mclaughlin's (1000378834) badge to D208.
[2018/1/21 - 3:19:30] [H270] Corporal Josh Mcflies has timed out.
[2018/1/21 - 3:19:54] [F255] Lieutenant Toby Vintage has timed out.
[2018/1/21 - 3:20:54] [D208] Corporal Rhett Mclaughlin has logged out.
[2018/1/21 - 3:21:01] [P234] Officer II Dyler Hall has logged out.
[2018/1/21 - 3:23:07] [F255] Toby Vintage has logged in.
[2018/1/21 - 3:32:58] [P283] Officer I Haider Philipps has logged out.
[2018/1/21 - 3:34:04] Deepam W. Mcflies (11693) accepted Lieutenant Toby Vintage's (868939) invite to join LSPD (1).
[2018/1/21 - 3:34:14] Lieutenant Toby Vintage (868939) (rank 6) has given Deepam W. Mcflies (11693) rank 2 (Officer II) in LSPD (1).
[2018/1/21 - 3:34:27] Lieutenant Toby Vintage (868939) has set Deepam W. Mcflies's (11693) division to HON in LSPD (1).
[2018/1/21 - 3:35:09] [P283] Officer I Haider Philipps has logged out.
[2018/1/21 - 3:35:36] Percival K. Banks has withdrawn a Sniper Rifle from the weapon locker (Cost: 10)
[2018/1/21 - 3:35:58] Deepam W. Mcflies has withdrawn a Nitestick from the weapon locker (Cost: 1)
[2018/1/21 - 3:35:59] Deepam W. Mcflies has withdrawn a Spray Can from the weapon locker (Cost: 1)
[2018/1/21 - 3:36:01] Deepam W. Mcflies has withdrawn a Desert Eagle from the weapon locker (Cost: 3)
[2018/1/21 - 3:36:03] Deepam W. Mcflies has withdrawn a MP5 from the weapon locker (Cost: 4)
[2018/1/21 - 3:36:06] Deepam W. Mcflies has withdrawn a AK-47 from the weapon locker (Cost: 5)
[2018/1/21 - 3:36:11] Deepam W. Mcflies has withdrawn a M4A1 from the weapon locker (Cost: 9)
[2018/1/21 - 3:36:19] Toby Vintage has authorized Deepam W. Mcflies to withdraw a Sniper Rifle from the weapon locker (Cost: 10)
[2018/1/21 - 3:37:41] [P283] Officer I Haider Philipps has logged out.
[2018/1/21 - 3:43:56] [P283] Officer I Haider Philipps has logged out.
[2018/1/21 - 3:59:59] Officer II Deepam W. Mcflies has logged out.
[2018/1/21 - 4:06:34] Lieutenant Toby Vintage has manufactured a crate at Ocean Docks facility.
[2018/1/21 - 4:20:54] Mason Deguzman has withdrawn a Spray Can from the weapon locker (Cost: 1)
[2018/1/21 - 4:20:54] Mason Deguzman has withdrawn a Nitestick from the weapon locker (Cost: 1)
[2018/1/21 - 4:20:55] Mason Deguzman has withdrawn a Desert Eagle from the weapon locker (Cost: 3)
[2018/1/21 - 4:20:57] Mason Deguzman has withdrawn a Shotgun from the weapon locker (Cost: 2)
[2018/1/21 - 4:20:58] Mason Deguzman has withdrawn a MP5 from the weapon locker (Cost: 4)
[2018/1/21 - 4:22:37] [PXXX] Officer II Mason Deguzman has logged out.
[2018/1/21 - 4:25:45] [P223] Sergeant Percival K. Banks has logged out.
[2018/1/21 - 4:35:33] [PXXX] Officer II Mason Deguzman has timed out.
[2018/1/21 - 4:37:29] Mason Deguzman has withdrawn a Shotgun from the weapon locker (Cost: 2)
[2018/1/21 - 4:37:31] Mason Deguzman has withdrawn a MP5 from the weapon locker (Cost: 4)
[2018/1/21 - 4:37:32] Mason Deguzman has withdrawn a Desert Eagle from the weapon locker (Cost: 3)
[2018/1/21 - 4:37:33] Mason Deguzman has withdrawn a Nitestick from the weapon locker (Cost: 1)
[2018/1/21 - 4:37:34] Mason Deguzman has withdrawn a Spray Can from the weapon locker (Cost: 1)
[2018/1/21 - 4:38:03] Josh Mcflies has withdrawn a Desert Eagle from the weapon locker (Cost: 3)
[2018/1/21 - 4:38:16] Josh Mcflies has withdrawn a M4A1 from the weapon locker (Cost: 9)
[2018/1/21 - 4:38:18] Josh Mcflies has withdrawn a Sniper Rifle from the weapon locker (Cost: 10)
[2018/1/21 - 4:38:20] Toby Vintage has withdrawn a Nitestick from the weapon locker (Cost: 1)
[2018/1/21 - 4:38:21] Toby Vintage has withdrawn a Spray Can from the weapon locker (Cost: 1)
[2018/1/21 - 4:38:24] Toby Vintage has withdrawn a Desert Eagle from the weapon locker (Cost: 3)
[2018/1/21 - 4:38:26] Toby Vintage has withdrawn a MP5 from the weapon locker (Cost: 4)
[2018/1/21 - 4:38:29] Toby Vintage has withdrawn a SPAS-12 from the weapon locker (Cost: 9)
[2018/1/21 - 4:38:31] Toby Vintage has withdrawn a M4A1 from the weapon locker (Cost: 9)
[2018/1/21 - 4:43:11] [PXXX] Officer II Mason Deguzman has timed out.
[2018/1/21 - 4:50:13] [PXXX] Officer II Mason Deguzman has timed out.
[2018/1/21 - 4:51:24] [PXXX] Officer II Mason Deguzman has logged out.
[2018/1/21 - 4:53:42] Josh Mcflies has withdrawn a Desert Eagle from the weapon locker (Cost: 3)
[2018/1/21 - 4:53:43] Josh Mcflies has withdrawn a Shotgun from the weapon locker (Cost: 2)
[2018/1/21 - 4:53:46] Josh Mcflies has withdrawn a MP5 from the weapon locker (Cost: 4)
[2018/1/21 - 4:55:04] [PXXX] Officer II Mason Deguzman has logged out.
[2018/1/21 - 5:07:09] [P223] Sergeant Percival K. Banks has logged out.
[2018/1/21 - 5:18:01] Rhett Mclaughlin has withdrawn a Nitestick from the weapon locker (Cost: 1)
[2018/1/21 - 5:18:02] Rhett Mclaughlin has withdrawn a Spray Can from the weapon locker (Cost: 1)
[2018/1/21 - 5:18:03] Rhett Mclaughlin has withdrawn a Desert Eagle from the weapon locker (Cost: 3)
[2018/1/21 - 5:18:04] Rhett Mclaughlin has withdrawn a MP5 from the weapon locker (Cost: 4)
[2018/1/21 - 5:18:05] Rhett Mclaughlin has withdrawn a SPAS-12 from the weapon locker (Cost: 9)
[2018/1/21 - 5:18:06] [PXXX] Officer II Mason Deguzman has logged out.
[2018/1/21 - 5:18:06] Rhett Mclaughlin has withdrawn a M4A1 from the weapon locker (Cost: 9)
[2018/1/21 - 5:18:08] Rhett Mclaughlin has withdrawn a Sniper Rifle from the weapon locker (Cost: 10)
[2018/1/21 - 5:18:10] Rhett Mclaughlin has withdrawn a Tear Gas from the weapon locker (Cost: 1)
[2018/1/21 - 5:18:20] Josh Mcflies has withdrawn a Desert Eagle from the weapon locker (Cost: 3)
[2018/1/21 - 5:18:23] Josh Mcflies has withdrawn a MP5 from the weapon locker (Cost: 4)
[2018/1/21 - 5:19:35] [PXXX] Officer II Mason Deguzman has timed out.
[2018/1/21 - 5:29:05] [D208] Corporal Rhett Mclaughlin has timed out.
[2018/1/21 - 5:33:30] [PXXX] Officer II Mason Deguzman has logged out.
[2018/1/21 - 5:33:41] [H270] Corporal Josh Mcflies has timed out.
[2018/1/21 - 5:39:38] Toby Vintage has withdrawn a Nitestick from the weapon locker (Cost: 1)
[2018/1/21 - 5:39:39] Toby Vintage has withdrawn a Spray Can from the weapon locker (Cost: 1)
[2018/1/21 - 5:39:39] Toby Vintage has withdrawn a Desert Eagle from the weapon locker (Cost: 3)
[2018/1/21 - 5:39:41] Toby Vintage has withdrawn a MP5 from the weapon locker (Cost: 4)
[2018/1/21 - 5:39:42] Toby Vintage has withdrawn a SPAS-12 from the weapon locker (Cost: 9)
[2018/1/21 - 5:39:44] Toby Vintage has withdrawn a M4A1 from the weapon locker (Cost: 9)
[2018/1/21 - 5:39:46] Toby Vintage has withdrawn a Sniper Rifle from the weapon locker (Cost: 10)
[2018/1/21 - 5:40:06] Josh Mcflies has withdrawn a Desert Eagle from the weapon locker (Cost: 3)
[2018/1/21 - 5:40:07] Josh Mcflies has withdrawn a MP5 from the weapon locker (Cost: 4)
[2018/1/21 - 5:41:45] [PXXX] Officer II Mason Deguzman has logged out.
[2018/1/21 - 5:41:54] Rhett Mclaughlin has withdrawn a Nitestick from the weapon locker (Cost: 1)
[2018/1/21 - 5:41:54] Rhett Mclaughlin has withdrawn a Spray Can from the weapon locker (Cost: 1)
[2018/1/21 - 5:41:55] Rhett Mclaughlin has withdrawn a Desert Eagle from the weapon locker (Cost: 3)
[2018/1/21 - 5:41:56] Rhett Mclaughlin has withdrawn a MP5 from the weapon locker (Cost: 4)
[2018/1/21 - 5:41:57] Rhett Mclaughlin has withdrawn a SPAS-12 from the weapon locker (Cost: 9)
[2018/1/21 - 5:41:59] Rhett Mclaughlin has withdrawn a M4A1 from the weapon locker (Cost: 9)
[2018/1/21 - 5:42:00] Rhett Mclaughlin has withdrawn a Sniper Rifle from the weapon locker (Cost: 10)
[2018/1/21 - 5:42:02] Rhett Mclaughlin has withdrawn a Tear Gas from the weapon locker (Cost: 1)
[2018/1/21 - 5:45:01] Tatsumi Hattori has withdrawn a Desert Eagle from the weapon locker (Cost: 3)
[2018/1/21 - 5:45:03] Tatsumi Hattori has withdrawn a M4A1 from the weapon locker (Cost: 9)
[2018/1/21 - 5:48:20] Mason Deguzman has withdrawn a Nitestick from the weapon locker (Cost: 1)
[2018/1/21 - 5:48:21] Mason Deguzman has withdrawn a Spray Can from the weapon locker (Cost: 1)
[2018/1/21 - 5:48:22] Mason Deguzman has withdrawn a Shotgun from the weapon locker (Cost: 2)
[2018/1/21 - 5:48:23] Mason Deguzman has withdrawn a MP5 from the weapon locker (Cost: 4)
[2018/1/21 - 5:48:24] Mason Deguzman has withdrawn a Desert Eagle from the weapon locker (Cost: 3)
[2018/1/21 - 5:48:25] [F255] Lieutenant Toby Vintage has timed out.
[2018/1/21 - 5:49:10] [F255] Toby Vintage has logged in.
[2018/1/21 - 5:49:13] [PXXX] Officer II Mason Deguzman has logged out.
[2018/1/21 - 5:50:46] Tatsumi Hattori has withdrawn a Desert Eagle from the weapon locker (Cost: 3)
[2018/1/21 - 5:51:03] Lieutenant Toby Vintage (868939) has set Mason Deguzman's (1000347665) division to FTO in LSPD (1).
[2018/1/21 - 5:51:25] [PXXX] Officer II Mason Deguzman has logged out.
[2018/1/21 - 5:51:54] Rhett Mclaughlin has withdrawn a Nitestick from the weapon locker (Cost: 1)
[2018/1/21 - 5:51:55] Rhett Mclaughlin has withdrawn a Spray Can from the weapon locker (Cost: 1)
[2018/1/21 - 5:51:55] Toby Vintage has withdrawn a Nitestick from the weapon locker (Cost: 1)
[2018/1/21 - 5:51:56] Toby Vintage has withdrawn a Spray Can from the weapon locker (Cost: 1)
[2018/1/21 - 5:51:56] Rhett Mclaughlin has withdrawn a Desert Eagle from the weapon locker (Cost: 3)
[2018/1/21 - 5:51:57] Rhett Mclaughlin has withdrawn a MP5 from the weapon locker (Cost: 4)
[2018/1/21 - 5:51:57] Toby Vintage has withdrawn a Desert Eagle from the weapon locker (Cost: 3)
[2018/1/21 - 5:51:58] Rhett Mclaughlin has withdrawn a SPAS-12 from the weapon locker (Cost: 9)
[2018/1/21 - 5:51:58] Toby Vintage has withdrawn a MP5 from the weapon locker (Cost: 4)
[2018/1/21 - 5:51:59] Rhett Mclaughlin has withdrawn a M4A1 from the weapon locker (Cost: 9)
[2018/1/21 - 5:52:00] Lionel Taylor has withdrawn a Nitestick from the weapon locker (Cost: 1)
[2018/1/21 - 5:52:00] Toby Vintage has withdrawn a SPAS-12 from the weapon locker (Cost: 9)
[2018/1/21 - 5:52:01] Rhett Mclaughlin has withdrawn a Sniper Rifle from the weapon locker (Cost: 10)
[2018/1/21 - 5:52:01] Lionel Taylor has withdrawn a Spray Can from the weapon locker (Cost: 1)
[2018/1/21 - 5:52:03] Rhett Mclaughlin has withdrawn a Tear Gas from the weapon locker (Cost: 1)
[2018/1/21 - 5:52:03] Lionel Taylor has withdrawn a Desert Eagle from the weapon locker (Cost: 3)
[2018/1/21 - 5:52:03] Toby Vintage has withdrawn a AK-47 from the weapon locker (Cost: 5)
[2018/1/21 - 5:52:05] Lionel Taylor has withdrawn a SPAS-12 from the weapon locker (Cost: 9)
[2018/1/21 - 5:52:06] Toby Vintage has withdrawn a Sniper Rifle from the weapon locker (Cost: 10)
[2018/1/21 - 5:53:46] [D208] Corporal Rhett Mclaughlin has timed out.
[2018/1/21 - 5:56:04] Toby Vintage (868939) has set Mason Deguzman's (1000347665) badge to FXXX.
[2018/1/21 - 6:03:49] [P283] Officer I Haider Philipps has logged out.
[2018/1/21 - 6:06:35] [P283] Officer I Haider Philipps has timed out.
[2018/1/21 - 6:09:50] [I209] Sergeant Cruzio Demon has logged out.
[2018/1/21 - 6:12:37] Cruzio Demon has withdrawn a Desert Eagle from the weapon locker (Cost: 3)
[2018/1/21 - 6:12:38] Cruzio Demon has withdrawn a SPAS-12 from the weapon locker (Cost: 9)
[2018/1/21 - 6:12:39] Cruzio Demon has withdrawn a M4A1 from the weapon locker (Cost: 9)
[2018/1/21 - 6:12:40] Cruzio Demon has withdrawn a Sniper Rifle from the weapon locker (Cost: 10)
[2018/1/21 - 6:13:13] [P283] Officer I Haider Philipps has logged out.
[2018/1/21 - 6:16:13] [P283] Officer I Haider Philipps has logged out.
[2018/1/21 - 6:17:16] * Officer Josh Mcflies has taken away Rico Dredd's weapons.
[2018/1/21 - 6:20:56] Josh Mcflies has withdrawn a Sniper Rifle from the weapon locker (Cost: 10)
[2018/1/21 - 6:22:47] Rhett Mclaughlin has withdrawn a Nitestick from the weapon locker (Cost: 1)
[2018/1/21 - 6:22:47] Rhett Mclaughlin has withdrawn a Spray Can from the weapon locker (Cost: 1)
[2018/1/21 - 6:22:48] Rhett Mclaughlin has withdrawn a Desert Eagle from the weapon locker (Cost: 3)
[2018/1/21 - 6:22:49] Rhett Mclaughlin has withdrawn a MP5 from the weapon locker (Cost: 4)
[2018/1/21 - 6:22:50] Rhett Mclaughlin has withdrawn a SPAS-12 from the weapon locker (Cost: 9)
[2018/1/21 - 6:22:51] Rhett Mclaughlin has withdrawn a M4A1 from the weapon locker (Cost: 9)
[2018/1/21 - 6:22:52] Rhett Mclaughlin has withdrawn a Sniper Rifle from the weapon locker (Cost: 10)
[2018/1/21 - 6:22:53] Rhett Mclaughlin has withdrawn a Tear Gas from the weapon locker (Cost: 1)
[2018/1/21 - 6:24:42] [P283] Officer I Haider Philipps has logged out.
[2018/1/21 - 6:26:05] Mason Deguzman has withdrawn a SPAS-12 from the weapon locker (Cost: 9)
[2018/1/21 - 6:26:18] [P283] Officer I Haider Philipps has logged out.
[2018/1/21 - 6:29:57] [I209] Sergeant Cruzio Demon has timed out.
[2018/1/21 - 6:33:16] [FXXX] Officer II Mason Deguzman has logged out.
[2018/1/21 - 6:41:10] [FXXX] Officer II Mason Deguzman has logged out.
[2018/1/21 - 6:49:28] Mason Deguzman has withdrawn a M4A1 from the weapon locker (Cost: 9)
[2018/1/21 - 6:52:19] [D230] Officer II Kiley Alexander has logged out.
[2018/1/21 - 6:55:14] [P249] Officer II Jeff Favignano has logged out.
[2018/1/21 - 6:56:29] [H270] Corporal Josh Mcflies has timed out.
[2018/1/21 - 6:56:37] Rhett Mclaughlin has withdrawn a Nitestick from the weapon locker (Cost: 1)
[2018/1/21 - 6:56:37] Rhett Mclaughlin has withdrawn a Spray Can from the weapon locker (Cost: 1)
[2018/1/21 - 6:56:38] Rhett Mclaughlin has withdrawn a Desert Eagle from the weapon locker (Cost: 3)
[2018/1/21 - 6:56:39] Rhett Mclaughlin has withdrawn a MP5 from the weapon locker (Cost: 4)
[2018/1/21 - 6:56:41] Rhett Mclaughlin has withdrawn a SPAS-12 from the weapon locker (Cost: 9)
[2018/1/21 - 6:56:42] Rhett Mclaughlin has withdrawn a M4A1 from the weapon locker (Cost: 9)
[2018/1/21 - 6:56:43] Rhett Mclaughlin has withdrawn a Sniper Rifle from the weapon locker (Cost: 10)
[2018/1/21 - 6:56:45] Rhett Mclaughlin has withdrawn a Tear Gas from the weapon locker (Cost: 1)
[2018/1/21 - 6:57:51] [P207] Officer II Patrick Livanos has logged out.
[2018/1/21 - 7:00:16] [H270] Corporal Josh Mcflies has timed out.
[2018/1/21 - 7:01:57] Tatsumi Hattori has withdrawn a M4A1 from the weapon locker (Cost: 9)
[2018/1/21 - 7:01:59] Tatsumi Hattori has withdrawn a Desert Eagle from the weapon locker (Cost: 3)
[2018/1/21 - 7:04:24] [FXXX] Officer II Mason Deguzman has logged out.
[2018/1/21 - 7:06:13] [I209] Sergeant Cruzio Demon has timed out.
[2018/1/21 - 7:06:55] Josh Mcflies has withdrawn a Desert Eagle from the weapon locker (Cost: 3)
[2018/1/21 - 7:06:56] Josh Mcflies has withdrawn a MP5 from the weapon locker (Cost: 4)
[2018/1/21 - 7:13:30] [P293] Corporal Lionel Taylor has timed out.
[2018/1/21 - 7:15:47] Rhett Mclaughlin has withdrawn a Nitestick from the weapon locker (Cost: 1)
[2018/1/21 - 7:15:48] Rhett Mclaughlin has withdrawn a Spray Can from the weapon locker (Cost: 1)
[2018/1/21 - 7:15:49] Rhett Mclaughlin has withdrawn a Desert Eagle from the weapon locker (Cost: 3)
[2018/1/21 - 7:15:51] Rhett Mclaughlin has withdrawn a MP5 from the weapon locker (Cost: 4)
[2018/1/21 - 7:15:52] Rhett Mclaughlin has withdrawn a SPAS-12 from the weapon locker (Cost: 9)
[2018/1/21 - 7:15:53] Rhett Mclaughlin has withdrawn a M4A1 from the weapon locker (Cost: 9)
[2018/1/21 - 7:15:54] Rhett Mclaughlin has withdrawn a Sniper Rifle from the weapon locker (Cost: 10)
[2018/1/21 - 7:15:56] Rhett Mclaughlin has withdrawn a Tear Gas from the weapon locker (Cost: 1)
[2018/1/21 - 7:16:26] Tatsumi Hattori has withdrawn a AK-47 from the weapon locker (Cost: 5)
[2018/1/21 - 7:16:29] Tatsumi Hattori has withdrawn a Desert Eagle from the weapon locker (Cost: 3)
[2018/1/21 - 7:16:36] [I209] Sergeant Cruzio Demon has timed out.
[2018/1/21 - 7:17:12] Officer II Deepam W. Mcflies has logged out.
[2018/1/21 - 7:20:53] [D208] Corporal Rhett Mclaughlin has timed out.
[2018/1/21 - 7:24:19] [P207] Officer II Patrick Livanos has logged out.
[2018/1/21 - 7:24:19] Jeff Favignano has withdrawn a SPAS-12 from the weapon locker (Cost: 9)
[2018/1/21 - 7:24:20] Jeff Favignano has withdrawn a AK-47 from the weapon locker (Cost: 5)
[2018/1/21 - 7:24:21] Jeff Favignano has withdrawn a Desert Eagle from the weapon locker (Cost: 3)
[2018/1/21 - 7:24:23] Jeff Favignano has withdrawn a Nitestick from the weapon locker (Cost: 1)
[2018/1/21 - 7:24:23] Lieutenant Toby Vintage (868939) (rank 6) has given Deepam W. Mcflies (11693) rank 4 (Sergeant) in LSPD (1).
[2018/1/21 - 7:24:32] Toby Vintage (868939) has set Deepam W. Mcflies's (11693) badge to H300.
[2018/1/21 - 7:24:37] [FXXX] Officer II Mason Deguzman has logged out.
[2018/1/21 - 7:24:52] [P293] Corporal Lionel Taylor has logged out.
[2018/1/21 - 7:26:54] [P283] Officer I Haider Philipps has logged out.
[2018/1/21 - 7:27:08] Mason Deguzman has deposited a M4A1 into the locker.
[2018/1/21 - 7:27:40] Tatsumi Hattori has withdrawn a Desert Eagle from the weapon locker (Cost: 3)
[2018/1/21 - 7:27:43] Josh Mcflies has withdrawn a Desert Eagle from the weapon locker (Cost: 3)
[2018/1/21 - 7:27:44] Josh Mcflies has withdrawn a MP5 from the weapon locker (Cost: 4)
[2018/1/21 - 7:27:56] [FXXX] Officer II Mason Deguzman has logged out.
[2018/1/21 - 7:28:28] [P283] Officer I Haider Philipps has logged out.
[2018/1/21 - 7:30:37] [FXXX] Officer II Mason Deguzman has logged out.
[2018/1/21 - 7:33:05] [P283] Officer I Haider Philipps has logged out.
[2018/1/21 - 7:36:20] Jeff Favignano has withdrawn a SPAS-12 from the weapon locker (Cost: 9)
[2018/1/21 - 7:36:21] Jeff Favignano has withdrawn a Desert Eagle from the weapon locker (Cost: 3)
[2018/1/21 - 7:36:22] Jeff Favignano has withdrawn a AK-47 from the weapon locker (Cost: 5)
[2018/1/21 - 7:36:30] [P249] Officer II Jeff Favignano has logged out.
[2018/1/21 - 7:38:20] [P283] Officer I Haider Philipps has logged out.
[2018/1/21 - 7:38:39] Lieutenant Toby Vintage has manufactured a crate at Ocean Docks facility.
[2018/1/21 - 7:39:05] Deepam W. Mcflies has withdrawn a Tear Gas from the weapon locker (Cost: 1)
[2018/1/21 - 7:39:08] Deepam W. Mcflies has withdrawn a Sniper Rifle from the weapon locker (Cost: 10)
[2018/1/21 - 7:39:09] Deepam W. Mcflies has withdrawn a M4A1 from the weapon locker (Cost: 9)
[2018/1/21 - 7:39:11] Deepam W. Mcflies has withdrawn a SPAS-12 from the weapon locker (Cost: 9)
[2018/1/21 - 7:39:12] Deepam W. Mcflies has withdrawn a MP5 from the weapon locker (Cost: 4)
[2018/1/21 - 7:39:17] Deepam W. Mcflies has withdrawn a Desert Eagle from the weapon locker (Cost: 3)
[2018/1/21 - 7:39:30] [FXXX] Officer II Mason Deguzman has logged out.
[2018/1/21 - 7:41:07] [D277] Officer II Tatsumi Hattori has logged out.
[2018/1/21 - 7:41:58] [FXXX] Officer II Mason Deguzman has logged out.
[2018/1/21 - 7:42:31] Cruzio Demon has withdrawn a Desert Eagle from the weapon locker (Cost: 3)
[2018/1/21 - 7:42:32] Cruzio Demon has withdrawn a SPAS-12 from the weapon locker (Cost: 9)
[2018/1/21 - 7:42:34] Cruzio Demon has withdrawn a M4A1 from the weapon locker (Cost: 9)
[2018/1/21 - 7:42:34] Cruzio Demon has withdrawn a Sniper Rifle from the weapon locker (Cost: 10)
[2018/1/21 - 7:45:59] [P283] Officer I Haider Philipps has logged out.
[2018/1/21 - 7:46:59] [P249] Officer II Jeff Favignano has logged out.
[2018/1/21 - 7:52:03] [P283] Officer I Haider Philipps has logged out.
[2018/1/21 - 7:54:43] [P274] Officer II Chris Shiels has logged out.
[2018/1/21 - 7:54:46] [I209] Sergeant Cruzio Demon has timed out.
[2018/1/21 - 7:55:23] Josh Mcflies has withdrawn a M4A1 from the weapon locker (Cost: 9)
[2018/1/21 - 7:55:44] [P283] Officer I Haider Philipps has logged out.
[2018/1/21 - 7:56:01] Officer II John Blake has logged out.
[2018/1/21 - 7:56:01] [P234] Officer II Dyler Hall has logged out.
[2018/1/21 - 7:57:16] John Swagger has withdrawn a Desert Eagle from the weapon locker (Cost: 3)
[2018/1/21 - 7:57:17] John Swagger has withdrawn a M4A1 from the weapon locker (Cost: 9)
[2018/1/21 - 7:57:53] Deepam W. Mcflies has withdrawn a Nitestick from the weapon locker (Cost: 1)
[2018/1/21 - 7:57:54] Deepam W. Mcflies has withdrawn a Spray Can from the weapon locker (Cost: 1)
[2018/1/21 - 7:57:56] Deepam W. Mcflies has withdrawn a Desert Eagle from the weapon locker (Cost: 3)
[2018/1/21 - 7:57:58] Deepam W. Mcflies has withdrawn a MP5 from the weapon locker (Cost: 4)
[2018/1/21 - 7:58:04] Deepam W. Mcflies has withdrawn a SPAS-12 from the weapon locker (Cost: 9)
[2018/1/21 - 7:58:06] Deepam W. Mcflies has withdrawn a M4A1 from the weapon locker (Cost: 9)
[2018/1/21 - 7:58:08] Deepam W. Mcflies has withdrawn a Sniper Rifle from the weapon locker (Cost: 10)
[2018/1/21 - 7:58:10] Deepam W. Mcflies has withdrawn a Tear Gas from the weapon locker (Cost: 1)
[2018/1/21 - 7:59:37] [D208] Corporal Rhett Mclaughlin has timed out.
[2018/1/21 - 8:01:04] [P283] Officer I Haider Philipps has logged out.
[2018/1/21 - 8:01:04] [I209] Sergeant Cruzio Demon has timed out.
[2018/1/21 - 8:01:52] [P207] Officer II Patrick Livanos has logged out.
[2018/1/21 - 8:02:32] Cruzio Demon has withdrawn a Desert Eagle from the weapon locker (Cost: 3)
[2018/1/21 - 8:02:33] Cruzio Demon has withdrawn a Sniper Rifle from the weapon locker (Cost: 10)
[2018/1/21 - 8:02:34] Cruzio Demon has withdrawn a M4A1 from the weapon locker (Cost: 9)
[2018/1/21 - 8:02:35] Cruzio Demon has withdrawn a SPAS-12 from the weapon locker (Cost: 9)
[2018/1/21 - 8:06:23] [I209] Sergeant Cruzio Demon has timed out.
[2018/1/21 - 8:07:00] Deepam W. Mcflies has withdrawn a Shotgun from the weapon locker (Cost: 2)
[2018/1/21 - 8:07:04] Deepam W. Mcflies has withdrawn a SPAS-12 from the weapon locker (Cost: 9)
[2018/1/21 - 8:07:12] Deepam W. Mcflies has withdrawn a Parachute from the weapon locker (Cost: 1)
[2018/1/21 - 8:14:15] Josh Mcflies has withdrawn a Sniper Rifle from the weapon locker (Cost: 10)
[2018/1/21 - 8:15:37] Cruzio Demon has withdrawn a Desert Eagle from the weapon locker (Cost: 3)
[2018/1/21 - 8:15:38] Cruzio Demon has withdrawn a SPAS-12 from the weapon locker (Cost: 9)
[2018/1/21 - 8:15:39] Cruzio Demon has withdrawn a M4A1 from the weapon locker (Cost: 9)
[2018/1/21 - 8:15:39] Cruzio Demon has withdrawn a Sniper Rifle from the weapon locker (Cost: 10)
[2018/1/21 - 8:21:41] [D208] Corporal Rhett Mclaughlin has timed out.
[2018/1/21 - 8:36:56] [P252] Corporal John Swagger has timed out.
[2018/1/21 - 8:38:34] [D230] Officer II Kiley Alexander has logged out.
[2018/1/21 - 8:41:28] Josh Mcflies has withdrawn a Desert Eagle from the weapon locker (Cost: 3)
[2018/1/21 - 8:41:29] Josh Mcflies has withdrawn a Sniper Rifle from the weapon locker (Cost: 10)
[2018/1/21 - 8:41:30] [P283] Officer I Haider Philipps has logged out.
[2018/1/21 - 8:41:30] Josh Mcflies has withdrawn a M4A1 from the weapon locker (Cost: 9)
[2018/1/21 - 8:41:47] Cruzio Demon has withdrawn a Desert Eagle from the weapon locker (Cost: 3)
[2018/1/21 - 8:41:48] Cruzio Demon has withdrawn a SPAS-12 from the weapon locker (Cost: 9)
[2018/1/21 - 8:41:49] Cruzio Demon has withdrawn a M4A1 from the weapon locker (Cost: 9)
[2018/1/21 - 8:41:49] Cruzio Demon has withdrawn a Sniper Rifle from the weapon locker (Cost: 10)
[2018/1/21 - 8:42:26] Kiley Alexander has withdrawn a Desert Eagle from the weapon locker (Cost: 3)
[2018/1/21 - 8:42:28] Kiley Alexander has withdrawn a M4A1 from the weapon locker (Cost: 9)
[2018/1/21 - 8:42:45] Rhett Mclaughlin has withdrawn a Nitestick from the weapon locker (Cost: 1)
[2018/1/21 - 8:42:46] Rhett Mclaughlin has withdrawn a Spray Can from the weapon locker (Cost: 1)
[2018/1/21 - 8:42:47] Rhett Mclaughlin has withdrawn a Desert Eagle from the weapon locker (Cost: 3)
[2018/1/21 - 8:42:47] Rhett Mclaughlin has withdrawn a MP5 from the weapon locker (Cost: 4)
[2018/1/21 - 8:42:49] Rhett Mclaughlin has withdrawn a SPAS-12 from the weapon locker (Cost: 9)
[2018/1/21 - 8:42:50] Rhett Mclaughlin has withdrawn a M4A1 from the weapon locker (Cost: 9)
[2018/1/21 - 8:42:51] Rhett Mclaughlin has withdrawn a Sniper Rifle from the weapon locker (Cost: 10)
[2018/1/21 - 8:42:53] Rhett Mclaughlin has withdrawn a Tear Gas from the weapon locker (Cost: 1)
[2018/1/21 - 8:53:14] Cardle Westwood has withdrawn a Desert Eagle from the weapon locker (Cost: 3)
[2018/1/21 - 8:53:14] * Officer John Swagger has taken away Dark Smith's weapons.
[2018/1/21 - 8:53:17] Cardle Westwood has withdrawn a M4A1 from the weapon locker (Cost: 9)
[2018/1/21 - 8:57:50] * Officer Kiley Alexander has taken away Bernard Griffin's weapons.
[2018/1/21 - 9:01:09] [I209] Sergeant Cruzio Demon has logged out.
[2018/1/21 - 9:05:28] Haider Philipps has withdrawn a Desert Eagle from the weapon locker (Cost: 3)
[2018/1/21 - 9:05:29] Haider Philipps has withdrawn a Shotgun from the weapon locker (Cost: 2)
[2018/1/21 - 9:05:31] Haider Philipps has withdrawn a M4A1 from the weapon locker (Cost: 9)
[2018/1/21 - 9:06:24] Rhett Mclaughlin has withdrawn a Nitestick from the weapon locker (Cost: 1)
[2018/1/21 - 9:06:24] Rhett Mclaughlin has withdrawn a Spray Can from the weapon locker (Cost: 1)
[2018/1/21 - 9:06:26] Rhett Mclaughlin has withdrawn a Desert Eagle from the weapon locker (Cost: 3)
[2018/1/21 - 9:06:26] Rhett Mclaughlin has withdrawn a MP5 from the weapon locker (Cost: 4)
[2018/1/21 - 9:06:27] Rhett Mclaughlin has withdrawn a SPAS-12 from the weapon locker (Cost: 9)
[2018/1/21 - 9:06:29] Rhett Mclaughlin has withdrawn a M4A1 from the weapon locker (Cost: 9)
[2018/1/21 - 9:06:30] Rhett Mclaughlin has withdrawn a Sniper Rifle from the weapon locker (Cost: 10)
[2018/1/21 - 9:06:32] Rhett Mclaughlin has withdrawn a Tear Gas from the weapon locker (Cost: 1)
[2018/1/21 - 9:06:49] Officer II Cardle Westwood has logged out.
[2018/1/21 - 9:08:36] Officer II Cardle Westwood has logged out.
[2018/1/21 - 9:11:15] Officer II Cardle Westwood has logged out.
[2018/1/21 - 9:12:28] Haider Philipps has withdrawn a Desert Eagle from the weapon locker (Cost: 3)
[2018/1/21 - 9:12:31] Haider Philipps has withdrawn a M4A1 from the weapon locker (Cost: 9)
[2018/1/21 - 9:12:35] Haider Philipps has withdrawn a SPAS-12 from the weapon locker (Cost: 9)
[2018/1/21 - 9:20:35] Hector Rivera has withdrawn a Nitestick from the weapon locker (Cost: 1)
[2018/1/21 - 9:20:38] Hector Rivera has withdrawn a Desert Eagle from the weapon locker (Cost: 3)
[2018/1/21 - 9:20:40] Hector Rivera has withdrawn a M4A1 from the weapon locker (Cost: 9)
[2018/1/21 - 9:22:23] Haider Philipps has withdrawn a Desert Eagle from the weapon locker (Cost: 3)
[2018/1/21 - 9:22:25] Haider Philipps has withdrawn a M4A1 from the weapon locker (Cost: 9)
[2018/1/21 - 9:22:27] Haider Philipps has withdrawn a SPAS-12 from the weapon locker (Cost: 9)
[2018/1/21 - 9:39:21] [D237] Kara Danvers has logged in.
[2018/1/21 - 9:42:45] [P252] Corporal John Swagger has logged out.
[2018/1/21 - 9:47:49] [A100] Chief of Police Hector Rivera has logged out.
[2018/1/21 - 10:07:03] Officer II Joey Armstrong has logged out.
[2018/1/21 - 10:09:25] Haider Philipps has withdrawn a Desert Eagle from the weapon locker (Cost: 3)
[2018/1/21 - 10:09:27] Haider Philipps has withdrawn a SPAS-12 from the weapon locker (Cost: 9)
[2018/1/21 - 10:09:29] Haider Philipps has withdrawn a M4A1 from the weapon locker (Cost: 9)
[2018/1/21 - 10:25:16] [H300] Sergeant Deepam W. Mcflies has logged out.
[2018/1/21 - 10:26:09] Haider Philipps has withdrawn a SPAS-12 from the weapon locker (Cost: 9)
[2018/1/21 - 10:26:10] Haider Philipps has withdrawn a M4A1 from the weapon locker (Cost: 9)
[2018/1/21 - 10:26:24] [P283] Officer I Haider Philipps has logged out.
[2018/1/21 - 10:27:08] [D294] Officer II Alex Whey Jefferson has timed out.
[2018/1/21 - 10:27:54] [D230] Officer II Kiley Alexander has logged out.
[2018/1/21 - 10:29:55] [D208] Corporal Rhett Mclaughlin has logged out.
[2018/1/21 - 10:30:24] [H270] Corporal Josh Mcflies has logged out.
[2018/1/21 - 10:34:51] [D294] Officer II Alex Whey Jefferson has timed out.
[2018/1/21 - 10:39:57] Officer II Joey Armstrong has logged out.
[2018/1/21 - 10:43:34] [D294] Officer II Alex Whey Jefferson has timed out.
[2018/1/21 - 10:53:16] [D294] Officer II Alex Whey Jefferson has timed out.
[2018/1/21 - 10:56:27] [D294] Officer II Alex Whey Jefferson has timed out.
[2018/1/21 - 10:58:36] [D294] Officer II Alex Whey Jefferson has timed out.
[2018/1/21 - 11:04:21] * Officer Tatsumi Hattori has taken away Lucas Jackson's weapons.
[2018/1/21 - 11:04:44] Sergeant Steve R Jones has logged out.
[2018/1/21 - 11:13:37] [D277] Officer II Tatsumi Hattori has logged out.
[2018/1/21 - 11:19:50] [P256] Officer I Sven Keizer has timed out.
[2018/1/21 - 11:24:20] [D294] Officer II Alex Whey Jefferson has logged out.
[2018/1/21 - 11:27:21] [D294] Officer II Alex Whey Jefferson has timed out.
[2018/1/21 - 11:30:12] Toby Vintage has withdrawn a Nitestick from the weapon locker (Cost: 1)
[2018/1/21 - 11:30:13] Toby Vintage has withdrawn a Spray Can from the weapon locker (Cost: 1)
[2018/1/21 - 11:30:15] Toby Vintage has withdrawn a Desert Eagle from the weapon locker (Cost: 3)
[2018/1/21 - 11:30:16] Toby Vintage has withdrawn a MP5 from the weapon locker (Cost: 4)
[2018/1/21 - 11:30:20] Toby Vintage has withdrawn a SPAS-12 from the weapon locker (Cost: 9)
[2018/1/21 - 11:30:28] Toby Vintage has withdrawn a M4A1 from the weapon locker (Cost: 9)
[2018/1/21 - 11:30:31] Toby Vintage has withdrawn a Sniper Rifle from the weapon locker (Cost: 10)
[2018/1/21 - 11:30:54] Sven Keizer has withdrawn a Desert Eagle from the weapon locker (Cost: 3)
[2018/1/21 - 11:30:55] Sven Keizer has withdrawn a MP5 from the weapon locker (Cost: 4)
[2018/1/21 - 11:30:56] Sven Keizer has withdrawn a Shotgun from the weapon locker (Cost: 2)
[2018/1/21 - 11:30:58] Sven Keizer has withdrawn a M4A1 from the weapon locker (Cost: 9)
[2018/1/21 - 11:40:41] [P256] Officer I Sven Keizer has timed out.
[2018/1/21 - 11:41:18] [D230] Officer II Kiley Alexander has logged out.
[2018/1/21 - 11:46:11] * Officer Alex Whey Jefferson has taken away Rambo Lee's crack.
[2018/1/21 - 11:46:14] * Officer Alex Whey Jefferson has taken away Rambo Lee's Cannabis.
[2018/1/21 - 11:49:59] [P252] Corporal John Swagger has logged out.
[2018/1/21 - 11:51:34] Sergeant Steve R Jones has logged out.
[2018/1/21 - 11:55:01] [P252] Corporal John Swagger has logged out.
[2018/1/21 - 11:56:11] [P204] Cadet Indar Sharma has logged out.
[2018/1/21 - 11:56:23] Daniel Arthur has withdrawn a Nitestick from the weapon locker (Cost: 1)
[2018/1/21 - 11:56:24] Daniel Arthur has withdrawn a Desert Eagle from the weapon locker (Cost: 3)
[2018/1/21 - 11:56:25] Daniel Arthur has withdrawn a M4A1 from the weapon locker (Cost: 9)
[2018/1/21 - 11:57:30] [P256] Officer I Sven Keizer has timed out.
[2018/1/21 - 11:58:57] Kara Danvers has withdrawn a Desert Eagle from the weapon locker (Cost: 3)
[2018/1/21 - 11:58:58] Kara Danvers has withdrawn a SPAS-12 from the weapon locker (Cost: 9)
[2018/1/21 - 11:58:59] Kara Danvers has withdrawn a M4A1 from the weapon locker (Cost: 9)
[2018/1/21 - 11:59:45] Kiley Alexander has withdrawn a Desert Eagle from the weapon locker (Cost: 3)
[2018/1/21 - 12:06:27] [A213] Carlos Ramirez has logged in.
[2018/1/21 - 12:09:57] [D294] Officer II Alex Whey Jefferson has logged out.
[2018/1/21 - 12:10:11] [P256] Officer I Sven Keizer has timed out.
[2018/1/21 - 12:14:03] [D230] Officer II Kiley Alexander has logged out.
[2018/1/21 - 12:20:20] Daniel Arthur has withdrawn a Nitestick from the weapon locker (Cost: 1)
[2018/1/21 - 12:20:22] Daniel Arthur has withdrawn a M4A1 from the weapon locker (Cost: 9)
[2018/1/21 - 12:22:52] Daniel Arthur has withdrawn a Nitestick from the weapon locker (Cost: 1)
[2018/1/21 - 12:22:53] Daniel Arthur has withdrawn a Spray Can from the weapon locker (Cost: 1)
[2018/1/21 - 12:22:55] Daniel Arthur has withdrawn a M4A1 from the weapon locker (Cost: 9)
[2018/1/21 - 12:22:56] Daniel Arthur has withdrawn a Desert Eagle from the weapon locker (Cost: 3)
[2018/1/21 - 12:27:45] John Swagger has withdrawn a Desert Eagle from the weapon locker (Cost: 3)
[2018/1/21 - 12:27:46] John Swagger has withdrawn a M4A1 from the weapon locker (Cost: 9)
[2018/1/21 - 12:32:34] James Mustang (1000625663) accepted Lieutenant Toby Vintage's (868939) invite to join LSPD (1).
[2018/1/21 - 12:32:42] Lieutenant Toby Vintage (868939) (rank 6) has given James Mustang (1000625663) rank 2 (Officer II) in LSPD (1).
[2018/1/21 - 12:32:44] Lieutenant Toby Vintage (868939) (rank 6) has given James Mustang (1000625663) rank 3 (Corporal) in LSPD (1).
[2018/1/21 - 12:32:48] Lieutenant Toby Vintage (868939) has set James Mustang's (1000625663) division to FTO in LSPD (1).
[2018/1/21 - 12:32:55] Toby Vintage (868939) has set James Mustang's (1000625663) badge to FXXX.
[2018/1/21 - 12:33:43] [FXXX] Corporal James Mustang has logged out.
[2018/1/21 - 12:36:23] Joey Armstrong has withdrawn a AK-47 from the weapon locker (Cost: 5)
[2018/1/21 - 12:37:14] [P239] Officer I Daniel Arthur has logged out.
[2018/1/21 - 12:37:56] John Swagger has withdrawn a SPAS-12 from the weapon locker (Cost: 9)
[2018/1/21 - 12:37:57] John Swagger has withdrawn a M4A1 from the weapon locker (Cost: 9)
[2018/1/21 - 12:38:06] [D230] Officer II Kiley Alexander has logged out.
[2018/1/21 - 12:38:22] [D237] Officer II Kara Danvers has logged out.
[2018/1/21 - 12:39:40] [P252] Corporal John Swagger has logged out.
[2018/1/21 - 12:41:46] [P204] Cadet Indar Sharma has logged out.
[2018/1/21 - 12:46:26] [D230] Officer II Kiley Alexander has timed out.
[2018/1/21 - 12:47:12] [D230] Officer II Kiley Alexander has timed out.
[2018/1/21 - 12:50:25] [D230] Officer II Kiley Alexander has logged out.
[2018/1/21 - 12:50:37] [P204] Cadet Indar Sharma has logged out.
[2018/1/21 - 12:51:59] [D230] Officer II Kiley Alexander has logged out.
[2018/1/21 - 12:52:59] [D230] Officer II Kiley Alexander has timed out.
[2018/1/21 - 12:54:40] [D230] Officer II Kiley Alexander has logged out.
[2018/1/21 - 12:55:55] [P216] Officer II Tazz William has logged out.
[2018/1/21 - 12:58:56] John Swagger has withdrawn a Sniper Rifle from the weapon locker (Cost: 10)
[2018/1/21 - 13:02:12] [D230] Officer II Kiley Alexander has logged out.
[2018/1/21 - 13:04:04] Officer I Hector Jackson has logged out.
[2018/1/21 - 13:06:06] Kiley Alexander has withdrawn a Desert Eagle from the weapon locker (Cost: 3)
[2018/1/21 - 13:06:16] [P204] Cadet Indar Sharma has logged out.
[2018/1/21 - 13:18:53] [P279] Officer I Stefan Legend has timed out.
[2018/1/21 - 13:19:21] Tazz William has withdrawn a SPAS-12 from the weapon locker (Cost: 9)
[2018/1/21 - 13:19:22] Tazz William has withdrawn a Desert Eagle from the weapon locker (Cost: 3)
[2018/1/21 - 13:19:24] Tazz William has withdrawn a M4A1 from the weapon locker (Cost: 9)
[2018/1/21 - 13:20:37] Jamal Bottomlip (57376) has quit the LSPD as a rank 9
[2018/1/21 - 13:21:58] Stefan Legend has withdrawn a Shotgun from the weapon locker (Cost: 2)
[2018/1/21 - 13:28:48] [P252] Corporal John Swagger has timed out.
[2018/1/21 - 13:30:54] Kiley Alexander has withdrawn a Desert Eagle from the weapon locker (Cost: 3)
[2018/1/21 - 13:31:32] [P216] Officer II Tazz William has timed out.
[2018/1/21 - 13:32:39] John Swagger has withdrawn a Desert Eagle from the weapon locker (Cost: 3)
[2018/1/21 - 13:32:41] John Swagger has withdrawn a AK-47 from the weapon locker (Cost: 5)
[2018/1/21 - 13:34:09] Tazz William has withdrawn a Desert Eagle from the weapon locker (Cost: 3)
[2018/1/21 - 13:34:11] Tazz William has withdrawn a SPAS-12 from the weapon locker (Cost: 9)
[2018/1/21 - 13:34:13] Tazz William has withdrawn a M4A1 from the weapon locker (Cost: 9)
[2018/1/21 - 13:40:02] [P252] Corporal John Swagger has logged out.
[2018/1/21 - 13:43:13] [D230] Officer II Kiley Alexander has logged out.
[2018/1/21 - 13:43:24] Stefan Legend has withdrawn a M4A1 from the weapon locker (Cost: 9)
[2018/1/21 - 13:43:28] Stefan Legend has withdrawn a Desert Eagle from the weapon locker (Cost: 3)
[2018/1/21 - 13:43:33] Joey Armstrong has withdrawn a AK-47 from the weapon locker (Cost: 5)
[2018/1/21 - 13:45:16] Officer II Joey Armstrong has logged out.
[2018/1/21 - 13:47:09] Chris Shiels has withdrawn a Nitestick from the weapon locker (Cost: 1)
[2018/1/21 - 13:47:10] Chris Shiels has withdrawn a Desert Eagle from the weapon locker (Cost: 3)
[2018/1/21 - 13:47:11] Chris Shiels has withdrawn a SPAS-12 from the weapon locker (Cost: 9)
[2018/1/21 - 13:47:13] Chris Shiels has withdrawn a M4A1 from the weapon locker (Cost: 9)
[2018/1/21 - 13:48:37] James Mustang has withdrawn a Desert Eagle from the weapon locker (Cost: 3)
[2018/1/21 - 13:48:38] James Mustang has withdrawn a SPAS-12 from the weapon locker (Cost: 9)
[2018/1/21 - 13:48:40] James Mustang has withdrawn a AK-47 from the weapon locker (Cost: 5)
[2018/1/21 - 13:50:40] [FXXX] Corporal James Mustang has timed out.
[2018/1/21 - 13:51:39] [P216] Officer II Tazz William has logged out.
[2018/1/21 - 13:53:54] [P252] Corporal John Swagger has logged out.
[2018/1/21 - 13:57:56] [P279] Officer I Stefan Legend has logged out.
[2018/1/21 - 14:01:03] Kiley Alexander has withdrawn a Desert Eagle from the weapon locker (Cost: 3)
[2018/1/21 - 14:02:58] [P283] Officer I Haider Philipps has logged out.
[2018/1/21 - 14:05:46] [P252] Corporal John Swagger has timed out.
[2018/1/21 - 14:09:38] * Officer Chris Shiels has taken away Dolev Jordan's weapons.
[2018/1/21 - 14:10:27] [P283] Officer I Haider Philipps has logged out.
[2018/1/21 - 14:12:11] [P283] Officer I Haider Philipps has logged out.
[2018/1/21 - 14:13:22] [P283] Officer I Haider Philipps has logged out.
[2018/1/21 - 14:13:25] * Officer Sven Keizer has taken away Ryan Dunwich's Cannabis.
[2018/1/21 - 14:13:27] * Officer Sven Keizer has taken away Ryan Dunwich's crack.
[2018/1/21 - 14:13:50] Jackson Dread (75484) has made Jackson Dread (75484) the leader of the LSPD.
[2018/1/21 - 14:13:58] John Jenkins (57376) accepted Chief of Police Jackson Dread's (75484) invite to join LSPD (1).
[2018/1/21 - 14:13:59] * Officer Sven Keizer has taken away Ryan Dunwich's weapons.
[2018/1/21 - 14:16:42] John Jenkins (57376) has quit the LSPD as a rank 0
[2018/1/21 - 14:19:52] Tatsumi Hattori has withdrawn a M4A1 from the weapon locker (Cost: 9)
[2018/1/21 - 14:19:57] Tatsumi Hattori has withdrawn a Desert Eagle from the weapon locker (Cost: 3)
[2018/1/21 - 14:20:49] [D277] Officer II Tatsumi Hattori has logged out.
[2018/1/21 - 14:24:06] [FXXX] Corporal James Mustang has logged out.
[2018/1/21 - 14:24:59] Chris Shiels has withdrawn a Nitestick from the weapon locker (Cost: 1)
[2018/1/21 - 14:25:00] Chris Shiels has withdrawn a Spray Can from the weapon locker (Cost: 1)
[2018/1/21 - 14:25:00] Chris Shiels has withdrawn a Desert Eagle from the weapon locker (Cost: 3)
[2018/1/21 - 14:25:01] Chris Shiels has withdrawn a SPAS-12 from the weapon locker (Cost: 9)
[2018/1/21 - 14:25:03] Chris Shiels has withdrawn a M4A1 from the weapon locker (Cost: 9)
[2018/1/21 - 14:25:04] Joey Armstrong has withdrawn a M4A1 from the weapon locker (Cost: 9)
[2018/1/21 - 14:25:06] Joey Armstrong has withdrawn a Desert Eagle from the weapon locker (Cost: 3)
[2018/1/21 - 14:25:09] Zack Viccaji has withdrawn a Desert Eagle from the weapon locker (Cost: 3)
[2018/1/21 - 14:25:10] Zack Viccaji has withdrawn a Nitestick from the weapon locker (Cost: 1)
[2018/1/21 - 14:25:14] Kiley Alexander has withdrawn a Desert Eagle from the weapon locker (Cost: 3)
[2018/1/21 - 14:25:15] Zack Viccaji has withdrawn a M4A1 from the weapon locker (Cost: 9)
[2018/1/21 - 14:25:18] Officer II Joey Armstrong has logged out.
[2018/1/21 - 14:25:26] Peter Rodriguez has withdrawn a Nitestick from the weapon locker (Cost: 1)
[2018/1/21 - 14:25:27] Peter Rodriguez has withdrawn a Desert Eagle from the weapon locker (Cost: 3)
[2018/1/21 - 14:25:29] Peter Rodriguez has withdrawn a M4A1 from the weapon locker (Cost: 9)
[2018/1/21 - 14:26:09] John Swagger has withdrawn a Desert Eagle from the weapon locker (Cost: 3)
[2018/1/21 - 14:26:10] John Swagger has withdrawn a Sniper Rifle from the weapon locker (Cost: 10)
[2018/1/21 - 14:26:11] John Swagger has withdrawn a M4A1 from the weapon locker (Cost: 9)
[2018/1/21 - 14:26:13] Stefan Legend has withdrawn a M4A1 from the weapon locker (Cost: 9)
[2018/1/21 - 14:26:14] Stefan Legend has withdrawn a Desert Eagle from the weapon locker (Cost: 3)
[2018/1/21 - 14:26:17] Haider Philipps has withdrawn a Desert Eagle from the weapon locker (Cost: 3)
[2018/1/21 - 14:26:28] Haider Philipps has withdrawn a M4A1 from the weapon locker (Cost: 9)
[2018/1/21 - 14:26:30] Haider Philipps has withdrawn a SPAS-12 from the weapon locker (Cost: 9)
[2018/1/21 - 14:28:02] Adam Townsend has withdrawn a SPAS-12 from the weapon locker (Cost: 9)
[2018/1/21 - 14:28:04] Adam Townsend has withdrawn a Desert Eagle from the weapon locker (Cost: 3)
[2018/1/21 - 14:31:31] Sven Keizer has withdrawn a Nitestick from the weapon locker (Cost: 1)
[2018/1/21 - 14:31:32] Sven Keizer has withdrawn a Spray Can from the weapon locker (Cost: 1)
[2018/1/21 - 14:31:33] Sven Keizer has withdrawn a Desert Eagle from the weapon locker (Cost: 3)
[2018/1/21 - 14:31:34] Sven Keizer has withdrawn a MP5 from the weapon locker (Cost: 4)
[2018/1/21 - 14:31:35] Sven Keizer has withdrawn a Shotgun from the weapon locker (Cost: 2)
[2018/1/21 - 14:31:36] Sven Keizer has withdrawn a M4A1 from the weapon locker (Cost: 9)
[2018/1/21 - 14:31:48] [P283] Officer I Haider Philipps has logged out.
[2018/1/21 - 14:35:09] [P279] Officer I Stefan Legend has logged out.
[2018/1/21 - 14:42:10] [P249] Officer II Jeff Favignano has timed out.
[2018/1/21 - 14:48:21] [D230] Officer II Kiley Alexander has logged out.
[2018/1/21 - 14:48:37] Sergeant Steve R Jones has logged out.
[2018/1/21 - 14:55:26] [D294] Officer II Alex Whey Jefferson has logged out.
[2018/1/21 - 14:56:11] [P276] Officer I Peter Rodriguez has logged out.
[2018/1/21 - 14:57:47] * Officer Haider Philipps has taken away Carlos Logan's weapons.
[2018/1/21 - 14:59:06] [P246] Officer I Zack Viccaji has timed out.
[2018/1/21 - 15:00:02] [P246] Officer I Zack Viccaji has logged out.
[2018/1/21 - 15:03:56] Chris Shiels has withdrawn a Nitestick from the weapon locker (Cost: 1)
[2018/1/21 - 15:03:57] Chris Shiels has withdrawn a Spray Can from the weapon locker (Cost: 1)
[2018/1/21 - 15:03:58] Chris Shiels has withdrawn a Desert Eagle from the weapon locker (Cost: 3)
[2018/1/21 - 15:03:59] Chris Shiels has withdrawn a Shotgun from the weapon locker (Cost: 2)
[2018/1/21 - 15:04:01] Chris Shiels has withdrawn a MP5 from the weapon locker (Cost: 4)
[2018/1/21 - 15:05:05] John Swagger has withdrawn a Desert Eagle from the weapon locker (Cost: 3)
[2018/1/21 - 15:05:06] John Swagger has withdrawn a AK-47 from the weapon locker (Cost: 5)
[2018/1/21 - 15:05:21] Haider Philipps has withdrawn a SPAS-12 from the weapon locker (Cost: 9)
[2018/1/21 - 15:05:23] Haider Philipps has withdrawn a M4A1 from the weapon locker (Cost: 9)
[2018/1/21 - 15:05:24] Haider Philipps has withdrawn a Desert Eagle from the weapon locker (Cost: 3)
[2018/1/21 - 15:05:26] Haider Philipps has withdrawn a Nitestick from the weapon locker (Cost: 1)
[2018/1/21 - 15:09:35] Steve R Jones has withdrawn a Nitestick from the weapon locker (Cost: 1)
[2018/1/21 - 15:09:36] Steve R Jones has withdrawn a Desert Eagle from the weapon locker (Cost: 3)
[2018/1/21 - 15:09:40] Steve R Jones has withdrawn a Shotgun from the weapon locker (Cost: 2)
[2018/1/21 - 15:09:41] Steve R Jones has withdrawn a M4A1 from the weapon locker (Cost: 9)
[2018/1/21 - 15:15:31] Sergeant Steve R Jones has logged out.
[2018/1/21 - 15:16:55] Adam Townsend has withdrawn a SPAS-12 from the weapon locker (Cost: 9)
[2018/1/21 - 15:16:56] Adam Townsend has withdrawn a Desert Eagle from the weapon locker (Cost: 3)
[2018/1/21 - 15:17:38] Joey Armstrong has withdrawn a AK-47 from the weapon locker (Cost: 5)
[2018/1/21 - 15:18:18] [P246] Officer I Zack Viccaji has logged out.
[2018/1/21 - 15:18:40] Sven Keizer has withdrawn a Spray Can from the weapon locker (Cost: 1)
[2018/1/21 - 15:18:41] Sven Keizer has withdrawn a Nitestick from the weapon locker (Cost: 1)
[2018/1/21 - 15:18:42] Sven Keizer has withdrawn a Desert Eagle from the weapon locker (Cost: 3)
[2018/1/21 - 15:18:42] Sven Keizer has withdrawn a MP5 from the weapon locker (Cost: 4)
[2018/1/21 - 15:18:43] Sven Keizer has withdrawn a Shotgun from the weapon locker (Cost: 2)
[2018/1/21 - 15:18:44] Sven Keizer has withdrawn a M4A1 from the weapon locker (Cost: 9)
[2018/1/21 - 15:18:57] [P252] Corporal John Swagger has logged out.
[2018/1/21 - 15:24:31] [P283] Officer I Haider Philipps has logged out.
[2018/1/21 - 15:27:54] [P249] Officer II Jeff Favignano has logged out.
[2018/1/21 - 15:30:22] [A213] Captain Carlos Ramirez has timed out.
[2018/1/21 - 15:31:15] [A213] Carlos Ramirez has logged in.
[2018/1/21 - 15:35:30] Walter Skinner has withdrawn a M4A1 from the weapon locker (Cost: 9)
[2018/1/21 - 15:36:36] [P283] Officer I Haider Philipps has logged out.
[2018/1/21 - 15:36:50] [P256] Officer I Sven Keizer has timed out.
[2018/1/21 - 15:37:56] Joey Armstrong has withdrawn a AK-47 from the weapon locker (Cost: 5)
[2018/1/21 - 15:38:07] Peter Rodriguez has withdrawn a Nitestick from the weapon locker (Cost: 1)
[2018/1/21 - 15:38:10] Peter Rodriguez has withdrawn a Desert Eagle from the weapon locker (Cost: 3)
[2018/1/21 - 15:38:12] Peter Rodriguez has withdrawn a M4A1 from the weapon locker (Cost: 9)
[2018/1/21 - 15:44:27] [P276] Officer I Peter Rodriguez has logged out.
[2018/1/21 - 15:46:33] Sven Keizer has withdrawn a Nitestick from the weapon locker (Cost: 1)
[2018/1/21 - 15:46:35] Sven Keizer has withdrawn a Spray Can from the weapon locker (Cost: 1)
[2018/1/21 - 15:46:36] Sven Keizer has withdrawn a Desert Eagle from the weapon locker (Cost: 3)
[2018/1/21 - 15:46:36] Sven Keizer has withdrawn a MP5 from the weapon locker (Cost: 4)
[2018/1/21 - 15:46:37] Sven Keizer has withdrawn a Shotgun from the weapon locker (Cost: 2)
[2018/1/21 - 15:46:39] Sven Keizer has withdrawn a M4A1 from the weapon locker (Cost: 9)
[2018/1/21 - 15:46:56] [P247] Corporal Adam Townsend has logged out.
[2018/1/21 - 15:48:16] [P276] Officer I Peter Rodriguez has logged out.
[2018/1/21 - 15:50:19] [P274] Officer II Chris Shiels has logged out.
[2018/1/21 - 15:52:20] Joey Armstrong has withdrawn a AK-47 from the weapon locker (Cost: 5)
[2018/1/21 - 15:52:21] Joey Armstrong has withdrawn a Desert Eagle from the weapon locker (Cost: 3)
[2018/1/21 - 15:52:25] Walter Skinner has withdrawn a SPAS-12 from the weapon locker (Cost: 9)
[2018/1/21 - 15:52:26] Walter Skinner has withdrawn a Desert Eagle from the weapon locker (Cost: 3)
[2018/1/21 - 15:54:09] [P249] Officer II Jeff Favignano has logged out.
[2018/1/21 - 15:54:10] Sven Keizer has withdrawn a Nitestick from the weapon locker (Cost: 1)
[2018/1/21 - 15:54:11] Sven Keizer has withdrawn a Spray Can from the weapon locker (Cost: 1)
[2018/1/21 - 15:54:12] Sven Keizer has withdrawn a Desert Eagle from the weapon locker (Cost: 3)
[2018/1/21 - 15:54:13] Sven Keizer has withdrawn a MP5 from the weapon locker (Cost: 4)
[2018/1/21 - 15:54:14] Sven Keizer has withdrawn a Shotgun from the weapon locker (Cost: 2)
[2018/1/21 - 15:54:16] Sven Keizer has withdrawn a M4A1 from the weapon locker (Cost: 9)
[2018/1/21 - 15:54:21] Peter Rodriguez has withdrawn a Nitestick from the weapon locker (Cost: 1)
[2018/1/21 - 15:54:22] Peter Rodriguez has withdrawn a Desert Eagle from the weapon locker (Cost: 3)
[2018/1/21 - 15:54:24] Peter Rodriguez has withdrawn a M4A1 from the weapon locker (Cost: 9)
[2018/1/21 - 15:55:00] Lieutenant Mickey Mcflies (1000401546) (rank 6) has given Lionel Taylor (30797) rank 4 (Sergeant) in LSPD (1).
[2018/1/21 - 15:55:03] Officer II Joey Armstrong has timed out.
[2018/1/21 - 15:55:07] Lieutenant Mickey Mcflies (1000401546) has set Lionel Taylor's (30797) division to DET in LSPD (1).
[2018/1/21 - 15:56:04] Mickey Mcflies (1000401546) has set Lionel Taylor's (30797) badge to D293.
[2018/1/21 - 15:56:30] Carlos Ramirez (118665) has made Carlos Ramirez (118665) the leader of the LSPD.
[2018/1/21 - 15:56:34] Chief of Police Carlos Ramirez (118665) (rank 9) has given Carlos Ramirez (118665) rank 7 (Captain) in LSPD (1).
[2018/1/21 - 15:56:43] Captain Carlos Ramirez (118665) has set Carlos Ramirez's (118665) division to CMD in LSPD (1).
[2018/1/21 - 15:56:45] Captain Carlos Ramirez (118665) has set Carlos Ramirez's (118665) division to DET in LSPD (1).
[2018/1/21 - 15:56:46] [D294] Officer II Alex Whey Jefferson has logged out.
[2018/1/21 - 15:56:47] Captain Carlos Ramirez (118665) has set Carlos Ramirez's (118665) division to ADM in LSPD (1).
[2018/1/21 - 16:02:02] Jeff Favignano has withdrawn a MP5 from the weapon locker (Cost: 4)
[2018/1/21 - 16:02:03] Jeff Favignano has withdrawn a SPAS-12 from the weapon locker (Cost: 9)
[2018/1/21 - 16:02:04] Jeff Favignano has withdrawn a Desert Eagle from the weapon locker (Cost: 3)
[2018/1/21 - 16:02:17] [P204] Cadet Indar Sharma has logged out.
[2018/1/21 - 16:02:21] Peter Rodriguez has withdrawn a Nitestick from the weapon locker (Cost: 1)
[2018/1/21 - 16:02:22] Peter Rodriguez has withdrawn a Desert Eagle from the weapon locker (Cost: 3)
[2018/1/21 - 16:02:24] Peter Rodriguez has withdrawn a M4A1 from the weapon locker (Cost: 9)
[2018/1/21 - 16:03:05] Walter Skinner has withdrawn a SPAS-12 from the weapon locker (Cost: 9)
[2018/1/21 - 16:03:06] Walter Skinner has withdrawn a Desert Eagle from the weapon locker (Cost: 3)
[2018/1/21 - 16:10:00] Walter Skinner has withdrawn a SPAS-12 from the weapon locker (Cost: 9)
[2018/1/21 - 16:10:02] Walter Skinner has withdrawn a Desert Eagle from the weapon locker (Cost: 3)
[2018/1/21 - 16:15:23] [P249] Officer II Jeff Favignano has timed out.
[2018/1/21 - 16:16:21] Jeff Favignano has withdrawn a SPAS-12 from the weapon locker (Cost: 9)
[2018/1/21 - 16:16:22] Jeff Favignano has withdrawn a Desert Eagle from the weapon locker (Cost: 3)
[2018/1/21 - 16:16:23] Jeff Favignano has withdrawn a AK-47 from the weapon locker (Cost: 5)
[2018/1/21 - 16:17:16] [P204] Cadet Indar Sharma has logged out.
[2018/1/21 - 16:19:51] Mickey Mcflies (1000401546) has set Walter Skinner's (1000625383) badge to 220.
[2018/1/21 - 16:20:37] Mickey Mcflies (1000401546) has set Walter Skinner's (1000625383) badge to P220.
[2018/1/21 - 16:21:05] James Carl (1000352421) accepted Lieutenant Mickey Mcflies's (1000401546) invite to join LSPD (1).
[2018/1/21 - 16:21:09] Lieutenant Mickey Mcflies (1000401546) (rank 6) has given James Carl (1000352421) rank 2 (Officer II) in LSPD (1).
[2018/1/21 - 16:21:15] [P220] Officer I Walter Skinner has logged out.
[2018/1/21 - 16:21:17] Mickey Mcflies (1000401546) has set James Carl's (1000352421) badge to 272.
[2018/1/21 - 16:21:25] [P276] Officer I Peter Rodriguez has logged out.
[2018/1/21 - 16:21:45] Lieutenant Mickey Mcflies (1000401546) (rank 6) has given James Carl (1000352421) rank 1 (Officer I) in LSPD (1).
[2018/1/21 - 16:21:48] [P256] Officer I Sven Keizer has timed out.
[2018/1/21 - 16:23:33] James Carl has withdrawn a Desert Eagle from the weapon locker (Cost: 3)
[2018/1/21 - 16:23:34] James Carl has withdrawn a M4A1 from the weapon locker (Cost: 9)
[2018/1/21 - 16:23:36] James Carl has withdrawn a SPAS-12 from the weapon locker (Cost: 9)
[2018/1/21 - 16:23:40] [P249] Officer II Jeff Favignano has timed out.
[2018/1/21 - 16:25:13] Peter Rodriguez has deposited a M4A1 into the locker.
[2018/1/21 - 16:26:02] Zack Viccaji has deposited a M4A1 into the locker.
[2018/1/21 - 16:26:48] [P276] Officer I Peter Rodriguez has logged out.
[2018/1/21 - 16:27:24] [D294] Officer II Nick Memphis has logged out.
[2018/1/21 - 16:28:50] Zack Viccaji has withdrawn a M4A1 from the weapon locker (Cost: 9)
[2018/1/21 - 16:29:01] Zack Viccaji has withdrawn a Nitestick from the weapon locker (Cost: 1)
[2018/1/21 - 16:32:09] [P246] Officer I Zack Viccaji has logged out.
[2018/1/21 - 16:36:48] [D237] Kara Danvers has logged in.
[2018/1/21 - 16:37:11] Officer I Dro Ryders has timed out.
[2018/1/21 - 16:40:16] [P283] Officer I Haider Philipps has logged out.
[2018/1/21 - 16:44:06] James Carl has withdrawn a Desert Eagle from the weapon locker (Cost: 3)
[2018/1/21 - 16:44:07] James Carl has withdrawn a M4A1 from the weapon locker (Cost: 9)
[2018/1/21 - 16:44:46] [D294] Officer II Nick Memphis has timed out.
[2018/1/21 - 16:46:09] John Swagger has withdrawn a Sniper Rifle from the weapon locker (Cost: 10)
[2018/1/21 - 16:46:12] Dro Ryders has withdrawn a SPAS-12 from the weapon locker (Cost: 9)
[2018/1/21 - 16:46:17] Dro Ryders has withdrawn a MP5 from the weapon locker (Cost: 4)
[2018/1/21 - 16:46:49] John Swagger has withdrawn a Sniper Rifle from the weapon locker (Cost: 10)
[2018/1/21 - 16:47:34] Haider Philipps has withdrawn a SPAS-12 from the weapon locker (Cost: 9)
[2018/1/21 - 16:47:36] Haider Philipps has withdrawn a M4A1 from the weapon locker (Cost: 9)
[2018/1/21 - 16:47:38] Haider Philipps has withdrawn a Desert Eagle from the weapon locker (Cost: 3)
[2018/1/21 - 16:48:56] Officer I Dro Ryders has timed out.
[2018/1/21 - 16:49:36] Officer I Dro Ryders has timed out.
[2018/1/21 - 16:51:58] [272] Officer I James Carl has logged out.
[2018/1/21 - 16:56:17] Lieutenant Mickey Mcflies (1000401546) (rank 6) has given Gerg Mcflies (96175) rank 4 (Sergeant) in LSPD (1).
[2018/1/21 - 16:56:39] [P204] Cadet Indar Sharma has logged out.
[2018/1/21 - 16:57:48] [F253] Corporal Shane Bond has timed out.
[2018/1/21 - 16:58:31] [P204] Cadet Indar Sharma has logged out.
[2018/1/21 - 16:59:22] Haider Philipps has withdrawn a Desert Eagle from the weapon locker (Cost: 3)
[2018/1/21 - 16:59:27] Haider Philipps has withdrawn a Nitestick from the weapon locker (Cost: 1)
[2018/1/21 - 16:59:32] [D293] Sergeant Darnell Kingston has logged out.
[2018/1/21 - 16:59:32] Haider Philipps has withdrawn a M4A1 from the weapon locker (Cost: 9)
[2018/1/21 - 16:59:34] Haider Philipps has withdrawn a SPAS-12 from the weapon locker (Cost: 9)
[2018/1/21 - 17:00:36] [P204] Cadet Indar Sharma has logged out.
[2018/1/21 - 17:00:38] [P252] Corporal John Swagger has logged out.
[2018/1/21 - 17:06:39] Haider Philipps has withdrawn a SPAS-12 from the weapon locker (Cost: 9)
[2018/1/21 - 17:06:40] Haider Philipps has withdrawn a M4A1 from the weapon locker (Cost: 9)
[2018/1/21 - 17:06:41] Haider Philipps has withdrawn a Desert Eagle from the weapon locker (Cost: 3)
[2018/1/21 - 17:06:42] Haider Philipps has withdrawn a Nitestick from the weapon locker (Cost: 1)
[2018/1/21 - 17:08:26] Mickey Mcflies (1000401546) has set Gerg Mcflies's (96175) badge to 282.
[2018/1/21 - 17:08:30] Mickey Mcflies (1000401546) has set Gerg Mcflies's (96175) badge to D282.
[2018/1/21 - 17:12:58] Mickey Mcflies (1000401546) has set Dro Ryders's (1000626820) badge to P225.
[2018/1/21 - 17:15:40] [VTICKET] Officer Dro Ryders has ticketed Bobby Leyva Escobar's Turismo (1437) for $1,000.
[2018/1/21 - 17:20:50] [VTICKET] Officer Dro Ryders has ticketed Michael Dios Wing's Elegy (882) for $1,000.
[2018/1/21 - 17:27:26] [D278] Officer II Carlos Flleming has timed out.
[2018/1/21 - 17:34:00] Hodges Marna has withdrawn a Nitestick from the weapon locker (Cost: 1)
[2018/1/21 - 17:34:01] Hodges Marna has withdrawn a Spray Can from the weapon locker (Cost: 1)
[2018/1/21 - 17:34:02] Hodges Marna has withdrawn a Desert Eagle from the weapon locker (Cost: 3)
[2018/1/21 - 17:34:03] Hodges Marna has withdrawn a SPAS-12 from the weapon locker (Cost: 9)
[2018/1/21 - 17:34:04] Hodges Marna has withdrawn a M4A1 from the weapon locker (Cost: 9)
[2018/1/21 - 17:35:58] Gerg Mcflies has withdrawn a SPAS-12 from the weapon locker (Cost: 9)
[2018/1/21 - 17:35:59] Gerg Mcflies has withdrawn a M4A1 from the weapon locker (Cost: 9)
[2018/1/21 - 17:44:56] [D293] Sergeant Lionel Taylor has logged out.
[2018/1/21 - 17:46:43] [P239] Officer I Daniel Arthur has logged out.
[2018/1/21 - 17:49:52] [P225] Officer I Dro Ryders has timed out.
[2018/1/21 - 17:55:04] [P225] Officer I Dro Ryders has logged out.
[2018/1/21 - 18:00:29] [P283] Officer I Haider Philipps has timed out.
[2018/1/21 - 18:00:40] [D281] Officer II Hodges Marna has logged out.
[2018/1/21 - 18:02:51] Gregory Boyington (1000626467) has made Gregory Boyington (1000626467) the leader of the LSPD.
[2018/1/21 - 18:03:02] Nicole Trey (1000192166) accepted Chief of Police Gregory Boyington's (1000626467) invite to join LSPD (1).
[2018/1/21 - 18:03:14] Nicole Trey (1000192166) has quit the LSPD as a rank 0
[2018/1/21 - 18:12:42] [D294] Officer II Nick Memphis has timed out.
[2018/1/21 - 18:13:17] Administrator Gregory Boyington has group-kicked Gregory Boyington (1000626467) from LSPD (1)
[2018/1/21 - 18:14:06] Roy Kingstone (84251) accepted Lieutenant Mickey Mcflies's (1000401546) invite to join LSPD (1).
[2018/1/21 - 18:14:08] [D237] Officer II Mohammed Gamal has timed out.
[2018/1/21 - 18:14:28] Mickey Mcflies (1000401546) has set Roy Kingstone's (84251) badge to CXXX.
[2018/1/21 - 18:14:31] Mickey Mcflies (1000401546) has set Roy Kingstone's (84251) badge to PXXX.
[2018/1/21 - 18:14:47] Roy Kingstone has withdrawn a Nitestick from the weapon locker (Cost: 1)
[2018/1/21 - 18:14:49] [D237] Mohammed Gamal has logged in.
[2018/1/21 - 18:14:49] Roy Kingstone has withdrawn a Spray Can from the weapon locker (Cost: 1)
[2018/1/21 - 18:14:55] Roy Kingstone has withdrawn a Desert Eagle from the weapon locker (Cost: 3)
[2018/1/21 - 18:14:56] Lieutenant Mickey Mcflies (1000401546) has set Roy Kingstone's (84251) division to PTL in LSPD (1).
[2018/1/21 - 18:17:35] Lieutenant Mickey Mcflies (1000401546) (rank 6) has given Jeff Armstrong (1000374572) rank 3 (Corporal) in LSPD (1).
[2018/1/21 - 18:19:22] [VTICKET] Officer Hodges Marna has ticketed Dwayne Radcliffe's Hermes (1378) for $1,000.
[2018/1/21 - 18:20:26] [P217] Carlos G Ortega has logged in.
[2018/1/21 - 18:22:34] [D294] Officer II Alex Whey Jefferson has logged out.
[2018/1/21 - 18:23:24] [F241] Corporal Jeff Armstrong has timed out.
[2018/1/21 - 18:24:11] [D237] Officer II Kara Danvers has logged out.
[2018/1/21 - 18:24:27] [PXXX] Cadet Roy Kingstone has logged out.
[2018/1/21 - 18:40:30] [P283] Officer I Haider Philipps has logged out.
[2018/1/21 - 18:44:14] John Swagger has withdrawn a SPAS-12 from the weapon locker (Cost: 9)
[2018/1/21 - 18:44:15] John Swagger has withdrawn a M4A1 from the weapon locker (Cost: 9)
[2018/1/21 - 18:45:52] John Swagger has withdrawn a Desert Eagle from the weapon locker (Cost: 3)
[2018/1/21 - 18:45:54] John Swagger has withdrawn a SPAS-12 from the weapon locker (Cost: 9)
[2018/1/21 - 18:45:55] John Swagger has withdrawn a M4A1 from the weapon locker (Cost: 9)
[2018/1/21 - 18:45:56] John Swagger has withdrawn a Sniper Rifle from the weapon locker (Cost: 10)
[2018/1/21 - 18:51:32] Lieutenant Mickey Mcflies (1000401546) (rank 6) has given Tatsumi Hattori (1000626288) rank 3 (Corporal) in LSPD (1).
[2018/1/21 - 18:53:52] Officer I Mac Carl has logged out.
[2018/1/21 - 18:57:00] [D277] Corporal Tatsumi Hattori has logged out.
[2018/1/21 - 18:59:50] Henry Rivers (39530) has made Henry Rivers (39530) the leader of the LSPD.
[2018/1/21 - 18:59:59] Chief of Police Henry Rivers (39530) has set Henry Rivers's (39530) division to HON in LSPD (1).
[2018/1/21 - 19:00:09] Chief of Police Henry Rivers (39530) (rank 9) has given Henry Rivers (39530) rank 6 (Lieutenant) in LSPD (1).
[2018/1/21 - 19:00:10] Lieutenant Henry Rivers (39530) (rank 6) has given Henry Rivers (39530) rank 7 (Captain) in LSPD (1).
[2018/1/21 - 19:20:51] [D278] Officer II Carlos Flleming has timed out.
[2018/1/21 - 19:21:13] Sven Keizer has withdrawn a Nitestick from the weapon locker (Cost: 1)
[2018/1/21 - 19:21:14] Sven Keizer has withdrawn a Spray Can from the weapon locker (Cost: 1)
[2018/1/21 - 19:21:14] Sven Keizer has withdrawn a Desert Eagle from the weapon locker (Cost: 3)
[2018/1/21 - 19:21:16] Sven Keizer has withdrawn a MP5 from the weapon locker (Cost: 4)
[2018/1/21 - 19:21:17] Sven Keizer has withdrawn a Shotgun from the weapon locker (Cost: 2)
[2018/1/21 - 19:21:18] Sven Keizer has withdrawn a M4A1 from the weapon locker (Cost: 9)
[2018/1/21 - 19:22:22] [I209] Sergeant Cruzio Demon has logged out.
[2018/1/21 - 19:23:40] [I209] Sergeant Cruzio Demon has logged out.
[2018/1/21 - 19:24:00] [D267] Officer II Suki Kingston has logged out.
[2018/1/21 - 19:27:37] [A213] Captain Carlos Ramirez has timed out.
[2018/1/21 - 19:28:46] Cruzio Demon has withdrawn a Desert Eagle from the weapon locker (Cost: 3)
[2018/1/21 - 19:28:47] Cruzio Demon has withdrawn a SPAS-12 from the weapon locker (Cost: 9)
[2018/1/21 - 19:28:48] Cruzio Demon has withdrawn a M4A1 from the weapon locker (Cost: 9)
[2018/1/21 - 19:28:49] Cruzio Demon has withdrawn a Sniper Rifle from the weapon locker (Cost: 10)
[2018/1/21 - 19:31:32] [D237] Kara Danvers has logged in.
[2018/1/21 - 19:32:14] * Officer Daniel Arthur has taken away Dean J. Winchester's weapons.
[2018/1/21 - 19:34:33] [P239] Officer I Daniel Arthur has logged out.
[2018/1/21 - 19:41:40] [D281] Officer II Hodges Marna has logged out.
[2018/1/21 - 19:46:34] [D278] Officer II Carlos Flleming has timed out.
[2018/1/21 - 19:53:46] Cruzio Demon has withdrawn a Desert Eagle from the weapon locker (Cost: 3)
[2018/1/21 - 19:53:47] Cruzio Demon has withdrawn a SPAS-12 from the weapon locker (Cost: 9)
[2018/1/21 - 19:53:48] Cruzio Demon has withdrawn a M4A1 from the weapon locker (Cost: 9)
[2018/1/21 - 19:53:49] Cruzio Demon has withdrawn a Sniper Rifle from the weapon locker (Cost: 10)
[2018/1/21 - 19:58:57] John Swagger has withdrawn a SPAS-12 from the weapon locker (Cost: 9)
[2018/1/21 - 20:01:18] [D237] Officer II Kara Danvers has logged out.
[2018/1/21 - 20:03:08] [A401] Captain Sean James has logged out.
[2018/1/21 - 20:03:17] [D270] Lieutenant Mickey Mcflies has logged out.
[2018/1/21 - 20:05:44] [D282] Sergeant Gerg Mcflies has logged out.
[2018/1/21 - 20:08:25] [H300] Sergeant Deepam W. Mcflies has logged out.
[2018/1/21 - 20:15:52] [D268] Officer II Tonio Sarto has timed out.
[2018/1/21 - 20:17:00] [P256] Officer I Sven Keizer has timed out.
[2018/1/21 - 20:26:19] [P252] Corporal John Swagger has logged out.
[2018/1/21 - 20:29:14] [I209] Sergeant Cruzio Demon has logged out.
[2018/1/21 - 20:30:00] [P256] Officer I Sven Keizer has timed out.
[2018/1/21 - 20:30:02] [P239] Officer I Daniel Arthur has logged out.
[2018/1/21 - 20:30:41] [PXXX] Cadet Roy Kingstone has logged out.
[2018/1/21 - 20:30:51] [D278] Officer II Carlos Flleming has timed out.
[2018/1/21 - 21:05:10] Walter Skinner has withdrawn a M4A1 from the weapon locker (Cost: 9)
[2018/1/21 - 21:05:11] Walter Skinner has withdrawn a SPAS-12 from the weapon locker (Cost: 9)
[2018/1/21 - 21:06:30] Walter Skinner has withdrawn a M4A1 from the weapon locker (Cost: 9)
[2018/1/21 - 21:06:31] Walter Skinner has withdrawn a SPAS-12 from the weapon locker (Cost: 9)
[2018/1/21 - 21:08:12] Walter Skinner has withdrawn a M4A1 from the weapon locker (Cost: 9)
[2018/1/21 - 21:08:13] Walter Skinner has withdrawn a SPAS-12 from the weapon locker (Cost: 9)
[2018/1/21 - 21:09:25] Walter Skinner has withdrawn a M4A1 from the weapon locker (Cost: 9)
[2018/1/21 - 21:09:26] Walter Skinner has withdrawn a SPAS-12 from the weapon locker (Cost: 9)
[2018/1/21 - 21:10:53] Walter Skinner has withdrawn a SPAS-12 from the weapon locker (Cost: 9)
[2018/1/21 - 21:10:54] Walter Skinner has withdrawn a M4A1 from the weapon locker (Cost: 9)
[2018/1/21 - 21:12:30] Walter Skinner has withdrawn a SPAS-12 from the weapon locker (Cost: 9)
[2018/1/21 - 21:12:32] Walter Skinner has withdrawn a M4A1 from the weapon locker (Cost: 9)
[2018/1/21 - 21:13:46] Walter Skinner has withdrawn a SPAS-12 from the weapon locker (Cost: 9)
[2018/1/21 - 21:13:46] Walter Skinner has withdrawn a M4A1 from the weapon locker (Cost: 9)
[2018/1/21 - 21:15:04] Walter Skinner has withdrawn a SPAS-12 from the weapon locker (Cost: 9)
[2018/1/21 - 21:15:05] Walter Skinner has withdrawn a M4A1 from the weapon locker (Cost: 9)
[2018/1/21 - 21:16:01] [H270] Corporal Josh Mcflies has logged out.
[2018/1/21 - 21:16:18] Walter Skinner has withdrawn a SPAS-12 from the weapon locker (Cost: 9)
[2018/1/21 - 21:16:18] Walter Skinner has withdrawn a M4A1 from the weapon locker (Cost: 9)
[2018/1/21 - 21:16:23] [P220] Officer I Walter Skinner has logged out.
[2018/1/21 - 22:33:37] Tazz William has withdrawn a Desert Eagle from the weapon locker (Cost: 3)
[2018/1/21 - 22:33:38] Tazz William has withdrawn a SPAS-12 from the weapon locker (Cost: 9)
[2018/1/21 - 22:33:40] Tazz William has withdrawn a M4A1 from the weapon locker (Cost: 9)
[2018/1/21 - 22:34:25] [D278] Officer II Carlos Flleming has timed out.
[2018/1/21 - 22:40:08] * Officer Tazz William has taken away Benjo Fisher's weapons.
[2018/1/21 - 22:40:18] * Officer Tazz William has taken away Benjo Fisher's Ecstasy.
[2018/1/21 - 22:49:36] [D281] Officer II Hodges Marna has logged out.
[2018/1/21 - 22:49:56] [P216] Officer II Tazz William has timed out.
[2018/1/21 - 22:55:53] Tazz William has withdrawn a Desert Eagle from the weapon locker (Cost: 3)
[2018/1/21 - 22:55:54] Tazz William has withdrawn a SPAS-12 from the weapon locker (Cost: 9)
[2018/1/21 - 22:55:56] Tazz William has withdrawn a M4A1 from the weapon locker (Cost: 9)
[2018/1/21 - 23:00:27] [P216] Officer II Tazz William has timed out.
[2018/1/21 - 23:00:32] [D268] Officer II Tonio Sarto has logged out.
[2018/1/21 - 23:03:37] [D278] Officer II Carlos Flleming has logged out.
[2018/1/21 - 23:03:48] [H270] Corporal Josh Mcflies has logged out.
[2018/1/21 - 23:05:49] [P220] Officer I Walter Skinner has timed out.
