[2018/1/16 - 0:01:12] [P272] Officer I James Carl has logged out.
[2018/1/16 - 0:01:20] [D294] Officer II Chin Ho Kelly has timed out.
[2018/1/16 - 0:05:34] Kevin Flexman has withdrawn a SPAS-12 from the weapon locker (Cost: 9)
[2018/1/16 - 0:06:42] [P246] Cadet Zack Viccaji has logged out.
[2018/1/16 - 0:40:45] Kevin Flexman has withdrawn a Desert Eagle from the weapon locker (Cost: 3)
[2018/1/16 - 0:40:47] Kevin Flexman has withdrawn a SPAS-12 from the weapon locker (Cost: 9)
[2018/1/16 - 0:40:49] Kevin Flexman has withdrawn a M4A1 from the weapon locker (Cost: 9)
[2018/1/16 - 0:43:06] Hodges Marna has withdrawn a Nitestick from the weapon locker (Cost: 1)
[2018/1/16 - 0:43:07] Hodges Marna has withdrawn a Spray Can from the weapon locker (Cost: 1)
[2018/1/16 - 0:43:07] Hodges Marna has withdrawn a Desert Eagle from the weapon locker (Cost: 3)
[2018/1/16 - 0:43:09] Hodges Marna has withdrawn a SPAS-12 from the weapon locker (Cost: 9)
[2018/1/16 - 0:43:10] Hodges Marna has withdrawn a M4A1 from the weapon locker (Cost: 9)
[2018/1/16 - 0:47:57] [C278] Officer II Mano Freeman has timed out.
[2018/1/16 - 0:55:21] Hooligan Maddox (1000027113) has made Hooligan Maddox (1000027113) the leader of the LSPD.
[2018/1/16 - 0:55:35] Scott R. Mclaren (1000623504) accepted Chief of Police Hooligan Maddox's (1000027113) invite to join LSPD (1).
[2018/1/16 - 0:55:41] Lionel Taylor (30797) accepted Chief of Police Hooligan Maddox's (1000027113) invite to join LSPD (1).
[2018/1/16 - 0:55:50] Chief of Police Hooligan Maddox (1000027113) (rank 9) has given Lionel Taylor (30797) rank 3 (Corporal) in LSPD (1).
[2018/1/16 - 0:55:52] Chief of Police Hooligan Maddox (1000027113) (rank 9) has given Scott R. Mclaren (1000623504) rank 3 (Corporal) in LSPD (1).
[2018/1/16 - 0:56:23] Hodges Marna has withdrawn a Nitestick from the weapon locker (Cost: 1)
[2018/1/16 - 0:56:23] Hodges Marna has withdrawn a Spray Can from the weapon locker (Cost: 1)
[2018/1/16 - 0:56:24] Hodges Marna has withdrawn a Desert Eagle from the weapon locker (Cost: 3)
[2018/1/16 - 0:56:25] Hodges Marna has withdrawn a SPAS-12 from the weapon locker (Cost: 9)
[2018/1/16 - 0:56:26] Hodges Marna has withdrawn a M4A1 from the weapon locker (Cost: 9)
[2018/1/16 - 0:56:45] Antonio D. Sarto has withdrawn a Desert Eagle from the weapon locker (Cost: 3)
[2018/1/16 - 0:56:47] Antonio D. Sarto has withdrawn a SPAS-12 from the weapon locker (Cost: 9)
[2018/1/16 - 1:01:32] Sharkiesha Diesel (1000618847) accepted Chief of Police Hooligan Maddox's (1000027113) invite to join LSPD (1).
[2018/1/16 - 1:01:48] Chelsya Thomas (1000497477) accepted Chief of Police Hooligan Maddox's (1000027113) invite to join LSPD (1).
[2018/1/16 - 1:05:03] Chief of Police Hooligan Maddox has logged out.
[2018/1/16 - 1:11:21] Scott R. Mclaren has withdrawn a Desert Eagle from the weapon locker (Cost: 3)
[2018/1/16 - 1:11:22] Scott R. Mclaren has withdrawn a MP5 from the weapon locker (Cost: 4)
[2018/1/16 - 1:11:26] Chelsya Thomas has withdrawn a Desert Eagle from the weapon locker (Cost: 3)
[2018/1/16 - 1:11:28] Chelsya Thomas has withdrawn a MP5 from the weapon locker (Cost: 4)
[2018/1/16 - 1:17:53] Mano Freeman has withdrawn a Desert Eagle from the weapon locker (Cost: 3)
[2018/1/16 - 1:17:54] Mano Freeman has withdrawn a SPAS-12 from the weapon locker (Cost: 9)
[2018/1/16 - 1:17:56] Mano Freeman has withdrawn a M4A1 from the weapon locker (Cost: 9)
[2018/1/16 - 1:18:00] Mano Freeman has withdrawn a Spray Can from the weapon locker (Cost: 1)
[2018/1/16 - 1:18:45] Sharkiesha Diesel has withdrawn a Desert Eagle from the weapon locker (Cost: 3)
[2018/1/16 - 1:18:59] Walter Skinner (1000625383) accepted Captain Sean James's (1000047031) invite to join LSPD (1).
[2018/1/16 - 1:19:00] Captain Sean James (1000047031) (rank 7) has given Walter Skinner (1000625383) rank 1 (Officer I) in LSPD (1).
[2018/1/16 - 1:19:03] Captain Sean James (1000047031) has set Walter Skinner's (1000625383) division to PTL in LSPD (1).
[2018/1/16 - 1:19:48] Officer I Walter Skinner has logged out.
[2018/1/16 - 1:21:08] [P268] Officer II Antonio D. Sarto has timed out.
[2018/1/16 - 1:25:20] [I224] Sergeant Michael Westen has timed out.
[2018/1/16 - 1:26:10] Lionel Taylor has withdrawn a Nitestick from the weapon locker (Cost: 1)
[2018/1/16 - 1:26:12] Lionel Taylor has withdrawn a Spray Can from the weapon locker (Cost: 1)
[2018/1/16 - 1:26:15] Lionel Taylor has withdrawn a Desert Eagle from the weapon locker (Cost: 3)
[2018/1/16 - 1:26:21] Lionel Taylor has withdrawn a Shotgun from the weapon locker (Cost: 2)
[2018/1/16 - 1:27:07] [I224] Michael Westen has logged in.
[2018/1/16 - 1:29:03] John Fredrico (1000303813) accepted Captain Sean James's (1000047031) invite to join LSPD (1).
[2018/1/16 - 1:29:04] Captain Sean James (1000047031) (rank 7) has given John Fredrico (1000303813) rank 3 (Corporal) in LSPD (1).
[2018/1/16 - 1:29:09] Captain Sean James (1000047031) has set John Fredrico's (1000303813) division to PTL in LSPD (1).
[2018/1/16 - 1:29:14] Konrad Fredrico (1000070517) accepted Captain Sean James's (1000047031) invite to join LSPD (1).
[2018/1/16 - 1:29:16] Captain Sean James (1000047031) (rank 7) has given Konrad Fredrico (1000070517) rank 3 (Corporal) in LSPD (1).
[2018/1/16 - 1:29:19] Captain Sean James (1000047031) has set Konrad Fredrico's (1000070517) division to PTL in LSPD (1).
[2018/1/16 - 1:30:10] Carly Mcknight (1000626619) accepted Captain Sean James's (1000047031) invite to join LSPD (1).
[2018/1/16 - 1:30:12] Captain Sean James (1000047031) (rank 7) has given Carly Mcknight (1000626619) rank 2 (Officer II) in LSPD (1).
[2018/1/16 - 1:30:15] Captain Sean James (1000047031) has set Carly Mcknight's (1000626619) division to PTL in LSPD (1).
[2018/1/16 - 1:30:22] Dro Ryders (1000626820) accepted Captain Sean James's (1000047031) invite to join LSPD (1).
[2018/1/16 - 1:30:24] Captain Sean James (1000047031) (rank 7) has given Dro Ryders (1000626820) rank 1 (Officer I) in LSPD (1).
[2018/1/16 - 1:30:25] Captain Sean James (1000047031) has set Dro Ryders's (1000626820) division to PTL in LSPD (1).
[2018/1/16 - 1:31:50] Dro Ryders has withdrawn a SPAS-12 from the weapon locker (Cost: 9)
[2018/1/16 - 1:31:57] Dro Ryders has withdrawn a Desert Eagle from the weapon locker (Cost: 3)
[2018/1/16 - 1:32:00] Dro Ryders has withdrawn a M4A1 from the weapon locker (Cost: 9)
[2018/1/16 - 1:34:26] Captain Sean James (1000047031) (rank 7) has given Chelsya Thomas (1000497477) rank 1 (Officer I) in LSPD (1).
[2018/1/16 - 1:34:58] Captain Sean James (1000047031) (rank 7) has given Sharkiesha Diesel (1000618847) rank 2 (Officer II) in LSPD (1).
[2018/1/16 - 1:35:09] Captain Sean James (1000047031) has set Sharkiesha Diesel's (1000618847) division to PTL in LSPD (1).
[2018/1/16 - 1:36:50] Captain Sean James (1000047031) has set Chelsya Thomas's (1000497477) division to PTL in LSPD (1).
[2018/1/16 - 1:38:39] Officer II Sharkiesha Diesel has logged out.
[2018/1/16 - 1:39:19] Walter Skinner has withdrawn a Desert Eagle from the weapon locker (Cost: 3)
[2018/1/16 - 1:39:24] Walter Skinner has withdrawn a M4A1 from the weapon locker (Cost: 9)
[2018/1/16 - 1:43:06] Stefan Legend (1000598028) accepted Captain Sean James's (1000047031) invite to join LSPD (1).
[2018/1/16 - 1:43:07] Captain Sean James (1000047031) (rank 7) has given Stefan Legend (1000598028) rank 1 (Officer I) in LSPD (1).
[2018/1/16 - 1:43:10] Captain Sean James (1000047031) has set Stefan Legend's (1000598028) division to PTL in LSPD (1).
[2018/1/16 - 1:43:32] Spencer Jameson has logged in.
[2018/1/16 - 1:44:06] Hector Jackson (1000625301) accepted Captain Sean James's (1000047031) invite to join LSPD (1).
[2018/1/16 - 1:44:10] Captain Sean James (1000047031) (rank 7) has given Hector Jackson (1000625301) rank 1 (Officer I) in LSPD (1).
[2018/1/16 - 1:44:13] Captain Sean James (1000047031) has set Hector Jackson's (1000625301) division to PTL in LSPD (1).
[2018/1/16 - 1:44:57] Stefan Legend has withdrawn a Desert Eagle from the weapon locker (Cost: 3)
[2018/1/16 - 1:48:08] Scott R. Mclaren has withdrawn a Nitestick from the weapon locker (Cost: 1)
[2018/1/16 - 1:50:13] Corporal Konrad Fredrico has logged out.
[2018/1/16 - 1:50:14] Chelsya Thomas has withdrawn a M4A1 from the weapon locker (Cost: 9)
[2018/1/16 - 1:50:16] Chelsya Thomas has withdrawn a SPAS-12 from the weapon locker (Cost: 9)
[2018/1/16 - 1:50:17] Corporal John Fredrico has logged out.
[2018/1/16 - 1:50:22] Officer I Stefan Legend has logged out.
[2018/1/16 - 1:51:03] [I224] Sergeant Michael Westen has timed out.
[2018/1/16 - 1:52:07] Stefan Legend has withdrawn a M4A1 from the weapon locker (Cost: 9)
[2018/1/16 - 1:56:34] Officer I Tatsumi Hattori has logged out.
[2018/1/16 - 1:56:52] Officer I Hector Jackson has logged out.
[2018/1/16 - 1:57:02] [P268] Officer II Antonio D. Sarto has timed out.
[2018/1/16 - 1:59:51] Sean James (1000047031) has set Chelsya Thomas's (1000497477) badge to P383.
[2018/1/16 - 1:59:53] [I224] Michael Westen has logged in.
[2018/1/16 - 2:01:02] Corporal Lionel Taylor has logged out.
[2018/1/16 - 2:02:40] Robbert Lutz (1000182157) accepted Captain Sean James's (1000047031) invite to join LSPD (1).
[2018/1/16 - 2:02:42] Captain Sean James (1000047031) (rank 7) has given Robbert Lutz (1000182157) rank 1 (Officer I) in LSPD (1).
[2018/1/16 - 2:02:45] Captain Sean James (1000047031) has set Robbert Lutz's (1000182157) division to PTL in LSPD (1).
[2018/1/16 - 2:04:05] Robbert Lutz has withdrawn a Desert Eagle from the weapon locker (Cost: 3)
[2018/1/16 - 2:04:09] Robbert Lutz has withdrawn a M4A1 from the weapon locker (Cost: 9)
[2018/1/16 - 2:04:31] Officer I Robbert Lutz has logged out.
[2018/1/16 - 2:05:35] Officer I Stefan Legend has logged out.
[2018/1/16 - 2:05:51] [D281] Officer II Hodges Marna has timed out.
[2018/1/16 - 2:06:28] Officer I Tatsumi Hattori has logged out.
[2018/1/16 - 2:10:06] [I224] Sergeant Michael Westen has timed out.
[2018/1/16 - 2:10:41] Officer I Tatsumi Hattori has logged out.
[2018/1/16 - 2:11:22] [I224] Michael Westen has logged in.
[2018/1/16 - 2:11:44] [A178] Deputy Chief Jessica Kenway has timed out.
[2018/1/16 - 2:17:38] Officer I Dro Ryders has timed out.
[2018/1/16 - 2:17:53] [I224] Sergeant Michael Westen has logged out.
[2018/1/16 - 2:21:35] [P268] Officer II Antonio D. Sarto has timed out.
[2018/1/16 - 2:22:48] [A401] Captain Sean James has logged out.
[2018/1/16 - 2:23:20] Officer I Tatsumi Hattori has logged out.
[2018/1/16 - 2:23:35] [D281] Officer II Hodges Marna has timed out.
[2018/1/16 - 2:24:55] [H102] Sergeant Joe Buddin has logged out.
[2018/1/16 - 2:26:13] Suki Kingston has withdrawn a SPAS-12 from the weapon locker (Cost: 9)
[2018/1/16 - 2:26:15] Suki Kingston has withdrawn a M4A1 from the weapon locker (Cost: 9)
[2018/1/16 - 2:30:47] [P268] Officer II Antonio D. Sarto has logged out.
[2018/1/16 - 2:33:15] Walter Skinner has withdrawn a AK-47 from the weapon locker (Cost: 5)
[2018/1/16 - 2:33:19] Walter Skinner has withdrawn a Desert Eagle from the weapon locker (Cost: 3)
[2018/1/16 - 2:33:23] Walter Skinner has deposited a AK-47 into the locker.
[2018/1/16 - 2:33:29] Walter Skinner has withdrawn a SPAS-12 from the weapon locker (Cost: 9)
[2018/1/16 - 2:33:54] Officer II Carly Mcknight has timed out.
[2018/1/16 - 2:42:08] [P383] Officer I Chelsya Thomas has logged out.
[2018/1/16 - 2:53:39] [H102] Sergeant Jerome Mcwill has logged out.
[2018/1/16 - 2:54:22] Officer I Walter Skinner has logged out.
[2018/1/16 - 2:55:36] [A178] Deputy Chief Derek Hunter has logged out.
[2018/1/16 - 3:01:51] IMPOUND: Matt Bishop has impounded Lucas Schneider's Sultan and gained $49,050
[2018/1/16 - 3:06:40] [VTICKET] Officer Suki Kingston has ticketed Calvin Equinox's Sultan (1179) for $5,000.
[2018/1/16 - 3:18:56] Officer I Walter Skinner has logged out.
[2018/1/16 - 3:22:10] * Officer Dro Ryders has taken away Burat Zafuki's crack.
[2018/1/16 - 3:22:21] * Officer Dro Ryders has taken away Burat Zafuki's Ecstasy.
[2018/1/16 - 3:22:31] [D267] Officer II Suki Kingston has logged out.
[2018/1/16 - 3:22:42] * Officer Dro Ryders has taken away Burat Zafuki's Cannabis.
[2018/1/16 - 3:38:37] Officer I Dro Ryders has logged out.
[2018/1/16 - 3:44:52] Chelsya Thomas has withdrawn a Nitestick from the weapon locker (Cost: 1)
[2018/1/16 - 3:44:53] Chelsya Thomas has withdrawn a Spray Can from the weapon locker (Cost: 1)
[2018/1/16 - 3:44:54] Chelsya Thomas has withdrawn a Desert Eagle from the weapon locker (Cost: 3)
[2018/1/16 - 3:45:35] Chelsya Thomas has withdrawn a Shotgun from the weapon locker (Cost: 2)
[2018/1/16 - 3:45:38] Chelsya Thomas has withdrawn a MP5 from the weapon locker (Cost: 4)
[2018/1/16 - 3:51:47] [C278] Officer II Carlos Flleming has logged out.
[2018/1/16 - 4:01:00] Officer II Carly Mcknight has timed out.
[2018/1/16 - 4:12:04] Chelsya Thomas has withdrawn a Nitestick from the weapon locker (Cost: 1)
[2018/1/16 - 4:12:05] Chelsya Thomas has withdrawn a Spray Can from the weapon locker (Cost: 1)
[2018/1/16 - 4:12:06] Chelsya Thomas has withdrawn a Desert Eagle from the weapon locker (Cost: 3)
[2018/1/16 - 4:12:08] Chelsya Thomas has withdrawn a MP5 from the weapon locker (Cost: 4)
[2018/1/16 - 4:12:09] Chelsya Thomas has withdrawn a Shotgun from the weapon locker (Cost: 2)
[2018/1/16 - 4:24:57] [C278] Officer II Charles Williamson has logged out.
[2018/1/16 - 5:00:12] [P383] Officer I Chelsya Thomas has logged out.
[2018/1/16 - 5:31:59] [C278] Officer II Charles Williamson has logged out.
[2018/1/16 - 6:24:11] [P283] Cadet Haider Philipps has timed out.
[2018/1/16 - 6:33:08] [P283] Cadet Haider Philipps has logged out.
[2018/1/16 - 7:13:36] [D237] Officer II Kara Danvers has logged out.
[2018/1/16 - 8:11:17] Cruzio Demon has withdrawn a Desert Eagle from the weapon locker (Cost: 3)
[2018/1/16 - 8:11:19] Cruzio Demon has withdrawn a SPAS-12 from the weapon locker (Cost: 9)
[2018/1/16 - 8:11:20] Cruzio Demon has withdrawn a AK-47 from the weapon locker (Cost: 5)
[2018/1/16 - 8:11:21] Cruzio Demon has withdrawn a Sniper Rifle from the weapon locker (Cost: 10)
[2018/1/16 - 8:31:57] Sergeant Jerome Mcwill (1000624818) has set Jerome Mcwill's (1000624818) division to CMD in LSPD (1).
[2018/1/16 - 8:33:45] EMS Driver Jerome Mcwill has successfully delivered Patient Scott R. Mclaren to the hospital.
[2018/1/16 - 8:33:52] Sergeant Jerome Mcwill (1000624818) has set Jerome Mcwill's (1000624818) division to PTL in LSPD (1).
[2018/1/16 - 8:41:20] Jerome Mcwill has withdrawn a Nitestick from the weapon locker (Cost: 1)
[2018/1/16 - 8:41:21] Jerome Mcwill has withdrawn a Spray Can from the weapon locker (Cost: 1)
[2018/1/16 - 8:41:22] Jerome Mcwill has withdrawn a Desert Eagle from the weapon locker (Cost: 3)
[2018/1/16 - 8:41:23] Jerome Mcwill has withdrawn a MP5 from the weapon locker (Cost: 4)
[2018/1/16 - 8:41:25] Jerome Mcwill has withdrawn a SPAS-12 from the weapon locker (Cost: 9)
[2018/1/16 - 8:41:26] Jerome Mcwill has withdrawn a M4A1 from the weapon locker (Cost: 9)
[2018/1/16 - 8:41:28] Jerome Mcwill has withdrawn a Sniper Rifle from the weapon locker (Cost: 10)
[2018/1/16 - 8:43:53] Cruzio Demon has withdrawn a Desert Eagle from the weapon locker (Cost: 3)
[2018/1/16 - 8:43:53] Cruzio Demon has withdrawn a SPAS-12 from the weapon locker (Cost: 9)
[2018/1/16 - 8:43:54] Cruzio Demon has withdrawn a AK-47 from the weapon locker (Cost: 5)
[2018/1/16 - 8:43:55] Cruzio Demon has withdrawn a Sniper Rifle from the weapon locker (Cost: 10)
[2018/1/16 - 8:48:34] [H102] Sergeant Jerome Mcwill has logged out.
[2018/1/16 - 8:49:46] [P292] Chief of Police Lue Dockson has logged out.
[2018/1/16 - 8:55:46] Cruzio Demon has withdrawn a Desert Eagle from the weapon locker (Cost: 3)
[2018/1/16 - 8:55:47] Cruzio Demon has withdrawn a SPAS-12 from the weapon locker (Cost: 9)
[2018/1/16 - 8:55:49] Cruzio Demon has withdrawn a AK-47 from the weapon locker (Cost: 5)
[2018/1/16 - 8:55:50] Cruzio Demon has withdrawn a Sniper Rifle from the weapon locker (Cost: 10)
[2018/1/16 - 9:08:30] [I220] Lieutenant Hugo Rafael has logged out.
[2018/1/16 - 9:28:11] Cruzio Demon has withdrawn a MP5 from the weapon locker (Cost: 4)
[2018/1/16 - 9:28:12] Cruzio Demon has withdrawn a Desert Eagle from the weapon locker (Cost: 3)
[2018/1/16 - 9:28:13] Cruzio Demon has withdrawn a SPAS-12 from the weapon locker (Cost: 9)
[2018/1/16 - 9:28:13] Cruzio Demon has withdrawn a AK-47 from the weapon locker (Cost: 5)
[2018/1/16 - 9:28:14] Cruzio Demon has withdrawn a Sniper Rifle from the weapon locker (Cost: 10)
[2018/1/16 - 9:42:13] Haider Philipps has withdrawn a Nitestick from the weapon locker (Cost: 1)
[2018/1/16 - 9:42:15] Haider Philipps has withdrawn a Desert Eagle from the weapon locker (Cost: 3)
[2018/1/16 - 9:42:17] Haider Philipps has withdrawn a Shotgun from the weapon locker (Cost: 2)
[2018/1/16 - 9:42:19] Haider Philipps has withdrawn a MP5 from the weapon locker (Cost: 4)
[2018/1/16 - 9:49:11] [I209] Corporal Cruzio Demon has logged out.
[2018/1/16 - 9:51:01] Hugo Rafael has withdrawn a Desert Eagle from the weapon locker (Cost: 3)
[2018/1/16 - 9:51:19] Hugo Rafael has withdrawn a SPAS-12 from the weapon locker (Cost: 9)
[2018/1/16 - 9:51:21] Hugo Rafael has withdrawn a M4A1 from the weapon locker (Cost: 9)
[2018/1/16 - 9:51:22] Hugo Rafael has withdrawn a Sniper Rifle from the weapon locker (Cost: 10)
[2018/1/16 - 9:55:00] [P283] Cadet Haider Philipps has logged out.
[2018/1/16 - 9:58:44] Hugo Rafael (26972) has set Yousef Sle's (1000625811) badge to P202.
[2018/1/16 - 10:03:03] [I220] Lieutenant Hugo Rafael has logged out.
[2018/1/16 - 10:13:08] Yousef Sle has withdrawn a M4A1 from the weapon locker (Cost: 9)
[2018/1/16 - 10:13:11] Yousef Sle has withdrawn a Desert Eagle from the weapon locker (Cost: 3)
[2018/1/16 - 10:22:02] [P202] Officer I Yousef Sle has logged out.
[2018/1/16 - 10:33:26] Yousef Sle has withdrawn a M4A1 from the weapon locker (Cost: 9)
[2018/1/16 - 10:33:27] Yousef Sle has withdrawn a Desert Eagle from the weapon locker (Cost: 3)
[2018/1/16 - 10:47:13] [I220] Lieutenant Hugo Rafael has logged out.
[2018/1/16 - 10:50:57] [I220] Lieutenant Hugo Rafael has logged out.
[2018/1/16 - 10:53:26] [I220] Lieutenant Hugo Rafael has logged out.
[2018/1/16 - 10:53:46] Yousef Sle has withdrawn a M4A1 from the weapon locker (Cost: 9)
[2018/1/16 - 10:53:47] Yousef Sle has withdrawn a Desert Eagle from the weapon locker (Cost: 3)
[2018/1/16 - 10:59:28] Tazz William has withdrawn a Desert Eagle from the weapon locker (Cost: 3)
[2018/1/16 - 10:59:30] Tazz William has withdrawn a SPAS-12 from the weapon locker (Cost: 9)
[2018/1/16 - 10:59:33] Tazz William has withdrawn a M4A1 from the weapon locker (Cost: 9)
[2018/1/16 - 11:06:45] Yousef Sle has withdrawn a M4A1 from the weapon locker (Cost: 9)
[2018/1/16 - 11:06:47] Yousef Sle has withdrawn a Desert Eagle from the weapon locker (Cost: 3)
[2018/1/16 - 11:12:48] Yousef Sle has withdrawn a M4A1 from the weapon locker (Cost: 9)
[2018/1/16 - 11:12:53] Yousef Sle has withdrawn a Desert Eagle from the weapon locker (Cost: 3)
[2018/1/16 - 11:14:08] Tazz William has withdrawn a SPAS-12 from the weapon locker (Cost: 9)
[2018/1/16 - 11:14:12] Tazz William has withdrawn a Desert Eagle from the weapon locker (Cost: 3)
[2018/1/16 - 11:14:15] Tazz William has withdrawn a M4A1 from the weapon locker (Cost: 9)
[2018/1/16 - 11:23:36] Tazz William has withdrawn a Desert Eagle from the weapon locker (Cost: 3)
[2018/1/16 - 11:23:37] Tazz William has withdrawn a Shotgun from the weapon locker (Cost: 2)
[2018/1/16 - 11:23:40] Tazz William has withdrawn a SPAS-12 from the weapon locker (Cost: 9)
[2018/1/16 - 11:23:44] Tazz William has withdrawn a M4A1 from the weapon locker (Cost: 9)
[2018/1/16 - 11:25:59] Hector Jackson has withdrawn a SPAS-12 from the weapon locker (Cost: 9)
[2018/1/16 - 11:27:57] Yousef Sle has withdrawn a M4A1 from the weapon locker (Cost: 9)
[2018/1/16 - 11:28:00] Yousef Sle has withdrawn a Desert Eagle from the weapon locker (Cost: 3)
[2018/1/16 - 11:37:31] Tazz William has withdrawn a Desert Eagle from the weapon locker (Cost: 3)
[2018/1/16 - 11:37:33] Tazz William has withdrawn a MP5 from the weapon locker (Cost: 4)
[2018/1/16 - 11:37:42] Hector Jackson has withdrawn a SPAS-12 from the weapon locker (Cost: 9)
[2018/1/16 - 11:37:47] Tazz William has withdrawn a SPAS-12 from the weapon locker (Cost: 9)
[2018/1/16 - 11:50:45] Lieutenant Hugo Rafael (26972) has set Hugo Rafael's (26972) division to CMD in LSPD (1).
[2018/1/16 - 11:51:21] EMS Driver Hugo Rafael has successfully delivered Patient Cruzio Demon to the hospital.
[2018/1/16 - 11:51:45] * Officer Tazz William has taken away Larry Maddox's weapons.
[2018/1/16 - 11:51:55] * Officer Tazz William has taken away Larry Maddox's Cannabis.
[2018/1/16 - 11:52:11] * Officer Tazz William has taken away Larry Maddox's Heroin.
[2018/1/16 - 11:53:04] Lieutenant Hugo Rafael (26972) has set Hugo Rafael's (26972) division to IA in LSPD (1).
[2018/1/16 - 11:56:59] Officer I Hector Jackson has logged out.
[2018/1/16 - 12:00:04] * Officer Tazz William has taken away Teek C. Mercy's weapons.
[2018/1/16 - 12:18:13] Lieutenant Hugo Rafael (26972) has set Hugo Rafael's (26972) division to CMD in LSPD (1).
[2018/1/16 - 12:18:20] Lieutenant Hugo Rafael (26972) has set Hugo Rafael's (26972) division to IA in LSPD (1).
[2018/1/16 - 12:19:28] * Officer Yousef Sle has taken away Jax Winterfield's crack.
[2018/1/16 - 12:19:34] * Officer Yousef Sle has taken away Jax Winterfield's Cannabis.
[2018/1/16 - 12:25:45] Officer I Stefan Legend has logged out.
[2018/1/16 - 12:26:37] * Officer Tazz William has taken away Drew Erika's weapons.
[2018/1/16 - 12:36:57] [P216] Officer I Tazz William has logged out.
[2018/1/16 - 12:38:37] Lieutenant Hugo Rafael (26972) has set Darren Speed's (1000022519) division to PTL in LSPD (1).
[2018/1/16 - 12:38:49] Lieutenant Hugo Rafael (26972) (rank 6) has given Darren Speed (1000022519) rank 0 (Cadet) in LSPD (1).
[2018/1/16 - 12:38:57] Lieutenant Hugo Rafael (26972) (rank 6) has given Darren Speed (1000022519) rank 2 (Officer II) in LSPD (1).
[2018/1/16 - 12:40:31] Darren Speed has withdrawn a Desert Eagle from the weapon locker (Cost: 3)
[2018/1/16 - 12:40:33] Darren Speed has withdrawn a AK-47 from the weapon locker (Cost: 5)
[2018/1/16 - 12:40:34] Darren Speed has withdrawn a SPAS-12 from the weapon locker (Cost: 9)
[2018/1/16 - 12:40:43] Hugo Rafael has authorized Darren Speed to withdraw a Sniper Rifle from the weapon locker (Cost: 10)
[2018/1/16 - 12:41:26] [P275] Officer II Darren Speed has logged out.
[2018/1/16 - 12:50:12] * Officer Hugo Rafael has taken away Kieron Pollard's weapons.
[2018/1/16 - 12:57:38] [I220] Lieutenant Hugo Rafael has logged out.
[2018/1/16 - 12:58:59] Hector Rivera (1000366615) has set Stefan Legend's (1000598028) badge to P279.
[2018/1/16 - 12:59:17] [I209] Corporal Cruzio Demon has logged out.
[2018/1/16 - 12:59:21] Hector Rivera (1000366615) has set Lionel Taylor's (30797) badge to P293.
[2018/1/16 - 12:59:28] Chief of Police Hector Rivera (1000366615) has set Lionel Taylor's (30797) division to PTL in LSPD (1).
[2018/1/16 - 12:59:35] [A100] Chief of Police Hector Rivera has logged out.
[2018/1/16 - 13:01:55] Antonio D. Sarto has withdrawn a AK-47 from the weapon locker (Cost: 5)
[2018/1/16 - 13:01:58] Antonio D. Sarto has deposited a AK-47 into the locker.
[2018/1/16 - 13:02:01] Antonio D. Sarto has withdrawn a M4A1 from the weapon locker (Cost: 9)
[2018/1/16 - 13:02:02] Antonio D. Sarto has withdrawn a Desert Eagle from the weapon locker (Cost: 3)
[2018/1/16 - 13:02:56] Stefan Legend has withdrawn a AK-47 from the weapon locker (Cost: 5)
[2018/1/16 - 13:02:58] Stefan Legend has withdrawn a Desert Eagle from the weapon locker (Cost: 3)
[2018/1/16 - 13:05:04] Lionel Taylor has withdrawn a Nitestick from the weapon locker (Cost: 1)
[2018/1/16 - 13:05:05] Lionel Taylor has withdrawn a Spray Can from the weapon locker (Cost: 1)
[2018/1/16 - 13:05:07] Lionel Taylor has withdrawn a Desert Eagle from the weapon locker (Cost: 3)
[2018/1/16 - 13:05:13] Lionel Taylor has withdrawn a SPAS-12 from the weapon locker (Cost: 9)
[2018/1/16 - 13:13:57] Yousef Sle has withdrawn a SPAS-12 from the weapon locker (Cost: 9)
[2018/1/16 - 13:13:59] Yousef Sle has withdrawn a Desert Eagle from the weapon locker (Cost: 3)
[2018/1/16 - 13:14:50] [P279] Officer I Stefan Legend has logged out.
[2018/1/16 - 13:21:09] Officer I Walter Skinner has logged out.
[2018/1/16 - 13:23:23] [P202] Officer I Yousef Sle has logged out.
[2018/1/16 - 13:27:34] Stefan Legend has withdrawn a Desert Eagle from the weapon locker (Cost: 3)
[2018/1/16 - 13:27:36] Stefan Legend has withdrawn a AK-47 from the weapon locker (Cost: 5)
[2018/1/16 - 13:28:38] Lionel Taylor has withdrawn a Nitestick from the weapon locker (Cost: 1)
[2018/1/16 - 13:28:40] Lionel Taylor has withdrawn a Spray Can from the weapon locker (Cost: 1)
[2018/1/16 - 13:28:41] Lionel Taylor has withdrawn a Desert Eagle from the weapon locker (Cost: 3)
[2018/1/16 - 13:28:42] Lionel Taylor has withdrawn a SPAS-12 from the weapon locker (Cost: 9)
[2018/1/16 - 13:30:46] [P246] Cadet Zack Viccaji has timed out.
[2018/1/16 - 13:31:09] Antonio D. Sarto has withdrawn a Desert Eagle from the weapon locker (Cost: 3)
[2018/1/16 - 13:31:11] Antonio D. Sarto has withdrawn a M4A1 from the weapon locker (Cost: 9)
[2018/1/16 - 13:31:14] Walter Skinner has withdrawn a SPAS-12 from the weapon locker (Cost: 9)
[2018/1/16 - 13:31:16] Walter Skinner has withdrawn a Desert Eagle from the weapon locker (Cost: 3)
[2018/1/16 - 13:31:54] [P283] Cadet Haider Philipps has timed out.
[2018/1/16 - 13:43:24] Walter Skinner has withdrawn a Desert Eagle from the weapon locker (Cost: 3)
[2018/1/16 - 13:43:25] Walter Skinner has withdrawn a SPAS-12 from the weapon locker (Cost: 9)
[2018/1/16 - 13:43:27] Tazz William has withdrawn a Desert Eagle from the weapon locker (Cost: 3)
[2018/1/16 - 13:43:29] Tazz William has withdrawn a SPAS-12 from the weapon locker (Cost: 9)
[2018/1/16 - 13:43:33] Tazz William has withdrawn a MP5 from the weapon locker (Cost: 4)
[2018/1/16 - 13:43:59] Stefan Legend has withdrawn a M4A1 from the weapon locker (Cost: 9)
[2018/1/16 - 13:44:02] Stefan Legend has withdrawn a Desert Eagle from the weapon locker (Cost: 3)
[2018/1/16 - 13:44:45] [P246] Cadet Zack Viccaji has logged out.
[2018/1/16 - 13:54:28] [P279] Officer I Stefan Legend has logged out.
[2018/1/16 - 13:56:03] [I220] Lieutenant Hugo Rafael has logged out.
[2018/1/16 - 13:58:17] Hugo Rafael has withdrawn a Desert Eagle from the weapon locker (Cost: 3)
[2018/1/16 - 13:58:18] Hugo Rafael has withdrawn a SPAS-12 from the weapon locker (Cost: 9)
[2018/1/16 - 13:58:19] Hugo Rafael has withdrawn a M4A1 from the weapon locker (Cost: 9)
[2018/1/16 - 13:58:21] Hugo Rafael has withdrawn a Sniper Rifle from the weapon locker (Cost: 10)
[2018/1/16 - 13:59:06] Tazz William has withdrawn a Desert Eagle from the weapon locker (Cost: 3)
[2018/1/16 - 13:59:07] Tazz William has withdrawn a SPAS-12 from the weapon locker (Cost: 9)
[2018/1/16 - 13:59:09] Tazz William has withdrawn a MP5 from the weapon locker (Cost: 4)
[2018/1/16 - 14:00:05] Walter Skinner has withdrawn a Desert Eagle from the weapon locker (Cost: 3)
[2018/1/16 - 14:00:07] Walter Skinner has withdrawn a SPAS-12 from the weapon locker (Cost: 9)
[2018/1/16 - 14:00:39] [I220] Lieutenant Hugo Rafael has logged out.
[2018/1/16 - 14:02:06] [P293] Corporal Lionel Taylor has logged out.
[2018/1/16 - 14:02:10] [P268] Officer II Antonio D. Sarto has logged out.
[2018/1/16 - 14:03:19] Officer I Walter Skinner has logged out.
[2018/1/16 - 14:08:37] [P275] Officer II Darren Speed has logged out.
[2018/1/16 - 14:14:39] [P275] Officer II Darren Speed has logged out.
[2018/1/16 - 14:21:31] [P275] Officer II Darren Speed has logged out.
[2018/1/16 - 14:23:30] [P202] Officer I Yousef Sle has logged out.
[2018/1/16 - 14:25:51] [P275] Officer II Darren Speed has logged out.
[2018/1/16 - 14:30:23] Officer I Hector Jackson has logged out.
[2018/1/16 - 14:30:54] Mac Carl has withdrawn a Desert Eagle from the weapon locker (Cost: 3)
[2018/1/16 - 14:30:56] Mac Carl has withdrawn a Nitestick from the weapon locker (Cost: 1)
[2018/1/16 - 14:31:01] Mac Carl has withdrawn a SPAS-12 from the weapon locker (Cost: 9)
[2018/1/16 - 14:34:25] Lieutenant Hugo Rafael (26972) (rank 6) has given Sharkiesha Diesel (1000618847) rank 2 (Officer II) in LSPD (1).
[2018/1/16 - 14:34:32] Hugo Rafael (26972) has set Sharkiesha Diesel's (1000618847) badge to P239.
[2018/1/16 - 14:34:44] [I220] Lieutenant Hugo Rafael has logged out.
[2018/1/16 - 14:39:36] Officer II Benedict Miller has logged out.
[2018/1/16 - 14:43:01] Matt Honest (880189) has made Matt Honest (880189) the leader of the LSPD.
[2018/1/16 - 14:44:37] Kobe Mece (1000088591) has made Kobe Mece (1000088591) the leader of the LSPD.
[2018/1/16 - 14:51:36] Officer I Lewis Star has timed out.
[2018/1/16 - 14:53:38] Jerome Mcwill has withdrawn a Nitestick from the weapon locker (Cost: 1)
[2018/1/16 - 14:53:43] Jerome Mcwill has withdrawn a Spray Can from the weapon locker (Cost: 1)
[2018/1/16 - 14:53:45] Jerome Mcwill has withdrawn a Desert Eagle from the weapon locker (Cost: 3)
[2018/1/16 - 14:53:46] Jerome Mcwill has withdrawn a MP5 from the weapon locker (Cost: 4)
[2018/1/16 - 14:53:47] Jerome Mcwill has withdrawn a SPAS-12 from the weapon locker (Cost: 9)
[2018/1/16 - 14:53:52] Jerome Mcwill has withdrawn a M4A1 from the weapon locker (Cost: 9)
[2018/1/16 - 14:53:54] Jerome Mcwill has withdrawn a Sniper Rifle from the weapon locker (Cost: 10)
[2018/1/16 - 14:54:44] IMPOUND: Zack Viccaji has impounded Shanequa Spadies's Elegy and gained $31,080
[2018/1/16 - 14:55:44] Chief of Police Hooligan Maddox has logged out.
[2018/1/16 - 15:01:54] Sergeant Jerome Mcwill (1000624818) has set Jerome Mcwill's (1000624818) division to CMD in LSPD (1).
[2018/1/16 - 15:02:18] Sharkiesha Diesel has withdrawn a Desert Eagle from the weapon locker (Cost: 3)
[2018/1/16 - 15:03:26] EMS Driver Jerome Mcwill has successfully delivered Patient Shichinin Misaki to the hospital.
[2018/1/16 - 15:03:33] Sergeant Jerome Mcwill (1000624818) has set Jerome Mcwill's (1000624818) division to HON in LSPD (1).
[2018/1/16 - 15:07:01] Officer I Hector Jackson has timed out.
[2018/1/16 - 15:07:09] Sergeant Jerome Mcwill (1000624818) has set Jerome Mcwill's (1000624818) division to CMD in LSPD (1).
[2018/1/16 - 15:09:01] [I224] Sergeant Michael Westen has logged out.
[2018/1/16 - 15:13:28] Officer I Mac Carl has timed out.
[2018/1/16 - 15:14:52] Adam Townsend (1000500352) accepted Lieutenant Hugo Rafael's (26972) invite to join LSPD (1).
[2018/1/16 - 15:14:53] Lieutenant Hugo Rafael (26972) (rank 6) has given Adam Townsend (1000500352) rank 2 (Officer II) in LSPD (1).
[2018/1/16 - 15:14:56] * Officer Tazz William has taken away Danilo Buenoh's weapons.
[2018/1/16 - 15:14:59] * Officer Tazz William has taken away Danilo Buenoh's Meth.
[2018/1/16 - 15:15:02] * Officer Tazz William has taken away Danilo Buenoh's Cannabis.
[2018/1/16 - 15:15:08] * Officer Tazz William has taken away Danilo Buenoh's crack.
[2018/1/16 - 15:16:25] Sergeant Jerome Mcwill (1000624818) has set Jerome Mcwill's (1000624818) division to HON in LSPD (1).
[2018/1/16 - 15:17:28] Lieutenant Hugo Rafael (26972) (rank 6) has given Tatsumi Hattori (1000626288) rank 2 (Officer II) in LSPD (1).
[2018/1/16 - 15:17:29] [P246] Cadet Zack Viccaji has logged out.
[2018/1/16 - 15:17:59] Lieutenant Hugo Rafael (26972) (rank 6) has given Adam Townsend (1000500352) rank 3 (Corporal) in LSPD (1).
[2018/1/16 - 15:18:32] Officer II Tatsumi Hattori has logged out.
[2018/1/16 - 15:20:57] Adam Townsend has withdrawn a Desert Eagle from the weapon locker (Cost: 3)
[2018/1/16 - 15:21:01] Adam Townsend has withdrawn a SPAS-12 from the weapon locker (Cost: 9)
[2018/1/16 - 15:21:55] Hugo Rafael (26972) has set Adam Townsend's (1000500352) badge to P247.
[2018/1/16 - 15:21:59] Jerome Mcwill has withdrawn a Spray Can from the weapon locker (Cost: 1)
[2018/1/16 - 15:22:01] Jerome Mcwill has withdrawn a Desert Eagle from the weapon locker (Cost: 3)
[2018/1/16 - 15:22:02] Jerome Mcwill has withdrawn a MP5 from the weapon locker (Cost: 4)
[2018/1/16 - 15:22:03] Jerome Mcwill has withdrawn a SPAS-12 from the weapon locker (Cost: 9)
[2018/1/16 - 15:22:04] Jerome Mcwill has withdrawn a M4A1 from the weapon locker (Cost: 9)
[2018/1/16 - 15:22:05] Jerome Mcwill has withdrawn a Sniper Rifle from the weapon locker (Cost: 10)
[2018/1/16 - 15:22:13] [P274] Officer I Chris Shiels has logged out.
[2018/1/16 - 15:23:46] Officer I Lewis Star has timed out.
[2018/1/16 - 15:24:27] Officer I Hector Jackson has logged out.
[2018/1/16 - 15:28:21] [I220] Lieutenant Hugo Rafael has logged out.
[2018/1/16 - 15:29:03] [H102] Sergeant Jerome Mcwill has timed out.
[2018/1/16 - 15:33:49] Jerome Mcwill has withdrawn a Desert Eagle from the weapon locker (Cost: 3)
[2018/1/16 - 15:33:50] Jerome Mcwill has withdrawn a Spray Can from the weapon locker (Cost: 1)
[2018/1/16 - 15:33:51] Jerome Mcwill has withdrawn a MP5 from the weapon locker (Cost: 4)
[2018/1/16 - 15:33:52] Jerome Mcwill has withdrawn a SPAS-12 from the weapon locker (Cost: 9)
[2018/1/16 - 15:33:54] Jerome Mcwill has withdrawn a M4A1 from the weapon locker (Cost: 9)
[2018/1/16 - 15:33:55] Jerome Mcwill has withdrawn a Sniper Rifle from the weapon locker (Cost: 10)
[2018/1/16 - 15:34:23] [A178] Deputy Chief Derek Hunter has logged out.
[2018/1/16 - 15:37:02] Tazz William has withdrawn a Desert Eagle from the weapon locker (Cost: 3)
[2018/1/16 - 15:37:03] Tazz William has withdrawn a SPAS-12 from the weapon locker (Cost: 9)
[2018/1/16 - 15:37:04] Tazz William has withdrawn a MP5 from the weapon locker (Cost: 4)
[2018/1/16 - 15:38:14] Sharkiesha Diesel has withdrawn a Desert Eagle from the weapon locker (Cost: 3)
[2018/1/16 - 15:38:39] Jenna Smith (1000625066) accepted Deputy Chief Derek Hunter's (1000073823) invite to join LSPD (1).
[2018/1/16 - 15:38:45] Deputy Chief Derek Hunter (1000073823) (rank 8) has given Jenna Smith (1000625066) rank 4 (Sergeant) in LSPD (1).
[2018/1/16 - 15:38:47] Deputy Chief Derek Hunter (1000073823) (rank 8) has given Jenna Smith (1000625066) rank 5 (Staff Sergeant) in LSPD (1).
[2018/1/16 - 15:38:50] Deputy Chief Derek Hunter (1000073823) has set Jenna Smith's (1000625066) division to PTL in LSPD (1).
[2018/1/16 - 15:39:07] Carly Mcknight has withdrawn a M4A1 from the weapon locker (Cost: 9)
[2018/1/16 - 15:39:10] Carly Mcknight has withdrawn a SPAS-12 from the weapon locker (Cost: 9)
[2018/1/16 - 15:39:11] Carly Mcknight has withdrawn a Desert Eagle from the weapon locker (Cost: 3)
[2018/1/16 - 15:39:12] Carly Mcknight has withdrawn a Nitestick from the weapon locker (Cost: 1)
[2018/1/16 - 15:39:57] Trent Wolf has withdrawn a SPAS-12 from the weapon locker (Cost: 9)
[2018/1/16 - 15:39:58] Trent Wolf has withdrawn a Sniper Rifle from the weapon locker (Cost: 10)
[2018/1/16 - 15:39:59] Trent Wolf has withdrawn a M4A1 from the weapon locker (Cost: 9)
[2018/1/16 - 15:40:03] Walter Skinner has withdrawn a Desert Eagle from the weapon locker (Cost: 3)
[2018/1/16 - 15:40:05] Walter Skinner has withdrawn a SPAS-12 from the weapon locker (Cost: 9)
[2018/1/16 - 15:41:16] Adam D. Coleman (1000625076) accepted Chief of Police Hooligan Maddox's (1000027113) invite to join LSPD (1).
[2018/1/16 - 15:41:18] Chief of Police Hooligan Maddox (1000027113) (rank 9) has given Adam D. Coleman (1000625076) rank 3 (Corporal) in LSPD (1).
[2018/1/16 - 15:41:31] [P216] Officer I Tazz William has logged out.
[2018/1/16 - 15:42:32] Chief of Police Hooligan Maddox has logged out.
[2018/1/16 - 15:44:47] Adam D. Coleman has withdrawn a M4A1 from the weapon locker (Cost: 9)
[2018/1/16 - 15:44:48] Adam D. Coleman has withdrawn a Desert Eagle from the weapon locker (Cost: 3)
[2018/1/16 - 15:44:49] Adam D. Coleman has withdrawn a Nitestick from the weapon locker (Cost: 1)
[2018/1/16 - 15:44:50] Adam D. Coleman has withdrawn a Spray Can from the weapon locker (Cost: 1)
[2018/1/16 - 15:45:11] [P247] Corporal Adam Townsend has logged out.
[2018/1/16 - 15:45:21] Cadet Vladimir Zhang has logged out.
[2018/1/16 - 15:50:20] Chris Shiels has withdrawn a Nitestick from the weapon locker (Cost: 1)
[2018/1/16 - 15:50:21] Chris Shiels has withdrawn a Spray Can from the weapon locker (Cost: 1)
[2018/1/16 - 15:50:21] Chris Shiels has withdrawn a Desert Eagle from the weapon locker (Cost: 3)
[2018/1/16 - 15:50:22] Chris Shiels has withdrawn a SPAS-12 from the weapon locker (Cost: 9)
[2018/1/16 - 15:50:26] Chris Shiels has withdrawn a M4A1 from the weapon locker (Cost: 9)
[2018/1/16 - 15:51:32] [P274] Officer I Chris Shiels has logged out.
[2018/1/16 - 15:51:32] Jeff Favignano (1000624858) accepted Lieutenant Hugo Rafael's (26972) invite to join LSPD (1).
[2018/1/16 - 15:51:36] Officer I Walter Skinner has logged out.
[2018/1/16 - 15:51:38] Lieutenant Hugo Rafael (26972) has set Jeff Favignano's (1000624858) division to HON in LSPD (1).
[2018/1/16 - 15:51:41] Lieutenant Hugo Rafael (26972) has set Jeff Favignano's (1000624858) division to PTL in LSPD (1).
[2018/1/16 - 15:51:44] Lieutenant Hugo Rafael (26972) (rank 6) has given Jeff Favignano (1000624858) rank 2 (Officer II) in LSPD (1).
[2018/1/16 - 15:51:47] Hugo Rafael (26972) has set Jeff Favignano's (1000624858) badge to P249.
[2018/1/16 - 15:53:03] Jeff Favignano has withdrawn a MP5 from the weapon locker (Cost: 4)
[2018/1/16 - 15:53:08] Jeff Favignano has withdrawn a AK-47 from the weapon locker (Cost: 5)
[2018/1/16 - 15:53:09] Jeff Favignano has withdrawn a SPAS-12 from the weapon locker (Cost: 9)
[2018/1/16 - 15:53:26] Hugo Rafael (26972) has set Adam Townsend's (1000500352) badge to P225.
[2018/1/16 - 15:54:04] Hugo Rafael (26972) has set Adam D. Coleman's (1000625076) badge to P225.
[2018/1/16 - 15:54:20] Hugo Rafael (26972) has set Adam Townsend's (1000500352) badge to P247.
[2018/1/16 - 15:56:18] Chris Shiels has deposited a SPAS-12 into the locker.
[2018/1/16 - 15:56:18] Chris Shiels has deposited a M4A1 into the locker.
[2018/1/16 - 15:57:21] * Officer Tazz William has taken away Vladmir Glasscock's weapons.
[2018/1/16 - 15:57:32] * Officer Tazz William has taken away Vladmir Glasscock's Heroin.
[2018/1/16 - 15:57:36] * Officer Tazz William has taken away Vladmir Glasscock's Meth.
[2018/1/16 - 15:57:39] * Officer Tazz William has taken away Vladmir Glasscock's Cannabis.
[2018/1/16 - 15:59:04] Officer II Carly Mcknight has timed out.
[2018/1/16 - 15:59:08] [P274] Officer I Chris Shiels has logged out.
[2018/1/16 - 16:01:42] Trent Wolf has withdrawn a M4A1 from the weapon locker (Cost: 9)
[2018/1/16 - 16:01:45] Trent Wolf has withdrawn a SPAS-12 from the weapon locker (Cost: 9)
[2018/1/16 - 16:01:46] Trent Wolf has withdrawn a Sniper Rifle from the weapon locker (Cost: 10)
[2018/1/16 - 16:02:44] Hugo Rafael has withdrawn a Desert Eagle from the weapon locker (Cost: 3)
[2018/1/16 - 16:02:45] Hugo Rafael has withdrawn a SPAS-12 from the weapon locker (Cost: 9)
[2018/1/16 - 16:02:46] Hugo Rafael has withdrawn a M4A1 from the weapon locker (Cost: 9)
[2018/1/16 - 16:02:47] Hugo Rafael has withdrawn a Sniper Rifle from the weapon locker (Cost: 10)
[2018/1/16 - 16:02:57] Jerome Mcwill has withdrawn a Nitestick from the weapon locker (Cost: 1)
[2018/1/16 - 16:02:58] Jerome Mcwill has withdrawn a Spray Can from the weapon locker (Cost: 1)
[2018/1/16 - 16:02:59] Jerome Mcwill has withdrawn a Desert Eagle from the weapon locker (Cost: 3)
[2018/1/16 - 16:03:00] Jerome Mcwill has withdrawn a MP5 from the weapon locker (Cost: 4)
[2018/1/16 - 16:03:01] Jerome Mcwill has withdrawn a M4A1 from the weapon locker (Cost: 9)
[2018/1/16 - 16:03:03] Jerome Mcwill has withdrawn a SPAS-12 from the weapon locker (Cost: 9)
[2018/1/16 - 16:03:04] Jerome Mcwill has withdrawn a Sniper Rifle from the weapon locker (Cost: 10)
[2018/1/16 - 16:03:15] Shane Bond has withdrawn a Nitestick from the weapon locker (Cost: 1)
[2018/1/16 - 16:03:16] Shane Bond has withdrawn a Spray Can from the weapon locker (Cost: 1)
[2018/1/16 - 16:03:17] Shane Bond has withdrawn a Desert Eagle from the weapon locker (Cost: 3)
[2018/1/16 - 16:03:18] Shane Bond has withdrawn a MP5 from the weapon locker (Cost: 4)
[2018/1/16 - 16:05:24] Tazz William has withdrawn a SPAS-12 from the weapon locker (Cost: 9)
[2018/1/16 - 16:05:26] Tazz William has withdrawn a Desert Eagle from the weapon locker (Cost: 3)
[2018/1/16 - 16:05:29] Tazz William has withdrawn a MP5 from the weapon locker (Cost: 4)
[2018/1/16 - 16:06:30] Lieutenant Hugo Rafael (26972) has set Adam Townsend's (1000500352) division to PTL in LSPD (1).
[2018/1/16 - 16:06:34] Adam D. Coleman has withdrawn a M4A1 from the weapon locker (Cost: 9)
[2018/1/16 - 16:06:35] Derek Hunter has withdrawn a Desert Eagle from the weapon locker (Cost: 3)
[2018/1/16 - 16:06:35] Adam D. Coleman has withdrawn a Desert Eagle from the weapon locker (Cost: 3)
[2018/1/16 - 16:06:36] Adam D. Coleman has withdrawn a Nitestick from the weapon locker (Cost: 1)
[2018/1/16 - 16:06:36] Derek Hunter has withdrawn a SPAS-12 from the weapon locker (Cost: 9)
[2018/1/16 - 16:06:37] Derek Hunter has withdrawn a AK-47 from the weapon locker (Cost: 5)
[2018/1/16 - 16:06:38] Derek Hunter has withdrawn a Sniper Rifle from the weapon locker (Cost: 10)
[2018/1/16 - 16:06:49] Jeff Favignano has withdrawn a Desert Eagle from the weapon locker (Cost: 3)
[2018/1/16 - 16:06:51] Jeff Favignano has withdrawn a SPAS-12 from the weapon locker (Cost: 9)
[2018/1/16 - 16:06:52] Jeff Favignano has withdrawn a AK-47 from the weapon locker (Cost: 5)
[2018/1/16 - 16:07:01] Lieutenant Hugo Rafael (26972) has set Adam D. Coleman's (1000625076) division to PTL in LSPD (1).
[2018/1/16 - 16:07:40] [P247] Corporal Adam Townsend has logged out.
[2018/1/16 - 16:15:42] Sharkiesha Diesel has withdrawn a Desert Eagle from the weapon locker (Cost: 3)
[2018/1/16 - 16:16:59] [A178] Deputy Chief Derek Hunter has logged out.
[2018/1/16 - 16:25:06] Sergeant Jerome Mcwill (1000624818) has set Jerome Mcwill's (1000624818) division to CMD in LSPD (1).
[2018/1/16 - 16:25:07] [P225] Corporal Adam D. Coleman has logged out.
[2018/1/16 - 16:27:09] Hugo Rafael has withdrawn a Desert Eagle from the weapon locker (Cost: 3)
[2018/1/16 - 16:27:10] Hugo Rafael has withdrawn a SPAS-12 from the weapon locker (Cost: 9)
[2018/1/16 - 16:27:11] Hugo Rafael has withdrawn a M4A1 from the weapon locker (Cost: 9)
[2018/1/16 - 16:27:12] Hugo Rafael has withdrawn a Sniper Rifle from the weapon locker (Cost: 10)
[2018/1/16 - 16:27:36] Officer I Walter Skinner has logged out.
[2018/1/16 - 16:30:31] Lieutenant Hugo Rafael (26972) has set Hugo Rafael's (26972) division to CMD in LSPD (1).
[2018/1/16 - 16:31:52] [P247] Corporal Adam Townsend has logged out.
[2018/1/16 - 16:32:36] EMS Driver Jerome Mcwill has successfully delivered Patient Adam D. Coleman to the hospital.
[2018/1/16 - 16:32:38] EMS Driver Jerome Mcwill has successfully delivered Patient Trent Wolf to the hospital.
[2018/1/16 - 16:33:23] [P216] Officer I Tazz William has logged out.
[2018/1/16 - 16:34:10] [H102] Sergeant Jerome Mcwill has timed out.
[2018/1/16 - 16:37:35] Lieutenant Hugo Rafael (26972) has set Hugo Rafael's (26972) division to PTL in LSPD (1).
[2018/1/16 - 16:37:36] Lieutenant Hugo Rafael (26972) has set Hugo Rafael's (26972) division to IA in LSPD (1).
[2018/1/16 - 16:52:36] Zack Viccaji has withdrawn a Nitestick from the weapon locker (Cost: 1)
[2018/1/16 - 16:52:39] Zack Viccaji has withdrawn a Shotgun from the weapon locker (Cost: 2)
[2018/1/16 - 16:54:12] [P383] Officer I Chelsya Thomas has logged out.
[2018/1/16 - 17:03:25] Lieutenant Hugo Rafael (26972) (rank 6) has given Shane Bond (1000624846) rank 3 (Corporal) in LSPD (1).
[2018/1/16 - 17:06:55] [P239] Officer II Sharkiesha Diesel has logged out.
[2018/1/16 - 17:12:00] [P239] Officer II Sharkiesha Diesel has logged out.
[2018/1/16 - 17:17:54] [P239] Officer II Sharkiesha Diesel has logged out.
[2018/1/16 - 17:21:10] Darren Speed has withdrawn a SPAS-12 from the weapon locker (Cost: 9)
[2018/1/16 - 17:21:10] Darren Speed has withdrawn a Desert Eagle from the weapon locker (Cost: 3)
[2018/1/16 - 17:21:12] Darren Speed has withdrawn a AK-47 from the weapon locker (Cost: 5)
[2018/1/16 - 17:21:15] [P239] Officer II Sharkiesha Diesel has logged out.
[2018/1/16 - 17:25:49] [P249] Officer II Jeff Favignano has logged out.
[2018/1/16 - 17:28:02] Lieutenant Hugo Rafael (26972) (rank 6) has given Sharkiesha Diesel (1000618847) rank 3 (Corporal) in LSPD (1).
[2018/1/16 - 17:31:40] [P279] Officer I Stefan Legend has logged out.
[2018/1/16 - 17:33:53] [P274] Officer I Chris Shiels has logged out.
[2018/1/16 - 17:33:55] [P279] Officer I Stefan Legend has timed out.
[2018/1/16 - 17:36:16] Joey Armstrong (1000625274) accepted Sergeant Jerome Mcwill's (1000624818) invite to join LSPD (1).
[2018/1/16 - 17:36:25] Sergeant Jerome Mcwill (1000624818) (rank 4) has given Joey Armstrong (1000625274) rank 2 (Officer II) in LSPD (1).
[2018/1/16 - 17:36:29] Sergeant Jerome Mcwill (1000624818) has set Joey Armstrong's (1000625274) division to PTL in LSPD (1).
[2018/1/16 - 17:36:41] Lieutenant Hugo Rafael (26972) has set Sharkiesha Diesel's (1000618847) division to CMD in LSPD (1).
[2018/1/16 - 17:37:08] * Officer Tazz William has taken away Benjo Fisher's weapons.
[2018/1/16 - 17:39:23] Darren Speed has reduced Benjo_Fisher's sentence by 30 percent.
[2018/1/16 - 17:39:29] Carly Mcknight has withdrawn a Nitestick from the weapon locker (Cost: 1)
[2018/1/16 - 17:39:30] Carly Mcknight has withdrawn a Desert Eagle from the weapon locker (Cost: 3)
[2018/1/16 - 17:39:31] Carly Mcknight has withdrawn a SPAS-12 from the weapon locker (Cost: 9)
[2018/1/16 - 17:39:32] Chelsya Thomas has withdrawn a Nitestick from the weapon locker (Cost: 1)
[2018/1/16 - 17:39:32] Carly Mcknight has withdrawn a M4A1 from the weapon locker (Cost: 9)
[2018/1/16 - 17:39:33] Chelsya Thomas has withdrawn a Spray Can from the weapon locker (Cost: 1)
[2018/1/16 - 17:39:34] Chelsya Thomas has withdrawn a Desert Eagle from the weapon locker (Cost: 3)
[2018/1/16 - 17:39:35] Chelsya Thomas has withdrawn a MP5 from the weapon locker (Cost: 4)
[2018/1/16 - 17:39:37] Chelsya Thomas has withdrawn a Shotgun from the weapon locker (Cost: 2)
[2018/1/16 - 17:40:24] Sharkiesha Diesel has withdrawn a Desert Eagle from the weapon locker (Cost: 3)
[2018/1/16 - 17:41:35] Hugo Rafael has withdrawn a Desert Eagle from the weapon locker (Cost: 3)
[2018/1/16 - 17:41:36] Hugo Rafael has withdrawn a SPAS-12 from the weapon locker (Cost: 9)
[2018/1/16 - 17:41:37] Hugo Rafael has withdrawn a M4A1 from the weapon locker (Cost: 9)
[2018/1/16 - 17:41:38] Hugo Rafael has withdrawn a Sniper Rifle from the weapon locker (Cost: 10)
[2018/1/16 - 17:41:39] Carly Mcknight has deposited a SPAS-12 into the locker.
[2018/1/16 - 17:41:40] Carly Mcknight has deposited a M4A1 into the locker.
[2018/1/16 - 17:41:43] Carly Mcknight has withdrawn a AK-47 from the weapon locker (Cost: 5)
[2018/1/16 - 17:42:17] Lieutenant Hugo Rafael (26972) has set Sharkiesha Diesel's (1000618847) division to PTL in LSPD (1).
[2018/1/16 - 17:43:25] Lionel Taylor has withdrawn a Nitestick from the weapon locker (Cost: 1)
[2018/1/16 - 17:43:26] Lionel Taylor has withdrawn a Spray Can from the weapon locker (Cost: 1)
[2018/1/16 - 17:43:27] Lionel Taylor has withdrawn a Desert Eagle from the weapon locker (Cost: 3)
[2018/1/16 - 17:43:29] Lionel Taylor has withdrawn a SPAS-12 from the weapon locker (Cost: 9)
[2018/1/16 - 17:49:05] [VTICKET] Officer Jon Datzman has ticketed Michael H Buenoh's Willard (1295) for $5,000.
[2018/1/16 - 17:50:33] [P246] Cadet Zack Viccaji has logged out.
[2018/1/16 - 17:50:35] IMPOUND: Jon Datzman has impounded Michael H Buenoh's Willard and gained $4,500
[2018/1/16 - 17:51:57] Sergeant Jerome Mcwill (1000624818) has set Jerome Mcwill's (1000624818) division to PTL in LSPD (1).
[2018/1/16 - 17:52:00] Sergeant Jerome Mcwill (1000624818) has set Jerome Mcwill's (1000624818) division to CMD in LSPD (1).
[2018/1/16 - 17:52:03] Sergeant Jerome Mcwill (1000624818) has set Jerome Mcwill's (1000624818) division to HON in LSPD (1).
[2018/1/16 - 17:54:08] Cruzio Demon has withdrawn a Desert Eagle from the weapon locker (Cost: 3)
[2018/1/16 - 17:54:09] Cruzio Demon has withdrawn a SPAS-12 from the weapon locker (Cost: 9)
[2018/1/16 - 17:54:10] Cruzio Demon has withdrawn a AK-47 from the weapon locker (Cost: 5)
[2018/1/16 - 17:54:11] Cruzio Demon has withdrawn a Sniper Rifle from the weapon locker (Cost: 10)
[2018/1/16 - 17:56:32] [P383] Officer I Chelsya Thomas has logged out.
[2018/1/16 - 18:00:03] [P225] Corporal Adam D. Coleman has timed out.
[2018/1/16 - 18:00:39] [P252] Corporal John Swagger has logged out.
[2018/1/16 - 18:00:52] IMPOUND: Jon Datzman has impounded Benny Smith Wallace's Willard and gained $60
[2018/1/16 - 18:01:32] Lieutenant Hugo Rafael (26972) (rank 6) has given Zack Viccaji (1000626779) rank 1 (Officer I) in LSPD (1).
[2018/1/16 - 18:01:39] Lieutenant Hugo Rafael (26972) has set Zack Viccaji's (1000626779) division to PTL in LSPD (1).
[2018/1/16 - 18:01:46] Officer II Joey Armstrong has logged out.
[2018/1/16 - 18:01:51] [P275] Officer II Darren Speed has logged out.
[2018/1/16 - 18:02:01] Zack Viccaji has withdrawn a M4A1 from the weapon locker (Cost: 9)
[2018/1/16 - 18:02:18] Carly Mcknight has withdrawn a Nitestick from the weapon locker (Cost: 1)
[2018/1/16 - 18:02:19] Carly Mcknight has withdrawn a Desert Eagle from the weapon locker (Cost: 3)
[2018/1/16 - 18:02:20] Carly Mcknight has withdrawn a AK-47 from the weapon locker (Cost: 5)
[2018/1/16 - 18:04:35] Lionel Taylor has withdrawn a Nitestick from the weapon locker (Cost: 1)
[2018/1/16 - 18:04:36] Lionel Taylor has withdrawn a Spray Can from the weapon locker (Cost: 1)
[2018/1/16 - 18:04:37] Lionel Taylor has withdrawn a Desert Eagle from the weapon locker (Cost: 3)
[2018/1/16 - 18:04:40] Lionel Taylor has withdrawn a SPAS-12 from the weapon locker (Cost: 9)
[2018/1/16 - 18:05:52] Stefan Legend has withdrawn a M4A1 from the weapon locker (Cost: 9)
[2018/1/16 - 18:05:54] Stefan Legend has withdrawn a Desert Eagle from the weapon locker (Cost: 3)
[2018/1/16 - 18:06:11] Hugo Rafael has withdrawn a Desert Eagle from the weapon locker (Cost: 3)
[2018/1/16 - 18:06:12] Hugo Rafael has withdrawn a SPAS-12 from the weapon locker (Cost: 9)
[2018/1/16 - 18:06:14] Hugo Rafael has withdrawn a M4A1 from the weapon locker (Cost: 9)
[2018/1/16 - 18:06:15] Hugo Rafael has withdrawn a Sniper Rifle from the weapon locker (Cost: 10)
[2018/1/16 - 18:06:24] John Swagger has withdrawn a Desert Eagle from the weapon locker (Cost: 3)
[2018/1/16 - 18:06:25] John Swagger has withdrawn a Sniper Rifle from the weapon locker (Cost: 10)
[2018/1/16 - 18:06:27] John Swagger has withdrawn a AK-47 from the weapon locker (Cost: 5)
[2018/1/16 - 18:07:02] Shane Bond has withdrawn a Nitestick from the weapon locker (Cost: 1)
[2018/1/16 - 18:07:03] Shane Bond has withdrawn a Spray Can from the weapon locker (Cost: 1)
[2018/1/16 - 18:07:04] Shane Bond has withdrawn a Desert Eagle from the weapon locker (Cost: 3)
[2018/1/16 - 18:07:05] Shane Bond has withdrawn a MP5 from the weapon locker (Cost: 4)
[2018/1/16 - 18:08:21] Charles Williamson has withdrawn a SPAS-12 from the weapon locker (Cost: 9)
[2018/1/16 - 18:08:23] Charles Williamson has withdrawn a Desert Eagle from the weapon locker (Cost: 3)
[2018/1/16 - 18:08:24] Charles Williamson has withdrawn a Nitestick from the weapon locker (Cost: 1)
[2018/1/16 - 18:08:25] Charles Williamson has withdrawn a M4A1 from the weapon locker (Cost: 9)
[2018/1/16 - 18:09:18] * Officer Tazz William has taken away Max G Gold's Cannabis.
[2018/1/16 - 18:10:08] Benedict Miller has withdrawn a M4A1 from the weapon locker (Cost: 9)
[2018/1/16 - 18:11:09] [C278] Officer II Charles Williamson has logged out.
[2018/1/16 - 18:13:12] Lieutenant Hugo Rafael (26972) has set Hugo Rafael's (26972) division to CMD in LSPD (1).
[2018/1/16 - 18:14:09] EMS Driver Hugo Rafael has successfully delivered Patient Cruzio Demon to the hospital.
[2018/1/16 - 18:15:13] Cadet Jon Datzman has logged out.
[2018/1/16 - 18:16:58] Stefan Legend has withdrawn a AK-47 from the weapon locker (Cost: 5)
[2018/1/16 - 18:17:01] Stefan Legend has withdrawn a MP5 from the weapon locker (Cost: 4)
[2018/1/16 - 18:17:04] Stefan Legend has withdrawn a Desert Eagle from the weapon locker (Cost: 3)
[2018/1/16 - 18:17:50] [P225] Corporal Adam D. Coleman has logged out.
[2018/1/16 - 18:19:00] Tazz William has withdrawn a Desert Eagle from the weapon locker (Cost: 3)
[2018/1/16 - 18:19:02] Tazz William has withdrawn a SPAS-12 from the weapon locker (Cost: 9)
[2018/1/16 - 18:19:03] Tazz William has withdrawn a MP5 from the weapon locker (Cost: 4)
[2018/1/16 - 18:19:05] Cruzio Demon has withdrawn a Desert Eagle from the weapon locker (Cost: 3)
[2018/1/16 - 18:19:06] Cruzio Demon has withdrawn a SPAS-12 from the weapon locker (Cost: 9)
[2018/1/16 - 18:19:07] Cruzio Demon has withdrawn a AK-47 from the weapon locker (Cost: 5)
[2018/1/16 - 18:19:08] Cruzio Demon has withdrawn a Sniper Rifle from the weapon locker (Cost: 10)
[2018/1/16 - 18:19:45] Zack Viccaji has withdrawn a Nitestick from the weapon locker (Cost: 1)
[2018/1/16 - 18:19:59] Benedict Miller has withdrawn a Desert Eagle from the weapon locker (Cost: 3)
[2018/1/16 - 18:20:01] Benedict Miller has withdrawn a M4A1 from the weapon locker (Cost: 9)
[2018/1/16 - 18:20:03] Benedict Miller has withdrawn a MP5 from the weapon locker (Cost: 4)
[2018/1/16 - 18:20:06] John Swagger has withdrawn a Desert Eagle from the weapon locker (Cost: 3)
[2018/1/16 - 18:20:07] Lieutenant Hugo Rafael (26972) has set Hugo Rafael's (26972) division to PTL in LSPD (1).
[2018/1/16 - 18:20:08] John Swagger has withdrawn a AK-47 from the weapon locker (Cost: 5)
[2018/1/16 - 18:20:10] Lieutenant Hugo Rafael (26972) has set Hugo Rafael's (26972) division to IA in LSPD (1).
[2018/1/16 - 18:20:28] Charles Williamson has withdrawn a Nitestick from the weapon locker (Cost: 1)
[2018/1/16 - 18:20:30] Carly Mcknight has withdrawn a Nitestick from the weapon locker (Cost: 1)
[2018/1/16 - 18:20:30] Charles Williamson has withdrawn a Desert Eagle from the weapon locker (Cost: 3)
[2018/1/16 - 18:20:30] Carly Mcknight has withdrawn a Desert Eagle from the weapon locker (Cost: 3)
[2018/1/16 - 18:20:32] Charles Williamson has withdrawn a SPAS-12 from the weapon locker (Cost: 9)
[2018/1/16 - 18:20:34] Carly Mcknight has withdrawn a AK-47 from the weapon locker (Cost: 5)
[2018/1/16 - 18:20:34] Charles Williamson has withdrawn a M4A1 from the weapon locker (Cost: 9)
[2018/1/16 - 18:21:31] Jon Datzman has withdrawn a Desert Eagle from the weapon locker (Cost: 3)
[2018/1/16 - 18:21:32] Jon Datzman has withdrawn a MP5 from the weapon locker (Cost: 4)
[2018/1/16 - 18:21:34] Jon Datzman has withdrawn a Shotgun from the weapon locker (Cost: 2)
[2018/1/16 - 18:24:35] James Carl has withdrawn a Desert Eagle from the weapon locker (Cost: 3)
[2018/1/16 - 18:24:42] James Carl has withdrawn a AK-47 from the weapon locker (Cost: 5)
[2018/1/16 - 18:30:12] [C278] Officer II Charles Williamson has timed out.
[2018/1/16 - 18:34:10] [C278] Officer II Charles Williamson has timed out.
[2018/1/16 - 18:35:47] Ralph Moreno has withdrawn a Desert Eagle from the weapon locker (Cost: 3)
[2018/1/16 - 18:35:48] Ralph Moreno has withdrawn a AK-47 from the weapon locker (Cost: 5)
[2018/1/16 - 18:35:49] Ralph Moreno has withdrawn a SPAS-12 from the weapon locker (Cost: 9)
[2018/1/16 - 18:36:48] [P279] Officer I Stefan Legend has logged out.
[2018/1/16 - 18:37:28] Adam D. Coleman has withdrawn a M4A1 from the weapon locker (Cost: 9)
[2018/1/16 - 18:37:31] Adam D. Coleman has withdrawn a SPAS-12 from the weapon locker (Cost: 9)
[2018/1/16 - 18:37:31] Adam D. Coleman has withdrawn a Nitestick from the weapon locker (Cost: 1)
[2018/1/16 - 18:40:35] [P383] Officer I Chelsya Thomas has logged out.
[2018/1/16 - 18:42:22] [F253] Corporal Shane Bond has logged out.
[2018/1/16 - 18:42:27] Lieutenant Hugo Rafael (26972) has set Adam D. Coleman's (1000625076) division to CMD in LSPD (1).
[2018/1/16 - 18:43:12] James Raminez has set Tear Gas weapon restriction from rank 6+ to 1.
[2018/1/16 - 18:43:23] Lieutenant Hugo Rafael (26972) has set Adam D. Coleman's (1000625076) division to PTL in LSPD (1).
[2018/1/16 - 18:45:02] Carly Mcknight has withdrawn a Nitestick from the weapon locker (Cost: 1)
[2018/1/16 - 18:45:03] Carly Mcknight has withdrawn a Desert Eagle from the weapon locker (Cost: 3)
[2018/1/16 - 18:45:05] Carly Mcknight has withdrawn a AK-47 from the weapon locker (Cost: 5)
[2018/1/16 - 18:46:00] Cruzio Demon has withdrawn a Desert Eagle from the weapon locker (Cost: 3)
[2018/1/16 - 18:46:01] Cruzio Demon has withdrawn a SPAS-12 from the weapon locker (Cost: 9)
[2018/1/16 - 18:46:02] Cruzio Demon has withdrawn a M4A1 from the weapon locker (Cost: 9)
[2018/1/16 - 18:46:03] Cruzio Demon has withdrawn a Sniper Rifle from the weapon locker (Cost: 10)
[2018/1/16 - 18:46:04] Hugo Rafael has withdrawn a Desert Eagle from the weapon locker (Cost: 3)
[2018/1/16 - 18:46:06] Hugo Rafael has withdrawn a SPAS-12 from the weapon locker (Cost: 9)
[2018/1/16 - 18:46:07] Cruzio Demon has deposited a M4A1 into the locker.
[2018/1/16 - 18:46:08] Hugo Rafael has withdrawn a M4A1 from the weapon locker (Cost: 9)
[2018/1/16 - 18:46:09] Hugo Rafael has withdrawn a Sniper Rifle from the weapon locker (Cost: 10)
[2018/1/16 - 18:46:11] Cruzio Demon has withdrawn a AK-47 from the weapon locker (Cost: 5)
[2018/1/16 - 18:47:39] [P246] Officer I Zack Viccaji has logged out.
[2018/1/16 - 18:48:44] [C278] Officer II Arturo Casso has timed out.
[2018/1/16 - 18:49:06] [P272] Officer I James Carl has timed out.
[2018/1/16 - 18:49:22] [P252] Corporal John Swagger has logged out.
[2018/1/16 - 18:50:41] [VTICKET] Officer Ralph Moreno has ticketed Bobby Leyva Escobar's Willard (1518) for $5,000.
[2018/1/16 - 18:50:42] [P293] Corporal Lionel Taylor has logged out.
[2018/1/16 - 18:50:42] [P225] Corporal Adam D. Coleman has logged out.
[2018/1/16 - 18:52:00] [VTICKET] Officer Jon Datzman has ticketed Bobby Leyva Escobar's Willard (1518) for $5,000.
[2018/1/16 - 18:54:13] [P239] Corporal Sharkiesha Diesel has logged out.
[2018/1/16 - 18:57:40] * Officer Tazz William has taken away Greg Ross's weapons.
[2018/1/16 - 19:04:32] [H102] Sergeant Jerome Mcwill has timed out.
[2018/1/16 - 19:05:31] [VTICKET] Officer Jon Datzman has ticketed Rapido Escobar's Willard (1519) for $5,000.
[2018/1/16 - 19:08:16] Hugo Rafael (26972) has set Benedict Miller's (1000231888) badge to D212.
[2018/1/16 - 19:08:21] Lieutenant Hugo Rafael (26972) has set Benedict Miller's (1000231888) division to DET in LSPD (1).
[2018/1/16 - 19:15:07] Darren Speed has withdrawn a Desert Eagle from the weapon locker (Cost: 3)
[2018/1/16 - 19:15:08] Darren Speed has withdrawn a SPAS-12 from the weapon locker (Cost: 9)
[2018/1/16 - 19:15:09] Darren Speed has withdrawn a AK-47 from the weapon locker (Cost: 5)
[2018/1/16 - 19:15:21] Darren Speed has withdrawn a Desert Eagle from the weapon locker (Cost: 3)
[2018/1/16 - 19:15:22] Darren Speed has withdrawn a AK-47 from the weapon locker (Cost: 5)
[2018/1/16 - 19:15:24] Darren Speed has withdrawn a SPAS-12 from the weapon locker (Cost: 9)
[2018/1/16 - 19:15:55] IMPOUND: Jon Datzman has impounded Rapido Escobar's Willard and gained $1,560
[2018/1/16 - 19:20:03] [P275] Officer II Floresain Speed has logged out.
[2018/1/16 - 19:20:39] [D294] Officer II Alex Whey Jefferson has logged out.
[2018/1/16 - 19:21:17] [I220] Lieutenant Hugo Rafael has logged out.
[2018/1/16 - 19:21:50] [D212] Officer II Alex Igorevich has logged out.
[2018/1/16 - 19:21:57] Lieutenant James Raminez (1000187106) has set Antonio D. Sarto's (372679) division to DET in LSPD (1).
[2018/1/16 - 19:22:02] James Raminez (1000187106) has set Antonio D. Sarto's (372679) badge to D268.
[2018/1/16 - 19:23:02] [P216] Officer I Tazz William has logged out.
[2018/1/16 - 19:23:27] Cadet Jon Datzman has timed out.
[2018/1/16 - 19:23:39] [D222] Lieutenant James Raminez has logged out.
[2018/1/16 - 19:23:58] * Officer Cruzio Demon has taken away Zac Shards's crack.
[2018/1/16 - 19:24:22] * Officer Cruzio Demon has taken away Zac Shards's weapons.
[2018/1/16 - 19:24:31] [P275] Officer II Abdullah Abdelwahed has logged out.
[2018/1/16 - 19:25:43] Hugo Rafael has withdrawn a Desert Eagle from the weapon locker (Cost: 3)
[2018/1/16 - 19:25:44] Hugo Rafael has withdrawn a SPAS-12 from the weapon locker (Cost: 9)
[2018/1/16 - 19:25:45] Hugo Rafael has withdrawn a M4A1 from the weapon locker (Cost: 9)
[2018/1/16 - 19:25:46] Hugo Rafael has withdrawn a Sniper Rifle from the weapon locker (Cost: 10)
[2018/1/16 - 19:26:04] Carly Mcknight has withdrawn a SPAS-12 from the weapon locker (Cost: 9)
[2018/1/16 - 19:31:04] Walter Skinner has set the DeMorgan Correctional Facilty on lockdown.
[2018/1/16 - 19:34:25] * Officer Abdullah Abdelwahed has taken away Bobby Leyva Escobar's weapons.
[2018/1/16 - 19:37:18] [P275] Officer II Abdullah Abdelwahed has logged out.
[2018/1/16 - 19:37:41] Cardle Westwood (1000391841) accepted Captain Sean James's (1000047031) invite to join LSPD (1).
[2018/1/16 - 19:37:46] Captain Sean James (1000047031) (rank 7) has given Cardle Westwood (1000391841) rank 2 (Officer II) in LSPD (1).
[2018/1/16 - 19:37:49] Captain Sean James (1000047031) has set Cardle Westwood's (1000391841) division to PTL in LSPD (1).
[2018/1/16 - 19:38:51] Sean James (1000047031) has set Carly Mcknight's (1000626619) badge to P294.
[2018/1/16 - 19:39:25] Peter Rodriguez (1000424082) accepted Captain Sean James's (1000047031) invite to join LSPD (1).
[2018/1/16 - 19:39:37] Captain Sean James (1000047031) (rank 7) has given Peter Rodriguez (1000424082) rank 1 (Officer I) in LSPD (1).
[2018/1/16 - 19:39:39] Captain Sean James (1000047031) has set Peter Rodriguez's (1000424082) division to PTL in LSPD (1).
[2018/1/16 - 19:39:49] Sean James (1000047031) has set Peter Rodriguez's (1000424082) badge to P252.
[2018/1/16 - 19:39:57] [P252] Officer I Peter Rodriguez has logged out.
[2018/1/16 - 19:43:45] Peter Rodriguez has withdrawn a Nitestick from the weapon locker (Cost: 1)
[2018/1/16 - 19:43:48] Peter Rodriguez has withdrawn a Desert Eagle from the weapon locker (Cost: 3)
[2018/1/16 - 19:43:52] Peter Rodriguez has withdrawn a MP5 from the weapon locker (Cost: 4)
[2018/1/16 - 19:47:39] [D230] Officer II Kiley Alexander has logged out.
[2018/1/16 - 19:48:57] Alex Igorevich is now off duty and earned $3,600
[2018/1/16 - 19:49:38] [P275] Officer II Abdullah Abdelwahed has logged out.
[2018/1/16 - 19:51:33] * Officer Suki Kingston has taken away Greg Ross's weapons.
[2018/1/16 - 19:53:18] [D212] Officer II Alex Igorevich has timed out.
[2018/1/16 - 19:54:53] Officer II Cardle Westwood has logged out.
[2018/1/16 - 19:55:47] Sven Keizer (1000624799) accepted Captain Sean James's (1000047031) invite to join LSPD (1).
[2018/1/16 - 19:55:48] Captain Sean James (1000047031) (rank 7) has given Sven Keizer (1000624799) rank 1 (Officer I) in LSPD (1).
[2018/1/16 - 19:55:52] Captain Sean James (1000047031) has set Sven Keizer's (1000624799) division to PTL in LSPD (1).
[2018/1/16 - 19:55:58] Sean James (1000047031) has set Sven Keizer's (1000624799) badge to P256.
[2018/1/16 - 19:56:28] Rhett Mclaughlin has withdrawn a Sniper Rifle from the weapon locker (Cost: 10)
[2018/1/16 - 19:56:30] Rhett Mclaughlin has withdrawn a Tear Gas from the weapon locker (Cost: 1)
[2018/1/16 - 20:03:57] Lieutenant Haifa Wehbe (26972) has set Cruzio Demon's (1000336769) division to CMD in LSPD (1).
[2018/1/16 - 20:04:27] [D267] Officer II Suki Kingston has logged out.
[2018/1/16 - 20:05:36] Lieutenant Haifa Wehbe (26972) has set Cruzio Demon's (1000336769) division to IA in LSPD (1).
[2018/1/16 - 20:05:59] Darren Speed has withdrawn a SPAS-12 from the weapon locker (Cost: 9)
[2018/1/16 - 20:06:00] Darren Speed has withdrawn a Desert Eagle from the weapon locker (Cost: 3)
[2018/1/16 - 20:06:01] Darren Speed has withdrawn a AK-47 from the weapon locker (Cost: 5)
[2018/1/16 - 20:09:25] [D268] Officer II Antonio D. Sarto has logged out.
[2018/1/16 - 20:12:18] [P239] Corporal Sharkiesha Diesel has logged out.
[2018/1/16 - 20:13:49] Walter Skinner has withdrawn a M4A1 from the weapon locker (Cost: 9)
[2018/1/16 - 20:13:51] Walter Skinner has withdrawn a SPAS-12 from the weapon locker (Cost: 9)
[2018/1/16 - 20:13:52] Walter Skinner has withdrawn a Desert Eagle from the weapon locker (Cost: 3)
[2018/1/16 - 20:14:18] [P225] Corporal Adam D. Coleman has logged out.
[2018/1/16 - 20:19:57] [P216] Officer I Tazz William has timed out.
[2018/1/16 - 20:21:46] Darren Speed has withdrawn a SPAS-12 from the weapon locker (Cost: 9)
[2018/1/16 - 20:23:51] Darren Speed has withdrawn a Desert Eagle from the weapon locker (Cost: 3)
[2018/1/16 - 20:23:52] Darren Speed has withdrawn a SPAS-12 from the weapon locker (Cost: 9)
[2018/1/16 - 20:23:54] Darren Speed has withdrawn a AK-47 from the weapon locker (Cost: 5)
[2018/1/16 - 20:24:38] [P275] Officer II Darren Speed has logged out.
[2018/1/16 - 20:28:38] [P256] Officer I Sven Keizer has timed out.
[2018/1/16 - 20:33:45] [P275] Officer II Darren Speed has timed out.
[2018/1/16 - 20:34:35] Darren Speed has withdrawn a SPAS-12 from the weapon locker (Cost: 9)
[2018/1/16 - 20:34:36] Darren Speed has withdrawn a Desert Eagle from the weapon locker (Cost: 3)
[2018/1/16 - 20:34:37] Darren Speed has withdrawn a AK-47 from the weapon locker (Cost: 5)
[2018/1/16 - 20:35:25] [P256] Officer I Sven Keizer has timed out.
[2018/1/16 - 20:35:49] [P294] Officer II Carly Mcknight has logged out.
[2018/1/16 - 20:37:48] [P275] Officer II Darren Speed has timed out.
[2018/1/16 - 20:43:54] [P208] Corporal Rhett Mclaughlin has logged out.
[2018/1/16 - 20:45:24] * Officer Tazz William has taken away Horatio Togo's Cannabis.
[2018/1/16 - 20:45:26] * Officer Tazz William has taken away Horatio Togo's crack.
[2018/1/16 - 20:45:38] [P275] Officer II Darren Speed has logged out.
[2018/1/16 - 20:46:45] [P262] Officer I Marty S. Vespucci has logged out.
[2018/1/16 - 20:48:59] Darren Speed has withdrawn a Desert Eagle from the weapon locker (Cost: 3)
[2018/1/16 - 20:48:59] Yousef Sle has withdrawn a Desert Eagle from the weapon locker (Cost: 3)
[2018/1/16 - 20:49:00] Darren Speed has withdrawn a SPAS-12 from the weapon locker (Cost: 9)
[2018/1/16 - 20:49:04] Darren Speed has withdrawn a AK-47 from the weapon locker (Cost: 5)
[2018/1/16 - 20:49:04] Yousef Sle has withdrawn a SPAS-12 from the weapon locker (Cost: 9)
[2018/1/16 - 20:57:46] Officer I Dro Ryders has timed out.
[2018/1/16 - 20:58:20] [P252] Officer I Peter Rodriguez has timed out.
[2018/1/16 - 20:58:39] Adam Townsend has withdrawn a SPAS-12 from the weapon locker (Cost: 9)
[2018/1/16 - 20:58:41] Adam Townsend has withdrawn a Desert Eagle from the weapon locker (Cost: 3)
[2018/1/16 - 20:59:25] Sharkiesha Diesel has withdrawn a Desert Eagle from the weapon locker (Cost: 3)
[2018/1/16 - 21:00:21] [C278] Officer II Arturo Casso has timed out.
[2018/1/16 - 21:02:49] Peter Rodriguez has withdrawn a M4A1 from the weapon locker (Cost: 9)
[2018/1/16 - 21:02:59] Peter Rodriguez has deposited a M4A1 into the locker.
[2018/1/16 - 21:03:06] Peter Rodriguez has withdrawn a M4A1 from the weapon locker (Cost: 9)
[2018/1/16 - 21:07:16] [P252] Officer I Peter Rodriguez has timed out.
[2018/1/16 - 21:08:34] Darren Speed has withdrawn a Desert Eagle from the weapon locker (Cost: 3)
[2018/1/16 - 21:08:36] Darren Speed has withdrawn a SPAS-12 from the weapon locker (Cost: 9)
[2018/1/16 - 21:08:37] Darren Speed has withdrawn a AK-47 from the weapon locker (Cost: 5)
[2018/1/16 - 21:09:33] [I220] Lieutenant Abdullah Ahmad has logged out.
[2018/1/16 - 21:09:56] [P383] Officer I Chelsya Thomas has logged out.
[2018/1/16 - 21:10:31] [C278] Officer II Arturo Casso has timed out.
[2018/1/16 - 21:10:48] Darren Speed has withdrawn a Desert Eagle from the weapon locker (Cost: 3)
[2018/1/16 - 21:10:49] Darren Speed has withdrawn a AK-47 from the weapon locker (Cost: 5)
[2018/1/16 - 21:10:51] Darren Speed has withdrawn a SPAS-12 from the weapon locker (Cost: 9)
[2018/1/16 - 21:13:37] Hooligan Maddox has withdrawn a SPAS-12 from the weapon locker (Cost: 9)
[2018/1/16 - 21:13:42] Hooligan Maddox has withdrawn a AK-47 from the weapon locker (Cost: 5)
[2018/1/16 - 21:13:44] Hooligan Maddox has withdrawn a Sniper Rifle from the weapon locker (Cost: 10)
[2018/1/16 - 21:19:39] Dro Ryders has withdrawn a Desert Eagle from the weapon locker (Cost: 3)
[2018/1/16 - 21:19:42] Dro Ryders has withdrawn a SPAS-12 from the weapon locker (Cost: 9)
[2018/1/16 - 21:19:44] Dro Ryders has withdrawn a M4A1 from the weapon locker (Cost: 9)
[2018/1/16 - 21:21:36] Walter Skinner has withdrawn a SPAS-12 from the weapon locker (Cost: 9)
[2018/1/16 - 21:22:40] [P239] Corporal Sharkiesha Diesel has timed out.
[2018/1/16 - 21:25:05] Chris Shiels has withdrawn a Desert Eagle from the weapon locker (Cost: 3)
[2018/1/16 - 21:25:38] [P252] Officer I Peter Rodriguez has logged out.
[2018/1/16 - 21:30:32] [D237] Officer II Kara Danvers has logged out.
[2018/1/16 - 21:32:02] [P216] Officer I Tazz William has logged out.
[2018/1/16 - 21:33:55] [VTICKET] Officer Adam Townsend has ticketed Rakim Woodcaine's Sultan (1422) for $1,000.
[2018/1/16 - 21:33:55] Alex Igorevich has withdrawn a AK-47 from the weapon locker (Cost: 5)
[2018/1/16 - 21:33:56] Alex Igorevich has withdrawn a Desert Eagle from the weapon locker (Cost: 3)
[2018/1/16 - 21:34:55] Donnie Gay has withdrawn a M4A1 from the weapon locker (Cost: 9)
[2018/1/16 - 21:34:58] Donnie Gay has withdrawn a Sniper Rifle from the weapon locker (Cost: 10)
[2018/1/16 - 21:35:17] Arturo Casso has withdrawn a Desert Eagle from the weapon locker (Cost: 3)
[2018/1/16 - 21:35:20] [P252] Officer I Peter Rodriguez has logged out.
[2018/1/16 - 21:35:21] Arturo Casso has withdrawn a SPAS-12 from the weapon locker (Cost: 9)
[2018/1/16 - 21:35:22] Arturo Casso has withdrawn a M4A1 from the weapon locker (Cost: 9)
[2018/1/16 - 21:35:24] Arturo Casso has withdrawn a Nitestick from the weapon locker (Cost: 1)
[2018/1/16 - 21:35:34] [P202] Officer I Yousef Sle has logged out.
[2018/1/16 - 21:35:55] Chief of Police Donnie Gay has logged out.
[2018/1/16 - 21:38:59] Dro Ryders has withdrawn a SPAS-12 from the weapon locker (Cost: 9)
[2018/1/16 - 21:39:00] Dro Ryders has withdrawn a Desert Eagle from the weapon locker (Cost: 3)
[2018/1/16 - 21:39:32] Dro Ryders has withdrawn a Desert Eagle from the weapon locker (Cost: 3)
[2018/1/16 - 21:39:34] Dro Ryders has withdrawn a SPAS-12 from the weapon locker (Cost: 9)
[2018/1/16 - 21:39:37] Dro Ryders has withdrawn a M4A1 from the weapon locker (Cost: 9)
[2018/1/16 - 21:42:13] [P274] Officer I Chris Shiels has logged out.
[2018/1/16 - 21:42:30] [P252] Officer I Peter Rodriguez has logged out.
[2018/1/16 - 21:42:51] [P383] Officer I Chelsya Thomas has logged out.
[2018/1/16 - 21:49:27] Walter Skinner has withdrawn a SPAS-12 from the weapon locker (Cost: 9)
[2018/1/16 - 21:49:28] Walter Skinner has withdrawn a Desert Eagle from the weapon locker (Cost: 3)
[2018/1/16 - 21:49:55] [P246] Officer I Zack Viccaji has logged out.
[2018/1/16 - 21:53:32] Dro Ryders has withdrawn a Desert Eagle from the weapon locker (Cost: 3)
[2018/1/16 - 21:53:34] Dro Ryders has withdrawn a SPAS-12 from the weapon locker (Cost: 9)
[2018/1/16 - 21:54:15] Dro Ryders has withdrawn a Desert Eagle from the weapon locker (Cost: 3)
[2018/1/16 - 21:54:17] Dro Ryders has withdrawn a SPAS-12 from the weapon locker (Cost: 9)
[2018/1/16 - 21:54:40] Michael Aloveria has withdrawn a Desert Eagle from the weapon locker (Cost: 3)
[2018/1/16 - 21:58:28] Officer I Walter Skinner has logged out.
[2018/1/16 - 21:59:14] [C278] Officer II Arturo Casso has logged out.
[2018/1/16 - 22:00:49] [D212] Officer II James Watsons has timed out.
[2018/1/16 - 22:01:35] [P247] Corporal Adam Townsend has timed out.
[2018/1/16 - 22:07:10] Lieutenant James Raminez (1000187106) has set Kyle Edwards's (1000037317) division to DET in LSPD (1).
[2018/1/16 - 22:07:21] James Raminez (1000187106) has set Kyle Edwards's (1000037317) badge to D238.
[2018/1/16 - 22:09:44] [P256] Officer I Sven Keizer has logged out.
[2018/1/16 - 22:13:14] [P202] Officer I Yousef Sle has logged out.
[2018/1/16 - 22:14:58] Arturo Casso has withdrawn a Desert Eagle from the weapon locker (Cost: 3)
[2018/1/16 - 22:14:59] Arturo Casso has withdrawn a Nitestick from the weapon locker (Cost: 1)
[2018/1/16 - 22:15:00] Arturo Casso has withdrawn a SPAS-12 from the weapon locker (Cost: 9)
[2018/1/16 - 22:15:01] Arturo Casso has withdrawn a M4A1 from the weapon locker (Cost: 9)
[2018/1/16 - 22:15:50] [D222] Lieutenant James Raminez has logged out.
[2018/1/16 - 22:16:02] Kyle Edwards has withdrawn a Nitestick from the weapon locker (Cost: 1)
[2018/1/16 - 22:16:13] Kyle Edwards has withdrawn a Desert Eagle from the weapon locker (Cost: 3)
[2018/1/16 - 22:16:18] Kyle Edwards has withdrawn a AK-47 from the weapon locker (Cost: 5)
[2018/1/16 - 22:28:10] [P279] Officer I Stefan Legend has logged out.
[2018/1/16 - 22:29:32] [P208] Corporal Rhett Mclaughlin has logged out.
[2018/1/16 - 22:30:53] [P239] Corporal Sharkiesha Diesel has logged out.
[2018/1/16 - 22:33:22] [C278] Officer II Arturo Casso has timed out.
[2018/1/16 - 22:33:24] [P202] Officer I Yousef Sle has logged out.
[2018/1/16 - 22:35:31] [C278] Officer II Arturo Casso has logged out.
[2018/1/16 - 22:36:52] Sven Keizer has withdrawn a Nitestick from the weapon locker (Cost: 1)
[2018/1/16 - 22:36:53] Sven Keizer has withdrawn a Spray Can from the weapon locker (Cost: 1)
[2018/1/16 - 22:36:55] Sven Keizer has withdrawn a Desert Eagle from the weapon locker (Cost: 3)
[2018/1/16 - 22:36:56] Sven Keizer has withdrawn a SPAS-12 from the weapon locker (Cost: 9)
[2018/1/16 - 22:36:58] Sven Keizer has withdrawn a M4A1 from the weapon locker (Cost: 9)
[2018/1/16 - 22:38:17] [C278] Officer II Arturo Casso has logged out.
[2018/1/16 - 22:38:27] [D268] Officer II Kara Kalashnikov has timed out.
[2018/1/16 - 22:42:32] [P208] Corporal Rhett Mclaughlin has logged out.
[2018/1/16 - 22:43:06] Sven Keizer has withdrawn a Nitestick from the weapon locker (Cost: 1)
[2018/1/16 - 22:43:07] Sven Keizer has withdrawn a Spray Can from the weapon locker (Cost: 1)
[2018/1/16 - 22:43:09] Sven Keizer has withdrawn a Desert Eagle from the weapon locker (Cost: 3)
[2018/1/16 - 22:43:11] Sven Keizer has withdrawn a MP5 from the weapon locker (Cost: 4)
[2018/1/16 - 22:43:12] Sven Keizer has withdrawn a SPAS-12 from the weapon locker (Cost: 9)
[2018/1/16 - 22:43:14] Sven Keizer has withdrawn a M4A1 from the weapon locker (Cost: 9)
[2018/1/16 - 22:43:35] [P256] Officer I Sven Keizer has logged out.
[2018/1/16 - 22:44:34] [P202] Officer I Yousef Sle has logged out.
[2018/1/16 - 22:44:55] Officer I Walter Skinner has logged out.
[2018/1/16 - 22:45:46] [P247] Corporal Adam Townsend has logged out.
[2018/1/16 - 22:46:53] Clank Hamm (1000033226) has made Clank Hamm (1000033226) the leader of the LSPD.
[2018/1/16 - 22:48:02] [D212] Officer II Benedict Miller has timed out.
[2018/1/16 - 22:50:32] Dro Ryders has withdrawn a Desert Eagle from the weapon locker (Cost: 3)
[2018/1/16 - 22:50:34] Dro Ryders has withdrawn a SPAS-12 from the weapon locker (Cost: 9)
[2018/1/16 - 22:52:15] James Carl has withdrawn a Desert Eagle from the weapon locker (Cost: 3)
[2018/1/16 - 22:52:16] James Carl has withdrawn a SPAS-12 from the weapon locker (Cost: 9)
[2018/1/16 - 22:52:17] James Carl has withdrawn a M4A1 from the weapon locker (Cost: 9)
[2018/1/16 - 22:54:08] Carly Mcknight has withdrawn a Nitestick from the weapon locker (Cost: 1)
[2018/1/16 - 22:54:09] Carly Mcknight has withdrawn a Desert Eagle from the weapon locker (Cost: 3)
[2018/1/16 - 22:54:11] Carly Mcknight has withdrawn a SPAS-12 from the weapon locker (Cost: 9)
[2018/1/16 - 22:54:12] Carly Mcknight has withdrawn a AK-47 from the weapon locker (Cost: 5)
[2018/1/16 - 22:55:18] [D268] Officer II Kara Kalashnikov has timed out.
[2018/1/16 - 22:56:58] Dro Ryders has withdrawn a Desert Eagle from the weapon locker (Cost: 3)
[2018/1/16 - 22:57:00] Dro Ryders has withdrawn a SPAS-12 from the weapon locker (Cost: 9)
[2018/1/16 - 22:57:10] Chelsya Thomas has withdrawn a Nitestick from the weapon locker (Cost: 1)
[2018/1/16 - 22:57:11] Chelsya Thomas has withdrawn a Spray Can from the weapon locker (Cost: 1)
[2018/1/16 - 22:57:13] Chelsya Thomas has withdrawn a Desert Eagle from the weapon locker (Cost: 3)
[2018/1/16 - 22:57:14] Chelsya Thomas has withdrawn a MP5 from the weapon locker (Cost: 4)
[2018/1/16 - 22:57:15] Chelsya Thomas has withdrawn a Shotgun from the weapon locker (Cost: 2)
[2018/1/16 - 22:59:39] [D238] Officer II Kyle Edwards has timed out.
[2018/1/16 - 23:05:28] [D238] Officer II Kyle Edwards has logged out.
[2018/1/16 - 23:05:47] Tazz William has withdrawn a M4A1 from the weapon locker (Cost: 9)
[2018/1/16 - 23:12:43] Chief of Police Donnie Gay has logged out.
[2018/1/16 - 23:15:54] [P272] Officer I James Carl has logged out.
[2018/1/16 - 23:16:35] Chief of Police Donnie Gay has logged out.
[2018/1/16 - 23:17:31] [P383] Officer I Chelsya Thomas has logged out.
[2018/1/16 - 23:17:57] [I224] Sergeant Michael Westen has logged out.
[2018/1/16 - 23:18:05] [D294] Officer II Alex Whey Jefferson has logged out.
[2018/1/16 - 23:20:52] [C278] Officer II Arturo Casso has logged out.
[2018/1/16 - 23:22:03] Tazz William has withdrawn a Desert Eagle from the weapon locker (Cost: 3)
[2018/1/16 - 23:22:05] Tazz William has withdrawn a MP5 from the weapon locker (Cost: 4)
[2018/1/16 - 23:22:07] Tazz William has withdrawn a SPAS-12 from the weapon locker (Cost: 9)
[2018/1/16 - 23:22:09] Tazz William has withdrawn a M4A1 from the weapon locker (Cost: 9)
[2018/1/16 - 23:23:58] Donnie Gay has withdrawn a Desert Eagle from the weapon locker (Cost: 3)
[2018/1/16 - 23:24:01] Donnie Gay has withdrawn a SPAS-12 from the weapon locker (Cost: 9)
[2018/1/16 - 23:24:02] Donnie Gay has withdrawn a M4A1 from the weapon locker (Cost: 9)
[2018/1/16 - 23:24:24] Chief of Police Donnie Gay (1000027113) has set Donnie Gay's (1000027113) division to IA in LSPD (1).
[2018/1/16 - 23:24:30] Chief of Police Donnie Gay (1000027113) has set Donnie Gay's (1000027113) division to FTO in LSPD (1).
[2018/1/16 - 23:24:33] Chief of Police Donnie Gay (1000027113) has set Donnie Gay's (1000027113) division to SWAT in LSPD (1).
[2018/1/16 - 23:24:35] Chief of Police Donnie Gay (1000027113) has set Donnie Gay's (1000027113) division to DET in LSPD (1).
[2018/1/16 - 23:24:50] Officer I Dro Ryders has timed out.
[2018/1/16 - 23:29:18] Harry Clasper (39530) has quit the LSPD as a rank 9
[2018/1/16 - 23:30:32] [P208] Corporal Rhett Mclaughlin has logged out.
[2018/1/16 - 23:31:37] Chief of Police Hooligan Maddox has logged out.
[2018/1/16 - 23:31:52] [P294] Officer II Carly Mcknight has timed out.
[2018/1/16 - 23:32:18] [P216] Officer I Tazz William has logged out.
[2018/1/16 - 23:33:45] [I224] Michael Westen has logged in.
[2018/1/16 - 23:43:34] Administrator Carlos Ramirez has group-kicked Scott Goodman (863969) from LSPD (1)
[2018/1/16 - 23:46:53] Tazz William has withdrawn a Desert Eagle from the weapon locker (Cost: 3)
[2018/1/16 - 23:46:55] Tazz William has withdrawn a SPAS-12 from the weapon locker (Cost: 9)
[2018/1/16 - 23:46:57] Tazz William has withdrawn a M4A1 from the weapon locker (Cost: 9)
[2018/1/16 - 23:48:47] [P216] Officer I Tazz William has logged out.
[2018/1/16 - 23:51:42] [I224] Sergeant Michael Westen has logged out.
[2018/1/16 - 23:58:57] [C278] Officer II Charles Williamson has logged out.
