[2018/1/13 - 0:00:23] Officer I Scott Reynolds has logged out.
[2018/1/13 - 0:26:44] [P272] Officer I Tanner Washington has logged out.
[2018/1/13 - 0:27:04] Cadet Tyson Archer has logged out.
[2018/1/13 - 0:32:15] Max Bluman has withdrawn a Desert Eagle from the weapon locker (Cost: 3)
[2018/1/13 - 0:32:17] Max Bluman has withdrawn a M4A1 from the weapon locker (Cost: 9)
[2018/1/13 - 0:32:17] Max Bluman has withdrawn a Sniper Rifle from the weapon locker (Cost: 10)
[2018/1/13 - 0:41:00] [D267] Officer II Suki Kingston has logged out.
[2018/1/13 - 1:28:57] Jeff Armstrong has withdrawn a SPAS-12 from the weapon locker (Cost: 9)
[2018/1/13 - 1:31:10] Jeff Armstrong has withdrawn a SPAS-12 from the weapon locker (Cost: 9)
[2018/1/13 - 1:32:57] [F241] Officer I Jeff Armstrong has logged out.
[2018/1/13 - 1:35:59] Sean James has withdrawn a Nitestick from the weapon locker (Cost: 1)
[2018/1/13 - 1:36:00] Sean James has withdrawn a Desert Eagle from the weapon locker (Cost: 3)
[2018/1/13 - 1:36:03] Sean James has withdrawn a SPAS-12 from the weapon locker (Cost: 9)
[2018/1/13 - 1:36:04] Sean James has withdrawn a AK-47 from the weapon locker (Cost: 5)
[2018/1/13 - 1:36:06] Sean James has withdrawn a Sniper Rifle from the weapon locker (Cost: 10)
[2018/1/13 - 1:36:07] Sean James has withdrawn a Tear Gas from the weapon locker (Cost: 1)
[2018/1/13 - 1:41:03] Antonio D. Sarto has withdrawn a M4A1 from the weapon locker (Cost: 9)
[2018/1/13 - 1:41:04] Antonio D. Sarto has withdrawn a Desert Eagle from the weapon locker (Cost: 3)
[2018/1/13 - 1:41:05] Antonio D. Sarto has withdrawn a Nitestick from the weapon locker (Cost: 1)
[2018/1/13 - 1:45:02] [P268] Officer II Antonio D. Sarto has timed out.
[2018/1/13 - 1:57:26] Captain Sean James (rank 8) has offline uninvited Tanner Washington from LSPD (1).
[2018/1/13 - 2:02:34] Jeff Armstrong has withdrawn a Desert Eagle from the weapon locker (Cost: 3)
[2018/1/13 - 2:02:35] Jeff Armstrong has withdrawn a SPAS-12 from the weapon locker (Cost: 9)
[2018/1/13 - 2:02:37] Jeff Armstrong has withdrawn a M4A1 from the weapon locker (Cost: 9)
[2018/1/13 - 2:08:15] Jeff Armstrong has withdrawn a Desert Eagle from the weapon locker (Cost: 3)
[2018/1/13 - 2:08:16] Jeff Armstrong has withdrawn a SPAS-12 from the weapon locker (Cost: 9)
[2018/1/13 - 2:08:18] Jeff Armstrong has withdrawn a M4A1 from the weapon locker (Cost: 9)
[2018/1/13 - 2:09:54] Jeff Armstrong has withdrawn a SPAS-12 from the weapon locker (Cost: 9)
[2018/1/13 - 2:10:08] Jeff Armstrong has withdrawn a Shotgun from the weapon locker (Cost: 2)
[2018/1/13 - 2:10:11] [F241] Officer I Jeff Armstrong has logged out.
[2018/1/13 - 2:11:34] Max Bluman has withdrawn a Desert Eagle from the weapon locker (Cost: 3)
[2018/1/13 - 2:11:34] Max Bluman has withdrawn a MP5 from the weapon locker (Cost: 4)
[2018/1/13 - 2:11:35] Max Bluman has withdrawn a SPAS-12 from the weapon locker (Cost: 9)
[2018/1/13 - 2:11:36] Max Bluman has withdrawn a M4A1 from the weapon locker (Cost: 9)
[2018/1/13 - 2:11:37] Max Bluman has withdrawn a Sniper Rifle from the weapon locker (Cost: 10)
[2018/1/13 - 2:14:06] Matt Honest (880189) has made Matt Honest (880189) the leader of the LSPD.
[2018/1/13 - 2:28:41] [H102] Sergeant Jerome Mcwill has logged out.
[2018/1/13 - 2:43:48] Trent Wolf has withdrawn a Desert Eagle from the weapon locker (Cost: 3)
[2018/1/13 - 2:43:50] Trent Wolf has withdrawn a M4A1 from the weapon locker (Cost: 9)
[2018/1/13 - 2:45:17] Trent Wolf has withdrawn a Desert Eagle from the weapon locker (Cost: 3)
[2018/1/13 - 2:51:56] Chief of Police Matt Honest (880189) (rank 9) has given Matt Honest (880189) rank 8 (Deputy Chief) in LSPD (1).
[2018/1/13 - 2:51:58] Deputy Chief Matt Honest (880189) (rank 8) has given Matt Honest (880189) rank 7 (Captain) in LSPD (1).
[2018/1/13 - 3:05:10] Kiley Alexander has withdrawn a Desert Eagle from the weapon locker (Cost: 3)
[2018/1/13 - 3:05:13] Kiley Alexander has withdrawn a SPAS-12 from the weapon locker (Cost: 9)
[2018/1/13 - 3:18:42] [H102] Sergeant Jerome Mcwill has timed out.
[2018/1/13 - 3:25:25] [D230] Officer II Kiley Alexander has timed out.
[2018/1/13 - 3:48:43] Trent Wolf has withdrawn a Desert Eagle from the weapon locker (Cost: 3)
[2018/1/13 - 3:52:18] Captain Matt Honest has logged out.
[2018/1/13 - 4:16:28] Drazz Braydon has withdrawn a M4A1 from the weapon locker (Cost: 9)
[2018/1/13 - 4:28:22] Trent Wolf has withdrawn a M4A1 from the weapon locker (Cost: 9)
[2018/1/13 - 4:28:23] Trent Wolf has withdrawn a Sniper Rifle from the weapon locker (Cost: 10)
[2018/1/13 - 4:40:13] Drazz Braydon has withdrawn a Desert Eagle from the weapon locker (Cost: 3)
[2018/1/13 - 4:46:36] Drazz Braydon has withdrawn a M4A1 from the weapon locker (Cost: 9)
[2018/1/13 - 4:47:00] [D230] Officer II Drazz Braydon has logged out.
[2018/1/13 - 5:59:27] [H102] Sergeant Bart Lisa has logged out.
[2018/1/13 - 6:04:09] [F255] Lieutenant Toby Vintage has logged out.
[2018/1/13 - 6:06:39] [C229] Officer II Depyo Chaos has logged out.
[2018/1/13 - 6:33:02] [H102] Sergeant Bart Lisa has logged out.
[2018/1/13 - 6:38:36] Bart Lisa has withdrawn a Nitestick from the weapon locker (Cost: 1)
[2018/1/13 - 6:38:37] Bart Lisa has withdrawn a Spray Can from the weapon locker (Cost: 1)
[2018/1/13 - 6:38:38] Bart Lisa has withdrawn a Desert Eagle from the weapon locker (Cost: 3)
[2018/1/13 - 6:38:39] Bart Lisa has withdrawn a MP5 from the weapon locker (Cost: 4)
[2018/1/13 - 6:38:41] Bart Lisa has withdrawn a SPAS-12 from the weapon locker (Cost: 9)
[2018/1/13 - 6:38:42] Bart Lisa has withdrawn a M4A1 from the weapon locker (Cost: 9)
[2018/1/13 - 6:38:45] Bart Lisa has withdrawn a Sniper Rifle from the weapon locker (Cost: 10)
[2018/1/13 - 6:59:31] [H102] Sergeant Diego Martino has timed out.
[2018/1/13 - 8:41:12] [I220] Lieutenant Hugo Rafael has logged out.
[2018/1/13 - 8:45:24] Marty S. Vespucci has withdrawn a AK-47 from the weapon locker (Cost: 5)
[2018/1/13 - 8:45:52] Chris Shiels has withdrawn a Nitestick from the weapon locker (Cost: 1)
[2018/1/13 - 8:45:53] Chris Shiels has withdrawn a Spray Can from the weapon locker (Cost: 1)
[2018/1/13 - 8:45:54] Chris Shiels has withdrawn a Desert Eagle from the weapon locker (Cost: 3)
[2018/1/13 - 8:45:55] Chris Shiels has withdrawn a SPAS-12 from the weapon locker (Cost: 9)
[2018/1/13 - 8:45:59] Chris Shiels has withdrawn a AK-47 from the weapon locker (Cost: 5)
[2018/1/13 - 8:49:34] [P274] Officer I Chris Shiels has logged out.
[2018/1/13 - 8:58:35] * Officer Chris Shiels has taken away Tracy Domrani's Cannabis.
[2018/1/13 - 8:58:43] * Officer Chris Shiels has taken away Tracy Domrani's crack.
[2018/1/13 - 8:58:50] * Officer Chris Shiels has taken away Tracy Domrani's weapons.
[2018/1/13 - 9:14:48] IMPOUND: Marty S. Vespucci has impounded John Pat's Sultan and gained $36,480
[2018/1/13 - 9:15:24] * Officer Chris Shiels has taken away John Pat's Ecstasy.
[2018/1/13 - 9:15:34] * Officer Chris Shiels has taken away John Pat's crack.
[2018/1/13 - 9:19:34] [I220] Lieutenant Hugo Rafael has logged out.
[2018/1/13 - 9:25:20] Cruzio Demon has withdrawn a Desert Eagle from the weapon locker (Cost: 3)
[2018/1/13 - 9:25:21] Cruzio Demon has withdrawn a SPAS-12 from the weapon locker (Cost: 9)
[2018/1/13 - 9:25:22] Cruzio Demon has withdrawn a AK-47 from the weapon locker (Cost: 5)
[2018/1/13 - 9:25:23] Cruzio Demon has withdrawn a Sniper Rifle from the weapon locker (Cost: 10)
[2018/1/13 - 9:26:45] [I209] Corporal Cruzio Demon has logged out.
[2018/1/13 - 9:28:44] Marty S. Vespucci has withdrawn a Nitestick from the weapon locker (Cost: 1)
[2018/1/13 - 9:28:45] Marty S. Vespucci has withdrawn a Spray Can from the weapon locker (Cost: 1)
[2018/1/13 - 9:28:45] Chris Shiels has withdrawn a Nitestick from the weapon locker (Cost: 1)
[2018/1/13 - 9:28:46] Marty S. Vespucci has withdrawn a Desert Eagle from the weapon locker (Cost: 3)
[2018/1/13 - 9:28:46] Chris Shiels has withdrawn a Spray Can from the weapon locker (Cost: 1)
[2018/1/13 - 9:28:46] Chris Shiels has withdrawn a Desert Eagle from the weapon locker (Cost: 3)
[2018/1/13 - 9:28:48] Chris Shiels has withdrawn a SPAS-12 from the weapon locker (Cost: 9)
[2018/1/13 - 9:28:49] Chris Shiels has withdrawn a AK-47 from the weapon locker (Cost: 5)
[2018/1/13 - 9:28:52] Marty S. Vespucci has withdrawn a SPAS-12 from the weapon locker (Cost: 9)
[2018/1/13 - 9:28:53] Marty S. Vespucci has withdrawn a AK-47 from the weapon locker (Cost: 5)
[2018/1/13 - 9:43:24] Trent Wolf has withdrawn a Desert Eagle from the weapon locker (Cost: 3)
[2018/1/13 - 9:50:13] [P274] Officer I Chris Shiels has logged out.
[2018/1/13 - 9:52:10] [P274] Officer I Chris Shiels has logged out.
[2018/1/13 - 9:56:49] [I209] Corporal Cruzio Demon has timed out.
[2018/1/13 - 10:00:46] Chris Shiels has withdrawn a Nitestick from the weapon locker (Cost: 1)
[2018/1/13 - 10:00:47] Chris Shiels has withdrawn a Spray Can from the weapon locker (Cost: 1)
[2018/1/13 - 10:00:47] Chris Shiels has withdrawn a Desert Eagle from the weapon locker (Cost: 3)
[2018/1/13 - 10:00:49] Chris Shiels has withdrawn a SPAS-12 from the weapon locker (Cost: 9)
[2018/1/13 - 10:00:50] Chris Shiels has withdrawn a AK-47 from the weapon locker (Cost: 5)
[2018/1/13 - 10:01:43] Marty S. Vespucci has withdrawn a Nitestick from the weapon locker (Cost: 1)
[2018/1/13 - 10:01:44] Marty S. Vespucci has withdrawn a Spray Can from the weapon locker (Cost: 1)
[2018/1/13 - 10:01:44] Marty S. Vespucci has withdrawn a Desert Eagle from the weapon locker (Cost: 3)
[2018/1/13 - 10:01:47] Marty S. Vespucci has withdrawn a SPAS-12 from the weapon locker (Cost: 9)
[2018/1/13 - 10:01:48] Marty S. Vespucci has withdrawn a AK-47 from the weapon locker (Cost: 5)
[2018/1/13 - 10:06:35] Trent Wolf has withdrawn a SPAS-12 from the weapon locker (Cost: 9)
[2018/1/13 - 10:06:36] Trent Wolf has withdrawn a M4A1 from the weapon locker (Cost: 9)
[2018/1/13 - 10:06:37] Trent Wolf has withdrawn a Tear Gas from the weapon locker (Cost: 1)
[2018/1/13 - 10:06:37] Max Bluman has withdrawn a Desert Eagle from the weapon locker (Cost: 3)
[2018/1/13 - 10:06:37] Trent Wolf has withdrawn a Sniper Rifle from the weapon locker (Cost: 10)
[2018/1/13 - 10:11:07] Marty S. Vespucci has withdrawn a Spray Can from the weapon locker (Cost: 1)
[2018/1/13 - 10:11:09] Marty S. Vespucci has withdrawn a Desert Eagle from the weapon locker (Cost: 3)
[2018/1/13 - 10:11:14] Marty S. Vespucci has withdrawn a SPAS-12 from the weapon locker (Cost: 9)
[2018/1/13 - 10:11:15] Marty S. Vespucci has withdrawn a AK-47 from the weapon locker (Cost: 5)
[2018/1/13 - 10:12:31] [P274] Officer I Chris Shiels has logged out.
[2018/1/13 - 10:18:09] [P262] Officer I Marty S. Vespucci has logged out.
[2018/1/13 - 10:23:03] [I209] Corporal Cruzio Demon has logged out.
[2018/1/13 - 10:28:04] Max Bluman has withdrawn a Sniper Rifle from the weapon locker (Cost: 10)
[2018/1/13 - 10:28:05] Max Bluman has withdrawn a M4A1 from the weapon locker (Cost: 9)
[2018/1/13 - 10:36:23] Bob Snarka has withdrawn a Sniper Rifle from the weapon locker (Cost: 10)
[2018/1/13 - 10:36:25] Bob Snarka has withdrawn a SPAS-12 from the weapon locker (Cost: 9)
[2018/1/13 - 10:36:26] Bob Snarka has withdrawn a AK-47 from the weapon locker (Cost: 5)
[2018/1/13 - 10:46:19] * Officer Chris Shiels has taken away Diaa Dod's Cannabis.
[2018/1/13 - 11:00:35] [H102] Sergeant Jerome Mcwill has logged out.
[2018/1/13 - 11:18:37] [P274] Officer I Chris Shiels has logged out.
[2018/1/13 - 11:35:05] Cadet Haider Philipps has logged out.
[2018/1/13 - 12:51:53] Haider Philipps has withdrawn a MP5 from the weapon locker (Cost: 4)
[2018/1/13 - 12:51:55] Haider Philipps has withdrawn a Desert Eagle from the weapon locker (Cost: 3)
[2018/1/13 - 12:51:56] Haider Philipps has withdrawn a Shotgun from the weapon locker (Cost: 2)
[2018/1/13 - 12:54:48] Kara Danvers has withdrawn a Desert Eagle from the weapon locker (Cost: 3)
[2018/1/13 - 12:54:50] Kara Danvers has withdrawn a SPAS-12 from the weapon locker (Cost: 9)
[2018/1/13 - 13:14:00] Officer I Patrick Livanos has logged out.
[2018/1/13 - 13:25:30] [P252] Corporal John Swagger has logged out.
[2018/1/13 - 13:25:44] Hodges Marna has withdrawn a SPAS-12 from the weapon locker (Cost: 9)
[2018/1/13 - 13:27:03] Officer I Patrick Livanos has logged out.
[2018/1/13 - 13:31:27] [F241] Officer I Jeff Armstrong has logged out.
[2018/1/13 - 13:40:52] Matt Honest has logged in.
[2018/1/13 - 13:42:01] Officer I Patrick Livanos has logged out.
[2018/1/13 - 13:53:38] [P252] Corporal John Swagger has logged out.
[2018/1/13 - 14:02:36] Liam Crawford has withdrawn a Desert Eagle from the weapon locker (Cost: 3)
[2018/1/13 - 14:02:38] Liam Crawford has withdrawn a SPAS-12 from the weapon locker (Cost: 9)
[2018/1/13 - 14:02:39] Liam Crawford has withdrawn a M4A1 from the weapon locker (Cost: 9)
[2018/1/13 - 14:08:16] Cadet Haider Philipps has timed out.
[2018/1/13 - 14:10:13] [I220] Lieutenant Hugo Rafael has logged out.
[2018/1/13 - 14:12:59] [P274] Officer I Chris Shiels has logged out.
[2018/1/13 - 14:14:13] Deputy Chief Derek Hunter (1000073823) (rank 8) has uninvited Liam Crawford (1000310515) (rank 2) from LSPD (1).
[2018/1/13 - 14:14:29] [P252] Corporal John Swagger has logged out.
[2018/1/13 - 14:20:03] [P252] Corporal John Swagger has logged out.
[2018/1/13 - 14:25:51] Deputy Chief Derek Hunter (1000073823) has set Derek Hunter's (1000073823) division to PTL in LSPD (1).
[2018/1/13 - 14:25:56] Deputy Chief Derek Hunter (1000073823) has set Derek Hunter's (1000073823) division to CMD in LSPD (1).
[2018/1/13 - 14:27:41] EMS Driver Derek Hunter has successfully delivered Patient Alex Whey Jefferson to the hospital.
[2018/1/13 - 14:30:09] [P252] Corporal John Swagger has timed out.
[2018/1/13 - 14:31:49] Derek Hunter has withdrawn a Desert Eagle from the weapon locker (Cost: 3)
[2018/1/13 - 14:36:44] Cadet Oby Maze has logged out.
[2018/1/13 - 14:44:04] Chris Shiels has withdrawn a Nitestick from the weapon locker (Cost: 1)
[2018/1/13 - 14:44:05] Chris Shiels has withdrawn a Spray Can from the weapon locker (Cost: 1)
[2018/1/13 - 14:44:06] Chris Shiels has withdrawn a Desert Eagle from the weapon locker (Cost: 3)
[2018/1/13 - 14:44:07] Chris Shiels has withdrawn a MP5 from the weapon locker (Cost: 4)
[2018/1/13 - 14:44:08] Chris Shiels has withdrawn a Shotgun from the weapon locker (Cost: 2)
[2018/1/13 - 14:45:17] [P238] Officer I Kyle Edwards has logged out.
[2018/1/13 - 14:46:10] [P237] Officer II Kara Danvers has logged out.
[2018/1/13 - 14:46:39] Chris Shiels has withdrawn a M4A1 from the weapon locker (Cost: 9)
[2018/1/13 - 14:47:10] [VTICKET] Officer Paris Jamaica has ticketed Raja Umair's Willard (703) for $1,000.
[2018/1/13 - 14:50:12] Cadet Oby Maze has logged out.
[2018/1/13 - 14:52:48] [D281] Officer II Hodges Marna has logged out.
[2018/1/13 - 14:53:11] [P274] Officer I Chris Shiels has logged out.
[2018/1/13 - 14:54:11] Cadet Oby Maze has timed out.
[2018/1/13 - 15:01:09] [P238] Officer I Kyle Edwards has logged out.
[2018/1/13 - 15:09:26] Cadet Oby Maze has logged out.
[2018/1/13 - 15:12:30] Officer I Paris Jamaica has logged out.
[2018/1/13 - 15:16:49] * Officer Alex Whey Jefferson has taken away Neo Ryders's Cannabis.
[2018/1/13 - 15:17:31] * Officer Alex Whey Jefferson has taken away Neo Ryders's weapons.
[2018/1/13 - 15:19:27] Cadet Vladimir Zhang has logged out.
[2018/1/13 - 15:19:29] * Officer John Swagger has taken away Kog V Scalleta's weapons.
[2018/1/13 - 15:19:38] * Officer Alex Whey Jefferson has taken away Steven Ancelotti's weapons.
[2018/1/13 - 15:19:45] * Officer Marty S. Vespucci has taken away Zac Shards's weapons.
[2018/1/13 - 15:19:49] * Officer Marty S. Vespucci has taken away Zac Shards's Cannabis.
[2018/1/13 - 15:19:55] * Officer Marty S. Vespucci has taken away Zac Shards's crack.
[2018/1/13 - 15:20:21] * Officer Alex Whey Jefferson has taken away Steven Ancelotti's Cannabis.
[2018/1/13 - 15:32:36] [P294] Officer II Alex Whey Jefferson has logged out.
[2018/1/13 - 15:33:15] [C204] Cadet Indar Sharma has logged out.
[2018/1/13 - 15:34:29] Vladimir Zhang has withdrawn a MP5 from the weapon locker (Cost: 4)
[2018/1/13 - 15:34:31] Vladimir Zhang has withdrawn a Desert Eagle from the weapon locker (Cost: 3)
[2018/1/13 - 15:38:25] [P262] Officer I Marty S. Vespucci has timed out.
[2018/1/13 - 15:38:33] Officer I Lewis Star has logged out.
[2018/1/13 - 15:39:32] Marty S. Vespucci has deposited a AK-47 into the locker.
[2018/1/13 - 15:39:36] Marty S. Vespucci has withdrawn a M4A1 from the weapon locker (Cost: 9)
[2018/1/13 - 15:39:51] Marty S. Vespucci has withdrawn a Nitestick from the weapon locker (Cost: 1)
[2018/1/13 - 15:40:26] [P238] Officer I Kyle Edwards has logged out.
[2018/1/13 - 15:40:35] Marty S. Vespucci has deposited a SPAS-12 into the locker.
[2018/1/13 - 15:51:46] Mac Carl has withdrawn a Desert Eagle from the weapon locker (Cost: 3)
[2018/1/13 - 15:51:52] Mac Carl has withdrawn a M4A1 from the weapon locker (Cost: 9)
[2018/1/13 - 15:54:15] [I209] Corporal Cruzio Demon has timed out.
[2018/1/13 - 15:57:48] [P232] Sergeant Daro Freeman has logged out.
[2018/1/13 - 16:07:58] [P252] Corporal John Swagger has timed out.
[2018/1/13 - 16:08:14] Officer I Arif Leopard has logged out.
[2018/1/13 - 16:10:24] Chris Shiels has withdrawn a Nitestick from the weapon locker (Cost: 1)
[2018/1/13 - 16:10:25] Chris Shiels has withdrawn a Spray Can from the weapon locker (Cost: 1)
[2018/1/13 - 16:10:26] Chris Shiels has withdrawn a Desert Eagle from the weapon locker (Cost: 3)
[2018/1/13 - 16:10:29] Chris Shiels has withdrawn a MP5 from the weapon locker (Cost: 4)
[2018/1/13 - 16:10:30] Chris Shiels has withdrawn a Shotgun from the weapon locker (Cost: 2)
[2018/1/13 - 16:10:31] Chris Shiels has withdrawn a M4A1 from the weapon locker (Cost: 9)
[2018/1/13 - 16:12:25] Kara Danvers has withdrawn a Desert Eagle from the weapon locker (Cost: 3)
[2018/1/13 - 16:13:51] [C204] Cadet Indar Sharma has logged out.
[2018/1/13 - 16:16:22] Cadet Oby Maze has timed out.
[2018/1/13 - 16:18:00] * Officer Chris Shiels has taken away Dwayne Agnusdei's weapons.
[2018/1/13 - 16:19:31] [D288] Officer II Jesse Raminez has logged out.
[2018/1/13 - 16:23:04] [P274] Officer I Chris Shiels has logged out.
[2018/1/13 - 16:23:12] [D281] Officer II Hodges Marna has logged out.
[2018/1/13 - 16:25:00] [I220] Lieutenant Hugo Rafael has logged out.
[2018/1/13 - 16:29:42] [F261] Corporal Alan Stark has logged out.
[2018/1/13 - 16:32:12] Hugo Rafael has withdrawn a Desert Eagle from the weapon locker (Cost: 3)
[2018/1/13 - 16:32:13] Hugo Rafael has withdrawn a SPAS-12 from the weapon locker (Cost: 9)
[2018/1/13 - 16:32:15] Hugo Rafael has withdrawn a M4A1 from the weapon locker (Cost: 9)
[2018/1/13 - 16:32:15] Hugo Rafael has withdrawn a Sniper Rifle from the weapon locker (Cost: 10)
[2018/1/13 - 16:32:20] Officer I Mac Carl has logged out.
[2018/1/13 - 16:33:28] Cadet Vladimir Zhang has timed out.
[2018/1/13 - 16:34:14] Marty S. Vespucci has withdrawn a Nitestick from the weapon locker (Cost: 1)
[2018/1/13 - 16:34:14] Marty S. Vespucci has withdrawn a Spray Can from the weapon locker (Cost: 1)
[2018/1/13 - 16:34:15] Marty S. Vespucci has withdrawn a Desert Eagle from the weapon locker (Cost: 3)
[2018/1/13 - 16:34:29] Marty S. Vespucci has withdrawn a MP5 from the weapon locker (Cost: 4)
[2018/1/13 - 16:34:39] Marty S. Vespucci has withdrawn a Shotgun from the weapon locker (Cost: 2)
[2018/1/13 - 16:35:34] Cruzio Demon has withdrawn a MP5 from the weapon locker (Cost: 4)
[2018/1/13 - 16:35:35] Cruzio Demon has withdrawn a Desert Eagle from the weapon locker (Cost: 3)
[2018/1/13 - 16:35:36] Cruzio Demon has withdrawn a SPAS-12 from the weapon locker (Cost: 9)
[2018/1/13 - 16:35:37] Cruzio Demon has withdrawn a AK-47 from the weapon locker (Cost: 5)
[2018/1/13 - 16:35:38] Cruzio Demon has withdrawn a Sniper Rifle from the weapon locker (Cost: 10)
[2018/1/13 - 16:37:17] [P237] Officer II Kara Danvers has logged out.
[2018/1/13 - 16:38:11] Vladimir Zhang has withdrawn a MP5 from the weapon locker (Cost: 4)
[2018/1/13 - 16:38:13] Vladimir Zhang has withdrawn a Desert Eagle from the weapon locker (Cost: 3)
[2018/1/13 - 16:38:31] [I220] Lieutenant Hugo Rafael has logged out.
[2018/1/13 - 16:39:55] [I220] Lieutenant Hugo Rafael has timed out.
[2018/1/13 - 16:40:48] [P262] Officer I Marty S. Vespucci has timed out.
[2018/1/13 - 16:44:05] [P275] Officer II Darren Speed has logged out.
[2018/1/13 - 16:46:13] [I220] Lieutenant Hugo Rafael has logged out.
[2018/1/13 - 16:46:58] Cadet Vladimir Zhang has logged out.
[2018/1/13 - 16:55:33] [P262] Officer I Marty S. Vespucci has timed out.
[2018/1/13 - 16:56:00] [I220] Lieutenant Hugo Rafael has logged out.
[2018/1/13 - 17:00:33] [P262] Officer I Marty S. Vespucci has logged out.
[2018/1/13 - 17:02:11] [P262] Officer I Marty S. Vespucci has logged out.
[2018/1/13 - 17:03:22] [P262] Officer I Marty S. Vespucci has logged out.
[2018/1/13 - 17:04:36] [P221] Corporal Ruben Rodriquez has logged out.
[2018/1/13 - 17:13:57] [F253] Officer II Shane Bond has logged out.
[2018/1/13 - 17:16:19] * Officer Alex Whey Jefferson has taken away Yuki Yamanaka's Ecstasy.
[2018/1/13 - 17:16:54] Cruzio Demon has withdrawn a Desert Eagle from the weapon locker (Cost: 3)
[2018/1/13 - 17:16:56] Cruzio Demon has withdrawn a SPAS-12 from the weapon locker (Cost: 9)
[2018/1/13 - 17:16:57] Cruzio Demon has withdrawn a M4A1 from the weapon locker (Cost: 9)
[2018/1/13 - 17:16:59] Cruzio Demon has withdrawn a Sniper Rifle from the weapon locker (Cost: 10)
[2018/1/13 - 17:21:58] [P262] Officer I Marty S. Vespucci has logged out.
[2018/1/13 - 17:24:07] [I209] Corporal Cruzio Demon has logged out.
[2018/1/13 - 17:31:56] * Officer Alex Whey Jefferson has taken away Tanner Gucci Cobra's Cannabis.
[2018/1/13 - 17:31:58] * Officer Alex Whey Jefferson has taken away Tanner Gucci Cobra's crack.
[2018/1/13 - 17:39:21] [P294] Officer II Alex Whey Jefferson has logged out.
[2018/1/13 - 17:42:36] [A178] Deputy Chief Derek Hunter has logged out.
[2018/1/13 - 17:54:43] [I220] Lieutenant Hugo Rafael has timed out.
[2018/1/13 - 18:11:58] [F261] Corporal Alan Stark has logged out.
[2018/1/13 - 18:27:54] [D267] Officer II Suki Kingston has logged out.
[2018/1/13 - 18:28:53] [P252] Corporal John Swagger has logged out.
[2018/1/13 - 18:29:35] James Carl (1000352421) accepted Deputy Chief Derek Hunter's (1000073823) invite to join LSPD (1).
[2018/1/13 - 18:29:37] Deputy Chief Derek Hunter (1000073823) (rank 8) has given James Carl (1000352421) rank 1 (Officer I) in LSPD (1).
[2018/1/13 - 18:29:39] Deputy Chief Derek Hunter (1000073823) has set James Carl's (1000352421) division to PTL in LSPD (1).
[2018/1/13 - 18:29:43] Derek Hunter (1000073823) has set James Carl's (1000352421) badge to P272.
[2018/1/13 - 18:30:09] [A178] Deputy Chief Derek Hunter has logged out.
[2018/1/13 - 18:31:01] John Swagger has withdrawn a AK-47 from the weapon locker (Cost: 5)
[2018/1/13 - 18:31:11] John Swagger has withdrawn a AK-47 from the weapon locker (Cost: 5)
[2018/1/13 - 19:00:09] [P272] Officer I James Carl has logged out.
[2018/1/13 - 19:14:22] John Swagger has withdrawn a Desert Eagle from the weapon locker (Cost: 3)
[2018/1/13 - 19:14:25] John Swagger has withdrawn a AK-47 from the weapon locker (Cost: 5)
[2018/1/13 - 19:14:25] John Swagger has withdrawn a Sniper Rifle from the weapon locker (Cost: 10)
[2018/1/13 - 19:19:48] Officer I Patrick Livanos has timed out.
[2018/1/13 - 19:21:06] Officer I Patrick Livanos has timed out.
[2018/1/13 - 19:22:18] Officer I Patrick Livanos has timed out.
[2018/1/13 - 19:40:19] Officer I Patrick Livanos has logged out.
[2018/1/13 - 19:43:21] [P252] Corporal John Swagger has logged out.
[2018/1/13 - 19:46:47] Patrick Livanos has withdrawn a M4A1 from the weapon locker (Cost: 9)
[2018/1/13 - 19:46:48] Patrick Livanos has withdrawn a SPAS-12 from the weapon locker (Cost: 9)
[2018/1/13 - 19:46:49] Patrick Livanos has withdrawn a Desert Eagle from the weapon locker (Cost: 3)
[2018/1/13 - 19:47:45] Officer I Patrick Livanos has logged out.
[2018/1/13 - 19:48:56] Chief of Police Carlos Ramirez (118665) (rank 9) has given Carlos Ramirez (118665) rank 7 (Captain) in LSPD (1).
[2018/1/13 - 19:49:11] Carlos Ramirez has withdrawn a Nitestick from the weapon locker (Cost: 1)
[2018/1/13 - 19:49:13] Carlos Ramirez has withdrawn a Desert Eagle from the weapon locker (Cost: 3)
[2018/1/13 - 19:49:14] Carlos Ramirez has withdrawn a MP5 from the weapon locker (Cost: 4)
[2018/1/13 - 19:49:15] Carlos Ramirez has withdrawn a SPAS-12 from the weapon locker (Cost: 9)
[2018/1/13 - 19:49:18] Carlos Ramirez has withdrawn a Sniper Rifle from the weapon locker (Cost: 10)
[2018/1/13 - 19:56:08] [P238] Officer I Kyle Edwards has timed out.
[2018/1/13 - 20:19:30] [P238] Officer I Kyle Edwards has logged out.
[2018/1/13 - 20:23:14] Captain Carlos Ramirez (118665) has set Carlos Ramirez's (118665) division to ADM in LSPD (1).
[2018/1/13 - 20:23:35] Captain Carlos Ramirez (118665) (rank 7) has given Kyle Edwards (1000037317) rank 2 (Officer II) in LSPD (1).
[2018/1/13 - 20:23:53] Jon Datzman (1000624822) accepted Captain Carlos Ramirez's (118665) invite to join LSPD (1).
[2018/1/13 - 20:24:02] Kyle Edwards has withdrawn a Nitestick from the weapon locker (Cost: 1)
[2018/1/13 - 20:24:02] Kyle Edwards has withdrawn a Spray Can from the weapon locker (Cost: 1)
[2018/1/13 - 20:24:03] Kyle Edwards has withdrawn a Desert Eagle from the weapon locker (Cost: 3)
[2018/1/13 - 20:24:05] Kyle Edwards has withdrawn a M4A1 from the weapon locker (Cost: 9)
[2018/1/13 - 20:25:01] Jon Datzman has withdrawn a Desert Eagle from the weapon locker (Cost: 3)
[2018/1/13 - 20:25:03] Jon Datzman has withdrawn a MP5 from the weapon locker (Cost: 4)
[2018/1/13 - 20:33:03] [I220] Lieutenant Hugo Rafael has logged out.
[2018/1/13 - 20:37:05] [P238] Officer II Kyle Edwards has logged out.
[2018/1/13 - 20:37:49] [I209] Corporal Cruzio Demon has timed out.
[2018/1/13 - 20:39:51] [P232] Sergeant Daro Freeman has logged out.
[2018/1/13 - 20:41:00] [I209] Corporal Cruzio Demon has timed out.
[2018/1/13 - 20:41:10] [A213] Captain Carlos Ramirez has timed out.
[2018/1/13 - 20:41:59] Daro Freeman has withdrawn a Desert Eagle from the weapon locker (Cost: 3)
[2018/1/13 - 20:42:00] Daro Freeman has withdrawn a SPAS-12 from the weapon locker (Cost: 9)
[2018/1/13 - 20:42:01] Daro Freeman has withdrawn a M4A1 from the weapon locker (Cost: 9)
[2018/1/13 - 20:42:01] Daro Freeman has withdrawn a Sniper Rifle from the weapon locker (Cost: 10)
[2018/1/13 - 20:42:50] [P232] Sergeant Daro Freeman has logged out.
[2018/1/13 - 20:43:29] [I209] Corporal Cruzio Demon has timed out.
[2018/1/13 - 20:45:22] [I209] Corporal Cruzio Demon has timed out.
[2018/1/13 - 20:47:00] [I209] Corporal Cruzio Demon has timed out.
[2018/1/13 - 20:47:27] Gerg Mcflies has withdrawn a Desert Eagle from the weapon locker (Cost: 3)
[2018/1/13 - 20:47:28] Gerg Mcflies has withdrawn a MP5 from the weapon locker (Cost: 4)
[2018/1/13 - 20:49:25] [I209] Corporal Cruzio Demon has timed out.
[2018/1/13 - 20:49:50] Mickey Mcflies has withdrawn a M4A1 from the weapon locker (Cost: 9)
[2018/1/13 - 20:49:53] Mickey Mcflies has withdrawn a Spray Can from the weapon locker (Cost: 1)
[2018/1/13 - 20:49:55] Mickey Mcflies has withdrawn a Desert Eagle from the weapon locker (Cost: 3)
[2018/1/13 - 20:49:56] Mickey Mcflies has withdrawn a SPAS-12 from the weapon locker (Cost: 9)
[2018/1/13 - 20:49:58] Mickey Mcflies has withdrawn a Sniper Rifle from the weapon locker (Cost: 10)
[2018/1/13 - 20:51:21] Cruzio Demon has withdrawn a Desert Eagle from the weapon locker (Cost: 3)
[2018/1/13 - 20:51:22] Cruzio Demon has withdrawn a SPAS-12 from the weapon locker (Cost: 9)
[2018/1/13 - 20:51:23] Cruzio Demon has withdrawn a M4A1 from the weapon locker (Cost: 9)
[2018/1/13 - 20:51:24] Cruzio Demon has withdrawn a Sniper Rifle from the weapon locker (Cost: 10)
[2018/1/13 - 20:51:51] Cadet Jon Datzman has logged out.
[2018/1/13 - 20:59:29] [P262] Officer I Marty S. Vespucci has logged out.
[2018/1/13 - 20:59:59] Max Whitestone has withdrawn a Desert Eagle from the weapon locker (Cost: 3)
[2018/1/13 - 21:00:00] Max Whitestone has withdrawn a SPAS-12 from the weapon locker (Cost: 9)
[2018/1/13 - 21:00:03] Max Whitestone has withdrawn a AK-47 from the weapon locker (Cost: 5)
[2018/1/13 - 21:03:17] Cruzio Demon has withdrawn a Desert Eagle from the weapon locker (Cost: 3)
[2018/1/13 - 21:03:18] Cruzio Demon has withdrawn a SPAS-12 from the weapon locker (Cost: 9)
[2018/1/13 - 21:03:19] Cruzio Demon has withdrawn a M4A1 from the weapon locker (Cost: 9)
[2018/1/13 - 21:03:19] Cruzio Demon has withdrawn a Sniper Rifle from the weapon locker (Cost: 10)
[2018/1/13 - 21:05:02] Marty S. Vespucci has withdrawn a Nitestick from the weapon locker (Cost: 1)
[2018/1/13 - 21:05:02] Marty S. Vespucci has withdrawn a Spray Can from the weapon locker (Cost: 1)
[2018/1/13 - 21:05:03] Marty S. Vespucci has withdrawn a Desert Eagle from the weapon locker (Cost: 3)
[2018/1/13 - 21:05:03] Marty S. Vespucci has withdrawn a MP5 from the weapon locker (Cost: 4)
[2018/1/13 - 21:05:05] Marty S. Vespucci has withdrawn a Shotgun from the weapon locker (Cost: 2)
[2018/1/13 - 21:05:13] Marty S. Vespucci has withdrawn a M4A1 from the weapon locker (Cost: 9)
[2018/1/13 - 21:06:49] Marty S. Vespucci has withdrawn a SPAS-12 from the weapon locker (Cost: 9)
[2018/1/13 - 21:07:38] Gerg Mcflies has withdrawn a AK-47 from the weapon locker (Cost: 5)
[2018/1/13 - 21:07:43] Gerg Mcflies has withdrawn a SPAS-12 from the weapon locker (Cost: 9)
[2018/1/13 - 21:07:45] Mickey Mcflies has withdrawn a MP5 from the weapon locker (Cost: 4)
[2018/1/13 - 21:07:47] Mickey Mcflies has withdrawn a Nitestick from the weapon locker (Cost: 1)
[2018/1/13 - 21:13:16] [D230] Officer II Kiley Alexander has logged out.
[2018/1/13 - 21:13:31] Max Whitestone has withdrawn a Desert Eagle from the weapon locker (Cost: 3)
[2018/1/13 - 21:13:33] Max Whitestone has withdrawn a SPAS-12 from the weapon locker (Cost: 9)
[2018/1/13 - 21:13:34] Max Whitestone has withdrawn a AK-47 from the weapon locker (Cost: 5)
[2018/1/13 - 21:14:41] Mickey Mcflies has withdrawn a Sniper Rifle from the weapon locker (Cost: 10)
[2018/1/13 - 21:14:43] Mickey Mcflies has withdrawn a M4A1 from the weapon locker (Cost: 9)
[2018/1/13 - 21:14:45] Mickey Mcflies has withdrawn a AK-47 from the weapon locker (Cost: 5)
[2018/1/13 - 21:14:46] Mickey Mcflies has withdrawn a Desert Eagle from the weapon locker (Cost: 3)
[2018/1/13 - 21:14:53] Cruzio Demon has withdrawn a Desert Eagle from the weapon locker (Cost: 3)
[2018/1/13 - 21:14:55] Cruzio Demon has withdrawn a SPAS-12 from the weapon locker (Cost: 9)
[2018/1/13 - 21:14:56] Cruzio Demon has withdrawn a M4A1 from the weapon locker (Cost: 9)
[2018/1/13 - 21:14:57] Cruzio Demon has withdrawn a Sniper Rifle from the weapon locker (Cost: 10)
[2018/1/13 - 21:15:20] Daro Freeman has withdrawn a Sniper Rifle from the weapon locker (Cost: 10)
[2018/1/13 - 21:16:48] Gerg Mcflies has withdrawn a Desert Eagle from the weapon locker (Cost: 3)
[2018/1/13 - 21:16:49] Gerg Mcflies has withdrawn a MP5 from the weapon locker (Cost: 4)
[2018/1/13 - 21:16:50] Gerg Mcflies has withdrawn a SPAS-12 from the weapon locker (Cost: 9)
[2018/1/13 - 21:16:52] Gerg Mcflies has withdrawn a AK-47 from the weapon locker (Cost: 5)
[2018/1/13 - 21:16:59] Sean Johnson Wright has withdrawn a MP5 from the weapon locker (Cost: 4)
[2018/1/13 - 21:21:44] Cruzio Demon has withdrawn a Desert Eagle from the weapon locker (Cost: 3)
[2018/1/13 - 21:21:45] Cruzio Demon has withdrawn a SPAS-12 from the weapon locker (Cost: 9)
[2018/1/13 - 21:21:46] Cruzio Demon has withdrawn a M4A1 from the weapon locker (Cost: 9)
[2018/1/13 - 21:21:46] Cruzio Demon has withdrawn a Sniper Rifle from the weapon locker (Cost: 10)
[2018/1/13 - 21:24:35] Daro Freeman has withdrawn a Desert Eagle from the weapon locker (Cost: 3)
[2018/1/13 - 21:24:36] Daro Freeman has withdrawn a SPAS-12 from the weapon locker (Cost: 9)
[2018/1/13 - 21:24:36] Daro Freeman has withdrawn a M4A1 from the weapon locker (Cost: 9)
[2018/1/13 - 21:24:37] Daro Freeman has withdrawn a Sniper Rifle from the weapon locker (Cost: 10)
[2018/1/13 - 21:25:59] [P262] Officer I Marty S. Vespucci has timed out.
[2018/1/13 - 21:30:22] James Carl has withdrawn a Desert Eagle from the weapon locker (Cost: 3)
[2018/1/13 - 21:30:27] James Carl has withdrawn a SPAS-12 from the weapon locker (Cost: 9)
[2018/1/13 - 21:30:56] [P340] Officer II Max Whitestone has logged out.
[2018/1/13 - 21:39:31] Sean Johnson Wright has withdrawn a Desert Eagle from the weapon locker (Cost: 3)
[2018/1/13 - 21:39:48] Daro Freeman has withdrawn a Desert Eagle from the weapon locker (Cost: 3)
[2018/1/13 - 21:39:49] Daro Freeman has withdrawn a SPAS-12 from the weapon locker (Cost: 9)
[2018/1/13 - 21:39:49] Daro Freeman has withdrawn a M4A1 from the weapon locker (Cost: 9)
[2018/1/13 - 21:39:50] Daro Freeman has withdrawn a Sniper Rifle from the weapon locker (Cost: 10)
[2018/1/13 - 21:40:06] Mickey Mcflies has withdrawn a M4A1 from the weapon locker (Cost: 9)
[2018/1/13 - 21:40:08] Mickey Mcflies has withdrawn a SPAS-12 from the weapon locker (Cost: 9)
[2018/1/13 - 21:45:10] [P238] Officer II Kyle Edwards has logged out.
[2018/1/13 - 21:45:40] [A213] Carlos Ramirez has logged in.
[2018/1/13 - 21:46:22] Officer II Sean Johnson Wright has logged out.
[2018/1/13 - 21:49:07] [P232] Sergeant Daro Freeman has logged out.
[2018/1/13 - 22:01:17] Carlos Ramirez has withdrawn a Desert Eagle from the weapon locker (Cost: 3)
[2018/1/13 - 22:01:18] Carlos Ramirez has withdrawn a SPAS-12 from the weapon locker (Cost: 9)
[2018/1/13 - 22:01:20] Carlos Ramirez has withdrawn a Shotgun from the weapon locker (Cost: 2)
[2018/1/13 - 22:01:22] Carlos Ramirez has withdrawn a AK-47 from the weapon locker (Cost: 5)
[2018/1/13 - 22:01:22] Carlos Ramirez has withdrawn a Sniper Rifle from the weapon locker (Cost: 10)
[2018/1/13 - 22:03:38] [A213] Captain Carlos Ramirez has timed out.
[2018/1/13 - 22:04:56] [A213] Carlos Ramirez has logged in.
[2018/1/13 - 22:08:37] [H102] Sergeant Emilio Delgado has timed out.
[2018/1/13 - 22:10:06] Robby Mcflies (128502) accepted Captain Sean James's (1000047031) invite to join LSPD (1).
[2018/1/13 - 22:10:13] Captain Sean James (1000047031) (rank 7) has given Robby Mcflies (128502) rank 4 (Sergeant) in LSPD (1).
[2018/1/13 - 22:10:19] Captain Sean James (1000047031) has set Robby Mcflies's (128502) division to HON in LSPD (1).
[2018/1/13 - 22:14:02] [H102] Sergeant Jerome Mcwill has logged out.
[2018/1/13 - 22:17:22] Sergeant Robby Mcflies has logged out.
[2018/1/13 - 22:17:25] [P268] Officer II Antonio D. Sarto has timed out.
[2018/1/13 - 22:18:03] [D230] Officer II Kiley Alexander has timed out.
[2018/1/13 - 22:27:54] [P262] Officer I Marty S. Vespucci has logged out.
[2018/1/13 - 22:28:34] [I209] Corporal Cruzio Demon has timed out.
[2018/1/13 - 22:28:52] [C270] Staff Sergeant Mickey Mcflies has logged out.
[2018/1/13 - 22:28:57] Officer II Gerg Mcflies has logged out.
[2018/1/13 - 22:29:11] [P272] Officer I James Carl has timed out.
[2018/1/13 - 22:29:47] [P268] Officer II Antonio D. Sarto has logged out.
[2018/1/13 - 22:30:21] [D230] Officer II Kiley Alexander has logged out.
[2018/1/13 - 22:32:05] [A401] Captain Sean James has logged out.
[2018/1/13 - 22:32:46] Kiley Alexander has withdrawn a Desert Eagle from the weapon locker (Cost: 3)
[2018/1/13 - 22:32:47] Kiley Alexander has withdrawn a M4A1 from the weapon locker (Cost: 9)
[2018/1/13 - 22:34:22] [I209] Corporal Cruzio Demon has timed out.
[2018/1/13 - 22:48:16] Cruzio Demon has withdrawn a Desert Eagle from the weapon locker (Cost: 3)
[2018/1/13 - 22:48:17] Cruzio Demon has withdrawn a SPAS-12 from the weapon locker (Cost: 9)
[2018/1/13 - 22:48:18] Cruzio Demon has withdrawn a M4A1 from the weapon locker (Cost: 9)
[2018/1/13 - 22:48:19] Cruzio Demon has withdrawn a Sniper Rifle from the weapon locker (Cost: 10)
[2018/1/13 - 22:58:53] [I209] Corporal Cruzio Demon has logged out.
[2018/1/13 - 23:00:39] Officer I Patrick Livanos has logged out.
[2018/1/13 - 23:24:25] Antonio D. Sarto has withdrawn a Desert Eagle from the weapon locker (Cost: 3)
[2018/1/13 - 23:24:32] Antonio D. Sarto has withdrawn a M4A1 from the weapon locker (Cost: 9)
[2018/1/13 - 23:24:37] Antonio D. Sarto has withdrawn a SPAS-12 from the weapon locker (Cost: 9)
[2018/1/13 - 23:34:28] [A213] Captain Carlos Ramirez has timed out.
[2018/1/13 - 23:38:14] Antonio D. Sarto has withdrawn a Desert Eagle from the weapon locker (Cost: 3)
[2018/1/13 - 23:38:15] Antonio D. Sarto has withdrawn a M4A1 from the weapon locker (Cost: 9)
[2018/1/13 - 23:42:24] [D230] Officer II Kiley Alexander has logged out.
[2018/1/13 - 23:44:24] [I224] Sergeant Michael Westen has logged out.
[2018/1/13 - 23:47:08] Alberto Reyes has withdrawn a Desert Eagle from the weapon locker (Cost: 3)
[2018/1/13 - 23:47:11] Alberto Reyes has withdrawn a M4A1 from the weapon locker (Cost: 9)
[2018/1/13 - 23:47:13] Alberto Reyes has withdrawn a SPAS-12 from the weapon locker (Cost: 9)
[2018/1/13 - 23:47:23] Antonio D. Sarto has withdrawn a Desert Eagle from the weapon locker (Cost: 3)
[2018/1/13 - 23:47:25] Antonio D. Sarto has withdrawn a SPAS-12 from the weapon locker (Cost: 9)
[2018/1/13 - 23:53:47] Alberto Reyes has withdrawn a Desert Eagle from the weapon locker (Cost: 3)
[2018/1/13 - 23:53:49] Alberto Reyes has withdrawn a SPAS-12 from the weapon locker (Cost: 9)
[2018/1/13 - 23:53:50] Alberto Reyes has withdrawn a M4A1 from the weapon locker (Cost: 9)
[2018/1/13 - 23:53:51] Antonio D. Sarto has withdrawn a Desert Eagle from the weapon locker (Cost: 3)
[2018/1/13 - 23:53:55] Antonio D. Sarto has withdrawn a M4A1 from the weapon locker (Cost: 9)
[2018/1/13 - 23:53:57] Antonio D. Sarto has withdrawn a SPAS-12 from the weapon locker (Cost: 9)
