[2018/1/2 - 0:01:15] [222] Sergeant Daro Freeman has logged out.
[2018/1/2 - 0:02:37] [P205] Lieutenant Tobi Saito has timed out.
[2018/1/2 - 0:03:07] [P205] Tobi Saito has logged in.
[2018/1/2 - 0:03:55] [P227] Corporal Katie Casso has logged out.
[2018/1/2 - 0:04:50] * Officer Tobi Saito has taken away Benny Smith Wallace's weapons.
[2018/1/2 - 0:05:41] [P227] Katie Casso has logged in.
[2018/1/2 - 0:07:07] Katie Casso (1000624847) has quit the LSPD as a rank 3
[2018/1/2 - 0:16:02] [P276] Arthur Deto has logged in.
[2018/1/2 - 0:17:13] Clark Smith (112203) has made Clark Smith (112203) the leader of the LSPD.
[2018/1/2 - 0:23:42] [P263] Jack Chaos has logged in.
[2018/1/2 - 0:23:52] [P233] Jay Artz has logged in.
[2018/1/2 - 0:24:23] Steve R Jones (868428) accepted Deputy Chief Derek Hunter's (1000073823) invite to join LSPD (1).
[2018/1/2 - 0:24:26] Deputy Chief Derek Hunter (1000073823) (rank 8) has given Steve R Jones (868428) rank 2 (Officer II) in LSPD (1).
[2018/1/2 - 0:24:31] Patryk Ridgway (39428) accepted Deputy Chief Derek Hunter's (1000073823) invite to join LSPD (1).
[2018/1/2 - 0:24:49] Deputy Chief Derek Hunter (1000073823) has set Steve R Jones's (868428) division to FTO in LSPD (1).
[2018/1/2 - 0:25:00] Derek Hunter (1000073823) has set Steve R Jones's (868428) badge to F205.
[2018/1/2 - 0:25:31] [I105] Sergeant Trent Wolf has timed out.
[2018/1/2 - 0:27:38] Derek Hunter (1000073823) has set Patryk Ridgway's (39428) badge to P469.
[2018/1/2 - 0:28:06] Patryk Ridgway has withdrawn a Nitestick from the weapon locker (Cost: 1)
[2018/1/2 - 0:28:09] Patryk Ridgway has withdrawn a Desert Eagle from the weapon locker (Cost: 4)
[2018/1/2 - 0:28:10] Patryk Ridgway has withdrawn a Shotgun from the weapon locker (Cost: 2)
[2018/1/2 - 0:29:11] Steve R Jones has withdrawn a Nitestick from the weapon locker (Cost: 1)
[2018/1/2 - 0:29:13] Steve R Jones has withdrawn a Desert Eagle from the weapon locker (Cost: 4)
[2018/1/2 - 0:29:14] Steve R Jones has withdrawn a MP5 from the weapon locker (Cost: 4)
[2018/1/2 - 0:29:15] Steve R Jones has withdrawn a Shotgun from the weapon locker (Cost: 2)
[2018/1/2 - 0:29:37] Tobi Saito has authorized Patryk Ridgway to withdraw a M4A1 from the weapon locker (Cost: 0)
[2018/1/2 - 0:31:57] [I105] Trent Wolf has logged in.
[2018/1/2 - 0:36:38] Clark Smith (112203) has made Clark Smith (112203) the leader of the LSPD.
[2018/1/2 - 0:41:03] * Officer Arthur Deto has taken away Bryce Richard's Cannabis.
[2018/1/2 - 0:41:06] * Officer Arthur Deto has taken away Bryce Richard's crack.
[2018/1/2 - 0:44:30] [P276] Officer I Arthur Deto has logged out.
[2018/1/2 - 0:45:57] [F205] Officer II Steve R Jones has timed out.
[2018/1/2 - 0:50:16] * Officer Tobi Saito has taken away Woody Dios Brank's weapons.
[2018/1/2 - 0:52:46] [P469] Cadet Patryk Ridgway has logged out.
[2018/1/2 - 0:54:05] Sean James has logged in.
[2018/1/2 - 0:56:48] Lieutenant Tobi Saito (1000332639) has set Sean James's (1000047031) division to HON in LSPD (1).
[2018/1/2 - 0:56:56] Tobi Saito (1000332639) has set Sean James's (1000047031) badge to H401.
[2018/1/2 - 0:56:59] Sean James has withdrawn a Nitestick from the weapon locker (Cost: 1)
[2018/1/2 - 0:57:01] Sean James has withdrawn a Desert Eagle from the weapon locker (Cost: 4)
[2018/1/2 - 0:57:06] Sean James has withdrawn a SPAS-12 from the weapon locker (Cost: 0)
[2018/1/2 - 0:57:17] Sean James has withdrawn a AK-47 from the weapon locker (Cost: 0)
[2018/1/2 - 0:57:18] Sean James has withdrawn a Sniper Rifle from the weapon locker (Cost: 0)
[2018/1/2 - 0:57:20] Sean James has withdrawn a TEC-9 from the weapon locker (Cost: 4)
[2018/1/2 - 0:57:21] Sean James has withdrawn a Parachute from the weapon locker (Cost: 1)
[2018/1/2 - 0:57:25] Sean James has withdrawn a Tear Gas from the weapon locker (Cost: 1)
[2018/1/2 - 0:58:55] [A178] Deputy Chief Derek Hunter has timed out.
[2018/1/2 - 1:00:15] [A178] Derek Hunter has logged in.
[2018/1/2 - 1:01:24] [P247] Corporal Brooke Chapman has logged out.
[2018/1/2 - 1:02:23] [I105] Sergeant Trent Wolf has timed out.
[2018/1/2 - 1:02:40] [F222] Sergeant James Raminez has logged out.
[2018/1/2 - 1:02:54] [I105] Trent Wolf has logged in.
[2018/1/2 - 1:03:19] [P225] Scott Goodman has logged in.
[2018/1/2 - 1:06:00] Derek Hunter has withdrawn a Sniper Rifle from the weapon locker (Cost: 0)
[2018/1/2 - 1:07:48] [P250] Officer II Liam Crawford has logged out.
[2018/1/2 - 1:09:38] [P263] Sergeant Jack Chaos has logged out.
[2018/1/2 - 1:10:47] [P225] Officer II Scott Goodman has timed out.
[2018/1/2 - 1:14:19] Trent Wolf has withdrawn a Desert Eagle from the weapon locker (Cost: 4)
[2018/1/2 - 1:16:38] [F205] Steve R Jones has logged in.
[2018/1/2 - 1:22:36] Tobi Saito has withdrawn a Desert Eagle from the weapon locker (Cost: 4)
[2018/1/2 - 1:22:38] Tobi Saito has withdrawn a SPAS-12 from the weapon locker (Cost: 0)
[2018/1/2 - 1:22:39] Tobi Saito has withdrawn a M4A1 from the weapon locker (Cost: 0)
[2018/1/2 - 1:22:40] Tobi Saito has withdrawn a Sniper Rifle from the weapon locker (Cost: 0)
[2018/1/2 - 1:36:34] [P205] Lieutenant Tobi Saito has timed out.
[2018/1/2 - 1:36:47] [F213] Carlos Ramirez has logged in.
[2018/1/2 - 1:36:54] [P205] Tobi Saito has logged in.
[2018/1/2 - 1:39:59] [F205] Officer II Steve R Jones has timed out.
[2018/1/2 - 1:40:30] [F205] Steve R Jones has logged in.
[2018/1/2 - 1:40:46] Liam Underwood (1000625004) has made Liam Underwood (1000625004) the leader of the LSPD.
[2018/1/2 - 1:41:58] Liam Underwood (1000625004) has made Liam Underwood (1000625004) the leader of the LSPD.
[2018/1/2 - 1:42:56] Liam Underwood (1000625004) has made Liam Underwood (1000625004) the leader of the LSPD.
[2018/1/2 - 1:51:48] Liam Underwood (1000625004) has made Liam Underwood (1000625004) the leader of the LSPD.
[2018/1/2 - 1:53:48] Carlos G Ortega has withdrawn a Nitestick from the weapon locker (Cost: 1)
[2018/1/2 - 1:53:49] Carlos G Ortega has withdrawn a Spray Can from the weapon locker (Cost: 1)
[2018/1/2 - 1:53:50] Carlos G Ortega has withdrawn a Desert Eagle from the weapon locker (Cost: 4)
[2018/1/2 - 1:53:51] Carlos G Ortega has withdrawn a MP5 from the weapon locker (Cost: 4)
[2018/1/2 - 1:53:54] Carlos G Ortega has withdrawn a Shotgun from the weapon locker (Cost: 2)
[2018/1/2 - 1:53:57] Carlos G Ortega has withdrawn a AK-47 from the weapon locker (Cost: 0)
[2018/1/2 - 1:54:15] [I105] Sergeant Trent Wolf has logged out.
[2018/1/2 - 1:54:18] Derek Hunter has withdrawn a Desert Eagle from the weapon locker (Cost: 4)
[2018/1/2 - 1:54:20] Derek Hunter has withdrawn a Sniper Rifle from the weapon locker (Cost: 0)
[2018/1/2 - 1:54:21] Derek Hunter has withdrawn a AK-47 from the weapon locker (Cost: 0)
[2018/1/2 - 1:54:22] Derek Hunter has withdrawn a SPAS-12 from the weapon locker (Cost: 0)
[2018/1/2 - 1:55:01] [I105] Trent Wolf has logged in.
[2018/1/2 - 1:55:34] [I105] Sergeant Trent Wolf has timed out.
[2018/1/2 - 1:55:52] [P205] Lieutenant Tobi Saito has timed out.
[2018/1/2 - 1:57:20] [P205] Tobi Saito has logged in.
[2018/1/2 - 1:57:46] [F205] Officer II Steve R Jones has timed out.
[2018/1/2 - 1:59:11] Kiley Alexander (1000154106) accepted Lieutenant Tobi Saito's (1000332639) invite to join LSPD (1).
[2018/1/2 - 1:59:12] Lieutenant Tobi Saito (1000332639) (rank 6) has given Kiley Alexander (1000154106) rank 2 (Officer II) in LSPD (1).
[2018/1/2 - 1:59:23] Tobi Saito (1000332639) has set Kiley Alexander's (1000154106) badge to P244.
[2018/1/2 - 1:59:30] Lieutenant Tobi Saito (1000332639) has set Kiley Alexander's (1000154106) division to PTL in LSPD (1).
[2018/1/2 - 1:59:33] Carlos Ramirez has withdrawn a Nitestick from the weapon locker (Cost: 1)
[2018/1/2 - 1:59:34] Carlos Ramirez has withdrawn a Desert Eagle from the weapon locker (Cost: 4)
[2018/1/2 - 1:59:35] Carlos Ramirez has withdrawn a MP5 from the weapon locker (Cost: 4)
[2018/1/2 - 1:59:39] Carlos Ramirez has withdrawn a Camera from the weapon locker (Cost: 1)
[2018/1/2 - 1:59:40] Carlos Ramirez has withdrawn a SPAS-12 from the weapon locker (Cost: 0)
[2018/1/2 - 1:59:41] Carlos Ramirez has withdrawn a AK-47 from the weapon locker (Cost: 0)
[2018/1/2 - 1:59:42] Carlos Ramirez has withdrawn a M4A1 from the weapon locker (Cost: 0)
[2018/1/2 - 1:59:44] Carlos Ramirez has withdrawn a Sniper Rifle from the weapon locker (Cost: 0)
[2018/1/2 - 2:00:49] Kiley Alexander has withdrawn a Desert Eagle from the weapon locker (Cost: 4)
[2018/1/2 - 2:00:51] Kiley Alexander has withdrawn a SPAS-12 from the weapon locker (Cost: 0)
[2018/1/2 - 2:01:08] Alan Stark has withdrawn a SPAS-12 from the weapon locker (Cost: 0)
[2018/1/2 - 2:01:19] Alan Stark has withdrawn a M4A1 from the weapon locker (Cost: 0)
[2018/1/2 - 2:01:28] Kiley Alexander has withdrawn a M4A1 from the weapon locker (Cost: 0)
[2018/1/2 - 2:01:52] [F213] Lieutenant Carlos Ramirez has logged out.
[2018/1/2 - 2:02:00] [P225] Scott Goodman has logged in.
[2018/1/2 - 2:08:07] [I105] Trent Wolf has logged in.
[2018/1/2 - 2:10:07] Trent Wolf has withdrawn a Desert Eagle from the weapon locker (Cost: 4)
[2018/1/2 - 2:10:08] Trent Wolf has withdrawn a M4A1 from the weapon locker (Cost: 0)
[2018/1/2 - 2:10:14] Trent Wolf has withdrawn a Sniper Rifle from the weapon locker (Cost: 0)
[2018/1/2 - 2:16:05] [F213] Carlos Ramirez has logged in.
[2018/1/2 - 2:20:05] Kiley Alexander has withdrawn a Desert Eagle from the weapon locker (Cost: 4)
[2018/1/2 - 2:20:12] Kiley Alexander has withdrawn a SPAS-12 from the weapon locker (Cost: 0)
[2018/1/2 - 2:20:59] [P214] Reece Storm has logged in.
[2018/1/2 - 2:26:03] Reece Storm has withdrawn a Nitestick from the weapon locker (Cost: 1)
[2018/1/2 - 2:26:04] Reece Storm has withdrawn a Spray Can from the weapon locker (Cost: 1)
[2018/1/2 - 2:26:05] Reece Storm has withdrawn a Desert Eagle from the weapon locker (Cost: 4)
[2018/1/2 - 2:26:07] Reece Storm has withdrawn a M4A1 from the weapon locker (Cost: 0)
[2018/1/2 - 2:26:21] Reece Storm has withdrawn a SPAS-12 from the weapon locker (Cost: 0)
[2018/1/2 - 2:26:57] [F213] Lieutenant Carlos Ramirez has logged out.
[2018/1/2 - 2:27:35] [P205] Lieutenant Tobi Saito has timed out.
[2018/1/2 - 2:29:29] [F213] Carlos Ramirez has logged in.
[2018/1/2 - 2:33:44] [P205] Tobi Saito has logged in.
[2018/1/2 - 2:33:47] Liam Underwood (1000625004) has made Liam Underwood (1000625004) the leader of the LSPD.
[2018/1/2 - 2:36:22] Kiley Alexander has withdrawn a Desert Eagle from the weapon locker (Cost: 4)
[2018/1/2 - 2:37:02] Kiley Alexander has withdrawn a SPAS-12 from the weapon locker (Cost: 0)
[2018/1/2 - 2:38:03] Kiley Alexander has withdrawn a Desert Eagle from the weapon locker (Cost: 4)
[2018/1/2 - 2:38:09] Kiley Alexander has withdrawn a M4A1 from the weapon locker (Cost: 0)
[2018/1/2 - 2:40:56] Liam Underwood (1000625004) has made Liam Underwood (1000625004) the leader of the LSPD.
[2018/1/2 - 2:41:27] [F213] Lieutenant Carlos Ramirez has logged out.
[2018/1/2 - 2:42:33] [P205] Lieutenant Tobi Saito has timed out.
[2018/1/2 - 2:42:45] [F213] Carlos Ramirez has logged in.
[2018/1/2 - 2:43:15] Scott Goodman has withdrawn a Spray Can from the weapon locker (Cost: 1)
[2018/1/2 - 2:43:16] Scott Goodman has withdrawn a Desert Eagle from the weapon locker (Cost: 4)
[2018/1/2 - 2:43:19] Scott Goodman has withdrawn a Shotgun from the weapon locker (Cost: 2)
[2018/1/2 - 2:43:20] Scott Goodman has withdrawn a MP5 from the weapon locker (Cost: 4)
[2018/1/2 - 2:43:40] Scott Goodman has withdrawn a Camera from the weapon locker (Cost: 1)
[2018/1/2 - 2:43:45] Scott Goodman has withdrawn a M4A1 from the weapon locker (Cost: 0)
[2018/1/2 - 2:51:57] Kiley Alexander has withdrawn a Desert Eagle from the weapon locker (Cost: 4)
[2018/1/2 - 2:53:33] Kiley Alexander has withdrawn a Desert Eagle from the weapon locker (Cost: 4)
[2018/1/2 - 2:53:55] Kiley Alexander has withdrawn a SPAS-12 from the weapon locker (Cost: 0)
[2018/1/2 - 2:59:14] [P225] Officer II Scott Goodman has logged out.
[2018/1/2 - 3:02:42] [P244] Officer II Kiley Alexander has timed out.
[2018/1/2 - 3:09:57] [I105] Sergeant Trent Wolf has timed out.
[2018/1/2 - 3:09:57] [F217] Sergeant Carlos G Ortega has timed out.
[2018/1/2 - 3:11:05] [I105] Trent Wolf has logged in.
[2018/1/2 - 3:11:34] [F217] Carlos G Ortega has logged in.
[2018/1/2 - 3:19:00] [F261] Corporal Alan Stark has logged out.
[2018/1/2 - 3:23:08] [F261] Alan Stark has logged in.
[2018/1/2 - 3:23:46] [F261] Corporal Alan Stark has logged out.
[2018/1/2 - 3:44:04] [F217] Sergeant Carlos G Ortega has logged out.
[2018/1/2 - 3:44:52] Derek Hunter has withdrawn a Desert Eagle from the weapon locker (Cost: 4)
[2018/1/2 - 3:44:53] Derek Hunter has withdrawn a SPAS-12 from the weapon locker (Cost: 0)
[2018/1/2 - 3:44:55] Derek Hunter has withdrawn a AK-47 from the weapon locker (Cost: 0)
[2018/1/2 - 3:44:55] Derek Hunter has withdrawn a Sniper Rifle from the weapon locker (Cost: 0)
[2018/1/2 - 3:44:56] Jerome Mcwill has withdrawn a Nitestick from the weapon locker (Cost: 1)
[2018/1/2 - 3:44:57] Jerome Mcwill has withdrawn a Spray Can from the weapon locker (Cost: 1)
[2018/1/2 - 3:44:58] Jerome Mcwill has withdrawn a Desert Eagle from the weapon locker (Cost: 4)
[2018/1/2 - 3:44:59] Jerome Mcwill has withdrawn a MP5 from the weapon locker (Cost: 4)
[2018/1/2 - 3:45:02] Jerome Mcwill has withdrawn a SPAS-12 from the weapon locker (Cost: 0)
[2018/1/2 - 3:45:06] Jerome Mcwill has withdrawn a M4A1 from the weapon locker (Cost: 0)
[2018/1/2 - 3:45:08] Jerome Mcwill has withdrawn a Sniper Rifle from the weapon locker (Cost: 0)
[2018/1/2 - 3:45:41] [I242] Christian Gaccione has logged in.
[2018/1/2 - 3:48:43] Christian Gaccione has deposited a M4A1 into the locker.
[2018/1/2 - 3:48:43] Christian Gaccione has deposited a SPAS-12 into the locker.
[2018/1/2 - 3:48:44] Christian Gaccione has deposited a Sniper Rifle into the locker.
[2018/1/2 - 3:51:12] Christian Gaccione has withdrawn a M4A1 from the weapon locker (Cost: 0)
[2018/1/2 - 3:51:14] Christian Gaccione has withdrawn a SPAS-12 from the weapon locker (Cost: 0)
[2018/1/2 - 3:55:42] [P469] Patryk Ridgway has logged in.
[2018/1/2 - 3:57:33] * Officer Reece Storm has taken away Matt Fazzolari's weapons.
[2018/1/2 - 3:57:40] [F213] Lieutenant Carlos Ramirez has logged out.
[2018/1/2 - 3:58:11] [F213] Carlos Ramirez has logged in.
[2018/1/2 - 3:58:20] [F213] Lieutenant Carlos Ramirez has logged out.
[2018/1/2 - 3:59:12] [F213] Carlos Ramirez has logged in.
[2018/1/2 - 4:05:51] [F217] Carlos G Ortega has logged in.
[2018/1/2 - 4:05:56] Trevor Blight (1000625095) accepted Lieutenant Carlos Ramirez's (118665) invite to join LSPD (1).
[2018/1/2 - 4:05:58] Lieutenant Carlos Ramirez (118665) (rank 6) has given Trevor Blight (1000625095) rank 2 (Officer II) in LSPD (1).
[2018/1/2 - 4:06:03] Lieutenant Carlos Ramirez (118665) has set Trevor Blight's (1000625095) division to PTL in LSPD (1).
[2018/1/2 - 4:06:13] Moorice Sanchez (1000625002) accepted Lieutenant Carlos Ramirez's (118665) invite to join LSPD (1).
[2018/1/2 - 4:06:16] Lieutenant Carlos Ramirez (118665) (rank 6) has given Moorice Sanchez (1000625002) rank 3 (Corporal) in LSPD (1).
[2018/1/2 - 4:06:18] Lieutenant Carlos Ramirez (118665) (rank 6) has given Moorice Sanchez (1000625002) rank 2 (Officer II) in LSPD (1).
[2018/1/2 - 4:06:25] Lieutenant Carlos Ramirez (118665) has set Moorice Sanchez's (1000625002) division to PTL in LSPD (1).
[2018/1/2 - 4:07:09] Trent Wolf has withdrawn a Desert Eagle from the weapon locker (Cost: 4)
[2018/1/2 - 4:07:09] Trent Wolf has withdrawn a M4A1 from the weapon locker (Cost: 0)
[2018/1/2 - 4:07:25] Trevor Blight has withdrawn a Desert Eagle from the weapon locker (Cost: 4)
[2018/1/2 - 4:07:30] Derek Hunter has withdrawn a Desert Eagle from the weapon locker (Cost: 4)
[2018/1/2 - 4:07:32] Derek Hunter has withdrawn a SPAS-12 from the weapon locker (Cost: 0)
[2018/1/2 - 4:07:33] Jerome Mcwill has withdrawn a Nitestick from the weapon locker (Cost: 1)
[2018/1/2 - 4:07:34] Derek Hunter has withdrawn a Sniper Rifle from the weapon locker (Cost: 0)
[2018/1/2 - 4:07:34] Jerome Mcwill has withdrawn a Spray Can from the weapon locker (Cost: 1)
[2018/1/2 - 4:07:35] Jerome Mcwill has withdrawn a Desert Eagle from the weapon locker (Cost: 4)
[2018/1/2 - 4:07:36] Derek Hunter has withdrawn a AK-47 from the weapon locker (Cost: 0)
[2018/1/2 - 4:07:36] Jerome Mcwill has withdrawn a MP5 from the weapon locker (Cost: 4)
[2018/1/2 - 4:07:39] Jerome Mcwill has withdrawn a SPAS-12 from the weapon locker (Cost: 0)
[2018/1/2 - 4:07:41] Jerome Mcwill has withdrawn a M4A1 from the weapon locker (Cost: 0)
[2018/1/2 - 4:07:44] Jerome Mcwill has withdrawn a Sniper Rifle from the weapon locker (Cost: 0)
[2018/1/2 - 4:08:03] [P214] Staff Sergeant Reece Storm has logged out.
[2018/1/2 - 4:11:13] Moorice Sanchez has withdrawn a Desert Eagle from the weapon locker (Cost: 4)
[2018/1/2 - 4:14:26] Christian Gaccione has withdrawn a Nitestick from the weapon locker (Cost: 1)
[2018/1/2 - 4:14:27] Christian Gaccione has withdrawn a Spray Can from the weapon locker (Cost: 1)
[2018/1/2 - 4:14:28] Christian Gaccione has withdrawn a Desert Eagle from the weapon locker (Cost: 4)
[2018/1/2 - 4:14:29] Christian Gaccione has withdrawn a MP5 from the weapon locker (Cost: 4)
[2018/1/2 - 4:21:02] [I242] Sergeant Christian Gaccione has logged out.
[2018/1/2 - 4:21:19] Moorice Sanchez has withdrawn a SPAS-12 from the weapon locker (Cost: 0)
[2018/1/2 - 4:21:21] Moorice Sanchez has withdrawn a M4A1 from the weapon locker (Cost: 0)
[2018/1/2 - 4:27:40] Tog Chaos (1000307658) accepted Lieutenant Carlos Ramirez's (118665) invite to join LSPD (1).
[2018/1/2 - 4:28:13] Lieutenant Carlos Ramirez (118665) (rank 6) has given Tog Chaos (1000307658) rank 2 (Officer II) in LSPD (1).
[2018/1/2 - 4:28:26] Lieutenant Carlos Ramirez (118665) has set Tog Chaos's (1000307658) division to PTL in LSPD (1).
[2018/1/2 - 4:30:36] Kimbo SIice has withdrawn a Desert Eagle from the weapon locker (Cost: 4)
[2018/1/2 - 4:30:37] Kimbo SIice has withdrawn a Nitestick from the weapon locker (Cost: 1)
[2018/1/2 - 4:30:40] Kimbo SIice has withdrawn a SPAS-12 from the weapon locker (Cost: 0)
[2018/1/2 - 4:30:43] Kimbo SIice has withdrawn a M4A1 from the weapon locker (Cost: 0)
[2018/1/2 - 4:31:40] Carlos G Ortega has withdrawn a Sniper Rifle from the weapon locker (Cost: 0)
[2018/1/2 - 4:32:02] [F213] Lieutenant Carlos Ramirez has timed out.
[2018/1/2 - 4:32:20] [F213] Carlos Ramirez has logged in.
[2018/1/2 - 4:35:06] Lieutenant Carlos Ramirez (118665) (rank 6) has given Patryk Ridgway (39428) rank 2 (Officer II) in LSPD (1).
[2018/1/2 - 4:35:14] Lieutenant Carlos Ramirez (118665) has set Patryk Ridgway's (39428) division to PTL in LSPD (1).
[2018/1/2 - 4:40:58] Officer II Kimbo SIice has timed out.
[2018/1/2 - 4:41:12] Trevor Blight has withdrawn a SPAS-12 from the weapon locker (Cost: 0)
[2018/1/2 - 4:43:02] Kimbo Siice has logged in.
[2018/1/2 - 4:46:19] [P205] Tobi Saito has logged in.
[2018/1/2 - 4:47:20] Officer II Kimbo Siice has logged out.
[2018/1/2 - 4:48:21] [A178] Deputy Chief Derek Hunter has logged out.
[2018/1/2 - 4:48:48] Kimbo Siice has logged in.
[2018/1/2 - 4:49:29] [F213] Lieutenant Carlos Ramirez has logged out.
[2018/1/2 - 4:49:50] Trent Wolf has withdrawn a Desert Eagle from the weapon locker (Cost: 4)
[2018/1/2 - 4:49:51] Trent Wolf has withdrawn a M4A1 from the weapon locker (Cost: 0)
[2018/1/2 - 4:51:00] Jerome Mcwill has withdrawn a Nitestick from the weapon locker (Cost: 1)
[2018/1/2 - 4:51:01] Jerome Mcwill has withdrawn a Spray Can from the weapon locker (Cost: 1)
[2018/1/2 - 4:51:02] Jerome Mcwill has withdrawn a Desert Eagle from the weapon locker (Cost: 4)
[2018/1/2 - 4:51:04] Jerome Mcwill has withdrawn a MP5 from the weapon locker (Cost: 4)
[2018/1/2 - 4:51:10] Jerome Mcwill has withdrawn a SPAS-12 from the weapon locker (Cost: 0)
[2018/1/2 - 4:51:11] Jerome Mcwill has withdrawn a M4A1 from the weapon locker (Cost: 0)
[2018/1/2 - 4:51:13] Jerome Mcwill has withdrawn a Sniper Rifle from the weapon locker (Cost: 0)
[2018/1/2 - 4:51:18] Carlos G Ortega has withdrawn a Nitestick from the weapon locker (Cost: 1)
[2018/1/2 - 4:51:18] Carlos G Ortega has withdrawn a Spray Can from the weapon locker (Cost: 1)
[2018/1/2 - 4:51:19] Carlos G Ortega has withdrawn a Desert Eagle from the weapon locker (Cost: 4)
[2018/1/2 - 4:51:21] Carlos G Ortega has withdrawn a MP5 from the weapon locker (Cost: 4)
[2018/1/2 - 4:51:23] Carlos G Ortega has withdrawn a Shotgun from the weapon locker (Cost: 2)
[2018/1/2 - 4:51:26] Carlos G Ortega has withdrawn a AK-47 from the weapon locker (Cost: 0)
[2018/1/2 - 4:51:51] Tobi Saito has withdrawn a Desert Eagle from the weapon locker (Cost: 4)
[2018/1/2 - 4:51:53] Tobi Saito has withdrawn a SPAS-12 from the weapon locker (Cost: 0)
[2018/1/2 - 4:51:55] Tobi Saito has withdrawn a M4A1 from the weapon locker (Cost: 0)
[2018/1/2 - 4:51:55] Tobi Saito has withdrawn a Sniper Rifle from the weapon locker (Cost: 0)
[2018/1/2 - 4:52:59] Patryk Ridgway has withdrawn a Nitestick from the weapon locker (Cost: 1)
[2018/1/2 - 4:53:00] Patryk Ridgway has withdrawn a Spray Can from the weapon locker (Cost: 1)
[2018/1/2 - 4:53:02] Patryk Ridgway has withdrawn a Desert Eagle from the weapon locker (Cost: 4)
[2018/1/2 - 4:53:05] Patryk Ridgway has withdrawn a Shotgun from the weapon locker (Cost: 2)
[2018/1/2 - 4:53:11] Patryk Ridgway has withdrawn a M4A1 from the weapon locker (Cost: 0)
[2018/1/2 - 4:55:19] * Officer Trent Wolf has taken away Chad Castiglione's weapons.
[2018/1/2 - 4:56:11] Trevor Blight has withdrawn a SPAS-12 from the weapon locker (Cost: 0)
[2018/1/2 - 4:56:13] Trevor Blight has withdrawn a Desert Eagle from the weapon locker (Cost: 4)
[2018/1/2 - 4:56:19] Jerome Mcwill has withdrawn a Nitestick from the weapon locker (Cost: 1)
[2018/1/2 - 4:56:20] Jerome Mcwill has withdrawn a Spray Can from the weapon locker (Cost: 1)
[2018/1/2 - 4:56:21] Jerome Mcwill has withdrawn a Desert Eagle from the weapon locker (Cost: 4)
[2018/1/2 - 4:56:22] Jerome Mcwill has withdrawn a MP5 from the weapon locker (Cost: 4)
[2018/1/2 - 4:56:26] Jerome Mcwill has withdrawn a SPAS-12 from the weapon locker (Cost: 0)
[2018/1/2 - 4:56:28] Jerome Mcwill has withdrawn a M4A1 from the weapon locker (Cost: 0)
[2018/1/2 - 4:56:30] Jerome Mcwill has withdrawn a Sniper Rifle from the weapon locker (Cost: 0)
[2018/1/2 - 4:56:45] Moorice Sanchez has withdrawn a Desert Eagle from the weapon locker (Cost: 4)
[2018/1/2 - 4:56:47] Moorice Sanchez has withdrawn a SPAS-12 from the weapon locker (Cost: 0)
[2018/1/2 - 4:56:50] Moorice Sanchez has withdrawn a M4A1 from the weapon locker (Cost: 0)
[2018/1/2 - 4:57:11] Carlos G Ortega has withdrawn a Nitestick from the weapon locker (Cost: 1)
[2018/1/2 - 4:57:11] Carlos G Ortega has withdrawn a Spray Can from the weapon locker (Cost: 1)
[2018/1/2 - 4:57:12] Carlos G Ortega has withdrawn a Desert Eagle from the weapon locker (Cost: 4)
[2018/1/2 - 4:57:14] Carlos G Ortega has withdrawn a MP5 from the weapon locker (Cost: 4)
[2018/1/2 - 4:57:15] Carlos G Ortega has withdrawn a Shotgun from the weapon locker (Cost: 2)
[2018/1/2 - 4:57:28] Carlos G Ortega has withdrawn a AK-47 from the weapon locker (Cost: 0)
[2018/1/2 - 4:57:37] Tobi Saito has withdrawn a Desert Eagle from the weapon locker (Cost: 4)
[2018/1/2 - 4:57:38] Tobi Saito has withdrawn a SPAS-12 from the weapon locker (Cost: 0)
[2018/1/2 - 4:57:39] Tobi Saito has withdrawn a M4A1 from the weapon locker (Cost: 0)
[2018/1/2 - 4:57:40] Tobi Saito has withdrawn a Sniper Rifle from the weapon locker (Cost: 0)
[2018/1/2 - 4:57:53] [A178] Derek Hunter has logged in.
[2018/1/2 - 4:58:08] Kimbo Siice has withdrawn a Desert Eagle from the weapon locker (Cost: 4)
[2018/1/2 - 4:58:09] Kimbo Siice has withdrawn a SPAS-12 from the weapon locker (Cost: 0)
[2018/1/2 - 4:58:11] Kimbo Siice has withdrawn a M4A1 from the weapon locker (Cost: 0)
[2018/1/2 - 5:00:40] Derek Hunter has withdrawn a Desert Eagle from the weapon locker (Cost: 4)
[2018/1/2 - 5:00:45] Derek Hunter has withdrawn a SPAS-12 from the weapon locker (Cost: 0)
[2018/1/2 - 5:00:50] Derek Hunter has withdrawn a AK-47 from the weapon locker (Cost: 0)
[2018/1/2 - 5:00:51] Derek Hunter has withdrawn a Sniper Rifle from the weapon locker (Cost: 0)
[2018/1/2 - 5:04:34] Trent Wolf has accepted Julius Bear's release request.
[2018/1/2 - 5:09:45] [A178] Deputy Chief Derek Hunter has logged out.
[2018/1/2 - 5:09:47] Officer II Kimbo Siice has timed out.
[2018/1/2 - 5:10:11] Kimbo Siice has logged in.
[2018/1/2 - 5:11:15] [P469] Officer II Patryk Ridgway has logged out.
[2018/1/2 - 5:13:44] Officer II Trevor Blight has logged out.
[2018/1/2 - 5:13:50] Officer II Moorice Sanchez has logged out.
[2018/1/2 - 5:15:02] [A178] Derek Hunter has logged in.
[2018/1/2 - 5:15:35] [A178] Deputy Chief Derek Hunter has timed out.
[2018/1/2 - 5:16:46] Lue Dockson (20578) accepted Captain Jerome Mcwill's (1000624818) invite to join LSPD (1).
[2018/1/2 - 5:16:47] Captain Jerome Mcwill (1000624818) (rank 7) has given Lue Dockson (20578) rank 2 (Officer II) in LSPD (1).
[2018/1/2 - 5:16:55] [A178] Derek Hunter has logged in.
[2018/1/2 - 5:17:10] [P469] Patryk Ridgway has logged in.
[2018/1/2 - 5:18:01] Lue Dockson has withdrawn a Desert Eagle from the weapon locker (Cost: 4)
[2018/1/2 - 5:18:04] Lue Dockson has withdrawn a MP5 from the weapon locker (Cost: 4)
[2018/1/2 - 5:20:51] Depyo Chaos has logged in.
[2018/1/2 - 5:24:50] [F213] Carlos Ramirez has logged in.
[2018/1/2 - 5:28:12] [F213] Lieutenant Carlos Ramirez has logged out.
[2018/1/2 - 5:29:07] Tobi Saito has withdrawn a Desert Eagle from the weapon locker (Cost: 4)
[2018/1/2 - 5:29:08] Tobi Saito has withdrawn a SPAS-12 from the weapon locker (Cost: 0)
[2018/1/2 - 5:29:09] Tobi Saito has withdrawn a M4A1 from the weapon locker (Cost: 0)
[2018/1/2 - 5:29:09] Tobi Saito has withdrawn a Sniper Rifle from the weapon locker (Cost: 0)
[2018/1/2 - 5:29:11] Depyo Chaos has withdrawn a Desert Eagle from the weapon locker (Cost: 4)
[2018/1/2 - 5:29:15] Depyo Chaos has withdrawn a SPAS-12 from the weapon locker (Cost: 0)
[2018/1/2 - 5:29:16] Officer II Kimbo Siice has timed out.
[2018/1/2 - 5:29:18] Depyo Chaos has withdrawn a M4A1 from the weapon locker (Cost: 0)
[2018/1/2 - 5:29:44] [F240] Dante Forde has logged in.
[2018/1/2 - 5:31:26] Kimbo Siice has logged in.
[2018/1/2 - 5:32:20] Officer II Depyo Chaos has logged out.
[2018/1/2 - 5:33:24] [P205] Lieutenant Tobi Saito has timed out.
[2018/1/2 - 5:33:45] [P205] Tobi Saito has logged in.
[2018/1/2 - 5:34:34] Depyo Chaos has logged in.
[2018/1/2 - 5:38:05] [A178] Deputy Chief Derek Hunter has logged out.
[2018/1/2 - 5:38:42] Kimbo Siice has withdrawn a SPAS-12 from the weapon locker (Cost: 0)
[2018/1/2 - 5:38:43] Kimbo Siice has withdrawn a Desert Eagle from the weapon locker (Cost: 4)
[2018/1/2 - 5:38:45] Kimbo Siice has withdrawn a M4A1 from the weapon locker (Cost: 0)
[2018/1/2 - 5:40:32] [A178] Derek Hunter has logged in.
[2018/1/2 - 5:40:55] [A178] Deputy Chief Derek Hunter has logged out.
[2018/1/2 - 5:43:23] Kimbo Siice has withdrawn a Desert Eagle from the weapon locker (Cost: 4)
[2018/1/2 - 5:43:24] Kimbo Siice has withdrawn a SPAS-12 from the weapon locker (Cost: 0)
[2018/1/2 - 5:43:25] Kimbo Siice has withdrawn a M4A1 from the weapon locker (Cost: 0)
[2018/1/2 - 5:43:28] [A178] Derek Hunter has logged in.
[2018/1/2 - 5:46:52] Trent Wolf has withdrawn a Desert Eagle from the weapon locker (Cost: 4)
[2018/1/2 - 5:46:52] Trent Wolf has withdrawn a M4A1 from the weapon locker (Cost: 0)
[2018/1/2 - 5:46:54] Depyo Chaos has withdrawn a Desert Eagle from the weapon locker (Cost: 4)
[2018/1/2 - 5:46:57] Depyo Chaos has withdrawn a SPAS-12 from the weapon locker (Cost: 0)
[2018/1/2 - 5:47:00] Depyo Chaos has withdrawn a M4A1 from the weapon locker (Cost: 0)
[2018/1/2 - 5:47:00] Tobi Saito (1000332639) has set Lue Dockson's (20578) badge to 1.
[2018/1/2 - 5:47:07] Tobi Saito (1000332639) has set Lue Dockson's (20578) badge to PXXX.
[2018/1/2 - 5:47:19] Lieutenant Tobi Saito (1000332639) has set Lue Dockson's (20578) division to PTL in LSPD (1).
[2018/1/2 - 5:48:50] [PXXX] Officer II Lue Dockson has timed out.
[2018/1/2 - 5:49:01] Kimbo Siice has withdrawn a Desert Eagle from the weapon locker (Cost: 4)
[2018/1/2 - 5:49:02] Kimbo Siice has withdrawn a SPAS-12 from the weapon locker (Cost: 0)
[2018/1/2 - 5:49:03] Kimbo Siice has withdrawn a M4A1 from the weapon locker (Cost: 0)
[2018/1/2 - 5:49:58] [PXXX] Lue Dockson has logged in.
[2018/1/2 - 5:52:20] Jerome Mcwill (1000624818) has set Lue Dockson's (20578) badge to P292.
[2018/1/2 - 5:53:55] Deputy Chief Derek Hunter (1000073823) has set Depyo Chaos's (1000034104) division to CMD in LSPD (1).
[2018/1/2 - 5:54:04] Deputy Chief Derek Hunter (1000073823) has set Depyo Chaos's (1000034104) division to PTL in LSPD (1).
[2018/1/2 - 5:55:45] Trent Wolf has withdrawn a Desert Eagle from the weapon locker (Cost: 4)
[2018/1/2 - 5:55:45] Trent Wolf has withdrawn a M4A1 from the weapon locker (Cost: 0)
[2018/1/2 - 5:56:46] Derek Hunter has withdrawn a Desert Eagle from the weapon locker (Cost: 4)
[2018/1/2 - 5:56:47] Derek Hunter has withdrawn a SPAS-12 from the weapon locker (Cost: 0)
[2018/1/2 - 5:56:48] Derek Hunter has withdrawn a AK-47 from the weapon locker (Cost: 0)
[2018/1/2 - 5:56:49] Derek Hunter has withdrawn a Sniper Rifle from the weapon locker (Cost: 0)
[2018/1/2 - 6:00:20] Officer II Kimbo Siice has timed out.
[2018/1/2 - 6:00:36] Kimbo Siice has logged in.
[2018/1/2 - 6:09:34] Officer II Kimbo Siice has timed out.
[2018/1/2 - 6:09:50] Kimbo Siice has logged in.
[2018/1/2 - 6:16:24] [F205] Steve R Jones has logged in.
[2018/1/2 - 6:16:37] Officer II Kimbo Siice has timed out.
[2018/1/2 - 6:16:57] Kimbo Siice has logged in.
[2018/1/2 - 6:18:58] Steve R Jones has withdrawn a Nitestick from the weapon locker (Cost: 1)
[2018/1/2 - 6:18:59] Steve R Jones has withdrawn a Desert Eagle from the weapon locker (Cost: 4)
[2018/1/2 - 6:19:00] Steve R Jones has withdrawn a MP5 from the weapon locker (Cost: 4)
[2018/1/2 - 6:19:01] Steve R Jones has withdrawn a Shotgun from the weapon locker (Cost: 2)
[2018/1/2 - 6:21:35] [P469] Officer II Patryk Ridgway has logged out.
[2018/1/2 - 6:21:54] [F240] Officer II Dante Forde has logged out.
[2018/1/2 - 6:22:17] EMS Driver Derek Hunter has successfully delivered Patient Rory Pond to the hospital.
[2018/1/2 - 6:25:58] [A178] Deputy Chief Derek Hunter has timed out.
[2018/1/2 - 6:26:35] [A178] Derek Hunter has logged in.
[2018/1/2 - 6:29:09] [P229] Nai Xi Chaos has logged in.
[2018/1/2 - 6:32:31] [F213] Carlos Ramirez has logged in.
[2018/1/2 - 6:34:13] Depyo Chaos has logged in.
[2018/1/2 - 6:36:18] Depyo Chaos has withdrawn a Desert Eagle from the weapon locker (Cost: 4)
[2018/1/2 - 6:36:20] Depyo Chaos has withdrawn a SPAS-12 from the weapon locker (Cost: 0)
[2018/1/2 - 6:36:22] Depyo Chaos has withdrawn a M4A1 from the weapon locker (Cost: 0)
[2018/1/2 - 6:36:29] Tobi Saito has authorized Depyo Chaos to withdraw a Sniper Rifle from the weapon locker (Cost: 0)
[2018/1/2 - 6:36:56] [F205] Officer II Steve R Jones has timed out.
[2018/1/2 - 6:37:13] [F205] Steve R Jones has logged in.
[2018/1/2 - 6:41:19] Gordon Martinelli (1000049917) accepted Deputy Chief Derek Hunter's (1000073823) invite to join LSPD (1).
[2018/1/2 - 6:41:21] Deputy Chief Derek Hunter (1000073823) (rank 8) has given Gordon Martinelli (1000049917) rank 1 (Officer I) in LSPD (1).
[2018/1/2 - 6:41:23] Deputy Chief Derek Hunter (1000073823) has set Gordon Martinelli's (1000049917) division to PTL in LSPD (1).
[2018/1/2 - 6:41:30] Derek Hunter (1000073823) has set Gordon Martinelli's (1000049917) badge to P255.
[2018/1/2 - 6:43:00] [P255] Officer I Gordon Martinelli has logged out.
[2018/1/2 - 6:45:52] [P205] Lieutenant Tobi Saito has timed out.
[2018/1/2 - 6:47:23] Officer II Kimbo Siice has timed out.
[2018/1/2 - 6:47:40] Kimbo Siice has logged in.
[2018/1/2 - 6:48:43] [P255] Gordon Martinelli has logged in.
[2018/1/2 - 6:49:37] [P263] Jack Chaos has logged in.
[2018/1/2 - 6:50:35] Gordon Martinelli has withdrawn a Desert Eagle from the weapon locker (Cost: 4)
[2018/1/2 - 6:50:37] Gordon Martinelli has withdrawn a MP5 from the weapon locker (Cost: 4)
[2018/1/2 - 6:53:26] * Officer Jerome Mcwill has taken away Wayne Dios Hunt's weapons.
[2018/1/2 - 6:55:43] [P229] Officer II Nai Xi Chaos has timed out.
[2018/1/2 - 6:56:29] [P229] Nai Xi Chaos has logged in.
[2018/1/2 - 6:57:32] Officer II Kimbo Siice has timed out.
[2018/1/2 - 6:57:54] Kimbo Siice has logged in.
[2018/1/2 - 6:59:52] [P229] Officer II Nai Xi Chaos has timed out.
[2018/1/2 - 7:00:44] [P229] Nai Xi Chaos has logged in.
[2018/1/2 - 7:04:02] Officer II Kimbo Siice has timed out.
[2018/1/2 - 7:04:34] [F205] Officer II Steve R Jones has logged out.
[2018/1/2 - 7:04:45] Kimbo Siice has logged in.
[2018/1/2 - 7:06:27] [F205] Steve R Jones has logged in.
[2018/1/2 - 7:07:53] [F205] Officer II Steve R Jones has timed out.
[2018/1/2 - 7:08:18] [F205] Steve R Jones has logged in.
[2018/1/2 - 7:11:00] Nai Xi Chaos has withdrawn a Desert Eagle from the weapon locker (Cost: 4)
[2018/1/2 - 7:11:02] Steve R Jones has withdrawn a Nitestick from the weapon locker (Cost: 1)
[2018/1/2 - 7:11:02] Steve R Jones has withdrawn a Desert Eagle from the weapon locker (Cost: 4)
[2018/1/2 - 7:11:03] Steve R Jones has withdrawn a MP5 from the weapon locker (Cost: 4)
[2018/1/2 - 7:11:04] Steve R Jones has withdrawn a Shotgun from the weapon locker (Cost: 2)
[2018/1/2 - 7:11:04] Nai Xi Chaos has withdrawn a SPAS-12 from the weapon locker (Cost: 0)
[2018/1/2 - 7:11:06] Nai Xi Chaos has withdrawn a M4A1 from the weapon locker (Cost: 0)
[2018/1/2 - 7:11:08] Nai Xi Chaos has withdrawn a Nitestick from the weapon locker (Cost: 1)
[2018/1/2 - 7:11:10] Nai Xi Chaos has withdrawn a MP5 from the weapon locker (Cost: 4)
[2018/1/2 - 7:11:12] Kimbo Siice has withdrawn a Desert Eagle from the weapon locker (Cost: 4)
[2018/1/2 - 7:11:13] Kimbo Siice has withdrawn a M4A1 from the weapon locker (Cost: 0)
[2018/1/2 - 7:11:14] Kimbo Siice has withdrawn a SPAS-12 from the weapon locker (Cost: 0)
[2018/1/2 - 7:11:48] [H401] Sean James has logged in.
[2018/1/2 - 7:19:48] [P229] Officer II Nai Xi Chaos has timed out.
[2018/1/2 - 7:20:49] [P229] Nai Xi Chaos has logged in.
[2018/1/2 - 7:22:12] Chad Castiglione (1000054176) accepted Deputy Chief Derek Hunter's (1000073823) invite to join LSPD (1).
[2018/1/2 - 7:22:13] Deputy Chief Derek Hunter (1000073823) has set Chad Castiglione's (1000054176) division to PTL in LSPD (1).
[2018/1/2 - 7:22:22] Derek Hunter (1000073823) has set Chad Castiglione's (1000054176) badge to C278.
[2018/1/2 - 7:22:26] Deputy Chief Derek Hunter (1000073823) (rank 8) has given Chad Castiglione (1000054176) rank 0 (Cadet) in LSPD (1).
[2018/1/2 - 7:23:19] [I105] Sergeant Trent Wolf has timed out.
[2018/1/2 - 7:23:48] [I105] Trent Wolf has logged in.
[2018/1/2 - 7:25:05] Officer II Kimbo Siice has timed out.
[2018/1/2 - 7:27:20] [I105] Sergeant Trent Wolf has timed out.
[2018/1/2 - 7:28:32] James Gant (1000163611) accepted Deputy Chief Derek Hunter's (1000073823) invite to join LSPD (1).
[2018/1/2 - 7:28:33] Deputy Chief Derek Hunter (1000073823) has set James Gant's (1000163611) division to FTO in LSPD (1).
[2018/1/2 - 7:28:35] Deputy Chief Derek Hunter (1000073823) (rank 8) has given James Gant (1000163611) rank 3 (Corporal) in LSPD (1).
[2018/1/2 - 7:29:51] Derek Hunter (1000073823) has set James Gant's (1000163611) badge to F236.
[2018/1/2 - 7:34:01] [I105] Trent Wolf has logged in.
[2018/1/2 - 7:34:43] [P229] Officer II Nai Xi Chaos has timed out.
[2018/1/2 - 7:35:20] James Gant has withdrawn a Nitestick from the weapon locker (Cost: 1)
[2018/1/2 - 7:35:21] James Gant has withdrawn a Spray Can from the weapon locker (Cost: 1)
[2018/1/2 - 7:35:23] James Gant has withdrawn a Desert Eagle from the weapon locker (Cost: 4)
[2018/1/2 - 7:35:24] James Gant has withdrawn a MP5 from the weapon locker (Cost: 4)
[2018/1/2 - 7:35:27] [P229] Nai Xi Chaos has logged in.
[2018/1/2 - 7:35:35] James Gant has withdrawn a SPAS-12 from the weapon locker (Cost: 0)
[2018/1/2 - 7:35:42] James Gant has withdrawn a M4A1 from the weapon locker (Cost: 0)
[2018/1/2 - 7:36:43] [F236] Corporal James Gant has logged out.
[2018/1/2 - 7:38:42] [F236] James Gant has logged in.
[2018/1/2 - 7:40:08] [P229] Officer II Nai Xi Chaos has timed out.
[2018/1/2 - 7:40:58] [P229] Nai Xi Chaos has logged in.
[2018/1/2 - 7:42:15] Jack Chaos has withdrawn a Desert Eagle from the weapon locker (Cost: 4)
[2018/1/2 - 7:42:18] Jack Chaos has withdrawn a MP5 from the weapon locker (Cost: 4)
[2018/1/2 - 7:42:23] Jack Chaos has withdrawn a SPAS-12 from the weapon locker (Cost: 0)
[2018/1/2 - 7:43:22] [P229] Officer II Nai Xi Chaos has timed out.
[2018/1/2 - 7:45:06] [P255] Officer I Gordon Martinelli has logged out.
[2018/1/2 - 7:46:42] [P229] Nai Xi Chaos has logged in.
[2018/1/2 - 7:46:50] Officer II Depyo Chaos has logged out.
[2018/1/2 - 7:47:35] Nai Xi Chaos has withdrawn a Desert Eagle from the weapon locker (Cost: 4)
[2018/1/2 - 7:47:36] Nai Xi Chaos has withdrawn a Nitestick from the weapon locker (Cost: 1)
[2018/1/2 - 7:47:38] Nai Xi Chaos has withdrawn a SPAS-12 from the weapon locker (Cost: 0)
[2018/1/2 - 7:47:39] Nai Xi Chaos has withdrawn a M4A1 from the weapon locker (Cost: 0)
[2018/1/2 - 7:47:40] Nai Xi Chaos has withdrawn a MP5 from the weapon locker (Cost: 4)
[2018/1/2 - 7:50:10] [P255] Gordon Martinelli has logged in.
[2018/1/2 - 7:52:52] [P255] Officer I Gordon Martinelli has logged out.
[2018/1/2 - 7:57:20] [F236] Corporal James Gant has logged out.
[2018/1/2 - 7:58:30] [F240] Dante Forde has logged in.
[2018/1/2 - 7:58:44] [I105] Sergeant Trent Wolf has timed out.
[2018/1/2 - 8:01:16] Jerome Mcwill has withdrawn a Camera from the weapon locker (Cost: 1)
[2018/1/2 - 8:02:42] [I105] Trent Wolf has logged in.
[2018/1/2 - 8:02:48] [F205] Officer II Steve R Jones has logged out.
[2018/1/2 - 8:04:22] [H401] Chief of Police Sean James has logged out.
[2018/1/2 - 8:06:34] [F217] Sergeant Carlos G Ortega has logged out.
[2018/1/2 - 8:06:45] [F240] Officer II Dante Forde has logged out.
[2018/1/2 - 8:09:41] [I105] Trent Wolf has logged in.
[2018/1/2 - 8:15:46] [P229] Nai Xi Chaos has logged in.
[2018/1/2 - 8:25:10] [P229] Officer II Nai Xi Chaos has logged out.
[2018/1/2 - 8:25:31] [I105] Sergeant Trent Wolf has logged out.
[2018/1/2 - 8:46:01] [I105] Trent Wolf has logged in.
[2018/1/2 - 8:53:35] [A178] Derek Hunter has logged in.
[2018/1/2 - 8:53:45] Kimbo Siice has logged in.
[2018/1/2 - 8:55:29] Deputy Chief Derek Hunter (1000073823) (rank 8) has given Kimbo Siice (1000307658) rank 1 (Officer I) in LSPD (1).
[2018/1/2 - 8:56:10] [F205] Steve R Jones has logged in.
[2018/1/2 - 9:04:14] Matt Honest (880189) has made Derek Gucci Sosa (1000129064) the leader of the LSPD.
[2018/1/2 - 9:05:07] Matt Honest (880189) has made Derek Gucci Sosa (1000129064) the leader of the LSPD.
[2018/1/2 - 9:05:24] Yuri Ben (1000000110) has made Derek Gucci Sosa (1000129064) the leader of the LSPD.
[2018/1/2 - 9:18:54] [C226] Sung Saito has logged in.
[2018/1/2 - 9:19:37] [C226] Cadet Sung Saito has timed out.
[2018/1/2 - 9:22:07] [C226] Sung Saito has logged in.
[2018/1/2 - 9:22:15] [I220] Hugo Rafael has logged in.
[2018/1/2 - 9:23:34] Sung Saito has withdrawn a Desert Eagle from the weapon locker (Cost: 4)
[2018/1/2 - 9:23:36] Sung Saito has withdrawn a Shotgun from the weapon locker (Cost: 2)
[2018/1/2 - 9:27:40] Officer I Kimbo Siice has timed out.
[2018/1/2 - 9:28:16] Kimbo Siice has logged in.
[2018/1/2 - 9:28:34] [I220] Lieutenant Hugo Rafael has timed out.
[2018/1/2 - 9:28:38] Derek Hunter (1000073823) has set Kimbo Siice's (1000307658) badge to P289.
[2018/1/2 - 9:30:12] [F240] Dante Forde has logged in.
[2018/1/2 - 9:31:30] [I220] Hugo Rafael has logged in.
[2018/1/2 - 9:37:49] [A178] Deputy Chief Derek Hunter has timed out.
[2018/1/2 - 9:37:54] [P289] Officer I Kimbo Siice has timed out.
[2018/1/2 - 9:38:14] [P289] Kimbo Siice has logged in.
[2018/1/2 - 9:38:20] [A178] Derek Hunter has logged in.
[2018/1/2 - 9:44:57] [I220] Lieutenant Hugo Rafael has timed out.
[2018/1/2 - 9:52:55] Deputy Chief Derek Hunter (1000073823) (rank 8) has uninvited Kimbo Siice (1000307658) (rank 1) from LSPD (1).
[2018/1/2 - 10:02:40] [I105] Trent Wolf has logged in.
[2018/1/2 - 10:07:07] [F240] Officer II Dante Forde has logged out.
[2018/1/2 - 10:09:48] [C226] Cadet Sung Saito has logged out.
[2018/1/2 - 10:11:16] [F205] Officer II Steve R Jones has logged out.
[2018/1/2 - 10:16:14] Chief of Police Matt Honest has logged out.
[2018/1/2 - 10:19:57] Matt Honest has logged in.
[2018/1/2 - 10:26:19] [P238] Max Bluman has logged in.
[2018/1/2 - 10:26:28] [C226] Sung Saito has logged in.
[2018/1/2 - 10:27:44] [A178] Derek Hunter has logged in.
[2018/1/2 - 10:27:47] [I105] Trent Wolf has logged in.
[2018/1/2 - 10:29:06] [A178] Deputy Chief Derek Hunter has logged out.
[2018/1/2 - 10:29:06] [C226] Cadet Sung Saito has logged out.
[2018/1/2 - 10:29:16] [P238] Sergeant Max Bluman has logged out.
[2018/1/2 - 10:29:17] Chief of Police Matt Honest has logged out.
[2018/1/2 - 10:29:46] [I105] Sergeant Trent Wolf has timed out.
[2018/1/2 - 10:31:34] [C226] Sung Saito has logged in.
[2018/1/2 - 10:31:38] [P238] Max Bluman has logged in.
[2018/1/2 - 10:31:58] [A178] Derek Hunter has logged in.
[2018/1/2 - 10:32:00] Matt Honest has logged in.
[2018/1/2 - 10:32:04] [I105] Trent Wolf has logged in.
[2018/1/2 - 10:33:32] [P225] Scott Goodman has logged in.
[2018/1/2 - 10:39:14] Chief of Police Matt Honest has logged out.
[2018/1/2 - 10:39:36] [F261] Alan Stark has logged in.
[2018/1/2 - 10:41:14] [I220] Hugo Rafael has logged in.
[2018/1/2 - 10:41:25] [F261] Corporal Alan Stark has logged out.
[2018/1/2 - 10:41:58] [I220] Lieutenant Hugo Rafael has logged out.
[2018/1/2 - 10:55:59] [F200] Shane Bond has logged in.
[2018/1/2 - 10:58:54] Sung Saito has withdrawn a Desert Eagle from the weapon locker (Cost: 4)
[2018/1/2 - 10:58:55] Sung Saito has withdrawn a Shotgun from the weapon locker (Cost: 2)
[2018/1/2 - 11:00:35] [I220] Hugo Rafael has logged in.
[2018/1/2 - 11:01:43] [F246] Julian Cake has logged in.
[2018/1/2 - 11:01:48] [F246] Corporal Julian Cake has logged out.
[2018/1/2 - 11:03:09] [F246] Julian Cake has logged in.
[2018/1/2 - 11:03:16] [F246] Corporal Julian Cake has logged out.
[2018/1/2 - 11:04:36] [I220] Lieutenant Hugo Rafael has logged out.
[2018/1/2 - 11:07:22] [F246] Julian Cake has logged in.
[2018/1/2 - 11:07:59] [F246] Corporal Julian Cake has logged out.
[2018/1/2 - 11:09:04] Captain Jerome Mcwill (1000624818) (rank 7) has given Sung Saito (1000624816) rank 5 (Staff Sergeant) in LSPD (1).
[2018/1/2 - 11:09:07] Captain Jerome Mcwill (1000624818) (rank 7) has given Sung Saito (1000624816) rank 0 (Cadet) in LSPD (1).
[2018/1/2 - 11:10:49] [F246] Julian Cake has logged in.
[2018/1/2 - 11:11:23] [F246] Corporal Julian Cake has logged out.
[2018/1/2 - 11:14:05] [P238] Sergeant Max Bluman has logged out.
[2018/1/2 - 11:14:27] [P238] Max Bluman has logged in.
[2018/1/2 - 11:15:50] [F246] Julian Cake has logged in.
[2018/1/2 - 11:15:51] [A178] Deputy Chief Derek Hunter has logged out.
[2018/1/2 - 11:15:56] [F246] Corporal Julian Cake has logged out.
[2018/1/2 - 11:21:45] [I105] Sergeant Trent Wolf has timed out.
[2018/1/2 - 11:22:50] [F246] Julian Cake has logged in.
[2018/1/2 - 11:23:05] [I105] Trent Wolf has logged in.
[2018/1/2 - 11:23:40] [F246] Corporal Julian Cake has timed out.
[2018/1/2 - 11:24:27] [C226] Cadet Sung Saito has timed out.
[2018/1/2 - 11:24:34] [C226] Sung Saito has logged in.
[2018/1/2 - 11:25:29] [C226] Cadet Sung Saito has timed out.
[2018/1/2 - 11:25:43] [C226] Sung Saito has logged in.
[2018/1/2 - 11:26:56] [F205] Steve R Jones has logged in.
[2018/1/2 - 11:28:24] Captain Jerome Mcwill (1000624818) (rank 7) has given Sung Saito (1000624816) rank 1 (Officer I) in LSPD (1).
[2018/1/2 - 11:29:11] [P238] Sergeant Max Bluman has logged out.
[2018/1/2 - 11:29:35] [P238] Max Bluman has logged in.
[2018/1/2 - 11:33:42] [P238] Sergeant Max Bluman has logged out.
[2018/1/2 - 11:33:54] [P238] Max Bluman has logged in.
[2018/1/2 - 11:36:12] [P238] Sergeant Max Bluman has timed out.
[2018/1/2 - 11:36:33] [F205] Officer II Steve R Jones has logged out.
[2018/1/2 - 11:36:36] [P238] Max Bluman has logged in.
[2018/1/2 - 11:39:39] [I105] Sergeant Trent Wolf has timed out.
[2018/1/2 - 11:40:15] [I105] Trent Wolf has logged in.
[2018/1/2 - 11:49:32] [P238] Sergeant Max Bluman has logged out.
[2018/1/2 - 11:57:33] Jerome Mcwill (1000624818) has set Sung Saito's (1000624816) badge to P226.
[2018/1/2 - 12:01:41] Sung Saito has withdrawn a SPAS-12 from the weapon locker (Cost: 0)
[2018/1/2 - 12:02:13] [P226] Officer I Sung Saito has logged out.
[2018/1/2 - 12:08:38] [P226] Sung Saito has logged in.
[2018/1/2 - 12:09:37] [P226] Officer I Sung Saito has logged out.
[2018/1/2 - 12:10:07] [P226] Sung Saito has logged in.
[2018/1/2 - 12:10:47] [P226] Officer I Sung Saito has logged out.
[2018/1/2 - 12:13:25] [F261] Alan Stark has logged in.
[2018/1/2 - 12:14:13] * Officer Shane Bond has taken away Derek Lancer's Ecstasy.
[2018/1/2 - 12:14:28] [P238] Max Bluman has logged in.
[2018/1/2 - 12:14:37] [F261] Corporal Alan Stark has logged out.
[2018/1/2 - 12:15:51] [P238] Sergeant Max Bluman has logged out.
[2018/1/2 - 12:19:06] [P226] Sung Saito has logged in.
[2018/1/2 - 12:20:13] [F246] Julian Cake has logged in.
[2018/1/2 - 12:20:20] [P226] Officer I Sung Saito has timed out.
[2018/1/2 - 12:20:30] [F246] Corporal Julian Cake has logged out.
[2018/1/2 - 12:20:49] [P226] Sung Saito has logged in.
[2018/1/2 - 12:22:36] [F246] Julian Cake has logged in.
[2018/1/2 - 12:23:36] [F246] Corporal Julian Cake has logged out.
[2018/1/2 - 12:31:33] [P226] Sung Saito has logged in.
[2018/1/2 - 12:32:18] [F246] Julian Cake has logged in.
[2018/1/2 - 12:33:41] [F246] Corporal Julian Cake has logged out.
[2018/1/2 - 12:38:44] [F246] Julian Cake has logged in.
[2018/1/2 - 12:39:16] [F246] Corporal Julian Cake has logged out.
[2018/1/2 - 12:44:13] [F246] Julian Cake has logged in.
[2018/1/2 - 12:57:37] [P248] Luke Farrington has logged in.
[2018/1/2 - 13:00:40] Sung Saito has withdrawn a Desert Eagle from the weapon locker (Cost: 4)
[2018/1/2 - 13:04:29] [P248] Officer I Luke Farrington has timed out.
[2018/1/2 - 13:07:12] Julian Cake has withdrawn a Desert Eagle from the weapon locker (Cost: 4)
[2018/1/2 - 13:07:18] Julian Cake has withdrawn a SPAS-12 from the weapon locker (Cost: 0)
[2018/1/2 - 13:10:52] [P248] Luke Farrington has logged in.
[2018/1/2 - 13:11:33] Sung Saito has withdrawn a Desert Eagle from the weapon locker (Cost: 4)
[2018/1/2 - 13:11:35] Sung Saito has withdrawn a Shotgun from the weapon locker (Cost: 2)
[2018/1/2 - 13:21:06] [P226] Officer I Sung Saito has timed out.
[2018/1/2 - 13:21:25] [P226] Sung Saito has logged in.
[2018/1/2 - 13:25:57] [P250] Liam Crawford has logged in.
[2018/1/2 - 13:41:57] [F246] Corporal Julian Cake has logged out.
[2018/1/2 - 13:42:38] [P205] Tobi Saito has logged in.
[2018/1/2 - 13:44:39] [F246] Julian Cake has logged in.
[2018/1/2 - 13:45:39] [P205] Lieutenant Tobi Saito has logged out.
[2018/1/2 - 13:46:19] [P205] Tobi Saito has logged in.
[2018/1/2 - 13:53:16] [P226] Officer I Sung Saito has logged out.
[2018/1/2 - 13:53:42] [P226] Sung Saito has logged in.
[2018/1/2 - 13:54:58] [P226] Officer I Sung Saito has logged out.
[2018/1/2 - 13:55:24] [P226] Sung Saito has logged in.
[2018/1/2 - 13:56:59] [P226] Officer I Sung Saito has timed out.
[2018/1/2 - 13:57:55] Leroy J. Meyers (1000172501) has made Leroy J. Meyers (1000172501) the leader of the LSPD.
[2018/1/2 - 13:58:40] [I105] Trent Wolf has logged in.
[2018/1/2 - 13:59:14] [P238] Max Bluman has logged in.
[2018/1/2 - 13:59:56] [P226] Sung Saito has logged in.
[2018/1/2 - 14:01:05] Sung Saito has withdrawn a Desert Eagle from the weapon locker (Cost: 4)
[2018/1/2 - 14:01:08] Sung Saito has withdrawn a SPAS-12 from the weapon locker (Cost: 0)
[2018/1/2 - 14:02:04] [P226] Officer I Sung Saito has logged out.
[2018/1/2 - 14:03:11] [P226] Sung Saito has logged in.
[2018/1/2 - 14:09:02] [I220] Hugo Rafael has logged in.
[2018/1/2 - 14:10:25] [P226] Officer I Sung Saito has logged out.
[2018/1/2 - 14:10:56] [P226] Sung Saito has logged in.
[2018/1/2 - 14:28:24] [P205] Lieutenant Tobi Saito has logged out.
[2018/1/2 - 14:33:44] [P225] Scott Goodman has logged in.
[2018/1/2 - 14:34:32] [222] Daro Freeman has logged in.
[2018/1/2 - 14:35:54] [P205] Tobi Saito has logged in.
[2018/1/2 - 14:38:01] Daro Freeman has withdrawn a Desert Eagle from the weapon locker (Cost: 4)
[2018/1/2 - 14:38:03] Daro Freeman has withdrawn a SPAS-12 from the weapon locker (Cost: 0)
[2018/1/2 - 14:38:04] Daro Freeman has withdrawn a M4A1 from the weapon locker (Cost: 0)
[2018/1/2 - 14:38:05] Daro Freeman has withdrawn a Sniper Rifle from the weapon locker (Cost: 0)
[2018/1/2 - 14:39:26] Max Bluman has withdrawn a Spray Can from the weapon locker (Cost: 1)
[2018/1/2 - 14:39:27] Max Bluman has withdrawn a Desert Eagle from the weapon locker (Cost: 4)
[2018/1/2 - 14:39:28] Max Bluman has withdrawn a MP5 from the weapon locker (Cost: 4)
[2018/1/2 - 14:39:29] Max Bluman has withdrawn a Shotgun from the weapon locker (Cost: 2)
[2018/1/2 - 14:39:31] Max Bluman has withdrawn a M4A1 from the weapon locker (Cost: 0)
[2018/1/2 - 14:39:34] Max Bluman has withdrawn a Sniper Rifle from the weapon locker (Cost: 0)
[2018/1/2 - 14:39:35] Max Bluman has withdrawn a TEC-9 from the weapon locker (Cost: 4)
[2018/1/2 - 14:39:53] [P238] Sergeant Max Bluman has timed out.
[2018/1/2 - 14:40:03] Trent Wolf has withdrawn a Sniper Rifle from the weapon locker (Cost: 0)
[2018/1/2 - 14:41:58] [P238] Max Bluman has logged in.
[2018/1/2 - 14:50:26] * Officer Luke Farrington has taken away Terence Brown's weapons.
[2018/1/2 - 14:51:24] [F246] Corporal Julian Cake has logged out.
[2018/1/2 - 14:53:18] [P214] Reece Storm has logged in.
[2018/1/2 - 14:53:38] Reece Storm has withdrawn a Nitestick from the weapon locker (Cost: 1)
[2018/1/2 - 14:53:39] Reece Storm has withdrawn a Spray Can from the weapon locker (Cost: 1)
[2018/1/2 - 14:53:40] Reece Storm has withdrawn a Desert Eagle from the weapon locker (Cost: 4)
[2018/1/2 - 14:53:44] Reece Storm has withdrawn a Shotgun from the weapon locker (Cost: 2)
[2018/1/2 - 14:53:47] Reece Storm has withdrawn a M4A1 from the weapon locker (Cost: 0)
[2018/1/2 - 14:53:50] Hugo Rafael has withdrawn a Desert Eagle from the weapon locker (Cost: 4)
[2018/1/2 - 14:53:51] Hugo Rafael has withdrawn a SPAS-12 from the weapon locker (Cost: 0)
[2018/1/2 - 14:53:53] Hugo Rafael has withdrawn a M4A1 from the weapon locker (Cost: 0)
[2018/1/2 - 14:53:53] Hugo Rafael has withdrawn a Sniper Rifle from the weapon locker (Cost: 0)
[2018/1/2 - 14:54:05] Reece Storm has withdrawn a Sniper Rifle from the weapon locker (Cost: 0)
[2018/1/2 - 15:01:11] [F200] Shane Bond has logged in.
[2018/1/2 - 15:07:03] * Officer Luke Farrington has taken away Dolev Jordan's weapons.
[2018/1/2 - 15:11:07] Hugo Rafael (26972) has set Shane Bond's (1000624846) badge to F253.
[2018/1/2 - 15:12:24] [F253] Officer II Shane Bond has logged out.
[2018/1/2 - 15:20:49] Reece Storm has withdrawn a Nitestick from the weapon locker (Cost: 1)
[2018/1/2 - 15:20:50] Reece Storm has withdrawn a Spray Can from the weapon locker (Cost: 1)
[2018/1/2 - 15:20:51] Reece Storm has withdrawn a Desert Eagle from the weapon locker (Cost: 4)
[2018/1/2 - 15:20:56] Reece Storm has withdrawn a Shotgun from the weapon locker (Cost: 2)
[2018/1/2 - 15:20:59] Reece Storm has withdrawn a M4A1 from the weapon locker (Cost: 0)
[2018/1/2 - 15:21:02] Reece Storm has withdrawn a Sniper Rifle from the weapon locker (Cost: 0)
[2018/1/2 - 15:21:22] Trent Wolf has accepted Dolev Jordan's release request.
[2018/1/2 - 15:22:40] Daro Freeman has withdrawn a Desert Eagle from the weapon locker (Cost: 4)
[2018/1/2 - 15:22:42] Daro Freeman has withdrawn a SPAS-12 from the weapon locker (Cost: 0)
[2018/1/2 - 15:22:43] Daro Freeman has withdrawn a M4A1 from the weapon locker (Cost: 0)
[2018/1/2 - 15:22:44] Daro Freeman has withdrawn a Sniper Rifle from the weapon locker (Cost: 0)
[2018/1/2 - 15:23:17] [222] Sergeant Daro Freeman has logged out.
[2018/1/2 - 15:26:15] [P226] Officer I Sung Saito has timed out.
[2018/1/2 - 15:29:26] [P247] Brooke Chapman has logged in.
[2018/1/2 - 15:40:58] Hugo Rafael has deposited a SPAS-12 into the locker.
[2018/1/2 - 15:41:02] Hugo Rafael has withdrawn a SPAS-12 from the weapon locker (Cost: 0)
[2018/1/2 - 15:41:18] [I220] Lieutenant Hugo Rafael has logged out.
[2018/1/2 - 15:42:56] [F253] Shane Bond has logged in.
[2018/1/2 - 15:42:58] [P226] Sung Saito has logged in.
[2018/1/2 - 15:43:49] Liam Crawford has withdrawn a Desert Eagle from the weapon locker (Cost: 4)
[2018/1/2 - 15:43:50] Liam Crawford has withdrawn a MP5 from the weapon locker (Cost: 4)
[2018/1/2 - 15:43:51] Liam Crawford has withdrawn a Shotgun from the weapon locker (Cost: 2)
[2018/1/2 - 15:45:25] [F246] Julian Cake has logged in.
[2018/1/2 - 15:50:33] [P205] Tobi Saito has logged in.
[2018/1/2 - 15:52:21] Sung Saito has withdrawn a Desert Eagle from the weapon locker (Cost: 4)
[2018/1/2 - 15:52:46] [P248] Officer I Luke Farrington has logged out.
[2018/1/2 - 15:54:49] [P214] Staff Sergeant Reece Storm has logged out.
[2018/1/2 - 15:57:55] [F246] Corporal Julian Cake has timed out.
[2018/1/2 - 16:02:12] [F253] Officer II Shane Bond has logged out.
[2018/1/2 - 16:05:41] [P250] Liam Crawford has logged in.
[2018/1/2 - 16:07:06] [P238] Sergeant Max Bluman has timed out.
[2018/1/2 - 16:08:24] Ruben Rodriquez (845696) accepted Lieutenant Tobi Saito's (1000332639) invite to join LSPD (1).
[2018/1/2 - 16:10:12] Ruben Rodriquez has withdrawn a Nitestick from the weapon locker (Cost: 1)
[2018/1/2 - 16:10:13] Ruben Rodriquez has withdrawn a Spray Can from the weapon locker (Cost: 1)
[2018/1/2 - 16:10:41] [C257] Marcus Wingfield has logged in.
[2018/1/2 - 16:10:48] [P238] Max Bluman has logged in.
[2018/1/2 - 16:11:16] Marcus Wingfield has withdrawn a MP5 from the weapon locker (Cost: 4)
[2018/1/2 - 16:11:17] Marcus Wingfield has withdrawn a Shotgun from the weapon locker (Cost: 2)
[2018/1/2 - 16:12:16] Lieutenant Tobi Saito (1000332639) (rank 6) has given Ruben Rodriquez (845696) rank 1 (Officer I) in LSPD (1).
[2018/1/2 - 16:12:20] Lieutenant Tobi Saito (1000332639) has set Ruben Rodriquez's (845696) division to PTL in LSPD (1).
[2018/1/2 - 16:12:36] Tobi Saito (1000332639) has set Ruben Rodriquez's (845696) badge to P265.
[2018/1/2 - 16:14:14] [P226] Officer I Sung Saito has logged out.
[2018/1/2 - 16:17:30] Tobi Saito has withdrawn a Desert Eagle from the weapon locker (Cost: 4)
[2018/1/2 - 16:17:32] Tobi Saito has withdrawn a SPAS-12 from the weapon locker (Cost: 0)
[2018/1/2 - 16:17:33] Tobi Saito has withdrawn a M4A1 from the weapon locker (Cost: 0)
[2018/1/2 - 16:17:33] Tobi Saito has withdrawn a Sniper Rifle from the weapon locker (Cost: 0)
[2018/1/2 - 16:20:19] Tobi Saito has authorized Marcus Wingfield to withdraw a M4A1 from the weapon locker (Cost: 0)
[2018/1/2 - 16:23:01] Marcus Wingfield has deposited a M4A1 into the locker.
[2018/1/2 - 16:23:43] Tobi Saito has authorized Marcus Wingfield to withdraw a M4A1 from the weapon locker (Cost: 0)
[2018/1/2 - 16:25:35] [I105] Sergeant Trent Wolf has timed out.
[2018/1/2 - 16:26:01] [I105] Trent Wolf has logged in.
[2018/1/2 - 16:26:59] [P247] Corporal Brooke Chapman has timed out.
[2018/1/2 - 16:29:43] [P247] Brooke Chapman has logged in.
[2018/1/2 - 16:30:09] [P225] Scott Goodman has logged in.
[2018/1/2 - 16:41:44] Chief of Police Keith Lawrence has manufactured a crate at Ocean Docks facility.
[2018/1/2 - 16:46:43] [P265] Officer I Ruben Rodriquez has logged out.
[2018/1/2 - 16:47:09] [P244] Andrew Reynolds has logged in.
[2018/1/2 - 16:48:38] [P244] Officer I Andrew Reynolds has logged out.
[2018/1/2 - 16:50:36] Brooke Chapman has withdrawn a Desert Eagle from the weapon locker (Cost: 4)
[2018/1/2 - 16:50:37] Brooke Chapman has withdrawn a Spray Can from the weapon locker (Cost: 1)
[2018/1/2 - 16:50:37] Brooke Chapman has withdrawn a Nitestick from the weapon locker (Cost: 1)
[2018/1/2 - 16:50:38] Brooke Chapman has withdrawn a MP5 from the weapon locker (Cost: 4)
[2018/1/2 - 16:50:38] Brooke Chapman has withdrawn a Shotgun from the weapon locker (Cost: 2)
[2018/1/2 - 16:51:15] Tobi Saito has withdrawn a Desert Eagle from the weapon locker (Cost: 4)
[2018/1/2 - 16:51:16] Tobi Saito has withdrawn a SPAS-12 from the weapon locker (Cost: 0)
[2018/1/2 - 16:51:17] Tobi Saito has withdrawn a M4A1 from the weapon locker (Cost: 0)
[2018/1/2 - 16:51:18] Tobi Saito has withdrawn a Sniper Rifle from the weapon locker (Cost: 0)
[2018/1/2 - 16:51:38] Max Bluman has withdrawn a Nitestick from the weapon locker (Cost: 1)
[2018/1/2 - 16:51:39] Max Bluman has withdrawn a Spray Can from the weapon locker (Cost: 1)
[2018/1/2 - 16:51:40] Max Bluman has withdrawn a Desert Eagle from the weapon locker (Cost: 4)
[2018/1/2 - 16:51:41] Max Bluman has withdrawn a MP5 from the weapon locker (Cost: 4)
[2018/1/2 - 16:51:42] Max Bluman has withdrawn a Shotgun from the weapon locker (Cost: 2)
[2018/1/2 - 16:51:44] Max Bluman has withdrawn a M4A1 from the weapon locker (Cost: 0)
[2018/1/2 - 16:51:44] Marcus Wingfield has withdrawn a Desert Eagle from the weapon locker (Cost: 4)
[2018/1/2 - 16:51:45] Max Bluman has withdrawn a Sniper Rifle from the weapon locker (Cost: 0)
[2018/1/2 - 16:51:46] Marcus Wingfield has withdrawn a MP5 from the weapon locker (Cost: 4)
[2018/1/2 - 16:51:46] Marcus Wingfield has withdrawn a Shotgun from the weapon locker (Cost: 2)
[2018/1/2 - 16:51:47] Marcus Wingfield has withdrawn a Spray Can from the weapon locker (Cost: 1)
[2018/1/2 - 16:51:48] Marcus Wingfield has withdrawn a Nitestick from the weapon locker (Cost: 1)
[2018/1/2 - 16:52:08] [I105] Sergeant Trent Wolf has timed out.
[2018/1/2 - 16:52:35] [I105] Trent Wolf has logged in.
[2018/1/2 - 16:52:38] [P214] Reece Storm has logged in.
[2018/1/2 - 16:56:52] [I105] Trent Wolf has logged in.
[2018/1/2 - 16:59:45] Samantha Rivera has withdrawn a Desert Eagle from the weapon locker (Cost: 4)
[2018/1/2 - 16:59:46] Samantha Rivera has withdrawn a MP5 from the weapon locker (Cost: 4)
[2018/1/2 - 16:59:46] Samantha Rivera has withdrawn a Nitestick from the weapon locker (Cost: 1)
[2018/1/2 - 17:02:33] Trent Wolf has withdrawn a Desert Eagle from the weapon locker (Cost: 4)
[2018/1/2 - 17:02:33] Trent Wolf has withdrawn a M4A1 from the weapon locker (Cost: 0)
[2018/1/2 - 17:05:16] [I248] Dante Clarke has logged in.
[2018/1/2 - 17:12:30] Liam Underwood (1000625004) has made Liam Underwood (1000625004) the leader of the LSPD.
[2018/1/2 - 17:13:04] [F217] Carlos G Ortega has logged in.
[2018/1/2 - 17:14:01] [228] Steven Chaos has logged in.
[2018/1/2 - 17:19:49] [F217] Sergeant Carlos G Ortega has logged out.
[2018/1/2 - 17:20:14] [P265] Ruben Rodriquez has logged in.
[2018/1/2 - 17:20:31] [P265] Officer I Ruben Rodriquez has logged out.
[2018/1/2 - 17:21:29] [C257] Cadet Marcus Wingfield has logged out.
[2018/1/2 - 17:21:45] [P244] Andrew Reynolds has logged in.
[2018/1/2 - 17:22:32] Max Bluman has withdrawn a Desert Eagle from the weapon locker (Cost: 4)
[2018/1/2 - 17:22:32] Max Bluman has withdrawn a Shotgun from the weapon locker (Cost: 2)
[2018/1/2 - 17:22:33] Max Bluman has withdrawn a MP5 from the weapon locker (Cost: 4)
[2018/1/2 - 17:22:35] Max Bluman has withdrawn a M4A1 from the weapon locker (Cost: 0)
[2018/1/2 - 17:22:36] Max Bluman has withdrawn a Sniper Rifle from the weapon locker (Cost: 0)
[2018/1/2 - 17:22:58] Steven Chaos has withdrawn a Desert Eagle from the weapon locker (Cost: 4)
[2018/1/2 - 17:23:00] Steven Chaos has withdrawn a M4A1 from the weapon locker (Cost: 0)
[2018/1/2 - 17:23:06] [F217] Carlos G Ortega has logged in.
[2018/1/2 - 17:23:39] [P265] Ruben Rodriquez has logged in.
[2018/1/2 - 17:24:10] Steven Chaos has withdrawn a SPAS-12 from the weapon locker (Cost: 0)
[2018/1/2 - 17:25:00] Carlos G Ortega has withdrawn a Nitestick from the weapon locker (Cost: 1)
[2018/1/2 - 17:25:01] Carlos G Ortega has withdrawn a Spray Can from the weapon locker (Cost: 1)
[2018/1/2 - 17:25:02] Carlos G Ortega has withdrawn a Desert Eagle from the weapon locker (Cost: 4)
[2018/1/2 - 17:25:05] Carlos G Ortega has withdrawn a MP5 from the weapon locker (Cost: 4)
[2018/1/2 - 17:25:06] Carlos G Ortega has withdrawn a Shotgun from the weapon locker (Cost: 2)
[2018/1/2 - 17:25:20] Carlos G Ortega has withdrawn a AK-47 from the weapon locker (Cost: 0)
[2018/1/2 - 17:25:27] Tobi Saito has withdrawn a Sniper Rifle from the weapon locker (Cost: 0)
[2018/1/2 - 17:25:28] Tobi Saito has withdrawn a Spray Can from the weapon locker (Cost: 1)
[2018/1/2 - 17:25:29] Tobi Saito has withdrawn a Desert Eagle from the weapon locker (Cost: 4)
[2018/1/2 - 17:25:30] Tobi Saito has withdrawn a SPAS-12 from the weapon locker (Cost: 0)
[2018/1/2 - 17:25:31] Tobi Saito has withdrawn a M4A1 from the weapon locker (Cost: 0)
[2018/1/2 - 17:25:44] [P250] Officer II Liam Crawford has timed out.
[2018/1/2 - 17:28:01] [P250] Liam Crawford has logged in.
[2018/1/2 - 17:30:40] Max Bluman has withdrawn a Desert Eagle from the weapon locker (Cost: 4)
[2018/1/2 - 17:30:42] Max Bluman has withdrawn a Shotgun from the weapon locker (Cost: 2)
[2018/1/2 - 17:30:42] Max Bluman has withdrawn a MP5 from the weapon locker (Cost: 4)
[2018/1/2 - 17:30:44] Max Bluman has withdrawn a M4A1 from the weapon locker (Cost: 0)
[2018/1/2 - 17:30:45] Max Bluman has withdrawn a Sniper Rifle from the weapon locker (Cost: 0)
[2018/1/2 - 17:32:16] Tobi Saito has withdrawn a Desert Eagle from the weapon locker (Cost: 4)
[2018/1/2 - 17:32:17] Tobi Saito has withdrawn a SPAS-12 from the weapon locker (Cost: 0)
[2018/1/2 - 17:32:19] Tobi Saito has withdrawn a M4A1 from the weapon locker (Cost: 0)
[2018/1/2 - 17:32:20] Tobi Saito has withdrawn a Sniper Rifle from the weapon locker (Cost: 0)
[2018/1/2 - 17:36:12] [P252] John Swagger has logged in.
[2018/1/2 - 17:38:54] Tobi Saito has withdrawn a Desert Eagle from the weapon locker (Cost: 4)
[2018/1/2 - 17:38:55] Tobi Saito has withdrawn a SPAS-12 from the weapon locker (Cost: 0)
[2018/1/2 - 17:38:56] Tobi Saito has withdrawn a M4A1 from the weapon locker (Cost: 0)
[2018/1/2 - 17:38:57] Tobi Saito has withdrawn a Sniper Rifle from the weapon locker (Cost: 0)
[2018/1/2 - 17:42:21] [P265] Officer I Ruben Rodriquez has logged out.
[2018/1/2 - 17:42:46] [I248] Corporal Dante Clarke has logged out.
[2018/1/2 - 17:43:30] [F217] Sergeant Carlos G Ortega has logged out.
[2018/1/2 - 17:44:06] [P226] Sung Saito has logged in.
[2018/1/2 - 17:44:14] [F217] Carlos G Ortega has logged in.
[2018/1/2 - 17:45:58] [P248] Luke Farrington has logged in.
[2018/1/2 - 17:46:27] [F217] Sergeant Carlos G Ortega has timed out.
[2018/1/2 - 17:46:56] [F217] Carlos G Ortega has logged in.
[2018/1/2 - 17:47:33] Liam Crawford has withdrawn a Desert Eagle from the weapon locker (Cost: 4)
[2018/1/2 - 17:49:37] [F217] Sergeant Carlos G Ortega has logged out.
[2018/1/2 - 17:50:53] Tobi Saito has withdrawn a Desert Eagle from the weapon locker (Cost: 4)
[2018/1/2 - 17:50:54] Tobi Saito has withdrawn a Sniper Rifle from the weapon locker (Cost: 0)
[2018/1/2 - 17:50:55] Tobi Saito has withdrawn a SPAS-12 from the weapon locker (Cost: 0)
[2018/1/2 - 17:50:56] Tobi Saito has withdrawn a M4A1 from the weapon locker (Cost: 0)
[2018/1/2 - 17:51:37] Matt Honest has logged in.
[2018/1/2 - 17:51:47] Luke Farrington has withdrawn a Desert Eagle from the weapon locker (Cost: 4)
[2018/1/2 - 17:51:53] Luke Farrington has withdrawn a SPAS-12 from the weapon locker (Cost: 0)
[2018/1/2 - 17:51:53] Max Bluman has withdrawn a Desert Eagle from the weapon locker (Cost: 4)
[2018/1/2 - 17:51:54] Luke Farrington has withdrawn a M4A1 from the weapon locker (Cost: 0)
[2018/1/2 - 17:51:55] Max Bluman has withdrawn a M4A1 from the weapon locker (Cost: 0)
[2018/1/2 - 17:51:56] Max Bluman has withdrawn a Sniper Rifle from the weapon locker (Cost: 0)
[2018/1/2 - 17:51:57] Max Bluman has withdrawn a MP5 from the weapon locker (Cost: 4)
[2018/1/2 - 17:51:58] [F217] Carlos G Ortega has logged in.
[2018/1/2 - 17:52:01] Steven Chaos has withdrawn a Desert Eagle from the weapon locker (Cost: 4)
[2018/1/2 - 17:52:03] Steven Chaos has withdrawn a M4A1 from the weapon locker (Cost: 0)
[2018/1/2 - 17:52:04] Steven Chaos has withdrawn a SPAS-12 from the weapon locker (Cost: 0)
[2018/1/2 - 17:52:27] Andrew Reynolds has withdrawn a Nitestick from the weapon locker (Cost: 1)
[2018/1/2 - 17:52:28] Andrew Reynolds has withdrawn a Desert Eagle from the weapon locker (Cost: 4)
[2018/1/2 - 17:52:34] Andrew Reynolds has withdrawn a MP5 from the weapon locker (Cost: 4)
[2018/1/2 - 17:53:45] Carlos G Ortega has withdrawn a Nitestick from the weapon locker (Cost: 1)
[2018/1/2 - 17:53:46] Carlos G Ortega has withdrawn a Spray Can from the weapon locker (Cost: 1)
[2018/1/2 - 17:53:48] Carlos G Ortega has withdrawn a Desert Eagle from the weapon locker (Cost: 4)
[2018/1/2 - 17:53:51] Carlos G Ortega has withdrawn a AK-47 from the weapon locker (Cost: 0)
[2018/1/2 - 17:53:52] Carlos G Ortega has withdrawn a MP5 from the weapon locker (Cost: 4)
[2018/1/2 - 17:53:52] [P214] Staff Sergeant Reece Storm has logged out.
[2018/1/2 - 17:53:54] Carlos G Ortega has withdrawn a Shotgun from the weapon locker (Cost: 2)
[2018/1/2 - 17:54:12] [F217] Sergeant Carlos G Ortega has logged out.
[2018/1/2 - 17:55:06] [P262] Jake Logic Volkoff has logged in.
[2018/1/2 - 18:01:49] [I105] Sergeant Trent Wolf has timed out.
[2018/1/2 - 18:02:22] [I105] Trent Wolf has logged in.
[2018/1/2 - 18:02:33] [P205] Lieutenant Tobi Saito has timed out.
[2018/1/2 - 18:02:55] [P205] Tobi Saito has logged in.
[2018/1/2 - 18:03:39] [P238] Sergeant Max Bluman has logged out.
[2018/1/2 - 18:08:51] [P250] Officer II Liam Crawford has logged out.
[2018/1/2 - 18:10:06] [P205] Lieutenant Tobi Saito has logged out.
[2018/1/2 - 18:11:56] [P205] Tobi Saito has logged in.
[2018/1/2 - 18:16:58] [P205] Lieutenant Tobi Saito has logged out.
[2018/1/2 - 18:17:46] [C243] Tomas Reyes has logged in.
[2018/1/2 - 18:18:55] [P263] Jack Chaos has logged in.
[2018/1/2 - 18:19:27] John Swagger has withdrawn a Desert Eagle from the weapon locker (Cost: 4)
[2018/1/2 - 18:20:19] * Officer Sung Saito has taken away Luke Evans's weapons.
[2018/1/2 - 18:20:32] [P285] John Danzie has logged in.
[2018/1/2 - 18:21:31] Jake Logic Volkoff has withdrawn a Nitestick from the weapon locker (Cost: 1)
[2018/1/2 - 18:21:32] Jake Logic Volkoff has withdrawn a Spray Can from the weapon locker (Cost: 1)
[2018/1/2 - 18:21:33] Jake Logic Volkoff has withdrawn a Desert Eagle from the weapon locker (Cost: 4)
[2018/1/2 - 18:21:33] Jake Logic Volkoff has withdrawn a MP5 from the weapon locker (Cost: 4)
[2018/1/2 - 18:22:17] [P205] Tobi Saito has logged in.
[2018/1/2 - 18:23:07] John Danzie has withdrawn a Desert Eagle from the weapon locker (Cost: 4)
[2018/1/2 - 18:23:10] John Danzie has withdrawn a M4A1 from the weapon locker (Cost: 0)
[2018/1/2 - 18:31:37] Samantha Rivera has withdrawn a Desert Eagle from the weapon locker (Cost: 4)
[2018/1/2 - 18:32:06] [P250] Liam Crawford has logged in.
[2018/1/2 - 18:33:34] [228] Corporal Steven Chaos has logged out.
[2018/1/2 - 18:34:13] [228] Steven Chaos has logged in.
[2018/1/2 - 18:35:58] [F246] Julian Cake has logged in.
[2018/1/2 - 18:36:23] [P265] Ruben Rodriquez has logged in.
[2018/1/2 - 18:37:42] [P262] Officer II Jake Logic Volkoff has logged out.
[2018/1/2 - 18:40:52] John Danzie has withdrawn a Spray Can from the weapon locker (Cost: 1)
[2018/1/2 - 18:44:55] Julian Cake has withdrawn a SPAS-12 from the weapon locker (Cost: 0)
[2018/1/2 - 18:50:26] Moorice Sanchez has logged in.
[2018/1/2 - 18:54:31] [P248] Officer I Luke Farrington has logged out.
[2018/1/2 - 18:55:38] [P263] Sergeant Jack Chaos has logged out.
[2018/1/2 - 18:55:53] Keith Lawrence (1000624840) has made Keith Lawrence (1000624840) the leader of the LSPD.
[2018/1/2 - 18:56:43] [P263] Jack Chaos has logged in.
[2018/1/2 - 19:01:30] [P214] Reece Storm has logged in.
[2018/1/2 - 19:02:23] [P244] Officer I Andrew Reynolds has timed out.
[2018/1/2 - 19:02:26] Keith Lawrence (1000624840) has made Keith Lawrence (1000624840) the leader of the LSPD.
[2018/1/2 - 19:03:21] Lieutenant Tobi Saito (1000332639) (rank 6) has uninvited Sung Saito (1000624816) (rank 1) from LSPD (1).
[2018/1/2 - 19:04:54] [P244] Andrew Reynolds has logged in.
[2018/1/2 - 19:10:21] [I105] Sergeant Trent Wolf has timed out.
[2018/1/2 - 19:10:58] [I105] Trent Wolf has logged in.
[2018/1/2 - 19:11:17] Jack Chaos has withdrawn a Desert Eagle from the weapon locker (Cost: 4)
[2018/1/2 - 19:11:21] Jack Chaos has withdrawn a MP5 from the weapon locker (Cost: 4)
[2018/1/2 - 19:11:22] Jack Chaos has withdrawn a SPAS-12 from the weapon locker (Cost: 0)
[2018/1/2 - 19:11:23] Jack Chaos has withdrawn a AK-47 from the weapon locker (Cost: 0)
[2018/1/2 - 19:11:45] [P263] Sergeant Jack Chaos has logged out.
[2018/1/2 - 19:12:37] [228] Corporal Steven Chaos has logged out.
[2018/1/2 - 19:13:56] Leroy J. Meyers (1000172501) has made Leroy J. Meyers (1000172501) the leader of the LSPD.
[2018/1/2 - 19:16:06] Officer II Moorice Sanchez has logged out.
[2018/1/2 - 19:17:08] Keith Lawrence (1000624840) has made Keith Lawrence (1000624840) the leader of the LSPD.
[2018/1/2 - 19:17:10] Brooke Chapman has withdrawn a Parachute from the weapon locker (Cost: 1)
[2018/1/2 - 19:17:52] Moorice Sanchez has logged in.
[2018/1/2 - 19:20:28] Officer II Moorice Sanchez has logged out.
[2018/1/2 - 19:20:46] [VTICKET] Officer Brooke Chapman has ticketed Liam Crawford's Premier (186) for $50,000.
[2018/1/2 - 19:21:17] [P244] Officer I Andrew Reynolds has logged out.
[2018/1/2 - 19:25:15] [I250] Parker Queen has logged in.
[2018/1/2 - 19:31:09] Matt Honest (880189) has made Matt Honest (880189) the leader of the LSPD.
[2018/1/2 - 19:31:18] [F213] Carlos Ramirez has logged in.
[2018/1/2 - 19:32:12] [F205] Steve R Jones has logged in.
[2018/1/2 - 19:34:00] Samantha Rivera has withdrawn a Nitestick from the weapon locker (Cost: 1)
[2018/1/2 - 19:34:01] Samantha Rivera has withdrawn a MP5 from the weapon locker (Cost: 4)
[2018/1/2 - 19:35:07] Trent Wolf has withdrawn a Desert Eagle from the weapon locker (Cost: 4)
[2018/1/2 - 19:35:07] Trent Wolf has withdrawn a M4A1 from the weapon locker (Cost: 0)
[2018/1/2 - 19:42:32] [H401] Sean James has logged in.
[2018/1/2 - 19:47:39] Sean James (1000047031) has quit the LSPD as a rank 9
[2018/1/2 - 19:48:10] Sean James (1000047031) accepted Lieutenant Tobi Saito's (1000332639) invite to join LSPD (1).
[2018/1/2 - 19:48:13] Lieutenant Tobi Saito (1000332639) has set Sean James's (1000047031) division to HON in LSPD (1).
[2018/1/2 - 19:48:16] Lieutenant Carlos Ramirez (118665) (rank 6) has given Sean James (1000047031) rank 4 (Sergeant) in LSPD (1).
[2018/1/2 - 19:48:22] Lieutenant Carlos Ramirez (118665) has set Sean James's (1000047031) division to FTO in LSPD (1).
[2018/1/2 - 19:48:25] Lieutenant Tobi Saito (1000332639) (rank 6) has given Sean James (1000047031) rank 5 (Staff Sergeant) in LSPD (1).
[2018/1/2 - 19:48:25] Lieutenant Carlos Ramirez (118665) has set Sean James's (1000047031) division to SWAT in LSPD (1).
[2018/1/2 - 19:48:27] Lieutenant Carlos Ramirez (118665) has set Sean James's (1000047031) division to CMD in LSPD (1).
[2018/1/2 - 19:48:29] Lieutenant Carlos Ramirez (118665) has set Sean James's (1000047031) division to ADM in LSPD (1).
[2018/1/2 - 19:48:31] Lieutenant Carlos Ramirez (118665) has set Sean James's (1000047031) division to PR in LSPD (1).
[2018/1/2 - 19:48:36] Lieutenant Carlos Ramirez (118665) has set Sean James's (1000047031) division to HON in LSPD (1).
[2018/1/2 - 19:48:54] Lieutenant Tobi Saito (1000332639) (rank 6) has given Sean James (1000047031) rank 6 (Lieutenant) in LSPD (1).
[2018/1/2 - 19:49:25] Sean James has withdrawn a Nitestick from the weapon locker (Cost: 1)
[2018/1/2 - 19:49:26] Sean James has withdrawn a Desert Eagle from the weapon locker (Cost: 4)
[2018/1/2 - 19:49:27] Sean James has withdrawn a MP5 from the weapon locker (Cost: 4)
[2018/1/2 - 19:49:28] Sean James has withdrawn a SPAS-12 from the weapon locker (Cost: 0)
[2018/1/2 - 19:49:30] Sean James has withdrawn a AK-47 from the weapon locker (Cost: 0)
[2018/1/2 - 19:49:30] Sean James has withdrawn a Sniper Rifle from the weapon locker (Cost: 0)
[2018/1/2 - 19:49:31] [P244] Andrew Reynolds has logged in.
[2018/1/2 - 19:49:32] Sean James has withdrawn a Parachute from the weapon locker (Cost: 1)
[2018/1/2 - 19:49:33] Sean James has withdrawn a TEC-9 from the weapon locker (Cost: 4)
[2018/1/2 - 19:49:52] [I250] Staff Sergeant Parker Queen has logged out.
[2018/1/2 - 19:51:58] [F246] Corporal Julian Cake has timed out.
[2018/1/2 - 19:52:05] Ruben Rodriquez has withdrawn a Nitestick from the weapon locker (Cost: 1)
[2018/1/2 - 19:52:06] Ruben Rodriquez has withdrawn a Spray Can from the weapon locker (Cost: 1)
[2018/1/2 - 19:52:06] Ruben Rodriquez has withdrawn a Desert Eagle from the weapon locker (Cost: 4)
[2018/1/2 - 19:52:07] Ruben Rodriquez has withdrawn a MP5 from the weapon locker (Cost: 4)
[2018/1/2 - 19:52:08] Ruben Rodriquez has withdrawn a Shotgun from the weapon locker (Cost: 2)
[2018/1/2 - 19:53:42] [I250] Parker Queen has logged in.
[2018/1/2 - 19:54:14] [F213] Lieutenant Carlos Ramirez has logged out.
[2018/1/2 - 19:56:08] [F240] Dante Forde has logged in.
[2018/1/2 - 19:56:22] [P250] Officer II Liam Crawford has logged out.
[2018/1/2 - 19:56:29] [F246] Julian Cake has logged in.
[2018/1/2 - 19:56:44] Samantha Rivera has withdrawn a Desert Eagle from the weapon locker (Cost: 4)
[2018/1/2 - 19:56:44] Samantha Rivera has withdrawn a MP5 from the weapon locker (Cost: 4)
[2018/1/2 - 19:56:45] Samantha Rivera has withdrawn a Nitestick from the weapon locker (Cost: 1)
[2018/1/2 - 19:56:49] [P250] Liam Crawford has logged in.
[2018/1/2 - 19:58:03] Tomas Reyes has withdrawn a Desert Eagle from the weapon locker (Cost: 4)
[2018/1/2 - 19:58:05] Tomas Reyes has withdrawn a MP5 from the weapon locker (Cost: 4)
[2018/1/2 - 20:00:31] John Swagger has withdrawn a Desert Eagle from the weapon locker (Cost: 4)
[2018/1/2 - 20:00:44] [P247] Corporal Brooke Chapman has logged out.
[2018/1/2 - 20:03:22] [P247] Brooke Chapman has logged in.
[2018/1/2 - 20:04:28] [P250] Officer II Liam Crawford has logged out.
[2018/1/2 - 20:04:57] [P250] Liam Crawford has logged in.
[2018/1/2 - 20:08:19] [P214] Reece Storm has logged in.
[2018/1/2 - 20:09:39] [P265] Officer I Ruben Rodriquez has logged out.
[2018/1/2 - 20:11:09] [F240] Officer II Dante Forde has logged out.
[2018/1/2 - 20:11:57] [P265] Ruben Rodriquez has logged in.
[2018/1/2 - 20:12:25] [P248] Luke Farrington has logged in.
[2018/1/2 - 20:14:06] Lieutenant Sean James has timed out.
[2018/1/2 - 20:14:13] [P244] Officer I Andrew Reynolds has logged out.
[2018/1/2 - 20:14:26] [P252] Officer I John Swagger has logged out.
[2018/1/2 - 20:14:29] Sean James has logged in.
[2018/1/2 - 20:14:44] [P244] Andrew Reynolds has logged in.
[2018/1/2 - 20:15:46] Andrew Reynolds has withdrawn a Desert Eagle from the weapon locker (Cost: 4)
[2018/1/2 - 20:15:57] Andrew Reynolds has withdrawn a Shotgun from the weapon locker (Cost: 2)
[2018/1/2 - 20:23:20] Reece Storm has withdrawn a Desert Eagle from the weapon locker (Cost: 4)
[2018/1/2 - 20:23:21] Reece Storm has withdrawn a Nitestick from the weapon locker (Cost: 1)
[2018/1/2 - 20:23:22] Reece Storm has withdrawn a Spray Can from the weapon locker (Cost: 1)
[2018/1/2 - 20:23:23] Reece Storm has withdrawn a MP5 from the weapon locker (Cost: 4)
[2018/1/2 - 20:23:25] Reece Storm has withdrawn a M4A1 from the weapon locker (Cost: 0)
[2018/1/2 - 20:23:28] Reece Storm has withdrawn a SPAS-12 from the weapon locker (Cost: 0)
[2018/1/2 - 20:24:14] Tomas Reyes has withdrawn a MP5 from the weapon locker (Cost: 4)
[2018/1/2 - 20:24:15] Tomas Reyes has withdrawn a Desert Eagle from the weapon locker (Cost: 4)
[2018/1/2 - 20:27:18] [VTICKET] Officer Brooke Chapman has ticketed Michiel Hoods's Glendale (17) for $50,000.
[2018/1/2 - 20:28:46] [P205] Lieutenant Tobi Saito has timed out.
[2018/1/2 - 20:30:16] [P205] Tobi Saito has logged in.
[2018/1/2 - 20:30:45] Julian Cake has withdrawn a Desert Eagle from the weapon locker (Cost: 4)
[2018/1/2 - 20:30:47] Julian Cake has withdrawn a MP5 from the weapon locker (Cost: 4)
[2018/1/2 - 20:30:52] Julian Cake has withdrawn a Shotgun from the weapon locker (Cost: 2)
[2018/1/2 - 20:32:37] [F261] Alan Stark has logged in.
[2018/1/2 - 20:33:45] [F261] Corporal Alan Stark has logged out.
[2018/1/2 - 20:34:29] John Danzie has withdrawn a Desert Eagle from the weapon locker (Cost: 4)
[2018/1/2 - 20:34:30] John Danzie has withdrawn a MP5 from the weapon locker (Cost: 4)
[2018/1/2 - 20:34:49] Brooke Chapman has withdrawn a Desert Eagle from the weapon locker (Cost: 4)
[2018/1/2 - 20:34:50] John Danzie has withdrawn a Shotgun from the weapon locker (Cost: 2)
[2018/1/2 - 20:34:52] Brooke Chapman has withdrawn a MP5 from the weapon locker (Cost: 4)
[2018/1/2 - 20:34:53] Brooke Chapman has withdrawn a Shotgun from the weapon locker (Cost: 2)
[2018/1/2 - 20:34:53] Brooke Chapman has withdrawn a Spray Can from the weapon locker (Cost: 1)
[2018/1/2 - 20:34:54] Brooke Chapman has withdrawn a Nitestick from the weapon locker (Cost: 1)
[2018/1/2 - 20:36:26] Andrew Reynolds has withdrawn a Desert Eagle from the weapon locker (Cost: 4)
[2018/1/2 - 20:36:28] Andrew Reynolds has withdrawn a Shotgun from the weapon locker (Cost: 2)
[2018/1/2 - 20:36:34] Reece Storm has withdrawn a Nitestick from the weapon locker (Cost: 1)
[2018/1/2 - 20:36:38] Reece Storm has withdrawn a Spray Can from the weapon locker (Cost: 1)
[2018/1/2 - 20:36:39] Reece Storm has withdrawn a Desert Eagle from the weapon locker (Cost: 4)
[2018/1/2 - 20:36:40] Andrew Reynolds has withdrawn a MP5 from the weapon locker (Cost: 4)
[2018/1/2 - 20:36:41] Reece Storm has withdrawn a M4A1 from the weapon locker (Cost: 0)
[2018/1/2 - 20:36:41] Andrew Reynolds has withdrawn a Nitestick from the weapon locker (Cost: 1)
[2018/1/2 - 20:36:43] Reece Storm has withdrawn a Sniper Rifle from the weapon locker (Cost: 0)
[2018/1/2 - 20:38:31] [P248] Officer I Luke Farrington has timed out.
[2018/1/2 - 20:41:01] [P248] Luke Farrington has logged in.
[2018/1/2 - 20:41:28] [P248] Officer I Luke Farrington has timed out.
[2018/1/2 - 20:41:50] Tobi Saito has withdrawn a Desert Eagle from the weapon locker (Cost: 4)
[2018/1/2 - 20:41:51] Tobi Saito has withdrawn a SPAS-12 from the weapon locker (Cost: 0)
[2018/1/2 - 20:41:52] Tobi Saito has withdrawn a M4A1 from the weapon locker (Cost: 0)
[2018/1/2 - 20:41:53] Tobi Saito has withdrawn a Sniper Rifle from the weapon locker (Cost: 0)
[2018/1/2 - 20:45:44] [P214] Staff Sergeant Reece Storm has logged out.
[2018/1/2 - 20:46:19] [C243] Cadet Tomas Reyes has logged out.
[2018/1/2 - 20:47:30] [P205] Lieutenant Tobi Saito has logged out.
[2018/1/2 - 20:48:38] [P205] Tobi Saito has logged in.
[2018/1/2 - 20:49:32] [P205] Lieutenant Tobi Saito has logged out.
[2018/1/2 - 20:49:55] [P205] Tobi Saito has logged in.
[2018/1/2 - 20:54:37] Andrew Reynolds has withdrawn a Desert Eagle from the weapon locker (Cost: 4)
[2018/1/2 - 20:54:40] Andrew Reynolds has withdrawn a Shotgun from the weapon locker (Cost: 2)
[2018/1/2 - 20:56:49] [P250] Officer II Liam Crawford has logged out.
[2018/1/2 - 20:57:19] [P250] Liam Crawford has logged in.
[2018/1/2 - 20:59:26] [F205] Steve R Jones has logged in.
[2018/1/2 - 21:00:12] [P250] Officer II Liam Crawford has logged out.
[2018/1/2 - 21:00:39] [P250] Liam Crawford has logged in.
[2018/1/2 - 21:03:11] [P250] Officer II Liam Crawford has logged out.
[2018/1/2 - 21:03:40] [P250] Liam Crawford has logged in.
[2018/1/2 - 21:03:54] Parker Queen has withdrawn a Nitestick from the weapon locker (Cost: 1)
[2018/1/2 - 21:03:55] Parker Queen has withdrawn a Spray Can from the weapon locker (Cost: 1)
[2018/1/2 - 21:03:56] Parker Queen has withdrawn a Desert Eagle from the weapon locker (Cost: 4)
[2018/1/2 - 21:03:57] Brooke Chapman has withdrawn a Desert Eagle from the weapon locker (Cost: 4)
[2018/1/2 - 21:03:58] Parker Queen has withdrawn a MP5 from the weapon locker (Cost: 4)
[2018/1/2 - 21:03:58] Brooke Chapman has withdrawn a Spray Can from the weapon locker (Cost: 1)
[2018/1/2 - 21:03:58] Brooke Chapman has withdrawn a Nitestick from the weapon locker (Cost: 1)
[2018/1/2 - 21:03:59] Brooke Chapman has withdrawn a MP5 from the weapon locker (Cost: 4)
[2018/1/2 - 21:04:00] Brooke Chapman has withdrawn a Shotgun from the weapon locker (Cost: 2)
[2018/1/2 - 21:04:08] Ruben Rodriquez has withdrawn a Nitestick from the weapon locker (Cost: 1)
[2018/1/2 - 21:04:10] Ruben Rodriquez has withdrawn a Spray Can from the weapon locker (Cost: 1)
[2018/1/2 - 21:04:10] Ruben Rodriquez has withdrawn a Desert Eagle from the weapon locker (Cost: 4)
[2018/1/2 - 21:04:11] Ruben Rodriquez has withdrawn a MP5 from the weapon locker (Cost: 4)
[2018/1/2 - 21:04:12] Ruben Rodriquez has withdrawn a Shotgun from the weapon locker (Cost: 2)
[2018/1/2 - 21:05:33] Dylan Waters (1000556142) accepted Lieutenant Tobi Saito's (1000332639) invite to join LSPD (1).
[2018/1/2 - 21:05:37] Lieutenant Tobi Saito (1000332639) (rank 6) has given Dylan Waters (1000556142) rank 1 (Officer I) in LSPD (1).
[2018/1/2 - 21:05:44] Lieutenant Tobi Saito (1000332639) has set Dylan Waters's (1000556142) division to PTL in LSPD (1).
[2018/1/2 - 21:05:56] Tobi Saito (1000332639) has set Dylan Waters's (1000556142) badge to P212.
[2018/1/2 - 21:07:37] Dylan Waters has withdrawn a Nitestick from the weapon locker (Cost: 1)
[2018/1/2 - 21:08:54] [P250] Officer II Liam Crawford has logged out.
[2018/1/2 - 21:09:24] [P250] Liam Crawford has logged in.
[2018/1/2 - 21:09:40] [F217] Carlos G Ortega has logged in.
[2018/1/2 - 21:09:45] Dylan Waters has withdrawn a SPAS-12 from the weapon locker (Cost: 0)
[2018/1/2 - 21:10:13] Dylan Waters has withdrawn a Desert Eagle from the weapon locker (Cost: 4)
[2018/1/2 - 21:12:46] [F217] Sergeant Carlos G Ortega has logged out.
[2018/1/2 - 21:14:06] [A178] Derek Hunter has logged in.
[2018/1/2 - 21:14:12] [P212] Officer I Dylan Waters has logged out.
[2018/1/2 - 21:14:45] Julian Cake has withdrawn a Desert Eagle from the weapon locker (Cost: 4)
[2018/1/2 - 21:14:46] Julian Cake has withdrawn a MP5 from the weapon locker (Cost: 4)
[2018/1/2 - 21:14:47] Julian Cake has withdrawn a Shotgun from the weapon locker (Cost: 2)
[2018/1/2 - 21:14:57] Julian Cake has withdrawn a Golf Club from the weapon locker (Cost: 0)
[2018/1/2 - 21:15:55] Derek Hunter has withdrawn a Nitestick from the weapon locker (Cost: 1)
[2018/1/2 - 21:15:56] Derek Hunter has withdrawn a Spray Can from the weapon locker (Cost: 1)
[2018/1/2 - 21:16:04] [A178] Deputy Chief Derek Hunter has logged out.
[2018/1/2 - 21:21:18] [I250] Staff Sergeant Parker Queen has logged out.
[2018/1/2 - 21:23:26] [A178] Derek Hunter has logged in.
[2018/1/2 - 21:23:54] [F246] Corporal Julian Cake has logged out.
[2018/1/2 - 21:23:55] [P247] Corporal Brooke Chapman has logged out.
[2018/1/2 - 21:24:28] [P285] Officer II John Danzie has logged out.
[2018/1/2 - 21:25:11] [P285] John Danzie has logged in.
[2018/1/2 - 21:27:05] [P247] Brooke Chapman has logged in.
[2018/1/2 - 21:27:48] [P265] Officer I Ruben Rodriquez has timed out.
[2018/1/2 - 21:28:03] [P265] Ruben Rodriquez has logged in.
[2018/1/2 - 21:28:13] Steve R Jones has withdrawn a Nitestick from the weapon locker (Cost: 1)
[2018/1/2 - 21:28:13] Steve R Jones has withdrawn a Desert Eagle from the weapon locker (Cost: 4)
[2018/1/2 - 21:28:14] Steve R Jones has withdrawn a MP5 from the weapon locker (Cost: 4)
[2018/1/2 - 21:28:14] Steve R Jones has withdrawn a Shotgun from the weapon locker (Cost: 2)
[2018/1/2 - 21:31:57] [P285] John Danzie has logged in.
[2018/1/2 - 21:33:24] Liam Crawford has withdrawn a Spray Can from the weapon locker (Cost: 1)
[2018/1/2 - 21:33:25] Liam Crawford has withdrawn a Nitestick from the weapon locker (Cost: 1)
[2018/1/2 - 21:33:25] Liam Crawford has withdrawn a Desert Eagle from the weapon locker (Cost: 4)
[2018/1/2 - 21:33:26] Liam Crawford has withdrawn a MP5 from the weapon locker (Cost: 4)
[2018/1/2 - 21:33:27] Liam Crawford has withdrawn a Shotgun from the weapon locker (Cost: 2)
[2018/1/2 - 21:39:17] [F217] Carlos G Ortega has logged in.
[2018/1/2 - 21:42:18] Chief of Police Matt Honest has timed out.
[2018/1/2 - 21:42:25] Lieutenant Tobi Saito (1000332639) (rank 6) has uninvited Brooke Chapman (1000481813) (rank 3) from LSPD (1).
[2018/1/2 - 21:45:31] Tobi Saito has withdrawn a Desert Eagle from the weapon locker (Cost: 4)
[2018/1/2 - 21:45:33] Tobi Saito has withdrawn a SPAS-12 from the weapon locker (Cost: 0)
[2018/1/2 - 21:45:34] Tobi Saito has withdrawn a M4A1 from the weapon locker (Cost: 0)
[2018/1/2 - 21:45:35] Tobi Saito has withdrawn a Sniper Rifle from the weapon locker (Cost: 0)
[2018/1/2 - 21:45:59] Brooke Chapman (1000481813) accepted Lieutenant Tobi Saito's (1000332639) invite to join LSPD (1).
[2018/1/2 - 21:46:05] Lieutenant Tobi Saito (1000332639) (rank 6) has given Brooke Chapman (1000481813) rank 3 (Corporal) in LSPD (1).
[2018/1/2 - 21:46:13] Lieutenant Tobi Saito (1000332639) has set Brooke Chapman's (1000481813) division to PTL in LSPD (1).
[2018/1/2 - 21:47:30] Tobi Saito (1000332639) has set Brooke Chapman's (1000481813) badge to P247.
[2018/1/2 - 21:48:34] [F205] Officer II Steve R Jones has timed out.
[2018/1/2 - 21:49:07] [F205] Steve R Jones has logged in.
[2018/1/2 - 21:50:27] Brooke Chapman has withdrawn a Desert Eagle from the weapon locker (Cost: 4)
[2018/1/2 - 21:50:27] Brooke Chapman has withdrawn a MP5 from the weapon locker (Cost: 4)
[2018/1/2 - 21:50:28] Brooke Chapman has withdrawn a Shotgun from the weapon locker (Cost: 2)
[2018/1/2 - 21:50:29] Brooke Chapman has withdrawn a Spray Can from the weapon locker (Cost: 1)
[2018/1/2 - 21:50:29] Brooke Chapman has withdrawn a Nitestick from the weapon locker (Cost: 1)
[2018/1/2 - 21:51:15] Brooke Chapman has withdrawn a M4A1 from the weapon locker (Cost: 0)
[2018/1/2 - 21:52:06] Deputy Chief Derek Hunter (rank 9) has offline uninvited John Danzie from LSPD (1).
[2018/1/2 - 21:53:22] Tobi Saito has withdrawn a Desert Eagle from the weapon locker (Cost: 4)
[2018/1/2 - 21:53:23] Tobi Saito has withdrawn a Sniper Rifle from the weapon locker (Cost: 0)
[2018/1/2 - 21:53:24] Tobi Saito has withdrawn a SPAS-12 from the weapon locker (Cost: 0)
[2018/1/2 - 21:53:24] Tobi Saito has withdrawn a M4A1 from the weapon locker (Cost: 0)
[2018/1/2 - 21:54:04] Steve R Jones has withdrawn a Nitestick from the weapon locker (Cost: 1)
[2018/1/2 - 21:54:05] Steve R Jones has withdrawn a Desert Eagle from the weapon locker (Cost: 4)
[2018/1/2 - 21:54:06] Steve R Jones has withdrawn a MP5 from the weapon locker (Cost: 4)
[2018/1/2 - 21:54:06] Steve R Jones has withdrawn a Shotgun from the weapon locker (Cost: 2)
[2018/1/2 - 21:55:54] [F240] Dante Forde has logged in.
[2018/1/2 - 22:01:03] Dante Forde has withdrawn a Desert Eagle from the weapon locker (Cost: 4)
[2018/1/2 - 22:01:07] Dante Forde has withdrawn a M4A1 from the weapon locker (Cost: 0)
[2018/1/2 - 22:01:10] Dante Forde has withdrawn a MP5 from the weapon locker (Cost: 4)
[2018/1/2 - 22:04:26] Sung Saito (1000624816) accepted Deputy Chief Derek Hunter's (1000073823) invite to join LSPD (1).
[2018/1/2 - 22:04:27] Brooke Chapman has withdrawn a Desert Eagle from the weapon locker (Cost: 4)
[2018/1/2 - 22:04:27] Brooke Chapman has withdrawn a Spray Can from the weapon locker (Cost: 1)
[2018/1/2 - 22:04:28] Brooke Chapman has withdrawn a Nitestick from the weapon locker (Cost: 1)
[2018/1/2 - 22:04:29] Brooke Chapman has withdrawn a MP5 from the weapon locker (Cost: 4)
[2018/1/2 - 22:04:30] Brooke Chapman has withdrawn a Shotgun from the weapon locker (Cost: 2)
[2018/1/2 - 22:04:32] Brooke Chapman has withdrawn a M4A1 from the weapon locker (Cost: 0)
[2018/1/2 - 22:04:39] Sung Saito has withdrawn a Desert Eagle from the weapon locker (Cost: 4)
[2018/1/2 - 22:04:49] Tobi Saito has authorized Sung Saito to withdraw a SPAS-12 from the weapon locker (Cost: 0)
[2018/1/2 - 22:05:00] Brooke Chapman has withdrawn a SPAS-12 from the weapon locker (Cost: 0)
[2018/1/2 - 22:05:16] Liam Crawford has withdrawn a M4A1 from the weapon locker (Cost: 0)
[2018/1/2 - 22:05:18] Liam Crawford has withdrawn a SPAS-12 from the weapon locker (Cost: 0)
[2018/1/2 - 22:08:49] John Danzie (1000526486) accepted Deputy Chief Derek Hunter's (1000073823) invite to join LSPD (1).
[2018/1/2 - 22:09:00] Samantha Rivera has withdrawn a Desert Eagle from the weapon locker (Cost: 4)
[2018/1/2 - 22:09:00] Samantha Rivera has withdrawn a MP5 from the weapon locker (Cost: 4)
[2018/1/2 - 22:09:01] Deputy Chief Derek Hunter (1000073823) (rank 8) has given John Danzie (1000526486) rank 2 (Officer II) in LSPD (1).
[2018/1/2 - 22:09:01] Samantha Rivera has withdrawn a Nitestick from the weapon locker (Cost: 1)
[2018/1/2 - 22:09:05] Deputy Chief Derek Hunter (1000073823) has set John Danzie's (1000526486) division to PTL in LSPD (1).
[2018/1/2 - 22:09:09] Derek Hunter (1000073823) has set John Danzie's (1000526486) badge to P285.
[2018/1/2 - 22:10:37] [F213] Carlos Ramirez has logged in.
[2018/1/2 - 22:12:43] Deputy Chief Derek Hunter (1000073823) (rank 8) has uninvited Brooke Chapman (1000481813) (rank 3) from LSPD (1).
[2018/1/2 - 22:12:56] [P285] Officer II John Danzie has logged out.
[2018/1/2 - 22:13:33] Lieutenant Tobi Saito (1000332639) (rank 6) has given Sung Saito (1000624816) rank 1 (Officer I) in LSPD (1).
[2018/1/2 - 22:14:06] Lieutenant Tobi Saito (1000332639) has set Sung Saito's (1000624816) division to PTL in LSPD (1).
[2018/1/2 - 22:18:16] [P285] John Danzie has logged in.
[2018/1/2 - 22:18:25] [P285] Officer II John Danzie has logged out.
[2018/1/2 - 22:20:07] [C257] Marcus Wingfield has logged in.
[2018/1/2 - 22:21:28] Carlos G Ortega has withdrawn a Nitestick from the weapon locker (Cost: 1)
[2018/1/2 - 22:21:29] Carlos G Ortega has withdrawn a Spray Can from the weapon locker (Cost: 1)
[2018/1/2 - 22:21:31] Carlos G Ortega has withdrawn a Desert Eagle from the weapon locker (Cost: 4)
[2018/1/2 - 22:21:32] Carlos G Ortega has withdrawn a MP5 from the weapon locker (Cost: 4)
[2018/1/2 - 22:21:33] Carlos G Ortega has withdrawn a Shotgun from the weapon locker (Cost: 2)
[2018/1/2 - 22:21:39] Carlos G Ortega has withdrawn a SPAS-12 from the weapon locker (Cost: 0)
[2018/1/2 - 22:21:43] Carlos G Ortega has withdrawn a M4A1 from the weapon locker (Cost: 0)
[2018/1/2 - 22:21:45] Carlos G Ortega has withdrawn a Sniper Rifle from the weapon locker (Cost: 0)
[2018/1/2 - 22:23:03] [F205] Officer II Steve R Jones has timed out.
[2018/1/2 - 22:23:40] [F205] Steve R Jones has logged in.
[2018/1/2 - 22:24:09] [P214] Reece Storm has logged in.
[2018/1/2 - 22:24:16] Depyo Chaos has logged in.
[2018/1/2 - 22:24:58] [P229] Nai Xi Chaos has logged in.
[2018/1/2 - 22:26:02] Sung Saito has withdrawn a Desert Eagle from the weapon locker (Cost: 4)
[2018/1/2 - 22:26:04] Sung Saito has withdrawn a SPAS-12 from the weapon locker (Cost: 0)
[2018/1/2 - 22:26:14] [P285] John Danzie has logged in.
[2018/1/2 - 22:28:42] Sean James has logged in.
[2018/1/2 - 22:30:30] * Officer Dante Forde has taken away Stifler Gucci Cobra's Meth.
[2018/1/2 - 22:30:39] * Officer Dante Forde has taken away Stifler Gucci Cobra's Heroin.
[2018/1/2 - 22:31:03] * Officer Dante Forde has taken away Stifler Gucci Cobra's Ecstasy.
[2018/1/2 - 22:31:11] * Officer Dante Forde has taken away Stifler Gucci Cobra's crack.
[2018/1/2 - 22:31:47] [F213] Lieutenant Carlos Ramirez has logged out.
[2018/1/2 - 22:32:19] [F213] Carlos Ramirez has logged in.
[2018/1/2 - 22:32:23] [P229] Officer II Nai Xi Chaos has timed out.
[2018/1/2 - 22:33:23] [P229] Nai Xi Chaos has logged in.
[2018/1/2 - 22:35:42] [P285] Officer II John Danzie has timed out.
[2018/1/2 - 22:36:31] [F217] Sergeant Carlos G Ortega has logged out.
[2018/1/2 - 22:37:47] [P285] John Danzie has logged in.
[2018/1/2 - 22:40:49] Derek Hunter has withdrawn a Desert Eagle from the weapon locker (Cost: 4)
[2018/1/2 - 22:40:53] Derek Hunter has withdrawn a M4A1 from the weapon locker (Cost: 0)
[2018/1/2 - 22:40:54] Derek Hunter has withdrawn a Sniper Rifle from the weapon locker (Cost: 0)
[2018/1/2 - 22:40:57] Derek Hunter has withdrawn a SPAS-12 from the weapon locker (Cost: 0)
[2018/1/2 - 22:41:04] Derek Hunter has deposited a M4A1 into the locker.
[2018/1/2 - 22:41:07] Derek Hunter has withdrawn a AK-47 from the weapon locker (Cost: 0)
[2018/1/2 - 22:42:11] Marcus Wingfield has withdrawn a Nitestick from the weapon locker (Cost: 1)
[2018/1/2 - 22:42:12] Marcus Wingfield has withdrawn a Spray Can from the weapon locker (Cost: 1)
[2018/1/2 - 22:42:14] Marcus Wingfield has withdrawn a Desert Eagle from the weapon locker (Cost: 4)
[2018/1/2 - 22:42:16] Marcus Wingfield has withdrawn a MP5 from the weapon locker (Cost: 4)
[2018/1/2 - 22:42:22] [I242] Christian Gaccione has logged in.
[2018/1/2 - 22:42:53] Sean James has withdrawn a Nitestick from the weapon locker (Cost: 1)
[2018/1/2 - 22:42:54] Christian Gaccione has withdrawn a M4A1 from the weapon locker (Cost: 0)
[2018/1/2 - 22:42:54] Sean James has withdrawn a Desert Eagle from the weapon locker (Cost: 4)
[2018/1/2 - 22:42:55] Christian Gaccione has withdrawn a SPAS-12 from the weapon locker (Cost: 0)
[2018/1/2 - 22:42:56] Sean James has withdrawn a Tear Gas from the weapon locker (Cost: 1)
[2018/1/2 - 22:42:57] Sean James has withdrawn a SPAS-12 from the weapon locker (Cost: 0)
[2018/1/2 - 22:42:58] Sean James has withdrawn a AK-47 from the weapon locker (Cost: 0)
[2018/1/2 - 22:42:58] Sean James has withdrawn a Parachute from the weapon locker (Cost: 1)
[2018/1/2 - 22:43:00] Sean James has withdrawn a Sniper Rifle from the weapon locker (Cost: 0)
[2018/1/2 - 22:43:01] Sean James has withdrawn a TEC-9 from the weapon locker (Cost: 4)
[2018/1/2 - 22:45:48] [C257] Cadet Marcus Wingfield has logged out.
[2018/1/2 - 22:45:54] [P263] Jack Chaos has logged in.
[2018/1/2 - 22:47:52] [P205] Lieutenant Tobi Saito has timed out.
[2018/1/2 - 22:47:58] Reece Storm has withdrawn a Shotgun from the weapon locker (Cost: 2)
[2018/1/2 - 22:48:26] [P205] Tobi Saito has logged in.
[2018/1/2 - 22:49:43] [F246] Julian Cake has logged in.
[2018/1/2 - 22:55:52] John Danzie has withdrawn a Desert Eagle from the weapon locker (Cost: 4)
[2018/1/2 - 22:55:57] [228] Steven Chaos has logged in.
[2018/1/2 - 22:58:55] [228] Corporal Steven Chaos has logged out.
[2018/1/2 - 23:00:06] [F213] Lieutenant Carlos Ramirez has logged out.
[2018/1/2 - 23:06:12] [I242] Sergeant Christian Gaccione has logged out.
[2018/1/2 - 23:07:37] [P285] Officer II John Danzie has logged out.
[2018/1/2 - 23:08:03] [F240] Officer II Dante Forde has logged out.
[2018/1/2 - 23:09:19] [P244] Officer I Andrew Reynolds has logged out.
[2018/1/2 - 23:10:15] [P205] Lieutenant Tobi Saito has timed out.
[2018/1/2 - 23:10:54] [P205] Tobi Saito has logged in.
[2018/1/2 - 23:11:05] [P214] Staff Sergeant Reece Storm has logged out.
[2018/1/2 - 23:13:39] [P250] Officer II Liam Crawford has logged out.
[2018/1/2 - 23:14:39] Derek Hunter has withdrawn a Desert Eagle from the weapon locker (Cost: 4)
[2018/1/2 - 23:14:40] Derek Hunter has withdrawn a Sniper Rifle from the weapon locker (Cost: 0)
[2018/1/2 - 23:14:40] [P250] Liam Crawford has logged in.
[2018/1/2 - 23:14:42] Derek Hunter has withdrawn a AK-47 from the weapon locker (Cost: 0)
[2018/1/2 - 23:14:43] Derek Hunter has withdrawn a SPAS-12 from the weapon locker (Cost: 0)
[2018/1/2 - 23:16:10] Depyo Chaos has withdrawn a Desert Eagle from the weapon locker (Cost: 4)
[2018/1/2 - 23:16:14] Depyo Chaos has withdrawn a SPAS-12 from the weapon locker (Cost: 0)
[2018/1/2 - 23:16:15] Depyo Chaos has withdrawn a M4A1 from the weapon locker (Cost: 0)
[2018/1/2 - 23:16:28] Depyo Chaos has withdrawn a Micro Uzi from the weapon locker (Cost: 4)
[2018/1/2 - 23:17:03] [F205] Officer II Steve R Jones has timed out.
[2018/1/2 - 23:17:34] [P265] Officer I Ruben Rodriquez has logged out.
[2018/1/2 - 23:17:48] [F205] Steve R Jones has logged in.
[2018/1/2 - 23:18:06] Officer I Sung Saito has logged out.
[2018/1/2 - 23:18:45] [P229] Officer II Nai Xi Chaos has timed out.
[2018/1/2 - 23:19:24] [P229] Nai Xi Chaos has logged in.
[2018/1/2 - 23:19:55] Steve R Jones has withdrawn a Nitestick from the weapon locker (Cost: 1)
[2018/1/2 - 23:19:56] Steve R Jones has withdrawn a Desert Eagle from the weapon locker (Cost: 4)
[2018/1/2 - 23:19:56] Steve R Jones has withdrawn a MP5 from the weapon locker (Cost: 4)
[2018/1/2 - 23:19:57] Steve R Jones has withdrawn a Shotgun from the weapon locker (Cost: 2)
[2018/1/2 - 23:21:11] [F205] Officer II Steve R Jones has logged out.
[2018/1/2 - 23:23:26] [A178] Deputy Chief Derek Hunter has logged out.
[2018/1/2 - 23:25:46] Depyo Chaos has withdrawn a Desert Eagle from the weapon locker (Cost: 4)
[2018/1/2 - 23:25:48] Depyo Chaos has withdrawn a SPAS-12 from the weapon locker (Cost: 0)
[2018/1/2 - 23:25:49] Depyo Chaos has withdrawn a M4A1 from the weapon locker (Cost: 0)
[2018/1/2 - 23:25:52] Depyo Chaos has withdrawn a Micro Uzi from the weapon locker (Cost: 4)
[2018/1/2 - 23:29:10] [P265] Ruben Rodriquez has logged in.
[2018/1/2 - 23:31:34] [228] Steven Chaos has logged in.
[2018/1/2 - 23:36:23] [228] Steven Chaos has logged in.
[2018/1/2 - 23:38:24] [P229] Officer II Nai Xi Chaos has timed out.
[2018/1/2 - 23:39:19] [P229] Nai Xi Chaos has logged in.
[2018/1/2 - 23:43:11] [P229] Officer II Nai Xi Chaos has timed out.
[2018/1/2 - 23:44:13] [P229] Nai Xi Chaos has logged in.
[2018/1/2 - 23:52:11] * Officer Nai Xi Chaos has taken away Jay Radcliffe's weapons.
[2018/1/2 - 23:52:20] * Officer Nai Xi Chaos has taken away Jay Radcliffe's crack.
[2018/1/2 - 23:52:24] * Officer Nai Xi Chaos has taken away Jay Radcliffe's Cannabis.
[2018/1/2 - 23:55:46] [P229] Officer II Nai Xi Chaos has logged out.
