[2018/1/28 - 0:09:25] Sharkiesha Diesel has withdrawn a Sniper Rifle from the weapon locker (Cost: 10)
[2018/1/28 - 0:09:26] Sharkiesha Diesel has withdrawn a Desert Eagle from the weapon locker (Cost: 3)
[2018/1/28 - 0:14:58] [D268] Corporal Kara Kalashnikov has logged out.
[2018/1/28 - 0:15:41] Jeff Armstrong has withdrawn a Desert Eagle from the weapon locker (Cost: 3)
[2018/1/28 - 0:15:42] Jeff Armstrong has withdrawn a SPAS-12 from the weapon locker (Cost: 9)
[2018/1/28 - 0:15:42] Jeff Armstrong has withdrawn a M4A1 from the weapon locker (Cost: 9)
[2018/1/28 - 0:15:48] [F241] Corporal Jeff Armstrong has logged out.
[2018/1/28 - 0:36:03] [D211] Officer II Abe Abdel has logged out.
[2018/1/28 - 0:37:57] [P310] Officer II Jame Walsh has timed out.
[2018/1/28 - 0:42:04] Sharkiesha Diesel has withdrawn a Sniper Rifle from the weapon locker (Cost: 10)
[2018/1/28 - 0:42:05] Sharkiesha Diesel has withdrawn a Desert Eagle from the weapon locker (Cost: 3)
[2018/1/28 - 0:42:07] Sharkiesha Diesel has withdrawn a SPAS-12 from the weapon locker (Cost: 9)
[2018/1/28 - 0:44:05] [P310] Officer II Jame Walsh has logged out.
[2018/1/28 - 0:44:33] Officer II Joe Versace has logged out.
[2018/1/28 - 0:46:39] [P239] Corporal Sharkiesha Diesel has timed out.
[2018/1/28 - 0:46:44] James Carl has withdrawn a Desert Eagle from the weapon locker (Cost: 3)
[2018/1/28 - 0:46:45] James Carl has withdrawn a SPAS-12 from the weapon locker (Cost: 9)
[2018/1/28 - 0:46:46] James Carl has withdrawn a M4A1 from the weapon locker (Cost: 9)
[2018/1/28 - 0:52:29] Officer II Joe Versace has logged out.
[2018/1/28 - 1:00:07] James Carl has withdrawn a Spray Can from the weapon locker (Cost: 1)
[2018/1/28 - 1:00:09] James Carl has withdrawn a Desert Eagle from the weapon locker (Cost: 3)
[2018/1/28 - 1:00:10] James Carl has withdrawn a SPAS-12 from the weapon locker (Cost: 9)
[2018/1/28 - 1:00:11] James Carl has withdrawn a M4A1 from the weapon locker (Cost: 9)
[2018/1/28 - 1:01:28] Jame Walsh has withdrawn a Nitestick from the weapon locker (Cost: 1)
[2018/1/28 - 1:01:29] Jame Walsh has withdrawn a Spray Can from the weapon locker (Cost: 1)
[2018/1/28 - 1:01:29] Jame Walsh has withdrawn a Desert Eagle from the weapon locker (Cost: 3)
[2018/1/28 - 1:01:30] Jame Walsh has withdrawn a MP5 from the weapon locker (Cost: 4)
[2018/1/28 - 1:01:32] Jame Walsh has withdrawn a Shotgun from the weapon locker (Cost: 2)
[2018/1/28 - 1:01:34] Jame Walsh has withdrawn a M4A1 from the weapon locker (Cost: 9)
[2018/1/28 - 1:01:52] Jame Walsh has withdrawn a Tear Gas from the weapon locker (Cost: 1)
[2018/1/28 - 1:05:40] [272] Officer II James Carl has logged out.
[2018/1/28 - 1:10:16] Jame Walsh has withdrawn a Nitestick from the weapon locker (Cost: 1)
[2018/1/28 - 1:10:16] Jame Walsh has withdrawn a Spray Can from the weapon locker (Cost: 1)
[2018/1/28 - 1:10:18] Jame Walsh has withdrawn a Desert Eagle from the weapon locker (Cost: 3)
[2018/1/28 - 1:10:19] Jame Walsh has withdrawn a MP5 from the weapon locker (Cost: 4)
[2018/1/28 - 1:10:21] Jame Walsh has withdrawn a SPAS-12 from the weapon locker (Cost: 9)
[2018/1/28 - 1:10:22] Jame Walsh has withdrawn a M4A1 from the weapon locker (Cost: 9)
[2018/1/28 - 1:10:24] Jame Walsh has withdrawn a Tear Gas from the weapon locker (Cost: 1)
[2018/1/28 - 1:17:49] [P310] Officer II Jame Walsh has logged out.
[2018/1/28 - 1:21:46] [I224] Michael Westen has logged in.
[2018/1/28 - 1:52:47] [D383] Corporal Chelsya Thomas has logged out.
[2018/1/28 - 2:15:07] Sharkiesha Diesel has withdrawn a Desert Eagle from the weapon locker (Cost: 3)
[2018/1/28 - 2:15:10] Sharkiesha Diesel has withdrawn a Sniper Rifle from the weapon locker (Cost: 10)
[2018/1/28 - 2:15:12] Sharkiesha Diesel has withdrawn a SPAS-12 from the weapon locker (Cost: 9)
[2018/1/28 - 2:33:08] Lieutenant Michael Westen (rank 7) has offline uninvited Lamar M Buenoh from LSPD (1).
[2018/1/28 - 2:38:26] [P239] Corporal Sharkiesha Diesel has logged out.
[2018/1/28 - 2:38:54] [P304] Officer I Conner James has logged out.
[2018/1/28 - 2:39:22] Dyler Hall has withdrawn a AK-47 from the weapon locker (Cost: 5)
[2018/1/28 - 2:39:24] Dyler Hall has withdrawn a Desert Eagle from the weapon locker (Cost: 3)
[2018/1/28 - 2:40:16] Dyler Hall has withdrawn a SPAS-12 from the weapon locker (Cost: 9)
[2018/1/28 - 2:56:57] [P295] Officer II Carly Mcknight has timed out.
[2018/1/28 - 3:12:14] Carly Mcknight has withdrawn a Nitestick from the weapon locker (Cost: 1)
[2018/1/28 - 3:12:15] Carly Mcknight has withdrawn a Desert Eagle from the weapon locker (Cost: 3)
[2018/1/28 - 3:12:16] Carly Mcknight has withdrawn a SPAS-12 from the weapon locker (Cost: 9)
[2018/1/28 - 3:12:17] Carly Mcknight has withdrawn a M4A1 from the weapon locker (Cost: 9)
[2018/1/28 - 3:12:48] Dyler Hall has withdrawn a M4A1 from the weapon locker (Cost: 9)
[2018/1/28 - 3:12:49] Dyler Hall has withdrawn a SPAS-12 from the weapon locker (Cost: 9)
[2018/1/28 - 3:12:50] Dyler Hall has withdrawn a MP5 from the weapon locker (Cost: 4)
[2018/1/28 - 3:12:51] Dyler Hall has withdrawn a Desert Eagle from the weapon locker (Cost: 3)
[2018/1/28 - 3:13:03] Carly Mcknight has withdrawn a MP5 from the weapon locker (Cost: 4)
[2018/1/28 - 3:32:20] Simon Core has withdrawn a Desert Eagle from the weapon locker (Cost: 3)
[2018/1/28 - 3:32:25] Simon Core has withdrawn a MP5 from the weapon locker (Cost: 4)
[2018/1/28 - 3:33:06] Carly Mcknight has withdrawn a Desert Eagle from the weapon locker (Cost: 3)
[2018/1/28 - 3:33:07] Carly Mcknight has withdrawn a SPAS-12 from the weapon locker (Cost: 9)
[2018/1/28 - 3:33:11] Carly Mcknight has withdrawn a M4A1 from the weapon locker (Cost: 9)
[2018/1/28 - 3:45:55] Lieutenant Toby Vintage (868939) (rank 6) has uninvited Dyler Hall (1000626470) (rank 2) from LSPD (1).
[2018/1/28 - 4:18:25] Kiley Alexander (1000154106) accepted Lieutenant Toby Vintage's (868939) invite to join LSPD (1).
[2018/1/28 - 4:18:27] Lieutenant Toby Vintage (868939) (rank 6) has given Kiley Alexander (1000154106) rank 2 (Officer II) in LSPD (1).
[2018/1/28 - 4:18:36] Lieutenant Toby Vintage (868939) has set Kiley Alexander's (1000154106) division to FTO in LSPD (1).
[2018/1/28 - 4:18:41] Toby Vintage (868939) has set Kiley Alexander's (1000154106) badge to F230.
[2018/1/28 - 4:19:27] [F230] Officer II Kiley Alexander has logged out.
[2018/1/28 - 4:22:07] [F255] Lieutenant Toby Vintage has timed out.
[2018/1/28 - 4:22:46] [F255] Toby Vintage has logged in.
[2018/1/28 - 4:32:37] Carly Mcknight has withdrawn a Nitestick from the weapon locker (Cost: 1)
[2018/1/28 - 4:32:38] Carly Mcknight has withdrawn a Desert Eagle from the weapon locker (Cost: 3)
[2018/1/28 - 4:32:39] Carly Mcknight has withdrawn a SPAS-12 from the weapon locker (Cost: 9)
[2018/1/28 - 4:32:41] Carly Mcknight has withdrawn a M4A1 from the weapon locker (Cost: 9)
[2018/1/28 - 4:39:06] Carly Mcknight has withdrawn a Nitestick from the weapon locker (Cost: 1)
[2018/1/28 - 4:39:07] Carly Mcknight has withdrawn a Desert Eagle from the weapon locker (Cost: 3)
[2018/1/28 - 4:39:08] Carly Mcknight has withdrawn a SPAS-12 from the weapon locker (Cost: 9)
[2018/1/28 - 4:39:09] Carly Mcknight has withdrawn a M4A1 from the weapon locker (Cost: 9)
[2018/1/28 - 4:40:53] [P295] Officer II Carly Mcknight has timed out.
[2018/1/28 - 4:45:22] Chelsya Thomas has withdrawn a Nitestick from the weapon locker (Cost: 1)
[2018/1/28 - 4:45:23] Chelsya Thomas has withdrawn a Spray Can from the weapon locker (Cost: 1)
[2018/1/28 - 4:45:26] Chelsya Thomas has withdrawn a Desert Eagle from the weapon locker (Cost: 3)
[2018/1/28 - 4:45:27] Chelsya Thomas has withdrawn a SPAS-12 from the weapon locker (Cost: 9)
[2018/1/28 - 4:45:29] Chelsya Thomas has withdrawn a M4A1 from the weapon locker (Cost: 9)
[2018/1/28 - 5:15:55] [P310] Officer II Jame Walsh has logged out.
[2018/1/28 - 5:17:18] Carly Mcknight has withdrawn a Nitestick from the weapon locker (Cost: 1)
[2018/1/28 - 5:17:19] Carly Mcknight has withdrawn a Desert Eagle from the weapon locker (Cost: 3)
[2018/1/28 - 5:17:20] Carly Mcknight has withdrawn a SPAS-12 from the weapon locker (Cost: 9)
[2018/1/28 - 5:17:21] Carly Mcknight has withdrawn a M4A1 from the weapon locker (Cost: 9)
[2018/1/28 - 5:29:44] [D383] Corporal Chelsya Thomas has logged out.
[2018/1/28 - 5:46:57] Carly Mcknight has withdrawn a Nitestick from the weapon locker (Cost: 1)
[2018/1/28 - 5:46:59] Carly Mcknight has withdrawn a Desert Eagle from the weapon locker (Cost: 3)
[2018/1/28 - 5:47:00] Carly Mcknight has withdrawn a SPAS-12 from the weapon locker (Cost: 9)
[2018/1/28 - 5:47:01] Carly Mcknight has withdrawn a M4A1 from the weapon locker (Cost: 9)
[2018/1/28 - 6:01:15] * Officer Cruzio Demon has taken away Joel Aki's weapons.
[2018/1/28 - 6:01:55] Corporal Simon Core has timed out.
[2018/1/28 - 6:05:59] Kiley Alexander has withdrawn a SPAS-12 from the weapon locker (Cost: 9)
[2018/1/28 - 6:06:04] Simon Core has withdrawn a Tear Gas from the weapon locker (Cost: 1)
[2018/1/28 - 6:06:07] Simon Core has withdrawn a M4A1 from the weapon locker (Cost: 9)
[2018/1/28 - 6:07:03] Carly Mcknight has withdrawn a Nitestick from the weapon locker (Cost: 1)
[2018/1/28 - 6:07:05] Carly Mcknight has withdrawn a Desert Eagle from the weapon locker (Cost: 3)
[2018/1/28 - 6:07:06] Carly Mcknight has withdrawn a SPAS-12 from the weapon locker (Cost: 9)
[2018/1/28 - 6:07:07] Carly Mcknight has withdrawn a M4A1 from the weapon locker (Cost: 9)
[2018/1/28 - 6:07:50] [F230] Officer II Kiley Alexander has logged out.
[2018/1/28 - 6:08:51] [I209] Sergeant I Cruzio Demon has logged out.
[2018/1/28 - 6:11:13] Cruzio Demon has withdrawn a Desert Eagle from the weapon locker (Cost: 3)
[2018/1/28 - 6:11:14] Cruzio Demon has withdrawn a SPAS-12 from the weapon locker (Cost: 9)
[2018/1/28 - 6:11:15] Cruzio Demon has withdrawn a M4A1 from the weapon locker (Cost: 9)
[2018/1/28 - 6:11:15] Cruzio Demon has withdrawn a Sniper Rifle from the weapon locker (Cost: 10)
[2018/1/28 - 6:15:56] Carly Mcknight has withdrawn a Nitestick from the weapon locker (Cost: 1)
[2018/1/28 - 6:15:57] Carly Mcknight has withdrawn a SPAS-12 from the weapon locker (Cost: 9)
[2018/1/28 - 6:15:58] Carly Mcknight has withdrawn a M4A1 from the weapon locker (Cost: 9)
[2018/1/28 - 6:15:59] Carly Mcknight has withdrawn a Desert Eagle from the weapon locker (Cost: 3)
[2018/1/28 - 6:18:13] Kiley Alexander has withdrawn a Desert Eagle from the weapon locker (Cost: 3)
[2018/1/28 - 6:18:19] Kiley Alexander has withdrawn a SPAS-12 from the weapon locker (Cost: 9)
[2018/1/28 - 6:20:25] Cruzio Demon has withdrawn a Desert Eagle from the weapon locker (Cost: 3)
[2018/1/28 - 6:20:26] Cruzio Demon has withdrawn a SPAS-12 from the weapon locker (Cost: 9)
[2018/1/28 - 6:20:27] Cruzio Demon has withdrawn a M4A1 from the weapon locker (Cost: 9)
[2018/1/28 - 6:20:27] Cruzio Demon has withdrawn a Sniper Rifle from the weapon locker (Cost: 10)
[2018/1/28 - 6:21:01] Simon Core has withdrawn a Desert Eagle from the weapon locker (Cost: 3)
[2018/1/28 - 6:21:06] Simon Core has withdrawn a MP5 from the weapon locker (Cost: 4)
[2018/1/28 - 6:27:14] [I209] Sergeant I Cruzio Demon has timed out.
[2018/1/28 - 6:29:43] Simon Core has withdrawn a Desert Eagle from the weapon locker (Cost: 3)
[2018/1/28 - 6:29:44] Simon Core has withdrawn a MP5 from the weapon locker (Cost: 4)
[2018/1/28 - 6:31:17] Cruzio Demon has withdrawn a Desert Eagle from the weapon locker (Cost: 3)
[2018/1/28 - 6:31:18] Cruzio Demon has withdrawn a Sniper Rifle from the weapon locker (Cost: 10)
[2018/1/28 - 6:31:19] Cruzio Demon has withdrawn a M4A1 from the weapon locker (Cost: 9)
[2018/1/28 - 6:31:21] Cruzio Demon has withdrawn a SPAS-12 from the weapon locker (Cost: 9)
[2018/1/28 - 6:40:50] Kiley Alexander has withdrawn a Desert Eagle from the weapon locker (Cost: 3)
[2018/1/28 - 6:40:52] Kiley Alexander has withdrawn a M4A1 from the weapon locker (Cost: 9)
[2018/1/28 - 6:42:25] Kiley Alexander has withdrawn a SPAS-12 from the weapon locker (Cost: 9)
[2018/1/28 - 6:46:12] Kiley Alexander has withdrawn a Desert Eagle from the weapon locker (Cost: 3)
[2018/1/28 - 6:46:14] Kiley Alexander has withdrawn a SPAS-12 from the weapon locker (Cost: 9)
[2018/1/28 - 7:00:45] Kiley Alexander has withdrawn a Desert Eagle from the weapon locker (Cost: 3)
[2018/1/28 - 7:00:48] Kiley Alexander has withdrawn a M4A1 from the weapon locker (Cost: 9)
[2018/1/28 - 7:00:51] Cruzio Demon has withdrawn a Sniper Rifle from the weapon locker (Cost: 10)
[2018/1/28 - 7:00:52] [F230] Officer II Kiley Alexander has logged out.
[2018/1/28 - 7:08:48] [F230] Officer II Kiley Alexander has logged out.
[2018/1/28 - 7:10:53] [I209] Sergeant I Cruzio Demon has timed out.
[2018/1/28 - 7:11:38] [F230] Officer II Kiley Alexander has logged out.
[2018/1/28 - 7:11:41] Benzene Demon has withdrawn a SPAS-12 from the weapon locker (Cost: 9)
[2018/1/28 - 7:16:06] Carly Mcknight has withdrawn a Nitestick from the weapon locker (Cost: 1)
[2018/1/28 - 7:16:08] Carly Mcknight has withdrawn a SPAS-12 from the weapon locker (Cost: 9)
[2018/1/28 - 7:16:10] Carly Mcknight has withdrawn a Desert Eagle from the weapon locker (Cost: 3)
[2018/1/28 - 7:16:11] Carly Mcknight has withdrawn a M4A1 from the weapon locker (Cost: 9)
[2018/1/28 - 7:18:31] Haider Philipps has withdrawn a M4A1 from the weapon locker (Cost: 9)
[2018/1/28 - 7:26:10] Simon Core has withdrawn a Desert Eagle from the weapon locker (Cost: 3)
[2018/1/28 - 7:26:16] Kiley Alexander has withdrawn a Nitestick from the weapon locker (Cost: 1)
[2018/1/28 - 7:26:17] Simon Core has withdrawn a M4A1 from the weapon locker (Cost: 9)
[2018/1/28 - 7:26:19] Kiley Alexander has withdrawn a M4A1 from the weapon locker (Cost: 9)
[2018/1/28 - 7:26:22] Cruzio Demon has withdrawn a Desert Eagle from the weapon locker (Cost: 3)
[2018/1/28 - 7:26:22] Simon Core has withdrawn a MP5 from the weapon locker (Cost: 4)
[2018/1/28 - 7:26:23] Cruzio Demon has withdrawn a SPAS-12 from the weapon locker (Cost: 9)
[2018/1/28 - 7:26:23] Cruzio Demon has withdrawn a M4A1 from the weapon locker (Cost: 9)
[2018/1/28 - 7:26:24] Cruzio Demon has withdrawn a Sniper Rifle from the weapon locker (Cost: 10)
[2018/1/28 - 7:26:31] Kiley Alexander has withdrawn a Desert Eagle from the weapon locker (Cost: 3)
[2018/1/28 - 7:26:46] Simon Core has withdrawn a Sniper Rifle from the weapon locker (Cost: 10)
[2018/1/28 - 7:27:23] [D249] Officer II Jeff Favignano has logged out.
[2018/1/28 - 7:28:00] Simon Core has deposited a Sniper Rifle into the locker.
[2018/1/28 - 7:29:08] Carly Mcknight has withdrawn a Nitestick from the weapon locker (Cost: 1)
[2018/1/28 - 7:29:09] Carly Mcknight has withdrawn a SPAS-12 from the weapon locker (Cost: 9)
[2018/1/28 - 7:29:12] Carly Mcknight has withdrawn a M4A1 from the weapon locker (Cost: 9)
[2018/1/28 - 7:29:13] Carly Mcknight has withdrawn a Desert Eagle from the weapon locker (Cost: 3)
[2018/1/28 - 7:29:41] Sylvester Avellino has withdrawn a Desert Eagle from the weapon locker (Cost: 3)
[2018/1/28 - 7:29:43] Sylvester Avellino has withdrawn a SPAS-12 from the weapon locker (Cost: 9)
[2018/1/28 - 7:33:59] [F230] Officer II Kiley Alexander has logged out.
[2018/1/28 - 7:34:59] [P245] Officer II Benzene Demon has logged out.
[2018/1/28 - 7:38:43] Benzene Demon has withdrawn a Desert Eagle from the weapon locker (Cost: 3)
[2018/1/28 - 7:38:44] Benzene Demon has withdrawn a M4A1 from the weapon locker (Cost: 9)
[2018/1/28 - 7:38:44] Benzene Demon has withdrawn a SPAS-12 from the weapon locker (Cost: 9)
[2018/1/28 - 7:49:22] [P334] Officer I Sylvester Avellino has timed out.
[2018/1/28 - 7:49:36] [P274] Officer II Chris Shiels has logged out.
[2018/1/28 - 7:50:41] [D277] Sergeant I Tatsumi Hattori has timed out.
[2018/1/28 - 7:51:40] [P295] Officer II Carly Mcknight has timed out.
[2018/1/28 - 7:55:10] [P274] Officer II Chris Shiels has timed out.
[2018/1/28 - 7:55:47] [P334] Officer I Sylvester Avellino has timed out.
[2018/1/28 - 7:56:23] [P219] Officer I Helena Parker has logged out.
[2018/1/28 - 8:00:15] [I209] Sergeant I Cruzio Demon has timed out.
[2018/1/28 - 8:00:26] [D249] Officer II Jeff Favignano has logged out.
[2018/1/28 - 8:00:46] Corporal Simon Core has logged out.
[2018/1/28 - 8:07:19] Benzene Demon has withdrawn a Desert Eagle from the weapon locker (Cost: 3)
[2018/1/28 - 8:07:20] Benzene Demon has withdrawn a M4A1 from the weapon locker (Cost: 9)
[2018/1/28 - 8:07:20] Benzene Demon has withdrawn a SPAS-12 from the weapon locker (Cost: 9)
[2018/1/28 - 8:07:26] Carly Mcknight has withdrawn a Nitestick from the weapon locker (Cost: 1)
[2018/1/28 - 8:07:28] Carly Mcknight has withdrawn a M4A1 from the weapon locker (Cost: 9)
[2018/1/28 - 8:07:30] Carly Mcknight has withdrawn a SPAS-12 from the weapon locker (Cost: 9)
[2018/1/28 - 8:07:31] Carly Mcknight has withdrawn a Desert Eagle from the weapon locker (Cost: 3)
[2018/1/28 - 8:09:53] [D383] Corporal Chelsya Thomas has logged out.
[2018/1/28 - 8:15:11] Yousef Sle has withdrawn a M4A1 from the weapon locker (Cost: 9)
[2018/1/28 - 8:15:12] Yousef Sle has withdrawn a Desert Eagle from the weapon locker (Cost: 3)
[2018/1/28 - 8:15:42] Benzene Demon has withdrawn a Desert Eagle from the weapon locker (Cost: 3)
[2018/1/28 - 8:15:42] Benzene Demon has withdrawn a M4A1 from the weapon locker (Cost: 9)
[2018/1/28 - 8:15:43] Benzene Demon has withdrawn a SPAS-12 from the weapon locker (Cost: 9)
[2018/1/28 - 8:15:55] [P334] Officer I Sylvester Avellino has timed out.
[2018/1/28 - 8:16:14] [P245] Officer II Benzene Demon has logged out.
[2018/1/28 - 8:17:27] [D277] Sergeant I Tatsumi Hattori has timed out.
[2018/1/28 - 8:17:47] Toby Vintage has withdrawn a Nitestick from the weapon locker (Cost: 1)
[2018/1/28 - 8:17:48] Toby Vintage has withdrawn a Spray Can from the weapon locker (Cost: 1)
[2018/1/28 - 8:17:50] Toby Vintage has withdrawn a Desert Eagle from the weapon locker (Cost: 3)
[2018/1/28 - 8:17:52] Toby Vintage has withdrawn a MP5 from the weapon locker (Cost: 4)
[2018/1/28 - 8:17:53] Toby Vintage has withdrawn a SPAS-12 from the weapon locker (Cost: 9)
[2018/1/28 - 8:17:56] Toby Vintage has withdrawn a AK-47 from the weapon locker (Cost: 5)
[2018/1/28 - 8:17:58] Toby Vintage has withdrawn a Sniper Rifle from the weapon locker (Cost: 10)
[2018/1/28 - 8:18:23] [P295] Officer II Carly Mcknight has timed out.
[2018/1/28 - 8:19:43] [F230] Officer II Kiley Alexander has logged out.
[2018/1/28 - 8:21:20] [F283] Officer II Haider Philipps has logged out.
[2018/1/28 - 8:22:52] [P274] Officer II Chris Shiels has logged out.
[2018/1/28 - 8:24:01] Toby Vintage has withdrawn a Nitestick from the weapon locker (Cost: 1)
[2018/1/28 - 8:24:02] Toby Vintage has withdrawn a Spray Can from the weapon locker (Cost: 1)
[2018/1/28 - 8:24:03] Toby Vintage has withdrawn a Desert Eagle from the weapon locker (Cost: 3)
[2018/1/28 - 8:24:06] Toby Vintage has withdrawn a AK-47 from the weapon locker (Cost: 5)
[2018/1/28 - 8:24:08] Toby Vintage has withdrawn a Sniper Rifle from the weapon locker (Cost: 10)
[2018/1/28 - 8:25:34] [P334] Officer I Sylvester Avellino has logged out.
[2018/1/28 - 8:25:37] Yousef Sle has withdrawn a SPAS-12 from the weapon locker (Cost: 9)
[2018/1/28 - 8:25:38] Yousef Sle has withdrawn a Desert Eagle from the weapon locker (Cost: 3)
[2018/1/28 - 8:34:09] [P202] Officer I Yousef Sle has timed out.
[2018/1/28 - 8:36:36] [P202] Officer I Yousef Sle has timed out.
[2018/1/28 - 8:36:43] [F255] Lieutenant Toby Vintage has timed out.
[2018/1/28 - 8:37:44] [F255] Toby Vintage has logged in.
[2018/1/28 - 8:57:05] [D211] Officer II Abe Abdel has logged out.
[2018/1/28 - 8:57:44] [D277] Sergeant I Tatsumi Hattori has logged out.
[2018/1/28 - 9:03:18] [D277] Sergeant I Tatsumi Hattori has logged out.
[2018/1/28 - 9:27:08] Abe Abdel has withdrawn a SPAS-12 from the weapon locker (Cost: 9)
[2018/1/28 - 9:27:09] Abe Abdel has withdrawn a Desert Eagle from the weapon locker (Cost: 3)
[2018/1/28 - 9:27:10] Abe Abdel has withdrawn a M4A1 from the weapon locker (Cost: 9)
[2018/1/28 - 9:46:16] Abe Abdel has withdrawn a SPAS-12 from the weapon locker (Cost: 9)
[2018/1/28 - 9:46:16] Abe Abdel has withdrawn a Desert Eagle from the weapon locker (Cost: 3)
[2018/1/28 - 9:46:17] Abe Abdel has withdrawn a Nitestick from the weapon locker (Cost: 1)
[2018/1/28 - 9:46:17] Abe Abdel has withdrawn a M4A1 from the weapon locker (Cost: 9)
[2018/1/28 - 9:56:50] Stefan Legend has withdrawn a AK-47 from the weapon locker (Cost: 5)
[2018/1/28 - 9:56:51] Stefan Legend has withdrawn a Desert Eagle from the weapon locker (Cost: 3)
[2018/1/28 - 9:58:13] Abe Abdel has withdrawn a SPAS-12 from the weapon locker (Cost: 9)
[2018/1/28 - 9:58:14] Abe Abdel has withdrawn a Desert Eagle from the weapon locker (Cost: 3)
[2018/1/28 - 9:58:15] Abe Abdel has withdrawn a M4A1 from the weapon locker (Cost: 9)
[2018/1/28 - 10:06:06] Stefan Legend has withdrawn a AK-47 from the weapon locker (Cost: 5)
[2018/1/28 - 10:06:08] Stefan Legend has withdrawn a Desert Eagle from the weapon locker (Cost: 3)
[2018/1/28 - 10:08:29] Hector Jackson has withdrawn a M4A1 from the weapon locker (Cost: 9)
[2018/1/28 - 10:08:33] Hector Jackson has withdrawn a MP5 from the weapon locker (Cost: 4)
[2018/1/28 - 10:09:00] Abe Abdel has withdrawn a Desert Eagle from the weapon locker (Cost: 3)
[2018/1/28 - 10:09:01] Abe Abdel has withdrawn a Nitestick from the weapon locker (Cost: 1)
[2018/1/28 - 10:09:02] Abe Abdel has withdrawn a SPAS-12 from the weapon locker (Cost: 9)
[2018/1/28 - 10:09:03] Abe Abdel has withdrawn a M4A1 from the weapon locker (Cost: 9)
[2018/1/28 - 10:13:55] [D279] Officer II Stefan Legend has logged out.
[2018/1/28 - 10:14:02] [D211] Officer II Abe Abdel has logged out.
[2018/1/28 - 10:27:27] [D277] Sergeant I Tatsumi Hattori has logged out.
[2018/1/28 - 10:29:21] [D249] Officer II Jeff Favignano has logged out.
[2018/1/28 - 10:30:04] Corporal Simon Core has logged out.
[2018/1/28 - 10:33:40] Officer I Hector Jackson has timed out.
[2018/1/28 - 10:33:47] [P202] Officer I Yousef Sle has logged out.
[2018/1/28 - 10:37:07] Officer I Hector Jackson has timed out.
[2018/1/28 - 10:41:18] [D277] Sergeant I Tatsumi Hattori has logged out.
[2018/1/28 - 10:52:55] Officer I Hector Jackson has timed out.
[2018/1/28 - 11:20:14] [D279] Officer II Stefan Legend has logged out.
[2018/1/28 - 11:30:55] James Mustang has withdrawn a Desert Eagle from the weapon locker (Cost: 3)
[2018/1/28 - 11:30:56] James Mustang has withdrawn a SPAS-12 from the weapon locker (Cost: 9)
[2018/1/28 - 11:30:58] James Mustang has withdrawn a M4A1 from the weapon locker (Cost: 9)
[2018/1/28 - 11:30:59] James Mustang has withdrawn a Sniper Rifle from the weapon locker (Cost: 10)
[2018/1/28 - 11:33:50] [P334] Officer I Sylvester Avellino has logged out.
[2018/1/28 - 11:37:29] [D279] Officer II Stefan Legend has logged out.
[2018/1/28 - 11:42:43] Chris Shiels has withdrawn a Nitestick from the weapon locker (Cost: 1)
[2018/1/28 - 11:42:43] Chris Shiels has withdrawn a Spray Can from the weapon locker (Cost: 1)
[2018/1/28 - 11:42:45] Chris Shiels has withdrawn a Desert Eagle from the weapon locker (Cost: 3)
[2018/1/28 - 11:42:46] Chris Shiels has withdrawn a SPAS-12 from the weapon locker (Cost: 9)
[2018/1/28 - 11:42:48] Chris Shiels has withdrawn a M4A1 from the weapon locker (Cost: 9)
[2018/1/28 - 11:47:33] [D211] Officer II Darrel Blaps has logged out.
[2018/1/28 - 11:51:09] [D277] Sergeant I Tatsumi Hattori has logged out.
[2018/1/28 - 11:52:53] [F230] Officer II Kiley Alexander has logged out.
[2018/1/28 - 11:53:52] [F230] Officer II Kiley Alexander has logged out.
[2018/1/28 - 11:56:52] [P274] Officer II Chris Shiels has logged out.
[2018/1/28 - 11:57:00] [P205] Sergeant I Steve R Jones has logged out.
[2018/1/28 - 12:00:16] James Mustang has withdrawn a Desert Eagle from the weapon locker (Cost: 3)
[2018/1/28 - 12:00:18] James Mustang has withdrawn a SPAS-12 from the weapon locker (Cost: 9)
[2018/1/28 - 12:00:21] James Mustang has withdrawn a M4A1 from the weapon locker (Cost: 9)
[2018/1/28 - 12:00:46] [F230] Officer II Kiley Alexander has logged out.
[2018/1/28 - 12:00:57] [PXXX] Recruit Roy Kingstone has logged out.
[2018/1/28 - 12:09:47] [FXXX] Corporal James Mustang has logged out.
[2018/1/28 - 12:14:43] [PXXX] Recruit Roy Kingstone has logged out.
[2018/1/28 - 12:15:06] Yousef Sle has withdrawn a M4A1 from the weapon locker (Cost: 9)
[2018/1/28 - 12:15:06] Yousef Sle has withdrawn a Desert Eagle from the weapon locker (Cost: 3)
[2018/1/28 - 12:15:52] [D279] Officer II Stefan Legend has logged out.
[2018/1/28 - 12:16:36] [PXXX] Recruit Roy Kingstone has logged out.
[2018/1/28 - 12:17:06] [P205] Sergeant I Steve R Jones has logged out.
[2018/1/28 - 12:19:21] Abe Abdel has withdrawn a AK-47 from the weapon locker (Cost: 5)
[2018/1/28 - 12:19:22] Abe Abdel has withdrawn a SPAS-12 from the weapon locker (Cost: 9)
[2018/1/28 - 12:19:23] Abe Abdel has withdrawn a Spray Can from the weapon locker (Cost: 1)
[2018/1/28 - 12:19:24] Abe Abdel has withdrawn a Desert Eagle from the weapon locker (Cost: 3)
[2018/1/28 - 12:20:57] [F230] Officer II Kiley Alexander has logged out.
[2018/1/28 - 12:22:33] [P276] Officer II Peter Rodriguez has logged out.
[2018/1/28 - 12:22:42] [P202] Officer I Yousef Sle has timed out.
[2018/1/28 - 12:22:43] [D277] Sergeant I Tatsumi Hattori has logged out.
[2018/1/28 - 12:23:17] [P274] Officer II Chris Shiels has logged out.
[2018/1/28 - 12:26:02] [PXXX] Recruit Roy Kingstone has logged out.
[2018/1/28 - 12:28:20] [P202] Officer I Yousef Sle has timed out.
[2018/1/28 - 12:28:59] Officer I Hector Jackson has logged out.
[2018/1/28 - 12:34:18] [D277] Sergeant I Tatsumi Hattori has logged out.
[2018/1/28 - 12:35:38] Hector Jackson has withdrawn a SPAS-12 from the weapon locker (Cost: 9)
[2018/1/28 - 12:35:41] Hector Jackson has withdrawn a M4A1 from the weapon locker (Cost: 9)
[2018/1/28 - 12:35:56] Hector Jackson has withdrawn a SPAS-12 from the weapon locker (Cost: 9)
[2018/1/28 - 12:35:58] Hector Jackson has withdrawn a M4A1 from the weapon locker (Cost: 9)
[2018/1/28 - 12:36:01] Hector Jackson has withdrawn a Desert Eagle from the weapon locker (Cost: 3)
[2018/1/28 - 12:37:20] Officer I Hector Jackson has logged out.
[2018/1/28 - 12:37:24] [D279] Officer II Stefan Legend has timed out.
[2018/1/28 - 12:41:24] [P202] Officer I Yousef Sle has timed out.
[2018/1/28 - 12:42:11] [D277] Sergeant I Tatsumi Hattori has timed out.
[2018/1/28 - 12:45:31] [PXXX] Recruit Roy Kingstone has logged out.
[2018/1/28 - 12:45:39] Tatsumi Hattori has withdrawn a M4A1 from the weapon locker (Cost: 9)
[2018/1/28 - 12:45:41] Tatsumi Hattori has withdrawn a Desert Eagle from the weapon locker (Cost: 3)
[2018/1/28 - 12:49:28] Holden Ford has withdrawn a Camera from the weapon locker (Cost: 0)
[2018/1/28 - 12:51:41] [D277] Sergeant I Tatsumi Hattori has logged out.
[2018/1/28 - 13:01:02] Alex Whey Jefferson has withdrawn a Desert Eagle from the weapon locker (Cost: 3)
[2018/1/28 - 13:01:03] Alex Whey Jefferson has withdrawn a SPAS-12 from the weapon locker (Cost: 9)
[2018/1/28 - 13:01:03] Alex Whey Jefferson has withdrawn a AK-47 from the weapon locker (Cost: 5)
[2018/1/28 - 13:03:21] [PXXX] Recruit Roy Kingstone has logged out.
[2018/1/28 - 13:03:58] Abe Abdel has withdrawn a Desert Eagle from the weapon locker (Cost: 3)
[2018/1/28 - 13:03:59] Abe Abdel has withdrawn a Nitestick from the weapon locker (Cost: 1)
[2018/1/28 - 13:04:00] Abe Abdel has withdrawn a M4A1 from the weapon locker (Cost: 9)
[2018/1/28 - 13:04:01] Abe Abdel has withdrawn a SPAS-12 from the weapon locker (Cost: 9)
[2018/1/28 - 13:04:56] Alex Whey Jefferson has withdrawn a Sniper Rifle from the weapon locker (Cost: 10)
[2018/1/28 - 13:05:03] Tatsumi Hattori has withdrawn a Sniper Rifle from the weapon locker (Cost: 10)
[2018/1/28 - 13:06:15] [P305] Crit Snow has logged in.
[2018/1/28 - 13:13:18] [D246] Officer II Zack Viccaji has logged out.
[2018/1/28 - 13:17:06] [D277] Sergeant I Tatsumi Hattori has timed out.
[2018/1/28 - 13:19:45] [PXXX] Recruit Roy Kingstone has logged out.
[2018/1/28 - 13:25:08] Abe Abdel has withdrawn a Desert Eagle from the weapon locker (Cost: 3)
[2018/1/28 - 13:25:09] Abe Abdel has withdrawn a SPAS-12 from the weapon locker (Cost: 9)
[2018/1/28 - 13:25:09] Abe Abdel has withdrawn a M4A1 from the weapon locker (Cost: 9)
[2018/1/28 - 13:34:42] [D279] Officer II Holden Ford has timed out.
[2018/1/28 - 13:45:04] [P256] Officer I Sven Keizer has logged out.
[2018/1/28 - 13:47:05] Abe Abdel has withdrawn a Desert Eagle from the weapon locker (Cost: 3)
[2018/1/28 - 13:47:05] Abe Abdel has withdrawn a Nitestick from the weapon locker (Cost: 1)
[2018/1/28 - 13:47:06] Abe Abdel has withdrawn a SPAS-12 from the weapon locker (Cost: 9)
[2018/1/28 - 13:47:07] Abe Abdel has withdrawn a M4A1 from the weapon locker (Cost: 9)
[2018/1/28 - 13:56:29] [P256] Officer I Sven Keizer has logged out.
[2018/1/28 - 14:01:58] Abe Abdel has withdrawn a Desert Eagle from the weapon locker (Cost: 3)
[2018/1/28 - 14:01:59] Abe Abdel has withdrawn a Nitestick from the weapon locker (Cost: 1)
[2018/1/28 - 14:02:00] Abe Abdel has withdrawn a SPAS-12 from the weapon locker (Cost: 9)
[2018/1/28 - 14:02:00] Abe Abdel has withdrawn a M4A1 from the weapon locker (Cost: 9)
[2018/1/28 - 14:03:11] Michael Spectre has withdrawn a M4A1 from the weapon locker (Cost: 9)
[2018/1/28 - 14:03:14] Michael Spectre has withdrawn a Desert Eagle from the weapon locker (Cost: 3)
[2018/1/28 - 14:03:56] [PXXX] Recruit Roy Kingstone has logged out.
[2018/1/28 - 14:05:33] Alex Whey Jefferson has withdrawn a Desert Eagle from the weapon locker (Cost: 3)
[2018/1/28 - 14:05:34] Alex Whey Jefferson has withdrawn a SPAS-12 from the weapon locker (Cost: 9)
[2018/1/28 - 14:05:34] Alex Whey Jefferson has withdrawn a AK-47 from the weapon locker (Cost: 5)
[2018/1/28 - 14:06:46] [P256] Officer I Sven Keizer has logged out.
[2018/1/28 - 14:14:31] Stefan Legend has withdrawn a Desert Eagle from the weapon locker (Cost: 3)
[2018/1/28 - 14:14:34] Stefan Legend has withdrawn a M4A1 from the weapon locker (Cost: 9)
[2018/1/28 - 14:15:20] [PXXX] Recruit Roy Kingstone has logged out.
[2018/1/28 - 14:18:03] [PXXX] Recruit Roy Kingstone has logged out.
[2018/1/28 - 14:23:30] John Swagger has withdrawn a Desert Eagle from the weapon locker (Cost: 3)
[2018/1/28 - 14:23:31] John Swagger has withdrawn a SPAS-12 from the weapon locker (Cost: 9)
[2018/1/28 - 14:23:32] John Swagger has withdrawn a M4A1 from the weapon locker (Cost: 9)
[2018/1/28 - 14:29:58] Sven Keizer has withdrawn a Nitestick from the weapon locker (Cost: 1)
[2018/1/28 - 14:29:59] Sven Keizer has withdrawn a Spray Can from the weapon locker (Cost: 1)
[2018/1/28 - 14:30:00] Sven Keizer has withdrawn a Desert Eagle from the weapon locker (Cost: 3)
[2018/1/28 - 14:30:01] Sven Keizer has withdrawn a MP5 from the weapon locker (Cost: 4)
[2018/1/28 - 14:30:02] Sven Keizer has withdrawn a SPAS-12 from the weapon locker (Cost: 9)
[2018/1/28 - 14:30:06] Sven Keizer has withdrawn a M4A1 from the weapon locker (Cost: 9)
[2018/1/28 - 14:30:13] Sven Keizer has withdrawn a Camera from the weapon locker (Cost: 0)
[2018/1/28 - 14:30:15] Sven Keizer has withdrawn a Parachute from the weapon locker (Cost: 1)
[2018/1/28 - 14:30:29] Alex Whey Jefferson has withdrawn a Sniper Rifle from the weapon locker (Cost: 10)
[2018/1/28 - 14:32:01] Tatsumi Hattori has withdrawn a M4A1 from the weapon locker (Cost: 9)
[2018/1/28 - 14:32:03] Tatsumi Hattori has withdrawn a Desert Eagle from the weapon locker (Cost: 3)
[2018/1/28 - 14:32:31] [P256] Officer I Sven Keizer has logged out.
[2018/1/28 - 14:32:33] [I224] Lieutenant Michael Westen has logged out.
[2018/1/28 - 14:33:47] John Swagger has withdrawn a Desert Eagle from the weapon locker (Cost: 3)
[2018/1/28 - 14:33:47] John Swagger has withdrawn a SPAS-12 from the weapon locker (Cost: 9)
[2018/1/28 - 14:35:00] [D249] Officer II Jeff Favignano has timed out.
[2018/1/28 - 14:35:08] Hector Jackson has withdrawn a SPAS-12 from the weapon locker (Cost: 9)
[2018/1/28 - 14:35:12] Stefan Legend has withdrawn a M4A1 from the weapon locker (Cost: 9)
[2018/1/28 - 14:35:13] Stefan Legend has withdrawn a Desert Eagle from the weapon locker (Cost: 3)
[2018/1/28 - 14:38:32] Hector Jackson has withdrawn a SPAS-12 from the weapon locker (Cost: 9)
[2018/1/28 - 14:38:35] Hector Jackson has withdrawn a M4A1 from the weapon locker (Cost: 9)
[2018/1/28 - 14:42:58] [D249] Officer II Jeff Favignano has timed out.
[2018/1/28 - 14:44:02] Stefan Legend has withdrawn a SPAS-12 from the weapon locker (Cost: 9)
[2018/1/28 - 14:44:03] Stefan Legend has withdrawn a Desert Eagle from the weapon locker (Cost: 3)
[2018/1/28 - 14:44:44] [P256] Officer I Sven Keizer has logged out.
[2018/1/28 - 14:46:00] Zack Viccaji has withdrawn a Desert Eagle from the weapon locker (Cost: 3)
[2018/1/28 - 14:46:01] Zack Viccaji has withdrawn a M4A1 from the weapon locker (Cost: 9)
[2018/1/28 - 14:46:46] [D246] Officer II Zack Viccaji has logged out.
[2018/1/28 - 14:46:56] [D249] Officer II Jeff Favignano has timed out.
[2018/1/28 - 14:47:56] John Swagger has withdrawn a Desert Eagle from the weapon locker (Cost: 3)
[2018/1/28 - 14:47:57] John Swagger has withdrawn a SPAS-12 from the weapon locker (Cost: 9)
[2018/1/28 - 14:47:58] John Swagger has withdrawn a M4A1 from the weapon locker (Cost: 9)
[2018/1/28 - 14:47:58] Jeff Favignano has withdrawn a SPAS-12 from the weapon locker (Cost: 9)
[2018/1/28 - 14:47:59] Jeff Favignano has withdrawn a AK-47 from the weapon locker (Cost: 5)
[2018/1/28 - 14:48:00] Jeff Favignano has withdrawn a Desert Eagle from the weapon locker (Cost: 3)
[2018/1/28 - 14:49:16] Hector Jackson has withdrawn a SPAS-12 from the weapon locker (Cost: 9)
[2018/1/28 - 14:49:17] Hector Jackson has withdrawn a M4A1 from the weapon locker (Cost: 9)
[2018/1/28 - 14:49:59] Hector Jackson has withdrawn a SPAS-12 from the weapon locker (Cost: 9)
[2018/1/28 - 14:50:01] Hector Jackson has withdrawn a M4A1 from the weapon locker (Cost: 9)
[2018/1/28 - 14:50:44] Hector Jackson has withdrawn a SPAS-12 from the weapon locker (Cost: 9)
[2018/1/28 - 14:50:47] Hector Jackson has withdrawn a MP5 from the weapon locker (Cost: 4)
[2018/1/28 - 14:51:00] John Swagger has withdrawn a SPAS-12 from the weapon locker (Cost: 9)
[2018/1/28 - 14:51:04] Officer I Hector Jackson has logged out.
[2018/1/28 - 14:51:05] John Swagger has withdrawn a M4A1 from the weapon locker (Cost: 9)
[2018/1/28 - 14:52:48] Abe Abdel has withdrawn a Desert Eagle from the weapon locker (Cost: 3)
[2018/1/28 - 14:52:49] Abe Abdel has withdrawn a Nitestick from the weapon locker (Cost: 1)
[2018/1/28 - 14:52:51] Abe Abdel has withdrawn a SPAS-12 from the weapon locker (Cost: 9)
[2018/1/28 - 14:52:51] Abe Abdel has withdrawn a M4A1 from the weapon locker (Cost: 9)
[2018/1/28 - 14:55:27] [D294] Corporal Alex Whey Jefferson has logged out.
[2018/1/28 - 15:01:11] [I224] Michael Westen has logged in.
[2018/1/28 - 15:01:12] James Famingo has withdrawn a SPAS-12 from the weapon locker (Cost: 9)
[2018/1/28 - 15:01:13] James Famingo has withdrawn a Desert Eagle from the weapon locker (Cost: 3)
[2018/1/28 - 15:01:30] [I224] Lieutenant Michael Westen has logged out.
[2018/1/28 - 15:01:33] James Famingo has withdrawn a AK-47 from the weapon locker (Cost: 5)
[2018/1/28 - 15:02:14] Steve R Jones has withdrawn a SPAS-12 from the weapon locker (Cost: 9)
[2018/1/28 - 15:05:52] [I224] Michael Westen has logged in.
[2018/1/28 - 15:07:24] Sanchez Bleu (1000627777) accepted Lieutenant Michael Westen's (1000044424) invite to join LSPD (1).
[2018/1/28 - 15:07:29] Lieutenant Michael Westen (1000044424) (rank 6) has given Sanchez Bleu (1000627777) rank 1 (Officer I) in LSPD (1).
[2018/1/28 - 15:07:31] Lieutenant Michael Westen (1000044424) has set Sanchez Bleu's (1000627777) division to PTL in LSPD (1).
[2018/1/28 - 15:08:40] Sanchez Bleu has withdrawn a Desert Eagle from the weapon locker (Cost: 3)
[2018/1/28 - 15:08:42] Sanchez Bleu has withdrawn a Nitestick from the weapon locker (Cost: 1)
[2018/1/28 - 15:08:44] Sanchez Bleu has withdrawn a Spray Can from the weapon locker (Cost: 1)
[2018/1/28 - 15:09:40] [D277] Sergeant I Tatsumi Hattori has logged out.
[2018/1/28 - 15:10:16] Stefan Legend has withdrawn a SPAS-12 from the weapon locker (Cost: 9)
[2018/1/28 - 15:10:16] [I224] Michael Westen has logged in.
[2018/1/28 - 15:10:18] Stefan Legend has withdrawn a Desert Eagle from the weapon locker (Cost: 3)
[2018/1/28 - 15:11:09] Steve R Jones has withdrawn a Nitestick from the weapon locker (Cost: 1)
[2018/1/28 - 15:11:09] Steve R Jones has withdrawn a Desert Eagle from the weapon locker (Cost: 3)
[2018/1/28 - 15:11:11] Steve R Jones has withdrawn a M4A1 from the weapon locker (Cost: 9)
[2018/1/28 - 15:11:12] Steve R Jones has withdrawn a SPAS-12 from the weapon locker (Cost: 9)
[2018/1/28 - 15:11:19] [D249] Officer II James Famingo has timed out.
[2018/1/28 - 15:12:31] Jeremy Wright has withdrawn a Desert Eagle from the weapon locker (Cost: 3)
[2018/1/28 - 15:12:32] Jeremy Wright has withdrawn a Nitestick from the weapon locker (Cost: 1)
[2018/1/28 - 15:12:32] Jeremy Wright has withdrawn a SPAS-12 from the weapon locker (Cost: 9)
[2018/1/28 - 15:12:33] Jeremy Wright has withdrawn a M4A1 from the weapon locker (Cost: 9)
[2018/1/28 - 15:13:27] [D249] Officer II James Famingo has timed out.
[2018/1/28 - 15:15:13] [D249] Officer II Jeff Favignano has logged out.
[2018/1/28 - 15:16:33] Michael Westen has withdrawn a Desert Eagle from the weapon locker (Cost: 3)
[2018/1/28 - 15:16:34] Michael Westen has withdrawn a SPAS-12 from the weapon locker (Cost: 9)
[2018/1/28 - 15:16:35] Michael Westen has withdrawn a M4A1 from the weapon locker (Cost: 9)
[2018/1/28 - 15:16:37] Michael Westen has withdrawn a Sniper Rifle from the weapon locker (Cost: 10)
[2018/1/28 - 15:17:53] Officer I Sanchez Bleu has logged out.
[2018/1/28 - 15:18:40] [I224] Lieutenant Michael Westen has logged out.
[2018/1/28 - 15:19:33] Abe Abde has withdrawn a Desert Eagle from the weapon locker (Cost: 3)
[2018/1/28 - 15:19:34] Abe Abde has withdrawn a SPAS-12 from the weapon locker (Cost: 9)
[2018/1/28 - 15:19:36] Abe Abdel has withdrawn a M4A1 from the weapon locker (Cost: 9)
[2018/1/28 - 15:33:58] [D277] Sergeant I Tatsumi Hattori has timed out.
[2018/1/28 - 15:37:32] [P205] Sergeant I Steve R Jones has logged out.
[2018/1/28 - 15:38:20] [P252] Corporal John Swagger has logged out.
[2018/1/28 - 15:38:58] Carlos Ramirez has logged in.
[2018/1/28 - 15:39:17] Stefan Legend has withdrawn a SPAS-12 from the weapon locker (Cost: 9)
[2018/1/28 - 15:39:18] Stefan Legend has withdrawn a Desert Eagle from the weapon locker (Cost: 3)
[2018/1/28 - 15:41:07] Abe Abdel has withdrawn a Desert Eagle from the weapon locker (Cost: 3)
[2018/1/28 - 15:41:09] Abe Abdel has withdrawn a SPAS-12 from the weapon locker (Cost: 9)
[2018/1/28 - 15:41:10] Abe Abdel has withdrawn a Nitestick from the weapon locker (Cost: 1)
[2018/1/28 - 15:41:11] Abe Abdel has withdrawn a M4A1 from the weapon locker (Cost: 9)
[2018/1/28 - 15:42:21] [D279] Officer II Stefan Legend has logged out.
[2018/1/28 - 15:43:07] [D277] Sergeant I Tatsumi Hattori has timed out.
[2018/1/28 - 15:44:55] Deputy Chief Carlos Ramirez (118665) has set Carlos Ramirez's (118665) division to ADM in LSPD (1).
[2018/1/28 - 15:53:38] Carlos Ramirez (118665) has set Carlos Ramirez's (118665) badge to A213.
[2018/1/28 - 16:06:21] Jeff Favignano has withdrawn a SPAS-12 from the weapon locker (Cost: 9)
[2018/1/28 - 16:06:21] Jeff Favignano has withdrawn a AK-47 from the weapon locker (Cost: 5)
[2018/1/28 - 16:06:22] Jeff Favignano has withdrawn a Desert Eagle from the weapon locker (Cost: 3)
[2018/1/28 - 16:13:11] [A213] Deputy Chief Carlos Ramirez has timed out.
[2018/1/28 - 16:13:47] [F283] Officer II Haider Philipps has timed out.
[2018/1/28 - 16:16:15] Jeff Favignano has withdrawn a AK-47 from the weapon locker (Cost: 5)
[2018/1/28 - 16:16:16] Jeff Favignano has withdrawn a Desert Eagle from the weapon locker (Cost: 3)
[2018/1/28 - 16:16:18] Jeff Favignano has withdrawn a SPAS-12 from the weapon locker (Cost: 9)
[2018/1/28 - 16:16:25] Tatsumi Hattori has withdrawn a M4A1 from the weapon locker (Cost: 9)
[2018/1/28 - 16:16:28] Tatsumi Hattori has withdrawn a Desert Eagle from the weapon locker (Cost: 3)
[2018/1/28 - 16:20:04] [D277] Sergeant I Tatsumi Hattori has logged out.
[2018/1/28 - 16:22:19] Abe Abdel has withdrawn a SPAS-12 from the weapon locker (Cost: 9)
[2018/1/28 - 16:22:20] Abe Abdel has withdrawn a Desert Eagle from the weapon locker (Cost: 3)
[2018/1/28 - 16:22:21] Abe Abdel has withdrawn a Nitestick from the weapon locker (Cost: 1)
[2018/1/28 - 16:22:22] Abe Abdel has withdrawn a M4A1 from the weapon locker (Cost: 9)
[2018/1/28 - 16:23:14] [D249] Officer II Jeff Favignano has logged out.
[2018/1/28 - 16:31:29] [D294] Corporal Alex Whey Jefferson has logged out.
[2018/1/28 - 16:31:49] [F283] Officer II Haider Philipps has logged out.
[2018/1/28 - 16:33:25] Officer I Sanchez Bleu has logged out.
[2018/1/28 - 16:34:13] Abe Abdel has accepted James Guetta's release request.
[2018/1/28 - 16:34:40] Benzene Demon has withdrawn a M4A1 from the weapon locker (Cost: 9)
[2018/1/28 - 16:35:48] Crit Snow (1000624823) has quit the LSPD as a rank 2
[2018/1/28 - 16:41:37] Officer I Hector Jackson has logged out.
[2018/1/28 - 16:44:57] [I224] Michael Westen has logged in.
[2018/1/28 - 16:45:18] [I224] Lieutenant Michael Westen has logged out.
[2018/1/28 - 16:45:55] Officer I Hector Jackson has timed out.
[2018/1/28 - 16:52:51] [P245] Officer II Benzene Demon has timed out.
[2018/1/28 - 16:54:03] Abe Abdel has withdrawn a Desert Eagle from the weapon locker (Cost: 3)
[2018/1/28 - 16:54:03] Abe Abdel has withdrawn a Nitestick from the weapon locker (Cost: 1)
[2018/1/28 - 16:54:04] Abe Abdel has withdrawn a SPAS-12 from the weapon locker (Cost: 9)
[2018/1/28 - 16:54:05] Abe Abdel has withdrawn a M4A1 from the weapon locker (Cost: 9)
[2018/1/28 - 16:57:02] [P216] Officer II Tazz William has logged out.
[2018/1/28 - 16:59:15] Sylvester Avellino has withdrawn a Nitestick from the weapon locker (Cost: 1)
[2018/1/28 - 16:59:18] Sylvester Avellino has withdrawn a Desert Eagle from the weapon locker (Cost: 3)
[2018/1/28 - 16:59:29] Sylvester Avellino has withdrawn a SPAS-12 from the weapon locker (Cost: 9)
[2018/1/28 - 17:00:47] Officer I Hector Jackson has timed out.
[2018/1/28 - 17:06:40] [P334] Officer I Sylvester Avellino has logged out.
[2018/1/28 - 17:11:04] Officer I Hector Jackson has logged out.
[2018/1/28 - 17:20:16] [D284] Officer II Luke Farrington has logged out.
[2018/1/28 - 17:22:06] [D284] Officer II Luke Farrington has logged out.
[2018/1/28 - 17:26:07] [D284] Officer II Luke Farrington has timed out.
[2018/1/28 - 17:32:07] [D383] Corporal Chelsya Thomas has logged out.
[2018/1/28 - 17:36:07] [D383] Corporal Chelsya Thomas has logged out.
[2018/1/28 - 17:37:16] Chelsya Thomas has withdrawn a Nitestick from the weapon locker (Cost: 1)
[2018/1/28 - 17:37:17] Chelsya Thomas has withdrawn a Spray Can from the weapon locker (Cost: 1)
[2018/1/28 - 17:37:19] Chelsya Thomas has withdrawn a Desert Eagle from the weapon locker (Cost: 3)
[2018/1/28 - 17:37:20] Abe Abdel has withdrawn a SPAS-12 from the weapon locker (Cost: 9)
[2018/1/28 - 17:37:20] Abe Abdel has withdrawn a Desert Eagle from the weapon locker (Cost: 3)
[2018/1/28 - 17:37:21] Chelsya Thomas has withdrawn a SPAS-12 from the weapon locker (Cost: 9)
[2018/1/28 - 17:37:21] Abe Abdel has withdrawn a Nitestick from the weapon locker (Cost: 1)
[2018/1/28 - 17:37:22] Abe Abdel has withdrawn a M4A1 from the weapon locker (Cost: 9)
[2018/1/28 - 17:37:23] Chelsya Thomas has withdrawn a M4A1 from the weapon locker (Cost: 9)
[2018/1/28 - 17:44:11] [D279] Officer II Stefan Legend has logged out.
[2018/1/28 - 17:50:31] [D284] Officer II Luke Farrington has logged out.
[2018/1/28 - 17:50:41] [I209] Sergeant I Cruzio Demon has logged out.
[2018/1/28 - 18:01:49] Abe Abdel has withdrawn a Desert Eagle from the weapon locker (Cost: 3)
[2018/1/28 - 18:01:50] Abe Abdel has withdrawn a Nitestick from the weapon locker (Cost: 1)
[2018/1/28 - 18:01:51] Abe Abdel has withdrawn a SPAS-12 from the weapon locker (Cost: 9)
[2018/1/28 - 18:01:53] Abe Abdel has withdrawn a M4A1 from the weapon locker (Cost: 9)
[2018/1/28 - 18:05:57] [F241] Corporal Jeff Armstrong has timed out.
[2018/1/28 - 18:07:05] [F241] Corporal Jeff Armstrong has timed out.
[2018/1/28 - 18:07:48] [F241] Corporal Jeff Armstrong has timed out.
[2018/1/28 - 18:09:36] [F241] Corporal Jeff Armstrong has timed out.
[2018/1/28 - 18:11:06] Officer I Sanchez Bleu has timed out.
[2018/1/28 - 18:15:35] [D383] Corporal Kendall Parker has logged out.
[2018/1/28 - 18:21:21] [P207] Officer II Patrick Livanos has logged out.
[2018/1/28 - 18:21:49] Walter Skinner has withdrawn a SPAS-12 from the weapon locker (Cost: 9)
[2018/1/28 - 18:23:34] Walter Skinner has withdrawn a Desert Eagle from the weapon locker (Cost: 3)
[2018/1/28 - 18:23:36] Walter Skinner has withdrawn a SPAS-12 from the weapon locker (Cost: 9)
[2018/1/28 - 18:23:37] Walter Skinner has withdrawn a M4A1 from the weapon locker (Cost: 9)
[2018/1/28 - 18:24:56] Walter Skinner has withdrawn a SPAS-12 from the weapon locker (Cost: 9)
[2018/1/28 - 18:24:57] Walter Skinner has withdrawn a M4A1 from the weapon locker (Cost: 9)
[2018/1/28 - 18:26:11] Officer I Sanchez Bleu has logged out.
[2018/1/28 - 18:26:25] Walter Skinner has withdrawn a SPAS-12 from the weapon locker (Cost: 9)
[2018/1/28 - 18:26:26] Walter Skinner has withdrawn a M4A1 from the weapon locker (Cost: 9)
[2018/1/28 - 18:27:46] Walter Skinner has withdrawn a M4A1 from the weapon locker (Cost: 9)
[2018/1/28 - 18:27:46] Walter Skinner has withdrawn a SPAS-12 from the weapon locker (Cost: 9)
[2018/1/28 - 18:28:25] [I224] Michael Westen has logged in.
[2018/1/28 - 18:29:44] Walter Skinner has withdrawn a SPAS-12 from the weapon locker (Cost: 9)
[2018/1/28 - 18:29:53] [I224] Lieutenant Michael Westen has logged out.
[2018/1/28 - 18:30:58] Walter Skinner has withdrawn a SPAS-12 from the weapon locker (Cost: 9)
[2018/1/28 - 18:30:59] Walter Skinner has withdrawn a M4A1 from the weapon locker (Cost: 9)
[2018/1/28 - 18:32:38] Walter Skinner has withdrawn a SPAS-12 from the weapon locker (Cost: 9)
[2018/1/28 - 18:32:40] Walter Skinner has withdrawn a Camera from the weapon locker (Cost: 0)
[2018/1/28 - 18:40:13] Walter Skinner has withdrawn a SPAS-12 from the weapon locker (Cost: 9)
[2018/1/28 - 18:40:15] Walter Skinner has withdrawn a Desert Eagle from the weapon locker (Cost: 3)
[2018/1/28 - 18:40:15] Jame Walsh has withdrawn a Nitestick from the weapon locker (Cost: 1)
[2018/1/28 - 18:40:17] Jame Walsh has withdrawn a Spray Can from the weapon locker (Cost: 1)
[2018/1/28 - 18:40:18] Jame Walsh has withdrawn a Desert Eagle from the weapon locker (Cost: 3)
[2018/1/28 - 18:40:18] Jame Walsh has withdrawn a MP5 from the weapon locker (Cost: 4)
[2018/1/28 - 18:40:20] Jame Walsh has withdrawn a SPAS-12 from the weapon locker (Cost: 9)
[2018/1/28 - 18:40:21] Jame Walsh has withdrawn a M4A1 from the weapon locker (Cost: 9)
[2018/1/28 - 18:40:23] Jame Walsh has withdrawn a Tear Gas from the weapon locker (Cost: 1)
[2018/1/28 - 18:40:24] Walter Skinner has withdrawn a M4A1 from the weapon locker (Cost: 9)
[2018/1/28 - 18:46:28] Walter Skinner has withdrawn a M4A1 from the weapon locker (Cost: 9)
[2018/1/28 - 18:46:29] Walter Skinner has withdrawn a SPAS-12 from the weapon locker (Cost: 9)
[2018/1/28 - 18:47:55] Walter Skinner has withdrawn a SPAS-12 from the weapon locker (Cost: 9)
[2018/1/28 - 18:47:56] Walter Skinner has withdrawn a M4A1 from the weapon locker (Cost: 9)
[2018/1/28 - 18:49:16] Walter Skinner has withdrawn a SPAS-12 from the weapon locker (Cost: 9)
[2018/1/28 - 18:49:39] Walter Skinner has withdrawn a M4A1 from the weapon locker (Cost: 9)
[2018/1/28 - 18:51:43] Walter Skinner has withdrawn a SPAS-12 from the weapon locker (Cost: 9)
[2018/1/28 - 18:51:44] Walter Skinner has withdrawn a M4A1 from the weapon locker (Cost: 9)
[2018/1/28 - 18:53:31] Walter Skinner has withdrawn a SPAS-12 from the weapon locker (Cost: 9)
[2018/1/28 - 18:53:33] Walter Skinner has withdrawn a M4A1 from the weapon locker (Cost: 9)
[2018/1/28 - 18:57:49] Billy Greaves (1000147807) accepted Commander Sean James's (1000047031) invite to join LSPD (1).
[2018/1/28 - 18:58:09] Commander Sean James (1000047031) (rank 7) has given Billy Greaves (1000147807) rank 3 (Corporal) in LSPD (1).
[2018/1/28 - 18:58:12] [P310] Officer II Jame Walsh has logged out.
[2018/1/28 - 18:58:13] Commander Sean James (1000047031) has set Billy Greaves's (1000147807) division to PTL in LSPD (1).
[2018/1/28 - 18:58:30] Sean James (1000047031) has set Billy Greaves's (1000147807) badge to P302.
[2018/1/28 - 18:59:11] Stefan Legend has withdrawn a M4A1 from the weapon locker (Cost: 9)
[2018/1/28 - 18:59:17] Stefan Legend has withdrawn a Desert Eagle from the weapon locker (Cost: 3)
[2018/1/28 - 18:59:18] Walter Skinner has withdrawn a SPAS-12 from the weapon locker (Cost: 9)
[2018/1/28 - 18:59:19] Walter Skinner has withdrawn a M4A1 from the weapon locker (Cost: 9)
[2018/1/28 - 18:59:22] Walter Skinner has withdrawn a Desert Eagle from the weapon locker (Cost: 3)
[2018/1/28 - 19:02:25] Billy Greaves has withdrawn a Desert Eagle from the weapon locker (Cost: 3)
[2018/1/28 - 19:02:28] Billy Greaves has withdrawn a SPAS-12 from the weapon locker (Cost: 9)
[2018/1/28 - 19:02:30] Billy Greaves has withdrawn a M4A1 from the weapon locker (Cost: 9)
[2018/1/28 - 19:02:32] Billy Greaves has withdrawn a Sniper Rifle from the weapon locker (Cost: 10)
[2018/1/28 - 19:06:29] [P302] Corporal Billy Greaves has logged out.
[2018/1/28 - 19:07:10] Abe Abdel has withdrawn a Desert Eagle from the weapon locker (Cost: 3)
[2018/1/28 - 19:07:11] Abe Abdel has withdrawn a Nitestick from the weapon locker (Cost: 1)
[2018/1/28 - 19:07:11] Abe Abdel has withdrawn a SPAS-12 from the weapon locker (Cost: 9)
[2018/1/28 - 19:07:12] Abe Abdel has withdrawn a M4A1 from the weapon locker (Cost: 9)
[2018/1/28 - 19:14:57] Abe Abdel has withdrawn a Desert Eagle from the weapon locker (Cost: 3)
[2018/1/28 - 19:14:57] Abe Abdel has withdrawn a SPAS-12 from the weapon locker (Cost: 9)
[2018/1/28 - 19:14:58] Abe Abdel has withdrawn a M4A1 from the weapon locker (Cost: 9)
[2018/1/28 - 19:14:59] Abe Abdel has withdrawn a Nitestick from the weapon locker (Cost: 1)
[2018/1/28 - 19:20:05] Walter Skinner has withdrawn a SPAS-12 from the weapon locker (Cost: 9)
[2018/1/28 - 19:20:06] Walter Skinner has withdrawn a Desert Eagle from the weapon locker (Cost: 3)
[2018/1/28 - 19:20:34] [P220] Officer II Walter Skinner has logged out.
[2018/1/28 - 19:30:07] Abe Abdel has withdrawn a Desert Eagle from the weapon locker (Cost: 3)
[2018/1/28 - 19:30:07] Sven Keizer has withdrawn a Nitestick from the weapon locker (Cost: 1)
[2018/1/28 - 19:30:08] Abe Abdel has withdrawn a Nitestick from the weapon locker (Cost: 1)
[2018/1/28 - 19:30:08] Sven Keizer has withdrawn a Spray Can from the weapon locker (Cost: 1)
[2018/1/28 - 19:30:09] Sven Keizer has withdrawn a Desert Eagle from the weapon locker (Cost: 3)
[2018/1/28 - 19:30:09] Abe Abdel has withdrawn a SPAS-12 from the weapon locker (Cost: 9)
[2018/1/28 - 19:30:10] Sven Keizer has withdrawn a MP5 from the weapon locker (Cost: 4)
[2018/1/28 - 19:30:10] Abe Abdel has withdrawn a M4A1 from the weapon locker (Cost: 9)
[2018/1/28 - 19:30:11] Sven Keizer has withdrawn a SPAS-12 from the weapon locker (Cost: 9)
[2018/1/28 - 19:30:12] Sven Keizer has withdrawn a M4A1 from the weapon locker (Cost: 9)
[2018/1/28 - 19:31:47] Michael Buenoh has withdrawn a Desert Eagle from the weapon locker (Cost: 3)
[2018/1/28 - 19:51:47] Micheal Connolly (24808) accepted Deputy Chief Derek Hunter's (1000073823) invite to join LSPD (1).
[2018/1/28 - 19:51:49] Deputy Chief Derek Hunter (1000073823) (rank 8) has given Micheal Connolly (24808) rank 2 (Officer II) in LSPD (1).
[2018/1/28 - 19:51:53] Deputy Chief Derek Hunter (1000073823) has set Micheal Connolly's (24808) division to PTL in LSPD (1).
[2018/1/28 - 19:52:04] Derek Hunter (1000073823) has set Micheal Connolly's (24808) badge to P201.
[2018/1/28 - 19:52:17] Recruit Michael Buenoh has logged out.
[2018/1/28 - 19:52:18] [A178] Deputy Chief Derek Hunter has logged out.
[2018/1/28 - 19:53:32] Micheal Connolly has withdrawn a Nitestick from the weapon locker (Cost: 1)
[2018/1/28 - 19:53:33] Micheal Connolly has withdrawn a Spray Can from the weapon locker (Cost: 1)
[2018/1/28 - 19:53:41] Micheal Connolly has withdrawn a Desert Eagle from the weapon locker (Cost: 3)
[2018/1/28 - 19:54:27] Micheal Connolly has withdrawn a SPAS-12 from the weapon locker (Cost: 9)
[2018/1/28 - 19:54:28] Micheal Connolly has withdrawn a M4A1 from the weapon locker (Cost: 9)
[2018/1/28 - 19:55:50] [P201] Officer II Micheal Connolly has logged out.
[2018/1/28 - 19:58:56] [P276] Officer II Peter Rodriguez has logged out.
[2018/1/28 - 20:04:17] [P276] Officer II Peter Rodriguez has logged out.
[2018/1/28 - 20:05:15] Commander Sean James (1000047031) (rank 7) has given Sven Keizer (1000624799) rank 2 (Officer II) in LSPD (1).
[2018/1/28 - 20:06:28] [P256] Officer II Sven Keizer has logged out.
[2018/1/28 - 20:15:09] [P276] Officer II Peter Rodriguez has logged out.
[2018/1/28 - 20:15:25] [I209] Sergeant I Cruzio Demon has timed out.
[2018/1/28 - 20:17:39] Micheal Connolly has withdrawn a Nitestick from the weapon locker (Cost: 1)
[2018/1/28 - 20:17:42] Micheal Connolly has withdrawn a Spray Can from the weapon locker (Cost: 1)
[2018/1/28 - 20:17:44] Micheal Connolly has withdrawn a Desert Eagle from the weapon locker (Cost: 3)
[2018/1/28 - 20:17:45] Micheal Connolly has withdrawn a MP5 from the weapon locker (Cost: 4)
[2018/1/28 - 20:17:47] Micheal Connolly has withdrawn a SPAS-12 from the weapon locker (Cost: 9)
[2018/1/28 - 20:17:49] Micheal Connolly has withdrawn a M4A1 from the weapon locker (Cost: 9)
[2018/1/28 - 20:17:51] Cruzio Demon has withdrawn a Desert Eagle from the weapon locker (Cost: 3)
[2018/1/28 - 20:17:52] Cruzio Demon has withdrawn a SPAS-12 from the weapon locker (Cost: 9)
[2018/1/28 - 20:17:53] Cruzio Demon has withdrawn a M4A1 from the weapon locker (Cost: 9)
[2018/1/28 - 20:17:54] Stefan Legend has withdrawn a SPAS-12 from the weapon locker (Cost: 9)
[2018/1/28 - 20:17:54] Cruzio Demon has withdrawn a Sniper Rifle from the weapon locker (Cost: 10)
[2018/1/28 - 20:17:54] Stefan Legend has withdrawn a Desert Eagle from the weapon locker (Cost: 3)
[2018/1/28 - 20:18:28] Luke Farrington has withdrawn a Desert Eagle from the weapon locker (Cost: 3)
[2018/1/28 - 20:18:29] Luke Farrington has withdrawn a MP5 from the weapon locker (Cost: 4)
[2018/1/28 - 20:18:30] Luke Farrington has withdrawn a M4A1 from the weapon locker (Cost: 9)
[2018/1/28 - 20:18:35] Luke Farrington has withdrawn a SPAS-12 from the weapon locker (Cost: 9)
[2018/1/28 - 20:18:41] Lionel Taylor has withdrawn a Desert Eagle from the weapon locker (Cost: 3)
[2018/1/28 - 20:18:52] Lionel Taylor has withdrawn a SPAS-12 from the weapon locker (Cost: 9)
[2018/1/28 - 20:19:00] Lionel Taylor has deposited a SPAS-12 into the locker.
[2018/1/28 - 20:19:04] Lionel Taylor has withdrawn a M4A1 from the weapon locker (Cost: 9)
[2018/1/28 - 20:19:05] Lionel Taylor has withdrawn a Sniper Rifle from the weapon locker (Cost: 10)
[2018/1/28 - 20:19:08] Kendall Parker has withdrawn a Nitestick from the weapon locker (Cost: 1)
[2018/1/28 - 20:19:09] Kendall Parker has withdrawn a Spray Can from the weapon locker (Cost: 1)
[2018/1/28 - 20:19:10] Kendall Parker has withdrawn a Desert Eagle from the weapon locker (Cost: 3)
[2018/1/28 - 20:19:12] Kendall Parker has withdrawn a SPAS-12 from the weapon locker (Cost: 9)
[2018/1/28 - 20:19:13] Kendall Parker has withdrawn a M4A1 from the weapon locker (Cost: 9)
[2018/1/28 - 20:22:12] Abe Abdel has withdrawn a SPAS-12 from the weapon locker (Cost: 9)
[2018/1/28 - 20:22:13] Abe Abdel has withdrawn a M4A1 from the weapon locker (Cost: 9)
[2018/1/28 - 20:22:14] Abe Abdel has withdrawn a Desert Eagle from the weapon locker (Cost: 3)
[2018/1/28 - 20:29:14] [P276] Officer II Peter Rodriguez has logged out.
[2018/1/28 - 20:29:28] [P252] Corporal John Swagger has timed out.
[2018/1/28 - 20:30:41] Richard Chaos Vane (41959) accepted Commander Sean James's (1000047031) invite to join LSPD (1).
[2018/1/28 - 20:30:42] Commander Sean James (1000047031) (rank 7) has given Richard Chaos Vane (41959) rank 5 (Sergeant II) in LSPD (1).
[2018/1/28 - 20:30:48] Stefan Legend has withdrawn a M4A1 from the weapon locker (Cost: 9)
[2018/1/28 - 20:30:50] Stefan Legend has withdrawn a Desert Eagle from the weapon locker (Cost: 3)
[2018/1/28 - 20:30:53] Commander Sean James (1000047031) has set Richard Chaos Vane's (41959) division to PTL in LSPD (1).
[2018/1/28 - 20:31:10] Jerome Mcwill (1000624818) accepted Deputy Chief Derek Hunter's (1000073823) invite to join LSPD (1).
[2018/1/28 - 20:31:10] Sean James (1000047031) has set Richard Chaos Vane's (41959) badge to P269.
[2018/1/28 - 20:32:20] Jerome Mcwill has withdrawn a Nitestick from the weapon locker (Cost: 1)
[2018/1/28 - 20:32:21] Jerome Mcwill has withdrawn a Spray Can from the weapon locker (Cost: 1)
[2018/1/28 - 20:32:23] Jerome Mcwill has withdrawn a MP5 from the weapon locker (Cost: 4)
[2018/1/28 - 20:32:30] Sean James has authorized Jerome Mcwill to withdraw a SPAS-12 from the weapon locker (Cost: 9)
[2018/1/28 - 20:33:32] [P276] Officer II Peter Rodriguez has logged out.
[2018/1/28 - 20:33:33] Sean James has authorized Jerome Mcwill to withdraw a Sniper Rifle from the weapon locker (Cost: 10)
[2018/1/28 - 20:34:03] [I224] Michael Westen has logged in.
[2018/1/28 - 20:34:28] [D383] Corporal Kendall Parker has logged out.
[2018/1/28 - 20:35:23] Recruit Jerome Mcwill has logged out.
[2018/1/28 - 20:35:56] [D383] Corporal Kendall Parker has logged out.
[2018/1/28 - 20:36:08] [I209] Sergeant I Cruzio Demon has timed out.
[2018/1/28 - 20:36:30] [I224] Lieutenant Michael Westen has logged out.
[2018/1/28 - 20:36:42] [P269] Sergeant II Richard Chaos Vane has timed out.
[2018/1/28 - 20:37:32] Mark Williamson has withdrawn a Desert Eagle from the weapon locker (Cost: 3)
[2018/1/28 - 20:37:33] Mark Williamson has withdrawn a MP5 from the weapon locker (Cost: 4)
[2018/1/28 - 20:37:33] Mark Williamson has withdrawn a SPAS-12 from the weapon locker (Cost: 9)
[2018/1/28 - 20:37:34] Mark Williamson has withdrawn a M4A1 from the weapon locker (Cost: 9)
[2018/1/28 - 20:37:37] Micheal Connolly has withdrawn a Nitestick from the weapon locker (Cost: 1)
[2018/1/28 - 20:37:38] Micheal Connolly has withdrawn a Spray Can from the weapon locker (Cost: 1)
[2018/1/28 - 20:37:39] Micheal Connolly has withdrawn a Desert Eagle from the weapon locker (Cost: 3)
[2018/1/28 - 20:37:40] Micheal Connolly has withdrawn a MP5 from the weapon locker (Cost: 4)
[2018/1/28 - 20:37:41] Micheal Connolly has withdrawn a SPAS-12 from the weapon locker (Cost: 9)
[2018/1/28 - 20:37:42] Micheal Connolly has withdrawn a M4A1 from the weapon locker (Cost: 9)
[2018/1/28 - 20:38:16] Richard Chaos Vane has withdrawn a M4A1 from the weapon locker (Cost: 9)
[2018/1/28 - 20:38:19] Richard Chaos Vane has withdrawn a Desert Eagle from the weapon locker (Cost: 3)
[2018/1/28 - 20:38:20] Richard Chaos Vane has withdrawn a Shotgun from the weapon locker (Cost: 2)
[2018/1/28 - 20:38:44] Cruzio Demon has withdrawn a Desert Eagle from the weapon locker (Cost: 3)
[2018/1/28 - 20:38:45] Cruzio Demon has withdrawn a SPAS-12 from the weapon locker (Cost: 9)
[2018/1/28 - 20:38:46] Cruzio Demon has withdrawn a M4A1 from the weapon locker (Cost: 9)
[2018/1/28 - 20:38:47] Cruzio Demon has withdrawn a Sniper Rifle from the weapon locker (Cost: 10)
[2018/1/28 - 20:40:15] Trent Wolf has withdrawn a M4A1 from the weapon locker (Cost: 9)
[2018/1/28 - 20:40:29] Peter Rodriguez has withdrawn a Nitestick from the weapon locker (Cost: 1)
[2018/1/28 - 20:40:30] Peter Rodriguez has withdrawn a Desert Eagle from the weapon locker (Cost: 3)
[2018/1/28 - 20:40:31] Derek Hunter has withdrawn a Desert Eagle from the weapon locker (Cost: 3)
[2018/1/28 - 20:40:32] Peter Rodriguez has withdrawn a M4A1 from the weapon locker (Cost: 9)
[2018/1/28 - 20:40:33] Derek Hunter has withdrawn a M4A1 from the weapon locker (Cost: 9)
[2018/1/28 - 20:40:34] Derek Hunter has withdrawn a Sniper Rifle from the weapon locker (Cost: 10)
[2018/1/28 - 20:40:35] [P269] Sergeant II Richard Chaos Vane has timed out.
[2018/1/28 - 20:40:36] Derek Hunter has withdrawn a SPAS-12 from the weapon locker (Cost: 9)
[2018/1/28 - 20:41:02] [D284] Officer II Luke Farrington has timed out.
[2018/1/28 - 20:43:02] Abe Abdel has withdrawn a Desert Eagle from the weapon locker (Cost: 3)
[2018/1/28 - 20:43:03] Abe Abdel has withdrawn a Nitestick from the weapon locker (Cost: 1)
[2018/1/28 - 20:43:03] Abe Abdel has withdrawn a SPAS-12 from the weapon locker (Cost: 9)
[2018/1/28 - 20:43:04] Abe Abdel has withdrawn a M4A1 from the weapon locker (Cost: 9)
[2018/1/28 - 20:43:25] [D383] Corporal Kendall Parker has logged out.
[2018/1/28 - 20:44:52] [P276] Officer II Peter Rodriguez has logged out.
[2018/1/28 - 20:50:02] [D284] Officer II Luke Farrington has timed out.
[2018/1/28 - 20:51:17] Jame Walsh has withdrawn a Nitestick from the weapon locker (Cost: 1)
[2018/1/28 - 20:51:18] Jame Walsh has withdrawn a Spray Can from the weapon locker (Cost: 1)
[2018/1/28 - 20:51:20] Jame Walsh has withdrawn a Desert Eagle from the weapon locker (Cost: 3)
[2018/1/28 - 20:51:21] Jame Walsh has withdrawn a MP5 from the weapon locker (Cost: 4)
[2018/1/28 - 20:51:22] Jame Walsh has withdrawn a SPAS-12 from the weapon locker (Cost: 9)
[2018/1/28 - 20:51:24] Jame Walsh has withdrawn a AK-47 from the weapon locker (Cost: 5)
[2018/1/28 - 20:51:26] Jame Walsh has withdrawn a Tear Gas from the weapon locker (Cost: 1)
[2018/1/28 - 20:56:07] [P269] Sergeant II Richard Chaos Vane has logged out.
[2018/1/28 - 21:01:45] [D383] Corporal Kendall Parker has timed out.
[2018/1/28 - 21:02:43] [P252] Corporal John Swagger has logged out.
[2018/1/28 - 21:02:55] [P276] Officer II Peter Rodriguez has logged out.
[2018/1/28 - 21:09:12] [I209] Sergeant I Cruzio Demon has timed out.
[2018/1/28 - 21:10:37] Jame Walsh has withdrawn a Nitestick from the weapon locker (Cost: 1)
[2018/1/28 - 21:10:39] Jame Walsh has withdrawn a Spray Can from the weapon locker (Cost: 1)
[2018/1/28 - 21:10:40] Jame Walsh has withdrawn a Desert Eagle from the weapon locker (Cost: 3)
[2018/1/28 - 21:10:41] Jame Walsh has withdrawn a MP5 from the weapon locker (Cost: 4)
[2018/1/28 - 21:10:43] Jame Walsh has withdrawn a Shotgun from the weapon locker (Cost: 2)
[2018/1/28 - 21:10:44] Jame Walsh has withdrawn a SPAS-12 from the weapon locker (Cost: 9)
[2018/1/28 - 21:10:45] Jame Walsh has withdrawn a AK-47 from the weapon locker (Cost: 5)
[2018/1/28 - 21:10:47] Jame Walsh has withdrawn a Tear Gas from the weapon locker (Cost: 1)
[2018/1/28 - 21:11:24] Stefan Legend has withdrawn a Desert Eagle from the weapon locker (Cost: 3)
[2018/1/28 - 21:11:28] Stefan Legend has withdrawn a M4A1 from the weapon locker (Cost: 9)
[2018/1/28 - 21:14:39] Zack Viccaji has withdrawn a Desert Eagle from the weapon locker (Cost: 3)
[2018/1/28 - 21:14:43] Zack Viccaji has withdrawn a MP5 from the weapon locker (Cost: 4)
[2018/1/28 - 21:16:44] Cruzio Demon has withdrawn a Desert Eagle from the weapon locker (Cost: 3)
[2018/1/28 - 21:16:45] Cruzio Demon has withdrawn a SPAS-12 from the weapon locker (Cost: 9)
[2018/1/28 - 21:16:46] Cruzio Demon has withdrawn a Sniper Rifle from the weapon locker (Cost: 10)
[2018/1/28 - 21:16:47] Cruzio Demon has withdrawn a M4A1 from the weapon locker (Cost: 9)
[2018/1/28 - 21:16:58] Michael Buenoh has withdrawn a Shotgun from the weapon locker (Cost: 2)
[2018/1/28 - 21:18:03] Abe Abdel has withdrawn a Desert Eagle from the weapon locker (Cost: 3)
[2018/1/28 - 21:18:04] Abe Abdel has withdrawn a Nitestick from the weapon locker (Cost: 1)
[2018/1/28 - 21:18:05] Abe Abdel has withdrawn a SPAS-12 from the weapon locker (Cost: 9)
[2018/1/28 - 21:18:05] Abe Abdel has withdrawn a M4A1 from the weapon locker (Cost: 9)
[2018/1/28 - 21:23:06] Recruit Michael Buenoh has logged out.
[2018/1/28 - 21:23:41] Recruit Jerome Mcwill has logged out.
[2018/1/28 - 21:25:07] [I209] Sergeant I Cruzio Demon has timed out.
[2018/1/28 - 21:25:08] [P269] Sergeant II Richard Chaos Vane has timed out.
[2018/1/28 - 21:25:47] [I224] Michael Westen has logged in.
[2018/1/28 - 21:26:35] [I224] Lieutenant Michael Westen has logged out.
[2018/1/28 - 21:27:48] Cruzio Demon has withdrawn a Desert Eagle from the weapon locker (Cost: 3)
[2018/1/28 - 21:27:48] Cruzio Demon has withdrawn a Sniper Rifle from the weapon locker (Cost: 10)
[2018/1/28 - 21:27:49] Cruzio Demon has withdrawn a M4A1 from the weapon locker (Cost: 9)
[2018/1/28 - 21:27:50] Cruzio Demon has withdrawn a SPAS-12 from the weapon locker (Cost: 9)
[2018/1/28 - 21:28:48] [A178] Deputy Chief Derek Hunter has logged out.
[2018/1/28 - 21:33:32] Abe Abdel has withdrawn a M4A1 from the weapon locker (Cost: 9)
[2018/1/28 - 21:33:33] Abe Abdel has withdrawn a SPAS-12 from the weapon locker (Cost: 9)
[2018/1/28 - 21:33:33] Abe Abdel has withdrawn a Desert Eagle from the weapon locker (Cost: 3)
[2018/1/28 - 21:33:34] Abe Abdel has withdrawn a Nitestick from the weapon locker (Cost: 1)
[2018/1/28 - 21:35:23] Ty Smith (1000601662) has made Ty Smith (1000601662) the leader of the LSPD.
[2018/1/28 - 21:38:56] Abe Abdel has accepted Billy Chicano's release request.
[2018/1/28 - 21:40:33] [D211] Officer II Abe Abdel has logged out.
[2018/1/28 - 21:42:50] Recruit Michael Buenoh has logged out.
[2018/1/28 - 21:42:52] Micheal Connolly has withdrawn a Nitestick from the weapon locker (Cost: 1)
[2018/1/28 - 21:42:53] Micheal Connolly has withdrawn a Spray Can from the weapon locker (Cost: 1)
[2018/1/28 - 21:42:54] Micheal Connolly has withdrawn a Desert Eagle from the weapon locker (Cost: 3)
[2018/1/28 - 21:42:55] Micheal Connolly has withdrawn a MP5 from the weapon locker (Cost: 4)
[2018/1/28 - 21:42:56] Micheal Connolly has withdrawn a SPAS-12 from the weapon locker (Cost: 9)
[2018/1/28 - 21:42:58] Micheal Connolly has withdrawn a M4A1 from the weapon locker (Cost: 9)
[2018/1/28 - 21:43:19] [P310] Officer II Jame Walsh has logged out.
[2018/1/28 - 21:46:43] Zack Viccaji has withdrawn a Desert Eagle from the weapon locker (Cost: 3)
[2018/1/28 - 21:46:45] Zack Viccaji has withdrawn a MP5 from the weapon locker (Cost: 4)
[2018/1/28 - 21:46:49] [D246] Officer II Zack Viccaji has logged out.
[2018/1/28 - 21:59:32] Stefan Legend has withdrawn a SPAS-12 from the weapon locker (Cost: 9)
[2018/1/28 - 21:59:34] Stefan Legend has withdrawn a Desert Eagle from the weapon locker (Cost: 3)
[2018/1/28 - 22:01:53] [I209] Sergeant I Cruzio Demon has timed out.
[2018/1/28 - 22:03:47] [I209] Sergeant I Cruzio Demon has logged out.
[2018/1/28 - 22:06:33] Micheal Connolly has withdrawn a Nitestick from the weapon locker (Cost: 1)
[2018/1/28 - 22:06:34] Micheal Connolly has withdrawn a Spray Can from the weapon locker (Cost: 1)
[2018/1/28 - 22:06:35] Micheal Connolly has withdrawn a Desert Eagle from the weapon locker (Cost: 3)
[2018/1/28 - 22:06:37] Micheal Connolly has withdrawn a MP5 from the weapon locker (Cost: 4)
[2018/1/28 - 22:06:38] Micheal Connolly has withdrawn a SPAS-12 from the weapon locker (Cost: 9)
[2018/1/28 - 22:06:39] Micheal Connolly has withdrawn a M4A1 from the weapon locker (Cost: 9)
[2018/1/28 - 22:07:07] Cruzio Demon has withdrawn a Desert Eagle from the weapon locker (Cost: 3)
[2018/1/28 - 22:07:09] Cruzio Demon has withdrawn a SPAS-12 from the weapon locker (Cost: 9)
[2018/1/28 - 22:07:09] Cruzio Demon has withdrawn a M4A1 from the weapon locker (Cost: 9)
[2018/1/28 - 22:07:10] Cruzio Demon has withdrawn a Sniper Rifle from the weapon locker (Cost: 10)
[2018/1/28 - 22:30:02] Sergeant II Trent Wolf has timed out.
[2018/1/28 - 22:37:09] * Officer Alex Whey Jefferson has taken away Casper Fortunato's weapons.
[2018/1/28 - 22:38:11] * Officer Cruzio Demon has taken away Neo Ryders's weapons.
[2018/1/28 - 22:38:40] [D383] Corporal Chelsya Thomas has logged out.
[2018/1/28 - 22:38:49] Micheal Connolly has withdrawn a Nitestick from the weapon locker (Cost: 1)
[2018/1/28 - 22:38:50] Micheal Connolly has withdrawn a Spray Can from the weapon locker (Cost: 1)
[2018/1/28 - 22:38:50] Micheal Connolly has withdrawn a Desert Eagle from the weapon locker (Cost: 3)
[2018/1/28 - 22:38:51] Micheal Connolly has withdrawn a MP5 from the weapon locker (Cost: 4)
[2018/1/28 - 22:38:52] Micheal Connolly has withdrawn a SPAS-12 from the weapon locker (Cost: 9)
[2018/1/28 - 22:38:53] Micheal Connolly has withdrawn a M4A1 from the weapon locker (Cost: 9)
[2018/1/28 - 22:40:33] James Mustang has withdrawn a Desert Eagle from the weapon locker (Cost: 3)
[2018/1/28 - 22:40:34] James Mustang has withdrawn a SPAS-12 from the weapon locker (Cost: 9)
[2018/1/28 - 22:40:36] James Mustang has withdrawn a M4A1 from the weapon locker (Cost: 9)
[2018/1/28 - 22:42:35] Cruzio Demon has accepted Billy Chicano's release request.
[2018/1/28 - 22:46:16] Ty Smith (1000601662) has made Ty Smith (1000601662) the leader of the LSPD.
[2018/1/28 - 22:47:51] [VTICKET] Officer John Swagger has ticketed Zieyd Adams's Elegy (2178) for $5,000.
[2018/1/28 - 22:48:02] IMPOUND: John Swagger has impounded Zieyd Adams's Elegy and gained $11,550
[2018/1/28 - 22:48:50] [I209] Sergeant I Cruzio Demon has timed out.
[2018/1/28 - 22:51:10] * Officer Lexy Kanon has taken away Casper Fortunato's weapons.
[2018/1/28 - 22:52:41] Micheal Connolly (24808) has quit the LSPD as a rank 2
[2018/1/28 - 22:52:59] [P304] Officer I Conner James has timed out.
[2018/1/28 - 22:53:46] Alex Whey Jefferson has withdrawn a Desert Eagle from the weapon locker (Cost: 3)
[2018/1/28 - 22:53:47] Alex Whey Jefferson has withdrawn a SPAS-12 from the weapon locker (Cost: 9)
[2018/1/28 - 22:53:47] Alex Whey Jefferson has withdrawn a AK-47 from the weapon locker (Cost: 5)
[2018/1/28 - 22:53:49] Alex Whey Jefferson has withdrawn a Sniper Rifle from the weapon locker (Cost: 10)
[2018/1/28 - 22:53:53] Cruzio Demon has withdrawn a Desert Eagle from the weapon locker (Cost: 3)
[2018/1/28 - 22:53:53] Cruzio Demon has withdrawn a SPAS-12 from the weapon locker (Cost: 9)
[2018/1/28 - 22:53:54] Cruzio Demon has withdrawn a M4A1 from the weapon locker (Cost: 9)
[2018/1/28 - 22:53:55] Cruzio Demon has withdrawn a Sniper Rifle from the weapon locker (Cost: 10)
[2018/1/28 - 22:55:07] [FXXX] Corporal James Mustang has logged out.
[2018/1/28 - 22:56:45] Michael Buenoh has withdrawn a Desert Eagle from the weapon locker (Cost: 3)
[2018/1/28 - 22:56:59] John Swagger has withdrawn a SPAS-12 from the weapon locker (Cost: 9)
[2018/1/28 - 22:59:33] Recruit Michael Buenoh has logged out.
[2018/1/28 - 23:00:25] [P252] Corporal John Swagger has logged out.
[2018/1/28 - 23:00:55] Cruzio Demon has withdrawn a Desert Eagle from the weapon locker (Cost: 3)
[2018/1/28 - 23:00:56] Cruzio Demon has withdrawn a SPAS-12 from the weapon locker (Cost: 9)
[2018/1/28 - 23:00:57] Cruzio Demon has withdrawn a M4A1 from the weapon locker (Cost: 9)
[2018/1/28 - 23:00:58] Cruzio Demon has withdrawn a Sniper Rifle from the weapon locker (Cost: 10)
[2018/1/28 - 23:01:17] Alex Whey Jefferson has withdrawn a Desert Eagle from the weapon locker (Cost: 3)
[2018/1/28 - 23:01:17] Alex Whey Jefferson has withdrawn a SPAS-12 from the weapon locker (Cost: 9)
[2018/1/28 - 23:01:18] Alex Whey Jefferson has withdrawn a AK-47 from the weapon locker (Cost: 5)
[2018/1/28 - 23:01:25] [D294] Corporal Alex Whey Jefferson has logged out.
[2018/1/28 - 23:02:09] [I209] Sergeant I Cruzio Demon has logged out.
[2018/1/28 - 23:16:07] [D279] Officer II Stefan Legend has logged out.
[2018/1/28 - 23:21:06] John Swagger has withdrawn a Desert Eagle from the weapon locker (Cost: 3)
[2018/1/28 - 23:21:07] John Swagger has withdrawn a SPAS-12 from the weapon locker (Cost: 9)
[2018/1/28 - 23:21:08] John Swagger has withdrawn a M4A1 from the weapon locker (Cost: 9)
[2018/1/28 - 23:25:09] [P252] Corporal John Swagger has logged out.
[2018/1/28 - 23:55:35] [D270] Mickey Mcflies has logged in.
[2018/1/28 - 23:57:58] [D279] Officer II Holden Ford has logged out.
[2018/1/28 - 23:59:29] [PXXX] Recruit Roy Kingstone has timed out.
