[2018/1/1 - 17:36:00] Keith Lawrence (1000624840) has made Keith Lawrence (1000624840) the leader of the LSPD.
[2018/1/1 - 17:37:24] Keith Lawrence (1000624840) has made Keith Lawrence (1000624840) the leader of the LSPD.
[2018/1/1 - 17:37:36] Keith Lawrence (1000624840) has made Jerome Mcwill (1000624818) the leader of the LSPD.
[2018/1/1 - 17:37:41] Chief of Police Keith Lawrence (1000624840) (rank 9) has given Jerome Mcwill (1000624818) rank 6 (Lieutenant) in LSPD (1).
[2018/1/1 - 17:37:44] Chief of Police Keith Lawrence (1000624840) (rank 9) has given Jerome Mcwill (1000624818) rank 7 (Captain) in LSPD (1).
[2018/1/1 - 17:38:32] Keith Lawrence (1000624840) has made Carlos Ramirez (118665) the leader of the LSPD.
[2018/1/1 - 17:38:38] Chief of Police Keith Lawrence (1000624840) (rank 9) has given Carlos Ramirez (118665) rank 6 (Lieutenant) in LSPD (1).
[2018/1/1 - 17:38:43] Leroy J. Meyers (1000172501) has made Hector Rivera (1000366615) the leader of the LSPD.
[2018/1/1 - 17:39:22] Leroy J. Meyers (1000172501) has made Mike Rafael (26972) the leader of the LSPD.
[2018/1/1 - 17:40:08] Chief of Police Hector Rivera (1000366615) (rank 9) has given Carlos Ramirez (118665) rank 7 (Captain) in LSPD (1).
[2018/1/1 - 17:40:11] Chief of Police Hector Rivera (1000366615) (rank 9) has given Carlos Ramirez (118665) rank 6 (Lieutenant) in LSPD (1).
[2018/1/1 - 17:40:24] Chief of Police Hector Rivera (1000366615) (rank 9) has given Mike Rafael (26972) rank 6 (Lieutenant) in LSPD (1).
[2018/1/1 - 17:40:45] Lieutenant Mike Rafael (26972) has set Mike Rafael's (26972) division to IA in LSPD (1).
[2018/1/1 - 17:40:53] Mike Rafael (26972) has set Mike Rafael's (26972) badge to I220.
[2018/1/1 - 17:40:54] Max Bluman (1000129354) accepted Captain Jerome Mcwill's (1000624818) invite to join LSPD (1).
[2018/1/1 - 17:41:00] Donnie Ji (1000332639) accepted Captain Jerome Mcwill's (1000624818) invite to join LSPD (1).
[2018/1/1 - 17:41:02] Captain Jerome Mcwill (1000624818) (rank 7) has given Max Bluman (1000129354) rank 3 (Corporal) in LSPD (1).
[2018/1/1 - 17:41:04] Captain Jerome Mcwill (1000624818) (rank 7) has given Max Bluman (1000129354) rank 4 (Sergeant) in LSPD (1).
[2018/1/1 - 17:41:13] Keith Lawrence (1000624840) has made Donnie Ji (1000332639) the leader of the LSPD.
[2018/1/1 - 17:41:30] Jerome Mcwill (1000624818) has set Max Bluman's (1000129354) badge to P238.
[2018/1/1 - 17:41:31] Mike Rafael (26972) has set Max Bluman's (1000129354) badge to P238.
[2018/1/1 - 17:41:35] Captain Jerome Mcwill (1000624818) has set Max Bluman's (1000129354) division to PTL in LSPD (1).
[2018/1/1 - 17:41:35] Maxmilian Parker (1000624828) accepted Chief of Police Donnie Ji's (1000332639) invite to join LSPD (1).
[2018/1/1 - 17:41:45] Chief of Police Donnie Ji (1000332639) (rank 9) has uninvited Maxmilian Parker (1000624828) (rank 0) from LSPD (1).
[2018/1/1 - 17:42:01] Carlos Ramirez (118665) has set Carlos Ramirez's (118665) badge to F213.
[2018/1/1 - 17:42:05] Sung Saito (1000624816) accepted Chief of Police Donnie Ji's (1000332639) invite to join LSPD (1).
[2018/1/1 - 17:42:13] Lieutenant Carlos Ramirez (118665) has set Carlos Ramirez's (118665) division to FTO in LSPD (1).
[2018/1/1 - 17:42:21] Donnie Ji has withdrawn a Desert Eagle from the weapon locker (Cost: 4)
[2018/1/1 - 17:42:23] Donnie Ji has withdrawn a SPAS-12 from the weapon locker (Cost: 0)
[2018/1/1 - 17:42:25] Donnie Ji has withdrawn a Sniper Rifle from the weapon locker (Cost: 0)
[2018/1/1 - 17:42:30] Max Bluman has withdrawn a Desert Eagle from the weapon locker (Cost: 4)
[2018/1/1 - 17:42:32] Max Bluman has withdrawn a MP5 from the weapon locker (Cost: 4)
[2018/1/1 - 17:42:34] Max Bluman has withdrawn a M4A1 from the weapon locker (Cost: 0)
[2018/1/1 - 17:42:37] Max Bluman has withdrawn a Sniper Rifle from the weapon locker (Cost: 0)
[2018/1/1 - 17:42:41] Max Bluman has withdrawn a TEC-9 from the weapon locker (Cost: 4)
[2018/1/1 - 17:42:43] Max Bluman has withdrawn a Micro Uzi from the weapon locker (Cost: 4)
[2018/1/1 - 17:42:46] Max Bluman has withdrawn a SPAS-12 from the weapon locker (Cost: 0)
[2018/1/1 - 17:42:48] Max Bluman has withdrawn a Nitestick from the weapon locker (Cost: 1)
[2018/1/1 - 17:42:49] Max Bluman has withdrawn a Spray Can from the weapon locker (Cost: 1)
[2018/1/1 - 17:43:14] Chief of Police Donnie Ji (1000332639) (rank 9) has given Donnie Ji (1000332639) rank 6 (Lieutenant) in LSPD (1).
[2018/1/1 - 17:43:21] Lieutenant Donnie Ji (1000332639) (rank 6) has given Max Bluman (1000129354) rank 4 (Sergeant) in LSPD (1).
[2018/1/1 - 17:43:46] Scott Goodman (863969) accepted Lieutenant Donnie Ji's (1000332639) invite to join LSPD (1).
[2018/1/1 - 17:43:47] Lieutenant Donnie Ji (1000332639) (rank 6) has given Scott Goodman (863969) rank 2 (Senior Officer) in LSPD (1).
[2018/1/1 - 17:43:58] Reece Storm (1000397312) accepted Lieutenant Donnie Ji's (1000332639) invite to join LSPD (1).
[2018/1/1 - 17:44:17] Brooke Chapman (1000481813) accepted Lieutenant Donnie Ji's (1000332639) invite to join LSPD (1).
[2018/1/1 - 17:44:21] Lieutenant Donnie Ji (1000332639) (rank 6) has given Brooke Chapman (1000481813) rank 2 (Senior Officer) in LSPD (1).
[2018/1/1 - 17:44:33] Lieutenant Donnie Ji (1000332639) (rank 6) has given Reece Storm (1000397312) rank 5 (Staff Sergeant) in LSPD (1).
[2018/1/1 - 17:44:39] Jay Artz (1000618511) accepted Captain Jerome Mcwill's (1000624818) invite to join LSPD (1).
[2018/1/1 - 17:44:43] Captain Jerome Mcwill (1000624818) (rank 7) has given Jay Artz (1000618511) rank 3 (Corporal) in LSPD (1).
[2018/1/1 - 17:44:55] Carlos Ramirez has withdrawn a Nitestick from the weapon locker (Cost: 1)
[2018/1/1 - 17:44:57] Carlos Ramirez has withdrawn a Desert Eagle from the weapon locker (Cost: 4)
[2018/1/1 - 17:44:58] Carlos Ramirez has withdrawn a MP5 from the weapon locker (Cost: 4)
[2018/1/1 - 17:45:01] Carlos Ramirez has withdrawn a SPAS-12 from the weapon locker (Cost: 0)
[2018/1/1 - 17:45:03] Carlos Ramirez has withdrawn a M4A1 from the weapon locker (Cost: 0)
[2018/1/1 - 17:45:04] Carlos Ramirez has withdrawn a Sniper Rifle from the weapon locker (Cost: 0)
[2018/1/1 - 17:45:22] Chief of Police Hector Rivera has logged out.
[2018/1/1 - 17:45:25] Shane Bond (1000624846) accepted Lieutenant Tobi Saito's (1000332639) invite to join LSPD (1).
[2018/1/1 - 17:45:27] Lieutenant Tobi Saito (1000332639) (rank 6) has given Shane Bond (1000624846) rank 2 (Senior Officer) in LSPD (1).
[2018/1/1 - 17:45:38] Jerome Mcwill (1000624818) has set Jerome Mcwill's (1000624818) badge to A102.
[2018/1/1 - 17:45:42] Jay Artz has withdrawn a Desert Eagle from the weapon locker (Cost: 4)
[2018/1/1 - 17:45:44] Jay Artz has withdrawn a SPAS-12 from the weapon locker (Cost: 0)
[2018/1/1 - 17:45:44] Captain Jerome Mcwill (1000624818) has set Jerome Mcwill's (1000624818) division to ADM in LSPD (1).
[2018/1/1 - 17:45:44] Jay Artz has withdrawn a M4A1 from the weapon locker (Cost: 0)
[2018/1/1 - 17:46:20] Shane Bond has withdrawn a Nitestick from the weapon locker (Cost: 1)
[2018/1/1 - 17:46:21] Shane Bond has withdrawn a Spray Can from the weapon locker (Cost: 1)
[2018/1/1 - 17:46:23] Shane Bond has withdrawn a Desert Eagle from the weapon locker (Cost: 4)
[2018/1/1 - 17:46:24] James Raminez (1000187106) accepted Lieutenant Carlos Ramirez's (118665) invite to join LSPD (1).
[2018/1/1 - 17:46:32] Liam Crawford (1000310515) accepted Lieutenant Tobi Saito's (1000332639) invite to join LSPD (1).
[2018/1/1 - 17:46:32] Hugo Rafael has withdrawn a Desert Eagle from the weapon locker (Cost: 4)
[2018/1/1 - 17:46:32] Lieutenant Tobi Saito (1000332639) (rank 6) has given Liam Crawford (1000310515) rank 2 (Senior Officer) in LSPD (1).
[2018/1/1 - 17:46:33] Shane Bond has withdrawn a MP5 from the weapon locker (Cost: 4)
[2018/1/1 - 17:46:34] Sung Saito has withdrawn a Desert Eagle from the weapon locker (Cost: 4)
[2018/1/1 - 17:46:34] Hugo Rafael has withdrawn a SPAS-12 from the weapon locker (Cost: 0)
[2018/1/1 - 17:46:35] Carlos Ramirez (118665) has set James Raminez's (1000187106) badge to 222.
[2018/1/1 - 17:46:36] Brooke Chapman has withdrawn a Desert Eagle from the weapon locker (Cost: 4)
[2018/1/1 - 17:46:37] Hugo Rafael has withdrawn a AK-47 from the weapon locker (Cost: 0)
[2018/1/1 - 17:46:39] Hugo Rafael has withdrawn a M4A1 from the weapon locker (Cost: 0)
[2018/1/1 - 17:46:41] Hugo Rafael has withdrawn a Sniper Rifle from the weapon locker (Cost: 0)
[2018/1/1 - 17:46:43] Sung Saito has withdrawn a MP5 from the weapon locker (Cost: 4)
[2018/1/1 - 17:46:44] Lieutenant Carlos Ramirez (118665) (rank 6) has given James Raminez (1000187106) rank 2 (Senior Officer) in LSPD (1).
[2018/1/1 - 17:46:45] Sung Saito has withdrawn a Shotgun from the weapon locker (Cost: 2)
[2018/1/1 - 17:46:48] Lieutenant Carlos Ramirez (118665) (rank 6) has given James Raminez (1000187106) rank 3 (Corporal) in LSPD (1).
[2018/1/1 - 17:46:50] Lieutenant Carlos Ramirez (118665) (rank 6) has given James Raminez (1000187106) rank 4 (Sergeant) in LSPD (1).
[2018/1/1 - 17:47:01] Lieutenant Carlos Ramirez (118665) has set James Raminez's (1000187106) division to FTO in LSPD (1).
[2018/1/1 - 17:47:03] Scott Goodman has withdrawn a Desert Eagle from the weapon locker (Cost: 4)
[2018/1/1 - 17:47:05] Lieutenant Tobi Saito (1000332639) has set Tobi Saito's (1000332639) division to PTL in LSPD (1).
[2018/1/1 - 17:47:11] Scott Goodman has withdrawn a Shotgun from the weapon locker (Cost: 2)
[2018/1/1 - 17:47:16] Carlos Ramirez (118665) has set Sung Saito's (1000624816) badge to 226.
[2018/1/1 - 17:47:18] Brooke Chapman has withdrawn a MP5 from the weapon locker (Cost: 4)
[2018/1/1 - 17:47:19] Brooke Chapman has withdrawn a Shotgun from the weapon locker (Cost: 2)
[2018/1/1 - 17:47:21] Scott Goodman has withdrawn a MP5 from the weapon locker (Cost: 4)
[2018/1/1 - 17:47:22] Tobi Saito (1000332639) has set Tobi Saito's (1000332639) badge to P265.
[2018/1/1 - 17:47:52] Hugo Rafael (26972) has set James Raminez's (1000187106) badge to F222.
[2018/1/1 - 17:48:06] James Raminez has withdrawn a Nitestick from the weapon locker (Cost: 1)
[2018/1/1 - 17:48:07] James Raminez has withdrawn a Spray Can from the weapon locker (Cost: 1)
[2018/1/1 - 17:48:07] James Raminez has withdrawn a Desert Eagle from the weapon locker (Cost: 4)
[2018/1/1 - 17:48:10] James Raminez has withdrawn a SPAS-12 from the weapon locker (Cost: 0)
[2018/1/1 - 17:48:11] James Raminez has withdrawn a M4A1 from the weapon locker (Cost: 0)
[2018/1/1 - 17:48:20] Hugo Rafael (26972) has set Brooke Chapman's (1000481813) badge to 228.
[2018/1/1 - 17:48:27] Hugo Rafael (26972) has set Brooke Chapman's (1000481813) badge to P228.
[2018/1/1 - 17:48:31] Lieutenant Hugo Rafael (26972) has set Brooke Chapman's (1000481813) division to PTL in LSPD (1).
[2018/1/1 - 17:48:48] Carlos Ramirez (118665) has set Shane Bond's (1000624846) badge to 200.
[2018/1/1 - 17:48:50] Carlos Ramirez (118665) has set Shane Bond's (1000624846) badge to F200.
[2018/1/1 - 17:48:50] Reece Storm has withdrawn a Nitestick from the weapon locker (Cost: 1)
[2018/1/1 - 17:48:51] Reece Storm has withdrawn a Spray Can from the weapon locker (Cost: 1)
[2018/1/1 - 17:48:52] Reece Storm has withdrawn a Desert Eagle from the weapon locker (Cost: 4)
[2018/1/1 - 17:48:53] Hugo Rafael (26972) has set Shane Bond's (1000624846) badge to F200.
[2018/1/1 - 17:48:55] Reece Storm has withdrawn a MP5 from the weapon locker (Cost: 4)
[2018/1/1 - 17:48:56] Reece Storm has withdrawn a Shotgun from the weapon locker (Cost: 2)
[2018/1/1 - 17:49:01] Reece Storm has withdrawn a M4A1 from the weapon locker (Cost: 0)
[2018/1/1 - 17:49:03] Reece Storm has withdrawn a SPAS-12 from the weapon locker (Cost: 0)
[2018/1/1 - 17:49:04] Hugo Rafael (26972) has set Sung Saito's (1000624816) badge to C226.
[2018/1/1 - 17:49:12] Lieutenant Hugo Rafael (26972) has set Shane Bond's (1000624846) division to FTO in LSPD (1).
[2018/1/1 - 17:49:18] Daro Freeman (1000190816) accepted Lieutenant Tobi Saito's (1000332639) invite to join LSPD (1).
[2018/1/1 - 17:49:21] Hunter D. Stark (1000031467) accepted Lieutenant Carlos Ramirez's (118665) invite to join LSPD (1).
[2018/1/1 - 17:49:22] Liam Crawford has withdrawn a Nitestick from the weapon locker (Cost: 1)
[2018/1/1 - 17:49:22] Derek Hunter (1000073823) accepted Lieutenant Hugo Rafael's (26972) invite to join LSPD (1).
[2018/1/1 - 17:49:23] Liam Crawford has withdrawn a Spray Can from the weapon locker (Cost: 1)
[2018/1/1 - 17:49:24] Lieutenant Tobi Saito (1000332639) (rank 6) has given Daro Freeman (1000190816) rank 4 (Sergeant) in LSPD (1).
[2018/1/1 - 17:49:24] Liam Crawford has withdrawn a Desert Eagle from the weapon locker (Cost: 4)
[2018/1/1 - 17:49:25] Liam Crawford has withdrawn a MP5 from the weapon locker (Cost: 4)
[2018/1/1 - 17:49:27] Lieutenant Hugo Rafael (26972) (rank 6) has given Derek Hunter (1000073823) rank 8 (Deputy Chief) in LSPD (1).
[2018/1/1 - 17:49:33] Lieutenant Tobi Saito (1000332639) has set Daro Freeman's (1000190816) division to PTL in LSPD (1).
[2018/1/1 - 17:49:37] Liam Crawford has withdrawn a Shotgun from the weapon locker (Cost: 2)
[2018/1/1 - 17:49:48] Lieutenant Carlos Ramirez (118665) (rank 6) has given Hunter D. Stark (1000031467) rank 2 (Senior Officer) in LSPD (1).
[2018/1/1 - 17:50:10] Hugo Rafael (26972) has set Reece Storm's (1000397312) badge to P214.
[2018/1/1 - 17:50:23] John Swagger (1000554877) accepted Lieutenant Carlos Ramirez's (118665) invite to join LSPD (1).
[2018/1/1 - 17:50:26] Lieutenant Carlos Ramirez (118665) (rank 6) has given John Swagger (1000554877) rank 1 (Officer) in LSPD (1).
[2018/1/1 - 17:50:39] Lieutenant Hugo Rafael (26972) has set Reece Storm's (1000397312) division to PTL in LSPD (1).
[2018/1/1 - 17:50:56] Lieutenant Hugo Rafael (26972) has set John Swagger's (1000554877) division to PTL in LSPD (1).
[2018/1/1 - 17:51:07] Hugo Rafael (26972) has set John Swagger's (1000554877) badge to P252.
[2018/1/1 - 17:51:32] Alan Stark (1000156795) accepted Lieutenant Carlos Ramirez's (118665) invite to join LSPD (1).
[2018/1/1 - 17:51:39] Leroy J. Meyers (1000172501) has made Derek Hunter (1000073823) the leader of the LSPD.
[2018/1/1 - 17:51:43] Lieutenant Hugo Rafael (26972) (rank 6) has given Brooke Chapman (1000481813) rank 3 (Corporal) in LSPD (1).
[2018/1/1 - 17:51:53] John Swagger has withdrawn a Desert Eagle from the weapon locker (Cost: 4)
[2018/1/1 - 17:51:54] John Swagger has withdrawn a MP5 from the weapon locker (Cost: 4)
[2018/1/1 - 17:51:55] Alan Stark has withdrawn a Desert Eagle from the weapon locker (Cost: 4)
[2018/1/1 - 17:51:56] John Swagger has withdrawn a Spray Can from the weapon locker (Cost: 1)
[2018/1/1 - 17:51:56] Chief of Police Derek Hunter (1000073823) (rank 9) has given Derek Hunter (1000073823) rank 9 (Chief of Police) in LSPD (1).
[2018/1/1 - 17:51:57] John Swagger has withdrawn a Nitestick from the weapon locker (Cost: 1)
[2018/1/1 - 17:51:58] Alan Stark has withdrawn a MP5 from the weapon locker (Cost: 4)
[2018/1/1 - 17:51:59] Chief of Police Derek Hunter (1000073823) (rank 9) has given Derek Hunter (1000073823) rank 8 (Deputy Chief) in LSPD (1).
[2018/1/1 - 17:52:00] John Swagger has withdrawn a Shotgun from the weapon locker (Cost: 2)
[2018/1/1 - 17:52:18] Deputy Chief Derek Hunter (1000073823) has set Derek Hunter's (1000073823) division to CMD in LSPD (1).
[2018/1/1 - 17:52:31] Derek Hunter (1000073823) has set Derek Hunter's (1000073823) badge to A178.
[2018/1/1 - 17:52:34] Daro Freeman has withdrawn a Desert Eagle from the weapon locker (Cost: 4)
[2018/1/1 - 17:52:36] Daro Freeman has withdrawn a SPAS-12 from the weapon locker (Cost: 0)
[2018/1/1 - 17:52:37] Daro Freeman has withdrawn a M4A1 from the weapon locker (Cost: 0)
[2018/1/1 - 17:52:37] Daro Freeman has withdrawn a Sniper Rifle from the weapon locker (Cost: 0)
[2018/1/1 - 17:53:00] Brooke Chapman has withdrawn a Nitestick from the weapon locker (Cost: 1)
[2018/1/1 - 17:53:01] Brooke Chapman has withdrawn a Spray Can from the weapon locker (Cost: 1)
[2018/1/1 - 17:53:59] Daro Freeman has withdrawn a Nitestick from the weapon locker (Cost: 1)
[2018/1/1 - 17:54:00] Daro Freeman has withdrawn a Spray Can from the weapon locker (Cost: 1)
[2018/1/1 - 17:55:27] Keith Lawrence (1000624840) has made Keith Lawrence (1000624840) the leader of the LSPD.
[2018/1/1 - 17:55:34] Sergeant Daro Freeman has timed out.
[2018/1/1 - 17:55:57] Carlos Ramirez (118665) has set Scott Goodman's (863969) badge to 225.
[2018/1/1 - 17:56:06] Lieutenant Carlos Ramirez (118665) has set Scott Goodman's (863969) division to PTL in LSPD (1).
[2018/1/1 - 17:56:26] Daro Freeman has logged in.
[2018/1/1 - 17:56:33] Lieutenant Carlos Ramirez (118665) has set Liam Crawford's (1000310515) division to PTL in LSPD (1).
[2018/1/1 - 17:56:39] Carlos Ramirez (118665) has set Liam Crawford's (1000310515) badge to 250.
[2018/1/1 - 17:56:54] Lieutenant Carlos Ramirez (118665) has set Alan Stark's (1000156795) division to FTO in LSPD (1).
[2018/1/1 - 17:56:57] Carlos Ramirez (118665) has set Alan Stark's (1000156795) badge to 261.
[2018/1/1 - 17:57:01] Carlos Ramirez (118665) has set Alan Stark's (1000156795) badge to F261.
[2018/1/1 - 17:57:06] [I220] Lieutenant Hugo Rafael has timed out.
[2018/1/1 - 17:57:10] Lieutenant Carlos Ramirez (118665) (rank 6) has given Alan Stark (1000156795) rank 2 (Senior Officer) in LSPD (1).
[2018/1/1 - 17:57:12] Lieutenant Carlos Ramirez (118665) (rank 6) has given Alan Stark (1000156795) rank 3 (Corporal) in LSPD (1).
[2018/1/1 - 17:57:16] Steven Chaos (1000151809) accepted Lieutenant Tobi Saito's (1000332639) invite to join LSPD (1).
[2018/1/1 - 17:57:24] Lieutenant Tobi Saito (1000332639) (rank 6) has given Steven Chaos (1000151809) rank 3 (Corporal) in LSPD (1).
[2018/1/1 - 17:57:33] Carlos Ramirez (118665) has set Daro Freeman's (1000190816) badge to P222.
[2018/1/1 - 17:57:37] Lieutenant Tobi Saito (1000332639) has set Steven Chaos's (1000151809) division to PTL in LSPD (1).
[2018/1/1 - 17:57:47] Carlos Ramirez (118665) has set Jay Artz's (1000618511) badge to P33.
[2018/1/1 - 17:57:50] Carlos Ramirez (118665) has set Jay Artz's (1000618511) badge to P333.
[2018/1/1 - 17:57:53] Carlos Ramirez (118665) has set Jay Artz's (1000618511) badge to P233.
[2018/1/1 - 17:59:33] Derek Hunter has withdrawn a Nitestick from the weapon locker (Cost: 1)
[2018/1/1 - 17:59:34] Derek Hunter has withdrawn a Spray Can from the weapon locker (Cost: 1)
[2018/1/1 - 17:59:35] Derek Hunter has withdrawn a Desert Eagle from the weapon locker (Cost: 4)
[2018/1/1 - 17:59:38] Derek Hunter has withdrawn a M4A1 from the weapon locker (Cost: 0)
[2018/1/1 - 17:59:41] Derek Hunter has withdrawn a Shotgun from the weapon locker (Cost: 2)
[2018/1/1 - 18:00:16] [I220] Hugo Rafael has logged in.
[2018/1/1 - 18:00:20] [P214] Staff Sergeant Reece Storm has logged out.
[2018/1/1 - 18:00:22] Tobi Saito (1000332639) has set Steven Chaos's (1000151809) badge to 228.
[2018/1/1 - 18:00:27] Dante Clarke (1000523785) accepted Lieutenant Carlos Ramirez's (118665) invite to join LSPD (1).
[2018/1/1 - 18:00:30] Lieutenant Carlos Ramirez (118665) (rank 6) has given Dante Clarke (1000523785) rank 3 (Corporal) in LSPD (1).
[2018/1/1 - 18:00:49] Carlos Ramirez (118665) has set Dante Clarke's (1000523785) badge to I248.
[2018/1/1 - 18:00:55] Lieutenant Carlos Ramirez (118665) has set Dante Clarke's (1000523785) division to FTO in LSPD (1).
[2018/1/1 - 18:01:01] Lieutenant Carlos Ramirez (118665) has set Dante Clarke's (1000523785) division to IA in LSPD (1).
[2018/1/1 - 18:01:02] Dante Clarke has withdrawn a Desert Eagle from the weapon locker (Cost: 4)
[2018/1/1 - 18:01:04] Dante Clarke has withdrawn a MP5 from the weapon locker (Cost: 4)
[2018/1/1 - 18:01:05] Dante Clarke has withdrawn a Shotgun from the weapon locker (Cost: 2)
[2018/1/1 - 18:01:39] [P214] Reece Storm has logged in.
[2018/1/1 - 18:03:39] [P214] Staff Sergeant Reece Storm has logged out.
[2018/1/1 - 18:03:40] Hugo Rafael (26972) has set John Swagger's (1000554877) badge to P252.
[2018/1/1 - 18:03:55] Steven Chaos has withdrawn a Desert Eagle from the weapon locker (Cost: 4)
[2018/1/1 - 18:03:57] [P238] Sergeant Max Bluman has logged out.
[2018/1/1 - 18:04:45] [P238] Max Bluman has logged in.
[2018/1/1 - 18:04:47] [F213] Lieutenant Carlos Ramirez has logged out.
[2018/1/1 - 18:04:50] Steven Chaos has withdrawn a M4A1 from the weapon locker (Cost: 0)
[2018/1/1 - 18:07:17] Shakira Speed (1000427529) accepted Lieutenant Tobi Saito's (1000332639) invite to join LSPD (1).
[2018/1/1 - 18:07:24] Lieutenant Tobi Saito (1000332639) (rank 6) has given Shakira Speed (1000427529) rank 2 (Senior Officer) in LSPD (1).
[2018/1/1 - 18:07:47] [P222] Sergeant Daro Freeman has logged out.
[2018/1/1 - 18:08:31] Steven Chaos has withdrawn a SPAS-12 from the weapon locker (Cost: 0)
[2018/1/1 - 18:10:01] Jake Hydra Volkoff (1000140021) accepted Lieutenant Tobi Saito's (1000332639) invite to join LSPD (1).
[2018/1/1 - 18:10:08] Lieutenant Tobi Saito (1000332639) (rank 6) has given Jake Hydra Volkoff (1000140021) rank 2 (Senior Officer) in LSPD (1).
[2018/1/1 - 18:10:12] Jake Hydra Volkoff has withdrawn a Desert Eagle from the weapon locker (Cost: 4)
[2018/1/1 - 18:10:14] Jake Hydra Volkoff has withdrawn a MP5 from the weapon locker (Cost: 4)
[2018/1/1 - 18:10:22] Tobi Saito (1000332639) has set Jake Hydra Volkoff's (1000140021) badge to P262.
[2018/1/1 - 18:10:29] Lieutenant Tobi Saito (1000332639) has set Jake Hydra Volkoff's (1000140021) division to PTL in LSPD (1).
[2018/1/1 - 18:10:49] Jake Hydra Volkoff has withdrawn a Nitestick from the weapon locker (Cost: 1)
[2018/1/1 - 18:10:50] Jake Hydra Volkoff has withdrawn a Spray Can from the weapon locker (Cost: 1)
[2018/1/1 - 18:11:14] Shakira Speed has withdrawn a Desert Eagle from the weapon locker (Cost: 4)
[2018/1/1 - 18:11:16] [P238] Sergeant Max Bluman has logged out.
[2018/1/1 - 18:11:20] Shakira Speed has withdrawn a M4A1 from the weapon locker (Cost: 0)
[2018/1/1 - 18:11:29] [P238] Max Bluman has logged in.
[2018/1/1 - 18:11:47] Jake Hydra Volkoff has withdrawn a M4A1 from the weapon locker (Cost: 0)
[2018/1/1 - 18:12:35] Christian Gaccione (1000624913) accepted Lieutenant Hugo Rafael's (26972) invite to join LSPD (1).
[2018/1/1 - 18:12:58] Jerome Mcwill has withdrawn a Nitestick from the weapon locker (Cost: 1)
[2018/1/1 - 18:12:59] Jerome Mcwill has withdrawn a Spray Can from the weapon locker (Cost: 1)
[2018/1/1 - 18:12:59] Hugo Rafael (26972) has set Christian Gaccione's (1000624913) badge to I233.
[2018/1/1 - 18:13:00] Jerome Mcwill has withdrawn a Desert Eagle from the weapon locker (Cost: 4)
[2018/1/1 - 18:13:01] Jerome Mcwill has withdrawn a MP5 from the weapon locker (Cost: 4)
[2018/1/1 - 18:13:03] Jerome Mcwill has withdrawn a SPAS-12 from the weapon locker (Cost: 0)
[2018/1/1 - 18:13:05] Jerome Mcwill has withdrawn a M4A1 from the weapon locker (Cost: 0)
[2018/1/1 - 18:13:08] Lieutenant Hugo Rafael (26972) has set Christian Gaccione's (1000624913) division to IA in LSPD (1).
[2018/1/1 - 18:13:11] Jerome Mcwill has withdrawn a Sniper Rifle from the weapon locker (Cost: 0)
[2018/1/1 - 18:13:15] Max Bluman has withdrawn a Shotgun from the weapon locker (Cost: 2)
[2018/1/1 - 18:13:20] Lieutenant Hugo Rafael (26972) (rank 6) has given Christian Gaccione (1000624913) rank 4 (Sergeant) in LSPD (1).
[2018/1/1 - 18:13:40] Hugo Rafael (26972) has set Christian Gaccione's (1000624913) badge to I244.
[2018/1/1 - 18:13:42] Hugo Rafael (26972) has set Christian Gaccione's (1000624913) badge to I24.
[2018/1/1 - 18:13:43] Hugo Rafael (26972) has set Christian Gaccione's (1000624913) badge to I242.
[2018/1/1 - 18:14:59] Christian Gaccione has withdrawn a Nitestick from the weapon locker (Cost: 1)
[2018/1/1 - 18:15:00] Christian Gaccione has withdrawn a Spray Can from the weapon locker (Cost: 1)
[2018/1/1 - 18:15:03] Christian Gaccione has withdrawn a Desert Eagle from the weapon locker (Cost: 4)
[2018/1/1 - 18:15:07] Christian Gaccione has withdrawn a M4A1 from the weapon locker (Cost: 0)
[2018/1/1 - 18:15:10] Christian Gaccione has withdrawn a Sniper Rifle from the weapon locker (Cost: 0)
[2018/1/1 - 18:15:12] Christian Gaccione has withdrawn a SPAS-12 from the weapon locker (Cost: 0)
[2018/1/1 - 18:16:51] [I220] Lieutenant Hugo Rafael has logged out.
[2018/1/1 - 18:18:39] [P222] Daro Freeman has logged in.
[2018/1/1 - 18:20:46] [I242] Sergeant Christian Gaccione has logged out.
[2018/1/1 - 18:20:47] Tomas Reyes (1000251746) accepted Deputy Chief Derek Hunter's (1000073823) invite to join LSPD (1).
[2018/1/1 - 18:21:02] Daro Freeman has withdrawn a Desert Eagle from the weapon locker (Cost: 4)
[2018/1/1 - 18:21:02] [P214] Reece Storm has logged in.
[2018/1/1 - 18:22:02] Tomas Reyes has withdrawn a Desert Eagle from the weapon locker (Cost: 4)
[2018/1/1 - 18:22:24] [C226] Cadet Sung Saito has logged out.
[2018/1/1 - 18:22:38] Tomas Reyes has withdrawn a Shotgun from the weapon locker (Cost: 2)
[2018/1/1 - 18:24:04] [P214] Staff Sergeant Reece Storm has logged out.
[2018/1/1 - 18:24:44] [P265] Lieutenant Tobi Saito has timed out.
[2018/1/1 - 18:24:45] [P214] Reece Storm has logged in.
[2018/1/1 - 18:24:48] Cadet Tomas Reyes has logged out.
[2018/1/1 - 18:25:43] Tomas Reyes has logged in.
[2018/1/1 - 18:26:41] Marcus Wingfield (1000624925) accepted Deputy Chief Derek Hunter's (1000073823) invite to join LSPD (1).
[2018/1/1 - 18:26:43] Deputy Chief Derek Hunter (1000073823) (rank 8) has given Marcus Wingfield (1000624925) rank 0 (Cadet) in LSPD (1).
[2018/1/1 - 18:26:48] Deputy Chief Derek Hunter (1000073823) has set Marcus Wingfield's (1000624925) division to PTL in LSPD (1).
[2018/1/1 - 18:27:16] [F222] Sergeant James Raminez has logged out.
[2018/1/1 - 18:27:23] [P222] Sergeant Daro Freeman has logged out.
[2018/1/1 - 18:27:52] Derek Hunter (1000073823) has set Marcus Wingfield's (1000624925) badge to C257.
[2018/1/1 - 18:28:22] Katie Casso (1000624847) accepted Deputy Chief Derek Hunter's (1000073823) invite to join LSPD (1).
[2018/1/1 - 18:28:23] Deputy Chief Derek Hunter (1000073823) (rank 8) has given Katie Casso (1000624847) rank 3 (Corporal) in LSPD (1).
[2018/1/1 - 18:28:25] Deputy Chief Derek Hunter (1000073823) has set Katie Casso's (1000624847) division to PTL in LSPD (1).
[2018/1/1 - 18:28:31] Marcus Wingfield has withdrawn a Desert Eagle from the weapon locker (Cost: 4)
[2018/1/1 - 18:28:32] Marcus Wingfield has withdrawn a Spray Can from the weapon locker (Cost: 1)
[2018/1/1 - 18:28:33] Arthur Deto (1000624909) accepted Deputy Chief Derek Hunter's (1000073823) invite to join LSPD (1).
[2018/1/1 - 18:28:34] Marcus Wingfield has withdrawn a Nitestick from the weapon locker (Cost: 1)
[2018/1/1 - 18:28:34] [P252] Officer John Swagger has logged out.
[2018/1/1 - 18:29:11] Julian Cake (1000417757) accepted Deputy Chief Derek Hunter's (1000073823) invite to join LSPD (1).
[2018/1/1 - 18:29:54] Katie Casso has withdrawn a Desert Eagle from the weapon locker (Cost: 4)
[2018/1/1 - 18:29:58] Katie Casso has withdrawn a SPAS-12 from the weapon locker (Cost: 0)
[2018/1/1 - 18:30:20] Derek Hunter (1000073823) has set Arthur Deto's (1000624909) badge to P276.
[2018/1/1 - 18:30:23] Senior Officer Shakira Speed has logged out.
[2018/1/1 - 18:30:30] Deputy Chief Derek Hunter (1000073823) (rank 8) has given Arthur Deto (1000624909) rank 1 (Officer) in LSPD (1).
[2018/1/1 - 18:30:32] Deputy Chief Derek Hunter (1000073823) has set Arthur Deto's (1000624909) division to PTL in LSPD (1).
[2018/1/1 - 18:30:39] Alan Stark has withdrawn a Desert Eagle from the weapon locker (Cost: 4)
[2018/1/1 - 18:30:41] Alan Stark has withdrawn a MP5 from the weapon locker (Cost: 4)
[2018/1/1 - 18:31:30] Cadet Julian Cake has logged out.
[2018/1/1 - 18:31:51] Shakira Speed has logged in.
[2018/1/1 - 18:32:09] Julian Cake has logged in.
[2018/1/1 - 18:32:14] [C257] Cadet Marcus Wingfield has logged out.
[2018/1/1 - 18:32:43] Arthur Deto has withdrawn a Desert Eagle from the weapon locker (Cost: 4)
[2018/1/1 - 18:33:27] Shakira Speed (1000427529) has quit the LSPD as a rank 2
[2018/1/1 - 18:34:22] [P276] Officer Arthur Deto has logged out.
[2018/1/1 - 18:35:40] [P214] Staff Sergeant Reece Storm has logged out.
[2018/1/1 - 18:36:25] Jack Chaos (70624) accepted Deputy Chief Derek Hunter's (1000073823) invite to join LSPD (1).
[2018/1/1 - 18:36:34] Andrew Reynolds (1000041308) accepted Deputy Chief Derek Hunter's (1000073823) invite to join LSPD (1).
[2018/1/1 - 18:36:35] Deputy Chief Derek Hunter (1000073823) (rank 8) has given Andrew Reynolds (1000041308) rank 1 (Officer) in LSPD (1).
[2018/1/1 - 18:36:37] Deputy Chief Derek Hunter (1000073823) has set Andrew Reynolds's (1000041308) division to PTL in LSPD (1).
[2018/1/1 - 18:36:48] Jerome Mcwill (1000624818) has set Brooke Chapman's (1000481813) badge to P247.
[2018/1/1 - 18:36:53] [P214] Reece Storm has logged in.
[2018/1/1 - 18:36:56] Derek Hunter (1000073823) has set Andrew Reynolds's (1000041308) badge to P244.
[2018/1/1 - 18:37:07] Jerome Mcwill (1000624818) has set Julian Cake's (1000417757) badge to F246.
[2018/1/1 - 18:37:17] [P238] Sergeant Max Bluman has logged out.
[2018/1/1 - 18:37:18] Captain Jerome Mcwill (1000624818) (rank 7) has given Julian Cake (1000417757) rank 4 (Sergeant) in LSPD (1).
[2018/1/1 - 18:37:20] Captain Jerome Mcwill (1000624818) (rank 7) has given Julian Cake (1000417757) rank 3 (Corporal) in LSPD (1).
[2018/1/1 - 18:37:57] Captain Jerome Mcwill (1000624818) has set Julian Cake's (1000417757) division to FTO in LSPD (1).
[2018/1/1 - 18:38:13] Captain Jerome Mcwill (1000624818) (rank 7) has given Jack Chaos (70624) rank 4 (Sergeant) in LSPD (1).
[2018/1/1 - 18:38:22] Captain Jerome Mcwill (1000624818) has set Jack Chaos's (70624) division to PTL in LSPD (1).
[2018/1/1 - 18:38:37] Jerome Mcwill (1000624818) has set Jack Chaos's (70624) badge to P263.
[2018/1/1 - 18:38:54] [F246] Corporal Julian Cake has logged out.
[2018/1/1 - 18:38:54] Corporal Katie Casso has logged out.
[2018/1/1 - 18:39:12] Jack Chaos has withdrawn a Desert Eagle from the weapon locker (Cost: 4)
[2018/1/1 - 18:39:14] Jack Chaos has withdrawn a MP5 from the weapon locker (Cost: 4)
[2018/1/1 - 18:39:16] Jack Chaos has withdrawn a M4A1 from the weapon locker (Cost: 0)
[2018/1/1 - 18:39:18] Jack Chaos has withdrawn a SPAS-12 from the weapon locker (Cost: 0)
[2018/1/1 - 18:39:26] [F246] Julian Cake has logged in.
[2018/1/1 - 18:39:53] [F213] Carlos Ramirez has logged in.
[2018/1/1 - 18:41:40] Katie Casso has logged in.
[2018/1/1 - 18:45:21] Parker Queen (1000325567) accepted Lieutenant Carlos Ramirez's (118665) invite to join LSPD (1).
[2018/1/1 - 18:45:26] Lieutenant Carlos Ramirez (118665) (rank 6) has given Parker Queen (1000325567) rank 5 (Staff Sergeant) in LSPD (1).
[2018/1/1 - 18:45:34] Carlos Ramirez (118665) has set Parker Queen's (1000325567) badge to I250.
[2018/1/1 - 18:45:37] Lieutenant Carlos Ramirez (118665) has set Parker Queen's (1000325567) division to SWAT in LSPD (1).
[2018/1/1 - 18:45:39] Lieutenant Carlos Ramirez (118665) has set Parker Queen's (1000325567) division to DET in LSPD (1).
[2018/1/1 - 18:45:43] Lieutenant Carlos Ramirez (118665) has set Parker Queen's (1000325567) division to IA in LSPD (1).
[2018/1/1 - 18:46:33] [I250] Staff Sergeant Parker Queen has logged out.
[2018/1/1 - 18:46:59] Katie Casso has withdrawn a SPAS-12 from the weapon locker (Cost: 0)
[2018/1/1 - 18:47:00] Katie Casso has withdrawn a Desert Eagle from the weapon locker (Cost: 4)
[2018/1/1 - 18:47:38] Julian Cake has withdrawn a Desert Eagle from the weapon locker (Cost: 4)
[2018/1/1 - 18:47:43] Julian Cake has withdrawn a MP5 from the weapon locker (Cost: 4)
[2018/1/1 - 18:47:48] Julian Cake has withdrawn a M4A1 from the weapon locker (Cost: 0)
[2018/1/1 - 18:48:06] [F246] Corporal Julian Cake has logged out.
[2018/1/1 - 18:48:23] Andrew Reynolds has withdrawn a Desert Eagle from the weapon locker (Cost: 4)
[2018/1/1 - 18:48:24] Andrew Reynolds has withdrawn a Nitestick from the weapon locker (Cost: 1)
[2018/1/1 - 18:49:11] [P244] Officer Andrew Reynolds has logged out.
[2018/1/1 - 18:49:19] [F246] Julian Cake has logged in.
[2018/1/1 - 18:49:39] [F246] Corporal Julian Cake has timed out.
[2018/1/1 - 18:49:51] Cadet Tomas Reyes has logged out.
[2018/1/1 - 18:51:00] [228] Corporal Steven Chaos has logged out.
[2018/1/1 - 18:51:03] [F246] Julian Cake has logged in.
[2018/1/1 - 18:51:42] [228] Steven Chaos has logged in.
[2018/1/1 - 18:52:38] * Officer Jerome Mcwill has taken away Elisa Blaze's weapons.
[2018/1/1 - 18:53:59] Samantha Rivera (1000081528) accepted Lieutenant Carlos Ramirez's (118665) invite to join LSPD (1).
[2018/1/1 - 18:54:48] John Danzie (1000526486) accepted Lieutenant Carlos Ramirez's (118665) invite to join LSPD (1).
[2018/1/1 - 18:55:04] Carlos Ramirez (118665) has set John Danzie's (1000526486) badge to F200.
[2018/1/1 - 18:55:17] [I250] Parker Queen has logged in.
[2018/1/1 - 18:55:22] Carlos Ramirez (118665) has set John Danzie's (1000526486) badge to P285.
[2018/1/1 - 18:55:30] Lieutenant Carlos Ramirez (118665) has set John Danzie's (1000526486) division to PTL in LSPD (1).
[2018/1/1 - 18:55:38] Lieutenant Carlos Ramirez (118665) (rank 6) has given John Danzie (1000526486) rank 2 (Senior Officer) in LSPD (1).
[2018/1/1 - 18:55:58] [C257] Marcus Wingfield has logged in.
[2018/1/1 - 18:56:14] [I250] Staff Sergeant Parker Queen has logged out.
[2018/1/1 - 18:56:47] [P233] Corporal Jay Artz has timed out.
[2018/1/1 - 18:57:21] [I250] Parker Queen has logged in.
[2018/1/1 - 18:57:23] [P233] Jay Artz has logged in.
[2018/1/1 - 18:57:58] Lieutenant Carlos Ramirez (118665) (rank 6) has given Samantha Rivera (1000081528) rank 2 (Senior Officer) in LSPD (1).
[2018/1/1 - 18:58:01] John Danzie has withdrawn a Desert Eagle from the weapon locker (Cost: 4)
[2018/1/1 - 18:59:09] Samantha Rivera has withdrawn a Nitestick from the weapon locker (Cost: 1)
[2018/1/1 - 18:59:10] Samantha Rivera has withdrawn a Desert Eagle from the weapon locker (Cost: 4)
[2018/1/1 - 18:59:14] Samantha Rivera has withdrawn a M4A1 from the weapon locker (Cost: 0)
[2018/1/1 - 19:00:07] John Danzie has withdrawn a M4A1 from the weapon locker (Cost: 0)
[2018/1/1 - 19:00:19] [I250] Staff Sergeant Parker Queen has logged out.
[2018/1/1 - 19:00:53] Corporal Katie Casso has timed out.
[2018/1/1 - 19:01:13] [I250] Parker Queen has logged in.
[2018/1/1 - 19:01:19] Katie Casso has logged in.
[2018/1/1 - 19:02:13] [I250] Staff Sergeant Parker Queen has logged out.
[2018/1/1 - 19:03:04] [I250] Parker Queen has logged in.
[2018/1/1 - 19:03:55] Carlos G Ortega (7669) accepted Lieutenant Carlos Ramirez's (118665) invite to join LSPD (1).
[2018/1/1 - 19:03:56] Lieutenant Carlos Ramirez (118665) (rank 6) has given Carlos G Ortega (7669) rank 4 (Sergeant) in LSPD (1).
[2018/1/1 - 19:04:01] Lieutenant Carlos Ramirez (118665) has set Carlos G Ortega's (7669) division to IA in LSPD (1).
[2018/1/1 - 19:04:02] Lieutenant Carlos Ramirez (118665) has set Carlos G Ortega's (7669) division to COUNTY in LSPD (1).
[2018/1/1 - 19:04:07] Lieutenant Carlos Ramirez (118665) has set Carlos G Ortega's (7669) division to FTO in LSPD (1).
[2018/1/1 - 19:04:13] Carlos Ramirez (118665) has set Carlos G Ortega's (7669) badge to F217.
[2018/1/1 - 19:04:48] [C226] Sung Saito has logged in.
[2018/1/1 - 19:05:00] [P265] Tobi Saito has logged in.
[2018/1/1 - 19:05:25] Parker Queen has withdrawn a Nitestick from the weapon locker (Cost: 1)
[2018/1/1 - 19:05:49] Parker Queen has withdrawn a Spray Can from the weapon locker (Cost: 1)
[2018/1/1 - 19:05:54] Parker Queen has withdrawn a Desert Eagle from the weapon locker (Cost: 4)
[2018/1/1 - 19:05:56] Parker Queen has withdrawn a MP5 from the weapon locker (Cost: 4)
[2018/1/1 - 19:09:54] [C226] Cadet Sung Saito has timed out.
[2018/1/1 - 19:10:09] [C226] Sung Saito has logged in.
[2018/1/1 - 19:10:18] Jack Chaos has withdrawn a Desert Eagle from the weapon locker (Cost: 4)
[2018/1/1 - 19:10:23] Jack Chaos has withdrawn a MP5 from the weapon locker (Cost: 4)
[2018/1/1 - 19:10:35] Carlos G Ortega has withdrawn a Nitestick from the weapon locker (Cost: 1)
[2018/1/1 - 19:10:36] Carlos G Ortega has withdrawn a Spray Can from the weapon locker (Cost: 1)
[2018/1/1 - 19:10:38] Carlos G Ortega has withdrawn a Desert Eagle from the weapon locker (Cost: 4)
[2018/1/1 - 19:11:00] Deputy Chief Derek Hunter (1000073823) (rank 8) has given Katie Casso (1000624847) rank 3 (Corporal) in LSPD (1).
[2018/1/1 - 19:11:26] Carlos G Ortega has withdrawn a AK-47 from the weapon locker (Cost: 0)
[2018/1/1 - 19:11:29] [P244] Andrew Reynolds has logged in.
[2018/1/1 - 19:11:53] AdminPaulDuffster (39530) has made AdminPaulDuffster (39530) the leader of the LSPD.
[2018/1/1 - 19:12:10] Tobi Saito has withdrawn a M4A1 from the weapon locker (Cost: 0)
[2018/1/1 - 19:12:29] Carlos G Ortega has withdrawn a Shotgun from the weapon locker (Cost: 2)
[2018/1/1 - 19:15:28] [I250] Staff Sergeant Parker Queen has logged out.
[2018/1/1 - 19:16:08] [I250] Parker Queen has logged in.
[2018/1/1 - 19:18:40] Lieutenant Tobi Saito (1000332639) has set Jay Artz's (1000618511) division to COUNTY in LSPD (1).
[2018/1/1 - 19:18:43] Lieutenant Tobi Saito (1000332639) has set Jay Artz's (1000618511) division to HON in LSPD (1).
[2018/1/1 - 19:18:46] Lieutenant Tobi Saito (1000332639) has set Jay Artz's (1000618511) division to IA in LSPD (1).
[2018/1/1 - 19:18:47] Lieutenant Tobi Saito (1000332639) has set Jay Artz's (1000618511) division to FTO in LSPD (1).
[2018/1/1 - 19:20:43] Matt Honest (880189) has made John Jenkins (57376) the leader of the LSPD.
[2018/1/1 - 19:20:45] Derek Hunter has withdrawn a Tear Gas from the weapon locker (Cost: 1)
[2018/1/1 - 19:20:50] Jerome Mcwill has withdrawn a Nitestick from the weapon locker (Cost: 1)
[2018/1/1 - 19:20:51] Jerome Mcwill has withdrawn a Spray Can from the weapon locker (Cost: 1)
[2018/1/1 - 19:20:52] Jerome Mcwill has withdrawn a Desert Eagle from the weapon locker (Cost: 4)
[2018/1/1 - 19:20:53] Jerome Mcwill has withdrawn a MP5 from the weapon locker (Cost: 4)
[2018/1/1 - 19:20:56] Jerome Mcwill has withdrawn a SPAS-12 from the weapon locker (Cost: 0)
[2018/1/1 - 19:20:57] Derek Hunter has withdrawn a Sniper Rifle from the weapon locker (Cost: 0)
[2018/1/1 - 19:20:59] Jerome Mcwill has withdrawn a M4A1 from the weapon locker (Cost: 0)
[2018/1/1 - 19:21:01] Jerome Mcwill has withdrawn a Sniper Rifle from the weapon locker (Cost: 0)
[2018/1/1 - 19:22:11] Derek Hunter has withdrawn a SPAS-12 from the weapon locker (Cost: 0)
[2018/1/1 - 19:27:58] Parker Queen has withdrawn a AK-47 from the weapon locker (Cost: 0)
[2018/1/1 - 19:28:18] Tobi Saito (1000332639) has set Katie Casso's (1000624847) badge to P227.
[2018/1/1 - 19:28:33] Tobi Saito (1000332639) has set Liam Crawford's (1000310515) badge to P250.
[2018/1/1 - 19:29:15] Tobi Saito (1000332639) has set Scott Goodman's (863969) badge to 225.
[2018/1/1 - 19:29:41] Tobi Saito (1000332639) has set John Jenkins's (57376) badge to SUPREME.
[2018/1/1 - 19:29:59] [P262] Senior Officer Jake Logic Volkoff has logged out.
[2018/1/1 - 19:31:16] Lieutenant Carlos Ramirez (118665) has set Jay Artz's (1000618511) division to PTL in LSPD (1).
[2018/1/1 - 19:31:16] [SUPREME] Chief of Police John Jenkins has logged out.
[2018/1/1 - 19:31:52] [P262] Jake Logic Volkoff has logged in.
[2018/1/1 - 19:36:04] [I250] Staff Sergeant Parker Queen has logged out.
[2018/1/1 - 19:36:40] [P222] Daro Freeman has logged in.
[2018/1/1 - 19:47:30] [F200] Senior Officer Shane Bond has logged out.
[2018/1/1 - 19:49:24] [P227] Corporal Katie Casso has logged out.
[2018/1/1 - 19:49:30] Carlos Ramirez has withdrawn a Shotgun from the weapon locker (Cost: 2)
[2018/1/1 - 19:49:37] John Danzie has withdrawn a Nitestick from the weapon locker (Cost: 1)
[2018/1/1 - 19:51:30] Matt Honest (880189) has made Matt Honest (880189) the leader of the LSPD.
[2018/1/1 - 19:51:32] [P262] Senior Officer Jake Logic Volkoff has timed out.
[2018/1/1 - 19:51:45] [C257] Cadet Marcus Wingfield has logged out.
[2018/1/1 - 19:56:47] Lieutenant Carlos Ramirez (118665) has set Sung Saito's (1000624816) division to PTL in LSPD (1).
[2018/1/1 - 19:56:48] Nai Chaos Bluman (1000249064) accepted Lieutenant Tobi Saito's (1000332639) invite to join LSPD (1).
[2018/1/1 - 19:57:10] Lieutenant Tobi Saito (1000332639) (rank 6) has given Nai Chaos Bluman (1000249064) rank 2 (Senior Officer) in LSPD (1).
[2018/1/1 - 19:57:19] Lieutenant Tobi Saito (1000332639) has set Nai Chaos Bluman's (1000249064) division to PTL in LSPD (1).
[2018/1/1 - 19:57:24] Depyo Chaos (1000034104) accepted Lieutenant Carlos Ramirez's (118665) invite to join LSPD (1).
[2018/1/1 - 19:57:28] Lieutenant Carlos Ramirez (118665) (rank 6) has given Depyo Chaos (1000034104) rank 2 (Senior Officer) in LSPD (1).
[2018/1/1 - 19:57:34] Lieutenant Carlos Ramirez (118665) has set Depyo Chaos's (1000034104) division to HON in LSPD (1).
[2018/1/1 - 19:57:35] Lieutenant Carlos Ramirez (118665) has set Depyo Chaos's (1000034104) division to PTL in LSPD (1).
[2018/1/1 - 19:57:38] Tobi Saito (1000332639) has set Nai Chaos Bluman's (1000249064) badge to 266.
[2018/1/1 - 19:57:41] Tobi Saito (1000332639) has set Nai Chaos Bluman's (1000249064) badge to P266.
[2018/1/1 - 19:57:56] Depyo Chaos has withdrawn a Desert Eagle from the weapon locker (Cost: 4)
[2018/1/1 - 19:57:59] Tobi Saito (1000332639) has set Nai Chaos Bluman's (1000249064) badge to P229.
[2018/1/1 - 19:57:59] Depyo Chaos has withdrawn a SPAS-12 from the weapon locker (Cost: 0)
[2018/1/1 - 19:58:01] Depyo Chaos has withdrawn a M4A1 from the weapon locker (Cost: 0)
[2018/1/1 - 19:58:03] Nai Chaos Bluman has withdrawn a Desert Eagle from the weapon locker (Cost: 4)
[2018/1/1 - 19:58:04] Nai Chaos Bluman has withdrawn a Nitestick from the weapon locker (Cost: 1)
[2018/1/1 - 19:58:11] Nai Chaos Bluman has withdrawn a SPAS-12 from the weapon locker (Cost: 0)
[2018/1/1 - 19:58:12] Nai Chaos Bluman has withdrawn a M4A1 from the weapon locker (Cost: 0)
[2018/1/1 - 19:58:40] Tobi Saito (1000332639) has set Tobi Saito's (1000332639) badge to 205.
[2018/1/1 - 19:58:45] Tobi Saito (1000332639) has set Tobi Saito's (1000332639) badge to P205.
[2018/1/1 - 19:59:11] Depyo Chaos has withdrawn a Nitestick from the weapon locker (Cost: 1)
[2018/1/1 - 19:59:18] Nai Chaos Bluman has withdrawn a MP5 from the weapon locker (Cost: 4)
[2018/1/1 - 20:00:26] [F246] Corporal Julian Cake has logged out.
[2018/1/1 - 20:04:26] Senior Officer Depyo Chaos has logged out.
[2018/1/1 - 20:05:00] Depyo Chaos has logged in.
[2018/1/1 - 20:07:21] Daro Freeman has withdrawn a SPAS-12 from the weapon locker (Cost: 0)
[2018/1/1 - 20:07:23] Daro Freeman has withdrawn a M4A1 from the weapon locker (Cost: 0)
[2018/1/1 - 20:07:25] Daro Freeman has withdrawn a Sniper Rifle from the weapon locker (Cost: 0)
[2018/1/1 - 20:12:10] [P229] Senior Officer Nai Chaos Bluman has timed out.
[2018/1/1 - 20:12:14] Senior Officer Depyo Chaos has logged out.
[2018/1/1 - 20:12:59] [P285] Senior Officer John Danzie has logged out.
[2018/1/1 - 20:13:20] Depyo Chaos has logged in.
[2018/1/1 - 20:13:22] [P229] Nai Chaos Bluman has logged in.
[2018/1/1 - 20:13:48] [P205] Lieutenant Tobi Saito has timed out.
[2018/1/1 - 20:13:58] Tomas Reyes has logged in.
[2018/1/1 - 20:14:44] Carlos Ramirez (118665) has set Tomas Reyes's (1000251746) badge to C243.
[2018/1/1 - 20:14:47] [P205] Tobi Saito has logged in.
[2018/1/1 - 20:17:28] George Morgan has withdrawn a Desert Eagle from the weapon locker (Cost: 4)
[2018/1/1 - 20:20:56] Leroy J. Meyers (1000172501) has made Leroy J. Meyers (1000172501) the leader of the LSPD.
[2018/1/1 - 20:22:22] [P263] Sergeant Jack Chaos has logged out.
[2018/1/1 - 20:22:34] Chief of Police Matt Honest has logged out.
[2018/1/1 - 20:23:21] [P222] Sergeant Daro Freeman has logged out.
[2018/1/1 - 20:23:56] [P263] Jack Chaos has logged in.
[2018/1/1 - 20:25:37] Carlos Ramirez has withdrawn a Nitestick from the weapon locker (Cost: 1)
[2018/1/1 - 20:25:39] Carlos Ramirez has withdrawn a Desert Eagle from the weapon locker (Cost: 4)
[2018/1/1 - 20:25:40] Tomas Reyes has withdrawn a Desert Eagle from the weapon locker (Cost: 4)
[2018/1/1 - 20:25:42] Carlos Ramirez has withdrawn a SPAS-12 from the weapon locker (Cost: 0)
[2018/1/1 - 20:25:43] Carlos Ramirez has withdrawn a M4A1 from the weapon locker (Cost: 0)
[2018/1/1 - 20:25:45] Carlos Ramirez has withdrawn a Sniper Rifle from the weapon locker (Cost: 0)
[2018/1/1 - 20:25:45] Tomas Reyes has withdrawn a Shotgun from the weapon locker (Cost: 2)
[2018/1/1 - 20:25:47] Carlos Ramirez has withdrawn a Camera from the weapon locker (Cost: 1)
[2018/1/1 - 20:26:04] Sung Saito has withdrawn a Desert Eagle from the weapon locker (Cost: 4)
[2018/1/1 - 20:26:05] Sung Saito has withdrawn a Shotgun from the weapon locker (Cost: 2)
[2018/1/1 - 20:26:38] Liam Crawford has withdrawn a Nitestick from the weapon locker (Cost: 1)
[2018/1/1 - 20:26:39] Liam Crawford has withdrawn a Spray Can from the weapon locker (Cost: 1)
[2018/1/1 - 20:26:39] Liam Crawford has withdrawn a Desert Eagle from the weapon locker (Cost: 4)
[2018/1/1 - 20:26:40] Liam Crawford has withdrawn a MP5 from the weapon locker (Cost: 4)
[2018/1/1 - 20:26:40] Matt Honest has logged in.
[2018/1/1 - 20:26:40] Liam Crawford has withdrawn a Shotgun from the weapon locker (Cost: 2)
[2018/1/1 - 20:26:46] Andrew Reynolds has withdrawn a MP5 from the weapon locker (Cost: 4)
[2018/1/1 - 20:26:48] Andrew Reynolds has withdrawn a Shotgun from the weapon locker (Cost: 2)
[2018/1/1 - 20:27:13] Reece Storm has withdrawn a Nitestick from the weapon locker (Cost: 1)
[2018/1/1 - 20:27:13] Reece Storm has withdrawn a Spray Can from the weapon locker (Cost: 1)
[2018/1/1 - 20:27:14] Reece Storm has withdrawn a Desert Eagle from the weapon locker (Cost: 4)
[2018/1/1 - 20:27:17] Reece Storm has withdrawn a M4A1 from the weapon locker (Cost: 0)
[2018/1/1 - 20:27:25] Brooke Chapman has withdrawn a Desert Eagle from the weapon locker (Cost: 4)
[2018/1/1 - 20:27:25] Brooke Chapman has withdrawn a MP5 from the weapon locker (Cost: 4)
[2018/1/1 - 20:27:26] Brooke Chapman has withdrawn a Golf Club from the weapon locker (Cost: 1)
[2018/1/1 - 20:27:26] EMS Driver Derek Hunter has successfully delivered Patient Jerome Mcwill to the hospital.
[2018/1/1 - 20:27:27] Reece Storm has withdrawn a SPAS-12 from the weapon locker (Cost: 0)
[2018/1/1 - 20:27:27] Brooke Chapman has withdrawn a Shotgun from the weapon locker (Cost: 2)
[2018/1/1 - 20:27:28] Brooke Chapman has withdrawn a Nitestick from the weapon locker (Cost: 1)
[2018/1/1 - 20:27:29] Brooke Chapman has withdrawn a Spray Can from the weapon locker (Cost: 1)
[2018/1/1 - 20:27:45] Chief of Police Matt Honest has logged out.
[2018/1/1 - 20:28:18] Matt Honest has logged in.
[2018/1/1 - 20:29:16] Jay Artz has withdrawn a Nitestick from the weapon locker (Cost: 1)
[2018/1/1 - 20:29:17] Jay Artz has withdrawn a Spray Can from the weapon locker (Cost: 1)
[2018/1/1 - 20:29:18] Jay Artz has withdrawn a Desert Eagle from the weapon locker (Cost: 4)
[2018/1/1 - 20:29:20] Jay Artz has withdrawn a M4A1 from the weapon locker (Cost: 0)
[2018/1/1 - 20:29:37] [P227] Katie Casso has logged in.
[2018/1/1 - 20:30:53] [P247] Corporal Brooke Chapman has logged out.
[2018/1/1 - 20:32:07] [P214] Staff Sergeant Reece Storm has logged out.
[2018/1/1 - 20:32:42] [P247] Brooke Chapman has logged in.
[2018/1/1 - 20:33:39] [P229] Senior Officer Nai Chaos Bluman has timed out.
[2018/1/1 - 20:34:17] [P229] Nai Chaos Bluman has logged in.
[2018/1/1 - 20:35:01] * Officer Depyo Chaos has taken away Dan Devil's weapons.
[2018/1/1 - 20:38:37] * Officer Alan Stark has taken away Mike Ock's weapons.
[2018/1/1 - 20:39:39] Tobi Saito has withdrawn a Desert Eagle from the weapon locker (Cost: 4)
[2018/1/1 - 20:39:41] Tobi Saito has withdrawn a SPAS-12 from the weapon locker (Cost: 0)
[2018/1/1 - 20:39:42] Tobi Saito has withdrawn a M4A1 from the weapon locker (Cost: 0)
[2018/1/1 - 20:39:43] Tobi Saito has withdrawn a Sniper Rifle from the weapon locker (Cost: 0)
[2018/1/1 - 20:41:22] [P205] Lieutenant Tobi Saito has timed out.
[2018/1/1 - 20:42:23] [F217] Sergeant Carlos G Ortega has timed out.
[2018/1/1 - 20:42:47] Matt Honest (880189) has quit the LSPD as a rank 9
[2018/1/1 - 20:43:20] [F217] Carlos G Ortega has logged in.
[2018/1/1 - 20:43:37] [P205] Tobi Saito has logged in.
[2018/1/1 - 20:45:24] [P229] Senior Officer Nai Chaos Bluman has logged out.
[2018/1/1 - 20:45:59] Carlos G Ortega has withdrawn a Nitestick from the weapon locker (Cost: 1)
[2018/1/1 - 20:46:01] Carlos G Ortega has withdrawn a Spray Can from the weapon locker (Cost: 1)
[2018/1/1 - 20:46:02] Carlos G Ortega has withdrawn a Desert Eagle from the weapon locker (Cost: 4)
[2018/1/1 - 20:46:04] Carlos G Ortega has withdrawn a MP5 from the weapon locker (Cost: 4)
[2018/1/1 - 20:46:05] Carlos G Ortega has withdrawn a Shotgun from the weapon locker (Cost: 2)
[2018/1/1 - 20:46:08] Carlos G Ortega has withdrawn a AK-47 from the weapon locker (Cost: 0)
[2018/1/1 - 20:46:10] [C226] Cadet Sung Saito has timed out.
[2018/1/1 - 20:46:25] [C226] Sung Saito has logged in.
[2018/1/1 - 20:47:21] [C226] Cadet Sung Saito has timed out.
[2018/1/1 - 20:48:16] [P244] Officer Andrew Reynolds has logged out.
[2018/1/1 - 20:48:50] [C226] Sung Saito has logged in.
[2018/1/1 - 20:49:34] [C226] Cadet Sung Saito has timed out.
[2018/1/1 - 20:50:31] [C226] Sung Saito has logged in.
[2018/1/1 - 20:51:25] [C226] Cadet Sung Saito has timed out.
[2018/1/1 - 20:51:35] [C226] Sung Saito has logged in.
[2018/1/1 - 20:52:27] Dante Forde (1000625032) accepted Deputy Chief Derek Hunter's (1000073823) invite to join LSPD (1).
[2018/1/1 - 20:52:31] Deputy Chief Derek Hunter (1000073823) (rank 8) has given Dante Forde (1000625032) rank 2 (Senior Officer) in LSPD (1).
[2018/1/1 - 20:52:46] Luke Farrington (1000625035) accepted Deputy Chief Derek Hunter's (1000073823) invite to join LSPD (1).
[2018/1/1 - 20:52:53] Captain Jerome Mcwill (1000624818) (rank 7) has given Dante Forde (1000625032) rank 4 (Sergeant) in LSPD (1).
[2018/1/1 - 20:53:10] Captain Jerome Mcwill (1000624818) has set Dante Forde's (1000625032) division to IA in LSPD (1).
[2018/1/1 - 20:53:16] Jerome Mcwill (1000624818) has set Dante Forde's (1000625032) badge to I200.
[2018/1/1 - 20:53:32] Captain Jerome Mcwill (1000624818) (rank 7) has given Dante Forde (1000625032) rank 3 (Corporal) in LSPD (1).
[2018/1/1 - 20:53:33] Captain Jerome Mcwill (1000624818) (rank 7) has given Dante Forde (1000625032) rank 2 (Senior Officer) in LSPD (1).
[2018/1/1 - 20:53:34] Deputy Chief Derek Hunter (1000073823) (rank 8) has given Luke Farrington (1000625035) rank 1 (Officer) in LSPD (1).
[2018/1/1 - 20:53:37] Deputy Chief Derek Hunter (1000073823) has set Luke Farrington's (1000625035) division to PTL in LSPD (1).
[2018/1/1 - 20:53:39] Captain Jerome Mcwill (1000624818) has set Dante Forde's (1000625032) division to PTL in LSPD (1).
[2018/1/1 - 20:53:44] Deputy Chief Derek Hunter (1000073823) (rank 8) has given Dante Forde (1000625032) rank 2 (Senior Officer) in LSPD (1).
[2018/1/1 - 20:53:45] Jerome Mcwill (1000624818) has set Dante Forde's (1000625032) badge to P200.
[2018/1/1 - 20:53:49] Jerome Mcwill (1000624818) has set Dante Forde's (1000625032) badge to F200.
[2018/1/1 - 20:53:51] Deputy Chief Derek Hunter (1000073823) has set Dante Forde's (1000625032) division to HON in LSPD (1).
[2018/1/1 - 20:53:52] Deputy Chief Derek Hunter (1000073823) has set Dante Forde's (1000625032) division to COUNTY in LSPD (1).
[2018/1/1 - 20:53:53] Deputy Chief Derek Hunter (1000073823) has set Dante Forde's (1000625032) division to IA in LSPD (1).
[2018/1/1 - 20:53:54] Deputy Chief Derek Hunter (1000073823) has set Dante Forde's (1000625032) division to FTO in LSPD (1).
[2018/1/1 - 20:54:20] Jerome Mcwill (1000624818) has set Dante Forde's (1000625032) badge to F260.
[2018/1/1 - 20:54:29] Dante Forde has withdrawn a Desert Eagle from the weapon locker (Cost: 4)
[2018/1/1 - 20:54:33] Dante Forde has withdrawn a M4A1 from the weapon locker (Cost: 0)
[2018/1/1 - 20:54:34] Luke Farrington has withdrawn a Desert Eagle from the weapon locker (Cost: 4)
[2018/1/1 - 20:54:37] Dante Forde has withdrawn a MP5 from the weapon locker (Cost: 4)
[2018/1/1 - 20:54:38] Luke Farrington has withdrawn a SPAS-12 from the weapon locker (Cost: 0)
[2018/1/1 - 20:54:39] Luke Farrington has withdrawn a M4A1 from the weapon locker (Cost: 0)
[2018/1/1 - 20:54:46] Derek Hunter (1000073823) has set Luke Farrington's (1000625035) badge to P248.
[2018/1/1 - 20:55:10] Derek Hunter (1000073823) has set Dante Forde's (1000625032) badge to F240.
[2018/1/1 - 20:55:11] [P248] Officer Luke Farrington has logged out.
[2018/1/1 - 20:56:10] [P248] Luke Farrington has logged in.
[2018/1/1 - 20:56:12] * Officer Tobi Saito has taken away Kyle Blevis's weapons.
[2018/1/1 - 20:56:47] [P229] Nai Chaos Bluman has logged in.
[2018/1/1 - 20:57:41] Leroy J. Meyers (1000172501) has made Leroy J. Meyers (1000172501) the leader of the LSPD.
[2018/1/1 - 21:05:41] [225] Senior Officer Scott Goodman has timed out.
[2018/1/1 - 21:06:32] [225] Scott Goodman has logged in.
[2018/1/1 - 21:07:02] [P263] Sergeant Jack Chaos has logged out.
[2018/1/1 - 21:09:34] [C243] Cadet Tomas Reyes has logged out.
[2018/1/1 - 21:12:02] [P214] Reece Storm has logged in.
[2018/1/1 - 21:12:38] [I242] Christian Gaccione has logged in.
[2018/1/1 - 21:16:07] [P248] Officer Luke Farrington has timed out.
[2018/1/1 - 21:16:47] [P248] Luke Farrington has logged in.
[2018/1/1 - 21:17:18] [P229] Senior Officer Nai Xi Chaos has timed out.
[2018/1/1 - 21:18:47] [P229] Nai Xi Chaos has logged in.
[2018/1/1 - 21:20:17] Dante Forde has withdrawn a SPAS-12 from the weapon locker (Cost: 0)
[2018/1/1 - 21:21:27] [P227] Corporal Katie Casso has timed out.
[2018/1/1 - 21:21:37] Lieutenant Tobi Saito (1000332639) has set Samantha Rivera's (1000081528) division to PTL in LSPD (1).
[2018/1/1 - 21:23:08] [C226] Cadet Sung Saito has timed out.
[2018/1/1 - 21:23:17] [C226] Sung Saito has logged in.
[2018/1/1 - 21:24:14] Reece Storm has withdrawn a Nitestick from the weapon locker (Cost: 1)
[2018/1/1 - 21:24:15] Reece Storm has withdrawn a Spray Can from the weapon locker (Cost: 1)
[2018/1/1 - 21:24:19] Reece Storm has withdrawn a M4A1 from the weapon locker (Cost: 0)
[2018/1/1 - 21:24:25] Reece Storm has withdrawn a SPAS-12 from the weapon locker (Cost: 0)
[2018/1/1 - 21:24:44] [P229] Senior Officer Nai Xi Chaos has timed out.
[2018/1/1 - 21:25:25] [P229] Nai Xi Chaos has logged in.
[2018/1/1 - 21:26:35] [P229] Senior Officer Nai Xi Chaos has timed out.
[2018/1/1 - 21:27:40] [P229] Nai Xi Chaos has logged in.
[2018/1/1 - 21:29:13] [228] Corporal Steven Chaos has logged out.
[2018/1/1 - 21:29:17] [P248] Officer Luke Farrington has timed out.
[2018/1/1 - 21:29:32] [I242] Sergeant Christian Gaccione has logged out.
[2018/1/1 - 21:29:49] [P248] Luke Farrington has logged in.
[2018/1/1 - 21:29:50] [P229] Senior Officer Nai Xi Chaos has timed out.
[2018/1/1 - 21:30:34] [P229] Nai Xi Chaos has logged in.
[2018/1/1 - 21:32:13] [P247] Brooke Chapman has logged in.
[2018/1/1 - 21:33:24] [P248] Officer Luke Farrington has timed out.
[2018/1/1 - 21:33:47] [P229] Senior Officer Nai Xi Chaos has timed out.
[2018/1/1 - 21:34:07] [P248] Luke Farrington has logged in.
[2018/1/1 - 21:36:06] [P248] Luke Farrington has logged in.
[2018/1/1 - 21:41:18] [P227] Katie Casso has logged in.
[2018/1/1 - 21:42:14] Senior Officer Depyo Chaos has logged out.
[2018/1/1 - 21:43:04] [P205] Lieutenant Tobi Saito has logged out.
[2018/1/1 - 21:43:22] Luke Farrington has withdrawn a Desert Eagle from the weapon locker (Cost: 4)
[2018/1/1 - 21:43:24] Luke Farrington has withdrawn a SPAS-12 from the weapon locker (Cost: 0)
[2018/1/1 - 21:43:25] Luke Farrington has withdrawn a AK-47 from the weapon locker (Cost: 0)
[2018/1/1 - 21:43:27] Luke Farrington has withdrawn a M4A1 from the weapon locker (Cost: 0)
[2018/1/1 - 21:49:14] [P227] Corporal Katie Casso has logged out.
[2018/1/1 - 21:49:21] * Officer Sung Saito has taken away Dan Devil's Cannabis.
[2018/1/1 - 21:49:24] * Officer Sung Saito has taken away Dan Devil's crack.
[2018/1/1 - 21:50:30] Clark Smith (112203) has made Clark Smith (112203) the leader of the LSPD.
[2018/1/1 - 21:50:35] [P247] Corporal Brooke Chapman has logged out.
[2018/1/1 - 21:51:42] [P247] Brooke Chapman has logged in.
[2018/1/1 - 21:52:49] [P285] John Danzie has logged in.
[2018/1/1 - 21:54:30] [P227] Katie Casso has logged in.
[2018/1/1 - 21:56:41] Brooke Chapman has withdrawn a Desert Eagle from the weapon locker (Cost: 4)
[2018/1/1 - 21:56:42] Brooke Chapman has withdrawn a Spray Can from the weapon locker (Cost: 1)
[2018/1/1 - 21:56:43] Brooke Chapman has withdrawn a Nitestick from the weapon locker (Cost: 1)
[2018/1/1 - 21:56:43] Brooke Chapman has withdrawn a MP5 from the weapon locker (Cost: 4)
[2018/1/1 - 21:56:44] Brooke Chapman has withdrawn a Shotgun from the weapon locker (Cost: 2)
[2018/1/1 - 21:58:21] Derek Hunter has withdrawn a Desert Eagle from the weapon locker (Cost: 4)
[2018/1/1 - 21:58:26] Derek Hunter has withdrawn a AK-47 from the weapon locker (Cost: 0)
[2018/1/1 - 22:02:23] Matt Honest (880189) has made Matt Honest (880189) the leader of the LSPD.
[2018/1/1 - 22:04:01] [F240] Senior Officer Dante Forde has logged out.
[2018/1/1 - 22:06:22] Reece Storm has withdrawn a Desert Eagle from the weapon locker (Cost: 4)
[2018/1/1 - 22:10:28] Derek Hunter (1000073823) has set Samantha Rivera's (1000081528) badge to P263.
[2018/1/1 - 22:11:29] [P248] Officer Luke Farrington has logged out.
[2018/1/1 - 22:12:56] [A178] Deputy Chief Derek Hunter has logged out.
[2018/1/1 - 22:14:56] [C226] Cadet Sung Saito has logged out.
[2018/1/1 - 22:17:33] [A178] Derek Hunter has logged in.
[2018/1/1 - 22:22:41] [P214] Staff Sergeant Reece Storm has logged out.
[2018/1/1 - 22:22:49] [P250] Liam Crawford has logged in.
[2018/1/1 - 22:28:36] [F217] Sergeant Carlos G Ortega has logged out.
[2018/1/1 - 22:33:48] Derek Hunter has deposited a Sniper Rifle into the locker.
[2018/1/1 - 22:37:56] [P205] Tobi Saito has logged in.
[2018/1/1 - 22:38:51] [P205] Lieutenant Tobi Saito has logged out.
[2018/1/1 - 22:39:56] Katie Casso has withdrawn a SPAS-12 from the weapon locker (Cost: 0)
[2018/1/1 - 22:39:59] Katie Casso has withdrawn a M4A1 from the weapon locker (Cost: 0)
[2018/1/1 - 22:40:01] Katie Casso has withdrawn a Desert Eagle from the weapon locker (Cost: 4)
[2018/1/1 - 22:41:05] [P205] Tobi Saito has logged in.
[2018/1/1 - 22:41:24] [P205] Lieutenant Tobi Saito has logged out.
[2018/1/1 - 22:42:21] [P205] Tobi Saito has logged in.
[2018/1/1 - 22:42:41] [P214] Reece Storm has logged in.
[2018/1/1 - 22:43:01] Ruben Rodriquez (845696) accepted Lieutenant Tobi Saito's (1000332639) invite to join LSPD (1).
[2018/1/1 - 22:43:06] Lieutenant Tobi Saito (1000332639) (rank 6) has given Ruben Rodriquez (845696) rank 1 (Officer) in LSPD (1).
[2018/1/1 - 22:43:15] Lieutenant Tobi Saito (1000332639) has set Ruben Rodriquez's (845696) division to PTL in LSPD (1).
[2018/1/1 - 22:43:35] [I242] Christian Gaccione has logged in.
[2018/1/1 - 22:43:58] Tobi Saito (1000332639) has set Ruben Rodriquez's (845696) badge to 264.
[2018/1/1 - 22:44:01] Tobi Saito (1000332639) has set Ruben Rodriquez's (845696) badge to P264.
[2018/1/1 - 22:46:18] Ruben Rodriquez has withdrawn a Nitestick from the weapon locker (Cost: 1)
[2018/1/1 - 22:46:29] Ruben Rodriquez has withdrawn a Spray Can from the weapon locker (Cost: 1)
[2018/1/1 - 22:46:30] Ruben Rodriquez has withdrawn a Desert Eagle from the weapon locker (Cost: 4)
[2018/1/1 - 22:46:30] Ruben Rodriquez has withdrawn a MP5 from the weapon locker (Cost: 4)
[2018/1/1 - 22:51:20] [P227] Corporal Katie Casso has logged out.
[2018/1/1 - 22:53:57] Tobi Saito (1000332639) has set Scott Goodman's (863969) badge to P225.
[2018/1/1 - 23:01:06] [P214] Staff Sergeant Reece Storm has logged out.
[2018/1/1 - 23:01:46] [P247] Brooke Chapman has logged in.
[2018/1/1 - 23:02:55] Trent Wolf (1000625066) accepted Deputy Chief Derek Hunter's (1000073823) invite to join LSPD (1).
[2018/1/1 - 23:02:55] Deputy Chief Derek Hunter (1000073823) (rank 8) has given Trent Wolf (1000625066) rank 4 (Sergeant) in LSPD (1).
[2018/1/1 - 23:03:03] Deputy Chief Derek Hunter (1000073823) has set Trent Wolf's (1000625066) division to IA in LSPD (1).
[2018/1/1 - 23:03:10] [F217] Carlos G Ortega has logged in.
[2018/1/1 - 23:03:18] Derek Hunter (1000073823) has set Trent Wolf's (1000625066) badge to I105.
[2018/1/1 - 23:03:42] [P222] Daro Freeman has logged in.
[2018/1/1 - 23:04:59] Depyo Chaos has logged in.
[2018/1/1 - 23:06:00] Trent Wolf has withdrawn a M4A1 from the weapon locker (Cost: 0)
[2018/1/1 - 23:06:04] Trent Wolf has withdrawn a Desert Eagle from the weapon locker (Cost: 4)
[2018/1/1 - 23:14:30] [P222] Sergeant Daro Freeman has timed out.
[2018/1/1 - 23:14:34] [F213] Carlos Ramirez has logged in.
[2018/1/1 - 23:15:15] [P222] Daro Freeman has logged in.
[2018/1/1 - 23:16:07] [P263] Jack Chaos has logged in.
[2018/1/1 - 23:17:06] Deputy Chief Derek Hunter (1000073823) (rank 8) has uninvited Ruben Rodriquez (845696) (rank 1) from LSPD (1).
[2018/1/1 - 23:21:16] Deputy Chief Derek Hunter (1000073823) (rank 8) has uninvited Daro Freeman (1000190816) (rank 4) from LSPD (1).
[2018/1/1 - 23:21:55] Daro Freeman (1000190816) accepted Deputy Chief Derek Hunter's (1000073823) invite to join LSPD (1).
[2018/1/1 - 23:22:12] Deputy Chief Derek Hunter (1000073823) (rank 8) has given Daro Freeman (1000190816) rank 4 (Sergeant) in LSPD (1).
[2018/1/1 - 23:22:14] Deputy Chief Derek Hunter (1000073823) has set Daro Freeman's (1000190816) division to PTL in LSPD (1).
[2018/1/1 - 23:22:21] Derek Hunter (1000073823) has set Daro Freeman's (1000190816) badge to 222.
[2018/1/1 - 23:23:29] [228] Steven Chaos has logged in.
[2018/1/1 - 23:24:55] Lieutenant Tobi Saito (1000332639) (rank 6) has given Brooke Chapman (1000481813) rank 4 (Sergeant) in LSPD (1).
[2018/1/1 - 23:25:02] Lieutenant Tobi Saito (1000332639) (rank 6) has given Brooke Chapman (1000481813) rank 2 (Officer II) in LSPD (1).
[2018/1/1 - 23:25:10] Lieutenant Tobi Saito (1000332639) (rank 6) has given Brooke Chapman (1000481813) rank 0 (Cadet) in LSPD (1).
[2018/1/1 - 23:25:25] Lieutenant Tobi Saito (1000332639) (rank 6) has given Brooke Chapman (1000481813) rank 3 (Corporal) in LSPD (1).
[2018/1/1 - 23:25:38] Daro Freeman has withdrawn a SPAS-12 from the weapon locker (Cost: 0)
[2018/1/1 - 23:28:17] Ruben Rodriquez (845696) accepted Captain Jerome Mcwill's (1000624818) invite to join LSPD (1).
[2018/1/1 - 23:28:21] Captain Jerome Mcwill (1000624818) (rank 7) has uninvited Ruben Rodriquez (845696) (rank 0) from LSPD (1).
[2018/1/1 - 23:40:15] [P227] Katie Casso has logged in.
[2018/1/1 - 23:40:49] [F222] James Raminez has logged in.
[2018/1/1 - 23:41:35] [P227] Corporal Katie Casso has timed out.
[2018/1/1 - 23:42:09] Sean James (1000047031) accepted Lieutenant Tobi Saito's (1000332639) invite to join LSPD (1).
[2018/1/1 - 23:42:11] Lieutenant Tobi Saito (1000332639) (rank 6) has given Sean James (1000047031) rank 9 (Chief of Police) in LSPD (1).
[2018/1/1 - 23:43:00] Chief of Police Sean James has logged out.
[2018/1/1 - 23:43:01] Daro Freeman has withdrawn a Desert Eagle from the weapon locker (Cost: 4)
[2018/1/1 - 23:43:02] Daro Freeman has withdrawn a SPAS-12 from the weapon locker (Cost: 0)
[2018/1/1 - 23:43:03] Daro Freeman has withdrawn a M4A1 from the weapon locker (Cost: 0)
[2018/1/1 - 23:43:04] Daro Freeman has withdrawn a Sniper Rifle from the weapon locker (Cost: 0)
[2018/1/1 - 23:44:32] [I242] Sergeant Christian Gaccione has logged out.
[2018/1/1 - 23:46:45] Alan Stark has withdrawn a AK-47 from the weapon locker (Cost: 0)
[2018/1/1 - 23:46:53] [F222] Sergeant James Raminez has logged out.
[2018/1/1 - 23:47:47] [F222] James Raminez has logged in.
[2018/1/1 - 23:48:00] Officer II Depyo Chaos has logged out.
[2018/1/1 - 23:48:47] [P263] Sergeant Jack Chaos has logged out.
[2018/1/1 - 23:49:37] [F261] Corporal Alan Stark has timed out.
[2018/1/1 - 23:49:37] [P225] Officer II Scott Goodman has timed out.
[2018/1/1 - 23:52:33] [F261] Alan Stark has logged in.
[2018/1/1 - 23:52:58] [228] Corporal Steven Chaos has logged out.
[2018/1/1 - 23:53:28] [P227] Katie Casso has logged in.
