[2018/1/26 - 0:10:55] Tazz William has withdrawn a Desert Eagle from the weapon locker (Cost: 3)
[2018/1/26 - 0:10:56] Tazz William has withdrawn a SPAS-12 from the weapon locker (Cost: 9)
[2018/1/26 - 0:14:25] [P276] Officer II Peter Rodriguez has logged out.
[2018/1/26 - 0:14:29] [P246] Officer II Zack Viccaji has logged out.
[2018/1/26 - 0:15:02] [D270] Mickey Mcflies has logged in.
[2018/1/26 - 0:17:32] Tazz William has withdrawn a Desert Eagle from the weapon locker (Cost: 3)
[2018/1/26 - 0:17:33] Tazz William has withdrawn a SPAS-12 from the weapon locker (Cost: 9)
[2018/1/26 - 0:17:35] Tazz William has withdrawn a M4A1 from the weapon locker (Cost: 9)
[2018/1/26 - 0:18:07] Tazz William has withdrawn a Desert Eagle from the weapon locker (Cost: 3)
[2018/1/26 - 0:18:08] Tazz William has withdrawn a SPAS-12 from the weapon locker (Cost: 9)
[2018/1/26 - 0:18:26] Tazz William has withdrawn a M4A1 from the weapon locker (Cost: 9)
[2018/1/26 - 0:19:39] [F255] Lieutenant Toby Vintage has timed out.
[2018/1/26 - 0:20:26] [F255] Toby Vintage has logged in.
[2018/1/26 - 0:20:42] [PXXX] Officer II Barnaird Hughie has timed out.
[2018/1/26 - 0:22:41] Toby Vintage has withdrawn a Nitestick from the weapon locker (Cost: 1)
[2018/1/26 - 0:22:42] Toby Vintage has withdrawn a Spray Can from the weapon locker (Cost: 1)
[2018/1/26 - 0:22:43] Toby Vintage has withdrawn a Desert Eagle from the weapon locker (Cost: 3)
[2018/1/26 - 0:22:44] Toby Vintage has withdrawn a MP5 from the weapon locker (Cost: 4)
[2018/1/26 - 0:22:45] Toby Vintage has withdrawn a SPAS-12 from the weapon locker (Cost: 9)
[2018/1/26 - 0:22:48] Toby Vintage has withdrawn a M4A1 from the weapon locker (Cost: 9)
[2018/1/26 - 0:22:49] Toby Vintage has withdrawn a Sniper Rifle from the weapon locker (Cost: 10)
[2018/1/26 - 0:23:20] [PXXX] Officer II Barnaird Hughie has timed out.
[2018/1/26 - 0:24:33] Mickey Mcflies has withdrawn a Sniper Rifle from the weapon locker (Cost: 10)
[2018/1/26 - 0:24:35] Mickey Mcflies has withdrawn a M4A1 from the weapon locker (Cost: 9)
[2018/1/26 - 0:24:36] Mickey Mcflies has withdrawn a Desert Eagle from the weapon locker (Cost: 3)
[2018/1/26 - 0:24:37] Mickey Mcflies has withdrawn a SPAS-12 from the weapon locker (Cost: 9)
[2018/1/26 - 0:30:45] Abayomi Mostafa has withdrawn a Nitestick from the weapon locker (Cost: 1)
[2018/1/26 - 0:30:46] Abayomi Mostafa has withdrawn a Spray Can from the weapon locker (Cost: 1)
[2018/1/26 - 0:30:48] Abayomi Mostafa has withdrawn a Desert Eagle from the weapon locker (Cost: 3)
[2018/1/26 - 0:30:50] Abayomi Mostafa has withdrawn a SPAS-12 from the weapon locker (Cost: 9)
[2018/1/26 - 0:30:52] Abayomi Mostafa has withdrawn a M4A1 from the weapon locker (Cost: 9)
[2018/1/26 - 0:34:37] [D383] Officer II Abayomi Mostafa has timed out.
[2018/1/26 - 0:36:47] [D383] Officer II Abayomi Mostafa has logged out.
[2018/1/26 - 0:39:34] [D270] Lieutenant Mickey Mcflies has timed out.
[2018/1/26 - 0:40:46] [D270] Mickey Mcflies has logged in.
[2018/1/26 - 0:42:18] [D383] Officer II Abayomi Mostafa has logged out.
[2018/1/26 - 0:43:39] Tazz William has withdrawn a Desert Eagle from the weapon locker (Cost: 3)
[2018/1/26 - 0:43:41] Tazz William has withdrawn a SPAS-12 from the weapon locker (Cost: 9)
[2018/1/26 - 0:43:42] Tazz William has withdrawn a M4A1 from the weapon locker (Cost: 9)
[2018/1/26 - 0:44:13] [D383] Officer II Abayomi Mostafa has timed out.
[2018/1/26 - 0:48:33] [D270] Lieutenant Mickey Mcflies has timed out.
[2018/1/26 - 0:52:06] [D270] Mickey Mcflies has logged in.
[2018/1/26 - 0:55:09] [P216] Officer II Tazz William has logged out.
[2018/1/26 - 1:14:39] [D383] Officer II Abayomi Mostafa has timed out.
[2018/1/26 - 2:03:36] Barnaird Hughie has withdrawn a Nitestick from the weapon locker (Cost: 1)
[2018/1/26 - 2:03:45] Barnaird Hughie has withdrawn a M4A1 from the weapon locker (Cost: 9)
[2018/1/26 - 2:03:48] Barnaird Hughie has withdrawn a Shotgun from the weapon locker (Cost: 2)
[2018/1/26 - 2:46:22] [P295] Officer II Carly Mcknight has timed out.
[2018/1/26 - 2:48:47] Abayomi Mostafa has withdrawn a Nitestick from the weapon locker (Cost: 1)
[2018/1/26 - 2:48:48] Abayomi Mostafa has withdrawn a Spray Can from the weapon locker (Cost: 1)
[2018/1/26 - 2:48:49] Abayomi Mostafa has withdrawn a Desert Eagle from the weapon locker (Cost: 3)
[2018/1/26 - 2:48:50] Abayomi Mostafa has withdrawn a SPAS-12 from the weapon locker (Cost: 9)
[2018/1/26 - 2:48:52] Abayomi Mostafa has withdrawn a M4A1 from the weapon locker (Cost: 9)
[2018/1/26 - 2:49:29] Abayomi Mostafa has withdrawn a Nitestick from the weapon locker (Cost: 1)
[2018/1/26 - 2:49:31] Abayomi Mostafa has withdrawn a Spray Can from the weapon locker (Cost: 1)
[2018/1/26 - 2:49:32] Abayomi Mostafa has withdrawn a Desert Eagle from the weapon locker (Cost: 3)
[2018/1/26 - 2:49:33] Abayomi Mostafa has withdrawn a SPAS-12 from the weapon locker (Cost: 9)
[2018/1/26 - 2:49:35] Abayomi Mostafa has withdrawn a M4A1 from the weapon locker (Cost: 9)
[2018/1/26 - 2:50:41] [A178] Deputy Chief Derek Hunter has logged out.
[2018/1/26 - 2:51:55] Carly Mcknight has withdrawn a Nitestick from the weapon locker (Cost: 1)
[2018/1/26 - 2:51:56] Carly Mcknight has withdrawn a SPAS-12 from the weapon locker (Cost: 9)
[2018/1/26 - 2:51:57] Carly Mcknight has withdrawn a M4A1 from the weapon locker (Cost: 9)
[2018/1/26 - 2:52:00] Carly Mcknight has withdrawn a Desert Eagle from the weapon locker (Cost: 3)
[2018/1/26 - 2:57:33] Barnaird Hughie has withdrawn a SPAS-12 from the weapon locker (Cost: 9)
[2018/1/26 - 2:59:48] [D383] Officer II Abayomi Mostafa has logged out.
[2018/1/26 - 2:59:58] Hector Jackson has withdrawn a Desert Eagle from the weapon locker (Cost: 3)
[2018/1/26 - 3:04:27] Tazz William has withdrawn a Desert Eagle from the weapon locker (Cost: 3)
[2018/1/26 - 3:04:28] Tazz William has withdrawn a SPAS-12 from the weapon locker (Cost: 9)
[2018/1/26 - 3:04:30] Tazz William has withdrawn a M4A1 from the weapon locker (Cost: 9)
[2018/1/26 - 3:05:35] Officer I Hector Jackson has logged out.
[2018/1/26 - 3:09:58] [D383] Officer II Abayomi Mostafa has logged out.
[2018/1/26 - 3:12:04] Tazz William has withdrawn a Desert Eagle from the weapon locker (Cost: 3)
[2018/1/26 - 3:12:05] Tazz William has withdrawn a SPAS-12 from the weapon locker (Cost: 9)
[2018/1/26 - 3:12:06] Carly Mcknight has withdrawn a Nitestick from the weapon locker (Cost: 1)
[2018/1/26 - 3:12:07] Tazz William has withdrawn a M4A1 from the weapon locker (Cost: 9)
[2018/1/26 - 3:12:07] Carly Mcknight has withdrawn a SPAS-12 from the weapon locker (Cost: 9)
[2018/1/26 - 3:12:09] Carly Mcknight has withdrawn a M4A1 from the weapon locker (Cost: 9)
[2018/1/26 - 3:12:09] Carly Mcknight has withdrawn a Desert Eagle from the weapon locker (Cost: 3)
[2018/1/26 - 3:16:51] Tazz William has withdrawn a SPAS-12 from the weapon locker (Cost: 9)
[2018/1/26 - 3:33:39] [P295] Officer II Carly Mcknight has timed out.
[2018/1/26 - 3:41:53] [D383] Officer II Abayomi Mostafa has logged out.
[2018/1/26 - 3:43:53] Sharkiesha Diesel has withdrawn a Desert Eagle from the weapon locker (Cost: 3)
[2018/1/26 - 3:43:57] Sharkiesha Diesel has withdrawn a SPAS-12 from the weapon locker (Cost: 9)
[2018/1/26 - 3:51:59] Officer II Joe Versace has timed out.
[2018/1/26 - 3:55:00] [PXXX] Officer II Barnaird Hughie has timed out.
[2018/1/26 - 4:11:43] Recruit Oby Maze has logged out.
[2018/1/26 - 4:16:04] Toby Vintage (868939) has made Toby Vintage (868939) the leader of the LSPD.
[2018/1/26 - 4:16:15] Chief of Police Toby Vintage (868939) has set Toby Vintage's (868939) division to FTO in LSPD (1).
[2018/1/26 - 4:16:37] Chief of Police Toby Vintage (868939) (rank 9) has given Toby Vintage (868939) rank 7 (Captain) in LSPD (1).
[2018/1/26 - 4:17:09] Toby Vintage (868939) has made Toby Vintage (868939) the leader of the LSPD.
[2018/1/26 - 4:17:18] Chief of Police Toby Vintage (868939) (rank 9) has given Toby Vintage (868939) rank 6 (Lieutenant) in LSPD (1).
[2018/1/26 - 4:17:19] * Officer Tazz William has taken away Zac Shards's crack.
[2018/1/26 - 4:17:23] * Officer Tazz William has taken away Zac Shards's Cannabis.
[2018/1/26 - 4:37:37] Joe Versace has logged in.
[2018/1/26 - 4:44:21] * Officer Tazz William has taken away Diaa Dod's weapons.
[2018/1/26 - 4:44:37] * Officer Tazz William has taken away Diaa Dod's Meth.
[2018/1/26 - 4:44:39] * Officer Tazz William has taken away Diaa Dod's Cannabis.
[2018/1/26 - 4:53:57] [P216] Officer II Tazz William has timed out.
[2018/1/26 - 5:08:28] Lieutenant Toby Vintage (868939) has set Toby Vintage's (868939) division to FTO in LSPD (1).
[2018/1/26 - 5:13:37] Tazz William has withdrawn a Desert Eagle from the weapon locker (Cost: 3)
[2018/1/26 - 5:13:39] Tazz William has withdrawn a SPAS-12 from the weapon locker (Cost: 9)
[2018/1/26 - 5:13:41] Tazz William has withdrawn a M4A1 from the weapon locker (Cost: 9)
[2018/1/26 - 5:49:52] Amber Phoenix has withdrawn a Spray Can from the weapon locker (Cost: 1)
[2018/1/26 - 5:49:53] Amber Phoenix has withdrawn a Nitestick from the weapon locker (Cost: 1)
[2018/1/26 - 5:50:19] Amber Phoenix has withdrawn a SPAS-12 from the weapon locker (Cost: 9)
[2018/1/26 - 5:50:20] [P239] Corporal Sharkiesha Diesel has logged out.
[2018/1/26 - 5:50:20] Amber Phoenix has withdrawn a M4A1 from the weapon locker (Cost: 9)
[2018/1/26 - 5:51:48] [P216] Officer II Tazz William has logged out.
[2018/1/26 - 5:59:08] Amber Phoenix has withdrawn a Nitestick from the weapon locker (Cost: 1)
[2018/1/26 - 5:59:09] Amber Phoenix has withdrawn a Spray Can from the weapon locker (Cost: 1)
[2018/1/26 - 5:59:13] Amber Phoenix has withdrawn a SPAS-12 from the weapon locker (Cost: 9)
[2018/1/26 - 5:59:14] Amber Phoenix has withdrawn a M4A1 from the weapon locker (Cost: 9)
[2018/1/26 - 6:05:57] Amber Phoenix has withdrawn a Nitestick from the weapon locker (Cost: 1)
[2018/1/26 - 6:05:59] Amber Phoenix has withdrawn a Spray Can from the weapon locker (Cost: 1)
[2018/1/26 - 6:06:01] Amber Phoenix has withdrawn a SPAS-12 from the weapon locker (Cost: 9)
[2018/1/26 - 6:06:03] Amber Phoenix has withdrawn a M4A1 from the weapon locker (Cost: 9)
[2018/1/26 - 6:52:07] [D383] Officer II Chelsya Thomas has logged out.
[2018/1/26 - 6:52:26] [D249] Officer II Jeff Favignano has logged out.
[2018/1/26 - 7:47:57] Officer II Joe Versace has timed out.
[2018/1/26 - 7:48:24] Joe Versace has logged in.
[2018/1/26 - 8:01:07] Officer II Sean Johnson Wright has logged out.
[2018/1/26 - 8:10:24] [P334] Officer I Sylvester Avellino has logged out.
[2018/1/26 - 8:18:37] [I209] Sergeant I Cruzio Demon has timed out.
[2018/1/26 - 8:22:42] Cruzio Demon has withdrawn a Sniper Rifle from the weapon locker (Cost: 10)
[2018/1/26 - 8:24:26] [I209] Sergeant I Cruzio Demon has logged out.
[2018/1/26 - 8:26:10] [I209] Sergeant I Cruzio Demon has logged out.
[2018/1/26 - 8:27:58] Cruzio Demon has withdrawn a Desert Eagle from the weapon locker (Cost: 3)
[2018/1/26 - 8:27:59] Cruzio Demon has withdrawn a SPAS-12 from the weapon locker (Cost: 9)
[2018/1/26 - 8:28:00] Cruzio Demon has withdrawn a M4A1 from the weapon locker (Cost: 9)
[2018/1/26 - 8:28:00] Cruzio Demon has withdrawn a Sniper Rifle from the weapon locker (Cost: 10)
[2018/1/26 - 8:28:50] [I209] Sergeant I Cruzio Demon has timed out.
[2018/1/26 - 8:30:44] [I209] Sergeant I Cruzio Demon has timed out.
[2018/1/26 - 8:30:54] Benzene Demon has withdrawn a Desert Eagle from the weapon locker (Cost: 3)
[2018/1/26 - 8:30:55] Benzene Demon has withdrawn a M4A1 from the weapon locker (Cost: 9)
[2018/1/26 - 8:30:55] Benzene Demon has withdrawn a SPAS-12 from the weapon locker (Cost: 9)
[2018/1/26 - 8:43:24] Cruzio Demon has withdrawn a Desert Eagle from the weapon locker (Cost: 3)
[2018/1/26 - 8:43:25] Cruzio Demon has withdrawn a Shotgun from the weapon locker (Cost: 2)
[2018/1/26 - 8:43:25] Cruzio Demon has withdrawn a SPAS-12 from the weapon locker (Cost: 9)
[2018/1/26 - 8:43:26] Cruzio Demon has withdrawn a M4A1 from the weapon locker (Cost: 9)
[2018/1/26 - 8:43:26] Cruzio Demon has withdrawn a Sniper Rifle from the weapon locker (Cost: 10)
[2018/1/26 - 8:44:23] Benzene Demon has withdrawn a Desert Eagle from the weapon locker (Cost: 3)
[2018/1/26 - 8:44:23] Benzene Demon has withdrawn a M4A1 from the weapon locker (Cost: 9)
[2018/1/26 - 8:44:24] Benzene Demon has withdrawn a SPAS-12 from the weapon locker (Cost: 9)
[2018/1/26 - 8:50:14] Sharkiesha Diesel has withdrawn a Sniper Rifle from the weapon locker (Cost: 10)
[2018/1/26 - 8:50:19] Sharkiesha Diesel has withdrawn a SPAS-12 from the weapon locker (Cost: 9)
[2018/1/26 - 8:56:50] Benzene Demon has withdrawn a Desert Eagle from the weapon locker (Cost: 3)
[2018/1/26 - 8:56:51] Benzene Demon has withdrawn a M4A1 from the weapon locker (Cost: 9)
[2018/1/26 - 8:56:51] Benzene Demon has withdrawn a SPAS-12 from the weapon locker (Cost: 9)
[2018/1/26 - 9:04:11] * Officer Sylvester Avellino has taken away Elliot Ackerman's weapons.
[2018/1/26 - 9:10:04] Sylvester Avellino has withdrawn a Desert Eagle from the weapon locker (Cost: 3)
[2018/1/26 - 9:10:07] Sylvester Avellino has withdrawn a Nitestick from the weapon locker (Cost: 1)
[2018/1/26 - 9:10:36] Sharkiesha Diesel has withdrawn a Sniper Rifle from the weapon locker (Cost: 10)
[2018/1/26 - 9:10:41] Sharkiesha Diesel has withdrawn a SPAS-12 from the weapon locker (Cost: 9)
[2018/1/26 - 9:15:42] [D249] Officer II Jeff Favignano has timed out.
[2018/1/26 - 9:21:30] Cruzio Demon has withdrawn a Sniper Rifle from the weapon locker (Cost: 10)
[2018/1/26 - 9:23:56] [P239] Corporal Sharkiesha Diesel has timed out.
[2018/1/26 - 9:26:05] Haider Philipps has withdrawn a SPAS-12 from the weapon locker (Cost: 9)
[2018/1/26 - 9:26:06] Haider Philipps has withdrawn a M4A1 from the weapon locker (Cost: 9)
[2018/1/26 - 9:26:08] Haider Philipps has withdrawn a Desert Eagle from the weapon locker (Cost: 3)
[2018/1/26 - 9:35:21] Stefan Legend has withdrawn a Desert Eagle from the weapon locker (Cost: 3)
[2018/1/26 - 9:35:23] Stefan Legend has withdrawn a M4A1 from the weapon locker (Cost: 9)
[2018/1/26 - 9:35:25] Tatsumi Hattori has withdrawn a SPAS-12 from the weapon locker (Cost: 9)
[2018/1/26 - 9:35:27] Tatsumi Hattori has withdrawn a Desert Eagle from the weapon locker (Cost: 3)
[2018/1/26 - 9:36:13] Benzene Demon has withdrawn a Desert Eagle from the weapon locker (Cost: 3)
[2018/1/26 - 9:36:14] Benzene Demon has withdrawn a M4A1 from the weapon locker (Cost: 9)
[2018/1/26 - 9:36:15] Benzene Demon has withdrawn a SPAS-12 from the weapon locker (Cost: 9)
[2018/1/26 - 9:37:18] Sylvester Avellino has withdrawn a Nitestick from the weapon locker (Cost: 1)
[2018/1/26 - 9:37:20] Sylvester Avellino has withdrawn a Desert Eagle from the weapon locker (Cost: 3)
[2018/1/26 - 9:37:22] Sylvester Avellino has withdrawn a M4A1 from the weapon locker (Cost: 9)
[2018/1/26 - 9:37:53] Officer II Joey Armstrong has logged out.
[2018/1/26 - 9:39:34] [P279] Officer II Stefan Legend has logged out.
[2018/1/26 - 9:45:06] [D277] Corporal Tatsumi Hattori has logged out.
[2018/1/26 - 9:46:46] Joey Armstrong has deposited a M4A1 into the locker.
[2018/1/26 - 9:47:07] [P283] Officer II Haider Philipps has timed out.
[2018/1/26 - 9:47:34] [P245] Officer II Benzene Demon has logged out.
[2018/1/26 - 9:58:29] Joey Armstrong has withdrawn a SPAS-12 from the weapon locker (Cost: 9)
[2018/1/26 - 10:03:32] [I209] Sergeant I Cruzio Demon has logged out.
[2018/1/26 - 10:06:00] Joey Armstrong has deposited a SPAS-12 into the locker.
[2018/1/26 - 10:10:04] [D294] Officer II Alex Whey Jefferson has logged out.
[2018/1/26 - 10:17:37] [P202] Officer I Yousef Sle has logged out.
[2018/1/26 - 10:26:16] Yousef Sle has withdrawn a M4A1 from the weapon locker (Cost: 9)
[2018/1/26 - 10:26:19] Yousef Sle has withdrawn a Desert Eagle from the weapon locker (Cost: 3)
[2018/1/26 - 10:27:59] [P202] Officer I Yousef Sle has timed out.
[2018/1/26 - 10:28:10] [P239] Corporal Sharkiesha Diesel has logged out.
[2018/1/26 - 10:29:46] Tatsumi Hattori has withdrawn a Desert Eagle from the weapon locker (Cost: 3)
[2018/1/26 - 10:29:48] Tatsumi Hattori has withdrawn a M4A1 from the weapon locker (Cost: 9)
[2018/1/26 - 10:35:18] [P202] Officer I Yousef Sle has logged out.
[2018/1/26 - 10:39:19] [D277] Corporal Tatsumi Hattori has logged out.
[2018/1/26 - 10:47:14] [P334] Officer I Sylvester Avellino has logged out.
[2018/1/26 - 11:05:50] Cruzio Demon has withdrawn a Desert Eagle from the weapon locker (Cost: 3)
[2018/1/26 - 11:05:51] Cruzio Demon has withdrawn a SPAS-12 from the weapon locker (Cost: 9)
[2018/1/26 - 11:05:52] Cruzio Demon has withdrawn a M4A1 from the weapon locker (Cost: 9)
[2018/1/26 - 11:05:52] Cruzio Demon has withdrawn a Sniper Rifle from the weapon locker (Cost: 10)
[2018/1/26 - 11:23:13] [D277] Corporal Tatsumi Hattori has logged out.
[2018/1/26 - 11:23:53] John Blake has deposited a M4A1 into the locker.
[2018/1/26 - 11:25:06] John Blake (1000048994) has quit the LSPD as a rank 2
[2018/1/26 - 11:26:07] [P230] Officer II Lamar M Buenoh has timed out.
[2018/1/26 - 11:28:40] [P216] Officer II Tazz William has logged out.
[2018/1/26 - 11:28:52] [I209] Sergeant I Cruzio Demon has timed out.
[2018/1/26 - 11:30:37] Benzene Demon has withdrawn a Desert Eagle from the weapon locker (Cost: 3)
[2018/1/26 - 11:30:38] Benzene Demon has withdrawn a M4A1 from the weapon locker (Cost: 9)
[2018/1/26 - 11:30:39] Benzene Demon has withdrawn a SPAS-12 from the weapon locker (Cost: 9)
[2018/1/26 - 11:32:11] Lamar M Buenoh has withdrawn a Desert Eagle from the weapon locker (Cost: 3)
[2018/1/26 - 11:32:12] Lamar M Buenoh has withdrawn a SPAS-12 from the weapon locker (Cost: 9)
[2018/1/26 - 11:32:14] Lamar M Buenoh has withdrawn a M4A1 from the weapon locker (Cost: 9)
[2018/1/26 - 11:32:16] Abe Abdel has withdrawn a Nitestick from the weapon locker (Cost: 1)
[2018/1/26 - 11:32:17] Abe Abdel has withdrawn a Spray Can from the weapon locker (Cost: 1)
[2018/1/26 - 11:32:18] Abe Abdel has withdrawn a Desert Eagle from the weapon locker (Cost: 3)
[2018/1/26 - 11:32:19] Abe Abdel has withdrawn a Shotgun from the weapon locker (Cost: 2)
[2018/1/26 - 11:32:21] Abe Abdel has withdrawn a SPAS-12 from the weapon locker (Cost: 9)
[2018/1/26 - 11:32:21] Abe Abdel has withdrawn a M4A1 from the weapon locker (Cost: 9)
[2018/1/26 - 11:38:34] Lamar M Buenoh has withdrawn a Desert Eagle from the weapon locker (Cost: 3)
[2018/1/26 - 11:38:35] Lamar M Buenoh has withdrawn a AK-47 from the weapon locker (Cost: 5)
[2018/1/26 - 11:38:37] Lamar M Buenoh has withdrawn a SPAS-12 from the weapon locker (Cost: 9)
[2018/1/26 - 11:38:39] Benzene Demon has withdrawn a Desert Eagle from the weapon locker (Cost: 3)
[2018/1/26 - 11:38:45] Lamar M Buenoh has withdrawn a M4A1 from the weapon locker (Cost: 9)
[2018/1/26 - 11:45:34] Abe Abdel has withdrawn a Nitestick from the weapon locker (Cost: 1)
[2018/1/26 - 11:45:36] Abe Abdel has withdrawn a Desert Eagle from the weapon locker (Cost: 3)
[2018/1/26 - 11:45:38] Abe Abdel has withdrawn a SPAS-12 from the weapon locker (Cost: 9)
[2018/1/26 - 11:45:39] Abe Abdel has withdrawn a M4A1 from the weapon locker (Cost: 9)
[2018/1/26 - 11:45:39] Lamar M Buenoh has withdrawn a Desert Eagle from the weapon locker (Cost: 3)
[2018/1/26 - 11:45:41] Lamar M Buenoh has withdrawn a SPAS-12 from the weapon locker (Cost: 9)
[2018/1/26 - 11:45:43] Lamar M Buenoh has withdrawn a M4A1 from the weapon locker (Cost: 9)
[2018/1/26 - 11:46:35] Tazz William has withdrawn a Desert Eagle from the weapon locker (Cost: 3)
[2018/1/26 - 11:46:37] Tazz William has withdrawn a SPAS-12 from the weapon locker (Cost: 9)
[2018/1/26 - 11:46:40] Tazz William has withdrawn a M4A1 from the weapon locker (Cost: 9)
[2018/1/26 - 11:46:54] [I224] Michael Westen has logged in.
[2018/1/26 - 11:49:32] [P245] Officer II Benzene Demon has logged out.
[2018/1/26 - 11:49:41] Cruzio Demon has withdrawn a Sniper Rifle from the weapon locker (Cost: 10)
[2018/1/26 - 11:50:36] [I209] Sergeant I Cruzio Demon has logged out.
[2018/1/26 - 11:57:40] [VTICKET] Officer Lamar M Buenoh has ticketed Michael Dios Wing's Elegy (882) for $5,000.
[2018/1/26 - 12:02:56] Sylvester Avellino has withdrawn a M4A1 from the weapon locker (Cost: 9)
[2018/1/26 - 12:08:56] Lamar M Buenoh has withdrawn a SPAS-12 from the weapon locker (Cost: 9)
[2018/1/26 - 12:08:57] Lamar M Buenoh has withdrawn a M4A1 from the weapon locker (Cost: 9)
[2018/1/26 - 12:11:55] [P216] Officer II Tazz William has logged out.
[2018/1/26 - 12:12:02] Lamar M Buenoh has withdrawn a SPAS-12 from the weapon locker (Cost: 9)
[2018/1/26 - 12:12:03] Lamar M Buenoh has withdrawn a M4A1 from the weapon locker (Cost: 9)
[2018/1/26 - 12:12:06] Michael Westen has authorized Lamar M Buenoh to withdraw a Sniper Rifle from the weapon locker (Cost: 10)
[2018/1/26 - 12:13:34] Lamar M Buenoh has withdrawn a SPAS-12 from the weapon locker (Cost: 9)
[2018/1/26 - 12:13:35] Lamar M Buenoh has withdrawn a M4A1 from the weapon locker (Cost: 9)
[2018/1/26 - 12:14:50] Lamar M Buenoh has withdrawn a SPAS-12 from the weapon locker (Cost: 9)
[2018/1/26 - 12:14:51] Lamar M Buenoh has withdrawn a M4A1 from the weapon locker (Cost: 9)
[2018/1/26 - 12:15:49] Lamar M Buenoh has withdrawn a SPAS-12 from the weapon locker (Cost: 9)
[2018/1/26 - 12:15:50] Lamar M Buenoh has withdrawn a M4A1 from the weapon locker (Cost: 9)
[2018/1/26 - 12:16:10] Sylvester Avellino has withdrawn a Desert Eagle from the weapon locker (Cost: 3)
[2018/1/26 - 12:16:13] Michael Westen has authorized Jesse Raminez to withdraw a Sniper Rifle from the weapon locker (Cost: 10)
[2018/1/26 - 12:16:14] Michael Westen has authorized Sylvester Avellino to withdraw a Sniper Rifle from the weapon locker (Cost: 10)
[2018/1/26 - 12:16:37] Lamar M Buenoh has withdrawn a SPAS-12 from the weapon locker (Cost: 9)
[2018/1/26 - 12:16:38] Lamar M Buenoh has withdrawn a M4A1 from the weapon locker (Cost: 9)
[2018/1/26 - 12:17:45] [P239] Corporal Sharkiesha Diesel has logged out.
[2018/1/26 - 12:17:57] [D288] Officer II Jesse Raminez has logged out.
[2018/1/26 - 12:19:35] Abe Abdel has withdrawn a Nitestick from the weapon locker (Cost: 1)
[2018/1/26 - 12:19:35] Abe Abdel has withdrawn a Desert Eagle from the weapon locker (Cost: 3)
[2018/1/26 - 12:19:37] Abe Abdel has withdrawn a SPAS-12 from the weapon locker (Cost: 9)
[2018/1/26 - 12:19:39] Abe Abdel has withdrawn a M4A1 from the weapon locker (Cost: 9)
[2018/1/26 - 12:23:19] Lamar M Buenoh has withdrawn a SPAS-12 from the weapon locker (Cost: 9)
[2018/1/26 - 12:24:19] [P239] Corporal Sharkiesha Diesel has logged out.
[2018/1/26 - 12:25:50] [I224] Lieutenant Michael Westen has logged out.
[2018/1/26 - 12:25:58] Jesse Raminez has withdrawn a Desert Eagle from the weapon locker (Cost: 3)
[2018/1/26 - 12:25:59] Jesse Raminez has withdrawn a SPAS-12 from the weapon locker (Cost: 9)
[2018/1/26 - 12:26:01] Jesse Raminez has withdrawn a M4A1 from the weapon locker (Cost: 9)
[2018/1/26 - 12:26:03] Jesse Raminez has withdrawn a Camera from the weapon locker (Cost: 0)
[2018/1/26 - 12:27:11] [P230] Officer II Lamar M Buenoh has timed out.
[2018/1/26 - 12:29:31] [P239] Corporal Sharkiesha Diesel has logged out.
[2018/1/26 - 12:33:19] Sharkiesha Diesel has withdrawn a M4A1 from the weapon locker (Cost: 9)
[2018/1/26 - 12:34:01] [P239] Corporal Sharkiesha Diesel has timed out.
[2018/1/26 - 12:35:25] [P239] Corporal Sharkiesha Diesel has logged out.
[2018/1/26 - 12:43:46] [P239] Corporal Sharkiesha Diesel has logged out.
[2018/1/26 - 12:43:49] [PXXX] Officer II Billy Russo has logged out.
[2018/1/26 - 12:45:30] Walter Skinner has withdrawn a SPAS-12 from the weapon locker (Cost: 9)
[2018/1/26 - 12:45:31] Walter Skinner has withdrawn a Desert Eagle from the weapon locker (Cost: 3)
[2018/1/26 - 12:45:32] Abe Abdel has withdrawn a Nitestick from the weapon locker (Cost: 1)
[2018/1/26 - 12:45:33] Abe Abdel has withdrawn a Desert Eagle from the weapon locker (Cost: 3)
[2018/1/26 - 12:45:35] Abe Abdel has withdrawn a SPAS-12 from the weapon locker (Cost: 9)
[2018/1/26 - 12:45:36] Abe Abdel has withdrawn a M4A1 from the weapon locker (Cost: 9)
[2018/1/26 - 12:45:39] Stefan Legend has withdrawn a M4A1 from the weapon locker (Cost: 9)
[2018/1/26 - 12:45:43] Stefan Legend has withdrawn a Desert Eagle from the weapon locker (Cost: 3)
[2018/1/26 - 12:46:05] [P334] Officer I Sylvester Avellino has timed out.
[2018/1/26 - 12:46:10] [P279] Officer II Stefan Legend has logged out.
[2018/1/26 - 12:47:40] [P239] Corporal Sharkiesha Diesel has logged out.
[2018/1/26 - 12:52:14] Alberto Reyes has withdrawn a Desert Eagle from the weapon locker (Cost: 3)
[2018/1/26 - 12:52:16] Alberto Reyes has withdrawn a SPAS-12 from the weapon locker (Cost: 9)
[2018/1/26 - 12:52:17] Alberto Reyes has withdrawn a M4A1 from the weapon locker (Cost: 9)
[2018/1/26 - 12:53:17] Abe Abdel has withdrawn a Nitestick from the weapon locker (Cost: 1)
[2018/1/26 - 12:53:19] Abe Abdel has withdrawn a Desert Eagle from the weapon locker (Cost: 3)
[2018/1/26 - 12:53:20] Abe Abdel has withdrawn a SPAS-12 from the weapon locker (Cost: 9)
[2018/1/26 - 12:53:21] Abe Abdel has withdrawn a M4A1 from the weapon locker (Cost: 9)
[2018/1/26 - 12:54:14] Lamar M Buenoh has withdrawn a SPAS-12 from the weapon locker (Cost: 9)
[2018/1/26 - 12:54:16] Lamar M Buenoh has withdrawn a M4A1 from the weapon locker (Cost: 9)
[2018/1/26 - 12:55:01] [P239] Corporal Sharkiesha Diesel has logged out.
[2018/1/26 - 12:57:47] [P239] Corporal Sharkiesha Diesel has logged out.
[2018/1/26 - 13:00:37] Walter Skinner has withdrawn a SPAS-12 from the weapon locker (Cost: 9)
[2018/1/26 - 13:00:37] Stefan Legend has withdrawn a M4A1 from the weapon locker (Cost: 9)
[2018/1/26 - 13:00:38] Walter Skinner has withdrawn a Desert Eagle from the weapon locker (Cost: 3)
[2018/1/26 - 13:00:39] Stefan Legend has withdrawn a Desert Eagle from the weapon locker (Cost: 3)
[2018/1/26 - 13:00:48] Abe Abdel has withdrawn a Desert Eagle from the weapon locker (Cost: 3)
[2018/1/26 - 13:00:49] Abe Abdel has withdrawn a Nitestick from the weapon locker (Cost: 1)
[2018/1/26 - 13:00:52] Abe Abdel has withdrawn a SPAS-12 from the weapon locker (Cost: 9)
[2018/1/26 - 13:00:53] Abe Abdel has withdrawn a M4A1 from the weapon locker (Cost: 9)
[2018/1/26 - 13:06:19] [D288] Officer II Jesse Raminez has timed out.
[2018/1/26 - 13:08:17] [I224] Michael Westen has logged in.
[2018/1/26 - 13:08:42] [P239] Corporal Sharkiesha Diesel has logged out.
[2018/1/26 - 13:12:25] Jesse Raminez has withdrawn a Desert Eagle from the weapon locker (Cost: 3)
[2018/1/26 - 13:12:27] Jesse Raminez has withdrawn a SPAS-12 from the weapon locker (Cost: 9)
[2018/1/26 - 13:12:28] Jesse Raminez has withdrawn a M4A1 from the weapon locker (Cost: 9)
[2018/1/26 - 13:12:47] [D288] Officer II Jesse Raminez has logged out.
[2018/1/26 - 13:16:48] Lamar M Buenoh has withdrawn a Desert Eagle from the weapon locker (Cost: 3)
[2018/1/26 - 13:16:50] Lamar M Buenoh has withdrawn a SPAS-12 from the weapon locker (Cost: 9)
[2018/1/26 - 13:16:51] Lamar M Buenoh has withdrawn a M4A1 from the weapon locker (Cost: 9)
[2018/1/26 - 13:17:24] Lamar M Buenoh has withdrawn a MP5 from the weapon locker (Cost: 4)
[2018/1/26 - 13:18:17] Alberto Reyes has withdrawn a SPAS-12 from the weapon locker (Cost: 9)
[2018/1/26 - 13:18:19] Alberto Reyes has withdrawn a M4A1 from the weapon locker (Cost: 9)
[2018/1/26 - 13:18:21] Alberto Reyes has withdrawn a Desert Eagle from the weapon locker (Cost: 3)
[2018/1/26 - 13:18:24] Walter Skinner has withdrawn a Desert Eagle from the weapon locker (Cost: 3)
[2018/1/26 - 13:18:25] Walter Skinner has withdrawn a SPAS-12 from the weapon locker (Cost: 9)
[2018/1/26 - 13:23:25] Walter Skinner has withdrawn a SPAS-12 from the weapon locker (Cost: 9)
[2018/1/26 - 13:23:26] Walter Skinner has withdrawn a Desert Eagle from the weapon locker (Cost: 3)
[2018/1/26 - 13:23:32] [P220] Officer I Walter Skinner has logged out.
[2018/1/26 - 13:26:01] [I224] Lieutenant Michael Westen has logged out.
[2018/1/26 - 13:26:12] [P230] Officer II Lamar M Buenoh has timed out.
[2018/1/26 - 13:33:27] * Officer Stefan Legend has taken away Michael Dios Wing's Heroin.
[2018/1/26 - 13:33:33] * Officer Stefan Legend has taken away Michael Dios Wing's weapons.
[2018/1/26 - 13:39:44] Steve R Jones has withdrawn a Nitestick from the weapon locker (Cost: 1)
[2018/1/26 - 13:39:45] Steve R Jones has withdrawn a Desert Eagle from the weapon locker (Cost: 3)
[2018/1/26 - 13:39:46] Steve R Jones has withdrawn a Shotgun from the weapon locker (Cost: 2)
[2018/1/26 - 13:39:49] Steve R Jones has withdrawn a M4A1 from the weapon locker (Cost: 9)
[2018/1/26 - 13:51:37] Lamar M Buenoh has withdrawn a Desert Eagle from the weapon locker (Cost: 3)
[2018/1/26 - 13:51:38] Lamar M Buenoh has withdrawn a SPAS-12 from the weapon locker (Cost: 9)
[2018/1/26 - 13:51:40] Lamar M Buenoh has withdrawn a M4A1 from the weapon locker (Cost: 9)
[2018/1/26 - 13:51:42] Lamar M Buenoh has withdrawn a MP5 from the weapon locker (Cost: 4)
[2018/1/26 - 13:54:47] [P205] Sergeant I Steve R Jones has timed out.
[2018/1/26 - 13:56:41] Benzene Demon has withdrawn a Desert Eagle from the weapon locker (Cost: 3)
[2018/1/26 - 13:56:42] Benzene Demon has withdrawn a M4A1 from the weapon locker (Cost: 9)
[2018/1/26 - 13:56:42] Benzene Demon has withdrawn a SPAS-12 from the weapon locker (Cost: 9)
[2018/1/26 - 13:57:09] Stefan Legend has withdrawn a M4A1 from the weapon locker (Cost: 9)
[2018/1/26 - 13:57:10] Stefan Legend has withdrawn a Desert Eagle from the weapon locker (Cost: 3)
[2018/1/26 - 13:57:12] Cruzio Demon has withdrawn a Desert Eagle from the weapon locker (Cost: 3)
[2018/1/26 - 13:57:13] Cruzio Demon has withdrawn a SPAS-12 from the weapon locker (Cost: 9)
[2018/1/26 - 13:57:14] Cruzio Demon has withdrawn a M4A1 from the weapon locker (Cost: 9)
[2018/1/26 - 13:57:14] Cruzio Demon has withdrawn a Sniper Rifle from the weapon locker (Cost: 10)
[2018/1/26 - 13:57:23] Cruzio Demon has withdrawn a Sniper Rifle from the weapon locker (Cost: 10)
[2018/1/26 - 13:58:38] Abe Abdel has withdrawn a Desert Eagle from the weapon locker (Cost: 3)
[2018/1/26 - 13:58:39] Abe Abdel has withdrawn a Nitestick from the weapon locker (Cost: 1)
[2018/1/26 - 13:58:40] Abe Abdel has withdrawn a SPAS-12 from the weapon locker (Cost: 9)
[2018/1/26 - 13:58:40] Abe Abdel has withdrawn a M4A1 from the weapon locker (Cost: 9)
[2018/1/26 - 13:58:43] * Officer Alberto Reyes has taken away Dan D. Henderson's crack.
[2018/1/26 - 13:58:47] * Officer Alberto Reyes has taken away Dan D. Henderson's weapons.
[2018/1/26 - 13:58:53] [P205] Sergeant I Steve R Jones has timed out.
[2018/1/26 - 14:14:27] [P245] Officer II Benzene Demon has logged out.
[2018/1/26 - 14:14:37] [P205] Sergeant I Steve R Jones has logged out.
[2018/1/26 - 14:15:00] [D249] Officer II Jeff Favignano has logged out.
[2018/1/26 - 14:15:08] [I209] Sergeant I Cruzio Demon has logged out.
[2018/1/26 - 14:16:53] Jeff Favignano has withdrawn a M4A1 from the weapon locker (Cost: 9)
[2018/1/26 - 14:16:55] Jeff Favignano has withdrawn a SPAS-12 from the weapon locker (Cost: 9)
[2018/1/26 - 14:16:56] Jeff Favignano has withdrawn a Desert Eagle from the weapon locker (Cost: 3)
[2018/1/26 - 14:16:57] Jeff Favignano has withdrawn a Camera from the weapon locker (Cost: 0)
[2018/1/26 - 14:19:26] [P279] Officer II Stefan Legend has timed out.
[2018/1/26 - 14:20:01] [D268] Officer II Tonio Sarto has logged out.
[2018/1/26 - 14:21:00] Lamar M Buenoh has withdrawn a Desert Eagle from the weapon locker (Cost: 3)
[2018/1/26 - 14:21:01] Lamar M Buenoh has withdrawn a SPAS-12 from the weapon locker (Cost: 9)
[2018/1/26 - 14:21:02] Lamar M Buenoh has withdrawn a M4A1 from the weapon locker (Cost: 9)
[2018/1/26 - 14:21:42] [P243] Officer II Alberto Reyes has logged out.
[2018/1/26 - 14:22:24] Haider Philipps has withdrawn a SPAS-12 from the weapon locker (Cost: 9)
[2018/1/26 - 14:22:26] Haider Philipps has withdrawn a M4A1 from the weapon locker (Cost: 9)
[2018/1/26 - 14:22:27] Haider Philipps has withdrawn a Desert Eagle from the weapon locker (Cost: 3)
[2018/1/26 - 14:24:44] Lamar M Buenoh has withdrawn a Desert Eagle from the weapon locker (Cost: 3)
[2018/1/26 - 14:24:46] Lamar M Buenoh has withdrawn a AK-47 from the weapon locker (Cost: 5)
[2018/1/26 - 14:24:47] Lamar M Buenoh has withdrawn a SPAS-12 from the weapon locker (Cost: 9)
[2018/1/26 - 14:24:48] Lamar M Buenoh has withdrawn a M4A1 from the weapon locker (Cost: 9)
[2018/1/26 - 14:25:17] Abe Abdel has withdrawn a Nitestick from the weapon locker (Cost: 1)
[2018/1/26 - 14:25:18] Abe Abdel has withdrawn a Desert Eagle from the weapon locker (Cost: 3)
[2018/1/26 - 14:25:20] Abe Abdel has withdrawn a SPAS-12 from the weapon locker (Cost: 9)
[2018/1/26 - 14:25:21] Abe Abdel has withdrawn a M4A1 from the weapon locker (Cost: 9)
[2018/1/26 - 14:26:19] Recruit Michael Buenoh has timed out.
[2018/1/26 - 14:26:49] Stefan Legend has withdrawn a M4A1 from the weapon locker (Cost: 9)
[2018/1/26 - 14:26:53] [P283] Officer II Haider Philipps has logged out.
[2018/1/26 - 14:26:56] Stefan Legend has withdrawn a Desert Eagle from the weapon locker (Cost: 3)
[2018/1/26 - 14:30:29] Lamar M Buenoh has reduced Willy_Frankenstein's sentence by 30 
[2018/1/26 - 14:42:45] [D249] Officer II Jeff Favignano has timed out.
[2018/1/26 - 14:43:50] Abe Abdel has withdrawn a Nitestick from the weapon locker (Cost: 1)
[2018/1/26 - 14:43:51] Abe Abdel has withdrawn a Desert Eagle from the weapon locker (Cost: 3)
[2018/1/26 - 14:43:52] Abe Abdel has withdrawn a SPAS-12 from the weapon locker (Cost: 9)
[2018/1/26 - 14:43:53] Abe Abdel has withdrawn a M4A1 from the weapon locker (Cost: 9)
[2018/1/26 - 14:45:14] Stefan Legend has withdrawn a M4A1 from the weapon locker (Cost: 9)
[2018/1/26 - 14:45:16] Stefan Legend has withdrawn a Desert Eagle from the weapon locker (Cost: 3)
[2018/1/26 - 14:45:42] [D249] Officer II Jeff Favignano has logged out.
[2018/1/26 - 14:52:18] Cruzio Demon has accepted Tracy Venturas's release request.
[2018/1/26 - 14:56:08] * Officer Abe Abdel has taken away Dolev Venturas's crack.
[2018/1/26 - 14:56:11] * Officer Abe Abdel has taken away Dolev Venturas's Cannabis.
[2018/1/26 - 14:56:21] Tonio Sarto has withdrawn a SPAS-12 from the weapon locker (Cost: 9)
[2018/1/26 - 14:56:22] Tonio Sarto has withdrawn a Desert Eagle from the weapon locker (Cost: 3)
[2018/1/26 - 14:56:23] Tonio Sarto has withdrawn a M4A1 from the weapon locker (Cost: 9)
[2018/1/26 - 15:00:00] [D268] Officer II Tonio Sarto has timed out.
[2018/1/26 - 15:05:59] Cruzio Demon has withdrawn a Desert Eagle from the weapon locker (Cost: 3)
[2018/1/26 - 15:06:00] Cruzio Demon has withdrawn a SPAS-12 from the weapon locker (Cost: 9)
[2018/1/26 - 15:06:01] Cruzio Demon has withdrawn a M4A1 from the weapon locker (Cost: 9)
[2018/1/26 - 15:06:02] Cruzio Demon has withdrawn a Sniper Rifle from the weapon locker (Cost: 10)
[2018/1/26 - 15:08:13] Jeff Favignano has withdrawn a SPAS-12 from the weapon locker (Cost: 9)
[2018/1/26 - 15:08:14] Jeff Favignano has withdrawn a AK-47 from the weapon locker (Cost: 5)
[2018/1/26 - 15:08:15] Jeff Favignano has withdrawn a Desert Eagle from the weapon locker (Cost: 3)
[2018/1/26 - 15:08:16] Jeff Favignano has withdrawn a Camera from the weapon locker (Cost: 0)
[2018/1/26 - 15:09:06] Sven Keizer has withdrawn a Nitestick from the weapon locker (Cost: 1)
[2018/1/26 - 15:09:06] Sven Keizer has withdrawn a Spray Can from the weapon locker (Cost: 1)
[2018/1/26 - 15:09:07] Sven Keizer has withdrawn a Desert Eagle from the weapon locker (Cost: 3)
[2018/1/26 - 15:09:08] Sven Keizer has withdrawn a MP5 from the weapon locker (Cost: 4)
[2018/1/26 - 15:09:09] Sven Keizer has withdrawn a Shotgun from the weapon locker (Cost: 2)
[2018/1/26 - 15:09:11] Sven Keizer has withdrawn a M4A1 from the weapon locker (Cost: 9)
[2018/1/26 - 15:09:37] [D249] Officer II Jeff Favignano has logged out.
[2018/1/26 - 15:18:00] Sven Keizer has withdrawn a Nitestick from the weapon locker (Cost: 1)
[2018/1/26 - 15:18:01] Sven Keizer has withdrawn a Spray Can from the weapon locker (Cost: 1)
[2018/1/26 - 15:18:01] Sven Keizer has withdrawn a Desert Eagle from the weapon locker (Cost: 3)
[2018/1/26 - 15:18:02] Sven Keizer has withdrawn a MP5 from the weapon locker (Cost: 4)
[2018/1/26 - 15:18:04] Sven Keizer has withdrawn a SPAS-12 from the weapon locker (Cost: 9)
[2018/1/26 - 15:18:05] Sven Keizer has withdrawn a M4A1 from the weapon locker (Cost: 9)
[2018/1/26 - 15:18:07] Stefan Legend has withdrawn a M4A1 from the weapon locker (Cost: 9)
[2018/1/26 - 15:18:09] Stefan Legend has withdrawn a Desert Eagle from the weapon locker (Cost: 3)
[2018/1/26 - 15:18:25] [P279] Officer II Stefan Legend has logged out.
[2018/1/26 - 15:19:02] Tonio Sarto has withdrawn a Desert Eagle from the weapon locker (Cost: 3)
[2018/1/26 - 15:19:03] Tonio Sarto has withdrawn a SPAS-12 from the weapon locker (Cost: 9)
[2018/1/26 - 15:19:05] Tonio Sarto has withdrawn a M4A1 from the weapon locker (Cost: 9)
[2018/1/26 - 15:19:24] Abe Abdel has withdrawn a Nitestick from the weapon locker (Cost: 1)
[2018/1/26 - 15:19:25] Abe Abdel has withdrawn a Desert Eagle from the weapon locker (Cost: 3)
[2018/1/26 - 15:19:26] Abe Abdel has withdrawn a SPAS-12 from the weapon locker (Cost: 9)
[2018/1/26 - 15:19:28] Abe Abdel has withdrawn a M4A1 from the weapon locker (Cost: 9)
[2018/1/26 - 15:20:13] [I209] Sergeant I Cruzio Demon has timed out.
[2018/1/26 - 15:21:30] John Swagger has withdrawn a Desert Eagle from the weapon locker (Cost: 3)
[2018/1/26 - 15:21:31] John Swagger has withdrawn a SPAS-12 from the weapon locker (Cost: 9)
[2018/1/26 - 15:21:32] John Swagger has withdrawn a M4A1 from the weapon locker (Cost: 9)
[2018/1/26 - 15:21:33] John Swagger has withdrawn a Sniper Rifle from the weapon locker (Cost: 10)
[2018/1/26 - 15:24:37] [P284] Officer I Luke Farrington has logged out.
[2018/1/26 - 15:25:36] [I209] Sergeant I Cruzio Demon has logged out.
[2018/1/26 - 15:34:11] Lamar M Buenoh has withdrawn a Desert Eagle from the weapon locker (Cost: 3)
[2018/1/26 - 15:34:12] Lamar M Buenoh has withdrawn a M4A1 from the weapon locker (Cost: 9)
[2018/1/26 - 15:34:13] Lamar M Buenoh has withdrawn a SPAS-12 from the weapon locker (Cost: 9)
[2018/1/26 - 15:34:14] Lamar M Buenoh has withdrawn a Tear Gas from the weapon locker (Cost: 1)
[2018/1/26 - 15:34:14] [D268] Officer II Tonio Sarto has timed out.
[2018/1/26 - 15:34:26] Abe Abdel has accepted Dolev Venturas's release request.
[2018/1/26 - 15:35:27] Abe Abdel has accepted Omri Venturas's release request.
[2018/1/26 - 15:46:28] Abe Abdel has withdrawn a Nitestick from the weapon locker (Cost: 1)
[2018/1/26 - 15:46:29] Abe Abdel has withdrawn a Desert Eagle from the weapon locker (Cost: 3)
[2018/1/26 - 15:46:30] Abe Abdel has withdrawn a SPAS-12 from the weapon locker (Cost: 9)
[2018/1/26 - 15:46:31] Abe Abdel has withdrawn a M4A1 from the weapon locker (Cost: 9)
[2018/1/26 - 15:46:38] John Swagger has withdrawn a Desert Eagle from the weapon locker (Cost: 3)
[2018/1/26 - 15:46:39] John Swagger has withdrawn a SPAS-12 from the weapon locker (Cost: 9)
[2018/1/26 - 15:46:40] John Swagger has withdrawn a M4A1 from the weapon locker (Cost: 9)
[2018/1/26 - 15:47:04] Joey Armstrong has withdrawn a AK-47 from the weapon locker (Cost: 5)
[2018/1/26 - 15:57:14] [P252] Corporal John Swagger has logged out.
[2018/1/26 - 15:57:51] Lamar M Buenoh has withdrawn a Desert Eagle from the weapon locker (Cost: 3)
[2018/1/26 - 15:57:53] Lamar M Buenoh has withdrawn a SPAS-12 from the weapon locker (Cost: 9)
[2018/1/26 - 15:57:55] Lamar M Buenoh has withdrawn a M4A1 from the weapon locker (Cost: 9)
[2018/1/26 - 16:00:24] [P256] Officer I Sven Keizer has timed out.
[2018/1/26 - 16:05:51] [P246] Officer II Zack Viccaji has logged out.
[2018/1/26 - 16:07:50] [P246] Officer II Zack Viccaji has logged out.
[2018/1/26 - 16:16:11] Lamar M Buenoh has withdrawn a SPAS-12 from the weapon locker (Cost: 9)
[2018/1/26 - 16:16:12] Lamar M Buenoh has withdrawn a M4A1 from the weapon locker (Cost: 9)
[2018/1/26 - 16:24:52] Officer II Joey Armstrong has logged out.
[2018/1/26 - 16:26:28] Abe Abdel has withdrawn a Nitestick from the weapon locker (Cost: 1)
[2018/1/26 - 16:26:30] Abe Abdel has withdrawn a Spray Can from the weapon locker (Cost: 1)
[2018/1/26 - 16:26:30] Abe Abdel has withdrawn a Desert Eagle from the weapon locker (Cost: 3)
[2018/1/26 - 16:26:32] Abe Abdel has withdrawn a M4A1 from the weapon locker (Cost: 9)
[2018/1/26 - 16:26:32] Abe Abdel has withdrawn a SPAS-12 from the weapon locker (Cost: 9)
[2018/1/26 - 16:26:33] [P230] Officer II Lamar M Buenoh has timed out.
[2018/1/26 - 16:27:26] Sylvester Avellino has withdrawn a Desert Eagle from the weapon locker (Cost: 3)
[2018/1/26 - 16:27:29] Sylvester Avellino has withdrawn a M4A1 from the weapon locker (Cost: 9)
[2018/1/26 - 16:30:14] [P247] Corporal Adam Townsend has logged out.
[2018/1/26 - 16:31:30] [P256] Officer I Sven Keizer has timed out.
[2018/1/26 - 16:31:31] [P334] Officer I Sylvester Avellino has logged out.
[2018/1/26 - 16:38:51] [P334] Officer I Sylvester Avellino has logged out.
[2018/1/26 - 16:44:18] Abe Abdel has withdrawn a Nitestick from the weapon locker (Cost: 1)
[2018/1/26 - 16:44:19] Abe Abdel has withdrawn a Desert Eagle from the weapon locker (Cost: 3)
[2018/1/26 - 16:44:20] Abe Abdel has withdrawn a SPAS-12 from the weapon locker (Cost: 9)
[2018/1/26 - 16:44:21] Abe Abdel has withdrawn a AK-47 from the weapon locker (Cost: 5)
[2018/1/26 - 16:44:27] Abe Abdel has deposited a AK-47 into the locker.
[2018/1/26 - 16:44:32] Abe Abdel has withdrawn a M4A1 from the weapon locker (Cost: 9)
[2018/1/26 - 16:44:32] [P256] Officer I Sven Keizer has logged out.
[2018/1/26 - 16:52:13] [P334] Officer I Sylvester Avellino has timed out.
[2018/1/26 - 16:52:48] [P211] Officer II Abe Abdel has timed out.
[2018/1/26 - 17:00:35] Abe Abdel has withdrawn a Nitestick from the weapon locker (Cost: 1)
[2018/1/26 - 17:00:37] Abe Abdel has withdrawn a Desert Eagle from the weapon locker (Cost: 3)
[2018/1/26 - 17:00:37] Abe Abdel has withdrawn a SPAS-12 from the weapon locker (Cost: 9)
[2018/1/26 - 17:00:38] Abe Abdel has withdrawn a M4A1 from the weapon locker (Cost: 9)
[2018/1/26 - 17:01:42] Paris Jamaica has withdrawn a Sniper Rifle from the weapon locker (Cost: 10)
[2018/1/26 - 17:06:15] Paris Jamaica has withdrawn a Sniper Rifle from the weapon locker (Cost: 10)
[2018/1/26 - 17:09:07] Paris Jamaica has withdrawn a SPAS-12 from the weapon locker (Cost: 9)
[2018/1/26 - 17:09:09] Paris Jamaica has withdrawn a Sniper Rifle from the weapon locker (Cost: 10)
[2018/1/26 - 17:17:32] [D249] Officer II Jeff Favignano has logged out.
[2018/1/26 - 17:18:52] Paris Jamaica has withdrawn a MP5 from the weapon locker (Cost: 4)
[2018/1/26 - 17:18:53] Paris Jamaica has withdrawn a SPAS-12 from the weapon locker (Cost: 9)
[2018/1/26 - 17:18:55] Paris Jamaica has withdrawn a M4A1 from the weapon locker (Cost: 9)
[2018/1/26 - 17:18:59] Paris Jamaica has withdrawn a Sniper Rifle from the weapon locker (Cost: 10)
[2018/1/26 - 17:20:59] Paris Jamaica has withdrawn a SPAS-12 from the weapon locker (Cost: 9)
[2018/1/26 - 17:21:00] Paris Jamaica has withdrawn a M4A1 from the weapon locker (Cost: 9)
[2018/1/26 - 17:21:02] Paris Jamaica has withdrawn a Sniper Rifle from the weapon locker (Cost: 10)
[2018/1/26 - 17:23:11] Paris Jamaica has withdrawn a MP5 from the weapon locker (Cost: 4)
[2018/1/26 - 17:23:12] Paris Jamaica has withdrawn a SPAS-12 from the weapon locker (Cost: 9)
[2018/1/26 - 17:23:14] Paris Jamaica has withdrawn a M4A1 from the weapon locker (Cost: 9)
[2018/1/26 - 17:23:15] Paris Jamaica has withdrawn a Sniper Rifle from the weapon locker (Cost: 10)
[2018/1/26 - 17:24:46] Paris Jamaica has withdrawn a SPAS-12 from the weapon locker (Cost: 9)
[2018/1/26 - 17:24:47] Paris Jamaica has withdrawn a M4A1 from the weapon locker (Cost: 9)
[2018/1/26 - 17:24:49] Paris Jamaica has withdrawn a Sniper Rifle from the weapon locker (Cost: 10)
[2018/1/26 - 17:26:26] Paris Jamaica has withdrawn a Desert Eagle from the weapon locker (Cost: 3)
[2018/1/26 - 17:26:28] Paris Jamaica has withdrawn a SPAS-12 from the weapon locker (Cost: 9)
[2018/1/26 - 17:26:29] Paris Jamaica has withdrawn a M4A1 from the weapon locker (Cost: 9)
[2018/1/26 - 17:26:31] Paris Jamaica has withdrawn a Sniper Rifle from the weapon locker (Cost: 10)
[2018/1/26 - 17:27:56] Paris Jamaica has withdrawn a SPAS-12 from the weapon locker (Cost: 9)
[2018/1/26 - 17:27:58] Paris Jamaica has withdrawn a M4A1 from the weapon locker (Cost: 9)
[2018/1/26 - 17:27:59] Paris Jamaica has withdrawn a Sniper Rifle from the weapon locker (Cost: 10)
[2018/1/26 - 17:29:11] Stefan Legend has withdrawn a M4A1 from the weapon locker (Cost: 9)
[2018/1/26 - 17:29:13] Stefan Legend has withdrawn a Desert Eagle from the weapon locker (Cost: 3)
[2018/1/26 - 17:29:45] Paris Jamaica has withdrawn a Shotgun from the weapon locker (Cost: 2)
[2018/1/26 - 17:29:47] Paris Jamaica has withdrawn a SPAS-12 from the weapon locker (Cost: 9)
[2018/1/26 - 17:29:49] Paris Jamaica has withdrawn a AK-47 from the weapon locker (Cost: 5)
[2018/1/26 - 17:29:50] Paris Jamaica has withdrawn a M4A1 from the weapon locker (Cost: 9)
[2018/1/26 - 17:29:54] Paris Jamaica has withdrawn a Sniper Rifle from the weapon locker (Cost: 10)
[2018/1/26 - 17:32:17] Paris Jamaica has withdrawn a SPAS-12 from the weapon locker (Cost: 9)
[2018/1/26 - 17:32:19] Paris Jamaica has withdrawn a M4A1 from the weapon locker (Cost: 9)
[2018/1/26 - 17:32:20] Paris Jamaica has withdrawn a Sniper Rifle from the weapon locker (Cost: 10)
[2018/1/26 - 17:33:50] Paris Jamaica has withdrawn a Shotgun from the weapon locker (Cost: 2)
[2018/1/26 - 17:33:53] Paris Jamaica has withdrawn a SPAS-12 from the weapon locker (Cost: 9)
[2018/1/26 - 17:33:54] Paris Jamaica has withdrawn a M4A1 from the weapon locker (Cost: 9)
[2018/1/26 - 17:33:56] Paris Jamaica has withdrawn a Sniper Rifle from the weapon locker (Cost: 10)
[2018/1/26 - 17:35:32] Paris Jamaica has withdrawn a SPAS-12 from the weapon locker (Cost: 9)
[2018/1/26 - 17:35:33] Paris Jamaica has withdrawn a M4A1 from the weapon locker (Cost: 9)
[2018/1/26 - 17:35:35] Paris Jamaica has withdrawn a Sniper Rifle from the weapon locker (Cost: 10)
[2018/1/26 - 17:37:02] Paris Jamaica has withdrawn a SPAS-12 from the weapon locker (Cost: 9)
[2018/1/26 - 17:37:04] Paris Jamaica has withdrawn a M4A1 from the weapon locker (Cost: 9)
[2018/1/26 - 17:37:05] Paris Jamaica has withdrawn a Sniper Rifle from the weapon locker (Cost: 10)
[2018/1/26 - 17:41:08] Paris Jamaica has withdrawn a SPAS-12 from the weapon locker (Cost: 9)
[2018/1/26 - 17:41:10] Paris Jamaica has withdrawn a M4A1 from the weapon locker (Cost: 9)
[2018/1/26 - 17:41:11] Paris Jamaica has withdrawn a Sniper Rifle from the weapon locker (Cost: 10)
[2018/1/26 - 17:41:21] Abe Abdel has withdrawn a Desert Eagle from the weapon locker (Cost: 3)
[2018/1/26 - 17:41:21] Abe Abdel has withdrawn a Nitestick from the weapon locker (Cost: 1)
[2018/1/26 - 17:41:22] Abe Abdel has withdrawn a SPAS-12 from the weapon locker (Cost: 9)
[2018/1/26 - 17:41:23] Abe Abdel has withdrawn a M4A1 from the weapon locker (Cost: 9)
[2018/1/26 - 17:42:46] [P334] Officer I Sylvester Avellino has logged out.
[2018/1/26 - 17:43:15] Paris Jamaica has withdrawn a SPAS-12 from the weapon locker (Cost: 9)
[2018/1/26 - 17:43:16] Paris Jamaica has withdrawn a M4A1 from the weapon locker (Cost: 9)
[2018/1/26 - 17:43:18] Paris Jamaica has withdrawn a Sniper Rifle from the weapon locker (Cost: 10)
[2018/1/26 - 17:57:45] Stefan Legend has withdrawn a M4A1 from the weapon locker (Cost: 9)
[2018/1/26 - 17:57:46] Stefan Legend has withdrawn a Desert Eagle from the weapon locker (Cost: 3)
[2018/1/26 - 18:01:05] Abe Abdel has withdrawn a Nitestick from the weapon locker (Cost: 1)
[2018/1/26 - 18:01:06] Abe Abdel has withdrawn a Desert Eagle from the weapon locker (Cost: 3)
[2018/1/26 - 18:01:07] Abe Abdel has withdrawn a SPAS-12 from the weapon locker (Cost: 9)
[2018/1/26 - 18:01:07] Abe Abdel has withdrawn a M4A1 from the weapon locker (Cost: 9)
[2018/1/26 - 18:01:26] Paris Jamaica has withdrawn a SPAS-12 from the weapon locker (Cost: 9)
[2018/1/26 - 18:01:29] Paris Jamaica has withdrawn a M4A1 from the weapon locker (Cost: 9)
[2018/1/26 - 18:01:30] Paris Jamaica has withdrawn a Sniper Rifle from the weapon locker (Cost: 10)
[2018/1/26 - 18:01:53] Paris Jamaica has withdrawn a Sniper Rifle from the weapon locker (Cost: 10)
[2018/1/26 - 18:02:02] [P279] Officer II Stefan Legend has timed out.
[2018/1/26 - 18:05:53] [P279] Officer II Stefan Legend has logged out.
[2018/1/26 - 18:06:39] Hector Jackson has withdrawn a SPAS-12 from the weapon locker (Cost: 9)
[2018/1/26 - 18:06:45] Hector Jackson has withdrawn a M4A1 from the weapon locker (Cost: 9)
[2018/1/26 - 18:07:40] Paris Jamaica has withdrawn a SPAS-12 from the weapon locker (Cost: 9)
[2018/1/26 - 18:07:42] Paris Jamaica has withdrawn a M4A1 from the weapon locker (Cost: 9)
[2018/1/26 - 18:07:43] Paris Jamaica has withdrawn a Sniper Rifle from the weapon locker (Cost: 10)
[2018/1/26 - 18:09:16] Paris Jamaica has withdrawn a SPAS-12 from the weapon locker (Cost: 9)
[2018/1/26 - 18:09:18] Paris Jamaica has withdrawn a M4A1 from the weapon locker (Cost: 9)
[2018/1/26 - 18:09:19] Paris Jamaica has withdrawn a Sniper Rifle from the weapon locker (Cost: 10)
[2018/1/26 - 18:10:54] Paris Jamaica has withdrawn a SPAS-12 from the weapon locker (Cost: 9)
[2018/1/26 - 18:10:56] Paris Jamaica has withdrawn a M4A1 from the weapon locker (Cost: 9)
[2018/1/26 - 18:10:57] Paris Jamaica has withdrawn a Sniper Rifle from the weapon locker (Cost: 10)
[2018/1/26 - 18:13:43] Paris Jamaica has withdrawn a SPAS-12 from the weapon locker (Cost: 9)
[2018/1/26 - 18:13:45] Paris Jamaica has withdrawn a M4A1 from the weapon locker (Cost: 9)
[2018/1/26 - 18:13:46] Paris Jamaica has withdrawn a Sniper Rifle from the weapon locker (Cost: 10)
[2018/1/26 - 18:14:11] Abe Abdel has withdrawn a Nitestick from the weapon locker (Cost: 1)
[2018/1/26 - 18:14:12] Abe Abdel has withdrawn a Desert Eagle from the weapon locker (Cost: 3)
[2018/1/26 - 18:14:13] Abe Abdel has withdrawn a SPAS-12 from the weapon locker (Cost: 9)
[2018/1/26 - 18:14:14] Abe Abdel has withdrawn a M4A1 from the weapon locker (Cost: 9)
[2018/1/26 - 18:14:15] Hector Jackson has withdrawn a SPAS-12 from the weapon locker (Cost: 9)
[2018/1/26 - 18:14:24] Hector Jackson has withdrawn a M4A1 from the weapon locker (Cost: 9)
[2018/1/26 - 18:14:37] Hector Jackson has withdrawn a Desert Eagle from the weapon locker (Cost: 3)
[2018/1/26 - 18:15:22] Paris Jamaica has withdrawn a SPAS-12 from the weapon locker (Cost: 9)
[2018/1/26 - 18:15:24] Paris Jamaica has withdrawn a M4A1 from the weapon locker (Cost: 9)
[2018/1/26 - 18:15:25] Paris Jamaica has withdrawn a Sniper Rifle from the weapon locker (Cost: 10)
[2018/1/26 - 18:16:36] Hector Jackson has withdrawn a M4A1 from the weapon locker (Cost: 9)
[2018/1/26 - 18:16:41] Hector Jackson has withdrawn a SPAS-12 from the weapon locker (Cost: 9)
[2018/1/26 - 18:16:59] Paris Jamaica has withdrawn a SPAS-12 from the weapon locker (Cost: 9)
[2018/1/26 - 18:17:01] Paris Jamaica has withdrawn a M4A1 from the weapon locker (Cost: 9)
[2018/1/26 - 18:17:03] Paris Jamaica has withdrawn a Sniper Rifle from the weapon locker (Cost: 10)
[2018/1/26 - 18:18:03] Hector Jackson has withdrawn a SPAS-12 from the weapon locker (Cost: 9)
[2018/1/26 - 18:18:38] Paris Jamaica has withdrawn a Sniper Rifle from the weapon locker (Cost: 10)
[2018/1/26 - 18:18:39] Paris Jamaica has withdrawn a M4A1 from the weapon locker (Cost: 9)
[2018/1/26 - 18:18:40] Paris Jamaica has withdrawn a SPAS-12 from the weapon locker (Cost: 9)
[2018/1/26 - 18:20:11] Paris Jamaica has withdrawn a SPAS-12 from the weapon locker (Cost: 9)
[2018/1/26 - 18:20:13] Paris Jamaica has withdrawn a M4A1 from the weapon locker (Cost: 9)
[2018/1/26 - 18:20:14] Paris Jamaica has withdrawn a Sniper Rifle from the weapon locker (Cost: 10)
[2018/1/26 - 18:21:22] Billy Russo has withdrawn a Desert Eagle from the weapon locker (Cost: 3)
[2018/1/26 - 18:21:23] Billy Russo has withdrawn a SPAS-12 from the weapon locker (Cost: 9)
[2018/1/26 - 18:21:25] Billy Russo has withdrawn a AK-47 from the weapon locker (Cost: 5)
[2018/1/26 - 18:22:53] Paris Jamaica has withdrawn a SPAS-12 from the weapon locker (Cost: 9)
[2018/1/26 - 18:22:54] Paris Jamaica has withdrawn a M4A1 from the weapon locker (Cost: 9)
[2018/1/26 - 18:22:56] Paris Jamaica has withdrawn a Sniper Rifle from the weapon locker (Cost: 10)
[2018/1/26 - 18:24:02] Hector Jackson has withdrawn a SPAS-12 from the weapon locker (Cost: 9)
[2018/1/26 - 18:24:05] Hector Jackson has withdrawn a M4A1 from the weapon locker (Cost: 9)
[2018/1/26 - 18:24:29] Paris Jamaica has withdrawn a SPAS-12 from the weapon locker (Cost: 9)
[2018/1/26 - 18:24:31] Paris Jamaica has withdrawn a M4A1 from the weapon locker (Cost: 9)
[2018/1/26 - 18:24:33] Paris Jamaica has withdrawn a Sniper Rifle from the weapon locker (Cost: 10)
[2018/1/26 - 18:24:38] Hector Jackson has withdrawn a SPAS-12 from the weapon locker (Cost: 9)
[2018/1/26 - 18:24:40] Hector Jackson has withdrawn a M4A1 from the weapon locker (Cost: 9)
[2018/1/26 - 18:25:48] Hector Jackson has withdrawn a SPAS-12 from the weapon locker (Cost: 9)
[2018/1/26 - 18:27:08] [PXXX] Officer II Billy Russo has timed out.
[2018/1/26 - 18:29:59] Lamar M Buenoh has withdrawn a MP5 from the weapon locker (Cost: 4)
[2018/1/26 - 18:30:00] Lamar M Buenoh has withdrawn a Spray Can from the weapon locker (Cost: 1)
[2018/1/26 - 18:31:47] Hector Jackson has withdrawn a SPAS-12 from the weapon locker (Cost: 9)
[2018/1/26 - 18:31:54] Paris Jamaica has withdrawn a Desert Eagle from the weapon locker (Cost: 3)
[2018/1/26 - 18:31:55] Paris Jamaica has withdrawn a MP5 from the weapon locker (Cost: 4)
[2018/1/26 - 18:31:56] Paris Jamaica has withdrawn a SPAS-12 from the weapon locker (Cost: 9)
[2018/1/26 - 18:31:57] Paris Jamaica has withdrawn a M4A1 from the weapon locker (Cost: 9)
[2018/1/26 - 18:31:57] Hector Jackson has withdrawn a M4A1 from the weapon locker (Cost: 9)
[2018/1/26 - 18:31:59] Paris Jamaica has withdrawn a Sniper Rifle from the weapon locker (Cost: 10)
[2018/1/26 - 18:32:54] Hector Jackson has withdrawn a SPAS-12 from the weapon locker (Cost: 9)
[2018/1/26 - 18:32:57] Hector Jackson has withdrawn a M4A1 from the weapon locker (Cost: 9)
[2018/1/26 - 18:35:02] Paris Jamaica has withdrawn a Sniper Rifle from the weapon locker (Cost: 10)
[2018/1/26 - 18:36:18] Abe Abdel has withdrawn a Nitestick from the weapon locker (Cost: 1)
[2018/1/26 - 18:36:19] Abe Abdel has withdrawn a SPAS-12 from the weapon locker (Cost: 9)
[2018/1/26 - 18:36:20] Abe Abdel has withdrawn a Desert Eagle from the weapon locker (Cost: 3)
[2018/1/26 - 18:36:21] Abe Abdel has withdrawn a M4A1 from the weapon locker (Cost: 9)
[2018/1/26 - 18:37:40] Hector Jackson has withdrawn a SPAS-12 from the weapon locker (Cost: 9)
[2018/1/26 - 18:38:17] Paris Jamaica has withdrawn a SPAS-12 from the weapon locker (Cost: 9)
[2018/1/26 - 18:38:19] Paris Jamaica has withdrawn a M4A1 from the weapon locker (Cost: 9)
[2018/1/26 - 18:38:20] Paris Jamaica has withdrawn a Sniper Rifle from the weapon locker (Cost: 10)
[2018/1/26 - 18:39:49] Paris Jamaica has withdrawn a SPAS-12 from the weapon locker (Cost: 9)
[2018/1/26 - 18:39:51] Paris Jamaica has withdrawn a M4A1 from the weapon locker (Cost: 9)
[2018/1/26 - 18:39:52] Paris Jamaica has withdrawn a Sniper Rifle from the weapon locker (Cost: 10)
[2018/1/26 - 18:41:11] Paris Jamaica has withdrawn a SPAS-12 from the weapon locker (Cost: 9)
[2018/1/26 - 18:41:12] Paris Jamaica has withdrawn a M4A1 from the weapon locker (Cost: 9)
[2018/1/26 - 18:41:14] Paris Jamaica has withdrawn a Sniper Rifle from the weapon locker (Cost: 10)
[2018/1/26 - 18:42:40] Paris Jamaica has withdrawn a SPAS-12 from the weapon locker (Cost: 9)
[2018/1/26 - 18:42:42] Paris Jamaica has withdrawn a M4A1 from the weapon locker (Cost: 9)
[2018/1/26 - 18:42:43] Paris Jamaica has withdrawn a Sniper Rifle from the weapon locker (Cost: 10)
[2018/1/26 - 18:43:04] Officer I Hector Jackson has logged out.
[2018/1/26 - 18:44:23] Paris Jamaica has withdrawn a SPAS-12 from the weapon locker (Cost: 9)
[2018/1/26 - 18:44:25] Paris Jamaica has withdrawn a M4A1 from the weapon locker (Cost: 9)
[2018/1/26 - 18:44:26] Paris Jamaica has withdrawn a Sniper Rifle from the weapon locker (Cost: 10)
[2018/1/26 - 18:45:46] Abe Abdel has withdrawn a SPAS-12 from the weapon locker (Cost: 9)
[2018/1/26 - 18:45:47] Abe Abdel has withdrawn a Desert Eagle from the weapon locker (Cost: 3)
[2018/1/26 - 18:45:48] Abe Abdel has withdrawn a M4A1 from the weapon locker (Cost: 9)
[2018/1/26 - 18:45:50] Paris Jamaica has withdrawn a M4A1 from the weapon locker (Cost: 9)
[2018/1/26 - 18:45:52] Paris Jamaica has withdrawn a SPAS-12 from the weapon locker (Cost: 9)
[2018/1/26 - 18:45:53] Paris Jamaica has withdrawn a Sniper Rifle from the weapon locker (Cost: 10)
[2018/1/26 - 18:47:08] Paris Jamaica has withdrawn a Nitestick from the weapon locker (Cost: 1)
[2018/1/26 - 18:47:24] Paris Jamaica has withdrawn a SPAS-12 from the weapon locker (Cost: 9)
[2018/1/26 - 18:47:25] Paris Jamaica has withdrawn a M4A1 from the weapon locker (Cost: 9)
[2018/1/26 - 18:47:28] Paris Jamaica has withdrawn a Sniper Rifle from the weapon locker (Cost: 10)
[2018/1/26 - 18:48:43] Paris Jamaica has withdrawn a SPAS-12 from the weapon locker (Cost: 9)
[2018/1/26 - 18:48:45] Paris Jamaica has withdrawn a M4A1 from the weapon locker (Cost: 9)
[2018/1/26 - 18:48:46] Paris Jamaica has withdrawn a Sniper Rifle from the weapon locker (Cost: 10)
[2018/1/26 - 18:50:13] Paris Jamaica has withdrawn a SPAS-12 from the weapon locker (Cost: 9)
[2018/1/26 - 18:50:14] Paris Jamaica has withdrawn a M4A1 from the weapon locker (Cost: 9)
[2018/1/26 - 18:50:16] Paris Jamaica has withdrawn a Sniper Rifle from the weapon locker (Cost: 10)
[2018/1/26 - 18:50:18] Lamar M Buenoh has withdrawn a SPAS-12 from the weapon locker (Cost: 9)
[2018/1/26 - 18:50:19] Lamar M Buenoh has withdrawn a M4A1 from the weapon locker (Cost: 9)
[2018/1/26 - 18:51:33] Paris Jamaica has withdrawn a SPAS-12 from the weapon locker (Cost: 9)
[2018/1/26 - 18:51:34] Paris Jamaica has withdrawn a M4A1 from the weapon locker (Cost: 9)
[2018/1/26 - 18:51:36] Paris Jamaica has withdrawn a Sniper Rifle from the weapon locker (Cost: 10)
[2018/1/26 - 18:51:36] Lamar M Buenoh has withdrawn a M4A1 from the weapon locker (Cost: 9)
[2018/1/26 - 18:51:37] Lamar M Buenoh has withdrawn a SPAS-12 from the weapon locker (Cost: 9)
[2018/1/26 - 18:52:12] Lamar M Buenoh has withdrawn a SPAS-12 from the weapon locker (Cost: 9)
[2018/1/26 - 18:52:54] Paris Jamaica has withdrawn a M4A1 from the weapon locker (Cost: 9)
[2018/1/26 - 18:52:56] Paris Jamaica has withdrawn a Sniper Rifle from the weapon locker (Cost: 10)
[2018/1/26 - 18:52:58] Paris Jamaica has withdrawn a SPAS-12 from the weapon locker (Cost: 9)
[2018/1/26 - 18:53:06] Lamar M Buenoh has withdrawn a SPAS-12 from the weapon locker (Cost: 9)
[2018/1/26 - 18:53:08] Lamar M Buenoh has withdrawn a M4A1 from the weapon locker (Cost: 9)
[2018/1/26 - 18:54:14] Lamar M Buenoh has withdrawn a SPAS-12 from the weapon locker (Cost: 9)
[2018/1/26 - 18:54:16] Lamar M Buenoh has withdrawn a M4A1 from the weapon locker (Cost: 9)
[2018/1/26 - 18:54:21] Paris Jamaica has withdrawn a SPAS-12 from the weapon locker (Cost: 9)
[2018/1/26 - 18:54:23] Paris Jamaica has withdrawn a M4A1 from the weapon locker (Cost: 9)
[2018/1/26 - 18:54:24] Paris Jamaica has withdrawn a Sniper Rifle from the weapon locker (Cost: 10)
[2018/1/26 - 18:55:21] Lamar M Buenoh has withdrawn a SPAS-12 from the weapon locker (Cost: 9)
[2018/1/26 - 18:55:22] Lamar M Buenoh has withdrawn a M4A1 from the weapon locker (Cost: 9)
[2018/1/26 - 18:56:03] Paris Jamaica has withdrawn a SPAS-12 from the weapon locker (Cost: 9)
[2018/1/26 - 18:56:04] Paris Jamaica has withdrawn a M4A1 from the weapon locker (Cost: 9)
[2018/1/26 - 18:56:06] Paris Jamaica has withdrawn a Sniper Rifle from the weapon locker (Cost: 10)
[2018/1/26 - 18:56:31] Lamar M Buenoh has withdrawn a SPAS-12 from the weapon locker (Cost: 9)
[2018/1/26 - 18:56:33] Lamar M Buenoh has withdrawn a M4A1 from the weapon locker (Cost: 9)
[2018/1/26 - 18:57:31] Lamar M Buenoh has withdrawn a M4A1 from the weapon locker (Cost: 9)
[2018/1/26 - 18:57:32] Lamar M Buenoh has withdrawn a SPAS-12 from the weapon locker (Cost: 9)
[2018/1/26 - 18:58:43] Lamar M Buenoh has withdrawn a SPAS-12 from the weapon locker (Cost: 9)
[2018/1/26 - 18:58:45] Lamar M Buenoh has withdrawn a M4A1 from the weapon locker (Cost: 9)
[2018/1/26 - 19:04:28] [P246] Officer II Zack Viccaji has timed out.
[2018/1/26 - 19:05:52] * Officer Lamar M Buenoh has taken away Banji Petmalu's crack.
[2018/1/26 - 19:05:58] Hodges Marna (19434) has quit the LSPD as a rank 2
[2018/1/26 - 19:07:43] [P216] Officer II Tazz William has logged out.
[2018/1/26 - 19:08:22] [PXXX] Officer II Billy Russo has timed out.
[2018/1/26 - 19:11:29] Sergeant II Trent Wolf has timed out.
[2018/1/26 - 19:16:55] [PXXX] Officer II Billy Russo has timed out.
[2018/1/26 - 19:18:18] [P230] Officer II Lamar M Buenoh has timed out.
[2018/1/26 - 19:28:18] [P211] Officer II Abe Abdel has timed out.
[2018/1/26 - 19:39:10] [P216] Officer II Tazz William has timed out.
[2018/1/26 - 19:40:47] [P102] Sergeant I Jerome Mcwill has timed out.
[2018/1/26 - 19:48:23] [P246] Officer II Zack Viccaji has logged out.
[2018/1/26 - 20:00:08] [P102] Sergeant I Jerome Mcwill has timed out.
[2018/1/26 - 20:01:37] Paris Jamaica has withdrawn a Desert Eagle from the weapon locker (Cost: 3)
[2018/1/26 - 20:01:38] Paris Jamaica has withdrawn a MP5 from the weapon locker (Cost: 4)
[2018/1/26 - 20:01:39] Paris Jamaica has withdrawn a SPAS-12 from the weapon locker (Cost: 9)
[2018/1/26 - 20:01:41] Paris Jamaica has withdrawn a M4A1 from the weapon locker (Cost: 9)
[2018/1/26 - 20:01:42] Paris Jamaica has withdrawn a Sniper Rifle from the weapon locker (Cost: 10)
[2018/1/26 - 20:02:56] Lieutenant Mickey Mcflies (1000401546) has set Abe Abdel's (1000625988) division to DET in LSPD (1).
[2018/1/26 - 20:03:11] Mickey Mcflies (1000401546) has set Abe Abdel's (1000625988) badge to D211.
[2018/1/26 - 20:08:40] Sergeant II Trent Wolf has timed out.
[2018/1/26 - 20:12:10] [P262] Corporal Max Bluman has logged out.
[2018/1/26 - 20:13:19] [I209] Sergeant I Cruzio Demon has timed out.
[2018/1/26 - 20:15:30] Abe Abdel has withdrawn a SPAS-12 from the weapon locker (Cost: 9)
[2018/1/26 - 20:15:31] Abe Abdel has withdrawn a M4A1 from the weapon locker (Cost: 9)
[2018/1/26 - 20:15:32] Abe Abdel has withdrawn a Desert Eagle from the weapon locker (Cost: 3)
[2018/1/26 - 20:16:17] Benzene Demon has withdrawn a Desert Eagle from the weapon locker (Cost: 3)
[2018/1/26 - 20:16:19] Benzene Demon has withdrawn a M4A1 from the weapon locker (Cost: 9)
[2018/1/26 - 20:16:20] Benzene Demon has withdrawn a SPAS-12 from the weapon locker (Cost: 9)
[2018/1/26 - 20:16:30] Tazz William has withdrawn a SPAS-12 from the weapon locker (Cost: 9)
[2018/1/26 - 20:16:32] Tazz William has withdrawn a M4A1 from the weapon locker (Cost: 9)
[2018/1/26 - 20:16:37] Tazz William has withdrawn a Desert Eagle from the weapon locker (Cost: 3)
[2018/1/26 - 20:20:38] Cruzio Demon has withdrawn a Desert Eagle from the weapon locker (Cost: 3)
[2018/1/26 - 20:20:39] Cruzio Demon has withdrawn a SPAS-12 from the weapon locker (Cost: 9)
[2018/1/26 - 20:20:40] Cruzio Demon has withdrawn a M4A1 from the weapon locker (Cost: 9)
[2018/1/26 - 20:20:41] Cruzio Demon has withdrawn a Sniper Rifle from the weapon locker (Cost: 10)
[2018/1/26 - 20:22:27] Benzene Demon has withdrawn a Desert Eagle from the weapon locker (Cost: 3)
[2018/1/26 - 20:22:27] Benzene Demon has withdrawn a M4A1 from the weapon locker (Cost: 9)
[2018/1/26 - 20:22:28] Benzene Demon has withdrawn a SPAS-12 from the weapon locker (Cost: 9)
[2018/1/26 - 20:31:12] [P239] Corporal Sharkiesha Diesel has logged out.
[2018/1/26 - 20:31:26] [P216] Officer II Tazz William has logged out.
[2018/1/26 - 20:33:23] [P239] Corporal Sharkiesha Diesel has logged out.
[2018/1/26 - 20:41:30] Sven Keizer has withdrawn a Desert Eagle from the weapon locker (Cost: 3)
[2018/1/26 - 20:41:32] Sven Keizer has withdrawn a SPAS-12 from the weapon locker (Cost: 9)
[2018/1/26 - 20:41:33] Sven Keizer has withdrawn a M4A1 from the weapon locker (Cost: 9)
[2018/1/26 - 20:45:49] [P334] Officer I Sylvester Avellino has timed out.
[2018/1/26 - 20:46:06] Alex Whey Jefferson has withdrawn a Desert Eagle from the weapon locker (Cost: 3)
[2018/1/26 - 20:46:06] Alex Whey Jefferson has withdrawn a SPAS-12 from the weapon locker (Cost: 9)
[2018/1/26 - 20:46:07] Alex Whey Jefferson has withdrawn a AK-47 from the weapon locker (Cost: 5)
[2018/1/26 - 20:48:45] [P102] Sergeant I Jerome Mcwill has logged out.
[2018/1/26 - 20:50:59] Benzene Demon has withdrawn a Desert Eagle from the weapon locker (Cost: 3)
[2018/1/26 - 20:51:00] Benzene Demon has withdrawn a M4A1 from the weapon locker (Cost: 9)
[2018/1/26 - 20:51:01] Benzene Demon has withdrawn a Shotgun from the weapon locker (Cost: 2)
[2018/1/26 - 20:51:02] Benzene Demon has withdrawn a SPAS-12 from the weapon locker (Cost: 9)
[2018/1/26 - 20:57:13] [PXXX] Recruit Roy Kingstone has logged out.
[2018/1/26 - 20:58:50] [P239] Corporal Sharkiesha Diesel has logged out.
[2018/1/26 - 20:59:56] Lieutenant Mickey Mcflies (1000401546) (rank 6) has given Alex Whey Jefferson (1000396802) rank 3 (Corporal) in LSPD (1).
[2018/1/26 - 21:00:04] Lieutenant Mickey Mcflies (1000401546) has set Zack Viccaji's (1000626779) division to DET in LSPD (1).
[2018/1/26 - 21:00:26] Mickey Mcflies (1000401546) has set Zack Viccaji's (1000626779) badge to D246.
[2018/1/26 - 21:00:49] [P239] Corporal Sharkiesha Diesel has logged out.
[2018/1/26 - 21:02:43] Lieutenant Mickey Mcflies (1000401546) (rank 6) has given Billy Russo (1000231476) rank 4 (Sergeant I) in LSPD (1).
[2018/1/26 - 21:03:07] Lieutenant Mickey Mcflies (1000401546) has set Billy Russo's (1000231476) division to DET in LSPD (1).
[2018/1/26 - 21:03:14] Mickey Mcflies (1000401546) has set Billy Russo's (1000231476) badge to D296.
[2018/1/26 - 21:04:57] [D294] Corporal Alex Whey Jefferson has logged out.
[2018/1/26 - 21:07:21] [D211] Officer II Abe Abdel has logged out.
[2018/1/26 - 21:07:24] Billy Russo has withdrawn a Sniper Rifle from the weapon locker (Cost: 10)
[2018/1/26 - 21:09:38] [P245] Officer II Benzene Demon has logged out.
[2018/1/26 - 21:15:48] [P247] Corporal Adam Townsend has logged out.
[2018/1/26 - 21:16:07] [D246] Officer II Zack Viccaji has logged out.
[2018/1/26 - 21:16:33] [P220] Officer I Walter Skinner has logged out.
[2018/1/26 - 21:18:11] Lieutenant Mickey Mcflies (rank 7) has offline uninvited Jesse Raminez from LSPD (1).
[2018/1/26 - 21:22:19] [I209] Sergeant I Cruzio Demon has logged out.
[2018/1/26 - 21:25:10] Chelsya Thomas has withdrawn a Desert Eagle from the weapon locker (Cost: 3)
[2018/1/26 - 21:25:35] [D296] Sergeant I Billy Russo has logged out.
[2018/1/26 - 21:26:05] [D246] Officer II Zack Viccaji has logged out.
[2018/1/26 - 21:32:42] [P256] Officer I Sven Keizer has logged out.
[2018/1/26 - 21:42:27] Lieutenant Mickey Mcflies (rank 7) has offline uninvited Jerome McWill from LSPD (1).
[2018/1/26 - 21:47:01] Lieutenant Mickey Mcflies (1000401546) (rank 6) has given Chelsya Thomas (1000497477) rank 3 (Corporal) in LSPD (1).
[2018/1/26 - 22:07:18] Sharkiesha Diesel has withdrawn a Sniper Rifle from the weapon locker (Cost: 10)
[2018/1/26 - 22:07:29] Sharkiesha Diesel has deposited a Sniper Rifle into the locker.
[2018/1/26 - 22:07:33] Sharkiesha Diesel has withdrawn a SPAS-12 from the weapon locker (Cost: 9)
[2018/1/26 - 22:07:46] [P239] Corporal Sharkiesha Diesel has logged out.
[2018/1/26 - 22:09:55] [D296] Sergeant I Billy Russo has timed out.
[2018/1/26 - 22:12:14] Zack Viccaji has withdrawn a AK-47 from the weapon locker (Cost: 5)
[2018/1/26 - 22:12:16] Zack Viccaji has withdrawn a Desert Eagle from the weapon locker (Cost: 3)
[2018/1/26 - 22:12:33] [F241] Corporal Jeff Armstrong has logged out.
[2018/1/26 - 22:12:59] Chelsya Thomas has withdrawn a Nitestick from the weapon locker (Cost: 1)
[2018/1/26 - 22:13:00] Chelsya Thomas has withdrawn a Spray Can from the weapon locker (Cost: 1)
[2018/1/26 - 22:13:01] Chelsya Thomas has withdrawn a Desert Eagle from the weapon locker (Cost: 3)
[2018/1/26 - 22:13:02] Chelsya Thomas has withdrawn a SPAS-12 from the weapon locker (Cost: 9)
[2018/1/26 - 22:13:03] Chelsya Thomas has withdrawn a M4A1 from the weapon locker (Cost: 9)
[2018/1/26 - 22:13:27] [D383] Corporal Chelsya Thomas has logged out.
[2018/1/26 - 22:13:47] Tonio Sarto has withdrawn a Desert Eagle from the weapon locker (Cost: 3)
[2018/1/26 - 22:13:48] Tonio Sarto has withdrawn a SPAS-12 from the weapon locker (Cost: 9)
[2018/1/26 - 22:13:50] Tonio Sarto has withdrawn a M4A1 from the weapon locker (Cost: 9)
[2018/1/26 - 22:16:17] [P239] Corporal Sharkiesha Diesel has logged out.
[2018/1/26 - 22:21:07] [P239] Corporal Sharkiesha Diesel has logged out.
[2018/1/26 - 22:27:11] Billy Russo has withdrawn a Desert Eagle from the weapon locker (Cost: 3)
[2018/1/26 - 22:27:12] Billy Russo has withdrawn a SPAS-12 from the weapon locker (Cost: 9)
[2018/1/26 - 22:27:13] Billy Russo has withdrawn a AK-47 from the weapon locker (Cost: 5)
[2018/1/26 - 22:27:14] Billy Russo has withdrawn a Sniper Rifle from the weapon locker (Cost: 10)
[2018/1/26 - 22:30:09] [P239] Corporal Sharkiesha Diesel has logged out.
[2018/1/26 - 22:31:09] [D296] Sergeant I Billy Russo has timed out.
[2018/1/26 - 22:37:50] [P239] Corporal Sharkiesha Diesel has logged out.
[2018/1/26 - 22:39:22] Joe Versace has withdrawn a Desert Eagle from the weapon locker (Cost: 3)
[2018/1/26 - 22:39:25] Joe Versace has withdrawn a SPAS-12 from the weapon locker (Cost: 9)
[2018/1/26 - 22:39:27] Joe Versace has withdrawn a M4A1 from the weapon locker (Cost: 9)
[2018/1/26 - 22:40:29] [D296] Sergeant I Billy Russo has timed out.
[2018/1/26 - 22:42:18] Joe Versace has withdrawn a Desert Eagle from the weapon locker (Cost: 3)
[2018/1/26 - 22:42:19] Joe Versace has withdrawn a SPAS-12 from the weapon locker (Cost: 9)
[2018/1/26 - 22:42:20] Joe Versace has withdrawn a M4A1 from the weapon locker (Cost: 9)
[2018/1/26 - 22:42:33] [P239] Corporal Sharkiesha Diesel has logged out.
[2018/1/26 - 22:48:48] [D246] Officer II Zack Viccaji has logged out.
[2018/1/26 - 22:52:34] [PXXX] Officer II Barnaird Hughie has logged out.
[2018/1/26 - 22:53:40] [D268] Officer II Tonio Sarto has timed out.
[2018/1/26 - 22:57:48] Stella Monroe (167474) has quit the LSPD as a rank 2
[2018/1/26 - 22:59:11] [D294] Corporal Alex Whey Jefferson has logged out.
[2018/1/26 - 23:02:58] [D239] Officer II Daniel Arthur has logged out.
[2018/1/26 - 23:11:08] [PXXX] Officer II Barnaird Hughie has timed out.
[2018/1/26 - 23:14:03] [P252] Corporal John Swagger has logged out.
[2018/1/26 - 23:15:52] Doc Kanaan (38924) has made Doc Kanaan (38924) the leader of the LSPD.
[2018/1/26 - 23:15:59] * Officer Doc Kanaan has taken away Benjo Fisher's weapons.
[2018/1/26 - 23:18:36] Joe Versace has withdrawn a Desert Eagle from the weapon locker (Cost: 3)
[2018/1/26 - 23:18:37] Joe Versace has withdrawn a SPAS-12 from the weapon locker (Cost: 9)
[2018/1/26 - 23:18:38] Joe Versace has withdrawn a M4A1 from the weapon locker (Cost: 9)
[2018/1/26 - 23:19:26] Carlos Ramirez has withdrawn a Desert Eagle from the weapon locker (Cost: 3)
[2018/1/26 - 23:19:27] Carlos Ramirez has withdrawn a MP5 from the weapon locker (Cost: 4)
[2018/1/26 - 23:19:28] Carlos Ramirez has withdrawn a SPAS-12 from the weapon locker (Cost: 9)
[2018/1/26 - 23:19:28] Carlos Ramirez has withdrawn a M4A1 from the weapon locker (Cost: 9)
[2018/1/26 - 23:19:29] Carlos Ramirez has withdrawn a Sniper Rifle from the weapon locker (Cost: 10)
[2018/1/26 - 23:19:30] Carlos Ramirez has withdrawn a Camera from the weapon locker (Cost: 0)
[2018/1/26 - 23:21:02] Paris Jamaica has withdrawn a Desert Eagle from the weapon locker (Cost: 3)
[2018/1/26 - 23:21:03] Paris Jamaica has withdrawn a MP5 from the weapon locker (Cost: 4)
[2018/1/26 - 23:21:04] Paris Jamaica has withdrawn a SPAS-12 from the weapon locker (Cost: 9)
[2018/1/26 - 23:21:06] Paris Jamaica has withdrawn a M4A1 from the weapon locker (Cost: 9)
[2018/1/26 - 23:21:09] Paris Jamaica has withdrawn a Sniper Rifle from the weapon locker (Cost: 10)
[2018/1/26 - 23:27:26] Paris Jamaica has withdrawn a SPAS-12 from the weapon locker (Cost: 9)
[2018/1/26 - 23:27:29] Paris Jamaica has withdrawn a M4A1 from the weapon locker (Cost: 9)
[2018/1/26 - 23:27:30] Paris Jamaica has withdrawn a Sniper Rifle from the weapon locker (Cost: 10)
[2018/1/26 - 23:31:30] Jack J. Malcom has withdrawn a Desert Eagle from the weapon locker (Cost: 3)
[2018/1/26 - 23:31:32] Jack J. Malcom has withdrawn a Shotgun from the weapon locker (Cost: 2)
[2018/1/26 - 23:31:33] Jack J. Malcom has withdrawn a SPAS-12 from the weapon locker (Cost: 9)
[2018/1/26 - 23:31:35] Jack J. Malcom has withdrawn a M4A1 from the weapon locker (Cost: 9)
[2018/1/26 - 23:37:47] [P234] Sergeant I Paris Jamaica has logged out.
[2018/1/26 - 23:40:32] Joe Versace has withdrawn a Desert Eagle from the weapon locker (Cost: 3)
[2018/1/26 - 23:40:33] Joe Versace has withdrawn a SPAS-12 from the weapon locker (Cost: 9)
[2018/1/26 - 23:40:34] Joe Versace has withdrawn a M4A1 from the weapon locker (Cost: 9)
[2018/1/26 - 23:42:16] Joe Versace has withdrawn a SPAS-12 from the weapon locker (Cost: 9)
[2018/1/26 - 23:42:16] Joe Versace has withdrawn a AK-47 from the weapon locker (Cost: 5)
[2018/1/26 - 23:44:20] Sharkiesha Diesel has withdrawn a Desert Eagle from the weapon locker (Cost: 3)
[2018/1/26 - 23:45:37] [P239] Corporal Sharkiesha Diesel has logged out.
[2018/1/26 - 23:46:11] [F223] Corporal Jack J. Malcom has timed out.
[2018/1/26 - 23:47:25] Carlos Ramirez (118665) has made Carlos Ramirez (118665) the leader of the LSPD.
[2018/1/26 - 23:48:05] Administrator Carlos Ramirez has group-kicked Paris Jamaica (1000626204) from LSPD (1)
[2018/1/26 - 23:48:28] Chief of Police Carlos Ramirez (118665) (rank 9) has given Carlos Ramirez (118665) rank 8 (Deputy Chief) in LSPD (1).
[2018/1/26 - 23:48:55] Deputy Chief Carlos Ramirez has logged out.
