[2018/2/14 - 0:00:40] The faction vault is at $71,614,804.
[2018/2/14 - 0:00:40] SA Gov Paid $50,000 to FDSA budget fund.
[2018/2/14 - 0:00:40] Vehicle ID 211 (Slot ID 31) Maintainence fee cost $0 to FDSA's budget fund.
[2018/2/14 - 0:00:40] Vehicle ID 212 (Slot ID 37) Maintainence fee cost $0 to FDSA's budget fund.
[2018/2/14 - 0:00:40] Vehicle ID 0 (Slot ID 103) Maintainence fee cost $0 to FDSA's budget fund.
[2018/2/14 - 0:00:40] Vehicle ID 247 (Slot ID 108) Maintainence fee cost $0 to FDSA's budget fund.
[2018/2/14 - 0:00:40] Vehicle ID 248 (Slot ID 111) Maintainence fee cost $0 to FDSA's budget fund.
[2018/2/14 - 0:00:40] Vehicle ID 258 (Slot ID 132) Maintainence fee cost $0 to FDSA's budget fund.
[2018/2/14 - 0:00:40] Vehicle ID 270 (Slot ID 160) Maintainence fee cost $0 to FDSA's budget fund.
[2018/2/14 - 0:00:40] Vehicle ID 0 (Slot ID 173) Maintainence fee cost $0 to FDSA's budget fund.
[2018/2/14 - 0:00:40] Vehicle ID 0 (Slot ID 174) Maintainence fee cost $0 to FDSA's budget fund.
[2018/2/14 - 0:00:40] Vehicle ID 291 (Slot ID 205) Maintainence fee cost $0 to FDSA's budget fund.
[2018/2/14 - 0:00:40] Vehicle ID 292 (Slot ID 207) Maintainence fee cost $0 to FDSA's budget fund.
[2018/2/14 - 0:00:40] Vehicle ID 0 (Slot ID 219) Maintainence fee cost $0 to FDSA's budget fund.
[2018/2/14 - 0:00:40] Vehicle ID 300 (Slot ID 224) Maintainence fee cost $0 to FDSA's budget fund.
[2018/2/14 - 0:00:40] Vehicle ID 301 (Slot ID 227) Maintainence fee cost $0 to FDSA's budget fund.
[2018/2/14 - 0:00:40] Vehicle ID 0 (Slot ID 240) Maintainence fee cost $0 to FDSA's budget fund.
[2018/2/14 - 0:00:40] Vehicle ID 315 (Slot ID 247) Maintainence fee cost $0 to FDSA's budget fund.
[2018/2/14 - 0:00:40] Vehicle ID 0 (Slot ID 250) Maintainence fee cost $0 to FDSA's budget fund.
[2018/2/14 - 0:00:40] Vehicle ID 0 (Slot ID 255) Maintainence fee cost $0 to FDSA's budget fund.
[2018/2/14 - 0:00:40] Vehicle ID 345 (Slot ID 304) Maintainence fee cost $0 to FDSA's budget fund.
[2018/2/14 - 0:00:40] Vehicle ID 362 (Slot ID 344) Maintainence fee cost $0 to FDSA's budget fund.
[2018/2/14 - 0:00:40] Vehicle ID 363 (Slot ID 345) Maintainence fee cost $0 to FDSA's budget fund.
[2018/2/14 - 0:00:40] Vehicle ID 376 (Slot ID 363) Maintainence fee cost $0 to FDSA's budget fund.
[2018/2/14 - 0:00:40] Vehicle ID 377 (Slot ID 364) Maintainence fee cost $0 to FDSA's budget fund.
[2018/2/14 - 0:00:40] Vehicle ID 390 (Slot ID 384) Maintainence fee cost $0 to FDSA's budget fund.
[2018/2/14 - 0:00:40] Vehicle ID 391 (Slot ID 386) Maintainence fee cost $0 to FDSA's budget fund.
[2018/2/14 - 0:00:40] Vehicle ID 393 (Slot ID 388) Maintainence fee cost $0 to FDSA's budget fund.
[2018/2/14 - 0:00:40] Vehicle ID 400 (Slot ID 398) Maintainence fee cost $0 to FDSA's budget fund.
[2018/2/14 - 0:00:40] Vehicle ID 429 (Slot ID 443) Maintainence fee cost $0 to FDSA's budget fund.
[2018/2/14 - 0:00:40] Vehicle ID 436 (Slot ID 455) Maintainence fee cost $0 to FDSA's budget fund.
[2018/2/14 - 0:06:20] Jun Malone has paid their medical fees, adding $500 to the vault.
[2018/2/14 - 0:17:17] Hunter Scott has paid their medical fees, adding $500 to the vault.
[2018/2/14 - 0:20:05] Kiyoharu Shimizu has paid their medical fees, adding $500 to the vault.
[2018/2/14 - 1:00:55] The faction vault is at $71,665,554.
[2018/2/14 - 1:00:55] SA Gov Paid $50,000 to FDSA budget fund.
[2018/2/14 - 1:00:55] Vehicle ID 211 (Slot ID 31) Maintainence fee cost $0 to FDSA's budget fund.
[2018/2/14 - 1:00:55] Vehicle ID 212 (Slot ID 37) Maintainence fee cost $0 to FDSA's budget fund.
[2018/2/14 - 1:00:55] Vehicle ID 0 (Slot ID 103) Maintainence fee cost $0 to FDSA's budget fund.
[2018/2/14 - 1:00:55] Vehicle ID 247 (Slot ID 108) Maintainence fee cost $0 to FDSA's budget fund.
[2018/2/14 - 1:00:55] Vehicle ID 248 (Slot ID 111) Maintainence fee cost $0 to FDSA's budget fund.
[2018/2/14 - 1:00:55] Vehicle ID 258 (Slot ID 132) Maintainence fee cost $0 to FDSA's budget fund.
[2018/2/14 - 1:00:55] Vehicle ID 270 (Slot ID 160) Maintainence fee cost $0 to FDSA's budget fund.
[2018/2/14 - 1:00:55] Vehicle ID 0 (Slot ID 173) Maintainence fee cost $0 to FDSA's budget fund.
[2018/2/14 - 1:00:55] Vehicle ID 0 (Slot ID 174) Maintainence fee cost $0 to FDSA's budget fund.
[2018/2/14 - 1:00:55] Vehicle ID 291 (Slot ID 205) Maintainence fee cost $0 to FDSA's budget fund.
[2018/2/14 - 1:00:55] Vehicle ID 292 (Slot ID 207) Maintainence fee cost $0 to FDSA's budget fund.
[2018/2/14 - 1:00:55] Vehicle ID 0 (Slot ID 219) Maintainence fee cost $0 to FDSA's budget fund.
[2018/2/14 - 1:00:55] Vehicle ID 300 (Slot ID 224) Maintainence fee cost $0 to FDSA's budget fund.
[2018/2/14 - 1:00:55] Vehicle ID 301 (Slot ID 227) Maintainence fee cost $0 to FDSA's budget fund.
[2018/2/14 - 1:00:55] Vehicle ID 0 (Slot ID 240) Maintainence fee cost $0 to FDSA's budget fund.
[2018/2/14 - 1:00:55] Vehicle ID 315 (Slot ID 247) Maintainence fee cost $0 to FDSA's budget fund.
[2018/2/14 - 1:00:55] Vehicle ID 0 (Slot ID 250) Maintainence fee cost $0 to FDSA's budget fund.
[2018/2/14 - 1:00:55] Vehicle ID 0 (Slot ID 255) Maintainence fee cost $0 to FDSA's budget fund.
[2018/2/14 - 1:00:55] Vehicle ID 345 (Slot ID 304) Maintainence fee cost $0 to FDSA's budget fund.
[2018/2/14 - 1:00:55] Vehicle ID 362 (Slot ID 344) Maintainence fee cost $0 to FDSA's budget fund.
[2018/2/14 - 1:00:55] Vehicle ID 363 (Slot ID 345) Maintainence fee cost $0 to FDSA's budget fund.
[2018/2/14 - 1:00:55] Vehicle ID 376 (Slot ID 363) Maintainence fee cost $0 to FDSA's budget fund.
[2018/2/14 - 1:00:55] Vehicle ID 377 (Slot ID 364) Maintainence fee cost $0 to FDSA's budget fund.
[2018/2/14 - 1:00:55] Vehicle ID 390 (Slot ID 384) Maintainence fee cost $0 to FDSA's budget fund.
[2018/2/14 - 1:00:55] Vehicle ID 391 (Slot ID 386) Maintainence fee cost $0 to FDSA's budget fund.
[2018/2/14 - 1:00:55] Vehicle ID 393 (Slot ID 388) Maintainence fee cost $0 to FDSA's budget fund.
[2018/2/14 - 1:00:55] Vehicle ID 400 (Slot ID 398) Maintainence fee cost $0 to FDSA's budget fund.
[2018/2/14 - 1:00:55] Vehicle ID 429 (Slot ID 443) Maintainence fee cost $0 to FDSA's budget fund.
[2018/2/14 - 1:00:55] Vehicle ID 436 (Slot ID 455) Maintainence fee cost $0 to FDSA's budget fund.
[2018/2/14 - 2:00:08] The faction vault is at $71,715,554.
[2018/2/14 - 2:00:08] SA Gov Paid $50,000 to FDSA budget fund.
[2018/2/14 - 2:00:08] Vehicle ID 211 (Slot ID 31) Maintainence fee cost $0 to FDSA's budget fund.
[2018/2/14 - 2:00:08] Vehicle ID 212 (Slot ID 37) Maintainence fee cost $0 to FDSA's budget fund.
[2018/2/14 - 2:00:08] Vehicle ID 0 (Slot ID 103) Maintainence fee cost $0 to FDSA's budget fund.
[2018/2/14 - 2:00:08] Vehicle ID 247 (Slot ID 108) Maintainence fee cost $0 to FDSA's budget fund.
[2018/2/14 - 2:00:08] Vehicle ID 248 (Slot ID 111) Maintainence fee cost $0 to FDSA's budget fund.
[2018/2/14 - 2:00:08] Vehicle ID 258 (Slot ID 132) Maintainence fee cost $0 to FDSA's budget fund.
[2018/2/14 - 2:00:08] Vehicle ID 270 (Slot ID 160) Maintainence fee cost $0 to FDSA's budget fund.
[2018/2/14 - 2:00:08] Vehicle ID 0 (Slot ID 173) Maintainence fee cost $0 to FDSA's budget fund.
[2018/2/14 - 2:00:08] Vehicle ID 0 (Slot ID 174) Maintainence fee cost $0 to FDSA's budget fund.
[2018/2/14 - 2:00:08] Vehicle ID 291 (Slot ID 205) Maintainence fee cost $0 to FDSA's budget fund.
[2018/2/14 - 2:00:08] Vehicle ID 292 (Slot ID 207) Maintainence fee cost $0 to FDSA's budget fund.
[2018/2/14 - 2:00:08] Vehicle ID 0 (Slot ID 219) Maintainence fee cost $0 to FDSA's budget fund.
[2018/2/14 - 2:00:08] Vehicle ID 300 (Slot ID 224) Maintainence fee cost $0 to FDSA's budget fund.
[2018/2/14 - 2:00:08] Vehicle ID 301 (Slot ID 227) Maintainence fee cost $0 to FDSA's budget fund.
[2018/2/14 - 2:00:08] Vehicle ID 0 (Slot ID 240) Maintainence fee cost $0 to FDSA's budget fund.
[2018/2/14 - 2:00:08] Vehicle ID 315 (Slot ID 247) Maintainence fee cost $0 to FDSA's budget fund.
[2018/2/14 - 2:00:08] Vehicle ID 0 (Slot ID 250) Maintainence fee cost $0 to FDSA's budget fund.
[2018/2/14 - 2:00:08] Vehicle ID 0 (Slot ID 255) Maintainence fee cost $0 to FDSA's budget fund.
[2018/2/14 - 2:00:08] Vehicle ID 345 (Slot ID 304) Maintainence fee cost $0 to FDSA's budget fund.
[2018/2/14 - 2:00:08] Vehicle ID 362 (Slot ID 344) Maintainence fee cost $0 to FDSA's budget fund.
[2018/2/14 - 2:00:08] Vehicle ID 363 (Slot ID 345) Maintainence fee cost $0 to FDSA's budget fund.
[2018/2/14 - 2:00:08] Vehicle ID 376 (Slot ID 363) Maintainence fee cost $0 to FDSA's budget fund.
[2018/2/14 - 2:00:08] Vehicle ID 377 (Slot ID 364) Maintainence fee cost $0 to FDSA's budget fund.
[2018/2/14 - 2:00:08] Vehicle ID 390 (Slot ID 384) Maintainence fee cost $0 to FDSA's budget fund.
[2018/2/14 - 2:00:08] Vehicle ID 391 (Slot ID 386) Maintainence fee cost $0 to FDSA's budget fund.
[2018/2/14 - 2:00:08] Vehicle ID 393 (Slot ID 388) Maintainence fee cost $0 to FDSA's budget fund.
[2018/2/14 - 2:00:08] Vehicle ID 400 (Slot ID 398) Maintainence fee cost $0 to FDSA's budget fund.
[2018/2/14 - 2:00:08] Vehicle ID 429 (Slot ID 443) Maintainence fee cost $0 to FDSA's budget fund.
[2018/2/14 - 2:00:08] Vehicle ID 436 (Slot ID 455) Maintainence fee cost $0 to FDSA's budget fund.
[2018/2/14 - 3:00:18] The faction vault is at $71,765,554.
[2018/2/14 - 3:00:18] SA Gov Paid $50,000 to FDSA budget fund.
[2018/2/14 - 3:00:18] Vehicle ID 211 (Slot ID 31) Maintainence fee cost $0 to FDSA's budget fund.
[2018/2/14 - 3:00:18] Vehicle ID 212 (Slot ID 37) Maintainence fee cost $0 to FDSA's budget fund.
[2018/2/14 - 3:00:18] Vehicle ID 0 (Slot ID 103) Maintainence fee cost $0 to FDSA's budget fund.
[2018/2/14 - 3:00:18] Vehicle ID 247 (Slot ID 108) Maintainence fee cost $0 to FDSA's budget fund.
[2018/2/14 - 3:00:18] Vehicle ID 248 (Slot ID 111) Maintainence fee cost $0 to FDSA's budget fund.
[2018/2/14 - 3:00:18] Vehicle ID 258 (Slot ID 132) Maintainence fee cost $0 to FDSA's budget fund.
[2018/2/14 - 3:00:18] Vehicle ID 270 (Slot ID 160) Maintainence fee cost $0 to FDSA's budget fund.
[2018/2/14 - 3:00:18] Vehicle ID 0 (Slot ID 173) Maintainence fee cost $0 to FDSA's budget fund.
[2018/2/14 - 3:00:18] Vehicle ID 0 (Slot ID 174) Maintainence fee cost $0 to FDSA's budget fund.
[2018/2/14 - 3:00:18] Vehicle ID 291 (Slot ID 205) Maintainence fee cost $0 to FDSA's budget fund.
[2018/2/14 - 3:00:18] Vehicle ID 292 (Slot ID 207) Maintainence fee cost $0 to FDSA's budget fund.
[2018/2/14 - 3:00:18] Vehicle ID 0 (Slot ID 219) Maintainence fee cost $0 to FDSA's budget fund.
[2018/2/14 - 3:00:18] Vehicle ID 300 (Slot ID 224) Maintainence fee cost $0 to FDSA's budget fund.
[2018/2/14 - 3:00:18] Vehicle ID 301 (Slot ID 227) Maintainence fee cost $0 to FDSA's budget fund.
[2018/2/14 - 3:00:18] Vehicle ID 0 (Slot ID 240) Maintainence fee cost $0 to FDSA's budget fund.
[2018/2/14 - 3:00:18] Vehicle ID 315 (Slot ID 247) Maintainence fee cost $0 to FDSA's budget fund.
[2018/2/14 - 3:00:18] Vehicle ID 0 (Slot ID 250) Maintainence fee cost $0 to FDSA's budget fund.
[2018/2/14 - 3:00:18] Vehicle ID 0 (Slot ID 255) Maintainence fee cost $0 to FDSA's budget fund.
[2018/2/14 - 3:00:18] Vehicle ID 345 (Slot ID 304) Maintainence fee cost $0 to FDSA's budget fund.
[2018/2/14 - 3:00:18] Vehicle ID 362 (Slot ID 344) Maintainence fee cost $0 to FDSA's budget fund.
[2018/2/14 - 3:00:18] Vehicle ID 363 (Slot ID 345) Maintainence fee cost $0 to FDSA's budget fund.
[2018/2/14 - 3:00:18] Vehicle ID 376 (Slot ID 363) Maintainence fee cost $0 to FDSA's budget fund.
[2018/2/14 - 3:00:18] Vehicle ID 377 (Slot ID 364) Maintainence fee cost $0 to FDSA's budget fund.
[2018/2/14 - 3:00:18] Vehicle ID 390 (Slot ID 384) Maintainence fee cost $0 to FDSA's budget fund.
[2018/2/14 - 3:00:18] Vehicle ID 391 (Slot ID 386) Maintainence fee cost $0 to FDSA's budget fund.
[2018/2/14 - 3:00:18] Vehicle ID 393 (Slot ID 388) Maintainence fee cost $0 to FDSA's budget fund.
[2018/2/14 - 3:00:18] Vehicle ID 400 (Slot ID 398) Maintainence fee cost $0 to FDSA's budget fund.
[2018/2/14 - 3:00:18] Vehicle ID 429 (Slot ID 443) Maintainence fee cost $0 to FDSA's budget fund.
[2018/2/14 - 3:00:18] Vehicle ID 436 (Slot ID 455) Maintainence fee cost $0 to FDSA's budget fund.
[2018/2/14 - 3:50:02] Helena Parker has paid their medical fees, adding $500 to the vault.
[2018/2/14 - 4:00:15] The faction vault is at $71,815,804.
[2018/2/14 - 4:00:15] SA Gov Paid $50,000 to FDSA budget fund.
[2018/2/14 - 4:00:15] Vehicle ID 211 (Slot ID 31) Maintainence fee cost $0 to FDSA's budget fund.
[2018/2/14 - 4:00:15] Vehicle ID 212 (Slot ID 37) Maintainence fee cost $0 to FDSA's budget fund.
[2018/2/14 - 4:00:15] Vehicle ID 0 (Slot ID 103) Maintainence fee cost $0 to FDSA's budget fund.
[2018/2/14 - 4:00:15] Vehicle ID 247 (Slot ID 108) Maintainence fee cost $0 to FDSA's budget fund.
[2018/2/14 - 4:00:15] Vehicle ID 248 (Slot ID 111) Maintainence fee cost $0 to FDSA's budget fund.
[2018/2/14 - 4:00:15] Vehicle ID 258 (Slot ID 132) Maintainence fee cost $0 to FDSA's budget fund.
[2018/2/14 - 4:00:15] Vehicle ID 270 (Slot ID 160) Maintainence fee cost $0 to FDSA's budget fund.
[2018/2/14 - 4:00:15] Vehicle ID 0 (Slot ID 173) Maintainence fee cost $0 to FDSA's budget fund.
[2018/2/14 - 4:00:15] Vehicle ID 0 (Slot ID 174) Maintainence fee cost $0 to FDSA's budget fund.
[2018/2/14 - 4:00:15] Vehicle ID 291 (Slot ID 205) Maintainence fee cost $0 to FDSA's budget fund.
[2018/2/14 - 4:00:15] Vehicle ID 292 (Slot ID 207) Maintainence fee cost $0 to FDSA's budget fund.
[2018/2/14 - 4:00:15] Vehicle ID 0 (Slot ID 219) Maintainence fee cost $0 to FDSA's budget fund.
[2018/2/14 - 4:00:15] Vehicle ID 300 (Slot ID 224) Maintainence fee cost $0 to FDSA's budget fund.
[2018/2/14 - 4:00:15] Vehicle ID 301 (Slot ID 227) Maintainence fee cost $0 to FDSA's budget fund.
[2018/2/14 - 4:00:15] Vehicle ID 0 (Slot ID 240) Maintainence fee cost $0 to FDSA's budget fund.
[2018/2/14 - 4:00:15] Vehicle ID 315 (Slot ID 247) Maintainence fee cost $0 to FDSA's budget fund.
[2018/2/14 - 4:00:15] Vehicle ID 0 (Slot ID 250) Maintainence fee cost $0 to FDSA's budget fund.
[2018/2/14 - 4:00:15] Vehicle ID 0 (Slot ID 255) Maintainence fee cost $0 to FDSA's budget fund.
[2018/2/14 - 4:00:15] Vehicle ID 345 (Slot ID 304) Maintainence fee cost $0 to FDSA's budget fund.
[2018/2/14 - 4:00:15] Vehicle ID 362 (Slot ID 344) Maintainence fee cost $0 to FDSA's budget fund.
[2018/2/14 - 4:00:15] Vehicle ID 363 (Slot ID 345) Maintainence fee cost $0 to FDSA's budget fund.
[2018/2/14 - 4:00:15] Vehicle ID 376 (Slot ID 363) Maintainence fee cost $0 to FDSA's budget fund.
[2018/2/14 - 4:00:15] Vehicle ID 377 (Slot ID 364) Maintainence fee cost $0 to FDSA's budget fund.
[2018/2/14 - 4:00:15] Vehicle ID 390 (Slot ID 384) Maintainence fee cost $0 to FDSA's budget fund.
[2018/2/14 - 4:00:15] Vehicle ID 391 (Slot ID 386) Maintainence fee cost $0 to FDSA's budget fund.
[2018/2/14 - 4:00:15] Vehicle ID 393 (Slot ID 388) Maintainence fee cost $0 to FDSA's budget fund.
[2018/2/14 - 4:00:15] Vehicle ID 400 (Slot ID 398) Maintainence fee cost $0 to FDSA's budget fund.
[2018/2/14 - 4:00:15] Vehicle ID 429 (Slot ID 443) Maintainence fee cost $0 to FDSA's budget fund.
[2018/2/14 - 4:00:15] Vehicle ID 436 (Slot ID 455) Maintainence fee cost $0 to FDSA's budget fund.
[2018/2/14 - 4:12:11] Walid Daniel has paid their medical fees, adding $500 to the vault.
[2018/2/14 - 4:19:19] Walid Daniel has paid their medical fees, adding $500 to the vault.
[2018/2/14 - 4:30:17] Jax Winterfield has paid their medical fees, adding $500 to the vault.
[2018/2/14 - 4:33:15] Jax Winterfield has paid their medical fees, adding $500 to the vault.
[2018/2/14 - 4:43:11] Walid Daniel has paid their medical fees, adding $500 to the vault.
[2018/2/14 - 4:47:20] Mohamed Bousbata has paid their medical fees, adding $500 to the vault.
[2018/2/14 - 4:47:51] Vehicle Slot ID 207 RTB fee cost $0 to FDSA's budget fund.
[2018/2/14 - 4:47:53] Vehicle Slot ID 363 RTB fee cost $0 to FDSA's budget fund.
[2018/2/14 - 4:48:59] Vehicle Slot ID 443 RTB fee cost $0 to FDSA's budget fund.
[2018/2/14 - 4:49:02] Vehicle Slot ID 247 RTB fee cost $0 to FDSA's budget fund.
[2018/2/14 - 4:49:03] Vehicle Slot ID 363 RTB fee cost $0 to FDSA's budget fund.
[2018/2/14 - 4:49:11] Mohamed Bousbata has paid their medical fees, adding $500 to the vault.
[2018/2/14 - 4:49:13] Vehicle Slot ID 111 RTB fee cost $0 to FDSA's budget fund.
[2018/2/14 - 4:49:18] Walid Daniel has paid their medical fees, adding $500 to the vault.
[2018/2/14 - 4:49:45] Anthony Goodman has paid their medical fees, adding $500 to the vault.
[2018/2/14 - 4:50:01] Vehicle Slot ID 443 RTB fee cost $0 to FDSA's budget fund.
[2018/2/14 - 4:50:19] Vehicle Slot ID 363 RTB fee cost $0 to FDSA's budget fund.
[2018/2/14 - 4:50:31] Mohamed Bousbata has paid their medical fees, adding $500 to the vault.
[2018/2/14 - 4:50:37] Walid Daniel has paid their medical fees, adding $500 to the vault.
[2018/2/14 - 4:51:15] Vehicle Slot ID 111 RTB fee cost $0 to FDSA's budget fund.
[2018/2/14 - 4:51:17] Vehicle Slot ID 363 RTB fee cost $0 to FDSA's budget fund.
[2018/2/14 - 4:51:56] Mohamed Bousbata has paid their medical fees, adding $500 to the vault.
[2018/2/14 - 4:52:00] Walid Daniel has paid their medical fees, adding $500 to the vault.
[2018/2/14 - 4:52:21] Vehicle Slot ID 443 RTB fee cost $0 to FDSA's budget fund.
[2018/2/14 - 4:52:23] Vehicle Slot ID 207 RTB fee cost $0 to FDSA's budget fund.
[2018/2/14 - 4:52:23] Vehicle Slot ID 247 RTB fee cost $0 to FDSA's budget fund.
[2018/2/14 - 4:52:30] Vehicle Slot ID 108 RTB fee cost $0 to FDSA's budget fund.
[2018/2/14 - 4:52:33] Vehicle Slot ID 363 RTB fee cost $0 to FDSA's budget fund.
[2018/2/14 - 4:53:41] Vehicle Slot ID 111 RTB fee cost $0 to FDSA's budget fund.
[2018/2/14 - 4:54:13] Vehicle Slot ID 207 RTB fee cost $0 to FDSA's budget fund.
[2018/2/14 - 4:54:29] Walid Daniel has paid their medical fees, adding $500 to the vault.
[2018/2/14 - 4:54:47] Mohamed Bousbata has paid their medical fees, adding $500 to the vault.
[2018/2/14 - 4:55:18] Vehicle Slot ID 363 RTB fee cost $0 to FDSA's budget fund.
[2018/2/14 - 4:55:23] Vehicle Slot ID 247 RTB fee cost $0 to FDSA's budget fund.
[2018/2/14 - 4:57:25] Walid Daniel has paid their medical fees, adding $500 to the vault.
[2018/2/14 - 4:58:51] Mohamed Bousbata has paid their medical fees, adding $500 to the vault.
[2018/2/14 - 5:00:13] The faction vault is at $71,872,254.
[2018/2/14 - 5:00:13] SA Gov Paid $50,000 to FDSA budget fund.
[2018/2/14 - 5:00:13] Vehicle ID 211 (Slot ID 31) Maintainence fee cost $0 to FDSA's budget fund.
[2018/2/14 - 5:00:13] Vehicle ID 212 (Slot ID 37) Maintainence fee cost $0 to FDSA's budget fund.
[2018/2/14 - 5:00:13] Vehicle ID 0 (Slot ID 103) Maintainence fee cost $0 to FDSA's budget fund.
[2018/2/14 - 5:00:13] Vehicle ID 247 (Slot ID 108) Maintainence fee cost $0 to FDSA's budget fund.
[2018/2/14 - 5:00:13] Vehicle ID 248 (Slot ID 111) Maintainence fee cost $0 to FDSA's budget fund.
[2018/2/14 - 5:00:13] Vehicle ID 258 (Slot ID 132) Maintainence fee cost $0 to FDSA's budget fund.
[2018/2/14 - 5:00:13] Vehicle ID 270 (Slot ID 160) Maintainence fee cost $0 to FDSA's budget fund.
[2018/2/14 - 5:00:13] Vehicle ID 0 (Slot ID 173) Maintainence fee cost $0 to FDSA's budget fund.
[2018/2/14 - 5:00:13] Vehicle ID 0 (Slot ID 174) Maintainence fee cost $0 to FDSA's budget fund.
[2018/2/14 - 5:00:13] Vehicle ID 291 (Slot ID 205) Maintainence fee cost $0 to FDSA's budget fund.
[2018/2/14 - 5:00:13] Vehicle ID 292 (Slot ID 207) Maintainence fee cost $0 to FDSA's budget fund.
[2018/2/14 - 5:00:13] Vehicle ID 0 (Slot ID 219) Maintainence fee cost $0 to FDSA's budget fund.
[2018/2/14 - 5:00:13] Vehicle ID 300 (Slot ID 224) Maintainence fee cost $0 to FDSA's budget fund.
[2018/2/14 - 5:00:13] Vehicle ID 301 (Slot ID 227) Maintainence fee cost $0 to FDSA's budget fund.
[2018/2/14 - 5:00:13] Vehicle ID 0 (Slot ID 240) Maintainence fee cost $0 to FDSA's budget fund.
[2018/2/14 - 5:00:13] Vehicle ID 315 (Slot ID 247) Maintainence fee cost $0 to FDSA's budget fund.
[2018/2/14 - 5:00:13] Vehicle ID 0 (Slot ID 250) Maintainence fee cost $0 to FDSA's budget fund.
[2018/2/14 - 5:00:13] Vehicle ID 0 (Slot ID 255) Maintainence fee cost $0 to FDSA's budget fund.
[2018/2/14 - 5:00:13] Vehicle ID 345 (Slot ID 304) Maintainence fee cost $0 to FDSA's budget fund.
[2018/2/14 - 5:00:13] Vehicle ID 362 (Slot ID 344) Maintainence fee cost $0 to FDSA's budget fund.
[2018/2/14 - 5:00:13] Vehicle ID 363 (Slot ID 345) Maintainence fee cost $0 to FDSA's budget fund.
[2018/2/14 - 5:00:13] Vehicle ID 376 (Slot ID 363) Maintainence fee cost $0 to FDSA's budget fund.
[2018/2/14 - 5:00:13] Vehicle ID 377 (Slot ID 364) Maintainence fee cost $0 to FDSA's budget fund.
[2018/2/14 - 5:00:13] Vehicle ID 390 (Slot ID 384) Maintainence fee cost $0 to FDSA's budget fund.
[2018/2/14 - 5:00:13] Vehicle ID 391 (Slot ID 386) Maintainence fee cost $0 to FDSA's budget fund.
[2018/2/14 - 5:00:13] Vehicle ID 393 (Slot ID 388) Maintainence fee cost $0 to FDSA's budget fund.
[2018/2/14 - 5:00:13] Vehicle ID 400 (Slot ID 398) Maintainence fee cost $0 to FDSA's budget fund.
[2018/2/14 - 5:00:13] Vehicle ID 429 (Slot ID 443) Maintainence fee cost $0 to FDSA's budget fund.
[2018/2/14 - 5:00:13] Vehicle ID 436 (Slot ID 455) Maintainence fee cost $0 to FDSA's budget fund.
[2018/2/14 - 5:23:04] Walid Daniel has paid their medical fees, adding $500 to the vault.
[2018/2/14 - 5:26:05] Vehicle Slot ID 443 RTB fee cost $0 to FDSA's budget fund.
[2018/2/14 - 5:26:06] Vehicle Slot ID 363 RTB fee cost $0 to FDSA's budget fund.
[2018/2/14 - 5:26:34] Walid Daniel has paid their medical fees, adding $500 to the vault.
[2018/2/14 - 5:54:34] Walid Daniel has paid their medical fees, adding $500 to the vault.
[2018/2/14 - 5:58:26] Mohamed Bousbata has paid their medical fees, adding $500 to the vault.
[2018/2/14 - 6:00:07] The faction vault is at $71,923,854.
[2018/2/14 - 6:00:07] SA Gov Paid $50,000 to FDSA budget fund.
[2018/2/14 - 6:00:07] Vehicle ID 211 (Slot ID 31) Maintainence fee cost $0 to FDSA's budget fund.
[2018/2/14 - 6:00:07] Vehicle ID 212 (Slot ID 37) Maintainence fee cost $0 to FDSA's budget fund.
[2018/2/14 - 6:00:07] Vehicle ID 0 (Slot ID 103) Maintainence fee cost $0 to FDSA's budget fund.
[2018/2/14 - 6:00:07] Vehicle ID 247 (Slot ID 108) Maintainence fee cost $0 to FDSA's budget fund.
[2018/2/14 - 6:00:07] Vehicle ID 248 (Slot ID 111) Maintainence fee cost $0 to FDSA's budget fund.
[2018/2/14 - 6:00:07] Vehicle ID 258 (Slot ID 132) Maintainence fee cost $0 to FDSA's budget fund.
[2018/2/14 - 6:00:07] Vehicle ID 270 (Slot ID 160) Maintainence fee cost $0 to FDSA's budget fund.
[2018/2/14 - 6:00:07] Vehicle ID 0 (Slot ID 173) Maintainence fee cost $0 to FDSA's budget fund.
[2018/2/14 - 6:00:07] Vehicle ID 0 (Slot ID 174) Maintainence fee cost $0 to FDSA's budget fund.
[2018/2/14 - 6:00:07] Vehicle ID 291 (Slot ID 205) Maintainence fee cost $0 to FDSA's budget fund.
[2018/2/14 - 6:00:07] Vehicle ID 292 (Slot ID 207) Maintainence fee cost $0 to FDSA's budget fund.
[2018/2/14 - 6:00:07] Vehicle ID 0 (Slot ID 219) Maintainence fee cost $0 to FDSA's budget fund.
[2018/2/14 - 6:00:07] Vehicle ID 300 (Slot ID 224) Maintainence fee cost $0 to FDSA's budget fund.
[2018/2/14 - 6:00:07] Vehicle ID 301 (Slot ID 227) Maintainence fee cost $0 to FDSA's budget fund.
[2018/2/14 - 6:00:07] Vehicle ID 0 (Slot ID 240) Maintainence fee cost $0 to FDSA's budget fund.
[2018/2/14 - 6:00:07] Vehicle ID 315 (Slot ID 247) Maintainence fee cost $0 to FDSA's budget fund.
[2018/2/14 - 6:00:07] Vehicle ID 0 (Slot ID 250) Maintainence fee cost $0 to FDSA's budget fund.
[2018/2/14 - 6:00:07] Vehicle ID 0 (Slot ID 255) Maintainence fee cost $0 to FDSA's budget fund.
[2018/2/14 - 6:00:07] Vehicle ID 345 (Slot ID 304) Maintainence fee cost $0 to FDSA's budget fund.
[2018/2/14 - 6:00:07] Vehicle ID 362 (Slot ID 344) Maintainence fee cost $0 to FDSA's budget fund.
[2018/2/14 - 6:00:07] Vehicle ID 363 (Slot ID 345) Maintainence fee cost $0 to FDSA's budget fund.
[2018/2/14 - 6:00:07] Vehicle ID 376 (Slot ID 363) Maintainence fee cost $0 to FDSA's budget fund.
[2018/2/14 - 6:00:07] Vehicle ID 377 (Slot ID 364) Maintainence fee cost $0 to FDSA's budget fund.
[2018/2/14 - 6:00:07] Vehicle ID 390 (Slot ID 384) Maintainence fee cost $0 to FDSA's budget fund.
[2018/2/14 - 6:00:07] Vehicle ID 391 (Slot ID 386) Maintainence fee cost $0 to FDSA's budget fund.
[2018/2/14 - 6:00:07] Vehicle ID 393 (Slot ID 388) Maintainence fee cost $0 to FDSA's budget fund.
[2018/2/14 - 6:00:07] Vehicle ID 400 (Slot ID 398) Maintainence fee cost $0 to FDSA's budget fund.
[2018/2/14 - 6:00:07] Vehicle ID 429 (Slot ID 443) Maintainence fee cost $0 to FDSA's budget fund.
[2018/2/14 - 6:00:07] Vehicle ID 436 (Slot ID 455) Maintainence fee cost $0 to FDSA's budget fund.
[2018/2/14 - 6:00:56] Mohamed Bousbata has paid their medical fees, adding $500 to the vault.
[2018/2/14 - 6:01:47] Jimmy Croos has paid their medical fees, adding $500 to the vault.
[2018/2/14 - 6:03:24] Jimmy Croos took a vest out of the FDSA locker at a cost of 1 HG Material.
[2018/2/14 - 6:14:35] Jimmy Croos has been paid $20,000 from FDSA's budget.
[2018/2/14 - 6:19:18] Diaa Dod took a vest out of the FDSA locker at a cost of 1 HG Material.
[2018/2/14 - 6:27:08] Vehicle Slot ID 31 RTB fee cost $0 to FDSA's budget fund.
[2018/2/14 - 6:27:08] Vehicle Slot ID 37 RTB fee cost $0 to FDSA's budget fund.
[2018/2/14 - 6:27:08] Vehicle Slot ID 108 RTB fee cost $0 to FDSA's budget fund.
[2018/2/14 - 6:27:08] Vehicle Slot ID 111 RTB fee cost $0 to FDSA's budget fund.
[2018/2/14 - 6:27:08] Vehicle Slot ID 132 RTB fee cost $0 to FDSA's budget fund.
[2018/2/14 - 6:27:08] Vehicle Slot ID 160 RTB fee cost $0 to FDSA's budget fund.
[2018/2/14 - 6:27:08] Vehicle Slot ID 205 RTB fee cost $0 to FDSA's budget fund.
[2018/2/14 - 6:27:08] Vehicle Slot ID 207 RTB fee cost $0 to FDSA's budget fund.
[2018/2/14 - 6:27:08] Vehicle Slot ID 224 RTB fee cost $0 to FDSA's budget fund.
[2018/2/14 - 6:27:08] Vehicle Slot ID 227 RTB fee cost $0 to FDSA's budget fund.
[2018/2/14 - 6:27:08] Vehicle Slot ID 247 RTB fee cost $0 to FDSA's budget fund.
[2018/2/14 - 6:27:08] Vehicle Slot ID 304 RTB fee cost $0 to FDSA's budget fund.
[2018/2/14 - 6:27:08] Vehicle Slot ID 344 RTB fee cost $0 to FDSA's budget fund.
[2018/2/14 - 6:27:08] Vehicle Slot ID 345 RTB fee cost $0 to FDSA's budget fund.
[2018/2/14 - 6:27:08] Vehicle Slot ID 363 RTB fee cost $0 to FDSA's budget fund.
[2018/2/14 - 6:27:08] Vehicle Slot ID 364 RTB fee cost $0 to FDSA's budget fund.
[2018/2/14 - 6:27:08] Vehicle Slot ID 384 RTB fee cost $0 to FDSA's budget fund.
[2018/2/14 - 6:27:08] Vehicle Slot ID 386 RTB fee cost $0 to FDSA's budget fund.
[2018/2/14 - 6:27:08] Vehicle Slot ID 388 RTB fee cost $0 to FDSA's budget fund.
[2018/2/14 - 6:27:08] Vehicle Slot ID 398 RTB fee cost $0 to FDSA's budget fund.
[2018/2/14 - 6:27:08] Vehicle Slot ID 443 RTB fee cost $0 to FDSA's budget fund.
[2018/2/14 - 6:27:08] Vehicle Slot ID 455 RTB fee cost $0 to FDSA's budget fund.
[2018/2/14 - 6:28:03] Michael H Buenoh has paid their medical fees, adding $500 to the vault.
[2018/2/14 - 6:38:14] Jeff Armstrong has paid their medical fees, adding $500 to the vault.
[2018/2/14 - 6:38:48] Richard Nelson has paid their medical fees, adding $500 to the vault.
[2018/2/14 - 6:41:33] Teddy Marshall has paid their medical fees, adding $500 to the vault.
[2018/2/14 - 6:51:48] Charlie Rodriguez has paid their medical fees, adding $500 to the vault.
[2018/2/14 - 6:54:14] Charlie Rodriguez has paid their medical fees, adding $500 to the vault.
[2018/2/14 - 6:57:46] Charlie Rodriguez has paid their medical fees, adding $500 to the vault.
[2018/2/14 - 7:00:11] The faction vault is at $71,956,504.
[2018/2/14 - 7:00:11] SA Gov Paid $50,000 to FDSA budget fund.
[2018/2/14 - 7:00:11] Vehicle ID 211 (Slot ID 31) Maintainence fee cost $0 to FDSA's budget fund.
[2018/2/14 - 7:00:11] Vehicle ID 212 (Slot ID 37) Maintainence fee cost $0 to FDSA's budget fund.
[2018/2/14 - 7:00:11] Vehicle ID 506 (Slot ID 103) Maintainence fee cost $0 to FDSA's budget fund.
[2018/2/14 - 7:00:11] Vehicle ID 247 (Slot ID 108) Maintainence fee cost $0 to FDSA's budget fund.
[2018/2/14 - 7:00:11] Vehicle ID 248 (Slot ID 111) Maintainence fee cost $0 to FDSA's budget fund.
[2018/2/14 - 7:00:11] Vehicle ID 258 (Slot ID 132) Maintainence fee cost $0 to FDSA's budget fund.
[2018/2/14 - 7:00:11] Vehicle ID 270 (Slot ID 160) Maintainence fee cost $0 to FDSA's budget fund.
[2018/2/14 - 7:00:11] Vehicle ID 507 (Slot ID 173) Maintainence fee cost $0 to FDSA's budget fund.
[2018/2/14 - 7:00:11] Vehicle ID 508 (Slot ID 174) Maintainence fee cost $0 to FDSA's budget fund.
[2018/2/14 - 7:00:11] Vehicle ID 291 (Slot ID 205) Maintainence fee cost $0 to FDSA's budget fund.
[2018/2/14 - 7:00:11] Vehicle ID 292 (Slot ID 207) Maintainence fee cost $0 to FDSA's budget fund.
[2018/2/14 - 7:00:11] Vehicle ID 509 (Slot ID 219) Maintainence fee cost $0 to FDSA's budget fund.
[2018/2/14 - 7:00:11] Vehicle ID 300 (Slot ID 224) Maintainence fee cost $0 to FDSA's budget fund.
[2018/2/14 - 7:00:11] Vehicle ID 301 (Slot ID 227) Maintainence fee cost $0 to FDSA's budget fund.
[2018/2/14 - 7:00:11] Vehicle ID 510 (Slot ID 240) Maintainence fee cost $0 to FDSA's budget fund.
[2018/2/14 - 7:00:11] Vehicle ID 315 (Slot ID 247) Maintainence fee cost $0 to FDSA's budget fund.
[2018/2/14 - 7:00:11] Vehicle ID 511 (Slot ID 250) Maintainence fee cost $0 to FDSA's budget fund.
[2018/2/14 - 7:00:11] Vehicle ID 512 (Slot ID 255) Maintainence fee cost $0 to FDSA's budget fund.
[2018/2/14 - 7:00:11] Vehicle ID 345 (Slot ID 304) Maintainence fee cost $0 to FDSA's budget fund.
[2018/2/14 - 7:00:11] Vehicle ID 362 (Slot ID 344) Maintainence fee cost $0 to FDSA's budget fund.
[2018/2/14 - 7:00:11] Vehicle ID 363 (Slot ID 345) Maintainence fee cost $0 to FDSA's budget fund.
[2018/2/14 - 7:00:11] Vehicle ID 376 (Slot ID 363) Maintainence fee cost $0 to FDSA's budget fund.
[2018/2/14 - 7:00:11] Vehicle ID 377 (Slot ID 364) Maintainence fee cost $0 to FDSA's budget fund.
[2018/2/14 - 7:00:11] Vehicle ID 390 (Slot ID 384) Maintainence fee cost $0 to FDSA's budget fund.
[2018/2/14 - 7:00:11] Vehicle ID 391 (Slot ID 386) Maintainence fee cost $0 to FDSA's budget fund.
[2018/2/14 - 7:00:11] Vehicle ID 393 (Slot ID 388) Maintainence fee cost $0 to FDSA's budget fund.
[2018/2/14 - 7:00:11] Vehicle ID 400 (Slot ID 398) Maintainence fee cost $0 to FDSA's budget fund.
[2018/2/14 - 7:00:11] Vehicle ID 429 (Slot ID 443) Maintainence fee cost $0 to FDSA's budget fund.
[2018/2/14 - 7:00:11] Vehicle ID 436 (Slot ID 455) Maintainence fee cost $0 to FDSA's budget fund.
[2018/2/14 - 7:06:22] Lue Croos has paid their medical fees, adding $500 to the vault.
[2018/2/14 - 7:07:00] Charlie Rodriguez has paid their medical fees, adding $500 to the vault.
[2018/2/14 - 7:09:28] Charlie Rodriguez has paid their medical fees, adding $500 to the vault.
[2018/2/14 - 7:12:49] Kraiden Crawford has paid their medical fees, adding $500 to the vault.
[2018/2/14 - 7:19:41] Charlie Rodriguez has paid their medical fees, adding $500 to the vault.
[2018/2/14 - 7:20:55] Sung Saito has paid their medical fees, adding $500 to the vault.
[2018/2/14 - 7:21:09] Charlie Rodriguez has paid their medical fees, adding $500 to the vault.
[2018/2/14 - 7:22:15] Charlie Rodriguez has paid their medical fees, adding $500 to the vault.
[2018/2/14 - 7:34:55] Richard Nelson has paid their medical fees, adding $500 to the vault.
[2018/2/14 - 7:47:36] Pump Gucci Cobra has paid their medical fees, adding $500 to the vault.
[2018/2/14 - 7:52:12] Mario S. Fares has paid their medical fees, adding $500 to the vault.
[2018/2/14 - 8:00:16] The faction vault is at $72,010,254.
[2018/2/14 - 8:00:16] SA Gov Paid $50,000 to FDSA budget fund.
[2018/2/14 - 8:00:16] Vehicle ID 211 (Slot ID 31) Maintainence fee cost $0 to FDSA's budget fund.
[2018/2/14 - 8:00:16] Vehicle ID 212 (Slot ID 37) Maintainence fee cost $0 to FDSA's budget fund.
[2018/2/14 - 8:00:16] Vehicle ID 506 (Slot ID 103) Maintainence fee cost $0 to FDSA's budget fund.
[2018/2/14 - 8:00:16] Vehicle ID 247 (Slot ID 108) Maintainence fee cost $0 to FDSA's budget fund.
[2018/2/14 - 8:00:16] Vehicle ID 248 (Slot ID 111) Maintainence fee cost $0 to FDSA's budget fund.
[2018/2/14 - 8:00:16] Vehicle ID 258 (Slot ID 132) Maintainence fee cost $0 to FDSA's budget fund.
[2018/2/14 - 8:00:16] Vehicle ID 270 (Slot ID 160) Maintainence fee cost $0 to FDSA's budget fund.
[2018/2/14 - 8:00:16] Vehicle ID 507 (Slot ID 173) Maintainence fee cost $0 to FDSA's budget fund.
[2018/2/14 - 8:00:16] Vehicle ID 508 (Slot ID 174) Maintainence fee cost $0 to FDSA's budget fund.
[2018/2/14 - 8:00:16] Vehicle ID 291 (Slot ID 205) Maintainence fee cost $0 to FDSA's budget fund.
[2018/2/14 - 8:00:16] Vehicle ID 292 (Slot ID 207) Maintainence fee cost $0 to FDSA's budget fund.
[2018/2/14 - 8:00:16] Vehicle ID 509 (Slot ID 219) Maintainence fee cost $0 to FDSA's budget fund.
[2018/2/14 - 8:00:16] Vehicle ID 300 (Slot ID 224) Maintainence fee cost $0 to FDSA's budget fund.
[2018/2/14 - 8:00:16] Vehicle ID 301 (Slot ID 227) Maintainence fee cost $0 to FDSA's budget fund.
[2018/2/14 - 8:00:16] Vehicle ID 510 (Slot ID 240) Maintainence fee cost $0 to FDSA's budget fund.
[2018/2/14 - 8:00:16] Vehicle ID 315 (Slot ID 247) Maintainence fee cost $0 to FDSA's budget fund.
[2018/2/14 - 8:00:16] Vehicle ID 511 (Slot ID 250) Maintainence fee cost $0 to FDSA's budget fund.
[2018/2/14 - 8:00:16] Vehicle ID 512 (Slot ID 255) Maintainence fee cost $0 to FDSA's budget fund.
[2018/2/14 - 8:00:16] Vehicle ID 345 (Slot ID 304) Maintainence fee cost $0 to FDSA's budget fund.
[2018/2/14 - 8:00:16] Vehicle ID 362 (Slot ID 344) Maintainence fee cost $0 to FDSA's budget fund.
[2018/2/14 - 8:00:16] Vehicle ID 363 (Slot ID 345) Maintainence fee cost $0 to FDSA's budget fund.
[2018/2/14 - 8:00:16] Vehicle ID 376 (Slot ID 363) Maintainence fee cost $0 to FDSA's budget fund.
[2018/2/14 - 8:00:16] Vehicle ID 377 (Slot ID 364) Maintainence fee cost $0 to FDSA's budget fund.
[2018/2/14 - 8:00:16] Vehicle ID 390 (Slot ID 384) Maintainence fee cost $0 to FDSA's budget fund.
[2018/2/14 - 8:00:16] Vehicle ID 391 (Slot ID 386) Maintainence fee cost $0 to FDSA's budget fund.
[2018/2/14 - 8:00:16] Vehicle ID 393 (Slot ID 388) Maintainence fee cost $0 to FDSA's budget fund.
[2018/2/14 - 8:00:16] Vehicle ID 400 (Slot ID 398) Maintainence fee cost $0 to FDSA's budget fund.
[2018/2/14 - 8:00:16] Vehicle ID 429 (Slot ID 443) Maintainence fee cost $0 to FDSA's budget fund.
[2018/2/14 - 8:00:16] Vehicle ID 436 (Slot ID 455) Maintainence fee cost $0 to FDSA's budget fund.
[2018/2/14 - 8:00:41] Mario S. Fares has paid their medical fees, adding $500 to the vault.
[2018/2/14 - 8:02:21] Benjo Fisher has paid their medical fees, adding $500 to the vault.
[2018/2/14 - 8:34:44] Vehicle Slot ID 108 RTB fee cost $0 to FDSA's budget fund.
[2018/2/14 - 8:40:08] Cynnia Finley has paid their medical fees, adding $500 to the vault.
[2018/2/14 - 8:48:53] Lee Xian has paid their medical fees, adding $500 to the vault.
[2018/2/14 - 9:00:22] The faction vault is at $72,062,254.
[2018/2/14 - 9:00:22] SA Gov Paid $50,000 to FDSA budget fund.
[2018/2/14 - 9:00:22] Vehicle ID 211 (Slot ID 31) Maintainence fee cost $0 to FDSA's budget fund.
[2018/2/14 - 9:00:22] Vehicle ID 212 (Slot ID 37) Maintainence fee cost $0 to FDSA's budget fund.
[2018/2/14 - 9:00:22] Vehicle ID 506 (Slot ID 103) Maintainence fee cost $0 to FDSA's budget fund.
[2018/2/14 - 9:00:22] Vehicle ID 247 (Slot ID 108) Maintainence fee cost $0 to FDSA's budget fund.
[2018/2/14 - 9:00:22] Vehicle ID 248 (Slot ID 111) Maintainence fee cost $0 to FDSA's budget fund.
[2018/2/14 - 9:00:22] Vehicle ID 258 (Slot ID 132) Maintainence fee cost $0 to FDSA's budget fund.
[2018/2/14 - 9:00:22] Vehicle ID 270 (Slot ID 160) Maintainence fee cost $0 to FDSA's budget fund.
[2018/2/14 - 9:00:22] Vehicle ID 507 (Slot ID 173) Maintainence fee cost $0 to FDSA's budget fund.
[2018/2/14 - 9:00:22] Vehicle ID 508 (Slot ID 174) Maintainence fee cost $0 to FDSA's budget fund.
[2018/2/14 - 9:00:22] Vehicle ID 291 (Slot ID 205) Maintainence fee cost $0 to FDSA's budget fund.
[2018/2/14 - 9:00:22] Vehicle ID 292 (Slot ID 207) Maintainence fee cost $0 to FDSA's budget fund.
[2018/2/14 - 9:00:22] Vehicle ID 509 (Slot ID 219) Maintainence fee cost $0 to FDSA's budget fund.
[2018/2/14 - 9:00:22] Vehicle ID 300 (Slot ID 224) Maintainence fee cost $0 to FDSA's budget fund.
[2018/2/14 - 9:00:22] Vehicle ID 301 (Slot ID 227) Maintainence fee cost $0 to FDSA's budget fund.
[2018/2/14 - 9:00:22] Vehicle ID 510 (Slot ID 240) Maintainence fee cost $0 to FDSA's budget fund.
[2018/2/14 - 9:00:22] Vehicle ID 315 (Slot ID 247) Maintainence fee cost $0 to FDSA's budget fund.
[2018/2/14 - 9:00:22] Vehicle ID 511 (Slot ID 250) Maintainence fee cost $0 to FDSA's budget fund.
[2018/2/14 - 9:00:22] Vehicle ID 512 (Slot ID 255) Maintainence fee cost $0 to FDSA's budget fund.
[2018/2/14 - 9:00:22] Vehicle ID 345 (Slot ID 304) Maintainence fee cost $0 to FDSA's budget fund.
[2018/2/14 - 9:00:22] Vehicle ID 362 (Slot ID 344) Maintainence fee cost $0 to FDSA's budget fund.
[2018/2/14 - 9:00:22] Vehicle ID 363 (Slot ID 345) Maintainence fee cost $0 to FDSA's budget fund.
[2018/2/14 - 9:00:22] Vehicle ID 376 (Slot ID 363) Maintainence fee cost $0 to FDSA's budget fund.
[2018/2/14 - 9:00:22] Vehicle ID 377 (Slot ID 364) Maintainence fee cost $0 to FDSA's budget fund.
[2018/2/14 - 9:00:22] Vehicle ID 390 (Slot ID 384) Maintainence fee cost $0 to FDSA's budget fund.
[2018/2/14 - 9:00:22] Vehicle ID 391 (Slot ID 386) Maintainence fee cost $0 to FDSA's budget fund.
[2018/2/14 - 9:00:22] Vehicle ID 393 (Slot ID 388) Maintainence fee cost $0 to FDSA's budget fund.
[2018/2/14 - 9:00:22] Vehicle ID 400 (Slot ID 398) Maintainence fee cost $0 to FDSA's budget fund.
[2018/2/14 - 9:00:22] Vehicle ID 429 (Slot ID 443) Maintainence fee cost $0 to FDSA's budget fund.
[2018/2/14 - 9:00:22] Vehicle ID 436 (Slot ID 455) Maintainence fee cost $0 to FDSA's budget fund.
[2018/2/14 - 9:52:45] Benjo Fisher has paid their medical fees, adding $500 to the vault.
[2018/2/14 - 10:00:36] The faction vault is at $72,113,504.
[2018/2/14 - 10:00:36] SA Gov Paid $50,000 to FDSA budget fund.
[2018/2/14 - 10:00:36] Vehicle ID 211 (Slot ID 31) Maintainence fee cost $0 to FDSA's budget fund.
[2018/2/14 - 10:00:36] Vehicle ID 212 (Slot ID 37) Maintainence fee cost $0 to FDSA's budget fund.
[2018/2/14 - 10:00:36] Vehicle ID 506 (Slot ID 103) Maintainence fee cost $0 to FDSA's budget fund.
[2018/2/14 - 10:00:36] Vehicle ID 247 (Slot ID 108) Maintainence fee cost $0 to FDSA's budget fund.
[2018/2/14 - 10:00:36] Vehicle ID 248 (Slot ID 111) Maintainence fee cost $0 to FDSA's budget fund.
[2018/2/14 - 10:00:36] Vehicle ID 258 (Slot ID 132) Maintainence fee cost $0 to FDSA's budget fund.
[2018/2/14 - 10:00:36] Vehicle ID 270 (Slot ID 160) Maintainence fee cost $0 to FDSA's budget fund.
[2018/2/14 - 10:00:36] Vehicle ID 507 (Slot ID 173) Maintainence fee cost $0 to FDSA's budget fund.
[2018/2/14 - 10:00:36] Vehicle ID 508 (Slot ID 174) Maintainence fee cost $0 to FDSA's budget fund.
[2018/2/14 - 10:00:36] Vehicle ID 291 (Slot ID 205) Maintainence fee cost $0 to FDSA's budget fund.
[2018/2/14 - 10:00:36] Vehicle ID 292 (Slot ID 207) Maintainence fee cost $0 to FDSA's budget fund.
[2018/2/14 - 10:00:36] Vehicle ID 509 (Slot ID 219) Maintainence fee cost $0 to FDSA's budget fund.
[2018/2/14 - 10:00:36] Vehicle ID 300 (Slot ID 224) Maintainence fee cost $0 to FDSA's budget fund.
[2018/2/14 - 10:00:36] Vehicle ID 301 (Slot ID 227) Maintainence fee cost $0 to FDSA's budget fund.
[2018/2/14 - 10:00:36] Vehicle ID 510 (Slot ID 240) Maintainence fee cost $0 to FDSA's budget fund.
[2018/2/14 - 10:00:36] Vehicle ID 315 (Slot ID 247) Maintainence fee cost $0 to FDSA's budget fund.
[2018/2/14 - 10:00:36] Vehicle ID 511 (Slot ID 250) Maintainence fee cost $0 to FDSA's budget fund.
[2018/2/14 - 10:00:36] Vehicle ID 512 (Slot ID 255) Maintainence fee cost $0 to FDSA's budget fund.
[2018/2/14 - 10:00:36] Vehicle ID 345 (Slot ID 304) Maintainence fee cost $0 to FDSA's budget fund.
[2018/2/14 - 10:00:36] Vehicle ID 362 (Slot ID 344) Maintainence fee cost $0 to FDSA's budget fund.
[2018/2/14 - 10:00:36] Vehicle ID 363 (Slot ID 345) Maintainence fee cost $0 to FDSA's budget fund.
[2018/2/14 - 10:00:36] Vehicle ID 376 (Slot ID 363) Maintainence fee cost $0 to FDSA's budget fund.
[2018/2/14 - 10:00:36] Vehicle ID 377 (Slot ID 364) Maintainence fee cost $0 to FDSA's budget fund.
[2018/2/14 - 10:00:36] Vehicle ID 390 (Slot ID 384) Maintainence fee cost $0 to FDSA's budget fund.
[2018/2/14 - 10:00:36] Vehicle ID 391 (Slot ID 386) Maintainence fee cost $0 to FDSA's budget fund.
[2018/2/14 - 10:00:36] Vehicle ID 393 (Slot ID 388) Maintainence fee cost $0 to FDSA's budget fund.
[2018/2/14 - 10:00:36] Vehicle ID 400 (Slot ID 398) Maintainence fee cost $0 to FDSA's budget fund.
[2018/2/14 - 10:00:36] Vehicle ID 429 (Slot ID 443) Maintainence fee cost $0 to FDSA's budget fund.
[2018/2/14 - 10:00:36] Vehicle ID 436 (Slot ID 455) Maintainence fee cost $0 to FDSA's budget fund.
[2018/2/14 - 10:01:50] Vehicle Slot ID 363 RTB fee cost $0 to FDSA's budget fund.
[2018/2/14 - 11:00:41] The faction vault is at $72,163,504.
[2018/2/14 - 11:00:41] SA Gov Paid $50,000 to FDSA budget fund.
[2018/2/14 - 11:00:41] Vehicle ID 211 (Slot ID 31) Maintainence fee cost $0 to FDSA's budget fund.
[2018/2/14 - 11:00:41] Vehicle ID 212 (Slot ID 37) Maintainence fee cost $0 to FDSA's budget fund.
[2018/2/14 - 11:00:41] Vehicle ID 506 (Slot ID 103) Maintainence fee cost $0 to FDSA's budget fund.
[2018/2/14 - 11:00:41] Vehicle ID 247 (Slot ID 108) Maintainence fee cost $0 to FDSA's budget fund.
[2018/2/14 - 11:00:41] Vehicle ID 248 (Slot ID 111) Maintainence fee cost $0 to FDSA's budget fund.
[2018/2/14 - 11:00:42] Vehicle ID 258 (Slot ID 132) Maintainence fee cost $0 to FDSA's budget fund.
[2018/2/14 - 11:00:42] Vehicle ID 270 (Slot ID 160) Maintainence fee cost $0 to FDSA's budget fund.
[2018/2/14 - 11:00:42] Vehicle ID 507 (Slot ID 173) Maintainence fee cost $0 to FDSA's budget fund.
[2018/2/14 - 11:00:42] Vehicle ID 508 (Slot ID 174) Maintainence fee cost $0 to FDSA's budget fund.
[2018/2/14 - 11:00:42] Vehicle ID 291 (Slot ID 205) Maintainence fee cost $0 to FDSA's budget fund.
[2018/2/14 - 11:00:42] Vehicle ID 292 (Slot ID 207) Maintainence fee cost $0 to FDSA's budget fund.
[2018/2/14 - 11:00:42] Vehicle ID 509 (Slot ID 219) Maintainence fee cost $0 to FDSA's budget fund.
[2018/2/14 - 11:00:42] Vehicle ID 300 (Slot ID 224) Maintainence fee cost $0 to FDSA's budget fund.
[2018/2/14 - 11:00:42] Vehicle ID 301 (Slot ID 227) Maintainence fee cost $0 to FDSA's budget fund.
[2018/2/14 - 11:00:42] Vehicle ID 510 (Slot ID 240) Maintainence fee cost $0 to FDSA's budget fund.
[2018/2/14 - 11:00:42] Vehicle ID 315 (Slot ID 247) Maintainence fee cost $0 to FDSA's budget fund.
[2018/2/14 - 11:00:42] Vehicle ID 511 (Slot ID 250) Maintainence fee cost $0 to FDSA's budget fund.
[2018/2/14 - 11:00:42] Vehicle ID 512 (Slot ID 255) Maintainence fee cost $0 to FDSA's budget fund.
[2018/2/14 - 11:00:42] Vehicle ID 345 (Slot ID 304) Maintainence fee cost $0 to FDSA's budget fund.
[2018/2/14 - 11:00:42] Vehicle ID 362 (Slot ID 344) Maintainence fee cost $0 to FDSA's budget fund.
[2018/2/14 - 11:00:42] Vehicle ID 363 (Slot ID 345) Maintainence fee cost $0 to FDSA's budget fund.
[2018/2/14 - 11:00:42] Vehicle ID 376 (Slot ID 363) Maintainence fee cost $0 to FDSA's budget fund.
[2018/2/14 - 11:00:42] Vehicle ID 377 (Slot ID 364) Maintainence fee cost $0 to FDSA's budget fund.
[2018/2/14 - 11:00:42] Vehicle ID 390 (Slot ID 384) Maintainence fee cost $0 to FDSA's budget fund.
[2018/2/14 - 11:00:42] Vehicle ID 391 (Slot ID 386) Maintainence fee cost $0 to FDSA's budget fund.
[2018/2/14 - 11:00:42] Vehicle ID 393 (Slot ID 388) Maintainence fee cost $0 to FDSA's budget fund.
[2018/2/14 - 11:00:42] Vehicle ID 400 (Slot ID 398) Maintainence fee cost $0 to FDSA's budget fund.
[2018/2/14 - 11:00:42] Vehicle ID 429 (Slot ID 443) Maintainence fee cost $0 to FDSA's budget fund.
[2018/2/14 - 11:00:42] Vehicle ID 436 (Slot ID 455) Maintainence fee cost $0 to FDSA's budget fund.
[2018/2/14 - 11:05:29] Steve Dack has paid their medical fees, adding $500 to the vault.
[2018/2/14 - 11:25:42] Martin Hanako has paid their medical fees, adding $500 to the vault.
[2018/2/14 - 11:25:58] Martin Hanako has paid their medical fees, adding $500 to the vault.
[2018/2/14 - 11:30:18] Martin Hanako has paid their medical fees, adding $500 to the vault.
[2018/2/14 - 11:34:48] Martin Hanako has paid their medical fees, adding $500 to the vault.
[2018/2/14 - 11:41:42] Martin Hanako has paid their medical fees, adding $500 to the vault.
[2018/2/14 - 12:00:43] The faction vault is at $72,215,004.
[2018/2/14 - 12:00:43] SA Gov Paid $50,000 to FDSA budget fund.
[2018/2/14 - 12:00:43] Vehicle ID 211 (Slot ID 31) Maintainence fee cost $0 to FDSA's budget fund.
[2018/2/14 - 12:00:43] Vehicle ID 212 (Slot ID 37) Maintainence fee cost $0 to FDSA's budget fund.
[2018/2/14 - 12:00:43] Vehicle ID 506 (Slot ID 103) Maintainence fee cost $0 to FDSA's budget fund.
[2018/2/14 - 12:00:43] Vehicle ID 247 (Slot ID 108) Maintainence fee cost $0 to FDSA's budget fund.
[2018/2/14 - 12:00:43] Vehicle ID 248 (Slot ID 111) Maintainence fee cost $0 to FDSA's budget fund.
[2018/2/14 - 12:00:43] Vehicle ID 258 (Slot ID 132) Maintainence fee cost $0 to FDSA's budget fund.
[2018/2/14 - 12:00:43] Vehicle ID 270 (Slot ID 160) Maintainence fee cost $0 to FDSA's budget fund.
[2018/2/14 - 12:00:43] Vehicle ID 507 (Slot ID 173) Maintainence fee cost $0 to FDSA's budget fund.
[2018/2/14 - 12:00:43] Vehicle ID 508 (Slot ID 174) Maintainence fee cost $0 to FDSA's budget fund.
[2018/2/14 - 12:00:43] Vehicle ID 291 (Slot ID 205) Maintainence fee cost $0 to FDSA's budget fund.
[2018/2/14 - 12:00:43] Vehicle ID 292 (Slot ID 207) Maintainence fee cost $0 to FDSA's budget fund.
[2018/2/14 - 12:00:43] Vehicle ID 509 (Slot ID 219) Maintainence fee cost $0 to FDSA's budget fund.
[2018/2/14 - 12:00:43] Vehicle ID 300 (Slot ID 224) Maintainence fee cost $0 to FDSA's budget fund.
[2018/2/14 - 12:00:43] Vehicle ID 301 (Slot ID 227) Maintainence fee cost $0 to FDSA's budget fund.
[2018/2/14 - 12:00:43] Vehicle ID 510 (Slot ID 240) Maintainence fee cost $0 to FDSA's budget fund.
[2018/2/14 - 12:00:43] Vehicle ID 315 (Slot ID 247) Maintainence fee cost $0 to FDSA's budget fund.
[2018/2/14 - 12:00:43] Vehicle ID 511 (Slot ID 250) Maintainence fee cost $0 to FDSA's budget fund.
[2018/2/14 - 12:00:43] Vehicle ID 512 (Slot ID 255) Maintainence fee cost $0 to FDSA's budget fund.
[2018/2/14 - 12:00:43] Vehicle ID 345 (Slot ID 304) Maintainence fee cost $0 to FDSA's budget fund.
[2018/2/14 - 12:00:43] Vehicle ID 362 (Slot ID 344) Maintainence fee cost $0 to FDSA's budget fund.
[2018/2/14 - 12:00:43] Vehicle ID 363 (Slot ID 345) Maintainence fee cost $0 to FDSA's budget fund.
[2018/2/14 - 12:00:43] Vehicle ID 376 (Slot ID 363) Maintainence fee cost $0 to FDSA's budget fund.
[2018/2/14 - 12:00:43] Vehicle ID 377 (Slot ID 364) Maintainence fee cost $0 to FDSA's budget fund.
[2018/2/14 - 12:00:43] Vehicle ID 390 (Slot ID 384) Maintainence fee cost $0 to FDSA's budget fund.
[2018/2/14 - 12:00:43] Vehicle ID 391 (Slot ID 386) Maintainence fee cost $0 to FDSA's budget fund.
[2018/2/14 - 12:00:43] Vehicle ID 393 (Slot ID 388) Maintainence fee cost $0 to FDSA's budget fund.
[2018/2/14 - 12:00:43] Vehicle ID 400 (Slot ID 398) Maintainence fee cost $0 to FDSA's budget fund.
[2018/2/14 - 12:00:43] Vehicle ID 429 (Slot ID 443) Maintainence fee cost $0 to FDSA's budget fund.
[2018/2/14 - 12:00:43] Vehicle ID 436 (Slot ID 455) Maintainence fee cost $0 to FDSA's budget fund.
[2018/2/14 - 13:00:52] The faction vault is at $72,265,004.
[2018/2/14 - 13:00:52] SA Gov Paid $50,000 to FDSA budget fund.
[2018/2/14 - 13:00:52] Vehicle ID 211 (Slot ID 31) Maintainence fee cost $0 to FDSA's budget fund.
[2018/2/14 - 13:00:52] Vehicle ID 212 (Slot ID 37) Maintainence fee cost $0 to FDSA's budget fund.
[2018/2/14 - 13:00:52] Vehicle ID 506 (Slot ID 103) Maintainence fee cost $0 to FDSA's budget fund.
[2018/2/14 - 13:00:52] Vehicle ID 247 (Slot ID 108) Maintainence fee cost $0 to FDSA's budget fund.
[2018/2/14 - 13:00:52] Vehicle ID 248 (Slot ID 111) Maintainence fee cost $0 to FDSA's budget fund.
[2018/2/14 - 13:00:52] Vehicle ID 258 (Slot ID 132) Maintainence fee cost $0 to FDSA's budget fund.
[2018/2/14 - 13:00:52] Vehicle ID 270 (Slot ID 160) Maintainence fee cost $0 to FDSA's budget fund.
[2018/2/14 - 13:00:52] Vehicle ID 507 (Slot ID 173) Maintainence fee cost $0 to FDSA's budget fund.
[2018/2/14 - 13:00:52] Vehicle ID 508 (Slot ID 174) Maintainence fee cost $0 to FDSA's budget fund.
[2018/2/14 - 13:00:52] Vehicle ID 291 (Slot ID 205) Maintainence fee cost $0 to FDSA's budget fund.
[2018/2/14 - 13:00:52] Vehicle ID 292 (Slot ID 207) Maintainence fee cost $0 to FDSA's budget fund.
[2018/2/14 - 13:00:52] Vehicle ID 509 (Slot ID 219) Maintainence fee cost $0 to FDSA's budget fund.
[2018/2/14 - 13:00:52] Vehicle ID 300 (Slot ID 224) Maintainence fee cost $0 to FDSA's budget fund.
[2018/2/14 - 13:00:52] Vehicle ID 301 (Slot ID 227) Maintainence fee cost $0 to FDSA's budget fund.
[2018/2/14 - 13:00:52] Vehicle ID 510 (Slot ID 240) Maintainence fee cost $0 to FDSA's budget fund.
[2018/2/14 - 13:00:52] Vehicle ID 315 (Slot ID 247) Maintainence fee cost $0 to FDSA's budget fund.
[2018/2/14 - 13:00:52] Vehicle ID 511 (Slot ID 250) Maintainence fee cost $0 to FDSA's budget fund.
[2018/2/14 - 13:00:52] Vehicle ID 512 (Slot ID 255) Maintainence fee cost $0 to FDSA's budget fund.
[2018/2/14 - 13:00:52] Vehicle ID 345 (Slot ID 304) Maintainence fee cost $0 to FDSA's budget fund.
[2018/2/14 - 13:00:52] Vehicle ID 362 (Slot ID 344) Maintainence fee cost $0 to FDSA's budget fund.
[2018/2/14 - 13:00:52] Vehicle ID 363 (Slot ID 345) Maintainence fee cost $0 to FDSA's budget fund.
[2018/2/14 - 13:00:52] Vehicle ID 376 (Slot ID 363) Maintainence fee cost $0 to FDSA's budget fund.
[2018/2/14 - 13:00:52] Vehicle ID 377 (Slot ID 364) Maintainence fee cost $0 to FDSA's budget fund.
[2018/2/14 - 13:00:52] Vehicle ID 390 (Slot ID 384) Maintainence fee cost $0 to FDSA's budget fund.
[2018/2/14 - 13:00:52] Vehicle ID 391 (Slot ID 386) Maintainence fee cost $0 to FDSA's budget fund.
[2018/2/14 - 13:00:52] Vehicle ID 393 (Slot ID 388) Maintainence fee cost $0 to FDSA's budget fund.
[2018/2/14 - 13:00:52] Vehicle ID 400 (Slot ID 398) Maintainence fee cost $0 to FDSA's budget fund.
[2018/2/14 - 13:00:52] Vehicle ID 429 (Slot ID 443) Maintainence fee cost $0 to FDSA's budget fund.
[2018/2/14 - 13:00:52] Vehicle ID 436 (Slot ID 455) Maintainence fee cost $0 to FDSA's budget fund.
[2018/2/14 - 13:09:59] Richard Chaos Vane has paid their medical fees, adding $500 to the vault.
[2018/2/14 - 13:09:59] Vehicle Slot ID 363 RTB fee cost $0 to FDSA's budget fund.
[2018/2/14 - 13:12:05] Tony Steels has paid their medical fees, adding $500 to the vault.
[2018/2/14 - 13:21:03] Richard Chaos Vane has paid their medical fees, adding $500 to the vault.
[2018/2/14 - 14:00:12] The faction vault is at $72,315,754.
[2018/2/14 - 14:00:12] SA Gov Paid $50,000 to FDSA budget fund.
[2018/2/14 - 14:00:12] Vehicle ID 211 (Slot ID 31) Maintainence fee cost $0 to FDSA's budget fund.
[2018/2/14 - 14:00:12] Vehicle ID 212 (Slot ID 37) Maintainence fee cost $0 to FDSA's budget fund.
[2018/2/14 - 14:00:12] Vehicle ID 506 (Slot ID 103) Maintainence fee cost $0 to FDSA's budget fund.
[2018/2/14 - 14:00:12] Vehicle ID 247 (Slot ID 108) Maintainence fee cost $0 to FDSA's budget fund.
[2018/2/14 - 14:00:12] Vehicle ID 248 (Slot ID 111) Maintainence fee cost $0 to FDSA's budget fund.
[2018/2/14 - 14:00:12] Vehicle ID 258 (Slot ID 132) Maintainence fee cost $0 to FDSA's budget fund.
[2018/2/14 - 14:00:12] Vehicle ID 270 (Slot ID 160) Maintainence fee cost $0 to FDSA's budget fund.
[2018/2/14 - 14:00:12] Vehicle ID 507 (Slot ID 173) Maintainence fee cost $0 to FDSA's budget fund.
[2018/2/14 - 14:00:12] Vehicle ID 508 (Slot ID 174) Maintainence fee cost $0 to FDSA's budget fund.
[2018/2/14 - 14:00:12] Vehicle ID 291 (Slot ID 205) Maintainence fee cost $0 to FDSA's budget fund.
[2018/2/14 - 14:00:12] Vehicle ID 292 (Slot ID 207) Maintainence fee cost $0 to FDSA's budget fund.
[2018/2/14 - 14:00:12] Vehicle ID 509 (Slot ID 219) Maintainence fee cost $0 to FDSA's budget fund.
[2018/2/14 - 14:00:12] Vehicle ID 300 (Slot ID 224) Maintainence fee cost $0 to FDSA's budget fund.
[2018/2/14 - 14:00:12] Vehicle ID 301 (Slot ID 227) Maintainence fee cost $0 to FDSA's budget fund.
[2018/2/14 - 14:00:12] Vehicle ID 510 (Slot ID 240) Maintainence fee cost $0 to FDSA's budget fund.
[2018/2/14 - 14:00:12] Vehicle ID 315 (Slot ID 247) Maintainence fee cost $0 to FDSA's budget fund.
[2018/2/14 - 14:00:12] Vehicle ID 511 (Slot ID 250) Maintainence fee cost $0 to FDSA's budget fund.
[2018/2/14 - 14:00:12] Vehicle ID 512 (Slot ID 255) Maintainence fee cost $0 to FDSA's budget fund.
[2018/2/14 - 14:00:12] Vehicle ID 345 (Slot ID 304) Maintainence fee cost $0 to FDSA's budget fund.
[2018/2/14 - 14:00:12] Vehicle ID 362 (Slot ID 344) Maintainence fee cost $0 to FDSA's budget fund.
[2018/2/14 - 14:00:12] Vehicle ID 363 (Slot ID 345) Maintainence fee cost $0 to FDSA's budget fund.
[2018/2/14 - 14:00:12] Vehicle ID 376 (Slot ID 363) Maintainence fee cost $0 to FDSA's budget fund.
[2018/2/14 - 14:00:12] Vehicle ID 377 (Slot ID 364) Maintainence fee cost $0 to FDSA's budget fund.
[2018/2/14 - 14:00:12] Vehicle ID 390 (Slot ID 384) Maintainence fee cost $0 to FDSA's budget fund.
[2018/2/14 - 14:00:12] Vehicle ID 391 (Slot ID 386) Maintainence fee cost $0 to FDSA's budget fund.
[2018/2/14 - 14:00:12] Vehicle ID 393 (Slot ID 388) Maintainence fee cost $0 to FDSA's budget fund.
[2018/2/14 - 14:00:12] Vehicle ID 400 (Slot ID 398) Maintainence fee cost $0 to FDSA's budget fund.
[2018/2/14 - 14:00:12] Vehicle ID 429 (Slot ID 443) Maintainence fee cost $0 to FDSA's budget fund.
[2018/2/14 - 14:00:12] Vehicle ID 436 (Slot ID 455) Maintainence fee cost $0 to FDSA's budget fund.
[2018/2/14 - 14:48:53] Vehicle Slot ID 227 RTB fee cost $0 to FDSA's budget fund.
[2018/2/14 - 15:00:31] The faction vault is at $72,366,954.
[2018/2/14 - 15:00:31] SA Gov Paid $50,000 to FDSA budget fund.
[2018/2/14 - 15:00:31] Vehicle ID 211 (Slot ID 31) Maintainence fee cost $0 to FDSA's budget fund.
[2018/2/14 - 15:00:31] Vehicle ID 212 (Slot ID 37) Maintainence fee cost $0 to FDSA's budget fund.
[2018/2/14 - 15:00:31] Vehicle ID 506 (Slot ID 103) Maintainence fee cost $0 to FDSA's budget fund.
[2018/2/14 - 15:00:31] Vehicle ID 247 (Slot ID 108) Maintainence fee cost $0 to FDSA's budget fund.
[2018/2/14 - 15:00:31] Vehicle ID 248 (Slot ID 111) Maintainence fee cost $0 to FDSA's budget fund.
[2018/2/14 - 15:00:31] Vehicle ID 258 (Slot ID 132) Maintainence fee cost $0 to FDSA's budget fund.
[2018/2/14 - 15:00:31] Vehicle ID 270 (Slot ID 160) Maintainence fee cost $0 to FDSA's budget fund.
[2018/2/14 - 15:00:31] Vehicle ID 507 (Slot ID 173) Maintainence fee cost $0 to FDSA's budget fund.
[2018/2/14 - 15:00:31] Vehicle ID 508 (Slot ID 174) Maintainence fee cost $0 to FDSA's budget fund.
[2018/2/14 - 15:00:31] Vehicle ID 291 (Slot ID 205) Maintainence fee cost $0 to FDSA's budget fund.
[2018/2/14 - 15:00:31] Vehicle ID 292 (Slot ID 207) Maintainence fee cost $0 to FDSA's budget fund.
[2018/2/14 - 15:00:31] Vehicle ID 509 (Slot ID 219) Maintainence fee cost $0 to FDSA's budget fund.
[2018/2/14 - 15:00:31] Vehicle ID 300 (Slot ID 224) Maintainence fee cost $0 to FDSA's budget fund.
[2018/2/14 - 15:00:31] Vehicle ID 301 (Slot ID 227) Maintainence fee cost $0 to FDSA's budget fund.
[2018/2/14 - 15:00:31] Vehicle ID 510 (Slot ID 240) Maintainence fee cost $0 to FDSA's budget fund.
[2018/2/14 - 15:00:31] Vehicle ID 315 (Slot ID 247) Maintainence fee cost $0 to FDSA's budget fund.
[2018/2/14 - 15:00:31] Vehicle ID 511 (Slot ID 250) Maintainence fee cost $0 to FDSA's budget fund.
[2018/2/14 - 15:00:31] Vehicle ID 512 (Slot ID 255) Maintainence fee cost $0 to FDSA's budget fund.
[2018/2/14 - 15:00:31] Vehicle ID 345 (Slot ID 304) Maintainence fee cost $0 to FDSA's budget fund.
[2018/2/14 - 15:00:31] Vehicle ID 362 (Slot ID 344) Maintainence fee cost $0 to FDSA's budget fund.
[2018/2/14 - 15:00:31] Vehicle ID 363 (Slot ID 345) Maintainence fee cost $0 to FDSA's budget fund.
[2018/2/14 - 15:00:31] Vehicle ID 376 (Slot ID 363) Maintainence fee cost $0 to FDSA's budget fund.
[2018/2/14 - 15:00:31] Vehicle ID 377 (Slot ID 364) Maintainence fee cost $0 to FDSA's budget fund.
[2018/2/14 - 15:00:31] Vehicle ID 390 (Slot ID 384) Maintainence fee cost $0 to FDSA's budget fund.
[2018/2/14 - 15:00:31] Vehicle ID 391 (Slot ID 386) Maintainence fee cost $0 to FDSA's budget fund.
[2018/2/14 - 15:00:31] Vehicle ID 393 (Slot ID 388) Maintainence fee cost $0 to FDSA's budget fund.
[2018/2/14 - 15:00:31] Vehicle ID 400 (Slot ID 398) Maintainence fee cost $0 to FDSA's budget fund.
[2018/2/14 - 15:00:31] Vehicle ID 429 (Slot ID 443) Maintainence fee cost $0 to FDSA's budget fund.
[2018/2/14 - 15:00:31] Vehicle ID 436 (Slot ID 455) Maintainence fee cost $0 to FDSA's budget fund.
[2018/2/14 - 16:00:57] The faction vault is at $72,416,954.
[2018/2/14 - 16:00:57] SA Gov Paid $50,000 to FDSA budget fund.
[2018/2/14 - 16:00:57] Vehicle ID 211 (Slot ID 31) Maintainence fee cost $0 to FDSA's budget fund.
[2018/2/14 - 16:00:57] Vehicle ID 212 (Slot ID 37) Maintainence fee cost $0 to FDSA's budget fund.
[2018/2/14 - 16:00:57] Vehicle ID 506 (Slot ID 103) Maintainence fee cost $0 to FDSA's budget fund.
[2018/2/14 - 16:00:57] Vehicle ID 247 (Slot ID 108) Maintainence fee cost $0 to FDSA's budget fund.
[2018/2/14 - 16:00:57] Vehicle ID 248 (Slot ID 111) Maintainence fee cost $0 to FDSA's budget fund.
[2018/2/14 - 16:00:57] Vehicle ID 258 (Slot ID 132) Maintainence fee cost $0 to FDSA's budget fund.
[2018/2/14 - 16:00:57] Vehicle ID 270 (Slot ID 160) Maintainence fee cost $0 to FDSA's budget fund.
[2018/2/14 - 16:00:57] Vehicle ID 507 (Slot ID 173) Maintainence fee cost $0 to FDSA's budget fund.
[2018/2/14 - 16:00:57] Vehicle ID 508 (Slot ID 174) Maintainence fee cost $0 to FDSA's budget fund.
[2018/2/14 - 16:00:57] Vehicle ID 291 (Slot ID 205) Maintainence fee cost $0 to FDSA's budget fund.
[2018/2/14 - 16:00:57] Vehicle ID 292 (Slot ID 207) Maintainence fee cost $0 to FDSA's budget fund.
[2018/2/14 - 16:00:57] Vehicle ID 509 (Slot ID 219) Maintainence fee cost $0 to FDSA's budget fund.
[2018/2/14 - 16:00:57] Vehicle ID 300 (Slot ID 224) Maintainence fee cost $0 to FDSA's budget fund.
[2018/2/14 - 16:00:57] Vehicle ID 301 (Slot ID 227) Maintainence fee cost $0 to FDSA's budget fund.
[2018/2/14 - 16:00:57] Vehicle ID 510 (Slot ID 240) Maintainence fee cost $0 to FDSA's budget fund.
[2018/2/14 - 16:00:57] Vehicle ID 315 (Slot ID 247) Maintainence fee cost $0 to FDSA's budget fund.
[2018/2/14 - 16:00:57] Vehicle ID 511 (Slot ID 250) Maintainence fee cost $0 to FDSA's budget fund.
[2018/2/14 - 16:00:57] Vehicle ID 512 (Slot ID 255) Maintainence fee cost $0 to FDSA's budget fund.
[2018/2/14 - 16:00:57] Vehicle ID 345 (Slot ID 304) Maintainence fee cost $0 to FDSA's budget fund.
[2018/2/14 - 16:00:57] Vehicle ID 362 (Slot ID 344) Maintainence fee cost $0 to FDSA's budget fund.
[2018/2/14 - 16:00:57] Vehicle ID 363 (Slot ID 345) Maintainence fee cost $0 to FDSA's budget fund.
[2018/2/14 - 16:00:57] Vehicle ID 376 (Slot ID 363) Maintainence fee cost $0 to FDSA's budget fund.
[2018/2/14 - 16:00:57] Vehicle ID 377 (Slot ID 364) Maintainence fee cost $0 to FDSA's budget fund.
[2018/2/14 - 16:00:57] Vehicle ID 390 (Slot ID 384) Maintainence fee cost $0 to FDSA's budget fund.
[2018/2/14 - 16:00:57] Vehicle ID 391 (Slot ID 386) Maintainence fee cost $0 to FDSA's budget fund.
[2018/2/14 - 16:00:57] Vehicle ID 393 (Slot ID 388) Maintainence fee cost $0 to FDSA's budget fund.
[2018/2/14 - 16:00:57] Vehicle ID 400 (Slot ID 398) Maintainence fee cost $0 to FDSA's budget fund.
[2018/2/14 - 16:00:57] Vehicle ID 429 (Slot ID 443) Maintainence fee cost $0 to FDSA's budget fund.
[2018/2/14 - 16:00:57] Vehicle ID 436 (Slot ID 455) Maintainence fee cost $0 to FDSA's budget fund.
[2018/2/14 - 16:37:54] Titus Styles has paid their medical fees, adding $500 to the vault.
[2018/2/14 - 17:00:19] The faction vault is at $72,468,004.
[2018/2/14 - 17:00:19] SA Gov Paid $50,000 to FDSA budget fund.
[2018/2/14 - 17:00:19] Vehicle ID 211 (Slot ID 31) Maintainence fee cost $0 to FDSA's budget fund.
[2018/2/14 - 17:00:19] Vehicle ID 212 (Slot ID 37) Maintainence fee cost $0 to FDSA's budget fund.
[2018/2/14 - 17:00:19] Vehicle ID 506 (Slot ID 103) Maintainence fee cost $0 to FDSA's budget fund.
[2018/2/14 - 17:00:19] Vehicle ID 247 (Slot ID 108) Maintainence fee cost $0 to FDSA's budget fund.
[2018/2/14 - 17:00:19] Vehicle ID 248 (Slot ID 111) Maintainence fee cost $0 to FDSA's budget fund.
[2018/2/14 - 17:00:19] Vehicle ID 258 (Slot ID 132) Maintainence fee cost $0 to FDSA's budget fund.
[2018/2/14 - 17:00:19] Vehicle ID 270 (Slot ID 160) Maintainence fee cost $0 to FDSA's budget fund.
[2018/2/14 - 17:00:19] Vehicle ID 507 (Slot ID 173) Maintainence fee cost $0 to FDSA's budget fund.
[2018/2/14 - 17:00:19] Vehicle ID 508 (Slot ID 174) Maintainence fee cost $0 to FDSA's budget fund.
[2018/2/14 - 17:00:19] Vehicle ID 291 (Slot ID 205) Maintainence fee cost $0 to FDSA's budget fund.
[2018/2/14 - 17:00:19] Vehicle ID 292 (Slot ID 207) Maintainence fee cost $0 to FDSA's budget fund.
[2018/2/14 - 17:00:19] Vehicle ID 509 (Slot ID 219) Maintainence fee cost $0 to FDSA's budget fund.
[2018/2/14 - 17:00:19] Vehicle ID 300 (Slot ID 224) Maintainence fee cost $0 to FDSA's budget fund.
[2018/2/14 - 17:00:19] Vehicle ID 301 (Slot ID 227) Maintainence fee cost $0 to FDSA's budget fund.
[2018/2/14 - 17:00:19] Vehicle ID 510 (Slot ID 240) Maintainence fee cost $0 to FDSA's budget fund.
[2018/2/14 - 17:00:19] Vehicle ID 315 (Slot ID 247) Maintainence fee cost $0 to FDSA's budget fund.
[2018/2/14 - 17:00:19] Vehicle ID 511 (Slot ID 250) Maintainence fee cost $0 to FDSA's budget fund.
[2018/2/14 - 17:00:19] Vehicle ID 512 (Slot ID 255) Maintainence fee cost $0 to FDSA's budget fund.
[2018/2/14 - 17:00:19] Vehicle ID 345 (Slot ID 304) Maintainence fee cost $0 to FDSA's budget fund.
[2018/2/14 - 17:00:19] Vehicle ID 362 (Slot ID 344) Maintainence fee cost $0 to FDSA's budget fund.
[2018/2/14 - 17:00:19] Vehicle ID 363 (Slot ID 345) Maintainence fee cost $0 to FDSA's budget fund.
[2018/2/14 - 17:00:19] Vehicle ID 376 (Slot ID 363) Maintainence fee cost $0 to FDSA's budget fund.
[2018/2/14 - 17:00:19] Vehicle ID 377 (Slot ID 364) Maintainence fee cost $0 to FDSA's budget fund.
[2018/2/14 - 17:00:19] Vehicle ID 390 (Slot ID 384) Maintainence fee cost $0 to FDSA's budget fund.
[2018/2/14 - 17:00:19] Vehicle ID 391 (Slot ID 386) Maintainence fee cost $0 to FDSA's budget fund.
[2018/2/14 - 17:00:19] Vehicle ID 393 (Slot ID 388) Maintainence fee cost $0 to FDSA's budget fund.
[2018/2/14 - 17:00:19] Vehicle ID 400 (Slot ID 398) Maintainence fee cost $0 to FDSA's budget fund.
[2018/2/14 - 17:00:19] Vehicle ID 429 (Slot ID 443) Maintainence fee cost $0 to FDSA's budget fund.
[2018/2/14 - 17:00:19] Vehicle ID 436 (Slot ID 455) Maintainence fee cost $0 to FDSA's budget fund.
[2018/2/14 - 18:00:37] The faction vault is at $72,518,004.
[2018/2/14 - 18:00:37] SA Gov Paid $50,000 to FDSA budget fund.
[2018/2/14 - 18:00:37] Vehicle ID 211 (Slot ID 31) Maintainence fee cost $0 to FDSA's budget fund.
[2018/2/14 - 18:00:37] Vehicle ID 212 (Slot ID 37) Maintainence fee cost $0 to FDSA's budget fund.
[2018/2/14 - 18:00:37] Vehicle ID 506 (Slot ID 103) Maintainence fee cost $0 to FDSA's budget fund.
[2018/2/14 - 18:00:37] Vehicle ID 247 (Slot ID 108) Maintainence fee cost $0 to FDSA's budget fund.
[2018/2/14 - 18:00:37] Vehicle ID 248 (Slot ID 111) Maintainence fee cost $0 to FDSA's budget fund.
[2018/2/14 - 18:00:37] Vehicle ID 258 (Slot ID 132) Maintainence fee cost $0 to FDSA's budget fund.
[2018/2/14 - 18:00:37] Vehicle ID 270 (Slot ID 160) Maintainence fee cost $0 to FDSA's budget fund.
[2018/2/14 - 18:00:37] Vehicle ID 507 (Slot ID 173) Maintainence fee cost $0 to FDSA's budget fund.
[2018/2/14 - 18:00:37] Vehicle ID 508 (Slot ID 174) Maintainence fee cost $0 to FDSA's budget fund.
[2018/2/14 - 18:00:37] Vehicle ID 291 (Slot ID 205) Maintainence fee cost $0 to FDSA's budget fund.
[2018/2/14 - 18:00:37] Vehicle ID 292 (Slot ID 207) Maintainence fee cost $0 to FDSA's budget fund.
[2018/2/14 - 18:00:37] Vehicle ID 509 (Slot ID 219) Maintainence fee cost $0 to FDSA's budget fund.
[2018/2/14 - 18:00:37] Vehicle ID 300 (Slot ID 224) Maintainence fee cost $0 to FDSA's budget fund.
[2018/2/14 - 18:00:37] Vehicle ID 301 (Slot ID 227) Maintainence fee cost $0 to FDSA's budget fund.
[2018/2/14 - 18:00:37] Vehicle ID 510 (Slot ID 240) Maintainence fee cost $0 to FDSA's budget fund.
[2018/2/14 - 18:00:37] Vehicle ID 315 (Slot ID 247) Maintainence fee cost $0 to FDSA's budget fund.
[2018/2/14 - 18:00:37] Vehicle ID 511 (Slot ID 250) Maintainence fee cost $0 to FDSA's budget fund.
[2018/2/14 - 18:00:37] Vehicle ID 512 (Slot ID 255) Maintainence fee cost $0 to FDSA's budget fund.
[2018/2/14 - 18:00:37] Vehicle ID 345 (Slot ID 304) Maintainence fee cost $0 to FDSA's budget fund.
[2018/2/14 - 18:00:37] Vehicle ID 362 (Slot ID 344) Maintainence fee cost $0 to FDSA's budget fund.
[2018/2/14 - 18:00:37] Vehicle ID 363 (Slot ID 345) Maintainence fee cost $0 to FDSA's budget fund.
[2018/2/14 - 18:00:37] Vehicle ID 376 (Slot ID 363) Maintainence fee cost $0 to FDSA's budget fund.
[2018/2/14 - 18:00:37] Vehicle ID 377 (Slot ID 364) Maintainence fee cost $0 to FDSA's budget fund.
[2018/2/14 - 18:00:37] Vehicle ID 390 (Slot ID 384) Maintainence fee cost $0 to FDSA's budget fund.
[2018/2/14 - 18:00:37] Vehicle ID 391 (Slot ID 386) Maintainence fee cost $0 to FDSA's budget fund.
[2018/2/14 - 18:00:37] Vehicle ID 393 (Slot ID 388) Maintainence fee cost $0 to FDSA's budget fund.
[2018/2/14 - 18:00:37] Vehicle ID 400 (Slot ID 398) Maintainence fee cost $0 to FDSA's budget fund.
[2018/2/14 - 18:00:37] Vehicle ID 429 (Slot ID 443) Maintainence fee cost $0 to FDSA's budget fund.
[2018/2/14 - 18:00:37] Vehicle ID 436 (Slot ID 455) Maintainence fee cost $0 to FDSA's budget fund.
[2018/2/14 - 19:00:32] The faction vault is at $72,568,004.
[2018/2/14 - 19:00:32] SA Gov Paid $50,000 to FDSA budget fund.
[2018/2/14 - 19:00:32] Vehicle ID 211 (Slot ID 31) Maintainence fee cost $0 to FDSA's budget fund.
[2018/2/14 - 19:00:32] Vehicle ID 212 (Slot ID 37) Maintainence fee cost $0 to FDSA's budget fund.
[2018/2/14 - 19:00:32] Vehicle ID 0 (Slot ID 103) Maintainence fee cost $0 to FDSA's budget fund.
[2018/2/14 - 19:00:32] Vehicle ID 247 (Slot ID 108) Maintainence fee cost $0 to FDSA's budget fund.
[2018/2/14 - 19:00:32] Vehicle ID 248 (Slot ID 111) Maintainence fee cost $0 to FDSA's budget fund.
[2018/2/14 - 19:00:32] Vehicle ID 258 (Slot ID 132) Maintainence fee cost $0 to FDSA's budget fund.
[2018/2/14 - 19:00:32] Vehicle ID 270 (Slot ID 160) Maintainence fee cost $0 to FDSA's budget fund.
[2018/2/14 - 19:00:32] Vehicle ID 0 (Slot ID 173) Maintainence fee cost $0 to FDSA's budget fund.
[2018/2/14 - 19:00:32] Vehicle ID 0 (Slot ID 174) Maintainence fee cost $0 to FDSA's budget fund.
[2018/2/14 - 19:00:32] Vehicle ID 291 (Slot ID 205) Maintainence fee cost $0 to FDSA's budget fund.
[2018/2/14 - 19:00:32] Vehicle ID 292 (Slot ID 207) Maintainence fee cost $0 to FDSA's budget fund.
[2018/2/14 - 19:00:32] Vehicle ID 0 (Slot ID 219) Maintainence fee cost $0 to FDSA's budget fund.
[2018/2/14 - 19:00:32] Vehicle ID 300 (Slot ID 224) Maintainence fee cost $0 to FDSA's budget fund.
[2018/2/14 - 19:00:32] Vehicle ID 301 (Slot ID 227) Maintainence fee cost $0 to FDSA's budget fund.
[2018/2/14 - 19:00:32] Vehicle ID 0 (Slot ID 240) Maintainence fee cost $0 to FDSA's budget fund.
[2018/2/14 - 19:00:32] Vehicle ID 315 (Slot ID 247) Maintainence fee cost $0 to FDSA's budget fund.
[2018/2/14 - 19:00:32] Vehicle ID 0 (Slot ID 250) Maintainence fee cost $0 to FDSA's budget fund.
[2018/2/14 - 19:00:32] Vehicle ID 0 (Slot ID 255) Maintainence fee cost $0 to FDSA's budget fund.
[2018/2/14 - 19:00:32] Vehicle ID 345 (Slot ID 304) Maintainence fee cost $0 to FDSA's budget fund.
[2018/2/14 - 19:00:32] Vehicle ID 362 (Slot ID 344) Maintainence fee cost $0 to FDSA's budget fund.
[2018/2/14 - 19:00:32] Vehicle ID 363 (Slot ID 345) Maintainence fee cost $0 to FDSA's budget fund.
[2018/2/14 - 19:00:32] Vehicle ID 376 (Slot ID 363) Maintainence fee cost $0 to FDSA's budget fund.
[2018/2/14 - 19:00:32] Vehicle ID 377 (Slot ID 364) Maintainence fee cost $0 to FDSA's budget fund.
[2018/2/14 - 19:00:32] Vehicle ID 390 (Slot ID 384) Maintainence fee cost $0 to FDSA's budget fund.
[2018/2/14 - 19:00:32] Vehicle ID 391 (Slot ID 386) Maintainence fee cost $0 to FDSA's budget fund.
[2018/2/14 - 19:00:32] Vehicle ID 393 (Slot ID 388) Maintainence fee cost $0 to FDSA's budget fund.
[2018/2/14 - 19:00:32] Vehicle ID 400 (Slot ID 398) Maintainence fee cost $0 to FDSA's budget fund.
[2018/2/14 - 19:00:32] Vehicle ID 429 (Slot ID 443) Maintainence fee cost $0 to FDSA's budget fund.
[2018/2/14 - 19:00:32] Vehicle ID 436 (Slot ID 455) Maintainence fee cost $0 to FDSA's budget fund.
[2018/2/14 - 20:00:38] The faction vault is at $72,618,004.
[2018/2/14 - 20:00:38] SA Gov Paid $50,000 to FDSA budget fund.
[2018/2/14 - 20:00:38] Vehicle ID 211 (Slot ID 31) Maintainence fee cost $0 to FDSA's budget fund.
[2018/2/14 - 20:00:38] Vehicle ID 212 (Slot ID 37) Maintainence fee cost $0 to FDSA's budget fund.
[2018/2/14 - 20:00:38] Vehicle ID 0 (Slot ID 103) Maintainence fee cost $0 to FDSA's budget fund.
[2018/2/14 - 20:00:38] Vehicle ID 247 (Slot ID 108) Maintainence fee cost $0 to FDSA's budget fund.
[2018/2/14 - 20:00:38] Vehicle ID 248 (Slot ID 111) Maintainence fee cost $0 to FDSA's budget fund.
[2018/2/14 - 20:00:38] Vehicle ID 258 (Slot ID 132) Maintainence fee cost $0 to FDSA's budget fund.
[2018/2/14 - 20:00:38] Vehicle ID 270 (Slot ID 160) Maintainence fee cost $0 to FDSA's budget fund.
[2018/2/14 - 20:00:38] Vehicle ID 0 (Slot ID 173) Maintainence fee cost $0 to FDSA's budget fund.
[2018/2/14 - 20:00:38] Vehicle ID 0 (Slot ID 174) Maintainence fee cost $0 to FDSA's budget fund.
[2018/2/14 - 20:00:38] Vehicle ID 291 (Slot ID 205) Maintainence fee cost $0 to FDSA's budget fund.
[2018/2/14 - 20:00:38] Vehicle ID 292 (Slot ID 207) Maintainence fee cost $0 to FDSA's budget fund.
[2018/2/14 - 20:00:38] Vehicle ID 0 (Slot ID 219) Maintainence fee cost $0 to FDSA's budget fund.
[2018/2/14 - 20:00:38] Vehicle ID 300 (Slot ID 224) Maintainence fee cost $0 to FDSA's budget fund.
[2018/2/14 - 20:00:38] Vehicle ID 301 (Slot ID 227) Maintainence fee cost $0 to FDSA's budget fund.
[2018/2/14 - 20:00:38] Vehicle ID 0 (Slot ID 240) Maintainence fee cost $0 to FDSA's budget fund.
[2018/2/14 - 20:00:38] Vehicle ID 315 (Slot ID 247) Maintainence fee cost $0 to FDSA's budget fund.
[2018/2/14 - 20:00:38] Vehicle ID 0 (Slot ID 250) Maintainence fee cost $0 to FDSA's budget fund.
[2018/2/14 - 20:00:38] Vehicle ID 0 (Slot ID 255) Maintainence fee cost $0 to FDSA's budget fund.
[2018/2/14 - 20:00:38] Vehicle ID 345 (Slot ID 304) Maintainence fee cost $0 to FDSA's budget fund.
[2018/2/14 - 20:00:38] Vehicle ID 362 (Slot ID 344) Maintainence fee cost $0 to FDSA's budget fund.
[2018/2/14 - 20:00:38] Vehicle ID 363 (Slot ID 345) Maintainence fee cost $0 to FDSA's budget fund.
[2018/2/14 - 20:00:38] Vehicle ID 376 (Slot ID 363) Maintainence fee cost $0 to FDSA's budget fund.
[2018/2/14 - 20:00:38] Vehicle ID 377 (Slot ID 364) Maintainence fee cost $0 to FDSA's budget fund.
[2018/2/14 - 20:00:38] Vehicle ID 390 (Slot ID 384) Maintainence fee cost $0 to FDSA's budget fund.
[2018/2/14 - 20:00:38] Vehicle ID 391 (Slot ID 386) Maintainence fee cost $0 to FDSA's budget fund.
[2018/2/14 - 20:00:38] Vehicle ID 393 (Slot ID 388) Maintainence fee cost $0 to FDSA's budget fund.
[2018/2/14 - 20:00:38] Vehicle ID 400 (Slot ID 398) Maintainence fee cost $0 to FDSA's budget fund.
[2018/2/14 - 20:00:38] Vehicle ID 429 (Slot ID 443) Maintainence fee cost $0 to FDSA's budget fund.
[2018/2/14 - 20:00:38] Vehicle ID 436 (Slot ID 455) Maintainence fee cost $0 to FDSA's budget fund.
[2018/2/14 - 20:42:10] Alex Stottlemeyer has paid their medical fees, adding $500 to the vault.
[2018/2/14 - 21:00:47] The faction vault is at $72,668,254.
[2018/2/14 - 21:00:47] SA Gov Paid $50,000 to FDSA budget fund.
[2018/2/14 - 21:00:47] Vehicle ID 211 (Slot ID 31) Maintainence fee cost $0 to FDSA's budget fund.
[2018/2/14 - 21:00:47] Vehicle ID 212 (Slot ID 37) Maintainence fee cost $0 to FDSA's budget fund.
[2018/2/14 - 21:00:47] Vehicle ID 0 (Slot ID 103) Maintainence fee cost $0 to FDSA's budget fund.
[2018/2/14 - 21:00:47] Vehicle ID 247 (Slot ID 108) Maintainence fee cost $0 to FDSA's budget fund.
[2018/2/14 - 21:00:47] Vehicle ID 248 (Slot ID 111) Maintainence fee cost $0 to FDSA's budget fund.
[2018/2/14 - 21:00:47] Vehicle ID 258 (Slot ID 132) Maintainence fee cost $0 to FDSA's budget fund.
[2018/2/14 - 21:00:47] Vehicle ID 270 (Slot ID 160) Maintainence fee cost $0 to FDSA's budget fund.
[2018/2/14 - 21:00:47] Vehicle ID 0 (Slot ID 173) Maintainence fee cost $0 to FDSA's budget fund.
[2018/2/14 - 21:00:47] Vehicle ID 0 (Slot ID 174) Maintainence fee cost $0 to FDSA's budget fund.
[2018/2/14 - 21:00:47] Vehicle ID 291 (Slot ID 205) Maintainence fee cost $0 to FDSA's budget fund.
[2018/2/14 - 21:00:47] Vehicle ID 292 (Slot ID 207) Maintainence fee cost $0 to FDSA's budget fund.
[2018/2/14 - 21:00:47] Vehicle ID 0 (Slot ID 219) Maintainence fee cost $0 to FDSA's budget fund.
[2018/2/14 - 21:00:47] Vehicle ID 300 (Slot ID 224) Maintainence fee cost $0 to FDSA's budget fund.
[2018/2/14 - 21:00:47] Vehicle ID 301 (Slot ID 227) Maintainence fee cost $0 to FDSA's budget fund.
[2018/2/14 - 21:00:47] Vehicle ID 0 (Slot ID 240) Maintainence fee cost $0 to FDSA's budget fund.
[2018/2/14 - 21:00:47] Vehicle ID 315 (Slot ID 247) Maintainence fee cost $0 to FDSA's budget fund.
[2018/2/14 - 21:00:47] Vehicle ID 0 (Slot ID 250) Maintainence fee cost $0 to FDSA's budget fund.
[2018/2/14 - 21:00:47] Vehicle ID 0 (Slot ID 255) Maintainence fee cost $0 to FDSA's budget fund.
[2018/2/14 - 21:00:47] Vehicle ID 345 (Slot ID 304) Maintainence fee cost $0 to FDSA's budget fund.
[2018/2/14 - 21:00:47] Vehicle ID 362 (Slot ID 344) Maintainence fee cost $0 to FDSA's budget fund.
[2018/2/14 - 21:00:47] Vehicle ID 363 (Slot ID 345) Maintainence fee cost $0 to FDSA's budget fund.
[2018/2/14 - 21:00:47] Vehicle ID 376 (Slot ID 363) Maintainence fee cost $0 to FDSA's budget fund.
[2018/2/14 - 21:00:47] Vehicle ID 377 (Slot ID 364) Maintainence fee cost $0 to FDSA's budget fund.
[2018/2/14 - 21:00:47] Vehicle ID 390 (Slot ID 384) Maintainence fee cost $0 to FDSA's budget fund.
[2018/2/14 - 21:00:47] Vehicle ID 391 (Slot ID 386) Maintainence fee cost $0 to FDSA's budget fund.
[2018/2/14 - 21:00:47] Vehicle ID 393 (Slot ID 388) Maintainence fee cost $0 to FDSA's budget fund.
[2018/2/14 - 21:00:47] Vehicle ID 400 (Slot ID 398) Maintainence fee cost $0 to FDSA's budget fund.
[2018/2/14 - 21:00:47] Vehicle ID 429 (Slot ID 443) Maintainence fee cost $0 to FDSA's budget fund.
[2018/2/14 - 21:00:47] Vehicle ID 436 (Slot ID 455) Maintainence fee cost $0 to FDSA's budget fund.
[2018/2/14 - 21:08:13] Alex Stottlemeyer has paid their medical fees, adding $500 to the vault.
[2018/2/14 - 22:00:50] The faction vault is at $72,721,304.
[2018/2/14 - 22:00:50] SA Gov Paid $50,000 to FDSA budget fund.
[2018/2/14 - 22:00:50] Vehicle ID 211 (Slot ID 31) Maintainence fee cost $0 to FDSA's budget fund.
[2018/2/14 - 22:00:50] Vehicle ID 212 (Slot ID 37) Maintainence fee cost $0 to FDSA's budget fund.
[2018/2/14 - 22:00:50] Vehicle ID 0 (Slot ID 103) Maintainence fee cost $0 to FDSA's budget fund.
[2018/2/14 - 22:00:50] Vehicle ID 247 (Slot ID 108) Maintainence fee cost $0 to FDSA's budget fund.
[2018/2/14 - 22:00:50] Vehicle ID 248 (Slot ID 111) Maintainence fee cost $0 to FDSA's budget fund.
[2018/2/14 - 22:00:50] Vehicle ID 258 (Slot ID 132) Maintainence fee cost $0 to FDSA's budget fund.
[2018/2/14 - 22:00:50] Vehicle ID 270 (Slot ID 160) Maintainence fee cost $0 to FDSA's budget fund.
[2018/2/14 - 22:00:50] Vehicle ID 0 (Slot ID 173) Maintainence fee cost $0 to FDSA's budget fund.
[2018/2/14 - 22:00:50] Vehicle ID 0 (Slot ID 174) Maintainence fee cost $0 to FDSA's budget fund.
[2018/2/14 - 22:00:50] Vehicle ID 291 (Slot ID 205) Maintainence fee cost $0 to FDSA's budget fund.
[2018/2/14 - 22:00:50] Vehicle ID 292 (Slot ID 207) Maintainence fee cost $0 to FDSA's budget fund.
[2018/2/14 - 22:00:50] Vehicle ID 0 (Slot ID 219) Maintainence fee cost $0 to FDSA's budget fund.
[2018/2/14 - 22:00:50] Vehicle ID 300 (Slot ID 224) Maintainence fee cost $0 to FDSA's budget fund.
[2018/2/14 - 22:00:50] Vehicle ID 301 (Slot ID 227) Maintainence fee cost $0 to FDSA's budget fund.
[2018/2/14 - 22:00:50] Vehicle ID 0 (Slot ID 240) Maintainence fee cost $0 to FDSA's budget fund.
[2018/2/14 - 22:00:50] Vehicle ID 315 (Slot ID 247) Maintainence fee cost $0 to FDSA's budget fund.
[2018/2/14 - 22:00:50] Vehicle ID 0 (Slot ID 250) Maintainence fee cost $0 to FDSA's budget fund.
[2018/2/14 - 22:00:50] Vehicle ID 0 (Slot ID 255) Maintainence fee cost $0 to FDSA's budget fund.
[2018/2/14 - 22:00:50] Vehicle ID 345 (Slot ID 304) Maintainence fee cost $0 to FDSA's budget fund.
[2018/2/14 - 22:00:50] Vehicle ID 362 (Slot ID 344) Maintainence fee cost $0 to FDSA's budget fund.
[2018/2/14 - 22:00:50] Vehicle ID 363 (Slot ID 345) Maintainence fee cost $0 to FDSA's budget fund.
[2018/2/14 - 22:00:50] Vehicle ID 376 (Slot ID 363) Maintainence fee cost $0 to FDSA's budget fund.
[2018/2/14 - 22:00:50] Vehicle ID 377 (Slot ID 364) Maintainence fee cost $0 to FDSA's budget fund.
[2018/2/14 - 22:00:50] Vehicle ID 390 (Slot ID 384) Maintainence fee cost $0 to FDSA's budget fund.
[2018/2/14 - 22:00:50] Vehicle ID 391 (Slot ID 386) Maintainence fee cost $0 to FDSA's budget fund.
[2018/2/14 - 22:00:50] Vehicle ID 393 (Slot ID 388) Maintainence fee cost $0 to FDSA's budget fund.
[2018/2/14 - 22:00:50] Vehicle ID 400 (Slot ID 398) Maintainence fee cost $0 to FDSA's budget fund.
[2018/2/14 - 22:00:50] Vehicle ID 429 (Slot ID 443) Maintainence fee cost $0 to FDSA's budget fund.
[2018/2/14 - 22:00:50] Vehicle ID 436 (Slot ID 455) Maintainence fee cost $0 to FDSA's budget fund.
[2018/2/14 - 23:00:14] The faction vault is at $72,773,304.
[2018/2/14 - 23:00:14] SA Gov Paid $50,000 to FDSA budget fund.
[2018/2/14 - 23:00:14] Vehicle ID 211 (Slot ID 31) Maintainence fee cost $0 to FDSA's budget fund.
[2018/2/14 - 23:00:14] Vehicle ID 212 (Slot ID 37) Maintainence fee cost $0 to FDSA's budget fund.
[2018/2/14 - 23:00:14] Vehicle ID 0 (Slot ID 103) Maintainence fee cost $0 to FDSA's budget fund.
[2018/2/14 - 23:00:14] Vehicle ID 247 (Slot ID 108) Maintainence fee cost $0 to FDSA's budget fund.
[2018/2/14 - 23:00:14] Vehicle ID 248 (Slot ID 111) Maintainence fee cost $0 to FDSA's budget fund.
[2018/2/14 - 23:00:14] Vehicle ID 258 (Slot ID 132) Maintainence fee cost $0 to FDSA's budget fund.
[2018/2/14 - 23:00:14] Vehicle ID 270 (Slot ID 160) Maintainence fee cost $0 to FDSA's budget fund.
[2018/2/14 - 23:00:14] Vehicle ID 0 (Slot ID 173) Maintainence fee cost $0 to FDSA's budget fund.
[2018/2/14 - 23:00:14] Vehicle ID 0 (Slot ID 174) Maintainence fee cost $0 to FDSA's budget fund.
[2018/2/14 - 23:00:14] Vehicle ID 291 (Slot ID 205) Maintainence fee cost $0 to FDSA's budget fund.
[2018/2/14 - 23:00:14] Vehicle ID 292 (Slot ID 207) Maintainence fee cost $0 to FDSA's budget fund.
[2018/2/14 - 23:00:14] Vehicle ID 0 (Slot ID 219) Maintainence fee cost $0 to FDSA's budget fund.
[2018/2/14 - 23:00:14] Vehicle ID 300 (Slot ID 224) Maintainence fee cost $0 to FDSA's budget fund.
[2018/2/14 - 23:00:14] Vehicle ID 301 (Slot ID 227) Maintainence fee cost $0 to FDSA's budget fund.
[2018/2/14 - 23:00:14] Vehicle ID 0 (Slot ID 240) Maintainence fee cost $0 to FDSA's budget fund.
[2018/2/14 - 23:00:14] Vehicle ID 315 (Slot ID 247) Maintainence fee cost $0 to FDSA's budget fund.
[2018/2/14 - 23:00:14] Vehicle ID 0 (Slot ID 250) Maintainence fee cost $0 to FDSA's budget fund.
[2018/2/14 - 23:00:14] Vehicle ID 0 (Slot ID 255) Maintainence fee cost $0 to FDSA's budget fund.
[2018/2/14 - 23:00:14] Vehicle ID 345 (Slot ID 304) Maintainence fee cost $0 to FDSA's budget fund.
[2018/2/14 - 23:00:14] Vehicle ID 362 (Slot ID 344) Maintainence fee cost $0 to FDSA's budget fund.
[2018/2/14 - 23:00:14] Vehicle ID 363 (Slot ID 345) Maintainence fee cost $0 to FDSA's budget fund.
[2018/2/14 - 23:00:14] Vehicle ID 376 (Slot ID 363) Maintainence fee cost $0 to FDSA's budget fund.
[2018/2/14 - 23:00:14] Vehicle ID 377 (Slot ID 364) Maintainence fee cost $0 to FDSA's budget fund.
[2018/2/14 - 23:00:14] Vehicle ID 390 (Slot ID 384) Maintainence fee cost $0 to FDSA's budget fund.
[2018/2/14 - 23:00:14] Vehicle ID 391 (Slot ID 386) Maintainence fee cost $0 to FDSA's budget fund.
[2018/2/14 - 23:00:14] Vehicle ID 393 (Slot ID 388) Maintainence fee cost $0 to FDSA's budget fund.
[2018/2/14 - 23:00:14] Vehicle ID 400 (Slot ID 398) Maintainence fee cost $0 to FDSA's budget fund.
[2018/2/14 - 23:00:14] Vehicle ID 429 (Slot ID 443) Maintainence fee cost $0 to FDSA's budget fund.
[2018/2/14 - 23:00:14] Vehicle ID 436 (Slot ID 455) Maintainence fee cost $0 to FDSA's budget fund.
[2018/2/14 - 23:46:12] Daniel Khan has paid their medical fees, adding $500 to the vault.
