[2022/12/20 - 10:00:23] The faction vault is at $389,704.
[2022/12/20 - 10:00:23] SA Gov Paid $50,000 to SA Fire and Medical Department budget fund.
[2022/12/20 - 10:00:23] Vehicle ID 0 (Slot ID 31) Maintainence fee cost $2,500 to SA Fire and Medical Department's budget fund.
[2022/12/20 - 10:00:23] Vehicle ID 0 (Slot ID 37) Maintainence fee cost $3,000 to SA Fire and Medical Department's budget fund.
[2022/12/20 - 10:00:23] Vehicle ID 0 (Slot ID 56) Maintainence fee cost $0 to SA Fire and Medical Department's budget fund.
[2022/12/20 - 10:00:23] Vehicle ID 0 (Slot ID 59) Maintainence fee cost $0 to SA Fire and Medical Department's budget fund.
[2022/12/20 - 10:00:23] Vehicle ID 0 (Slot ID 65) Maintainence fee cost $0 to SA Fire and Medical Department's budget fund.
[2022/12/20 - 10:00:23] Vehicle ID 0 (Slot ID 76) Maintainence fee cost $0 to SA Fire and Medical Department's budget fund.
[2022/12/20 - 10:00:23] Vehicle ID 0 (Slot ID 103) Maintainence fee cost $2,500 to SA Fire and Medical Department's budget fund.
[2022/12/20 - 10:00:23] Vehicle ID 0 (Slot ID 108) Maintainence fee cost $2,500 to SA Fire and Medical Department's budget fund.
[2022/12/20 - 10:00:23] Vehicle ID 0 (Slot ID 111) Maintainence fee cost $2,500 to SA Fire and Medical Department's budget fund.
[2022/12/20 - 10:00:23] Vehicle ID 0 (Slot ID 132) Maintainence fee cost $3,000 to SA Fire and Medical Department's budget fund.
[2022/12/20 - 10:00:23] Vehicle ID 0 (Slot ID 150) Maintainence fee cost $3,000 to SA Fire and Medical Department's budget fund.
[2022/12/20 - 10:00:23] Vehicle ID 0 (Slot ID 160) Maintainence fee cost $2,500 to SA Fire and Medical Department's budget fund.
[2022/12/20 - 10:00:23] Vehicle ID 0 (Slot ID 162) Maintainence fee cost $0 to SA Fire and Medical Department's budget fund.
[2022/12/20 - 10:00:23] Vehicle ID 0 (Slot ID 173) Maintainence fee cost $0 to SA Fire and Medical Department's budget fund.
[2022/12/20 - 10:00:23] Vehicle ID 0 (Slot ID 187) Maintainence fee cost $0 to SA Fire and Medical Department's budget fund.
[2022/12/20 - 10:00:23] Vehicle ID 0 (Slot ID 191) Maintainence fee cost $0 to SA Fire and Medical Department's budget fund.
[2022/12/20 - 10:00:23] Vehicle ID 0 (Slot ID 194) Maintainence fee cost $0 to SA Fire and Medical Department's budget fund.
[2022/12/20 - 10:00:23] Vehicle ID 0 (Slot ID 205) Maintainence fee cost $0 to SA Fire and Medical Department's budget fund.
[2022/12/20 - 10:00:23] Vehicle ID 0 (Slot ID 207) Maintainence fee cost $3,500 to SA Fire and Medical Department's budget fund.
[2022/12/20 - 10:00:23] Vehicle ID 0 (Slot ID 219) Maintainence fee cost $3,000 to SA Fire and Medical Department's budget fund.
[2022/12/20 - 10:00:23] Vehicle ID 0 (Slot ID 224) Maintainence fee cost $3,000 to SA Fire and Medical Department's budget fund.
[2022/12/20 - 10:00:23] Vehicle ID 0 (Slot ID 227) Maintainence fee cost $3,000 to SA Fire and Medical Department's budget fund.
[2022/12/20 - 10:00:23] Vehicle ID 0 (Slot ID 240) Maintainence fee cost $3,500 to SA Fire and Medical Department's budget fund.
[2022/12/20 - 10:00:23] Vehicle ID 0 (Slot ID 255) Maintainence fee cost $2,500 to SA Fire and Medical Department's budget fund.
[2022/12/20 - 10:00:23] Vehicle ID 0 (Slot ID 345) Maintainence fee cost $2,000 to SA Fire and Medical Department's budget fund.
[2022/12/20 - 10:00:23] Vehicle ID 0 (Slot ID 363) Maintainence fee cost $0 to SA Fire and Medical Department's budget fund.
[2022/12/20 - 10:00:23] Vehicle ID 0 (Slot ID 388) Maintainence fee cost $2,500 to SA Fire and Medical Department's budget fund.
[2022/12/20 - 10:00:23] Vehicle ID 0 (Slot ID 443) Maintainence fee cost $2,500 to SA Fire and Medical Department's budget fund.
[2022/12/20 - 10:00:23] Vehicle ID 0 (Slot ID 455) Maintainence fee cost $0 to SA Fire and Medical Department's budget fund.
[2022/12/20 - 11:00:27] The faction vault is at $392,704.
[2022/12/20 - 11:00:27] SA Gov Paid $50,000 to SA Fire and Medical Department budget fund.
[2022/12/20 - 11:00:27] Vehicle ID 0 (Slot ID 31) Maintainence fee cost $2,500 to SA Fire and Medical Department's budget fund.
[2022/12/20 - 11:00:27] Vehicle ID 0 (Slot ID 37) Maintainence fee cost $3,000 to SA Fire and Medical Department's budget fund.
[2022/12/20 - 11:00:27] Vehicle ID 0 (Slot ID 56) Maintainence fee cost $0 to SA Fire and Medical Department's budget fund.
[2022/12/20 - 11:00:27] Vehicle ID 0 (Slot ID 59) Maintainence fee cost $0 to SA Fire and Medical Department's budget fund.
[2022/12/20 - 11:00:27] Vehicle ID 0 (Slot ID 65) Maintainence fee cost $0 to SA Fire and Medical Department's budget fund.
[2022/12/20 - 11:00:27] Vehicle ID 0 (Slot ID 76) Maintainence fee cost $0 to SA Fire and Medical Department's budget fund.
[2022/12/20 - 11:00:27] Vehicle ID 0 (Slot ID 103) Maintainence fee cost $2,500 to SA Fire and Medical Department's budget fund.
[2022/12/20 - 11:00:27] Vehicle ID 0 (Slot ID 108) Maintainence fee cost $2,500 to SA Fire and Medical Department's budget fund.
[2022/12/20 - 11:00:27] Vehicle ID 0 (Slot ID 111) Maintainence fee cost $2,500 to SA Fire and Medical Department's budget fund.
[2022/12/20 - 11:00:27] Vehicle ID 0 (Slot ID 132) Maintainence fee cost $3,000 to SA Fire and Medical Department's budget fund.
[2022/12/20 - 11:00:27] Vehicle ID 0 (Slot ID 150) Maintainence fee cost $3,000 to SA Fire and Medical Department's budget fund.
[2022/12/20 - 11:00:27] Vehicle ID 0 (Slot ID 160) Maintainence fee cost $2,500 to SA Fire and Medical Department's budget fund.
[2022/12/20 - 11:00:27] Vehicle ID 0 (Slot ID 162) Maintainence fee cost $0 to SA Fire and Medical Department's budget fund.
[2022/12/20 - 11:00:27] Vehicle ID 0 (Slot ID 173) Maintainence fee cost $0 to SA Fire and Medical Department's budget fund.
[2022/12/20 - 11:00:27] Vehicle ID 0 (Slot ID 187) Maintainence fee cost $0 to SA Fire and Medical Department's budget fund.
[2022/12/20 - 11:00:27] Vehicle ID 0 (Slot ID 191) Maintainence fee cost $0 to SA Fire and Medical Department's budget fund.
[2022/12/20 - 11:00:27] Vehicle ID 0 (Slot ID 194) Maintainence fee cost $0 to SA Fire and Medical Department's budget fund.
[2022/12/20 - 11:00:27] Vehicle ID 0 (Slot ID 205) Maintainence fee cost $0 to SA Fire and Medical Department's budget fund.
[2022/12/20 - 11:00:27] Vehicle ID 0 (Slot ID 207) Maintainence fee cost $3,500 to SA Fire and Medical Department's budget fund.
[2022/12/20 - 11:00:27] Vehicle ID 0 (Slot ID 219) Maintainence fee cost $3,000 to SA Fire and Medical Department's budget fund.
[2022/12/20 - 11:00:27] Vehicle ID 0 (Slot ID 224) Maintainence fee cost $3,000 to SA Fire and Medical Department's budget fund.
[2022/12/20 - 11:00:27] Vehicle ID 0 (Slot ID 227) Maintainence fee cost $3,000 to SA Fire and Medical Department's budget fund.
[2022/12/20 - 11:00:27] Vehicle ID 0 (Slot ID 240) Maintainence fee cost $3,500 to SA Fire and Medical Department's budget fund.
[2022/12/20 - 11:00:27] Vehicle ID 0 (Slot ID 255) Maintainence fee cost $2,500 to SA Fire and Medical Department's budget fund.
[2022/12/20 - 11:00:27] Vehicle ID 0 (Slot ID 345) Maintainence fee cost $2,000 to SA Fire and Medical Department's budget fund.
[2022/12/20 - 11:00:27] Vehicle ID 0 (Slot ID 363) Maintainence fee cost $0 to SA Fire and Medical Department's budget fund.
[2022/12/20 - 11:00:27] Vehicle ID 0 (Slot ID 388) Maintainence fee cost $2,500 to SA Fire and Medical Department's budget fund.
[2022/12/20 - 11:00:27] Vehicle ID 0 (Slot ID 443) Maintainence fee cost $2,500 to SA Fire and Medical Department's budget fund.
[2022/12/20 - 11:00:27] Vehicle ID 0 (Slot ID 455) Maintainence fee cost $0 to SA Fire and Medical Department's budget fund.
[2022/12/20 - 12:00:25] The faction vault is at $395,704.
[2022/12/20 - 12:00:25] SA Gov Paid $50,000 to SA Fire and Medical Department budget fund.
[2022/12/20 - 12:00:25] Vehicle ID 0 (Slot ID 31) Maintainence fee cost $2,500 to SA Fire and Medical Department's budget fund.
[2022/12/20 - 12:00:25] Vehicle ID 0 (Slot ID 37) Maintainence fee cost $3,000 to SA Fire and Medical Department's budget fund.
[2022/12/20 - 12:00:25] Vehicle ID 0 (Slot ID 56) Maintainence fee cost $0 to SA Fire and Medical Department's budget fund.
[2022/12/20 - 12:00:25] Vehicle ID 0 (Slot ID 59) Maintainence fee cost $0 to SA Fire and Medical Department's budget fund.
[2022/12/20 - 12:00:25] Vehicle ID 0 (Slot ID 65) Maintainence fee cost $0 to SA Fire and Medical Department's budget fund.
[2022/12/20 - 12:00:25] Vehicle ID 0 (Slot ID 76) Maintainence fee cost $0 to SA Fire and Medical Department's budget fund.
[2022/12/20 - 12:00:25] Vehicle ID 0 (Slot ID 103) Maintainence fee cost $2,500 to SA Fire and Medical Department's budget fund.
[2022/12/20 - 12:00:25] Vehicle ID 0 (Slot ID 108) Maintainence fee cost $2,500 to SA Fire and Medical Department's budget fund.
[2022/12/20 - 12:00:25] Vehicle ID 0 (Slot ID 111) Maintainence fee cost $2,500 to SA Fire and Medical Department's budget fund.
[2022/12/20 - 12:00:25] Vehicle ID 0 (Slot ID 132) Maintainence fee cost $3,000 to SA Fire and Medical Department's budget fund.
[2022/12/20 - 12:00:25] Vehicle ID 0 (Slot ID 150) Maintainence fee cost $3,000 to SA Fire and Medical Department's budget fund.
[2022/12/20 - 12:00:25] Vehicle ID 0 (Slot ID 160) Maintainence fee cost $2,500 to SA Fire and Medical Department's budget fund.
[2022/12/20 - 12:00:25] Vehicle ID 0 (Slot ID 162) Maintainence fee cost $0 to SA Fire and Medical Department's budget fund.
[2022/12/20 - 12:00:25] Vehicle ID 0 (Slot ID 173) Maintainence fee cost $0 to SA Fire and Medical Department's budget fund.
[2022/12/20 - 12:00:25] Vehicle ID 0 (Slot ID 187) Maintainence fee cost $0 to SA Fire and Medical Department's budget fund.
[2022/12/20 - 12:00:25] Vehicle ID 0 (Slot ID 191) Maintainence fee cost $0 to SA Fire and Medical Department's budget fund.
[2022/12/20 - 12:00:25] Vehicle ID 0 (Slot ID 194) Maintainence fee cost $0 to SA Fire and Medical Department's budget fund.
[2022/12/20 - 12:00:25] Vehicle ID 0 (Slot ID 205) Maintainence fee cost $0 to SA Fire and Medical Department's budget fund.
[2022/12/20 - 12:00:25] Vehicle ID 0 (Slot ID 207) Maintainence fee cost $3,500 to SA Fire and Medical Department's budget fund.
[2022/12/20 - 12:00:25] Vehicle ID 0 (Slot ID 219) Maintainence fee cost $3,000 to SA Fire and Medical Department's budget fund.
[2022/12/20 - 12:00:25] Vehicle ID 0 (Slot ID 224) Maintainence fee cost $3,000 to SA Fire and Medical Department's budget fund.
[2022/12/20 - 12:00:25] Vehicle ID 0 (Slot ID 227) Maintainence fee cost $3,000 to SA Fire and Medical Department's budget fund.
[2022/12/20 - 12:00:25] Vehicle ID 0 (Slot ID 240) Maintainence fee cost $3,500 to SA Fire and Medical Department's budget fund.
[2022/12/20 - 12:00:25] Vehicle ID 0 (Slot ID 255) Maintainence fee cost $2,500 to SA Fire and Medical Department's budget fund.
[2022/12/20 - 12:00:25] Vehicle ID 0 (Slot ID 345) Maintainence fee cost $2,000 to SA Fire and Medical Department's budget fund.
[2022/12/20 - 12:00:25] Vehicle ID 0 (Slot ID 363) Maintainence fee cost $0 to SA Fire and Medical Department's budget fund.
[2022/12/20 - 12:00:25] Vehicle ID 0 (Slot ID 388) Maintainence fee cost $2,500 to SA Fire and Medical Department's budget fund.
[2022/12/20 - 12:00:25] Vehicle ID 0 (Slot ID 443) Maintainence fee cost $2,500 to SA Fire and Medical Department's budget fund.
[2022/12/20 - 12:00:25] Vehicle ID 0 (Slot ID 455) Maintainence fee cost $0 to SA Fire and Medical Department's budget fund.
[2022/12/20 - 13:00:07] The faction vault is at $398,704.
[2022/12/20 - 13:00:07] SA Gov Paid $50,000 to SA Fire and Medical Department budget fund.
[2022/12/20 - 13:00:07] Vehicle ID 0 (Slot ID 31) Maintainence fee cost $2,500 to SA Fire and Medical Department's budget fund.
[2022/12/20 - 13:00:07] Vehicle ID 0 (Slot ID 37) Maintainence fee cost $3,000 to SA Fire and Medical Department's budget fund.
[2022/12/20 - 13:00:07] Vehicle ID 0 (Slot ID 56) Maintainence fee cost $0 to SA Fire and Medical Department's budget fund.
[2022/12/20 - 13:00:07] Vehicle ID 0 (Slot ID 59) Maintainence fee cost $0 to SA Fire and Medical Department's budget fund.
[2022/12/20 - 13:00:07] Vehicle ID 0 (Slot ID 65) Maintainence fee cost $0 to SA Fire and Medical Department's budget fund.
[2022/12/20 - 13:00:07] Vehicle ID 0 (Slot ID 76) Maintainence fee cost $0 to SA Fire and Medical Department's budget fund.
[2022/12/20 - 13:00:07] Vehicle ID 0 (Slot ID 103) Maintainence fee cost $2,500 to SA Fire and Medical Department's budget fund.
[2022/12/20 - 13:00:07] Vehicle ID 0 (Slot ID 108) Maintainence fee cost $2,500 to SA Fire and Medical Department's budget fund.
[2022/12/20 - 13:00:07] Vehicle ID 0 (Slot ID 111) Maintainence fee cost $2,500 to SA Fire and Medical Department's budget fund.
[2022/12/20 - 13:00:07] Vehicle ID 0 (Slot ID 132) Maintainence fee cost $3,000 to SA Fire and Medical Department's budget fund.
[2022/12/20 - 13:00:07] Vehicle ID 0 (Slot ID 150) Maintainence fee cost $3,000 to SA Fire and Medical Department's budget fund.
[2022/12/20 - 13:00:07] Vehicle ID 0 (Slot ID 160) Maintainence fee cost $2,500 to SA Fire and Medical Department's budget fund.
[2022/12/20 - 13:00:07] Vehicle ID 0 (Slot ID 162) Maintainence fee cost $0 to SA Fire and Medical Department's budget fund.
[2022/12/20 - 13:00:07] Vehicle ID 0 (Slot ID 173) Maintainence fee cost $0 to SA Fire and Medical Department's budget fund.
[2022/12/20 - 13:00:07] Vehicle ID 0 (Slot ID 187) Maintainence fee cost $0 to SA Fire and Medical Department's budget fund.
[2022/12/20 - 13:00:07] Vehicle ID 0 (Slot ID 191) Maintainence fee cost $0 to SA Fire and Medical Department's budget fund.
[2022/12/20 - 13:00:07] Vehicle ID 0 (Slot ID 194) Maintainence fee cost $0 to SA Fire and Medical Department's budget fund.
[2022/12/20 - 13:00:07] Vehicle ID 0 (Slot ID 205) Maintainence fee cost $0 to SA Fire and Medical Department's budget fund.
[2022/12/20 - 13:00:07] Vehicle ID 0 (Slot ID 207) Maintainence fee cost $3,500 to SA Fire and Medical Department's budget fund.
[2022/12/20 - 13:00:07] Vehicle ID 0 (Slot ID 219) Maintainence fee cost $3,000 to SA Fire and Medical Department's budget fund.
[2022/12/20 - 13:00:07] Vehicle ID 0 (Slot ID 224) Maintainence fee cost $3,000 to SA Fire and Medical Department's budget fund.
[2022/12/20 - 13:00:07] Vehicle ID 0 (Slot ID 227) Maintainence fee cost $3,000 to SA Fire and Medical Department's budget fund.
[2022/12/20 - 13:00:07] Vehicle ID 0 (Slot ID 240) Maintainence fee cost $3,500 to SA Fire and Medical Department's budget fund.
[2022/12/20 - 13:00:07] Vehicle ID 0 (Slot ID 255) Maintainence fee cost $2,500 to SA Fire and Medical Department's budget fund.
[2022/12/20 - 13:00:07] Vehicle ID 0 (Slot ID 345) Maintainence fee cost $2,000 to SA Fire and Medical Department's budget fund.
[2022/12/20 - 13:00:07] Vehicle ID 0 (Slot ID 363) Maintainence fee cost $0 to SA Fire and Medical Department's budget fund.
[2022/12/20 - 13:00:07] Vehicle ID 0 (Slot ID 388) Maintainence fee cost $2,500 to SA Fire and Medical Department's budget fund.
[2022/12/20 - 13:00:07] Vehicle ID 0 (Slot ID 443) Maintainence fee cost $2,500 to SA Fire and Medical Department's budget fund.
[2022/12/20 - 13:00:07] Vehicle ID 0 (Slot ID 455) Maintainence fee cost $0 to SA Fire and Medical Department's budget fund.
[2022/12/20 - 14:00:13] The faction vault is at $401,704.
[2022/12/20 - 14:00:13] SA Gov Paid $50,000 to SA Fire and Medical Department budget fund.
[2022/12/20 - 14:00:13] Vehicle ID 0 (Slot ID 31) Maintainence fee cost $2,500 to SA Fire and Medical Department's budget fund.
[2022/12/20 - 14:00:13] Vehicle ID 0 (Slot ID 37) Maintainence fee cost $3,000 to SA Fire and Medical Department's budget fund.
[2022/12/20 - 14:00:13] Vehicle ID 0 (Slot ID 56) Maintainence fee cost $0 to SA Fire and Medical Department's budget fund.
[2022/12/20 - 14:00:13] Vehicle ID 0 (Slot ID 59) Maintainence fee cost $0 to SA Fire and Medical Department's budget fund.
[2022/12/20 - 14:00:13] Vehicle ID 0 (Slot ID 65) Maintainence fee cost $0 to SA Fire and Medical Department's budget fund.
[2022/12/20 - 14:00:13] Vehicle ID 0 (Slot ID 76) Maintainence fee cost $0 to SA Fire and Medical Department's budget fund.
[2022/12/20 - 14:00:13] Vehicle ID 0 (Slot ID 103) Maintainence fee cost $2,500 to SA Fire and Medical Department's budget fund.
[2022/12/20 - 14:00:13] Vehicle ID 0 (Slot ID 108) Maintainence fee cost $2,500 to SA Fire and Medical Department's budget fund.
[2022/12/20 - 14:00:13] Vehicle ID 0 (Slot ID 111) Maintainence fee cost $2,500 to SA Fire and Medical Department's budget fund.
[2022/12/20 - 14:00:13] Vehicle ID 0 (Slot ID 132) Maintainence fee cost $3,000 to SA Fire and Medical Department's budget fund.
[2022/12/20 - 14:00:13] Vehicle ID 0 (Slot ID 150) Maintainence fee cost $3,000 to SA Fire and Medical Department's budget fund.
[2022/12/20 - 14:00:13] Vehicle ID 0 (Slot ID 160) Maintainence fee cost $2,500 to SA Fire and Medical Department's budget fund.
[2022/12/20 - 14:00:13] Vehicle ID 0 (Slot ID 162) Maintainence fee cost $0 to SA Fire and Medical Department's budget fund.
[2022/12/20 - 14:00:13] Vehicle ID 0 (Slot ID 173) Maintainence fee cost $0 to SA Fire and Medical Department's budget fund.
[2022/12/20 - 14:00:13] Vehicle ID 0 (Slot ID 187) Maintainence fee cost $0 to SA Fire and Medical Department's budget fund.
[2022/12/20 - 14:00:13] Vehicle ID 0 (Slot ID 191) Maintainence fee cost $0 to SA Fire and Medical Department's budget fund.
[2022/12/20 - 14:00:13] Vehicle ID 0 (Slot ID 194) Maintainence fee cost $0 to SA Fire and Medical Department's budget fund.
[2022/12/20 - 14:00:13] Vehicle ID 0 (Slot ID 205) Maintainence fee cost $0 to SA Fire and Medical Department's budget fund.
[2022/12/20 - 14:00:13] Vehicle ID 0 (Slot ID 207) Maintainence fee cost $3,500 to SA Fire and Medical Department's budget fund.
[2022/12/20 - 14:00:13] Vehicle ID 0 (Slot ID 219) Maintainence fee cost $3,000 to SA Fire and Medical Department's budget fund.
[2022/12/20 - 14:00:13] Vehicle ID 0 (Slot ID 224) Maintainence fee cost $3,000 to SA Fire and Medical Department's budget fund.
[2022/12/20 - 14:00:13] Vehicle ID 0 (Slot ID 227) Maintainence fee cost $3,000 to SA Fire and Medical Department's budget fund.
[2022/12/20 - 14:00:13] Vehicle ID 0 (Slot ID 240) Maintainence fee cost $3,500 to SA Fire and Medical Department's budget fund.
[2022/12/20 - 14:00:13] Vehicle ID 0 (Slot ID 255) Maintainence fee cost $2,500 to SA Fire and Medical Department's budget fund.
[2022/12/20 - 14:00:13] Vehicle ID 0 (Slot ID 345) Maintainence fee cost $2,000 to SA Fire and Medical Department's budget fund.
[2022/12/20 - 14:00:13] Vehicle ID 0 (Slot ID 363) Maintainence fee cost $0 to SA Fire and Medical Department's budget fund.
[2022/12/20 - 14:00:13] Vehicle ID 0 (Slot ID 388) Maintainence fee cost $2,500 to SA Fire and Medical Department's budget fund.
[2022/12/20 - 14:00:13] Vehicle ID 0 (Slot ID 443) Maintainence fee cost $2,500 to SA Fire and Medical Department's budget fund.
[2022/12/20 - 14:00:13] Vehicle ID 0 (Slot ID 455) Maintainence fee cost $0 to SA Fire and Medical Department's budget fund.
[2022/12/20 - 15:00:06] The faction vault is at $404,704.
[2022/12/20 - 15:00:06] SA Gov Paid $50,000 to SA Fire and Medical Department budget fund.
[2022/12/20 - 15:00:06] Vehicle ID 0 (Slot ID 31) Maintainence fee cost $2,500 to SA Fire and Medical Department's budget fund.
[2022/12/20 - 15:00:06] Vehicle ID 0 (Slot ID 37) Maintainence fee cost $3,000 to SA Fire and Medical Department's budget fund.
[2022/12/20 - 15:00:06] Vehicle ID 0 (Slot ID 56) Maintainence fee cost $0 to SA Fire and Medical Department's budget fund.
[2022/12/20 - 15:00:06] Vehicle ID 0 (Slot ID 59) Maintainence fee cost $0 to SA Fire and Medical Department's budget fund.
[2022/12/20 - 15:00:06] Vehicle ID 0 (Slot ID 65) Maintainence fee cost $0 to SA Fire and Medical Department's budget fund.
[2022/12/20 - 15:00:06] Vehicle ID 0 (Slot ID 76) Maintainence fee cost $0 to SA Fire and Medical Department's budget fund.
[2022/12/20 - 15:00:06] Vehicle ID 0 (Slot ID 103) Maintainence fee cost $2,500 to SA Fire and Medical Department's budget fund.
[2022/12/20 - 15:00:06] Vehicle ID 0 (Slot ID 108) Maintainence fee cost $2,500 to SA Fire and Medical Department's budget fund.
[2022/12/20 - 15:00:06] Vehicle ID 0 (Slot ID 111) Maintainence fee cost $2,500 to SA Fire and Medical Department's budget fund.
[2022/12/20 - 15:00:06] Vehicle ID 0 (Slot ID 132) Maintainence fee cost $3,000 to SA Fire and Medical Department's budget fund.
[2022/12/20 - 15:00:06] Vehicle ID 0 (Slot ID 150) Maintainence fee cost $3,000 to SA Fire and Medical Department's budget fund.
[2022/12/20 - 15:00:06] Vehicle ID 0 (Slot ID 160) Maintainence fee cost $2,500 to SA Fire and Medical Department's budget fund.
[2022/12/20 - 15:00:06] Vehicle ID 0 (Slot ID 162) Maintainence fee cost $0 to SA Fire and Medical Department's budget fund.
[2022/12/20 - 15:00:06] Vehicle ID 0 (Slot ID 173) Maintainence fee cost $0 to SA Fire and Medical Department's budget fund.
[2022/12/20 - 15:00:06] Vehicle ID 0 (Slot ID 187) Maintainence fee cost $0 to SA Fire and Medical Department's budget fund.
[2022/12/20 - 15:00:06] Vehicle ID 0 (Slot ID 191) Maintainence fee cost $0 to SA Fire and Medical Department's budget fund.
[2022/12/20 - 15:00:06] Vehicle ID 0 (Slot ID 194) Maintainence fee cost $0 to SA Fire and Medical Department's budget fund.
[2022/12/20 - 15:00:06] Vehicle ID 0 (Slot ID 205) Maintainence fee cost $0 to SA Fire and Medical Department's budget fund.
[2022/12/20 - 15:00:06] Vehicle ID 0 (Slot ID 207) Maintainence fee cost $3,500 to SA Fire and Medical Department's budget fund.
[2022/12/20 - 15:00:06] Vehicle ID 0 (Slot ID 219) Maintainence fee cost $3,000 to SA Fire and Medical Department's budget fund.
[2022/12/20 - 15:00:06] Vehicle ID 0 (Slot ID 224) Maintainence fee cost $3,000 to SA Fire and Medical Department's budget fund.
[2022/12/20 - 15:00:06] Vehicle ID 0 (Slot ID 227) Maintainence fee cost $3,000 to SA Fire and Medical Department's budget fund.
[2022/12/20 - 15:00:06] Vehicle ID 0 (Slot ID 240) Maintainence fee cost $3,500 to SA Fire and Medical Department's budget fund.
[2022/12/20 - 15:00:06] Vehicle ID 0 (Slot ID 255) Maintainence fee cost $2,500 to SA Fire and Medical Department's budget fund.
[2022/12/20 - 15:00:06] Vehicle ID 0 (Slot ID 345) Maintainence fee cost $2,000 to SA Fire and Medical Department's budget fund.
[2022/12/20 - 15:00:06] Vehicle ID 0 (Slot ID 363) Maintainence fee cost $0 to SA Fire and Medical Department's budget fund.
[2022/12/20 - 15:00:06] Vehicle ID 0 (Slot ID 388) Maintainence fee cost $2,500 to SA Fire and Medical Department's budget fund.
[2022/12/20 - 15:00:06] Vehicle ID 0 (Slot ID 443) Maintainence fee cost $2,500 to SA Fire and Medical Department's budget fund.
[2022/12/20 - 15:00:06] Vehicle ID 0 (Slot ID 455) Maintainence fee cost $0 to SA Fire and Medical Department's budget fund.
[2022/12/20 - 16:00:45] The faction vault is at $407,704.
[2022/12/20 - 16:00:45] SA Gov Paid $50,000 to SA Fire and Medical Department budget fund.
[2022/12/20 - 16:00:45] Vehicle ID 0 (Slot ID 31) Maintainence fee cost $2,500 to SA Fire and Medical Department's budget fund.
[2022/12/20 - 16:00:45] Vehicle ID 0 (Slot ID 37) Maintainence fee cost $3,000 to SA Fire and Medical Department's budget fund.
[2022/12/20 - 16:00:45] Vehicle ID 0 (Slot ID 56) Maintainence fee cost $0 to SA Fire and Medical Department's budget fund.
[2022/12/20 - 16:00:45] Vehicle ID 0 (Slot ID 59) Maintainence fee cost $0 to SA Fire and Medical Department's budget fund.
[2022/12/20 - 16:00:45] Vehicle ID 0 (Slot ID 65) Maintainence fee cost $0 to SA Fire and Medical Department's budget fund.
[2022/12/20 - 16:00:45] Vehicle ID 0 (Slot ID 76) Maintainence fee cost $0 to SA Fire and Medical Department's budget fund.
[2022/12/20 - 16:00:45] Vehicle ID 0 (Slot ID 103) Maintainence fee cost $2,500 to SA Fire and Medical Department's budget fund.
[2022/12/20 - 16:00:45] Vehicle ID 0 (Slot ID 108) Maintainence fee cost $2,500 to SA Fire and Medical Department's budget fund.
[2022/12/20 - 16:00:45] Vehicle ID 0 (Slot ID 111) Maintainence fee cost $2,500 to SA Fire and Medical Department's budget fund.
[2022/12/20 - 16:00:45] Vehicle ID 0 (Slot ID 132) Maintainence fee cost $3,000 to SA Fire and Medical Department's budget fund.
[2022/12/20 - 16:00:45] Vehicle ID 0 (Slot ID 150) Maintainence fee cost $3,000 to SA Fire and Medical Department's budget fund.
[2022/12/20 - 16:00:45] Vehicle ID 0 (Slot ID 160) Maintainence fee cost $2,500 to SA Fire and Medical Department's budget fund.
[2022/12/20 - 16:00:45] Vehicle ID 0 (Slot ID 162) Maintainence fee cost $0 to SA Fire and Medical Department's budget fund.
[2022/12/20 - 16:00:45] Vehicle ID 0 (Slot ID 173) Maintainence fee cost $0 to SA Fire and Medical Department's budget fund.
[2022/12/20 - 16:00:45] Vehicle ID 0 (Slot ID 187) Maintainence fee cost $0 to SA Fire and Medical Department's budget fund.
[2022/12/20 - 16:00:45] Vehicle ID 0 (Slot ID 191) Maintainence fee cost $0 to SA Fire and Medical Department's budget fund.
[2022/12/20 - 16:00:45] Vehicle ID 0 (Slot ID 194) Maintainence fee cost $0 to SA Fire and Medical Department's budget fund.
[2022/12/20 - 16:00:45] Vehicle ID 0 (Slot ID 205) Maintainence fee cost $0 to SA Fire and Medical Department's budget fund.
[2022/12/20 - 16:00:45] Vehicle ID 0 (Slot ID 207) Maintainence fee cost $3,500 to SA Fire and Medical Department's budget fund.
[2022/12/20 - 16:00:45] Vehicle ID 0 (Slot ID 219) Maintainence fee cost $3,000 to SA Fire and Medical Department's budget fund.
[2022/12/20 - 16:00:45] Vehicle ID 0 (Slot ID 224) Maintainence fee cost $3,000 to SA Fire and Medical Department's budget fund.
[2022/12/20 - 16:00:45] Vehicle ID 0 (Slot ID 227) Maintainence fee cost $3,000 to SA Fire and Medical Department's budget fund.
[2022/12/20 - 16:00:45] Vehicle ID 0 (Slot ID 240) Maintainence fee cost $3,500 to SA Fire and Medical Department's budget fund.
[2022/12/20 - 16:00:45] Vehicle ID 0 (Slot ID 255) Maintainence fee cost $2,500 to SA Fire and Medical Department's budget fund.
[2022/12/20 - 16:00:45] Vehicle ID 0 (Slot ID 345) Maintainence fee cost $2,000 to SA Fire and Medical Department's budget fund.
[2022/12/20 - 16:00:45] Vehicle ID 0 (Slot ID 363) Maintainence fee cost $0 to SA Fire and Medical Department's budget fund.
[2022/12/20 - 16:00:45] Vehicle ID 0 (Slot ID 388) Maintainence fee cost $2,500 to SA Fire and Medical Department's budget fund.
[2022/12/20 - 16:00:45] Vehicle ID 0 (Slot ID 443) Maintainence fee cost $2,500 to SA Fire and Medical Department's budget fund.
[2022/12/20 - 16:00:45] Vehicle ID 0 (Slot ID 455) Maintainence fee cost $0 to SA Fire and Medical Department's budget fund.
[2022/12/20 - 17:00:52] The faction vault is at $410,704.
[2022/12/20 - 17:00:52] SA Gov Paid $50,000 to SA Fire and Medical Department budget fund.
[2022/12/20 - 17:00:52] Vehicle ID 0 (Slot ID 31) Maintainence fee cost $2,500 to SA Fire and Medical Department's budget fund.
[2022/12/20 - 17:00:52] Vehicle ID 0 (Slot ID 37) Maintainence fee cost $3,000 to SA Fire and Medical Department's budget fund.
[2022/12/20 - 17:00:52] Vehicle ID 0 (Slot ID 56) Maintainence fee cost $0 to SA Fire and Medical Department's budget fund.
[2022/12/20 - 17:00:52] Vehicle ID 0 (Slot ID 59) Maintainence fee cost $0 to SA Fire and Medical Department's budget fund.
[2022/12/20 - 17:00:52] Vehicle ID 0 (Slot ID 65) Maintainence fee cost $0 to SA Fire and Medical Department's budget fund.
[2022/12/20 - 17:00:52] Vehicle ID 0 (Slot ID 76) Maintainence fee cost $0 to SA Fire and Medical Department's budget fund.
[2022/12/20 - 17:00:52] Vehicle ID 0 (Slot ID 103) Maintainence fee cost $2,500 to SA Fire and Medical Department's budget fund.
[2022/12/20 - 17:00:52] Vehicle ID 0 (Slot ID 108) Maintainence fee cost $2,500 to SA Fire and Medical Department's budget fund.
[2022/12/20 - 17:00:52] Vehicle ID 0 (Slot ID 111) Maintainence fee cost $2,500 to SA Fire and Medical Department's budget fund.
[2022/12/20 - 17:00:52] Vehicle ID 0 (Slot ID 132) Maintainence fee cost $3,000 to SA Fire and Medical Department's budget fund.
[2022/12/20 - 17:00:52] Vehicle ID 0 (Slot ID 150) Maintainence fee cost $3,000 to SA Fire and Medical Department's budget fund.
[2022/12/20 - 17:00:52] Vehicle ID 0 (Slot ID 160) Maintainence fee cost $2,500 to SA Fire and Medical Department's budget fund.
[2022/12/20 - 17:00:52] Vehicle ID 0 (Slot ID 162) Maintainence fee cost $0 to SA Fire and Medical Department's budget fund.
[2022/12/20 - 17:00:52] Vehicle ID 0 (Slot ID 173) Maintainence fee cost $0 to SA Fire and Medical Department's budget fund.
[2022/12/20 - 17:00:52] Vehicle ID 0 (Slot ID 187) Maintainence fee cost $0 to SA Fire and Medical Department's budget fund.
[2022/12/20 - 17:00:52] Vehicle ID 0 (Slot ID 191) Maintainence fee cost $0 to SA Fire and Medical Department's budget fund.
[2022/12/20 - 17:00:52] Vehicle ID 0 (Slot ID 194) Maintainence fee cost $0 to SA Fire and Medical Department's budget fund.
[2022/12/20 - 17:00:52] Vehicle ID 0 (Slot ID 205) Maintainence fee cost $0 to SA Fire and Medical Department's budget fund.
[2022/12/20 - 17:00:52] Vehicle ID 0 (Slot ID 207) Maintainence fee cost $3,500 to SA Fire and Medical Department's budget fund.
[2022/12/20 - 17:00:52] Vehicle ID 0 (Slot ID 219) Maintainence fee cost $3,000 to SA Fire and Medical Department's budget fund.
[2022/12/20 - 17:00:52] Vehicle ID 0 (Slot ID 224) Maintainence fee cost $3,000 to SA Fire and Medical Department's budget fund.
[2022/12/20 - 17:00:52] Vehicle ID 0 (Slot ID 227) Maintainence fee cost $3,000 to SA Fire and Medical Department's budget fund.
[2022/12/20 - 17:00:52] Vehicle ID 0 (Slot ID 240) Maintainence fee cost $3,500 to SA Fire and Medical Department's budget fund.
[2022/12/20 - 17:00:52] Vehicle ID 0 (Slot ID 255) Maintainence fee cost $2,500 to SA Fire and Medical Department's budget fund.
[2022/12/20 - 17:00:52] Vehicle ID 0 (Slot ID 345) Maintainence fee cost $2,000 to SA Fire and Medical Department's budget fund.
[2022/12/20 - 17:00:52] Vehicle ID 0 (Slot ID 363) Maintainence fee cost $0 to SA Fire and Medical Department's budget fund.
[2022/12/20 - 17:00:52] Vehicle ID 0 (Slot ID 388) Maintainence fee cost $2,500 to SA Fire and Medical Department's budget fund.
[2022/12/20 - 17:00:52] Vehicle ID 0 (Slot ID 443) Maintainence fee cost $2,500 to SA Fire and Medical Department's budget fund.
[2022/12/20 - 17:00:52] Vehicle ID 0 (Slot ID 455) Maintainence fee cost $0 to SA Fire and Medical Department's budget fund.
[2022/12/20 - 18:00:39] The faction vault is at $413,704.
[2022/12/20 - 18:00:39] SA Gov Paid $50,000 to SA Fire and Medical Department budget fund.
[2022/12/20 - 18:00:39] Vehicle ID 0 (Slot ID 31) Maintainence fee cost $2,500 to SA Fire and Medical Department's budget fund.
[2022/12/20 - 18:00:39] Vehicle ID 0 (Slot ID 37) Maintainence fee cost $3,000 to SA Fire and Medical Department's budget fund.
[2022/12/20 - 18:00:39] Vehicle ID 0 (Slot ID 56) Maintainence fee cost $0 to SA Fire and Medical Department's budget fund.
[2022/12/20 - 18:00:39] Vehicle ID 0 (Slot ID 59) Maintainence fee cost $0 to SA Fire and Medical Department's budget fund.
[2022/12/20 - 18:00:39] Vehicle ID 0 (Slot ID 65) Maintainence fee cost $0 to SA Fire and Medical Department's budget fund.
[2022/12/20 - 18:00:39] Vehicle ID 0 (Slot ID 76) Maintainence fee cost $0 to SA Fire and Medical Department's budget fund.
[2022/12/20 - 18:00:39] Vehicle ID 0 (Slot ID 103) Maintainence fee cost $2,500 to SA Fire and Medical Department's budget fund.
[2022/12/20 - 18:00:39] Vehicle ID 0 (Slot ID 108) Maintainence fee cost $2,500 to SA Fire and Medical Department's budget fund.
[2022/12/20 - 18:00:39] Vehicle ID 0 (Slot ID 111) Maintainence fee cost $2,500 to SA Fire and Medical Department's budget fund.
[2022/12/20 - 18:00:39] Vehicle ID 0 (Slot ID 132) Maintainence fee cost $3,000 to SA Fire and Medical Department's budget fund.
[2022/12/20 - 18:00:39] Vehicle ID 0 (Slot ID 150) Maintainence fee cost $3,000 to SA Fire and Medical Department's budget fund.
[2022/12/20 - 18:00:39] Vehicle ID 0 (Slot ID 160) Maintainence fee cost $2,500 to SA Fire and Medical Department's budget fund.
[2022/12/20 - 18:00:39] Vehicle ID 0 (Slot ID 162) Maintainence fee cost $0 to SA Fire and Medical Department's budget fund.
[2022/12/20 - 18:00:39] Vehicle ID 0 (Slot ID 173) Maintainence fee cost $0 to SA Fire and Medical Department's budget fund.
[2022/12/20 - 18:00:39] Vehicle ID 0 (Slot ID 187) Maintainence fee cost $0 to SA Fire and Medical Department's budget fund.
[2022/12/20 - 18:00:39] Vehicle ID 0 (Slot ID 191) Maintainence fee cost $0 to SA Fire and Medical Department's budget fund.
[2022/12/20 - 18:00:39] Vehicle ID 0 (Slot ID 194) Maintainence fee cost $0 to SA Fire and Medical Department's budget fund.
[2022/12/20 - 18:00:39] Vehicle ID 0 (Slot ID 205) Maintainence fee cost $0 to SA Fire and Medical Department's budget fund.
[2022/12/20 - 18:00:39] Vehicle ID 0 (Slot ID 207) Maintainence fee cost $3,500 to SA Fire and Medical Department's budget fund.
[2022/12/20 - 18:00:39] Vehicle ID 0 (Slot ID 219) Maintainence fee cost $3,000 to SA Fire and Medical Department's budget fund.
[2022/12/20 - 18:00:39] Vehicle ID 0 (Slot ID 224) Maintainence fee cost $3,000 to SA Fire and Medical Department's budget fund.
[2022/12/20 - 18:00:39] Vehicle ID 0 (Slot ID 227) Maintainence fee cost $3,000 to SA Fire and Medical Department's budget fund.
[2022/12/20 - 18:00:39] Vehicle ID 0 (Slot ID 240) Maintainence fee cost $3,500 to SA Fire and Medical Department's budget fund.
[2022/12/20 - 18:00:39] Vehicle ID 0 (Slot ID 255) Maintainence fee cost $2,500 to SA Fire and Medical Department's budget fund.
[2022/12/20 - 18:00:39] Vehicle ID 0 (Slot ID 345) Maintainence fee cost $2,000 to SA Fire and Medical Department's budget fund.
[2022/12/20 - 18:00:39] Vehicle ID 0 (Slot ID 363) Maintainence fee cost $0 to SA Fire and Medical Department's budget fund.
[2022/12/20 - 18:00:39] Vehicle ID 0 (Slot ID 388) Maintainence fee cost $2,500 to SA Fire and Medical Department's budget fund.
[2022/12/20 - 18:00:39] Vehicle ID 0 (Slot ID 443) Maintainence fee cost $2,500 to SA Fire and Medical Department's budget fund.
[2022/12/20 - 18:00:39] Vehicle ID 0 (Slot ID 455) Maintainence fee cost $0 to SA Fire and Medical Department's budget fund.
[2022/12/20 - 19:00:19] The faction vault is at $416,704.
[2022/12/20 - 19:00:19] SA Gov Paid $50,000 to SA Fire and Medical Department budget fund.
[2022/12/20 - 19:00:19] Vehicle ID 0 (Slot ID 31) Maintainence fee cost $2,500 to SA Fire and Medical Department's budget fund.
[2022/12/20 - 19:00:19] Vehicle ID 0 (Slot ID 37) Maintainence fee cost $3,000 to SA Fire and Medical Department's budget fund.
[2022/12/20 - 19:00:19] Vehicle ID 0 (Slot ID 56) Maintainence fee cost $0 to SA Fire and Medical Department's budget fund.
[2022/12/20 - 19:00:19] Vehicle ID 0 (Slot ID 59) Maintainence fee cost $0 to SA Fire and Medical Department's budget fund.
[2022/12/20 - 19:00:19] Vehicle ID 0 (Slot ID 65) Maintainence fee cost $0 to SA Fire and Medical Department's budget fund.
[2022/12/20 - 19:00:19] Vehicle ID 0 (Slot ID 76) Maintainence fee cost $0 to SA Fire and Medical Department's budget fund.
[2022/12/20 - 19:00:19] Vehicle ID 0 (Slot ID 103) Maintainence fee cost $2,500 to SA Fire and Medical Department's budget fund.
[2022/12/20 - 19:00:19] Vehicle ID 0 (Slot ID 108) Maintainence fee cost $2,500 to SA Fire and Medical Department's budget fund.
[2022/12/20 - 19:00:19] Vehicle ID 0 (Slot ID 111) Maintainence fee cost $2,500 to SA Fire and Medical Department's budget fund.
[2022/12/20 - 19:00:19] Vehicle ID 0 (Slot ID 132) Maintainence fee cost $3,000 to SA Fire and Medical Department's budget fund.
[2022/12/20 - 19:00:19] Vehicle ID 0 (Slot ID 150) Maintainence fee cost $3,000 to SA Fire and Medical Department's budget fund.
[2022/12/20 - 19:00:19] Vehicle ID 0 (Slot ID 160) Maintainence fee cost $2,500 to SA Fire and Medical Department's budget fund.
[2022/12/20 - 19:00:19] Vehicle ID 0 (Slot ID 162) Maintainence fee cost $0 to SA Fire and Medical Department's budget fund.
[2022/12/20 - 19:00:19] Vehicle ID 0 (Slot ID 173) Maintainence fee cost $0 to SA Fire and Medical Department's budget fund.
[2022/12/20 - 19:00:19] Vehicle ID 0 (Slot ID 187) Maintainence fee cost $0 to SA Fire and Medical Department's budget fund.
[2022/12/20 - 19:00:19] Vehicle ID 0 (Slot ID 191) Maintainence fee cost $0 to SA Fire and Medical Department's budget fund.
[2022/12/20 - 19:00:19] Vehicle ID 0 (Slot ID 194) Maintainence fee cost $0 to SA Fire and Medical Department's budget fund.
[2022/12/20 - 19:00:19] Vehicle ID 0 (Slot ID 205) Maintainence fee cost $0 to SA Fire and Medical Department's budget fund.
[2022/12/20 - 19:00:19] Vehicle ID 0 (Slot ID 207) Maintainence fee cost $3,500 to SA Fire and Medical Department's budget fund.
[2022/12/20 - 19:00:19] Vehicle ID 0 (Slot ID 219) Maintainence fee cost $3,000 to SA Fire and Medical Department's budget fund.
[2022/12/20 - 19:00:19] Vehicle ID 0 (Slot ID 224) Maintainence fee cost $3,000 to SA Fire and Medical Department's budget fund.
[2022/12/20 - 19:00:19] Vehicle ID 0 (Slot ID 227) Maintainence fee cost $3,000 to SA Fire and Medical Department's budget fund.
[2022/12/20 - 19:00:19] Vehicle ID 0 (Slot ID 240) Maintainence fee cost $3,500 to SA Fire and Medical Department's budget fund.
[2022/12/20 - 19:00:19] Vehicle ID 0 (Slot ID 255) Maintainence fee cost $2,500 to SA Fire and Medical Department's budget fund.
[2022/12/20 - 19:00:19] Vehicle ID 0 (Slot ID 345) Maintainence fee cost $2,000 to SA Fire and Medical Department's budget fund.
[2022/12/20 - 19:00:19] Vehicle ID 0 (Slot ID 363) Maintainence fee cost $0 to SA Fire and Medical Department's budget fund.
[2022/12/20 - 19:00:19] Vehicle ID 0 (Slot ID 388) Maintainence fee cost $2,500 to SA Fire and Medical Department's budget fund.
[2022/12/20 - 19:00:19] Vehicle ID 0 (Slot ID 443) Maintainence fee cost $2,500 to SA Fire and Medical Department's budget fund.
[2022/12/20 - 19:00:19] Vehicle ID 0 (Slot ID 455) Maintainence fee cost $0 to SA Fire and Medical Department's budget fund.
[2022/12/20 - 20:00:03] The faction vault is at $419,704.
[2022/12/20 - 20:00:03] SA Gov Paid $50,000 to SA Fire and Medical Department budget fund.
[2022/12/20 - 20:00:03] Vehicle ID 0 (Slot ID 31) Maintainence fee cost $2,500 to SA Fire and Medical Department's budget fund.
[2022/12/20 - 20:00:03] Vehicle ID 0 (Slot ID 37) Maintainence fee cost $3,000 to SA Fire and Medical Department's budget fund.
[2022/12/20 - 20:00:03] Vehicle ID 0 (Slot ID 56) Maintainence fee cost $0 to SA Fire and Medical Department's budget fund.
[2022/12/20 - 20:00:03] Vehicle ID 0 (Slot ID 59) Maintainence fee cost $0 to SA Fire and Medical Department's budget fund.
[2022/12/20 - 20:00:03] Vehicle ID 0 (Slot ID 65) Maintainence fee cost $0 to SA Fire and Medical Department's budget fund.
[2022/12/20 - 20:00:03] Vehicle ID 0 (Slot ID 76) Maintainence fee cost $0 to SA Fire and Medical Department's budget fund.
[2022/12/20 - 20:00:03] Vehicle ID 0 (Slot ID 103) Maintainence fee cost $2,500 to SA Fire and Medical Department's budget fund.
[2022/12/20 - 20:00:03] Vehicle ID 0 (Slot ID 108) Maintainence fee cost $2,500 to SA Fire and Medical Department's budget fund.
[2022/12/20 - 20:00:03] Vehicle ID 0 (Slot ID 111) Maintainence fee cost $2,500 to SA Fire and Medical Department's budget fund.
[2022/12/20 - 20:00:03] Vehicle ID 0 (Slot ID 132) Maintainence fee cost $3,000 to SA Fire and Medical Department's budget fund.
[2022/12/20 - 20:00:03] Vehicle ID 0 (Slot ID 150) Maintainence fee cost $3,000 to SA Fire and Medical Department's budget fund.
[2022/12/20 - 20:00:03] Vehicle ID 0 (Slot ID 160) Maintainence fee cost $2,500 to SA Fire and Medical Department's budget fund.
[2022/12/20 - 20:00:03] Vehicle ID 0 (Slot ID 162) Maintainence fee cost $0 to SA Fire and Medical Department's budget fund.
[2022/12/20 - 20:00:03] Vehicle ID 0 (Slot ID 173) Maintainence fee cost $0 to SA Fire and Medical Department's budget fund.
[2022/12/20 - 20:00:03] Vehicle ID 0 (Slot ID 187) Maintainence fee cost $0 to SA Fire and Medical Department's budget fund.
[2022/12/20 - 20:00:03] Vehicle ID 0 (Slot ID 191) Maintainence fee cost $0 to SA Fire and Medical Department's budget fund.
[2022/12/20 - 20:00:03] Vehicle ID 0 (Slot ID 194) Maintainence fee cost $0 to SA Fire and Medical Department's budget fund.
[2022/12/20 - 20:00:03] Vehicle ID 0 (Slot ID 205) Maintainence fee cost $0 to SA Fire and Medical Department's budget fund.
[2022/12/20 - 20:00:03] Vehicle ID 0 (Slot ID 207) Maintainence fee cost $3,500 to SA Fire and Medical Department's budget fund.
[2022/12/20 - 20:00:03] Vehicle ID 0 (Slot ID 219) Maintainence fee cost $3,000 to SA Fire and Medical Department's budget fund.
[2022/12/20 - 20:00:03] Vehicle ID 0 (Slot ID 224) Maintainence fee cost $3,000 to SA Fire and Medical Department's budget fund.
[2022/12/20 - 20:00:03] Vehicle ID 0 (Slot ID 227) Maintainence fee cost $3,000 to SA Fire and Medical Department's budget fund.
[2022/12/20 - 20:00:03] Vehicle ID 0 (Slot ID 240) Maintainence fee cost $3,500 to SA Fire and Medical Department's budget fund.
[2022/12/20 - 20:00:03] Vehicle ID 0 (Slot ID 255) Maintainence fee cost $2,500 to SA Fire and Medical Department's budget fund.
[2022/12/20 - 20:00:03] Vehicle ID 0 (Slot ID 345) Maintainence fee cost $2,000 to SA Fire and Medical Department's budget fund.
[2022/12/20 - 20:00:03] Vehicle ID 0 (Slot ID 363) Maintainence fee cost $0 to SA Fire and Medical Department's budget fund.
[2022/12/20 - 20:00:03] Vehicle ID 0 (Slot ID 388) Maintainence fee cost $2,500 to SA Fire and Medical Department's budget fund.
[2022/12/20 - 20:00:03] Vehicle ID 0 (Slot ID 443) Maintainence fee cost $2,500 to SA Fire and Medical Department's budget fund.
[2022/12/20 - 20:00:03] Vehicle ID 0 (Slot ID 455) Maintainence fee cost $0 to SA Fire and Medical Department's budget fund.
