[2022/12/23 - 0:00:58] The faction vault is at $431,704.
[2022/12/23 - 0:00:58] SA Gov Paid $50,000 to SA Fire and Medical Department budget fund.
[2022/12/23 - 0:00:58] Vehicle ID 0 (Slot ID 31) Maintainence fee cost $2,500 to SA Fire and Medical Department's budget fund.
[2022/12/23 - 0:00:58] Vehicle ID 0 (Slot ID 37) Maintainence fee cost $3,000 to SA Fire and Medical Department's budget fund.
[2022/12/23 - 0:00:58] Vehicle ID 0 (Slot ID 56) Maintainence fee cost $0 to SA Fire and Medical Department's budget fund.
[2022/12/23 - 0:00:58] Vehicle ID 0 (Slot ID 59) Maintainence fee cost $0 to SA Fire and Medical Department's budget fund.
[2022/12/23 - 0:00:58] Vehicle ID 0 (Slot ID 65) Maintainence fee cost $0 to SA Fire and Medical Department's budget fund.
[2022/12/23 - 0:00:58] Vehicle ID 0 (Slot ID 76) Maintainence fee cost $0 to SA Fire and Medical Department's budget fund.
[2022/12/23 - 0:00:58] Vehicle ID 0 (Slot ID 103) Maintainence fee cost $2,500 to SA Fire and Medical Department's budget fund.
[2022/12/23 - 0:00:58] Vehicle ID 0 (Slot ID 108) Maintainence fee cost $2,500 to SA Fire and Medical Department's budget fund.
[2022/12/23 - 0:00:58] Vehicle ID 0 (Slot ID 111) Maintainence fee cost $2,500 to SA Fire and Medical Department's budget fund.
[2022/12/23 - 0:00:58] Vehicle ID 0 (Slot ID 132) Maintainence fee cost $3,000 to SA Fire and Medical Department's budget fund.
[2022/12/23 - 0:00:58] Vehicle ID 0 (Slot ID 150) Maintainence fee cost $3,000 to SA Fire and Medical Department's budget fund.
[2022/12/23 - 0:00:58] Vehicle ID 0 (Slot ID 160) Maintainence fee cost $2,500 to SA Fire and Medical Department's budget fund.
[2022/12/23 - 0:00:58] Vehicle ID 0 (Slot ID 162) Maintainence fee cost $0 to SA Fire and Medical Department's budget fund.
[2022/12/23 - 0:00:58] Vehicle ID 0 (Slot ID 173) Maintainence fee cost $0 to SA Fire and Medical Department's budget fund.
[2022/12/23 - 0:00:58] Vehicle ID 0 (Slot ID 187) Maintainence fee cost $0 to SA Fire and Medical Department's budget fund.
[2022/12/23 - 0:00:58] Vehicle ID 0 (Slot ID 191) Maintainence fee cost $0 to SA Fire and Medical Department's budget fund.
[2022/12/23 - 0:00:58] Vehicle ID 0 (Slot ID 194) Maintainence fee cost $0 to SA Fire and Medical Department's budget fund.
[2022/12/23 - 0:00:58] Vehicle ID 0 (Slot ID 205) Maintainence fee cost $0 to SA Fire and Medical Department's budget fund.
[2022/12/23 - 0:00:58] Vehicle ID 0 (Slot ID 207) Maintainence fee cost $3,500 to SA Fire and Medical Department's budget fund.
[2022/12/23 - 0:00:58] Vehicle ID 0 (Slot ID 219) Maintainence fee cost $3,000 to SA Fire and Medical Department's budget fund.
[2022/12/23 - 0:00:58] Vehicle ID 0 (Slot ID 224) Maintainence fee cost $3,000 to SA Fire and Medical Department's budget fund.
[2022/12/23 - 0:00:58] Vehicle ID 0 (Slot ID 227) Maintainence fee cost $3,000 to SA Fire and Medical Department's budget fund.
[2022/12/23 - 0:00:58] Vehicle ID 0 (Slot ID 240) Maintainence fee cost $3,500 to SA Fire and Medical Department's budget fund.
[2022/12/23 - 0:00:58] Vehicle ID 0 (Slot ID 255) Maintainence fee cost $2,500 to SA Fire and Medical Department's budget fund.
[2022/12/23 - 0:00:58] Vehicle ID 0 (Slot ID 345) Maintainence fee cost $2,000 to SA Fire and Medical Department's budget fund.
[2022/12/23 - 0:00:58] Vehicle ID 0 (Slot ID 363) Maintainence fee cost $0 to SA Fire and Medical Department's budget fund.
[2022/12/23 - 0:00:58] Vehicle ID 0 (Slot ID 388) Maintainence fee cost $2,500 to SA Fire and Medical Department's budget fund.
[2022/12/23 - 0:00:58] Vehicle ID 0 (Slot ID 443) Maintainence fee cost $2,500 to SA Fire and Medical Department's budget fund.
[2022/12/23 - 0:00:58] Vehicle ID 0 (Slot ID 455) Maintainence fee cost $0 to SA Fire and Medical Department's budget fund.
[2022/12/23 - 1:00:47] The faction vault is at $434,704.
[2022/12/23 - 1:00:47] SA Gov Paid $50,000 to SA Fire and Medical Department budget fund.
[2022/12/23 - 1:00:47] Vehicle ID 0 (Slot ID 31) Maintainence fee cost $2,500 to SA Fire and Medical Department's budget fund.
[2022/12/23 - 1:00:47] Vehicle ID 0 (Slot ID 37) Maintainence fee cost $3,000 to SA Fire and Medical Department's budget fund.
[2022/12/23 - 1:00:47] Vehicle ID 0 (Slot ID 56) Maintainence fee cost $0 to SA Fire and Medical Department's budget fund.
[2022/12/23 - 1:00:47] Vehicle ID 0 (Slot ID 59) Maintainence fee cost $0 to SA Fire and Medical Department's budget fund.
[2022/12/23 - 1:00:47] Vehicle ID 0 (Slot ID 65) Maintainence fee cost $0 to SA Fire and Medical Department's budget fund.
[2022/12/23 - 1:00:47] Vehicle ID 0 (Slot ID 76) Maintainence fee cost $0 to SA Fire and Medical Department's budget fund.
[2022/12/23 - 1:00:47] Vehicle ID 0 (Slot ID 103) Maintainence fee cost $2,500 to SA Fire and Medical Department's budget fund.
[2022/12/23 - 1:00:47] Vehicle ID 0 (Slot ID 108) Maintainence fee cost $2,500 to SA Fire and Medical Department's budget fund.
[2022/12/23 - 1:00:47] Vehicle ID 0 (Slot ID 111) Maintainence fee cost $2,500 to SA Fire and Medical Department's budget fund.
[2022/12/23 - 1:00:47] Vehicle ID 0 (Slot ID 132) Maintainence fee cost $3,000 to SA Fire and Medical Department's budget fund.
[2022/12/23 - 1:00:47] Vehicle ID 0 (Slot ID 150) Maintainence fee cost $3,000 to SA Fire and Medical Department's budget fund.
[2022/12/23 - 1:00:47] Vehicle ID 0 (Slot ID 160) Maintainence fee cost $2,500 to SA Fire and Medical Department's budget fund.
[2022/12/23 - 1:00:47] Vehicle ID 0 (Slot ID 162) Maintainence fee cost $0 to SA Fire and Medical Department's budget fund.
[2022/12/23 - 1:00:47] Vehicle ID 0 (Slot ID 173) Maintainence fee cost $0 to SA Fire and Medical Department's budget fund.
[2022/12/23 - 1:00:47] Vehicle ID 0 (Slot ID 187) Maintainence fee cost $0 to SA Fire and Medical Department's budget fund.
[2022/12/23 - 1:00:47] Vehicle ID 0 (Slot ID 191) Maintainence fee cost $0 to SA Fire and Medical Department's budget fund.
[2022/12/23 - 1:00:47] Vehicle ID 0 (Slot ID 194) Maintainence fee cost $0 to SA Fire and Medical Department's budget fund.
[2022/12/23 - 1:00:47] Vehicle ID 0 (Slot ID 205) Maintainence fee cost $0 to SA Fire and Medical Department's budget fund.
[2022/12/23 - 1:00:47] Vehicle ID 0 (Slot ID 207) Maintainence fee cost $3,500 to SA Fire and Medical Department's budget fund.
[2022/12/23 - 1:00:47] Vehicle ID 0 (Slot ID 219) Maintainence fee cost $3,000 to SA Fire and Medical Department's budget fund.
[2022/12/23 - 1:00:47] Vehicle ID 0 (Slot ID 224) Maintainence fee cost $3,000 to SA Fire and Medical Department's budget fund.
[2022/12/23 - 1:00:47] Vehicle ID 0 (Slot ID 227) Maintainence fee cost $3,000 to SA Fire and Medical Department's budget fund.
[2022/12/23 - 1:00:47] Vehicle ID 0 (Slot ID 240) Maintainence fee cost $3,500 to SA Fire and Medical Department's budget fund.
[2022/12/23 - 1:00:47] Vehicle ID 0 (Slot ID 255) Maintainence fee cost $2,500 to SA Fire and Medical Department's budget fund.
[2022/12/23 - 1:00:47] Vehicle ID 0 (Slot ID 345) Maintainence fee cost $2,000 to SA Fire and Medical Department's budget fund.
[2022/12/23 - 1:00:47] Vehicle ID 0 (Slot ID 363) Maintainence fee cost $0 to SA Fire and Medical Department's budget fund.
[2022/12/23 - 1:00:47] Vehicle ID 0 (Slot ID 388) Maintainence fee cost $2,500 to SA Fire and Medical Department's budget fund.
[2022/12/23 - 1:00:47] Vehicle ID 0 (Slot ID 443) Maintainence fee cost $2,500 to SA Fire and Medical Department's budget fund.
[2022/12/23 - 1:00:47] Vehicle ID 0 (Slot ID 455) Maintainence fee cost $0 to SA Fire and Medical Department's budget fund.
[2022/12/23 - 2:00:37] The faction vault is at $437,704.
[2022/12/23 - 2:00:37] SA Gov Paid $50,000 to SA Fire and Medical Department budget fund.
[2022/12/23 - 2:00:37] Vehicle ID 0 (Slot ID 31) Maintainence fee cost $2,500 to SA Fire and Medical Department's budget fund.
[2022/12/23 - 2:00:37] Vehicle ID 0 (Slot ID 37) Maintainence fee cost $3,000 to SA Fire and Medical Department's budget fund.
[2022/12/23 - 2:00:37] Vehicle ID 0 (Slot ID 56) Maintainence fee cost $0 to SA Fire and Medical Department's budget fund.
[2022/12/23 - 2:00:37] Vehicle ID 0 (Slot ID 59) Maintainence fee cost $0 to SA Fire and Medical Department's budget fund.
[2022/12/23 - 2:00:37] Vehicle ID 0 (Slot ID 65) Maintainence fee cost $0 to SA Fire and Medical Department's budget fund.
[2022/12/23 - 2:00:37] Vehicle ID 0 (Slot ID 76) Maintainence fee cost $0 to SA Fire and Medical Department's budget fund.
[2022/12/23 - 2:00:37] Vehicle ID 0 (Slot ID 103) Maintainence fee cost $2,500 to SA Fire and Medical Department's budget fund.
[2022/12/23 - 2:00:37] Vehicle ID 0 (Slot ID 108) Maintainence fee cost $2,500 to SA Fire and Medical Department's budget fund.
[2022/12/23 - 2:00:37] Vehicle ID 0 (Slot ID 111) Maintainence fee cost $2,500 to SA Fire and Medical Department's budget fund.
[2022/12/23 - 2:00:37] Vehicle ID 0 (Slot ID 132) Maintainence fee cost $3,000 to SA Fire and Medical Department's budget fund.
[2022/12/23 - 2:00:37] Vehicle ID 0 (Slot ID 150) Maintainence fee cost $3,000 to SA Fire and Medical Department's budget fund.
[2022/12/23 - 2:00:37] Vehicle ID 0 (Slot ID 160) Maintainence fee cost $2,500 to SA Fire and Medical Department's budget fund.
[2022/12/23 - 2:00:37] Vehicle ID 0 (Slot ID 162) Maintainence fee cost $0 to SA Fire and Medical Department's budget fund.
[2022/12/23 - 2:00:37] Vehicle ID 0 (Slot ID 173) Maintainence fee cost $0 to SA Fire and Medical Department's budget fund.
[2022/12/23 - 2:00:37] Vehicle ID 0 (Slot ID 187) Maintainence fee cost $0 to SA Fire and Medical Department's budget fund.
[2022/12/23 - 2:00:37] Vehicle ID 0 (Slot ID 191) Maintainence fee cost $0 to SA Fire and Medical Department's budget fund.
[2022/12/23 - 2:00:37] Vehicle ID 0 (Slot ID 194) Maintainence fee cost $0 to SA Fire and Medical Department's budget fund.
[2022/12/23 - 2:00:37] Vehicle ID 0 (Slot ID 205) Maintainence fee cost $0 to SA Fire and Medical Department's budget fund.
[2022/12/23 - 2:00:37] Vehicle ID 0 (Slot ID 207) Maintainence fee cost $3,500 to SA Fire and Medical Department's budget fund.
[2022/12/23 - 2:00:37] Vehicle ID 0 (Slot ID 219) Maintainence fee cost $3,000 to SA Fire and Medical Department's budget fund.
[2022/12/23 - 2:00:37] Vehicle ID 0 (Slot ID 224) Maintainence fee cost $3,000 to SA Fire and Medical Department's budget fund.
[2022/12/23 - 2:00:37] Vehicle ID 0 (Slot ID 227) Maintainence fee cost $3,000 to SA Fire and Medical Department's budget fund.
[2022/12/23 - 2:00:37] Vehicle ID 0 (Slot ID 240) Maintainence fee cost $3,500 to SA Fire and Medical Department's budget fund.
[2022/12/23 - 2:00:37] Vehicle ID 0 (Slot ID 255) Maintainence fee cost $2,500 to SA Fire and Medical Department's budget fund.
[2022/12/23 - 2:00:37] Vehicle ID 0 (Slot ID 345) Maintainence fee cost $2,000 to SA Fire and Medical Department's budget fund.
[2022/12/23 - 2:00:37] Vehicle ID 0 (Slot ID 363) Maintainence fee cost $0 to SA Fire and Medical Department's budget fund.
[2022/12/23 - 2:00:37] Vehicle ID 0 (Slot ID 388) Maintainence fee cost $2,500 to SA Fire and Medical Department's budget fund.
[2022/12/23 - 2:00:37] Vehicle ID 0 (Slot ID 443) Maintainence fee cost $2,500 to SA Fire and Medical Department's budget fund.
[2022/12/23 - 2:00:37] Vehicle ID 0 (Slot ID 455) Maintainence fee cost $0 to SA Fire and Medical Department's budget fund.
[2022/12/23 - 3:00:08] The faction vault is at $440,704.
[2022/12/23 - 3:00:08] SA Gov Paid $50,000 to SA Fire and Medical Department budget fund.
[2022/12/23 - 3:00:08] Vehicle ID 0 (Slot ID 31) Maintainence fee cost $2,500 to SA Fire and Medical Department's budget fund.
[2022/12/23 - 3:00:08] Vehicle ID 0 (Slot ID 37) Maintainence fee cost $3,000 to SA Fire and Medical Department's budget fund.
[2022/12/23 - 3:00:08] Vehicle ID 0 (Slot ID 56) Maintainence fee cost $0 to SA Fire and Medical Department's budget fund.
[2022/12/23 - 3:00:08] Vehicle ID 0 (Slot ID 59) Maintainence fee cost $0 to SA Fire and Medical Department's budget fund.
[2022/12/23 - 3:00:08] Vehicle ID 0 (Slot ID 65) Maintainence fee cost $0 to SA Fire and Medical Department's budget fund.
[2022/12/23 - 3:00:08] Vehicle ID 0 (Slot ID 76) Maintainence fee cost $0 to SA Fire and Medical Department's budget fund.
[2022/12/23 - 3:00:08] Vehicle ID 0 (Slot ID 103) Maintainence fee cost $2,500 to SA Fire and Medical Department's budget fund.
[2022/12/23 - 3:00:08] Vehicle ID 0 (Slot ID 108) Maintainence fee cost $2,500 to SA Fire and Medical Department's budget fund.
[2022/12/23 - 3:00:08] Vehicle ID 0 (Slot ID 111) Maintainence fee cost $2,500 to SA Fire and Medical Department's budget fund.
[2022/12/23 - 3:00:08] Vehicle ID 0 (Slot ID 132) Maintainence fee cost $3,000 to SA Fire and Medical Department's budget fund.
[2022/12/23 - 3:00:08] Vehicle ID 0 (Slot ID 150) Maintainence fee cost $3,000 to SA Fire and Medical Department's budget fund.
[2022/12/23 - 3:00:08] Vehicle ID 0 (Slot ID 160) Maintainence fee cost $2,500 to SA Fire and Medical Department's budget fund.
[2022/12/23 - 3:00:08] Vehicle ID 0 (Slot ID 162) Maintainence fee cost $0 to SA Fire and Medical Department's budget fund.
[2022/12/23 - 3:00:08] Vehicle ID 0 (Slot ID 173) Maintainence fee cost $0 to SA Fire and Medical Department's budget fund.
[2022/12/23 - 3:00:08] Vehicle ID 0 (Slot ID 187) Maintainence fee cost $0 to SA Fire and Medical Department's budget fund.
[2022/12/23 - 3:00:08] Vehicle ID 0 (Slot ID 191) Maintainence fee cost $0 to SA Fire and Medical Department's budget fund.
[2022/12/23 - 3:00:08] Vehicle ID 0 (Slot ID 194) Maintainence fee cost $0 to SA Fire and Medical Department's budget fund.
[2022/12/23 - 3:00:08] Vehicle ID 0 (Slot ID 205) Maintainence fee cost $0 to SA Fire and Medical Department's budget fund.
[2022/12/23 - 3:00:08] Vehicle ID 0 (Slot ID 207) Maintainence fee cost $3,500 to SA Fire and Medical Department's budget fund.
[2022/12/23 - 3:00:08] Vehicle ID 0 (Slot ID 219) Maintainence fee cost $3,000 to SA Fire and Medical Department's budget fund.
[2022/12/23 - 3:00:08] Vehicle ID 0 (Slot ID 224) Maintainence fee cost $3,000 to SA Fire and Medical Department's budget fund.
[2022/12/23 - 3:00:08] Vehicle ID 0 (Slot ID 227) Maintainence fee cost $3,000 to SA Fire and Medical Department's budget fund.
[2022/12/23 - 3:00:08] Vehicle ID 0 (Slot ID 240) Maintainence fee cost $3,500 to SA Fire and Medical Department's budget fund.
[2022/12/23 - 3:00:08] Vehicle ID 0 (Slot ID 255) Maintainence fee cost $2,500 to SA Fire and Medical Department's budget fund.
[2022/12/23 - 3:00:08] Vehicle ID 0 (Slot ID 345) Maintainence fee cost $2,000 to SA Fire and Medical Department's budget fund.
[2022/12/23 - 3:00:08] Vehicle ID 0 (Slot ID 363) Maintainence fee cost $0 to SA Fire and Medical Department's budget fund.
[2022/12/23 - 3:00:08] Vehicle ID 0 (Slot ID 388) Maintainence fee cost $2,500 to SA Fire and Medical Department's budget fund.
[2022/12/23 - 3:00:08] Vehicle ID 0 (Slot ID 443) Maintainence fee cost $2,500 to SA Fire and Medical Department's budget fund.
[2022/12/23 - 3:00:08] Vehicle ID 0 (Slot ID 455) Maintainence fee cost $0 to SA Fire and Medical Department's budget fund.
[2022/12/23 - 4:00:19] The faction vault is at $443,704.
[2022/12/23 - 4:00:19] SA Gov Paid $50,000 to SA Fire and Medical Department budget fund.
[2022/12/23 - 4:00:19] Vehicle ID 0 (Slot ID 31) Maintainence fee cost $2,500 to SA Fire and Medical Department's budget fund.
[2022/12/23 - 4:00:19] Vehicle ID 0 (Slot ID 37) Maintainence fee cost $3,000 to SA Fire and Medical Department's budget fund.
[2022/12/23 - 4:00:19] Vehicle ID 0 (Slot ID 56) Maintainence fee cost $0 to SA Fire and Medical Department's budget fund.
[2022/12/23 - 4:00:19] Vehicle ID 0 (Slot ID 59) Maintainence fee cost $0 to SA Fire and Medical Department's budget fund.
[2022/12/23 - 4:00:19] Vehicle ID 0 (Slot ID 65) Maintainence fee cost $0 to SA Fire and Medical Department's budget fund.
[2022/12/23 - 4:00:19] Vehicle ID 0 (Slot ID 76) Maintainence fee cost $0 to SA Fire and Medical Department's budget fund.
[2022/12/23 - 4:00:19] Vehicle ID 0 (Slot ID 103) Maintainence fee cost $2,500 to SA Fire and Medical Department's budget fund.
[2022/12/23 - 4:00:19] Vehicle ID 0 (Slot ID 108) Maintainence fee cost $2,500 to SA Fire and Medical Department's budget fund.
[2022/12/23 - 4:00:19] Vehicle ID 0 (Slot ID 111) Maintainence fee cost $2,500 to SA Fire and Medical Department's budget fund.
[2022/12/23 - 4:00:19] Vehicle ID 0 (Slot ID 132) Maintainence fee cost $3,000 to SA Fire and Medical Department's budget fund.
[2022/12/23 - 4:00:19] Vehicle ID 0 (Slot ID 150) Maintainence fee cost $3,000 to SA Fire and Medical Department's budget fund.
[2022/12/23 - 4:00:19] Vehicle ID 0 (Slot ID 160) Maintainence fee cost $2,500 to SA Fire and Medical Department's budget fund.
[2022/12/23 - 4:00:19] Vehicle ID 0 (Slot ID 162) Maintainence fee cost $0 to SA Fire and Medical Department's budget fund.
[2022/12/23 - 4:00:19] Vehicle ID 0 (Slot ID 173) Maintainence fee cost $0 to SA Fire and Medical Department's budget fund.
[2022/12/23 - 4:00:19] Vehicle ID 0 (Slot ID 187) Maintainence fee cost $0 to SA Fire and Medical Department's budget fund.
[2022/12/23 - 4:00:19] Vehicle ID 0 (Slot ID 191) Maintainence fee cost $0 to SA Fire and Medical Department's budget fund.
[2022/12/23 - 4:00:19] Vehicle ID 0 (Slot ID 194) Maintainence fee cost $0 to SA Fire and Medical Department's budget fund.
[2022/12/23 - 4:00:19] Vehicle ID 0 (Slot ID 205) Maintainence fee cost $0 to SA Fire and Medical Department's budget fund.
[2022/12/23 - 4:00:19] Vehicle ID 0 (Slot ID 207) Maintainence fee cost $3,500 to SA Fire and Medical Department's budget fund.
[2022/12/23 - 4:00:19] Vehicle ID 0 (Slot ID 219) Maintainence fee cost $3,000 to SA Fire and Medical Department's budget fund.
[2022/12/23 - 4:00:19] Vehicle ID 0 (Slot ID 224) Maintainence fee cost $3,000 to SA Fire and Medical Department's budget fund.
[2022/12/23 - 4:00:19] Vehicle ID 0 (Slot ID 227) Maintainence fee cost $3,000 to SA Fire and Medical Department's budget fund.
[2022/12/23 - 4:00:19] Vehicle ID 0 (Slot ID 240) Maintainence fee cost $3,500 to SA Fire and Medical Department's budget fund.
[2022/12/23 - 4:00:19] Vehicle ID 0 (Slot ID 255) Maintainence fee cost $2,500 to SA Fire and Medical Department's budget fund.
[2022/12/23 - 4:00:19] Vehicle ID 0 (Slot ID 345) Maintainence fee cost $2,000 to SA Fire and Medical Department's budget fund.
[2022/12/23 - 4:00:19] Vehicle ID 0 (Slot ID 363) Maintainence fee cost $0 to SA Fire and Medical Department's budget fund.
[2022/12/23 - 4:00:19] Vehicle ID 0 (Slot ID 388) Maintainence fee cost $2,500 to SA Fire and Medical Department's budget fund.
[2022/12/23 - 4:00:19] Vehicle ID 0 (Slot ID 443) Maintainence fee cost $2,500 to SA Fire and Medical Department's budget fund.
[2022/12/23 - 4:00:19] Vehicle ID 0 (Slot ID 455) Maintainence fee cost $0 to SA Fire and Medical Department's budget fund.
[2022/12/23 - 5:00:01] The faction vault is at $446,704.
[2022/12/23 - 5:00:01] SA Gov Paid $50,000 to SA Fire and Medical Department budget fund.
[2022/12/23 - 5:00:01] Vehicle ID 0 (Slot ID 31) Maintainence fee cost $2,500 to SA Fire and Medical Department's budget fund.
[2022/12/23 - 5:00:01] Vehicle ID 0 (Slot ID 37) Maintainence fee cost $3,000 to SA Fire and Medical Department's budget fund.
[2022/12/23 - 5:00:01] Vehicle ID 0 (Slot ID 56) Maintainence fee cost $0 to SA Fire and Medical Department's budget fund.
[2022/12/23 - 5:00:01] Vehicle ID 0 (Slot ID 59) Maintainence fee cost $0 to SA Fire and Medical Department's budget fund.
[2022/12/23 - 5:00:01] Vehicle ID 0 (Slot ID 65) Maintainence fee cost $0 to SA Fire and Medical Department's budget fund.
[2022/12/23 - 5:00:01] Vehicle ID 0 (Slot ID 76) Maintainence fee cost $0 to SA Fire and Medical Department's budget fund.
[2022/12/23 - 5:00:01] Vehicle ID 0 (Slot ID 103) Maintainence fee cost $2,500 to SA Fire and Medical Department's budget fund.
[2022/12/23 - 5:00:01] Vehicle ID 0 (Slot ID 108) Maintainence fee cost $2,500 to SA Fire and Medical Department's budget fund.
[2022/12/23 - 5:00:01] Vehicle ID 0 (Slot ID 111) Maintainence fee cost $2,500 to SA Fire and Medical Department's budget fund.
[2022/12/23 - 5:00:01] Vehicle ID 0 (Slot ID 132) Maintainence fee cost $3,000 to SA Fire and Medical Department's budget fund.
[2022/12/23 - 5:00:01] Vehicle ID 0 (Slot ID 150) Maintainence fee cost $3,000 to SA Fire and Medical Department's budget fund.
[2022/12/23 - 5:00:01] Vehicle ID 0 (Slot ID 160) Maintainence fee cost $2,500 to SA Fire and Medical Department's budget fund.
[2022/12/23 - 5:00:01] Vehicle ID 0 (Slot ID 162) Maintainence fee cost $0 to SA Fire and Medical Department's budget fund.
[2022/12/23 - 5:00:01] Vehicle ID 0 (Slot ID 173) Maintainence fee cost $0 to SA Fire and Medical Department's budget fund.
[2022/12/23 - 5:00:01] Vehicle ID 0 (Slot ID 187) Maintainence fee cost $0 to SA Fire and Medical Department's budget fund.
[2022/12/23 - 5:00:01] Vehicle ID 0 (Slot ID 191) Maintainence fee cost $0 to SA Fire and Medical Department's budget fund.
[2022/12/23 - 5:00:01] Vehicle ID 0 (Slot ID 194) Maintainence fee cost $0 to SA Fire and Medical Department's budget fund.
[2022/12/23 - 5:00:01] Vehicle ID 0 (Slot ID 205) Maintainence fee cost $0 to SA Fire and Medical Department's budget fund.
[2022/12/23 - 5:00:01] Vehicle ID 0 (Slot ID 207) Maintainence fee cost $3,500 to SA Fire and Medical Department's budget fund.
[2022/12/23 - 5:00:01] Vehicle ID 0 (Slot ID 219) Maintainence fee cost $3,000 to SA Fire and Medical Department's budget fund.
[2022/12/23 - 5:00:01] Vehicle ID 0 (Slot ID 224) Maintainence fee cost $3,000 to SA Fire and Medical Department's budget fund.
[2022/12/23 - 5:00:01] Vehicle ID 0 (Slot ID 227) Maintainence fee cost $3,000 to SA Fire and Medical Department's budget fund.
[2022/12/23 - 5:00:01] Vehicle ID 0 (Slot ID 240) Maintainence fee cost $3,500 to SA Fire and Medical Department's budget fund.
[2022/12/23 - 5:00:01] Vehicle ID 0 (Slot ID 255) Maintainence fee cost $2,500 to SA Fire and Medical Department's budget fund.
[2022/12/23 - 5:00:01] Vehicle ID 0 (Slot ID 345) Maintainence fee cost $2,000 to SA Fire and Medical Department's budget fund.
[2022/12/23 - 5:00:01] Vehicle ID 0 (Slot ID 363) Maintainence fee cost $0 to SA Fire and Medical Department's budget fund.
[2022/12/23 - 5:00:01] Vehicle ID 0 (Slot ID 388) Maintainence fee cost $2,500 to SA Fire and Medical Department's budget fund.
[2022/12/23 - 5:00:01] Vehicle ID 0 (Slot ID 443) Maintainence fee cost $2,500 to SA Fire and Medical Department's budget fund.
[2022/12/23 - 5:00:01] Vehicle ID 0 (Slot ID 455) Maintainence fee cost $0 to SA Fire and Medical Department's budget fund.
[2022/12/23 - 5:38:40] Test Character has paid their medical fees, adding $500 to the vault.
[2022/12/23 - 6:00:25] The faction vault is at $449,704.
[2022/12/23 - 6:00:25] SA Gov Paid $50,000 to SA Fire and Medical Department budget fund.
[2022/12/23 - 6:00:25] Vehicle ID 0 (Slot ID 31) Maintainence fee cost $2,500 to SA Fire and Medical Department's budget fund.
[2022/12/23 - 6:00:25] Vehicle ID 0 (Slot ID 37) Maintainence fee cost $3,000 to SA Fire and Medical Department's budget fund.
[2022/12/23 - 6:00:25] Vehicle ID 0 (Slot ID 56) Maintainence fee cost $0 to SA Fire and Medical Department's budget fund.
[2022/12/23 - 6:00:25] Vehicle ID 0 (Slot ID 59) Maintainence fee cost $0 to SA Fire and Medical Department's budget fund.
[2022/12/23 - 6:00:25] Vehicle ID 0 (Slot ID 65) Maintainence fee cost $0 to SA Fire and Medical Department's budget fund.
[2022/12/23 - 6:00:25] Vehicle ID 0 (Slot ID 76) Maintainence fee cost $0 to SA Fire and Medical Department's budget fund.
[2022/12/23 - 6:00:25] Vehicle ID 0 (Slot ID 103) Maintainence fee cost $2,500 to SA Fire and Medical Department's budget fund.
[2022/12/23 - 6:00:25] Vehicle ID 0 (Slot ID 108) Maintainence fee cost $2,500 to SA Fire and Medical Department's budget fund.
[2022/12/23 - 6:00:25] Vehicle ID 0 (Slot ID 111) Maintainence fee cost $2,500 to SA Fire and Medical Department's budget fund.
[2022/12/23 - 6:00:25] Vehicle ID 0 (Slot ID 132) Maintainence fee cost $3,000 to SA Fire and Medical Department's budget fund.
[2022/12/23 - 6:00:25] Vehicle ID 0 (Slot ID 150) Maintainence fee cost $3,000 to SA Fire and Medical Department's budget fund.
[2022/12/23 - 6:00:25] Vehicle ID 0 (Slot ID 160) Maintainence fee cost $2,500 to SA Fire and Medical Department's budget fund.
[2022/12/23 - 6:00:25] Vehicle ID 0 (Slot ID 162) Maintainence fee cost $0 to SA Fire and Medical Department's budget fund.
[2022/12/23 - 6:00:25] Vehicle ID 0 (Slot ID 173) Maintainence fee cost $0 to SA Fire and Medical Department's budget fund.
[2022/12/23 - 6:00:25] Vehicle ID 0 (Slot ID 187) Maintainence fee cost $0 to SA Fire and Medical Department's budget fund.
[2022/12/23 - 6:00:25] Vehicle ID 0 (Slot ID 191) Maintainence fee cost $0 to SA Fire and Medical Department's budget fund.
[2022/12/23 - 6:00:25] Vehicle ID 0 (Slot ID 194) Maintainence fee cost $0 to SA Fire and Medical Department's budget fund.
[2022/12/23 - 6:00:25] Vehicle ID 0 (Slot ID 205) Maintainence fee cost $0 to SA Fire and Medical Department's budget fund.
[2022/12/23 - 6:00:25] Vehicle ID 0 (Slot ID 207) Maintainence fee cost $3,500 to SA Fire and Medical Department's budget fund.
[2022/12/23 - 6:00:25] Vehicle ID 0 (Slot ID 219) Maintainence fee cost $3,000 to SA Fire and Medical Department's budget fund.
[2022/12/23 - 6:00:25] Vehicle ID 0 (Slot ID 224) Maintainence fee cost $3,000 to SA Fire and Medical Department's budget fund.
[2022/12/23 - 6:00:25] Vehicle ID 0 (Slot ID 227) Maintainence fee cost $3,000 to SA Fire and Medical Department's budget fund.
[2022/12/23 - 6:00:25] Vehicle ID 0 (Slot ID 240) Maintainence fee cost $3,500 to SA Fire and Medical Department's budget fund.
[2022/12/23 - 6:00:25] Vehicle ID 0 (Slot ID 255) Maintainence fee cost $2,500 to SA Fire and Medical Department's budget fund.
[2022/12/23 - 6:00:25] Vehicle ID 0 (Slot ID 345) Maintainence fee cost $2,000 to SA Fire and Medical Department's budget fund.
[2022/12/23 - 6:00:25] Vehicle ID 0 (Slot ID 363) Maintainence fee cost $0 to SA Fire and Medical Department's budget fund.
[2022/12/23 - 6:00:25] Vehicle ID 0 (Slot ID 388) Maintainence fee cost $2,500 to SA Fire and Medical Department's budget fund.
[2022/12/23 - 6:00:25] Vehicle ID 0 (Slot ID 443) Maintainence fee cost $2,500 to SA Fire and Medical Department's budget fund.
[2022/12/23 - 6:00:25] Vehicle ID 0 (Slot ID 455) Maintainence fee cost $0 to SA Fire and Medical Department's budget fund.
[2022/12/23 - 7:00:25] The faction vault is at $452,704.
[2022/12/23 - 7:00:25] SA Gov Paid $50,000 to SA Fire and Medical Department budget fund.
[2022/12/23 - 7:00:25] Vehicle ID 0 (Slot ID 31) Maintainence fee cost $2,500 to SA Fire and Medical Department's budget fund.
[2022/12/23 - 7:00:25] Vehicle ID 0 (Slot ID 37) Maintainence fee cost $3,000 to SA Fire and Medical Department's budget fund.
[2022/12/23 - 7:00:25] Vehicle ID 0 (Slot ID 56) Maintainence fee cost $0 to SA Fire and Medical Department's budget fund.
[2022/12/23 - 7:00:25] Vehicle ID 0 (Slot ID 59) Maintainence fee cost $0 to SA Fire and Medical Department's budget fund.
[2022/12/23 - 7:00:25] Vehicle ID 0 (Slot ID 65) Maintainence fee cost $0 to SA Fire and Medical Department's budget fund.
[2022/12/23 - 7:00:25] Vehicle ID 0 (Slot ID 76) Maintainence fee cost $0 to SA Fire and Medical Department's budget fund.
[2022/12/23 - 7:00:25] Vehicle ID 0 (Slot ID 103) Maintainence fee cost $2,500 to SA Fire and Medical Department's budget fund.
[2022/12/23 - 7:00:25] Vehicle ID 0 (Slot ID 108) Maintainence fee cost $2,500 to SA Fire and Medical Department's budget fund.
[2022/12/23 - 7:00:25] Vehicle ID 0 (Slot ID 111) Maintainence fee cost $2,500 to SA Fire and Medical Department's budget fund.
[2022/12/23 - 7:00:25] Vehicle ID 0 (Slot ID 132) Maintainence fee cost $3,000 to SA Fire and Medical Department's budget fund.
[2022/12/23 - 7:00:25] Vehicle ID 0 (Slot ID 150) Maintainence fee cost $3,000 to SA Fire and Medical Department's budget fund.
[2022/12/23 - 7:00:25] Vehicle ID 0 (Slot ID 160) Maintainence fee cost $2,500 to SA Fire and Medical Department's budget fund.
[2022/12/23 - 7:00:25] Vehicle ID 0 (Slot ID 162) Maintainence fee cost $0 to SA Fire and Medical Department's budget fund.
[2022/12/23 - 7:00:25] Vehicle ID 0 (Slot ID 173) Maintainence fee cost $0 to SA Fire and Medical Department's budget fund.
[2022/12/23 - 7:00:25] Vehicle ID 0 (Slot ID 187) Maintainence fee cost $0 to SA Fire and Medical Department's budget fund.
[2022/12/23 - 7:00:25] Vehicle ID 0 (Slot ID 191) Maintainence fee cost $0 to SA Fire and Medical Department's budget fund.
[2022/12/23 - 7:00:25] Vehicle ID 0 (Slot ID 194) Maintainence fee cost $0 to SA Fire and Medical Department's budget fund.
[2022/12/23 - 7:00:25] Vehicle ID 0 (Slot ID 205) Maintainence fee cost $0 to SA Fire and Medical Department's budget fund.
[2022/12/23 - 7:00:25] Vehicle ID 0 (Slot ID 207) Maintainence fee cost $3,500 to SA Fire and Medical Department's budget fund.
[2022/12/23 - 7:00:25] Vehicle ID 0 (Slot ID 219) Maintainence fee cost $3,000 to SA Fire and Medical Department's budget fund.
[2022/12/23 - 7:00:25] Vehicle ID 0 (Slot ID 224) Maintainence fee cost $3,000 to SA Fire and Medical Department's budget fund.
[2022/12/23 - 7:00:25] Vehicle ID 0 (Slot ID 227) Maintainence fee cost $3,000 to SA Fire and Medical Department's budget fund.
[2022/12/23 - 7:00:25] Vehicle ID 0 (Slot ID 240) Maintainence fee cost $3,500 to SA Fire and Medical Department's budget fund.
[2022/12/23 - 7:00:25] Vehicle ID 0 (Slot ID 255) Maintainence fee cost $2,500 to SA Fire and Medical Department's budget fund.
[2022/12/23 - 7:00:25] Vehicle ID 0 (Slot ID 345) Maintainence fee cost $2,000 to SA Fire and Medical Department's budget fund.
[2022/12/23 - 7:00:25] Vehicle ID 0 (Slot ID 363) Maintainence fee cost $0 to SA Fire and Medical Department's budget fund.
[2022/12/23 - 7:00:25] Vehicle ID 0 (Slot ID 388) Maintainence fee cost $2,500 to SA Fire and Medical Department's budget fund.
[2022/12/23 - 7:00:25] Vehicle ID 0 (Slot ID 443) Maintainence fee cost $2,500 to SA Fire and Medical Department's budget fund.
[2022/12/23 - 7:00:25] Vehicle ID 0 (Slot ID 455) Maintainence fee cost $0 to SA Fire and Medical Department's budget fund.
[2022/12/23 - 8:00:12] The faction vault is at $455,704.
[2022/12/23 - 8:00:12] SA Gov Paid $50,000 to SA Fire and Medical Department budget fund.
[2022/12/23 - 8:00:12] Vehicle ID 0 (Slot ID 31) Maintainence fee cost $2,500 to SA Fire and Medical Department's budget fund.
[2022/12/23 - 8:00:12] Vehicle ID 0 (Slot ID 37) Maintainence fee cost $3,000 to SA Fire and Medical Department's budget fund.
[2022/12/23 - 8:00:12] Vehicle ID 0 (Slot ID 56) Maintainence fee cost $0 to SA Fire and Medical Department's budget fund.
[2022/12/23 - 8:00:12] Vehicle ID 0 (Slot ID 59) Maintainence fee cost $0 to SA Fire and Medical Department's budget fund.
[2022/12/23 - 8:00:12] Vehicle ID 0 (Slot ID 65) Maintainence fee cost $0 to SA Fire and Medical Department's budget fund.
[2022/12/23 - 8:00:12] Vehicle ID 0 (Slot ID 76) Maintainence fee cost $0 to SA Fire and Medical Department's budget fund.
[2022/12/23 - 8:00:12] Vehicle ID 0 (Slot ID 103) Maintainence fee cost $2,500 to SA Fire and Medical Department's budget fund.
[2022/12/23 - 8:00:12] Vehicle ID 0 (Slot ID 108) Maintainence fee cost $2,500 to SA Fire and Medical Department's budget fund.
[2022/12/23 - 8:00:12] Vehicle ID 0 (Slot ID 111) Maintainence fee cost $2,500 to SA Fire and Medical Department's budget fund.
[2022/12/23 - 8:00:12] Vehicle ID 0 (Slot ID 132) Maintainence fee cost $3,000 to SA Fire and Medical Department's budget fund.
[2022/12/23 - 8:00:12] Vehicle ID 0 (Slot ID 150) Maintainence fee cost $3,000 to SA Fire and Medical Department's budget fund.
[2022/12/23 - 8:00:12] Vehicle ID 0 (Slot ID 160) Maintainence fee cost $2,500 to SA Fire and Medical Department's budget fund.
[2022/12/23 - 8:00:12] Vehicle ID 0 (Slot ID 162) Maintainence fee cost $0 to SA Fire and Medical Department's budget fund.
[2022/12/23 - 8:00:12] Vehicle ID 0 (Slot ID 173) Maintainence fee cost $0 to SA Fire and Medical Department's budget fund.
[2022/12/23 - 8:00:12] Vehicle ID 0 (Slot ID 187) Maintainence fee cost $0 to SA Fire and Medical Department's budget fund.
[2022/12/23 - 8:00:12] Vehicle ID 0 (Slot ID 191) Maintainence fee cost $0 to SA Fire and Medical Department's budget fund.
[2022/12/23 - 8:00:12] Vehicle ID 0 (Slot ID 194) Maintainence fee cost $0 to SA Fire and Medical Department's budget fund.
[2022/12/23 - 8:00:12] Vehicle ID 0 (Slot ID 205) Maintainence fee cost $0 to SA Fire and Medical Department's budget fund.
[2022/12/23 - 8:00:12] Vehicle ID 0 (Slot ID 207) Maintainence fee cost $3,500 to SA Fire and Medical Department's budget fund.
[2022/12/23 - 8:00:12] Vehicle ID 0 (Slot ID 219) Maintainence fee cost $3,000 to SA Fire and Medical Department's budget fund.
[2022/12/23 - 8:00:12] Vehicle ID 0 (Slot ID 224) Maintainence fee cost $3,000 to SA Fire and Medical Department's budget fund.
[2022/12/23 - 8:00:12] Vehicle ID 0 (Slot ID 227) Maintainence fee cost $3,000 to SA Fire and Medical Department's budget fund.
[2022/12/23 - 8:00:12] Vehicle ID 0 (Slot ID 240) Maintainence fee cost $3,500 to SA Fire and Medical Department's budget fund.
[2022/12/23 - 8:00:12] Vehicle ID 0 (Slot ID 255) Maintainence fee cost $2,500 to SA Fire and Medical Department's budget fund.
[2022/12/23 - 8:00:12] Vehicle ID 0 (Slot ID 345) Maintainence fee cost $2,000 to SA Fire and Medical Department's budget fund.
[2022/12/23 - 8:00:12] Vehicle ID 0 (Slot ID 363) Maintainence fee cost $0 to SA Fire and Medical Department's budget fund.
[2022/12/23 - 8:00:12] Vehicle ID 0 (Slot ID 388) Maintainence fee cost $2,500 to SA Fire and Medical Department's budget fund.
[2022/12/23 - 8:00:12] Vehicle ID 0 (Slot ID 443) Maintainence fee cost $2,500 to SA Fire and Medical Department's budget fund.
[2022/12/23 - 8:00:12] Vehicle ID 0 (Slot ID 455) Maintainence fee cost $0 to SA Fire and Medical Department's budget fund.
[2022/12/23 - 9:00:13] The faction vault is at $458,704.
[2022/12/23 - 9:00:13] SA Gov Paid $50,000 to SA Fire and Medical Department budget fund.
[2022/12/23 - 9:00:13] Vehicle ID 0 (Slot ID 31) Maintainence fee cost $2,500 to SA Fire and Medical Department's budget fund.
[2022/12/23 - 9:00:13] Vehicle ID 0 (Slot ID 37) Maintainence fee cost $3,000 to SA Fire and Medical Department's budget fund.
[2022/12/23 - 9:00:13] Vehicle ID 0 (Slot ID 56) Maintainence fee cost $0 to SA Fire and Medical Department's budget fund.
[2022/12/23 - 9:00:13] Vehicle ID 0 (Slot ID 59) Maintainence fee cost $0 to SA Fire and Medical Department's budget fund.
[2022/12/23 - 9:00:13] Vehicle ID 0 (Slot ID 65) Maintainence fee cost $0 to SA Fire and Medical Department's budget fund.
[2022/12/23 - 9:00:13] Vehicle ID 0 (Slot ID 76) Maintainence fee cost $0 to SA Fire and Medical Department's budget fund.
[2022/12/23 - 9:00:13] Vehicle ID 0 (Slot ID 103) Maintainence fee cost $2,500 to SA Fire and Medical Department's budget fund.
[2022/12/23 - 9:00:13] Vehicle ID 0 (Slot ID 108) Maintainence fee cost $2,500 to SA Fire and Medical Department's budget fund.
[2022/12/23 - 9:00:13] Vehicle ID 0 (Slot ID 111) Maintainence fee cost $2,500 to SA Fire and Medical Department's budget fund.
[2022/12/23 - 9:00:13] Vehicle ID 0 (Slot ID 132) Maintainence fee cost $3,000 to SA Fire and Medical Department's budget fund.
[2022/12/23 - 9:00:13] Vehicle ID 0 (Slot ID 150) Maintainence fee cost $3,000 to SA Fire and Medical Department's budget fund.
[2022/12/23 - 9:00:13] Vehicle ID 0 (Slot ID 160) Maintainence fee cost $2,500 to SA Fire and Medical Department's budget fund.
[2022/12/23 - 9:00:13] Vehicle ID 0 (Slot ID 162) Maintainence fee cost $0 to SA Fire and Medical Department's budget fund.
[2022/12/23 - 9:00:13] Vehicle ID 0 (Slot ID 173) Maintainence fee cost $0 to SA Fire and Medical Department's budget fund.
[2022/12/23 - 9:00:13] Vehicle ID 0 (Slot ID 187) Maintainence fee cost $0 to SA Fire and Medical Department's budget fund.
[2022/12/23 - 9:00:13] Vehicle ID 0 (Slot ID 191) Maintainence fee cost $0 to SA Fire and Medical Department's budget fund.
[2022/12/23 - 9:00:13] Vehicle ID 0 (Slot ID 194) Maintainence fee cost $0 to SA Fire and Medical Department's budget fund.
[2022/12/23 - 9:00:13] Vehicle ID 0 (Slot ID 205) Maintainence fee cost $0 to SA Fire and Medical Department's budget fund.
[2022/12/23 - 9:00:13] Vehicle ID 0 (Slot ID 207) Maintainence fee cost $3,500 to SA Fire and Medical Department's budget fund.
[2022/12/23 - 9:00:13] Vehicle ID 0 (Slot ID 219) Maintainence fee cost $3,000 to SA Fire and Medical Department's budget fund.
[2022/12/23 - 9:00:13] Vehicle ID 0 (Slot ID 224) Maintainence fee cost $3,000 to SA Fire and Medical Department's budget fund.
[2022/12/23 - 9:00:13] Vehicle ID 0 (Slot ID 227) Maintainence fee cost $3,000 to SA Fire and Medical Department's budget fund.
[2022/12/23 - 9:00:13] Vehicle ID 0 (Slot ID 240) Maintainence fee cost $3,500 to SA Fire and Medical Department's budget fund.
[2022/12/23 - 9:00:13] Vehicle ID 0 (Slot ID 255) Maintainence fee cost $2,500 to SA Fire and Medical Department's budget fund.
[2022/12/23 - 9:00:13] Vehicle ID 0 (Slot ID 345) Maintainence fee cost $2,000 to SA Fire and Medical Department's budget fund.
[2022/12/23 - 9:00:13] Vehicle ID 0 (Slot ID 363) Maintainence fee cost $0 to SA Fire and Medical Department's budget fund.
[2022/12/23 - 9:00:13] Vehicle ID 0 (Slot ID 388) Maintainence fee cost $2,500 to SA Fire and Medical Department's budget fund.
[2022/12/23 - 9:00:13] Vehicle ID 0 (Slot ID 443) Maintainence fee cost $2,500 to SA Fire and Medical Department's budget fund.
[2022/12/23 - 9:00:13] Vehicle ID 0 (Slot ID 455) Maintainence fee cost $0 to SA Fire and Medical Department's budget fund.
[2022/12/23 - 10:00:12] The faction vault is at $461,704.
[2022/12/23 - 10:00:12] SA Gov Paid $50,000 to SA Fire and Medical Department budget fund.
[2022/12/23 - 10:00:12] Vehicle ID 0 (Slot ID 31) Maintainence fee cost $2,500 to SA Fire and Medical Department's budget fund.
[2022/12/23 - 10:00:12] Vehicle ID 0 (Slot ID 37) Maintainence fee cost $3,000 to SA Fire and Medical Department's budget fund.
[2022/12/23 - 10:00:12] Vehicle ID 0 (Slot ID 56) Maintainence fee cost $0 to SA Fire and Medical Department's budget fund.
[2022/12/23 - 10:00:12] Vehicle ID 0 (Slot ID 59) Maintainence fee cost $0 to SA Fire and Medical Department's budget fund.
[2022/12/23 - 10:00:12] Vehicle ID 0 (Slot ID 65) Maintainence fee cost $0 to SA Fire and Medical Department's budget fund.
[2022/12/23 - 10:00:12] Vehicle ID 0 (Slot ID 76) Maintainence fee cost $0 to SA Fire and Medical Department's budget fund.
[2022/12/23 - 10:00:12] Vehicle ID 0 (Slot ID 103) Maintainence fee cost $2,500 to SA Fire and Medical Department's budget fund.
[2022/12/23 - 10:00:12] Vehicle ID 0 (Slot ID 108) Maintainence fee cost $2,500 to SA Fire and Medical Department's budget fund.
[2022/12/23 - 10:00:12] Vehicle ID 0 (Slot ID 111) Maintainence fee cost $2,500 to SA Fire and Medical Department's budget fund.
[2022/12/23 - 10:00:12] Vehicle ID 0 (Slot ID 132) Maintainence fee cost $3,000 to SA Fire and Medical Department's budget fund.
[2022/12/23 - 10:00:12] Vehicle ID 0 (Slot ID 150) Maintainence fee cost $3,000 to SA Fire and Medical Department's budget fund.
[2022/12/23 - 10:00:12] Vehicle ID 0 (Slot ID 160) Maintainence fee cost $2,500 to SA Fire and Medical Department's budget fund.
[2022/12/23 - 10:00:12] Vehicle ID 0 (Slot ID 162) Maintainence fee cost $0 to SA Fire and Medical Department's budget fund.
[2022/12/23 - 10:00:12] Vehicle ID 0 (Slot ID 173) Maintainence fee cost $0 to SA Fire and Medical Department's budget fund.
[2022/12/23 - 10:00:12] Vehicle ID 0 (Slot ID 187) Maintainence fee cost $0 to SA Fire and Medical Department's budget fund.
[2022/12/23 - 10:00:12] Vehicle ID 0 (Slot ID 191) Maintainence fee cost $0 to SA Fire and Medical Department's budget fund.
[2022/12/23 - 10:00:12] Vehicle ID 0 (Slot ID 194) Maintainence fee cost $0 to SA Fire and Medical Department's budget fund.
[2022/12/23 - 10:00:12] Vehicle ID 0 (Slot ID 205) Maintainence fee cost $0 to SA Fire and Medical Department's budget fund.
[2022/12/23 - 10:00:12] Vehicle ID 0 (Slot ID 207) Maintainence fee cost $3,500 to SA Fire and Medical Department's budget fund.
[2022/12/23 - 10:00:12] Vehicle ID 0 (Slot ID 219) Maintainence fee cost $3,000 to SA Fire and Medical Department's budget fund.
[2022/12/23 - 10:00:12] Vehicle ID 0 (Slot ID 224) Maintainence fee cost $3,000 to SA Fire and Medical Department's budget fund.
[2022/12/23 - 10:00:12] Vehicle ID 0 (Slot ID 227) Maintainence fee cost $3,000 to SA Fire and Medical Department's budget fund.
[2022/12/23 - 10:00:12] Vehicle ID 0 (Slot ID 240) Maintainence fee cost $3,500 to SA Fire and Medical Department's budget fund.
[2022/12/23 - 10:00:12] Vehicle ID 0 (Slot ID 255) Maintainence fee cost $2,500 to SA Fire and Medical Department's budget fund.
[2022/12/23 - 10:00:12] Vehicle ID 0 (Slot ID 345) Maintainence fee cost $2,000 to SA Fire and Medical Department's budget fund.
[2022/12/23 - 10:00:12] Vehicle ID 0 (Slot ID 363) Maintainence fee cost $0 to SA Fire and Medical Department's budget fund.
[2022/12/23 - 10:00:12] Vehicle ID 0 (Slot ID 388) Maintainence fee cost $2,500 to SA Fire and Medical Department's budget fund.
[2022/12/23 - 10:00:12] Vehicle ID 0 (Slot ID 443) Maintainence fee cost $2,500 to SA Fire and Medical Department's budget fund.
[2022/12/23 - 10:00:12] Vehicle ID 0 (Slot ID 455) Maintainence fee cost $0 to SA Fire and Medical Department's budget fund.
[2022/12/23 - 11:00:11] The faction vault is at $464,704.
[2022/12/23 - 11:00:11] SA Gov Paid $50,000 to SA Fire and Medical Department budget fund.
[2022/12/23 - 11:00:11] Vehicle ID 0 (Slot ID 31) Maintainence fee cost $2,500 to SA Fire and Medical Department's budget fund.
[2022/12/23 - 11:00:11] Vehicle ID 0 (Slot ID 37) Maintainence fee cost $3,000 to SA Fire and Medical Department's budget fund.
[2022/12/23 - 11:00:11] Vehicle ID 0 (Slot ID 56) Maintainence fee cost $0 to SA Fire and Medical Department's budget fund.
[2022/12/23 - 11:00:11] Vehicle ID 0 (Slot ID 59) Maintainence fee cost $0 to SA Fire and Medical Department's budget fund.
[2022/12/23 - 11:00:11] Vehicle ID 0 (Slot ID 65) Maintainence fee cost $0 to SA Fire and Medical Department's budget fund.
[2022/12/23 - 11:00:11] Vehicle ID 0 (Slot ID 76) Maintainence fee cost $0 to SA Fire and Medical Department's budget fund.
[2022/12/23 - 11:00:11] Vehicle ID 0 (Slot ID 103) Maintainence fee cost $2,500 to SA Fire and Medical Department's budget fund.
[2022/12/23 - 11:00:11] Vehicle ID 0 (Slot ID 108) Maintainence fee cost $2,500 to SA Fire and Medical Department's budget fund.
[2022/12/23 - 11:00:11] Vehicle ID 0 (Slot ID 111) Maintainence fee cost $2,500 to SA Fire and Medical Department's budget fund.
[2022/12/23 - 11:00:11] Vehicle ID 0 (Slot ID 132) Maintainence fee cost $3,000 to SA Fire and Medical Department's budget fund.
[2022/12/23 - 11:00:11] Vehicle ID 0 (Slot ID 150) Maintainence fee cost $3,000 to SA Fire and Medical Department's budget fund.
[2022/12/23 - 11:00:11] Vehicle ID 0 (Slot ID 160) Maintainence fee cost $2,500 to SA Fire and Medical Department's budget fund.
[2022/12/23 - 11:00:11] Vehicle ID 0 (Slot ID 162) Maintainence fee cost $0 to SA Fire and Medical Department's budget fund.
[2022/12/23 - 11:00:11] Vehicle ID 0 (Slot ID 173) Maintainence fee cost $0 to SA Fire and Medical Department's budget fund.
[2022/12/23 - 11:00:11] Vehicle ID 0 (Slot ID 187) Maintainence fee cost $0 to SA Fire and Medical Department's budget fund.
[2022/12/23 - 11:00:11] Vehicle ID 0 (Slot ID 191) Maintainence fee cost $0 to SA Fire and Medical Department's budget fund.
[2022/12/23 - 11:00:11] Vehicle ID 0 (Slot ID 194) Maintainence fee cost $0 to SA Fire and Medical Department's budget fund.
[2022/12/23 - 11:00:11] Vehicle ID 0 (Slot ID 205) Maintainence fee cost $0 to SA Fire and Medical Department's budget fund.
[2022/12/23 - 11:00:11] Vehicle ID 0 (Slot ID 207) Maintainence fee cost $3,500 to SA Fire and Medical Department's budget fund.
[2022/12/23 - 11:00:11] Vehicle ID 0 (Slot ID 219) Maintainence fee cost $3,000 to SA Fire and Medical Department's budget fund.
[2022/12/23 - 11:00:11] Vehicle ID 0 (Slot ID 224) Maintainence fee cost $3,000 to SA Fire and Medical Department's budget fund.
[2022/12/23 - 11:00:11] Vehicle ID 0 (Slot ID 227) Maintainence fee cost $3,000 to SA Fire and Medical Department's budget fund.
[2022/12/23 - 11:00:11] Vehicle ID 0 (Slot ID 240) Maintainence fee cost $3,500 to SA Fire and Medical Department's budget fund.
[2022/12/23 - 11:00:11] Vehicle ID 0 (Slot ID 255) Maintainence fee cost $2,500 to SA Fire and Medical Department's budget fund.
[2022/12/23 - 11:00:11] Vehicle ID 0 (Slot ID 345) Maintainence fee cost $2,000 to SA Fire and Medical Department's budget fund.
[2022/12/23 - 11:00:11] Vehicle ID 0 (Slot ID 363) Maintainence fee cost $0 to SA Fire and Medical Department's budget fund.
[2022/12/23 - 11:00:11] Vehicle ID 0 (Slot ID 388) Maintainence fee cost $2,500 to SA Fire and Medical Department's budget fund.
[2022/12/23 - 11:00:11] Vehicle ID 0 (Slot ID 443) Maintainence fee cost $2,500 to SA Fire and Medical Department's budget fund.
[2022/12/23 - 11:00:11] Vehicle ID 0 (Slot ID 455) Maintainence fee cost $0 to SA Fire and Medical Department's budget fund.
[2022/12/23 - 12:00:05] The faction vault is at $467,704.
[2022/12/23 - 12:00:05] SA Gov Paid $50,000 to SA Fire and Medical Department budget fund.
[2022/12/23 - 12:00:05] Vehicle ID 0 (Slot ID 31) Maintainence fee cost $2,500 to SA Fire and Medical Department's budget fund.
[2022/12/23 - 12:00:05] Vehicle ID 0 (Slot ID 37) Maintainence fee cost $3,000 to SA Fire and Medical Department's budget fund.
[2022/12/23 - 12:00:05] Vehicle ID 0 (Slot ID 56) Maintainence fee cost $0 to SA Fire and Medical Department's budget fund.
[2022/12/23 - 12:00:05] Vehicle ID 0 (Slot ID 59) Maintainence fee cost $0 to SA Fire and Medical Department's budget fund.
[2022/12/23 - 12:00:05] Vehicle ID 0 (Slot ID 65) Maintainence fee cost $0 to SA Fire and Medical Department's budget fund.
[2022/12/23 - 12:00:05] Vehicle ID 0 (Slot ID 76) Maintainence fee cost $0 to SA Fire and Medical Department's budget fund.
[2022/12/23 - 12:00:05] Vehicle ID 0 (Slot ID 103) Maintainence fee cost $2,500 to SA Fire and Medical Department's budget fund.
[2022/12/23 - 12:00:05] Vehicle ID 0 (Slot ID 108) Maintainence fee cost $2,500 to SA Fire and Medical Department's budget fund.
[2022/12/23 - 12:00:05] Vehicle ID 0 (Slot ID 111) Maintainence fee cost $2,500 to SA Fire and Medical Department's budget fund.
[2022/12/23 - 12:00:05] Vehicle ID 0 (Slot ID 132) Maintainence fee cost $3,000 to SA Fire and Medical Department's budget fund.
[2022/12/23 - 12:00:05] Vehicle ID 0 (Slot ID 150) Maintainence fee cost $3,000 to SA Fire and Medical Department's budget fund.
[2022/12/23 - 12:00:05] Vehicle ID 0 (Slot ID 160) Maintainence fee cost $2,500 to SA Fire and Medical Department's budget fund.
[2022/12/23 - 12:00:05] Vehicle ID 0 (Slot ID 162) Maintainence fee cost $0 to SA Fire and Medical Department's budget fund.
[2022/12/23 - 12:00:05] Vehicle ID 0 (Slot ID 173) Maintainence fee cost $0 to SA Fire and Medical Department's budget fund.
[2022/12/23 - 12:00:05] Vehicle ID 0 (Slot ID 187) Maintainence fee cost $0 to SA Fire and Medical Department's budget fund.
[2022/12/23 - 12:00:05] Vehicle ID 0 (Slot ID 191) Maintainence fee cost $0 to SA Fire and Medical Department's budget fund.
[2022/12/23 - 12:00:05] Vehicle ID 0 (Slot ID 194) Maintainence fee cost $0 to SA Fire and Medical Department's budget fund.
[2022/12/23 - 12:00:05] Vehicle ID 0 (Slot ID 205) Maintainence fee cost $0 to SA Fire and Medical Department's budget fund.
[2022/12/23 - 12:00:05] Vehicle ID 0 (Slot ID 207) Maintainence fee cost $3,500 to SA Fire and Medical Department's budget fund.
[2022/12/23 - 12:00:05] Vehicle ID 0 (Slot ID 219) Maintainence fee cost $3,000 to SA Fire and Medical Department's budget fund.
[2022/12/23 - 12:00:05] Vehicle ID 0 (Slot ID 224) Maintainence fee cost $3,000 to SA Fire and Medical Department's budget fund.
[2022/12/23 - 12:00:05] Vehicle ID 0 (Slot ID 227) Maintainence fee cost $3,000 to SA Fire and Medical Department's budget fund.
[2022/12/23 - 12:00:05] Vehicle ID 0 (Slot ID 240) Maintainence fee cost $3,500 to SA Fire and Medical Department's budget fund.
[2022/12/23 - 12:00:05] Vehicle ID 0 (Slot ID 255) Maintainence fee cost $2,500 to SA Fire and Medical Department's budget fund.
[2022/12/23 - 12:00:05] Vehicle ID 0 (Slot ID 345) Maintainence fee cost $2,000 to SA Fire and Medical Department's budget fund.
[2022/12/23 - 12:00:05] Vehicle ID 0 (Slot ID 363) Maintainence fee cost $0 to SA Fire and Medical Department's budget fund.
[2022/12/23 - 12:00:05] Vehicle ID 0 (Slot ID 388) Maintainence fee cost $2,500 to SA Fire and Medical Department's budget fund.
[2022/12/23 - 12:00:05] Vehicle ID 0 (Slot ID 443) Maintainence fee cost $2,500 to SA Fire and Medical Department's budget fund.
[2022/12/23 - 12:00:05] Vehicle ID 0 (Slot ID 455) Maintainence fee cost $0 to SA Fire and Medical Department's budget fund.
[2022/12/23 - 13:00:48] The faction vault is at $470,704.
[2022/12/23 - 13:00:48] SA Gov Paid $50,000 to SA Fire and Medical Department budget fund.
[2022/12/23 - 13:00:48] Vehicle ID 0 (Slot ID 31) Maintainence fee cost $2,500 to SA Fire and Medical Department's budget fund.
[2022/12/23 - 13:00:48] Vehicle ID 0 (Slot ID 37) Maintainence fee cost $3,000 to SA Fire and Medical Department's budget fund.
[2022/12/23 - 13:00:48] Vehicle ID 0 (Slot ID 56) Maintainence fee cost $0 to SA Fire and Medical Department's budget fund.
[2022/12/23 - 13:00:48] Vehicle ID 0 (Slot ID 59) Maintainence fee cost $0 to SA Fire and Medical Department's budget fund.
[2022/12/23 - 13:00:48] Vehicle ID 0 (Slot ID 65) Maintainence fee cost $0 to SA Fire and Medical Department's budget fund.
[2022/12/23 - 13:00:48] Vehicle ID 0 (Slot ID 76) Maintainence fee cost $0 to SA Fire and Medical Department's budget fund.
[2022/12/23 - 13:00:48] Vehicle ID 0 (Slot ID 103) Maintainence fee cost $2,500 to SA Fire and Medical Department's budget fund.
[2022/12/23 - 13:00:48] Vehicle ID 0 (Slot ID 108) Maintainence fee cost $2,500 to SA Fire and Medical Department's budget fund.
[2022/12/23 - 13:00:48] Vehicle ID 0 (Slot ID 111) Maintainence fee cost $2,500 to SA Fire and Medical Department's budget fund.
[2022/12/23 - 13:00:48] Vehicle ID 0 (Slot ID 132) Maintainence fee cost $3,000 to SA Fire and Medical Department's budget fund.
[2022/12/23 - 13:00:48] Vehicle ID 0 (Slot ID 150) Maintainence fee cost $3,000 to SA Fire and Medical Department's budget fund.
[2022/12/23 - 13:00:48] Vehicle ID 0 (Slot ID 160) Maintainence fee cost $2,500 to SA Fire and Medical Department's budget fund.
[2022/12/23 - 13:00:48] Vehicle ID 0 (Slot ID 162) Maintainence fee cost $0 to SA Fire and Medical Department's budget fund.
[2022/12/23 - 13:00:48] Vehicle ID 0 (Slot ID 173) Maintainence fee cost $0 to SA Fire and Medical Department's budget fund.
[2022/12/23 - 13:00:48] Vehicle ID 0 (Slot ID 187) Maintainence fee cost $0 to SA Fire and Medical Department's budget fund.
[2022/12/23 - 13:00:48] Vehicle ID 0 (Slot ID 191) Maintainence fee cost $0 to SA Fire and Medical Department's budget fund.
[2022/12/23 - 13:00:48] Vehicle ID 0 (Slot ID 194) Maintainence fee cost $0 to SA Fire and Medical Department's budget fund.
[2022/12/23 - 13:00:48] Vehicle ID 0 (Slot ID 205) Maintainence fee cost $0 to SA Fire and Medical Department's budget fund.
[2022/12/23 - 13:00:48] Vehicle ID 0 (Slot ID 207) Maintainence fee cost $3,500 to SA Fire and Medical Department's budget fund.
[2022/12/23 - 13:00:48] Vehicle ID 0 (Slot ID 219) Maintainence fee cost $3,000 to SA Fire and Medical Department's budget fund.
[2022/12/23 - 13:00:48] Vehicle ID 0 (Slot ID 224) Maintainence fee cost $3,000 to SA Fire and Medical Department's budget fund.
[2022/12/23 - 13:00:48] Vehicle ID 0 (Slot ID 227) Maintainence fee cost $3,000 to SA Fire and Medical Department's budget fund.
[2022/12/23 - 13:00:48] Vehicle ID 0 (Slot ID 240) Maintainence fee cost $3,500 to SA Fire and Medical Department's budget fund.
[2022/12/23 - 13:00:48] Vehicle ID 0 (Slot ID 255) Maintainence fee cost $2,500 to SA Fire and Medical Department's budget fund.
[2022/12/23 - 13:00:48] Vehicle ID 0 (Slot ID 345) Maintainence fee cost $2,000 to SA Fire and Medical Department's budget fund.
[2022/12/23 - 13:00:48] Vehicle ID 0 (Slot ID 363) Maintainence fee cost $0 to SA Fire and Medical Department's budget fund.
[2022/12/23 - 13:00:48] Vehicle ID 0 (Slot ID 388) Maintainence fee cost $2,500 to SA Fire and Medical Department's budget fund.
[2022/12/23 - 13:00:48] Vehicle ID 0 (Slot ID 443) Maintainence fee cost $2,500 to SA Fire and Medical Department's budget fund.
[2022/12/23 - 13:00:48] Vehicle ID 0 (Slot ID 455) Maintainence fee cost $0 to SA Fire and Medical Department's budget fund.
[2022/12/23 - 14:00:44] The faction vault is at $473,704.
[2022/12/23 - 14:00:44] SA Gov Paid $50,000 to SA Fire and Medical Department budget fund.
[2022/12/23 - 14:00:44] Vehicle ID 0 (Slot ID 31) Maintainence fee cost $2,500 to SA Fire and Medical Department's budget fund.
[2022/12/23 - 14:00:44] Vehicle ID 0 (Slot ID 37) Maintainence fee cost $3,000 to SA Fire and Medical Department's budget fund.
[2022/12/23 - 14:00:44] Vehicle ID 0 (Slot ID 56) Maintainence fee cost $0 to SA Fire and Medical Department's budget fund.
[2022/12/23 - 14:00:44] Vehicle ID 0 (Slot ID 59) Maintainence fee cost $0 to SA Fire and Medical Department's budget fund.
[2022/12/23 - 14:00:44] Vehicle ID 0 (Slot ID 65) Maintainence fee cost $0 to SA Fire and Medical Department's budget fund.
[2022/12/23 - 14:00:44] Vehicle ID 0 (Slot ID 76) Maintainence fee cost $0 to SA Fire and Medical Department's budget fund.
[2022/12/23 - 14:00:44] Vehicle ID 0 (Slot ID 103) Maintainence fee cost $2,500 to SA Fire and Medical Department's budget fund.
[2022/12/23 - 14:00:44] Vehicle ID 0 (Slot ID 108) Maintainence fee cost $2,500 to SA Fire and Medical Department's budget fund.
[2022/12/23 - 14:00:44] Vehicle ID 0 (Slot ID 111) Maintainence fee cost $2,500 to SA Fire and Medical Department's budget fund.
[2022/12/23 - 14:00:44] Vehicle ID 0 (Slot ID 132) Maintainence fee cost $3,000 to SA Fire and Medical Department's budget fund.
[2022/12/23 - 14:00:44] Vehicle ID 0 (Slot ID 150) Maintainence fee cost $3,000 to SA Fire and Medical Department's budget fund.
[2022/12/23 - 14:00:44] Vehicle ID 0 (Slot ID 160) Maintainence fee cost $2,500 to SA Fire and Medical Department's budget fund.
[2022/12/23 - 14:00:44] Vehicle ID 0 (Slot ID 162) Maintainence fee cost $0 to SA Fire and Medical Department's budget fund.
[2022/12/23 - 14:00:44] Vehicle ID 0 (Slot ID 173) Maintainence fee cost $0 to SA Fire and Medical Department's budget fund.
[2022/12/23 - 14:00:44] Vehicle ID 0 (Slot ID 187) Maintainence fee cost $0 to SA Fire and Medical Department's budget fund.
[2022/12/23 - 14:00:44] Vehicle ID 0 (Slot ID 191) Maintainence fee cost $0 to SA Fire and Medical Department's budget fund.
[2022/12/23 - 14:00:44] Vehicle ID 0 (Slot ID 194) Maintainence fee cost $0 to SA Fire and Medical Department's budget fund.
[2022/12/23 - 14:00:44] Vehicle ID 0 (Slot ID 205) Maintainence fee cost $0 to SA Fire and Medical Department's budget fund.
[2022/12/23 - 14:00:44] Vehicle ID 0 (Slot ID 207) Maintainence fee cost $3,500 to SA Fire and Medical Department's budget fund.
[2022/12/23 - 14:00:44] Vehicle ID 0 (Slot ID 219) Maintainence fee cost $3,000 to SA Fire and Medical Department's budget fund.
[2022/12/23 - 14:00:44] Vehicle ID 0 (Slot ID 224) Maintainence fee cost $3,000 to SA Fire and Medical Department's budget fund.
[2022/12/23 - 14:00:44] Vehicle ID 0 (Slot ID 227) Maintainence fee cost $3,000 to SA Fire and Medical Department's budget fund.
[2022/12/23 - 14:00:44] Vehicle ID 0 (Slot ID 240) Maintainence fee cost $3,500 to SA Fire and Medical Department's budget fund.
[2022/12/23 - 14:00:44] Vehicle ID 0 (Slot ID 255) Maintainence fee cost $2,500 to SA Fire and Medical Department's budget fund.
[2022/12/23 - 14:00:44] Vehicle ID 0 (Slot ID 345) Maintainence fee cost $2,000 to SA Fire and Medical Department's budget fund.
[2022/12/23 - 14:00:44] Vehicle ID 0 (Slot ID 363) Maintainence fee cost $0 to SA Fire and Medical Department's budget fund.
[2022/12/23 - 14:00:44] Vehicle ID 0 (Slot ID 388) Maintainence fee cost $2,500 to SA Fire and Medical Department's budget fund.
[2022/12/23 - 14:00:44] Vehicle ID 0 (Slot ID 443) Maintainence fee cost $2,500 to SA Fire and Medical Department's budget fund.
[2022/12/23 - 14:00:44] Vehicle ID 0 (Slot ID 455) Maintainence fee cost $0 to SA Fire and Medical Department's budget fund.
