[2018/1/3 - 0:00:16] The faction vault is at $10,505,375.
[2018/1/3 - 0:00:16] SA Gov Paid $80,000 to FBI budget fund.
[2018/1/3 - 0:00:16] Vehicle ID 184 (Slot ID 4) Maintainence fee cost $3,000 to FBI's budget fund.
[2018/1/3 - 0:00:16] Vehicle ID 196 (Slot ID 16) Maintainence fee cost $3,000 to FBI's budget fund.
[2018/1/3 - 0:00:16] Vehicle ID 219 (Slot ID 53) Maintainence fee cost $3,500 to FBI's budget fund.
[2018/1/3 - 0:00:16] Vehicle ID 266 (Slot ID 112) Maintainence fee cost $2,500 to FBI's budget fund.
[2018/1/3 - 0:00:16] Vehicle ID 272 (Slot ID 118) Maintainence fee cost $3,000 to FBI's budget fund.
[2018/1/3 - 0:00:16] Vehicle ID 278 (Slot ID 127) Maintainence fee cost $3,500 to FBI's budget fund.
[2018/1/3 - 0:00:16] Vehicle ID 0 (Slot ID 217) Maintainence fee cost $2,500 to FBI's budget fund.
[2018/1/3 - 0:00:16] Vehicle ID 377 (Slot ID 246) Maintainence fee cost $4,500 to FBI's budget fund.
[2018/1/3 - 0:00:16] Vehicle ID 397 (Slot ID 271) Maintainence fee cost $3,500 to FBI's budget fund.
[2018/1/3 - 0:00:16] Vehicle ID 399 (Slot ID 273) Maintainence fee cost $4,500 to FBI's budget fund.
[2018/1/3 - 0:00:16] Vehicle ID 400 (Slot ID 277) Maintainence fee cost $2,500 to FBI's budget fund.
[2018/1/3 - 0:00:16] Vehicle ID 0 (Slot ID 297) Maintainence fee cost $3,000 to FBI's budget fund.
[2018/1/3 - 0:00:16] Vehicle ID 409 (Slot ID 298) Maintainence fee cost $2,500 to FBI's budget fund.
[2018/1/3 - 0:00:16] Vehicle ID 0 (Slot ID 316) Maintainence fee cost $2,500 to FBI's budget fund.
[2018/1/3 - 0:00:16] Vehicle ID 65535 (Slot ID 404) Maintainence fee cost $0 to FBI's budget fund.
[2018/1/3 - 0:00:16] Vehicle ID 0 (Slot ID 407) Maintainence fee cost $500 to FBI's budget fund.
[2018/1/3 - 0:00:16] Vehicle ID 434 (Slot ID 424) Maintainence fee cost $3,500 to FBI's budget fund.
[2018/1/3 - 0:00:16] Vehicle ID 0 (Slot ID 488) Maintainence fee cost $3,500 to FBI's budget fund.
[2018/1/3 - 0:00:16] Vehicle ID 0 (Slot ID 491) Maintainence fee cost $5,000 to FBI's budget fund.
[2018/1/3 - 0:00:16] Vehicle ID 0 (Slot ID 494) Maintainence fee cost $2,000 to FBI's budget fund.
[2018/1/3 - 0:00:16] Vehicle ID 445 (Slot ID 504) Maintainence fee cost $2,500 to FBI's budget fund.
[2018/1/3 - 0:00:16] Vehicle ID 0 (Slot ID 510) Maintainence fee cost $2,500 to FBI's budget fund.
[2018/1/3 - 0:00:16] Vehicle ID 448 (Slot ID 515) Maintainence fee cost $3,000 to FBI's budget fund.
[2018/1/3 - 0:00:16] Vehicle ID 0 (Slot ID 521) Maintainence fee cost $2,500 to FBI's budget fund.
[2018/1/3 - 0:00:16] Vehicle ID 0 (Slot ID 573) Maintainence fee cost $3,500 to FBI's budget fund.
[2018/1/3 - 0:00:16] Vehicle ID 0 (Slot ID 583) Maintainence fee cost $250 to FBI's budget fund.
[2018/1/3 - 0:00:16] Vehicle ID 451 (Slot ID 594) Maintainence fee cost $3,500 to FBI's budget fund.
[2018/1/3 - 0:00:16] Vehicle ID 0 (Slot ID 601) Maintainence fee cost $3,000 to FBI's budget fund.
[2018/1/3 - 0:00:16] Vehicle ID 65535 (Slot ID 620) Maintainence fee cost $5,000 to FBI's budget fund.
[2018/1/3 - 0:00:16] Vehicle ID 0 (Slot ID 656) Maintainence fee cost $3,000 to FBI's budget fund.
[2018/1/3 - 0:00:16] Vehicle ID 0 (Slot ID 664) Maintainence fee cost $2,500 to FBI's budget fund.
[2018/1/3 - 0:00:16] Vehicle ID 0 (Slot ID 672) Maintainence fee cost $2,500 to FBI's budget fund.
[2018/1/3 - 0:00:16] Vehicle ID 0 (Slot ID 680) Maintainence fee cost $2,500 to FBI's budget fund.
[2018/1/3 - 0:31:39] Vehicle Slot ID 4 RTB fee cost $1500 to FBI's budget fund.
[2018/1/3 - 1:00:56] The faction vault is at $10,496,325.
[2018/1/3 - 1:00:56] Vehicle ID 184 (Slot ID 4) Maintainence fee cost $3,000 to FBI's budget fund.
[2018/1/3 - 1:00:56] Vehicle ID 196 (Slot ID 16) Maintainence fee cost $3,000 to FBI's budget fund.
[2018/1/3 - 1:00:56] Vehicle ID 219 (Slot ID 53) Maintainence fee cost $3,500 to FBI's budget fund.
[2018/1/3 - 1:00:56] Vehicle ID 266 (Slot ID 112) Maintainence fee cost $2,500 to FBI's budget fund.
[2018/1/3 - 1:00:56] Vehicle ID 272 (Slot ID 118) Maintainence fee cost $3,000 to FBI's budget fund.
[2018/1/3 - 1:00:56] Vehicle ID 278 (Slot ID 127) Maintainence fee cost $3,500 to FBI's budget fund.
[2018/1/3 - 1:00:56] Vehicle ID 0 (Slot ID 217) Maintainence fee cost $2,500 to FBI's budget fund.
[2018/1/3 - 1:00:56] Vehicle ID 377 (Slot ID 246) Maintainence fee cost $4,500 to FBI's budget fund.
[2018/1/3 - 1:00:56] Vehicle ID 397 (Slot ID 271) Maintainence fee cost $3,500 to FBI's budget fund.
[2018/1/3 - 1:00:56] Vehicle ID 399 (Slot ID 273) Maintainence fee cost $4,500 to FBI's budget fund.
[2018/1/3 - 1:00:56] Vehicle ID 400 (Slot ID 277) Maintainence fee cost $2,500 to FBI's budget fund.
[2018/1/3 - 1:00:56] Vehicle ID 0 (Slot ID 297) Maintainence fee cost $3,000 to FBI's budget fund.
[2018/1/3 - 1:00:56] Vehicle ID 409 (Slot ID 298) Maintainence fee cost $2,500 to FBI's budget fund.
[2018/1/3 - 1:00:56] Vehicle ID 0 (Slot ID 316) Maintainence fee cost $2,500 to FBI's budget fund.
[2018/1/3 - 1:00:56] Vehicle ID 65535 (Slot ID 404) Maintainence fee cost $0 to FBI's budget fund.
[2018/1/3 - 1:00:56] Vehicle ID 0 (Slot ID 407) Maintainence fee cost $500 to FBI's budget fund.
[2018/1/3 - 1:00:56] Vehicle ID 434 (Slot ID 424) Maintainence fee cost $3,500 to FBI's budget fund.
[2018/1/3 - 1:00:56] Vehicle ID 0 (Slot ID 488) Maintainence fee cost $3,500 to FBI's budget fund.
[2018/1/3 - 1:00:56] Vehicle ID 0 (Slot ID 491) Maintainence fee cost $5,000 to FBI's budget fund.
[2018/1/3 - 1:00:56] Vehicle ID 0 (Slot ID 494) Maintainence fee cost $2,000 to FBI's budget fund.
[2018/1/3 - 1:00:56] Vehicle ID 445 (Slot ID 504) Maintainence fee cost $2,500 to FBI's budget fund.
[2018/1/3 - 1:00:56] Vehicle ID 0 (Slot ID 510) Maintainence fee cost $2,500 to FBI's budget fund.
[2018/1/3 - 1:00:56] Vehicle ID 448 (Slot ID 515) Maintainence fee cost $3,000 to FBI's budget fund.
[2018/1/3 - 1:00:56] Vehicle ID 0 (Slot ID 521) Maintainence fee cost $2,500 to FBI's budget fund.
[2018/1/3 - 1:00:56] Vehicle ID 0 (Slot ID 573) Maintainence fee cost $3,500 to FBI's budget fund.
[2018/1/3 - 1:00:56] Vehicle ID 0 (Slot ID 583) Maintainence fee cost $250 to FBI's budget fund.
[2018/1/3 - 1:00:56] Vehicle ID 451 (Slot ID 594) Maintainence fee cost $3,500 to FBI's budget fund.
[2018/1/3 - 1:00:56] Vehicle ID 0 (Slot ID 601) Maintainence fee cost $3,000 to FBI's budget fund.
[2018/1/3 - 1:00:56] Vehicle ID 65535 (Slot ID 620) Maintainence fee cost $5,000 to FBI's budget fund.
[2018/1/3 - 1:00:56] Vehicle ID 0 (Slot ID 656) Maintainence fee cost $3,000 to FBI's budget fund.
[2018/1/3 - 1:00:56] Vehicle ID 0 (Slot ID 664) Maintainence fee cost $2,500 to FBI's budget fund.
[2018/1/3 - 1:00:56] Vehicle ID 0 (Slot ID 672) Maintainence fee cost $2,500 to FBI's budget fund.
[2018/1/3 - 1:00:56] Vehicle ID 0 (Slot ID 680) Maintainence fee cost $2,500 to FBI's budget fund.
[2018/1/3 - 2:00:48] The faction vault is at $10,405,175.
[2018/1/3 - 2:00:48] SA Gov Paid $80,000 to FBI budget fund.
[2018/1/3 - 2:00:48] Vehicle ID 184 (Slot ID 4) Maintainence fee cost $3,000 to FBI's budget fund.
[2018/1/3 - 2:00:48] Vehicle ID 196 (Slot ID 16) Maintainence fee cost $3,000 to FBI's budget fund.
[2018/1/3 - 2:00:48] Vehicle ID 219 (Slot ID 53) Maintainence fee cost $3,500 to FBI's budget fund.
[2018/1/3 - 2:00:48] Vehicle ID 266 (Slot ID 112) Maintainence fee cost $2,500 to FBI's budget fund.
[2018/1/3 - 2:00:48] Vehicle ID 272 (Slot ID 118) Maintainence fee cost $3,000 to FBI's budget fund.
[2018/1/3 - 2:00:48] Vehicle ID 278 (Slot ID 127) Maintainence fee cost $3,500 to FBI's budget fund.
[2018/1/3 - 2:00:48] Vehicle ID 0 (Slot ID 217) Maintainence fee cost $2,500 to FBI's budget fund.
[2018/1/3 - 2:00:48] Vehicle ID 377 (Slot ID 246) Maintainence fee cost $4,500 to FBI's budget fund.
[2018/1/3 - 2:00:48] Vehicle ID 397 (Slot ID 271) Maintainence fee cost $3,500 to FBI's budget fund.
[2018/1/3 - 2:00:48] Vehicle ID 399 (Slot ID 273) Maintainence fee cost $4,500 to FBI's budget fund.
[2018/1/3 - 2:00:48] Vehicle ID 400 (Slot ID 277) Maintainence fee cost $2,500 to FBI's budget fund.
[2018/1/3 - 2:00:48] Vehicle ID 0 (Slot ID 297) Maintainence fee cost $3,000 to FBI's budget fund.
[2018/1/3 - 2:00:48] Vehicle ID 409 (Slot ID 298) Maintainence fee cost $2,500 to FBI's budget fund.
[2018/1/3 - 2:00:48] Vehicle ID 0 (Slot ID 316) Maintainence fee cost $2,500 to FBI's budget fund.
[2018/1/3 - 2:00:48] Vehicle ID 65535 (Slot ID 404) Maintainence fee cost $0 to FBI's budget fund.
[2018/1/3 - 2:00:48] Vehicle ID 0 (Slot ID 407) Maintainence fee cost $500 to FBI's budget fund.
[2018/1/3 - 2:00:48] Vehicle ID 434 (Slot ID 424) Maintainence fee cost $3,500 to FBI's budget fund.
[2018/1/3 - 2:00:48] Vehicle ID 0 (Slot ID 488) Maintainence fee cost $3,500 to FBI's budget fund.
[2018/1/3 - 2:00:48] Vehicle ID 0 (Slot ID 491) Maintainence fee cost $5,000 to FBI's budget fund.
[2018/1/3 - 2:00:48] Vehicle ID 0 (Slot ID 494) Maintainence fee cost $2,000 to FBI's budget fund.
[2018/1/3 - 2:00:48] Vehicle ID 445 (Slot ID 504) Maintainence fee cost $2,500 to FBI's budget fund.
[2018/1/3 - 2:00:48] Vehicle ID 0 (Slot ID 510) Maintainence fee cost $2,500 to FBI's budget fund.
[2018/1/3 - 2:00:48] Vehicle ID 448 (Slot ID 515) Maintainence fee cost $3,000 to FBI's budget fund.
[2018/1/3 - 2:00:48] Vehicle ID 0 (Slot ID 521) Maintainence fee cost $2,500 to FBI's budget fund.
[2018/1/3 - 2:00:48] Vehicle ID 0 (Slot ID 573) Maintainence fee cost $3,500 to FBI's budget fund.
[2018/1/3 - 2:00:48] Vehicle ID 0 (Slot ID 583) Maintainence fee cost $250 to FBI's budget fund.
[2018/1/3 - 2:00:48] Vehicle ID 451 (Slot ID 594) Maintainence fee cost $3,500 to FBI's budget fund.
[2018/1/3 - 2:00:48] Vehicle ID 0 (Slot ID 601) Maintainence fee cost $3,000 to FBI's budget fund.
[2018/1/3 - 2:00:48] Vehicle ID 65535 (Slot ID 620) Maintainence fee cost $5,000 to FBI's budget fund.
[2018/1/3 - 2:00:48] Vehicle ID 0 (Slot ID 656) Maintainence fee cost $3,000 to FBI's budget fund.
[2018/1/3 - 2:00:48] Vehicle ID 0 (Slot ID 664) Maintainence fee cost $2,500 to FBI's budget fund.
[2018/1/3 - 2:00:48] Vehicle ID 0 (Slot ID 672) Maintainence fee cost $2,500 to FBI's budget fund.
[2018/1/3 - 2:00:48] Vehicle ID 0 (Slot ID 680) Maintainence fee cost $2,500 to FBI's budget fund.
[2018/1/3 - 3:00:46] The faction vault is at $10,397,025.
[2018/1/3 - 3:00:46] Vehicle ID 184 (Slot ID 4) Maintainence fee cost $3,000 to FBI's budget fund.
[2018/1/3 - 3:00:46] Vehicle ID 196 (Slot ID 16) Maintainence fee cost $3,000 to FBI's budget fund.
[2018/1/3 - 3:00:46] Vehicle ID 219 (Slot ID 53) Maintainence fee cost $3,500 to FBI's budget fund.
[2018/1/3 - 3:00:46] Vehicle ID 266 (Slot ID 112) Maintainence fee cost $2,500 to FBI's budget fund.
[2018/1/3 - 3:00:46] Vehicle ID 272 (Slot ID 118) Maintainence fee cost $3,000 to FBI's budget fund.
[2018/1/3 - 3:00:46] Vehicle ID 278 (Slot ID 127) Maintainence fee cost $3,500 to FBI's budget fund.
[2018/1/3 - 3:00:46] Vehicle ID 0 (Slot ID 217) Maintainence fee cost $2,500 to FBI's budget fund.
[2018/1/3 - 3:00:46] Vehicle ID 377 (Slot ID 246) Maintainence fee cost $4,500 to FBI's budget fund.
[2018/1/3 - 3:00:46] Vehicle ID 397 (Slot ID 271) Maintainence fee cost $3,500 to FBI's budget fund.
[2018/1/3 - 3:00:46] Vehicle ID 399 (Slot ID 273) Maintainence fee cost $4,500 to FBI's budget fund.
[2018/1/3 - 3:00:46] Vehicle ID 400 (Slot ID 277) Maintainence fee cost $2,500 to FBI's budget fund.
[2018/1/3 - 3:00:46] Vehicle ID 0 (Slot ID 297) Maintainence fee cost $3,000 to FBI's budget fund.
[2018/1/3 - 3:00:46] Vehicle ID 409 (Slot ID 298) Maintainence fee cost $2,500 to FBI's budget fund.
[2018/1/3 - 3:00:46] Vehicle ID 0 (Slot ID 316) Maintainence fee cost $2,500 to FBI's budget fund.
[2018/1/3 - 3:00:46] Vehicle ID 65535 (Slot ID 404) Maintainence fee cost $0 to FBI's budget fund.
[2018/1/3 - 3:00:46] Vehicle ID 0 (Slot ID 407) Maintainence fee cost $500 to FBI's budget fund.
[2018/1/3 - 3:00:46] Vehicle ID 434 (Slot ID 424) Maintainence fee cost $3,500 to FBI's budget fund.
[2018/1/3 - 3:00:46] Vehicle ID 0 (Slot ID 488) Maintainence fee cost $3,500 to FBI's budget fund.
[2018/1/3 - 3:00:46] Vehicle ID 0 (Slot ID 491) Maintainence fee cost $5,000 to FBI's budget fund.
[2018/1/3 - 3:00:46] Vehicle ID 0 (Slot ID 494) Maintainence fee cost $2,000 to FBI's budget fund.
[2018/1/3 - 3:00:46] Vehicle ID 445 (Slot ID 504) Maintainence fee cost $2,500 to FBI's budget fund.
[2018/1/3 - 3:00:46] Vehicle ID 0 (Slot ID 510) Maintainence fee cost $2,500 to FBI's budget fund.
[2018/1/3 - 3:00:46] Vehicle ID 448 (Slot ID 515) Maintainence fee cost $3,000 to FBI's budget fund.
[2018/1/3 - 3:00:46] Vehicle ID 0 (Slot ID 521) Maintainence fee cost $2,500 to FBI's budget fund.
[2018/1/3 - 3:00:46] Vehicle ID 0 (Slot ID 573) Maintainence fee cost $3,500 to FBI's budget fund.
[2018/1/3 - 3:00:46] Vehicle ID 0 (Slot ID 583) Maintainence fee cost $250 to FBI's budget fund.
[2018/1/3 - 3:00:46] Vehicle ID 451 (Slot ID 594) Maintainence fee cost $3,500 to FBI's budget fund.
[2018/1/3 - 3:00:46] Vehicle ID 0 (Slot ID 601) Maintainence fee cost $3,000 to FBI's budget fund.
[2018/1/3 - 3:00:46] Vehicle ID 65535 (Slot ID 620) Maintainence fee cost $5,000 to FBI's budget fund.
[2018/1/3 - 3:00:46] Vehicle ID 0 (Slot ID 656) Maintainence fee cost $3,000 to FBI's budget fund.
[2018/1/3 - 3:00:46] Vehicle ID 0 (Slot ID 664) Maintainence fee cost $2,500 to FBI's budget fund.
[2018/1/3 - 3:00:46] Vehicle ID 0 (Slot ID 672) Maintainence fee cost $2,500 to FBI's budget fund.
[2018/1/3 - 3:00:46] Vehicle ID 0 (Slot ID 680) Maintainence fee cost $2,500 to FBI's budget fund.
[2018/1/3 - 4:00:48] The faction vault is at $10,307,675.
[2018/1/3 - 4:00:48] SA Gov Paid $80,000 to FBI budget fund.
[2018/1/3 - 4:00:48] Vehicle ID 184 (Slot ID 4) Maintainence fee cost $3,000 to FBI's budget fund.
[2018/1/3 - 4:00:48] Vehicle ID 196 (Slot ID 16) Maintainence fee cost $3,000 to FBI's budget fund.
[2018/1/3 - 4:00:48] Vehicle ID 219 (Slot ID 53) Maintainence fee cost $3,500 to FBI's budget fund.
[2018/1/3 - 4:00:48] Vehicle ID 266 (Slot ID 112) Maintainence fee cost $2,500 to FBI's budget fund.
[2018/1/3 - 4:00:48] Vehicle ID 272 (Slot ID 118) Maintainence fee cost $3,000 to FBI's budget fund.
[2018/1/3 - 4:00:48] Vehicle ID 278 (Slot ID 127) Maintainence fee cost $3,500 to FBI's budget fund.
[2018/1/3 - 4:00:48] Vehicle ID 0 (Slot ID 217) Maintainence fee cost $2,500 to FBI's budget fund.
[2018/1/3 - 4:00:48] Vehicle ID 377 (Slot ID 246) Maintainence fee cost $4,500 to FBI's budget fund.
[2018/1/3 - 4:00:48] Vehicle ID 397 (Slot ID 271) Maintainence fee cost $3,500 to FBI's budget fund.
[2018/1/3 - 4:00:48] Vehicle ID 399 (Slot ID 273) Maintainence fee cost $4,500 to FBI's budget fund.
[2018/1/3 - 4:00:48] Vehicle ID 400 (Slot ID 277) Maintainence fee cost $2,500 to FBI's budget fund.
[2018/1/3 - 4:00:48] Vehicle ID 0 (Slot ID 297) Maintainence fee cost $3,000 to FBI's budget fund.
[2018/1/3 - 4:00:48] Vehicle ID 409 (Slot ID 298) Maintainence fee cost $2,500 to FBI's budget fund.
[2018/1/3 - 4:00:48] Vehicle ID 0 (Slot ID 316) Maintainence fee cost $2,500 to FBI's budget fund.
[2018/1/3 - 4:00:48] Vehicle ID 65535 (Slot ID 404) Maintainence fee cost $0 to FBI's budget fund.
[2018/1/3 - 4:00:48] Vehicle ID 0 (Slot ID 407) Maintainence fee cost $500 to FBI's budget fund.
[2018/1/3 - 4:00:48] Vehicle ID 434 (Slot ID 424) Maintainence fee cost $3,500 to FBI's budget fund.
[2018/1/3 - 4:00:48] Vehicle ID 0 (Slot ID 488) Maintainence fee cost $3,500 to FBI's budget fund.
[2018/1/3 - 4:00:48] Vehicle ID 0 (Slot ID 491) Maintainence fee cost $5,000 to FBI's budget fund.
[2018/1/3 - 4:00:48] Vehicle ID 0 (Slot ID 494) Maintainence fee cost $2,000 to FBI's budget fund.
[2018/1/3 - 4:00:48] Vehicle ID 445 (Slot ID 504) Maintainence fee cost $2,500 to FBI's budget fund.
[2018/1/3 - 4:00:48] Vehicle ID 0 (Slot ID 510) Maintainence fee cost $2,500 to FBI's budget fund.
[2018/1/3 - 4:00:48] Vehicle ID 448 (Slot ID 515) Maintainence fee cost $3,000 to FBI's budget fund.
[2018/1/3 - 4:00:48] Vehicle ID 0 (Slot ID 521) Maintainence fee cost $2,500 to FBI's budget fund.
[2018/1/3 - 4:00:48] Vehicle ID 0 (Slot ID 573) Maintainence fee cost $3,500 to FBI's budget fund.
[2018/1/3 - 4:00:48] Vehicle ID 0 (Slot ID 583) Maintainence fee cost $250 to FBI's budget fund.
[2018/1/3 - 4:00:48] Vehicle ID 451 (Slot ID 594) Maintainence fee cost $3,500 to FBI's budget fund.
[2018/1/3 - 4:00:48] Vehicle ID 0 (Slot ID 601) Maintainence fee cost $3,000 to FBI's budget fund.
[2018/1/3 - 4:00:48] Vehicle ID 65535 (Slot ID 620) Maintainence fee cost $5,000 to FBI's budget fund.
[2018/1/3 - 4:00:48] Vehicle ID 0 (Slot ID 656) Maintainence fee cost $3,000 to FBI's budget fund.
[2018/1/3 - 4:00:48] Vehicle ID 0 (Slot ID 664) Maintainence fee cost $2,500 to FBI's budget fund.
[2018/1/3 - 4:00:48] Vehicle ID 0 (Slot ID 672) Maintainence fee cost $2,500 to FBI's budget fund.
[2018/1/3 - 4:00:48] Vehicle ID 0 (Slot ID 680) Maintainence fee cost $2,500 to FBI's budget fund.
[2018/1/3 - 4:08:19] Vehicle Slot ID 424 RTB fee cost $1750 to FBI's budget fund.
[2018/1/3 - 5:00:53] The faction vault is at $10,293,975.
[2018/1/3 - 5:00:53] SA Gov Paid $80,000 to FBI budget fund.
[2018/1/3 - 5:00:53] Vehicle ID 184 (Slot ID 4) Maintainence fee cost $3,000 to FBI's budget fund.
[2018/1/3 - 5:00:53] Vehicle ID 196 (Slot ID 16) Maintainence fee cost $3,000 to FBI's budget fund.
[2018/1/3 - 5:00:53] Vehicle ID 219 (Slot ID 53) Maintainence fee cost $3,500 to FBI's budget fund.
[2018/1/3 - 5:00:53] Vehicle ID 266 (Slot ID 112) Maintainence fee cost $2,500 to FBI's budget fund.
[2018/1/3 - 5:00:53] Vehicle ID 272 (Slot ID 118) Maintainence fee cost $3,000 to FBI's budget fund.
[2018/1/3 - 5:00:53] Vehicle ID 278 (Slot ID 127) Maintainence fee cost $3,500 to FBI's budget fund.
[2018/1/3 - 5:00:53] Vehicle ID 0 (Slot ID 217) Maintainence fee cost $2,500 to FBI's budget fund.
[2018/1/3 - 5:00:53] Vehicle ID 377 (Slot ID 246) Maintainence fee cost $4,500 to FBI's budget fund.
[2018/1/3 - 5:00:53] Vehicle ID 397 (Slot ID 271) Maintainence fee cost $3,500 to FBI's budget fund.
[2018/1/3 - 5:00:53] Vehicle ID 399 (Slot ID 273) Maintainence fee cost $4,500 to FBI's budget fund.
[2018/1/3 - 5:00:53] Vehicle ID 400 (Slot ID 277) Maintainence fee cost $2,500 to FBI's budget fund.
[2018/1/3 - 5:00:53] Vehicle ID 0 (Slot ID 297) Maintainence fee cost $3,000 to FBI's budget fund.
[2018/1/3 - 5:00:53] Vehicle ID 409 (Slot ID 298) Maintainence fee cost $2,500 to FBI's budget fund.
[2018/1/3 - 5:00:53] Vehicle ID 0 (Slot ID 316) Maintainence fee cost $2,500 to FBI's budget fund.
[2018/1/3 - 5:00:53] Vehicle ID 65535 (Slot ID 404) Maintainence fee cost $0 to FBI's budget fund.
[2018/1/3 - 5:00:53] Vehicle ID 0 (Slot ID 407) Maintainence fee cost $500 to FBI's budget fund.
[2018/1/3 - 5:00:53] Vehicle ID 434 (Slot ID 424) Maintainence fee cost $3,500 to FBI's budget fund.
[2018/1/3 - 5:00:53] Vehicle ID 0 (Slot ID 488) Maintainence fee cost $3,500 to FBI's budget fund.
[2018/1/3 - 5:00:53] Vehicle ID 0 (Slot ID 491) Maintainence fee cost $5,000 to FBI's budget fund.
[2018/1/3 - 5:00:53] Vehicle ID 0 (Slot ID 494) Maintainence fee cost $2,000 to FBI's budget fund.
[2018/1/3 - 5:00:53] Vehicle ID 445 (Slot ID 504) Maintainence fee cost $2,500 to FBI's budget fund.
[2018/1/3 - 5:00:53] Vehicle ID 0 (Slot ID 510) Maintainence fee cost $2,500 to FBI's budget fund.
[2018/1/3 - 5:00:53] Vehicle ID 448 (Slot ID 515) Maintainence fee cost $3,000 to FBI's budget fund.
[2018/1/3 - 5:00:53] Vehicle ID 0 (Slot ID 521) Maintainence fee cost $2,500 to FBI's budget fund.
[2018/1/3 - 5:00:53] Vehicle ID 0 (Slot ID 573) Maintainence fee cost $3,500 to FBI's budget fund.
[2018/1/3 - 5:00:53] Vehicle ID 0 (Slot ID 583) Maintainence fee cost $250 to FBI's budget fund.
[2018/1/3 - 5:00:53] Vehicle ID 451 (Slot ID 594) Maintainence fee cost $3,500 to FBI's budget fund.
[2018/1/3 - 5:00:53] Vehicle ID 0 (Slot ID 601) Maintainence fee cost $3,000 to FBI's budget fund.
[2018/1/3 - 5:00:53] Vehicle ID 65535 (Slot ID 620) Maintainence fee cost $5,000 to FBI's budget fund.
[2018/1/3 - 5:00:53] Vehicle ID 0 (Slot ID 656) Maintainence fee cost $3,000 to FBI's budget fund.
[2018/1/3 - 5:00:53] Vehicle ID 0 (Slot ID 664) Maintainence fee cost $2,500 to FBI's budget fund.
[2018/1/3 - 5:00:53] Vehicle ID 0 (Slot ID 672) Maintainence fee cost $2,500 to FBI's budget fund.
[2018/1/3 - 5:00:53] Vehicle ID 0 (Slot ID 680) Maintainence fee cost $2,500 to FBI's budget fund.
[2018/1/3 - 6:00:59] The faction vault is at $10,281,225.
[2018/1/3 - 6:00:59] SA Gov Paid $80,000 to FBI budget fund.
[2018/1/3 - 6:00:59] Vehicle ID 184 (Slot ID 4) Maintainence fee cost $3,000 to FBI's budget fund.
[2018/1/3 - 6:00:59] Vehicle ID 196 (Slot ID 16) Maintainence fee cost $3,000 to FBI's budget fund.
[2018/1/3 - 6:00:59] Vehicle ID 219 (Slot ID 53) Maintainence fee cost $3,500 to FBI's budget fund.
[2018/1/3 - 6:00:59] Vehicle ID 266 (Slot ID 112) Maintainence fee cost $2,500 to FBI's budget fund.
[2018/1/3 - 6:00:59] Vehicle ID 272 (Slot ID 118) Maintainence fee cost $3,000 to FBI's budget fund.
[2018/1/3 - 6:00:59] Vehicle ID 278 (Slot ID 127) Maintainence fee cost $3,500 to FBI's budget fund.
[2018/1/3 - 6:00:59] Vehicle ID 0 (Slot ID 217) Maintainence fee cost $2,500 to FBI's budget fund.
[2018/1/3 - 6:00:59] Vehicle ID 377 (Slot ID 246) Maintainence fee cost $4,500 to FBI's budget fund.
[2018/1/3 - 6:00:59] Vehicle ID 397 (Slot ID 271) Maintainence fee cost $3,500 to FBI's budget fund.
[2018/1/3 - 6:00:59] Vehicle ID 399 (Slot ID 273) Maintainence fee cost $4,500 to FBI's budget fund.
[2018/1/3 - 6:00:59] Vehicle ID 400 (Slot ID 277) Maintainence fee cost $2,500 to FBI's budget fund.
[2018/1/3 - 6:00:59] Vehicle ID 0 (Slot ID 297) Maintainence fee cost $3,000 to FBI's budget fund.
[2018/1/3 - 6:00:59] Vehicle ID 409 (Slot ID 298) Maintainence fee cost $2,500 to FBI's budget fund.
[2018/1/3 - 6:00:59] Vehicle ID 0 (Slot ID 316) Maintainence fee cost $2,500 to FBI's budget fund.
[2018/1/3 - 6:00:59] Vehicle ID 65535 (Slot ID 404) Maintainence fee cost $0 to FBI's budget fund.
[2018/1/3 - 6:00:59] Vehicle ID 0 (Slot ID 407) Maintainence fee cost $500 to FBI's budget fund.
[2018/1/3 - 6:00:59] Vehicle ID 434 (Slot ID 424) Maintainence fee cost $3,500 to FBI's budget fund.
[2018/1/3 - 6:00:59] Vehicle ID 0 (Slot ID 488) Maintainence fee cost $3,500 to FBI's budget fund.
[2018/1/3 - 6:00:59] Vehicle ID 0 (Slot ID 491) Maintainence fee cost $5,000 to FBI's budget fund.
[2018/1/3 - 6:00:59] Vehicle ID 0 (Slot ID 494) Maintainence fee cost $2,000 to FBI's budget fund.
[2018/1/3 - 6:00:59] Vehicle ID 445 (Slot ID 504) Maintainence fee cost $2,500 to FBI's budget fund.
[2018/1/3 - 6:00:59] Vehicle ID 0 (Slot ID 510) Maintainence fee cost $2,500 to FBI's budget fund.
[2018/1/3 - 6:00:59] Vehicle ID 448 (Slot ID 515) Maintainence fee cost $3,000 to FBI's budget fund.
[2018/1/3 - 6:00:59] Vehicle ID 0 (Slot ID 521) Maintainence fee cost $2,500 to FBI's budget fund.
[2018/1/3 - 6:00:59] Vehicle ID 0 (Slot ID 573) Maintainence fee cost $3,500 to FBI's budget fund.
[2018/1/3 - 6:00:59] Vehicle ID 0 (Slot ID 583) Maintainence fee cost $250 to FBI's budget fund.
[2018/1/3 - 6:00:59] Vehicle ID 451 (Slot ID 594) Maintainence fee cost $3,500 to FBI's budget fund.
[2018/1/3 - 6:00:59] Vehicle ID 0 (Slot ID 601) Maintainence fee cost $3,000 to FBI's budget fund.
[2018/1/3 - 6:00:59] Vehicle ID 65535 (Slot ID 620) Maintainence fee cost $5,000 to FBI's budget fund.
[2018/1/3 - 6:00:59] Vehicle ID 0 (Slot ID 656) Maintainence fee cost $3,000 to FBI's budget fund.
[2018/1/3 - 6:00:59] Vehicle ID 0 (Slot ID 664) Maintainence fee cost $2,500 to FBI's budget fund.
[2018/1/3 - 6:00:59] Vehicle ID 0 (Slot ID 672) Maintainence fee cost $2,500 to FBI's budget fund.
[2018/1/3 - 6:00:59] Vehicle ID 0 (Slot ID 680) Maintainence fee cost $2,500 to FBI's budget fund.
[2018/1/3 - 7:00:05] The faction vault is at $10,269,475.
[2018/1/3 - 7:00:05] SA Gov Paid $80,000 to FBI budget fund.
[2018/1/3 - 7:00:05] Vehicle ID 184 (Slot ID 4) Maintainence fee cost $3,000 to FBI's budget fund.
[2018/1/3 - 7:00:05] Vehicle ID 196 (Slot ID 16) Maintainence fee cost $3,000 to FBI's budget fund.
[2018/1/3 - 7:00:05] Vehicle ID 219 (Slot ID 53) Maintainence fee cost $3,500 to FBI's budget fund.
[2018/1/3 - 7:00:05] Vehicle ID 266 (Slot ID 112) Maintainence fee cost $2,500 to FBI's budget fund.
[2018/1/3 - 7:00:05] Vehicle ID 272 (Slot ID 118) Maintainence fee cost $3,000 to FBI's budget fund.
[2018/1/3 - 7:00:05] Vehicle ID 278 (Slot ID 127) Maintainence fee cost $3,500 to FBI's budget fund.
[2018/1/3 - 7:00:05] Vehicle ID 0 (Slot ID 217) Maintainence fee cost $2,500 to FBI's budget fund.
[2018/1/3 - 7:00:05] Vehicle ID 377 (Slot ID 246) Maintainence fee cost $4,500 to FBI's budget fund.
[2018/1/3 - 7:00:05] Vehicle ID 397 (Slot ID 271) Maintainence fee cost $3,500 to FBI's budget fund.
[2018/1/3 - 7:00:05] Vehicle ID 399 (Slot ID 273) Maintainence fee cost $4,500 to FBI's budget fund.
[2018/1/3 - 7:00:05] Vehicle ID 400 (Slot ID 277) Maintainence fee cost $2,500 to FBI's budget fund.
[2018/1/3 - 7:00:05] Vehicle ID 0 (Slot ID 297) Maintainence fee cost $3,000 to FBI's budget fund.
[2018/1/3 - 7:00:05] Vehicle ID 409 (Slot ID 298) Maintainence fee cost $2,500 to FBI's budget fund.
[2018/1/3 - 7:00:05] Vehicle ID 0 (Slot ID 316) Maintainence fee cost $2,500 to FBI's budget fund.
[2018/1/3 - 7:00:05] Vehicle ID 65535 (Slot ID 404) Maintainence fee cost $0 to FBI's budget fund.
[2018/1/3 - 7:00:05] Vehicle ID 0 (Slot ID 407) Maintainence fee cost $500 to FBI's budget fund.
[2018/1/3 - 7:00:05] Vehicle ID 434 (Slot ID 424) Maintainence fee cost $3,500 to FBI's budget fund.
[2018/1/3 - 7:00:05] Vehicle ID 0 (Slot ID 488) Maintainence fee cost $3,500 to FBI's budget fund.
[2018/1/3 - 7:00:05] Vehicle ID 0 (Slot ID 491) Maintainence fee cost $5,000 to FBI's budget fund.
[2018/1/3 - 7:00:05] Vehicle ID 0 (Slot ID 494) Maintainence fee cost $2,000 to FBI's budget fund.
[2018/1/3 - 7:00:05] Vehicle ID 445 (Slot ID 504) Maintainence fee cost $2,500 to FBI's budget fund.
[2018/1/3 - 7:00:05] Vehicle ID 0 (Slot ID 510) Maintainence fee cost $2,500 to FBI's budget fund.
[2018/1/3 - 7:00:05] Vehicle ID 448 (Slot ID 515) Maintainence fee cost $3,000 to FBI's budget fund.
[2018/1/3 - 7:00:05] Vehicle ID 0 (Slot ID 521) Maintainence fee cost $2,500 to FBI's budget fund.
[2018/1/3 - 7:00:05] Vehicle ID 0 (Slot ID 573) Maintainence fee cost $3,500 to FBI's budget fund.
[2018/1/3 - 7:00:05] Vehicle ID 0 (Slot ID 583) Maintainence fee cost $250 to FBI's budget fund.
[2018/1/3 - 7:00:05] Vehicle ID 451 (Slot ID 594) Maintainence fee cost $3,500 to FBI's budget fund.
[2018/1/3 - 7:00:05] Vehicle ID 0 (Slot ID 601) Maintainence fee cost $3,000 to FBI's budget fund.
[2018/1/3 - 7:00:05] Vehicle ID 65535 (Slot ID 620) Maintainence fee cost $5,000 to FBI's budget fund.
[2018/1/3 - 7:00:05] Vehicle ID 0 (Slot ID 656) Maintainence fee cost $3,000 to FBI's budget fund.
[2018/1/3 - 7:00:05] Vehicle ID 0 (Slot ID 664) Maintainence fee cost $2,500 to FBI's budget fund.
[2018/1/3 - 7:00:05] Vehicle ID 0 (Slot ID 672) Maintainence fee cost $2,500 to FBI's budget fund.
[2018/1/3 - 7:00:05] Vehicle ID 0 (Slot ID 680) Maintainence fee cost $2,500 to FBI's budget fund.
[2018/1/3 - 7:52:56] Vehicle Slot ID 4 RTB fee cost $1500 to FBI's budget fund.
[2018/1/3 - 8:00:03] The faction vault is at $10,256,425.
[2018/1/3 - 8:00:03] SA Gov Paid $80,000 to FBI budget fund.
[2018/1/3 - 8:00:03] Vehicle ID 184 (Slot ID 4) Maintainence fee cost $3,000 to FBI's budget fund.
[2018/1/3 - 8:00:03] Vehicle ID 196 (Slot ID 16) Maintainence fee cost $3,000 to FBI's budget fund.
[2018/1/3 - 8:00:03] Vehicle ID 219 (Slot ID 53) Maintainence fee cost $3,500 to FBI's budget fund.
[2018/1/3 - 8:00:03] Vehicle ID 266 (Slot ID 112) Maintainence fee cost $2,500 to FBI's budget fund.
[2018/1/3 - 8:00:03] Vehicle ID 272 (Slot ID 118) Maintainence fee cost $3,000 to FBI's budget fund.
[2018/1/3 - 8:00:03] Vehicle ID 278 (Slot ID 127) Maintainence fee cost $3,500 to FBI's budget fund.
[2018/1/3 - 8:00:03] Vehicle ID 0 (Slot ID 217) Maintainence fee cost $2,500 to FBI's budget fund.
[2018/1/3 - 8:00:03] Vehicle ID 377 (Slot ID 246) Maintainence fee cost $4,500 to FBI's budget fund.
[2018/1/3 - 8:00:03] Vehicle ID 397 (Slot ID 271) Maintainence fee cost $3,500 to FBI's budget fund.
[2018/1/3 - 8:00:03] Vehicle ID 399 (Slot ID 273) Maintainence fee cost $4,500 to FBI's budget fund.
[2018/1/3 - 8:00:03] Vehicle ID 400 (Slot ID 277) Maintainence fee cost $2,500 to FBI's budget fund.
[2018/1/3 - 8:00:03] Vehicle ID 0 (Slot ID 297) Maintainence fee cost $3,000 to FBI's budget fund.
[2018/1/3 - 8:00:03] Vehicle ID 409 (Slot ID 298) Maintainence fee cost $2,500 to FBI's budget fund.
[2018/1/3 - 8:00:03] Vehicle ID 0 (Slot ID 316) Maintainence fee cost $2,500 to FBI's budget fund.
[2018/1/3 - 8:00:03] Vehicle ID 65535 (Slot ID 404) Maintainence fee cost $0 to FBI's budget fund.
[2018/1/3 - 8:00:03] Vehicle ID 0 (Slot ID 407) Maintainence fee cost $500 to FBI's budget fund.
[2018/1/3 - 8:00:03] Vehicle ID 434 (Slot ID 424) Maintainence fee cost $3,500 to FBI's budget fund.
[2018/1/3 - 8:00:03] Vehicle ID 0 (Slot ID 488) Maintainence fee cost $3,500 to FBI's budget fund.
[2018/1/3 - 8:00:03] Vehicle ID 0 (Slot ID 491) Maintainence fee cost $5,000 to FBI's budget fund.
[2018/1/3 - 8:00:03] Vehicle ID 0 (Slot ID 494) Maintainence fee cost $2,000 to FBI's budget fund.
[2018/1/3 - 8:00:03] Vehicle ID 445 (Slot ID 504) Maintainence fee cost $2,500 to FBI's budget fund.
[2018/1/3 - 8:00:03] Vehicle ID 0 (Slot ID 510) Maintainence fee cost $2,500 to FBI's budget fund.
[2018/1/3 - 8:00:03] Vehicle ID 448 (Slot ID 515) Maintainence fee cost $3,000 to FBI's budget fund.
[2018/1/3 - 8:00:03] Vehicle ID 0 (Slot ID 521) Maintainence fee cost $2,500 to FBI's budget fund.
[2018/1/3 - 8:00:03] Vehicle ID 0 (Slot ID 573) Maintainence fee cost $3,500 to FBI's budget fund.
[2018/1/3 - 8:00:03] Vehicle ID 0 (Slot ID 583) Maintainence fee cost $250 to FBI's budget fund.
[2018/1/3 - 8:00:03] Vehicle ID 451 (Slot ID 594) Maintainence fee cost $3,500 to FBI's budget fund.
[2018/1/3 - 8:00:03] Vehicle ID 0 (Slot ID 601) Maintainence fee cost $3,000 to FBI's budget fund.
[2018/1/3 - 8:00:03] Vehicle ID 65535 (Slot ID 620) Maintainence fee cost $5,000 to FBI's budget fund.
[2018/1/3 - 8:00:03] Vehicle ID 0 (Slot ID 656) Maintainence fee cost $3,000 to FBI's budget fund.
[2018/1/3 - 8:00:03] Vehicle ID 0 (Slot ID 664) Maintainence fee cost $2,500 to FBI's budget fund.
[2018/1/3 - 8:00:03] Vehicle ID 0 (Slot ID 672) Maintainence fee cost $2,500 to FBI's budget fund.
[2018/1/3 - 8:00:03] Vehicle ID 0 (Slot ID 680) Maintainence fee cost $2,500 to FBI's budget fund.
[2018/1/3 - 9:00:58] The faction vault is at $10,246,075.
[2018/1/3 - 9:00:58] SA Gov Paid $80,000 to FBI budget fund.
[2018/1/3 - 9:00:58] Vehicle ID 184 (Slot ID 4) Maintainence fee cost $3,000 to FBI's budget fund.
[2018/1/3 - 9:00:58] Vehicle ID 196 (Slot ID 16) Maintainence fee cost $3,000 to FBI's budget fund.
[2018/1/3 - 9:00:58] Vehicle ID 219 (Slot ID 53) Maintainence fee cost $3,500 to FBI's budget fund.
[2018/1/3 - 9:00:58] Vehicle ID 266 (Slot ID 112) Maintainence fee cost $2,500 to FBI's budget fund.
[2018/1/3 - 9:00:58] Vehicle ID 272 (Slot ID 118) Maintainence fee cost $3,000 to FBI's budget fund.
[2018/1/3 - 9:00:58] Vehicle ID 278 (Slot ID 127) Maintainence fee cost $3,500 to FBI's budget fund.
[2018/1/3 - 9:00:58] Vehicle ID 0 (Slot ID 217) Maintainence fee cost $2,500 to FBI's budget fund.
[2018/1/3 - 9:00:58] Vehicle ID 377 (Slot ID 246) Maintainence fee cost $4,500 to FBI's budget fund.
[2018/1/3 - 9:00:58] Vehicle ID 397 (Slot ID 271) Maintainence fee cost $3,500 to FBI's budget fund.
[2018/1/3 - 9:00:58] Vehicle ID 399 (Slot ID 273) Maintainence fee cost $4,500 to FBI's budget fund.
[2018/1/3 - 9:00:58] Vehicle ID 400 (Slot ID 277) Maintainence fee cost $2,500 to FBI's budget fund.
[2018/1/3 - 9:00:58] Vehicle ID 0 (Slot ID 297) Maintainence fee cost $3,000 to FBI's budget fund.
[2018/1/3 - 9:00:58] Vehicle ID 409 (Slot ID 298) Maintainence fee cost $2,500 to FBI's budget fund.
[2018/1/3 - 9:00:58] Vehicle ID 0 (Slot ID 316) Maintainence fee cost $2,500 to FBI's budget fund.
[2018/1/3 - 9:00:58] Vehicle ID 65535 (Slot ID 404) Maintainence fee cost $0 to FBI's budget fund.
[2018/1/3 - 9:00:58] Vehicle ID 0 (Slot ID 407) Maintainence fee cost $500 to FBI's budget fund.
[2018/1/3 - 9:00:58] Vehicle ID 434 (Slot ID 424) Maintainence fee cost $3,500 to FBI's budget fund.
[2018/1/3 - 9:00:58] Vehicle ID 0 (Slot ID 488) Maintainence fee cost $3,500 to FBI's budget fund.
[2018/1/3 - 9:00:58] Vehicle ID 0 (Slot ID 491) Maintainence fee cost $5,000 to FBI's budget fund.
[2018/1/3 - 9:00:58] Vehicle ID 0 (Slot ID 494) Maintainence fee cost $2,000 to FBI's budget fund.
[2018/1/3 - 9:00:58] Vehicle ID 445 (Slot ID 504) Maintainence fee cost $2,500 to FBI's budget fund.
[2018/1/3 - 9:00:58] Vehicle ID 0 (Slot ID 510) Maintainence fee cost $2,500 to FBI's budget fund.
[2018/1/3 - 9:00:58] Vehicle ID 448 (Slot ID 515) Maintainence fee cost $3,000 to FBI's budget fund.
[2018/1/3 - 9:00:58] Vehicle ID 0 (Slot ID 521) Maintainence fee cost $2,500 to FBI's budget fund.
[2018/1/3 - 9:00:58] Vehicle ID 0 (Slot ID 573) Maintainence fee cost $3,500 to FBI's budget fund.
[2018/1/3 - 9:00:58] Vehicle ID 0 (Slot ID 583) Maintainence fee cost $250 to FBI's budget fund.
[2018/1/3 - 9:00:58] Vehicle ID 451 (Slot ID 594) Maintainence fee cost $3,500 to FBI's budget fund.
[2018/1/3 - 9:00:58] Vehicle ID 0 (Slot ID 601) Maintainence fee cost $3,000 to FBI's budget fund.
[2018/1/3 - 9:00:58] Vehicle ID 65535 (Slot ID 620) Maintainence fee cost $5,000 to FBI's budget fund.
[2018/1/3 - 9:00:58] Vehicle ID 0 (Slot ID 656) Maintainence fee cost $3,000 to FBI's budget fund.
[2018/1/3 - 9:00:58] Vehicle ID 0 (Slot ID 664) Maintainence fee cost $2,500 to FBI's budget fund.
[2018/1/3 - 9:00:58] Vehicle ID 0 (Slot ID 672) Maintainence fee cost $2,500 to FBI's budget fund.
[2018/1/3 - 9:00:58] Vehicle ID 0 (Slot ID 680) Maintainence fee cost $2,500 to FBI's budget fund.
[2018/1/3 - 10:00:52] The faction vault is at $10,232,725.
[2018/1/3 - 10:00:52] SA Gov Paid $80,000 to FBI budget fund.
[2018/1/3 - 10:00:52] Vehicle ID 184 (Slot ID 4) Maintainence fee cost $3,000 to FBI's budget fund.
[2018/1/3 - 10:00:52] Vehicle ID 196 (Slot ID 16) Maintainence fee cost $3,000 to FBI's budget fund.
[2018/1/3 - 10:00:52] Vehicle ID 219 (Slot ID 53) Maintainence fee cost $3,500 to FBI's budget fund.
[2018/1/3 - 10:00:52] Vehicle ID 266 (Slot ID 112) Maintainence fee cost $2,500 to FBI's budget fund.
[2018/1/3 - 10:00:52] Vehicle ID 272 (Slot ID 118) Maintainence fee cost $3,000 to FBI's budget fund.
[2018/1/3 - 10:00:52] Vehicle ID 278 (Slot ID 127) Maintainence fee cost $3,500 to FBI's budget fund.
[2018/1/3 - 10:00:52] Vehicle ID 0 (Slot ID 217) Maintainence fee cost $2,500 to FBI's budget fund.
[2018/1/3 - 10:00:52] Vehicle ID 377 (Slot ID 246) Maintainence fee cost $4,500 to FBI's budget fund.
[2018/1/3 - 10:00:52] Vehicle ID 397 (Slot ID 271) Maintainence fee cost $3,500 to FBI's budget fund.
[2018/1/3 - 10:00:52] Vehicle ID 399 (Slot ID 273) Maintainence fee cost $4,500 to FBI's budget fund.
[2018/1/3 - 10:00:52] Vehicle ID 400 (Slot ID 277) Maintainence fee cost $2,500 to FBI's budget fund.
[2018/1/3 - 10:00:52] Vehicle ID 0 (Slot ID 297) Maintainence fee cost $3,000 to FBI's budget fund.
[2018/1/3 - 10:00:52] Vehicle ID 409 (Slot ID 298) Maintainence fee cost $2,500 to FBI's budget fund.
[2018/1/3 - 10:00:52] Vehicle ID 0 (Slot ID 316) Maintainence fee cost $2,500 to FBI's budget fund.
[2018/1/3 - 10:00:52] Vehicle ID 65535 (Slot ID 404) Maintainence fee cost $0 to FBI's budget fund.
[2018/1/3 - 10:00:52] Vehicle ID 0 (Slot ID 407) Maintainence fee cost $500 to FBI's budget fund.
[2018/1/3 - 10:00:52] Vehicle ID 434 (Slot ID 424) Maintainence fee cost $3,500 to FBI's budget fund.
[2018/1/3 - 10:00:52] Vehicle ID 0 (Slot ID 488) Maintainence fee cost $3,500 to FBI's budget fund.
[2018/1/3 - 10:00:52] Vehicle ID 0 (Slot ID 491) Maintainence fee cost $5,000 to FBI's budget fund.
[2018/1/3 - 10:00:52] Vehicle ID 0 (Slot ID 494) Maintainence fee cost $2,000 to FBI's budget fund.
[2018/1/3 - 10:00:52] Vehicle ID 445 (Slot ID 504) Maintainence fee cost $2,500 to FBI's budget fund.
[2018/1/3 - 10:00:52] Vehicle ID 0 (Slot ID 510) Maintainence fee cost $2,500 to FBI's budget fund.
[2018/1/3 - 10:00:52] Vehicle ID 448 (Slot ID 515) Maintainence fee cost $3,000 to FBI's budget fund.
[2018/1/3 - 10:00:52] Vehicle ID 0 (Slot ID 521) Maintainence fee cost $2,500 to FBI's budget fund.
[2018/1/3 - 10:00:52] Vehicle ID 0 (Slot ID 573) Maintainence fee cost $3,500 to FBI's budget fund.
[2018/1/3 - 10:00:52] Vehicle ID 0 (Slot ID 583) Maintainence fee cost $250 to FBI's budget fund.
[2018/1/3 - 10:00:52] Vehicle ID 451 (Slot ID 594) Maintainence fee cost $3,500 to FBI's budget fund.
[2018/1/3 - 10:00:52] Vehicle ID 0 (Slot ID 601) Maintainence fee cost $3,000 to FBI's budget fund.
[2018/1/3 - 10:00:52] Vehicle ID 65535 (Slot ID 620) Maintainence fee cost $5,000 to FBI's budget fund.
[2018/1/3 - 10:00:52] Vehicle ID 0 (Slot ID 656) Maintainence fee cost $3,000 to FBI's budget fund.
[2018/1/3 - 10:00:52] Vehicle ID 0 (Slot ID 664) Maintainence fee cost $2,500 to FBI's budget fund.
[2018/1/3 - 10:00:52] Vehicle ID 0 (Slot ID 672) Maintainence fee cost $2,500 to FBI's budget fund.
[2018/1/3 - 10:00:52] Vehicle ID 0 (Slot ID 680) Maintainence fee cost $2,500 to FBI's budget fund.
[2018/1/3 - 10:16:24] Vehicle Slot ID 4 RTB fee cost $1500 to FBI's budget fund.
[2018/1/3 - 11:00:29] The faction vault is at $10,218,475.
[2018/1/3 - 11:00:29] SA Gov Paid $80,000 to FBI budget fund.
[2018/1/3 - 11:00:29] Vehicle ID 184 (Slot ID 4) Maintainence fee cost $3,000 to FBI's budget fund.
[2018/1/3 - 11:00:29] Vehicle ID 196 (Slot ID 16) Maintainence fee cost $3,000 to FBI's budget fund.
[2018/1/3 - 11:00:29] Vehicle ID 219 (Slot ID 53) Maintainence fee cost $3,500 to FBI's budget fund.
[2018/1/3 - 11:00:29] Vehicle ID 266 (Slot ID 112) Maintainence fee cost $2,500 to FBI's budget fund.
[2018/1/3 - 11:00:29] Vehicle ID 272 (Slot ID 118) Maintainence fee cost $3,000 to FBI's budget fund.
[2018/1/3 - 11:00:29] Vehicle ID 278 (Slot ID 127) Maintainence fee cost $3,500 to FBI's budget fund.
[2018/1/3 - 11:00:29] Vehicle ID 0 (Slot ID 217) Maintainence fee cost $2,500 to FBI's budget fund.
[2018/1/3 - 11:00:29] Vehicle ID 377 (Slot ID 246) Maintainence fee cost $4,500 to FBI's budget fund.
[2018/1/3 - 11:00:29] Vehicle ID 397 (Slot ID 271) Maintainence fee cost $3,500 to FBI's budget fund.
[2018/1/3 - 11:00:29] Vehicle ID 399 (Slot ID 273) Maintainence fee cost $4,500 to FBI's budget fund.
[2018/1/3 - 11:00:29] Vehicle ID 400 (Slot ID 277) Maintainence fee cost $2,500 to FBI's budget fund.
[2018/1/3 - 11:00:29] Vehicle ID 0 (Slot ID 297) Maintainence fee cost $3,000 to FBI's budget fund.
[2018/1/3 - 11:00:29] Vehicle ID 409 (Slot ID 298) Maintainence fee cost $2,500 to FBI's budget fund.
[2018/1/3 - 11:00:29] Vehicle ID 0 (Slot ID 316) Maintainence fee cost $2,500 to FBI's budget fund.
[2018/1/3 - 11:00:29] Vehicle ID 65535 (Slot ID 404) Maintainence fee cost $0 to FBI's budget fund.
[2018/1/3 - 11:00:29] Vehicle ID 0 (Slot ID 407) Maintainence fee cost $500 to FBI's budget fund.
[2018/1/3 - 11:00:29] Vehicle ID 434 (Slot ID 424) Maintainence fee cost $3,500 to FBI's budget fund.
[2018/1/3 - 11:00:29] Vehicle ID 0 (Slot ID 488) Maintainence fee cost $3,500 to FBI's budget fund.
[2018/1/3 - 11:00:29] Vehicle ID 0 (Slot ID 491) Maintainence fee cost $5,000 to FBI's budget fund.
[2018/1/3 - 11:00:29] Vehicle ID 0 (Slot ID 494) Maintainence fee cost $2,000 to FBI's budget fund.
[2018/1/3 - 11:00:29] Vehicle ID 445 (Slot ID 504) Maintainence fee cost $2,500 to FBI's budget fund.
[2018/1/3 - 11:00:29] Vehicle ID 0 (Slot ID 510) Maintainence fee cost $2,500 to FBI's budget fund.
[2018/1/3 - 11:00:29] Vehicle ID 448 (Slot ID 515) Maintainence fee cost $3,000 to FBI's budget fund.
[2018/1/3 - 11:00:29] Vehicle ID 0 (Slot ID 521) Maintainence fee cost $2,500 to FBI's budget fund.
[2018/1/3 - 11:00:29] Vehicle ID 0 (Slot ID 573) Maintainence fee cost $3,500 to FBI's budget fund.
[2018/1/3 - 11:00:29] Vehicle ID 0 (Slot ID 583) Maintainence fee cost $250 to FBI's budget fund.
[2018/1/3 - 11:00:29] Vehicle ID 451 (Slot ID 594) Maintainence fee cost $3,500 to FBI's budget fund.
[2018/1/3 - 11:00:29] Vehicle ID 0 (Slot ID 601) Maintainence fee cost $3,000 to FBI's budget fund.
[2018/1/3 - 11:00:29] Vehicle ID 65535 (Slot ID 620) Maintainence fee cost $5,000 to FBI's budget fund.
[2018/1/3 - 11:00:29] Vehicle ID 0 (Slot ID 656) Maintainence fee cost $3,000 to FBI's budget fund.
[2018/1/3 - 11:00:29] Vehicle ID 0 (Slot ID 664) Maintainence fee cost $2,500 to FBI's budget fund.
[2018/1/3 - 11:00:29] Vehicle ID 0 (Slot ID 672) Maintainence fee cost $2,500 to FBI's budget fund.
[2018/1/3 - 11:00:29] Vehicle ID 0 (Slot ID 680) Maintainence fee cost $2,500 to FBI's budget fund.
[2018/1/3 - 12:00:13] The faction vault is at $10,208,525.
[2018/1/3 - 12:00:13] SA Gov Paid $80,000 to FBI budget fund.
[2018/1/3 - 12:00:13] Vehicle ID 184 (Slot ID 4) Maintainence fee cost $3,000 to FBI's budget fund.
[2018/1/3 - 12:00:13] Vehicle ID 196 (Slot ID 16) Maintainence fee cost $3,000 to FBI's budget fund.
[2018/1/3 - 12:00:13] Vehicle ID 219 (Slot ID 53) Maintainence fee cost $3,500 to FBI's budget fund.
[2018/1/3 - 12:00:13] Vehicle ID 266 (Slot ID 112) Maintainence fee cost $2,500 to FBI's budget fund.
[2018/1/3 - 12:00:13] Vehicle ID 272 (Slot ID 118) Maintainence fee cost $3,000 to FBI's budget fund.
[2018/1/3 - 12:00:13] Vehicle ID 278 (Slot ID 127) Maintainence fee cost $3,500 to FBI's budget fund.
[2018/1/3 - 12:00:13] Vehicle ID 0 (Slot ID 217) Maintainence fee cost $2,500 to FBI's budget fund.
[2018/1/3 - 12:00:13] Vehicle ID 377 (Slot ID 246) Maintainence fee cost $4,500 to FBI's budget fund.
[2018/1/3 - 12:00:13] Vehicle ID 397 (Slot ID 271) Maintainence fee cost $3,500 to FBI's budget fund.
[2018/1/3 - 12:00:13] Vehicle ID 399 (Slot ID 273) Maintainence fee cost $4,500 to FBI's budget fund.
[2018/1/3 - 12:00:13] Vehicle ID 400 (Slot ID 277) Maintainence fee cost $2,500 to FBI's budget fund.
[2018/1/3 - 12:00:13] Vehicle ID 0 (Slot ID 297) Maintainence fee cost $3,000 to FBI's budget fund.
[2018/1/3 - 12:00:13] Vehicle ID 409 (Slot ID 298) Maintainence fee cost $2,500 to FBI's budget fund.
[2018/1/3 - 12:00:13] Vehicle ID 0 (Slot ID 316) Maintainence fee cost $2,500 to FBI's budget fund.
[2018/1/3 - 12:00:13] Vehicle ID 65535 (Slot ID 404) Maintainence fee cost $0 to FBI's budget fund.
[2018/1/3 - 12:00:13] Vehicle ID 0 (Slot ID 407) Maintainence fee cost $500 to FBI's budget fund.
[2018/1/3 - 12:00:13] Vehicle ID 434 (Slot ID 424) Maintainence fee cost $3,500 to FBI's budget fund.
[2018/1/3 - 12:00:13] Vehicle ID 0 (Slot ID 488) Maintainence fee cost $3,500 to FBI's budget fund.
[2018/1/3 - 12:00:13] Vehicle ID 0 (Slot ID 491) Maintainence fee cost $5,000 to FBI's budget fund.
[2018/1/3 - 12:00:13] Vehicle ID 0 (Slot ID 494) Maintainence fee cost $2,000 to FBI's budget fund.
[2018/1/3 - 12:00:13] Vehicle ID 445 (Slot ID 504) Maintainence fee cost $2,500 to FBI's budget fund.
[2018/1/3 - 12:00:13] Vehicle ID 0 (Slot ID 510) Maintainence fee cost $2,500 to FBI's budget fund.
[2018/1/3 - 12:00:13] Vehicle ID 448 (Slot ID 515) Maintainence fee cost $3,000 to FBI's budget fund.
[2018/1/3 - 12:00:13] Vehicle ID 0 (Slot ID 521) Maintainence fee cost $2,500 to FBI's budget fund.
[2018/1/3 - 12:00:13] Vehicle ID 0 (Slot ID 573) Maintainence fee cost $3,500 to FBI's budget fund.
[2018/1/3 - 12:00:13] Vehicle ID 0 (Slot ID 583) Maintainence fee cost $250 to FBI's budget fund.
[2018/1/3 - 12:00:13] Vehicle ID 451 (Slot ID 594) Maintainence fee cost $3,500 to FBI's budget fund.
[2018/1/3 - 12:00:13] Vehicle ID 0 (Slot ID 601) Maintainence fee cost $3,000 to FBI's budget fund.
[2018/1/3 - 12:00:13] Vehicle ID 65535 (Slot ID 620) Maintainence fee cost $5,000 to FBI's budget fund.
[2018/1/3 - 12:00:13] Vehicle ID 0 (Slot ID 656) Maintainence fee cost $3,000 to FBI's budget fund.
[2018/1/3 - 12:00:13] Vehicle ID 0 (Slot ID 664) Maintainence fee cost $2,500 to FBI's budget fund.
[2018/1/3 - 12:00:13] Vehicle ID 0 (Slot ID 672) Maintainence fee cost $2,500 to FBI's budget fund.
[2018/1/3 - 12:00:13] Vehicle ID 0 (Slot ID 680) Maintainence fee cost $2,500 to FBI's budget fund.
[2018/1/3 - 13:01:00] The faction vault is at $10,201,175.
[2018/1/3 - 13:01:00] SA Gov Paid $80,000 to FBI budget fund.
[2018/1/3 - 13:01:00] Vehicle ID 184 (Slot ID 4) Maintainence fee cost $3,000 to FBI's budget fund.
[2018/1/3 - 13:01:00] Vehicle ID 196 (Slot ID 16) Maintainence fee cost $3,000 to FBI's budget fund.
[2018/1/3 - 13:01:00] Vehicle ID 219 (Slot ID 53) Maintainence fee cost $3,500 to FBI's budget fund.
[2018/1/3 - 13:01:00] Vehicle ID 266 (Slot ID 112) Maintainence fee cost $2,500 to FBI's budget fund.
[2018/1/3 - 13:01:00] Vehicle ID 272 (Slot ID 118) Maintainence fee cost $3,000 to FBI's budget fund.
[2018/1/3 - 13:01:00] Vehicle ID 278 (Slot ID 127) Maintainence fee cost $3,500 to FBI's budget fund.
[2018/1/3 - 13:01:00] Vehicle ID 0 (Slot ID 217) Maintainence fee cost $2,500 to FBI's budget fund.
[2018/1/3 - 13:01:00] Vehicle ID 377 (Slot ID 246) Maintainence fee cost $4,500 to FBI's budget fund.
[2018/1/3 - 13:01:00] Vehicle ID 397 (Slot ID 271) Maintainence fee cost $3,500 to FBI's budget fund.
[2018/1/3 - 13:01:00] Vehicle ID 399 (Slot ID 273) Maintainence fee cost $4,500 to FBI's budget fund.
[2018/1/3 - 13:01:00] Vehicle ID 400 (Slot ID 277) Maintainence fee cost $2,500 to FBI's budget fund.
[2018/1/3 - 13:01:00] Vehicle ID 0 (Slot ID 297) Maintainence fee cost $3,000 to FBI's budget fund.
[2018/1/3 - 13:01:00] Vehicle ID 409 (Slot ID 298) Maintainence fee cost $2,500 to FBI's budget fund.
[2018/1/3 - 13:01:00] Vehicle ID 0 (Slot ID 316) Maintainence fee cost $2,500 to FBI's budget fund.
[2018/1/3 - 13:01:00] Vehicle ID 65535 (Slot ID 404) Maintainence fee cost $0 to FBI's budget fund.
[2018/1/3 - 13:01:00] Vehicle ID 0 (Slot ID 407) Maintainence fee cost $500 to FBI's budget fund.
[2018/1/3 - 13:01:00] Vehicle ID 434 (Slot ID 424) Maintainence fee cost $3,500 to FBI's budget fund.
[2018/1/3 - 13:01:00] Vehicle ID 0 (Slot ID 488) Maintainence fee cost $3,500 to FBI's budget fund.
[2018/1/3 - 13:01:00] Vehicle ID 0 (Slot ID 491) Maintainence fee cost $5,000 to FBI's budget fund.
[2018/1/3 - 13:01:00] Vehicle ID 0 (Slot ID 494) Maintainence fee cost $2,000 to FBI's budget fund.
[2018/1/3 - 13:01:00] Vehicle ID 445 (Slot ID 504) Maintainence fee cost $2,500 to FBI's budget fund.
[2018/1/3 - 13:01:00] Vehicle ID 0 (Slot ID 510) Maintainence fee cost $2,500 to FBI's budget fund.
[2018/1/3 - 13:01:00] Vehicle ID 448 (Slot ID 515) Maintainence fee cost $3,000 to FBI's budget fund.
[2018/1/3 - 13:01:00] Vehicle ID 0 (Slot ID 521) Maintainence fee cost $2,500 to FBI's budget fund.
[2018/1/3 - 13:01:00] Vehicle ID 0 (Slot ID 573) Maintainence fee cost $3,500 to FBI's budget fund.
[2018/1/3 - 13:01:00] Vehicle ID 0 (Slot ID 583) Maintainence fee cost $250 to FBI's budget fund.
[2018/1/3 - 13:01:00] Vehicle ID 451 (Slot ID 594) Maintainence fee cost $3,500 to FBI's budget fund.
[2018/1/3 - 13:01:00] Vehicle ID 0 (Slot ID 601) Maintainence fee cost $3,000 to FBI's budget fund.
[2018/1/3 - 13:01:00] Vehicle ID 65535 (Slot ID 620) Maintainence fee cost $5,000 to FBI's budget fund.
[2018/1/3 - 13:01:00] Vehicle ID 0 (Slot ID 656) Maintainence fee cost $3,000 to FBI's budget fund.
[2018/1/3 - 13:01:00] Vehicle ID 0 (Slot ID 664) Maintainence fee cost $2,500 to FBI's budget fund.
[2018/1/3 - 13:01:00] Vehicle ID 0 (Slot ID 672) Maintainence fee cost $2,500 to FBI's budget fund.
[2018/1/3 - 13:01:00] Vehicle ID 0 (Slot ID 680) Maintainence fee cost $2,500 to FBI's budget fund.
[2018/1/3 - 14:00:28] The faction vault is at $10,193,225.
[2018/1/3 - 14:00:28] Vehicle ID 184 (Slot ID 4) Maintainence fee cost $3,000 to FBI's budget fund.
[2018/1/3 - 14:00:28] Vehicle ID 196 (Slot ID 16) Maintainence fee cost $3,000 to FBI's budget fund.
[2018/1/3 - 14:00:28] Vehicle ID 219 (Slot ID 53) Maintainence fee cost $3,500 to FBI's budget fund.
[2018/1/3 - 14:00:28] Vehicle ID 266 (Slot ID 112) Maintainence fee cost $2,500 to FBI's budget fund.
[2018/1/3 - 14:00:28] Vehicle ID 272 (Slot ID 118) Maintainence fee cost $3,000 to FBI's budget fund.
[2018/1/3 - 14:00:28] Vehicle ID 278 (Slot ID 127) Maintainence fee cost $3,500 to FBI's budget fund.
[2018/1/3 - 14:00:28] Vehicle ID 0 (Slot ID 217) Maintainence fee cost $2,500 to FBI's budget fund.
[2018/1/3 - 14:00:28] Vehicle ID 377 (Slot ID 246) Maintainence fee cost $4,500 to FBI's budget fund.
[2018/1/3 - 14:00:28] Vehicle ID 397 (Slot ID 271) Maintainence fee cost $3,500 to FBI's budget fund.
[2018/1/3 - 14:00:28] Vehicle ID 399 (Slot ID 273) Maintainence fee cost $4,500 to FBI's budget fund.
[2018/1/3 - 14:00:28] Vehicle ID 400 (Slot ID 277) Maintainence fee cost $2,500 to FBI's budget fund.
[2018/1/3 - 14:00:28] Vehicle ID 0 (Slot ID 297) Maintainence fee cost $3,000 to FBI's budget fund.
[2018/1/3 - 14:00:28] Vehicle ID 409 (Slot ID 298) Maintainence fee cost $2,500 to FBI's budget fund.
[2018/1/3 - 14:00:28] Vehicle ID 0 (Slot ID 316) Maintainence fee cost $2,500 to FBI's budget fund.
[2018/1/3 - 14:00:28] Vehicle ID 65535 (Slot ID 404) Maintainence fee cost $0 to FBI's budget fund.
[2018/1/3 - 14:00:28] Vehicle ID 0 (Slot ID 407) Maintainence fee cost $500 to FBI's budget fund.
[2018/1/3 - 14:00:28] Vehicle ID 434 (Slot ID 424) Maintainence fee cost $3,500 to FBI's budget fund.
[2018/1/3 - 14:00:28] Vehicle ID 0 (Slot ID 488) Maintainence fee cost $3,500 to FBI's budget fund.
[2018/1/3 - 14:00:28] Vehicle ID 0 (Slot ID 491) Maintainence fee cost $5,000 to FBI's budget fund.
[2018/1/3 - 14:00:28] Vehicle ID 0 (Slot ID 494) Maintainence fee cost $2,000 to FBI's budget fund.
[2018/1/3 - 14:00:28] Vehicle ID 445 (Slot ID 504) Maintainence fee cost $2,500 to FBI's budget fund.
[2018/1/3 - 14:00:28] Vehicle ID 0 (Slot ID 510) Maintainence fee cost $2,500 to FBI's budget fund.
[2018/1/3 - 14:00:28] Vehicle ID 448 (Slot ID 515) Maintainence fee cost $3,000 to FBI's budget fund.
[2018/1/3 - 14:00:28] Vehicle ID 0 (Slot ID 521) Maintainence fee cost $2,500 to FBI's budget fund.
[2018/1/3 - 14:00:28] Vehicle ID 0 (Slot ID 573) Maintainence fee cost $3,500 to FBI's budget fund.
[2018/1/3 - 14:00:28] Vehicle ID 0 (Slot ID 583) Maintainence fee cost $250 to FBI's budget fund.
[2018/1/3 - 14:00:28] Vehicle ID 451 (Slot ID 594) Maintainence fee cost $3,500 to FBI's budget fund.
[2018/1/3 - 14:00:28] Vehicle ID 0 (Slot ID 601) Maintainence fee cost $3,000 to FBI's budget fund.
[2018/1/3 - 14:00:28] Vehicle ID 65535 (Slot ID 620) Maintainence fee cost $5,000 to FBI's budget fund.
[2018/1/3 - 14:00:28] Vehicle ID 0 (Slot ID 656) Maintainence fee cost $3,000 to FBI's budget fund.
[2018/1/3 - 14:00:28] Vehicle ID 0 (Slot ID 664) Maintainence fee cost $2,500 to FBI's budget fund.
[2018/1/3 - 14:00:28] Vehicle ID 0 (Slot ID 672) Maintainence fee cost $2,500 to FBI's budget fund.
[2018/1/3 - 14:00:28] Vehicle ID 0 (Slot ID 680) Maintainence fee cost $2,500 to FBI's budget fund.
[2018/1/3 - 15:00:56] The faction vault is at $10,104,875.
[2018/1/3 - 15:00:56] Vehicle ID 184 (Slot ID 4) Maintainence fee cost $3,000 to FBI's budget fund.
[2018/1/3 - 15:00:56] Vehicle ID 196 (Slot ID 16) Maintainence fee cost $3,000 to FBI's budget fund.
[2018/1/3 - 15:00:56] Vehicle ID 219 (Slot ID 53) Maintainence fee cost $3,500 to FBI's budget fund.
[2018/1/3 - 15:00:56] Vehicle ID 266 (Slot ID 112) Maintainence fee cost $2,500 to FBI's budget fund.
[2018/1/3 - 15:00:56] Vehicle ID 272 (Slot ID 118) Maintainence fee cost $3,000 to FBI's budget fund.
[2018/1/3 - 15:00:56] Vehicle ID 278 (Slot ID 127) Maintainence fee cost $3,500 to FBI's budget fund.
[2018/1/3 - 15:00:56] Vehicle ID 0 (Slot ID 217) Maintainence fee cost $2,500 to FBI's budget fund.
[2018/1/3 - 15:00:56] Vehicle ID 377 (Slot ID 246) Maintainence fee cost $4,500 to FBI's budget fund.
[2018/1/3 - 15:00:56] Vehicle ID 397 (Slot ID 271) Maintainence fee cost $3,500 to FBI's budget fund.
[2018/1/3 - 15:00:56] Vehicle ID 399 (Slot ID 273) Maintainence fee cost $4,500 to FBI's budget fund.
[2018/1/3 - 15:00:56] Vehicle ID 400 (Slot ID 277) Maintainence fee cost $2,500 to FBI's budget fund.
[2018/1/3 - 15:00:56] Vehicle ID 0 (Slot ID 297) Maintainence fee cost $3,000 to FBI's budget fund.
[2018/1/3 - 15:00:56] Vehicle ID 409 (Slot ID 298) Maintainence fee cost $2,500 to FBI's budget fund.
[2018/1/3 - 15:00:56] Vehicle ID 0 (Slot ID 316) Maintainence fee cost $2,500 to FBI's budget fund.
[2018/1/3 - 15:00:56] Vehicle ID 65535 (Slot ID 404) Maintainence fee cost $0 to FBI's budget fund.
[2018/1/3 - 15:00:56] Vehicle ID 0 (Slot ID 407) Maintainence fee cost $500 to FBI's budget fund.
[2018/1/3 - 15:00:56] Vehicle ID 434 (Slot ID 424) Maintainence fee cost $3,500 to FBI's budget fund.
[2018/1/3 - 15:00:56] Vehicle ID 0 (Slot ID 488) Maintainence fee cost $3,500 to FBI's budget fund.
[2018/1/3 - 15:00:56] Vehicle ID 0 (Slot ID 491) Maintainence fee cost $5,000 to FBI's budget fund.
[2018/1/3 - 15:00:56] Vehicle ID 0 (Slot ID 494) Maintainence fee cost $2,000 to FBI's budget fund.
[2018/1/3 - 15:00:56] Vehicle ID 445 (Slot ID 504) Maintainence fee cost $2,500 to FBI's budget fund.
[2018/1/3 - 15:00:56] Vehicle ID 0 (Slot ID 510) Maintainence fee cost $2,500 to FBI's budget fund.
[2018/1/3 - 15:00:56] Vehicle ID 448 (Slot ID 515) Maintainence fee cost $3,000 to FBI's budget fund.
[2018/1/3 - 15:00:56] Vehicle ID 0 (Slot ID 521) Maintainence fee cost $2,500 to FBI's budget fund.
[2018/1/3 - 15:00:56] Vehicle ID 0 (Slot ID 573) Maintainence fee cost $3,500 to FBI's budget fund.
[2018/1/3 - 15:00:56] Vehicle ID 0 (Slot ID 583) Maintainence fee cost $250 to FBI's budget fund.
[2018/1/3 - 15:00:56] Vehicle ID 451 (Slot ID 594) Maintainence fee cost $3,500 to FBI's budget fund.
[2018/1/3 - 15:00:56] Vehicle ID 0 (Slot ID 601) Maintainence fee cost $3,000 to FBI's budget fund.
[2018/1/3 - 15:00:56] Vehicle ID 65535 (Slot ID 620) Maintainence fee cost $5,000 to FBI's budget fund.
[2018/1/3 - 15:00:56] Vehicle ID 0 (Slot ID 656) Maintainence fee cost $3,000 to FBI's budget fund.
[2018/1/3 - 15:00:56] Vehicle ID 0 (Slot ID 664) Maintainence fee cost $2,500 to FBI's budget fund.
[2018/1/3 - 15:00:56] Vehicle ID 0 (Slot ID 672) Maintainence fee cost $2,500 to FBI's budget fund.
[2018/1/3 - 15:00:56] Vehicle ID 0 (Slot ID 680) Maintainence fee cost $2,500 to FBI's budget fund.
[2018/1/3 - 16:00:15] The faction vault is at $10,014,725.
[2018/1/3 - 16:00:15] SA Gov Paid $80,000 to FBI budget fund.
[2018/1/3 - 16:00:15] Vehicle ID 184 (Slot ID 4) Maintainence fee cost $3,000 to FBI's budget fund.
[2018/1/3 - 16:00:15] Vehicle ID 196 (Slot ID 16) Maintainence fee cost $3,000 to FBI's budget fund.
[2018/1/3 - 16:00:15] Vehicle ID 219 (Slot ID 53) Maintainence fee cost $3,500 to FBI's budget fund.
[2018/1/3 - 16:00:15] Vehicle ID 266 (Slot ID 112) Maintainence fee cost $2,500 to FBI's budget fund.
[2018/1/3 - 16:00:15] Vehicle ID 272 (Slot ID 118) Maintainence fee cost $3,000 to FBI's budget fund.
[2018/1/3 - 16:00:15] Vehicle ID 278 (Slot ID 127) Maintainence fee cost $3,500 to FBI's budget fund.
[2018/1/3 - 16:00:15] Vehicle ID 0 (Slot ID 217) Maintainence fee cost $2,500 to FBI's budget fund.
[2018/1/3 - 16:00:15] Vehicle ID 377 (Slot ID 246) Maintainence fee cost $4,500 to FBI's budget fund.
[2018/1/3 - 16:00:15] Vehicle ID 397 (Slot ID 271) Maintainence fee cost $3,500 to FBI's budget fund.
[2018/1/3 - 16:00:15] Vehicle ID 399 (Slot ID 273) Maintainence fee cost $4,500 to FBI's budget fund.
[2018/1/3 - 16:00:15] Vehicle ID 400 (Slot ID 277) Maintainence fee cost $2,500 to FBI's budget fund.
[2018/1/3 - 16:00:15] Vehicle ID 0 (Slot ID 297) Maintainence fee cost $3,000 to FBI's budget fund.
[2018/1/3 - 16:00:15] Vehicle ID 409 (Slot ID 298) Maintainence fee cost $2,500 to FBI's budget fund.
[2018/1/3 - 16:00:15] Vehicle ID 0 (Slot ID 316) Maintainence fee cost $2,500 to FBI's budget fund.
[2018/1/3 - 16:00:15] Vehicle ID 65535 (Slot ID 404) Maintainence fee cost $0 to FBI's budget fund.
[2018/1/3 - 16:00:15] Vehicle ID 0 (Slot ID 407) Maintainence fee cost $500 to FBI's budget fund.
[2018/1/3 - 16:00:15] Vehicle ID 434 (Slot ID 424) Maintainence fee cost $3,500 to FBI's budget fund.
[2018/1/3 - 16:00:15] Vehicle ID 0 (Slot ID 488) Maintainence fee cost $3,500 to FBI's budget fund.
[2018/1/3 - 16:00:15] Vehicle ID 0 (Slot ID 491) Maintainence fee cost $5,000 to FBI's budget fund.
[2018/1/3 - 16:00:15] Vehicle ID 0 (Slot ID 494) Maintainence fee cost $2,000 to FBI's budget fund.
[2018/1/3 - 16:00:15] Vehicle ID 445 (Slot ID 504) Maintainence fee cost $2,500 to FBI's budget fund.
[2018/1/3 - 16:00:15] Vehicle ID 0 (Slot ID 510) Maintainence fee cost $2,500 to FBI's budget fund.
[2018/1/3 - 16:00:15] Vehicle ID 448 (Slot ID 515) Maintainence fee cost $3,000 to FBI's budget fund.
[2018/1/3 - 16:00:15] Vehicle ID 0 (Slot ID 521) Maintainence fee cost $2,500 to FBI's budget fund.
[2018/1/3 - 16:00:15] Vehicle ID 0 (Slot ID 573) Maintainence fee cost $3,500 to FBI's budget fund.
[2018/1/3 - 16:00:15] Vehicle ID 0 (Slot ID 583) Maintainence fee cost $250 to FBI's budget fund.
[2018/1/3 - 16:00:15] Vehicle ID 451 (Slot ID 594) Maintainence fee cost $3,500 to FBI's budget fund.
[2018/1/3 - 16:00:15] Vehicle ID 0 (Slot ID 601) Maintainence fee cost $3,000 to FBI's budget fund.
[2018/1/3 - 16:00:15] Vehicle ID 65535 (Slot ID 620) Maintainence fee cost $5,000 to FBI's budget fund.
[2018/1/3 - 16:00:15] Vehicle ID 0 (Slot ID 656) Maintainence fee cost $3,000 to FBI's budget fund.
[2018/1/3 - 16:00:15] Vehicle ID 0 (Slot ID 664) Maintainence fee cost $2,500 to FBI's budget fund.
[2018/1/3 - 16:00:15] Vehicle ID 0 (Slot ID 672) Maintainence fee cost $2,500 to FBI's budget fund.
[2018/1/3 - 16:00:15] Vehicle ID 0 (Slot ID 680) Maintainence fee cost $2,500 to FBI's budget fund.
[2018/1/3 - 17:00:39] The faction vault is at $10,004,775.
[2018/1/3 - 17:00:39] Vehicle ID 184 (Slot ID 4) Maintainence fee cost $3,000 to FBI's budget fund.
[2018/1/3 - 17:00:39] Vehicle ID 196 (Slot ID 16) Maintainence fee cost $3,000 to FBI's budget fund.
[2018/1/3 - 17:00:39] Vehicle ID 219 (Slot ID 53) Maintainence fee cost $3,500 to FBI's budget fund.
[2018/1/3 - 17:00:39] Vehicle ID 266 (Slot ID 112) Maintainence fee cost $2,500 to FBI's budget fund.
[2018/1/3 - 17:00:39] Vehicle ID 272 (Slot ID 118) Maintainence fee cost $3,000 to FBI's budget fund.
[2018/1/3 - 17:00:39] Vehicle ID 278 (Slot ID 127) Maintainence fee cost $3,500 to FBI's budget fund.
[2018/1/3 - 17:00:39] Vehicle ID 0 (Slot ID 217) Maintainence fee cost $2,500 to FBI's budget fund.
[2018/1/3 - 17:00:39] Vehicle ID 377 (Slot ID 246) Maintainence fee cost $4,500 to FBI's budget fund.
[2018/1/3 - 17:00:39] Vehicle ID 397 (Slot ID 271) Maintainence fee cost $3,500 to FBI's budget fund.
[2018/1/3 - 17:00:39] Vehicle ID 399 (Slot ID 273) Maintainence fee cost $4,500 to FBI's budget fund.
[2018/1/3 - 17:00:39] Vehicle ID 400 (Slot ID 277) Maintainence fee cost $2,500 to FBI's budget fund.
[2018/1/3 - 17:00:39] Vehicle ID 0 (Slot ID 297) Maintainence fee cost $3,000 to FBI's budget fund.
[2018/1/3 - 17:00:39] Vehicle ID 409 (Slot ID 298) Maintainence fee cost $2,500 to FBI's budget fund.
[2018/1/3 - 17:00:39] Vehicle ID 0 (Slot ID 316) Maintainence fee cost $2,500 to FBI's budget fund.
[2018/1/3 - 17:00:39] Vehicle ID 65535 (Slot ID 404) Maintainence fee cost $0 to FBI's budget fund.
[2018/1/3 - 17:00:39] Vehicle ID 0 (Slot ID 407) Maintainence fee cost $500 to FBI's budget fund.
[2018/1/3 - 17:00:39] Vehicle ID 434 (Slot ID 424) Maintainence fee cost $3,500 to FBI's budget fund.
[2018/1/3 - 17:00:39] Vehicle ID 0 (Slot ID 488) Maintainence fee cost $3,500 to FBI's budget fund.
[2018/1/3 - 17:00:39] Vehicle ID 0 (Slot ID 491) Maintainence fee cost $5,000 to FBI's budget fund.
[2018/1/3 - 17:00:39] Vehicle ID 0 (Slot ID 494) Maintainence fee cost $2,000 to FBI's budget fund.
[2018/1/3 - 17:00:39] Vehicle ID 445 (Slot ID 504) Maintainence fee cost $2,500 to FBI's budget fund.
[2018/1/3 - 17:00:39] Vehicle ID 0 (Slot ID 510) Maintainence fee cost $2,500 to FBI's budget fund.
[2018/1/3 - 17:00:39] Vehicle ID 448 (Slot ID 515) Maintainence fee cost $3,000 to FBI's budget fund.
[2018/1/3 - 17:00:39] Vehicle ID 0 (Slot ID 521) Maintainence fee cost $2,500 to FBI's budget fund.
[2018/1/3 - 17:00:39] Vehicle ID 0 (Slot ID 573) Maintainence fee cost $3,500 to FBI's budget fund.
[2018/1/3 - 17:00:39] Vehicle ID 0 (Slot ID 583) Maintainence fee cost $250 to FBI's budget fund.
[2018/1/3 - 17:00:39] Vehicle ID 451 (Slot ID 594) Maintainence fee cost $3,500 to FBI's budget fund.
[2018/1/3 - 17:00:39] Vehicle ID 0 (Slot ID 601) Maintainence fee cost $3,000 to FBI's budget fund.
[2018/1/3 - 17:00:39] Vehicle ID 65535 (Slot ID 620) Maintainence fee cost $5,000 to FBI's budget fund.
[2018/1/3 - 17:00:39] Vehicle ID 0 (Slot ID 656) Maintainence fee cost $3,000 to FBI's budget fund.
[2018/1/3 - 17:00:39] Vehicle ID 0 (Slot ID 664) Maintainence fee cost $2,500 to FBI's budget fund.
[2018/1/3 - 17:00:39] Vehicle ID 0 (Slot ID 672) Maintainence fee cost $2,500 to FBI's budget fund.
[2018/1/3 - 17:00:39] Vehicle ID 0 (Slot ID 680) Maintainence fee cost $2,500 to FBI's budget fund.
[2018/1/3 - 17:50:14] Vehicle Slot ID 4 RTB fee cost $1500 to FBI's budget fund.
[2018/1/3 - 18:00:16] The faction vault is at $9,914,925.
[2018/1/3 - 18:00:16] Vehicle ID 184 (Slot ID 4) Maintainence fee cost $3,000 to FBI's budget fund.
[2018/1/3 - 18:00:16] Vehicle ID 196 (Slot ID 16) Maintainence fee cost $3,000 to FBI's budget fund.
[2018/1/3 - 18:00:16] Vehicle ID 219 (Slot ID 53) Maintainence fee cost $3,500 to FBI's budget fund.
[2018/1/3 - 18:00:16] Vehicle ID 266 (Slot ID 112) Maintainence fee cost $2,500 to FBI's budget fund.
[2018/1/3 - 18:00:16] Vehicle ID 272 (Slot ID 118) Maintainence fee cost $3,000 to FBI's budget fund.
[2018/1/3 - 18:00:16] Vehicle ID 278 (Slot ID 127) Maintainence fee cost $3,500 to FBI's budget fund.
[2018/1/3 - 18:00:16] Vehicle ID 0 (Slot ID 217) Maintainence fee cost $2,500 to FBI's budget fund.
[2018/1/3 - 18:00:16] Vehicle ID 377 (Slot ID 246) Maintainence fee cost $4,500 to FBI's budget fund.
[2018/1/3 - 18:00:16] Vehicle ID 397 (Slot ID 271) Maintainence fee cost $3,500 to FBI's budget fund.
[2018/1/3 - 18:00:16] Vehicle ID 399 (Slot ID 273) Maintainence fee cost $4,500 to FBI's budget fund.
[2018/1/3 - 18:00:16] Vehicle ID 400 (Slot ID 277) Maintainence fee cost $2,500 to FBI's budget fund.
[2018/1/3 - 18:00:16] Vehicle ID 0 (Slot ID 297) Maintainence fee cost $3,000 to FBI's budget fund.
[2018/1/3 - 18:00:16] Vehicle ID 409 (Slot ID 298) Maintainence fee cost $2,500 to FBI's budget fund.
[2018/1/3 - 18:00:16] Vehicle ID 0 (Slot ID 316) Maintainence fee cost $2,500 to FBI's budget fund.
[2018/1/3 - 18:00:16] Vehicle ID 65535 (Slot ID 404) Maintainence fee cost $0 to FBI's budget fund.
[2018/1/3 - 18:00:16] Vehicle ID 0 (Slot ID 407) Maintainence fee cost $500 to FBI's budget fund.
[2018/1/3 - 18:00:16] Vehicle ID 434 (Slot ID 424) Maintainence fee cost $3,500 to FBI's budget fund.
[2018/1/3 - 18:00:16] Vehicle ID 0 (Slot ID 488) Maintainence fee cost $3,500 to FBI's budget fund.
[2018/1/3 - 18:00:16] Vehicle ID 0 (Slot ID 491) Maintainence fee cost $5,000 to FBI's budget fund.
[2018/1/3 - 18:00:16] Vehicle ID 0 (Slot ID 494) Maintainence fee cost $2,000 to FBI's budget fund.
[2018/1/3 - 18:00:16] Vehicle ID 445 (Slot ID 504) Maintainence fee cost $2,500 to FBI's budget fund.
[2018/1/3 - 18:00:16] Vehicle ID 0 (Slot ID 510) Maintainence fee cost $2,500 to FBI's budget fund.
[2018/1/3 - 18:00:16] Vehicle ID 448 (Slot ID 515) Maintainence fee cost $3,000 to FBI's budget fund.
[2018/1/3 - 18:00:16] Vehicle ID 0 (Slot ID 521) Maintainence fee cost $2,500 to FBI's budget fund.
[2018/1/3 - 18:00:16] Vehicle ID 0 (Slot ID 573) Maintainence fee cost $3,500 to FBI's budget fund.
[2018/1/3 - 18:00:16] Vehicle ID 0 (Slot ID 583) Maintainence fee cost $250 to FBI's budget fund.
[2018/1/3 - 18:00:16] Vehicle ID 451 (Slot ID 594) Maintainence fee cost $3,500 to FBI's budget fund.
[2018/1/3 - 18:00:16] Vehicle ID 0 (Slot ID 601) Maintainence fee cost $3,000 to FBI's budget fund.
[2018/1/3 - 18:00:16] Vehicle ID 65535 (Slot ID 620) Maintainence fee cost $5,000 to FBI's budget fund.
[2018/1/3 - 18:00:16] Vehicle ID 0 (Slot ID 656) Maintainence fee cost $3,000 to FBI's budget fund.
[2018/1/3 - 18:00:16] Vehicle ID 0 (Slot ID 664) Maintainence fee cost $2,500 to FBI's budget fund.
[2018/1/3 - 18:00:16] Vehicle ID 0 (Slot ID 672) Maintainence fee cost $2,500 to FBI's budget fund.
[2018/1/3 - 18:00:16] Vehicle ID 0 (Slot ID 680) Maintainence fee cost $2,500 to FBI's budget fund.
[2018/1/3 - 19:00:37] The faction vault is at $9,823,775.
[2018/1/3 - 19:00:37] SA Gov Paid $80,000 to FBI budget fund.
[2018/1/3 - 19:00:37] Vehicle ID 184 (Slot ID 4) Maintainence fee cost $3,000 to FBI's budget fund.
[2018/1/3 - 19:00:37] Vehicle ID 196 (Slot ID 16) Maintainence fee cost $3,000 to FBI's budget fund.
[2018/1/3 - 19:00:37] Vehicle ID 219 (Slot ID 53) Maintainence fee cost $3,500 to FBI's budget fund.
[2018/1/3 - 19:00:37] Vehicle ID 266 (Slot ID 112) Maintainence fee cost $2,500 to FBI's budget fund.
[2018/1/3 - 19:00:37] Vehicle ID 272 (Slot ID 118) Maintainence fee cost $3,000 to FBI's budget fund.
[2018/1/3 - 19:00:37] Vehicle ID 278 (Slot ID 127) Maintainence fee cost $3,500 to FBI's budget fund.
[2018/1/3 - 19:00:37] Vehicle ID 0 (Slot ID 217) Maintainence fee cost $2,500 to FBI's budget fund.
[2018/1/3 - 19:00:37] Vehicle ID 377 (Slot ID 246) Maintainence fee cost $4,500 to FBI's budget fund.
[2018/1/3 - 19:00:37] Vehicle ID 397 (Slot ID 271) Maintainence fee cost $3,500 to FBI's budget fund.
[2018/1/3 - 19:00:37] Vehicle ID 399 (Slot ID 273) Maintainence fee cost $4,500 to FBI's budget fund.
[2018/1/3 - 19:00:37] Vehicle ID 400 (Slot ID 277) Maintainence fee cost $2,500 to FBI's budget fund.
[2018/1/3 - 19:00:37] Vehicle ID 0 (Slot ID 297) Maintainence fee cost $3,000 to FBI's budget fund.
[2018/1/3 - 19:00:37] Vehicle ID 409 (Slot ID 298) Maintainence fee cost $2,500 to FBI's budget fund.
[2018/1/3 - 19:00:37] Vehicle ID 0 (Slot ID 316) Maintainence fee cost $2,500 to FBI's budget fund.
[2018/1/3 - 19:00:37] Vehicle ID 65535 (Slot ID 404) Maintainence fee cost $0 to FBI's budget fund.
[2018/1/3 - 19:00:37] Vehicle ID 0 (Slot ID 407) Maintainence fee cost $500 to FBI's budget fund.
[2018/1/3 - 19:00:37] Vehicle ID 434 (Slot ID 424) Maintainence fee cost $3,500 to FBI's budget fund.
[2018/1/3 - 19:00:37] Vehicle ID 0 (Slot ID 488) Maintainence fee cost $3,500 to FBI's budget fund.
[2018/1/3 - 19:00:37] Vehicle ID 0 (Slot ID 491) Maintainence fee cost $5,000 to FBI's budget fund.
[2018/1/3 - 19:00:37] Vehicle ID 0 (Slot ID 494) Maintainence fee cost $2,000 to FBI's budget fund.
[2018/1/3 - 19:00:37] Vehicle ID 445 (Slot ID 504) Maintainence fee cost $2,500 to FBI's budget fund.
[2018/1/3 - 19:00:37] Vehicle ID 0 (Slot ID 510) Maintainence fee cost $2,500 to FBI's budget fund.
[2018/1/3 - 19:00:37] Vehicle ID 448 (Slot ID 515) Maintainence fee cost $3,000 to FBI's budget fund.
[2018/1/3 - 19:00:37] Vehicle ID 0 (Slot ID 521) Maintainence fee cost $2,500 to FBI's budget fund.
[2018/1/3 - 19:00:37] Vehicle ID 0 (Slot ID 573) Maintainence fee cost $3,500 to FBI's budget fund.
[2018/1/3 - 19:00:37] Vehicle ID 0 (Slot ID 583) Maintainence fee cost $250 to FBI's budget fund.
[2018/1/3 - 19:00:37] Vehicle ID 451 (Slot ID 594) Maintainence fee cost $3,500 to FBI's budget fund.
[2018/1/3 - 19:00:37] Vehicle ID 0 (Slot ID 601) Maintainence fee cost $3,000 to FBI's budget fund.
[2018/1/3 - 19:00:37] Vehicle ID 65535 (Slot ID 620) Maintainence fee cost $5,000 to FBI's budget fund.
[2018/1/3 - 19:00:37] Vehicle ID 0 (Slot ID 656) Maintainence fee cost $3,000 to FBI's budget fund.
[2018/1/3 - 19:00:37] Vehicle ID 0 (Slot ID 664) Maintainence fee cost $2,500 to FBI's budget fund.
[2018/1/3 - 19:00:37] Vehicle ID 0 (Slot ID 672) Maintainence fee cost $2,500 to FBI's budget fund.
[2018/1/3 - 19:00:37] Vehicle ID 0 (Slot ID 680) Maintainence fee cost $2,500 to FBI's budget fund.
[2018/1/3 - 20:00:21] The faction vault is at $9,811,025.
[2018/1/3 - 20:00:21] SA Gov Paid $80,000 to FBI budget fund.
[2018/1/3 - 20:00:21] Vehicle ID 189 (Slot ID 4) Maintainence fee cost $3,000 to FBI's budget fund.
[2018/1/3 - 20:00:21] Vehicle ID 201 (Slot ID 16) Maintainence fee cost $3,000 to FBI's budget fund.
[2018/1/3 - 20:00:21] Vehicle ID 0 (Slot ID 53) Maintainence fee cost $3,500 to FBI's budget fund.
[2018/1/3 - 20:00:21] Vehicle ID 264 (Slot ID 112) Maintainence fee cost $2,500 to FBI's budget fund.
[2018/1/3 - 20:00:21] Vehicle ID 270 (Slot ID 118) Maintainence fee cost $3,000 to FBI's budget fund.
[2018/1/3 - 20:00:21] Vehicle ID 276 (Slot ID 127) Maintainence fee cost $3,500 to FBI's budget fund.
[2018/1/3 - 20:00:21] Vehicle ID 0 (Slot ID 217) Maintainence fee cost $2,500 to FBI's budget fund.
[2018/1/3 - 20:00:21] Vehicle ID 366 (Slot ID 246) Maintainence fee cost $4,500 to FBI's budget fund.
[2018/1/3 - 20:00:21] Vehicle ID 383 (Slot ID 271) Maintainence fee cost $3,500 to FBI's budget fund.
[2018/1/3 - 20:00:21] Vehicle ID 385 (Slot ID 273) Maintainence fee cost $4,500 to FBI's budget fund.
[2018/1/3 - 20:00:21] Vehicle ID 386 (Slot ID 277) Maintainence fee cost $2,500 to FBI's budget fund.
[2018/1/3 - 20:00:21] Vehicle ID 0 (Slot ID 297) Maintainence fee cost $3,000 to FBI's budget fund.
[2018/1/3 - 20:00:21] Vehicle ID 395 (Slot ID 298) Maintainence fee cost $2,500 to FBI's budget fund.
[2018/1/3 - 20:00:21] Vehicle ID 0 (Slot ID 316) Maintainence fee cost $2,500 to FBI's budget fund.
[2018/1/3 - 20:00:21] Vehicle ID 65535 (Slot ID 404) Maintainence fee cost $0 to FBI's budget fund.
[2018/1/3 - 20:00:21] Vehicle ID 0 (Slot ID 407) Maintainence fee cost $500 to FBI's budget fund.
[2018/1/3 - 20:00:21] Vehicle ID 420 (Slot ID 424) Maintainence fee cost $3,500 to FBI's budget fund.
[2018/1/3 - 20:00:21] Vehicle ID 0 (Slot ID 488) Maintainence fee cost $3,500 to FBI's budget fund.
[2018/1/3 - 20:00:21] Vehicle ID 0 (Slot ID 491) Maintainence fee cost $5,000 to FBI's budget fund.
[2018/1/3 - 20:00:21] Vehicle ID 0 (Slot ID 494) Maintainence fee cost $2,000 to FBI's budget fund.
[2018/1/3 - 20:00:21] Vehicle ID 0 (Slot ID 504) Maintainence fee cost $2,500 to FBI's budget fund.
[2018/1/3 - 20:00:21] Vehicle ID 0 (Slot ID 510) Maintainence fee cost $2,500 to FBI's budget fund.
[2018/1/3 - 20:00:21] Vehicle ID 432 (Slot ID 515) Maintainence fee cost $3,000 to FBI's budget fund.
[2018/1/3 - 20:00:21] Vehicle ID 0 (Slot ID 521) Maintainence fee cost $2,500 to FBI's budget fund.
[2018/1/3 - 20:00:21] Vehicle ID 0 (Slot ID 573) Maintainence fee cost $3,500 to FBI's budget fund.
[2018/1/3 - 20:00:21] Vehicle ID 0 (Slot ID 583) Maintainence fee cost $250 to FBI's budget fund.
[2018/1/3 - 20:00:21] Vehicle ID 435 (Slot ID 594) Maintainence fee cost $3,500 to FBI's budget fund.
[2018/1/3 - 20:00:21] Vehicle ID 0 (Slot ID 601) Maintainence fee cost $3,000 to FBI's budget fund.
[2018/1/3 - 20:00:21] Vehicle ID 65535 (Slot ID 620) Maintainence fee cost $5,000 to FBI's budget fund.
[2018/1/3 - 20:00:21] Vehicle ID 0 (Slot ID 656) Maintainence fee cost $3,000 to FBI's budget fund.
[2018/1/3 - 20:00:21] Vehicle ID 0 (Slot ID 664) Maintainence fee cost $2,500 to FBI's budget fund.
[2018/1/3 - 20:00:21] Vehicle ID 0 (Slot ID 672) Maintainence fee cost $2,500 to FBI's budget fund.
[2018/1/3 - 20:00:21] Vehicle ID 0 (Slot ID 680) Maintainence fee cost $2,500 to FBI's budget fund.
[2018/1/3 - 21:00:58] The faction vault is at $9,803,875.
[2018/1/3 - 21:00:58] SA Gov Paid $80,000 to FBI budget fund.
[2018/1/3 - 21:00:58] Vehicle ID 189 (Slot ID 4) Maintainence fee cost $3,000 to FBI's budget fund.
[2018/1/3 - 21:00:58] Vehicle ID 201 (Slot ID 16) Maintainence fee cost $3,000 to FBI's budget fund.
[2018/1/3 - 21:00:58] Vehicle ID 0 (Slot ID 53) Maintainence fee cost $3,500 to FBI's budget fund.
[2018/1/3 - 21:00:58] Vehicle ID 264 (Slot ID 112) Maintainence fee cost $2,500 to FBI's budget fund.
[2018/1/3 - 21:00:58] Vehicle ID 270 (Slot ID 118) Maintainence fee cost $3,000 to FBI's budget fund.
[2018/1/3 - 21:00:58] Vehicle ID 276 (Slot ID 127) Maintainence fee cost $3,500 to FBI's budget fund.
[2018/1/3 - 21:00:58] Vehicle ID 0 (Slot ID 217) Maintainence fee cost $2,500 to FBI's budget fund.
[2018/1/3 - 21:00:58] Vehicle ID 366 (Slot ID 246) Maintainence fee cost $4,500 to FBI's budget fund.
[2018/1/3 - 21:00:58] Vehicle ID 383 (Slot ID 271) Maintainence fee cost $3,500 to FBI's budget fund.
[2018/1/3 - 21:00:58] Vehicle ID 385 (Slot ID 273) Maintainence fee cost $4,500 to FBI's budget fund.
[2018/1/3 - 21:00:58] Vehicle ID 386 (Slot ID 277) Maintainence fee cost $2,500 to FBI's budget fund.
[2018/1/3 - 21:00:58] Vehicle ID 0 (Slot ID 297) Maintainence fee cost $3,000 to FBI's budget fund.
[2018/1/3 - 21:00:58] Vehicle ID 395 (Slot ID 298) Maintainence fee cost $2,500 to FBI's budget fund.
[2018/1/3 - 21:00:58] Vehicle ID 0 (Slot ID 316) Maintainence fee cost $2,500 to FBI's budget fund.
[2018/1/3 - 21:00:58] Vehicle ID 65535 (Slot ID 404) Maintainence fee cost $0 to FBI's budget fund.
[2018/1/3 - 21:00:58] Vehicle ID 0 (Slot ID 407) Maintainence fee cost $500 to FBI's budget fund.
[2018/1/3 - 21:00:58] Vehicle ID 420 (Slot ID 424) Maintainence fee cost $3,500 to FBI's budget fund.
[2018/1/3 - 21:00:58] Vehicle ID 0 (Slot ID 488) Maintainence fee cost $3,500 to FBI's budget fund.
[2018/1/3 - 21:00:58] Vehicle ID 0 (Slot ID 491) Maintainence fee cost $5,000 to FBI's budget fund.
[2018/1/3 - 21:00:58] Vehicle ID 0 (Slot ID 494) Maintainence fee cost $2,000 to FBI's budget fund.
[2018/1/3 - 21:00:58] Vehicle ID 0 (Slot ID 504) Maintainence fee cost $2,500 to FBI's budget fund.
[2018/1/3 - 21:00:58] Vehicle ID 0 (Slot ID 510) Maintainence fee cost $2,500 to FBI's budget fund.
[2018/1/3 - 21:00:58] Vehicle ID 432 (Slot ID 515) Maintainence fee cost $3,000 to FBI's budget fund.
[2018/1/3 - 21:00:58] Vehicle ID 0 (Slot ID 521) Maintainence fee cost $2,500 to FBI's budget fund.
[2018/1/3 - 21:00:58] Vehicle ID 0 (Slot ID 573) Maintainence fee cost $3,500 to FBI's budget fund.
[2018/1/3 - 21:00:58] Vehicle ID 0 (Slot ID 583) Maintainence fee cost $250 to FBI's budget fund.
[2018/1/3 - 21:00:58] Vehicle ID 435 (Slot ID 594) Maintainence fee cost $3,500 to FBI's budget fund.
[2018/1/3 - 21:00:58] Vehicle ID 0 (Slot ID 601) Maintainence fee cost $3,000 to FBI's budget fund.
[2018/1/3 - 21:00:58] Vehicle ID 65535 (Slot ID 620) Maintainence fee cost $5,000 to FBI's budget fund.
[2018/1/3 - 21:00:58] Vehicle ID 0 (Slot ID 656) Maintainence fee cost $3,000 to FBI's budget fund.
[2018/1/3 - 21:00:58] Vehicle ID 0 (Slot ID 664) Maintainence fee cost $2,500 to FBI's budget fund.
[2018/1/3 - 21:00:58] Vehicle ID 0 (Slot ID 672) Maintainence fee cost $2,500 to FBI's budget fund.
[2018/1/3 - 21:00:58] Vehicle ID 0 (Slot ID 680) Maintainence fee cost $2,500 to FBI's budget fund.
[2018/1/3 - 22:00:27] The faction vault is at $9,798,325.
[2018/1/3 - 22:00:27] SA Gov Paid $80,000 to FBI budget fund.
[2018/1/3 - 22:00:27] Vehicle ID 189 (Slot ID 4) Maintainence fee cost $3,000 to FBI's budget fund.
[2018/1/3 - 22:00:27] Vehicle ID 201 (Slot ID 16) Maintainence fee cost $3,000 to FBI's budget fund.
[2018/1/3 - 22:00:27] Vehicle ID 0 (Slot ID 53) Maintainence fee cost $3,500 to FBI's budget fund.
[2018/1/3 - 22:00:27] Vehicle ID 264 (Slot ID 112) Maintainence fee cost $2,500 to FBI's budget fund.
[2018/1/3 - 22:00:27] Vehicle ID 270 (Slot ID 118) Maintainence fee cost $3,000 to FBI's budget fund.
[2018/1/3 - 22:00:27] Vehicle ID 276 (Slot ID 127) Maintainence fee cost $3,500 to FBI's budget fund.
[2018/1/3 - 22:00:27] Vehicle ID 0 (Slot ID 217) Maintainence fee cost $2,500 to FBI's budget fund.
[2018/1/3 - 22:00:27] Vehicle ID 366 (Slot ID 246) Maintainence fee cost $4,500 to FBI's budget fund.
[2018/1/3 - 22:00:27] Vehicle ID 383 (Slot ID 271) Maintainence fee cost $3,500 to FBI's budget fund.
[2018/1/3 - 22:00:27] Vehicle ID 385 (Slot ID 273) Maintainence fee cost $4,500 to FBI's budget fund.
[2018/1/3 - 22:00:27] Vehicle ID 386 (Slot ID 277) Maintainence fee cost $2,500 to FBI's budget fund.
[2018/1/3 - 22:00:27] Vehicle ID 0 (Slot ID 297) Maintainence fee cost $3,000 to FBI's budget fund.
[2018/1/3 - 22:00:27] Vehicle ID 395 (Slot ID 298) Maintainence fee cost $2,500 to FBI's budget fund.
[2018/1/3 - 22:00:27] Vehicle ID 0 (Slot ID 316) Maintainence fee cost $2,500 to FBI's budget fund.
[2018/1/3 - 22:00:27] Vehicle ID 65535 (Slot ID 404) Maintainence fee cost $0 to FBI's budget fund.
[2018/1/3 - 22:00:27] Vehicle ID 0 (Slot ID 407) Maintainence fee cost $500 to FBI's budget fund.
[2018/1/3 - 22:00:27] Vehicle ID 420 (Slot ID 424) Maintainence fee cost $3,500 to FBI's budget fund.
[2018/1/3 - 22:00:27] Vehicle ID 0 (Slot ID 488) Maintainence fee cost $3,500 to FBI's budget fund.
[2018/1/3 - 22:00:27] Vehicle ID 0 (Slot ID 491) Maintainence fee cost $5,000 to FBI's budget fund.
[2018/1/3 - 22:00:27] Vehicle ID 0 (Slot ID 494) Maintainence fee cost $2,000 to FBI's budget fund.
[2018/1/3 - 22:00:27] Vehicle ID 0 (Slot ID 504) Maintainence fee cost $2,500 to FBI's budget fund.
[2018/1/3 - 22:00:27] Vehicle ID 0 (Slot ID 510) Maintainence fee cost $2,500 to FBI's budget fund.
[2018/1/3 - 22:00:27] Vehicle ID 432 (Slot ID 515) Maintainence fee cost $3,000 to FBI's budget fund.
[2018/1/3 - 22:00:27] Vehicle ID 0 (Slot ID 521) Maintainence fee cost $2,500 to FBI's budget fund.
[2018/1/3 - 22:00:27] Vehicle ID 0 (Slot ID 573) Maintainence fee cost $3,500 to FBI's budget fund.
[2018/1/3 - 22:00:27] Vehicle ID 0 (Slot ID 583) Maintainence fee cost $250 to FBI's budget fund.
[2018/1/3 - 22:00:27] Vehicle ID 435 (Slot ID 594) Maintainence fee cost $3,500 to FBI's budget fund.
[2018/1/3 - 22:00:27] Vehicle ID 0 (Slot ID 601) Maintainence fee cost $3,000 to FBI's budget fund.
[2018/1/3 - 22:00:27] Vehicle ID 65535 (Slot ID 620) Maintainence fee cost $5,000 to FBI's budget fund.
[2018/1/3 - 22:00:27] Vehicle ID 0 (Slot ID 656) Maintainence fee cost $3,000 to FBI's budget fund.
[2018/1/3 - 22:00:27] Vehicle ID 0 (Slot ID 664) Maintainence fee cost $2,500 to FBI's budget fund.
[2018/1/3 - 22:00:27] Vehicle ID 0 (Slot ID 672) Maintainence fee cost $2,500 to FBI's budget fund.
[2018/1/3 - 22:00:27] Vehicle ID 0 (Slot ID 680) Maintainence fee cost $2,500 to FBI's budget fund.
[2018/1/3 - 22:33:23] Vehicle Slot ID 424 RTB fee cost $1750 to FBI's budget fund.
[2018/1/3 - 23:00:52] The faction vault is at $9,791,225.
[2018/1/3 - 23:00:52] Vehicle ID 189 (Slot ID 4) Maintainence fee cost $3,000 to FBI's budget fund.
[2018/1/3 - 23:00:52] Vehicle ID 201 (Slot ID 16) Maintainence fee cost $3,000 to FBI's budget fund.
[2018/1/3 - 23:00:52] Vehicle ID 0 (Slot ID 53) Maintainence fee cost $3,500 to FBI's budget fund.
[2018/1/3 - 23:00:52] Vehicle ID 264 (Slot ID 112) Maintainence fee cost $2,500 to FBI's budget fund.
[2018/1/3 - 23:00:52] Vehicle ID 270 (Slot ID 118) Maintainence fee cost $3,000 to FBI's budget fund.
[2018/1/3 - 23:00:52] Vehicle ID 276 (Slot ID 127) Maintainence fee cost $3,500 to FBI's budget fund.
[2018/1/3 - 23:00:52] Vehicle ID 0 (Slot ID 217) Maintainence fee cost $2,500 to FBI's budget fund.
[2018/1/3 - 23:00:52] Vehicle ID 366 (Slot ID 246) Maintainence fee cost $4,500 to FBI's budget fund.
[2018/1/3 - 23:00:52] Vehicle ID 383 (Slot ID 271) Maintainence fee cost $3,500 to FBI's budget fund.
[2018/1/3 - 23:00:52] Vehicle ID 385 (Slot ID 273) Maintainence fee cost $4,500 to FBI's budget fund.
[2018/1/3 - 23:00:52] Vehicle ID 386 (Slot ID 277) Maintainence fee cost $2,500 to FBI's budget fund.
[2018/1/3 - 23:00:52] Vehicle ID 0 (Slot ID 297) Maintainence fee cost $3,000 to FBI's budget fund.
[2018/1/3 - 23:00:52] Vehicle ID 395 (Slot ID 298) Maintainence fee cost $2,500 to FBI's budget fund.
[2018/1/3 - 23:00:52] Vehicle ID 0 (Slot ID 316) Maintainence fee cost $2,500 to FBI's budget fund.
[2018/1/3 - 23:00:52] Vehicle ID 65535 (Slot ID 404) Maintainence fee cost $0 to FBI's budget fund.
[2018/1/3 - 23:00:52] Vehicle ID 0 (Slot ID 407) Maintainence fee cost $500 to FBI's budget fund.
[2018/1/3 - 23:00:52] Vehicle ID 420 (Slot ID 424) Maintainence fee cost $3,500 to FBI's budget fund.
[2018/1/3 - 23:00:52] Vehicle ID 0 (Slot ID 488) Maintainence fee cost $3,500 to FBI's budget fund.
[2018/1/3 - 23:00:52] Vehicle ID 0 (Slot ID 491) Maintainence fee cost $5,000 to FBI's budget fund.
[2018/1/3 - 23:00:52] Vehicle ID 0 (Slot ID 494) Maintainence fee cost $2,000 to FBI's budget fund.
[2018/1/3 - 23:00:52] Vehicle ID 0 (Slot ID 504) Maintainence fee cost $2,500 to FBI's budget fund.
[2018/1/3 - 23:00:52] Vehicle ID 0 (Slot ID 510) Maintainence fee cost $2,500 to FBI's budget fund.
[2018/1/3 - 23:00:52] Vehicle ID 432 (Slot ID 515) Maintainence fee cost $3,000 to FBI's budget fund.
[2018/1/3 - 23:00:52] Vehicle ID 0 (Slot ID 521) Maintainence fee cost $2,500 to FBI's budget fund.
[2018/1/3 - 23:00:52] Vehicle ID 0 (Slot ID 573) Maintainence fee cost $3,500 to FBI's budget fund.
[2018/1/3 - 23:00:52] Vehicle ID 0 (Slot ID 583) Maintainence fee cost $250 to FBI's budget fund.
[2018/1/3 - 23:00:52] Vehicle ID 435 (Slot ID 594) Maintainence fee cost $3,500 to FBI's budget fund.
[2018/1/3 - 23:00:52] Vehicle ID 0 (Slot ID 601) Maintainence fee cost $3,000 to FBI's budget fund.
[2018/1/3 - 23:00:52] Vehicle ID 65535 (Slot ID 620) Maintainence fee cost $5,000 to FBI's budget fund.
[2018/1/3 - 23:00:52] Vehicle ID 0 (Slot ID 656) Maintainence fee cost $3,000 to FBI's budget fund.
[2018/1/3 - 23:00:52] Vehicle ID 0 (Slot ID 664) Maintainence fee cost $2,500 to FBI's budget fund.
[2018/1/3 - 23:00:52] Vehicle ID 0 (Slot ID 672) Maintainence fee cost $2,500 to FBI's budget fund.
[2018/1/3 - 23:00:52] Vehicle ID 0 (Slot ID 680) Maintainence fee cost $2,500 to FBI's budget fund.
[2018/1/3 - 23:02:56] Vehicle Slot ID 4 RTB fee cost $1500 to FBI's budget fund.
