[2018/1/18 - 0:01:00] The faction vault is at $12,726.
[2018/1/18 - 0:01:00] Vehicle ID 0 (Slot ID 4) Maintainence fee cost $3,000 to SHAFT's budget fund.
[2018/1/18 - 0:01:00] Vehicle ID 0 (Slot ID 16) Maintainence fee cost $3,000 to SHAFT's budget fund.
[2018/1/18 - 0:01:00] Vehicle ID 0 (Slot ID 53) Maintainence fee cost $3,500 to SHAFT's budget fund.
[2018/1/18 - 0:01:00] Vehicle ID 0 (Slot ID 112) Maintainence fee cost $2,500 to SHAFT's budget fund.
[2018/1/18 - 0:01:00] Vehicle ID 0 (Slot ID 159) Maintainence fee cost $0 to SHAFT's budget fund.
[2018/1/18 - 0:01:00] Vehicle ID 0 (Slot ID 244) Maintainence fee cost $0 to SHAFT's budget fund.
[2018/1/18 - 0:01:00] Vehicle ID 0 (Slot ID 264) Maintainence fee cost $0 to SHAFT's budget fund.
[2018/1/18 - 0:01:00] Vehicle ID 0 (Slot ID 280) Maintainence fee cost $0 to SHAFT's budget fund.
[2018/1/18 - 0:01:00] Vehicle ID 65535 (Slot ID 404) Maintainence fee cost $0 to SHAFT's budget fund.
[2018/1/18 - 0:01:00] Vehicle ID 0 (Slot ID 407) Maintainence fee cost $500 to SHAFT's budget fund.
[2018/1/18 - 1:00:29] The faction vault is at $6,426.
[2018/1/18 - 1:00:29] Vehicle ID 0 (Slot ID 4) Maintainence fee cost $3,000 to SHAFT's budget fund.
[2018/1/18 - 1:00:29] Vehicle ID 0 (Slot ID 16) Maintainence fee cost $3,000 to SHAFT's budget fund.
[2018/1/18 - 1:00:29] Vehicle ID 0 (Slot ID 159) Maintainence fee cost $0 to SHAFT's budget fund.
[2018/1/18 - 1:00:29] Vehicle ID 0 (Slot ID 244) Maintainence fee cost $0 to SHAFT's budget fund.
[2018/1/18 - 1:00:29] Vehicle ID 0 (Slot ID 264) Maintainence fee cost $0 to SHAFT's budget fund.
[2018/1/18 - 1:00:29] Vehicle ID 0 (Slot ID 280) Maintainence fee cost $0 to SHAFT's budget fund.
[2018/1/18 - 1:00:29] Vehicle ID 65535 (Slot ID 404) Maintainence fee cost $0 to SHAFT's budget fund.
[2018/1/18 - 1:00:29] Vehicle ID 0 (Slot ID 583) Maintainence fee cost $250 to SHAFT's budget fund.
[2018/1/18 - 2:00:55] The faction vault is at $4,376.
[2018/1/18 - 2:00:55] Vehicle ID 0 (Slot ID 4) Maintainence fee cost $3,000 to SHAFT's budget fund.
[2018/1/18 - 2:00:55] Vehicle ID 0 (Slot ID 159) Maintainence fee cost $0 to SHAFT's budget fund.
[2018/1/18 - 2:00:55] Vehicle ID 0 (Slot ID 244) Maintainence fee cost $0 to SHAFT's budget fund.
[2018/1/18 - 2:00:55] Vehicle ID 0 (Slot ID 264) Maintainence fee cost $0 to SHAFT's budget fund.
[2018/1/18 - 2:00:55] Vehicle ID 0 (Slot ID 280) Maintainence fee cost $0 to SHAFT's budget fund.
[2018/1/18 - 2:00:55] Vehicle ID 65535 (Slot ID 404) Maintainence fee cost $0 to SHAFT's budget fund.
[2018/1/18 - 2:00:55] Vehicle ID 0 (Slot ID 407) Maintainence fee cost $500 to SHAFT's budget fund.
[2018/1/18 - 2:00:55] Vehicle ID 0 (Slot ID 583) Maintainence fee cost $250 to SHAFT's budget fund.
[2018/1/18 - 3:00:38] The faction vault is at $9,426.
[2018/1/18 - 3:00:38] Vehicle ID 0 (Slot ID 4) Maintainence fee cost $3,000 to SHAFT's budget fund.
[2018/1/18 - 3:00:38] Vehicle ID 0 (Slot ID 16) Maintainence fee cost $3,000 to SHAFT's budget fund.
[2018/1/18 - 3:00:38] Vehicle ID 0 (Slot ID 112) Maintainence fee cost $2,500 to SHAFT's budget fund.
[2018/1/18 - 3:00:38] Vehicle ID 0 (Slot ID 159) Maintainence fee cost $0 to SHAFT's budget fund.
[2018/1/18 - 3:00:38] Vehicle ID 0 (Slot ID 244) Maintainence fee cost $0 to SHAFT's budget fund.
[2018/1/18 - 3:00:38] Vehicle ID 0 (Slot ID 264) Maintainence fee cost $0 to SHAFT's budget fund.
[2018/1/18 - 3:00:38] Vehicle ID 0 (Slot ID 280) Maintainence fee cost $0 to SHAFT's budget fund.
[2018/1/18 - 3:00:38] Vehicle ID 65535 (Slot ID 404) Maintainence fee cost $0 to SHAFT's budget fund.
[2018/1/18 - 3:00:38] Vehicle ID 0 (Slot ID 407) Maintainence fee cost $500 to SHAFT's budget fund.
[2018/1/18 - 3:00:38] Vehicle ID 0 (Slot ID 583) Maintainence fee cost $250 to SHAFT's budget fund.
[2018/1/18 - 4:00:20] The faction vault is at $6,976.
[2018/1/18 - 4:00:20] Vehicle ID 0 (Slot ID 4) Maintainence fee cost $3,000 to SHAFT's budget fund.
[2018/1/18 - 4:00:20] Vehicle ID 0 (Slot ID 16) Maintainence fee cost $3,000 to SHAFT's budget fund.
[2018/1/18 - 4:00:20] Vehicle ID 0 (Slot ID 159) Maintainence fee cost $0 to SHAFT's budget fund.
[2018/1/18 - 4:00:20] Vehicle ID 0 (Slot ID 244) Maintainence fee cost $0 to SHAFT's budget fund.
[2018/1/18 - 4:00:20] Vehicle ID 0 (Slot ID 264) Maintainence fee cost $0 to SHAFT's budget fund.
[2018/1/18 - 4:00:20] Vehicle ID 0 (Slot ID 280) Maintainence fee cost $0 to SHAFT's budget fund.
[2018/1/18 - 4:00:20] Vehicle ID 65535 (Slot ID 404) Maintainence fee cost $0 to SHAFT's budget fund.
[2018/1/18 - 4:00:20] Vehicle ID 0 (Slot ID 407) Maintainence fee cost $500 to SHAFT's budget fund.
[2018/1/18 - 4:00:20] Vehicle ID 0 (Slot ID 583) Maintainence fee cost $250 to SHAFT's budget fund.
[2018/1/18 - 5:00:16] The faction vault is at $11,826.
[2018/1/18 - 5:00:16] Vehicle ID 0 (Slot ID 4) Maintainence fee cost $3,000 to SHAFT's budget fund.
[2018/1/18 - 5:00:16] Vehicle ID 0 (Slot ID 16) Maintainence fee cost $3,000 to SHAFT's budget fund.
[2018/1/18 - 5:00:16] Vehicle ID 0 (Slot ID 53) Maintainence fee cost $3,500 to SHAFT's budget fund.
[2018/1/18 - 5:00:16] Vehicle ID 0 (Slot ID 159) Maintainence fee cost $0 to SHAFT's budget fund.
[2018/1/18 - 5:00:16] Vehicle ID 0 (Slot ID 244) Maintainence fee cost $0 to SHAFT's budget fund.
[2018/1/18 - 5:00:16] Vehicle ID 0 (Slot ID 264) Maintainence fee cost $0 to SHAFT's budget fund.
[2018/1/18 - 5:00:16] Vehicle ID 0 (Slot ID 280) Maintainence fee cost $0 to SHAFT's budget fund.
[2018/1/18 - 5:00:16] Vehicle ID 65535 (Slot ID 404) Maintainence fee cost $0 to SHAFT's budget fund.
[2018/1/18 - 5:00:16] Vehicle ID 0 (Slot ID 407) Maintainence fee cost $500 to SHAFT's budget fund.
[2018/1/18 - 5:00:16] Vehicle ID 0 (Slot ID 583) Maintainence fee cost $250 to SHAFT's budget fund.
[2018/1/18 - 6:00:07] The faction vault is at $7,976.
[2018/1/18 - 6:00:07] Vehicle ID 0 (Slot ID 4) Maintainence fee cost $3,000 to SHAFT's budget fund.
[2018/1/18 - 6:00:07] Vehicle ID 0 (Slot ID 16) Maintainence fee cost $3,000 to SHAFT's budget fund.
[2018/1/18 - 6:00:07] Vehicle ID 0 (Slot ID 159) Maintainence fee cost $0 to SHAFT's budget fund.
[2018/1/18 - 6:00:07] Vehicle ID 0 (Slot ID 244) Maintainence fee cost $0 to SHAFT's budget fund.
[2018/1/18 - 6:00:07] Vehicle ID 0 (Slot ID 264) Maintainence fee cost $0 to SHAFT's budget fund.
[2018/1/18 - 6:00:07] Vehicle ID 0 (Slot ID 280) Maintainence fee cost $0 to SHAFT's budget fund.
[2018/1/18 - 6:00:07] Vehicle ID 65535 (Slot ID 404) Maintainence fee cost $0 to SHAFT's budget fund.
[2018/1/18 - 6:00:07] Vehicle ID 0 (Slot ID 407) Maintainence fee cost $500 to SHAFT's budget fund.
[2018/1/18 - 6:00:07] Vehicle ID 0 (Slot ID 583) Maintainence fee cost $250 to SHAFT's budget fund.
[2018/1/18 - 7:00:01] The faction vault is at $6,826.
[2018/1/18 - 7:00:01] Vehicle ID 0 (Slot ID 4) Maintainence fee cost $3,000 to SHAFT's budget fund.
[2018/1/18 - 7:00:01] Vehicle ID 0 (Slot ID 16) Maintainence fee cost $3,000 to SHAFT's budget fund.
[2018/1/18 - 7:00:01] Vehicle ID 0 (Slot ID 159) Maintainence fee cost $0 to SHAFT's budget fund.
[2018/1/18 - 7:00:01] Vehicle ID 0 (Slot ID 244) Maintainence fee cost $0 to SHAFT's budget fund.
[2018/1/18 - 7:00:01] Vehicle ID 0 (Slot ID 264) Maintainence fee cost $0 to SHAFT's budget fund.
[2018/1/18 - 7:00:01] Vehicle ID 0 (Slot ID 280) Maintainence fee cost $0 to SHAFT's budget fund.
[2018/1/18 - 7:00:01] Vehicle ID 65535 (Slot ID 404) Maintainence fee cost $0 to SHAFT's budget fund.
[2018/1/18 - 7:00:01] Vehicle ID 0 (Slot ID 407) Maintainence fee cost $500 to SHAFT's budget fund.
[2018/1/18 - 7:00:01] Vehicle ID 0 (Slot ID 583) Maintainence fee cost $250 to SHAFT's budget fund.
[2018/1/18 - 8:00:49] The faction vault is at $7,876.
[2018/1/18 - 8:00:49] Vehicle ID 0 (Slot ID 4) Maintainence fee cost $3,000 to SHAFT's budget fund.
[2018/1/18 - 8:00:49] Vehicle ID 0 (Slot ID 16) Maintainence fee cost $3,000 to SHAFT's budget fund.
[2018/1/18 - 8:00:49] Vehicle ID 0 (Slot ID 159) Maintainence fee cost $0 to SHAFT's budget fund.
[2018/1/18 - 8:00:49] Vehicle ID 0 (Slot ID 244) Maintainence fee cost $0 to SHAFT's budget fund.
[2018/1/18 - 8:00:49] Vehicle ID 0 (Slot ID 264) Maintainence fee cost $0 to SHAFT's budget fund.
[2018/1/18 - 8:00:49] Vehicle ID 0 (Slot ID 280) Maintainence fee cost $0 to SHAFT's budget fund.
[2018/1/18 - 8:00:49] Vehicle ID 65535 (Slot ID 404) Maintainence fee cost $0 to SHAFT's budget fund.
[2018/1/18 - 8:00:49] Vehicle ID 0 (Slot ID 407) Maintainence fee cost $500 to SHAFT's budget fund.
[2018/1/18 - 8:00:49] Vehicle ID 0 (Slot ID 583) Maintainence fee cost $250 to SHAFT's budget fund.
[2018/1/18 - 9:00:24] The faction vault is at $15,526.
[2018/1/18 - 9:00:24] Vehicle ID 0 (Slot ID 4) Maintainence fee cost $3,000 to SHAFT's budget fund.
[2018/1/18 - 9:00:24] Vehicle ID 0 (Slot ID 16) Maintainence fee cost $3,000 to SHAFT's budget fund.
[2018/1/18 - 9:00:24] Vehicle ID 0 (Slot ID 53) Maintainence fee cost $3,500 to SHAFT's budget fund.
[2018/1/18 - 9:00:24] Vehicle ID 0 (Slot ID 112) Maintainence fee cost $2,500 to SHAFT's budget fund.
[2018/1/18 - 9:00:24] Vehicle ID 0 (Slot ID 118) Maintainence fee cost $3,000 to SHAFT's budget fund.
[2018/1/18 - 9:00:24] Vehicle ID 0 (Slot ID 159) Maintainence fee cost $0 to SHAFT's budget fund.
[2018/1/18 - 9:00:24] Vehicle ID 0 (Slot ID 244) Maintainence fee cost $0 to SHAFT's budget fund.
[2018/1/18 - 9:00:24] Vehicle ID 0 (Slot ID 264) Maintainence fee cost $0 to SHAFT's budget fund.
[2018/1/18 - 9:00:24] Vehicle ID 0 (Slot ID 280) Maintainence fee cost $0 to SHAFT's budget fund.
[2018/1/18 - 9:00:24] Vehicle ID 65535 (Slot ID 404) Maintainence fee cost $0 to SHAFT's budget fund.
[2018/1/18 - 9:00:24] Vehicle ID 0 (Slot ID 407) Maintainence fee cost $500 to SHAFT's budget fund.
[2018/1/18 - 10:00:05] The faction vault is at $10,826.
[2018/1/18 - 10:00:05] Vehicle ID 0 (Slot ID 4) Maintainence fee cost $3,000 to SHAFT's budget fund.
[2018/1/18 - 10:00:05] Vehicle ID 0 (Slot ID 16) Maintainence fee cost $3,000 to SHAFT's budget fund.
[2018/1/18 - 10:00:05] Vehicle ID 0 (Slot ID 53) Maintainence fee cost $3,500 to SHAFT's budget fund.
[2018/1/18 - 10:00:05] Vehicle ID 0 (Slot ID 159) Maintainence fee cost $0 to SHAFT's budget fund.
[2018/1/18 - 10:00:05] Vehicle ID 0 (Slot ID 244) Maintainence fee cost $0 to SHAFT's budget fund.
[2018/1/18 - 10:00:05] Vehicle ID 0 (Slot ID 264) Maintainence fee cost $0 to SHAFT's budget fund.
[2018/1/18 - 10:00:05] Vehicle ID 0 (Slot ID 280) Maintainence fee cost $0 to SHAFT's budget fund.
[2018/1/18 - 10:00:05] Vehicle ID 65535 (Slot ID 404) Maintainence fee cost $0 to SHAFT's budget fund.
[2018/1/18 - 10:00:05] Vehicle ID 0 (Slot ID 407) Maintainence fee cost $500 to SHAFT's budget fund.
[2018/1/18 - 10:00:05] Vehicle ID 0 (Slot ID 583) Maintainence fee cost $250 to SHAFT's budget fund.
[2018/1/18 - 11:00:40] The faction vault is at $8,376.
[2018/1/18 - 11:00:40] Vehicle ID 0 (Slot ID 4) Maintainence fee cost $3,000 to SHAFT's budget fund.
[2018/1/18 - 11:00:40] Vehicle ID 0 (Slot ID 16) Maintainence fee cost $3,000 to SHAFT's budget fund.
[2018/1/18 - 11:00:40] Vehicle ID 0 (Slot ID 159) Maintainence fee cost $0 to SHAFT's budget fund.
[2018/1/18 - 11:00:40] Vehicle ID 0 (Slot ID 244) Maintainence fee cost $0 to SHAFT's budget fund.
[2018/1/18 - 11:00:40] Vehicle ID 0 (Slot ID 264) Maintainence fee cost $0 to SHAFT's budget fund.
[2018/1/18 - 11:00:40] Vehicle ID 0 (Slot ID 280) Maintainence fee cost $0 to SHAFT's budget fund.
[2018/1/18 - 11:00:40] Vehicle ID 65535 (Slot ID 404) Maintainence fee cost $0 to SHAFT's budget fund.
[2018/1/18 - 11:00:40] Vehicle ID 0 (Slot ID 407) Maintainence fee cost $500 to SHAFT's budget fund.
[2018/1/18 - 11:00:40] Vehicle ID 0 (Slot ID 583) Maintainence fee cost $250 to SHAFT's budget fund.
[2018/1/18 - 12:00:16] The faction vault is at $11,626.
[2018/1/18 - 12:00:16] Vehicle ID 0 (Slot ID 4) Maintainence fee cost $3,000 to SHAFT's budget fund.
[2018/1/18 - 12:00:16] Vehicle ID 0 (Slot ID 16) Maintainence fee cost $3,000 to SHAFT's budget fund.
[2018/1/18 - 12:00:16] Vehicle ID 0 (Slot ID 53) Maintainence fee cost $3,500 to SHAFT's budget fund.
[2018/1/18 - 12:00:16] Vehicle ID 0 (Slot ID 159) Maintainence fee cost $0 to SHAFT's budget fund.
[2018/1/18 - 12:00:16] Vehicle ID 0 (Slot ID 244) Maintainence fee cost $0 to SHAFT's budget fund.
[2018/1/18 - 12:00:16] Vehicle ID 0 (Slot ID 264) Maintainence fee cost $0 to SHAFT's budget fund.
[2018/1/18 - 12:00:16] Vehicle ID 0 (Slot ID 280) Maintainence fee cost $0 to SHAFT's budget fund.
[2018/1/18 - 12:00:16] Vehicle ID 65535 (Slot ID 404) Maintainence fee cost $0 to SHAFT's budget fund.
[2018/1/18 - 12:00:16] Vehicle ID 0 (Slot ID 407) Maintainence fee cost $500 to SHAFT's budget fund.
[2018/1/18 - 12:00:16] Vehicle ID 0 (Slot ID 583) Maintainence fee cost $250 to SHAFT's budget fund.
[2018/1/18 - 13:00:49] The faction vault is at $13,776.
[2018/1/18 - 13:00:49] Vehicle ID 0 (Slot ID 4) Maintainence fee cost $3,000 to SHAFT's budget fund.
[2018/1/18 - 13:00:49] Vehicle ID 0 (Slot ID 16) Maintainence fee cost $3,000 to SHAFT's budget fund.
[2018/1/18 - 13:00:49] Vehicle ID 0 (Slot ID 53) Maintainence fee cost $3,500 to SHAFT's budget fund.
[2018/1/18 - 13:00:49] Vehicle ID 0 (Slot ID 112) Maintainence fee cost $2,500 to SHAFT's budget fund.
[2018/1/18 - 13:00:49] Vehicle ID 0 (Slot ID 159) Maintainence fee cost $0 to SHAFT's budget fund.
[2018/1/18 - 13:00:49] Vehicle ID 0 (Slot ID 244) Maintainence fee cost $0 to SHAFT's budget fund.
[2018/1/18 - 13:00:49] Vehicle ID 0 (Slot ID 264) Maintainence fee cost $0 to SHAFT's budget fund.
[2018/1/18 - 13:00:49] Vehicle ID 0 (Slot ID 280) Maintainence fee cost $0 to SHAFT's budget fund.
[2018/1/18 - 13:00:49] Vehicle ID 65535 (Slot ID 404) Maintainence fee cost $0 to SHAFT's budget fund.
[2018/1/18 - 13:00:49] Vehicle ID 0 (Slot ID 407) Maintainence fee cost $500 to SHAFT's budget fund.
[2018/1/18 - 13:00:49] Vehicle ID 0 (Slot ID 583) Maintainence fee cost $250 to SHAFT's budget fund.
[2018/1/18 - 14:00:21] The faction vault is at $16,426.
[2018/1/18 - 14:00:21] Vehicle ID 0 (Slot ID 4) Maintainence fee cost $3,000 to SHAFT's budget fund.
[2018/1/18 - 14:00:21] Vehicle ID 0 (Slot ID 16) Maintainence fee cost $3,000 to SHAFT's budget fund.
[2018/1/18 - 14:00:21] Vehicle ID 0 (Slot ID 53) Maintainence fee cost $3,500 to SHAFT's budget fund.
[2018/1/18 - 14:00:21] Vehicle ID 0 (Slot ID 112) Maintainence fee cost $2,500 to SHAFT's budget fund.
[2018/1/18 - 14:00:21] Vehicle ID 0 (Slot ID 118) Maintainence fee cost $3,000 to SHAFT's budget fund.
[2018/1/18 - 14:00:21] Vehicle ID 0 (Slot ID 159) Maintainence fee cost $0 to SHAFT's budget fund.
[2018/1/18 - 14:00:21] Vehicle ID 0 (Slot ID 244) Maintainence fee cost $0 to SHAFT's budget fund.
[2018/1/18 - 14:00:21] Vehicle ID 0 (Slot ID 264) Maintainence fee cost $0 to SHAFT's budget fund.
[2018/1/18 - 14:00:21] Vehicle ID 0 (Slot ID 280) Maintainence fee cost $0 to SHAFT's budget fund.
[2018/1/18 - 14:00:21] Vehicle ID 65535 (Slot ID 404) Maintainence fee cost $0 to SHAFT's budget fund.
[2018/1/18 - 14:00:21] Vehicle ID 0 (Slot ID 407) Maintainence fee cost $500 to SHAFT's budget fund.
[2018/1/18 - 14:00:21] Vehicle ID 0 (Slot ID 583) Maintainence fee cost $250 to SHAFT's budget fund.
[2018/1/18 - 15:00:03] The faction vault is at $15,276.
[2018/1/18 - 15:00:03] Vehicle ID 0 (Slot ID 4) Maintainence fee cost $3,000 to SHAFT's budget fund.
[2018/1/18 - 15:00:03] Vehicle ID 0 (Slot ID 16) Maintainence fee cost $3,000 to SHAFT's budget fund.
[2018/1/18 - 15:00:03] Vehicle ID 0 (Slot ID 53) Maintainence fee cost $3,500 to SHAFT's budget fund.
[2018/1/18 - 15:00:03] Vehicle ID 0 (Slot ID 112) Maintainence fee cost $2,500 to SHAFT's budget fund.
[2018/1/18 - 15:00:03] Vehicle ID 0 (Slot ID 118) Maintainence fee cost $3,000 to SHAFT's budget fund.
[2018/1/18 - 15:00:03] Vehicle ID 0 (Slot ID 159) Maintainence fee cost $0 to SHAFT's budget fund.
[2018/1/18 - 15:00:03] Vehicle ID 0 (Slot ID 244) Maintainence fee cost $0 to SHAFT's budget fund.
[2018/1/18 - 15:00:03] Vehicle ID 0 (Slot ID 264) Maintainence fee cost $0 to SHAFT's budget fund.
[2018/1/18 - 15:00:03] Vehicle ID 0 (Slot ID 280) Maintainence fee cost $0 to SHAFT's budget fund.
[2018/1/18 - 15:00:03] Vehicle ID 65535 (Slot ID 404) Maintainence fee cost $0 to SHAFT's budget fund.
[2018/1/18 - 15:00:03] Vehicle ID 0 (Slot ID 583) Maintainence fee cost $250 to SHAFT's budget fund.
[2018/1/18 - 16:00:39] The faction vault is at $16,226.
[2018/1/18 - 16:00:39] Vehicle ID 0 (Slot ID 4) Maintainence fee cost $3,000 to SHAFT's budget fund.
[2018/1/18 - 16:00:39] Vehicle ID 0 (Slot ID 16) Maintainence fee cost $3,000 to SHAFT's budget fund.
[2018/1/18 - 16:00:39] Vehicle ID 0 (Slot ID 53) Maintainence fee cost $3,500 to SHAFT's budget fund.
[2018/1/18 - 16:00:39] Vehicle ID 0 (Slot ID 112) Maintainence fee cost $2,500 to SHAFT's budget fund.
[2018/1/18 - 16:00:39] Vehicle ID 0 (Slot ID 118) Maintainence fee cost $3,000 to SHAFT's budget fund.
[2018/1/18 - 16:00:39] Vehicle ID 0 (Slot ID 159) Maintainence fee cost $0 to SHAFT's budget fund.
[2018/1/18 - 16:00:39] Vehicle ID 0 (Slot ID 244) Maintainence fee cost $0 to SHAFT's budget fund.
[2018/1/18 - 16:00:39] Vehicle ID 0 (Slot ID 264) Maintainence fee cost $0 to SHAFT's budget fund.
[2018/1/18 - 16:00:39] Vehicle ID 0 (Slot ID 280) Maintainence fee cost $0 to SHAFT's budget fund.
[2018/1/18 - 16:00:39] Vehicle ID 65535 (Slot ID 404) Maintainence fee cost $0 to SHAFT's budget fund.
[2018/1/18 - 16:00:39] Vehicle ID 0 (Slot ID 407) Maintainence fee cost $500 to SHAFT's budget fund.
[2018/1/18 - 16:00:39] Vehicle ID 0 (Slot ID 583) Maintainence fee cost $250 to SHAFT's budget fund.
[2018/1/18 - 17:00:11] The faction vault is at $15,276.
[2018/1/18 - 17:00:11] Vehicle ID 0 (Slot ID 4) Maintainence fee cost $3,000 to SHAFT's budget fund.
[2018/1/18 - 17:00:11] Vehicle ID 0 (Slot ID 16) Maintainence fee cost $3,000 to SHAFT's budget fund.
[2018/1/18 - 17:00:11] Vehicle ID 0 (Slot ID 53) Maintainence fee cost $3,500 to SHAFT's budget fund.
[2018/1/18 - 17:00:11] Vehicle ID 0 (Slot ID 112) Maintainence fee cost $2,500 to SHAFT's budget fund.
[2018/1/18 - 17:00:11] Vehicle ID 0 (Slot ID 118) Maintainence fee cost $3,000 to SHAFT's budget fund.
[2018/1/18 - 17:00:11] Vehicle ID 0 (Slot ID 159) Maintainence fee cost $0 to SHAFT's budget fund.
[2018/1/18 - 17:00:11] Vehicle ID 0 (Slot ID 244) Maintainence fee cost $0 to SHAFT's budget fund.
[2018/1/18 - 17:00:11] Vehicle ID 0 (Slot ID 264) Maintainence fee cost $0 to SHAFT's budget fund.
[2018/1/18 - 17:00:11] Vehicle ID 0 (Slot ID 280) Maintainence fee cost $0 to SHAFT's budget fund.
[2018/1/18 - 17:00:11] Vehicle ID 65535 (Slot ID 404) Maintainence fee cost $0 to SHAFT's budget fund.
[2018/1/18 - 17:00:11] Vehicle ID 0 (Slot ID 583) Maintainence fee cost $250 to SHAFT's budget fund.
[2018/1/18 - 18:00:54] The faction vault is at $14,626.
[2018/1/18 - 18:00:54] Vehicle ID 0 (Slot ID 4) Maintainence fee cost $3,000 to SHAFT's budget fund.
[2018/1/18 - 18:00:54] Vehicle ID 0 (Slot ID 16) Maintainence fee cost $3,000 to SHAFT's budget fund.
[2018/1/18 - 18:00:54] Vehicle ID 0 (Slot ID 53) Maintainence fee cost $3,500 to SHAFT's budget fund.
[2018/1/18 - 18:00:54] Vehicle ID 0 (Slot ID 112) Maintainence fee cost $2,500 to SHAFT's budget fund.
[2018/1/18 - 18:00:54] Vehicle ID 0 (Slot ID 159) Maintainence fee cost $0 to SHAFT's budget fund.
[2018/1/18 - 18:00:54] Vehicle ID 0 (Slot ID 217) Maintainence fee cost $2,500 to SHAFT's budget fund.
[2018/1/18 - 18:00:54] Vehicle ID 0 (Slot ID 244) Maintainence fee cost $0 to SHAFT's budget fund.
[2018/1/18 - 18:00:54] Vehicle ID 0 (Slot ID 264) Maintainence fee cost $0 to SHAFT's budget fund.
[2018/1/18 - 18:00:54] Vehicle ID 0 (Slot ID 280) Maintainence fee cost $0 to SHAFT's budget fund.
[2018/1/18 - 18:00:54] Vehicle ID 65535 (Slot ID 404) Maintainence fee cost $0 to SHAFT's budget fund.
[2018/1/18 - 19:00:29] The faction vault is at $18,926.
[2018/1/18 - 19:00:29] Vehicle ID 0 (Slot ID 4) Maintainence fee cost $3,000 to SHAFT's budget fund.
[2018/1/18 - 19:00:29] Vehicle ID 0 (Slot ID 16) Maintainence fee cost $3,000 to SHAFT's budget fund.
[2018/1/18 - 19:00:29] Vehicle ID 0 (Slot ID 53) Maintainence fee cost $3,500 to SHAFT's budget fund.
[2018/1/18 - 19:00:29] Vehicle ID 0 (Slot ID 112) Maintainence fee cost $2,500 to SHAFT's budget fund.
[2018/1/18 - 19:00:29] Vehicle ID 0 (Slot ID 118) Maintainence fee cost $3,000 to SHAFT's budget fund.
[2018/1/18 - 19:00:29] Vehicle ID 0 (Slot ID 127) Maintainence fee cost $3,500 to SHAFT's budget fund.
[2018/1/18 - 19:00:29] Vehicle ID 0 (Slot ID 159) Maintainence fee cost $0 to SHAFT's budget fund.
[2018/1/18 - 19:00:29] Vehicle ID 0 (Slot ID 244) Maintainence fee cost $0 to SHAFT's budget fund.
[2018/1/18 - 19:00:29] Vehicle ID 0 (Slot ID 264) Maintainence fee cost $0 to SHAFT's budget fund.
[2018/1/18 - 19:00:29] Vehicle ID 0 (Slot ID 280) Maintainence fee cost $0 to SHAFT's budget fund.
[2018/1/18 - 19:00:29] Vehicle ID 65535 (Slot ID 404) Maintainence fee cost $0 to SHAFT's budget fund.
[2018/1/18 - 19:00:29] Vehicle ID 0 (Slot ID 583) Maintainence fee cost $250 to SHAFT's budget fund.
[2018/1/18 - 20:00:58] The faction vault is at $11,176.
[2018/1/18 - 20:00:58] Vehicle ID 0 (Slot ID 4) Maintainence fee cost $3,000 to SHAFT's budget fund.
[2018/1/18 - 20:00:58] Vehicle ID 0 (Slot ID 16) Maintainence fee cost $3,000 to SHAFT's budget fund.
[2018/1/18 - 20:00:58] Vehicle ID 0 (Slot ID 53) Maintainence fee cost $3,500 to SHAFT's budget fund.
[2018/1/18 - 20:00:58] Vehicle ID 0 (Slot ID 159) Maintainence fee cost $0 to SHAFT's budget fund.
[2018/1/18 - 20:00:58] Vehicle ID 0 (Slot ID 244) Maintainence fee cost $0 to SHAFT's budget fund.
[2018/1/18 - 20:00:58] Vehicle ID 0 (Slot ID 264) Maintainence fee cost $0 to SHAFT's budget fund.
[2018/1/18 - 20:00:58] Vehicle ID 0 (Slot ID 280) Maintainence fee cost $0 to SHAFT's budget fund.
[2018/1/18 - 20:00:58] Vehicle ID 65535 (Slot ID 404) Maintainence fee cost $0 to SHAFT's budget fund.
[2018/1/18 - 20:00:58] Vehicle ID 0 (Slot ID 407) Maintainence fee cost $500 to SHAFT's budget fund.
[2018/1/18 - 20:00:58] Vehicle ID 0 (Slot ID 583) Maintainence fee cost $250 to SHAFT's budget fund.
[2018/1/18 - 21:00:32] The faction vault is at $16,326.
[2018/1/18 - 21:00:32] Vehicle ID 0 (Slot ID 4) Maintainence fee cost $3,000 to SHAFT's budget fund.
[2018/1/18 - 21:00:32] Vehicle ID 0 (Slot ID 16) Maintainence fee cost $3,000 to SHAFT's budget fund.
[2018/1/18 - 21:00:32] Vehicle ID 0 (Slot ID 53) Maintainence fee cost $3,500 to SHAFT's budget fund.
[2018/1/18 - 21:00:32] Vehicle ID 0 (Slot ID 112) Maintainence fee cost $2,500 to SHAFT's budget fund.
[2018/1/18 - 21:00:32] Vehicle ID 0 (Slot ID 118) Maintainence fee cost $3,000 to SHAFT's budget fund.
[2018/1/18 - 21:00:32] Vehicle ID 0 (Slot ID 159) Maintainence fee cost $0 to SHAFT's budget fund.
[2018/1/18 - 21:00:32] Vehicle ID 0 (Slot ID 244) Maintainence fee cost $0 to SHAFT's budget fund.
[2018/1/18 - 21:00:32] Vehicle ID 0 (Slot ID 264) Maintainence fee cost $0 to SHAFT's budget fund.
[2018/1/18 - 21:00:32] Vehicle ID 0 (Slot ID 280) Maintainence fee cost $0 to SHAFT's budget fund.
[2018/1/18 - 21:00:32] Vehicle ID 65535 (Slot ID 404) Maintainence fee cost $0 to SHAFT's budget fund.
[2018/1/18 - 21:00:32] Vehicle ID 0 (Slot ID 407) Maintainence fee cost $500 to SHAFT's budget fund.
[2018/1/18 - 21:00:32] Vehicle ID 0 (Slot ID 583) Maintainence fee cost $250 to SHAFT's budget fund.
[2018/1/18 - 22:00:08] The faction vault is at $21,576.
[2018/1/18 - 22:00:08] Vehicle ID 0 (Slot ID 4) Maintainence fee cost $3,000 to SHAFT's budget fund.
[2018/1/18 - 22:00:08] Vehicle ID 0 (Slot ID 16) Maintainence fee cost $3,000 to SHAFT's budget fund.
[2018/1/18 - 22:00:08] Vehicle ID 0 (Slot ID 53) Maintainence fee cost $3,500 to SHAFT's budget fund.
[2018/1/18 - 22:00:08] Vehicle ID 0 (Slot ID 112) Maintainence fee cost $2,500 to SHAFT's budget fund.
[2018/1/18 - 22:00:08] Vehicle ID 0 (Slot ID 118) Maintainence fee cost $3,000 to SHAFT's budget fund.
[2018/1/18 - 22:00:08] Vehicle ID 0 (Slot ID 127) Maintainence fee cost $3,500 to SHAFT's budget fund.
[2018/1/18 - 22:00:08] Vehicle ID 0 (Slot ID 159) Maintainence fee cost $0 to SHAFT's budget fund.
[2018/1/18 - 22:00:08] Vehicle ID 0 (Slot ID 217) Maintainence fee cost $2,500 to SHAFT's budget fund.
[2018/1/18 - 22:00:08] Vehicle ID 0 (Slot ID 244) Maintainence fee cost $0 to SHAFT's budget fund.
[2018/1/18 - 22:00:08] Vehicle ID 0 (Slot ID 264) Maintainence fee cost $0 to SHAFT's budget fund.
[2018/1/18 - 22:00:08] Vehicle ID 0 (Slot ID 280) Maintainence fee cost $0 to SHAFT's budget fund.
[2018/1/18 - 22:00:08] Vehicle ID 65535 (Slot ID 404) Maintainence fee cost $0 to SHAFT's budget fund.
[2018/1/18 - 22:00:08] Vehicle ID 0 (Slot ID 407) Maintainence fee cost $500 to SHAFT's budget fund.
[2018/1/18 - 22:16:19] Casper Fortunato has been fined by $20,000 by Judge Rico Dredd.  $12,000 has been sent to the SHAFT Vault.
[2018/1/18 - 22:19:30] Casper Fortunato has been fined by $50,000 by Judge Amiel Kidman.  $30,000 has been sent to the SHAFT Vault.
[2018/1/18 - 23:00:45] The faction vault is at $61,276.
[2018/1/18 - 23:00:45] Vehicle ID 0 (Slot ID 4) Maintainence fee cost $3,000 to SHAFT's budget fund.
[2018/1/18 - 23:00:45] Vehicle ID 0 (Slot ID 16) Maintainence fee cost $3,000 to SHAFT's budget fund.
[2018/1/18 - 23:00:45] Vehicle ID 0 (Slot ID 53) Maintainence fee cost $3,500 to SHAFT's budget fund.
[2018/1/18 - 23:00:45] Vehicle ID 0 (Slot ID 112) Maintainence fee cost $2,500 to SHAFT's budget fund.
[2018/1/18 - 23:00:45] Vehicle ID 0 (Slot ID 118) Maintainence fee cost $3,000 to SHAFT's budget fund.
[2018/1/18 - 23:00:45] Vehicle ID 0 (Slot ID 127) Maintainence fee cost $3,500 to SHAFT's budget fund.
[2018/1/18 - 23:00:45] Vehicle ID 0 (Slot ID 159) Maintainence fee cost $0 to SHAFT's budget fund.
[2018/1/18 - 23:00:45] Vehicle ID 0 (Slot ID 217) Maintainence fee cost $2,500 to SHAFT's budget fund.
[2018/1/18 - 23:00:45] Vehicle ID 0 (Slot ID 244) Maintainence fee cost $0 to SHAFT's budget fund.
[2018/1/18 - 23:00:45] Vehicle ID 0 (Slot ID 246) Maintainence fee cost $4,500 to SHAFT's budget fund.
[2018/1/18 - 23:00:45] Vehicle ID 0 (Slot ID 264) Maintainence fee cost $0 to SHAFT's budget fund.
[2018/1/18 - 23:00:45] Vehicle ID 0 (Slot ID 271) Maintainence fee cost $3,500 to SHAFT's budget fund.
[2018/1/18 - 23:00:45] Vehicle ID 0 (Slot ID 273) Maintainence fee cost $4,500 to SHAFT's budget fund.
[2018/1/18 - 23:00:45] Vehicle ID 0 (Slot ID 277) Maintainence fee cost $2,500 to SHAFT's budget fund.
[2018/1/18 - 23:00:45] Vehicle ID 0 (Slot ID 280) Maintainence fee cost $0 to SHAFT's budget fund.
[2018/1/18 - 23:00:45] Vehicle ID 0 (Slot ID 297) Maintainence fee cost $3,000 to SHAFT's budget fund.
[2018/1/18 - 23:00:45] Vehicle ID 0 (Slot ID 298) Maintainence fee cost $2,500 to SHAFT's budget fund.
[2018/1/18 - 23:00:45] Vehicle ID 0 (Slot ID 316) Maintainence fee cost $2,500 to SHAFT's budget fund.
[2018/1/18 - 23:00:45] Vehicle ID 65535 (Slot ID 404) Maintainence fee cost $0 to SHAFT's budget fund.
[2018/1/18 - 23:00:45] Vehicle ID 0 (Slot ID 407) Maintainence fee cost $500 to SHAFT's budget fund.
[2018/1/18 - 23:00:45] Vehicle ID 0 (Slot ID 424) Maintainence fee cost $3,500 to SHAFT's budget fund.
[2018/1/18 - 23:00:45] Vehicle ID 0 (Slot ID 488) Maintainence fee cost $3,500 to SHAFT's budget fund.
[2018/1/18 - 23:00:45] Vehicle ID 0 (Slot ID 491) Maintainence fee cost $5,000 to SHAFT's budget fund.
[2018/1/18 - 23:00:45] Vehicle ID 0 (Slot ID 494) Maintainence fee cost $2,000 to SHAFT's budget fund.
[2018/1/18 - 23:00:45] Vehicle ID 0 (Slot ID 504) Maintainence fee cost $2,500 to SHAFT's budget fund.
[2018/1/18 - 23:00:45] Vehicle ID 0 (Slot ID 583) Maintainence fee cost $250 to SHAFT's budget fund.
