[2018/1/27 - 0:01:21] Casper Fortunato has withdrawn a Desert Eagle from the weapon locker (Cost: 5)
[2018/1/27 - 0:01:22] Neo Ryders has withdrawn a AK-47 from the weapon locker (Cost: 15)
[2018/1/27 - 0:01:23] Casper Fortunato has withdrawn a M4A1 from the weapon locker (Cost: 20)
[2018/1/27 - 0:01:27] Neo Ryders has withdrawn 60 grams of Crack from the safe.
[2018/1/27 - 0:01:31] Neo Ryders has withdrawn 20 grams of Ecstasy from the safe.
[2018/1/27 - 0:01:34] Casper Fortunato has withdrawn 40 grams of Crack from the safe.
[2018/1/27 - 0:01:36] Neo Ryders has withdrawn 30 grams of Meth from the safe.
[2018/1/27 - 0:01:54] Neo Ryders has withdrawn 30 grams of Heroin from the safe.
[2018/1/27 - 0:01:57] Neo Ryders has authorized Tony Florenzo to withdraw a Desert Eagle from the weapon locker (Cost: 5)
[2018/1/27 - 0:02:00] Casper Fortunato has withdrawn 10 grams of Heroin from the safe.
[2018/1/27 - 0:02:18] Casper Fortunato has deposited 10 grams of Heroin into the safe.
[2018/1/27 - 0:11:44] Underboss Casper Fortunato (1000627317) (rank 6) has given Tony Florenzo (1000627562) rank 5 (Caporegime) in Ancelotti Crime Fa
[2018/1/27 - 0:11:56] Underboss Casper Fortunato (1000627317) (rank 6) has given Tony Florenzo (1000627562) rank 2 (Wise Guy) in Ancelotti Crime Fami
[2018/1/27 - 0:25:27] Underboss Casper Fortunato has lost connection.
[2018/1/27 - 0:36:43] Neo Ryders has authorized Jesse Raminez to withdraw a AK-47 from the weapon locker (Cost: 15)
[2018/1/27 - 0:37:42] Casper Fortunato has authorized Jesse Raminez to withdraw a Desert Eagle from the weapon locker (Cost: 5)
[2018/1/27 - 0:51:19] Michael Hazel (61515) accepted Boss Neo Ryders's (72655) invite to join Ancelotti Crime Family (36).
[2018/1/27 - 0:53:31] Boss Neo Ryders (72655) (rank 7) has given Michael Hazel (61515) rank 4 (Made Man) in Ancelotti Crime Family (36).
[2018/1/27 - 0:53:58] Boss Neo Ryders (72655) has set Michael Hazel's (61515) division to Wannabe in Ancelotti Crime Family (36).
[2018/1/27 - 0:54:07] Boss Neo Ryders (72655) has set Michael Hazel's (61515) division to Fortunato Crew in Ancelotti Crime Family (36).
[2018/1/27 - 0:54:09] Boss Neo Ryders (72655) has set Michael Hazel's (61515) division to Ancelotti Crew in Ancelotti Crime Family (36).
[2018/1/27 - 0:54:36] Neo Ryders has authorized Jesse Raminez to withdraw a AK-47 from the weapon locker (Cost: 15)
[2018/1/27 - 0:55:30] Casper Fortunato has withdrawn 20 grams of Crack from the safe.
[2018/1/27 - 0:55:48] Casper Fortunato has withdrawn 20 grams of Pot from the safe.
[2018/1/27 - 0:55:55] Casper Fortunato has withdrawn 20 grams of Crack from the safe.
[2018/1/27 - 0:57:18] Casper Fortunato has withdrawn a Desert Eagle from the weapon locker (Cost: 5)
[2018/1/27 - 0:57:29] Casper Fortunato has withdrawn a Desert Eagle from the weapon locker (Cost: 5)
[2018/1/27 - 0:57:30] Casper Fortunato has withdrawn a AK-47 from the weapon locker (Cost: 15)
[2018/1/27 - 0:57:44] Neo Ryders has authorized Michael Hazel to withdraw a Desert Eagle from the weapon locker (Cost: 5)
[2018/1/27 - 1:03:43] Jesse Raminez has logged out.
[2018/1/27 - 1:23:57] Tony Florenzo has logged out.
[2018/1/27 - 1:24:54] Zac Shards has logged out.
[2018/1/27 - 1:29:43] Jack D Ripper (1000626142) accepted Boss Neo Ryders's (72655) invite to join Ancelotti Crime Family (36).
[2018/1/27 - 1:30:01] Boss Neo Ryders (72655) has set Jack D Ripper's (1000626142) division to Fantasmi in Ancelotti Crime Family (36).
[2018/1/27 - 1:32:58] Boss Neo Ryders has lost connection.
[2018/1/27 - 1:38:45] Outsider Jack D Ripper has lost connection.
[2018/1/27 - 1:41:03] Neo Ryders has logged out.
[2018/1/27 - 1:42:34] Casper Fortunato has logged out.
[2018/1/27 - 1:52:20] Conard Scaletta has logged out.
[2018/1/27 - 1:53:00] Zac Shards has logged out.
[2018/1/27 - 2:20:04] Tony Florenzo has logged out.
[2018/1/27 - 2:21:56] Michael Hazel has logged out.
[2018/1/27 - 2:25:58] Made Man Zac Shards has lost connection.
[2018/1/27 - 2:28:29] Made Man Zac Shards has lost connection.
[2018/1/27 - 2:36:23] Wise Guy Tony Florenzo has lost connection.
[2018/1/27 - 2:46:36] Tony Florenzo has logged out.
[2018/1/27 - 4:42:53] Zac Shards has logged out.
[2018/1/27 - 7:44:37] Zac Shards has logged out.
[2018/1/27 - 8:04:46] Wise Guy Tony Florenzo has lost connection.
[2018/1/27 - 8:15:10] Wise Guy Tony Florenzo has lost connection.
[2018/1/27 - 8:37:29] Tony Florenzo has logged out.
[2018/1/27 - 9:03:53] Associate Jax Winterfield has lost connection.
[2018/1/27 - 9:29:45] Associate Jax Winterfield has lost connection.
[2018/1/27 - 9:43:25] Tony Florenzo has logged out.
[2018/1/27 - 10:17:52] Ryan Dunwich has logged out.
[2018/1/27 - 10:34:48] Ryan Dunwich has logged out.
[2018/1/27 - 10:55:16] Brian S. Falcone has logged out.
[2018/1/27 - 12:22:18] Associate Jax Winterfield has lost connection.
[2018/1/27 - 12:28:57] Neo Ryders has withdrawn a Desert Eagle from the weapon locker (Cost: 5)
[2018/1/27 - 12:32:25] Neo Ryders has authorized Jesse Raminez to withdraw a AK-47 from the weapon locker (Cost: 15)
[2018/1/27 - 12:34:07] Neo Ryders has authorized Jesse Raminez to withdraw a Desert Eagle from the weapon locker (Cost: 5)
[2018/1/27 - 12:34:31] Neo Ryders has withdrawn 20 grams of Meth from the safe.
[2018/1/27 - 12:37:10] Boss Neo Ryders (rank 8) has offline uninvited Jax Winterfield from Ancelotti Crime Family (36).
[2018/1/27 - 13:02:44] Steven Ancelotti has withdrawn 40 grams of Meth from the safe.
[2018/1/27 - 13:03:22] Samuel Mcleon (1000601421) accepted Boss Neo Ryders's (72655) invite to join Ancelotti Crime Family (36).
[2018/1/27 - 13:03:29] Boss Neo Ryders (72655) has set Samuel Mcleon's (1000601421) division to Affiliate in Ancelotti Crime Family (36).
[2018/1/27 - 13:11:31] Tony Florenzo has logged out.
[2018/1/27 - 13:18:07] Jimmy C. Rossi (1000148783) accepted Boss Steven Ancelotti's (1000306450) invite to join Ancelotti Crime Family (36).
[2018/1/27 - 13:18:09] Boss Steven Ancelotti (1000306450) (rank 7) has given Jimmy C. Rossi (1000148783) rank 4 (Made Man) in Ancelotti Crime Family (
[2018/1/27 - 13:18:13] Boss Steven Ancelotti (1000306450) has set Jimmy C. Rossi's (1000148783) division to Ancelotti Crew in Ancelotti Crime Family (
[2018/1/27 - 13:20:26] Steven Ancelotti has authorized Jimmy C. Rossi to withdraw a Desert Eagle from the weapon locker (Cost: 5)
[2018/1/27 - 13:29:09] Made Man Jesse Raminez has lost connection.
[2018/1/27 - 13:29:34] Ryan Dunwich has logged out.
[2018/1/27 - 13:31:52] Sonny Smith (896174) accepted Boss Steven Ancelotti's (1000306450) invite to join Ancelotti Crime Family (36).
[2018/1/27 - 13:31:59] Boss Steven Ancelotti (1000306450) has set Sonny Smith's (896174) division to Affiliate in Ancelotti Crime Family (36).
[2018/1/27 - 13:33:08] Steven Ancelotti has authorized Jesse Raminez to withdraw a AK-47 from the weapon locker (Cost: 15)
[2018/1/27 - 13:34:07] Jesse Raminez has logged out.
[2018/1/27 - 13:34:48] Neo Ryders has logged out.
[2018/1/27 - 13:46:26] Sonny Smith has logged out.
[2018/1/27 - 13:58:27] Ryan Dunwich has logged out.
[2018/1/27 - 14:00:56] Steven Ancelotti has authorized Ryan Dunwich to withdraw a Desert Eagle from the weapon locker (Cost: 5)
[2018/1/27 - 14:01:39] Kog V Scalleta has logged out.
[2018/1/27 - 14:03:57] Neo Ryders has withdrawn a Desert Eagle from the weapon locker (Cost: 5)
[2018/1/27 - 14:04:03] Neo Ryders has withdrawn 50 grams of Ecstasy from the safe.
[2018/1/27 - 14:04:07] Neo Ryders has withdrawn 50 grams of Crack from the safe.
[2018/1/27 - 14:09:38] Outsider Samuel Mcleon has lost connection.
[2018/1/27 - 14:17:01] Steven Ancelotti has withdrawn a MP5 from the weapon locker (Cost: 5)
[2018/1/27 - 14:17:04] Steven Ancelotti has withdrawn a AK-47 from the weapon locker (Cost: 15)
[2018/1/27 - 14:17:12] Steven Ancelotti has withdrawn 40 grams of Ecstasy from the safe.
[2018/1/27 - 14:17:16] Neo Ryders has withdrawn a Desert Eagle from the weapon locker (Cost: 5)
[2018/1/27 - 14:17:21] Neo Ryders has authorized Ryan Dunwich to withdraw a Desert Eagle from the weapon locker (Cost: 5)
[2018/1/27 - 14:25:25] Neo Ryders has authorized Kog V Scalleta to withdraw a Desert Eagle from the weapon locker (Cost: 5)
[2018/1/27 - 14:30:28] Outsider Kog V Scalleta has lost connection.
[2018/1/27 - 14:47:29] Boss Steven Ancelotti has lost connection.
[2018/1/27 - 14:47:49] Jimmy C. Rossi has logged out.
[2018/1/27 - 14:55:49] Kog V Scalleta has logged out.
[2018/1/27 - 15:02:15] Outsider Nathan Scaletta has lost connection.
[2018/1/27 - 15:12:07] Underboss Casper Fortunato (1000627317) (rank 6) has given Kog V Scalleta (1000625071) rank 0 (Outsider) in Ancelotti Crime Fam
[2018/1/27 - 15:12:13] Underboss Casper Fortunato (1000627317) (rank 6) has given Marty S. Vespucci (1000625748) rank 0 (Outsider) in Ancelotti Crime 
[2018/1/27 - 15:19:08] Underboss Casper Fortunato has lost connection.
[2018/1/27 - 15:19:30] Boss Neo Ryders (72655) (rank 7) has given Marty S. Vespucci (1000625748) rank 2 (Wise Guy) in Ancelotti Crime Family (36).
[2018/1/27 - 15:21:10] Brian S. Falcone has logged out.
[2018/1/27 - 15:21:41] Outsider Nathan Scaletta has lost connection.
[2018/1/27 - 15:25:57] Marty S. Vespucci has logged out.
[2018/1/27 - 15:26:29] Neo Ryders has logged out.
[2018/1/27 - 15:33:17] Underboss Casper Fortunato (1000627317) (rank 6) has given Kog V Scalleta (1000625071) rank 1 (Associate) in Ancelotti Crime Fa
[2018/1/27 - 15:34:01] Casper Fortunato has authorized Nathan Scaletta to withdraw a Desert Eagle from the weapon locker (Cost: 5)
[2018/1/27 - 15:34:21] Casper Fortunato has deposited a AK-47 into the locker.
[2018/1/27 - 15:34:24] Casper Fortunato has withdrawn a M4A1 from the weapon locker (Cost: 20)
[2018/1/27 - 15:51:44] Outsider Nathan Scaletta has lost connection.
[2018/1/27 - 15:54:49] Casper Fortunato has logged out.
[2018/1/27 - 15:56:43] Caporegime Conard Scaletta has lost connection.
[2018/1/27 - 15:57:02] Nathan Scaletta has logged out.
[2018/1/27 - 15:57:18] Kog V Scalleta has logged out.
[2018/1/27 - 16:04:12] Nathan Scaletta has logged out.
[2018/1/27 - 16:08:34] Dwayne Agnusdei has logged out.
[2018/1/27 - 16:10:29] Olivia Fortunato has logged out.
[2018/1/27 - 16:14:44] Casper Fortunato has authorized Olivia Fortunato to withdraw a Desert Eagle from the weapon locker (Cost: 5)
[2018/1/27 - 16:17:47] Ryan Dunwich has logged out.
[2018/1/27 - 16:25:06] Olivia Fortunato has logged out.
[2018/1/27 - 16:31:49] Conard Scaletta has logged out.
[2018/1/27 - 16:55:44] Marty S. Vespucci has logged out.
[2018/1/27 - 17:14:23] Conard Scaletta has logged out.
[2018/1/27 - 17:16:31] Tony Florenzo has logged out.
[2018/1/27 - 18:02:37] Neo Ryders has authorized Tony Florenzo to withdraw a Desert Eagle from the weapon locker (Cost: 5)
[2018/1/27 - 18:04:16] Neo Ryders has logged out.
[2018/1/27 - 18:06:21] Neo Ryders has logged out.
[2018/1/27 - 18:07:07] Neo Ryders has logged out.
[2018/1/27 - 18:10:30] Antonio Florenzo (1000625253) accepted Boss Neo Ryders's (72655) invite to join Ancelotti Crime Family (36).
[2018/1/27 - 18:10:40] Boss Neo Ryders (72655) (rank 7) has given Antonio Florenzo (1000625253) rank 2 (Wise Guy) in Ancelotti Crime Family (36).
[2018/1/27 - 18:11:03] Boss Neo Ryders (72655) has set Antonio Florenzo's (1000625253) division to Ancelotti Crew in Ancelotti Crime Family (36).
[2018/1/27 - 18:15:31] Neo Ryders has authorized Nathan Scaletta to withdraw a Desert Eagle from the weapon locker (Cost: 5)
[2018/1/27 - 18:18:31] Outsider Nathan Scaletta has lost connection.
[2018/1/27 - 18:20:25] Neo Ryders has authorized Olivia Fortunato to withdraw a Desert Eagle from the weapon locker (Cost: 5)
[2018/1/27 - 18:24:26] Associate Olivia Fortunato has lost connection.
[2018/1/27 - 18:25:17] Wise Guy Tony Florenzo has lost connection.
[2018/1/27 - 18:28:24] Wise Guy Tony Florenzo has lost connection.
[2018/1/27 - 18:29:54] Neo Ryders has authorized Olivia Fortunato to withdraw a Desert Eagle from the weapon locker (Cost: 5)
[2018/1/27 - 18:30:20] Casper Fortunato has withdrawn 20 grams of Pot from the safe.
[2018/1/27 - 18:30:27] Casper Fortunato has withdrawn 40 grams of Crack from the safe.
[2018/1/27 - 18:32:50] Neo Ryders has logged out.
[2018/1/27 - 18:34:55] Casper Fortunato has authorized Tony Florenzo to withdraw a Desert Eagle from the weapon locker (Cost: 5)
[2018/1/27 - 18:39:47] Outsider Nathan Scaletta has lost connection.
[2018/1/27 - 18:43:48] Tony Florenzo has logged out.
[2018/1/27 - 18:45:46] Underboss Casper Fortunato (1000627317) (rank 6) has given Olivia Fortunato (1000556824) rank 2 (Wise Guy) in Ancelotti Crime F
[2018/1/27 - 18:50:18] Tony Florenzo has logged out.
[2018/1/27 - 18:52:36] Wise Guy Tony Florenzo has lost connection.
[2018/1/27 - 18:54:54] Casper Fortunato has authorized Olivia Fortunato to withdraw a SPAS-12 from the weapon locker (Cost: 30)
[2018/1/27 - 18:55:03] Casper Fortunato has withdrawn 20 grams of Crack from the safe.
[2018/1/27 - 18:56:11] Casper Fortunato has withdrawn 20 grams of Ecstasy from the safe.
[2018/1/27 - 18:56:21] Casper Fortunato has withdrawn 20 grams of Meth from the safe.
[2018/1/27 - 18:56:27] Casper Fortunato has deposited 30 materials into the safe.
[2018/1/27 - 18:56:34] Casper Fortunato has deposited 270 materials into the safe.
[2018/1/27 - 19:01:01] Outsider Nathan Scaletta has lost connection.
[2018/1/27 - 19:03:09] Wise Guy Tony Florenzo has lost connection.
[2018/1/27 - 19:03:14] Danzo Mussolini has logged out.
[2018/1/27 - 19:22:20] Outsider Nathan Scaletta has lost connection.
[2018/1/27 - 19:25:53] Olivia Fortunato has logged out.
[2018/1/27 - 19:29:45] Casper Fortunato has withdrawn 20 grams of Pot from the safe.
[2018/1/27 - 19:29:51] Casper Fortunato has withdrawn 20 grams of Crack from the safe.
[2018/1/27 - 19:34:51] Sonny Smith (896174) has quit the Ancelotti Crime Family as a rank 0
[2018/1/27 - 19:43:27] Outsider Nathan Scaletta has lost connection.
[2018/1/27 - 19:53:01] Underboss Casper Fortunato (1000627317) has set Antonio Florenzo's (1000625253) division to Affiliate in Ancelotti Crime Family
[2018/1/27 - 19:53:03] Underboss Casper Fortunato (1000627317) has set Antonio Florenzo's (1000625253) division to Fortunato Crew in Ancelotti Crime F
[2018/1/27 - 20:04:52] Outsider Nathan Scaletta has lost connection.
[2018/1/27 - 20:15:15] Kog V Scalleta has logged out.
[2018/1/27 - 20:16:59] Kog V Scalleta has logged out.
[2018/1/27 - 20:20:17] Kog V Scalleta has logged out.
[2018/1/27 - 20:26:21] Outsider Nathan Scaletta has lost connection.
[2018/1/27 - 20:28:58] Casper Fortunato has withdrawn 20 grams of Crack from the safe.
[2018/1/27 - 20:29:58] Casper Fortunato has deposited a SPAS-12 into the locker.
[2018/1/27 - 20:29:59] Casper Fortunato has deposited a M4A1 into the locker.
[2018/1/27 - 20:30:41] Underboss Casper Fortunato has lost connection.
[2018/1/27 - 20:46:39] Danzo Mussolini has logged out.
[2018/1/27 - 20:54:21] Antonio Florenzo has logged out.
[2018/1/27 - 20:57:03] Kog V Scalleta has logged out.
[2018/1/27 - 21:04:33] Marty S. Vespucci has logged out.
[2018/1/27 - 21:42:27] Underboss Danzo Mussolini has lost connection.
[2018/1/27 - 23:06:35] Casper Fortunato has logged out.
[2018/1/27 - 23:31:14] Samuel Mcleon has logged out.
[2018/1/27 - 23:56:48] Casper Fortunato has withdrawn a Desert Eagle from the weapon locker (Cost: 5)
[2018/1/27 - 23:56:49] Neo Ryders has withdrawn a AK-47 from the weapon locker (Cost: 15)
[2018/1/27 - 23:56:52] Casper Fortunato has withdrawn a M4A1 from the weapon locker (Cost: 20)
[2018/1/27 - 23:56:57] Neo Ryders has withdrawn 20 grams of Ecstasy from the safe.
[2018/1/27 - 23:57:02] Neo Ryders has withdrawn 20 grams of Meth from the safe.
[2018/1/27 - 23:57:55] Casper Fortunato has withdrawn 20 grams of Meth from the safe.
