[2018/2/1 - 0:00:58] The faction vault is at $20,679,940.
[2018/2/1 - 0:00:58] SA Gov Paid $100,000 to SHAFT budget fund.
[2018/2/1 - 0:00:58] Vehicle ID 367 (Slot ID 243) Maintainence fee cost $0 to SHAFT's budget fund.
[2018/2/1 - 0:00:58] Vehicle ID 459 (Slot ID 253) Maintainence fee cost $0 to SHAFT's budget fund.
[2018/2/1 - 0:00:58] Vehicle ID 382 (Slot ID 265) Maintainence fee cost $0 to SHAFT's budget fund.
[2018/2/1 - 0:00:58] Vehicle ID 399 (Slot ID 290) Maintainence fee cost $0 to SHAFT's budget fund.
[2018/2/1 - 0:00:58] Vehicle ID 455 (Slot ID 354) Maintainence fee cost $0 to SHAFT's budget fund.
[2018/2/1 - 0:00:58] Vehicle ID 456 (Slot ID 355) Maintainence fee cost $0 to SHAFT's budget fund.
[2018/2/1 - 0:00:58] Vehicle ID 460 (Slot ID 362) Maintainence fee cost $0 to SHAFT's budget fund.
[2018/2/1 - 0:00:58] Vehicle ID 407 (Slot ID 365) Maintainence fee cost $0 to SHAFT's budget fund.
[2018/2/1 - 0:00:58] Vehicle ID 463 (Slot ID 366) Maintainence fee cost $0 to SHAFT's budget fund.
[2018/2/1 - 0:00:58] Vehicle ID 465 (Slot ID 368) Maintainence fee cost $0 to SHAFT's budget fund.
[2018/2/1 - 0:00:58] Vehicle ID 464 (Slot ID 370) Maintainence fee cost $0 to SHAFT's budget fund.
[2018/2/1 - 0:00:58] Vehicle ID 466 (Slot ID 372) Maintainence fee cost $0 to SHAFT's budget fund.
[2018/2/1 - 0:00:58] Vehicle ID 469 (Slot ID 373) Maintainence fee cost $0 to SHAFT's budget fund.
[2018/2/1 - 0:00:58] Vehicle ID 470 (Slot ID 376) Maintainence fee cost $0 to SHAFT's budget fund.
[2018/2/1 - 0:00:58] Vehicle ID 471 (Slot ID 378) Maintainence fee cost $0 to SHAFT's budget fund.
[2018/2/1 - 0:00:58] Vehicle ID 473 (Slot ID 381) Maintainence fee cost $0 to SHAFT's budget fund.
[2018/2/1 - 0:00:58] Vehicle ID 425 (Slot ID 382) Maintainence fee cost $0 to SHAFT's budget fund.
[2018/2/1 - 0:00:58] Vehicle ID 475 (Slot ID 389) Maintainence fee cost $0 to SHAFT's budget fund.
[2018/2/1 - 0:00:58] Vehicle ID 478 (Slot ID 393) Maintainence fee cost $0 to SHAFT's budget fund.
[2018/2/1 - 0:00:58] Vehicle ID 480 (Slot ID 394) Maintainence fee cost $0 to SHAFT's budget fund.
[2018/2/1 - 0:00:58] Vehicle ID 482 (Slot ID 399) Maintainence fee cost $0 to SHAFT's budget fund.
[2018/2/1 - 0:00:58] Vehicle ID 487 (Slot ID 400) Maintainence fee cost $0 to SHAFT's budget fund.
[2018/2/1 - 0:00:58] Vehicle ID 489 (Slot ID 403) Maintainence fee cost $0 to SHAFT's budget fund.
[2018/2/1 - 0:00:58] Vehicle ID 490 (Slot ID 405) Maintainence fee cost $0 to SHAFT's budget fund.
[2018/2/1 - 0:00:58] Vehicle ID 515 (Slot ID 408) Maintainence fee cost $0 to SHAFT's budget fund.
[2018/2/1 - 0:00:58] Vehicle ID 450 (Slot ID 409) Maintainence fee cost $0 to SHAFT's budget fund.
[2018/2/1 - 0:00:58] Vehicle ID 493 (Slot ID 410) Maintainence fee cost $0 to SHAFT's budget fund.
[2018/2/1 - 0:00:58] Vehicle ID 385 (Slot ID 414) Maintainence fee cost $0 to SHAFT's budget fund.
[2018/2/1 - 0:00:58] Vehicle ID 497 (Slot ID 416) Maintainence fee cost $0 to SHAFT's budget fund.
[2018/2/1 - 0:00:58] Vehicle ID 498 (Slot ID 417) Maintainence fee cost $0 to SHAFT's budget fund.
[2018/2/1 - 0:00:58] Vehicle ID 500 (Slot ID 420) Maintainence fee cost $0 to SHAFT's budget fund.
[2018/2/1 - 0:00:58] Vehicle ID 441 (Slot ID 421) Maintainence fee cost $0 to SHAFT's budget fund.
[2018/2/1 - 0:00:58] Vehicle ID 483 (Slot ID 423) Maintainence fee cost $0 to SHAFT's budget fund.
[2018/2/1 - 0:00:58] Vehicle ID 504 (Slot ID 425) Maintainence fee cost $0 to SHAFT's budget fund.
[2018/2/1 - 0:00:58] Vehicle ID 503 (Slot ID 426) Maintainence fee cost $0 to SHAFT's budget fund.
[2018/2/1 - 0:00:58] Vehicle ID 506 (Slot ID 429) Maintainence fee cost $0 to SHAFT's budget fund.
[2018/2/1 - 0:00:58] Vehicle ID 527 (Slot ID 434) Maintainence fee cost $0 to SHAFT's budget fund.
[2018/2/1 - 0:00:58] Vehicle ID 528 (Slot ID 437) Maintainence fee cost $0 to SHAFT's budget fund.
[2018/2/1 - 0:00:58] Vehicle ID 505 (Slot ID 441) Maintainence fee cost $0 to SHAFT's budget fund.
[2018/2/1 - 0:00:58] Vehicle ID 433 (Slot ID 442) Maintainence fee cost $0 to SHAFT's budget fund.
[2018/2/1 - 0:00:58] Vehicle ID 510 (Slot ID 450) Maintainence fee cost $0 to SHAFT's budget fund.
[2018/2/1 - 0:00:58] Vehicle ID 496 (Slot ID 453) Maintainence fee cost $0 to SHAFT's budget fund.
[2018/2/1 - 0:00:58] Vehicle ID 529 (Slot ID 461) Maintainence fee cost $0 to SHAFT's budget fund.
[2018/2/1 - 0:00:58] Vehicle ID 530 (Slot ID 463) Maintainence fee cost $0 to SHAFT's budget fund.
[2018/2/1 - 0:00:58] Vehicle ID 531 (Slot ID 466) Maintainence fee cost $0 to SHAFT's budget fund.
[2018/2/1 - 0:00:58] Vehicle ID 532 (Slot ID 467) Maintainence fee cost $0 to SHAFT's budget fund.
[2018/2/1 - 0:00:58] Vehicle ID 258 (Slot ID 476) Maintainence fee cost $0 to SHAFT's budget fund.
[2018/2/1 - 0:00:58] Vehicle ID 534 (Slot ID 484) Maintainence fee cost $0 to SHAFT's budget fund.
[2018/2/1 - 0:02:58] Jamie Rain took a vest out of the SHAFT locker at a cost of 1 HG Material.
[2018/2/1 - 0:04:02] Vehicle Slot ID 403 RTB fee cost $0 to SHAFT's budget fund.
[2018/2/1 - 0:12:06] Jamie Rain took a vest out of the SHAFT locker at a cost of 1 HG Material.
[2018/2/1 - 0:14:11] Jamie Rain has been paid $10,000 from SHAFT's budget.
[2018/2/1 - 0:40:35] Alec Chaos has paid Jamie Rain's ticket of $420 [Reason: ] and $140 has been sent to SHAFT's budget fund.
[2018/2/1 - 1:01:01] The faction vault is at $20,776,880.
[2018/2/1 - 1:01:01] SA Gov Paid $100,000 to SHAFT budget fund.
[2018/2/1 - 1:01:01] Vehicle ID 367 (Slot ID 243) Maintainence fee cost $0 to SHAFT's budget fund.
[2018/2/1 - 1:01:01] Vehicle ID 459 (Slot ID 253) Maintainence fee cost $0 to SHAFT's budget fund.
[2018/2/1 - 1:01:01] Vehicle ID 382 (Slot ID 265) Maintainence fee cost $0 to SHAFT's budget fund.
[2018/2/1 - 1:01:01] Vehicle ID 399 (Slot ID 290) Maintainence fee cost $0 to SHAFT's budget fund.
[2018/2/1 - 1:01:01] Vehicle ID 455 (Slot ID 354) Maintainence fee cost $0 to SHAFT's budget fund.
[2018/2/1 - 1:01:01] Vehicle ID 456 (Slot ID 355) Maintainence fee cost $0 to SHAFT's budget fund.
[2018/2/1 - 1:01:01] Vehicle ID 460 (Slot ID 362) Maintainence fee cost $0 to SHAFT's budget fund.
[2018/2/1 - 1:01:01] Vehicle ID 407 (Slot ID 365) Maintainence fee cost $0 to SHAFT's budget fund.
[2018/2/1 - 1:01:01] Vehicle ID 463 (Slot ID 366) Maintainence fee cost $0 to SHAFT's budget fund.
[2018/2/1 - 1:01:01] Vehicle ID 465 (Slot ID 368) Maintainence fee cost $0 to SHAFT's budget fund.
[2018/2/1 - 1:01:01] Vehicle ID 464 (Slot ID 370) Maintainence fee cost $0 to SHAFT's budget fund.
[2018/2/1 - 1:01:01] Vehicle ID 466 (Slot ID 372) Maintainence fee cost $0 to SHAFT's budget fund.
[2018/2/1 - 1:01:01] Vehicle ID 469 (Slot ID 373) Maintainence fee cost $0 to SHAFT's budget fund.
[2018/2/1 - 1:01:01] Vehicle ID 470 (Slot ID 376) Maintainence fee cost $0 to SHAFT's budget fund.
[2018/2/1 - 1:01:01] Vehicle ID 471 (Slot ID 378) Maintainence fee cost $0 to SHAFT's budget fund.
[2018/2/1 - 1:01:01] Vehicle ID 473 (Slot ID 381) Maintainence fee cost $0 to SHAFT's budget fund.
[2018/2/1 - 1:01:01] Vehicle ID 425 (Slot ID 382) Maintainence fee cost $0 to SHAFT's budget fund.
[2018/2/1 - 1:01:01] Vehicle ID 475 (Slot ID 389) Maintainence fee cost $0 to SHAFT's budget fund.
[2018/2/1 - 1:01:01] Vehicle ID 478 (Slot ID 393) Maintainence fee cost $0 to SHAFT's budget fund.
[2018/2/1 - 1:01:01] Vehicle ID 480 (Slot ID 394) Maintainence fee cost $0 to SHAFT's budget fund.
[2018/2/1 - 1:01:01] Vehicle ID 482 (Slot ID 399) Maintainence fee cost $0 to SHAFT's budget fund.
[2018/2/1 - 1:01:01] Vehicle ID 487 (Slot ID 400) Maintainence fee cost $0 to SHAFT's budget fund.
[2018/2/1 - 1:01:01] Vehicle ID 489 (Slot ID 403) Maintainence fee cost $0 to SHAFT's budget fund.
[2018/2/1 - 1:01:01] Vehicle ID 490 (Slot ID 405) Maintainence fee cost $0 to SHAFT's budget fund.
[2018/2/1 - 1:01:01] Vehicle ID 515 (Slot ID 408) Maintainence fee cost $0 to SHAFT's budget fund.
[2018/2/1 - 1:01:01] Vehicle ID 450 (Slot ID 409) Maintainence fee cost $0 to SHAFT's budget fund.
[2018/2/1 - 1:01:01] Vehicle ID 493 (Slot ID 410) Maintainence fee cost $0 to SHAFT's budget fund.
[2018/2/1 - 1:01:01] Vehicle ID 385 (Slot ID 414) Maintainence fee cost $0 to SHAFT's budget fund.
[2018/2/1 - 1:01:01] Vehicle ID 497 (Slot ID 416) Maintainence fee cost $0 to SHAFT's budget fund.
[2018/2/1 - 1:01:01] Vehicle ID 498 (Slot ID 417) Maintainence fee cost $0 to SHAFT's budget fund.
[2018/2/1 - 1:01:01] Vehicle ID 500 (Slot ID 420) Maintainence fee cost $0 to SHAFT's budget fund.
[2018/2/1 - 1:01:01] Vehicle ID 441 (Slot ID 421) Maintainence fee cost $0 to SHAFT's budget fund.
[2018/2/1 - 1:01:01] Vehicle ID 483 (Slot ID 423) Maintainence fee cost $0 to SHAFT's budget fund.
[2018/2/1 - 1:01:01] Vehicle ID 504 (Slot ID 425) Maintainence fee cost $0 to SHAFT's budget fund.
[2018/2/1 - 1:01:01] Vehicle ID 503 (Slot ID 426) Maintainence fee cost $0 to SHAFT's budget fund.
[2018/2/1 - 1:01:01] Vehicle ID 506 (Slot ID 429) Maintainence fee cost $0 to SHAFT's budget fund.
[2018/2/1 - 1:01:01] Vehicle ID 527 (Slot ID 434) Maintainence fee cost $0 to SHAFT's budget fund.
[2018/2/1 - 1:01:01] Vehicle ID 528 (Slot ID 437) Maintainence fee cost $0 to SHAFT's budget fund.
[2018/2/1 - 1:01:01] Vehicle ID 505 (Slot ID 441) Maintainence fee cost $0 to SHAFT's budget fund.
[2018/2/1 - 1:01:01] Vehicle ID 433 (Slot ID 442) Maintainence fee cost $0 to SHAFT's budget fund.
[2018/2/1 - 1:01:01] Vehicle ID 510 (Slot ID 450) Maintainence fee cost $0 to SHAFT's budget fund.
[2018/2/1 - 1:01:01] Vehicle ID 496 (Slot ID 453) Maintainence fee cost $0 to SHAFT's budget fund.
[2018/2/1 - 1:01:01] Vehicle ID 529 (Slot ID 461) Maintainence fee cost $0 to SHAFT's budget fund.
[2018/2/1 - 1:01:01] Vehicle ID 530 (Slot ID 463) Maintainence fee cost $0 to SHAFT's budget fund.
[2018/2/1 - 1:01:01] Vehicle ID 531 (Slot ID 466) Maintainence fee cost $0 to SHAFT's budget fund.
[2018/2/1 - 1:01:01] Vehicle ID 532 (Slot ID 467) Maintainence fee cost $0 to SHAFT's budget fund.
[2018/2/1 - 1:01:01] Vehicle ID 258 (Slot ID 476) Maintainence fee cost $0 to SHAFT's budget fund.
[2018/2/1 - 1:01:01] Vehicle ID 534 (Slot ID 484) Maintainence fee cost $0 to SHAFT's budget fund.
[2018/2/1 - 1:17:43] Jamie Rain has been paid $10,000 from SHAFT's budget.
[2018/2/1 - 1:23:28] Jamie Rain took a vest out of the SHAFT locker at a cost of 1 HG Material.
[2018/2/1 - 1:55:10] Jamie Rain has purchased a crate from the Ocean Docks facility costing 60,000.
[2018/2/1 - 1:56:00] Rhett Mclaughlin took a vest out of the SHAFT locker at a cost of 1 HG Material.
[2018/2/1 - 1:56:38] Josh Mcflies took a vest out of the SHAFT locker at a cost of 1 HG Material.
[2018/2/1 - 2:00:04] The faction vault is at $20,781,880.
[2018/2/1 - 2:00:04] SA Gov Paid $100,000 to SHAFT budget fund.
[2018/2/1 - 2:00:04] Vehicle ID 367 (Slot ID 243) Maintainence fee cost $0 to SHAFT's budget fund.
[2018/2/1 - 2:00:04] Vehicle ID 459 (Slot ID 253) Maintainence fee cost $0 to SHAFT's budget fund.
[2018/2/1 - 2:00:04] Vehicle ID 382 (Slot ID 265) Maintainence fee cost $0 to SHAFT's budget fund.
[2018/2/1 - 2:00:04] Vehicle ID 399 (Slot ID 290) Maintainence fee cost $0 to SHAFT's budget fund.
[2018/2/1 - 2:00:04] Vehicle ID 455 (Slot ID 354) Maintainence fee cost $0 to SHAFT's budget fund.
[2018/2/1 - 2:00:04] Vehicle ID 456 (Slot ID 355) Maintainence fee cost $0 to SHAFT's budget fund.
[2018/2/1 - 2:00:04] Vehicle ID 460 (Slot ID 362) Maintainence fee cost $0 to SHAFT's budget fund.
[2018/2/1 - 2:00:04] Vehicle ID 407 (Slot ID 365) Maintainence fee cost $0 to SHAFT's budget fund.
[2018/2/1 - 2:00:04] Vehicle ID 463 (Slot ID 366) Maintainence fee cost $0 to SHAFT's budget fund.
[2018/2/1 - 2:00:04] Vehicle ID 465 (Slot ID 368) Maintainence fee cost $0 to SHAFT's budget fund.
[2018/2/1 - 2:00:04] Vehicle ID 464 (Slot ID 370) Maintainence fee cost $0 to SHAFT's budget fund.
[2018/2/1 - 2:00:04] Vehicle ID 466 (Slot ID 372) Maintainence fee cost $0 to SHAFT's budget fund.
[2018/2/1 - 2:00:04] Vehicle ID 469 (Slot ID 373) Maintainence fee cost $0 to SHAFT's budget fund.
[2018/2/1 - 2:00:04] Vehicle ID 470 (Slot ID 376) Maintainence fee cost $0 to SHAFT's budget fund.
[2018/2/1 - 2:00:04] Vehicle ID 471 (Slot ID 378) Maintainence fee cost $0 to SHAFT's budget fund.
[2018/2/1 - 2:00:04] Vehicle ID 473 (Slot ID 381) Maintainence fee cost $0 to SHAFT's budget fund.
[2018/2/1 - 2:00:04] Vehicle ID 425 (Slot ID 382) Maintainence fee cost $0 to SHAFT's budget fund.
[2018/2/1 - 2:00:04] Vehicle ID 475 (Slot ID 389) Maintainence fee cost $0 to SHAFT's budget fund.
[2018/2/1 - 2:00:04] Vehicle ID 478 (Slot ID 393) Maintainence fee cost $0 to SHAFT's budget fund.
[2018/2/1 - 2:00:04] Vehicle ID 480 (Slot ID 394) Maintainence fee cost $0 to SHAFT's budget fund.
[2018/2/1 - 2:00:04] Vehicle ID 482 (Slot ID 399) Maintainence fee cost $0 to SHAFT's budget fund.
[2018/2/1 - 2:00:04] Vehicle ID 487 (Slot ID 400) Maintainence fee cost $0 to SHAFT's budget fund.
[2018/2/1 - 2:00:04] Vehicle ID 489 (Slot ID 403) Maintainence fee cost $0 to SHAFT's budget fund.
[2018/2/1 - 2:00:04] Vehicle ID 490 (Slot ID 405) Maintainence fee cost $0 to SHAFT's budget fund.
[2018/2/1 - 2:00:04] Vehicle ID 515 (Slot ID 408) Maintainence fee cost $0 to SHAFT's budget fund.
[2018/2/1 - 2:00:04] Vehicle ID 450 (Slot ID 409) Maintainence fee cost $0 to SHAFT's budget fund.
[2018/2/1 - 2:00:04] Vehicle ID 493 (Slot ID 410) Maintainence fee cost $0 to SHAFT's budget fund.
[2018/2/1 - 2:00:04] Vehicle ID 385 (Slot ID 414) Maintainence fee cost $0 to SHAFT's budget fund.
[2018/2/1 - 2:00:04] Vehicle ID 497 (Slot ID 416) Maintainence fee cost $0 to SHAFT's budget fund.
[2018/2/1 - 2:00:04] Vehicle ID 498 (Slot ID 417) Maintainence fee cost $0 to SHAFT's budget fund.
[2018/2/1 - 2:00:04] Vehicle ID 500 (Slot ID 420) Maintainence fee cost $0 to SHAFT's budget fund.
[2018/2/1 - 2:00:04] Vehicle ID 441 (Slot ID 421) Maintainence fee cost $0 to SHAFT's budget fund.
[2018/2/1 - 2:00:04] Vehicle ID 483 (Slot ID 423) Maintainence fee cost $0 to SHAFT's budget fund.
[2018/2/1 - 2:00:04] Vehicle ID 504 (Slot ID 425) Maintainence fee cost $0 to SHAFT's budget fund.
[2018/2/1 - 2:00:04] Vehicle ID 503 (Slot ID 426) Maintainence fee cost $0 to SHAFT's budget fund.
[2018/2/1 - 2:00:04] Vehicle ID 506 (Slot ID 429) Maintainence fee cost $0 to SHAFT's budget fund.
[2018/2/1 - 2:00:04] Vehicle ID 527 (Slot ID 434) Maintainence fee cost $0 to SHAFT's budget fund.
[2018/2/1 - 2:00:04] Vehicle ID 528 (Slot ID 437) Maintainence fee cost $0 to SHAFT's budget fund.
[2018/2/1 - 2:00:04] Vehicle ID 505 (Slot ID 441) Maintainence fee cost $0 to SHAFT's budget fund.
[2018/2/1 - 2:00:04] Vehicle ID 433 (Slot ID 442) Maintainence fee cost $0 to SHAFT's budget fund.
[2018/2/1 - 2:00:04] Vehicle ID 510 (Slot ID 450) Maintainence fee cost $0 to SHAFT's budget fund.
[2018/2/1 - 2:00:04] Vehicle ID 496 (Slot ID 453) Maintainence fee cost $0 to SHAFT's budget fund.
[2018/2/1 - 2:00:04] Vehicle ID 529 (Slot ID 461) Maintainence fee cost $0 to SHAFT's budget fund.
[2018/2/1 - 2:00:04] Vehicle ID 530 (Slot ID 463) Maintainence fee cost $0 to SHAFT's budget fund.
[2018/2/1 - 2:00:04] Vehicle ID 531 (Slot ID 466) Maintainence fee cost $0 to SHAFT's budget fund.
[2018/2/1 - 2:00:04] Vehicle ID 532 (Slot ID 467) Maintainence fee cost $0 to SHAFT's budget fund.
[2018/2/1 - 2:00:04] Vehicle ID 258 (Slot ID 476) Maintainence fee cost $0 to SHAFT's budget fund.
[2018/2/1 - 2:00:04] Vehicle ID 534 (Slot ID 484) Maintainence fee cost $0 to SHAFT's budget fund.
[2018/2/1 - 2:01:04] Jamie Rain has donated $60,000 to SHAFT budget fund.
[2018/2/1 - 2:06:13] Rhett Mclaughlin took a vest out of the SHAFT locker at a cost of 1 HG Material.
[2018/2/1 - 2:06:54] Vehicle Slot ID 421 RTB fee cost $0 to SHAFT's budget fund.
[2018/2/1 - 2:08:18] Josh Mcflies has been paid $10,000 from SHAFT's budget.
[2018/2/1 - 2:09:21] Josh Mcflies took a vest out of the SHAFT locker at a cost of 1 HG Material.
[2018/2/1 - 2:14:57] Mike Pense took a vest out of the SHAFT locker at a cost of 1 HG Material.
[2018/2/1 - 2:17:39] Gerg McFlies took a vest out of the SHAFT locker at a cost of 1 HG Material.
[2018/2/1 - 2:20:48] Jamie Rain has been paid $10,000 from SHAFT's budget.
[2018/2/1 - 2:21:44] Gerg McFlies took a vest out of the SHAFT locker at a cost of 1 HG Material.
[2018/2/1 - 2:25:37] Shakir Habib has been paid $10,000 from SHAFT's budget.
[2018/2/1 - 2:30:11] Shakir Habib has repaired vehicle 480 at a cost of $0 to SHAFT's budget fund.
[2018/2/1 - 2:47:40] Vehicle Slot ID 243 RTB fee cost $0 to SHAFT's budget fund.
[2018/2/1 - 2:47:40] Vehicle Slot ID 253 RTB fee cost $0 to SHAFT's budget fund.
[2018/2/1 - 2:47:40] Vehicle Slot ID 265 RTB fee cost $0 to SHAFT's budget fund.
[2018/2/1 - 2:47:40] Vehicle Slot ID 290 RTB fee cost $0 to SHAFT's budget fund.
[2018/2/1 - 2:47:40] Vehicle Slot ID 354 RTB fee cost $0 to SHAFT's budget fund.
[2018/2/1 - 2:47:40] Vehicle Slot ID 355 RTB fee cost $0 to SHAFT's budget fund.
[2018/2/1 - 2:47:40] Vehicle Slot ID 362 RTB fee cost $0 to SHAFT's budget fund.
[2018/2/1 - 2:47:40] Vehicle Slot ID 365 RTB fee cost $0 to SHAFT's budget fund.
[2018/2/1 - 2:47:40] Vehicle Slot ID 366 RTB fee cost $0 to SHAFT's budget fund.
[2018/2/1 - 2:47:40] Vehicle Slot ID 368 RTB fee cost $0 to SHAFT's budget fund.
[2018/2/1 - 2:47:40] Vehicle Slot ID 370 RTB fee cost $0 to SHAFT's budget fund.
[2018/2/1 - 2:47:40] Vehicle Slot ID 372 RTB fee cost $0 to SHAFT's budget fund.
[2018/2/1 - 2:47:40] Vehicle Slot ID 373 RTB fee cost $0 to SHAFT's budget fund.
[2018/2/1 - 2:47:40] Vehicle Slot ID 376 RTB fee cost $0 to SHAFT's budget fund.
[2018/2/1 - 2:47:40] Vehicle Slot ID 378 RTB fee cost $0 to SHAFT's budget fund.
[2018/2/1 - 2:47:40] Vehicle Slot ID 381 RTB fee cost $0 to SHAFT's budget fund.
[2018/2/1 - 2:47:40] Vehicle Slot ID 382 RTB fee cost $0 to SHAFT's budget fund.
[2018/2/1 - 2:47:40] Vehicle Slot ID 389 RTB fee cost $0 to SHAFT's budget fund.
[2018/2/1 - 2:47:40] Vehicle Slot ID 393 RTB fee cost $0 to SHAFT's budget fund.
[2018/2/1 - 2:47:40] Vehicle Slot ID 394 RTB fee cost $0 to SHAFT's budget fund.
[2018/2/1 - 2:47:40] Vehicle Slot ID 400 RTB fee cost $0 to SHAFT's budget fund.
[2018/2/1 - 2:47:40] Vehicle Slot ID 403 RTB fee cost $0 to SHAFT's budget fund.
[2018/2/1 - 2:47:40] Vehicle Slot ID 405 RTB fee cost $0 to SHAFT's budget fund.
[2018/2/1 - 2:47:40] Vehicle Slot ID 408 RTB fee cost $0 to SHAFT's budget fund.
[2018/2/1 - 2:47:40] Vehicle Slot ID 409 RTB fee cost $0 to SHAFT's budget fund.
[2018/2/1 - 2:47:40] Vehicle Slot ID 410 RTB fee cost $0 to SHAFT's budget fund.
[2018/2/1 - 2:47:40] Vehicle Slot ID 414 RTB fee cost $0 to SHAFT's budget fund.
[2018/2/1 - 2:47:40] Vehicle Slot ID 416 RTB fee cost $0 to SHAFT's budget fund.
[2018/2/1 - 2:47:40] Vehicle Slot ID 417 RTB fee cost $0 to SHAFT's budget fund.
[2018/2/1 - 2:47:40] Vehicle Slot ID 420 RTB fee cost $0 to SHAFT's budget fund.
[2018/2/1 - 2:47:40] Vehicle Slot ID 421 RTB fee cost $0 to SHAFT's budget fund.
[2018/2/1 - 2:47:40] Vehicle Slot ID 423 RTB fee cost $0 to SHAFT's budget fund.
[2018/2/1 - 2:47:40] Vehicle Slot ID 425 RTB fee cost $0 to SHAFT's budget fund.
[2018/2/1 - 2:47:40] Vehicle Slot ID 426 RTB fee cost $0 to SHAFT's budget fund.
[2018/2/1 - 2:47:40] Vehicle Slot ID 429 RTB fee cost $0 to SHAFT's budget fund.
[2018/2/1 - 2:47:40] Vehicle Slot ID 434 RTB fee cost $0 to SHAFT's budget fund.
[2018/2/1 - 2:47:40] Vehicle Slot ID 437 RTB fee cost $0 to SHAFT's budget fund.
[2018/2/1 - 2:47:40] Vehicle Slot ID 441 RTB fee cost $0 to SHAFT's budget fund.
[2018/2/1 - 2:47:40] Vehicle Slot ID 442 RTB fee cost $0 to SHAFT's budget fund.
[2018/2/1 - 2:47:40] Vehicle Slot ID 450 RTB fee cost $0 to SHAFT's budget fund.
[2018/2/1 - 2:47:40] Vehicle Slot ID 453 RTB fee cost $0 to SHAFT's budget fund.
[2018/2/1 - 2:47:40] Vehicle Slot ID 461 RTB fee cost $0 to SHAFT's budget fund.
[2018/2/1 - 2:47:40] Vehicle Slot ID 463 RTB fee cost $0 to SHAFT's budget fund.
[2018/2/1 - 2:47:40] Vehicle Slot ID 466 RTB fee cost $0 to SHAFT's budget fund.
[2018/2/1 - 2:47:40] Vehicle Slot ID 467 RTB fee cost $0 to SHAFT's budget fund.
[2018/2/1 - 2:47:40] Vehicle Slot ID 476 RTB fee cost $0 to SHAFT's budget fund.
[2018/2/1 - 2:47:40] Vehicle Slot ID 484 RTB fee cost $0 to SHAFT's budget fund.
[2018/2/1 - 2:50:18] Clank Hamm took a vest out of the SHAFT locker at a cost of 1 HG Material.
[2018/2/1 - 2:56:34] Gerg McFlies has been paid $15,000 from SHAFT's budget.
[2018/2/1 - 2:59:25] Jenny Saunders took a vest out of the SHAFT locker at a cost of 1 HG Material.
[2018/2/1 - 3:00:13] The faction vault is at $20,905,080.
[2018/2/1 - 3:00:13] SA Gov Paid $100,000 to SHAFT budget fund.
[2018/2/1 - 3:00:13] Vehicle ID 367 (Slot ID 243) Maintainence fee cost $0 to SHAFT's budget fund.
[2018/2/1 - 3:00:13] Vehicle ID 459 (Slot ID 253) Maintainence fee cost $0 to SHAFT's budget fund.
[2018/2/1 - 3:00:13] Vehicle ID 382 (Slot ID 265) Maintainence fee cost $0 to SHAFT's budget fund.
[2018/2/1 - 3:00:13] Vehicle ID 399 (Slot ID 290) Maintainence fee cost $0 to SHAFT's budget fund.
[2018/2/1 - 3:00:13] Vehicle ID 455 (Slot ID 354) Maintainence fee cost $0 to SHAFT's budget fund.
[2018/2/1 - 3:00:13] Vehicle ID 456 (Slot ID 355) Maintainence fee cost $0 to SHAFT's budget fund.
[2018/2/1 - 3:00:13] Vehicle ID 460 (Slot ID 362) Maintainence fee cost $0 to SHAFT's budget fund.
[2018/2/1 - 3:00:13] Vehicle ID 407 (Slot ID 365) Maintainence fee cost $0 to SHAFT's budget fund.
[2018/2/1 - 3:00:13] Vehicle ID 463 (Slot ID 366) Maintainence fee cost $0 to SHAFT's budget fund.
[2018/2/1 - 3:00:13] Vehicle ID 465 (Slot ID 368) Maintainence fee cost $0 to SHAFT's budget fund.
[2018/2/1 - 3:00:13] Vehicle ID 464 (Slot ID 370) Maintainence fee cost $0 to SHAFT's budget fund.
[2018/2/1 - 3:00:13] Vehicle ID 466 (Slot ID 372) Maintainence fee cost $0 to SHAFT's budget fund.
[2018/2/1 - 3:00:13] Vehicle ID 469 (Slot ID 373) Maintainence fee cost $0 to SHAFT's budget fund.
[2018/2/1 - 3:00:13] Vehicle ID 470 (Slot ID 376) Maintainence fee cost $0 to SHAFT's budget fund.
[2018/2/1 - 3:00:13] Vehicle ID 471 (Slot ID 378) Maintainence fee cost $0 to SHAFT's budget fund.
[2018/2/1 - 3:00:13] Vehicle ID 473 (Slot ID 381) Maintainence fee cost $0 to SHAFT's budget fund.
[2018/2/1 - 3:00:13] Vehicle ID 425 (Slot ID 382) Maintainence fee cost $0 to SHAFT's budget fund.
[2018/2/1 - 3:00:13] Vehicle ID 475 (Slot ID 389) Maintainence fee cost $0 to SHAFT's budget fund.
[2018/2/1 - 3:00:13] Vehicle ID 478 (Slot ID 393) Maintainence fee cost $0 to SHAFT's budget fund.
[2018/2/1 - 3:00:13] Vehicle ID 480 (Slot ID 394) Maintainence fee cost $0 to SHAFT's budget fund.
[2018/2/1 - 3:00:13] Vehicle ID 482 (Slot ID 399) Maintainence fee cost $0 to SHAFT's budget fund.
[2018/2/1 - 3:00:13] Vehicle ID 487 (Slot ID 400) Maintainence fee cost $0 to SHAFT's budget fund.
[2018/2/1 - 3:00:13] Vehicle ID 489 (Slot ID 403) Maintainence fee cost $0 to SHAFT's budget fund.
[2018/2/1 - 3:00:13] Vehicle ID 490 (Slot ID 405) Maintainence fee cost $0 to SHAFT's budget fund.
[2018/2/1 - 3:00:13] Vehicle ID 515 (Slot ID 408) Maintainence fee cost $0 to SHAFT's budget fund.
[2018/2/1 - 3:00:13] Vehicle ID 450 (Slot ID 409) Maintainence fee cost $0 to SHAFT's budget fund.
[2018/2/1 - 3:00:13] Vehicle ID 493 (Slot ID 410) Maintainence fee cost $0 to SHAFT's budget fund.
[2018/2/1 - 3:00:13] Vehicle ID 385 (Slot ID 414) Maintainence fee cost $0 to SHAFT's budget fund.
[2018/2/1 - 3:00:13] Vehicle ID 497 (Slot ID 416) Maintainence fee cost $0 to SHAFT's budget fund.
[2018/2/1 - 3:00:13] Vehicle ID 498 (Slot ID 417) Maintainence fee cost $0 to SHAFT's budget fund.
[2018/2/1 - 3:00:13] Vehicle ID 500 (Slot ID 420) Maintainence fee cost $0 to SHAFT's budget fund.
[2018/2/1 - 3:00:13] Vehicle ID 441 (Slot ID 421) Maintainence fee cost $0 to SHAFT's budget fund.
[2018/2/1 - 3:00:13] Vehicle ID 483 (Slot ID 423) Maintainence fee cost $0 to SHAFT's budget fund.
[2018/2/1 - 3:00:13] Vehicle ID 504 (Slot ID 425) Maintainence fee cost $0 to SHAFT's budget fund.
[2018/2/1 - 3:00:13] Vehicle ID 503 (Slot ID 426) Maintainence fee cost $0 to SHAFT's budget fund.
[2018/2/1 - 3:00:13] Vehicle ID 506 (Slot ID 429) Maintainence fee cost $0 to SHAFT's budget fund.
[2018/2/1 - 3:00:13] Vehicle ID 527 (Slot ID 434) Maintainence fee cost $0 to SHAFT's budget fund.
[2018/2/1 - 3:00:13] Vehicle ID 528 (Slot ID 437) Maintainence fee cost $0 to SHAFT's budget fund.
[2018/2/1 - 3:00:13] Vehicle ID 505 (Slot ID 441) Maintainence fee cost $0 to SHAFT's budget fund.
[2018/2/1 - 3:00:13] Vehicle ID 433 (Slot ID 442) Maintainence fee cost $0 to SHAFT's budget fund.
[2018/2/1 - 3:00:13] Vehicle ID 510 (Slot ID 450) Maintainence fee cost $0 to SHAFT's budget fund.
[2018/2/1 - 3:00:13] Vehicle ID 496 (Slot ID 453) Maintainence fee cost $0 to SHAFT's budget fund.
[2018/2/1 - 3:00:13] Vehicle ID 529 (Slot ID 461) Maintainence fee cost $0 to SHAFT's budget fund.
[2018/2/1 - 3:00:13] Vehicle ID 530 (Slot ID 463) Maintainence fee cost $0 to SHAFT's budget fund.
[2018/2/1 - 3:00:13] Vehicle ID 531 (Slot ID 466) Maintainence fee cost $0 to SHAFT's budget fund.
[2018/2/1 - 3:00:13] Vehicle ID 532 (Slot ID 467) Maintainence fee cost $0 to SHAFT's budget fund.
[2018/2/1 - 3:00:13] Vehicle ID 258 (Slot ID 476) Maintainence fee cost $0 to SHAFT's budget fund.
[2018/2/1 - 3:00:13] Vehicle ID 534 (Slot ID 484) Maintainence fee cost $0 to SHAFT's budget fund.
[2018/2/1 - 3:10:26] Clank Hamm has repaired vehicle 528 at a cost of $0 to SHAFT's budget fund.
[2018/2/1 - 3:10:49] Gerg McFlies took a vest out of the SHAFT locker at a cost of 1 HG Material.
[2018/2/1 - 3:13:08] Josh Mcflies has been paid $10,000 from SHAFT's budget.
[2018/2/1 - 3:13:23] Gerg McFlies took a vest out of the SHAFT locker at a cost of 1 HG Material.
[2018/2/1 - 3:17:03] Clank Hamm has been paid $50,000 from SHAFT's budget.
[2018/2/1 - 3:26:56] Yuki Yamanaka has been arrested by Josh Mcflies for 5 minutes and fined $40000. $13333 has been sent to SHAFT's budget fund.
[2018/2/1 - 3:29:02] Shakir Habib has been paid $10,000 from SHAFT's budget.
[2018/2/1 - 3:33:57] Clank Hamm has repaired vehicle 528 at a cost of $0 to SHAFT's budget fund.
[2018/2/1 - 3:35:33] Vehicle Slot ID 437 RTB fee cost $0 to SHAFT's budget fund.
[2018/2/1 - 3:41:45] Jenny Saunders has been paid $55,000 from SHAFT's budget.
[2018/2/1 - 3:43:48] Winston De Rulo took a vest out of the SHAFT locker at a cost of 1 HG Material.
[2018/2/1 - 3:54:24] Vehicle Slot ID 387 RTB fee cost $0 to SHAFT's budget fund.
[2018/2/1 - 3:54:59] Vehicle Slot ID 243 RTB fee cost $0 to SHAFT's budget fund.
[2018/2/1 - 3:54:59] Vehicle Slot ID 253 RTB fee cost $0 to SHAFT's budget fund.
[2018/2/1 - 3:54:59] Vehicle Slot ID 265 RTB fee cost $0 to SHAFT's budget fund.
[2018/2/1 - 3:54:59] Vehicle Slot ID 290 RTB fee cost $0 to SHAFT's budget fund.
[2018/2/1 - 3:54:59] Vehicle Slot ID 354 RTB fee cost $0 to SHAFT's budget fund.
[2018/2/1 - 3:54:59] Vehicle Slot ID 355 RTB fee cost $0 to SHAFT's budget fund.
[2018/2/1 - 3:54:59] Vehicle Slot ID 362 RTB fee cost $0 to SHAFT's budget fund.
[2018/2/1 - 3:54:59] Vehicle Slot ID 365 RTB fee cost $0 to SHAFT's budget fund.
[2018/2/1 - 3:54:59] Vehicle Slot ID 366 RTB fee cost $0 to SHAFT's budget fund.
[2018/2/1 - 3:54:59] Vehicle Slot ID 368 RTB fee cost $0 to SHAFT's budget fund.
[2018/2/1 - 3:54:59] Vehicle Slot ID 370 RTB fee cost $0 to SHAFT's budget fund.
[2018/2/1 - 3:54:59] Vehicle Slot ID 372 RTB fee cost $0 to SHAFT's budget fund.
[2018/2/1 - 3:54:59] Vehicle Slot ID 373 RTB fee cost $0 to SHAFT's budget fund.
[2018/2/1 - 3:54:59] Vehicle Slot ID 376 RTB fee cost $0 to SHAFT's budget fund.
[2018/2/1 - 3:54:59] Vehicle Slot ID 378 RTB fee cost $0 to SHAFT's budget fund.
[2018/2/1 - 3:54:59] Vehicle Slot ID 381 RTB fee cost $0 to SHAFT's budget fund.
[2018/2/1 - 3:54:59] Vehicle Slot ID 382 RTB fee cost $0 to SHAFT's budget fund.
[2018/2/1 - 3:54:59] Vehicle Slot ID 387 RTB fee cost $0 to SHAFT's budget fund.
[2018/2/1 - 3:54:59] Vehicle Slot ID 389 RTB fee cost $0 to SHAFT's budget fund.
[2018/2/1 - 3:54:59] Vehicle Slot ID 393 RTB fee cost $0 to SHAFT's budget fund.
[2018/2/1 - 3:54:59] Vehicle Slot ID 394 RTB fee cost $0 to SHAFT's budget fund.
[2018/2/1 - 3:54:59] Vehicle Slot ID 400 RTB fee cost $0 to SHAFT's budget fund.
[2018/2/1 - 3:54:59] Vehicle Slot ID 403 RTB fee cost $0 to SHAFT's budget fund.
[2018/2/1 - 3:54:59] Vehicle Slot ID 405 RTB fee cost $0 to SHAFT's budget fund.
[2018/2/1 - 3:54:59] Vehicle Slot ID 408 RTB fee cost $0 to SHAFT's budget fund.
[2018/2/1 - 3:54:59] Vehicle Slot ID 409 RTB fee cost $0 to SHAFT's budget fund.
[2018/2/1 - 3:54:59] Vehicle Slot ID 410 RTB fee cost $0 to SHAFT's budget fund.
[2018/2/1 - 3:54:59] Vehicle Slot ID 414 RTB fee cost $0 to SHAFT's budget fund.
[2018/2/1 - 3:54:59] Vehicle Slot ID 416 RTB fee cost $0 to SHAFT's budget fund.
[2018/2/1 - 3:54:59] Vehicle Slot ID 417 RTB fee cost $0 to SHAFT's budget fund.
[2018/2/1 - 3:54:59] Vehicle Slot ID 420 RTB fee cost $0 to SHAFT's budget fund.
[2018/2/1 - 3:54:59] Vehicle Slot ID 421 RTB fee cost $0 to SHAFT's budget fund.
[2018/2/1 - 3:54:59] Vehicle Slot ID 423 RTB fee cost $0 to SHAFT's budget fund.
[2018/2/1 - 3:54:59] Vehicle Slot ID 425 RTB fee cost $0 to SHAFT's budget fund.
[2018/2/1 - 3:54:59] Vehicle Slot ID 426 RTB fee cost $0 to SHAFT's budget fund.
[2018/2/1 - 3:54:59] Vehicle Slot ID 429 RTB fee cost $0 to SHAFT's budget fund.
[2018/2/1 - 3:54:59] Vehicle Slot ID 434 RTB fee cost $0 to SHAFT's budget fund.
[2018/2/1 - 3:54:59] Vehicle Slot ID 437 RTB fee cost $0 to SHAFT's budget fund.
[2018/2/1 - 3:54:59] Vehicle Slot ID 441 RTB fee cost $0 to SHAFT's budget fund.
[2018/2/1 - 3:54:59] Vehicle Slot ID 442 RTB fee cost $0 to SHAFT's budget fund.
[2018/2/1 - 3:54:59] Vehicle Slot ID 450 RTB fee cost $0 to SHAFT's budget fund.
[2018/2/1 - 3:54:59] Vehicle Slot ID 453 RTB fee cost $0 to SHAFT's budget fund.
[2018/2/1 - 3:54:59] Vehicle Slot ID 461 RTB fee cost $0 to SHAFT's budget fund.
[2018/2/1 - 3:54:59] Vehicle Slot ID 463 RTB fee cost $0 to SHAFT's budget fund.
[2018/2/1 - 3:54:59] Vehicle Slot ID 466 RTB fee cost $0 to SHAFT's budget fund.
[2018/2/1 - 3:54:59] Vehicle Slot ID 467 RTB fee cost $0 to SHAFT's budget fund.
[2018/2/1 - 3:54:59] Vehicle Slot ID 476 RTB fee cost $0 to SHAFT's budget fund.
[2018/2/1 - 3:54:59] Vehicle Slot ID 484 RTB fee cost $0 to SHAFT's budget fund.
[2018/2/1 - 3:55:50] Vehicle Slot ID 408 RTB fee cost $0 to SHAFT's budget fund.
[2018/2/1 - 3:59:42] Gerg McFlies has been paid $15,000 from SHAFT's budget.
[2018/2/1 - 4:00:21] The faction vault is at $20,888,013.
[2018/2/1 - 4:00:21] SA Gov Paid $100,000 to SHAFT budget fund.
[2018/2/1 - 4:00:21] Vehicle ID 367 (Slot ID 243) Maintainence fee cost $0 to SHAFT's budget fund.
[2018/2/1 - 4:00:21] Vehicle ID 459 (Slot ID 253) Maintainence fee cost $0 to SHAFT's budget fund.
[2018/2/1 - 4:00:21] Vehicle ID 382 (Slot ID 265) Maintainence fee cost $0 to SHAFT's budget fund.
[2018/2/1 - 4:00:21] Vehicle ID 399 (Slot ID 290) Maintainence fee cost $0 to SHAFT's budget fund.
[2018/2/1 - 4:00:21] Vehicle ID 455 (Slot ID 354) Maintainence fee cost $0 to SHAFT's budget fund.
[2018/2/1 - 4:00:21] Vehicle ID 456 (Slot ID 355) Maintainence fee cost $0 to SHAFT's budget fund.
[2018/2/1 - 4:00:21] Vehicle ID 460 (Slot ID 362) Maintainence fee cost $0 to SHAFT's budget fund.
[2018/2/1 - 4:00:21] Vehicle ID 407 (Slot ID 365) Maintainence fee cost $0 to SHAFT's budget fund.
[2018/2/1 - 4:00:21] Vehicle ID 463 (Slot ID 366) Maintainence fee cost $0 to SHAFT's budget fund.
[2018/2/1 - 4:00:21] Vehicle ID 465 (Slot ID 368) Maintainence fee cost $0 to SHAFT's budget fund.
[2018/2/1 - 4:00:21] Vehicle ID 464 (Slot ID 370) Maintainence fee cost $0 to SHAFT's budget fund.
[2018/2/1 - 4:00:21] Vehicle ID 466 (Slot ID 372) Maintainence fee cost $0 to SHAFT's budget fund.
[2018/2/1 - 4:00:21] Vehicle ID 469 (Slot ID 373) Maintainence fee cost $0 to SHAFT's budget fund.
[2018/2/1 - 4:00:21] Vehicle ID 470 (Slot ID 376) Maintainence fee cost $0 to SHAFT's budget fund.
[2018/2/1 - 4:00:21] Vehicle ID 471 (Slot ID 378) Maintainence fee cost $0 to SHAFT's budget fund.
[2018/2/1 - 4:00:21] Vehicle ID 473 (Slot ID 381) Maintainence fee cost $0 to SHAFT's budget fund.
[2018/2/1 - 4:00:21] Vehicle ID 425 (Slot ID 382) Maintainence fee cost $0 to SHAFT's budget fund.
[2018/2/1 - 4:00:21] Vehicle ID 474 (Slot ID 387) Maintainence fee cost $0 to SHAFT's budget fund.
[2018/2/1 - 4:00:21] Vehicle ID 475 (Slot ID 389) Maintainence fee cost $0 to SHAFT's budget fund.
[2018/2/1 - 4:00:21] Vehicle ID 478 (Slot ID 393) Maintainence fee cost $0 to SHAFT's budget fund.
[2018/2/1 - 4:00:21] Vehicle ID 480 (Slot ID 394) Maintainence fee cost $0 to SHAFT's budget fund.
[2018/2/1 - 4:00:21] Vehicle ID 482 (Slot ID 399) Maintainence fee cost $0 to SHAFT's budget fund.
[2018/2/1 - 4:00:21] Vehicle ID 487 (Slot ID 400) Maintainence fee cost $0 to SHAFT's budget fund.
[2018/2/1 - 4:00:21] Vehicle ID 489 (Slot ID 403) Maintainence fee cost $0 to SHAFT's budget fund.
[2018/2/1 - 4:00:21] Vehicle ID 490 (Slot ID 405) Maintainence fee cost $0 to SHAFT's budget fund.
[2018/2/1 - 4:00:21] Vehicle ID 515 (Slot ID 408) Maintainence fee cost $0 to SHAFT's budget fund.
[2018/2/1 - 4:00:21] Vehicle ID 450 (Slot ID 409) Maintainence fee cost $0 to SHAFT's budget fund.
[2018/2/1 - 4:00:21] Vehicle ID 493 (Slot ID 410) Maintainence fee cost $0 to SHAFT's budget fund.
[2018/2/1 - 4:00:21] Vehicle ID 385 (Slot ID 414) Maintainence fee cost $0 to SHAFT's budget fund.
[2018/2/1 - 4:00:21] Vehicle ID 497 (Slot ID 416) Maintainence fee cost $0 to SHAFT's budget fund.
[2018/2/1 - 4:00:21] Vehicle ID 498 (Slot ID 417) Maintainence fee cost $0 to SHAFT's budget fund.
[2018/2/1 - 4:00:21] Vehicle ID 500 (Slot ID 420) Maintainence fee cost $0 to SHAFT's budget fund.
[2018/2/1 - 4:00:21] Vehicle ID 441 (Slot ID 421) Maintainence fee cost $0 to SHAFT's budget fund.
[2018/2/1 - 4:00:21] Vehicle ID 483 (Slot ID 423) Maintainence fee cost $0 to SHAFT's budget fund.
[2018/2/1 - 4:00:21] Vehicle ID 504 (Slot ID 425) Maintainence fee cost $0 to SHAFT's budget fund.
[2018/2/1 - 4:00:21] Vehicle ID 503 (Slot ID 426) Maintainence fee cost $0 to SHAFT's budget fund.
[2018/2/1 - 4:00:21] Vehicle ID 506 (Slot ID 429) Maintainence fee cost $0 to SHAFT's budget fund.
[2018/2/1 - 4:00:21] Vehicle ID 527 (Slot ID 434) Maintainence fee cost $0 to SHAFT's budget fund.
[2018/2/1 - 4:00:21] Vehicle ID 528 (Slot ID 437) Maintainence fee cost $0 to SHAFT's budget fund.
[2018/2/1 - 4:00:21] Vehicle ID 505 (Slot ID 441) Maintainence fee cost $0 to SHAFT's budget fund.
[2018/2/1 - 4:00:21] Vehicle ID 433 (Slot ID 442) Maintainence fee cost $0 to SHAFT's budget fund.
[2018/2/1 - 4:00:21] Vehicle ID 510 (Slot ID 450) Maintainence fee cost $0 to SHAFT's budget fund.
[2018/2/1 - 4:00:21] Vehicle ID 496 (Slot ID 453) Maintainence fee cost $0 to SHAFT's budget fund.
[2018/2/1 - 4:00:21] Vehicle ID 529 (Slot ID 461) Maintainence fee cost $0 to SHAFT's budget fund.
[2018/2/1 - 4:00:21] Vehicle ID 530 (Slot ID 463) Maintainence fee cost $0 to SHAFT's budget fund.
[2018/2/1 - 4:00:21] Vehicle ID 531 (Slot ID 466) Maintainence fee cost $0 to SHAFT's budget fund.
[2018/2/1 - 4:00:21] Vehicle ID 532 (Slot ID 467) Maintainence fee cost $0 to SHAFT's budget fund.
[2018/2/1 - 4:00:21] Vehicle ID 258 (Slot ID 476) Maintainence fee cost $0 to SHAFT's budget fund.
[2018/2/1 - 4:00:21] Vehicle ID 534 (Slot ID 484) Maintainence fee cost $0 to SHAFT's budget fund.
[2018/2/1 - 4:04:02] Winston De Rulo has been paid $50,000 from SHAFT's budget.
[2018/2/1 - 4:16:35] Josh Mcflies has been paid $10,000 from SHAFT's budget.
[2018/2/1 - 4:21:28] Vehicle Slot ID 399 RTB fee cost $0 to SHAFT's budget fund.
[2018/2/1 - 4:56:56] Max Whitestone has repaired vehicle 498 at a cost of $0 to SHAFT's budget fund.
[2018/2/1 - 4:57:56] Max Whitestone has been paid $10,000 from SHAFT's budget.
[2018/2/1 - 4:59:03] Josh Mcflies took a vest out of the SHAFT locker at a cost of 1 HG Material.
[2018/2/1 - 4:59:04] Josh Mcflies took a med kit & vest out of the SHAFT locker at a cost of 1 HG Material.
[2018/2/1 - 5:00:29] The faction vault is at $20,929,213.
[2018/2/1 - 5:00:29] SA Gov Paid $100,000 to SHAFT budget fund.
[2018/2/1 - 5:00:29] Vehicle ID 367 (Slot ID 243) Maintainence fee cost $0 to SHAFT's budget fund.
[2018/2/1 - 5:00:29] Vehicle ID 459 (Slot ID 253) Maintainence fee cost $0 to SHAFT's budget fund.
[2018/2/1 - 5:00:29] Vehicle ID 382 (Slot ID 265) Maintainence fee cost $0 to SHAFT's budget fund.
[2018/2/1 - 5:00:29] Vehicle ID 399 (Slot ID 290) Maintainence fee cost $0 to SHAFT's budget fund.
[2018/2/1 - 5:00:29] Vehicle ID 455 (Slot ID 354) Maintainence fee cost $0 to SHAFT's budget fund.
[2018/2/1 - 5:00:29] Vehicle ID 456 (Slot ID 355) Maintainence fee cost $0 to SHAFT's budget fund.
[2018/2/1 - 5:00:29] Vehicle ID 460 (Slot ID 362) Maintainence fee cost $0 to SHAFT's budget fund.
[2018/2/1 - 5:00:29] Vehicle ID 407 (Slot ID 365) Maintainence fee cost $0 to SHAFT's budget fund.
[2018/2/1 - 5:00:29] Vehicle ID 463 (Slot ID 366) Maintainence fee cost $0 to SHAFT's budget fund.
[2018/2/1 - 5:00:29] Vehicle ID 465 (Slot ID 368) Maintainence fee cost $0 to SHAFT's budget fund.
[2018/2/1 - 5:00:29] Vehicle ID 464 (Slot ID 370) Maintainence fee cost $0 to SHAFT's budget fund.
[2018/2/1 - 5:00:29] Vehicle ID 466 (Slot ID 372) Maintainence fee cost $0 to SHAFT's budget fund.
[2018/2/1 - 5:00:29] Vehicle ID 469 (Slot ID 373) Maintainence fee cost $0 to SHAFT's budget fund.
[2018/2/1 - 5:00:29] Vehicle ID 470 (Slot ID 376) Maintainence fee cost $0 to SHAFT's budget fund.
[2018/2/1 - 5:00:29] Vehicle ID 471 (Slot ID 378) Maintainence fee cost $0 to SHAFT's budget fund.
[2018/2/1 - 5:00:29] Vehicle ID 473 (Slot ID 381) Maintainence fee cost $0 to SHAFT's budget fund.
[2018/2/1 - 5:00:29] Vehicle ID 425 (Slot ID 382) Maintainence fee cost $0 to SHAFT's budget fund.
[2018/2/1 - 5:00:29] Vehicle ID 474 (Slot ID 387) Maintainence fee cost $0 to SHAFT's budget fund.
[2018/2/1 - 5:00:29] Vehicle ID 475 (Slot ID 389) Maintainence fee cost $0 to SHAFT's budget fund.
[2018/2/1 - 5:00:29] Vehicle ID 478 (Slot ID 393) Maintainence fee cost $0 to SHAFT's budget fund.
[2018/2/1 - 5:00:29] Vehicle ID 480 (Slot ID 394) Maintainence fee cost $0 to SHAFT's budget fund.
[2018/2/1 - 5:00:29] Vehicle ID 482 (Slot ID 399) Maintainence fee cost $0 to SHAFT's budget fund.
[2018/2/1 - 5:00:29] Vehicle ID 487 (Slot ID 400) Maintainence fee cost $0 to SHAFT's budget fund.
[2018/2/1 - 5:00:29] Vehicle ID 489 (Slot ID 403) Maintainence fee cost $0 to SHAFT's budget fund.
[2018/2/1 - 5:00:29] Vehicle ID 490 (Slot ID 405) Maintainence fee cost $0 to SHAFT's budget fund.
[2018/2/1 - 5:00:29] Vehicle ID 515 (Slot ID 408) Maintainence fee cost $0 to SHAFT's budget fund.
[2018/2/1 - 5:00:29] Vehicle ID 450 (Slot ID 409) Maintainence fee cost $0 to SHAFT's budget fund.
[2018/2/1 - 5:00:29] Vehicle ID 493 (Slot ID 410) Maintainence fee cost $0 to SHAFT's budget fund.
[2018/2/1 - 5:00:29] Vehicle ID 385 (Slot ID 414) Maintainence fee cost $0 to SHAFT's budget fund.
[2018/2/1 - 5:00:29] Vehicle ID 497 (Slot ID 416) Maintainence fee cost $0 to SHAFT's budget fund.
[2018/2/1 - 5:00:29] Vehicle ID 498 (Slot ID 417) Maintainence fee cost $0 to SHAFT's budget fund.
[2018/2/1 - 5:00:29] Vehicle ID 500 (Slot ID 420) Maintainence fee cost $0 to SHAFT's budget fund.
[2018/2/1 - 5:00:29] Vehicle ID 441 (Slot ID 421) Maintainence fee cost $0 to SHAFT's budget fund.
[2018/2/1 - 5:00:29] Vehicle ID 483 (Slot ID 423) Maintainence fee cost $0 to SHAFT's budget fund.
[2018/2/1 - 5:00:29] Vehicle ID 504 (Slot ID 425) Maintainence fee cost $0 to SHAFT's budget fund.
[2018/2/1 - 5:00:29] Vehicle ID 503 (Slot ID 426) Maintainence fee cost $0 to SHAFT's budget fund.
[2018/2/1 - 5:00:29] Vehicle ID 506 (Slot ID 429) Maintainence fee cost $0 to SHAFT's budget fund.
[2018/2/1 - 5:00:29] Vehicle ID 527 (Slot ID 434) Maintainence fee cost $0 to SHAFT's budget fund.
[2018/2/1 - 5:00:29] Vehicle ID 528 (Slot ID 437) Maintainence fee cost $0 to SHAFT's budget fund.
[2018/2/1 - 5:00:29] Vehicle ID 505 (Slot ID 441) Maintainence fee cost $0 to SHAFT's budget fund.
[2018/2/1 - 5:00:29] Vehicle ID 433 (Slot ID 442) Maintainence fee cost $0 to SHAFT's budget fund.
[2018/2/1 - 5:00:29] Vehicle ID 510 (Slot ID 450) Maintainence fee cost $0 to SHAFT's budget fund.
[2018/2/1 - 5:00:29] Vehicle ID 496 (Slot ID 453) Maintainence fee cost $0 to SHAFT's budget fund.
[2018/2/1 - 5:00:29] Vehicle ID 529 (Slot ID 461) Maintainence fee cost $0 to SHAFT's budget fund.
[2018/2/1 - 5:00:29] Vehicle ID 530 (Slot ID 463) Maintainence fee cost $0 to SHAFT's budget fund.
[2018/2/1 - 5:00:29] Vehicle ID 531 (Slot ID 466) Maintainence fee cost $0 to SHAFT's budget fund.
[2018/2/1 - 5:00:29] Vehicle ID 532 (Slot ID 467) Maintainence fee cost $0 to SHAFT's budget fund.
[2018/2/1 - 5:00:29] Vehicle ID 258 (Slot ID 476) Maintainence fee cost $0 to SHAFT's budget fund.
[2018/2/1 - 5:00:29] Vehicle ID 534 (Slot ID 484) Maintainence fee cost $0 to SHAFT's budget fund.
[2018/2/1 - 5:02:36] Max Whitestone has repaired vehicle 498 at a cost of $2,500 to SHAFT's budget fund.
[2018/2/1 - 5:07:56] Rysun Wolf took a vest out of the SHAFT locker at a cost of 1 HG Material.
[2018/2/1 - 5:08:22] Rysun Wolf took a vest out of the SHAFT locker at a cost of 1 HG Material.
[2018/2/1 - 5:12:03] Max Whitestone has repaired vehicle 498 at a cost of $2,500 to SHAFT's budget fund.
[2018/2/1 - 5:19:26] Max Whitestone took a vest out of the SHAFT locker at a cost of 1 HG Material.
[2018/2/1 - 5:20:22] Max Whitestone has repaired vehicle 498 at a cost of $0 to SHAFT's budget fund.
[2018/2/1 - 5:24:52] Josh Mcflies has been paid $10,000 from SHAFT's budget.
[2018/2/1 - 5:51:27] Abdo Rhajim took a vest out of the SHAFT locker at a cost of 1 HG Material.
[2018/2/1 - 6:00:34] The faction vault is at $21,028,213.
[2018/2/1 - 6:00:34] SA Gov Paid $100,000 to SHAFT budget fund.
[2018/2/1 - 6:00:34] Vehicle ID 367 (Slot ID 243) Maintainence fee cost $0 to SHAFT's budget fund.
[2018/2/1 - 6:00:34] Vehicle ID 459 (Slot ID 253) Maintainence fee cost $0 to SHAFT's budget fund.
[2018/2/1 - 6:00:34] Vehicle ID 382 (Slot ID 265) Maintainence fee cost $0 to SHAFT's budget fund.
[2018/2/1 - 6:00:34] Vehicle ID 399 (Slot ID 290) Maintainence fee cost $0 to SHAFT's budget fund.
[2018/2/1 - 6:00:34] Vehicle ID 455 (Slot ID 354) Maintainence fee cost $0 to SHAFT's budget fund.
[2018/2/1 - 6:00:34] Vehicle ID 456 (Slot ID 355) Maintainence fee cost $0 to SHAFT's budget fund.
[2018/2/1 - 6:00:34] Vehicle ID 460 (Slot ID 362) Maintainence fee cost $0 to SHAFT's budget fund.
[2018/2/1 - 6:00:34] Vehicle ID 407 (Slot ID 365) Maintainence fee cost $0 to SHAFT's budget fund.
[2018/2/1 - 6:00:34] Vehicle ID 463 (Slot ID 366) Maintainence fee cost $0 to SHAFT's budget fund.
[2018/2/1 - 6:00:34] Vehicle ID 465 (Slot ID 368) Maintainence fee cost $0 to SHAFT's budget fund.
[2018/2/1 - 6:00:34] Vehicle ID 464 (Slot ID 370) Maintainence fee cost $0 to SHAFT's budget fund.
[2018/2/1 - 6:00:34] Vehicle ID 466 (Slot ID 372) Maintainence fee cost $0 to SHAFT's budget fund.
[2018/2/1 - 6:00:34] Vehicle ID 469 (Slot ID 373) Maintainence fee cost $0 to SHAFT's budget fund.
[2018/2/1 - 6:00:34] Vehicle ID 470 (Slot ID 376) Maintainence fee cost $0 to SHAFT's budget fund.
[2018/2/1 - 6:00:34] Vehicle ID 471 (Slot ID 378) Maintainence fee cost $0 to SHAFT's budget fund.
[2018/2/1 - 6:00:34] Vehicle ID 473 (Slot ID 381) Maintainence fee cost $0 to SHAFT's budget fund.
[2018/2/1 - 6:00:34] Vehicle ID 425 (Slot ID 382) Maintainence fee cost $0 to SHAFT's budget fund.
[2018/2/1 - 6:00:34] Vehicle ID 474 (Slot ID 387) Maintainence fee cost $0 to SHAFT's budget fund.
[2018/2/1 - 6:00:34] Vehicle ID 475 (Slot ID 389) Maintainence fee cost $0 to SHAFT's budget fund.
[2018/2/1 - 6:00:34] Vehicle ID 478 (Slot ID 393) Maintainence fee cost $0 to SHAFT's budget fund.
[2018/2/1 - 6:00:34] Vehicle ID 480 (Slot ID 394) Maintainence fee cost $0 to SHAFT's budget fund.
[2018/2/1 - 6:00:34] Vehicle ID 482 (Slot ID 399) Maintainence fee cost $0 to SHAFT's budget fund.
[2018/2/1 - 6:00:34] Vehicle ID 487 (Slot ID 400) Maintainence fee cost $0 to SHAFT's budget fund.
[2018/2/1 - 6:00:34] Vehicle ID 489 (Slot ID 403) Maintainence fee cost $0 to SHAFT's budget fund.
[2018/2/1 - 6:00:34] Vehicle ID 490 (Slot ID 405) Maintainence fee cost $0 to SHAFT's budget fund.
[2018/2/1 - 6:00:34] Vehicle ID 515 (Slot ID 408) Maintainence fee cost $0 to SHAFT's budget fund.
[2018/2/1 - 6:00:34] Vehicle ID 450 (Slot ID 409) Maintainence fee cost $0 to SHAFT's budget fund.
[2018/2/1 - 6:00:34] Vehicle ID 493 (Slot ID 410) Maintainence fee cost $0 to SHAFT's budget fund.
[2018/2/1 - 6:00:34] Vehicle ID 385 (Slot ID 414) Maintainence fee cost $0 to SHAFT's budget fund.
[2018/2/1 - 6:00:34] Vehicle ID 497 (Slot ID 416) Maintainence fee cost $0 to SHAFT's budget fund.
[2018/2/1 - 6:00:34] Vehicle ID 498 (Slot ID 417) Maintainence fee cost $0 to SHAFT's budget fund.
[2018/2/1 - 6:00:34] Vehicle ID 500 (Slot ID 420) Maintainence fee cost $0 to SHAFT's budget fund.
[2018/2/1 - 6:00:34] Vehicle ID 441 (Slot ID 421) Maintainence fee cost $0 to SHAFT's budget fund.
[2018/2/1 - 6:00:34] Vehicle ID 483 (Slot ID 423) Maintainence fee cost $0 to SHAFT's budget fund.
[2018/2/1 - 6:00:34] Vehicle ID 504 (Slot ID 425) Maintainence fee cost $0 to SHAFT's budget fund.
[2018/2/1 - 6:00:34] Vehicle ID 503 (Slot ID 426) Maintainence fee cost $0 to SHAFT's budget fund.
[2018/2/1 - 6:00:34] Vehicle ID 506 (Slot ID 429) Maintainence fee cost $0 to SHAFT's budget fund.
[2018/2/1 - 6:00:34] Vehicle ID 527 (Slot ID 434) Maintainence fee cost $0 to SHAFT's budget fund.
[2018/2/1 - 6:00:34] Vehicle ID 528 (Slot ID 437) Maintainence fee cost $0 to SHAFT's budget fund.
[2018/2/1 - 6:00:34] Vehicle ID 505 (Slot ID 441) Maintainence fee cost $0 to SHAFT's budget fund.
[2018/2/1 - 6:00:34] Vehicle ID 433 (Slot ID 442) Maintainence fee cost $0 to SHAFT's budget fund.
[2018/2/1 - 6:00:34] Vehicle ID 510 (Slot ID 450) Maintainence fee cost $0 to SHAFT's budget fund.
[2018/2/1 - 6:00:34] Vehicle ID 496 (Slot ID 453) Maintainence fee cost $0 to SHAFT's budget fund.
[2018/2/1 - 6:00:34] Vehicle ID 529 (Slot ID 461) Maintainence fee cost $0 to SHAFT's budget fund.
[2018/2/1 - 6:00:34] Vehicle ID 530 (Slot ID 463) Maintainence fee cost $0 to SHAFT's budget fund.
[2018/2/1 - 6:00:34] Vehicle ID 531 (Slot ID 466) Maintainence fee cost $0 to SHAFT's budget fund.
[2018/2/1 - 6:00:34] Vehicle ID 532 (Slot ID 467) Maintainence fee cost $0 to SHAFT's budget fund.
[2018/2/1 - 6:00:34] Vehicle ID 258 (Slot ID 476) Maintainence fee cost $0 to SHAFT's budget fund.
[2018/2/1 - 6:00:34] Vehicle ID 534 (Slot ID 484) Maintainence fee cost $0 to SHAFT's budget fund.
[2018/2/1 - 6:00:47] Josh Mcflies took a vest out of the SHAFT locker at a cost of 1 HG Material.
[2018/2/1 - 6:00:53] Josh Mcflies took a med kit & vest out of the SHAFT locker at a cost of 1 HG Material.
[2018/2/1 - 6:19:02] Derek Phantom took a vest out of the SHAFT locker at a cost of 1 HG Material.
[2018/2/1 - 6:34:25] Josh Mcflies has repaired vehicle 496 at a cost of $2,500 to SHAFT's budget fund.
[2018/2/1 - 6:43:54] Josh Mcflies took a vest out of the SHAFT locker at a cost of 1 HG Material.
[2018/2/1 - 6:43:55] Josh Mcflies took a med kit & vest out of the SHAFT locker at a cost of 1 HG Material.
[2018/2/1 - 7:00:38] The faction vault is at $21,137,313.
[2018/2/1 - 7:00:38] SA Gov Paid $100,000 to SHAFT budget fund.
[2018/2/1 - 7:00:38] Vehicle ID 367 (Slot ID 243) Maintainence fee cost $0 to SHAFT's budget fund.
[2018/2/1 - 7:00:38] Vehicle ID 459 (Slot ID 253) Maintainence fee cost $0 to SHAFT's budget fund.
[2018/2/1 - 7:00:38] Vehicle ID 382 (Slot ID 265) Maintainence fee cost $0 to SHAFT's budget fund.
[2018/2/1 - 7:00:38] Vehicle ID 399 (Slot ID 290) Maintainence fee cost $0 to SHAFT's budget fund.
[2018/2/1 - 7:00:38] Vehicle ID 455 (Slot ID 354) Maintainence fee cost $0 to SHAFT's budget fund.
[2018/2/1 - 7:00:38] Vehicle ID 456 (Slot ID 355) Maintainence fee cost $0 to SHAFT's budget fund.
[2018/2/1 - 7:00:38] Vehicle ID 460 (Slot ID 362) Maintainence fee cost $0 to SHAFT's budget fund.
[2018/2/1 - 7:00:38] Vehicle ID 407 (Slot ID 365) Maintainence fee cost $0 to SHAFT's budget fund.
[2018/2/1 - 7:00:38] Vehicle ID 463 (Slot ID 366) Maintainence fee cost $0 to SHAFT's budget fund.
[2018/2/1 - 7:00:38] Vehicle ID 465 (Slot ID 368) Maintainence fee cost $0 to SHAFT's budget fund.
[2018/2/1 - 7:00:38] Vehicle ID 464 (Slot ID 370) Maintainence fee cost $0 to SHAFT's budget fund.
[2018/2/1 - 7:00:38] Vehicle ID 466 (Slot ID 372) Maintainence fee cost $0 to SHAFT's budget fund.
[2018/2/1 - 7:00:38] Vehicle ID 469 (Slot ID 373) Maintainence fee cost $0 to SHAFT's budget fund.
[2018/2/1 - 7:00:38] Vehicle ID 470 (Slot ID 376) Maintainence fee cost $0 to SHAFT's budget fund.
[2018/2/1 - 7:00:38] Vehicle ID 471 (Slot ID 378) Maintainence fee cost $0 to SHAFT's budget fund.
[2018/2/1 - 7:00:38] Vehicle ID 473 (Slot ID 381) Maintainence fee cost $0 to SHAFT's budget fund.
[2018/2/1 - 7:00:38] Vehicle ID 425 (Slot ID 382) Maintainence fee cost $0 to SHAFT's budget fund.
[2018/2/1 - 7:00:38] Vehicle ID 474 (Slot ID 387) Maintainence fee cost $0 to SHAFT's budget fund.
[2018/2/1 - 7:00:38] Vehicle ID 475 (Slot ID 389) Maintainence fee cost $0 to SHAFT's budget fund.
[2018/2/1 - 7:00:38] Vehicle ID 478 (Slot ID 393) Maintainence fee cost $0 to SHAFT's budget fund.
[2018/2/1 - 7:00:38] Vehicle ID 480 (Slot ID 394) Maintainence fee cost $0 to SHAFT's budget fund.
[2018/2/1 - 7:00:38] Vehicle ID 482 (Slot ID 399) Maintainence fee cost $0 to SHAFT's budget fund.
[2018/2/1 - 7:00:38] Vehicle ID 487 (Slot ID 400) Maintainence fee cost $0 to SHAFT's budget fund.
[2018/2/1 - 7:00:38] Vehicle ID 489 (Slot ID 403) Maintainence fee cost $0 to SHAFT's budget fund.
[2018/2/1 - 7:00:38] Vehicle ID 490 (Slot ID 405) Maintainence fee cost $0 to SHAFT's budget fund.
[2018/2/1 - 7:00:38] Vehicle ID 515 (Slot ID 408) Maintainence fee cost $0 to SHAFT's budget fund.
[2018/2/1 - 7:00:38] Vehicle ID 450 (Slot ID 409) Maintainence fee cost $0 to SHAFT's budget fund.
[2018/2/1 - 7:00:38] Vehicle ID 493 (Slot ID 410) Maintainence fee cost $0 to SHAFT's budget fund.
[2018/2/1 - 7:00:38] Vehicle ID 385 (Slot ID 414) Maintainence fee cost $0 to SHAFT's budget fund.
[2018/2/1 - 7:00:38] Vehicle ID 497 (Slot ID 416) Maintainence fee cost $0 to SHAFT's budget fund.
[2018/2/1 - 7:00:38] Vehicle ID 498 (Slot ID 417) Maintainence fee cost $0 to SHAFT's budget fund.
[2018/2/1 - 7:00:38] Vehicle ID 500 (Slot ID 420) Maintainence fee cost $0 to SHAFT's budget fund.
[2018/2/1 - 7:00:38] Vehicle ID 441 (Slot ID 421) Maintainence fee cost $0 to SHAFT's budget fund.
[2018/2/1 - 7:00:38] Vehicle ID 483 (Slot ID 423) Maintainence fee cost $0 to SHAFT's budget fund.
[2018/2/1 - 7:00:38] Vehicle ID 504 (Slot ID 425) Maintainence fee cost $0 to SHAFT's budget fund.
[2018/2/1 - 7:00:38] Vehicle ID 503 (Slot ID 426) Maintainence fee cost $0 to SHAFT's budget fund.
[2018/2/1 - 7:00:38] Vehicle ID 506 (Slot ID 429) Maintainence fee cost $0 to SHAFT's budget fund.
[2018/2/1 - 7:00:38] Vehicle ID 527 (Slot ID 434) Maintainence fee cost $0 to SHAFT's budget fund.
[2018/2/1 - 7:00:38] Vehicle ID 528 (Slot ID 437) Maintainence fee cost $0 to SHAFT's budget fund.
[2018/2/1 - 7:00:38] Vehicle ID 505 (Slot ID 441) Maintainence fee cost $0 to SHAFT's budget fund.
[2018/2/1 - 7:00:38] Vehicle ID 433 (Slot ID 442) Maintainence fee cost $0 to SHAFT's budget fund.
[2018/2/1 - 7:00:38] Vehicle ID 510 (Slot ID 450) Maintainence fee cost $0 to SHAFT's budget fund.
[2018/2/1 - 7:00:38] Vehicle ID 496 (Slot ID 453) Maintainence fee cost $0 to SHAFT's budget fund.
[2018/2/1 - 7:00:38] Vehicle ID 529 (Slot ID 461) Maintainence fee cost $0 to SHAFT's budget fund.
[2018/2/1 - 7:00:38] Vehicle ID 530 (Slot ID 463) Maintainence fee cost $0 to SHAFT's budget fund.
[2018/2/1 - 7:00:38] Vehicle ID 531 (Slot ID 466) Maintainence fee cost $0 to SHAFT's budget fund.
[2018/2/1 - 7:00:38] Vehicle ID 532 (Slot ID 467) Maintainence fee cost $0 to SHAFT's budget fund.
[2018/2/1 - 7:00:38] Vehicle ID 258 (Slot ID 476) Maintainence fee cost $0 to SHAFT's budget fund.
[2018/2/1 - 7:00:38] Vehicle ID 534 (Slot ID 484) Maintainence fee cost $0 to SHAFT's budget fund.
[2018/2/1 - 7:15:58] Sega Saito took a vest out of the SHAFT locker at a cost of 1 HG Material.
[2018/2/1 - 7:20:39] Vehicle Slot ID 417 RTB fee cost $0 to SHAFT's budget fund.
[2018/2/1 - 7:27:42] Sega Saito has been paid $10,000 from SHAFT's budget.
[2018/2/1 - 8:00:42] The faction vault is at $21,242,713.
[2018/2/1 - 8:00:42] SA Gov Paid $100,000 to SHAFT budget fund.
[2018/2/1 - 8:00:42] Vehicle ID 367 (Slot ID 243) Maintainence fee cost $0 to SHAFT's budget fund.
[2018/2/1 - 8:00:42] Vehicle ID 459 (Slot ID 253) Maintainence fee cost $0 to SHAFT's budget fund.
[2018/2/1 - 8:00:42] Vehicle ID 382 (Slot ID 265) Maintainence fee cost $0 to SHAFT's budget fund.
[2018/2/1 - 8:00:42] Vehicle ID 399 (Slot ID 290) Maintainence fee cost $0 to SHAFT's budget fund.
[2018/2/1 - 8:00:42] Vehicle ID 455 (Slot ID 354) Maintainence fee cost $0 to SHAFT's budget fund.
[2018/2/1 - 8:00:42] Vehicle ID 456 (Slot ID 355) Maintainence fee cost $0 to SHAFT's budget fund.
[2018/2/1 - 8:00:42] Vehicle ID 460 (Slot ID 362) Maintainence fee cost $0 to SHAFT's budget fund.
[2018/2/1 - 8:00:42] Vehicle ID 407 (Slot ID 365) Maintainence fee cost $0 to SHAFT's budget fund.
[2018/2/1 - 8:00:42] Vehicle ID 463 (Slot ID 366) Maintainence fee cost $0 to SHAFT's budget fund.
[2018/2/1 - 8:00:42] Vehicle ID 465 (Slot ID 368) Maintainence fee cost $0 to SHAFT's budget fund.
[2018/2/1 - 8:00:42] Vehicle ID 464 (Slot ID 370) Maintainence fee cost $0 to SHAFT's budget fund.
[2018/2/1 - 8:00:42] Vehicle ID 466 (Slot ID 372) Maintainence fee cost $0 to SHAFT's budget fund.
[2018/2/1 - 8:00:42] Vehicle ID 469 (Slot ID 373) Maintainence fee cost $0 to SHAFT's budget fund.
[2018/2/1 - 8:00:42] Vehicle ID 470 (Slot ID 376) Maintainence fee cost $0 to SHAFT's budget fund.
[2018/2/1 - 8:00:42] Vehicle ID 471 (Slot ID 378) Maintainence fee cost $0 to SHAFT's budget fund.
[2018/2/1 - 8:00:42] Vehicle ID 473 (Slot ID 381) Maintainence fee cost $0 to SHAFT's budget fund.
[2018/2/1 - 8:00:42] Vehicle ID 425 (Slot ID 382) Maintainence fee cost $0 to SHAFT's budget fund.
[2018/2/1 - 8:00:42] Vehicle ID 474 (Slot ID 387) Maintainence fee cost $0 to SHAFT's budget fund.
[2018/2/1 - 8:00:42] Vehicle ID 475 (Slot ID 389) Maintainence fee cost $0 to SHAFT's budget fund.
[2018/2/1 - 8:00:42] Vehicle ID 478 (Slot ID 393) Maintainence fee cost $0 to SHAFT's budget fund.
[2018/2/1 - 8:00:42] Vehicle ID 480 (Slot ID 394) Maintainence fee cost $0 to SHAFT's budget fund.
[2018/2/1 - 8:00:42] Vehicle ID 482 (Slot ID 399) Maintainence fee cost $0 to SHAFT's budget fund.
[2018/2/1 - 8:00:42] Vehicle ID 487 (Slot ID 400) Maintainence fee cost $0 to SHAFT's budget fund.
[2018/2/1 - 8:00:42] Vehicle ID 489 (Slot ID 403) Maintainence fee cost $0 to SHAFT's budget fund.
[2018/2/1 - 8:00:42] Vehicle ID 490 (Slot ID 405) Maintainence fee cost $0 to SHAFT's budget fund.
[2018/2/1 - 8:00:42] Vehicle ID 515 (Slot ID 408) Maintainence fee cost $0 to SHAFT's budget fund.
[2018/2/1 - 8:00:42] Vehicle ID 450 (Slot ID 409) Maintainence fee cost $0 to SHAFT's budget fund.
[2018/2/1 - 8:00:42] Vehicle ID 493 (Slot ID 410) Maintainence fee cost $0 to SHAFT's budget fund.
[2018/2/1 - 8:00:42] Vehicle ID 385 (Slot ID 414) Maintainence fee cost $0 to SHAFT's budget fund.
[2018/2/1 - 8:00:42] Vehicle ID 497 (Slot ID 416) Maintainence fee cost $0 to SHAFT's budget fund.
[2018/2/1 - 8:00:42] Vehicle ID 498 (Slot ID 417) Maintainence fee cost $0 to SHAFT's budget fund.
[2018/2/1 - 8:00:42] Vehicle ID 500 (Slot ID 420) Maintainence fee cost $0 to SHAFT's budget fund.
[2018/2/1 - 8:00:42] Vehicle ID 441 (Slot ID 421) Maintainence fee cost $0 to SHAFT's budget fund.
[2018/2/1 - 8:00:42] Vehicle ID 483 (Slot ID 423) Maintainence fee cost $0 to SHAFT's budget fund.
[2018/2/1 - 8:00:42] Vehicle ID 504 (Slot ID 425) Maintainence fee cost $0 to SHAFT's budget fund.
[2018/2/1 - 8:00:42] Vehicle ID 503 (Slot ID 426) Maintainence fee cost $0 to SHAFT's budget fund.
[2018/2/1 - 8:00:42] Vehicle ID 506 (Slot ID 429) Maintainence fee cost $0 to SHAFT's budget fund.
[2018/2/1 - 8:00:42] Vehicle ID 527 (Slot ID 434) Maintainence fee cost $0 to SHAFT's budget fund.
[2018/2/1 - 8:00:42] Vehicle ID 528 (Slot ID 437) Maintainence fee cost $0 to SHAFT's budget fund.
[2018/2/1 - 8:00:42] Vehicle ID 505 (Slot ID 441) Maintainence fee cost $0 to SHAFT's budget fund.
[2018/2/1 - 8:00:42] Vehicle ID 433 (Slot ID 442) Maintainence fee cost $0 to SHAFT's budget fund.
[2018/2/1 - 8:00:42] Vehicle ID 510 (Slot ID 450) Maintainence fee cost $0 to SHAFT's budget fund.
[2018/2/1 - 8:00:42] Vehicle ID 496 (Slot ID 453) Maintainence fee cost $0 to SHAFT's budget fund.
[2018/2/1 - 8:00:42] Vehicle ID 529 (Slot ID 461) Maintainence fee cost $0 to SHAFT's budget fund.
[2018/2/1 - 8:00:42] Vehicle ID 530 (Slot ID 463) Maintainence fee cost $0 to SHAFT's budget fund.
[2018/2/1 - 8:00:42] Vehicle ID 531 (Slot ID 466) Maintainence fee cost $0 to SHAFT's budget fund.
[2018/2/1 - 8:00:42] Vehicle ID 532 (Slot ID 467) Maintainence fee cost $0 to SHAFT's budget fund.
[2018/2/1 - 8:00:42] Vehicle ID 258 (Slot ID 476) Maintainence fee cost $0 to SHAFT's budget fund.
[2018/2/1 - 8:00:42] Vehicle ID 534 (Slot ID 484) Maintainence fee cost $0 to SHAFT's budget fund.
[2018/2/1 - 8:20:15] Vehicle Slot ID 442 RTB fee cost $0 to SHAFT's budget fund.
[2018/2/1 - 8:38:10] Vehicle Slot ID 476 RTB fee cost $0 to SHAFT's budget fund.
[2018/2/1 - 8:43:44] Vehicle Slot ID 453 RTB fee cost $0 to SHAFT's budget fund.
[2018/2/1 - 8:54:29] Martin Powers took a vest out of the SHAFT locker at a cost of 1 HG Material.
[2018/2/1 - 8:56:36] Martin Powers took a vest out of the SHAFT locker at a cost of 1 HG Material.
[2018/2/1 - 9:00:47] The faction vault is at $21,357,513.
[2018/2/1 - 9:00:47] SA Gov Paid $100,000 to SHAFT budget fund.
[2018/2/1 - 9:00:47] Vehicle ID 367 (Slot ID 243) Maintainence fee cost $0 to SHAFT's budget fund.
[2018/2/1 - 9:00:47] Vehicle ID 459 (Slot ID 253) Maintainence fee cost $0 to SHAFT's budget fund.
[2018/2/1 - 9:00:47] Vehicle ID 382 (Slot ID 265) Maintainence fee cost $0 to SHAFT's budget fund.
[2018/2/1 - 9:00:47] Vehicle ID 399 (Slot ID 290) Maintainence fee cost $0 to SHAFT's budget fund.
[2018/2/1 - 9:00:47] Vehicle ID 455 (Slot ID 354) Maintainence fee cost $0 to SHAFT's budget fund.
[2018/2/1 - 9:00:47] Vehicle ID 456 (Slot ID 355) Maintainence fee cost $0 to SHAFT's budget fund.
[2018/2/1 - 9:00:47] Vehicle ID 460 (Slot ID 362) Maintainence fee cost $0 to SHAFT's budget fund.
[2018/2/1 - 9:00:47] Vehicle ID 407 (Slot ID 365) Maintainence fee cost $0 to SHAFT's budget fund.
[2018/2/1 - 9:00:47] Vehicle ID 463 (Slot ID 366) Maintainence fee cost $0 to SHAFT's budget fund.
[2018/2/1 - 9:00:47] Vehicle ID 465 (Slot ID 368) Maintainence fee cost $0 to SHAFT's budget fund.
[2018/2/1 - 9:00:47] Vehicle ID 464 (Slot ID 370) Maintainence fee cost $0 to SHAFT's budget fund.
[2018/2/1 - 9:00:47] Vehicle ID 466 (Slot ID 372) Maintainence fee cost $0 to SHAFT's budget fund.
[2018/2/1 - 9:00:47] Vehicle ID 469 (Slot ID 373) Maintainence fee cost $0 to SHAFT's budget fund.
[2018/2/1 - 9:00:47] Vehicle ID 470 (Slot ID 376) Maintainence fee cost $0 to SHAFT's budget fund.
[2018/2/1 - 9:00:47] Vehicle ID 471 (Slot ID 378) Maintainence fee cost $0 to SHAFT's budget fund.
[2018/2/1 - 9:00:47] Vehicle ID 473 (Slot ID 381) Maintainence fee cost $0 to SHAFT's budget fund.
[2018/2/1 - 9:00:47] Vehicle ID 425 (Slot ID 382) Maintainence fee cost $0 to SHAFT's budget fund.
[2018/2/1 - 9:00:47] Vehicle ID 474 (Slot ID 387) Maintainence fee cost $0 to SHAFT's budget fund.
[2018/2/1 - 9:00:47] Vehicle ID 475 (Slot ID 389) Maintainence fee cost $0 to SHAFT's budget fund.
[2018/2/1 - 9:00:47] Vehicle ID 478 (Slot ID 393) Maintainence fee cost $0 to SHAFT's budget fund.
[2018/2/1 - 9:00:47] Vehicle ID 480 (Slot ID 394) Maintainence fee cost $0 to SHAFT's budget fund.
[2018/2/1 - 9:00:47] Vehicle ID 482 (Slot ID 399) Maintainence fee cost $0 to SHAFT's budget fund.
[2018/2/1 - 9:00:47] Vehicle ID 487 (Slot ID 400) Maintainence fee cost $0 to SHAFT's budget fund.
[2018/2/1 - 9:00:47] Vehicle ID 489 (Slot ID 403) Maintainence fee cost $0 to SHAFT's budget fund.
[2018/2/1 - 9:00:47] Vehicle ID 490 (Slot ID 405) Maintainence fee cost $0 to SHAFT's budget fund.
[2018/2/1 - 9:00:47] Vehicle ID 515 (Slot ID 408) Maintainence fee cost $0 to SHAFT's budget fund.
[2018/2/1 - 9:00:47] Vehicle ID 450 (Slot ID 409) Maintainence fee cost $0 to SHAFT's budget fund.
[2018/2/1 - 9:00:47] Vehicle ID 493 (Slot ID 410) Maintainence fee cost $0 to SHAFT's budget fund.
[2018/2/1 - 9:00:47] Vehicle ID 385 (Slot ID 414) Maintainence fee cost $0 to SHAFT's budget fund.
[2018/2/1 - 9:00:47] Vehicle ID 497 (Slot ID 416) Maintainence fee cost $0 to SHAFT's budget fund.
[2018/2/1 - 9:00:47] Vehicle ID 498 (Slot ID 417) Maintainence fee cost $0 to SHAFT's budget fund.
[2018/2/1 - 9:00:47] Vehicle ID 500 (Slot ID 420) Maintainence fee cost $0 to SHAFT's budget fund.
[2018/2/1 - 9:00:47] Vehicle ID 441 (Slot ID 421) Maintainence fee cost $0 to SHAFT's budget fund.
[2018/2/1 - 9:00:47] Vehicle ID 483 (Slot ID 423) Maintainence fee cost $0 to SHAFT's budget fund.
[2018/2/1 - 9:00:47] Vehicle ID 504 (Slot ID 425) Maintainence fee cost $0 to SHAFT's budget fund.
[2018/2/1 - 9:00:47] Vehicle ID 503 (Slot ID 426) Maintainence fee cost $0 to SHAFT's budget fund.
[2018/2/1 - 9:00:47] Vehicle ID 506 (Slot ID 429) Maintainence fee cost $0 to SHAFT's budget fund.
[2018/2/1 - 9:00:47] Vehicle ID 527 (Slot ID 434) Maintainence fee cost $0 to SHAFT's budget fund.
[2018/2/1 - 9:00:47] Vehicle ID 528 (Slot ID 437) Maintainence fee cost $0 to SHAFT's budget fund.
[2018/2/1 - 9:00:47] Vehicle ID 505 (Slot ID 441) Maintainence fee cost $0 to SHAFT's budget fund.
[2018/2/1 - 9:00:47] Vehicle ID 433 (Slot ID 442) Maintainence fee cost $0 to SHAFT's budget fund.
[2018/2/1 - 9:00:47] Vehicle ID 510 (Slot ID 450) Maintainence fee cost $0 to SHAFT's budget fund.
[2018/2/1 - 9:00:47] Vehicle ID 496 (Slot ID 453) Maintainence fee cost $0 to SHAFT's budget fund.
[2018/2/1 - 9:00:47] Vehicle ID 529 (Slot ID 461) Maintainence fee cost $0 to SHAFT's budget fund.
[2018/2/1 - 9:00:47] Vehicle ID 530 (Slot ID 463) Maintainence fee cost $0 to SHAFT's budget fund.
[2018/2/1 - 9:00:47] Vehicle ID 531 (Slot ID 466) Maintainence fee cost $0 to SHAFT's budget fund.
[2018/2/1 - 9:00:47] Vehicle ID 532 (Slot ID 467) Maintainence fee cost $0 to SHAFT's budget fund.
[2018/2/1 - 9:00:47] Vehicle ID 258 (Slot ID 476) Maintainence fee cost $0 to SHAFT's budget fund.
[2018/2/1 - 9:00:47] Vehicle ID 534 (Slot ID 484) Maintainence fee cost $0 to SHAFT's budget fund.
[2018/2/1 - 9:03:34] Martin Powers took a vest out of the SHAFT locker at a cost of 1 HG Material.
[2018/2/1 - 9:05:59] Clank Hamm has been paid $50,000 from SHAFT's budget.
[2018/2/1 - 9:12:17] Martin Powers took a vest out of the SHAFT locker at a cost of 1 HG Material.
[2018/2/1 - 9:14:48] Martin Powers has been paid $10,000 from SHAFT's budget.
[2018/2/1 - 9:16:37] Winston De Rulo took a vest out of the SHAFT locker at a cost of 1 HG Material.
[2018/2/1 - 9:37:55] Vehicle Slot ID 243 RTB fee cost $0 to SHAFT's budget fund.
[2018/2/1 - 9:37:55] Vehicle Slot ID 253 RTB fee cost $0 to SHAFT's budget fund.
[2018/2/1 - 9:37:55] Vehicle Slot ID 265 RTB fee cost $0 to SHAFT's budget fund.
[2018/2/1 - 9:37:55] Vehicle Slot ID 290 RTB fee cost $0 to SHAFT's budget fund.
[2018/2/1 - 9:37:55] Vehicle Slot ID 354 RTB fee cost $0 to SHAFT's budget fund.
[2018/2/1 - 9:37:55] Vehicle Slot ID 355 RTB fee cost $0 to SHAFT's budget fund.
[2018/2/1 - 9:37:55] Vehicle Slot ID 362 RTB fee cost $0 to SHAFT's budget fund.
[2018/2/1 - 9:37:55] Vehicle Slot ID 365 RTB fee cost $0 to SHAFT's budget fund.
[2018/2/1 - 9:37:55] Vehicle Slot ID 366 RTB fee cost $0 to SHAFT's budget fund.
[2018/2/1 - 9:37:55] Vehicle Slot ID 368 RTB fee cost $0 to SHAFT's budget fund.
[2018/2/1 - 9:37:55] Vehicle Slot ID 370 RTB fee cost $0 to SHAFT's budget fund.
[2018/2/1 - 9:37:55] Vehicle Slot ID 372 RTB fee cost $0 to SHAFT's budget fund.
[2018/2/1 - 9:37:55] Vehicle Slot ID 373 RTB fee cost $0 to SHAFT's budget fund.
[2018/2/1 - 9:37:55] Vehicle Slot ID 376 RTB fee cost $0 to SHAFT's budget fund.
[2018/2/1 - 9:37:55] Vehicle Slot ID 378 RTB fee cost $0 to SHAFT's budget fund.
[2018/2/1 - 9:37:55] Vehicle Slot ID 381 RTB fee cost $0 to SHAFT's budget fund.
[2018/2/1 - 9:37:55] Vehicle Slot ID 382 RTB fee cost $0 to SHAFT's budget fund.
[2018/2/1 - 9:37:55] Vehicle Slot ID 387 RTB fee cost $0 to SHAFT's budget fund.
[2018/2/1 - 9:37:55] Vehicle Slot ID 389 RTB fee cost $0 to SHAFT's budget fund.
[2018/2/1 - 9:37:55] Vehicle Slot ID 393 RTB fee cost $0 to SHAFT's budget fund.
[2018/2/1 - 9:37:55] Vehicle Slot ID 394 RTB fee cost $0 to SHAFT's budget fund.
[2018/2/1 - 9:37:55] Vehicle Slot ID 399 RTB fee cost $0 to SHAFT's budget fund.
[2018/2/1 - 9:37:55] Vehicle Slot ID 400 RTB fee cost $0 to SHAFT's budget fund.
[2018/2/1 - 9:37:55] Vehicle Slot ID 403 RTB fee cost $0 to SHAFT's budget fund.
[2018/2/1 - 9:37:55] Vehicle Slot ID 405 RTB fee cost $0 to SHAFT's budget fund.
[2018/2/1 - 9:37:55] Vehicle Slot ID 408 RTB fee cost $0 to SHAFT's budget fund.
[2018/2/1 - 9:37:55] Vehicle Slot ID 409 RTB fee cost $0 to SHAFT's budget fund.
[2018/2/1 - 9:37:55] Vehicle Slot ID 410 RTB fee cost $0 to SHAFT's budget fund.
[2018/2/1 - 9:37:55] Vehicle Slot ID 414 RTB fee cost $0 to SHAFT's budget fund.
[2018/2/1 - 9:37:55] Vehicle Slot ID 416 RTB fee cost $0 to SHAFT's budget fund.
[2018/2/1 - 9:37:55] Vehicle Slot ID 417 RTB fee cost $0 to SHAFT's budget fund.
[2018/2/1 - 9:37:55] Vehicle Slot ID 420 RTB fee cost $0 to SHAFT's budget fund.
[2018/2/1 - 9:37:55] Vehicle Slot ID 421 RTB fee cost $0 to SHAFT's budget fund.
[2018/2/1 - 9:37:55] Vehicle Slot ID 423 RTB fee cost $0 to SHAFT's budget fund.
[2018/2/1 - 9:37:55] Vehicle Slot ID 425 RTB fee cost $0 to SHAFT's budget fund.
[2018/2/1 - 9:37:55] Vehicle Slot ID 426 RTB fee cost $0 to SHAFT's budget fund.
[2018/2/1 - 9:37:55] Vehicle Slot ID 429 RTB fee cost $0 to SHAFT's budget fund.
[2018/2/1 - 9:37:55] Vehicle Slot ID 434 RTB fee cost $0 to SHAFT's budget fund.
[2018/2/1 - 9:37:55] Vehicle Slot ID 437 RTB fee cost $0 to SHAFT's budget fund.
[2018/2/1 - 9:37:55] Vehicle Slot ID 441 RTB fee cost $0 to SHAFT's budget fund.
[2018/2/1 - 9:37:55] Vehicle Slot ID 442 RTB fee cost $0 to SHAFT's budget fund.
[2018/2/1 - 9:37:55] Vehicle Slot ID 450 RTB fee cost $0 to SHAFT's budget fund.
[2018/2/1 - 9:37:55] Vehicle Slot ID 453 RTB fee cost $0 to SHAFT's budget fund.
[2018/2/1 - 9:37:55] Vehicle Slot ID 461 RTB fee cost $0 to SHAFT's budget fund.
[2018/2/1 - 9:37:55] Vehicle Slot ID 463 RTB fee cost $0 to SHAFT's budget fund.
[2018/2/1 - 9:37:55] Vehicle Slot ID 466 RTB fee cost $0 to SHAFT's budget fund.
[2018/2/1 - 9:37:55] Vehicle Slot ID 467 RTB fee cost $0 to SHAFT's budget fund.
[2018/2/1 - 9:37:55] Vehicle Slot ID 476 RTB fee cost $0 to SHAFT's budget fund.
[2018/2/1 - 9:37:55] Vehicle Slot ID 484 RTB fee cost $0 to SHAFT's budget fund.
[2018/2/1 - 9:38:16] Winston De Rulo has been paid $50,000 from SHAFT's budget.
[2018/2/1 - 9:39:27] Sega Saito has been paid $10,000 from SHAFT's budget.
[2018/2/1 - 9:42:48] Clank Hamm took a vest out of the SHAFT locker at a cost of 1 HG Material.
[2018/2/1 - 10:00:50] The faction vault is at $21,350,513.
[2018/2/1 - 10:00:50] SA Gov Paid $100,000 to SHAFT budget fund.
[2018/2/1 - 10:00:50] Vehicle ID 367 (Slot ID 243) Maintainence fee cost $0 to SHAFT's budget fund.
[2018/2/1 - 10:00:50] Vehicle ID 459 (Slot ID 253) Maintainence fee cost $0 to SHAFT's budget fund.
[2018/2/1 - 10:00:50] Vehicle ID 382 (Slot ID 265) Maintainence fee cost $0 to SHAFT's budget fund.
[2018/2/1 - 10:00:50] Vehicle ID 399 (Slot ID 290) Maintainence fee cost $0 to SHAFT's budget fund.
[2018/2/1 - 10:00:50] Vehicle ID 455 (Slot ID 354) Maintainence fee cost $0 to SHAFT's budget fund.
[2018/2/1 - 10:00:50] Vehicle ID 456 (Slot ID 355) Maintainence fee cost $0 to SHAFT's budget fund.
[2018/2/1 - 10:00:50] Vehicle ID 460 (Slot ID 362) Maintainence fee cost $0 to SHAFT's budget fund.
[2018/2/1 - 10:00:50] Vehicle ID 407 (Slot ID 365) Maintainence fee cost $0 to SHAFT's budget fund.
[2018/2/1 - 10:00:50] Vehicle ID 463 (Slot ID 366) Maintainence fee cost $0 to SHAFT's budget fund.
[2018/2/1 - 10:00:50] Vehicle ID 465 (Slot ID 368) Maintainence fee cost $0 to SHAFT's budget fund.
[2018/2/1 - 10:00:50] Vehicle ID 464 (Slot ID 370) Maintainence fee cost $0 to SHAFT's budget fund.
[2018/2/1 - 10:00:50] Vehicle ID 466 (Slot ID 372) Maintainence fee cost $0 to SHAFT's budget fund.
[2018/2/1 - 10:00:50] Vehicle ID 469 (Slot ID 373) Maintainence fee cost $0 to SHAFT's budget fund.
[2018/2/1 - 10:00:50] Vehicle ID 470 (Slot ID 376) Maintainence fee cost $0 to SHAFT's budget fund.
[2018/2/1 - 10:00:50] Vehicle ID 471 (Slot ID 378) Maintainence fee cost $0 to SHAFT's budget fund.
[2018/2/1 - 10:00:50] Vehicle ID 473 (Slot ID 381) Maintainence fee cost $0 to SHAFT's budget fund.
[2018/2/1 - 10:00:50] Vehicle ID 425 (Slot ID 382) Maintainence fee cost $0 to SHAFT's budget fund.
[2018/2/1 - 10:00:50] Vehicle ID 474 (Slot ID 387) Maintainence fee cost $0 to SHAFT's budget fund.
[2018/2/1 - 10:00:50] Vehicle ID 475 (Slot ID 389) Maintainence fee cost $0 to SHAFT's budget fund.
[2018/2/1 - 10:00:50] Vehicle ID 478 (Slot ID 393) Maintainence fee cost $0 to SHAFT's budget fund.
[2018/2/1 - 10:00:50] Vehicle ID 480 (Slot ID 394) Maintainence fee cost $0 to SHAFT's budget fund.
[2018/2/1 - 10:00:50] Vehicle ID 482 (Slot ID 399) Maintainence fee cost $0 to SHAFT's budget fund.
[2018/2/1 - 10:00:50] Vehicle ID 487 (Slot ID 400) Maintainence fee cost $0 to SHAFT's budget fund.
[2018/2/1 - 10:00:50] Vehicle ID 489 (Slot ID 403) Maintainence fee cost $0 to SHAFT's budget fund.
[2018/2/1 - 10:00:50] Vehicle ID 490 (Slot ID 405) Maintainence fee cost $0 to SHAFT's budget fund.
[2018/2/1 - 10:00:50] Vehicle ID 515 (Slot ID 408) Maintainence fee cost $0 to SHAFT's budget fund.
[2018/2/1 - 10:00:50] Vehicle ID 450 (Slot ID 409) Maintainence fee cost $0 to SHAFT's budget fund.
[2018/2/1 - 10:00:50] Vehicle ID 493 (Slot ID 410) Maintainence fee cost $0 to SHAFT's budget fund.
[2018/2/1 - 10:00:50] Vehicle ID 385 (Slot ID 414) Maintainence fee cost $0 to SHAFT's budget fund.
[2018/2/1 - 10:00:50] Vehicle ID 497 (Slot ID 416) Maintainence fee cost $0 to SHAFT's budget fund.
[2018/2/1 - 10:00:50] Vehicle ID 498 (Slot ID 417) Maintainence fee cost $0 to SHAFT's budget fund.
[2018/2/1 - 10:00:50] Vehicle ID 500 (Slot ID 420) Maintainence fee cost $0 to SHAFT's budget fund.
[2018/2/1 - 10:00:50] Vehicle ID 441 (Slot ID 421) Maintainence fee cost $0 to SHAFT's budget fund.
[2018/2/1 - 10:00:50] Vehicle ID 483 (Slot ID 423) Maintainence fee cost $0 to SHAFT's budget fund.
[2018/2/1 - 10:00:50] Vehicle ID 504 (Slot ID 425) Maintainence fee cost $0 to SHAFT's budget fund.
[2018/2/1 - 10:00:50] Vehicle ID 503 (Slot ID 426) Maintainence fee cost $0 to SHAFT's budget fund.
[2018/2/1 - 10:00:50] Vehicle ID 506 (Slot ID 429) Maintainence fee cost $0 to SHAFT's budget fund.
[2018/2/1 - 10:00:50] Vehicle ID 527 (Slot ID 434) Maintainence fee cost $0 to SHAFT's budget fund.
[2018/2/1 - 10:00:50] Vehicle ID 528 (Slot ID 437) Maintainence fee cost $0 to SHAFT's budget fund.
[2018/2/1 - 10:00:50] Vehicle ID 505 (Slot ID 441) Maintainence fee cost $0 to SHAFT's budget fund.
[2018/2/1 - 10:00:50] Vehicle ID 433 (Slot ID 442) Maintainence fee cost $0 to SHAFT's budget fund.
[2018/2/1 - 10:00:50] Vehicle ID 510 (Slot ID 450) Maintainence fee cost $0 to SHAFT's budget fund.
[2018/2/1 - 10:00:50] Vehicle ID 496 (Slot ID 453) Maintainence fee cost $0 to SHAFT's budget fund.
[2018/2/1 - 10:00:50] Vehicle ID 529 (Slot ID 461) Maintainence fee cost $0 to SHAFT's budget fund.
[2018/2/1 - 10:00:50] Vehicle ID 530 (Slot ID 463) Maintainence fee cost $0 to SHAFT's budget fund.
[2018/2/1 - 10:00:50] Vehicle ID 531 (Slot ID 466) Maintainence fee cost $0 to SHAFT's budget fund.
[2018/2/1 - 10:00:50] Vehicle ID 532 (Slot ID 467) Maintainence fee cost $0 to SHAFT's budget fund.
[2018/2/1 - 10:00:50] Vehicle ID 258 (Slot ID 476) Maintainence fee cost $0 to SHAFT's budget fund.
[2018/2/1 - 10:00:50] Vehicle ID 534 (Slot ID 484) Maintainence fee cost $0 to SHAFT's budget fund.
[2018/2/1 - 10:03:18] Martin Powers took a vest out of the SHAFT locker at a cost of 1 HG Material.
[2018/2/1 - 10:03:20] Martin Powers took a med kit & vest out of the SHAFT locker at a cost of 1 HG Material.
[2018/2/1 - 10:03:24] Clank Hamm took a vest out of the SHAFT locker at a cost of 1 HG Material.
[2018/2/1 - 10:03:33] Vehicle Slot ID 243 RTB fee cost $0 to SHAFT's budget fund.
[2018/2/1 - 10:03:33] Vehicle Slot ID 253 RTB fee cost $0 to SHAFT's budget fund.
[2018/2/1 - 10:03:33] Vehicle Slot ID 265 RTB fee cost $0 to SHAFT's budget fund.
[2018/2/1 - 10:03:33] Vehicle Slot ID 290 RTB fee cost $0 to SHAFT's budget fund.
[2018/2/1 - 10:03:33] Vehicle Slot ID 354 RTB fee cost $0 to SHAFT's budget fund.
[2018/2/1 - 10:03:33] Vehicle Slot ID 355 RTB fee cost $0 to SHAFT's budget fund.
[2018/2/1 - 10:03:33] Vehicle Slot ID 362 RTB fee cost $0 to SHAFT's budget fund.
[2018/2/1 - 10:03:33] Vehicle Slot ID 365 RTB fee cost $0 to SHAFT's budget fund.
[2018/2/1 - 10:03:33] Vehicle Slot ID 366 RTB fee cost $0 to SHAFT's budget fund.
[2018/2/1 - 10:03:33] Vehicle Slot ID 368 RTB fee cost $0 to SHAFT's budget fund.
[2018/2/1 - 10:03:33] Vehicle Slot ID 370 RTB fee cost $0 to SHAFT's budget fund.
[2018/2/1 - 10:03:33] Vehicle Slot ID 372 RTB fee cost $0 to SHAFT's budget fund.
[2018/2/1 - 10:03:33] Vehicle Slot ID 373 RTB fee cost $0 to SHAFT's budget fund.
[2018/2/1 - 10:03:33] Vehicle Slot ID 376 RTB fee cost $0 to SHAFT's budget fund.
[2018/2/1 - 10:03:33] Vehicle Slot ID 378 RTB fee cost $0 to SHAFT's budget fund.
[2018/2/1 - 10:03:33] Vehicle Slot ID 381 RTB fee cost $0 to SHAFT's budget fund.
[2018/2/1 - 10:03:33] Vehicle Slot ID 382 RTB fee cost $0 to SHAFT's budget fund.
[2018/2/1 - 10:03:33] Vehicle Slot ID 387 RTB fee cost $0 to SHAFT's budget fund.
[2018/2/1 - 10:03:33] Vehicle Slot ID 389 RTB fee cost $0 to SHAFT's budget fund.
[2018/2/1 - 10:03:33] Vehicle Slot ID 393 RTB fee cost $0 to SHAFT's budget fund.
[2018/2/1 - 10:03:33] Vehicle Slot ID 394 RTB fee cost $0 to SHAFT's budget fund.
[2018/2/1 - 10:03:33] Vehicle Slot ID 399 RTB fee cost $0 to SHAFT's budget fund.
[2018/2/1 - 10:03:33] Vehicle Slot ID 400 RTB fee cost $0 to SHAFT's budget fund.
[2018/2/1 - 10:03:33] Vehicle Slot ID 403 RTB fee cost $0 to SHAFT's budget fund.
[2018/2/1 - 10:03:33] Vehicle Slot ID 405 RTB fee cost $0 to SHAFT's budget fund.
[2018/2/1 - 10:03:33] Vehicle Slot ID 408 RTB fee cost $0 to SHAFT's budget fund.
[2018/2/1 - 10:03:33] Vehicle Slot ID 409 RTB fee cost $0 to SHAFT's budget fund.
[2018/2/1 - 10:03:33] Vehicle Slot ID 410 RTB fee cost $0 to SHAFT's budget fund.
[2018/2/1 - 10:03:33] Vehicle Slot ID 414 RTB fee cost $0 to SHAFT's budget fund.
[2018/2/1 - 10:03:33] Vehicle Slot ID 416 RTB fee cost $0 to SHAFT's budget fund.
[2018/2/1 - 10:03:33] Vehicle Slot ID 417 RTB fee cost $0 to SHAFT's budget fund.
[2018/2/1 - 10:03:33] Vehicle Slot ID 420 RTB fee cost $0 to SHAFT's budget fund.
[2018/2/1 - 10:03:33] Vehicle Slot ID 421 RTB fee cost $0 to SHAFT's budget fund.
[2018/2/1 - 10:03:33] Vehicle Slot ID 423 RTB fee cost $0 to SHAFT's budget fund.
[2018/2/1 - 10:03:33] Vehicle Slot ID 425 RTB fee cost $0 to SHAFT's budget fund.
[2018/2/1 - 10:03:33] Vehicle Slot ID 426 RTB fee cost $0 to SHAFT's budget fund.
[2018/2/1 - 10:03:33] Vehicle Slot ID 429 RTB fee cost $0 to SHAFT's budget fund.
[2018/2/1 - 10:03:33] Vehicle Slot ID 434 RTB fee cost $0 to SHAFT's budget fund.
[2018/2/1 - 10:03:33] Vehicle Slot ID 437 RTB fee cost $0 to SHAFT's budget fund.
[2018/2/1 - 10:03:33] Vehicle Slot ID 441 RTB fee cost $0 to SHAFT's budget fund.
[2018/2/1 - 10:03:33] Vehicle Slot ID 442 RTB fee cost $0 to SHAFT's budget fund.
[2018/2/1 - 10:03:33] Vehicle Slot ID 450 RTB fee cost $0 to SHAFT's budget fund.
[2018/2/1 - 10:03:33] Vehicle Slot ID 453 RTB fee cost $0 to SHAFT's budget fund.
[2018/2/1 - 10:03:33] Vehicle Slot ID 461 RTB fee cost $0 to SHAFT's budget fund.
[2018/2/1 - 10:03:33] Vehicle Slot ID 463 RTB fee cost $0 to SHAFT's budget fund.
[2018/2/1 - 10:03:33] Vehicle Slot ID 466 RTB fee cost $0 to SHAFT's budget fund.
[2018/2/1 - 10:03:33] Vehicle Slot ID 467 RTB fee cost $0 to SHAFT's budget fund.
[2018/2/1 - 10:03:33] Vehicle Slot ID 476 RTB fee cost $0 to SHAFT's budget fund.
[2018/2/1 - 10:03:33] Vehicle Slot ID 484 RTB fee cost $0 to SHAFT's budget fund.
[2018/2/1 - 10:09:45] Clank Hamm has been paid $50,000 from SHAFT's budget.
[2018/2/1 - 10:43:00] Sega Saito has been paid $10,000 from SHAFT's budget.
[2018/2/1 - 11:00:54] The faction vault is at $21,397,913.
[2018/2/1 - 11:00:54] SA Gov Paid $100,000 to SHAFT budget fund.
[2018/2/1 - 11:00:54] Vehicle ID 367 (Slot ID 243) Maintainence fee cost $0 to SHAFT's budget fund.
[2018/2/1 - 11:00:54] Vehicle ID 459 (Slot ID 253) Maintainence fee cost $0 to SHAFT's budget fund.
[2018/2/1 - 11:00:54] Vehicle ID 382 (Slot ID 265) Maintainence fee cost $0 to SHAFT's budget fund.
[2018/2/1 - 11:00:54] Vehicle ID 399 (Slot ID 290) Maintainence fee cost $0 to SHAFT's budget fund.
[2018/2/1 - 11:00:54] Vehicle ID 455 (Slot ID 354) Maintainence fee cost $0 to SHAFT's budget fund.
[2018/2/1 - 11:00:54] Vehicle ID 456 (Slot ID 355) Maintainence fee cost $0 to SHAFT's budget fund.
[2018/2/1 - 11:00:54] Vehicle ID 460 (Slot ID 362) Maintainence fee cost $0 to SHAFT's budget fund.
[2018/2/1 - 11:00:54] Vehicle ID 407 (Slot ID 365) Maintainence fee cost $0 to SHAFT's budget fund.
[2018/2/1 - 11:00:54] Vehicle ID 463 (Slot ID 366) Maintainence fee cost $0 to SHAFT's budget fund.
[2018/2/1 - 11:00:54] Vehicle ID 465 (Slot ID 368) Maintainence fee cost $0 to SHAFT's budget fund.
[2018/2/1 - 11:00:54] Vehicle ID 464 (Slot ID 370) Maintainence fee cost $0 to SHAFT's budget fund.
[2018/2/1 - 11:00:54] Vehicle ID 466 (Slot ID 372) Maintainence fee cost $0 to SHAFT's budget fund.
[2018/2/1 - 11:00:54] Vehicle ID 469 (Slot ID 373) Maintainence fee cost $0 to SHAFT's budget fund.
[2018/2/1 - 11:00:54] Vehicle ID 470 (Slot ID 376) Maintainence fee cost $0 to SHAFT's budget fund.
[2018/2/1 - 11:00:54] Vehicle ID 471 (Slot ID 378) Maintainence fee cost $0 to SHAFT's budget fund.
[2018/2/1 - 11:00:54] Vehicle ID 473 (Slot ID 381) Maintainence fee cost $0 to SHAFT's budget fund.
[2018/2/1 - 11:00:54] Vehicle ID 425 (Slot ID 382) Maintainence fee cost $0 to SHAFT's budget fund.
[2018/2/1 - 11:00:54] Vehicle ID 474 (Slot ID 387) Maintainence fee cost $0 to SHAFT's budget fund.
[2018/2/1 - 11:00:54] Vehicle ID 475 (Slot ID 389) Maintainence fee cost $0 to SHAFT's budget fund.
[2018/2/1 - 11:00:54] Vehicle ID 478 (Slot ID 393) Maintainence fee cost $0 to SHAFT's budget fund.
[2018/2/1 - 11:00:54] Vehicle ID 480 (Slot ID 394) Maintainence fee cost $0 to SHAFT's budget fund.
[2018/2/1 - 11:00:54] Vehicle ID 482 (Slot ID 399) Maintainence fee cost $0 to SHAFT's budget fund.
[2018/2/1 - 11:00:54] Vehicle ID 487 (Slot ID 400) Maintainence fee cost $0 to SHAFT's budget fund.
[2018/2/1 - 11:00:54] Vehicle ID 489 (Slot ID 403) Maintainence fee cost $0 to SHAFT's budget fund.
[2018/2/1 - 11:00:54] Vehicle ID 490 (Slot ID 405) Maintainence fee cost $0 to SHAFT's budget fund.
[2018/2/1 - 11:00:54] Vehicle ID 515 (Slot ID 408) Maintainence fee cost $0 to SHAFT's budget fund.
[2018/2/1 - 11:00:54] Vehicle ID 450 (Slot ID 409) Maintainence fee cost $0 to SHAFT's budget fund.
[2018/2/1 - 11:00:54] Vehicle ID 493 (Slot ID 410) Maintainence fee cost $0 to SHAFT's budget fund.
[2018/2/1 - 11:00:54] Vehicle ID 385 (Slot ID 414) Maintainence fee cost $0 to SHAFT's budget fund.
[2018/2/1 - 11:00:54] Vehicle ID 497 (Slot ID 416) Maintainence fee cost $0 to SHAFT's budget fund.
[2018/2/1 - 11:00:54] Vehicle ID 498 (Slot ID 417) Maintainence fee cost $0 to SHAFT's budget fund.
[2018/2/1 - 11:00:54] Vehicle ID 500 (Slot ID 420) Maintainence fee cost $0 to SHAFT's budget fund.
[2018/2/1 - 11:00:54] Vehicle ID 441 (Slot ID 421) Maintainence fee cost $0 to SHAFT's budget fund.
[2018/2/1 - 11:00:54] Vehicle ID 483 (Slot ID 423) Maintainence fee cost $0 to SHAFT's budget fund.
[2018/2/1 - 11:00:54] Vehicle ID 504 (Slot ID 425) Maintainence fee cost $0 to SHAFT's budget fund.
[2018/2/1 - 11:00:54] Vehicle ID 503 (Slot ID 426) Maintainence fee cost $0 to SHAFT's budget fund.
[2018/2/1 - 11:00:54] Vehicle ID 506 (Slot ID 429) Maintainence fee cost $0 to SHAFT's budget fund.
[2018/2/1 - 11:00:54] Vehicle ID 527 (Slot ID 434) Maintainence fee cost $0 to SHAFT's budget fund.
[2018/2/1 - 11:00:54] Vehicle ID 528 (Slot ID 437) Maintainence fee cost $0 to SHAFT's budget fund.
[2018/2/1 - 11:00:54] Vehicle ID 505 (Slot ID 441) Maintainence fee cost $0 to SHAFT's budget fund.
[2018/2/1 - 11:00:54] Vehicle ID 433 (Slot ID 442) Maintainence fee cost $0 to SHAFT's budget fund.
[2018/2/1 - 11:00:54] Vehicle ID 510 (Slot ID 450) Maintainence fee cost $0 to SHAFT's budget fund.
[2018/2/1 - 11:00:54] Vehicle ID 496 (Slot ID 453) Maintainence fee cost $0 to SHAFT's budget fund.
[2018/2/1 - 11:00:54] Vehicle ID 529 (Slot ID 461) Maintainence fee cost $0 to SHAFT's budget fund.
[2018/2/1 - 11:00:54] Vehicle ID 530 (Slot ID 463) Maintainence fee cost $0 to SHAFT's budget fund.
[2018/2/1 - 11:00:54] Vehicle ID 531 (Slot ID 466) Maintainence fee cost $0 to SHAFT's budget fund.
[2018/2/1 - 11:00:54] Vehicle ID 532 (Slot ID 467) Maintainence fee cost $0 to SHAFT's budget fund.
[2018/2/1 - 11:00:54] Vehicle ID 258 (Slot ID 476) Maintainence fee cost $0 to SHAFT's budget fund.
[2018/2/1 - 11:00:54] Vehicle ID 534 (Slot ID 484) Maintainence fee cost $0 to SHAFT's budget fund.
[2018/2/1 - 11:50:41] Sega Saito has been paid $10,000 from SHAFT's budget.
[2018/2/1 - 11:57:24] Sega Saito took a vest out of the SHAFT locker at a cost of 1 HG Material.
[2018/2/1 - 12:01:02] The faction vault is at $21,492,713.
[2018/2/1 - 12:01:02] SA Gov Paid $100,000 to SHAFT budget fund.
[2018/2/1 - 12:01:02] Vehicle ID 367 (Slot ID 243) Maintainence fee cost $0 to SHAFT's budget fund.
[2018/2/1 - 12:01:02] Vehicle ID 459 (Slot ID 253) Maintainence fee cost $0 to SHAFT's budget fund.
[2018/2/1 - 12:01:02] Vehicle ID 382 (Slot ID 265) Maintainence fee cost $0 to SHAFT's budget fund.
[2018/2/1 - 12:01:02] Vehicle ID 399 (Slot ID 290) Maintainence fee cost $0 to SHAFT's budget fund.
[2018/2/1 - 12:01:02] Vehicle ID 455 (Slot ID 354) Maintainence fee cost $0 to SHAFT's budget fund.
[2018/2/1 - 12:01:02] Vehicle ID 456 (Slot ID 355) Maintainence fee cost $0 to SHAFT's budget fund.
[2018/2/1 - 12:01:02] Vehicle ID 460 (Slot ID 362) Maintainence fee cost $0 to SHAFT's budget fund.
[2018/2/1 - 12:01:02] Vehicle ID 407 (Slot ID 365) Maintainence fee cost $0 to SHAFT's budget fund.
[2018/2/1 - 12:01:02] Vehicle ID 463 (Slot ID 366) Maintainence fee cost $0 to SHAFT's budget fund.
[2018/2/1 - 12:01:02] Vehicle ID 465 (Slot ID 368) Maintainence fee cost $0 to SHAFT's budget fund.
[2018/2/1 - 12:01:02] Vehicle ID 464 (Slot ID 370) Maintainence fee cost $0 to SHAFT's budget fund.
[2018/2/1 - 12:01:02] Vehicle ID 466 (Slot ID 372) Maintainence fee cost $0 to SHAFT's budget fund.
[2018/2/1 - 12:01:02] Vehicle ID 469 (Slot ID 373) Maintainence fee cost $0 to SHAFT's budget fund.
[2018/2/1 - 12:01:02] Vehicle ID 470 (Slot ID 376) Maintainence fee cost $0 to SHAFT's budget fund.
[2018/2/1 - 12:01:02] Vehicle ID 471 (Slot ID 378) Maintainence fee cost $0 to SHAFT's budget fund.
[2018/2/1 - 12:01:02] Vehicle ID 473 (Slot ID 381) Maintainence fee cost $0 to SHAFT's budget fund.
[2018/2/1 - 12:01:02] Vehicle ID 425 (Slot ID 382) Maintainence fee cost $0 to SHAFT's budget fund.
[2018/2/1 - 12:01:02] Vehicle ID 474 (Slot ID 387) Maintainence fee cost $0 to SHAFT's budget fund.
[2018/2/1 - 12:01:02] Vehicle ID 475 (Slot ID 389) Maintainence fee cost $0 to SHAFT's budget fund.
[2018/2/1 - 12:01:02] Vehicle ID 478 (Slot ID 393) Maintainence fee cost $0 to SHAFT's budget fund.
[2018/2/1 - 12:01:02] Vehicle ID 480 (Slot ID 394) Maintainence fee cost $0 to SHAFT's budget fund.
[2018/2/1 - 12:01:02] Vehicle ID 482 (Slot ID 399) Maintainence fee cost $0 to SHAFT's budget fund.
[2018/2/1 - 12:01:02] Vehicle ID 487 (Slot ID 400) Maintainence fee cost $0 to SHAFT's budget fund.
[2018/2/1 - 12:01:02] Vehicle ID 489 (Slot ID 403) Maintainence fee cost $0 to SHAFT's budget fund.
[2018/2/1 - 12:01:02] Vehicle ID 490 (Slot ID 405) Maintainence fee cost $0 to SHAFT's budget fund.
[2018/2/1 - 12:01:02] Vehicle ID 515 (Slot ID 408) Maintainence fee cost $0 to SHAFT's budget fund.
[2018/2/1 - 12:01:02] Vehicle ID 450 (Slot ID 409) Maintainence fee cost $0 to SHAFT's budget fund.
[2018/2/1 - 12:01:02] Vehicle ID 493 (Slot ID 410) Maintainence fee cost $0 to SHAFT's budget fund.
[2018/2/1 - 12:01:02] Vehicle ID 385 (Slot ID 414) Maintainence fee cost $0 to SHAFT's budget fund.
[2018/2/1 - 12:01:02] Vehicle ID 497 (Slot ID 416) Maintainence fee cost $0 to SHAFT's budget fund.
[2018/2/1 - 12:01:02] Vehicle ID 498 (Slot ID 417) Maintainence fee cost $0 to SHAFT's budget fund.
[2018/2/1 - 12:01:02] Vehicle ID 500 (Slot ID 420) Maintainence fee cost $0 to SHAFT's budget fund.
[2018/2/1 - 12:01:02] Vehicle ID 441 (Slot ID 421) Maintainence fee cost $0 to SHAFT's budget fund.
[2018/2/1 - 12:01:02] Vehicle ID 483 (Slot ID 423) Maintainence fee cost $0 to SHAFT's budget fund.
[2018/2/1 - 12:01:02] Vehicle ID 504 (Slot ID 425) Maintainence fee cost $0 to SHAFT's budget fund.
[2018/2/1 - 12:01:02] Vehicle ID 503 (Slot ID 426) Maintainence fee cost $0 to SHAFT's budget fund.
[2018/2/1 - 12:01:02] Vehicle ID 506 (Slot ID 429) Maintainence fee cost $0 to SHAFT's budget fund.
[2018/2/1 - 12:01:02] Vehicle ID 527 (Slot ID 434) Maintainence fee cost $0 to SHAFT's budget fund.
[2018/2/1 - 12:01:02] Vehicle ID 528 (Slot ID 437) Maintainence fee cost $0 to SHAFT's budget fund.
[2018/2/1 - 12:01:02] Vehicle ID 505 (Slot ID 441) Maintainence fee cost $0 to SHAFT's budget fund.
[2018/2/1 - 12:01:02] Vehicle ID 433 (Slot ID 442) Maintainence fee cost $0 to SHAFT's budget fund.
[2018/2/1 - 12:01:02] Vehicle ID 510 (Slot ID 450) Maintainence fee cost $0 to SHAFT's budget fund.
[2018/2/1 - 12:01:02] Vehicle ID 496 (Slot ID 453) Maintainence fee cost $0 to SHAFT's budget fund.
[2018/2/1 - 12:01:02] Vehicle ID 529 (Slot ID 461) Maintainence fee cost $0 to SHAFT's budget fund.
[2018/2/1 - 12:01:02] Vehicle ID 530 (Slot ID 463) Maintainence fee cost $0 to SHAFT's budget fund.
[2018/2/1 - 12:01:02] Vehicle ID 531 (Slot ID 466) Maintainence fee cost $0 to SHAFT's budget fund.
[2018/2/1 - 12:01:02] Vehicle ID 532 (Slot ID 467) Maintainence fee cost $0 to SHAFT's budget fund.
[2018/2/1 - 12:01:02] Vehicle ID 258 (Slot ID 476) Maintainence fee cost $0 to SHAFT's budget fund.
[2018/2/1 - 12:01:02] Vehicle ID 534 (Slot ID 484) Maintainence fee cost $0 to SHAFT's budget fund.
[2018/2/1 - 12:21:08] Martin Powers has repaired vehicle 465 at a cost of $1 to SHAFT's budget fund.
[2018/2/1 - 12:22:11] Lily Pichu has repaired vehicle 498 at a cost of $0 to SHAFT's budget fund.
[2018/2/1 - 12:24:05] Martin Powers has been paid $10,000 from SHAFT's budget.
[2018/2/1 - 6:59:06] Vehicle Slot ID 243 RTB fee cost $0 to SHAFT's budget fund.
[2018/2/1 - 6:59:07] Vehicle Slot ID 265 RTB fee cost $0 to SHAFT's budget fund.
