[2017/2/6 - 2:44:38] Shane (22) has made Shane (22) the leader of the FBI.
[2017/2/6 - 2:44:50] Shane (22) has made Shane (22) the leader of the FBI.
[2017/2/6 - 3:51:59] Shane (22) has made Shane (22) the leader of the FBI.
[2017/2/6 - 6:27:32] Shane (22) has made Shane (22) the leader of the FBI.
[2017/2/6 - 6:44:30] Shane (22) has made Shane (22) the leader of the FBI.
[2017/2/6 - 7:45:28] Shane (22) has made Shane (22) the leader of the FBI.
[2017/2/6 - 10:44:56] Shane (22) has made Shane (22) the leader of the FBI.
[2017/2/6 - 11:09:55] Shane (22) has made Shane (22) the leader of the FBI.
[2017/2/6 - 11:16:52] Shane (22) has made Shane (22) the leader of the FBI.
[2017/2/6 - 11:20:35] Shane (22) has made Shane (22) the leader of the FBI.
[2017/2/6 - 11:37:32] Shane (22) has made Shane (22) the leader of the FBI.
[2017/2/6 - 11:49:27] Shane (22) has made Shane (22) the leader of the FBI.
[2017/2/6 - 12:09:25] Shane (22) has made Shane (22) the leader of the FBI.
[2017/2/6 - 12:13:17] Shane (22) has made Shane (22) the leader of the FBI.
[2017/2/6 - 14:06:19] Shane (22) has made Shane (22) the leader of the FBI.
[2017/2/6 - 14:45:16] Shane (22) has made Shane (22) the leader of the FBI.
[2017/2/6 - 14:52:27] Shane (22) has made Shane (22) the leader of the FBI.
[2017/2/6 - 15:27:50] Shane (22) has made Shane (22) the leader of the FBI.
[2017/2/6 - 15:52:13] Shane (22) has made Shane (22) the leader of the FBI.
[2017/2/6 - 16:24:07] Shane (22) has made Shane (22) the leader of the FBI.
[2017/2/6 - 16:24:48] Shane (22) has made Shane (22) the leader of the FBI.
[2017/2/6 - 17:50:49] Shane (22) has made Shane (22) the leader of the FBI.
[2017/2/6 - 17:57:47] Shane (22) has made Demo Account (23) the leader of the FBI.
[2017/2/6 - 17:59:53] Demo Account (23) has made Demo Account (23) the leader of the FBI.
[2017/2/6 - 18:40:57] Shane (22) has made Shane (22) the leader of the FBI.
[2017/2/6 - 18:42:42] Shane (22) has made Shane (22) the leader of the FBI.
[2017/2/6 - 18:43:33] Shane (22) has made Shane (22) the leader of the FBI.
[2017/2/6 - 18:44:17] Shane (22) has made Shane (22) the leader of the FBI.
[2017/2/6 - 18:45:09] Shane (22) has made Shane (22) the leader of the FBI.
[2017/2/6 - 18:46:27] Shane has withdrawn a Colt .45 from the weapon locker
[2017/2/6 - 18:46:30] Shane has deposited a Colt .45 into the locker.
[2017/2/6 - 18:46:31] Shane has deposited a MP5 into the locker.
