[2018/1/30 - 1:28:04] Jay Sneezy has withdrawn 100 grams of Crack from the safe.
[2018/1/30 - 1:51:03] Jay Sneezy has set AK-47 weapon restriction from rank 5+ to 4.
[2018/1/30 - 1:51:15] Jay Sneezy has set M4A1 weapon restriction from rank 5+ to 6.
[2018/1/30 - 1:51:39] Jay Sneezy has set Sniper Rifle weapon restriction from rank 5+ to 6.
[2018/1/30 - 2:02:07] Jay Sneezy has adjusted the withdraw rank for item 1 to 7.
[2018/1/30 - 2:02:11] Jay Sneezy has adjusted the withdraw rank for item 0 to 7.
[2018/1/30 - 2:16:04] Richie Volkoff has withdrawn a SPAS-12 from the weapon locker (Cost: 30)
[2018/1/30 - 2:16:07] Richie Volkoff has withdrawn a Desert Eagle from the weapon locker (Cost: 5)
[2018/1/30 - 2:27:48] Mikey Frank Jay has logged out.
[2018/1/30 - 2:32:26] Jay Sneezy has logged out.
[2018/1/30 - 2:36:58] Richie Volkoff has withdrawn a Rifle from the weapon locker (Cost: 5)
[2018/1/30 - 2:42:10] Baby Grove Mikey Frank Jay has lost connection.
[2018/1/30 - 2:44:53] Richie Volkoff has logged out.
[2018/1/30 - 2:49:27] Ryan F. Rizzo has logged out.
[2018/1/30 - 3:04:18] Grove Soulja Sherman Walters has lost connection.
[2018/1/30 - 3:08:10] Grove Soulja Sherman Walters has lost connection.
[2018/1/30 - 3:21:30] Sherman Walters has logged out.
[2018/1/30 - 4:06:40] Jay Sneezy has deposited a SPAS-12 into the locker.
[2018/1/30 - 4:06:48] Jay Sneezy has withdrawn a Micro Uzi from the weapon locker (Cost: 3)
[2018/1/30 - 4:06:51] Jay Sneezy has deposited a M4A1 into the locker.
[2018/1/30 - 4:07:55] Jay Sneezy has logged out.
[2018/1/30 - 4:10:20] Mikey Frank Jay has withdrawn a MP5 from the weapon locker (Cost: 3)
[2018/1/30 - 4:10:23] Mikey Frank Jay has withdrawn a Shotgun from the weapon locker (Cost: 3)
[2018/1/30 - 4:27:14] Mikey Frank Jay has logged out.
[2018/1/30 - 5:00:26] Jay Sneezy has logged out.
[2018/1/30 - 5:07:06] Andre Nickatina has withdrawn 100 grams of Heroin from the safe.
[2018/1/30 - 5:54:49] Jay Sneezy has authorized Asiah Maiden Rizal to withdraw a Desert Eagle from the weapon locker (Cost: 5)
[2018/1/30 - 5:55:22] Jay Sneezy has withdrawn a Desert Eagle from the weapon locker (Cost: 5)
[2018/1/30 - 5:55:23] Jay Sneezy has withdrawn a AK-47 from the weapon locker (Cost: 15)
[2018/1/30 - 5:55:50] Jay Sneezy has authorized Asiah Maiden Rizal to withdraw a AK-47 from the weapon locker (Cost: 15)
[2018/1/30 - 5:57:01] Andre Nickatina has withdrawn a Desert Eagle from the weapon locker (Cost: 5)
[2018/1/30 - 5:57:03] Andre Nickatina has withdrawn a SPAS-12 from the weapon locker (Cost: 30)
[2018/1/30 - 5:57:06] Andre Nickatina has withdrawn a AK-47 from the weapon locker (Cost: 15)
[2018/1/30 - 5:57:15] Andre Nickatina has withdrawn 25 grams of Crack from the safe.
[2018/1/30 - 5:57:30] Jay Sneezy has withdrawn 32 grams of Crack from the safe.
[2018/1/30 - 6:06:46] Jay Sneezy has authorized Asiah Maiden Rizal to withdraw a AK-47 from the weapon locker (Cost: 15)
[2018/1/30 - 6:07:09] Andre Nickatina has withdrawn a Desert Eagle from the weapon locker (Cost: 5)
[2018/1/30 - 6:07:11] Andre Nickatina has withdrawn a Micro Uzi from the weapon locker (Cost: 3)
[2018/1/30 - 6:07:19] Andre Nickatina has withdrawn a SPAS-12 from the weapon locker (Cost: 30)
[2018/1/30 - 6:07:21] Jay Sneezy has withdrawn a Desert Eagle from the weapon locker (Cost: 5)
[2018/1/30 - 6:07:26] Jay Sneezy has withdrawn a AK-47 from the weapon locker (Cost: 15)
[2018/1/30 - 6:07:39] Andre Nickatina has withdrawn 23 grams of Crack from the safe.
[2018/1/30 - 6:07:46] Jay Sneezy has authorized Asiah Maiden Rizal to withdraw a Desert Eagle from the weapon locker (Cost: 5)
[2018/1/30 - 6:23:17] Asiah Maiden Rizal has logged out.
[2018/1/30 - 6:24:30] Jay Sneezy has withdrawn a Desert Eagle from the weapon locker (Cost: 5)
[2018/1/30 - 6:24:42] Jay Sneezy has withdrawn a AK-47 from the weapon locker (Cost: 15)
[2018/1/30 - 6:24:53] Andre Nickatina has withdrawn a Desert Eagle from the weapon locker (Cost: 5)
[2018/1/30 - 6:24:56] Andre Nickatina has withdrawn a SPAS-12 from the weapon locker (Cost: 30)
[2018/1/30 - 6:25:31] Andre Nickatina has withdrawn a AK-47 from the weapon locker (Cost: 15)
[2018/1/30 - 6:35:05] Abubakar Shekau (1000317893) accepted Grove OG Jay Sneezy's (1000085467) invite to join Grove Street Families (34).
[2018/1/30 - 6:35:26] Jay Sneezy has authorized Abubakar Shekau to withdraw a Desert Eagle from the weapon locker (Cost: 5)
[2018/1/30 - 6:37:02] Jay Sneezy has logged out.
[2018/1/30 - 6:43:21] Grove OG Jay Sneezy (1000085467) (rank 6) has given Abubakar Shekau (1000317893) rank 3 (Grove Hustlah) in Grove Street Familie
[2018/1/30 - 6:43:28] Grove OG Jay Sneezy (1000085467) has set Abubakar Shekau's (1000317893) division to Gucci Gang in Grove Street Families (34).
[2018/1/30 - 6:43:30] Grove OG Jay Sneezy (1000085467) has set Abubakar Shekau's (1000317893) division to 6IX9INE in Grove Street Families (34).
[2018/1/30 - 6:43:32] Grove OG Jay Sneezy (1000085467) has set Abubakar Shekau's (1000317893) division to The Warriors in Grove Street Families (34).
[2018/1/30 - 6:59:53] Walid Blevis (1000516198) accepted Grove OG Jay Sneezy's (1000085467) invite to join Grove Street Families (34).
[2018/1/30 - 7:00:13] Grove OG Jay Sneezy (1000085467) has set Walid Blevis's (1000516198) division to The Warriors in Grove Street Families (34).
[2018/1/30 - 7:00:40] Grove Hustlah Abubakar Shekau has lost connection.
[2018/1/30 - 7:01:34] Jay Sneezy has logged out.
[2018/1/30 - 7:04:24] Jay Sneezy has logged out.
[2018/1/30 - 7:07:02] Andre Nickatina has withdrawn a Desert Eagle from the weapon locker (Cost: 5)
[2018/1/30 - 7:07:05] Andre Nickatina has withdrawn a SPAS-12 from the weapon locker (Cost: 30)
[2018/1/30 - 7:07:08] Andre Nickatina has withdrawn a AK-47 from the weapon locker (Cost: 15)
[2018/1/30 - 7:07:19] Andre Nickatina has withdrawn 20 grams of Ecstasy from the safe.
[2018/1/30 - 7:08:38] Jay Sneezy has authorized Walid Blevis to withdraw a Desert Eagle from the weapon locker (Cost: 5)
[2018/1/30 - 7:09:02] Jay Sneezy has withdrawn a Desert Eagle from the weapon locker (Cost: 5)
[2018/1/30 - 7:09:04] Jay Sneezy has withdrawn a AK-47 from the weapon locker (Cost: 15)
[2018/1/30 - 7:09:22] Walid Blevis has withdrawn a MP5 from the weapon locker (Cost: 3)
[2018/1/30 - 7:10:48] Jay Sneezy has authorized Walid Blevis to withdraw a AK-47 from the weapon locker (Cost: 15)
[2018/1/30 - 7:13:40] Jay Sneezy has adjusted the withdraw rank for item 2 to 7.
[2018/1/30 - 7:19:03] Oliver Hooligan Jr has withdrawn a M4A1 from the weapon locker (Cost: 20)
[2018/1/30 - 7:19:05] Oliver Hooligan Jr has withdrawn a Desert Eagle from the weapon locker (Cost: 5)
[2018/1/30 - 7:21:14] Grove OG Jay Sneezy (1000085467) (rank 6) has uninvited Walid Blevis (1000516198) (rank 0) from Grove Street Families (34).
[2018/1/30 - 7:23:29] Andre Nickatina has withdrawn a Desert Eagle from the weapon locker (Cost: 5)
[2018/1/30 - 7:23:30] Andre Nickatina has withdrawn a SPAS-12 from the weapon locker (Cost: 30)
[2018/1/30 - 7:23:33] Andre Nickatina has withdrawn a M4A1 from the weapon locker (Cost: 20)
[2018/1/30 - 7:23:34] Andre Nickatina has withdrawn a Micro Uzi from the weapon locker (Cost: 3)
[2018/1/30 - 7:23:38] Oliver Hooligan Jr has withdrawn a Desert Eagle from the weapon locker (Cost: 5)
[2018/1/30 - 7:23:39] Jay Sneezy has withdrawn a Desert Eagle from the weapon locker (Cost: 5)
[2018/1/30 - 7:23:40] Oliver Hooligan Jr has withdrawn a M4A1 from the weapon locker (Cost: 20)
[2018/1/30 - 7:23:41] Jay Sneezy has withdrawn a M4A1 from the weapon locker (Cost: 20)
[2018/1/30 - 7:33:36] Grove OG Oliver Hooligan Jr has lost connection.
[2018/1/30 - 7:34:12] Grove OG Andre Nickatina has lost connection.
[2018/1/30 - 7:36:11] Jay Sneezy has logged out.
[2018/1/30 - 7:53:03] Oliver Hooligan Jr has logged out.
[2018/1/30 - 8:31:26] Luis Triton has withdrawn a Desert Eagle from the weapon locker (Cost: 5)
[2018/1/30 - 8:31:51] Luis Triton has withdrawn a AK-47 from the weapon locker (Cost: 15)
[2018/1/30 - 8:52:59] Luis Triton has logged out.
[2018/1/30 - 8:59:08] Asiah Maiden Rizal has logged out.
[2018/1/30 - 9:48:16] Asiah Maiden Rizal has logged out.
[2018/1/30 - 10:22:35] Sarah Biggums has withdrawn a SPAS-12 from the weapon locker (Cost: 30)
[2018/1/30 - 10:29:57] Andre Nickatina has withdrawn a Desert Eagle from the weapon locker (Cost: 5)
[2018/1/30 - 10:29:59] Andre Nickatina has withdrawn a SPAS-12 from the weapon locker (Cost: 30)
[2018/1/30 - 10:30:01] Andre Nickatina has withdrawn a M4A1 from the weapon locker (Cost: 20)
[2018/1/30 - 10:43:33] Luis Triton has withdrawn a AK-47 from the weapon locker (Cost: 15)
[2018/1/30 - 10:43:35] Luis Triton has withdrawn a Desert Eagle from the weapon locker (Cost: 5)
[2018/1/30 - 10:43:37] Luis Triton has withdrawn a MP5 from the weapon locker (Cost: 3)
[2018/1/30 - 10:47:31] Andre Nickatina has withdrawn a Micro Uzi from the weapon locker (Cost: 3)
[2018/1/30 - 10:48:18] Andre Nickatina has withdrawn a SPAS-12 from the weapon locker (Cost: 30)
[2018/1/30 - 11:04:00] Luis Triton has logged out.
[2018/1/30 - 11:04:55] Sarah Biggums has withdrawn a Desert Eagle from the weapon locker (Cost: 5)
[2018/1/30 - 11:04:56] Sarah Biggums has withdrawn a SPAS-12 from the weapon locker (Cost: 30)
[2018/1/30 - 11:04:59] Sarah Biggums has withdrawn a AK-47 from the weapon locker (Cost: 15)
[2018/1/30 - 11:05:31] Luis Triton has withdrawn a Desert Eagle from the weapon locker (Cost: 5)
[2018/1/30 - 11:05:36] Luis Triton has withdrawn a MP5 from the weapon locker (Cost: 3)
[2018/1/30 - 11:05:38] Luis Triton has withdrawn a AK-47 from the weapon locker (Cost: 15)
[2018/1/30 - 11:06:03] Sarah Biggums has withdrawn a Desert Eagle from the weapon locker (Cost: 5)
[2018/1/30 - 11:06:04] Sarah Biggums has withdrawn a AK-47 from the weapon locker (Cost: 15)
[2018/1/30 - 11:07:02] Grove OG Andre Nickatina has lost connection.
[2018/1/30 - 11:13:25] Sarah Biggums has logged out.
[2018/1/30 - 11:13:45] Luis Triton has logged out.
[2018/1/30 - 11:24:32] Asiah Maiden Rizal has logged out.
[2018/1/30 - 11:36:31] Grove OG Andre Nickatina has lost connection.
[2018/1/30 - 11:37:51] Grove OG Andre Nickatina has lost connection.
[2018/1/30 - 11:38:50] Grove OG Andre Nickatina has lost connection.
[2018/1/30 - 11:39:41] Grove OG Andre Nickatina has lost connection.
[2018/1/30 - 12:30:35] Andre Nickatina has withdrawn a Desert Eagle from the weapon locker (Cost: 5)
[2018/1/30 - 12:30:36] Andre Nickatina has withdrawn a SPAS-12 from the weapon locker (Cost: 30)
[2018/1/30 - 12:30:37] Andre Nickatina has withdrawn a M4A1 from the weapon locker (Cost: 20)
[2018/1/30 - 12:30:39] Andre Nickatina has withdrawn a Micro Uzi from the weapon locker (Cost: 3)
[2018/1/30 - 12:34:32] Andre Nickatina has logged out.
[2018/1/30 - 12:36:33] Joey Biston has logged out.
[2018/1/30 - 12:47:54] Luis Triton has logged out.
[2018/1/30 - 13:24:45] Brandon R Volkoff has deposited a M4A1 into the locker.
[2018/1/30 - 13:24:49] Brandon R Volkoff has withdrawn a Desert Eagle from the weapon locker (Cost: 5)
[2018/1/30 - 13:50:26] Brandon R Volkoff has logged out.
[2018/1/30 - 13:53:31] Mike Tyga has withdrawn a Desert Eagle from the weapon locker (Cost: 5)
[2018/1/30 - 13:53:34] Mike Tyga has withdrawn a MP5 from the weapon locker (Cost: 3)
[2018/1/30 - 14:01:11] Mike Tyga has logged out.
[2018/1/30 - 15:43:53] Tripp G. Biggums has withdrawn a Desert Eagle from the weapon locker (Cost: 5)
[2018/1/30 - 15:44:43] Tripp G. Biggums has logged out.
[2018/1/30 - 15:48:32] Melm Pearce has logged out.
[2018/1/30 - 15:55:02] Tripp G. Biggums (1000627066) has quit the Grove Street Families as a rank 4
[2018/1/30 - 16:16:59] Brandon R Volkoff has set Desert Eagle weapon restriction from rank 1+ to 2.
[2018/1/30 - 16:17:02] Brandon R Volkoff has set Shotgun weapon restriction from rank 0+ to 2.
[2018/1/30 - 16:17:09] Brandon R Volkoff has set Micro Uzi weapon restriction from rank 0+ to 1.
[2018/1/30 - 16:17:15] Brandon R Volkoff has set MP5 weapon restriction from rank 0+ to 1.
[2018/1/30 - 16:19:13] Mark McHenson (1000628532) accepted Grove OG Brandon R Volkoff's (1000625048) invite to join Grove Street Families (34).
[2018/1/30 - 16:27:24] Grove OG Brandon R Volkoff (1000625048) (rank 6) has given Shaun Darrel Jay (1000628313) rank 1 (Lil Grove) in Grove Street Fam
[2018/1/30 - 16:29:58] Grove OG Brandon R Volkoff (1000625048) has set Mark McHenson's (1000628532) division to Gucci Gang in Grove Street Families (3
[2018/1/30 - 16:43:36] Grove OG Brandon R Volkoff has lost connection.
[2018/1/30 - 16:47:43] Brandon R Volkoff has logged out.
[2018/1/30 - 17:16:18] Mark Mchenson has logged out.
[2018/1/30 - 17:22:56] Grove OG Brandon R Volkoff has lost connection.
[2018/1/30 - 17:26:07] Certified Gangsta Richie Volkoff has lost connection.
[2018/1/30 - 17:53:39] Leon Hood has logged out.
[2018/1/30 - 17:57:43] Shaun Darrel Jay has logged out.
[2018/1/30 - 18:00:37] Richie Volkoff has logged out.
[2018/1/30 - 18:01:18] Leon Hood has logged out.
[2018/1/30 - 18:05:00] Leon Hood has logged out.
[2018/1/30 - 18:06:56] Grove Soulja Leon Hood has lost connection.
[2018/1/30 - 18:12:03] Grove Soulja Leon Hood has lost connection.
[2018/1/30 - 18:16:37] Brandon R Volkoff has logged out.
[2018/1/30 - 18:26:11] Baby Grove Mikey Frank Jay has lost connection.
[2018/1/30 - 18:34:16] Oliver Hooligan Jr has logged out.
[2018/1/30 - 18:51:36] Mikey Frank Jay has logged out.
[2018/1/30 - 18:54:14] Brandon R Volkoff has withdrawn a SPAS-12 from the weapon locker (Cost: 30)
[2018/1/30 - 18:54:17] Brandon R Volkoff has withdrawn a Desert Eagle from the weapon locker (Cost: 5)
[2018/1/30 - 18:54:18] Oliver Hooligan Jr has withdrawn a Desert Eagle from the weapon locker (Cost: 5)
[2018/1/30 - 18:54:28] Oliver Hooligan Jr has withdrawn a M4A1 from the weapon locker (Cost: 20)
[2018/1/30 - 18:54:53] Richie Volkoff has withdrawn a Desert Eagle from the weapon locker (Cost: 5)
[2018/1/30 - 18:54:54] Richie Volkoff has withdrawn a SPAS-12 from the weapon locker (Cost: 30)
[2018/1/30 - 18:55:56] Mikey Frank Jay has logged out.
[2018/1/30 - 19:06:08] Brandon R Volkoff has withdrawn a SPAS-12 from the weapon locker (Cost: 30)
[2018/1/30 - 19:06:12] Brandon R Volkoff has withdrawn a Desert Eagle from the weapon locker (Cost: 5)
[2018/1/30 - 19:08:57] Brandon R Volkoff has authorized Richie Volkoff to withdraw a M4A1 from the weapon locker (Cost: 20)
[2018/1/30 - 19:11:56] Brandon R Volkoff has adjusted the withdraw rank for item 2 to 6.
[2018/1/30 - 19:12:12] Brandon R Volkoff has withdrawn 20 grams of Ecstasy from the safe.
[2018/1/30 - 19:12:25] Oliver Hooligan Jr has withdrawn 40 grams of Meth from the safe.
[2018/1/30 - 19:13:46] Oliver Hooligan Jr has withdrawn a Desert Eagle from the weapon locker (Cost: 5)
[2018/1/30 - 19:13:48] Oliver Hooligan Jr has withdrawn a MP5 from the weapon locker (Cost: 3)
[2018/1/30 - 19:15:28] Richie Volkoff has logged out.
[2018/1/30 - 19:17:47] Nathan Angelo (1000625787) accepted Grove OG Brandon R Volkoff's (1000625048) invite to join Grove Street Families (34).
[2018/1/30 - 19:17:58] Oliver Hooligan Jr has logged out.
[2018/1/30 - 19:18:01] Brandon R Volkoff has withdrawn a Desert Eagle from the weapon locker (Cost: 5)
[2018/1/30 - 19:18:04] Brandon R Volkoff has withdrawn a AK-47 from the weapon locker (Cost: 15)
[2018/1/30 - 19:18:29] Brandon R Volkoff has withdrawn 20 grams of Meth from the safe.
[2018/1/30 - 19:22:24] Grove OG Brandon R Volkoff (1000625048) has set Nathan Angelo's (1000625787) division to 6IX9INE in Grove Street Families (34).
[2018/1/30 - 19:22:30] Grove OG Brandon R Volkoff (1000625048) has set Nathan Angelo's (1000625787) division to Gucci Gang in Grove Street Families (3
[2018/1/30 - 19:29:41] Luis Triton has withdrawn a Desert Eagle from the weapon locker (Cost: 5)
[2018/1/30 - 19:29:42] Luis Triton has withdrawn a AK-47 from the weapon locker (Cost: 15)
[2018/1/30 - 19:29:44] Luis Triton has withdrawn a MP5 from the weapon locker (Cost: 3)
[2018/1/30 - 19:29:46] Luis Triton has withdrawn a SPAS-12 from the weapon locker (Cost: 30)
[2018/1/30 - 19:38:14] Oliver Hooligan Jr has logged out.
[2018/1/30 - 19:41:25] Nathan Angelo has logged out.
[2018/1/30 - 19:50:16] Oliver Hooligan Jr has withdrawn a Desert Eagle from the weapon locker (Cost: 5)
[2018/1/30 - 19:50:23] Oliver Hooligan Jr has withdrawn a M4A1 from the weapon locker (Cost: 20)
[2018/1/30 - 19:52:45] Brandon R Volkoff has withdrawn 20 grams of Crack from the safe.
[2018/1/30 - 20:03:22] Oliver Hooligan Jr has withdrawn a M4A1 from the weapon locker (Cost: 20)
[2018/1/30 - 20:03:53] Brandon R Volkoff has withdrawn 20 grams of Crack from the safe.
[2018/1/30 - 20:26:41] Brandon R Volkoff has logged out.
[2018/1/30 - 20:28:55] Lil Grove Mike Tyga has lost connection.
[2018/1/30 - 20:31:42] Luis Triton has logged out.
[2018/1/30 - 20:31:46] Oliver Hooligan Jr has logged out.
[2018/1/30 - 20:31:48] Nathan Angelo has logged out.
[2018/1/30 - 20:41:08] Grove OG Brandon R Volkoff has lost connection.
[2018/1/30 - 20:51:57] Brandon R Volkoff has withdrawn 20 grams of Ecstasy from the safe.
[2018/1/30 - 20:52:45] Brandon R Volkoff has withdrawn a Desert Eagle from the weapon locker (Cost: 5)
[2018/1/30 - 20:52:47] Brandon R Volkoff has withdrawn a M4A1 from the weapon locker (Cost: 20)
[2018/1/30 - 21:11:18] James Croce has logged out.
[2018/1/30 - 22:03:41] Brandon R Volkoff has logged out.
[2018/1/30 - 22:48:44] Brandon R Volkoff has withdrawn 20 grams of Ecstasy from the safe.
[2018/1/30 - 22:49:03] Brandon R Volkoff has withdrawn a M4A1 from the weapon locker (Cost: 20)
[2018/1/30 - 22:52:56] Sherman Walters has withdrawn a Shotgun from the weapon locker (Cost: 3)
[2018/1/30 - 22:59:49] Brandon R Volkoff has withdrawn 100 grams of Crack from the safe.
[2018/1/30 - 23:09:28] Brandon R Volkoff has logged out.
[2018/1/30 - 23:10:44] Grove Soulja Sherman Walters has lost connection.
