[2018/1/16 - 1:18:36] Kevin Flowers (1000625041) has quit the Grove Street Families as a rank 3
[2018/1/16 - 1:38:33] Jay Sneezy has logged out.
[2018/1/16 - 1:42:09] Grove OG Jay Sneezy (1000085467) has set Jay Sneezy's (1000085467) division to Old School in Grove Street Families (34).
[2018/1/16 - 2:33:27] Barry Huken (1000627261) accepted Grove OG Jay Sneezy's (1000085467) invite to join Grove Street Families (34).
[2018/1/16 - 3:01:05] Grove OG Jay Sneezy (1000085467) (rank 6) has given Barry Huken (1000627261) rank 2 (Grove Soulja) in Grove Street Families (34
[2018/1/16 - 3:01:30] Grove OG Jay Sneezy (1000085467) (rank 6) has given Barry Huken (1000627261) rank 3 (Grove Hustlah) in Grove Street Families (3
[2018/1/16 - 3:38:55] Grove Hustlah Barry Huken has lost connection.
[2018/1/16 - 4:39:31] Jay Sneezy has withdrawn a Desert Eagle from the weapon locker (Cost: 5)
[2018/1/16 - 4:55:30] Jay Sneezy has withdrawn $150,000 from the safe.
[2018/1/16 - 4:57:21] Jay Sneezy has set Micro Uzi weapon restriction from rank 6+ to 0.
[2018/1/16 - 4:57:29] Jay Sneezy has set Rifle weapon restriction from rank 6+ to 3.
[2018/1/16 - 5:15:19] Jay Sneezy has logged out.
[2018/1/16 - 7:29:51] Jay Sneezy has withdrawn 60 grams of Ecstasy from the safe.
[2018/1/16 - 7:30:00] Jay Sneezy has withdrawn a Desert Eagle from the weapon locker (Cost: 5)
[2018/1/16 - 7:38:22] Jay Sneezy has withdrawn a Micro Uzi from the weapon locker (Cost: 3)
[2018/1/16 - 7:38:28] Grove Banger Andre Nickatina has lost connection.
[2018/1/16 - 7:40:41] Jay Sneezy has withdrawn 40 grams of Meth from the safe.
[2018/1/16 - 7:44:15] Jay Sneezy has withdrawn a Micro Uzi from the weapon locker (Cost: 3)
[2018/1/16 - 7:46:48] Jay Sneezy has logged out.
[2018/1/16 - 7:54:58] Andre Nickatina has logged out.
[2018/1/16 - 12:24:16] Richie Volkoff has withdrawn a Desert Eagle from the weapon locker (Cost: 5)
[2018/1/16 - 12:24:18] Richie Volkoff has withdrawn a MP5 from the weapon locker (Cost: 3)
[2018/1/16 - 12:38:07] Richie Volkoff has withdrawn a Desert Eagle from the weapon locker (Cost: 5)
[2018/1/16 - 12:38:08] Richie Volkoff has withdrawn a MP5 from the weapon locker (Cost: 3)
[2018/1/16 - 12:55:32] Richie Volkoff has logged out.
[2018/1/16 - 14:47:37] Baby Grove Thomas Destriza has lost connection.
[2018/1/16 - 14:50:45] Richie Volkoff has withdrawn a Desert Eagle from the weapon locker (Cost: 5)
[2018/1/16 - 14:50:48] Richie Volkoff has withdrawn a MP5 from the weapon locker (Cost: 3)
[2018/1/16 - 15:32:29] Thomas Destriza has logged out.
[2018/1/16 - 15:47:36] Richie Volkoff has withdrawn a MP5 from the weapon locker (Cost: 3)
[2018/1/16 - 15:47:39] Richie Volkoff has withdrawn a Desert Eagle from the weapon locker (Cost: 5)
[2018/1/16 - 15:47:46] Richie Volkoff has withdrawn a Shotgun from the weapon locker (Cost: 3)
[2018/1/16 - 16:00:44] Tripp G. Biggums has logged out.
[2018/1/16 - 17:20:38] Grove Hustlah Brandon Volkoff has lost connection.
[2018/1/16 - 17:22:24] Tripp G. Biggums has logged out.
[2018/1/16 - 17:27:56] Brandon Volkoff has logged out.
[2018/1/16 - 17:32:08] Sun Lu (1000168621) has quit the Grove Street Families as a rank 0
[2018/1/16 - 17:47:18] Brandon Volkoff has withdrawn a Desert Eagle from the weapon locker (Cost: 5)
[2018/1/16 - 17:47:20] Brandon Volkoff has withdrawn a MP5 from the weapon locker (Cost: 3)
[2018/1/16 - 17:47:22] Richie Volkoff has withdrawn a Desert Eagle from the weapon locker (Cost: 5)
[2018/1/16 - 17:47:24] Richie Volkoff has withdrawn a MP5 from the weapon locker (Cost: 3)
[2018/1/16 - 17:47:24] Brandon Volkoff has withdrawn a Shotgun from the weapon locker (Cost: 3)
[2018/1/16 - 17:47:25] Richie Volkoff has withdrawn a Shotgun from the weapon locker (Cost: 3)
[2018/1/16 - 18:05:06] Richie Volkoff has logged out.
[2018/1/16 - 18:19:20] Brandon Volkoff has withdrawn a Desert Eagle from the weapon locker (Cost: 5)
[2018/1/16 - 18:19:21] Brandon Volkoff has withdrawn a Shotgun from the weapon locker (Cost: 3)
[2018/1/16 - 18:19:22] Brandon Volkoff has withdrawn a MP5 from the weapon locker (Cost: 3)
[2018/1/16 - 18:35:51] Grove Banger Olivia Savage Gyp has lost connection.
[2018/1/16 - 18:40:54] Tripp G. Biggums has withdrawn a MP5 from the weapon locker (Cost: 3)
[2018/1/16 - 18:50:55] Tripp G. Biggums has logged out.
[2018/1/16 - 18:52:12] Brandon Volkoff has withdrawn a Desert Eagle from the weapon locker (Cost: 5)
[2018/1/16 - 18:52:14] Brandon Volkoff has withdrawn a Shotgun from the weapon locker (Cost: 3)
[2018/1/16 - 18:52:17] Brandon Volkoff has withdrawn a MP5 from the weapon locker (Cost: 3)
[2018/1/16 - 19:01:08] Leon Hood (1000179368) accepted Grove OG Marcin Marks's (1000626775) invite to join Grove Street Families (34).
[2018/1/16 - 19:02:15] Grove OG Marcin Marks (1000626775) (rank 6) has given Olivia Savage Gyp (1000201659) rank 5 (Certified Gangsta) in Grove Street
[2018/1/16 - 19:02:20] Marcin Marks has authorized Brandon Volkoff to withdraw a AK-47 from the weapon locker (Cost: 15)
[2018/1/16 - 19:02:28] Marcin Marks has authorized Leon Hood to withdraw a Desert Eagle from the weapon locker (Cost: 5)
[2018/1/16 - 19:09:13] Mitch Makaveli (36021) has made Olivia Savage Gyp (1000201659) the leader of the Grove Street Families.
[2018/1/16 - 19:09:17] Tripp G. Biggums has withdrawn a MP5 from the weapon locker (Cost: 3)
[2018/1/16 - 19:09:19] Grove OG Marcin Marks (1000626775) (rank 6) has given Olivia Savage Gyp (1000201659) rank 5 (Certified Gangsta) in Grove Street
[2018/1/16 - 19:09:20] Tripp G. Biggums has withdrawn a Desert Eagle from the weapon locker (Cost: 5)
[2018/1/16 - 19:11:17] Olivia Savage Gyp has logged out.
[2018/1/16 - 19:17:57] Olivia Savage Gyp has logged out.
[2018/1/16 - 19:19:06] Certified Gangsta Olivia Savage Gyp has lost connection.
[2018/1/16 - 19:20:02] Leon Hood has logged out.
[2018/1/16 - 19:23:06] Maksy Volkoff (1000625996) accepted Grove OG Marcin Marks's (1000626775) invite to join Grove Street Families (34).
[2018/1/16 - 19:23:22] Richie Volkoff has withdrawn a Desert Eagle from the weapon locker (Cost: 5)
[2018/1/16 - 19:23:23] Richie Volkoff has withdrawn a MP5 from the weapon locker (Cost: 3)
[2018/1/16 - 19:24:40] Marcin Marks has withdrawn a SPAS-12 from the weapon locker (Cost: 30)
[2018/1/16 - 19:24:44] Marcin Marks has withdrawn a Desert Eagle from the weapon locker (Cost: 5)
[2018/1/16 - 19:25:54] Tripp G. Biggums has logged out.
[2018/1/16 - 19:36:55] Marcin Marks has withdrawn a SPAS-12 from the weapon locker (Cost: 30)
[2018/1/16 - 19:36:59] Marcin Marks has withdrawn a Desert Eagle from the weapon locker (Cost: 5)
[2018/1/16 - 19:37:10] Marcin Marks has withdrawn 100 grams of Crack from the safe.
[2018/1/16 - 19:37:17] Marcin Marks has withdrawn 70 grams of Ecstasy from the safe.
[2018/1/16 - 19:38:15] Maksy Volkoff has withdrawn a MP5 from the weapon locker (Cost: 3)
[2018/1/16 - 19:38:34] Brandon Volkoff has withdrawn a Desert Eagle from the weapon locker (Cost: 5)
[2018/1/16 - 19:38:37] Brandon Volkoff has withdrawn a MP5 from the weapon locker (Cost: 3)
[2018/1/16 - 19:40:06] Tripp G. Biggums has withdrawn a Desert Eagle from the weapon locker (Cost: 5)
[2018/1/16 - 19:40:42] Jay Sneezy has authorized Soufiane Jaddi to withdraw a Desert Eagle from the weapon locker (Cost: 5)
[2018/1/16 - 19:40:53] Soufiane Jaddi has withdrawn a Micro Uzi from the weapon locker (Cost: 3)
[2018/1/16 - 19:40:56] Soufiane Jaddi has withdrawn a MP5 from the weapon locker (Cost: 3)
[2018/1/16 - 19:40:57] Jay Sneezy has withdrawn 20 grams of Meth from the safe.
[2018/1/16 - 19:41:03] Jay Sneezy has withdrawn a Desert Eagle from the weapon locker (Cost: 5)
[2018/1/16 - 19:41:29] Jay Sneezy has authorized Tripp G. Biggums to withdraw a AK-47 from the weapon locker (Cost: 15)
[2018/1/16 - 19:42:03] Jay Sneezy has withdrawn 300 grams of Crack from the safe.
[2018/1/16 - 19:43:04] Jay Sneezy has withdrawn a Micro Uzi from the weapon locker (Cost: 3)
[2018/1/16 - 19:53:41] Marcin Marks has authorized Maksy Volkoff to withdraw a Desert Eagle from the weapon locker (Cost: 5)
[2018/1/16 - 20:00:24] Sarah Biggums has withdrawn a Desert Eagle from the weapon locker (Cost: 5)
[2018/1/16 - 20:02:03] Richie Volkoff has withdrawn a Desert Eagle from the weapon locker (Cost: 5)
[2018/1/16 - 20:02:34] Richie Volkoff has withdrawn a MP5 from the weapon locker (Cost: 3)
[2018/1/16 - 20:03:31] Brandon Volkoff has withdrawn a Desert Eagle from the weapon locker (Cost: 5)
[2018/1/16 - 20:04:01] Jay Sneezy has withdrawn a Desert Eagle from the weapon locker (Cost: 5)
[2018/1/16 - 20:04:06] Jay Sneezy has withdrawn a Micro Uzi from the weapon locker (Cost: 3)
[2018/1/16 - 20:04:25] Tripp G. Biggums has withdrawn a Desert Eagle from the weapon locker (Cost: 5)
[2018/1/16 - 20:14:31] Marcin Marks has authorized Soufiane Jaddi to withdraw a AK-47 from the weapon locker (Cost: 15)
[2018/1/16 - 20:15:07] Sarah Biggums has withdrawn a Desert Eagle from the weapon locker (Cost: 5)
[2018/1/16 - 20:16:09] Brandon Volkoff has withdrawn a Micro Uzi from the weapon locker (Cost: 3)
[2018/1/16 - 20:16:13] Brandon Volkoff has withdrawn a Desert Eagle from the weapon locker (Cost: 5)
[2018/1/16 - 20:16:22] Marcin Marks has withdrawn a Desert Eagle from the weapon locker (Cost: 5)
[2018/1/16 - 20:16:26] Marcin Marks has withdrawn a AK-47 from the weapon locker (Cost: 15)
[2018/1/16 - 20:16:26] Tripp G. Biggums has logged out.
[2018/1/16 - 20:17:22] Soufiane Jaddi has logged out.
[2018/1/16 - 20:18:16] Jay Sneezy has authorized Maksy Volkoff to withdraw a Desert Eagle from the weapon locker (Cost: 5)
[2018/1/16 - 20:23:57] Sarah Biggums has logged out.
[2018/1/16 - 20:25:55] Jay Sneezy has withdrawn a Shotgun from the weapon locker (Cost: 3)
[2018/1/16 - 20:25:58] Jay Sneezy has withdrawn a Micro Uzi from the weapon locker (Cost: 3)
[2018/1/16 - 20:32:35] Baby Grove Maksy Volkoff has lost connection.
[2018/1/16 - 20:36:37] Richie Volkoff has withdrawn a Desert Eagle from the weapon locker (Cost: 5)
[2018/1/16 - 20:36:57] Marcin Marks (1000626775) has renamed the Old School division (#1) to gucci gang
[2018/1/16 - 20:37:28] Marcin Marks (1000626775) has renamed the gucci gang division (#1) to Old School
[2018/1/16 - 20:42:34] Sarah Biggums has logged out.
[2018/1/16 - 20:43:05] Jay Sneezy has authorized Maksy Volkoff to withdraw a Desert Eagle from the weapon locker (Cost: 5)
[2018/1/16 - 20:43:37] Brandon Volkoff has withdrawn a Desert Eagle from the weapon locker (Cost: 5)
[2018/1/16 - 20:45:31] Marcin Marks has withdrawn a Desert Eagle from the weapon locker (Cost: 5)
[2018/1/16 - 20:45:34] Marcin Marks has withdrawn a Shotgun from the weapon locker (Cost: 3)
[2018/1/16 - 20:45:50] Marcin Marks has withdrawn 25 grams of Crack from the safe.
[2018/1/16 - 20:46:31] Richie Volkoff has withdrawn a Desert Eagle from the weapon locker (Cost: 5)
[2018/1/16 - 20:50:06] Grove Banger Sarah Biggums has lost connection.
[2018/1/16 - 20:52:28] Brandon Volkoff has withdrawn a Micro Uzi from the weapon locker (Cost: 3)
[2018/1/16 - 20:55:13] Jay Sneezy has logged out.
[2018/1/16 - 20:57:14] Sarah Biggums has logged out.
[2018/1/16 - 20:57:46] Marcin Marks has authorized Richie Volkoff to withdraw a AK-47 from the weapon locker (Cost: 15)
[2018/1/16 - 21:31:23] Brandon Volkoff has withdrawn a Desert Eagle from the weapon locker (Cost: 5)
[2018/1/16 - 21:31:26] Brandon Volkoff has withdrawn a MP5 from the weapon locker (Cost: 3)
[2018/1/16 - 21:31:32] Jay Sneezy has authorized Brandon Volkoff to withdraw a AK-47 from the weapon locker (Cost: 15)
[2018/1/16 - 21:40:31] Grove Hustlah Richie Volkoff has lost connection.
[2018/1/16 - 21:48:53] Marcin Marks has deposited a SPAS-12 into the locker.
[2018/1/16 - 21:50:20] Jay Sneezy has withdrawn 200 grams of Crack from the safe.
[2018/1/16 - 21:51:20] Sarah Biggums has withdrawn a Desert Eagle from the weapon locker (Cost: 5)
[2018/1/16 - 21:51:53] Sarah Biggums has logged out.
[2018/1/16 - 21:55:45] Baby Grove Maksy Volkoff has lost connection.
[2018/1/16 - 21:55:58] Richie Volkoff has withdrawn a Desert Eagle from the weapon locker (Cost: 5)
[2018/1/16 - 21:56:20] Grove OG Marcin Marks (1000626775) has set Brandon Volkoff's (1000625048) division to Gucci Gang in Grove Street Families (34).
[2018/1/16 - 21:56:27] Grove OG Marcin Marks (1000626775) has set Richie Volkoff's (1000038284) division to Gucci Gang in Grove Street Families (34).
[2018/1/16 - 21:58:17] Baby Grove Maksy Volkoff has lost connection.
[2018/1/16 - 21:59:07] Jay Sneezy has withdrawn 500 grams of Pot from the safe.
[2018/1/16 - 21:59:12] Marcin Marks has withdrawn a SPAS-12 from the weapon locker (Cost: 30)
[2018/1/16 - 21:59:13] Marcin Marks has withdrawn a Desert Eagle from the weapon locker (Cost: 5)
[2018/1/16 - 21:59:19] Brandon Volkoff has withdrawn a Desert Eagle from the weapon locker (Cost: 5)
[2018/1/16 - 21:59:23] Brandon Volkoff has withdrawn a MP5 from the weapon locker (Cost: 3)
[2018/1/16 - 21:59:29] Soufiane Jaddi has withdrawn a MP5 from the weapon locker (Cost: 3)
[2018/1/16 - 21:59:35] Soufiane Jaddi has withdrawn a Micro Uzi from the weapon locker (Cost: 3)
[2018/1/16 - 21:59:53] Soufiane Jaddi has withdrawn a MP5 from the weapon locker (Cost: 3)
[2018/1/16 - 22:00:06] Jay Sneezy has withdrawn a Desert Eagle from the weapon locker (Cost: 5)
[2018/1/16 - 22:00:08] Jay Sneezy has withdrawn a Micro Uzi from the weapon locker (Cost: 3)
[2018/1/16 - 22:00:20] Soufiane Jaddi has withdrawn a Micro Uzi from the weapon locker (Cost: 3)
[2018/1/16 - 22:00:24] Soufiane Jaddi has withdrawn a MP5 from the weapon locker (Cost: 3)
[2018/1/16 - 22:01:51] Jay Sneezy has withdrawn 20 grams of Meth from the safe.
[2018/1/16 - 22:02:40] Grove OG Marcin Marks (1000626775) has set Maksy Volkoff's (1000625996) division to Gucci Gang in Grove Street Families (34).
[2018/1/16 - 22:02:45] Jay Sneezy has withdrawn 125 grams of Crack from the safe.
[2018/1/16 - 22:02:51] Maksy Volkoff has withdrawn a Colt .45 from the weapon locker (Cost: 2)
[2018/1/16 - 22:03:02] Marcin Marks (1000626775) has renamed the XXXX division (#3) to Croce Gas
[2018/1/16 - 22:03:14] Grove OG Marcin Marks (1000626775) has set James Croce's (864751) division to Croce Gas in Grove Street Families (34).
[2018/1/16 - 22:03:35] Marcin Marks has authorized Maksy Volkoff to withdraw a Desert Eagle from the weapon locker (Cost: 5)
[2018/1/16 - 22:23:42] Marcin Marks has authorized James Croce to withdraw a Desert Eagle from the weapon locker (Cost: 5)
[2018/1/16 - 22:24:02] Brandon Volkoff has withdrawn a Desert Eagle from the weapon locker (Cost: 5)
[2018/1/16 - 22:24:05] Brandon Volkoff has withdrawn a MP5 from the weapon locker (Cost: 3)
[2018/1/16 - 22:24:51] Richie Volkoff has withdrawn a Desert Eagle from the weapon locker (Cost: 5)
[2018/1/16 - 22:24:54] Jay Sneezy has withdrawn a Micro Uzi from the weapon locker (Cost: 3)
[2018/1/16 - 22:24:56] Jay Sneezy has withdrawn a Shotgun from the weapon locker (Cost: 3)
[2018/1/16 - 22:26:48] Jay Sneezy has authorized Maksy Volkoff to withdraw a Desert Eagle from the weapon locker (Cost: 5)
[2018/1/16 - 22:26:49] Richie Volkoff has withdrawn a Shotgun from the weapon locker (Cost: 3)
[2018/1/16 - 22:27:20] Marcin Marks has withdrawn a Desert Eagle from the weapon locker (Cost: 5)
[2018/1/16 - 22:27:22] Marcin Marks has withdrawn a AK-47 from the weapon locker (Cost: 15)
[2018/1/16 - 22:27:32] Marcin Marks has authorized Soufiane Jaddi to withdraw a AK-47 from the weapon locker (Cost: 15)
[2018/1/16 - 22:39:11] Grove Hustlah Richie Volkoff has lost connection.
[2018/1/16 - 22:41:44] Soufiane Jaddi has withdrawn a MP5 from the weapon locker (Cost: 3)
[2018/1/16 - 22:43:19] Jay Sneezy has authorized Maksy Volkoff to withdraw a Desert Eagle from the weapon locker (Cost: 5)
[2018/1/16 - 22:46:24] Olivia Savage Gyp has authorized Maksy Volkoff to withdraw a Desert Eagle from the weapon locker (Cost: 5)
[2018/1/16 - 22:47:50] Brandon Volkoff has withdrawn a Desert Eagle from the weapon locker (Cost: 5)
[2018/1/16 - 22:47:51] Brandon Volkoff has withdrawn a Shotgun from the weapon locker (Cost: 3)
[2018/1/16 - 22:47:52] Brandon Volkoff has withdrawn a MP5 from the weapon locker (Cost: 3)
[2018/1/16 - 22:48:43] Marcin Marks has withdrawn a Desert Eagle from the weapon locker (Cost: 5)
[2018/1/16 - 22:48:47] Marcin Marks has withdrawn a AK-47 from the weapon locker (Cost: 15)
[2018/1/16 - 22:49:02] Marcin Marks has withdrawn $600,000 from the safe.
[2018/1/16 - 22:49:06] Olivia Savage Gyp has withdrawn 50 grams of Crack from the safe.
[2018/1/16 - 22:51:31] Grove Banger Andre Nickatina has lost connection.
[2018/1/16 - 22:52:15] Grove Banger Andre Nickatina has lost connection.
[2018/1/16 - 22:52:59] Grove Banger Andre Nickatina has lost connection.
[2018/1/16 - 22:53:37] Grove Banger Andre Nickatina has lost connection.
[2018/1/16 - 23:00:40] Olivia Savage Gyp has withdrawn a AK-47 from the weapon locker (Cost: 15)
[2018/1/16 - 23:00:49] Brandon Volkoff has withdrawn a Shotgun from the weapon locker (Cost: 3)
[2018/1/16 - 23:00:50] Soufiane Jaddi has withdrawn a Micro Uzi from the weapon locker (Cost: 3)
[2018/1/16 - 23:01:18] Richie Volkoff has withdrawn a Desert Eagle from the weapon locker (Cost: 5)
[2018/1/16 - 23:02:35] Jay Sneezy has withdrawn a Desert Eagle from the weapon locker (Cost: 5)
[2018/1/16 - 23:02:51] Marcin Marks has withdrawn a Desert Eagle from the weapon locker (Cost: 5)
[2018/1/16 - 23:03:26] Jay Sneezy has authorized Maksy Volkoff to withdraw a Desert Eagle from the weapon locker (Cost: 5)
[2018/1/16 - 23:05:18] Brandon Volkoff has withdrawn a Desert Eagle from the weapon locker (Cost: 5)
[2018/1/16 - 23:06:29] Richie Volkoff has withdrawn a Desert Eagle from the weapon locker (Cost: 5)
[2018/1/16 - 23:06:41] Soufiane Jaddi has withdrawn a MP5 from the weapon locker (Cost: 3)
[2018/1/16 - 23:06:44] Soufiane Jaddi has withdrawn a Shotgun from the weapon locker (Cost: 3)
[2018/1/16 - 23:08:58] Maksy Volkoff has logged out.
[2018/1/16 - 23:13:29] Maksy Volkoff has logged out.
[2018/1/16 - 23:15:17] Jay Sneezy has withdrawn a MP5 from the weapon locker (Cost: 3)
[2018/1/16 - 23:16:56] Grove Soulja Soufiane Jaddi has lost connection.
[2018/1/16 - 23:16:56] Grove OG Marcin Marks has lost connection.
[2018/1/16 - 23:18:08] Baby Grove Maksy Volkoff has lost connection.
[2018/1/16 - 23:19:36] Baby Grove Maksy Volkoff has lost connection.
[2018/1/16 - 23:21:49] Brandon Volkoff has withdrawn a Desert Eagle from the weapon locker (Cost: 5)
[2018/1/16 - 23:22:02] Olivia Savage Gyp has withdrawn a AK-47 from the weapon locker (Cost: 15)
[2018/1/16 - 23:22:03] Olivia Savage Gyp has withdrawn a Desert Eagle from the weapon locker (Cost: 5)
[2018/1/16 - 23:22:06] Andre Nickatina has withdrawn a Desert Eagle from the weapon locker (Cost: 5)
[2018/1/16 - 23:22:06] Jay Sneezy has authorized Maksy Volkoff to withdraw a Desert Eagle from the weapon locker (Cost: 5)
[2018/1/16 - 23:22:09] Richie Volkoff has withdrawn a Desert Eagle from the weapon locker (Cost: 5)
[2018/1/16 - 23:22:09] Andre Nickatina has withdrawn a Shotgun from the weapon locker (Cost: 3)
[2018/1/16 - 23:22:10] Richie Volkoff has withdrawn a Shotgun from the weapon locker (Cost: 3)
[2018/1/16 - 23:22:12] Jay Sneezy has withdrawn a Desert Eagle from the weapon locker (Cost: 5)
[2018/1/16 - 23:22:12] Andre Nickatina has withdrawn a MP5 from the weapon locker (Cost: 3)
[2018/1/16 - 23:24:42] Jay Sneezy has logged out.
[2018/1/16 - 23:31:18] Marcin Marks (1000626775) has changed MOTD for We cool with Daktari and El Cartel Chiapas - SETFREQ 1070 to: We cool with Dakta
[2018/1/16 - 23:31:21] Marcin Marks has authorized Maksy Volkoff to withdraw a Desert Eagle from the weapon locker (Cost: 5)
[2018/1/16 - 23:31:42] Brandon Volkoff has withdrawn a Desert Eagle from the weapon locker (Cost: 5)
[2018/1/16 - 23:32:14] Richie Volkoff has logged out.
[2018/1/16 - 23:32:15] Maksy Volkoff has logged out.
[2018/1/16 - 23:32:15] Andre Nickatina has logged out.
[2018/1/16 - 23:32:18] Brandon Volkoff has logged out.
[2018/1/16 - 23:32:20] Marcin Marks has logged out.
[2018/1/16 - 23:36:52] Marcin Marks (1000626775) has changed MOTD for Setfreq 1070 -  we allied with : Daktari - El Cartel De Chiapas to: Setfreq 1070
[2018/1/16 - 23:37:14] Marcin Marks (1000626775) has changed MOTD for Dont talk shit to whoever comes to the hood - roleplay with em see what they nee
[2018/1/16 - 23:37:18] Marcin Marks (1000626775) has changed MOTD for Dont talk shit to whoever comes to the hood - roleplay with em see what they nee
[2018/1/16 - 23:37:23] Marcin Marks (1000626775) has changed MOTD for Dont talk shit to whoever comes to the hood - roleplay with themem see what they
[2018/1/16 - 23:37:43] Marcin Marks (1000626775) has changed MOTD for We are always on TeamSpeak - Password devil666 to: We are always on TeamSpeak - 
[2018/1/16 - 23:37:55] Marcin Marks (1000626775) has changed MOTD for Setfreq 1070 -  we are allied with : Daktari - El Cartel De Chiapas to: Setfreq 
[2018/1/16 - 23:54:07] Marcin Marks (1000626775) has changed MOTD for Focus on recruiting legit and english speaking players - TS channel pw devil666 
[2018/1/16 - 23:55:21] Marcin Marks (1000626775) has changed MOTD for Dont talk shit to everyone who comes to the hood - Roleplay first with them see 
[2018/1/16 - 23:55:24] Marcin Marks (1000626775) has changed MOTD for Dont talk shit to everyone who comes to the hood - Roleplay first with them see 
[2018/1/16 - 23:58:31] Richie Volkoff has withdrawn a Desert Eagle from the weapon locker (Cost: 5)
[2018/1/16 - 23:58:34] Richie Volkoff has withdrawn a Shotgun from the weapon locker (Cost: 3)
[2018/1/16 - 23:59:48] Olivia Savage Gyp has withdrawn a Desert Eagle from the weapon locker (Cost: 5)
[2018/1/16 - 23:59:50] Olivia Savage Gyp has withdrawn a AK-47 from the weapon locker (Cost: 15)
