[2018/1/29 - 0:00:15] Dominic V Martins has logged out.
[2018/1/29 - 0:05:47] Jay Sneezy has withdrawn a Desert Eagle from the weapon locker (Cost: 5)
[2018/1/29 - 0:05:49] Jay Sneezy has withdrawn a M4A1 from the weapon locker (Cost: 20)
[2018/1/29 - 0:07:41] Jay Sneezy has withdrawn 20 grams of Meth from the safe.
[2018/1/29 - 0:07:44] Grove OG Marcin Marks (1000626775) (rank 6) has given Oliver Hooligan Jr (1000201659) rank 6 (Grove OG) in Grove Street Familie
[2018/1/29 - 0:07:51] Oliver Hooligan Jr has withdrawn a SPAS-12 from the weapon locker (Cost: 30)
[2018/1/29 - 0:07:53] Oliver Hooligan Jr has withdrawn a AK-47 from the weapon locker (Cost: 15)
[2018/1/29 - 0:07:55] Grove OG Jay Sneezy (1000085467) (rank 6) has given Oliver Hooligan Jr (1000201659) rank 6 (Grove OG) in Grove Street Families 
[2018/1/29 - 0:08:04] Oliver Hooligan Jr has withdrawn a Desert Eagle from the weapon locker (Cost: 5)
[2018/1/29 - 0:12:05] Brandon R Volkoff has withdrawn a M4A1 from the weapon locker (Cost: 20)
[2018/1/29 - 0:12:08] Brandon R Volkoff has withdrawn a Sniper Rifle from the weapon locker (Cost: 40)
[2018/1/29 - 0:12:09] Brandon R Volkoff has withdrawn a SPAS-12 from the weapon locker (Cost: 30)
[2018/1/29 - 0:12:17] Brandon R Volkoff has withdrawn 20 grams of Ecstasy from the safe.
[2018/1/29 - 0:32:49] Marcin Marks has logged out.
[2018/1/29 - 0:37:07] Marcin Marks has logged out.
[2018/1/29 - 0:39:02] Marcin Marks has withdrawn a SPAS-12 from the weapon locker (Cost: 30)
[2018/1/29 - 0:39:04] Marcin Marks has withdrawn a Sniper Rifle from the weapon locker (Cost: 40)
[2018/1/29 - 0:39:12] Marcin Marks has withdrawn 4500 materials from the safe.
[2018/1/29 - 0:39:22] Marcin Marks has withdrawn $100,000 from the safe.
[2018/1/29 - 0:39:34] Marcin Marks has withdrawn 80 grams of Meth from the safe.
[2018/1/29 - 0:47:30] Oliver Hooligan Jr has logged out.
[2018/1/29 - 0:48:29] Brandon R Volkoff has withdrawn 20 grams of Crack from the safe.
[2018/1/29 - 1:02:00] Sherman Walters has withdrawn a Desert Eagle from the weapon locker (Cost: 5)
[2018/1/29 - 1:02:10] Sherman Walters has withdrawn a Micro Uzi from the weapon locker (Cost: 3)
[2018/1/29 - 1:02:12] Brandon R Volkoff has withdrawn 100 grams of Crack from the safe.
[2018/1/29 - 1:02:22] Marcin Marks has withdrawn a SPAS-12 from the weapon locker (Cost: 30)
[2018/1/29 - 1:02:25] Marcin Marks has withdrawn a Sniper Rifle from the weapon locker (Cost: 40)
[2018/1/29 - 1:02:27] Marcin Marks has withdrawn a Desert Eagle from the weapon locker (Cost: 5)
[2018/1/29 - 1:02:36] Marcin Marks has withdrawn 100 grams of Crack from the safe.
[2018/1/29 - 1:03:38] Marcin Marks has withdrawn 200 grams of Crack from the safe.
[2018/1/29 - 1:03:55] Jay Sneezy has withdrawn 80 grams of Crack from the safe.
[2018/1/29 - 1:03:58] Marcin Marks has withdrawn a Micro Uzi from the weapon locker (Cost: 3)
[2018/1/29 - 1:04:16] Marcin Marks has withdrawn a Desert Eagle from the weapon locker (Cost: 5)
[2018/1/29 - 1:04:25] Jay Sneezy has withdrawn a SPAS-12 from the weapon locker (Cost: 30)
[2018/1/29 - 1:04:28] Jay Sneezy has withdrawn a Micro Uzi from the weapon locker (Cost: 3)
[2018/1/29 - 1:08:48] Luis Triton has withdrawn a AK-47 from the weapon locker (Cost: 15)
[2018/1/29 - 1:08:50] Luis Triton has withdrawn a Desert Eagle from the weapon locker (Cost: 5)
[2018/1/29 - 1:08:52] Luis Triton has withdrawn a MP5 from the weapon locker (Cost: 3)
[2018/1/29 - 1:08:53] Luis Triton has withdrawn a SPAS-12 from the weapon locker (Cost: 30)
[2018/1/29 - 1:09:03] Luis Triton has withdrawn a Sniper Rifle from the weapon locker (Cost: 40)
[2018/1/29 - 1:09:34] Marcin Marks has logged out.
[2018/1/29 - 1:09:42] Brandon R Volkoff has withdrawn a SPAS-12 from the weapon locker (Cost: 30)
[2018/1/29 - 1:09:43] Brandon R Volkoff has withdrawn a Sniper Rifle from the weapon locker (Cost: 40)
[2018/1/29 - 1:09:46] Brandon R Volkoff has withdrawn a M4A1 from the weapon locker (Cost: 20)
[2018/1/29 - 1:09:49] Brandon R Volkoff has withdrawn a Desert Eagle from the weapon locker (Cost: 5)
[2018/1/29 - 1:09:59] Brandon R Volkoff has withdrawn 10 grams of Ecstasy from the safe.
[2018/1/29 - 1:10:25] Sherman Walters has withdrawn a MP5 from the weapon locker (Cost: 3)
[2018/1/29 - 1:10:36] Sherman Walters has withdrawn a Desert Eagle from the weapon locker (Cost: 5)
[2018/1/29 - 1:11:16] Luis Triton has logged out.
[2018/1/29 - 1:25:05] Marcin Marks has withdrawn a SPAS-12 from the weapon locker (Cost: 30)
[2018/1/29 - 1:25:06] Brandon R Volkoff has withdrawn a SPAS-12 from the weapon locker (Cost: 30)
[2018/1/29 - 1:25:06] Marcin Marks has withdrawn a Sniper Rifle from the weapon locker (Cost: 40)
[2018/1/29 - 1:25:08] Marcin Marks has withdrawn a Desert Eagle from the weapon locker (Cost: 5)
[2018/1/29 - 1:25:09] Brandon R Volkoff has withdrawn a M4A1 from the weapon locker (Cost: 20)
[2018/1/29 - 1:25:11] Brandon R Volkoff has withdrawn a Desert Eagle from the weapon locker (Cost: 5)
[2018/1/29 - 1:25:13] Oliver Hooligan Jr has withdrawn a SPAS-12 from the weapon locker (Cost: 30)
[2018/1/29 - 1:25:19] Oliver Hooligan Jr has withdrawn a M4A1 from the weapon locker (Cost: 20)
[2018/1/29 - 1:25:37] Sherman Walters has withdrawn a Desert Eagle from the weapon locker (Cost: 5)
[2018/1/29 - 1:25:45] Grove OG Marcin Marks has lost connection.
[2018/1/29 - 1:26:13] Sherman Walters has withdrawn a Shotgun from the weapon locker (Cost: 3)
[2018/1/29 - 1:26:43] Brandon R Volkoff has withdrawn a Sniper Rifle from the weapon locker (Cost: 40)
[2018/1/29 - 1:26:59] Jay Sneezy has authorized Sherman Walters to withdraw a M4A1 from the weapon locker (Cost: 20)
[2018/1/29 - 1:28:26] Oliver Hooligan Jr has logged out.
[2018/1/29 - 1:28:54] Kobe Mece has withdrawn 50 grams of Crack from the safe.
[2018/1/29 - 1:39:58] Jay Sneezy has withdrawn a Desert Eagle from the weapon locker (Cost: 5)
[2018/1/29 - 1:40:01] Marcin Marks has withdrawn a Desert Eagle from the weapon locker (Cost: 5)
[2018/1/29 - 1:40:03] Marcin Marks has withdrawn a SPAS-12 from the weapon locker (Cost: 30)
[2018/1/29 - 1:40:04] Marcin Marks has withdrawn a Sniper Rifle from the weapon locker (Cost: 40)
[2018/1/29 - 1:52:19] Jay Sneezy has logged out.
[2018/1/29 - 2:02:00] Grove OG Jay Sneezy (1000085467) (rank 6) has given Kobe Mece (1000088591) rank 4 (Grove Banger) in Grove Street Families (34).
[2018/1/29 - 2:02:06] Grove OG Marcin Marks (1000626775) (rank 6) has given Kobe Mece (1000088591) rank 4 (Grove Banger) in Grove Street Families (34
[2018/1/29 - 2:03:47] Sherman Walters has logged out.
[2018/1/29 - 2:04:13] Brandon R Volkoff has withdrawn a M4A1 from the weapon locker (Cost: 20)
[2018/1/29 - 2:05:30] Marcin Marks has withdrawn a SPAS-12 from the weapon locker (Cost: 30)
[2018/1/29 - 2:05:31] Marcin Marks has withdrawn a Sniper Rifle from the weapon locker (Cost: 40)
[2018/1/29 - 2:05:33] Marcin Marks has withdrawn a Desert Eagle from the weapon locker (Cost: 5)
[2018/1/29 - 2:05:44] Grove OG Marcin Marks (1000626775) (rank 6) has given Kobe Mece (1000088591) rank 6 (Grove OG) in Grove Street Families (34).
[2018/1/29 - 2:05:53] Kobe Mece has withdrawn 50 grams of Heroin from the safe.
[2018/1/29 - 2:05:55] Grove OG Marcin Marks (1000626775) (rank 6) has given Kobe Mece (1000088591) rank 4 (Grove Banger) in Grove Street Families (34
[2018/1/29 - 2:07:30] Jay Sneezy has withdrawn 60 grams of Heroin from the safe.
[2018/1/29 - 2:07:34] Jay Sneezy has withdrawn 100 grams of Crack from the safe.
[2018/1/29 - 2:12:02] Jay Sneezy has withdrawn a SPAS-12 from the weapon locker (Cost: 30)
[2018/1/29 - 2:12:03] Jay Sneezy has withdrawn a Micro Uzi from the weapon locker (Cost: 3)
[2018/1/29 - 2:21:53] Brandon R Volkoff has withdrawn 150 grams of Crack from the safe.
[2018/1/29 - 2:30:46] Marcin Marks has withdrawn a Desert Eagle from the weapon locker (Cost: 5)
[2018/1/29 - 2:30:47] Marcin Marks has withdrawn a SPAS-12 from the weapon locker (Cost: 30)
[2018/1/29 - 2:30:49] Marcin Marks has withdrawn a AK-47 from the weapon locker (Cost: 15)
[2018/1/29 - 2:30:51] Marcin Marks has withdrawn a Sniper Rifle from the weapon locker (Cost: 40)
[2018/1/29 - 2:44:37] Grove OG Marcin Marks (1000626775) (rank 6) has given Sherman Walters (1000628161) rank 2 (Grove Soulja) in Grove Street Famili
[2018/1/29 - 2:50:37] Brandon R Volkoff has withdrawn a M4A1 from the weapon locker (Cost: 20)
[2018/1/29 - 2:50:40] Brandon R Volkoff has withdrawn a SPAS-12 from the weapon locker (Cost: 30)
[2018/1/29 - 2:50:41] Brandon R Volkoff has withdrawn a Desert Eagle from the weapon locker (Cost: 5)
[2018/1/29 - 2:57:25] Brandon R Volkoff has logged out.
[2018/1/29 - 3:13:04] Jay Sneezy has withdrawn a Desert Eagle from the weapon locker (Cost: 5)
[2018/1/29 - 3:13:07] Jay Sneezy has withdrawn a SPAS-12 from the weapon locker (Cost: 30)
[2018/1/29 - 3:13:09] Jay Sneezy has withdrawn a M4A1 from the weapon locker (Cost: 20)
[2018/1/29 - 3:17:48] Marcin Marks has logged out.
[2018/1/29 - 3:20:21] Marcin Marks has withdrawn a SPAS-12 from the weapon locker (Cost: 30)
[2018/1/29 - 3:20:23] Marcin Marks has withdrawn a Sniper Rifle from the weapon locker (Cost: 40)
[2018/1/29 - 3:20:32] Marcin Marks has withdrawn a Desert Eagle from the weapon locker (Cost: 5)
[2018/1/29 - 3:30:16] Grove OG Jay Sneezy (1000085467) (rank 6) has given Kobe Mece (1000088591) rank 4 (Grove Banger) in Grove Street Families (34).
[2018/1/29 - 3:44:04] Marcin Marks has withdrawn a M4A1 from the weapon locker (Cost: 20)
[2018/1/29 - 3:45:24] Marcin Marks has logged out.
[2018/1/29 - 3:47:34] Grove Banger Kobe Mece has lost connection.
[2018/1/29 - 4:16:40] Tyler Yamaguchi has logged out.
[2018/1/29 - 4:53:56] Luis Triton has logged out.
[2018/1/29 - 5:00:40] Tyler Yamaguchi has withdrawn a MP5 from the weapon locker (Cost: 3)
[2018/1/29 - 5:00:44] Tyler Yamaguchi has withdrawn a Desert Eagle from the weapon locker (Cost: 5)
[2018/1/29 - 5:01:42] Sherman Walters has withdrawn a Desert Eagle from the weapon locker (Cost: 5)
[2018/1/29 - 5:18:02] Sherman Walters has withdrawn a Shotgun from the weapon locker (Cost: 3)
[2018/1/29 - 5:18:05] Sherman Walters has withdrawn a Micro Uzi from the weapon locker (Cost: 3)
[2018/1/29 - 5:18:39] Sherman Walters has withdrawn a Desert Eagle from the weapon locker (Cost: 5)
[2018/1/29 - 5:18:41] Sherman Walters has withdrawn a Shotgun from the weapon locker (Cost: 3)
[2018/1/29 - 5:29:30] Sherman Walters has withdrawn a Shotgun from the weapon locker (Cost: 3)
[2018/1/29 - 5:29:47] Sherman Walters has withdrawn a MP5 from the weapon locker (Cost: 3)
[2018/1/29 - 5:29:49] Sherman Walters has withdrawn a Desert Eagle from the weapon locker (Cost: 5)
[2018/1/29 - 5:52:25] Sherman Walters has withdrawn a Shotgun from the weapon locker (Cost: 3)
[2018/1/29 - 6:05:55] Oliver Hooligan Jr has logged out.
[2018/1/29 - 6:13:37] Sherman Walters has withdrawn a Desert Eagle from the weapon locker (Cost: 5)
[2018/1/29 - 6:18:02] Sherman Walters has withdrawn a MP5 from the weapon locker (Cost: 3)
[2018/1/29 - 6:33:03] Sherman Walters has withdrawn a MP5 from the weapon locker (Cost: 3)
[2018/1/29 - 6:49:15] Tyler Yamaguchi has withdrawn a Desert Eagle from the weapon locker (Cost: 5)
[2018/1/29 - 6:49:17] Tyler Yamaguchi has withdrawn a MP5 from the weapon locker (Cost: 3)
[2018/1/29 - 6:51:11] Asiah Maiden Rizal has withdrawn a AK-47 from the weapon locker (Cost: 15)
[2018/1/29 - 6:59:49] Asiah Maiden Rizal has withdrawn a Desert Eagle from the weapon locker (Cost: 5)
[2018/1/29 - 7:01:31] Asiah Maiden Rizal has logged out.
[2018/1/29 - 7:02:38] Asiah Maiden Rizal has logged out.
[2018/1/29 - 7:28:33] Tyler Yamaguchi has logged out.
[2018/1/29 - 7:33:10] Sherman Walters has withdrawn a Desert Eagle from the weapon locker (Cost: 5)
[2018/1/29 - 7:35:13] Baby Grove Asiah Maiden Rizal has lost connection.
[2018/1/29 - 7:41:03] Asiah Maiden Rizal has logged out.
[2018/1/29 - 7:44:08] Sherman Walters has logged out.
[2018/1/29 - 7:49:24] Sherman Walters has withdrawn a MP5 from the weapon locker (Cost: 3)
[2018/1/29 - 7:49:27] Sherman Walters has withdrawn a Desert Eagle from the weapon locker (Cost: 5)
[2018/1/29 - 8:15:53] Baby Grove Shaun Darrel Jay has lost connection.
[2018/1/29 - 8:29:57] Shaun Darrel Jay has withdrawn a Desert Eagle from the weapon locker (Cost: 5)
[2018/1/29 - 8:31:42] Shaun Darrel Jay has withdrawn a Desert Eagle from the weapon locker (Cost: 5)
[2018/1/29 - 8:31:57] Shaun Darrel Jay has withdrawn a MP5 from the weapon locker (Cost: 3)
[2018/1/29 - 8:32:02] Shaun Darrel Jay has withdrawn a AK-47 from the weapon locker (Cost: 15)
[2018/1/29 - 8:32:49] Shaun Darrel Jay has withdrawn a AK-47 from the weapon locker (Cost: 15)
[2018/1/29 - 8:46:48] Shaun Darrel Jay has withdrawn a Desert Eagle from the weapon locker (Cost: 5)
[2018/1/29 - 8:47:22] Asiah Maiden Rizal has withdrawn a AK-47 from the weapon locker (Cost: 15)
[2018/1/29 - 9:01:08] Asiah Maiden Rizal has withdrawn a AK-47 from the weapon locker (Cost: 15)
[2018/1/29 - 9:01:32] Asiah Maiden Rizal has withdrawn a AK-47 from the weapon locker (Cost: 15)
[2018/1/29 - 9:06:04] Tyler Yamaguchi has logged out.
[2018/1/29 - 9:16:28] Baby Grove Asiah Maiden Rizal has lost connection.
[2018/1/29 - 9:18:44] Asiah Maiden Rizal has withdrawn a Desert Eagle from the weapon locker (Cost: 5)
[2018/1/29 - 9:28:37] Asiah Maiden Rizal has logged out.
[2018/1/29 - 9:30:48] Shaun Darrel Jay has logged out.
[2018/1/29 - 10:31:33] Shaun Darrel Jay has withdrawn a Desert Eagle from the weapon locker (Cost: 5)
[2018/1/29 - 10:31:37] Shaun Darrel Jay has withdrawn a AK-47 from the weapon locker (Cost: 15)
[2018/1/29 - 10:32:04] Shaun Darrel Jay has withdrawn a AK-47 from the weapon locker (Cost: 15)
[2018/1/29 - 10:35:34] Shikari Goodman has withdrawn a Desert Eagle from the weapon locker (Cost: 5)
[2018/1/29 - 10:35:37] Shikari Goodman has withdrawn a AK-47 from the weapon locker (Cost: 15)
[2018/1/29 - 10:35:40] Tyler Yamaguchi has withdrawn a Desert Eagle from the weapon locker (Cost: 5)
[2018/1/29 - 10:35:41] Shikari Goodman has withdrawn a MP5 from the weapon locker (Cost: 3)
[2018/1/29 - 10:35:42] Tyler Yamaguchi has withdrawn a MP5 from the weapon locker (Cost: 3)
[2018/1/29 - 10:38:53] Baby Grove Kirdar Hender has lost connection.
[2018/1/29 - 10:39:22] Martin Loy has logged out.
[2018/1/29 - 10:55:05] Tyler Yamaguchi has logged out.
[2018/1/29 - 10:55:24] Shaun Darrel Jay has withdrawn a Shotgun from the weapon locker (Cost: 3)
[2018/1/29 - 10:55:26] Shaun Darrel Jay has withdrawn a Desert Eagle from the weapon locker (Cost: 5)
[2018/1/29 - 10:55:29] Shaun Darrel Jay has withdrawn a AK-47 from the weapon locker (Cost: 15)
[2018/1/29 - 11:05:51] Grove Soulja Shikari Goodman has lost connection.
[2018/1/29 - 11:07:04] Dominic V Martins has withdrawn a AK-47 from the weapon locker (Cost: 15)
[2018/1/29 - 11:08:05] Luis Triton has logged out.
[2018/1/29 - 11:13:24] Marcin Marks has authorized Joey Biston to withdraw a SPAS-12 from the weapon locker (Cost: 30)
[2018/1/29 - 11:16:52] Grove OG Marcin Marks (1000626775) (rank 6) has given Luis Triton (1000032907) rank 5 (Certified Gangsta) in Grove Street Famil
[2018/1/29 - 11:19:05] Grove OG Marcin Marks (1000626775) (rank 6) has uninvited Shaun Darrel Jay (1000628313) (rank 0) from Grove Street Families (34
[2018/1/29 - 11:21:06] Grove OG Marcin Marks (1000626775) (rank 6) has given Dominic V Martins (1000627548) rank 1 (Lil Grove) in Grove Street Familie
[2018/1/29 - 11:21:11] Grove OG Marcin Marks (1000626775) (rank 6) has given Joey Biston (1000627702) rank 2 (Grove Soulja) in Grove Street Families (
[2018/1/29 - 11:25:07] Luis Triton has logged out.
[2018/1/29 - 11:33:55] Shaun Darrel Jay (1000628313) accepted Grove OG Marcin Marks's (1000626775) invite to join Grove Street Families (34).
[2018/1/29 - 11:34:20] Shaun Darrel Jay has withdrawn a Desert Eagle from the weapon locker (Cost: 5)
[2018/1/29 - 11:34:22] Shaun Darrel Jay has withdrawn a AK-47 from the weapon locker (Cost: 15)
[2018/1/29 - 11:45:12] Marcin Marks (1000626775) has changed MOTD for Do not shoot with no roleplay! always roleplay before you shoot! don't kos! to: 
[2018/1/29 - 11:45:26] Marcin Marks (1000626775) has changed MOTD for i'm going on vacation so if u need something just talk to jay sneezy to: i'm goi
[2018/1/29 - 11:45:59] Marcin Marks (1000626775) has changed MOTD for i'm going on vacation fo days so if u need something talk to jay sneezy - Marcin
[2018/1/29 - 11:47:24] Marcin Marks (1000626775) has changed MOTD for To rank5+ = Leadership isn't a thing anymore! everyone has  it now! carefull on 
[2018/1/29 - 11:48:19] Marcin Marks has logged out.
[2018/1/29 - 12:00:32] Luis Triton has logged out.
[2018/1/29 - 12:00:36] Joey Biston has logged out.
[2018/1/29 - 12:01:04] Dominic V Martins has logged out.
[2018/1/29 - 12:11:50] Shaun Darrel Jay has withdrawn a Desert Eagle from the weapon locker (Cost: 5)
[2018/1/29 - 12:11:52] Shaun Darrel Jay has withdrawn a Shotgun from the weapon locker (Cost: 3)
[2018/1/29 - 12:11:53] Shaun Darrel Jay has withdrawn a MP5 from the weapon locker (Cost: 3)
[2018/1/29 - 12:11:55] Shaun Darrel Jay has withdrawn a AK-47 from the weapon locker (Cost: 15)
[2018/1/29 - 12:50:17] Shaun Darrel Jay has withdrawn a Desert Eagle from the weapon locker (Cost: 5)
[2018/1/29 - 12:50:20] Shaun Darrel Jay has withdrawn a AK-47 from the weapon locker (Cost: 15)
[2018/1/29 - 12:50:37] Shaun Darrel Jay has withdrawn a AK-47 from the weapon locker (Cost: 15)
[2018/1/29 - 12:57:25] Tyler Yamaguchi has logged out.
[2018/1/29 - 13:19:25] Dominic V Martins has logged out.
[2018/1/29 - 13:23:53] Dominic V Martins has logged out.
[2018/1/29 - 13:26:07] Marcin Marks has withdrawn a SPAS-12 from the weapon locker (Cost: 30)
[2018/1/29 - 13:26:10] Marcin Marks has withdrawn a Sniper Rifle from the weapon locker (Cost: 40)
[2018/1/29 - 13:26:13] Marcin Marks has withdrawn a Desert Eagle from the weapon locker (Cost: 5)
[2018/1/29 - 13:44:43] Marcin Marks has logged out.
[2018/1/29 - 13:47:21] Dominic V Martins has withdrawn a AK-47 from the weapon locker (Cost: 15)
[2018/1/29 - 13:47:28] Dominic V Martins has logged out.
[2018/1/29 - 14:11:36] Mike Tyga has withdrawn a MP5 from the weapon locker (Cost: 3)
[2018/1/29 - 14:11:39] Mike Tyga has withdrawn a Desert Eagle from the weapon locker (Cost: 5)
[2018/1/29 - 14:12:18] Mike Tyga has withdrawn a Desert Eagle from the weapon locker (Cost: 5)
[2018/1/29 - 14:12:49] Mike Tyga has withdrawn a AK-47 from the weapon locker (Cost: 15)
[2018/1/29 - 14:20:29] Dominic V Martins has logged out.
[2018/1/29 - 14:21:10] Mike Tyga has withdrawn a Desert Eagle from the weapon locker (Cost: 5)
[2018/1/29 - 14:21:22] Mike Tyga has withdrawn a AK-47 from the weapon locker (Cost: 15)
[2018/1/29 - 14:32:02] Tyler Yamaguchi has logged out.
[2018/1/29 - 14:37:34] Lil Grove Dominic V Martins has lost connection.
[2018/1/29 - 14:38:07] Mike Tyga has withdrawn a Desert Eagle from the weapon locker (Cost: 5)
[2018/1/29 - 14:38:24] Mike Tyga has withdrawn a MP5 from the weapon locker (Cost: 3)
[2018/1/29 - 14:38:41] Mike Tyga has withdrawn a Desert Eagle from the weapon locker (Cost: 5)
[2018/1/29 - 14:39:08] Mike Tyga has logged out.
[2018/1/29 - 14:43:58] Mike Tyga has withdrawn a AK-47 from the weapon locker (Cost: 15)
[2018/1/29 - 15:15:42] Brandon R Volkoff has withdrawn $100,000 from the safe.
[2018/1/29 - 15:16:21] Brandon R Volkoff has withdrawn 60 grams of Ecstasy from the safe.
[2018/1/29 - 15:16:35] Brandon R Volkoff has withdrawn 60 grams of Meth from the safe.
[2018/1/29 - 15:17:07] Grove OG Brandon R Volkoff has lost connection.
[2018/1/29 - 15:41:15] Tripp G. Biggums has logged out.
[2018/1/29 - 15:49:51] Shaun Darrel Jay has withdrawn a Desert Eagle from the weapon locker (Cost: 5)
[2018/1/29 - 15:49:52] Shaun Darrel Jay has withdrawn a AK-47 from the weapon locker (Cost: 15)
[2018/1/29 - 15:52:30] Mikey Frank Jay has withdrawn a AK-47 from the weapon locker (Cost: 15)
[2018/1/29 - 16:00:49] Brandon R Volkoff has withdrawn a Desert Eagle from the weapon locker (Cost: 5)
[2018/1/29 - 16:00:50] Brandon R Volkoff has withdrawn a AK-47 from the weapon locker (Cost: 15)
[2018/1/29 - 16:04:11] Dominic V Martins has withdrawn a AK-47 from the weapon locker (Cost: 15)
[2018/1/29 - 16:04:25] Shaun Darrel Jay has withdrawn a Desert Eagle from the weapon locker (Cost: 5)
[2018/1/29 - 16:04:26] Shaun Darrel Jay has withdrawn a AK-47 from the weapon locker (Cost: 15)
[2018/1/29 - 16:07:53] Shaun Darrel Jay has logged out.
[2018/1/29 - 16:17:36] Shaun Darrel Jay has withdrawn a Desert Eagle from the weapon locker (Cost: 5)
[2018/1/29 - 16:17:39] Shaun Darrel Jay has withdrawn a AK-47 from the weapon locker (Cost: 15)
[2018/1/29 - 16:23:13] Brandon R Volkoff has withdrawn a SPAS-12 from the weapon locker (Cost: 30)
[2018/1/29 - 16:23:16] Brandon R Volkoff has withdrawn a Desert Eagle from the weapon locker (Cost: 5)
[2018/1/29 - 16:25:21] Mike Tyga has logged out.
[2018/1/29 - 16:27:26] Brandon R Volkoff has withdrawn a Desert Eagle from the weapon locker (Cost: 5)
[2018/1/29 - 16:31:41] Grove OG Brandon R Volkoff has lost connection.
[2018/1/29 - 16:36:49] Dominic V Martins has withdrawn a AK-47 from the weapon locker (Cost: 15)
[2018/1/29 - 16:37:05] Dominic V Martins has withdrawn a AK-47 from the weapon locker (Cost: 15)
[2018/1/29 - 16:37:29] Dominic V Martins has withdrawn a AK-47 from the weapon locker (Cost: 15)
[2018/1/29 - 16:41:14] Tyler Yamaguchi has logged out.
[2018/1/29 - 16:41:30] Dominic V Martins has withdrawn a AK-47 from the weapon locker (Cost: 15)
[2018/1/29 - 16:42:06] Dominic V Martins has withdrawn a AK-47 from the weapon locker (Cost: 15)
[2018/1/29 - 16:43:18] Dominic V Martins has withdrawn a Desert Eagle from the weapon locker (Cost: 5)
[2018/1/29 - 16:43:32] Dominic V Martins has withdrawn a AK-47 from the weapon locker (Cost: 15)
[2018/1/29 - 16:43:48] Dominic V Martins has withdrawn a AK-47 from the weapon locker (Cost: 15)
[2018/1/29 - 16:44:14] Dominic V Martins has withdrawn a AK-47 from the weapon locker (Cost: 15)
[2018/1/29 - 16:50:30] Oliver Hooligan Jr has withdrawn 20 grams of Ecstasy from the safe.
[2018/1/29 - 16:54:01] Dominic V Martins (1000627548) has quit the Grove Street Families as a rank 1
[2018/1/29 - 16:55:58] Tyler Yamaguchi has withdrawn a MP5 from the weapon locker (Cost: 3)
[2018/1/29 - 16:56:00] Tyler Yamaguchi has withdrawn a Desert Eagle from the weapon locker (Cost: 5)
[2018/1/29 - 16:56:09] Oliver Hooligan Jr has set Desert Eagle weapon restriction from rank 0+ to 2.
[2018/1/29 - 16:56:13] Oliver Hooligan Jr has set Shotgun weapon restriction from rank 0+ to 1.
[2018/1/29 - 16:56:19] Oliver Hooligan Jr has set SPAS-12 weapon restriction from rank 2+ to 5.
[2018/1/29 - 16:56:25] Oliver Hooligan Jr has set Sniper Rifle weapon restriction from rank 2+ to 5.
[2018/1/29 - 16:56:30] Oliver Hooligan Jr has set AK-47 weapon restriction from rank 0+ to 5.
[2018/1/29 - 16:56:34] Oliver Hooligan Jr has set Rifle weapon restriction from rank 0+ to 4.
[2018/1/29 - 16:56:47] Oliver Hooligan Jr has set MP5 weapon restriction from rank 0+ to 1.
[2018/1/29 - 16:56:50] Oliver Hooligan Jr has set Micro Uzi weapon restriction from rank 0+ to 3.
[2018/1/29 - 16:57:35] Oliver Hooligan Jr has authorized Shaun Darrel Jay to withdraw a Desert Eagle from the weapon locker (Cost: 5)
[2018/1/29 - 17:07:13] Brandon R Volkoff has withdrawn a AK-47 from the weapon locker (Cost: 15)
[2018/1/29 - 17:07:14] Brandon R Volkoff has withdrawn a Desert Eagle from the weapon locker (Cost: 5)
[2018/1/29 - 17:07:43] Oliver Hooligan Jr has withdrawn a Desert Eagle from the weapon locker (Cost: 5)
[2018/1/29 - 17:07:50] Oliver Hooligan Jr has withdrawn a MP5 from the weapon locker (Cost: 3)
[2018/1/29 - 17:08:40] Brandon R Volkoff has authorized Tyler Yamaguchi to withdraw a MP5 from the weapon locker (Cost: 3)
[2018/1/29 - 17:08:59] Brandon R Volkoff has authorized Mikey Frank Jay to withdraw a Desert Eagle from the weapon locker (Cost: 5)
[2018/1/29 - 17:09:42] Brandon R Volkoff has authorized Tyler Yamaguchi to withdraw a Desert Eagle from the weapon locker (Cost: 5)
[2018/1/29 - 17:14:46] Brandon R Volkoff (1000625048) has renamed the 6ix9ine division (#3) to 6IX9INE
[2018/1/29 - 17:23:53] Grove OG Brandon R Volkoff has lost connection.
[2018/1/29 - 17:33:11] Luis Triton has logged out.
[2018/1/29 - 17:33:53] Tyler Yamaguchi (1000628026) has quit the Grove Street Families as a rank 0
[2018/1/29 - 17:35:02] Shaun Darrel Jay has logged out.
[2018/1/29 - 17:50:00] Oliver Hooligan Jr has withdrawn a AK-47 from the weapon locker (Cost: 15)
[2018/1/29 - 17:50:03] Oliver Hooligan Jr has withdrawn a Desert Eagle from the weapon locker (Cost: 5)
[2018/1/29 - 17:52:08] Brandon R Volkoff has withdrawn a Desert Eagle from the weapon locker (Cost: 5)
[2018/1/29 - 18:00:51] Brandon R Volkoff has logged out.
[2018/1/29 - 18:07:24] Leon Hood has logged out.
[2018/1/29 - 18:12:44] Leon Hood has withdrawn a Desert Eagle from the weapon locker (Cost: 5)
[2018/1/29 - 18:15:01] Certified Gangsta Luis Triton has lost connection.
[2018/1/29 - 18:20:23] Leon Hood has logged out.
[2018/1/29 - 18:23:52] Marcin Marks has withdrawn $100,000 from the safe.
[2018/1/29 - 18:24:01] Marcin Marks has withdrawn a Desert Eagle from the weapon locker (Cost: 5)
[2018/1/29 - 18:24:05] Marcin Marks has withdrawn a SPAS-12 from the weapon locker (Cost: 30)
[2018/1/29 - 18:24:39] Marcin Marks has set Micro Uzi weapon restriction from rank 3+ to 0.
[2018/1/29 - 18:24:41] Marcin Marks has set MP5 weapon restriction from rank 1+ to 0.
[2018/1/29 - 18:24:44] Marcin Marks has set Desert Eagle weapon restriction from rank 2+ to 1.
[2018/1/29 - 18:24:47] Marcin Marks has set Shotgun weapon restriction from rank 1+ to 0.
[2018/1/29 - 18:25:03] Marcin Marks has withdrawn 40 grams of Meth from the safe.
[2018/1/29 - 18:28:12] Mikey Frank Jay has logged out.
[2018/1/29 - 18:36:58] Akiller Yamaguchi has logged out.
[2018/1/29 - 18:41:26] Akiller Yamaguchi (1000628063) has quit the Grove Street Families as a rank 0
[2018/1/29 - 18:55:42] Grove OG Marcin Marks (1000626775) (rank 6) has uninvited Oliver Hooligan Jr (1000201659) (rank 6) from Grove Street Families (
[2018/1/29 - 18:57:19] Marcin Marks has logged out.
[2018/1/29 - 18:58:15] Oliver Hooligan Jr (1000201659) accepted Grove OG Marcin Marks's (1000626775) invite to join Grove Street Families (34).
[2018/1/29 - 18:58:16] Grove OG Marcin Marks (1000626775) (rank 6) has given Oliver Hooligan Jr (1000201659) rank 6 (Grove OG) in Grove Street Familie
[2018/1/29 - 18:58:29] Oliver Hooligan Jr has withdrawn a AK-47 from the weapon locker (Cost: 15)
[2018/1/29 - 18:59:00] Marcin Marks has logged out.
[2018/1/29 - 19:00:50] Marcin Marks (1000626775) has changed MOTD for i'm going on vacation for a week or so if u need something talk to jay sneezy he
[2018/1/29 - 19:04:09] Shaun Darrel Jay has logged out.
[2018/1/29 - 19:06:43] Oliver Hooligan Jr has logged out.
[2018/1/29 - 19:08:10] Luis Triton has logged out.
[2018/1/29 - 19:08:29] Melm Pearce (1000628394) accepted Grove OG Brandon R Volkoff's (1000625048) invite to join Grove Street Families (34).
[2018/1/29 - 19:11:58] Brandon R Volkoff has withdrawn a AK-47 from the weapon locker (Cost: 15)
[2018/1/29 - 19:15:24] Oliver Hooligan Jr has withdrawn a Desert Eagle from the weapon locker (Cost: 5)
[2018/1/29 - 19:19:08] Baby Grove Melm Pearce has lost connection.
[2018/1/29 - 19:19:27] Oliver Hooligan Jr has logged out.
[2018/1/29 - 19:19:58] Brandon R Volkoff has authorized Shaun Darrel Jay to withdraw a Desert Eagle from the weapon locker (Cost: 5)
[2018/1/29 - 19:26:21] Grove OG Brandon R Volkoff (1000625048) has set Shaun Darrel Jay's (1000628313) division to Gucci Gang in Grove Street Families
[2018/1/29 - 19:42:36] Shaun Darrel Jay has logged out.
[2018/1/29 - 19:49:56] Melm Pearce has logged out.
[2018/1/29 - 20:18:26] Brandon R Volkoff has withdrawn a Desert Eagle from the weapon locker (Cost: 5)
[2018/1/29 - 20:18:28] Brandon R Volkoff has withdrawn a AK-47 from the weapon locker (Cost: 15)
[2018/1/29 - 20:40:03] James Croce has logged out.
[2018/1/29 - 20:44:53] Brandon R Volkoff has withdrawn $26,000 from the safe.
[2018/1/29 - 20:48:41] Marcin Marks has withdrawn a Desert Eagle from the weapon locker (Cost: 5)
[2018/1/29 - 20:48:42] Marcin Marks has withdrawn a SPAS-12 from the weapon locker (Cost: 30)
[2018/1/29 - 20:50:01] Marcin Marks (1000626775) has changed MOTD for yo yall need to respond to /r because I approved to R5+ to kick whoever doesn't 
[2018/1/29 - 20:50:16] Marcin Marks (1000626775) has changed MOTD for yo yall need to respond to /r because I approved to R5+ to kick whoever ignores 
[2018/1/29 - 20:55:43] Grove OG Marcin Marks has lost connection.
[2018/1/29 - 21:08:53] Joey Biston has logged out.
[2018/1/29 - 21:14:57] Oliver Hooligan Jr has logged out.
[2018/1/29 - 21:27:07] Grove OG Brandon R Volkoff has lost connection.
[2018/1/29 - 21:43:23] Oliver Hooligan Jr has logged out.
[2018/1/29 - 21:46:05] Marcin Marks has withdrawn a Desert Eagle from the weapon locker (Cost: 5)
[2018/1/29 - 21:46:09] Marcin Marks has withdrawn a SPAS-12 from the weapon locker (Cost: 30)
[2018/1/29 - 21:57:51] Oliver Hooligan Jr has logged out.
[2018/1/29 - 22:18:03] Oliver Hooligan Jr has withdrawn a M4A1 from the weapon locker (Cost: 20)
[2018/1/29 - 22:18:08] Oliver Hooligan Jr has withdrawn a Desert Eagle from the weapon locker (Cost: 5)
[2018/1/29 - 22:19:12] Oliver Hooligan Jr has withdrawn 20 grams of Meth from the safe.
[2018/1/29 - 22:19:19] Oliver Hooligan Jr has withdrawn 20 grams of Ecstasy from the safe.
[2018/1/29 - 22:28:06] Marcin Marks has logged out.
[2018/1/29 - 22:30:02] Brandon R Volkoff has withdrawn a AK-47 from the weapon locker (Cost: 15)
[2018/1/29 - 22:30:03] Brandon R Volkoff has withdrawn a Desert Eagle from the weapon locker (Cost: 5)
[2018/1/29 - 22:38:18] Oliver Hooligan Jr has withdrawn a M4A1 from the weapon locker (Cost: 20)
[2018/1/29 - 22:38:22] Oliver Hooligan Jr has withdrawn a SPAS-12 from the weapon locker (Cost: 30)
[2018/1/29 - 22:41:21] Oliver Hooligan Jr has withdrawn 20 grams of Ecstasy from the safe.
[2018/1/29 - 22:43:18] Brandon R Volkoff has withdrawn a SPAS-12 from the weapon locker (Cost: 30)
[2018/1/29 - 22:43:35] Brandon R Volkoff has authorized Joey Biston to withdraw a SPAS-12 from the weapon locker (Cost: 30)
[2018/1/29 - 22:43:46] Brandon R Volkoff has withdrawn 60 grams of Crack from the safe.
[2018/1/29 - 22:44:19] Oliver Hooligan Jr has withdrawn 80 grams of Crack from the safe.
[2018/1/29 - 22:44:33] Brandon R Volkoff has withdrawn 20 grams of Crack from the safe.
[2018/1/29 - 22:44:45] Brandon R Volkoff has withdrawn a Desert Eagle from the weapon locker (Cost: 5)
[2018/1/29 - 22:44:49] Brandon R Volkoff has withdrawn a AK-47 from the weapon locker (Cost: 15)
[2018/1/29 - 22:45:04] Brandon R Volkoff has deposited a AK-47 into the locker.
[2018/1/29 - 22:45:13] Brandon R Volkoff has withdrawn a M4A1 from the weapon locker (Cost: 20)
[2018/1/29 - 22:45:43] Oliver Hooligan Jr has logged out.
[2018/1/29 - 22:54:51] Oliver Hooligan Jr has withdrawn a M4A1 from the weapon locker (Cost: 20)
[2018/1/29 - 22:54:54] Oliver Hooligan Jr has withdrawn a SPAS-12 from the weapon locker (Cost: 30)
[2018/1/29 - 22:55:22] Brandon R Volkoff has withdrawn a M4A1 from the weapon locker (Cost: 20)
[2018/1/29 - 22:55:28] Brandon R Volkoff has withdrawn a SPAS-12 from the weapon locker (Cost: 30)
[2018/1/29 - 22:59:20] Brandon R Volkoff has withdrawn a SPAS-12 from the weapon locker (Cost: 30)
[2018/1/29 - 22:59:22] Brandon R Volkoff has withdrawn a M4A1 from the weapon locker (Cost: 20)
[2018/1/29 - 23:06:16] Brandon R Volkoff has withdrawn a M4A1 from the weapon locker (Cost: 20)
[2018/1/29 - 23:06:18] Brandon R Volkoff has withdrawn a SPAS-12 from the weapon locker (Cost: 30)
[2018/1/29 - 23:06:55] Joey Biston has withdrawn a Desert Eagle from the weapon locker (Cost: 5)
[2018/1/29 - 23:09:28] Oliver Hooligan Jr has withdrawn a M4A1 from the weapon locker (Cost: 20)
[2018/1/29 - 23:09:33] Oliver Hooligan Jr has withdrawn a Desert Eagle from the weapon locker (Cost: 5)
[2018/1/29 - 23:13:41] Joey Biston has withdrawn a MP5 from the weapon locker (Cost: 3)
[2018/1/29 - 23:26:51] Joey Biston has logged out.
[2018/1/29 - 23:26:51] Brandon R Volkoff has logged out.
[2018/1/29 - 23:26:58] Oliver Hooligan Jr has logged out.
