[2018/1/24 - 0:07:13] Brandon R Volkoff has withdrawn a SPAS-12 from the weapon locker (Cost: 30)
[2018/1/24 - 0:07:25] Brandon R Volkoff has withdrawn 20 grams of Ecstasy from the safe.
[2018/1/24 - 0:07:33] Richie Volkoff has withdrawn a Desert Eagle from the weapon locker (Cost: 5)
[2018/1/24 - 0:07:49] Brandon R Volkoff has withdrawn a Desert Eagle from the weapon locker (Cost: 5)
[2018/1/24 - 0:07:50] Oliver Hooligan Jr has withdrawn a Desert Eagle from the weapon locker (Cost: 5)
[2018/1/24 - 0:08:04] Oliver Hooligan Jr has withdrawn 20 grams of Ecstasy from the safe.
[2018/1/24 - 0:08:06] Richie Volkoff has withdrawn 20 grams of Ecstasy from the safe.
[2018/1/24 - 0:08:42] Oliver Hooligan Jr has withdrawn a SPAS-12 from the weapon locker (Cost: 30)
[2018/1/24 - 0:08:44] Andre Nickatina has withdrawn a Desert Eagle from the weapon locker (Cost: 5)
[2018/1/24 - 0:08:48] Andre Nickatina has withdrawn a Micro Uzi from the weapon locker (Cost: 3)
[2018/1/24 - 0:08:58] Andre Nickatina has withdrawn a Shotgun from the weapon locker (Cost: 3)
[2018/1/24 - 0:09:02] Andre Nickatina has withdrawn a AK-47 from the weapon locker (Cost: 15)
[2018/1/24 - 0:09:17] Andre Nickatina has withdrawn 2 grams of Ecstasy from the safe.
[2018/1/24 - 0:09:25] Andre Nickatina has withdrawn 18 grams of Ecstasy from the safe.
[2018/1/24 - 0:17:43] Benedetto Urban (1000624795) has made Benedetto Urban (1000624795) the leader of the Grove Street Families.
[2018/1/24 - 0:17:48] Benedetto Urban (1000624795) has quit the Grove Street Families as a rank 6
[2018/1/24 - 0:32:26] Brandon R Volkoff has withdrawn a Desert Eagle from the weapon locker (Cost: 5)
[2018/1/24 - 0:32:28] Brandon R Volkoff has withdrawn a SPAS-12 from the weapon locker (Cost: 30)
[2018/1/24 - 0:32:37] Andre Nickatina has withdrawn a Desert Eagle from the weapon locker (Cost: 5)
[2018/1/24 - 0:32:41] Andre Nickatina has withdrawn a Micro Uzi from the weapon locker (Cost: 3)
[2018/1/24 - 0:32:44] Andre Nickatina has withdrawn a SPAS-12 from the weapon locker (Cost: 30)
[2018/1/24 - 0:33:31] Andre Nickatina has withdrawn 20 grams of Meth from the safe.
[2018/1/24 - 0:33:33] Jay Sneezy has set SPAS-12 weapon restriction from rank 5+ to 7.
[2018/1/24 - 0:33:46] Oliver Hooligan Jr has withdrawn 20 grams of Meth from the safe.
[2018/1/24 - 0:33:58] Oliver Hooligan Jr has withdrawn a Desert Eagle from the weapon locker (Cost: 5)
[2018/1/24 - 0:34:37] Brandon R Volkoff has withdrawn 20 grams of Ecstasy from the safe.
[2018/1/24 - 0:35:17] Andre Nickatina has withdrawn 100 grams of Pot from the safe.
[2018/1/24 - 0:38:03] Richie Volkoff has withdrawn a Desert Eagle from the weapon locker (Cost: 5)
[2018/1/24 - 0:38:05] Richie Volkoff has withdrawn a MP5 from the weapon locker (Cost: 3)
[2018/1/24 - 0:48:21] Grove OG Oliver Hooligan Jr has lost connection.
[2018/1/24 - 0:50:53] Emily Lord (1000482478) accepted Certified Gangsta Brandon R Volkoff's (1000625048) invite to join Grove Street Families (34).
[2018/1/24 - 0:51:07] Jay Sneezy has withdrawn $300,000 from the safe.
[2018/1/24 - 0:51:24] Andre Nickatina has withdrawn a Desert Eagle from the weapon locker (Cost: 5)
[2018/1/24 - 0:52:00] Andre Nickatina has withdrawn a Shotgun from the weapon locker (Cost: 3)
[2018/1/24 - 0:52:03] Andre Nickatina has withdrawn a MP5 from the weapon locker (Cost: 3)
[2018/1/24 - 0:55:32] Richie Volkoff has withdrawn a Desert Eagle from the weapon locker (Cost: 5)
[2018/1/24 - 0:57:07] Michael J. Aachen has logged out.
[2018/1/24 - 0:59:30] Oliver Hooligan Jr has withdrawn 20 grams of Meth from the safe.
[2018/1/24 - 0:59:46] Oliver Hooligan Jr has withdrawn a Desert Eagle from the weapon locker (Cost: 5)
[2018/1/24 - 0:59:48] Oliver Hooligan Jr has withdrawn a MP5 from the weapon locker (Cost: 3)
[2018/1/24 - 1:08:31] Richie Volkoff has withdrawn a Desert Eagle from the weapon locker (Cost: 5)
[2018/1/24 - 1:08:33] Richie Volkoff has withdrawn a AK-47 from the weapon locker (Cost: 15)
[2018/1/24 - 1:37:54] Oliver Hooligan Jr has logged out.
[2018/1/24 - 1:39:54] Andre Nickatina has withdrawn 25 grams of Crack from the safe.
[2018/1/24 - 1:40:01] Baby Grove Emily Lord has lost connection.
[2018/1/24 - 1:42:54] Andre Nickatina has withdrawn a AK-47 from the weapon locker (Cost: 15)
[2018/1/24 - 1:51:04] Certified Gangsta Richie Volkoff has lost connection.
[2018/1/24 - 1:57:35] Brandon R Volkoff has logged out.
[2018/1/24 - 2:02:55] Fukimo Mekuto has logged out.
[2018/1/24 - 2:11:16] Certified Gangsta Richie Volkoff has lost connection.
[2018/1/24 - 2:14:21] Andre Nickatina has logged out.
[2018/1/24 - 2:23:04] Richie Volkoff has logged out.
[2018/1/24 - 2:33:15] Jay Sneezy has logged out.
[2018/1/24 - 3:19:47] Bruce Flleming has withdrawn a Desert Eagle from the weapon locker (Cost: 5)
[2018/1/24 - 3:21:04] Bruce Flleming has withdrawn a AK-47 from the weapon locker (Cost: 15)
[2018/1/24 - 3:55:00] Richie Volkoff has withdrawn a Desert Eagle from the weapon locker (Cost: 5)
[2018/1/24 - 3:56:25] Fukimo Mekuto has logged out.
[2018/1/24 - 4:07:25] Bruce Flleming has withdrawn a Desert Eagle from the weapon locker (Cost: 5)
[2018/1/24 - 4:07:29] Bruce Flleming has withdrawn a AK-47 from the weapon locker (Cost: 15)
[2018/1/24 - 4:07:34] Richie Volkoff has withdrawn a AK-47 from the weapon locker (Cost: 15)
[2018/1/24 - 5:02:40] Nick Savage (1000625450) accepted Grove OG Marcin Marks's (1000626775) invite to join Grove Street Families (34).
[2018/1/24 - 5:21:03] Marcin Marks has deposited 10000 materials into the safe.
[2018/1/24 - 5:21:30] Nick Savage has withdrawn a MP5 from the weapon locker (Cost: 3)
[2018/1/24 - 5:21:40] Marcin Marks has deposited 10000 materials into the safe.
[2018/1/24 - 5:21:51] Certified Gangsta Bruce Flleming has lost connection.
[2018/1/24 - 5:22:44] Jay Sneezy (1000085467) has renamed the Gucci gang division (#2) to Gucci Gang
[2018/1/24 - 5:24:12] Richie Volkoff has logged out.
[2018/1/24 - 5:26:47] Sammy Shiekadatu has logged out.
[2018/1/24 - 5:30:34] Nick Savage has logged out.
[2018/1/24 - 5:35:49] Marcin Marks has withdrawn a Desert Eagle from the weapon locker (Cost: 5)
[2018/1/24 - 5:58:48] Nick Savage has logged out.
[2018/1/24 - 6:00:57] Marcin Marks has withdrawn a Sniper Rifle from the weapon locker (Cost: 40)
[2018/1/24 - 6:01:00] Marcin Marks has withdrawn a Desert Eagle from the weapon locker (Cost: 5)
[2018/1/24 - 6:01:16] Marcin Marks has withdrawn 20 grams of Meth from the safe.
[2018/1/24 - 6:01:29] Jay Sneezy has withdrawn a Desert Eagle from the weapon locker (Cost: 5)
[2018/1/24 - 6:02:06] Jay Sneezy has withdrawn 20 grams of Ecstasy from the safe.
[2018/1/24 - 6:03:55] Grove OG Marcin Marks (1000626775) (rank 6) has uninvited Chan Saints Berlioz (1000625990) (rank 0) from Grove Street Families 
[2018/1/24 - 6:15:39] Nick Savage (1000625450) has quit the Grove Street Families as a rank 0
[2018/1/24 - 6:16:38] Bruce Flleming has withdrawn 5 grams of Crack from the safe.
[2018/1/24 - 6:17:23] Jay Sneezy has authorized Jenny Archer to withdraw a Desert Eagle from the weapon locker (Cost: 5)
[2018/1/24 - 6:17:27] Jay Sneezy has withdrawn a Desert Eagle from the weapon locker (Cost: 5)
[2018/1/24 - 6:17:34] Jay Sneezy has withdrawn a Micro Uzi from the weapon locker (Cost: 3)
[2018/1/24 - 6:17:54] Jay Sneezy has withdrawn 15 grams of Ecstasy from the safe.
[2018/1/24 - 6:18:03] Marcin Marks has withdrawn a Desert Eagle from the weapon locker (Cost: 5)
[2018/1/24 - 6:18:05] Marcin Marks has withdrawn a Sniper Rifle from the weapon locker (Cost: 40)
[2018/1/24 - 6:18:13] Baby Grove Jenny Archer has lost connection.
[2018/1/24 - 6:23:17] Marcin Marks has logged out.
[2018/1/24 - 6:24:09] Jay Sneezy has withdrawn a Micro Uzi from the weapon locker (Cost: 3)
[2018/1/24 - 6:24:11] Jay Sneezy has withdrawn a Desert Eagle from the weapon locker (Cost: 5)
[2018/1/24 - 6:47:16] Jenny Archer has logged out.
[2018/1/24 - 6:51:59] Sammy Shiekadatu has logged out.
[2018/1/24 - 6:54:02] Jay Sneezy (1000085467) has changed MOTD for FREQUENCY: 1099 - NOT ALLIES WITH VATOS ANYMORE - NEUTRAL WITH Chiapas/Ancelotti/V
[2018/1/24 - 6:56:34] Hachiro H Fukuda (1000626831) accepted Grove OG Jay Sneezy's (1000085467) invite to join Grove Street Families (34).
[2018/1/24 - 6:56:58] Burat Zafuki has withdrawn a MP5 from the weapon locker (Cost: 3)
[2018/1/24 - 6:57:04] Jay Sneezy has authorized Burat Zafuki to withdraw a Desert Eagle from the weapon locker (Cost: 5)
[2018/1/24 - 6:57:09] Grove OG Jay Sneezy (1000085467) (rank 6) has given Burat Zafuki (1000625221) rank 2 (Grove Soulja) in Grove Street Families (3
[2018/1/24 - 6:57:12] Bruce Flleming has withdrawn a Desert Eagle from the weapon locker (Cost: 5)
[2018/1/24 - 6:57:14] Jay Sneezy has authorized Hachiro H Fukuda to withdraw a Desert Eagle from the weapon locker (Cost: 5)
[2018/1/24 - 6:57:17] Bruce Flleming has withdrawn a AK-47 from the weapon locker (Cost: 15)
[2018/1/24 - 6:57:47] Jay Sneezy has withdrawn a Desert Eagle from the weapon locker (Cost: 5)
[2018/1/24 - 6:58:46] Jay Sneezy has withdrawn 20 grams of Ecstasy from the safe.
[2018/1/24 - 7:07:01] Grove OG Jay Sneezy (1000085467) (rank 6) has given Sammy Shiekadatu (1000625240) rank 1 (Lill Grove) in Grove Street Families 
[2018/1/24 - 7:09:22] Grove OG Jay Sneezy (1000085467) (rank 6) has given Fukimo Mekuto (1000625726) rank 1 (Lill Grove) in Grove Street Families (34
[2018/1/24 - 7:11:42] Jay Sneezy has logged out.
[2018/1/24 - 7:18:12] Bruce Flleming has logged out.
[2018/1/24 - 7:37:13] Jabar Escobar has logged out.
[2018/1/24 - 7:42:21] Jabar Escobar has logged out.
[2018/1/24 - 7:44:35] Jabar Escobar has logged out.
[2018/1/24 - 7:51:11] Lill Grove Sammy Shiekadatu has lost connection.
[2018/1/24 - 7:51:12] Lill Grove Fukimo Mekuto has lost connection.
[2018/1/24 - 7:51:12] Grove Soulja Burat Zafuki has lost connection.
[2018/1/24 - 7:51:12] Baby Grove Jabar Escobar has lost connection.
[2018/1/24 - 7:54:00] Burat Zafuki has withdrawn a Desert Eagle from the weapon locker (Cost: 5)
[2018/1/24 - 7:54:05] Burat Zafuki has withdrawn a Micro Uzi from the weapon locker (Cost: 3)
[2018/1/24 - 7:58:22] Sammy Shiekadatu has logged out.
[2018/1/24 - 7:58:50] Fukimo Mekuto has logged out.
[2018/1/24 - 7:58:53] Burat Zafuki has logged out.
[2018/1/24 - 8:01:02] Jabar Escobar has logged out.
[2018/1/24 - 8:02:17] Jabar Escobar has logged out.
[2018/1/24 - 8:03:25] Jabar Escobar has logged out.
[2018/1/24 - 8:05:21] Jabar Escobar has logged out.
[2018/1/24 - 8:17:46] Lill Grove Sammy Shiekadatu has lost connection.
[2018/1/24 - 8:41:50] Sammy Shiekadatu has logged out.
[2018/1/24 - 8:50:02] Sammy Shiekadatu has logged out.
[2018/1/24 - 8:55:05] Fukimo Mekuto has logged out.
[2018/1/24 - 9:06:48] Fukimo Mekuto has logged out.
[2018/1/24 - 9:08:15] Jabar Escobar has logged out.
[2018/1/24 - 9:15:03] Sammy Shiekadatu has logged out.
[2018/1/24 - 9:32:23] Fukimo Mekuto has logged out.
[2018/1/24 - 9:36:21] Baby Grove Jabar Escobar has lost connection.
[2018/1/24 - 9:44:52] Jabar Escobar (1000626831) has quit the Grove Street Families as a rank 0
[2018/1/24 - 9:44:54] Sammy Shiekadatu has logged out.
[2018/1/24 - 9:54:46] Sammy Shiekadatu has logged out.
[2018/1/24 - 10:52:35] Sammy Shiekadatu has logged out.
[2018/1/24 - 11:01:15] Lill Grove Sammy Shiekadatu has lost connection.
[2018/1/24 - 11:03:09] Jimmy C. Rossi has logged out.
[2018/1/24 - 12:00:54] Baby Grove Kog Scaletta Sr has lost connection.
[2018/1/24 - 12:05:48] Kog Scaletta Sr has withdrawn a Shotgun from the weapon locker (Cost: 3)
[2018/1/24 - 12:05:51] Kog Scaletta Sr has withdrawn a MP5 from the weapon locker (Cost: 3)
[2018/1/24 - 12:07:28] Kog Scaletta Sr has logged out.
[2018/1/24 - 12:12:28] Sammy Shiekadatu has logged out.
[2018/1/24 - 12:12:34] Kog Scaletta Sr has logged out.
[2018/1/24 - 12:19:45] Fukimo Mekuto has logged out.
[2018/1/24 - 13:06:00] Jenson Lee has logged out.
[2018/1/24 - 13:06:05] Lill Grove Levi Vuk Schnetzer has lost connection.
[2018/1/24 - 13:10:46] Luis Triton has withdrawn a Shotgun from the weapon locker (Cost: 3)
[2018/1/24 - 13:10:50] Luis Triton has withdrawn a MP5 from the weapon locker (Cost: 3)
[2018/1/24 - 13:11:22] Luis Triton has logged out.
[2018/1/24 - 13:49:15] Kog Scaletta Sr has logged out.
[2018/1/24 - 13:51:10] Baby Grove Kog Scalleta Jr has lost connection.
[2018/1/24 - 13:51:37] Kog Scaletta Sr has withdrawn a Shotgun from the weapon locker (Cost: 3)
[2018/1/24 - 13:51:39] Kog Scaletta Sr has withdrawn a MP5 from the weapon locker (Cost: 3)
[2018/1/24 - 13:51:47] Brandon R Volkoff has authorized Kog Scaletta Sr to withdraw a Desert Eagle from the weapon locker (Cost: 5)
[2018/1/24 - 13:53:32] Brandon R Volkoff has logged out.
[2018/1/24 - 13:56:16] Kog Scalleta Jr has withdrawn a MP5 from the weapon locker (Cost: 3)
[2018/1/24 - 13:56:19] Kog Scalleta Jr has withdrawn a Shotgun from the weapon locker (Cost: 3)
[2018/1/24 - 14:01:54] Justine Z. Blinkz (1000505199) has quit the Grove Street Families as a rank 0
[2018/1/24 - 14:08:24] Kog Scaletta Sr has logged out.
[2018/1/24 - 14:11:07] Certified Gangsta Brandon R Volkoff (rank 6) has offline uninvited Kog Scaletta Sr from Grove Street Families (34).
[2018/1/24 - 14:11:10] Baby Grove Sanchez Bleu has lost connection.
[2018/1/24 - 14:13:46] Brandon R Volkoff has authorized Tom Oldman to withdraw a Desert Eagle from the weapon locker (Cost: 5)
[2018/1/24 - 14:14:42] Fukimo Mekuto has logged out.
[2018/1/24 - 14:14:54] Tom Oldman has withdrawn a MP5 from the weapon locker (Cost: 3)
[2018/1/24 - 14:14:58] Tom Oldman has withdrawn a Shotgun from the weapon locker (Cost: 3)
[2018/1/24 - 14:18:28] Certified Gangsta Brandon R Volkoff (1000625048) (rank 5) has given Tom Oldman (1000627687) rank 1 (Lill Grove) in Grove Street
[2018/1/24 - 14:20:19] Kog Scalleta Jr has logged out.
[2018/1/24 - 14:20:29] Brandon R Volkoff has logged out.
[2018/1/24 - 14:38:37] Tripp G. Biggums has authorized Kog Scalleta Jr to withdraw a Desert Eagle from the weapon locker (Cost: 5)
[2018/1/24 - 14:39:34] Tripp G. Biggums has logged out.
[2018/1/24 - 14:57:39] Kog Scalleta Jr has withdrawn a MP5 from the weapon locker (Cost: 3)
[2018/1/24 - 15:03:17] Kog Scalleta Jr has logged out.
[2018/1/24 - 15:05:05] Bruce Flleming has withdrawn a Desert Eagle from the weapon locker (Cost: 5)
[2018/1/24 - 15:05:11] Bruce Flleming has withdrawn a MP5 from the weapon locker (Cost: 3)
[2018/1/24 - 15:08:48] Certified Gangsta Bruce Flleming has lost connection.
[2018/1/24 - 15:19:47] Fukimo Mekuto has logged out.
[2018/1/24 - 15:21:27] Sanchez Bleu has logged out.
[2018/1/24 - 15:22:34] Certified Gangsta Bruce Flleming has lost connection.
[2018/1/24 - 15:27:12] Sanchez Bleu has logged out.
[2018/1/24 - 15:34:01] Certified Gangsta Bruce Flleming has lost connection.
[2018/1/24 - 15:38:01] Certified Gangsta Bruce Flleming has lost connection.
[2018/1/24 - 15:48:11] Certified Gangsta Bruce Flleming has lost connection.
[2018/1/24 - 15:50:45] Bruce Flleming has logged out.
[2018/1/24 - 15:54:56] Certified Gangsta Bruce Flleming has lost connection.
[2018/1/24 - 16:13:13] Tom Oldman has withdrawn a MP5 from the weapon locker (Cost: 3)
[2018/1/24 - 16:13:18] Oliver Hooligan Jr has authorized Tom Oldman to withdraw a AK-47 from the weapon locker (Cost: 15)
[2018/1/24 - 16:13:20] Tom Oldman has withdrawn a Shotgun from the weapon locker (Cost: 3)
[2018/1/24 - 16:19:57] Oliver Hooligan Jr has withdrawn a Sniper Rifle from the weapon locker (Cost: 40)
[2018/1/24 - 16:36:42] Oliver Hooligan Jr has withdrawn 40 grams of Meth from the safe.
[2018/1/24 - 16:37:00] Oliver Hooligan Jr has withdrawn a Desert Eagle from the weapon locker (Cost: 5)
[2018/1/24 - 16:37:02] Oliver Hooligan Jr has withdrawn a MP5 from the weapon locker (Cost: 3)
[2018/1/24 - 16:39:08] Marcin Marks has withdrawn 100 grams of Meth from the safe.
[2018/1/24 - 16:39:12] Marcin Marks has withdrawn 200 grams of Ecstasy from the safe.
[2018/1/24 - 16:39:20] Marcin Marks has withdrawn 300 grams of Crack from the safe.
[2018/1/24 - 16:39:25] Marcin Marks has withdrawn a Desert Eagle from the weapon locker (Cost: 5)
[2018/1/24 - 16:39:31] Marcin Marks has withdrawn a Shotgun from the weapon locker (Cost: 3)
[2018/1/24 - 16:45:29] Marcin Marks has authorized Tom Oldman to withdraw a Desert Eagle from the weapon locker (Cost: 5)
[2018/1/24 - 16:46:40] Marcin Marks has authorized Tom Oldman to withdraw a AK-47 from the weapon locker (Cost: 15)
[2018/1/24 - 16:49:06] Grove OG Marcin Marks (1000626775) (rank 6) has uninvited Tripp G. Biggums (1000627066) (rank 4) from Grove Street Families (34
[2018/1/24 - 16:49:12] Tripp G. Biggums (1000627066) accepted Grove OG Marcin Marks's (1000626775) invite to join Grove Street Families (34).
[2018/1/24 - 16:49:13] Grove OG Marcin Marks (1000626775) (rank 6) has given Tripp G. Biggums (1000627066) rank 4 (Grove Banger) in Grove Street Famil
[2018/1/24 - 16:49:19] Grove OG Marcin Marks (1000626775) has set Tripp G. Biggums's (1000627066) division to Old School in Grove Street Families (34)
[2018/1/24 - 17:05:13] Oliver Hooligan Jr has withdrawn 1000 materials from the safe.
[2018/1/24 - 17:07:54] Oliver Hooligan Jr has deposited 1000 materials into the safe.
[2018/1/24 - 17:28:39] Tripp G. Biggums has logged out.
[2018/1/24 - 17:32:56] Oliver Hooligan Jr has authorized Luis Triton to withdraw a Desert Eagle from the weapon locker (Cost: 5)
[2018/1/24 - 17:33:56] Oliver Hooligan Jr has authorized Leon Hood to withdraw a AK-47 from the weapon locker (Cost: 15)
[2018/1/24 - 17:46:22] Grove OG Oliver Hooligan Jr (1000201659) (rank 6) has given Leon Hood (1000179368) rank 1 (Lill Grove) in Grove Street Families
[2018/1/24 - 17:48:17] Lill Grove Leon Hood has lost connection.
[2018/1/24 - 17:54:05] Lill Grove Luis Triton has lost connection.
[2018/1/24 - 17:55:04] Grove OG Oliver Hooligan Jr has lost connection.
[2018/1/24 - 18:07:27] Grove OG Oliver Hooligan Jr has lost connection.
[2018/1/24 - 18:09:55] Jenson Lee has logged out.
[2018/1/24 - 18:10:41] Leon Hood has logged out.
[2018/1/24 - 18:12:17] Brandon R Volkoff has withdrawn a AK-47 from the weapon locker (Cost: 15)
[2018/1/24 - 18:12:19] Brandon R Volkoff has withdrawn a Desert Eagle from the weapon locker (Cost: 5)
[2018/1/24 - 18:12:44] Sarah Biggums has withdrawn a Desert Eagle from the weapon locker (Cost: 5)
[2018/1/24 - 18:13:23] Brandon R Volkoff has withdrawn 20 grams of Ecstasy from the safe.
[2018/1/24 - 18:13:31] Brandon R Volkoff has withdrawn 20 grams of Pot from the safe.
[2018/1/24 - 18:13:53] Oliver Hooligan Jr has withdrawn a Desert Eagle from the weapon locker (Cost: 5)
[2018/1/24 - 18:13:56] Oliver Hooligan Jr has withdrawn a MP5 from the weapon locker (Cost: 3)
[2018/1/24 - 18:14:08] Marcin Marks has withdrawn a Sniper Rifle from the weapon locker (Cost: 40)
[2018/1/24 - 18:14:10] Marcin Marks has withdrawn a Desert Eagle from the weapon locker (Cost: 5)
[2018/1/24 - 18:17:32] Sanchez Bleu has logged out.
[2018/1/24 - 18:18:37] Brandon R Volkoff has withdrawn 20 grams of Meth from the safe.
[2018/1/24 - 18:18:38] Oliver Hooligan Jr has authorized Tom Oldman to withdraw a Desert Eagle from the weapon locker (Cost: 5)
[2018/1/24 - 18:18:39] Tom Oldman has withdrawn a MP5 from the weapon locker (Cost: 3)
[2018/1/24 - 18:18:47] Sarah Biggums has logged out.
[2018/1/24 - 18:18:55] Tom Oldman has withdrawn a Shotgun from the weapon locker (Cost: 3)
[2018/1/24 - 18:22:09] Luis Triton has logged out.
[2018/1/24 - 18:22:24] Oliver Hooligan Jr has withdrawn 50 grams of Meth from the safe.
[2018/1/24 - 18:22:37] Oliver Hooligan Jr has withdrawn a Desert Eagle from the weapon locker (Cost: 5)
[2018/1/24 - 18:22:55] Oliver Hooligan Jr has withdrawn 40 grams of Ecstasy from the safe.
[2018/1/24 - 18:22:59] Brandon R Volkoff has withdrawn 20 grams of Meth from the safe.
[2018/1/24 - 18:23:21] Brandon R Volkoff has withdrawn a AK-47 from the weapon locker (Cost: 15)
[2018/1/24 - 18:23:22] Brandon R Volkoff has withdrawn a Desert Eagle from the weapon locker (Cost: 5)
[2018/1/24 - 18:23:26] Michael J. Aachen has logged out.
[2018/1/24 - 18:27:12] Tom Oldman has withdrawn a MP5 from the weapon locker (Cost: 3)
[2018/1/24 - 18:27:44] Tom Oldman has withdrawn a Shotgun from the weapon locker (Cost: 3)
[2018/1/24 - 18:32:46] Marcin Marks has withdrawn a Desert Eagle from the weapon locker (Cost: 5)
[2018/1/24 - 18:32:49] Marcin Marks has withdrawn a Sniper Rifle from the weapon locker (Cost: 40)
[2018/1/24 - 18:34:28] Oliver Hooligan Jr has logged out.
[2018/1/24 - 18:47:07] Marcin Marks has withdrawn a Desert Eagle from the weapon locker (Cost: 5)
[2018/1/24 - 18:47:09] Marcin Marks has withdrawn a Shotgun from the weapon locker (Cost: 3)
[2018/1/24 - 19:04:39] Marcin Marks has logged out.
[2018/1/24 - 19:30:43] Jenson Lee has logged out.
[2018/1/24 - 19:38:51] Tom Oldman has withdrawn a MP5 from the weapon locker (Cost: 3)
[2018/1/24 - 19:38:57] Tom Oldman has withdrawn a Shotgun from the weapon locker (Cost: 3)
[2018/1/24 - 19:43:13] Marcin Marks has withdrawn a Desert Eagle from the weapon locker (Cost: 5)
[2018/1/24 - 19:44:29] Tom Oldman has withdrawn a MP5 from the weapon locker (Cost: 3)
[2018/1/24 - 19:44:34] Tom Oldman has withdrawn a Shotgun from the weapon locker (Cost: 3)
[2018/1/24 - 19:52:42] Marcin Marks has logged out.
[2018/1/24 - 19:54:02] Grove OG Oliver Hooligan Jr (1000201659) (rank 6) has given Meek Hart (1000352402) rank 0 (Baby Grove) in Grove Street Families
[2018/1/24 - 19:54:10] Grove OG Oliver Hooligan Jr (1000201659) (rank 6) has given Tom Oldman (1000627687) rank 0 (Baby Grove) in Grove Street Familie
[2018/1/24 - 19:56:28] Grove OG Oliver Hooligan Jr (1000201659) (rank 6) has uninvited Meek Hart (1000352402) (rank 0) from Grove Street Families (34)
[2018/1/24 - 20:00:28] Tom Oldman has logged out.
[2018/1/24 - 20:03:31] Michael J. Aachen has logged out.
[2018/1/24 - 20:10:29] Oliver Hooligan Jr has withdrawn a Desert Eagle from the weapon locker (Cost: 5)
[2018/1/24 - 20:21:18] Oliver Hooligan Jr has withdrawn a Desert Eagle from the weapon locker (Cost: 5)
[2018/1/24 - 20:23:27] Oliver Hooligan Jr has withdrawn a Sniper Rifle from the weapon locker (Cost: 40)
[2018/1/24 - 20:24:52] Oliver Hooligan Jr has deposited a Sniper Rifle into the locker.
[2018/1/24 - 20:26:39] Marcin Marks has logged out.
[2018/1/24 - 20:29:47] Michelle Garrett has logged out.
[2018/1/24 - 20:41:50] Marcin Marks has logged out.
[2018/1/24 - 20:52:08] Oliver Hooligan Jr has withdrawn 30 grams of Meth from the safe.
[2018/1/24 - 20:58:43] Grove OG Marcin Marks has lost connection.
[2018/1/24 - 21:05:42] Brandon R Volkoff has withdrawn a Shotgun from the weapon locker (Cost: 3)
[2018/1/24 - 21:05:43] Brandon R Volkoff has withdrawn a Desert Eagle from the weapon locker (Cost: 5)
[2018/1/24 - 21:10:17] Jay Sneezy has withdrawn a Desert Eagle from the weapon locker (Cost: 5)
[2018/1/24 - 21:10:29] Jay Sneezy has withdrawn 20 grams of Ecstasy from the safe.
[2018/1/24 - 21:36:55] Oliver Hooligan Jr has logged out.
[2018/1/24 - 21:38:42] Michael J. Aachen (1000570758) has quit the Grove Street Families as a rank 3
[2018/1/24 - 22:23:55] Marcin Marks has withdrawn a Desert Eagle from the weapon locker (Cost: 5)
[2018/1/24 - 22:23:57] Marcin Marks has withdrawn a Shotgun from the weapon locker (Cost: 3)
[2018/1/24 - 22:33:19] Marcin Marks has withdrawn a Desert Eagle from the weapon locker (Cost: 5)
[2018/1/24 - 22:33:21] Marcin Marks has withdrawn a Shotgun from the weapon locker (Cost: 3)
[2018/1/24 - 22:38:43] Marcin Marks has logged out.
[2018/1/24 - 22:40:18] Andre Nickatina has withdrawn 20 grams of Ecstasy from the safe.
[2018/1/24 - 22:41:53] Marcin Marks has withdrawn a Desert Eagle from the weapon locker (Cost: 5)
[2018/1/24 - 22:41:56] Marcin Marks has withdrawn a Shotgun from the weapon locker (Cost: 3)
[2018/1/24 - 22:46:19] Grove OG Jay Sneezy has lost connection.
[2018/1/24 - 22:58:16] Jay Sneezy has withdrawn a Desert Eagle from the weapon locker (Cost: 5)
[2018/1/24 - 22:58:28] Jay Sneezy has withdrawn $250,000 from the safe.
[2018/1/24 - 22:58:46] Jay Sneezy has withdrawn 20 grams of Meth from the safe.
[2018/1/24 - 23:00:10] Emily Lord has logged out.
[2018/1/24 - 23:07:21] Brandon R Volkoff has withdrawn a Micro Uzi from the weapon locker (Cost: 3)
[2018/1/24 - 23:12:57] Marcin Marks has withdrawn a Desert Eagle from the weapon locker (Cost: 5)
[2018/1/24 - 23:12:59] Marcin Marks has withdrawn a Shotgun from the weapon locker (Cost: 3)
[2018/1/24 - 23:18:21] Marcin Marks has logged out.
[2018/1/24 - 23:20:48] Jay Sneezy has withdrawn a Shotgun from the weapon locker (Cost: 3)
[2018/1/24 - 23:20:49] Jay Sneezy has withdrawn a Micro Uzi from the weapon locker (Cost: 3)
[2018/1/24 - 23:20:54] Jay Sneezy has logged out.
[2018/1/24 - 23:21:24] Andre Nickatina has withdrawn a Desert Eagle from the weapon locker (Cost: 5)
[2018/1/24 - 23:21:26] Andre Nickatina has withdrawn a Micro Uzi from the weapon locker (Cost: 3)
[2018/1/24 - 23:21:28] Andre Nickatina has withdrawn a Shotgun from the weapon locker (Cost: 3)
[2018/1/24 - 23:21:55] Andre Nickatina has withdrawn 20 grams of Meth from the safe.
[2018/1/24 - 23:31:59] Oliver Hooligan Jr has withdrawn a Desert Eagle from the weapon locker (Cost: 5)
[2018/1/24 - 23:32:03] Oliver Hooligan Jr has withdrawn a MP5 from the weapon locker (Cost: 3)
[2018/1/24 - 23:32:25] Oliver Hooligan Jr has withdrawn 20 grams of Meth from the safe.
[2018/1/24 - 23:35:44] Marcin Marks has authorized Tom Oldman to withdraw a Desert Eagle from the weapon locker (Cost: 5)
[2018/1/24 - 23:37:38] Marcin Marks has withdrawn a Desert Eagle from the weapon locker (Cost: 5)
[2018/1/24 - 23:42:11] James Croce has withdrawn a MP5 from the weapon locker (Cost: 3)
[2018/1/24 - 23:42:33] Jay Sneezy has withdrawn 250 grams of Crack from the safe.
[2018/1/24 - 23:48:21] Oliver Hooligan Jr has withdrawn a Desert Eagle from the weapon locker (Cost: 5)
[2018/1/24 - 23:48:23] Oliver Hooligan Jr has withdrawn a MP5 from the weapon locker (Cost: 3)
[2018/1/24 - 23:55:54] Certified Gangsta Andre Nickatina has lost connection.
[2018/1/24 - 23:57:27] Certified Gangsta Andre Nickatina has lost connection.
[2018/1/24 - 23:57:58] Oliver Hooligan Jr has withdrawn a Desert Eagle from the weapon locker (Cost: 5)
[2018/1/24 - 23:58:00] Oliver Hooligan Jr has withdrawn a MP5 from the weapon locker (Cost: 3)
[2018/1/24 - 23:58:04] Certified Gangsta Andre Nickatina has lost connection.
[2018/1/24 - 23:58:30] Oliver Hooligan Jr has withdrawn 20 grams of Meth from the safe.
[2018/1/24 - 23:59:36] Andre Nickatina has withdrawn 15 grams of Ecstasy from the safe.
