[2018/1/25 - 0:00:06] Marcin Marks has withdrawn a Sniper Rifle from the weapon locker (Cost: 40)
[2018/1/25 - 0:00:16] James Croce has withdrawn a MP5 from the weapon locker (Cost: 3)
[2018/1/25 - 0:01:00] Andre Nickatina has withdrawn a AK-47 from the weapon locker (Cost: 15)
[2018/1/25 - 0:01:01] Andre Nickatina has withdrawn a Desert Eagle from the weapon locker (Cost: 5)
[2018/1/25 - 0:01:03] Marcin Marks has withdrawn 100 grams of Ecstasy from the safe.
[2018/1/25 - 0:01:03] Andre Nickatina has withdrawn a Micro Uzi from the weapon locker (Cost: 3)
[2018/1/25 - 0:01:21] Jay Sneezy has authorized Tom Oldman to withdraw a Desert Eagle from the weapon locker (Cost: 5)
[2018/1/25 - 0:01:26] Marcin Marks has authorized Brandon R Volkoff to withdraw a SPAS-12 from the weapon locker (Cost: 30)
[2018/1/25 - 0:01:32] Tom Oldman has withdrawn a MP5 from the weapon locker (Cost: 3)
[2018/1/25 - 0:02:39] Tom Oldman has withdrawn a Shotgun from the weapon locker (Cost: 3)
[2018/1/25 - 0:03:10] Marcin Marks has set SPAS-12 weapon restriction from rank 7+ to 5.
[2018/1/25 - 0:03:12] Jay Sneezy has withdrawn a Shotgun from the weapon locker (Cost: 3)
[2018/1/25 - 0:03:13] Jay Sneezy has withdrawn a Micro Uzi from the weapon locker (Cost: 3)
[2018/1/25 - 0:03:41] Marcin Marks has authorized Tom Oldman to withdraw a Rifle from the weapon locker (Cost: 5)
[2018/1/25 - 0:04:20] Grove OG Marcin Marks has lost connection.
[2018/1/25 - 0:11:33] Brandon R Volkoff has logged out.
[2018/1/25 - 0:13:51] Grove OG Marcin Marks (1000626775) (rank 6) has given Kobe Mece (1000088591) rank 4 (Grove Banger) in Grove Street Families (34
[2018/1/25 - 0:13:53] Grove OG Jay Sneezy (1000085467) (rank 6) has given Kobe Mece (1000088591) rank 4 (Grove Banger) in Grove Street Families (34).
[2018/1/25 - 0:37:04] Fukimo Mekuto has logged out.
[2018/1/25 - 0:43:28] Certified Gangsta Andre Nickatina has lost connection.
[2018/1/25 - 0:44:04] Grove OG Oliver Hooligan Jr has lost connection.
[2018/1/25 - 0:44:12] Certified Gangsta Andre Nickatina has lost connection.
[2018/1/25 - 0:48:41] Grove OG Marcin Marks (1000626775) (rank 6) has given Tom Oldman (1000627687) rank 1 (Lill Grove) in Grove Street Families (34)
[2018/1/25 - 0:49:23] Grove Banger Kobe Mece has lost connection.
[2018/1/25 - 0:51:17] Certified Gangsta Andre Nickatina has lost connection.
[2018/1/25 - 0:51:40] James Croce has logged out.
[2018/1/25 - 0:51:45] Marcin Marks has logged out.
[2018/1/25 - 0:51:47] Tom Oldman has logged out.
[2018/1/25 - 0:52:40] Certified Gangsta Andre Nickatina has lost connection.
[2018/1/25 - 0:56:49] Tom Oldman has logged out.
[2018/1/25 - 0:58:35] Fukimo Mekuto has logged out.
