[2018/1/20 - 0:16:23] Sarah Biggums has logged out.
[2018/1/20 - 0:19:13] Sarah Biggums has withdrawn a Desert Eagle from the weapon locker (Cost: 5)
[2018/1/20 - 0:52:26] Jay Sneezy has withdrawn 2000 materials from the safe.
[2018/1/20 - 1:00:36] Grove Banger Kenny Mckiddie has lost connection.
[2018/1/20 - 1:08:05] Sarah Biggums has logged out.
[2018/1/20 - 1:08:21] Grove OG Jay Sneezy (1000085467) has set Brandon R Volkoff's (1000625048) division to Asshole in Grove Street Families (34).
[2018/1/20 - 1:08:48] Jay Sneezy (1000085467) has renamed the Asshole division (#4) to Volkoff Mandem
[2018/1/20 - 1:10:08] Jay Sneezy (1000085467) has renamed the Volkoff Mandem division (#4) to Street Soldier
[2018/1/20 - 1:10:12] Grove OG Jay Sneezy (1000085467) has set Ryan F. Rizzo's (194692) division to Street Soldier in Grove Street Families (34).
[2018/1/20 - 1:19:38] James Croce has logged out.
[2018/1/20 - 1:22:25] Jay Sneezy has withdrawn 2000 materials from the safe.
[2018/1/20 - 1:55:45] Brandon R Volkoff has logged out.
[2018/1/20 - 1:57:26] Grove OG Marcin Marks (1000626775) (rank 6) has given Ryan F. Rizzo (194692) rank 3 (Grove Hustlah) in Grove Street Families (3
[2018/1/20 - 1:58:07] Marcin Marks has logged out.
[2018/1/20 - 2:03:01] Certified Gangsta Brandon R Volkoff has lost connection.
[2018/1/20 - 2:03:26] Grove OG Jay Sneezy has lost connection.
[2018/1/20 - 2:03:26] Grove Hustlah Ryan F. Rizzo has lost connection.
[2018/1/20 - 2:05:19] Certified Gangsta Brandon R Volkoff has lost connection.
[2018/1/20 - 2:05:19] Grove OG Marcin Marks has lost connection.
[2018/1/20 - 2:17:06] Certified Gangsta Brandon R Volkoff has lost connection.
[2018/1/20 - 2:19:07] Certified Gangsta Andre Nickatina has lost connection.
[2018/1/20 - 6:17:17] Grove OG Marcin Marks has lost connection.
[2018/1/20 - 8:28:17] Lill Grove Jamie Nelson has lost connection.
[2018/1/20 - 8:28:23] Baby Grove Kinita Zafuki has lost connection.
[2018/1/20 - 8:37:54] Lill Grove Jamie Nelson has lost connection.
[2018/1/20 - 8:37:55] Baby Grove Kinita Zafuki has lost connection.
[2018/1/20 - 8:45:30] Baby Grove Kinita Zafuki has lost connection.
[2018/1/20 - 8:49:21] Baby Grove Kinita Zafuki has lost connection.
[2018/1/20 - 8:52:36] Jamie Nelson has logged out.
[2018/1/20 - 8:54:45] Baby Grove Kinita Zafuki has lost connection.
[2018/1/20 - 8:56:06] Baby Grove Kinita Zafuki has lost connection.
[2018/1/20 - 11:16:16] Jamie Nelson has logged out.
[2018/1/20 - 11:23:45] Justine Z. Blinkz has logged out.
[2018/1/20 - 12:08:03] Brandon R Volkoff has logged out.
[2018/1/20 - 12:27:27] Jamie Nelson has logged out.
[2018/1/20 - 13:15:50] Lill Grove Jamie Nelson has lost connection.
[2018/1/20 - 13:19:06] Marcin Marks has logged out.
[2018/1/20 - 13:23:02] Marcin Marks has withdrawn 200 grams of Pot from the safe.
[2018/1/20 - 13:23:24] Marcin Marks has withdrawn 200 grams of Crack from the safe.
[2018/1/20 - 13:23:39] Marcin Marks has withdrawn 30 grams of Ecstasy from the safe.
[2018/1/20 - 13:23:49] Marcin Marks has withdrawn 30 grams of Meth from the safe.
[2018/1/20 - 13:41:03] Brandon R Volkoff has logged out.
[2018/1/20 - 13:44:47] Grove OG Marcin Marks has lost connection.
[2018/1/20 - 14:04:13] Kontol Zafuki (1000625726) accepted Grove OG Marcin Marks's (1000626775) invite to join Grove Street Families (34).
[2018/1/20 - 14:07:07] Brandon R Volkoff has logged out.
[2018/1/20 - 14:23:31] Marcin Marks has logged out.
[2018/1/20 - 14:26:55] Grove OG Marcin Marks (1000626775) (rank 6) has uninvited Kontol Zafuki (1000625726) (rank 0) from Grove Street Families (34).
[2018/1/20 - 14:27:16] Marcin Marks has withdrawn a Shotgun from the weapon locker (Cost: 3)
[2018/1/20 - 14:28:24] Kinita Zafuki has logged out.
[2018/1/20 - 14:48:47] Marcin Marks (1000626775) has changed MOTD for t/SETFREQ -1789 !!! IT KEEPS CHANGING! - TS PW: devil666 - We allied with CHIAPA
[2018/1/20 - 14:50:15] Marcin Marks (1000626775) has changed MOTD for t/SETFREQ -1789 !!! IT KEEPS CHANGING! - TS PW: devil666 - We allied with CHIAPA
[2018/1/20 - 15:22:18] Marcin Marks has logged out.
[2018/1/20 - 15:43:42] Sarah Biggums has withdrawn 50 grams of Crack from the safe.
[2018/1/20 - 15:59:47] Certified Gangsta Sarah Biggums has lost connection.
[2018/1/20 - 16:02:37] James Croce has logged out.
[2018/1/20 - 16:34:09] Sarah Biggums has logged out.
[2018/1/20 - 16:34:13] Brandon R Volkoff has logged out.
[2018/1/20 - 16:37:47] Sarah Biggums has logged out.
[2018/1/20 - 17:35:09] Tripp G. Biggums has logged out.
[2018/1/20 - 18:23:40] Baby Grove Leon Hood has lost connection.
[2018/1/20 - 18:54:26] Jamie Nelson has logged out.
[2018/1/20 - 18:57:50] Jamie Nelson has logged out.
[2018/1/20 - 19:17:33] Lill Grove Jamie Nelson has lost connection.
[2018/1/20 - 19:19:42] Baby Grove Kevin Flowers has lost connection.
[2018/1/20 - 19:21:49] Baby Grove Kevin Flowers has lost connection.
[2018/1/20 - 19:36:19] Jamie Nelson has logged out.
[2018/1/20 - 19:37:23] Brandon R Volkoff has logged out.
[2018/1/20 - 19:45:10] Baby Grove Kevin Flowers has lost connection.
[2018/1/20 - 20:29:23] Baby Grove Kevin Flowers has lost connection.
[2018/1/20 - 20:35:56] James Croce has logged out.
[2018/1/20 - 20:36:57] Baby Grove Kevin Flowers has lost connection.
[2018/1/20 - 20:48:49] Lill Grove Jamie Nelson has lost connection.
[2018/1/20 - 20:48:49] Certified Gangsta Brandon R Volkoff has lost connection.
[2018/1/20 - 22:54:03] Certified Gangsta Brandon R Volkoff has lost connection.
[2018/1/20 - 22:54:21] Grove OG Marcin Marks has lost connection.
[2018/1/20 - 23:02:41] Brandon R Volkoff has logged out.
[2018/1/20 - 23:04:15] Brandon R Volkoff has logged out.
