[2018/1/26 - 0:01:01] Burat Zafuki has withdrawn a Desert Eagle from the weapon locker (Cost: 5)
[2018/1/26 - 0:01:10] Marcin Marks has authorized Burat Zafuki to withdraw a Colt .45 from the weapon locker (Cost: 2)
[2018/1/26 - 0:01:18] Burat Zafuki has withdrawn a MP5 from the weapon locker (Cost: 3)
[2018/1/26 - 0:02:07] Burat Zafuki has withdrawn a Desert Eagle from the weapon locker (Cost: 5)
[2018/1/26 - 0:09:31] Matt Kanon has logged out.
[2018/1/26 - 0:09:43] Danny Kanon has logged out.
[2018/1/26 - 0:10:16] Oliver Hooligan Jr has withdrawn a Desert Eagle from the weapon locker (Cost: 5)
[2018/1/26 - 0:10:21] Oliver Hooligan Jr has withdrawn a SPAS-12 from the weapon locker (Cost: 30)
[2018/1/26 - 0:10:45] Baby Grove Chris Kanon has lost connection.
[2018/1/26 - 0:10:49] Brandon R Volkoff has withdrawn 20 grams of Ecstasy from the safe.
[2018/1/26 - 0:11:05] Brandon R Volkoff has withdrawn a Desert Eagle from the weapon locker (Cost: 5)
[2018/1/26 - 0:11:08] Brandon R Volkoff has withdrawn a MP5 from the weapon locker (Cost: 3)
[2018/1/26 - 0:11:10] Andre Nickatina has withdrawn a Desert Eagle from the weapon locker (Cost: 5)
[2018/1/26 - 0:11:13] Andre Nickatina has withdrawn a Micro Uzi from the weapon locker (Cost: 3)
[2018/1/26 - 0:11:19] Andre Nickatina has withdrawn a AK-47 from the weapon locker (Cost: 15)
[2018/1/26 - 0:11:34] Andre Nickatina has withdrawn 20 grams of Meth from the safe.
[2018/1/26 - 0:11:47] Marcin Marks (1000626775) has changed MOTD for NEWS : ALLIES : ISIS + CHIAPAS + BALLAS !!! - BUY RADIO AND SET SETFREQ 7070! DO
[2018/1/26 - 0:11:51] Brandon R Volkoff has withdrawn a SPAS-12 from the weapon locker (Cost: 30)
[2018/1/26 - 0:12:21] Marcin Marks has withdrawn a Shotgun from the weapon locker (Cost: 3)
[2018/1/26 - 0:12:22] Marcin Marks has withdrawn a Desert Eagle from the weapon locker (Cost: 5)
[2018/1/26 - 0:12:24] Marcin Marks has withdrawn a Sniper Rifle from the weapon locker (Cost: 40)
[2018/1/26 - 0:12:26] Matt Kanon has withdrawn a MP5 from the weapon locker (Cost: 3)
[2018/1/26 - 0:12:27] Burat Zafuki has withdrawn a MP5 from the weapon locker (Cost: 3)
[2018/1/26 - 0:12:29] Marcin Marks has authorized Matt Kanon to withdraw a Desert Eagle from the weapon locker (Cost: 5)
[2018/1/26 - 0:12:34] Burat Zafuki has withdrawn a Desert Eagle from the weapon locker (Cost: 5)
[2018/1/26 - 0:13:08] Oliver Hooligan Jr has withdrawn $100,000 from the safe.
[2018/1/26 - 0:14:04] Marcin Marks (1000626775) has changed MOTD for NEWS YOOO!  NEW ALLIES = ISIS + CHIAPAS + BALLAS !!! bbuy a radio and /SETFREQ 7
[2018/1/26 - 0:15:44] Baby Grove Matt Kanon has lost connection.
[2018/1/26 - 0:22:06] Andre Nickatina has withdrawn a Desert Eagle from the weapon locker (Cost: 5)
[2018/1/26 - 0:22:08] Andre Nickatina has withdrawn a AK-47 from the weapon locker (Cost: 15)
[2018/1/26 - 0:22:10] Brandon R Volkoff has withdrawn 20 grams of Ecstasy from the safe.
[2018/1/26 - 0:22:12] Andre Nickatina has withdrawn a Micro Uzi from the weapon locker (Cost: 3)
[2018/1/26 - 0:22:14] Brandon R Volkoff has withdrawn a AK-47 from the weapon locker (Cost: 15)
[2018/1/26 - 0:22:16] Brandon R Volkoff has withdrawn a Desert Eagle from the weapon locker (Cost: 5)
[2018/1/26 - 0:22:50] Andre Nickatina has withdrawn 20 grams of Ecstasy from the safe.
[2018/1/26 - 0:23:18] Andre Nickatina has withdrawn 50 grams of Pot from the safe.
[2018/1/26 - 0:23:24] Andre Nickatina has withdrawn 50 grams of Crack from the safe.
[2018/1/26 - 0:25:06] Oliver Hooligan Jr has withdrawn a MP5 from the weapon locker (Cost: 3)
[2018/1/26 - 0:25:07] Oliver Hooligan Jr has withdrawn a SPAS-12 from the weapon locker (Cost: 30)
[2018/1/26 - 0:25:20] Oliver Hooligan Jr has withdrawn 50 grams of Ecstasy from the safe.
[2018/1/26 - 0:26:20] Marcin Marks has withdrawn a Desert Eagle from the weapon locker (Cost: 5)
[2018/1/26 - 0:34:32] Marcin Marks has logged out.
[2018/1/26 - 0:38:21] Grove OG Andre Nickatina has lost connection.
[2018/1/26 - 0:39:27] Brandon R Volkoff has logged out.
[2018/1/26 - 0:47:04] Marcin Marks has withdrawn a SPAS-12 from the weapon locker (Cost: 30)
[2018/1/26 - 0:47:06] Marcin Marks has withdrawn a Desert Eagle from the weapon locker (Cost: 5)
[2018/1/26 - 0:47:25] Marcin Marks has withdrawn 100 grams of Meth from the safe.
[2018/1/26 - 0:47:43] Grove OG Brandon R Volkoff (1000625048) has set Brandon R Volkoff's (1000625048) division to Street Soldier in Grove Street Fam
[2018/1/26 - 0:52:46] Chris Kanon has withdrawn a MP5 from the weapon locker (Cost: 3)
[2018/1/26 - 0:52:52] Marcin Marks has authorized Chris Kanon to withdraw a Desert Eagle from the weapon locker (Cost: 5)
[2018/1/26 - 0:53:20] Oliver Hooligan Jr has withdrawn 80 grams of Ecstasy from the safe.
[2018/1/26 - 0:53:24] Grove OG Andre Nickatina has lost connection.
[2018/1/26 - 0:54:38] Grove OG Andre Nickatina has lost connection.
[2018/1/26 - 0:55:31] Grove OG Andre Nickatina has lost connection.
[2018/1/26 - 0:56:21] Grove OG Andre Nickatina has lost connection.
[2018/1/26 - 0:57:10] Grove OG Andre Nickatina has lost connection.
[2018/1/26 - 0:59:12] Andre Nickatina has withdrawn 20 grams of Meth from the safe.
[2018/1/26 - 1:00:46] Burat Zafuki has logged out.
[2018/1/26 - 1:02:51] Andre Nickatina has withdrawn a SPAS-12 from the weapon locker (Cost: 30)
[2018/1/26 - 1:29:19] Andre Nickatina has withdrawn a Desert Eagle from the weapon locker (Cost: 5)
[2018/1/26 - 1:29:24] Andre Nickatina has withdrawn a AK-47 from the weapon locker (Cost: 15)
[2018/1/26 - 1:29:28] Andre Nickatina has withdrawn a Micro Uzi from the weapon locker (Cost: 3)
[2018/1/26 - 1:29:45] Andre Nickatina has withdrawn 20 grams of Meth from the safe.
[2018/1/26 - 1:41:33] Andre Nickatina has withdrawn 10 grams of Ecstasy from the safe.
[2018/1/26 - 1:41:43] Andre Nickatina has withdrawn 20 grams of Meth from the safe.
[2018/1/26 - 1:42:21] Andre Nickatina has withdrawn a Desert Eagle from the weapon locker (Cost: 5)
[2018/1/26 - 1:42:23] Andre Nickatina has withdrawn a Micro Uzi from the weapon locker (Cost: 3)
[2018/1/26 - 1:42:30] Andre Nickatina has withdrawn a M4A1 from the weapon locker (Cost: 20)
[2018/1/26 - 1:42:40] Brandon R Volkoff has logged out.
[2018/1/26 - 1:47:29] Baby Grove Chris Kanon has lost connection.
[2018/1/26 - 1:51:31] Oliver Hooligan Jr has logged out.
[2018/1/26 - 1:51:53] Chris Kanon has withdrawn a MP5 from the weapon locker (Cost: 3)
[2018/1/26 - 1:53:48] Andre Nickatina has logged out.
[2018/1/26 - 1:55:50] Grove OG Marcin Marks (1000626775) (rank 6) has uninvited Fukimo Mekuto (1000625726) (rank 1) from Grove Street Families (34).
[2018/1/26 - 1:59:00] Marcin Marks (1000626775) has changed MOTD for NEWS YOOO! /SETFREQ 346619 NEW ALLIES = ISIS + EL CARTEL CHIAPAS + BALLAS !! BUY
[2018/1/26 - 2:05:05] Chris Kanon has logged out.
[2018/1/26 - 2:06:06] Marcin Marks has logged out.
[2018/1/26 - 2:07:42] Matt Kanon has logged out.
[2018/1/26 - 2:13:34] Marcin Marks has logged out.
[2018/1/26 - 2:19:48] Michael J. Aachen has logged out.
[2018/1/26 - 2:26:12] Burat Zafuki has withdrawn a MP5 from the weapon locker (Cost: 3)
[2018/1/26 - 2:26:14] Burat Zafuki has withdrawn a Desert Eagle from the weapon locker (Cost: 5)
[2018/1/26 - 2:28:06] Mike Tyga has logged out.
[2018/1/26 - 2:29:09] Mike Tyga has logged out.
[2018/1/26 - 2:50:14] Luis Triton has withdrawn a Shotgun from the weapon locker (Cost: 3)
[2018/1/26 - 3:17:35] James Croce has logged out.
[2018/1/26 - 3:26:32] Luis Triton has logged out.
[2018/1/26 - 3:37:48] Burat Zafuki has withdrawn a Desert Eagle from the weapon locker (Cost: 5)
[2018/1/26 - 3:37:50] Burat Zafuki has withdrawn a MP5 from the weapon locker (Cost: 3)
[2018/1/26 - 3:37:53] Burat Zafuki has withdrawn a Shotgun from the weapon locker (Cost: 3)
[2018/1/26 - 3:38:36] Burat Zafuki has withdrawn a Desert Eagle from the weapon locker (Cost: 5)
[2018/1/26 - 3:39:59] Marcin Marks has withdrawn a Desert Eagle from the weapon locker (Cost: 5)
[2018/1/26 - 3:47:01] Marcin Marks has withdrawn a Sniper Rifle from the weapon locker (Cost: 40)
[2018/1/26 - 4:03:53] Burat Zafuki has logged out.
[2018/1/26 - 4:15:27] Marcin Marks has withdrawn a Sniper Rifle from the weapon locker (Cost: 40)
[2018/1/26 - 4:15:30] Marcin Marks has withdrawn a Desert Eagle from the weapon locker (Cost: 5)
[2018/1/26 - 4:19:20] Marcin Marks has withdrawn a Sniper Rifle from the weapon locker (Cost: 40)
[2018/1/26 - 4:19:21] Marcin Marks has withdrawn a Desert Eagle from the weapon locker (Cost: 5)
[2018/1/26 - 4:26:14] Marcin Marks has logged out.
[2018/1/26 - 5:02:39] Sammy Shiekadatu has logged out.
[2018/1/26 - 5:35:31] Marcin Marks has logged out.
[2018/1/26 - 6:18:58] Sammy Shiekadatu has logged out.
[2018/1/26 - 7:25:21] Sammy Shiekadatu has logged out.
[2018/1/26 - 8:05:47] Sammy Shiekadatu (1000625240) has quit the Grove Street Families as a rank 4
[2018/1/26 - 8:45:24] Michael J. Aachen has logged out.
[2018/1/26 - 9:10:43] Michael J. Aachen has logged out.
[2018/1/26 - 9:29:21] Sanchez Bleu has logged out.
[2018/1/26 - 10:59:13] Luis Triton has logged out.
[2018/1/26 - 12:45:08] Master Ryders (1000628112) accepted Grove OG Brandon R Volkoff's (1000625048) invite to join Grove Street Families (34).
[2018/1/26 - 12:48:42] Grove OG Brandon R Volkoff has lost connection.
[2018/1/26 - 13:11:19] Master Ryders has logged out.
[2018/1/26 - 13:12:11] Master Ryders has logged out.
[2018/1/26 - 13:12:45] Joey Biston has logged out.
[2018/1/26 - 13:38:34] Master Ryders has logged out.
[2018/1/26 - 13:39:48] Kenny Block (1000595888) accepted Grove OG Brandon R Volkoff's (1000625048) invite to join Grove Street Families (34).
[2018/1/26 - 13:40:43] Brandon R Volkoff has withdrawn $50,000 from the safe.
[2018/1/26 - 13:42:02] Brandon R Volkoff has withdrawn 10000 materials from the safe.
[2018/1/26 - 13:42:19] Brandon R Volkoff has deposited 10000 materials into the safe.
[2018/1/26 - 14:09:17] Marcin Marks has withdrawn a Desert Eagle from the weapon locker (Cost: 5)
[2018/1/26 - 14:09:23] Marcin Marks has withdrawn a Shotgun from the weapon locker (Cost: 3)
[2018/1/26 - 14:09:49] Luis Triton has withdrawn a MP5 from the weapon locker (Cost: 3)
[2018/1/26 - 14:09:50] Marcin Marks has withdrawn 200 grams of Crack from the safe.
[2018/1/26 - 14:09:52] Brandon R Volkoff has withdrawn 20 grams of Ecstasy from the safe.
[2018/1/26 - 14:09:53] Luis Triton has withdrawn a Desert Eagle from the weapon locker (Cost: 5)
[2018/1/26 - 14:14:52] Enzo Simon (1000624961) accepted Grove OG Marcin Marks's (1000626775) invite to join Grove Street Families (34).
[2018/1/26 - 14:15:33] Marcin Marks has authorized Enzo Simon to withdraw a Desert Eagle from the weapon locker (Cost: 5)
[2018/1/26 - 14:22:14] Enzo Simon has logged out.
[2018/1/26 - 14:23:35] Luis Triton has withdrawn a Desert Eagle from the weapon locker (Cost: 5)
[2018/1/26 - 14:23:47] Luis Triton has withdrawn a MP5 from the weapon locker (Cost: 3)
[2018/1/26 - 14:23:53] Brandon R Volkoff has authorized Luis Triton to withdraw a AK-47 from the weapon locker (Cost: 15)
[2018/1/26 - 14:26:01] Marcin Marks has withdrawn a Desert Eagle from the weapon locker (Cost: 5)
[2018/1/26 - 14:26:08] Marcin Marks has withdrawn a AK-47 from the weapon locker (Cost: 15)
[2018/1/26 - 14:26:21] Brandon R Volkoff has withdrawn 20 grams of Ecstasy from the safe.
[2018/1/26 - 14:27:46] Brandon R Volkoff has withdrawn a Desert Eagle from the weapon locker (Cost: 5)
[2018/1/26 - 14:27:47] Brandon R Volkoff has withdrawn a MP5 from the weapon locker (Cost: 3)
[2018/1/26 - 14:32:33] Brandon R Volkoff has authorized Enzo Simon to withdraw a Desert Eagle from the weapon locker (Cost: 5)
[2018/1/26 - 14:32:55] Enzo Simon has withdrawn a MP5 from the weapon locker (Cost: 3)
[2018/1/26 - 14:36:54] Marcin Marks has authorized Kenny Block to withdraw a Desert Eagle from the weapon locker (Cost: 5)
[2018/1/26 - 14:38:12] Grove Hustlah Luis Triton has lost connection.
[2018/1/26 - 14:45:19] Luis Triton has logged out.
[2018/1/26 - 14:51:15] James Croce has withdrawn a MP5 from the weapon locker (Cost: 3)
[2018/1/26 - 14:54:00] Chris Kanon has logged out.
[2018/1/26 - 14:54:52] Enzo Simon has logged out.
[2018/1/26 - 14:58:56] Brandon R Volkoff has withdrawn 20 grams of Ecstasy from the safe.
[2018/1/26 - 15:08:15] Luis Triton has logged out.
[2018/1/26 - 15:10:15] Matt Kanon has logged out.
[2018/1/26 - 15:15:29] Brandon R Volkoff has logged out.
[2018/1/26 - 15:15:42] Marcin Marks has logged out.
[2018/1/26 - 15:20:26] Brandon R Volkoff has logged out.
[2018/1/26 - 15:23:06] James Croce has logged out.
[2018/1/26 - 15:25:44] Kenny Block (1000595888) has quit the Grove Street Families as a rank 0
[2018/1/26 - 15:32:39] Marcin Marks has logged out.
[2018/1/26 - 15:33:06] Grove OG Brandon R Volkoff has lost connection.
[2018/1/26 - 15:34:45] Luis Triton has logged out.
[2018/1/26 - 15:35:02] Chris Kanon has logged out.
[2018/1/26 - 15:47:20] Brandon R Volkoff has withdrawn a AK-47 from the weapon locker (Cost: 15)
[2018/1/26 - 15:47:56] Brandon R Volkoff has deposited a AK-47 into the locker.
[2018/1/26 - 15:50:46] Enzo Simon has logged out.
[2018/1/26 - 15:51:01] Brandon R Volkoff has logged out.
[2018/1/26 - 16:03:52] Brandon R Volkoff has logged out.
[2018/1/26 - 16:20:07] Jimmy C. Rossi has logged out.
[2018/1/26 - 16:25:53] Brandon R Volkoff has logged out.
[2018/1/26 - 16:33:28] Grove OG Marcin Marks has lost connection.
[2018/1/26 - 16:34:07] Brandon R Volkoff has authorized Chris Kanon to withdraw a Desert Eagle from the weapon locker (Cost: 5)
[2018/1/26 - 16:34:11] Chris Kanon has withdrawn a MP5 from the weapon locker (Cost: 3)
[2018/1/26 - 16:34:47] Baby Grove Matt Kanon has lost connection.
[2018/1/26 - 16:37:02] Marcin Marks has logged out.
[2018/1/26 - 16:42:32] Jimmy C. Rossi has logged out.
[2018/1/26 - 16:43:14] Sanchez Bleu (1000627777) has quit the Grove Street Families as a rank 0
[2018/1/26 - 16:47:11] Baby Grove Matt Kanon has lost connection.
[2018/1/26 - 16:51:32] Chris Kanon has logged out.
[2018/1/26 - 16:59:03] Grove OG Brandon R Volkoff (1000625048) (rank 6) has given Joey Biston (1000627702) rank 1 (Lill Grove) in Grove Street Familie
[2018/1/26 - 17:02:18] Master Ryders has logged out.
[2018/1/26 - 17:05:09] Baby Grove Master Ryders has lost connection.
[2018/1/26 - 17:07:53] Master Ryders has logged out.
[2018/1/26 - 17:12:58] Marcin Marks has authorized Joey Biston to withdraw a Desert Eagle from the weapon locker (Cost: 5)
[2018/1/26 - 17:21:57] Oliver Hooligan Jr has withdrawn 50000 materials from the safe.
[2018/1/26 - 17:22:14] Oliver Hooligan Jr has deposited 7000 materials into the safe.
[2018/1/26 - 17:22:23] Oliver Hooligan Jr has withdrawn 20000 materials from the safe.
[2018/1/26 - 17:38:49] Oliver Hooligan Jr has authorized Leon Hood to withdraw a Desert Eagle from the weapon locker (Cost: 5)
[2018/1/26 - 17:38:55] Master Ryders has logged out.
[2018/1/26 - 17:42:30] Master Ryders has logged out.
[2018/1/26 - 17:43:50] [ADMIN] Lexy Kanon has logged out.
[2018/1/26 - 17:44:28] [ADMIN] Lexy Kanon has logged in.
[2018/1/26 - 17:50:18] Master Ryders has logged out.
[2018/1/26 - 17:51:03] Grove Hustlah Luis Triton has lost connection.
[2018/1/26 - 17:53:12] Mike Tyga has logged out.
[2018/1/26 - 17:53:35] Luis Triton has withdrawn a MP5 from the weapon locker (Cost: 3)
[2018/1/26 - 17:53:51] Luis Triton has withdrawn a Desert Eagle from the weapon locker (Cost: 5)
[2018/1/26 - 17:54:14] Grove Hustlah Luis Triton has lost connection.
[2018/1/26 - 17:55:19] Oliver Hooligan Jr has withdrawn 60 grams of Ecstasy from the safe.
[2018/1/26 - 17:55:59] Rafed Taylorr has logged out.
[2018/1/26 - 17:56:22] Brandon R Volkoff has withdrawn 40 grams of Ecstasy from the safe.
[2018/1/26 - 17:56:32] Brandon R Volkoff has withdrawn 100 grams of Pot from the safe.
[2018/1/26 - 17:56:43] Brandon R Volkoff has withdrawn 100 grams of Crack from the safe.
[2018/1/26 - 17:58:15] Grove Hustlah Luis Triton has lost connection.
[2018/1/26 - 18:02:18] Grove Hustlah Luis Triton has lost connection.
[2018/1/26 - 18:03:50] Leon Hood has logged out.
[2018/1/26 - 18:11:30] Leon Hood has logged out.
[2018/1/26 - 18:12:20] Grove OG Oliver Hooligan Jr (1000201659) (rank 6) has uninvited Master Ryders (1000628112) (rank 0) from Grove Street Families 
[2018/1/26 - 18:12:48] Marcin Marks has withdrawn a Desert Eagle from the weapon locker (Cost: 5)
[2018/1/26 - 18:12:52] Marcin Marks has withdrawn a Shotgun from the weapon locker (Cost: 3)
[2018/1/26 - 18:13:03] Marcin Marks has authorized Mike Tyga to withdraw a Desert Eagle from the weapon locker (Cost: 5)
[2018/1/26 - 18:13:08] Mike Tyga has withdrawn a MP5 from the weapon locker (Cost: 3)
[2018/1/26 - 18:13:18] Mike Tyga has withdrawn a Shotgun from the weapon locker (Cost: 3)
[2018/1/26 - 18:13:50] Brandon R Volkoff has withdrawn a Desert Eagle from the weapon locker (Cost: 5)
[2018/1/26 - 18:14:59] Luis Triton has withdrawn a Desert Eagle from the weapon locker (Cost: 5)
[2018/1/26 - 18:15:05] Luis Triton has withdrawn a MP5 from the weapon locker (Cost: 3)
[2018/1/26 - 18:24:24] Oliver Hooligan Jr has withdrawn a MP5 from the weapon locker (Cost: 3)
[2018/1/26 - 18:24:27] Oliver Hooligan Jr has withdrawn a SPAS-12 from the weapon locker (Cost: 30)
[2018/1/26 - 18:29:15] Joey Biston has logged out.
[2018/1/26 - 18:50:41] Enzo Simon has logged out.
[2018/1/26 - 18:50:48] Grove Hustlah Luis Triton has lost connection.
[2018/1/26 - 18:53:17] Brandon R Volkoff has withdrawn 20 grams of Ecstasy from the safe.
[2018/1/26 - 18:53:30] Brandon R Volkoff has withdrawn a Desert Eagle from the weapon locker (Cost: 5)
[2018/1/26 - 18:53:32] Brandon R Volkoff has withdrawn a MP5 from the weapon locker (Cost: 3)
[2018/1/26 - 18:53:56] Oliver Hooligan Jr has withdrawn a Desert Eagle from the weapon locker (Cost: 5)
[2018/1/26 - 18:53:58] Oliver Hooligan Jr has withdrawn a AK-47 from the weapon locker (Cost: 15)
[2018/1/26 - 18:54:07] Oliver Hooligan Jr has authorized Joey Biston to withdraw a Desert Eagle from the weapon locker (Cost: 5)
[2018/1/26 - 18:54:12] Marcin Marks has authorized Mike Tyga to withdraw a Desert Eagle from the weapon locker (Cost: 5)
[2018/1/26 - 18:54:35] Luis Triton has withdrawn a Desert Eagle from the weapon locker (Cost: 5)
[2018/1/26 - 18:54:39] Luis Triton has withdrawn a MP5 from the weapon locker (Cost: 3)
[2018/1/26 - 18:54:48] Marcin Marks has withdrawn 150 grams of Meth from the safe.
[2018/1/26 - 18:54:51] Michael J. Aachen has withdrawn a Desert Eagle from the weapon locker (Cost: 5)
[2018/1/26 - 18:55:31] Marcin Marks has authorized Mike Tyga to withdraw a AK-47 from the weapon locker (Cost: 15)
[2018/1/26 - 18:56:16] Marcin Marks has withdrawn a Desert Eagle from the weapon locker (Cost: 5)
[2018/1/26 - 18:56:20] Marcin Marks has withdrawn a AK-47 from the weapon locker (Cost: 15)
[2018/1/26 - 19:03:41] Grove Hustlah Luis Triton has lost connection.
[2018/1/26 - 19:06:10] Brandon R Volkoff has withdrawn 20 grams of Ecstasy from the safe.
[2018/1/26 - 19:08:32] Joey Biston has logged out.
[2018/1/26 - 19:11:08] Luis Triton has withdrawn a Desert Eagle from the weapon locker (Cost: 5)
[2018/1/26 - 19:11:18] Marcin Marks has logged out.
[2018/1/26 - 19:12:32] Luis Triton has logged out.
[2018/1/26 - 19:13:21] Brandon R Volkoff has logged out.
[2018/1/26 - 19:13:25] Mike Tyga has logged out.
[2018/1/26 - 19:17:54] Oliver Hooligan Jr has logged out.
[2018/1/26 - 19:19:15] Oliver Hooligan Jr has withdrawn a Desert Eagle from the weapon locker (Cost: 5)
[2018/1/26 - 19:19:21] Michael J. Aachen has logged out.
[2018/1/26 - 19:28:26] Grove OG Oliver Hooligan Jr has lost connection.
[2018/1/26 - 19:34:28] Mike Tyga has withdrawn a MP5 from the weapon locker (Cost: 3)
[2018/1/26 - 19:44:00] Brandon R Volkoff has withdrawn 20 grams of Ecstasy from the safe.
[2018/1/26 - 19:48:34] Luis Triton has logged out.
[2018/1/26 - 20:15:21] Marcin Marks (1000626775) has changed MOTD for Don't shoot _Chaos they are our friends and they will become soon our official a
[2018/1/26 - 20:18:42] Luis Triton has logged out.
[2018/1/26 - 20:20:58] Luis Triton has logged out.
[2018/1/26 - 20:24:58] Marcin Marks has logged out.
[2018/1/26 - 20:34:05] Certified Gangsta Bruce Flleming has lost connection.
[2018/1/26 - 20:50:03] Mike Tyga has logged out.
[2018/1/26 - 20:56:08] Luis Triton has logged out.
[2018/1/26 - 21:17:07] Luis Triton has logged out.
[2018/1/26 - 21:18:25] Luis Triton has logged out.
[2018/1/26 - 21:57:06] Brandon R Volkoff has logged out.
[2018/1/26 - 22:10:32] James Croce has logged out.
[2018/1/26 - 22:17:50] Michael J. Aachen has logged out.
[2018/1/26 - 22:22:33] Oliver Hooligan Jr has withdrawn 50 grams of Ecstasy from the safe.
[2018/1/26 - 22:46:16] Jimmy C. Rossi has logged out.
[2018/1/26 - 23:34:57] Nate Diaz has logged out.
[2018/1/26 - 23:49:31] Jimmy C. Rossi (1000148783) has quit the Grove Street Families as a rank 0
[2018/1/26 - 23:53:59] James Croce has logged out.
