[2018/1/26 - 0:41:22] Matt Dirt Henchman has withdrawn a Fire Extinguisher from the weapon locker (Cost: 1)
[2018/1/26 - 0:49:58] [HON-998] Matt Dirt Henchman has logged out.
[2018/1/26 - 1:41:19] [HON-998] Paramedic Matt Dirt Henchman has lost connection.
[2018/1/26 - 2:10:26] [HON-998] Paramedic Matt Dirt Henchman has lost connection.
[2018/1/26 - 2:28:47] Kaitlyn Kloss has logged out.
[2018/1/26 - 3:45:29] EMS Driver Carl Ryan has successfully delivered Patient Diaa Dod to the hospital.
[2018/1/26 - 3:45:32] EMS Driver Carl Ryan has successfully delivered Patient Peter D Schneider to the hospital.
[2018/1/26 - 3:50:51] [HR-219] Carl Ryan has logged out.
[2018/1/26 - 3:55:19] Matt Dirt Henchman has withdrawn a Fire Extinguisher from the weapon locker (Cost: 1)
[2018/1/26 - 3:55:40] Matt Dirt Henchman has withdrawn a Fire Extinguisher from the weapon locker (Cost: 1)
[2018/1/26 - 3:56:22] Matt Dirt Henchman has withdrawn a Fire Extinguisher from the weapon locker (Cost: 1)
[2018/1/26 - 4:02:34] [HON-998] Paramedic Matt Dirt Henchman has lost connection.
[2018/1/26 - 5:55:01] Kaitlyn Kloss has logged out.
[2018/1/26 - 7:21:07] [I-205] Jimmy T Tex has logged out.
[2018/1/26 - 8:36:50] [E-XXX] Mark Storm has logged out.
[2018/1/26 - 12:35:54] [E-XXX] Mark Storm has logged out.
[2018/1/26 - 13:23:08] EMS Driver Simon Vio Kush has successfully delivered Patient Martin Lorenzo to the hospital.
[2018/1/26 - 13:23:11] EMS Driver Simon Vio Kush has successfully delivered Patient Kanye C. Montage to the hospital.
[2018/1/26 - 14:05:56] EMS Driver Simon Vio Kush has successfully delivered Patient Alberto Reyes to the hospital.
[2018/1/26 - 14:08:09] EMS Driver Simon Vio Kush has successfully delivered Patient Carl Auden Policarp to the hospital.
[2018/1/26 - 14:09:16] EMS Driver Simon Vio Kush has successfully delivered Patient Michael Dios Wing to the hospital.
[2018/1/26 - 14:10:08] EMS Driver Simon Vio Kush has successfully delivered Patient Archie Gucci Cobra to the hospital.
[2018/1/26 - 14:11:39] EMS Driver Simon Vio Kush has successfully delivered Patient Jabar Pollard to the hospital.
[2018/1/26 - 14:16:38] EMS Driver Simon Vio Kush has successfully delivered Patient Grace Ann to the hospital.
[2018/1/26 - 14:19:35] EMS Driver Simon Vio Kush has successfully delivered Patient Jabar Pollard to the hospital.
[2018/1/26 - 14:23:52] EMS Driver Simon Vio Kush has successfully delivered Patient Kyros Omage to the hospital.
[2018/1/26 - 14:26:47] EMS Driver Simon Vio Kush has successfully delivered Patient Prince Jairus to the hospital.
[2018/1/26 - 16:02:14] [E-XXX] Probationary Firefighter Mark Storm has lost connection.
[2018/1/26 - 16:15:09] EMS Driver Simon Vio Kush has successfully delivered Patient Jan Keizer to the hospital.
[2018/1/26 - 16:16:27] [E-214] Firefighter I Simon Vio Kush has lost connection.
[2018/1/26 - 16:28:59] [HON-998] Matt Dirt Henchman has logged out.
[2018/1/26 - 16:29:25] [I-205] Jimmy T Tex has logged out.
[2018/1/26 - 16:31:35] [I-205] Jimmy T Tex has logged out.
[2018/1/26 - 16:33:07] [I-205] Jimmy T Tex has logged out.
[2018/1/26 - 16:36:17] [I-205] Firefighter III Jimmy T Tex has lost connection.
[2018/1/26 - 16:43:47] [HON-998] Matt Dirt Henchman has logged out.
[2018/1/26 - 16:44:23] Simon Vio Kush has withdrawn a Nitestick from the weapon locker (Cost: 1)
[2018/1/26 - 16:44:25] Simon Vio Kush has withdrawn a Fire Extinguisher from the weapon locker (Cost: 1)
[2018/1/26 - 16:45:28] [E-214] Simon Vio Kush has logged out.
[2018/1/26 - 16:58:53] EMS Driver Simon Vio Kush has successfully delivered Patient Artur Voronkov to the hospital.
[2018/1/26 - 17:01:36] EMS Driver Simon Vio Kush has successfully delivered Patient Darren Wagner to the hospital.
[2018/1/26 - 17:05:01] EMS Driver Simon Vio Kush has successfully delivered Patient Sherman Walters to the hospital.
[2018/1/26 - 17:21:53] [HON-998] Paramedic Matt Dirt Henchman has lost connection.
[2018/1/26 - 17:44:04] [E-214] Simon Vio Kush has logged out.
[2018/1/26 - 18:13:23] [E-XXX] Probationary Firefighter Mark Storm has lost connection.
[2018/1/26 - 18:19:46] [HON-998] Matt Dirt Henchman has logged out.
[2018/1/26 - 18:54:29] EMS Driver Davyn R Jones has successfully delivered Patient Kendrick Williams to the hospital.
[2018/1/26 - 19:00:38] EMS Driver Davyn R Jones has successfully delivered Patient Olivia Fortunato to the hospital.
[2018/1/26 - 19:05:06] EMS Driver Davyn R Jones has successfully delivered Patient Richard Wingfield to the hospital.
[2018/1/26 - 19:10:45] [A-105] Captain Davyn R Jones has lost connection.
[2018/1/26 - 19:12:23] Davyn R Jones has withdrawn a Nitestick from the weapon locker (Cost: 1)
[2018/1/26 - 19:12:24] Davyn R Jones has withdrawn a Parachute from the weapon locker (Cost: 1)
[2018/1/26 - 19:12:25] Davyn R Jones has withdrawn a Desert Eagle from the weapon locker (Cost: 5)
[2018/1/26 - 19:13:01] [A-105] Captain Davyn R Jones has lost connection.
[2018/1/26 - 19:15:03] [E-XXX] Mark Storm has logged out.
[2018/1/26 - 19:30:15] EMS Driver Davyn R Jones has successfully delivered Patient Brian J. Lennox to the hospital.
[2018/1/26 - 19:31:33] [HON-998] Matt Dirt Henchman has logged out.
[2018/1/26 - 19:32:32] EMS Driver Davyn R Jones has successfully delivered Patient Jack Chaos to the hospital.
[2018/1/26 - 19:32:33] EMS Driver Davyn R Jones has successfully delivered Patient Paris Jamaica to the hospital.
[2018/1/26 - 19:36:12] [HON-998] Matt Dirt Henchman has logged out.
[2018/1/26 - 19:38:38] EMS Driver Davyn R Jones has successfully delivered Patient Mark P Vinci to the hospital.
[2018/1/26 - 19:38:40] EMS Driver Davyn R Jones has successfully delivered Patient Brian J. Lennox to the hospital.
[2018/1/26 - 19:41:38] EMS Driver Davyn R Jones has successfully delivered Patient Angelo D Petro to the hospital.
[2018/1/26 - 19:44:40] EMS Driver Davyn R Jones has successfully delivered Patient Stephenson Jhonson to the hospital.
[2018/1/26 - 19:49:59] [A-105] Davyn R Jones has logged out.
[2018/1/26 - 20:06:47] Jimmy Croos (1000624942) accepted Assistant Chief Nick Mcfellow's (1000177650) invite to join FDSA (10).
[2018/1/26 - 20:08:07] Assistant Chief Nick Mcfellow (1000177650) has set Jimmy Croos's (1000624942) division to EMS in FDSA (10).
[2018/1/26 - 20:08:37] Assistant Chief Nick Mcfellow (1000177650) (rank 7) has given Jimmy Croos (1000624942) rank 2 (Firefighter II) in FDSA (10).
[2018/1/26 - 20:09:48] Jimmy Croos has withdrawn a Parachute from the weapon locker (Cost: 1)
[2018/1/26 - 20:09:50] Jimmy Croos has withdrawn a Fire Extinguisher from the weapon locker (Cost: 1)
[2018/1/26 - 20:17:05] EMS Driver Jimmy Croos has successfully delivered Patient Tracy Venturas to the hospital.
[2018/1/26 - 20:20:50] EMS Driver Jimmy Croos has successfully delivered Patient Brian J. Lennox to the hospital.
[2018/1/26 - 20:35:02] [C-103] Nick Mcfellow has logged out.
[2018/1/26 - 20:39:38] Jimmy Croos has logged out.
[2018/1/26 - 20:46:48] Firefighter II Jimmy Croos has lost connection.
[2018/1/26 - 20:50:11] [I-205] Jimmy T Tex has logged out.
[2018/1/26 - 20:59:02] Jimmy Croos has logged out.
[2018/1/26 - 21:16:45] EMS Driver Matt Dirt Henchman has successfully delivered Patient Chris Schneider to the hospital.
[2018/1/26 - 21:22:24] [HON-998] Paramedic Matt Dirt Henchman has lost connection.
[2018/1/26 - 21:32:16] [HON-998] Paramedic Matt Dirt Henchman has lost connection.
[2018/1/26 - 21:53:50] [HON-998] Paramedic Matt Dirt Henchman has lost connection.
[2018/1/26 - 22:18:08] [HON-998] Paramedic Matt Dirt Henchman has lost connection.
[2018/1/26 - 22:36:53] [HON-998] Paramedic Matt Dirt Henchman has lost connection.
[2018/1/26 - 23:21:17] [HON-998] Matt Dirt Henchman has logged out.
[2018/1/26 - 23:48:12] [HON-998] Matt Dirt Henchman has logged out.
