[2018/1/23 - 1:58:37] Kaitlyn Kloss has logged out.
[2018/1/23 - 2:10:28] Kaitlyn Kloss has logged out.
[2018/1/23 - 6:06:11] [HR107] Alice Rodriguez has logged out.
[2018/1/23 - 6:44:39] [HR107] Lieutenant Alice Rodriguez has lost connection.
[2018/1/23 - 7:10:32] EMS Driver Alice Rodriguez has successfully delivered Patient Patrick Uzi Vert to the hospital.
[2018/1/23 - 7:11:53] [HR107] Lieutenant Alice Rodriguez has lost connection.
[2018/1/23 - 8:37:43] [HR107] Alice Rodriguez has logged out.
[2018/1/23 - 9:03:25] [HR107] Lieutenant Alice Rodriguez has lost connection.
[2018/1/23 - 9:33:03] EMS Driver Alice Rodriguez has successfully delivered Patient Shichinin Misaki to the hospital.
[2018/1/23 - 9:53:14] [HR107] Alice Rodriguez has logged out.
[2018/1/23 - 10:07:20] [HR107] Lieutenant Alice Rodriguez has lost connection.
[2018/1/23 - 10:25:53] EMS Driver Kevin Clarkson has successfully delivered Patient Franco Louis to the hospital.
[2018/1/23 - 10:55:44] EMS Driver Kevin Clarkson has successfully delivered Patient Drake Dragovicc to the hospital.
[2018/1/23 - 10:58:52] EMS Driver Kevin Clarkson has successfully delivered Patient Santeno Dimvera to the hospital.
[2018/1/23 - 11:17:39] Andrew Furino has logged out.
[2018/1/23 - 11:21:01] [HR208] Kevin Clarkson has logged out.
[2018/1/23 - 11:35:26] [HR107] Alice Rodriguez has logged out.
[2018/1/23 - 12:00:54] [HR107] Alice Rodriguez has logged out.
[2018/1/23 - 12:23:23] Alice Rodriguez (1000311457) has set Larry Huken's (1000627262) badge to E-203.
[2018/1/23 - 12:25:29] EMS Driver Larry Huken has successfully delivered Patient Carlos Halk Bishop to the hospital.
[2018/1/23 - 12:26:09] EMS Driver Alice Rodriguez has successfully delivered Patient Patrick Uzi Vert to the hospital.
[2018/1/23 - 12:33:23] [E-203] Larry Huken has logged out.
[2018/1/23 - 13:04:44] EMS Driver Alice Rodriguez has successfully delivered Patient Jeff Favignano to the hospital.
[2018/1/23 - 13:09:40] EMS Driver Alice Rodriguez has successfully delivered Patient Arvee Maddow to the hospital.
[2018/1/23 - 13:11:58] EMS Driver Alice Rodriguez has successfully delivered Patient Patrick Uzi Vert to the hospital.
[2018/1/23 - 13:53:08] Alice Rodriguez has withdrawn a Desert Eagle from the weapon locker (Cost: 5)
[2018/1/23 - 14:13:25] [C-102] Deputy Chief Addison Swagger has lost connection.
[2018/1/23 - 14:17:32] Alice Rodriguez has withdrawn a Desert Eagle from the weapon locker (Cost: 5)
[2018/1/23 - 14:22:26] [C-102] Addison Swagger has logged out.
[2018/1/23 - 14:48:31] [E-203] Probationary Firefighter Larry Huken has lost connection.
[2018/1/23 - 14:58:56] Assistant Chief Nick Mcfellow (1000177650) (rank 7) has uninvited Larry Huken (1000627262) (rank 0) from FDSA (10).
[2018/1/23 - 15:07:03] Davyn R Jones has withdrawn a Nitestick from the weapon locker (Cost: 1)
[2018/1/23 - 15:07:04] Davyn R Jones has withdrawn a Parachute from the weapon locker (Cost: 1)
[2018/1/23 - 15:07:05] Davyn R Jones has withdrawn a Desert Eagle from the weapon locker (Cost: 5)
[2018/1/23 - 15:07:11] [A-105] Davyn R Jones has logged out.
[2018/1/23 - 15:10:32] [HR107] Alice Rodriguez has logged out.
[2018/1/23 - 15:27:09] [C-103] Nick Mcfellow has logged out.
[2018/1/23 - 15:48:40] EMS Driver Simon Vio Kush has successfully delivered Patient Kog Scalleta Jr to the hospital.
[2018/1/23 - 15:48:43] EMS Driver Simon Vio Kush has successfully delivered Patient Kog Scaletta Sr to the hospital.
[2018/1/23 - 15:59:23] EMS Driver Simon Vio Kush has successfully delivered Patient Carry Minati to the hospital.
[2018/1/23 - 16:03:20] EMS Driver Simon Vio Kush has successfully delivered Patient Patrick Uzi Vert to the hospital.
[2018/1/23 - 16:03:21] [E-214] Simon Vio Kush has logged out.
[2018/1/23 - 16:56:12] Alice Rodriguez has withdrawn a Desert Eagle from the weapon locker (Cost: 5)
[2018/1/23 - 17:33:46] [E-214] Simon Vio Kush has logged out.
[2018/1/23 - 18:02:04] Alice Rodriguez has withdrawn a Fire Extinguisher from the weapon locker (Cost: 1)
[2018/1/23 - 18:04:38] [A-105] Davyn R Jones has logged out.
[2018/1/23 - 18:08:17] Eliot Spencer has logged out.
[2018/1/23 - 18:15:20] Firefighter III Yo Gi Xhun has lost connection.
[2018/1/23 - 18:16:28] Firefighter III Yo Gi Xhun has lost connection.
[2018/1/23 - 18:16:39] Alice Rodriguez has withdrawn a Spray Can from the weapon locker (Cost: 1)
[2018/1/23 - 18:16:41] Alice Rodriguez has withdrawn a Nitestick from the weapon locker (Cost: 1)
[2018/1/23 - 18:16:43] Alice Rodriguez has withdrawn a Parachute from the weapon locker (Cost: 1)
[2018/1/23 - 18:17:22] Yo Gi Xhun (1000159386) has quit the FDSA as a rank 3
[2018/1/23 - 18:20:43] EMS Driver Alice Rodriguez has successfully delivered Patient Davyn R Jones to the hospital.
[2018/1/23 - 18:22:28] [HR107] Lieutenant Alice Rodriguez has lost connection.
[2018/1/23 - 18:25:12] EMS Driver Erin Spectre has successfully delivered Patient Chester Speed to the hospital.
[2018/1/23 - 18:26:11] EMS Driver Davyn R Jones has successfully delivered Patient Richard Wingfield to the hospital.
[2018/1/23 - 18:27:03] Alice Rodriguez has withdrawn a Desert Eagle from the weapon locker (Cost: 5)
[2018/1/23 - 18:28:58] Alice Rodriguez (1000311457) has set Alice Rodriguez's (1000311457) badge to FD-SWAT.
[2018/1/23 - 18:29:12] Alice Rodriguez (1000311457) has set Alice Rodriguez's (1000311457) badge to HR107.
[2018/1/23 - 18:32:43] Davyn R Jones has authorized Symone L Jones to withdraw a Desert Eagle from the weapon locker (Cost: 5)
[2018/1/23 - 18:41:03] Alice Rodriguez (1000311457) has set Alice Rodriguez's (1000311457) badge to FD-SWAT.
[2018/1/23 - 18:41:08] Alice Rodriguez (1000311457) has set Alice Rodriguez's (1000311457) badge to FD-SWAT.
[2018/1/23 - 18:47:30] Alice Rodriguez (1000311457) has set Alice Rodriguez's (1000311457) badge to HR107.
[2018/1/23 - 18:49:48] [E-524] Erin Spectre has logged out.
[2018/1/23 - 18:51:26] Lieutenant Alice Rodriguez (1000311457) has kicked Paul Duffster (39530) out of their division in FDSA (10).
[2018/1/23 - 18:51:26] Lieutenant Alice Rodriguez (1000311457) has set Paul Duffster's (39530) division to EMS in FDSA (10).
[2018/1/23 - 18:51:27] Lieutenant Alice Rodriguez (1000311457) has set Paul Duffster's (39530) division to F&R in FDSA (10).
[2018/1/23 - 18:51:28] Lieutenant Alice Rodriguez (1000311457) has set Paul Duffster's (39530) division to HR in FDSA (10).
[2018/1/23 - 18:51:29] Lieutenant Alice Rodriguez (1000311457) has set Paul Duffster's (39530) division to LF in FDSA (10).
[2018/1/23 - 18:51:30] Lieutenant Alice Rodriguez (1000311457) has set Paul Duffster's (39530) division to ADM in FDSA (10).
[2018/1/23 - 18:51:31] Lieutenant Alice Rodriguez (1000311457) has set Paul Duffster's (39530) division to OPS in FDSA (10).
[2018/1/23 - 18:51:32] Lieutenant Alice Rodriguez (1000311457) has set Paul Duffster's (39530) division to IA in FDSA (10).
[2018/1/23 - 18:51:33] Lieutenant Alice Rodriguez (1000311457) has set Paul Duffster's (39530) division to VTR in FDSA (10).
[2018/1/23 - 18:51:34] Lieutenant Alice Rodriguez (1000311457) has set Paul Duffster's (39530) division to HON in FDSA (10).
[2018/1/23 - 18:52:11] Administrator Paul Duffster has group-kicked Alice Rodriguez (1000311457) from FDSA (10)
[2018/1/23 - 18:53:56] [A-105] Davyn R Jones has logged out.
[2018/1/23 - 18:54:15] [O-666 ] Danny Steels has logged out.
[2018/1/23 - 18:57:12] EMS Driver Symone L Jones has successfully delivered Patient Michael J. Aachen to the hospital.
[2018/1/23 - 18:58:50] EMS Driver Symone L Jones has successfully delivered Patient Steven Chaos to the hospital.
[2018/1/23 - 19:15:35] Tony Brooks (1000625272) accepted Captain Davyn R Jones's (1000061008) invite to join FDSA (10).
[2018/1/23 - 19:16:48] Davyn R Jones (1000061008) has set Tony Brooks's (1000625272) badge to E-699.
[2018/1/23 - 19:17:22] [A-105] Davyn R Jones has logged out.
[2018/1/23 - 19:30:54] EMS Driver Tony Brooks has successfully delivered Patient Antonio Jones to the hospital.
[2018/1/23 - 19:34:25] EMS Driver Tony Brooks has successfully delivered Patient Conner James to the hospital.
[2018/1/23 - 19:36:49] Captain Davyn R Jones (1000061008) has set Symone L Jones's (1000627353) division to EMS in FDSA (10).
[2018/1/23 - 19:36:54] Captain Davyn R Jones (1000061008) (rank 6) has given Symone L Jones (1000627353) rank 4 (Paramedic) in FDSA (10).
[2018/1/23 - 19:36:56] Captain Davyn R Jones (1000061008) (rank 6) has given Symone L Jones (1000627353) rank 5 (Lieutenant) in FDSA (10).
[2018/1/23 - 19:43:21] Captain Davyn R Jones (1000061008) has set Kevin Clarkson's (1000625262) division to EMS in FDSA (10).
[2018/1/23 - 19:44:09] Davyn R Jones (1000061008) has set Kevin Clarkson's (1000625262) badge to E-208.
[2018/1/23 - 19:44:47] [O-666 ] Danny Steels has logged in.
[2018/1/23 - 19:46:53] EMS Driver Symone L Jones has successfully delivered Patient Tazz William to the hospital.
[2018/1/23 - 19:47:12] EMS Driver Tony Brooks has successfully delivered Patient Edward Lewis to the hospital.
[2018/1/23 - 19:55:10] [O-666 ] Danny Steels has logged out.
[2018/1/23 - 19:55:28] Kevin Kush (1000071051) has made Kevin Kush (1000071051) the leader of the FDSA.
[2018/1/23 - 19:58:48] Captain Davyn R Jones (1000061008) (rank 6) has given Ellie Murphy (1000625276) rank 5 (Lieutenant) in FDSA (10).
[2018/1/23 - 20:11:36] [A-105] Davyn R Jones has logged out.
[2018/1/23 - 20:13:37] EMS Driver Tony Brooks has successfully delivered Patient Kevin Clarkson to the hospital.
[2018/1/23 - 20:19:50] EMS Driver Symone L Jones has successfully delivered Patient Lee Liang to the hospital.
[2018/1/23 - 20:20:38] EMS Driver Tony Brooks has successfully delivered Patient Joel Baratta to the hospital.
[2018/1/23 - 20:22:57] EMS Driver Symone L Jones has successfully delivered Patient Danny Montgomery to the hospital.
[2018/1/23 - 20:31:17] EMS Driver Symone L Jones has successfully delivered Patient Duke Rollin Sanchez to the hospital.
[2018/1/23 - 20:32:45] EMS Driver Symone L Jones has successfully delivered Patient Lee Liang to the hospital.
[2018/1/23 - 20:34:00] Kevin Clarkson has withdrawn a Nitestick from the weapon locker (Cost: 1)
[2018/1/23 - 20:34:02] Kevin Clarkson has withdrawn a Fire Extinguisher from the weapon locker (Cost: 1)
[2018/1/23 - 20:35:03] EMS Driver Symone L Jones has successfully delivered Patient Hades Archie to the hospital.
[2018/1/23 - 20:40:25] [HR-219] Carl Ryan has logged out.
[2018/1/23 - 20:45:14] [I-205] Firefighter III Jimmy T Tex has lost connection.
[2018/1/23 - 20:46:48] [HR210] Ellie Murphy has logged out.
[2018/1/23 - 20:50:41] [E-208] Firefighter I Kevin Clarkson has lost connection.
[2018/1/23 - 20:53:04] EMS Driver Tony Brooks has successfully delivered Patient Darius Wright to the hospital.
[2018/1/23 - 20:55:31] [IA-106] Ashley Reed has logged out.
[2018/1/23 - 20:57:33] [IA-106] Ashley Reed has logged out.
[2018/1/23 - 20:58:50] [IA-106] Lieutenant Ashley Reed has lost connection.
[2018/1/23 - 21:00:59] [L-211] Symone L Jones has logged out.
[2018/1/23 - 21:14:54] [IA-106] Lieutenant Ashley Reed has lost connection.
[2018/1/23 - 21:18:57] EMS Driver Tony Brooks has successfully delivered Patient Carlos G Ortega to the hospital.
[2018/1/23 - 21:22:51] EMS Driver Ashley Reed has successfully delivered Patient Zack Viccaji to the hospital.
[2018/1/23 - 21:28:05] [IA-106] Ashley Reed has logged out.
[2018/1/23 - 21:30:25] [E-209] James Roxx has logged out.
[2018/1/23 - 21:39:41] EMS Driver Tony Brooks has successfully delivered Patient Tanner Martino to the hospital.
[2018/1/23 - 21:41:23] EMS Driver Tony Brooks has successfully delivered Patient Barnaird Hughie to the hospital.
[2018/1/23 - 21:48:06] [IA-106] Ashley Reed has logged out.
[2018/1/23 - 21:50:26] EMS Driver Tony Brooks has successfully delivered Patient Jamie Nelson to the hospital.
[2018/1/23 - 21:56:02] EMS Driver Tony Brooks has successfully delivered Patient Percival K. Banks to the hospital.
[2018/1/23 - 21:58:00] EMS Driver Ashley Reed has successfully delivered Patient Aldi Digros to the hospital.
[2018/1/23 - 21:59:12] EMS Driver Tony Brooks has successfully delivered Patient Rhett Mclaughlin to the hospital.
[2018/1/23 - 22:02:50] [HR210] Ellie Murphy has logged out.
[2018/1/23 - 22:07:53] EMS Driver Tony Brooks has successfully delivered Patient Alex Whey Jefferson to the hospital.
[2018/1/23 - 22:07:58] EMS Driver Ashley Reed has successfully delivered Patient Percival K. Banks to the hospital.
[2018/1/23 - 22:10:45] EMS Driver Tony Brooks has successfully delivered Patient Jamie Nelson to the hospital.
[2018/1/23 - 22:12:04] EMS Driver Ashley Reed has successfully delivered Patient Josh Mcflies to the hospital.
[2018/1/23 - 22:17:10] EMS Driver Tony Brooks has successfully delivered Patient Lionel Taylor to the hospital.
[2018/1/23 - 22:17:26] EMS Driver Tony Brooks has successfully delivered Patient Jack Chaos to the hospital.
[2018/1/23 - 22:29:45] [O-666 ] Danny Steels has logged in.
[2018/1/23 - 22:40:06] EMS Driver Tony Brooks has successfully delivered Patient Jack Chaos to the hospital.
[2018/1/23 - 22:40:13] EMS Driver Ashley Reed has successfully delivered Patient Ninou Mofujohn to the hospital.
[2018/1/23 - 22:40:23] EMS Driver Tony Brooks has successfully delivered Patient Erick Diablo to the hospital.
[2018/1/23 - 22:50:52] EMS Driver Tony Brooks has successfully delivered Patient Carlos G Ortega to the hospital.
[2018/1/23 - 23:10:18] EMS Driver Ashley Reed has successfully delivered Patient John Muai to the hospital.
[2018/1/23 - 23:10:58] [E-699] Probationary Firefighter Tony Brooks has lost connection.
[2018/1/23 - 23:23:31] EMS Driver Tony Brooks has successfully delivered Patient Titus Styles to the hospital.
[2018/1/23 - 23:36:28] [IA-106] Ashley Reed has logged out.
[2018/1/23 - 23:54:26] [E-524] Erin Spectre has logged out.
