[2018/1/4 - 0:06:10] EMS Driver Davyn R Jones has successfully delivered Patient Michael Casey to the hospital.
[2018/1/4 - 0:06:30] EMS Driver Hachi Kush has successfully delivered Patient Frankie Glasscock to the hospital.
[2018/1/4 - 0:07:14] [H-998] Matt Dirt Schneider has logged in.
[2018/1/4 - 0:12:55] [O-104] Thyson Kleinman has logged in.
[2018/1/4 - 0:14:02] [O-104] Thyson Kleinman has logged out.
[2018/1/4 - 0:15:09] [O-104] Thyson Kleinman has logged in.
[2018/1/4 - 0:20:22] Rafed Ink Kleinman (1000594022) accepted Captain Thyson Kleinman's (1000130640) invite to join FDSA (10).
[2018/1/4 - 0:20:28] Captain Thyson Kleinman (1000130640) has set Rafed Ink Kleinman's (1000594022) division to EMS in FDSA (10).
[2018/1/4 - 0:24:32] [O-104] Thyson Kleinman has logged out.
[2018/1/4 - 0:24:42] [H-998] Firefighter III Matt Dirt Schneider has lost connection.
[2018/1/4 - 0:26:22] [H-998] Matt Dirt Schneider has logged in.
[2018/1/4 - 0:28:35] Rafed Ink Kleinman has logged out.
[2018/1/4 - 0:35:34] [H-998] Firefighter III Matt Dirt Schneider has lost connection.
[2018/1/4 - 0:36:17] EMS Driver Davyn R Jones has successfully delivered Patient Bryce Richard to the hospital.
[2018/1/4 - 0:37:16] [H-998] Matt Dirt Schneider has logged in.
[2018/1/4 - 0:39:12] [H-998] Matt Dirt Schneider has logged out.
[2018/1/4 - 0:39:51] Kaitlyn Kloss has logged in.
[2018/1/4 - 0:40:37] Rafed Ink Kleinman has logged in.
[2018/1/4 - 0:42:48] Rafed Ink Kleinman has logged in.
[2018/1/4 - 0:50:58] Rafed Ink Kleinman has withdrawn a Fire Extinguisher from the weapon locker (Cost: 1)
[2018/1/4 - 0:51:01] Rafed Ink Kleinman has withdrawn a Parachute from the weapon locker (Cost: 1)
[2018/1/4 - 0:51:04] Rafed Ink Kleinman has withdrawn a Nitestick from the weapon locker (Cost: 1)
[2018/1/4 - 0:51:07] Rafed Ink Kleinman has withdrawn a Spray Can from the weapon locker (Cost: 1)
[2018/1/4 - 0:51:27] Rafed Ink Kleinman has withdrawn a Fire Extinguisher from the weapon locker (Cost: 1)
[2018/1/4 - 0:53:47] Rafed Ink Kleinman has logged out.
[2018/1/4 - 0:59:02] [E-208] Hachi Kush has logged in.
[2018/1/4 - 1:07:00] Kaitlyn Kloss has logged out.
[2018/1/4 - 1:15:18] EMS Driver Davyn R Jones has successfully delivered Patient Thyson Mcfornell to the hospital.
[2018/1/4 - 1:15:29] EMS Driver Hachi Kush has successfully delivered Patient Josef Kush Lancer to the hospital.
[2018/1/4 - 1:15:33] [A-105] Davyn R Jones has logged out.
[2018/1/4 - 1:17:55] [O-104] Thyson Kleinman has logged in.
[2018/1/4 - 1:18:18] [O-104] Thyson Kleinman has logged out.
[2018/1/4 - 1:31:17] [O-104] Thyson Kleinman has logged in.
[2018/1/4 - 1:31:58] EMS Driver Hachi Kush has successfully delivered Patient Mert Baba Clarkson to the hospital.
[2018/1/4 - 1:32:54] [O-104] Thyson Kleinman has logged out.
[2018/1/4 - 1:33:36] [O-104] Thyson Kleinman has logged in.
[2018/1/4 - 1:33:47] [O-104] Thyson Kleinman has logged out.
[2018/1/4 - 1:36:08] [E-208] Hachi Kush has logged out.
[2018/1/4 - 1:41:44] [H-998] Matt Dirt Schneider has logged in.
[2018/1/4 - 1:52:24] [H-998] Matt Dirt Schneider has logged out.
[2018/1/4 - 1:54:11] Rafed Ink Kleinman has logged in.
[2018/1/4 - 2:14:07] [O-104] Thyson Kleinman has logged in.
[2018/1/4 - 2:16:23] Rafed Ink Kleinman has withdrawn a Fire Extinguisher from the weapon locker (Cost: 1)
[2018/1/4 - 2:18:05] [E-208] Hachi Kush has logged in.
[2018/1/4 - 2:20:00] [O-104] Thyson Kleinman has logged out.
[2018/1/4 - 2:21:47] [O-104] Thyson Kleinman has logged in.
[2018/1/4 - 2:23:09] Thyson Kleinman has withdrawn a Spray Can from the weapon locker (Cost: 1)
[2018/1/4 - 2:23:15] Thyson Kleinman has withdrawn a Fire Extinguisher from the weapon locker (Cost: 1)
[2018/1/4 - 2:23:37] Thyson Kleinman has withdrawn a Parachute from the weapon locker (Cost: 1)
[2018/1/4 - 2:23:43] Thyson Kleinman has withdrawn a Nitestick from the weapon locker (Cost: 1)
[2018/1/4 - 2:24:38] Rafed Ink Kleinman has logged out.
[2018/1/4 - 2:26:31] [O-104] Thyson Kleinman has logged out.
[2018/1/4 - 2:27:38] [O-104] Thyson Kleinman has logged in.
[2018/1/4 - 2:29:38] Rafed Ink Kleinman has logged in.
[2018/1/4 - 2:30:27] Rafed Ink Kleinman has logged out.
[2018/1/4 - 2:39:15] Rafed Ink Kleinman has logged in.
[2018/1/4 - 2:55:40] [HR-106] Alice Rodriguez has logged in.
[2018/1/4 - 3:01:24] EMS Driver Alice Rodriguez has successfully delivered Patient James Raige to the hospital.
[2018/1/4 - 3:01:28] Rafed Ink Kleinman has logged out.
[2018/1/4 - 3:02:35] Rafed Ink Kleinman has logged in.
[2018/1/4 - 3:10:44] [HR-106] Alice Rodriguez has logged out.
[2018/1/4 - 3:22:53] EMS Driver Hachi Kush has successfully delivered Patient Alilang Mcying to the hospital.
[2018/1/4 - 3:25:35] EMS Driver Hachi Kush has successfully delivered Patient Rolland Schneider to the hospital.
[2018/1/4 - 3:31:40] EMS Driver Hachi Kush has successfully delivered Patient Depyo Chaos to the hospital.
[2018/1/4 - 3:42:29] [O-104] Thyson Kleinman has logged in.
[2018/1/4 - 3:46:16] [HR-106] Alice Rodriguez has logged in.
[2018/1/4 - 3:46:46] EMS Driver Hachi Kush has successfully delivered Patient Kevin Dios Brank to the hospital.
[2018/1/4 - 3:50:25] [O-104] Thyson Kleinman has logged out.
[2018/1/4 - 3:58:51] EMS Driver Rafed Ink Kleinman has successfully delivered Patient Joe Flleming to the hospital.
[2018/1/4 - 4:11:41] [HR-106] Alice Rodriguez has logged out.
[2018/1/4 - 4:38:33] EMS Driver Rafed Ink Kleinman has successfully delivered Patient Lucas Schneider to the hospital.
[2018/1/4 - 4:44:00] EMS Driver Rafed Ink Kleinman has successfully delivered Patient Billy Dios Delany to the hospital.
[2018/1/4 - 4:44:03] EMS Driver Rafed Ink Kleinman has successfully delivered Patient Ninou Mofujohn to the hospital.
[2018/1/4 - 4:50:44] EMS Driver Rafed Ink Kleinman has successfully delivered Patient Percival K. Banks to the hospital.
[2018/1/4 - 4:54:51] EMS Driver Rafed Ink Kleinman has successfully delivered Patient Percival K. Banks to the hospital.
[2018/1/4 - 5:02:37] [E-208] Hachi Dios Kush has logged out.
[2018/1/4 - 5:11:33] [E-208] Hachi Dios Kush has logged in.
[2018/1/4 - 5:14:00] [E-208] Hachi Dios Kush has logged out.
[2018/1/4 - 5:14:29] [E-208] Hachi Dios Kush has logged in.
[2018/1/4 - 5:17:03] [E-208] Hachi Dios Kush has logged out.
[2018/1/4 - 5:19:01] [E-208] Hachi Dios Kush has logged in.
[2018/1/4 - 5:19:59] [E-208] Hachi Dios Kush has logged out.
[2018/1/4 - 5:20:53] [E-208] Hachi Dios Kush has logged in.
[2018/1/4 - 5:26:55] [E-208] Hachi Dios Kush has logged out.
[2018/1/4 - 5:32:37] [E-208] Hachi Dios Kush has logged in.
[2018/1/4 - 5:34:05] [E-208] Hachi Dios Kush has logged out.
[2018/1/4 - 5:48:14] Rafed Ink Kleinman has logged in.
[2018/1/4 - 5:57:50] [E-208] Hachi Dios Kush has logged in.
[2018/1/4 - 6:03:45] Rafed Ink Kleinman has withdrawn a Fire Extinguisher from the weapon locker (Cost: 1)
[2018/1/4 - 6:03:49] Rafed Ink Kleinman has withdrawn a Spray Can from the weapon locker (Cost: 1)
[2018/1/4 - 6:15:06] Rafed Ink Kleinman has withdrawn a Fire Extinguisher from the weapon locker (Cost: 1)
[2018/1/4 - 6:15:37] Rafed Ink Kleinman has logged out.
[2018/1/4 - 6:26:23] [E-208] Hachi Dios Kush has logged in.
[2018/1/4 - 6:29:01] [E-208] Hachi Dios Kush has logged out.
[2018/1/4 - 6:39:41] [IA-107] Ashley Reed has logged in.
[2018/1/4 - 6:41:29] [IA-107] Ashley Reed has logged out.
[2018/1/4 - 6:43:55] Dolev Jordan has logged in.
[2018/1/4 - 6:54:59] EMS Driver Dolev Jordan has successfully delivered Patient Jax Dios Hunt to the hospital.
[2018/1/4 - 7:13:13] Dolev Jordan has logged out.
[2018/1/4 - 8:20:46] [E-208] Hachi Dios Kush has logged in.
[2018/1/4 - 8:23:53] [E-208] Hachi Dios Kush has logged out.
[2018/1/4 - 8:25:35] [E-208] Hachi Dios Kush has logged in.
[2018/1/4 - 8:40:25] Hachi Dios Kush has withdrawn a Parachute from the weapon locker (Cost: 1)
[2018/1/4 - 8:50:36] [E-208] Hachi Dios Kush has logged out.
[2018/1/4 - 10:32:21] Jamie Nelson Jr has logged in.
[2018/1/4 - 10:33:02] Jamie Nelson Jr has logged out.
[2018/1/4 - 10:33:37] Jamie Nelson Jr has logged in.
[2018/1/4 - 10:34:28] Jamie Nelson Jr has logged out.
[2018/1/4 - 11:03:05] [H-111] Martin Deto has logged in.
[2018/1/4 - 11:12:59] [H-111] Martin Deto has logged out.
[2018/1/4 - 11:21:01] Jamie Nelson Jr has logged in.
[2018/1/4 - 11:27:43] Kaitlyn Kloss has logged in.
[2018/1/4 - 11:28:45] Probationary Firefighter Jamie Nelson Jr has lost connection.
[2018/1/4 - 11:36:47] Jamie Nelson Jr has logged in.
[2018/1/4 - 11:39:59] David Alan has logged in.
[2018/1/4 - 11:41:43] David Alan has withdrawn a Nitestick from the weapon locker (Cost: 1)
[2018/1/4 - 11:41:43] David Alan has withdrawn a Fire Extinguisher from the weapon locker (Cost: 1)
[2018/1/4 - 11:41:44] David Alan has withdrawn a Parachute from the weapon locker (Cost: 1)
[2018/1/4 - 11:45:24] Probationary Firefighter Jeremy Fisher has lost connection.
[2018/1/4 - 12:05:51] David Alan has logged out.
[2018/1/4 - 12:08:48] [IA-107] Ashley Reed has logged in.
[2018/1/4 - 12:14:28] [IA-107] Ashley Reed has logged out.
[2018/1/4 - 12:24:53] Kaitlyn Kloss has logged out.
[2018/1/4 - 12:30:13] [E-204] Jenna White has logged in.
[2018/1/4 - 12:31:58] [IA-107] Ashley Reed has logged in.
[2018/1/4 - 12:39:00] Kaitlyn Kloss has logged in.
[2018/1/4 - 12:39:39] Kaitlyn Kloss has logged out.
[2018/1/4 - 12:40:44] EMS Driver Jenna White has successfully delivered Patient Chris Chanox to the hospital.
[2018/1/4 - 12:52:46] [C-102] Addison Swagger has logged in.
[2018/1/4 - 12:55:17] Andrew Furino has logged in.
[2018/1/4 - 13:07:02] Kevin Clarkson (1000625262) accepted Fire Chief Addison Swagger's (1000467441) invite to join FDSA (10).
[2018/1/4 - 13:07:28] Fire Chief Addison Swagger (1000467441) has set Kevin Clarkson's (1000625262) division to EMS in FDSA (10).
[2018/1/4 - 13:07:34] Fire Chief Addison Swagger (1000467441) (rank 9) has given Kevin Clarkson (1000625262) rank 1 (Firefighter I) in FDSA (10).
[2018/1/4 - 13:08:03] Fire Chief Addison Swagger (1000467441) (rank 9) has given Andrew Furino (1000194875) rank 3 (Firefighter III) in FDSA (10).
[2018/1/4 - 13:08:16] [H-111] Martin Deto has logged in.
[2018/1/4 - 13:08:19] Kevin Clarkson has withdrawn a Nitestick from the weapon locker (Cost: 1)
[2018/1/4 - 13:08:22] Kevin Clarkson has withdrawn a Fire Extinguisher from the weapon locker (Cost: 1)
[2018/1/4 - 13:08:26] Kevin Clarkson has withdrawn a Parachute from the weapon locker (Cost: 1)
[2018/1/4 - 13:09:02] Firefighter III Andrew Furino has lost connection.
[2018/1/4 - 13:09:22] Andrew Furino has logged in.
[2018/1/4 - 13:09:24] James Pitsburg (1000625748) accepted Fire Chief Addison Swagger's (1000467441) invite to join FDSA (10).
[2018/1/4 - 13:09:26] Fire Chief Addison Swagger (1000467441) (rank 9) has given James Pitsburg (1000625748) rank 1 (Firefighter I) in FDSA (10).
[2018/1/4 - 13:09:32] Fire Chief Addison Swagger (1000467441) has set James Pitsburg's (1000625748) division to EMS in FDSA (10).
[2018/1/4 - 13:09:46] Wong Wui (1000624936) accepted Fire Chief Addison Swagger's (1000467441) invite to join FDSA (10).
[2018/1/4 - 13:09:47] Fire Chief Addison Swagger (1000467441) has set Wong Wui's (1000624936) division to EMS in FDSA (10).
[2018/1/4 - 13:10:16] Andrew Furino has logged out.
[2018/1/4 - 13:10:34] EMS Driver Ashley Reed has successfully delivered Patient Miyu Vikouri to the hospital.
[2018/1/4 - 13:12:00] Firefighter I James Pitsburg has lost connection.
[2018/1/4 - 13:13:14] James Pitsburg has logged in.
[2018/1/4 - 13:14:09] Wong Wui has withdrawn a Nitestick from the weapon locker (Cost: 1)
[2018/1/4 - 13:14:11] Wong Wui has withdrawn a Spray Can from the weapon locker (Cost: 1)
[2018/1/4 - 13:14:12] Wong Wui has withdrawn a Parachute from the weapon locker (Cost: 1)
[2018/1/4 - 13:21:27] [H-111] Paramedic Martin Deto has lost connection.
[2018/1/4 - 13:23:20] [H-111] Martin Deto has logged in.
[2018/1/4 - 13:23:22] Idan Gucci Cobra (1000625258) accepted Fire Chief Addison Swagger's (1000467441) invite to join FDSA (10).
[2018/1/4 - 13:23:29] Fire Chief Addison Swagger (1000467441) has set Idan Gucci Cobra's (1000625258) division to EMS in FDSA (10).
[2018/1/4 - 13:23:35] Fire Chief Addison Swagger (1000467441) (rank 9) has given Idan Gucci Cobra (1000625258) rank 1 (Firefighter I) in FDSA (10).
[2018/1/4 - 13:27:11] [H-111] Martin Deto has logged out.
[2018/1/4 - 13:29:22] [E-204] Firefighter I Jenna White has lost connection.
[2018/1/4 - 13:36:24] [IA-107] Ashley Reed has logged out.
[2018/1/4 - 13:40:58] [C-102] Addison Swagger has logged in.
[2018/1/4 - 13:42:42] Wong Wui has logged out.
[2018/1/4 - 13:42:45] James Pitsburg has logged out.
[2018/1/4 - 13:48:25] James Pitsburg has logged in.
[2018/1/4 - 13:48:39] Idan Gucci Cobra has logged in.
[2018/1/4 - 13:51:37] Idan Gucci Cobra has withdrawn a Nitestick from the weapon locker (Cost: 1)
[2018/1/4 - 13:51:40] Idan Gucci Cobra has withdrawn a Fire Extinguisher from the weapon locker (Cost: 1)
[2018/1/4 - 13:55:14] Idan Gucci Cobra has logged out.
[2018/1/4 - 13:57:28] Kevin Clarkson has logged in.
[2018/1/4 - 13:57:32] [H-111] Martin Deto has logged in.
[2018/1/4 - 13:58:17] [H-111] Paramedic Martin Deto has lost connection.
[2018/1/4 - 14:06:37] Kevin Clarkson has logged out.
[2018/1/4 - 14:07:32] Kevin Clarkson has logged in.
[2018/1/4 - 14:07:48] [O-104] Thyson Kleinman has logged in.
[2018/1/4 - 14:24:54] EMS Driver Kevin Clarkson has successfully delivered Patient Thyson Kleinman to the hospital.
[2018/1/4 - 14:25:17] EMS Driver James Pitsburg has successfully delivered Patient Dane Grimm to the hospital.
[2018/1/4 - 14:29:32] EMS Driver Thyson Kleinman has successfully delivered Patient John Pat to the hospital.
[2018/1/4 - 14:29:35] EMS Driver Thyson Kleinman has successfully delivered Patient Tyrell Michalz to the hospital.
[2018/1/4 - 14:30:20] EMS Driver Kevin Clarkson has successfully delivered Patient James Pitsburg to the hospital.
[2018/1/4 - 14:31:47] EMS Driver Thyson Kleinman has successfully delivered Patient Derek I Lancer to the hospital.
[2018/1/4 - 14:36:01] Rafed Ink Kleinman has logged in.
[2018/1/4 - 14:37:03] EMS Driver Kevin Clarkson has successfully delivered Patient Thyson Kleinman to the hospital.
[2018/1/4 - 14:43:19] EMS Driver Kevin Clarkson has successfully delivered Patient James Pitsburg to the hospital.
[2018/1/4 - 14:48:02] EMS Driver Kevin Clarkson has successfully delivered Patient Tyrell Michalz to the hospital.
[2018/1/4 - 14:54:43] EMS Driver Kevin Clarkson has successfully delivered Patient Riad Schneider to the hospital.
[2018/1/4 - 14:55:21] Kevin Clarkson has logged out.
[2018/1/4 - 14:56:41] EMS Driver James Pitsburg has successfully delivered Patient Diaa Dod to the hospital.
[2018/1/4 - 14:57:16] James Pitsburg has withdrawn a Nitestick from the weapon locker (Cost: 1)
[2018/1/4 - 14:57:18] James Pitsburg has withdrawn a Fire Extinguisher from the weapon locker (Cost: 1)
[2018/1/4 - 15:00:21] Rafed Ink Kleinman has withdrawn a Fire Extinguisher from the weapon locker (Cost: 1)
[2018/1/4 - 15:01:22] [C-103] Nick Mcfellow has logged in.
[2018/1/4 - 15:05:19] [C-103] Nick Mcfellow has logged out.
[2018/1/4 - 15:10:28] EMS Driver Rafed Ink Kleinman has successfully delivered Patient Mark Swisher to the hospital.
[2018/1/4 - 15:14:33] EMS Driver Thyson Kleinman has successfully delivered Patient James Pitsburg to the hospital.
[2018/1/4 - 15:25:01] EMS Driver James Pitsburg has successfully delivered Patient Tyrone Kylie to the hospital.
[2018/1/4 - 15:30:40] James Pitsburg has logged out.
[2018/1/4 - 15:37:22] EMS Driver Rafed Ink Kleinman has successfully delivered Patient Brooke Rudolf to the hospital.
[2018/1/4 - 15:40:10] EMS Driver Rafed Ink Kleinman has successfully delivered Patient Bob Cena to the hospital.
[2018/1/4 - 15:45:04] Billy Dios Delany (1000337830) accepted Captain Thyson Kleinman's (1000130640) invite to join FDSA (10).
[2018/1/4 - 15:45:17] Captain Thyson Kleinman (1000130640) has set Billy Dios Delany's (1000337830) division to EMS in FDSA (10).
[2018/1/4 - 15:50:38] Billy Dios Delany has withdrawn a Nitestick from the weapon locker (Cost: 1)
[2018/1/4 - 15:53:13] Wong Wui has logged in.
[2018/1/4 - 15:55:13] Jax Dios Hunt (1000624993) accepted Captain Thyson Kleinman's (1000130640) invite to join FDSA (10).
[2018/1/4 - 15:55:17] Captain Thyson Kleinman (1000130640) has set Jax Dios Hunt's (1000624993) division to EMS in FDSA (10).
[2018/1/4 - 15:56:53] Jax Dios Hunt has logged out.
[2018/1/4 - 15:57:43] Jax Dios Hunt has logged in.
[2018/1/4 - 16:02:57] Mark Dios Duke (1000556778) accepted Captain Thyson Kleinman's (1000130640) invite to join FDSA (10).
[2018/1/4 - 16:02:58] Captain Thyson Kleinman (1000130640) has set Mark Dios Duke's (1000556778) division to EMS in FDSA (10).
[2018/1/4 - 16:06:48] Probationary Firefighter Billy Dios Delany has lost connection.
[2018/1/4 - 16:08:02] EMS Driver Rafed Ink Kleinman has successfully delivered Patient Mark Fredd to the hospital.
[2018/1/4 - 16:09:47] Billy Dios Delany has logged in.
[2018/1/4 - 16:10:18] Probationary Firefighter Billy Dios Delany has lost connection.
[2018/1/4 - 16:10:53] Billy Dios Delany has logged in.
[2018/1/4 - 16:16:15] EMS Driver Rafed Ink Kleinman has successfully delivered Patient Be Esmoko to the hospital.
[2018/1/4 - 16:18:50] James Pitsburg has logged in.
[2018/1/4 - 16:20:25] James Pitsburg has withdrawn a Nitestick from the weapon locker (Cost: 1)
[2018/1/4 - 16:20:27] James Pitsburg has withdrawn a Parachute from the weapon locker (Cost: 1)
[2018/1/4 - 16:20:28] James Pitsburg has withdrawn a Fire Extinguisher from the weapon locker (Cost: 1)
[2018/1/4 - 16:21:36] [H-111] Martin Deto has logged in.
[2018/1/4 - 16:32:48] Carl Ryan has logged in.
[2018/1/4 - 16:33:02] Jax Dios Hunt has withdrawn a Nitestick from the weapon locker (Cost: 1)
[2018/1/4 - 16:33:03] Jax Dios Hunt has withdrawn a Spray Can from the weapon locker (Cost: 1)
[2018/1/4 - 16:33:05] Jax Dios Hunt has withdrawn a Parachute from the weapon locker (Cost: 1)
[2018/1/4 - 16:39:04] EMS Driver Rafed Ink Kleinman has successfully delivered Patient Miguel Varios to the hospital.
[2018/1/4 - 16:40:13] Rafed Ink Kleinman has logged out.
[2018/1/4 - 16:41:05] Mark Dios Duke has withdrawn a Spray Can from the weapon locker (Cost: 1)
[2018/1/4 - 16:41:07] Mark Dios Duke has withdrawn a Fire Extinguisher from the weapon locker (Cost: 1)
[2018/1/4 - 16:41:17] Rafed Ink Kleinman has logged in.
[2018/1/4 - 16:42:38] Jax Dios Hunt has withdrawn a Fire Extinguisher from the weapon locker (Cost: 1)
[2018/1/4 - 16:44:54] [O-104] Thyson Kleinman has logged out.
[2018/1/4 - 16:49:25] EMS Driver Billy Dios Delany has successfully delivered Patient Lee Liang to the hospital.
[2018/1/4 - 16:50:04] Wong Wui has logged out.
[2018/1/4 - 16:51:14] [H-111] Paramedic Martin Deto has lost connection.
[2018/1/4 - 16:51:50] EMS Driver James Pitsburg has successfully delivered Patient Michael Dios Wing to the hospital.
[2018/1/4 - 16:52:05] [O-104] Thyson Kleinman has logged in.
[2018/1/4 - 16:53:46] EMS Driver Billy Dios Delany has successfully delivered Patient Mark Dios Duke to the hospital.
[2018/1/4 - 16:54:58] Rafed Ink Kleinman has logged out.
[2018/1/4 - 16:56:23] Rafed Ink Kleinman has logged in.
[2018/1/4 - 16:56:56] [O-104] Thyson Kleinman has logged out.
[2018/1/4 - 16:57:28] Rafed Ink Kleinman has logged out.
[2018/1/4 - 16:57:46] Matt Honest (880189) has made Matt Honest (880189) the leader of the FDSA.
[2018/1/4 - 16:57:54] James Pitsburg has logged out.
[2018/1/4 - 16:58:13] Wong Wui has logged in.
[2018/1/4 - 16:58:21] Wong Wui (1000624936) has quit the FDSA as a rank 0
[2018/1/4 - 16:58:57] Rafed Ink Kleinman has logged in.
[2018/1/4 - 16:59:00] [O-104] Thyson Kleinman has logged in.
[2018/1/4 - 16:59:49] Rafed Ink Kleinman has logged out.
[2018/1/4 - 17:01:08] Carl Ryan has logged out.
[2018/1/4 - 17:01:54] EMS Driver Hooligan Hooligan has successfully delivered Patient Kara Danzie to the hospital.
[2018/1/4 - 17:04:21] [O-104] Thyson Kleinman has logged out.
[2018/1/4 - 17:05:05] [E-205] Jimmy Tex has logged in.
[2018/1/4 - 17:06:33] Rafed Ink Kleinman has logged in.
[2018/1/4 - 17:06:59] Ellie Murphy has logged in.
[2018/1/4 - 17:07:21] [O-104] Thyson Kleinman has logged in.
[2018/1/4 - 17:07:35] Rafed Ink Kleinman has logged out.
[2018/1/4 - 17:08:20] Rafed Ink Kleinman has logged in.
[2018/1/4 - 17:09:45] Rafed Ink Kleinman has logged out.
[2018/1/4 - 17:14:01] [E-208] Hachi Dios Kush has logged in.
[2018/1/4 - 17:17:03] Rafed Ink Kleinman has logged in.
[2018/1/4 - 17:17:28] [O-104] Thyson Kleinman has logged out.
[2018/1/4 - 17:17:55] Probationary Firefighter Rafed Ink Kleinman has lost connection.
[2018/1/4 - 17:19:22] EMS Driver Billy Dios Delany has successfully delivered Patient Percy Dios Brank to the hospital.
[2018/1/4 - 17:20:13] Dixie Lutheria has logged in.
[2018/1/4 - 17:20:17] Rafed Ink Kleinman has logged in.
[2018/1/4 - 17:20:47] EMS Driver Billy Dios Delany has successfully delivered Patient Sharkiesha Diesel to the hospital.
[2018/1/4 - 17:20:57] Rafed Ink Kleinman has logged out.
[2018/1/4 - 17:21:46] Rafed Ink Kleinman has logged in.
[2018/1/4 - 17:22:20] Rafed Ink Kleinman has logged out.
[2018/1/4 - 17:23:03] Dixie Lutheria has withdrawn a Fire Extinguisher from the weapon locker (Cost: 1)
[2018/1/4 - 17:23:08] Dixie Lutheria has withdrawn a Nitestick from the weapon locker (Cost: 1)
[2018/1/4 - 17:23:10] Dixie Lutheria has withdrawn a Parachute from the weapon locker (Cost: 1)
[2018/1/4 - 17:24:10] EMS Driver Billy Dios Delany has successfully delivered Patient Mack Chrome to the hospital.
[2018/1/4 - 17:30:26] Ellie Murphy has logged out.
[2018/1/4 - 17:31:39] EMS Driver Billy Dios Delany has successfully delivered Patient Bob Cena to the hospital.
[2018/1/4 - 17:31:41] EMS Driver Billy Dios Delany has successfully delivered Patient Kendrick Williams to the hospital.
[2018/1/4 - 17:32:39] [E-205] Jimmy T Tex has logged out.
[2018/1/4 - 17:33:27] Ellie Murphy has logged in.
[2018/1/4 - 17:34:07] [E-208] Hachi Dios Kush has logged out.
[2018/1/4 - 17:34:43] [E-208] Hachi Dios Kush has logged in.
[2018/1/4 - 17:36:17] Dixie Lutheria has logged out.
[2018/1/4 - 17:37:02] [E-208] Probationary Firefighter Hachi Dios Kush has lost connection.
[2018/1/4 - 17:37:25] EMS Driver Jax Dios Hunt has successfully delivered Patient Michael Oldman to the hospital.
[2018/1/4 - 17:39:08] [E-208] Hachi Dios Kush has logged in.
[2018/1/4 - 17:43:38] Ellie Murphy has logged in.
[2018/1/4 - 17:46:22] Ellie Murphy has logged out.
[2018/1/4 - 17:48:18] Ellie Murphy has logged in.
[2018/1/4 - 17:49:25] Rafed Ink Kleinman has logged in.
[2018/1/4 - 17:50:07] Firefighter I Ellie Murphy has lost connection.
[2018/1/4 - 17:50:07] Rafed Ink Kleinman has logged out.
[2018/1/4 - 17:50:44] Carl Ryan has logged in.
[2018/1/4 - 17:51:18] [E-208] Hachi Dios Kush has logged out.
[2018/1/4 - 17:53:20] Carl Ryan has logged out.
[2018/1/4 - 17:56:33] [E-208] Hachi Dios Kush has logged in.
[2018/1/4 - 17:57:36] EMS Driver Jax Dios Hunt has successfully delivered Patient Brandon Volkoff to the hospital.
[2018/1/4 - 18:00:27] EMS Driver Jax Dios Hunt has successfully delivered Patient Ahmed Choppa to the hospital.
[2018/1/4 - 18:02:22] EMS Driver Jax Dios Hunt has successfully delivered Patient Keith De Santis to the hospital.
[2018/1/4 - 18:02:24] EMS Driver Jax Dios Hunt has successfully delivered Patient Tanner Lancer to the hospital.
[2018/1/4 - 18:03:01] EMS Driver Jax Dios Hunt has successfully delivered Patient Ahmed Choppa to the hospital.
[2018/1/4 - 18:04:55] EMS Driver Jax Dios Hunt has successfully delivered Patient Alfred Freeman to the hospital.
[2018/1/4 - 18:06:30] [HR-106] Alice Rodriguez has logged in.
[2018/1/4 - 18:06:59] Alice Rodriguez (1000311457) has set Jax Dios Hunt's (1000624993) badge to E-210.
[2018/1/4 - 18:07:03] Jimmy Croos Jr has logged in.
[2018/1/4 - 18:07:06] Alice Rodriguez (1000311457) has set Billy Dios Delany's (1000337830) badge to E-211.
[2018/1/4 - 18:07:11] Jimmy Croos Jr has logged out.
[2018/1/4 - 18:07:20] Alice Rodriguez (1000311457) has set Mark Dios Duke's (1000556778) badge to E-212.
[2018/1/4 - 18:11:21] EMS Driver Jax Dios Hunt has successfully delivered Patient Archie Gucci Cobra to the hospital.
[2018/1/4 - 18:12:38] Dolev Jordan has logged in.
[2018/1/4 - 18:13:10] EMS Driver Mark Dios Duke has successfully delivered Patient Mubaid Jordan to the hospital.
[2018/1/4 - 18:13:43] [IA-107] Ashley Reed has logged in.
[2018/1/4 - 18:16:19] EMS Driver Mark Dios Duke has successfully delivered Patient Faizan Kolachi to the hospital.
[2018/1/4 - 18:17:03] EMS Driver Jax Dios Hunt has successfully delivered Patient Zyana Dios Bishop to the hospital.
[2018/1/4 - 18:26:01] EMS Driver Jax Dios Hunt has successfully delivered Patient Faizan Kolachi to the hospital.
[2018/1/4 - 18:26:03] EMS Driver Jax Dios Hunt has successfully delivered Patient Ahmed Choppa to the hospital.
[2018/1/4 - 18:27:48] Lieutenant Alice Rodriguez (1000311457) (rank 5) has uninvited Hachi Dios Kush (1000222190) (rank 0) from FDSA (10).
[2018/1/4 - 18:28:47] EMS Driver Jax Dios Hunt has successfully delivered Patient Daro Freeman to the hospital.
[2018/1/4 - 18:30:49] James Pitsburg has logged in.
[2018/1/4 - 18:31:01] EMS Driver Ashley Reed has successfully delivered Patient Zyana Dios Bishop to the hospital.
[2018/1/4 - 18:33:47] James Pitsburg has logged out.
[2018/1/4 - 18:33:54] [HR-106] Lieutenant Alice Rodriguez has lost connection.
[2018/1/4 - 18:35:09] [C-101] Alejandro Waters has logged in.
[2018/1/4 - 18:37:17] [HR-106] Alice Rodriguez has logged in.
[2018/1/4 - 18:38:40] [E-210] Probationary Firefighter Jax Dios Hunt has lost connection.
[2018/1/4 - 18:40:28] [C-103] Nick Mcfellow has logged in.
[2018/1/4 - 18:41:54] [E-210] Jax Dios Hunt has logged in.
[2018/1/4 - 18:42:37] [O-104] Thyson Kleinman has logged in.
[2018/1/4 - 18:43:27] EMS Driver Mark Dios Duke has successfully delivered Patient Archie Gucci Cobra to the hospital.
[2018/1/4 - 18:43:28] EMS Driver Mark Dios Duke has successfully delivered Patient Darius Esperto to the hospital.
[2018/1/4 - 18:43:40] EMS Driver Jax Dios Hunt has successfully delivered Patient Zyana Dios Bishop to the hospital.
[2018/1/4 - 18:44:47] [HR-106] Alice Rodriguez has logged out.
[2018/1/4 - 18:47:29] [HR-106] Alice Rodriguez has logged in.
[2018/1/4 - 18:48:36] [HR-106] Alice Rodriguez has logged in.
[2018/1/4 - 18:48:45] Alice Rodriguez (1000311457) has set Dolev Jordan's (1000625197) badge to E-201.
[2018/1/4 - 18:51:25] [O-104] Thyson Kleinman has logged out.
[2018/1/4 - 18:51:54] [HR-106] Alice Rodriguez has logged in.
[2018/1/4 - 18:52:39] [O-104] Thyson Kleinman has logged in.
[2018/1/4 - 18:52:44] [HR-106] Alice Rodriguez has logged out.
[2018/1/4 - 18:53:15] [O-104] Thyson Kleinman has logged out.
[2018/1/4 - 18:53:37] [HR-106] Alice Rodriguez has logged in.
[2018/1/4 - 18:54:27] [O-104] Thyson Kleinman has logged in.
[2018/1/4 - 18:56:34] Captain Thyson Kleinman (1000130640) (rank 6) has uninvited Billy Dios Delany (1000337830) (rank 0) from FDSA (10).
[2018/1/4 - 18:56:40] [HR-106] Alice Rodriguez has logged out.
[2018/1/4 - 18:59:08] [HR-106] Alice Rodriguez has logged in.
[2018/1/4 - 19:00:01] Dolev Jordan has withdrawn a Parachute from the weapon locker (Cost: 1)
[2018/1/4 - 19:00:13] Dolev Jordan has withdrawn a Spray Can from the weapon locker (Cost: 1)
[2018/1/4 - 19:04:55] EMS Driver Alice Rodriguez has successfully delivered Patient Mike Ock to the hospital.
[2018/1/4 - 19:19:25] [C-101] Alejandro Waters has logged in.
[2018/1/4 - 19:20:39] Jeremy Fisher has logged in.
[2018/1/4 - 19:22:06] [O-104] Thyson Kleinman has logged out.
[2018/1/4 - 19:22:35] Jeremy Fisher (1000625321) has quit the FDSA as a rank 0
[2018/1/4 - 19:28:29] [HR-106] Lieutenant Alice Rodriguez has lost connection.
[2018/1/4 - 19:29:09] [E-206] Alberto Bishop has logged in.
[2018/1/4 - 19:29:51] [E-206] Alberto Bishop has logged out.
[2018/1/4 - 19:34:43] Kevin Clarkson has logged in.
[2018/1/4 - 19:34:50] Firefighter I Kevin Clarkson has lost connection.
[2018/1/4 - 19:43:41] EMS Driver Jax Dios Hunt has successfully delivered Patient Greg Grier to the hospital.
[2018/1/4 - 19:44:16] Kevin Clarkson has logged in.
[2018/1/4 - 19:44:22] Firefighter I Kevin Clarkson has lost connection.
[2018/1/4 - 19:45:23] Kevin Clarkson has logged in.
[2018/1/4 - 19:46:00] [E-205] Jimmy T Tex has logged in.
[2018/1/4 - 19:46:33] EMS Driver Jax Dios Hunt has successfully delivered Patient Claus Bear to the hospital.
[2018/1/4 - 19:47:51] [HR-106] Alice Rodriguez has logged in.
[2018/1/4 - 19:51:00] Jax Dios Hunt has withdrawn a Spray Can from the weapon locker (Cost: 1)
[2018/1/4 - 19:51:01] Jax Dios Hunt has withdrawn a Nitestick from the weapon locker (Cost: 1)
[2018/1/4 - 19:51:02] Jax Dios Hunt has withdrawn a Parachute from the weapon locker (Cost: 1)
[2018/1/4 - 19:58:53] [HR-106] Alice Rodriguez has logged out.
[2018/1/4 - 20:04:32] [E-201] Dolev Jordan has logged out.
[2018/1/4 - 20:09:13] [HR-106] Alice Rodriguez has logged in.
[2018/1/4 - 20:15:42] EMS Driver Ashley Reed has successfully delivered Patient Tony Blaze Speed to the hospital.
[2018/1/4 - 20:16:18] EMS Driver Kevin Clarkson has successfully delivered Patient Claus Bear to the hospital.
[2018/1/4 - 20:18:53] Kevin Clarkson has logged out.
[2018/1/4 - 20:24:13] [HR-106] Alice Rodriguez has logged out.
[2018/1/4 - 20:27:05] EMS Driver Jax Dios Hunt has successfully delivered Patient Matt Corozzo to the hospital.
[2018/1/4 - 20:28:14] [HR-106] Alice Rodriguez has logged in.
[2018/1/4 - 20:29:34] [A-105] Davyn R Jones has logged in.
[2018/1/4 - 20:32:56] EMS Driver Ashley Reed has successfully delivered Patient Claus Bear to the hospital.
[2018/1/4 - 20:33:17] Alice Rodriguez has withdrawn a Nitestick from the weapon locker (Cost: 1)
[2018/1/4 - 20:36:40] EMS Driver Ashley Reed has successfully delivered Patient Trent Wolf to the hospital.
[2018/1/4 - 20:38:55] Lieutenant Alice Rodriguez (1000311457) (rank 5) has uninvited Jax Dios Hunt (1000624993) (rank 0) from FDSA (10).
[2018/1/4 - 20:40:58] EMS Driver Jimmy T Tex has successfully delivered Patient Derek Hunter to the hospital.
[2018/1/4 - 20:41:52] David Alan has logged in.
[2018/1/4 - 20:42:31] [E-205] Firefighter I Jimmy T Tex has lost connection.
[2018/1/4 - 20:44:08] [E-212] Mark Dios Duke has logged in.
[2018/1/4 - 20:44:18] [HR-106] Lieutenant Alice Rodriguez has lost connection.
[2018/1/4 - 20:45:38] [E-205] Jimmy T Tex has logged in.
[2018/1/4 - 20:46:19] [HR-106] Alice Rodriguez has logged in.
[2018/1/4 - 20:50:46] David Alan has logged out.
[2018/1/4 - 20:52:54] Ellie Murphy has logged in.
[2018/1/4 - 20:57:41] EMS Driver Alice Rodriguez has successfully delivered Patient Mubaid Jordan to the hospital.
[2018/1/4 - 21:02:52] Captain Davyn R Jones (1000061008) (rank 6) has given Jimmy T Tex (1000522440) rank 2 (Firefighter II) in FDSA (10).
[2018/1/4 - 21:03:02] Captain Davyn R Jones (1000061008) has set Jimmy T Tex's (1000522440) division to IA in FDSA (10).
[2018/1/4 - 21:07:38] Lieutenant Alice Rodriguez (1000311457) has set Ellie Murphy's (1000625276) division to HR in FDSA (10).
[2018/1/4 - 21:07:45] Alice Rodriguez (1000311457) has set Ellie Murphy's (1000625276) badge to H-210.
[2018/1/4 - 21:10:41] [H-210] Ellie Murphy has logged out.
[2018/1/4 - 21:10:55] [IA-107] Ashley Reed has logged out.
[2018/1/4 - 21:12:48] Alice Rodriguez (1000311457) has set Jimmy T Tex's (1000522440) badge to I-205.
[2018/1/4 - 21:14:42] [A-105] Davyn R Jones has logged out.
[2018/1/4 - 21:21:23] EMS Driver Alice Rodriguez has successfully delivered Patient Clint Maddox to the hospital.
[2018/1/4 - 21:21:29] EMS Driver Mark Dios Duke has successfully delivered Patient Chester Speed to the hospital.
[2018/1/4 - 21:23:01] EMS Driver Alice Rodriguez has successfully delivered Patient Raf Simons to the hospital.
[2018/1/4 - 21:23:38] [HR-106] Lieutenant Alice Rodriguez has lost connection.
[2018/1/4 - 21:24:24] [HR-106] Alice Rodriguez has logged in.
[2018/1/4 - 21:28:47] EMS Driver Alice Rodriguez has successfully delivered Patient Titus Styles to the hospital.
[2018/1/4 - 21:36:47] [E-206] Alberto Bishop has logged in.
[2018/1/4 - 21:38:38] EMS Driver Alice Rodriguez has successfully delivered Patient Reece Storm to the hospital.
[2018/1/4 - 21:58:56] EMS Driver Mark Dios Duke has successfully delivered Patient Fred Major to the hospital.
[2018/1/4 - 22:05:31] Mark Dios Duke (1000556778) has quit the FDSA as a rank 0
[2018/1/4 - 22:11:32] [E-206] Firefighter I Alberto Bishop has lost connection.
[2018/1/4 - 22:14:58] [E-206] Alberto Bishop has logged in.
[2018/1/4 - 22:20:28] Keith Lawrence (1000624840) has made Keith Lawrence (1000624840) the leader of the FDSA.
[2018/1/4 - 22:26:33] EMS Driver Alice Rodriguez has successfully delivered Patient Vladmir Glasscock to the hospital.
[2018/1/4 - 22:45:11] Kevin Clarkson has logged in.
[2018/1/4 - 22:45:41] Firefighter I Kevin Clarkson has lost connection.
[2018/1/4 - 22:46:56] Kevin Clarkson has logged in.
[2018/1/4 - 22:48:42] Kevin Clarkson has logged out.
[2018/1/4 - 22:49:19] Kevin Clarkson has logged in.
[2018/1/4 - 22:49:29] Firefighter I Kevin Clarkson has lost connection.
[2018/1/4 - 22:50:29] Kevin Clarkson has logged in.
[2018/1/4 - 22:50:31] [H-111] Martin Deto has logged in.
[2018/1/4 - 22:50:40] Firefighter I Kevin Clarkson has lost connection.
[2018/1/4 - 22:51:25] Kevin Clarkson has logged in.
[2018/1/4 - 22:52:55] Kevin Clarkson has withdrawn a Nitestick from the weapon locker (Cost: 1)
[2018/1/4 - 22:52:57] Kevin Clarkson has withdrawn a Fire Extinguisher from the weapon locker (Cost: 1)
[2018/1/4 - 23:01:58] [H-210] Ellie Murphy has logged in.
[2018/1/4 - 23:05:25] Alice Rodriguez (1000311457) has set Kevin Clarkson's (1000625262) badge to E-208.
[2018/1/4 - 23:06:03] [H-210] Ellie Murphy has logged out.
[2018/1/4 - 23:06:10] Alice Rodriguez (1000311457) has set Martin Deto's (1000625029) badge to HR-111.
[2018/1/4 - 23:10:04] [E-208] Kevin Clarkson has logged out.
[2018/1/4 - 23:10:48] [E-208] Kevin Clarkson has logged in.
[2018/1/4 - 23:11:51] [HR-111] Martin Deto has logged out.
[2018/1/4 - 23:14:25] EMS Driver Alice Rodriguez has successfully delivered Patient Claus Bear Lee Smith to the hospital.
[2018/1/4 - 23:21:39] EMS Driver Kevin Clarkson has successfully delivered Patient Mark Deto to the hospital.
[2018/1/4 - 23:22:45] [E-206] Alberto Bishop has logged out.
[2018/1/4 - 23:28:58] [C-103] Nick Mcfellow has logged in.
[2018/1/4 - 23:39:40] David Alan has logged in.
[2018/1/4 - 23:40:57] Alice Rodriguez (1000311457) has set David Alan's (1000624999) badge to E-211.
[2018/1/4 - 23:46:08] [E-211] David Alan has logged out.
[2018/1/4 - 23:47:25] [E-211] David Alan has logged in.
[2018/1/4 - 23:47:31] Kevin Clarkson (1000625262) has quit the FDSA as a rank 1
[2018/1/4 - 23:52:24] EMS Driver Alice Rodriguez has successfully delivered Patient Derek H Lancer to the hospital.
[2018/1/4 - 23:53:11] [E-211] David Alan has logged out.
[2018/1/4 - 23:53:46] [E-211] David Alan has logged in.
[2018/1/4 - 23:55:01] [E-211] David Alan has logged out.
[2018/1/4 - 23:55:26] Kevin Clarkson (1000625262) accepted Lieutenant Alice Rodriguez's (1000311457) invite to join FDSA (10).
[2018/1/4 - 23:56:50] Lieutenant Alice Rodriguez (1000311457) has set Kevin Clarkson's (1000625262) division to EMS in FDSA (10).
[2018/1/4 - 23:56:59] Lieutenant Alice Rodriguez (1000311457) (rank 5) has given Kevin Clarkson (1000625262) rank 1 (Firefighter I) in FDSA (10).
[2018/1/4 - 23:57:24] Alice Rodriguez (1000311457) has set Kevin Clarkson's (1000625262) badge to E-208.
