[2018/1/22 - 1:45:44] Martin Higgums has logged out.
[2018/1/22 - 5:10:01] [HR107] Lieutenant Alice Rodriguez has lost connection.
[2018/1/22 - 5:18:19] [HR107] Alice Rodriguez has logged out.
[2018/1/22 - 5:21:40] Alice Rodriguez has withdrawn a Desert Eagle from the weapon locker (Cost: 5)
[2018/1/22 - 6:04:00] EMS Driver Alice Rodriguez has successfully delivered Patient Rhett Mclaughlin to the hospital.
[2018/1/22 - 6:09:47] Kaitlyn Kloss has logged out.
[2018/1/22 - 6:15:12] Kaitlyn Kloss has logged out.
[2018/1/22 - 7:15:03] Alice Rodriguez has withdrawn a Desert Eagle from the weapon locker (Cost: 5)
[2018/1/22 - 7:17:09] Ilay Gucci Cobra (1000627468) accepted Lieutenant Alice Rodriguez's (1000311457) invite to join FDSA (10).
[2018/1/22 - 7:18:15] Alice Rodriguez (1000311457) has set Ilay Gucci Cobra's (1000627468) badge to E-204.
[2018/1/22 - 7:18:17] Lieutenant Alice Rodriguez (1000311457) has set Ilay Gucci Cobra's (1000627468) division to EMS in FDSA (10).
[2018/1/22 - 7:21:11] Ilay Gucci Cobra has withdrawn a Nitestick from the weapon locker (Cost: 1)
[2018/1/22 - 7:21:12] Ilay Gucci Cobra has withdrawn a Spray Can from the weapon locker (Cost: 1)
[2018/1/22 - 7:22:14] EMS Driver Ilay Gucci Cobra has successfully delivered Patient Alice Rodriguez to the hospital.
[2018/1/22 - 7:22:26] Lieutenant Alice Rodriguez (1000311457) (rank 5) has given Ilay Gucci Cobra (1000627468) rank 1 (Firefighter I) in FDSA (10).
[2018/1/22 - 7:28:31] [HR208] Firefighter I Kevin Clarkson has lost connection.
[2018/1/22 - 7:36:38] [E-204] Ilay Gucci Cobra has logged out.
[2018/1/22 - 7:51:14] [HR107] Alice Rodriguez has logged out.
[2018/1/22 - 8:24:07] Alice Rodriguez has withdrawn a Desert Eagle from the weapon locker (Cost: 5)
[2018/1/22 - 8:29:12] EMS Driver Alice Rodriguez has successfully delivered Patient Sharkiesha Diesel to the hospital.
[2018/1/22 - 8:30:50] EMS Driver Alice Rodriguez has successfully delivered Patient Josh Vikouri Montage to the hospital.
[2018/1/22 - 8:30:51] EMS Driver Alice Rodriguez has successfully delivered Patient Drew Erika to the hospital.
[2018/1/22 - 9:10:00] [HR107] Alice Rodriguez has logged out.
[2018/1/22 - 9:21:59] [HR107] Lieutenant Alice Rodriguez has lost connection.
[2018/1/22 - 9:32:03] [HR107] Alice Rodriguez has logged out.
[2018/1/22 - 9:35:59] EMS Driver Kevin Clarkson has successfully delivered Patient Dan Drew Maute to the hospital.
[2018/1/22 - 9:39:32] [HR208] Firefighter I Kevin Clarkson has lost connection.
[2018/1/22 - 9:44:59] [HR208] Firefighter I Kevin Clarkson has lost connection.
[2018/1/22 - 9:50:08] [HR107] Alice Rodriguez has logged out.
[2018/1/22 - 11:08:55] Max G Gold has logged out.
[2018/1/22 - 11:19:23] Ren Woods has withdrawn a Nitestick from the weapon locker (Cost: 1)
[2018/1/22 - 11:19:24] Ren Woods has withdrawn a Spray Can from the weapon locker (Cost: 1)
[2018/1/22 - 11:22:55] Ty Smith (1000601662) has made Ty Smith (1000601662) the leader of the FDSA.
[2018/1/22 - 11:33:58] Alice Rodriguez (1000311457) has set Ren Woods's (1000626961) badge to E-283.
[2018/1/22 - 11:34:00] Lieutenant Alice Rodriguez (1000311457) has set Ren Woods's (1000626961) division to EMS in FDSA (10).
[2018/1/22 - 11:41:10] EMS Driver Ilay Gucci Cobra has successfully delivered Patient Dan Drew Maute to the hospital.
[2018/1/22 - 11:52:57] [E-283] Ren Woods has logged out.
[2018/1/22 - 11:54:48] EMS Driver Ilay Gucci Cobra has successfully delivered Patient Stifler Gucci Cobra to the hospital.
[2018/1/22 - 11:54:51] EMS Driver Ilay Gucci Cobra has successfully delivered Patient Larry Maddox to the hospital.
[2018/1/22 - 12:08:17] EMS Driver Max G Gold has successfully delivered Patient John Swagger to the hospital.
[2018/1/22 - 12:09:53] Max G Gold has logged out.
[2018/1/22 - 12:10:01] Alice Rodriguez has authorized Ilay Gucci Cobra to withdraw a Desert Eagle from the weapon locker (Cost: 5)
[2018/1/22 - 12:14:26] Fire Chief Alejandro Waters (1000252341) (rank 9) has uninvited Ilay Gucci Cobra (1000627468) (rank 1) from FDSA (10).
[2018/1/22 - 12:28:32] [HR107] Lieutenant Alice Rodriguez has lost connection.
[2018/1/22 - 12:40:20] EMS Driver Max G Gold has successfully delivered Patient Alejuando D Cobra to the hospital.
[2018/1/22 - 12:44:16] EMS Driver Max G Gold has successfully delivered Patient Marko K. Steven to the hospital.
[2018/1/22 - 12:50:01] Max G Gold has logged out.
[2018/1/22 - 13:00:31] Andrew Furino has logged out.
[2018/1/22 - 13:04:55] Martin Higgums has withdrawn a Spray Can from the weapon locker (Cost: 1)
[2018/1/22 - 13:07:13] [HR107] Alice Rodriguez has logged out.
[2018/1/22 - 13:09:19] Alice Rodriguez has withdrawn a Desert Eagle from the weapon locker (Cost: 5)
[2018/1/22 - 13:22:32] Andrew Furino has logged out.
[2018/1/22 - 13:26:48] Martin Higgums has logged out.
[2018/1/22 - 13:39:17] Max G Gold has withdrawn a Nitestick from the weapon locker (Cost: 1)
[2018/1/22 - 13:39:18] Max G Gold has withdrawn a Spray Can from the weapon locker (Cost: 1)
[2018/1/22 - 13:39:19] Max G Gold has withdrawn a Fire Extinguisher from the weapon locker (Cost: 1)
[2018/1/22 - 13:39:20] Max G Gold has withdrawn a Parachute from the weapon locker (Cost: 1)
[2018/1/22 - 13:43:44] [HR107] Alice Rodriguez has logged out.
[2018/1/22 - 13:43:57] EMS Driver Max G Gold has successfully delivered Patient Chester Speed to the hospital.
[2018/1/22 - 13:47:53] Alejandro Waters (1000252341) has made Alejandro Waters (1000252341) the leader of the FDSA.
[2018/1/22 - 13:50:28] EMS Driver Max G Gold has successfully delivered Patient Haider Philipps to the hospital.
[2018/1/22 - 13:55:37] Andrew Furino has logged out.
[2018/1/22 - 14:01:04] EMS Driver Max G Gold has successfully delivered Patient Chris Shiels to the hospital.
[2018/1/22 - 14:05:12] Probationary Firefighter Max G Gold has lost connection.
[2018/1/22 - 14:12:35] Alejandro Waters (1000252341) has made Alejandro Waters (1000252341) the leader of the FDSA.
[2018/1/22 - 14:19:31] EMS Driver Max G Gold has successfully delivered Patient Stifler Gucci Cobra to the hospital.
[2018/1/22 - 14:22:48] Larry Huken (1000627262) accepted Deputy Chief Arturo Waters's (1000576388) invite to join FDSA (10).
[2018/1/22 - 14:23:20] Deputy Chief Arturo Waters (1000576388) has set Larry Huken's (1000627262) division to VTR in FDSA (10).
[2018/1/22 - 14:24:09] Max G Gold has logged out.
[2018/1/22 - 14:24:31] [E-524] Erin Spectre has logged out.
[2018/1/22 - 14:27:25] Larry Huken has withdrawn a Fire Extinguisher from the weapon locker (Cost: 1)
[2018/1/22 - 14:33:43] Larry Huken has logged out.
[2018/1/22 - 14:42:32] Simon Vio Kush has withdrawn a Nitestick from the weapon locker (Cost: 1)
[2018/1/22 - 14:42:33] Simon Vio Kush has withdrawn a Fire Extinguisher from the weapon locker (Cost: 1)
[2018/1/22 - 14:45:16] EMS Driver Max G Gold has successfully delivered Patient Kyle Blevis to the hospital.
[2018/1/22 - 14:45:29] Simon Vio Kush has withdrawn a Nitestick from the weapon locker (Cost: 1)
[2018/1/22 - 14:45:31] Simon Vio Kush has withdrawn a Fire Extinguisher from the weapon locker (Cost: 1)
[2018/1/22 - 14:52:39] Larry Huken has withdrawn a Fire Extinguisher from the weapon locker (Cost: 1)
[2018/1/22 - 15:27:29] EMS Driver Simon Vio Kush has successfully delivered Patient Jaffar Mertens to the hospital.
[2018/1/22 - 15:35:42] Larry Huken has logged out.
[2018/1/22 - 15:37:44] Max G Gold has logged out.
[2018/1/22 - 15:47:23] [E-214] Simon Vio Kush has logged out.
[2018/1/22 - 15:51:43] Larry Huken has logged out.
[2018/1/22 - 15:56:03] Max G Gold has withdrawn a Nitestick from the weapon locker (Cost: 1)
[2018/1/22 - 15:56:05] Max G Gold has withdrawn a Spray Can from the weapon locker (Cost: 1)
[2018/1/22 - 15:56:07] Max G Gold has withdrawn a Fire Extinguisher from the weapon locker (Cost: 1)
[2018/1/22 - 15:56:09] Max G Gold has withdrawn a Parachute from the weapon locker (Cost: 1)
[2018/1/22 - 16:02:35] EMS Driver Max G Gold has successfully delivered Patient Mark P Vinci to the hospital.
[2018/1/22 - 16:02:47] Max G Gold has logged out.
[2018/1/22 - 16:11:36] Alice Rodriguez (1000311457) has changed MOTD for Make sure to be on Central Dispatch Pass : kruptarturo  to: Make sure to be o
[2018/1/22 - 16:11:50] Alice Rodriguez (1000311457) has changed MOTD for Make sure to be on Central Dispatch Pass : kruptarturo // Else IA will give o
[2018/1/22 - 16:13:38] Max G Gold has logged out.
[2018/1/22 - 16:26:34] EMS Driver Max G Gold has successfully delivered Patient Joel Baratta to the hospital.
[2018/1/22 - 16:37:30] Max G Gold has withdrawn a Nitestick from the weapon locker (Cost: 1)
[2018/1/22 - 16:37:31] Max G Gold has withdrawn a Spray Can from the weapon locker (Cost: 1)
[2018/1/22 - 16:37:32] Max G Gold has withdrawn a Fire Extinguisher from the weapon locker (Cost: 1)
[2018/1/22 - 16:37:33] Max G Gold has withdrawn a Parachute from the weapon locker (Cost: 1)
[2018/1/22 - 16:52:41] Max G Gold has logged out.
[2018/1/22 - 16:54:20] [A-105] Davyn R Jones has logged out.
[2018/1/22 - 17:03:27] [HR107] Alice Rodriguez has logged out.
[2018/1/22 - 17:20:59] [HR107] Alice Rodriguez has logged out.
[2018/1/22 - 17:24:34] [HR107] Alice Rodriguez has logged out.
[2018/1/22 - 17:33:23] EMS Driver Nick Mcfellow has successfully delivered Patient Steve Mofujohn to the hospital.
[2018/1/22 - 17:34:41] Max G Gold has withdrawn a Nitestick from the weapon locker (Cost: 1)
[2018/1/22 - 17:34:42] Max G Gold has withdrawn a Spray Can from the weapon locker (Cost: 1)
[2018/1/22 - 17:34:44] Max G Gold has withdrawn a Fire Extinguisher from the weapon locker (Cost: 1)
[2018/1/22 - 17:34:45] Max G Gold has withdrawn a Parachute from the weapon locker (Cost: 1)
[2018/1/22 - 17:36:41] [C-103] Nick Mcfellow has logged out.
[2018/1/22 - 17:51:10] EMS Driver Max G Gold has successfully delivered Patient Sharkiesha Diesel to the hospital.
[2018/1/22 - 18:08:50] Max G Gold has logged out.
[2018/1/22 - 18:17:35] Max G Gold has withdrawn a Nitestick from the weapon locker (Cost: 1)
[2018/1/22 - 18:17:35] Max G Gold has withdrawn a Spray Can from the weapon locker (Cost: 1)
[2018/1/22 - 18:17:36] Max G Gold has withdrawn a Fire Extinguisher from the weapon locker (Cost: 1)
[2018/1/22 - 18:17:37] Max G Gold has withdrawn a Parachute from the weapon locker (Cost: 1)
[2018/1/22 - 18:34:10] EMS Driver Max G Gold has successfully delivered Patient Adam Townsend to the hospital.
[2018/1/22 - 18:42:22] EMS Driver Max G Gold has successfully delivered Patient Takashi Tatsuo to the hospital.
[2018/1/22 - 19:03:26] EMS Driver Larry Huken has successfully delivered Patient Benny Smith Wallace to the hospital.
[2018/1/22 - 19:06:17] EMS Driver Larry Huken has successfully delivered Patient Antonio Florenzo to the hospital.
[2018/1/22 - 19:13:33] Max G Gold (1000624842) has quit the FDSA as a rank 0
[2018/1/22 - 19:16:48] [E-209] James Roxx has logged out.
[2018/1/22 - 19:17:30] Larry Huken has withdrawn a Fire Extinguisher from the weapon locker (Cost: 1)
[2018/1/22 - 19:23:20] EMS Driver Larry Huken has successfully delivered Patient Percival K. Banks to the hospital.
[2018/1/22 - 19:29:14] Dixie Lutheria has logged out.
[2018/1/22 - 19:30:55] EMS Driver Larry Huken has successfully delivered Patient Marcin Marks to the hospital.
[2018/1/22 - 19:43:11] EMS Driver Larry Huken has successfully delivered Patient Teddy Steels to the hospital.
[2018/1/22 - 19:48:51] EMS Driver Larry Huken has successfully delivered Patient Alex Toretto to the hospital.
[2018/1/22 - 19:53:27] Larry Huken has withdrawn a Fire Extinguisher from the weapon locker (Cost: 1)
[2018/1/22 - 20:02:11] Symone L Jones has logged out.
[2018/1/22 - 20:14:44] EMS Driver Davyn R Jones has successfully delivered Patient Tonio Sarto to the hospital.
[2018/1/22 - 20:16:11] EMS Driver Larry Huken has successfully delivered Patient Chris Silvetti to the hospital.
[2018/1/22 - 20:17:37] Davyn R Jones has withdrawn a Nitestick from the weapon locker (Cost: 1)
[2018/1/22 - 20:17:38] Davyn R Jones has withdrawn a Parachute from the weapon locker (Cost: 1)
[2018/1/22 - 20:17:38] Davyn R Jones has withdrawn a Desert Eagle from the weapon locker (Cost: 5)
[2018/1/22 - 20:23:19] Larry Huken has logged out.
[2018/1/22 - 20:35:12] EMS Driver Symone L Jones has successfully delivered Patient Davyn R Jones to the hospital.
[2018/1/22 - 20:40:15] Captain Davyn R Jones (1000061008) has set Symone L Jones's (1000627353) division to LF in FDSA (10).
[2018/1/22 - 20:40:19] Captain Davyn R Jones (1000061008) (rank 6) has given Symone L Jones (1000627353) rank 2 (Firefighter II) in FDSA (10).
[2018/1/22 - 20:56:29] [A-105] Davyn R Jones has logged out.
[2018/1/22 - 21:00:21] Davyn R Jones has withdrawn a Nitestick from the weapon locker (Cost: 1)
[2018/1/22 - 21:00:22] Davyn R Jones has withdrawn a Parachute from the weapon locker (Cost: 1)
[2018/1/22 - 21:00:23] Davyn R Jones has withdrawn a Desert Eagle from the weapon locker (Cost: 5)
[2018/1/22 - 21:03:17] [I-205] Jimmy T Tex has logged out.
[2018/1/22 - 21:11:43] Larry Huken has logged out.
[2018/1/22 - 21:28:11] Symone L Jones has logged out.
[2018/1/22 - 21:39:03] Davyn R Jones (1000061008) has set Symone L Jones's (1000627353) badge to L211.
[2018/1/22 - 21:39:11] Davyn R Jones (1000061008) has set Symone L Jones's (1000627353) badge to L-211.
[2018/1/22 - 21:46:31] [HR208] Firefighter I Kevin Clarkson has lost connection.
[2018/1/22 - 21:49:03] [HR208] Firefighter I Kevin Clarkson has lost connection.
[2018/1/22 - 21:49:55] EMS Driver Symone L Jones has successfully delivered Patient Antonio Colombo to the hospital.
[2018/1/22 - 21:52:27] [HR208] Kevin Clarkson has logged out.
[2018/1/22 - 21:58:42] Davyn R Jones has withdrawn a Nitestick from the weapon locker (Cost: 1)
[2018/1/22 - 21:58:42] Davyn R Jones has withdrawn a Parachute from the weapon locker (Cost: 1)
[2018/1/22 - 21:58:43] Davyn R Jones has withdrawn a Desert Eagle from the weapon locker (Cost: 5)
[2018/1/22 - 22:07:02] EMS Driver Symone L Jones has successfully delivered Patient Darren Wagner to the hospital.
[2018/1/22 - 22:11:29] Davyn R Jones has withdrawn a Nitestick from the weapon locker (Cost: 1)
[2018/1/22 - 22:11:30] Davyn R Jones has withdrawn a Parachute from the weapon locker (Cost: 1)
[2018/1/22 - 22:11:30] Davyn R Jones has withdrawn a Desert Eagle from the weapon locker (Cost: 5)
[2018/1/22 - 22:14:12] EMS Driver Davyn R Jones has successfully delivered Patient Cruzio Demon to the hospital.
[2018/1/22 - 22:14:13] EMS Driver Kevin Clarkson has successfully delivered Patient Rhett Mclaughlin to the hospital.
[2018/1/22 - 22:14:15] EMS Driver Davyn R Jones has successfully delivered Patient John Muai to the hospital.
[2018/1/22 - 22:14:15] EMS Driver Kevin Clarkson has successfully delivered Patient Josh Mcflies to the hospital.
[2018/1/22 - 22:15:36] [A-105] Captain Davyn R Jones has lost connection.
[2018/1/22 - 22:18:11] EMS Driver Kevin Clarkson has successfully delivered Patient Rhett Mclaughlin to the hospital.
[2018/1/22 - 22:18:55] EMS Driver Symone L Jones has successfully delivered Patient Troy Morrison to the hospital.
[2018/1/22 - 22:21:33] [A-105] Captain Davyn R Jones has lost connection.
[2018/1/22 - 22:21:54] EMS Driver Kevin Clarkson has successfully delivered Patient Murad Leonheart to the hospital.
[2018/1/22 - 22:24:50] [HR208] Kevin Clarkson has logged out.
[2018/1/22 - 22:28:36] EMS Driver Davyn R Jones has successfully delivered Patient Joel Baratta to the hospital.
[2018/1/22 - 22:30:52] [A-105] Davyn R Jones has logged out.
[2018/1/22 - 22:31:23] [L-211] Symone L Jones has logged out.
[2018/1/22 - 22:41:25] [I-205] Jimmy T Tex has logged out.
[2018/1/22 - 22:57:02] Eliot Spencer (1000313430) accepted Captain Davyn R Jones's (1000061008) invite to join FDSA (10).
[2018/1/22 - 22:57:22] Captain Davyn R Jones (1000061008) has set Eliot Spencer's (1000313430) division to EMS in FDSA (10).
[2018/1/22 - 22:57:25] Captain Davyn R Jones (1000061008) (rank 6) has given Eliot Spencer (1000313430) rank 2 (Firefighter II) in FDSA (10).
[2018/1/22 - 23:01:54] EMS Driver Eliot Spencer has successfully delivered Patient Gerg Mcflies to the hospital.
[2018/1/22 - 23:02:41] Eliot Spencer has withdrawn a Fire Extinguisher from the weapon locker (Cost: 1)
[2018/1/22 - 23:02:42] Eliot Spencer has withdrawn a Parachute from the weapon locker (Cost: 1)
[2018/1/22 - 23:02:43] Eliot Spencer has withdrawn a Spray Can from the weapon locker (Cost: 1)
[2018/1/22 - 23:05:24] [A-105] Davyn R Jones has logged out.
[2018/1/22 - 23:08:40] EMS Driver Eliot Spencer has successfully delivered Patient Titus Styles to the hospital.
[2018/1/22 - 23:19:29] EMS Driver Eliot Spencer has successfully delivered Patient Titus Styles to the hospital.
[2018/1/22 - 23:19:56] EMS Driver Kevin Clarkson has successfully delivered Patient Huang Ho Chaos to the hospital.
[2018/1/22 - 23:23:20] Kevin Clarkson has withdrawn a Nitestick from the weapon locker (Cost: 1)
[2018/1/22 - 23:23:25] Kevin Clarkson has withdrawn a Fire Extinguisher from the weapon locker (Cost: 1)
[2018/1/22 - 23:23:26] Kevin Clarkson has withdrawn a Parachute from the weapon locker (Cost: 1)
[2018/1/22 - 23:24:43] EMS Driver Eliot Spencer has successfully delivered Patient Michael Westen to the hospital.
[2018/1/22 - 23:29:14] Eliot Spencer has logged out.
[2018/1/22 - 23:32:39] Kevin Clarkson has withdrawn a Nitestick from the weapon locker (Cost: 1)
[2018/1/22 - 23:32:40] Kevin Clarkson has withdrawn a Fire Extinguisher from the weapon locker (Cost: 1)
[2018/1/22 - 23:32:42] Kevin Clarkson has withdrawn a Parachute from the weapon locker (Cost: 1)
[2018/1/22 - 23:40:00] EMS Driver Kevin Clarkson has successfully delivered Patient Murad Leonheart to the hospital.
[2018/1/22 - 23:43:27] [HR208] Firefighter I Kevin Clarkson has lost connection.
