[2018/1/31 - 0:02:15] [HR210] Lieutenant Ellie Murphy has lost connection.
[2018/1/31 - 0:48:53] [HR210] Ellie Murphy has logged out.
[2018/1/31 - 1:17:19] Ashley Reed has withdrawn a Parachute from the weapon locker (Cost: 1)
[2018/1/31 - 1:17:22] Ashley Reed has withdrawn a Nitestick from the weapon locker (Cost: 1)
[2018/1/31 - 1:17:23] Ashley Reed has withdrawn a Spray Can from the weapon locker (Cost: 1)
[2018/1/31 - 1:24:23] [H-106] Ashley Reed has logged out.
[2018/1/31 - 4:26:18] EMS Driver Ashley Reed has successfully delivered Patient Tanner Martino to the hospital.
[2018/1/31 - 4:26:21] EMS Driver Ashley Reed has successfully delivered Patient Drake De La Martino to the hospital.
[2018/1/31 - 4:36:11] Ashley Reed has withdrawn a Nitestick from the weapon locker (Cost: 1)
[2018/1/31 - 4:36:11] Ashley Reed has withdrawn a Spray Can from the weapon locker (Cost: 1)
[2018/1/31 - 4:36:12] Ashley Reed has withdrawn a Parachute from the weapon locker (Cost: 1)
[2018/1/31 - 4:36:14] Ashley Reed has withdrawn a Desert Eagle from the weapon locker (Cost: 5)
[2018/1/31 - 4:41:25] EMS Driver Ashley Reed has successfully delivered Patient Alejandro Kleinman to the hospital.
[2018/1/31 - 4:50:05] [H-106] Ashley Reed has logged out.
[2018/1/31 - 5:36:06] EMS Driver Ellie Murphy has successfully delivered Patient Stephenson Jhonson to the hospital.
[2018/1/31 - 5:42:20] EMS Driver Ellie Murphy has successfully delivered Patient Stephenson Jhonson to the hospital.
[2018/1/31 - 5:52:19] [HR210] Lieutenant Ellie Murphy has lost connection.
[2018/1/31 - 6:20:38] EMS Driver Carl Ryan has successfully delivered Patient Willy Frankenstein to the hospital.
[2018/1/31 - 6:21:14] [HR-219] Carl Ryan has logged out.
[2018/1/31 - 8:32:41] [H-106] Ashley Reed has logged out.
[2018/1/31 - 9:02:52] EMS Driver Ashley Reed has successfully delivered Patient Brian J. Lennox to the hospital.
[2018/1/31 - 9:09:59] [E-XXX] Mark Storm has logged out.
[2018/1/31 - 9:14:10] [E-XXX] Mark Storm has logged out.
[2018/1/31 - 9:17:06] [E-XXX] Probationary Firefighter Mark Storm has lost connection.
[2018/1/31 - 9:22:23] [H-106] Ashley Reed has logged out.
[2018/1/31 - 10:06:46] [E-XXX] Mark Storm has logged out.
[2018/1/31 - 10:15:27] [E-XXX] Mark Storm has logged out.
[2018/1/31 - 11:58:00] Jimmy Croos has logged out.
[2018/1/31 - 12:11:53] [E-XXX] Probationary Firefighter Mark Storm has lost connection.
[2018/1/31 - 12:15:10] [E-XXX] Mark Storm has logged out.
[2018/1/31 - 12:22:33] [E-XXX] Probationary Firefighter Mark Storm has lost connection.
[2018/1/31 - 12:23:40] Firefighter II Jimmy Croos has lost connection.
[2018/1/31 - 12:29:51] [E-208] Firefighter II Kevin Clarkson has lost connection.
[2018/1/31 - 12:40:19] Jimmy Croos has logged out.
[2018/1/31 - 12:43:13] [E-208] Firefighter II Kevin Clarkson has lost connection.
[2018/1/31 - 12:45:19] [E-XXX] Mark Storm has logged out.
[2018/1/31 - 12:49:43] EMS Driver Kevin Clarkson has successfully delivered Patient Lamar Aki to the hospital.
[2018/1/31 - 12:51:51] [E-208] Firefighter II Kevin Clarkson has lost connection.
[2018/1/31 - 12:53:17] [E-208] Firefighter II Kevin Clarkson has lost connection.
[2018/1/31 - 12:57:44] [E-208] Kevin Clarkson has logged out.
[2018/1/31 - 12:59:42] [E-208] Kevin Clarkson has logged out.
[2018/1/31 - 13:01:29] [E-208] Kevin Clarkson has logged out.
[2018/1/31 - 13:07:19] Kevin Clarkson has withdrawn a Nitestick from the weapon locker (Cost: 1)
[2018/1/31 - 13:07:22] Kevin Clarkson has withdrawn a Fire Extinguisher from the weapon locker (Cost: 1)
[2018/1/31 - 13:07:23] Kevin Clarkson has withdrawn a Parachute from the weapon locker (Cost: 1)
[2018/1/31 - 13:11:49] [E-208] Kevin Clarkson has logged out.
[2018/1/31 - 14:23:50] Symone L Jones has withdrawn a Desert Eagle from the weapon locker (Cost: 5)
[2018/1/31 - 14:23:53] Symone L Jones has withdrawn a Parachute from the weapon locker (Cost: 1)
[2018/1/31 - 14:23:55] Symone L Jones has withdrawn a Fire Extinguisher from the weapon locker (Cost: 1)
[2018/1/31 - 14:23:57] Symone L Jones has withdrawn a Nitestick from the weapon locker (Cost: 1)
[2018/1/31 - 14:25:41] [HON-998] Matt Dirt Henchman has logged out.
[2018/1/31 - 14:26:00] [L-211] Symone L Jones has logged out.
[2018/1/31 - 15:50:28] Firefighter II Jimmy Croos has lost connection.
[2018/1/31 - 15:51:39] [HON-998] Paramedic Matt Dirt Henchman has lost connection.
[2018/1/31 - 15:57:33] [E-XXX] Probationary Firefighter Mark Storm has lost connection.
[2018/1/31 - 16:07:55] [HON-998] Paramedic Matt Dirt Henchman has lost connection.
[2018/1/31 - 16:18:31] [HON-998] Matt Dirt Henchman has logged out.
[2018/1/31 - 16:34:29] EMS Driver Symone L Jones has successfully delivered Patient Erick Diablo to the hospital.
[2018/1/31 - 16:41:57] [L-211] Symone L Jones has logged out.
[2018/1/31 - 16:48:04] [A-105] Davyn R Jones has logged out.
[2018/1/31 - 17:52:41] EMS Driver Ashley Reed has successfully delivered Patient Shakira Speed to the hospital.
[2018/1/31 - 18:09:59] Ashley Reed has withdrawn a Parachute from the weapon locker (Cost: 1)
[2018/1/31 - 18:10:00] Ashley Reed has withdrawn a Desert Eagle from the weapon locker (Cost: 5)
[2018/1/31 - 18:10:01] Ashley Reed has withdrawn a Nitestick from the weapon locker (Cost: 1)
[2018/1/31 - 18:10:02] Ashley Reed has withdrawn a Spray Can from the weapon locker (Cost: 1)
[2018/1/31 - 18:23:38] EMS Driver Ashley Reed has successfully delivered Patient Cruzio Demon to the hospital.
[2018/1/31 - 18:26:34] EMS Driver Ashley Reed has successfully delivered Patient Amdan Siker to the hospital.
[2018/1/31 - 18:50:03] EMS Driver Ashley Reed has successfully delivered Patient Roy Gucci Cobra to the hospital.
[2018/1/31 - 19:00:58] Ashley Reed has withdrawn a Desert Eagle from the weapon locker (Cost: 5)
[2018/1/31 - 19:00:59] Ashley Reed has withdrawn a Parachute from the weapon locker (Cost: 1)
[2018/1/31 - 19:01:00] Ashley Reed has withdrawn a Fire Extinguisher from the weapon locker (Cost: 1)
[2018/1/31 - 19:01:00] Ashley Reed has withdrawn a Nitestick from the weapon locker (Cost: 1)
[2018/1/31 - 19:05:40] EMS Driver Ashley Reed has successfully delivered Patient Nick Chains to the hospital.
[2018/1/31 - 19:24:13] [L-211] Symone L Jones has logged out.
[2018/1/31 - 19:24:17] [H-106] Lieutenant Ashley Reed has lost connection.
[2018/1/31 - 21:20:30] Omar Archie (1000628260) accepted Lieutenant Ashley Reed's (1000625031) invite to join FDSA (10).
[2018/1/31 - 21:21:28] Lieutenant Ashley Reed (1000625031) has set Omar Archie's (1000628260) division to EMS in FDSA (10).
[2018/1/31 - 21:26:29] [H-106] Ashley Reed has logged out.
[2018/1/31 - 21:29:12] Probationary Firefighter Omar Archie has lost connection.
[2018/1/31 - 22:06:36] EMS Driver Omar Archie has successfully delivered Patient Stefan Legend to the hospital.
[2018/1/31 - 22:09:18] [E-472] Will Gene has logged out.
[2018/1/31 - 22:09:19] EMS Driver Omar Archie has successfully delivered Patient John Swagger to the hospital.
[2018/1/31 - 22:11:17] EMS Driver Omar Archie has successfully delivered Patient Pedro Lee to the hospital.
[2018/1/31 - 22:17:16] Symone L Jones has withdrawn a Desert Eagle from the weapon locker (Cost: 5)
[2018/1/31 - 22:17:17] Symone L Jones has withdrawn a Parachute from the weapon locker (Cost: 1)
[2018/1/31 - 22:17:18] Symone L Jones has withdrawn a Fire Extinguisher from the weapon locker (Cost: 1)
[2018/1/31 - 22:17:21] Symone L Jones has withdrawn a Nitestick from the weapon locker (Cost: 1)
[2018/1/31 - 22:22:41] Omar Archie has logged out.
[2018/1/31 - 22:23:43] EMS Driver Symone L Jones has successfully delivered Patient Victor Brugal to the hospital.
[2018/1/31 - 22:26:36] EMS Driver Symone L Jones has successfully delivered Patient David Kleinman to the hospital.
[2018/1/31 - 23:03:58] [L-211] Symone L Jones has logged out.
