[2018/1/15 - 0:00:26] Deputy Chief Addison Swagger (1000467441) (rank 8) has given Iheb Ben Mofujohn (19910) rank 1 (Firefighter I) in FDSA (10).
[2018/1/15 - 0:00:36] [IA-106] Ashley Reed has logged out.
[2018/1/15 - 0:08:01] [C-102] Addison Swagger has logged out.
[2018/1/15 - 0:10:12] Firefighter I Iheb Ben Mofujohn has lost connection.
[2018/1/15 - 0:18:31] [E-217] Firefighter I Jimmy Croos has lost connection.
[2018/1/15 - 0:24:48] [C-102] Addison Swagger has logged out.
[2018/1/15 - 0:26:37] [E-217] Firefighter I Jimmy Croos has lost connection.
[2018/1/15 - 1:12:35] [L-109] Daut Kadriovski has logged out.
[2018/1/15 - 1:16:34] [HON-998] Paramedic Matt Dirt Henchman has lost connection.
[2018/1/15 - 1:30:54] [HON-998] Matt Dirt Henchman has logged out.
[2018/1/15 - 2:47:09] Ren Woods has withdrawn a Spray Can from the weapon locker (Cost: 1)
[2018/1/15 - 2:47:11] Ren Woods has withdrawn a Nitestick from the weapon locker (Cost: 1)
[2018/1/15 - 2:55:53] [HON-998] Matt Dirt Henchman has logged out.
[2018/1/15 - 3:01:56] EMS Driver Ren Woods has successfully delivered Patient Kivin Banderas to the hospital.
[2018/1/15 - 3:07:58] Ren Woods has logged out.
[2018/1/15 - 4:19:46] Lieutenant Alice Rodriguez (1000311457) (rank 5) has given Hartax Blacker Sr (1000596458) rank 3 (Firefighter III) in FDSA (10)
[2018/1/15 - 4:21:38] Hartax Blacker Sr has withdrawn a Nitestick from the weapon locker (Cost: 1)
[2018/1/15 - 4:21:39] Hartax Blacker Sr has withdrawn a Spray Can from the weapon locker (Cost: 1)
[2018/1/15 - 4:22:12] [E-285] Hartax Blacker Sr has logged out.
[2018/1/15 - 4:29:32] [E-285] Hartax Blacker Sr has logged out.
[2018/1/15 - 4:32:46] [HR-107] Lieutenant Alice Rodriguez has lost connection.
[2018/1/15 - 4:37:48] Hartax Blacker Sr has withdrawn a Nitestick from the weapon locker (Cost: 1)
[2018/1/15 - 4:37:49] Hartax Blacker Sr has withdrawn a Spray Can from the weapon locker (Cost: 1)
[2018/1/15 - 4:37:55] Alice Rodriguez has authorized Hartax Blacker Sr to withdraw a Desert Eagle from the weapon locker (Cost: 5)
[2018/1/15 - 4:38:09] [E-285] Hartax Blacker Sr has logged out.
[2018/1/15 - 5:13:04] [HR-107] Lieutenant Alice Rodriguez has lost connection.
[2018/1/15 - 5:35:09] [HR-107] Lieutenant Alice Rodriguez has lost connection.
[2018/1/15 - 6:00:33] Alice Rodriguez has withdrawn a Desert Eagle from the weapon locker (Cost: 5)
[2018/1/15 - 6:40:21] [HR-107] Lieutenant Alice Rodriguez has lost connection.
[2018/1/15 - 8:11:06] EMS Driver Kobe Mece has successfully delivered Patient Spencer Jameson to the hospital.
[2018/1/15 - 8:11:39] [C-101] Alejandro Waters has logged out.
[2018/1/15 - 8:34:53] Alice Rodriguez has withdrawn a Desert Eagle from the weapon locker (Cost: 5)
[2018/1/15 - 8:35:04] Alice Rodriguez has withdrawn a Desert Eagle from the weapon locker (Cost: 5)
[2018/1/15 - 8:35:16] Alice Rodriguez has withdrawn a Desert Eagle from the weapon locker (Cost: 5)
[2018/1/15 - 8:59:23] Alice Rodriguez has withdrawn a Desert Eagle from the weapon locker (Cost: 5)
[2018/1/15 - 8:59:41] Lieutenant Alice Rodriguez (rank 6) has offline uninvited hartax blacker sr from FDSA (10).
[2018/1/15 - 9:00:16] [HR-107] Alice Rodriguez has logged out.
[2018/1/15 - 9:24:23] Alice Rodriguez has withdrawn a Desert Eagle from the weapon locker (Cost: 5)
[2018/1/15 - 9:37:48] Alice Rodriguez has withdrawn a Desert Eagle from the weapon locker (Cost: 5)
[2018/1/15 - 10:07:32] Alice Rodriguez has withdrawn a Desert Eagle from the weapon locker (Cost: 5)
[2018/1/15 - 10:53:54] [HR-107] Lieutenant Alice Rodriguez has lost connection.
[2018/1/15 - 11:04:13] Alice Rodriguez has withdrawn a Desert Eagle from the weapon locker (Cost: 5)
[2018/1/15 - 11:52:47] Alice Rodriguez has withdrawn a Desert Eagle from the weapon locker (Cost: 5)
[2018/1/15 - 11:53:10] Alice Rodriguez has withdrawn a Desert Eagle from the weapon locker (Cost: 5)
[2018/1/15 - 12:23:51] Alice Rodriguez has withdrawn a Desert Eagle from the weapon locker (Cost: 5)
[2018/1/15 - 13:20:10] Alice Rodriguez has withdrawn a Desert Eagle from the weapon locker (Cost: 5)
[2018/1/15 - 13:36:00] EMS Driver Alice Rodriguez has successfully delivered Patient Zato Woods to the hospital.
[2018/1/15 - 13:36:02] EMS Driver Alice Rodriguez has successfully delivered Patient Patrick Uzi Vert to the hospital.
[2018/1/15 - 13:47:53] [HR-107] Lieutenant Alice Rodriguez has lost connection.
[2018/1/15 - 14:16:03] [C-101] Alejandro Waters has logged in.
[2018/1/15 - 14:20:34] [O-666 ] Danny Steels has logged out.
[2018/1/15 - 14:36:01] Jimmy Croos has withdrawn a Parachute from the weapon locker (Cost: 1)
[2018/1/15 - 14:36:03] Jimmy Croos has withdrawn a Nitestick from the weapon locker (Cost: 1)
[2018/1/15 - 14:46:42] EMS Driver Jimmy Croos has successfully delivered Patient Nick Traddles to the hospital.
[2018/1/15 - 14:51:50] EMS Driver Jimmy Croos has successfully delivered Patient Jare Debol to the hospital.
[2018/1/15 - 14:57:21] [E-217] Jimmy Croos has logged out.
[2018/1/15 - 15:17:44] [HR-107] Lieutenant Alice Rodriguez has lost connection.
[2018/1/15 - 15:35:43] [HR-210] Ellie Murphy has logged out.
[2018/1/15 - 15:40:50] [HR-107] Alice Rodriguez has logged out.
[2018/1/15 - 15:42:25] [HR-107] Lieutenant Alice Rodriguez has lost connection.
[2018/1/15 - 15:51:16] EMS Driver Jimmy Croos has successfully delivered Patient John Swagger to the hospital.
[2018/1/15 - 16:04:57] [E-217] Firefighter I Jimmy Croos has lost connection.
[2018/1/15 - 16:41:58] [HR-107] Alice Rodriguez has logged out.
[2018/1/15 - 16:54:50] Mark Storm has logged out.
[2018/1/15 - 17:17:00] [I-205] Jimmy T Tex has logged out.
[2018/1/15 - 17:21:36] [HR-107] Alice Rodriguez has logged out.
[2018/1/15 - 17:22:50] [E-217] Firefighter I Jimmy Croos has lost connection.
[2018/1/15 - 17:28:03] EMS Driver Jimmy Croos has successfully delivered Patient Jason De La Cesar to the hospital.
[2018/1/15 - 17:29:42] [I-205] Jimmy T Tex has logged out.
[2018/1/15 - 17:29:45] [E-217] Jimmy Croos has logged out.
[2018/1/15 - 17:37:10] [HR-107] Alice Rodriguez has logged out.
[2018/1/15 - 17:44:26] [IA-106] Ashley Reed has logged out.
[2018/1/15 - 17:58:22] [A-105] Davyn R Jones has logged out.
[2018/1/15 - 17:59:52] [E-213] Tomas Reyes has logged out.
[2018/1/15 - 18:33:45] [E-217] Jimmy Croos has logged out.
[2018/1/15 - 19:10:08] [HON-998] Paramedic Matt Dirt Henchman has lost connection.
[2018/1/15 - 19:31:38] Danny Steels has withdrawn a Desert Eagle from the weapon locker (Cost: 5)
[2018/1/15 - 19:35:35] [HON-998] Paramedic Matt Dirt Henchman has lost connection.
[2018/1/15 - 19:49:02] [HON-998] Matt Dirt Henchman has logged out.
[2018/1/15 - 19:53:48] Captain Danny Steels (1000089083) (rank 6) has uninvited Iheb Ben Mofujohn (19910) (rank 1) from FDSA (10).
[2018/1/15 - 19:54:42] [O-666 ] Danny Steels has logged out.
[2018/1/15 - 20:07:07] [E-217] Firefighter I Jimmy Croos has lost connection.
[2018/1/15 - 20:09:24] [E-217] Jimmy Croos has logged out.
[2018/1/15 - 20:24:11] [HON-998] Paramedic Matt Dirt Henchman has lost connection.
[2018/1/15 - 20:36:33] [E-217] Jimmy Croos has logged out.
[2018/1/15 - 20:46:38] EMS Driver Jimmy T Tex has successfully delivered Patient Casper Fortunato to the hospital.
[2018/1/15 - 20:47:15] EMS Driver Jimmy Croos has successfully delivered Patient Chris Hemsworth to the hospital.
[2018/1/15 - 20:54:38] EMS Driver Jimmy Croos has successfully delivered Patient Larry Huken to the hospital.
[2018/1/15 - 20:55:08] [E-217] Jimmy Croos has logged out.
[2018/1/15 - 20:57:36] Arturo Waters has withdrawn a Desert Eagle from the weapon locker (Cost: 5)
[2018/1/15 - 21:06:38] EMS Driver Jimmy Croos has successfully delivered Patient Jare Debol to the hospital.
[2018/1/15 - 21:11:57] [E-217] Firefighter I Jimmy Croos has lost connection.
[2018/1/15 - 21:20:12] Wallace Boden (1000234590) accepted Deputy Chief Arturo Waters's (1000576388) invite to join FDSA (10).
[2018/1/15 - 21:21:20] Alejandro Waters has authorized Jimmy T Tex to withdraw a Desert Eagle from the weapon locker (Cost: 5)
[2018/1/15 - 21:23:18] [E-212] Paul O Connor has logged out.
[2018/1/15 - 21:27:36] Probationary Firefighter Mark Storm has lost connection.
[2018/1/15 - 21:29:57] EMS Driver Jimmy T Tex has successfully delivered Patient Carly Mcknight to the hospital.
[2018/1/15 - 21:33:45] [I-205] Jimmy T Tex has logged out.
[2018/1/15 - 21:39:24] EMS Driver Mark Storm has successfully delivered Patient Lee Liang to the hospital.
[2018/1/15 - 21:40:55] Mark Storm has logged out.
[2018/1/15 - 21:47:09] EMS Driver Mark Storm has successfully delivered Patient Tracy Venturas to the hospital.
[2018/1/15 - 21:47:20] EMS Driver Jimmy Croos has successfully delivered Patient Clint Maddox to the hospital.
[2018/1/15 - 21:47:22] EMS Driver Jimmy Croos has successfully delivered Patient Lee Liang to the hospital.
[2018/1/15 - 21:49:43] EMS Driver Jimmy Croos has successfully delivered Patient Rambo Dunbar to the hospital.
[2018/1/15 - 21:53:37] EMS Driver Jimmy Croos has successfully delivered Patient Valloof Volkoff to the hospital.
[2018/1/15 - 21:53:39] EMS Driver Jimmy Croos has successfully delivered Patient Larry Wooden Bear to the hospital.
[2018/1/15 - 21:57:29] Tomas Reyes (1000346291) has quit the FDSA as a rank 1
[2018/1/15 - 21:58:04] EMS Driver Mark Storm has successfully delivered Patient Lee Liang to the hospital.
[2018/1/15 - 22:00:52] EMS Driver Jimmy Croos has successfully delivered Patient Joe Versace to the hospital.
[2018/1/15 - 22:06:55] EMS Driver Jimmy Croos has successfully delivered Patient Valloof Volkoff to the hospital.
[2018/1/15 - 22:15:24] EMS Driver Jimmy Croos has successfully delivered Patient Alan Schneider to the hospital.
[2018/1/15 - 22:21:02] Mark Storm has logged out.
[2018/1/15 - 22:34:14] Mark Storm has logged out.
[2018/1/15 - 22:49:08] Mark Storm has logged out.
[2018/1/15 - 22:49:54] [E-217] Firefighter I Jimmy Croos has lost connection.
[2018/1/15 - 22:53:29] [C-103] Nick Mcfellow has logged out.
[2018/1/15 - 23:10:59] Probationary Firefighter Mark Storm has lost connection.
[2018/1/15 - 23:32:25] Ren Woods has logged out.
[2018/1/15 - 23:36:24] [HR-219] Carl Ryan has logged out.
