[2018/1/19 - 1:28:53] [CMD-101] Alejandro Waters has logged in.
[2018/1/19 - 3:30:46] [E-208] Kevin Clarkson has logged out.
[2018/1/19 - 3:56:59] Probationary Firefighter Kaitlyn Kloss has lost connection.
[2018/1/19 - 7:47:10] [HR107] Alice Rodriguez has logged out.
[2018/1/19 - 9:04:51] [HR107] Lieutenant Alice Rodriguez has lost connection.
[2018/1/19 - 9:12:59] [HR107] Lieutenant Alice Rodriguez has lost connection.
[2018/1/19 - 9:19:47] [HR107] Alice Rodriguez has logged out.
[2018/1/19 - 9:31:13] [HR107] Alice Rodriguez has logged out.
[2018/1/19 - 9:58:33] [HR107] Alice Rodriguez has logged out.
[2018/1/19 - 11:17:45] [HR107] Alice Rodriguez has logged out.
[2018/1/19 - 11:37:28] [HR107] Alice Rodriguez has logged out.
[2018/1/19 - 12:10:45] Alice Rodriguez has withdrawn a Desert Eagle from the weapon locker (Cost: 5)
[2018/1/19 - 13:17:24] [C-110] Arturo Waters has logged out.
[2018/1/19 - 13:42:12] EMS Driver Nick Mcfellow has successfully delivered Patient Sarah Biggums to the hospital.
[2018/1/19 - 13:56:00] EMS Driver Alice Rodriguez has successfully delivered Patient Nick Mcfellow to the hospital.
[2018/1/19 - 13:59:09] [E-214] Simon Vio Kush has logged out.
[2018/1/19 - 13:59:14] EMS Driver Alice Rodriguez has successfully delivered Patient Haider Philipps to the hospital.
[2018/1/19 - 14:09:12] [HR107] Lieutenant Alice Rodriguez has lost connection.
[2018/1/19 - 14:13:52] EMS Driver Nick Mcfellow has successfully delivered Patient Cardle Westwood to the hospital.
[2018/1/19 - 14:19:35] [E-214] Simon Vio Kush has logged out.
[2018/1/19 - 14:21:15] EMS Driver Nick Mcfellow has successfully delivered Patient John Pat to the hospital.
[2018/1/19 - 14:25:01] EMS Driver Nick Mcfellow has successfully delivered Patient Cruzio Demon to the hospital.
[2018/1/19 - 14:32:23] [HR107] Lieutenant Alice Rodriguez has lost connection.
[2018/1/19 - 14:40:45] Alice Rodriguez has withdrawn a Desert Eagle from the weapon locker (Cost: 5)
[2018/1/19 - 14:43:06] Nick Mcfellow has withdrawn a Desert Eagle from the weapon locker (Cost: 5)
[2018/1/19 - 14:43:09] Nick Mcfellow has withdrawn a Parachute from the weapon locker (Cost: 1)
[2018/1/19 - 14:44:22] [C-103] Nick Mcfellow has logged out.
[2018/1/19 - 14:47:51] EMS Driver Alice Rodriguez has successfully delivered Patient Carl Umair to the hospital.
[2018/1/19 - 14:54:09] EMS Driver Alice Rodriguez has successfully delivered Patient Lirey Gwaps to the hospital.
[2018/1/19 - 15:29:00] EMS Driver Simon Vio Kush has successfully delivered Patient Yuki Yamanaka to the hospital.
[2018/1/19 - 15:36:05] [HR107] Alice Rodriguez has logged out.
[2018/1/19 - 15:56:53] EMS Driver Simon Vio Kush has successfully delivered Patient Peter Rodriguez to the hospital.
[2018/1/19 - 16:05:59] EMS Driver Simon Vio Kush has successfully delivered Patient Verne Walker to the hospital.
[2018/1/19 - 16:11:26] Iheb Ben Mofujohn (19910) accepted Assistant Chief Nick Mcfellow's (1000177650) invite to join FDSA (10).
[2018/1/19 - 16:11:37] Assistant Chief Nick Mcfellow (1000177650) has set Iheb Ben Mofujohn's (19910) division to EMS in FDSA (10).
[2018/1/19 - 16:17:28] Assistant Chief Nick Mcfellow (1000177650) (rank 7) has given Iheb Ben Mofujohn (19910) rank 1 (Firefighter I) in FDSA (10).
[2018/1/19 - 16:18:40] Simon Vio Kush has withdrawn a Nitestick from the weapon locker (Cost: 1)
[2018/1/19 - 16:18:41] Simon Vio Kush has withdrawn a Spray Can from the weapon locker (Cost: 1)
[2018/1/19 - 16:18:43] Simon Vio Kush has withdrawn a Parachute from the weapon locker (Cost: 1)
[2018/1/19 - 16:21:24] EMS Driver Simon Vio Kush has successfully delivered Patient Lee Liang to the hospital.
[2018/1/19 - 16:25:45] [C-103] Nick Mcfellow has logged out.
[2018/1/19 - 16:32:30] EMS Driver Simon Vio Kush has successfully delivered Patient Inoshima Vikouri to the hospital.
[2018/1/19 - 16:32:49] EMS Driver Iheb Ben Mofujohn has successfully delivered Patient John Swagger to the hospital.
[2018/1/19 - 16:39:33] EMS Driver Simon Vio Kush has successfully delivered Patient Haider Philipps to the hospital.
[2018/1/19 - 16:48:56] EMS Driver Simon Vio Kush has successfully delivered Patient Haider Philipps to the hospital.
[2018/1/19 - 16:49:05] EMS Driver Simon Vio Kush has successfully delivered Patient Peter Rodriguez to the hospital.
[2018/1/19 - 16:50:02] EMS Driver Simon Vio Kush has successfully delivered Patient Hugo Rafael to the hospital.
[2018/1/19 - 16:53:12] Iheb Ben Mofujohn has logged out.
[2018/1/19 - 16:55:48] EMS Driver Simon Vio Kush has successfully delivered Patient Mondy Mcknight to the hospital.
[2018/1/19 - 16:55:51] EMS Driver Simon Vio Kush has successfully delivered Patient Hugo Rafael to the hospital.
[2018/1/19 - 17:07:40] Firefighter I Iheb Ben Mofujohn has lost connection.
[2018/1/19 - 17:09:14] EMS Driver Simon Vio Kush has successfully delivered Patient Harry Richardson to the hospital.
[2018/1/19 - 17:22:52] EMS Driver Iheb Ben Mofujohn has successfully delivered Patient Ryan Dunwich to the hospital.
[2018/1/19 - 17:22:56] EMS Driver Iheb Ben Mofujohn has successfully delivered Patient Adam Russ to the hospital.
[2018/1/19 - 17:24:46] EMS Driver Simon Vio Kush has successfully delivered Patient Darren Wagner to the hospital.
[2018/1/19 - 17:25:10] Iheb Ben Mofujohn has logged out.
[2018/1/19 - 17:27:24] EMS Driver Simon Vio Kush has successfully delivered Patient Finn Schneider to the hospital.
[2018/1/19 - 17:28:19] EMS Driver Simon Vio Kush has successfully delivered Patient Archie Gucci Cobra to the hospital.
[2018/1/19 - 17:30:34] EMS Driver Iheb Ben Mofujohn has successfully delivered Patient Harry Richardson to the hospital.
[2018/1/19 - 17:31:59] EMS Driver Simon Vio Kush has successfully delivered Patient Bernard Griffin to the hospital.
[2018/1/19 - 17:32:51] Iheb Ben Mofujohn has logged out.
[2018/1/19 - 17:35:37] EMS Driver Simon Vio Kush has successfully delivered Patient Jeff Favignano to the hospital.
[2018/1/19 - 17:37:24] EMS Driver Simon Vio Kush has successfully delivered Patient Cruzio Demon to the hospital.
[2018/1/19 - 17:38:13] EMS Driver Simon Vio Kush has successfully delivered Patient Harry Richardson to the hospital.
[2018/1/19 - 17:38:45] [C-110] Arturo Waters has logged out.
[2018/1/19 - 17:39:10] [E-214] Simon Vio Kush has logged out.
[2018/1/19 - 18:00:30] Iheb Ben Mofujohn has withdrawn a Fire Extinguisher from the weapon locker (Cost: 1)
[2018/1/19 - 18:00:33] Iheb Ben Mofujohn has withdrawn a Parachute from the weapon locker (Cost: 1)
[2018/1/19 - 18:01:21] EMS Driver Ashley Reed has successfully delivered Patient Lionel Taylor to the hospital.
[2018/1/19 - 18:04:42] [IA-106] Ashley Reed has logged out.
[2018/1/19 - 18:09:30] EMS Driver Carl Ryan has successfully delivered Patient Rambo Dunbar to the hospital.
[2018/1/19 - 18:10:24] EMS Driver Kevin Clarkson has successfully delivered Patient Lee Xian to the hospital.
[2018/1/19 - 18:13:08] Ashley Reed has withdrawn a Nitestick from the weapon locker (Cost: 1)
[2018/1/19 - 18:13:11] Ashley Reed has withdrawn a Desert Eagle from the weapon locker (Cost: 5)
[2018/1/19 - 18:13:13] Ashley Reed has withdrawn a Parachute from the weapon locker (Cost: 1)
[2018/1/19 - 18:13:15] Ashley Reed has withdrawn a Fire Extinguisher from the weapon locker (Cost: 1)
[2018/1/19 - 18:17:55] EMS Driver Kevin Clarkson has successfully delivered Patient Kevin Kush to the hospital.
[2018/1/19 - 18:23:30] [IA-106] Lieutenant Ashley Reed has lost connection.
[2018/1/19 - 18:34:03] [E-208] Kevin Clarkson has logged out.
[2018/1/19 - 18:36:55] Kevin Clarkson has withdrawn a Fire Extinguisher from the weapon locker (Cost: 1)
[2018/1/19 - 18:36:57] Kevin Clarkson has withdrawn a Nitestick from the weapon locker (Cost: 1)
[2018/1/19 - 18:37:32] Carl Ryan has withdrawn a Nitestick from the weapon locker (Cost: 1)
[2018/1/19 - 18:37:45] Carl Ryan has withdrawn a Parachute from the weapon locker (Cost: 1)
[2018/1/19 - 18:41:29] EMS Driver Ashley Reed has successfully delivered Patient Kieron Casso to the hospital.
[2018/1/19 - 18:42:52] [HR210] Ellie Murphy has logged out.
[2018/1/19 - 18:45:18] Iheb Ben Mofujohn has withdrawn a Fire Extinguisher from the weapon locker (Cost: 1)
[2018/1/19 - 18:45:46] EMS Driver Kevin Clarkson has successfully delivered Patient Brandon Griffin to the hospital.
[2018/1/19 - 18:55:57] [HR-219] Carl Ryan has logged out.
[2018/1/19 - 19:02:18] Iheb Ben Mofujohn has logged out.
[2018/1/19 - 19:02:21] [IA-106] Ashley Reed has logged out.
[2018/1/19 - 19:16:33] EMS Driver Kevin Clarkson has successfully delivered Patient Bernard Griffin to the hospital.
[2018/1/19 - 19:21:25] EMS Driver Kevin Clarkson has successfully delivered Patient Mark Flo to the hospital.
[2018/1/19 - 19:24:59] EMS Driver Kevin Clarkson has successfully delivered Patient Marty S. Vespucci to the hospital.
[2018/1/19 - 19:35:44] Iheb Ben Mofujohn has logged out.
[2018/1/19 - 19:43:25] EMS Driver Kevin Clarkson has successfully delivered Patient Abdullah X Knights to the hospital.
[2018/1/19 - 19:43:26] EMS Driver Kevin Clarkson has successfully delivered Patient Ahmed X Knights to the hospital.
[2018/1/19 - 19:49:00] EMS Driver Ashley Reed has successfully delivered Patient Larry Wooden Bear to the hospital.
[2018/1/19 - 19:49:33] EMS Driver Kevin Clarkson has successfully delivered Patient Bernard Griffin to the hospital.
[2018/1/19 - 20:02:11] [E-525] Thomas D Eliux has logged out.
[2018/1/19 - 20:10:28] [IA-106] Lieutenant Ashley Reed has lost connection.
[2018/1/19 - 20:15:14] [E-208] Firefighter I Kevin Clarkson has lost connection.
[2018/1/19 - 20:25:58] [E-208] Firefighter I Kevin Clarkson has lost connection.
[2018/1/19 - 21:03:46] [IA-106] Ashley Reed has logged out.
[2018/1/19 - 21:20:58] Simon Vio Kush has withdrawn a Fire Extinguisher from the weapon locker (Cost: 1)
[2018/1/19 - 21:20:59] Simon Vio Kush has withdrawn a Nitestick from the weapon locker (Cost: 1)
[2018/1/19 - 21:55:26] Simon Vio Kush has withdrawn a Fire Extinguisher from the weapon locker (Cost: 1)
[2018/1/19 - 22:09:36] EMS Driver Ashley Reed has successfully delivered Patient Lee Liang to the hospital.
[2018/1/19 - 22:12:16] [E-525] Thomas D Eliux has logged out.
[2018/1/19 - 22:26:12] James Roxx has logged out.
[2018/1/19 - 22:32:46] [IA-106] Ashley Reed has logged out.
[2018/1/19 - 22:34:13] EMS Driver Simon Vio Kush has successfully delivered Patient Jeffery John to the hospital.
[2018/1/19 - 22:34:22] [E-214] Simon Vio Kush has logged out.
[2018/1/19 - 23:02:04] EMS Driver Erin Spectre has successfully delivered Patient Mark Deto to the hospital.
[2018/1/19 - 23:02:43] EMS Driver Jesse Dicaprio has successfully delivered Patient Stefan Legend to the hospital.
[2018/1/19 - 23:17:03] [E-524] Erin Spectre has logged out.
[2018/1/19 - 23:18:44] EMS Driver Erin Spectre has successfully delivered Patient Julius Bear to the hospital.
[2018/1/19 - 23:23:29] EMS Driver Jesse Dicaprio has successfully delivered Patient Lee Liang to the hospital.
[2018/1/19 - 23:27:38] EMS Driver Erin Spectre has successfully delivered Patient Gruu Hyde to the hospital.
[2018/1/19 - 23:30:47] EMS Driver Erin Spectre has successfully delivered Patient Elliot Ackerman to the hospital.
[2018/1/19 - 23:33:46] EMS Driver Erin Spectre has successfully delivered Patient Kris Stax to the hospital.
[2018/1/19 - 23:36:30] [E-524] Erin Spectre has logged out.
[2018/1/19 - 23:39:18] EMS Driver Jesse Dicaprio has successfully delivered Patient Lee Xian to the hospital.
