[2018/1/15 - 0:00:13] The faction vault is at $96,183.
[2018/1/15 - 0:00:13] Vehicle ID 65535 (Slot ID 41) Maintainence fee cost $5,500 to RAF's budget fund.
[2018/1/15 - 0:00:13] Vehicle ID 0 (Slot ID 54) Maintainence fee cost $3,000 to RAF's budget fund.
[2018/1/15 - 0:00:13] Vehicle ID 65535 (Slot ID 57) Maintainence fee cost $5,000 to RAF's budget fund.
[2018/1/15 - 0:00:13] Vehicle ID 0 (Slot ID 62) Maintainence fee cost $500 to RAF's budget fund.
[2018/1/15 - 0:00:13] Vehicle ID 65535 (Slot ID 63) Maintainence fee cost $5,500 to RAF's budget fund.
[2018/1/15 - 0:00:13] Vehicle ID 0 (Slot ID 82) Maintainence fee cost $3,000 to RAF's budget fund.
[2018/1/15 - 0:00:13] Vehicle ID 0 (Slot ID 87) Maintainence fee cost $3,000 to RAF's budget fund.
[2018/1/15 - 0:00:13] Vehicle ID 0 (Slot ID 91) Maintainence fee cost $2,500 to RAF's budget fund.
[2018/1/15 - 0:00:13] Vehicle ID 0 (Slot ID 92) Maintainence fee cost $2,500 to RAF's budget fund.
[2018/1/15 - 0:00:13] Vehicle ID 0 (Slot ID 169) Maintainence fee cost $2,500 to RAF's budget fund.
[2018/1/15 - 0:00:13] Vehicle ID 65535 (Slot ID 180) Maintainence fee cost $4,500 to RAF's budget fund.
[2018/1/15 - 0:00:13] Vehicle ID 65535 (Slot ID 229) Maintainence fee cost $6,500 to RAF's budget fund.
[2018/1/15 - 0:00:13] Vehicle ID 65535 (Slot ID 252) Maintainence fee cost $5,500 to RAF's budget fund.
[2018/1/15 - 0:00:13] Vehicle ID 0 (Slot ID 259) Maintainence fee cost $2,500 to RAF's budget fund.
[2018/1/15 - 0:00:13] Vehicle ID 0 (Slot ID 285) Maintainence fee cost $2,500 to RAF's budget fund.
[2018/1/15 - 0:00:13] Vehicle ID 0 (Slot ID 286) Maintainence fee cost $2,500 to RAF's budget fund.
[2018/1/15 - 0:00:13] Vehicle ID 0 (Slot ID 367) Maintainence fee cost $3,500 to RAF's budget fund.
[2018/1/15 - 0:00:13] Vehicle ID 0 (Slot ID 411) Maintainence fee cost $3,500 to RAF's budget fund.
[2018/1/15 - 0:00:13] Vehicle ID 65535 (Slot ID 415) Maintainence fee cost $5,500 to RAF's budget fund.
[2018/1/15 - 0:00:13] Vehicle ID 65535 (Slot ID 419) Maintainence fee cost $4,500 to RAF's budget fund.
[2018/1/15 - 0:00:13] Vehicle ID 65535 (Slot ID 452) Maintainence fee cost $6,500 to RAF's budget fund.
[2018/1/15 - 0:00:13] Vehicle ID 0 (Slot ID 498) Maintainence fee cost $3,500 to RAF's budget fund.
[2018/1/15 - 0:00:13] Vehicle ID 0 (Slot ID 502) Maintainence fee cost $2,500 to RAF's budget fund.
[2018/1/15 - 0:00:13] Vehicle ID 0 (Slot ID 505) Maintainence fee cost $3,500 to RAF's budget fund.
[2018/1/15 - 0:00:13] Vehicle ID 0 (Slot ID 548) Maintainence fee cost $3,500 to RAF's budget fund.
[2018/1/15 - 0:00:13] Vehicle ID 0 (Slot ID 600) Maintainence fee cost $2,000 to RAF's budget fund.
[2018/1/15 - 0:00:13] Vehicle ID 346 (Slot ID 610) Maintainence fee cost $0 to RAF's budget fund.
[2018/1/15 - 0:00:13] Vehicle ID 429 (Slot ID 613) Maintainence fee cost $0 to RAF's budget fund.
[2018/1/15 - 0:00:13] Vehicle ID 0 (Slot ID 616) Maintainence fee cost $0 to RAF's budget fund.
[2018/1/15 - 0:00:13] Vehicle ID 0 (Slot ID 639) Maintainence fee cost $0 to RAF's budget fund.
[2018/1/15 - 0:00:13] Vehicle ID 65535 (Slot ID 667) Maintainence fee cost $0 to RAF's budget fund.
[2018/1/15 - 1:00:03] The faction vault is at $15,883.
[2018/1/15 - 1:00:03] Vehicle ID 65535 (Slot ID 41) Maintainence fee cost $5,500 to RAF's budget fund.
[2018/1/15 - 1:00:03] Vehicle ID 0 (Slot ID 54) Maintainence fee cost $3,000 to RAF's budget fund.
[2018/1/15 - 1:00:03] Vehicle ID 65535 (Slot ID 57) Maintainence fee cost $5,000 to RAF's budget fund.
[2018/1/15 - 1:00:03] Vehicle ID 0 (Slot ID 62) Maintainence fee cost $500 to RAF's budget fund.
[2018/1/15 - 1:00:03] Vehicle ID 346 (Slot ID 610) Maintainence fee cost $0 to RAF's budget fund.
[2018/1/15 - 1:00:03] Vehicle ID 429 (Slot ID 613) Maintainence fee cost $0 to RAF's budget fund.
[2018/1/15 - 1:00:03] Vehicle ID 0 (Slot ID 616) Maintainence fee cost $0 to RAF's budget fund.
[2018/1/15 - 1:00:03] Vehicle ID 0 (Slot ID 639) Maintainence fee cost $0 to RAF's budget fund.
[2018/1/15 - 1:00:03] Vehicle ID 65535 (Slot ID 667) Maintainence fee cost $0 to RAF's budget fund.
[2018/1/15 - 2:00:09] The faction vault is at $21,283.
[2018/1/15 - 2:00:09] Vehicle ID 65535 (Slot ID 41) Maintainence fee cost $5,500 to RAF's budget fund.
[2018/1/15 - 2:00:09] Vehicle ID 0 (Slot ID 54) Maintainence fee cost $3,000 to RAF's budget fund.
[2018/1/15 - 2:00:09] Vehicle ID 65535 (Slot ID 57) Maintainence fee cost $5,000 to RAF's budget fund.
[2018/1/15 - 2:00:09] Vehicle ID 0 (Slot ID 62) Maintainence fee cost $500 to RAF's budget fund.
[2018/1/15 - 2:00:09] Vehicle ID 65535 (Slot ID 63) Maintainence fee cost $5,500 to RAF's budget fund.
[2018/1/15 - 2:00:09] Vehicle ID 346 (Slot ID 610) Maintainence fee cost $0 to RAF's budget fund.
[2018/1/15 - 2:00:09] Vehicle ID 429 (Slot ID 613) Maintainence fee cost $0 to RAF's budget fund.
[2018/1/15 - 2:00:09] Vehicle ID 0 (Slot ID 616) Maintainence fee cost $0 to RAF's budget fund.
[2018/1/15 - 2:00:09] Vehicle ID 0 (Slot ID 639) Maintainence fee cost $0 to RAF's budget fund.
[2018/1/15 - 2:00:09] Vehicle ID 65535 (Slot ID 667) Maintainence fee cost $0 to RAF's budget fund.
[2018/1/15 - 3:00:16] The faction vault is at $22,783.
[2018/1/15 - 3:00:16] Vehicle ID 65535 (Slot ID 41) Maintainence fee cost $5,500 to RAF's budget fund.
[2018/1/15 - 3:00:16] Vehicle ID 0 (Slot ID 54) Maintainence fee cost $3,000 to RAF's budget fund.
[2018/1/15 - 3:00:16] Vehicle ID 65535 (Slot ID 57) Maintainence fee cost $5,000 to RAF's budget fund.
[2018/1/15 - 3:00:16] Vehicle ID 0 (Slot ID 62) Maintainence fee cost $500 to RAF's budget fund.
[2018/1/15 - 3:00:16] Vehicle ID 65535 (Slot ID 63) Maintainence fee cost $5,500 to RAF's budget fund.
[2018/1/15 - 3:00:16] Vehicle ID 0 (Slot ID 82) Maintainence fee cost $3,000 to RAF's budget fund.
[2018/1/15 - 3:00:16] Vehicle ID 346 (Slot ID 610) Maintainence fee cost $0 to RAF's budget fund.
[2018/1/15 - 3:00:16] Vehicle ID 429 (Slot ID 613) Maintainence fee cost $0 to RAF's budget fund.
[2018/1/15 - 3:00:16] Vehicle ID 0 (Slot ID 616) Maintainence fee cost $0 to RAF's budget fund.
[2018/1/15 - 3:00:16] Vehicle ID 0 (Slot ID 639) Maintainence fee cost $0 to RAF's budget fund.
[2018/1/15 - 3:00:16] Vehicle ID 65535 (Slot ID 667) Maintainence fee cost $0 to RAF's budget fund.
[2018/1/15 - 4:00:19] The faction vault is at $20,883.
[2018/1/15 - 4:00:19] Vehicle ID 65535 (Slot ID 41) Maintainence fee cost $5,500 to RAF's budget fund.
[2018/1/15 - 4:00:19] Vehicle ID 0 (Slot ID 54) Maintainence fee cost $3,000 to RAF's budget fund.
[2018/1/15 - 4:00:19] Vehicle ID 65535 (Slot ID 57) Maintainence fee cost $5,000 to RAF's budget fund.
[2018/1/15 - 4:00:19] Vehicle ID 0 (Slot ID 62) Maintainence fee cost $500 to RAF's budget fund.
[2018/1/15 - 4:00:19] Vehicle ID 65535 (Slot ID 63) Maintainence fee cost $5,500 to RAF's budget fund.
[2018/1/15 - 4:00:19] Vehicle ID 346 (Slot ID 610) Maintainence fee cost $0 to RAF's budget fund.
[2018/1/15 - 4:00:19] Vehicle ID 429 (Slot ID 613) Maintainence fee cost $0 to RAF's budget fund.
[2018/1/15 - 4:00:19] Vehicle ID 0 (Slot ID 616) Maintainence fee cost $0 to RAF's budget fund.
[2018/1/15 - 4:00:19] Vehicle ID 0 (Slot ID 639) Maintainence fee cost $0 to RAF's budget fund.
[2018/1/15 - 4:00:19] Vehicle ID 65535 (Slot ID 667) Maintainence fee cost $0 to RAF's budget fund.
[2018/1/15 - 5:00:34] The faction vault is at $13,583.
[2018/1/15 - 5:00:34] Vehicle ID 65535 (Slot ID 41) Maintainence fee cost $5,500 to RAF's budget fund.
[2018/1/15 - 5:00:34] Vehicle ID 0 (Slot ID 54) Maintainence fee cost $3,000 to RAF's budget fund.
[2018/1/15 - 5:00:34] Vehicle ID 65535 (Slot ID 57) Maintainence fee cost $5,000 to RAF's budget fund.
[2018/1/15 - 5:00:34] Vehicle ID 346 (Slot ID 610) Maintainence fee cost $0 to RAF's budget fund.
[2018/1/15 - 5:00:34] Vehicle ID 429 (Slot ID 613) Maintainence fee cost $0 to RAF's budget fund.
[2018/1/15 - 5:00:34] Vehicle ID 0 (Slot ID 616) Maintainence fee cost $0 to RAF's budget fund.
[2018/1/15 - 5:00:34] Vehicle ID 0 (Slot ID 639) Maintainence fee cost $0 to RAF's budget fund.
[2018/1/15 - 5:00:34] Vehicle ID 65535 (Slot ID 667) Maintainence fee cost $0 to RAF's budget fund.
[2018/1/15 - 5:20:52] Vehicle Slot ID 613 RTB fee cost $0 to RAF's budget fund.
[2018/1/15 - 6:00:48] The faction vault is at $5,883.
[2018/1/15 - 6:00:48] Vehicle ID 65535 (Slot ID 41) Maintainence fee cost $5,500 to RAF's budget fund.
[2018/1/15 - 6:00:48] Vehicle ID 346 (Slot ID 610) Maintainence fee cost $0 to RAF's budget fund.
[2018/1/15 - 6:00:48] Vehicle ID 429 (Slot ID 613) Maintainence fee cost $0 to RAF's budget fund.
[2018/1/15 - 6:00:48] Vehicle ID 0 (Slot ID 616) Maintainence fee cost $0 to RAF's budget fund.
[2018/1/15 - 6:00:48] Vehicle ID 0 (Slot ID 639) Maintainence fee cost $0 to RAF's budget fund.
[2018/1/15 - 6:00:48] Vehicle ID 65535 (Slot ID 667) Maintainence fee cost $0 to RAF's budget fund.
[2018/1/15 - 7:00:01] The faction vault is at $22,183.
[2018/1/15 - 7:00:01] Vehicle ID 65535 (Slot ID 41) Maintainence fee cost $5,500 to RAF's budget fund.
[2018/1/15 - 7:00:01] Vehicle ID 0 (Slot ID 54) Maintainence fee cost $3,000 to RAF's budget fund.
[2018/1/15 - 7:00:01] Vehicle ID 65535 (Slot ID 57) Maintainence fee cost $5,000 to RAF's budget fund.
[2018/1/15 - 7:00:01] Vehicle ID 0 (Slot ID 62) Maintainence fee cost $500 to RAF's budget fund.
[2018/1/15 - 7:00:01] Vehicle ID 65535 (Slot ID 63) Maintainence fee cost $5,500 to RAF's budget fund.
[2018/1/15 - 7:00:01] Vehicle ID 0 (Slot ID 91) Maintainence fee cost $2,500 to RAF's budget fund.
[2018/1/15 - 7:00:01] Vehicle ID 346 (Slot ID 610) Maintainence fee cost $0 to RAF's budget fund.
[2018/1/15 - 7:00:01] Vehicle ID 429 (Slot ID 613) Maintainence fee cost $0 to RAF's budget fund.
[2018/1/15 - 7:00:01] Vehicle ID 0 (Slot ID 616) Maintainence fee cost $0 to RAF's budget fund.
[2018/1/15 - 7:00:01] Vehicle ID 0 (Slot ID 639) Maintainence fee cost $0 to RAF's budget fund.
[2018/1/15 - 7:00:01] Vehicle ID 65535 (Slot ID 667) Maintainence fee cost $0 to RAF's budget fund.
[2018/1/15 - 8:00:10] The faction vault is at $20,383.
[2018/1/15 - 8:00:10] Vehicle ID 65535 (Slot ID 41) Maintainence fee cost $5,500 to RAF's budget fund.
[2018/1/15 - 8:00:10] Vehicle ID 0 (Slot ID 54) Maintainence fee cost $3,000 to RAF's budget fund.
[2018/1/15 - 8:00:10] Vehicle ID 65535 (Slot ID 57) Maintainence fee cost $5,000 to RAF's budget fund.
[2018/1/15 - 8:00:10] Vehicle ID 0 (Slot ID 62) Maintainence fee cost $500 to RAF's budget fund.
[2018/1/15 - 8:00:10] Vehicle ID 65535 (Slot ID 63) Maintainence fee cost $5,500 to RAF's budget fund.
[2018/1/15 - 8:00:10] Vehicle ID 346 (Slot ID 610) Maintainence fee cost $0 to RAF's budget fund.
[2018/1/15 - 8:00:10] Vehicle ID 429 (Slot ID 613) Maintainence fee cost $0 to RAF's budget fund.
[2018/1/15 - 8:00:10] Vehicle ID 0 (Slot ID 616) Maintainence fee cost $0 to RAF's budget fund.
[2018/1/15 - 8:00:10] Vehicle ID 0 (Slot ID 639) Maintainence fee cost $0 to RAF's budget fund.
[2018/1/15 - 8:00:10] Vehicle ID 65535 (Slot ID 667) Maintainence fee cost $0 to RAF's budget fund.
[2018/1/15 - 9:00:20] The faction vault is at $15,683.
[2018/1/15 - 9:00:20] Vehicle ID 65535 (Slot ID 41) Maintainence fee cost $5,500 to RAF's budget fund.
[2018/1/15 - 9:00:20] Vehicle ID 0 (Slot ID 54) Maintainence fee cost $3,000 to RAF's budget fund.
[2018/1/15 - 9:00:20] Vehicle ID 65535 (Slot ID 57) Maintainence fee cost $5,000 to RAF's budget fund.
[2018/1/15 - 9:00:20] Vehicle ID 0 (Slot ID 62) Maintainence fee cost $500 to RAF's budget fund.
[2018/1/15 - 9:00:20] Vehicle ID 346 (Slot ID 610) Maintainence fee cost $0 to RAF's budget fund.
[2018/1/15 - 9:00:20] Vehicle ID 429 (Slot ID 613) Maintainence fee cost $0 to RAF's budget fund.
[2018/1/15 - 9:00:20] Vehicle ID 0 (Slot ID 616) Maintainence fee cost $0 to RAF's budget fund.
[2018/1/15 - 9:00:20] Vehicle ID 0 (Slot ID 639) Maintainence fee cost $0 to RAF's budget fund.
[2018/1/15 - 9:00:20] Vehicle ID 65535 (Slot ID 667) Maintainence fee cost $0 to RAF's budget fund.
[2018/1/15 - 10:00:31] The faction vault is at $14,083.
[2018/1/15 - 10:00:31] Vehicle ID 65535 (Slot ID 41) Maintainence fee cost $5,500 to RAF's budget fund.
[2018/1/15 - 10:00:31] Vehicle ID 0 (Slot ID 54) Maintainence fee cost $3,000 to RAF's budget fund.
[2018/1/15 - 10:00:31] Vehicle ID 65535 (Slot ID 57) Maintainence fee cost $5,000 to RAF's budget fund.
[2018/1/15 - 10:00:31] Vehicle ID 0 (Slot ID 62) Maintainence fee cost $500 to RAF's budget fund.
[2018/1/15 - 10:00:31] Vehicle ID 346 (Slot ID 610) Maintainence fee cost $0 to RAF's budget fund.
[2018/1/15 - 10:00:31] Vehicle ID 429 (Slot ID 613) Maintainence fee cost $0 to RAF's budget fund.
[2018/1/15 - 10:00:31] Vehicle ID 0 (Slot ID 616) Maintainence fee cost $0 to RAF's budget fund.
[2018/1/15 - 10:00:31] Vehicle ID 0 (Slot ID 639) Maintainence fee cost $0 to RAF's budget fund.
[2018/1/15 - 10:00:31] Vehicle ID 65535 (Slot ID 667) Maintainence fee cost $0 to RAF's budget fund.
[2018/1/15 - 11:00:38] The faction vault is at $19,483.
[2018/1/15 - 11:00:38] NE Gov Paid $175,000 to RAF budget fund.
[2018/1/15 - 11:00:38] Vehicle ID 65535 (Slot ID 41) Maintainence fee cost $5,500 to RAF's budget fund.
[2018/1/15 - 11:00:38] Vehicle ID 0 (Slot ID 54) Maintainence fee cost $3,000 to RAF's budget fund.
[2018/1/15 - 11:00:38] Vehicle ID 65535 (Slot ID 57) Maintainence fee cost $5,000 to RAF's budget fund.
[2018/1/15 - 11:00:38] Vehicle ID 0 (Slot ID 62) Maintainence fee cost $500 to RAF's budget fund.
[2018/1/15 - 11:00:38] Vehicle ID 65535 (Slot ID 63) Maintainence fee cost $5,500 to RAF's budget fund.
[2018/1/15 - 11:00:38] Vehicle ID 0 (Slot ID 82) Maintainence fee cost $3,000 to RAF's budget fund.
[2018/1/15 - 11:00:38] Vehicle ID 0 (Slot ID 87) Maintainence fee cost $3,000 to RAF's budget fund.
[2018/1/15 - 11:00:38] Vehicle ID 0 (Slot ID 91) Maintainence fee cost $2,500 to RAF's budget fund.
[2018/1/15 - 11:00:38] Vehicle ID 0 (Slot ID 92) Maintainence fee cost $2,500 to RAF's budget fund.
[2018/1/15 - 11:00:38] Vehicle ID 0 (Slot ID 169) Maintainence fee cost $2,500 to RAF's budget fund.
[2018/1/15 - 11:00:38] Vehicle ID 65535 (Slot ID 180) Maintainence fee cost $4,500 to RAF's budget fund.
[2018/1/15 - 11:00:38] Vehicle ID 65535 (Slot ID 229) Maintainence fee cost $6,500 to RAF's budget fund.
[2018/1/15 - 11:00:38] Vehicle ID 65535 (Slot ID 252) Maintainence fee cost $5,500 to RAF's budget fund.
[2018/1/15 - 11:00:38] Vehicle ID 0 (Slot ID 259) Maintainence fee cost $2,500 to RAF's budget fund.
[2018/1/15 - 11:00:38] Vehicle ID 0 (Slot ID 285) Maintainence fee cost $2,500 to RAF's budget fund.
[2018/1/15 - 11:00:38] Vehicle ID 0 (Slot ID 286) Maintainence fee cost $2,500 to RAF's budget fund.
[2018/1/15 - 11:00:38] Vehicle ID 0 (Slot ID 367) Maintainence fee cost $3,500 to RAF's budget fund.
[2018/1/15 - 11:00:38] Vehicle ID 0 (Slot ID 411) Maintainence fee cost $3,500 to RAF's budget fund.
[2018/1/15 - 11:00:38] Vehicle ID 65535 (Slot ID 415) Maintainence fee cost $5,500 to RAF's budget fund.
[2018/1/15 - 11:00:38] Vehicle ID 65535 (Slot ID 419) Maintainence fee cost $4,500 to RAF's budget fund.
[2018/1/15 - 11:00:38] Vehicle ID 65535 (Slot ID 452) Maintainence fee cost $6,500 to RAF's budget fund.
[2018/1/15 - 11:00:38] Vehicle ID 0 (Slot ID 498) Maintainence fee cost $3,500 to RAF's budget fund.
[2018/1/15 - 11:00:38] Vehicle ID 0 (Slot ID 502) Maintainence fee cost $2,500 to RAF's budget fund.
[2018/1/15 - 11:00:38] Vehicle ID 0 (Slot ID 505) Maintainence fee cost $3,500 to RAF's budget fund.
[2018/1/15 - 11:00:38] Vehicle ID 0 (Slot ID 548) Maintainence fee cost $3,500 to RAF's budget fund.
[2018/1/15 - 11:00:38] Vehicle ID 0 (Slot ID 570) Maintainence fee cost $3,500 to RAF's budget fund.
[2018/1/15 - 11:00:38] Vehicle ID 0 (Slot ID 582) Maintainence fee cost $3,500 to RAF's budget fund.
[2018/1/15 - 11:00:38] Vehicle ID 65535 (Slot ID 595) Maintainence fee cost $6,500 to RAF's budget fund.
[2018/1/15 - 11:00:38] Vehicle ID 0 (Slot ID 597) Maintainence fee cost $3,000 to RAF's budget fund.
[2018/1/15 - 11:00:38] Vehicle ID 0 (Slot ID 600) Maintainence fee cost $2,000 to RAF's budget fund.
[2018/1/15 - 11:00:38] Vehicle ID 346 (Slot ID 610) Maintainence fee cost $0 to RAF's budget fund.
[2018/1/15 - 11:00:38] Vehicle ID 429 (Slot ID 613) Maintainence fee cost $0 to RAF's budget fund.
[2018/1/15 - 11:00:38] Vehicle ID 0 (Slot ID 616) Maintainence fee cost $0 to RAF's budget fund.
[2018/1/15 - 11:00:38] Vehicle ID 0 (Slot ID 639) Maintainence fee cost $0 to RAF's budget fund.
[2018/1/15 - 11:00:38] Vehicle ID 65535 (Slot ID 667) Maintainence fee cost $0 to RAF's budget fund.
[2018/1/15 - 11:00:38] Vehicle ID 65535 (Slot ID 679) Maintainence fee cost $6,500 to RAF's budget fund.
[2018/1/15 - 12:00:43] The faction vault is at $99,583.
[2018/1/15 - 12:00:43] Vehicle ID 65535 (Slot ID 41) Maintainence fee cost $5,500 to RAF's budget fund.
[2018/1/15 - 12:00:43] Vehicle ID 0 (Slot ID 54) Maintainence fee cost $3,000 to RAF's budget fund.
[2018/1/15 - 12:00:43] Vehicle ID 65535 (Slot ID 57) Maintainence fee cost $5,000 to RAF's budget fund.
[2018/1/15 - 12:00:43] Vehicle ID 0 (Slot ID 62) Maintainence fee cost $500 to RAF's budget fund.
[2018/1/15 - 12:00:43] Vehicle ID 65535 (Slot ID 63) Maintainence fee cost $5,500 to RAF's budget fund.
[2018/1/15 - 12:00:43] Vehicle ID 0 (Slot ID 82) Maintainence fee cost $3,000 to RAF's budget fund.
[2018/1/15 - 12:00:43] Vehicle ID 0 (Slot ID 87) Maintainence fee cost $3,000 to RAF's budget fund.
[2018/1/15 - 12:00:43] Vehicle ID 0 (Slot ID 91) Maintainence fee cost $2,500 to RAF's budget fund.
[2018/1/15 - 12:00:43] Vehicle ID 0 (Slot ID 92) Maintainence fee cost $2,500 to RAF's budget fund.
[2018/1/15 - 12:00:43] Vehicle ID 0 (Slot ID 169) Maintainence fee cost $2,500 to RAF's budget fund.
[2018/1/15 - 12:00:43] Vehicle ID 65535 (Slot ID 180) Maintainence fee cost $4,500 to RAF's budget fund.
[2018/1/15 - 12:00:43] Vehicle ID 65535 (Slot ID 229) Maintainence fee cost $6,500 to RAF's budget fund.
[2018/1/15 - 12:00:43] Vehicle ID 65535 (Slot ID 252) Maintainence fee cost $5,500 to RAF's budget fund.
[2018/1/15 - 12:00:43] Vehicle ID 0 (Slot ID 259) Maintainence fee cost $2,500 to RAF's budget fund.
[2018/1/15 - 12:00:43] Vehicle ID 0 (Slot ID 285) Maintainence fee cost $2,500 to RAF's budget fund.
[2018/1/15 - 12:00:43] Vehicle ID 0 (Slot ID 286) Maintainence fee cost $2,500 to RAF's budget fund.
[2018/1/15 - 12:00:43] Vehicle ID 0 (Slot ID 367) Maintainence fee cost $3,500 to RAF's budget fund.
[2018/1/15 - 12:00:43] Vehicle ID 0 (Slot ID 411) Maintainence fee cost $3,500 to RAF's budget fund.
[2018/1/15 - 12:00:43] Vehicle ID 65535 (Slot ID 415) Maintainence fee cost $5,500 to RAF's budget fund.
[2018/1/15 - 12:00:43] Vehicle ID 65535 (Slot ID 419) Maintainence fee cost $4,500 to RAF's budget fund.
[2018/1/15 - 12:00:43] Vehicle ID 65535 (Slot ID 452) Maintainence fee cost $6,500 to RAF's budget fund.
[2018/1/15 - 12:00:43] Vehicle ID 0 (Slot ID 498) Maintainence fee cost $3,500 to RAF's budget fund.
[2018/1/15 - 12:00:43] Vehicle ID 0 (Slot ID 502) Maintainence fee cost $2,500 to RAF's budget fund.
[2018/1/15 - 12:00:43] Vehicle ID 0 (Slot ID 505) Maintainence fee cost $3,500 to RAF's budget fund.
[2018/1/15 - 12:00:43] Vehicle ID 0 (Slot ID 548) Maintainence fee cost $3,500 to RAF's budget fund.
[2018/1/15 - 12:00:43] Vehicle ID 0 (Slot ID 570) Maintainence fee cost $3,500 to RAF's budget fund.
[2018/1/15 - 12:00:43] Vehicle ID 0 (Slot ID 600) Maintainence fee cost $2,000 to RAF's budget fund.
[2018/1/15 - 12:00:43] Vehicle ID 346 (Slot ID 610) Maintainence fee cost $0 to RAF's budget fund.
[2018/1/15 - 12:00:43] Vehicle ID 429 (Slot ID 613) Maintainence fee cost $0 to RAF's budget fund.
[2018/1/15 - 12:00:43] Vehicle ID 0 (Slot ID 616) Maintainence fee cost $0 to RAF's budget fund.
[2018/1/15 - 12:00:43] Vehicle ID 0 (Slot ID 639) Maintainence fee cost $0 to RAF's budget fund.
[2018/1/15 - 12:00:43] Vehicle ID 65535 (Slot ID 667) Maintainence fee cost $0 to RAF's budget fund.
[2018/1/15 - 13:00:44] The faction vault is at $25,983.
[2018/1/15 - 13:00:44] Vehicle ID 65535 (Slot ID 41) Maintainence fee cost $5,500 to RAF's budget fund.
[2018/1/15 - 13:00:44] Vehicle ID 0 (Slot ID 54) Maintainence fee cost $3,000 to RAF's budget fund.
[2018/1/15 - 13:00:44] Vehicle ID 65535 (Slot ID 57) Maintainence fee cost $5,000 to RAF's budget fund.
[2018/1/15 - 13:00:44] Vehicle ID 0 (Slot ID 62) Maintainence fee cost $500 to RAF's budget fund.
[2018/1/15 - 13:00:44] Vehicle ID 65535 (Slot ID 63) Maintainence fee cost $5,500 to RAF's budget fund.
[2018/1/15 - 13:00:44] Vehicle ID 0 (Slot ID 82) Maintainence fee cost $3,000 to RAF's budget fund.
[2018/1/15 - 13:00:44] Vehicle ID 0 (Slot ID 87) Maintainence fee cost $3,000 to RAF's budget fund.
[2018/1/15 - 13:00:44] Vehicle ID 346 (Slot ID 610) Maintainence fee cost $0 to RAF's budget fund.
[2018/1/15 - 13:00:44] Vehicle ID 429 (Slot ID 613) Maintainence fee cost $0 to RAF's budget fund.
[2018/1/15 - 13:00:44] Vehicle ID 0 (Slot ID 616) Maintainence fee cost $0 to RAF's budget fund.
[2018/1/15 - 13:00:44] Vehicle ID 0 (Slot ID 639) Maintainence fee cost $0 to RAF's budget fund.
[2018/1/15 - 13:00:44] Vehicle ID 65535 (Slot ID 667) Maintainence fee cost $0 to RAF's budget fund.
[2018/1/15 - 14:00:47] The faction vault is at $29,883.
[2018/1/15 - 14:00:47] Vehicle ID 65535 (Slot ID 41) Maintainence fee cost $5,500 to RAF's budget fund.
[2018/1/15 - 14:00:47] Vehicle ID 0 (Slot ID 54) Maintainence fee cost $3,000 to RAF's budget fund.
[2018/1/15 - 14:00:47] Vehicle ID 65535 (Slot ID 57) Maintainence fee cost $5,000 to RAF's budget fund.
[2018/1/15 - 14:00:47] Vehicle ID 0 (Slot ID 62) Maintainence fee cost $500 to RAF's budget fund.
[2018/1/15 - 14:00:47] Vehicle ID 65535 (Slot ID 63) Maintainence fee cost $5,500 to RAF's budget fund.
[2018/1/15 - 14:00:47] Vehicle ID 0 (Slot ID 82) Maintainence fee cost $3,000 to RAF's budget fund.
[2018/1/15 - 14:00:47] Vehicle ID 0 (Slot ID 87) Maintainence fee cost $3,000 to RAF's budget fund.
[2018/1/15 - 14:00:47] Vehicle ID 0 (Slot ID 91) Maintainence fee cost $2,500 to RAF's budget fund.
[2018/1/15 - 14:00:47] Vehicle ID 346 (Slot ID 610) Maintainence fee cost $0 to RAF's budget fund.
[2018/1/15 - 14:00:47] Vehicle ID 429 (Slot ID 613) Maintainence fee cost $0 to RAF's budget fund.
[2018/1/15 - 14:00:47] Vehicle ID 0 (Slot ID 616) Maintainence fee cost $0 to RAF's budget fund.
[2018/1/15 - 14:00:47] Vehicle ID 0 (Slot ID 639) Maintainence fee cost $0 to RAF's budget fund.
[2018/1/15 - 14:00:47] Vehicle ID 65535 (Slot ID 667) Maintainence fee cost $0 to RAF's budget fund.
[2018/1/15 - 14:03:01] Vehicle Slot ID 610 RTB fee cost $0 to RAF's budget fund.
[2018/1/15 - 14:03:01] Vehicle Slot ID 613 RTB fee cost $0 to RAF's budget fund.
[2018/1/15 - 14:03:01] Vehicle Slot ID 667 RTB fee cost $0 to RAF's budget fund.
[2018/1/15 - 15:00:33] The faction vault is at $25,283.
[2018/1/15 - 15:00:33] Vehicle ID 65535 (Slot ID 41) Maintainence fee cost $5,500 to RAF's budget fund.
[2018/1/15 - 15:00:33] Vehicle ID 0 (Slot ID 54) Maintainence fee cost $3,000 to RAF's budget fund.
[2018/1/15 - 15:00:33] Vehicle ID 65535 (Slot ID 57) Maintainence fee cost $5,000 to RAF's budget fund.
[2018/1/15 - 15:00:33] Vehicle ID 0 (Slot ID 62) Maintainence fee cost $500 to RAF's budget fund.
[2018/1/15 - 15:00:33] Vehicle ID 65535 (Slot ID 63) Maintainence fee cost $5,500 to RAF's budget fund.
[2018/1/15 - 15:00:33] Vehicle ID 0 (Slot ID 82) Maintainence fee cost $3,000 to RAF's budget fund.
[2018/1/15 - 15:00:33] Vehicle ID 0 (Slot ID 91) Maintainence fee cost $2,500 to RAF's budget fund.
[2018/1/15 - 15:00:33] Vehicle ID 346 (Slot ID 610) Maintainence fee cost $0 to RAF's budget fund.
[2018/1/15 - 15:00:33] Vehicle ID 429 (Slot ID 613) Maintainence fee cost $0 to RAF's budget fund.
[2018/1/15 - 15:00:33] Vehicle ID 543 (Slot ID 616) Maintainence fee cost $0 to RAF's budget fund.
[2018/1/15 - 15:00:33] Vehicle ID 546 (Slot ID 639) Maintainence fee cost $0 to RAF's budget fund.
[2018/1/15 - 15:00:33] Vehicle ID 557 (Slot ID 667) Maintainence fee cost $0 to RAF's budget fund.
[2018/1/15 - 16:00:27] The faction vault is at $22,683.
[2018/1/15 - 16:00:27] Vehicle ID 65535 (Slot ID 41) Maintainence fee cost $5,500 to RAF's budget fund.
[2018/1/15 - 16:00:27] Vehicle ID 0 (Slot ID 54) Maintainence fee cost $3,000 to RAF's budget fund.
[2018/1/15 - 16:00:27] Vehicle ID 65535 (Slot ID 57) Maintainence fee cost $5,000 to RAF's budget fund.
[2018/1/15 - 16:00:27] Vehicle ID 0 (Slot ID 62) Maintainence fee cost $500 to RAF's budget fund.
[2018/1/15 - 16:00:27] Vehicle ID 65535 (Slot ID 63) Maintainence fee cost $5,500 to RAF's budget fund.
[2018/1/15 - 16:00:27] Vehicle ID 0 (Slot ID 82) Maintainence fee cost $3,000 to RAF's budget fund.
[2018/1/15 - 16:00:27] Vehicle ID 346 (Slot ID 610) Maintainence fee cost $0 to RAF's budget fund.
[2018/1/15 - 16:00:27] Vehicle ID 429 (Slot ID 613) Maintainence fee cost $0 to RAF's budget fund.
[2018/1/15 - 16:00:27] Vehicle ID 543 (Slot ID 616) Maintainence fee cost $0 to RAF's budget fund.
[2018/1/15 - 16:00:27] Vehicle ID 546 (Slot ID 639) Maintainence fee cost $0 to RAF's budget fund.
[2018/1/15 - 16:00:27] Vehicle ID 557 (Slot ID 667) Maintainence fee cost $0 to RAF's budget fund.
[2018/1/15 - 17:00:26] The faction vault is at $26,183.
[2018/1/15 - 17:00:26] Vehicle ID 65535 (Slot ID 41) Maintainence fee cost $5,500 to RAF's budget fund.
[2018/1/15 - 17:00:26] Vehicle ID 0 (Slot ID 54) Maintainence fee cost $3,000 to RAF's budget fund.
[2018/1/15 - 17:00:26] Vehicle ID 65535 (Slot ID 57) Maintainence fee cost $5,000 to RAF's budget fund.
[2018/1/15 - 17:00:26] Vehicle ID 0 (Slot ID 62) Maintainence fee cost $500 to RAF's budget fund.
[2018/1/15 - 17:00:26] Vehicle ID 65535 (Slot ID 63) Maintainence fee cost $5,500 to RAF's budget fund.
[2018/1/15 - 17:00:26] Vehicle ID 0 (Slot ID 82) Maintainence fee cost $3,000 to RAF's budget fund.
[2018/1/15 - 17:00:26] Vehicle ID 0 (Slot ID 87) Maintainence fee cost $3,000 to RAF's budget fund.
[2018/1/15 - 17:00:26] Vehicle ID 346 (Slot ID 610) Maintainence fee cost $0 to RAF's budget fund.
[2018/1/15 - 17:00:26] Vehicle ID 429 (Slot ID 613) Maintainence fee cost $0 to RAF's budget fund.
[2018/1/15 - 17:00:26] Vehicle ID 543 (Slot ID 616) Maintainence fee cost $0 to RAF's budget fund.
[2018/1/15 - 17:00:26] Vehicle ID 546 (Slot ID 639) Maintainence fee cost $0 to RAF's budget fund.
[2018/1/15 - 17:00:26] Vehicle ID 557 (Slot ID 667) Maintainence fee cost $0 to RAF's budget fund.
[2018/1/15 - 18:00:24] The faction vault is at $18,083.
[2018/1/15 - 18:00:24] Vehicle ID 65535 (Slot ID 41) Maintainence fee cost $5,500 to RAF's budget fund.
[2018/1/15 - 18:00:24] Vehicle ID 0 (Slot ID 54) Maintainence fee cost $3,000 to RAF's budget fund.
[2018/1/15 - 18:00:24] Vehicle ID 65535 (Slot ID 57) Maintainence fee cost $5,000 to RAF's budget fund.
[2018/1/15 - 18:00:24] Vehicle ID 0 (Slot ID 62) Maintainence fee cost $500 to RAF's budget fund.
[2018/1/15 - 18:00:24] Vehicle ID 0 (Slot ID 82) Maintainence fee cost $3,000 to RAF's budget fund.
[2018/1/15 - 18:00:24] Vehicle ID 346 (Slot ID 610) Maintainence fee cost $0 to RAF's budget fund.
[2018/1/15 - 18:00:24] Vehicle ID 429 (Slot ID 613) Maintainence fee cost $0 to RAF's budget fund.
[2018/1/15 - 18:00:24] Vehicle ID 543 (Slot ID 616) Maintainence fee cost $0 to RAF's budget fund.
[2018/1/15 - 18:00:24] Vehicle ID 546 (Slot ID 639) Maintainence fee cost $0 to RAF's budget fund.
[2018/1/15 - 18:00:24] Vehicle ID 557 (Slot ID 667) Maintainence fee cost $0 to RAF's budget fund.
[2018/1/15 - 18:10:36] SAAS has purchased a crate from your facility adding $60,000
[2018/1/15 - 18:23:23] SAAS has purchased a crate from your facility adding $60,000
[2018/1/15 - 18:23:33] SAAS has purchased a crate from your facility adding $60,000
[2018/1/15 - 18:23:40] SAAS has purchased a crate from your facility adding $60,000
[2018/1/15 - 18:23:47] SAAS has purchased a crate from your facility adding $60,000
[2018/1/15 - 18:39:46] Vehicle Slot ID 616 RTB fee cost $0 to RAF's budget fund.
[2018/1/15 - 18:54:14] SAAS has purchased a crate from your facility adding $60,000
[2018/1/15 - 18:54:32] SAAS has purchased a crate from your facility adding $60,000
[2018/1/15 - 18:54:40] SAAS has purchased a crate from your facility adding $60,000
[2018/1/15 - 18:54:48] SAAS has purchased a crate from your facility adding $60,000
[2018/1/15 - 18:54:54] SAAS has purchased a crate from your facility adding $60,000
[2018/1/15 - 19:00:13] The faction vault is at $622,283.
[2018/1/15 - 19:00:13] Vehicle ID 65535 (Slot ID 41) Maintainence fee cost $5,500 to RAF's budget fund.
[2018/1/15 - 19:00:13] Vehicle ID 0 (Slot ID 54) Maintainence fee cost $3,000 to RAF's budget fund.
[2018/1/15 - 19:00:13] Vehicle ID 65535 (Slot ID 57) Maintainence fee cost $5,000 to RAF's budget fund.
[2018/1/15 - 19:00:13] Vehicle ID 0 (Slot ID 62) Maintainence fee cost $500 to RAF's budget fund.
[2018/1/15 - 19:00:13] Vehicle ID 65535 (Slot ID 63) Maintainence fee cost $5,500 to RAF's budget fund.
[2018/1/15 - 19:00:13] Vehicle ID 0 (Slot ID 82) Maintainence fee cost $3,000 to RAF's budget fund.
[2018/1/15 - 19:00:13] Vehicle ID 0 (Slot ID 87) Maintainence fee cost $3,000 to RAF's budget fund.
[2018/1/15 - 19:00:13] Vehicle ID 0 (Slot ID 91) Maintainence fee cost $2,500 to RAF's budget fund.
[2018/1/15 - 19:00:13] Vehicle ID 0 (Slot ID 92) Maintainence fee cost $2,500 to RAF's budget fund.
[2018/1/15 - 19:00:13] Vehicle ID 0 (Slot ID 169) Maintainence fee cost $2,500 to RAF's budget fund.
[2018/1/15 - 19:00:13] Vehicle ID 65535 (Slot ID 180) Maintainence fee cost $4,500 to RAF's budget fund.
[2018/1/15 - 19:00:13] Vehicle ID 65535 (Slot ID 229) Maintainence fee cost $6,500 to RAF's budget fund.
[2018/1/15 - 19:00:13] Vehicle ID 65535 (Slot ID 252) Maintainence fee cost $5,500 to RAF's budget fund.
[2018/1/15 - 19:00:13] Vehicle ID 0 (Slot ID 259) Maintainence fee cost $2,500 to RAF's budget fund.
[2018/1/15 - 19:00:13] Vehicle ID 0 (Slot ID 285) Maintainence fee cost $2,500 to RAF's budget fund.
[2018/1/15 - 19:00:13] Vehicle ID 0 (Slot ID 286) Maintainence fee cost $2,500 to RAF's budget fund.
[2018/1/15 - 19:00:13] Vehicle ID 0 (Slot ID 367) Maintainence fee cost $3,500 to RAF's budget fund.
[2018/1/15 - 19:00:13] Vehicle ID 0 (Slot ID 411) Maintainence fee cost $3,500 to RAF's budget fund.
[2018/1/15 - 19:00:13] Vehicle ID 65535 (Slot ID 415) Maintainence fee cost $5,500 to RAF's budget fund.
[2018/1/15 - 19:00:13] Vehicle ID 65535 (Slot ID 419) Maintainence fee cost $4,500 to RAF's budget fund.
[2018/1/15 - 19:00:13] Vehicle ID 65535 (Slot ID 452) Maintainence fee cost $6,500 to RAF's budget fund.
[2018/1/15 - 19:00:13] Vehicle ID 0 (Slot ID 498) Maintainence fee cost $3,500 to RAF's budget fund.
[2018/1/15 - 19:00:13] Vehicle ID 0 (Slot ID 502) Maintainence fee cost $2,500 to RAF's budget fund.
[2018/1/15 - 19:00:13] Vehicle ID 0 (Slot ID 505) Maintainence fee cost $3,500 to RAF's budget fund.
[2018/1/15 - 19:00:13] Vehicle ID 0 (Slot ID 548) Maintainence fee cost $3,500 to RAF's budget fund.
[2018/1/15 - 19:00:13] Vehicle ID 0 (Slot ID 570) Maintainence fee cost $3,500 to RAF's budget fund.
[2018/1/15 - 19:00:13] Vehicle ID 0 (Slot ID 582) Maintainence fee cost $3,500 to RAF's budget fund.
[2018/1/15 - 19:00:13] Vehicle ID 65535 (Slot ID 595) Maintainence fee cost $6,500 to RAF's budget fund.
[2018/1/15 - 19:00:13] Vehicle ID 0 (Slot ID 597) Maintainence fee cost $3,000 to RAF's budget fund.
[2018/1/15 - 19:00:13] Vehicle ID 0 (Slot ID 600) Maintainence fee cost $2,000 to RAF's budget fund.
[2018/1/15 - 19:00:13] Vehicle ID 346 (Slot ID 610) Maintainence fee cost $0 to RAF's budget fund.
[2018/1/15 - 19:00:13] Vehicle ID 429 (Slot ID 613) Maintainence fee cost $0 to RAF's budget fund.
[2018/1/15 - 19:00:13] Vehicle ID 543 (Slot ID 616) Maintainence fee cost $0 to RAF's budget fund.
[2018/1/15 - 19:00:13] Vehicle ID 546 (Slot ID 639) Maintainence fee cost $0 to RAF's budget fund.
[2018/1/15 - 19:00:13] Vehicle ID 557 (Slot ID 667) Maintainence fee cost $0 to RAF's budget fund.
[2018/1/15 - 19:00:13] Vehicle ID 65535 (Slot ID 679) Maintainence fee cost $6,500 to RAF's budget fund.
[2018/1/15 - 20:00:03] The faction vault is at $526,983.
[2018/1/15 - 20:00:03] NE Gov Paid $175,000 to RAF budget fund.
[2018/1/15 - 20:00:03] Vehicle ID 65535 (Slot ID 41) Maintainence fee cost $5,500 to RAF's budget fund.
[2018/1/15 - 20:00:03] Vehicle ID 0 (Slot ID 54) Maintainence fee cost $3,000 to RAF's budget fund.
[2018/1/15 - 20:00:03] Vehicle ID 65535 (Slot ID 57) Maintainence fee cost $5,000 to RAF's budget fund.
[2018/1/15 - 20:00:03] Vehicle ID 0 (Slot ID 62) Maintainence fee cost $500 to RAF's budget fund.
[2018/1/15 - 20:00:03] Vehicle ID 65535 (Slot ID 63) Maintainence fee cost $5,500 to RAF's budget fund.
[2018/1/15 - 20:00:03] Vehicle ID 0 (Slot ID 82) Maintainence fee cost $3,000 to RAF's budget fund.
[2018/1/15 - 20:00:03] Vehicle ID 0 (Slot ID 87) Maintainence fee cost $3,000 to RAF's budget fund.
[2018/1/15 - 20:00:03] Vehicle ID 0 (Slot ID 91) Maintainence fee cost $2,500 to RAF's budget fund.
[2018/1/15 - 20:00:03] Vehicle ID 0 (Slot ID 92) Maintainence fee cost $2,500 to RAF's budget fund.
[2018/1/15 - 20:00:03] Vehicle ID 0 (Slot ID 169) Maintainence fee cost $2,500 to RAF's budget fund.
[2018/1/15 - 20:00:03] Vehicle ID 65535 (Slot ID 180) Maintainence fee cost $4,500 to RAF's budget fund.
[2018/1/15 - 20:00:03] Vehicle ID 65535 (Slot ID 229) Maintainence fee cost $6,500 to RAF's budget fund.
[2018/1/15 - 20:00:03] Vehicle ID 65535 (Slot ID 252) Maintainence fee cost $5,500 to RAF's budget fund.
[2018/1/15 - 20:00:03] Vehicle ID 0 (Slot ID 259) Maintainence fee cost $2,500 to RAF's budget fund.
[2018/1/15 - 20:00:03] Vehicle ID 0 (Slot ID 285) Maintainence fee cost $2,500 to RAF's budget fund.
[2018/1/15 - 20:00:03] Vehicle ID 0 (Slot ID 286) Maintainence fee cost $2,500 to RAF's budget fund.
[2018/1/15 - 20:00:03] Vehicle ID 0 (Slot ID 367) Maintainence fee cost $3,500 to RAF's budget fund.
[2018/1/15 - 20:00:03] Vehicle ID 0 (Slot ID 411) Maintainence fee cost $3,500 to RAF's budget fund.
[2018/1/15 - 20:00:03] Vehicle ID 65535 (Slot ID 415) Maintainence fee cost $5,500 to RAF's budget fund.
[2018/1/15 - 20:00:03] Vehicle ID 65535 (Slot ID 419) Maintainence fee cost $4,500 to RAF's budget fund.
[2018/1/15 - 20:00:03] Vehicle ID 65535 (Slot ID 452) Maintainence fee cost $6,500 to RAF's budget fund.
[2018/1/15 - 20:00:03] Vehicle ID 0 (Slot ID 498) Maintainence fee cost $3,500 to RAF's budget fund.
[2018/1/15 - 20:00:03] Vehicle ID 0 (Slot ID 502) Maintainence fee cost $2,500 to RAF's budget fund.
[2018/1/15 - 20:00:03] Vehicle ID 0 (Slot ID 505) Maintainence fee cost $3,500 to RAF's budget fund.
[2018/1/15 - 20:00:03] Vehicle ID 0 (Slot ID 548) Maintainence fee cost $3,500 to RAF's budget fund.
[2018/1/15 - 20:00:03] Vehicle ID 0 (Slot ID 570) Maintainence fee cost $3,500 to RAF's budget fund.
[2018/1/15 - 20:00:03] Vehicle ID 0 (Slot ID 582) Maintainence fee cost $3,500 to RAF's budget fund.
[2018/1/15 - 20:00:03] Vehicle ID 65535 (Slot ID 595) Maintainence fee cost $6,500 to RAF's budget fund.
[2018/1/15 - 20:00:03] Vehicle ID 0 (Slot ID 597) Maintainence fee cost $3,000 to RAF's budget fund.
[2018/1/15 - 20:00:03] Vehicle ID 0 (Slot ID 600) Maintainence fee cost $2,000 to RAF's budget fund.
[2018/1/15 - 20:00:03] Vehicle ID 346 (Slot ID 610) Maintainence fee cost $0 to RAF's budget fund.
[2018/1/15 - 20:00:03] Vehicle ID 429 (Slot ID 613) Maintainence fee cost $0 to RAF's budget fund.
[2018/1/15 - 20:00:03] Vehicle ID 543 (Slot ID 616) Maintainence fee cost $0 to RAF's budget fund.
[2018/1/15 - 20:00:03] Vehicle ID 546 (Slot ID 639) Maintainence fee cost $0 to RAF's budget fund.
[2018/1/15 - 20:00:03] Vehicle ID 557 (Slot ID 667) Maintainence fee cost $0 to RAF's budget fund.
[2018/1/15 - 20:00:03] Vehicle ID 65535 (Slot ID 679) Maintainence fee cost $6,500 to RAF's budget fund.
[2018/1/15 - 21:00:58] The faction vault is at $603,683.
[2018/1/15 - 21:00:58] Vehicle ID 65535 (Slot ID 41) Maintainence fee cost $5,500 to RAF's budget fund.
[2018/1/15 - 21:00:58] Vehicle ID 0 (Slot ID 54) Maintainence fee cost $3,000 to RAF's budget fund.
[2018/1/15 - 21:00:58] Vehicle ID 65535 (Slot ID 57) Maintainence fee cost $5,000 to RAF's budget fund.
[2018/1/15 - 21:00:58] Vehicle ID 0 (Slot ID 62) Maintainence fee cost $500 to RAF's budget fund.
[2018/1/15 - 21:00:58] Vehicle ID 65535 (Slot ID 63) Maintainence fee cost $5,500 to RAF's budget fund.
[2018/1/15 - 21:00:58] Vehicle ID 0 (Slot ID 82) Maintainence fee cost $3,000 to RAF's budget fund.
[2018/1/15 - 21:00:58] Vehicle ID 0 (Slot ID 87) Maintainence fee cost $3,000 to RAF's budget fund.
[2018/1/15 - 21:00:58] Vehicle ID 0 (Slot ID 91) Maintainence fee cost $2,500 to RAF's budget fund.
[2018/1/15 - 21:00:58] Vehicle ID 0 (Slot ID 92) Maintainence fee cost $2,500 to RAF's budget fund.
[2018/1/15 - 21:00:58] Vehicle ID 0 (Slot ID 169) Maintainence fee cost $2,500 to RAF's budget fund.
[2018/1/15 - 21:00:58] Vehicle ID 65535 (Slot ID 180) Maintainence fee cost $4,500 to RAF's budget fund.
[2018/1/15 - 21:00:58] Vehicle ID 65535 (Slot ID 229) Maintainence fee cost $6,500 to RAF's budget fund.
[2018/1/15 - 21:00:58] Vehicle ID 65535 (Slot ID 252) Maintainence fee cost $5,500 to RAF's budget fund.
[2018/1/15 - 21:00:58] Vehicle ID 0 (Slot ID 259) Maintainence fee cost $2,500 to RAF's budget fund.
[2018/1/15 - 21:00:58] Vehicle ID 0 (Slot ID 285) Maintainence fee cost $2,500 to RAF's budget fund.
[2018/1/15 - 21:00:58] Vehicle ID 0 (Slot ID 286) Maintainence fee cost $2,500 to RAF's budget fund.
[2018/1/15 - 21:00:58] Vehicle ID 0 (Slot ID 367) Maintainence fee cost $3,500 to RAF's budget fund.
[2018/1/15 - 21:00:58] Vehicle ID 0 (Slot ID 411) Maintainence fee cost $3,500 to RAF's budget fund.
[2018/1/15 - 21:00:58] Vehicle ID 65535 (Slot ID 415) Maintainence fee cost $5,500 to RAF's budget fund.
[2018/1/15 - 21:00:58] Vehicle ID 65535 (Slot ID 419) Maintainence fee cost $4,500 to RAF's budget fund.
[2018/1/15 - 21:00:58] Vehicle ID 65535 (Slot ID 452) Maintainence fee cost $6,500 to RAF's budget fund.
[2018/1/15 - 21:00:58] Vehicle ID 0 (Slot ID 498) Maintainence fee cost $3,500 to RAF's budget fund.
[2018/1/15 - 21:00:58] Vehicle ID 0 (Slot ID 502) Maintainence fee cost $2,500 to RAF's budget fund.
[2018/1/15 - 21:00:58] Vehicle ID 0 (Slot ID 505) Maintainence fee cost $3,500 to RAF's budget fund.
[2018/1/15 - 21:00:58] Vehicle ID 0 (Slot ID 548) Maintainence fee cost $3,500 to RAF's budget fund.
[2018/1/15 - 21:00:58] Vehicle ID 0 (Slot ID 570) Maintainence fee cost $3,500 to RAF's budget fund.
[2018/1/15 - 21:00:58] Vehicle ID 0 (Slot ID 582) Maintainence fee cost $3,500 to RAF's budget fund.
[2018/1/15 - 21:00:58] Vehicle ID 65535 (Slot ID 595) Maintainence fee cost $6,500 to RAF's budget fund.
[2018/1/15 - 21:00:58] Vehicle ID 0 (Slot ID 597) Maintainence fee cost $3,000 to RAF's budget fund.
[2018/1/15 - 21:00:58] Vehicle ID 0 (Slot ID 600) Maintainence fee cost $2,000 to RAF's budget fund.
[2018/1/15 - 21:00:58] Vehicle ID 346 (Slot ID 610) Maintainence fee cost $0 to RAF's budget fund.
[2018/1/15 - 21:00:58] Vehicle ID 429 (Slot ID 613) Maintainence fee cost $0 to RAF's budget fund.
[2018/1/15 - 21:00:58] Vehicle ID 543 (Slot ID 616) Maintainence fee cost $0 to RAF's budget fund.
[2018/1/15 - 21:00:58] Vehicle ID 546 (Slot ID 639) Maintainence fee cost $0 to RAF's budget fund.
[2018/1/15 - 21:00:58] Vehicle ID 557 (Slot ID 667) Maintainence fee cost $0 to RAF's budget fund.
[2018/1/15 - 21:00:58] Vehicle ID 65535 (Slot ID 679) Maintainence fee cost $6,500 to RAF's budget fund.
[2018/1/15 - 22:00:48] The faction vault is at $496,783.
[2018/1/15 - 22:00:48] Vehicle ID 65535 (Slot ID 41) Maintainence fee cost $5,500 to RAF's budget fund.
[2018/1/15 - 22:00:48] Vehicle ID 0 (Slot ID 54) Maintainence fee cost $3,000 to RAF's budget fund.
[2018/1/15 - 22:00:48] Vehicle ID 65535 (Slot ID 57) Maintainence fee cost $5,000 to RAF's budget fund.
[2018/1/15 - 22:00:48] Vehicle ID 0 (Slot ID 62) Maintainence fee cost $500 to RAF's budget fund.
[2018/1/15 - 22:00:48] Vehicle ID 65535 (Slot ID 63) Maintainence fee cost $5,500 to RAF's budget fund.
[2018/1/15 - 22:00:48] Vehicle ID 0 (Slot ID 82) Maintainence fee cost $3,000 to RAF's budget fund.
[2018/1/15 - 22:00:48] Vehicle ID 0 (Slot ID 87) Maintainence fee cost $3,000 to RAF's budget fund.
[2018/1/15 - 22:00:48] Vehicle ID 0 (Slot ID 91) Maintainence fee cost $2,500 to RAF's budget fund.
[2018/1/15 - 22:00:48] Vehicle ID 0 (Slot ID 92) Maintainence fee cost $2,500 to RAF's budget fund.
[2018/1/15 - 22:00:48] Vehicle ID 0 (Slot ID 169) Maintainence fee cost $2,500 to RAF's budget fund.
[2018/1/15 - 22:00:48] Vehicle ID 65535 (Slot ID 180) Maintainence fee cost $4,500 to RAF's budget fund.
[2018/1/15 - 22:00:48] Vehicle ID 65535 (Slot ID 229) Maintainence fee cost $6,500 to RAF's budget fund.
[2018/1/15 - 22:00:48] Vehicle ID 65535 (Slot ID 252) Maintainence fee cost $5,500 to RAF's budget fund.
[2018/1/15 - 22:00:48] Vehicle ID 0 (Slot ID 259) Maintainence fee cost $2,500 to RAF's budget fund.
[2018/1/15 - 22:00:48] Vehicle ID 0 (Slot ID 285) Maintainence fee cost $2,500 to RAF's budget fund.
[2018/1/15 - 22:00:48] Vehicle ID 0 (Slot ID 286) Maintainence fee cost $2,500 to RAF's budget fund.
[2018/1/15 - 22:00:48] Vehicle ID 0 (Slot ID 367) Maintainence fee cost $3,500 to RAF's budget fund.
[2018/1/15 - 22:00:48] Vehicle ID 0 (Slot ID 411) Maintainence fee cost $3,500 to RAF's budget fund.
[2018/1/15 - 22:00:48] Vehicle ID 65535 (Slot ID 415) Maintainence fee cost $5,500 to RAF's budget fund.
[2018/1/15 - 22:00:48] Vehicle ID 65535 (Slot ID 419) Maintainence fee cost $4,500 to RAF's budget fund.
[2018/1/15 - 22:00:48] Vehicle ID 65535 (Slot ID 452) Maintainence fee cost $6,500 to RAF's budget fund.
[2018/1/15 - 22:00:48] Vehicle ID 0 (Slot ID 498) Maintainence fee cost $3,500 to RAF's budget fund.
[2018/1/15 - 22:00:48] Vehicle ID 0 (Slot ID 502) Maintainence fee cost $2,500 to RAF's budget fund.
[2018/1/15 - 22:00:48] Vehicle ID 0 (Slot ID 505) Maintainence fee cost $3,500 to RAF's budget fund.
[2018/1/15 - 22:00:48] Vehicle ID 0 (Slot ID 548) Maintainence fee cost $3,500 to RAF's budget fund.
[2018/1/15 - 22:00:48] Vehicle ID 0 (Slot ID 570) Maintainence fee cost $3,500 to RAF's budget fund.
[2018/1/15 - 22:00:48] Vehicle ID 0 (Slot ID 582) Maintainence fee cost $3,500 to RAF's budget fund.
[2018/1/15 - 22:00:48] Vehicle ID 65535 (Slot ID 595) Maintainence fee cost $6,500 to RAF's budget fund.
[2018/1/15 - 22:00:48] Vehicle ID 0 (Slot ID 597) Maintainence fee cost $3,000 to RAF's budget fund.
[2018/1/15 - 22:00:48] Vehicle ID 0 (Slot ID 600) Maintainence fee cost $2,000 to RAF's budget fund.
[2018/1/15 - 22:00:48] Vehicle ID 346 (Slot ID 610) Maintainence fee cost $0 to RAF's budget fund.
[2018/1/15 - 22:00:48] Vehicle ID 429 (Slot ID 613) Maintainence fee cost $0 to RAF's budget fund.
[2018/1/15 - 22:00:48] Vehicle ID 543 (Slot ID 616) Maintainence fee cost $0 to RAF's budget fund.
[2018/1/15 - 22:00:48] Vehicle ID 546 (Slot ID 639) Maintainence fee cost $0 to RAF's budget fund.
[2018/1/15 - 22:00:48] Vehicle ID 557 (Slot ID 667) Maintainence fee cost $0 to RAF's budget fund.
[2018/1/15 - 22:00:48] Vehicle ID 65535 (Slot ID 679) Maintainence fee cost $6,500 to RAF's budget fund.
[2018/1/15 - 23:00:38] The faction vault is at $391,883.
[2018/1/15 - 23:00:38] Vehicle ID 65535 (Slot ID 41) Maintainence fee cost $5,500 to RAF's budget fund.
[2018/1/15 - 23:00:38] Vehicle ID 0 (Slot ID 54) Maintainence fee cost $3,000 to RAF's budget fund.
[2018/1/15 - 23:00:38] Vehicle ID 65535 (Slot ID 57) Maintainence fee cost $5,000 to RAF's budget fund.
[2018/1/15 - 23:00:38] Vehicle ID 0 (Slot ID 62) Maintainence fee cost $500 to RAF's budget fund.
[2018/1/15 - 23:00:38] Vehicle ID 65535 (Slot ID 63) Maintainence fee cost $5,500 to RAF's budget fund.
[2018/1/15 - 23:00:38] Vehicle ID 0 (Slot ID 82) Maintainence fee cost $3,000 to RAF's budget fund.
[2018/1/15 - 23:00:38] Vehicle ID 0 (Slot ID 87) Maintainence fee cost $3,000 to RAF's budget fund.
[2018/1/15 - 23:00:38] Vehicle ID 0 (Slot ID 91) Maintainence fee cost $2,500 to RAF's budget fund.
[2018/1/15 - 23:00:38] Vehicle ID 0 (Slot ID 92) Maintainence fee cost $2,500 to RAF's budget fund.
[2018/1/15 - 23:00:38] Vehicle ID 0 (Slot ID 169) Maintainence fee cost $2,500 to RAF's budget fund.
[2018/1/15 - 23:00:38] Vehicle ID 65535 (Slot ID 180) Maintainence fee cost $4,500 to RAF's budget fund.
[2018/1/15 - 23:00:38] Vehicle ID 65535 (Slot ID 229) Maintainence fee cost $6,500 to RAF's budget fund.
[2018/1/15 - 23:00:38] Vehicle ID 65535 (Slot ID 252) Maintainence fee cost $5,500 to RAF's budget fund.
[2018/1/15 - 23:00:38] Vehicle ID 0 (Slot ID 259) Maintainence fee cost $2,500 to RAF's budget fund.
[2018/1/15 - 23:00:38] Vehicle ID 0 (Slot ID 285) Maintainence fee cost $2,500 to RAF's budget fund.
[2018/1/15 - 23:00:38] Vehicle ID 0 (Slot ID 286) Maintainence fee cost $2,500 to RAF's budget fund.
[2018/1/15 - 23:00:38] Vehicle ID 0 (Slot ID 367) Maintainence fee cost $3,500 to RAF's budget fund.
[2018/1/15 - 23:00:38] Vehicle ID 0 (Slot ID 411) Maintainence fee cost $3,500 to RAF's budget fund.
[2018/1/15 - 23:00:38] Vehicle ID 65535 (Slot ID 415) Maintainence fee cost $5,500 to RAF's budget fund.
[2018/1/15 - 23:00:38] Vehicle ID 65535 (Slot ID 419) Maintainence fee cost $4,500 to RAF's budget fund.
[2018/1/15 - 23:00:38] Vehicle ID 65535 (Slot ID 452) Maintainence fee cost $6,500 to RAF's budget fund.
[2018/1/15 - 23:00:38] Vehicle ID 0 (Slot ID 498) Maintainence fee cost $3,500 to RAF's budget fund.
[2018/1/15 - 23:00:38] Vehicle ID 0 (Slot ID 502) Maintainence fee cost $2,500 to RAF's budget fund.
[2018/1/15 - 23:00:38] Vehicle ID 0 (Slot ID 505) Maintainence fee cost $3,500 to RAF's budget fund.
[2018/1/15 - 23:00:38] Vehicle ID 0 (Slot ID 548) Maintainence fee cost $3,500 to RAF's budget fund.
[2018/1/15 - 23:00:38] Vehicle ID 0 (Slot ID 570) Maintainence fee cost $3,500 to RAF's budget fund.
[2018/1/15 - 23:00:38] Vehicle ID 0 (Slot ID 582) Maintainence fee cost $3,500 to RAF's budget fund.
[2018/1/15 - 23:00:38] Vehicle ID 65535 (Slot ID 595) Maintainence fee cost $6,500 to RAF's budget fund.
[2018/1/15 - 23:00:38] Vehicle ID 0 (Slot ID 597) Maintainence fee cost $3,000 to RAF's budget fund.
[2018/1/15 - 23:00:38] Vehicle ID 0 (Slot ID 600) Maintainence fee cost $2,000 to RAF's budget fund.
[2018/1/15 - 23:00:38] Vehicle ID 346 (Slot ID 610) Maintainence fee cost $0 to RAF's budget fund.
[2018/1/15 - 23:00:38] Vehicle ID 429 (Slot ID 613) Maintainence fee cost $0 to RAF's budget fund.
[2018/1/15 - 23:00:38] Vehicle ID 543 (Slot ID 616) Maintainence fee cost $0 to RAF's budget fund.
[2018/1/15 - 23:00:38] Vehicle ID 546 (Slot ID 639) Maintainence fee cost $0 to RAF's budget fund.
[2018/1/15 - 23:00:38] Vehicle ID 557 (Slot ID 667) Maintainence fee cost $0 to RAF's budget fund.
[2018/1/15 - 23:00:38] Vehicle ID 65535 (Slot ID 679) Maintainence fee cost $6,500 to RAF's budget fund.
