[2018/1/17 - 0:00:28] The faction vault is at $2,783.
[2018/1/17 - 0:00:28] Vehicle ID 0 (Slot ID 62) Maintainence fee cost $500 to RAF's budget fund.
[2018/1/17 - 0:00:28] Vehicle ID 0 (Slot ID 600) Maintainence fee cost $2,000 to RAF's budget fund.
[2018/1/17 - 0:00:28] Vehicle ID 446 (Slot ID 610) Maintainence fee cost $0 to RAF's budget fund.
[2018/1/17 - 0:00:28] Vehicle ID 447 (Slot ID 613) Maintainence fee cost $0 to RAF's budget fund.
[2018/1/17 - 0:00:28] Vehicle ID 0 (Slot ID 616) Maintainence fee cost $0 to RAF's budget fund.
[2018/1/17 - 0:00:28] Vehicle ID 0 (Slot ID 639) Maintainence fee cost $0 to RAF's budget fund.
[2018/1/17 - 0:00:28] Vehicle ID 65535 (Slot ID 667) Maintainence fee cost $0 to RAF's budget fund.
[2018/1/17 - 1:00:02] The faction vault is at $5,683.
[2018/1/17 - 1:00:02] Vehicle ID 65535 (Slot ID 41) Maintainence fee cost $5,500 to RAF's budget fund.
[2018/1/17 - 1:00:02] Vehicle ID 446 (Slot ID 610) Maintainence fee cost $0 to RAF's budget fund.
[2018/1/17 - 1:00:02] Vehicle ID 447 (Slot ID 613) Maintainence fee cost $0 to RAF's budget fund.
[2018/1/17 - 1:00:02] Vehicle ID 0 (Slot ID 616) Maintainence fee cost $0 to RAF's budget fund.
[2018/1/17 - 1:00:02] Vehicle ID 0 (Slot ID 639) Maintainence fee cost $0 to RAF's budget fund.
[2018/1/17 - 1:00:02] Vehicle ID 65535 (Slot ID 667) Maintainence fee cost $0 to RAF's budget fund.
[2018/1/17 - 2:00:38] The faction vault is at $7,783.
[2018/1/17 - 2:00:38] Vehicle ID 65535 (Slot ID 41) Maintainence fee cost $5,500 to RAF's budget fund.
[2018/1/17 - 2:00:38] Vehicle ID 0 (Slot ID 62) Maintainence fee cost $500 to RAF's budget fund.
[2018/1/17 - 2:00:38] Vehicle ID 446 (Slot ID 610) Maintainence fee cost $0 to RAF's budget fund.
[2018/1/17 - 2:00:38] Vehicle ID 447 (Slot ID 613) Maintainence fee cost $0 to RAF's budget fund.
[2018/1/17 - 2:00:38] Vehicle ID 0 (Slot ID 616) Maintainence fee cost $0 to RAF's budget fund.
[2018/1/17 - 2:00:38] Vehicle ID 0 (Slot ID 639) Maintainence fee cost $0 to RAF's budget fund.
[2018/1/17 - 2:00:38] Vehicle ID 65535 (Slot ID 667) Maintainence fee cost $0 to RAF's budget fund.
[2018/1/17 - 3:00:10] The faction vault is at $9,783.
[2018/1/17 - 3:00:10] Vehicle ID 65535 (Slot ID 41) Maintainence fee cost $5,500 to RAF's budget fund.
[2018/1/17 - 3:00:10] Vehicle ID 0 (Slot ID 54) Maintainence fee cost $3,000 to RAF's budget fund.
[2018/1/17 - 3:00:10] Vehicle ID 0 (Slot ID 62) Maintainence fee cost $500 to RAF's budget fund.
[2018/1/17 - 3:00:10] Vehicle ID 446 (Slot ID 610) Maintainence fee cost $0 to RAF's budget fund.
[2018/1/17 - 3:00:10] Vehicle ID 447 (Slot ID 613) Maintainence fee cost $0 to RAF's budget fund.
[2018/1/17 - 3:00:10] Vehicle ID 0 (Slot ID 616) Maintainence fee cost $0 to RAF's budget fund.
[2018/1/17 - 3:00:10] Vehicle ID 0 (Slot ID 639) Maintainence fee cost $0 to RAF's budget fund.
[2018/1/17 - 3:00:10] Vehicle ID 65535 (Slot ID 667) Maintainence fee cost $0 to RAF's budget fund.
[2018/1/17 - 4:00:52] The faction vault is at $7,383.
[2018/1/17 - 4:00:52] Vehicle ID 65535 (Slot ID 41) Maintainence fee cost $5,500 to RAF's budget fund.
[2018/1/17 - 4:00:52] Vehicle ID 0 (Slot ID 62) Maintainence fee cost $500 to RAF's budget fund.
[2018/1/17 - 4:00:52] Vehicle ID 446 (Slot ID 610) Maintainence fee cost $0 to RAF's budget fund.
[2018/1/17 - 4:00:52] Vehicle ID 447 (Slot ID 613) Maintainence fee cost $0 to RAF's budget fund.
[2018/1/17 - 4:00:52] Vehicle ID 0 (Slot ID 616) Maintainence fee cost $0 to RAF's budget fund.
[2018/1/17 - 4:00:52] Vehicle ID 0 (Slot ID 639) Maintainence fee cost $0 to RAF's budget fund.
[2018/1/17 - 4:00:52] Vehicle ID 65535 (Slot ID 667) Maintainence fee cost $0 to RAF's budget fund.
[2018/1/17 - 5:00:31] The faction vault is at $4,183.
[2018/1/17 - 5:00:31] Vehicle ID 0 (Slot ID 54) Maintainence fee cost $3,000 to RAF's budget fund.
[2018/1/17 - 5:00:31] Vehicle ID 0 (Slot ID 62) Maintainence fee cost $500 to RAF's budget fund.
[2018/1/17 - 5:00:31] Vehicle ID 446 (Slot ID 610) Maintainence fee cost $0 to RAF's budget fund.
[2018/1/17 - 5:00:31] Vehicle ID 447 (Slot ID 613) Maintainence fee cost $0 to RAF's budget fund.
[2018/1/17 - 5:00:31] Vehicle ID 0 (Slot ID 616) Maintainence fee cost $0 to RAF's budget fund.
[2018/1/17 - 5:00:31] Vehicle ID 0 (Slot ID 639) Maintainence fee cost $0 to RAF's budget fund.
[2018/1/17 - 5:00:31] Vehicle ID 65535 (Slot ID 667) Maintainence fee cost $0 to RAF's budget fund.
[2018/1/17 - 6:00:33] The faction vault is at $4,483.
[2018/1/17 - 6:00:33] NE Gov Paid $175,000 to RAF budget fund.
[2018/1/17 - 6:00:33] Vehicle ID 65535 (Slot ID 41) Maintainence fee cost $5,500 to RAF's budget fund.
[2018/1/17 - 6:00:33] Vehicle ID 0 (Slot ID 54) Maintainence fee cost $3,000 to RAF's budget fund.
[2018/1/17 - 6:00:33] Vehicle ID 65535 (Slot ID 57) Maintainence fee cost $5,000 to RAF's budget fund.
[2018/1/17 - 6:00:33] Vehicle ID 0 (Slot ID 62) Maintainence fee cost $500 to RAF's budget fund.
[2018/1/17 - 6:00:33] Vehicle ID 65535 (Slot ID 63) Maintainence fee cost $5,500 to RAF's budget fund.
[2018/1/17 - 6:00:33] Vehicle ID 0 (Slot ID 82) Maintainence fee cost $3,000 to RAF's budget fund.
[2018/1/17 - 6:00:33] Vehicle ID 0 (Slot ID 87) Maintainence fee cost $3,000 to RAF's budget fund.
[2018/1/17 - 6:00:33] Vehicle ID 0 (Slot ID 91) Maintainence fee cost $2,500 to RAF's budget fund.
[2018/1/17 - 6:00:33] Vehicle ID 0 (Slot ID 92) Maintainence fee cost $2,500 to RAF's budget fund.
[2018/1/17 - 6:00:33] Vehicle ID 0 (Slot ID 169) Maintainence fee cost $2,500 to RAF's budget fund.
[2018/1/17 - 6:00:33] Vehicle ID 65535 (Slot ID 180) Maintainence fee cost $4,500 to RAF's budget fund.
[2018/1/17 - 6:00:33] Vehicle ID 65535 (Slot ID 229) Maintainence fee cost $6,500 to RAF's budget fund.
[2018/1/17 - 6:00:33] Vehicle ID 65535 (Slot ID 252) Maintainence fee cost $5,500 to RAF's budget fund.
[2018/1/17 - 6:00:33] Vehicle ID 0 (Slot ID 259) Maintainence fee cost $2,500 to RAF's budget fund.
[2018/1/17 - 6:00:33] Vehicle ID 0 (Slot ID 285) Maintainence fee cost $2,500 to RAF's budget fund.
[2018/1/17 - 6:00:33] Vehicle ID 0 (Slot ID 286) Maintainence fee cost $2,500 to RAF's budget fund.
[2018/1/17 - 6:00:33] Vehicle ID 0 (Slot ID 367) Maintainence fee cost $3,500 to RAF's budget fund.
[2018/1/17 - 6:00:33] Vehicle ID 0 (Slot ID 411) Maintainence fee cost $3,500 to RAF's budget fund.
[2018/1/17 - 6:00:33] Vehicle ID 65535 (Slot ID 415) Maintainence fee cost $5,500 to RAF's budget fund.
[2018/1/17 - 6:00:33] Vehicle ID 65535 (Slot ID 419) Maintainence fee cost $4,500 to RAF's budget fund.
[2018/1/17 - 6:00:33] Vehicle ID 65535 (Slot ID 452) Maintainence fee cost $6,500 to RAF's budget fund.
[2018/1/17 - 6:00:33] Vehicle ID 0 (Slot ID 498) Maintainence fee cost $3,500 to RAF's budget fund.
[2018/1/17 - 6:00:33] Vehicle ID 0 (Slot ID 502) Maintainence fee cost $2,500 to RAF's budget fund.
[2018/1/17 - 6:00:33] Vehicle ID 0 (Slot ID 505) Maintainence fee cost $3,500 to RAF's budget fund.
[2018/1/17 - 6:00:33] Vehicle ID 0 (Slot ID 548) Maintainence fee cost $3,500 to RAF's budget fund.
[2018/1/17 - 6:00:33] Vehicle ID 0 (Slot ID 570) Maintainence fee cost $3,500 to RAF's budget fund.
[2018/1/17 - 6:00:33] Vehicle ID 0 (Slot ID 582) Maintainence fee cost $3,500 to RAF's budget fund.
[2018/1/17 - 6:00:33] Vehicle ID 65535 (Slot ID 595) Maintainence fee cost $6,500 to RAF's budget fund.
[2018/1/17 - 6:00:33] Vehicle ID 0 (Slot ID 597) Maintainence fee cost $3,000 to RAF's budget fund.
[2018/1/17 - 6:00:33] Vehicle ID 0 (Slot ID 600) Maintainence fee cost $2,000 to RAF's budget fund.
[2018/1/17 - 6:00:33] Vehicle ID 446 (Slot ID 610) Maintainence fee cost $0 to RAF's budget fund.
[2018/1/17 - 6:00:33] Vehicle ID 447 (Slot ID 613) Maintainence fee cost $0 to RAF's budget fund.
[2018/1/17 - 6:00:33] Vehicle ID 0 (Slot ID 616) Maintainence fee cost $0 to RAF's budget fund.
[2018/1/17 - 6:00:33] Vehicle ID 0 (Slot ID 639) Maintainence fee cost $0 to RAF's budget fund.
[2018/1/17 - 6:00:33] Vehicle ID 65535 (Slot ID 667) Maintainence fee cost $0 to RAF's budget fund.
[2018/1/17 - 6:00:33] Vehicle ID 65535 (Slot ID 679) Maintainence fee cost $6,500 to RAF's budget fund.
[2018/1/17 - 7:00:24] The faction vault is at $62,983.
[2018/1/17 - 7:00:24] Vehicle ID 65535 (Slot ID 41) Maintainence fee cost $5,500 to RAF's budget fund.
[2018/1/17 - 7:00:24] Vehicle ID 0 (Slot ID 54) Maintainence fee cost $3,000 to RAF's budget fund.
[2018/1/17 - 7:00:24] Vehicle ID 65535 (Slot ID 57) Maintainence fee cost $5,000 to RAF's budget fund.
[2018/1/17 - 7:00:24] Vehicle ID 0 (Slot ID 62) Maintainence fee cost $500 to RAF's budget fund.
[2018/1/17 - 7:00:24] Vehicle ID 65535 (Slot ID 63) Maintainence fee cost $5,500 to RAF's budget fund.
[2018/1/17 - 7:00:24] Vehicle ID 0 (Slot ID 82) Maintainence fee cost $3,000 to RAF's budget fund.
[2018/1/17 - 7:00:24] Vehicle ID 0 (Slot ID 87) Maintainence fee cost $3,000 to RAF's budget fund.
[2018/1/17 - 7:00:24] Vehicle ID 0 (Slot ID 91) Maintainence fee cost $2,500 to RAF's budget fund.
[2018/1/17 - 7:00:24] Vehicle ID 0 (Slot ID 92) Maintainence fee cost $2,500 to RAF's budget fund.
[2018/1/17 - 7:00:24] Vehicle ID 0 (Slot ID 169) Maintainence fee cost $2,500 to RAF's budget fund.
[2018/1/17 - 7:00:24] Vehicle ID 65535 (Slot ID 180) Maintainence fee cost $4,500 to RAF's budget fund.
[2018/1/17 - 7:00:24] Vehicle ID 65535 (Slot ID 229) Maintainence fee cost $6,500 to RAF's budget fund.
[2018/1/17 - 7:00:24] Vehicle ID 65535 (Slot ID 252) Maintainence fee cost $5,500 to RAF's budget fund.
[2018/1/17 - 7:00:24] Vehicle ID 0 (Slot ID 259) Maintainence fee cost $2,500 to RAF's budget fund.
[2018/1/17 - 7:00:24] Vehicle ID 0 (Slot ID 285) Maintainence fee cost $2,500 to RAF's budget fund.
[2018/1/17 - 7:00:24] Vehicle ID 0 (Slot ID 286) Maintainence fee cost $2,500 to RAF's budget fund.
[2018/1/17 - 7:00:24] Vehicle ID 0 (Slot ID 367) Maintainence fee cost $3,500 to RAF's budget fund.
[2018/1/17 - 7:00:24] Vehicle ID 0 (Slot ID 600) Maintainence fee cost $2,000 to RAF's budget fund.
[2018/1/17 - 7:00:24] Vehicle ID 446 (Slot ID 610) Maintainence fee cost $0 to RAF's budget fund.
[2018/1/17 - 7:00:24] Vehicle ID 447 (Slot ID 613) Maintainence fee cost $0 to RAF's budget fund.
[2018/1/17 - 7:00:24] Vehicle ID 0 (Slot ID 616) Maintainence fee cost $0 to RAF's budget fund.
[2018/1/17 - 7:00:24] Vehicle ID 0 (Slot ID 639) Maintainence fee cost $0 to RAF's budget fund.
[2018/1/17 - 7:00:24] Vehicle ID 65535 (Slot ID 667) Maintainence fee cost $0 to RAF's budget fund.
[2018/1/17 - 8:00:10] The faction vault is at $5,083.
[2018/1/17 - 8:00:10] Vehicle ID 0 (Slot ID 54) Maintainence fee cost $3,000 to RAF's budget fund.
[2018/1/17 - 8:00:10] Vehicle ID 0 (Slot ID 62) Maintainence fee cost $500 to RAF's budget fund.
[2018/1/17 - 8:00:10] Vehicle ID 446 (Slot ID 610) Maintainence fee cost $0 to RAF's budget fund.
[2018/1/17 - 8:00:10] Vehicle ID 447 (Slot ID 613) Maintainence fee cost $0 to RAF's budget fund.
[2018/1/17 - 8:00:10] Vehicle ID 0 (Slot ID 616) Maintainence fee cost $0 to RAF's budget fund.
[2018/1/17 - 8:00:10] Vehicle ID 0 (Slot ID 639) Maintainence fee cost $0 to RAF's budget fund.
[2018/1/17 - 8:00:10] Vehicle ID 65535 (Slot ID 667) Maintainence fee cost $0 to RAF's budget fund.
[2018/1/17 - 9:00:43] The faction vault is at $8,983.
[2018/1/17 - 9:00:43] Vehicle ID 65535 (Slot ID 41) Maintainence fee cost $5,500 to RAF's budget fund.
[2018/1/17 - 9:00:43] Vehicle ID 0 (Slot ID 54) Maintainence fee cost $3,000 to RAF's budget fund.
[2018/1/17 - 9:00:43] Vehicle ID 446 (Slot ID 610) Maintainence fee cost $0 to RAF's budget fund.
[2018/1/17 - 9:00:43] Vehicle ID 447 (Slot ID 613) Maintainence fee cost $0 to RAF's budget fund.
[2018/1/17 - 9:00:43] Vehicle ID 0 (Slot ID 616) Maintainence fee cost $0 to RAF's budget fund.
[2018/1/17 - 9:00:43] Vehicle ID 0 (Slot ID 639) Maintainence fee cost $0 to RAF's budget fund.
[2018/1/17 - 9:00:43] Vehicle ID 65535 (Slot ID 667) Maintainence fee cost $0 to RAF's budget fund.
[2018/1/17 - 10:00:25] The faction vault is at $11,283.
[2018/1/17 - 10:00:25] Vehicle ID 65535 (Slot ID 41) Maintainence fee cost $5,500 to RAF's budget fund.
[2018/1/17 - 10:00:25] Vehicle ID 0 (Slot ID 54) Maintainence fee cost $3,000 to RAF's budget fund.
[2018/1/17 - 10:00:25] Vehicle ID 0 (Slot ID 62) Maintainence fee cost $500 to RAF's budget fund.
[2018/1/17 - 10:00:25] Vehicle ID 0 (Slot ID 600) Maintainence fee cost $2,000 to RAF's budget fund.
[2018/1/17 - 10:00:25] Vehicle ID 446 (Slot ID 610) Maintainence fee cost $0 to RAF's budget fund.
[2018/1/17 - 10:00:25] Vehicle ID 447 (Slot ID 613) Maintainence fee cost $0 to RAF's budget fund.
[2018/1/17 - 10:00:25] Vehicle ID 0 (Slot ID 616) Maintainence fee cost $0 to RAF's budget fund.
[2018/1/17 - 10:00:25] Vehicle ID 0 (Slot ID 639) Maintainence fee cost $0 to RAF's budget fund.
[2018/1/17 - 10:00:25] Vehicle ID 65535 (Slot ID 667) Maintainence fee cost $0 to RAF's budget fund.
[2018/1/17 - 11:00:05] The faction vault is at $9,483.
[2018/1/17 - 11:00:05] Vehicle ID 65535 (Slot ID 41) Maintainence fee cost $5,500 to RAF's budget fund.
[2018/1/17 - 11:00:05] Vehicle ID 0 (Slot ID 54) Maintainence fee cost $3,000 to RAF's budget fund.
[2018/1/17 - 11:00:05] Vehicle ID 0 (Slot ID 62) Maintainence fee cost $500 to RAF's budget fund.
[2018/1/17 - 11:00:05] Vehicle ID 446 (Slot ID 610) Maintainence fee cost $0 to RAF's budget fund.
[2018/1/17 - 11:00:05] Vehicle ID 447 (Slot ID 613) Maintainence fee cost $0 to RAF's budget fund.
[2018/1/17 - 11:00:05] Vehicle ID 0 (Slot ID 616) Maintainence fee cost $0 to RAF's budget fund.
[2018/1/17 - 11:00:05] Vehicle ID 0 (Slot ID 639) Maintainence fee cost $0 to RAF's budget fund.
[2018/1/17 - 11:00:05] Vehicle ID 65535 (Slot ID 667) Maintainence fee cost $0 to RAF's budget fund.
[2018/1/17 - 12:00:36] The faction vault is at $10,083.
[2018/1/17 - 12:00:36] Vehicle ID 65535 (Slot ID 41) Maintainence fee cost $5,500 to RAF's budget fund.
[2018/1/17 - 12:00:36] Vehicle ID 0 (Slot ID 54) Maintainence fee cost $3,000 to RAF's budget fund.
[2018/1/17 - 12:00:36] Vehicle ID 0 (Slot ID 62) Maintainence fee cost $500 to RAF's budget fund.
[2018/1/17 - 12:00:36] Vehicle ID 446 (Slot ID 610) Maintainence fee cost $0 to RAF's budget fund.
[2018/1/17 - 12:00:36] Vehicle ID 447 (Slot ID 613) Maintainence fee cost $0 to RAF's budget fund.
[2018/1/17 - 12:00:36] Vehicle ID 0 (Slot ID 616) Maintainence fee cost $0 to RAF's budget fund.
[2018/1/17 - 12:00:36] Vehicle ID 0 (Slot ID 639) Maintainence fee cost $0 to RAF's budget fund.
[2018/1/17 - 12:00:36] Vehicle ID 65535 (Slot ID 667) Maintainence fee cost $0 to RAF's budget fund.
[2018/1/17 - 13:00:01] The faction vault is at $12,483.
[2018/1/17 - 13:00:01] Vehicle ID 65535 (Slot ID 41) Maintainence fee cost $5,500 to RAF's budget fund.
[2018/1/17 - 13:00:01] Vehicle ID 0 (Slot ID 54) Maintainence fee cost $3,000 to RAF's budget fund.
[2018/1/17 - 13:00:01] Vehicle ID 0 (Slot ID 62) Maintainence fee cost $500 to RAF's budget fund.
[2018/1/17 - 13:00:01] Vehicle ID 0 (Slot ID 82) Maintainence fee cost $3,000 to RAF's budget fund.
[2018/1/17 - 13:00:02] Vehicle ID 446 (Slot ID 610) Maintainence fee cost $0 to RAF's budget fund.
[2018/1/17 - 13:00:02] Vehicle ID 447 (Slot ID 613) Maintainence fee cost $0 to RAF's budget fund.
[2018/1/17 - 13:00:02] Vehicle ID 0 (Slot ID 616) Maintainence fee cost $0 to RAF's budget fund.
[2018/1/17 - 13:00:02] Vehicle ID 0 (Slot ID 639) Maintainence fee cost $0 to RAF's budget fund.
[2018/1/17 - 13:00:02] Vehicle ID 65535 (Slot ID 667) Maintainence fee cost $0 to RAF's budget fund.
[2018/1/17 - 14:00:30] The faction vault is at $13,483.
[2018/1/17 - 14:00:30] Vehicle ID 65535 (Slot ID 41) Maintainence fee cost $5,500 to RAF's budget fund.
[2018/1/17 - 14:00:30] Vehicle ID 0 (Slot ID 54) Maintainence fee cost $3,000 to RAF's budget fund.
[2018/1/17 - 14:00:30] Vehicle ID 0 (Slot ID 62) Maintainence fee cost $500 to RAF's budget fund.
[2018/1/17 - 14:00:30] Vehicle ID 0 (Slot ID 82) Maintainence fee cost $3,000 to RAF's budget fund.
[2018/1/17 - 14:00:30] Vehicle ID 446 (Slot ID 610) Maintainence fee cost $0 to RAF's budget fund.
[2018/1/17 - 14:00:30] Vehicle ID 447 (Slot ID 613) Maintainence fee cost $0 to RAF's budget fund.
[2018/1/17 - 14:00:30] Vehicle ID 0 (Slot ID 616) Maintainence fee cost $0 to RAF's budget fund.
[2018/1/17 - 14:00:30] Vehicle ID 0 (Slot ID 639) Maintainence fee cost $0 to RAF's budget fund.
[2018/1/17 - 14:00:30] Vehicle ID 65535 (Slot ID 667) Maintainence fee cost $0 to RAF's budget fund.
[2018/1/17 - 15:00:55] The faction vault is at $18,283.
[2018/1/17 - 15:00:55] Vehicle ID 65535 (Slot ID 41) Maintainence fee cost $5,500 to RAF's budget fund.
[2018/1/17 - 15:00:55] Vehicle ID 0 (Slot ID 54) Maintainence fee cost $3,000 to RAF's budget fund.
[2018/1/17 - 15:00:55] Vehicle ID 65535 (Slot ID 57) Maintainence fee cost $5,000 to RAF's budget fund.
[2018/1/17 - 15:00:55] Vehicle ID 0 (Slot ID 62) Maintainence fee cost $500 to RAF's budget fund.
[2018/1/17 - 15:00:55] Vehicle ID 0 (Slot ID 82) Maintainence fee cost $3,000 to RAF's budget fund.
[2018/1/17 - 15:00:55] Vehicle ID 446 (Slot ID 610) Maintainence fee cost $0 to RAF's budget fund.
[2018/1/17 - 15:00:55] Vehicle ID 447 (Slot ID 613) Maintainence fee cost $0 to RAF's budget fund.
[2018/1/17 - 15:00:55] Vehicle ID 0 (Slot ID 616) Maintainence fee cost $0 to RAF's budget fund.
[2018/1/17 - 15:00:55] Vehicle ID 0 (Slot ID 639) Maintainence fee cost $0 to RAF's budget fund.
[2018/1/17 - 15:00:55] Vehicle ID 65535 (Slot ID 667) Maintainence fee cost $0 to RAF's budget fund.
[2018/1/17 - 16:00:22] The faction vault is at $22,283.
[2018/1/17 - 16:00:22] Vehicle ID 65535 (Slot ID 41) Maintainence fee cost $5,500 to RAF's budget fund.
[2018/1/17 - 16:00:22] Vehicle ID 0 (Slot ID 54) Maintainence fee cost $3,000 to RAF's budget fund.
[2018/1/17 - 16:00:22] Vehicle ID 65535 (Slot ID 57) Maintainence fee cost $5,000 to RAF's budget fund.
[2018/1/17 - 16:00:22] Vehicle ID 0 (Slot ID 62) Maintainence fee cost $500 to RAF's budget fund.
[2018/1/17 - 16:00:22] Vehicle ID 65535 (Slot ID 63) Maintainence fee cost $5,500 to RAF's budget fund.
[2018/1/17 - 16:00:22] Vehicle ID 0 (Slot ID 91) Maintainence fee cost $2,500 to RAF's budget fund.
[2018/1/17 - 16:00:22] Vehicle ID 446 (Slot ID 610) Maintainence fee cost $0 to RAF's budget fund.
[2018/1/17 - 16:00:22] Vehicle ID 447 (Slot ID 613) Maintainence fee cost $0 to RAF's budget fund.
[2018/1/17 - 16:00:22] Vehicle ID 0 (Slot ID 616) Maintainence fee cost $0 to RAF's budget fund.
[2018/1/17 - 16:00:22] Vehicle ID 0 (Slot ID 639) Maintainence fee cost $0 to RAF's budget fund.
[2018/1/17 - 16:00:22] Vehicle ID 65535 (Slot ID 667) Maintainence fee cost $0 to RAF's budget fund.
[2018/1/17 - 17:00:47] The faction vault is at $17,283.
[2018/1/17 - 17:00:47] Vehicle ID 65535 (Slot ID 41) Maintainence fee cost $5,500 to RAF's budget fund.
[2018/1/17 - 17:00:47] Vehicle ID 0 (Slot ID 54) Maintainence fee cost $3,000 to RAF's budget fund.
[2018/1/17 - 17:00:47] Vehicle ID 65535 (Slot ID 57) Maintainence fee cost $5,000 to RAF's budget fund.
[2018/1/17 - 17:00:47] Vehicle ID 0 (Slot ID 62) Maintainence fee cost $500 to RAF's budget fund.
[2018/1/17 - 17:00:47] Vehicle ID 0 (Slot ID 82) Maintainence fee cost $3,000 to RAF's budget fund.
[2018/1/17 - 17:00:47] Vehicle ID 446 (Slot ID 610) Maintainence fee cost $0 to RAF's budget fund.
[2018/1/17 - 17:00:47] Vehicle ID 447 (Slot ID 613) Maintainence fee cost $0 to RAF's budget fund.
[2018/1/17 - 17:00:47] Vehicle ID 0 (Slot ID 616) Maintainence fee cost $0 to RAF's budget fund.
[2018/1/17 - 17:00:47] Vehicle ID 0 (Slot ID 639) Maintainence fee cost $0 to RAF's budget fund.
[2018/1/17 - 17:00:47] Vehicle ID 65535 (Slot ID 667) Maintainence fee cost $0 to RAF's budget fund.
[2018/1/17 - 18:00:11] The faction vault is at $15,283.
[2018/1/17 - 18:00:11] NE Gov Paid $175,000 to RAF budget fund.
[2018/1/17 - 18:00:12] Vehicle ID 65535 (Slot ID 41) Maintainence fee cost $5,500 to RAF's budget fund.
[2018/1/17 - 18:00:12] Vehicle ID 0 (Slot ID 54) Maintainence fee cost $3,000 to RAF's budget fund.
[2018/1/17 - 18:00:12] Vehicle ID 65535 (Slot ID 57) Maintainence fee cost $5,000 to RAF's budget fund.
[2018/1/17 - 18:00:12] Vehicle ID 0 (Slot ID 62) Maintainence fee cost $500 to RAF's budget fund.
[2018/1/17 - 18:00:12] Vehicle ID 65535 (Slot ID 63) Maintainence fee cost $5,500 to RAF's budget fund.
[2018/1/17 - 18:00:12] Vehicle ID 0 (Slot ID 82) Maintainence fee cost $3,000 to RAF's budget fund.
[2018/1/17 - 18:00:12] Vehicle ID 0 (Slot ID 87) Maintainence fee cost $3,000 to RAF's budget fund.
[2018/1/17 - 18:00:12] Vehicle ID 0 (Slot ID 91) Maintainence fee cost $2,500 to RAF's budget fund.
[2018/1/17 - 18:00:12] Vehicle ID 0 (Slot ID 92) Maintainence fee cost $2,500 to RAF's budget fund.
[2018/1/17 - 18:00:12] Vehicle ID 0 (Slot ID 169) Maintainence fee cost $2,500 to RAF's budget fund.
[2018/1/17 - 18:00:12] Vehicle ID 65535 (Slot ID 180) Maintainence fee cost $4,500 to RAF's budget fund.
[2018/1/17 - 18:00:12] Vehicle ID 65535 (Slot ID 229) Maintainence fee cost $6,500 to RAF's budget fund.
[2018/1/17 - 18:00:12] Vehicle ID 65535 (Slot ID 252) Maintainence fee cost $5,500 to RAF's budget fund.
[2018/1/17 - 18:00:12] Vehicle ID 0 (Slot ID 259) Maintainence fee cost $2,500 to RAF's budget fund.
[2018/1/17 - 18:00:12] Vehicle ID 0 (Slot ID 285) Maintainence fee cost $2,500 to RAF's budget fund.
[2018/1/17 - 18:00:12] Vehicle ID 0 (Slot ID 286) Maintainence fee cost $2,500 to RAF's budget fund.
[2018/1/17 - 18:00:12] Vehicle ID 0 (Slot ID 367) Maintainence fee cost $3,500 to RAF's budget fund.
[2018/1/17 - 18:00:12] Vehicle ID 0 (Slot ID 411) Maintainence fee cost $3,500 to RAF's budget fund.
[2018/1/17 - 18:00:12] Vehicle ID 65535 (Slot ID 415) Maintainence fee cost $5,500 to RAF's budget fund.
[2018/1/17 - 18:00:12] Vehicle ID 65535 (Slot ID 419) Maintainence fee cost $4,500 to RAF's budget fund.
[2018/1/17 - 18:00:12] Vehicle ID 65535 (Slot ID 452) Maintainence fee cost $6,500 to RAF's budget fund.
[2018/1/17 - 18:00:12] Vehicle ID 0 (Slot ID 498) Maintainence fee cost $3,500 to RAF's budget fund.
[2018/1/17 - 18:00:12] Vehicle ID 0 (Slot ID 502) Maintainence fee cost $2,500 to RAF's budget fund.
[2018/1/17 - 18:00:12] Vehicle ID 0 (Slot ID 505) Maintainence fee cost $3,500 to RAF's budget fund.
[2018/1/17 - 18:00:12] Vehicle ID 0 (Slot ID 548) Maintainence fee cost $3,500 to RAF's budget fund.
[2018/1/17 - 18:00:12] Vehicle ID 0 (Slot ID 570) Maintainence fee cost $3,500 to RAF's budget fund.
[2018/1/17 - 18:00:12] Vehicle ID 0 (Slot ID 582) Maintainence fee cost $3,500 to RAF's budget fund.
[2018/1/17 - 18:00:12] Vehicle ID 65535 (Slot ID 595) Maintainence fee cost $6,500 to RAF's budget fund.
[2018/1/17 - 18:00:12] Vehicle ID 0 (Slot ID 597) Maintainence fee cost $3,000 to RAF's budget fund.
[2018/1/17 - 18:00:12] Vehicle ID 0 (Slot ID 600) Maintainence fee cost $2,000 to RAF's budget fund.
[2018/1/17 - 18:00:12] Vehicle ID 446 (Slot ID 610) Maintainence fee cost $0 to RAF's budget fund.
[2018/1/17 - 18:00:12] Vehicle ID 447 (Slot ID 613) Maintainence fee cost $0 to RAF's budget fund.
[2018/1/17 - 18:00:12] Vehicle ID 0 (Slot ID 616) Maintainence fee cost $0 to RAF's budget fund.
[2018/1/17 - 18:00:12] Vehicle ID 0 (Slot ID 639) Maintainence fee cost $0 to RAF's budget fund.
[2018/1/17 - 18:00:12] Vehicle ID 65535 (Slot ID 667) Maintainence fee cost $0 to RAF's budget fund.
[2018/1/17 - 18:00:12] Vehicle ID 65535 (Slot ID 679) Maintainence fee cost $6,500 to RAF's budget fund.
[2018/1/17 - 19:00:38] The faction vault is at $94,983.
[2018/1/17 - 19:00:38] Vehicle ID 65535 (Slot ID 41) Maintainence fee cost $5,500 to RAF's budget fund.
[2018/1/17 - 19:00:38] Vehicle ID 0 (Slot ID 54) Maintainence fee cost $3,000 to RAF's budget fund.
[2018/1/17 - 19:00:38] Vehicle ID 65535 (Slot ID 57) Maintainence fee cost $5,000 to RAF's budget fund.
[2018/1/17 - 19:00:38] Vehicle ID 0 (Slot ID 62) Maintainence fee cost $500 to RAF's budget fund.
[2018/1/17 - 19:00:38] Vehicle ID 65535 (Slot ID 63) Maintainence fee cost $5,500 to RAF's budget fund.
[2018/1/17 - 19:00:38] Vehicle ID 0 (Slot ID 82) Maintainence fee cost $3,000 to RAF's budget fund.
[2018/1/17 - 19:00:38] Vehicle ID 0 (Slot ID 87) Maintainence fee cost $3,000 to RAF's budget fund.
[2018/1/17 - 19:00:38] Vehicle ID 0 (Slot ID 91) Maintainence fee cost $2,500 to RAF's budget fund.
[2018/1/17 - 19:00:38] Vehicle ID 0 (Slot ID 92) Maintainence fee cost $2,500 to RAF's budget fund.
[2018/1/17 - 19:00:38] Vehicle ID 0 (Slot ID 169) Maintainence fee cost $2,500 to RAF's budget fund.
[2018/1/17 - 19:00:38] Vehicle ID 65535 (Slot ID 180) Maintainence fee cost $4,500 to RAF's budget fund.
[2018/1/17 - 19:00:38] Vehicle ID 65535 (Slot ID 229) Maintainence fee cost $6,500 to RAF's budget fund.
[2018/1/17 - 19:00:38] Vehicle ID 65535 (Slot ID 252) Maintainence fee cost $5,500 to RAF's budget fund.
[2018/1/17 - 19:00:38] Vehicle ID 0 (Slot ID 259) Maintainence fee cost $2,500 to RAF's budget fund.
[2018/1/17 - 19:00:38] Vehicle ID 0 (Slot ID 285) Maintainence fee cost $2,500 to RAF's budget fund.
[2018/1/17 - 19:00:38] Vehicle ID 0 (Slot ID 286) Maintainence fee cost $2,500 to RAF's budget fund.
[2018/1/17 - 19:00:38] Vehicle ID 0 (Slot ID 367) Maintainence fee cost $3,500 to RAF's budget fund.
[2018/1/17 - 19:00:38] Vehicle ID 0 (Slot ID 411) Maintainence fee cost $3,500 to RAF's budget fund.
[2018/1/17 - 19:00:38] Vehicle ID 65535 (Slot ID 415) Maintainence fee cost $5,500 to RAF's budget fund.
[2018/1/17 - 19:00:38] Vehicle ID 65535 (Slot ID 419) Maintainence fee cost $4,500 to RAF's budget fund.
[2018/1/17 - 19:00:38] Vehicle ID 65535 (Slot ID 452) Maintainence fee cost $6,500 to RAF's budget fund.
[2018/1/17 - 19:00:38] Vehicle ID 0 (Slot ID 498) Maintainence fee cost $3,500 to RAF's budget fund.
[2018/1/17 - 19:00:38] Vehicle ID 0 (Slot ID 502) Maintainence fee cost $2,500 to RAF's budget fund.
[2018/1/17 - 19:00:38] Vehicle ID 0 (Slot ID 505) Maintainence fee cost $3,500 to RAF's budget fund.
[2018/1/17 - 19:00:38] Vehicle ID 0 (Slot ID 548) Maintainence fee cost $3,500 to RAF's budget fund.
[2018/1/17 - 19:00:38] Vehicle ID 446 (Slot ID 610) Maintainence fee cost $0 to RAF's budget fund.
[2018/1/17 - 19:00:38] Vehicle ID 447 (Slot ID 613) Maintainence fee cost $0 to RAF's budget fund.
[2018/1/17 - 19:00:38] Vehicle ID 0 (Slot ID 616) Maintainence fee cost $0 to RAF's budget fund.
[2018/1/17 - 19:00:38] Vehicle ID 0 (Slot ID 639) Maintainence fee cost $0 to RAF's budget fund.
[2018/1/17 - 19:00:38] Vehicle ID 65535 (Slot ID 667) Maintainence fee cost $0 to RAF's budget fund.
[2018/1/17 - 19:23:38] Vehicle Slot ID 610 RTB fee cost $0 to RAF's budget fund.
[2018/1/17 - 19:23:38] Vehicle Slot ID 613 RTB fee cost $0 to RAF's budget fund.
[2018/1/17 - 19:23:38] Vehicle Slot ID 667 RTB fee cost $0 to RAF's budget fund.
[2018/1/17 - 20:00:05] The faction vault is at $31,483.
[2018/1/17 - 20:00:05] Vehicle ID 65535 (Slot ID 41) Maintainence fee cost $5,500 to RAF's budget fund.
[2018/1/17 - 20:00:05] Vehicle ID 0 (Slot ID 54) Maintainence fee cost $3,000 to RAF's budget fund.
[2018/1/17 - 20:00:05] Vehicle ID 65535 (Slot ID 57) Maintainence fee cost $5,000 to RAF's budget fund.
[2018/1/17 - 20:00:05] Vehicle ID 0 (Slot ID 62) Maintainence fee cost $500 to RAF's budget fund.
[2018/1/17 - 20:00:05] Vehicle ID 65535 (Slot ID 63) Maintainence fee cost $5,500 to RAF's budget fund.
[2018/1/17 - 20:00:05] Vehicle ID 0 (Slot ID 82) Maintainence fee cost $3,000 to RAF's budget fund.
[2018/1/17 - 20:00:05] Vehicle ID 0 (Slot ID 87) Maintainence fee cost $3,000 to RAF's budget fund.
[2018/1/17 - 20:00:05] Vehicle ID 0 (Slot ID 91) Maintainence fee cost $2,500 to RAF's budget fund.
[2018/1/17 - 20:00:05] Vehicle ID 0 (Slot ID 92) Maintainence fee cost $2,500 to RAF's budget fund.
[2018/1/17 - 20:00:05] Vehicle ID 446 (Slot ID 610) Maintainence fee cost $0 to RAF's budget fund.
[2018/1/17 - 20:00:05] Vehicle ID 447 (Slot ID 613) Maintainence fee cost $0 to RAF's budget fund.
[2018/1/17 - 20:00:05] Vehicle ID 496 (Slot ID 616) Maintainence fee cost $0 to RAF's budget fund.
[2018/1/17 - 20:00:05] Vehicle ID 499 (Slot ID 639) Maintainence fee cost $0 to RAF's budget fund.
[2018/1/17 - 20:00:05] Vehicle ID 509 (Slot ID 667) Maintainence fee cost $0 to RAF's budget fund.
[2018/1/17 - 21:00:33] The faction vault is at $17,183.
[2018/1/17 - 21:00:33] Vehicle ID 65535 (Slot ID 41) Maintainence fee cost $5,500 to RAF's budget fund.
[2018/1/17 - 21:00:33] Vehicle ID 0 (Slot ID 54) Maintainence fee cost $3,000 to RAF's budget fund.
[2018/1/17 - 21:00:33] Vehicle ID 65535 (Slot ID 57) Maintainence fee cost $5,000 to RAF's budget fund.
[2018/1/17 - 21:00:33] Vehicle ID 0 (Slot ID 62) Maintainence fee cost $500 to RAF's budget fund.
[2018/1/17 - 21:00:33] Vehicle ID 0 (Slot ID 82) Maintainence fee cost $3,000 to RAF's budget fund.
[2018/1/17 - 21:00:34] Vehicle ID 446 (Slot ID 610) Maintainence fee cost $0 to RAF's budget fund.
[2018/1/17 - 21:00:34] Vehicle ID 447 (Slot ID 613) Maintainence fee cost $0 to RAF's budget fund.
[2018/1/17 - 21:00:34] Vehicle ID 496 (Slot ID 616) Maintainence fee cost $0 to RAF's budget fund.
[2018/1/17 - 21:00:34] Vehicle ID 499 (Slot ID 639) Maintainence fee cost $0 to RAF's budget fund.
[2018/1/17 - 21:00:34] Vehicle ID 509 (Slot ID 667) Maintainence fee cost $0 to RAF's budget fund.
[2018/1/17 - 21:57:14] Shane Matt has been paid $1 from RAF's budget.
[2018/1/17 - 22:00:02] The faction vault is at $9,782.
[2018/1/17 - 22:00:02] Vehicle ID 65535 (Slot ID 41) Maintainence fee cost $5,500 to RAF's budget fund.
[2018/1/17 - 22:00:02] Vehicle ID 0 (Slot ID 54) Maintainence fee cost $3,000 to RAF's budget fund.
[2018/1/17 - 22:00:02] Vehicle ID 0 (Slot ID 62) Maintainence fee cost $500 to RAF's budget fund.
[2018/1/17 - 22:00:02] Vehicle ID 446 (Slot ID 610) Maintainence fee cost $0 to RAF's budget fund.
[2018/1/17 - 22:00:02] Vehicle ID 447 (Slot ID 613) Maintainence fee cost $0 to RAF's budget fund.
[2018/1/17 - 22:00:02] Vehicle ID 496 (Slot ID 616) Maintainence fee cost $0 to RAF's budget fund.
[2018/1/17 - 22:00:02] Vehicle ID 499 (Slot ID 639) Maintainence fee cost $0 to RAF's budget fund.
[2018/1/17 - 22:00:02] Vehicle ID 509 (Slot ID 667) Maintainence fee cost $0 to RAF's budget fund.
[2018/1/17 - 23:00:30] The faction vault is at $10,382.
[2018/1/17 - 23:00:30] NE Gov Paid $175,000 to RAF budget fund.
[2018/1/17 - 23:00:30] Vehicle ID 65535 (Slot ID 41) Maintainence fee cost $5,500 to RAF's budget fund.
[2018/1/17 - 23:00:30] Vehicle ID 0 (Slot ID 54) Maintainence fee cost $3,000 to RAF's budget fund.
[2018/1/17 - 23:00:30] Vehicle ID 65535 (Slot ID 57) Maintainence fee cost $5,000 to RAF's budget fund.
[2018/1/17 - 23:00:30] Vehicle ID 0 (Slot ID 62) Maintainence fee cost $500 to RAF's budget fund.
[2018/1/17 - 23:00:30] Vehicle ID 65535 (Slot ID 63) Maintainence fee cost $5,500 to RAF's budget fund.
[2018/1/17 - 23:00:30] Vehicle ID 0 (Slot ID 82) Maintainence fee cost $3,000 to RAF's budget fund.
[2018/1/17 - 23:00:30] Vehicle ID 0 (Slot ID 87) Maintainence fee cost $3,000 to RAF's budget fund.
[2018/1/17 - 23:00:30] Vehicle ID 0 (Slot ID 91) Maintainence fee cost $2,500 to RAF's budget fund.
[2018/1/17 - 23:00:30] Vehicle ID 0 (Slot ID 92) Maintainence fee cost $2,500 to RAF's budget fund.
[2018/1/17 - 23:00:30] Vehicle ID 0 (Slot ID 169) Maintainence fee cost $2,500 to RAF's budget fund.
[2018/1/17 - 23:00:30] Vehicle ID 65535 (Slot ID 180) Maintainence fee cost $4,500 to RAF's budget fund.
[2018/1/17 - 23:00:30] Vehicle ID 65535 (Slot ID 229) Maintainence fee cost $6,500 to RAF's budget fund.
[2018/1/17 - 23:00:30] Vehicle ID 65535 (Slot ID 252) Maintainence fee cost $5,500 to RAF's budget fund.
[2018/1/17 - 23:00:30] Vehicle ID 0 (Slot ID 259) Maintainence fee cost $2,500 to RAF's budget fund.
[2018/1/17 - 23:00:30] Vehicle ID 0 (Slot ID 285) Maintainence fee cost $2,500 to RAF's budget fund.
[2018/1/17 - 23:00:30] Vehicle ID 0 (Slot ID 286) Maintainence fee cost $2,500 to RAF's budget fund.
[2018/1/17 - 23:00:30] Vehicle ID 0 (Slot ID 367) Maintainence fee cost $3,500 to RAF's budget fund.
[2018/1/17 - 23:00:30] Vehicle ID 0 (Slot ID 411) Maintainence fee cost $3,500 to RAF's budget fund.
[2018/1/17 - 23:00:30] Vehicle ID 65535 (Slot ID 415) Maintainence fee cost $5,500 to RAF's budget fund.
[2018/1/17 - 23:00:30] Vehicle ID 65535 (Slot ID 419) Maintainence fee cost $4,500 to RAF's budget fund.
[2018/1/17 - 23:00:30] Vehicle ID 65535 (Slot ID 452) Maintainence fee cost $6,500 to RAF's budget fund.
[2018/1/17 - 23:00:30] Vehicle ID 0 (Slot ID 498) Maintainence fee cost $3,500 to RAF's budget fund.
[2018/1/17 - 23:00:30] Vehicle ID 0 (Slot ID 502) Maintainence fee cost $2,500 to RAF's budget fund.
[2018/1/17 - 23:00:30] Vehicle ID 0 (Slot ID 505) Maintainence fee cost $3,500 to RAF's budget fund.
[2018/1/17 - 23:00:30] Vehicle ID 0 (Slot ID 548) Maintainence fee cost $3,500 to RAF's budget fund.
[2018/1/17 - 23:00:30] Vehicle ID 0 (Slot ID 570) Maintainence fee cost $3,500 to RAF's budget fund.
[2018/1/17 - 23:00:30] Vehicle ID 0 (Slot ID 582) Maintainence fee cost $3,500 to RAF's budget fund.
[2018/1/17 - 23:00:30] Vehicle ID 65535 (Slot ID 595) Maintainence fee cost $6,500 to RAF's budget fund.
[2018/1/17 - 23:00:30] Vehicle ID 0 (Slot ID 597) Maintainence fee cost $3,000 to RAF's budget fund.
[2018/1/17 - 23:00:30] Vehicle ID 0 (Slot ID 600) Maintainence fee cost $2,000 to RAF's budget fund.
[2018/1/17 - 23:00:30] Vehicle ID 446 (Slot ID 610) Maintainence fee cost $0 to RAF's budget fund.
[2018/1/17 - 23:00:30] Vehicle ID 447 (Slot ID 613) Maintainence fee cost $0 to RAF's budget fund.
[2018/1/17 - 23:00:30] Vehicle ID 496 (Slot ID 616) Maintainence fee cost $0 to RAF's budget fund.
[2018/1/17 - 23:00:30] Vehicle ID 499 (Slot ID 639) Maintainence fee cost $0 to RAF's budget fund.
[2018/1/17 - 23:00:30] Vehicle ID 509 (Slot ID 667) Maintainence fee cost $0 to RAF's budget fund.
[2018/1/17 - 23:00:30] Vehicle ID 65535 (Slot ID 679) Maintainence fee cost $6,500 to RAF's budget fund.
