[2018/1/13 - 0:00:20] The faction vault is at $162,983.
[2018/1/13 - 0:00:20] Vehicle ID 65535 (Slot ID 41) Maintainence fee cost $5,500 to RAF's budget fund.
[2018/1/13 - 0:00:20] Vehicle ID 0 (Slot ID 54) Maintainence fee cost $3,000 to RAF's budget fund.
[2018/1/13 - 0:00:20] Vehicle ID 65535 (Slot ID 57) Maintainence fee cost $5,000 to RAF's budget fund.
[2018/1/13 - 0:00:20] Vehicle ID 0 (Slot ID 62) Maintainence fee cost $500 to RAF's budget fund.
[2018/1/13 - 0:00:20] Vehicle ID 65535 (Slot ID 63) Maintainence fee cost $5,500 to RAF's budget fund.
[2018/1/13 - 0:00:20] Vehicle ID 0 (Slot ID 82) Maintainence fee cost $3,000 to RAF's budget fund.
[2018/1/13 - 0:00:20] Vehicle ID 0 (Slot ID 87) Maintainence fee cost $3,000 to RAF's budget fund.
[2018/1/13 - 0:00:20] Vehicle ID 0 (Slot ID 91) Maintainence fee cost $2,500 to RAF's budget fund.
[2018/1/13 - 0:00:20] Vehicle ID 0 (Slot ID 92) Maintainence fee cost $2,500 to RAF's budget fund.
[2018/1/13 - 0:00:20] Vehicle ID 0 (Slot ID 169) Maintainence fee cost $2,500 to RAF's budget fund.
[2018/1/13 - 0:00:20] Vehicle ID 65535 (Slot ID 180) Maintainence fee cost $4,500 to RAF's budget fund.
[2018/1/13 - 0:00:20] Vehicle ID 65535 (Slot ID 229) Maintainence fee cost $6,500 to RAF's budget fund.
[2018/1/13 - 0:00:20] Vehicle ID 65535 (Slot ID 252) Maintainence fee cost $5,500 to RAF's budget fund.
[2018/1/13 - 0:00:20] Vehicle ID 0 (Slot ID 259) Maintainence fee cost $2,500 to RAF's budget fund.
[2018/1/13 - 0:00:20] Vehicle ID 0 (Slot ID 285) Maintainence fee cost $2,500 to RAF's budget fund.
[2018/1/13 - 0:00:20] Vehicle ID 0 (Slot ID 286) Maintainence fee cost $2,500 to RAF's budget fund.
[2018/1/13 - 0:00:20] Vehicle ID 0 (Slot ID 367) Maintainence fee cost $3,500 to RAF's budget fund.
[2018/1/13 - 0:00:20] Vehicle ID 0 (Slot ID 411) Maintainence fee cost $3,500 to RAF's budget fund.
[2018/1/13 - 0:00:20] Vehicle ID 65535 (Slot ID 415) Maintainence fee cost $5,500 to RAF's budget fund.
[2018/1/13 - 0:00:20] Vehicle ID 65535 (Slot ID 419) Maintainence fee cost $4,500 to RAF's budget fund.
[2018/1/13 - 0:00:20] Vehicle ID 65535 (Slot ID 452) Maintainence fee cost $6,500 to RAF's budget fund.
[2018/1/13 - 0:00:20] Vehicle ID 0 (Slot ID 498) Maintainence fee cost $3,500 to RAF's budget fund.
[2018/1/13 - 0:00:20] Vehicle ID 0 (Slot ID 502) Maintainence fee cost $2,500 to RAF's budget fund.
[2018/1/13 - 0:00:20] Vehicle ID 0 (Slot ID 505) Maintainence fee cost $3,500 to RAF's budget fund.
[2018/1/13 - 0:00:20] Vehicle ID 0 (Slot ID 548) Maintainence fee cost $3,500 to RAF's budget fund.
[2018/1/13 - 0:00:20] Vehicle ID 0 (Slot ID 570) Maintainence fee cost $3,500 to RAF's budget fund.
[2018/1/13 - 0:00:20] Vehicle ID 0 (Slot ID 582) Maintainence fee cost $3,500 to RAF's budget fund.
[2018/1/13 - 0:00:20] Vehicle ID 65535 (Slot ID 595) Maintainence fee cost $6,500 to RAF's budget fund.
[2018/1/13 - 0:00:20] Vehicle ID 0 (Slot ID 597) Maintainence fee cost $3,000 to RAF's budget fund.
[2018/1/13 - 0:00:20] Vehicle ID 0 (Slot ID 600) Maintainence fee cost $2,000 to RAF's budget fund.
[2018/1/13 - 0:00:20] Vehicle ID 346 (Slot ID 610) Maintainence fee cost $0 to RAF's budget fund.
[2018/1/13 - 0:00:20] Vehicle ID 429 (Slot ID 613) Maintainence fee cost $0 to RAF's budget fund.
[2018/1/13 - 0:00:20] Vehicle ID 0 (Slot ID 616) Maintainence fee cost $0 to RAF's budget fund.
[2018/1/13 - 0:00:20] Vehicle ID 0 (Slot ID 639) Maintainence fee cost $0 to RAF's budget fund.
[2018/1/13 - 0:00:20] Vehicle ID 65535 (Slot ID 667) Maintainence fee cost $0 to RAF's budget fund.
[2018/1/13 - 0:00:20] Vehicle ID 65535 (Slot ID 679) Maintainence fee cost $6,500 to RAF's budget fund.
[2018/1/13 - 1:00:13] The faction vault is at $63,683.
[2018/1/13 - 1:00:13] Vehicle ID 65535 (Slot ID 41) Maintainence fee cost $5,500 to RAF's budget fund.
[2018/1/13 - 1:00:13] Vehicle ID 0 (Slot ID 54) Maintainence fee cost $3,000 to RAF's budget fund.
[2018/1/13 - 1:00:13] Vehicle ID 65535 (Slot ID 57) Maintainence fee cost $5,000 to RAF's budget fund.
[2018/1/13 - 1:00:13] Vehicle ID 0 (Slot ID 62) Maintainence fee cost $500 to RAF's budget fund.
[2018/1/13 - 1:00:13] Vehicle ID 65535 (Slot ID 63) Maintainence fee cost $5,500 to RAF's budget fund.
[2018/1/13 - 1:00:13] Vehicle ID 0 (Slot ID 82) Maintainence fee cost $3,000 to RAF's budget fund.
[2018/1/13 - 1:00:13] Vehicle ID 0 (Slot ID 87) Maintainence fee cost $3,000 to RAF's budget fund.
[2018/1/13 - 1:00:13] Vehicle ID 0 (Slot ID 91) Maintainence fee cost $2,500 to RAF's budget fund.
[2018/1/13 - 1:00:13] Vehicle ID 0 (Slot ID 92) Maintainence fee cost $2,500 to RAF's budget fund.
[2018/1/13 - 1:00:13] Vehicle ID 0 (Slot ID 169) Maintainence fee cost $2,500 to RAF's budget fund.
[2018/1/13 - 1:00:13] Vehicle ID 65535 (Slot ID 180) Maintainence fee cost $4,500 to RAF's budget fund.
[2018/1/13 - 1:00:13] Vehicle ID 65535 (Slot ID 229) Maintainence fee cost $6,500 to RAF's budget fund.
[2018/1/13 - 1:00:13] Vehicle ID 65535 (Slot ID 252) Maintainence fee cost $5,500 to RAF's budget fund.
[2018/1/13 - 1:00:13] Vehicle ID 0 (Slot ID 259) Maintainence fee cost $2,500 to RAF's budget fund.
[2018/1/13 - 1:00:13] Vehicle ID 0 (Slot ID 285) Maintainence fee cost $2,500 to RAF's budget fund.
[2018/1/13 - 1:00:13] Vehicle ID 0 (Slot ID 286) Maintainence fee cost $2,500 to RAF's budget fund.
[2018/1/13 - 1:00:13] Vehicle ID 0 (Slot ID 367) Maintainence fee cost $3,500 to RAF's budget fund.
[2018/1/13 - 1:00:13] Vehicle ID 0 (Slot ID 502) Maintainence fee cost $2,500 to RAF's budget fund.
[2018/1/13 - 1:00:13] Vehicle ID 346 (Slot ID 610) Maintainence fee cost $0 to RAF's budget fund.
[2018/1/13 - 1:00:13] Vehicle ID 429 (Slot ID 613) Maintainence fee cost $0 to RAF's budget fund.
[2018/1/13 - 1:00:13] Vehicle ID 0 (Slot ID 616) Maintainence fee cost $0 to RAF's budget fund.
[2018/1/13 - 1:00:13] Vehicle ID 0 (Slot ID 639) Maintainence fee cost $0 to RAF's budget fund.
[2018/1/13 - 1:00:13] Vehicle ID 65535 (Slot ID 667) Maintainence fee cost $0 to RAF's budget fund.
[2018/1/13 - 2:00:14] The faction vault is at $20,883.
[2018/1/13 - 2:00:14] Vehicle ID 65535 (Slot ID 41) Maintainence fee cost $5,500 to RAF's budget fund.
[2018/1/13 - 2:00:14] Vehicle ID 0 (Slot ID 54) Maintainence fee cost $3,000 to RAF's budget fund.
[2018/1/13 - 2:00:14] Vehicle ID 65535 (Slot ID 57) Maintainence fee cost $5,000 to RAF's budget fund.
[2018/1/13 - 2:00:14] Vehicle ID 0 (Slot ID 62) Maintainence fee cost $500 to RAF's budget fund.
[2018/1/13 - 2:00:14] Vehicle ID 65535 (Slot ID 63) Maintainence fee cost $5,500 to RAF's budget fund.
[2018/1/13 - 2:00:14] Vehicle ID 346 (Slot ID 610) Maintainence fee cost $0 to RAF's budget fund.
[2018/1/13 - 2:00:14] Vehicle ID 429 (Slot ID 613) Maintainence fee cost $0 to RAF's budget fund.
[2018/1/13 - 2:00:14] Vehicle ID 0 (Slot ID 616) Maintainence fee cost $0 to RAF's budget fund.
[2018/1/13 - 2:00:14] Vehicle ID 0 (Slot ID 639) Maintainence fee cost $0 to RAF's budget fund.
[2018/1/13 - 2:00:14] Vehicle ID 65535 (Slot ID 667) Maintainence fee cost $0 to RAF's budget fund.
[2018/1/13 - 3:00:15] The faction vault is at $22,983.
[2018/1/13 - 3:00:15] Vehicle ID 65535 (Slot ID 41) Maintainence fee cost $5,500 to RAF's budget fund.
[2018/1/13 - 3:00:15] Vehicle ID 0 (Slot ID 54) Maintainence fee cost $3,000 to RAF's budget fund.
[2018/1/13 - 3:00:15] Vehicle ID 65535 (Slot ID 57) Maintainence fee cost $5,000 to RAF's budget fund.
[2018/1/13 - 3:00:15] Vehicle ID 0 (Slot ID 62) Maintainence fee cost $500 to RAF's budget fund.
[2018/1/13 - 3:00:15] Vehicle ID 65535 (Slot ID 63) Maintainence fee cost $5,500 to RAF's budget fund.
[2018/1/13 - 3:00:15] Vehicle ID 0 (Slot ID 82) Maintainence fee cost $3,000 to RAF's budget fund.
[2018/1/13 - 3:00:15] Vehicle ID 346 (Slot ID 610) Maintainence fee cost $0 to RAF's budget fund.
[2018/1/13 - 3:00:15] Vehicle ID 429 (Slot ID 613) Maintainence fee cost $0 to RAF's budget fund.
[2018/1/13 - 3:00:15] Vehicle ID 0 (Slot ID 616) Maintainence fee cost $0 to RAF's budget fund.
[2018/1/13 - 3:00:15] Vehicle ID 0 (Slot ID 639) Maintainence fee cost $0 to RAF's budget fund.
[2018/1/13 - 3:00:15] Vehicle ID 65535 (Slot ID 667) Maintainence fee cost $0 to RAF's budget fund.
[2018/1/13 - 4:00:14] The faction vault is at $21,083.
[2018/1/13 - 4:00:14] Vehicle ID 65535 (Slot ID 41) Maintainence fee cost $5,500 to RAF's budget fund.
[2018/1/13 - 4:00:14] Vehicle ID 0 (Slot ID 54) Maintainence fee cost $3,000 to RAF's budget fund.
[2018/1/13 - 4:00:14] Vehicle ID 65535 (Slot ID 57) Maintainence fee cost $5,000 to RAF's budget fund.
[2018/1/13 - 4:00:14] Vehicle ID 0 (Slot ID 62) Maintainence fee cost $500 to RAF's budget fund.
[2018/1/13 - 4:00:14] Vehicle ID 65535 (Slot ID 63) Maintainence fee cost $5,500 to RAF's budget fund.
[2018/1/13 - 4:00:14] Vehicle ID 346 (Slot ID 610) Maintainence fee cost $0 to RAF's budget fund.
[2018/1/13 - 4:00:14] Vehicle ID 429 (Slot ID 613) Maintainence fee cost $0 to RAF's budget fund.
[2018/1/13 - 4:00:14] Vehicle ID 0 (Slot ID 616) Maintainence fee cost $0 to RAF's budget fund.
[2018/1/13 - 4:00:14] Vehicle ID 0 (Slot ID 639) Maintainence fee cost $0 to RAF's budget fund.
[2018/1/13 - 4:00:14] Vehicle ID 65535 (Slot ID 667) Maintainence fee cost $0 to RAF's budget fund.
[2018/1/13 - 4:08:14] Vehicle Slot ID 610 RTB fee cost $0 to RAF's budget fund.
[2018/1/13 - 5:00:24] The faction vault is at $16,383.
[2018/1/13 - 5:00:24] Vehicle ID 65535 (Slot ID 41) Maintainence fee cost $5,500 to RAF's budget fund.
[2018/1/13 - 5:00:24] Vehicle ID 0 (Slot ID 54) Maintainence fee cost $3,000 to RAF's budget fund.
[2018/1/13 - 5:00:24] Vehicle ID 65535 (Slot ID 57) Maintainence fee cost $5,000 to RAF's budget fund.
[2018/1/13 - 5:00:24] Vehicle ID 0 (Slot ID 62) Maintainence fee cost $500 to RAF's budget fund.
[2018/1/13 - 5:00:24] Vehicle ID 0 (Slot ID 600) Maintainence fee cost $2,000 to RAF's budget fund.
[2018/1/13 - 5:00:24] Vehicle ID 346 (Slot ID 610) Maintainence fee cost $0 to RAF's budget fund.
[2018/1/13 - 5:00:24] Vehicle ID 429 (Slot ID 613) Maintainence fee cost $0 to RAF's budget fund.
[2018/1/13 - 5:00:24] Vehicle ID 0 (Slot ID 616) Maintainence fee cost $0 to RAF's budget fund.
[2018/1/13 - 5:00:24] Vehicle ID 0 (Slot ID 639) Maintainence fee cost $0 to RAF's budget fund.
[2018/1/13 - 5:00:24] Vehicle ID 65535 (Slot ID 667) Maintainence fee cost $0 to RAF's budget fund.
[2018/1/13 - 6:00:52] The faction vault is at $13,783.
[2018/1/13 - 6:00:52] Vehicle ID 65535 (Slot ID 41) Maintainence fee cost $5,500 to RAF's budget fund.
[2018/1/13 - 6:00:52] Vehicle ID 0 (Slot ID 54) Maintainence fee cost $3,000 to RAF's budget fund.
[2018/1/13 - 6:00:52] Vehicle ID 65535 (Slot ID 57) Maintainence fee cost $5,000 to RAF's budget fund.
[2018/1/13 - 6:00:52] Vehicle ID 346 (Slot ID 610) Maintainence fee cost $0 to RAF's budget fund.
[2018/1/13 - 6:00:52] Vehicle ID 429 (Slot ID 613) Maintainence fee cost $0 to RAF's budget fund.
[2018/1/13 - 6:00:52] Vehicle ID 0 (Slot ID 616) Maintainence fee cost $0 to RAF's budget fund.
[2018/1/13 - 6:00:53] Vehicle ID 0 (Slot ID 639) Maintainence fee cost $0 to RAF's budget fund.
[2018/1/13 - 6:00:53] Vehicle ID 65535 (Slot ID 667) Maintainence fee cost $0 to RAF's budget fund.
[2018/1/13 - 7:01:01] The faction vault is at $19,283.
[2018/1/13 - 7:01:01] Vehicle ID 65535 (Slot ID 41) Maintainence fee cost $5,500 to RAF's budget fund.
[2018/1/13 - 7:01:01] Vehicle ID 0 (Slot ID 54) Maintainence fee cost $3,000 to RAF's budget fund.
[2018/1/13 - 7:01:01] Vehicle ID 65535 (Slot ID 57) Maintainence fee cost $5,000 to RAF's budget fund.
[2018/1/13 - 7:01:01] Vehicle ID 0 (Slot ID 62) Maintainence fee cost $500 to RAF's budget fund.
[2018/1/13 - 7:01:01] Vehicle ID 0 (Slot ID 82) Maintainence fee cost $3,000 to RAF's budget fund.
[2018/1/13 - 7:01:01] Vehicle ID 0 (Slot ID 600) Maintainence fee cost $2,000 to RAF's budget fund.
[2018/1/13 - 7:01:01] Vehicle ID 346 (Slot ID 610) Maintainence fee cost $0 to RAF's budget fund.
[2018/1/13 - 7:01:01] Vehicle ID 429 (Slot ID 613) Maintainence fee cost $0 to RAF's budget fund.
[2018/1/13 - 7:01:01] Vehicle ID 0 (Slot ID 616) Maintainence fee cost $0 to RAF's budget fund.
[2018/1/13 - 7:01:01] Vehicle ID 0 (Slot ID 639) Maintainence fee cost $0 to RAF's budget fund.
[2018/1/13 - 7:01:01] Vehicle ID 65535 (Slot ID 667) Maintainence fee cost $0 to RAF's budget fund.
[2018/1/13 - 8:00:03] The faction vault is at $20,483.
[2018/1/13 - 8:00:03] Vehicle ID 65535 (Slot ID 41) Maintainence fee cost $5,500 to RAF's budget fund.
[2018/1/13 - 8:00:03] Vehicle ID 0 (Slot ID 54) Maintainence fee cost $3,000 to RAF's budget fund.
[2018/1/13 - 8:00:03] Vehicle ID 65535 (Slot ID 57) Maintainence fee cost $5,000 to RAF's budget fund.
[2018/1/13 - 8:00:03] Vehicle ID 0 (Slot ID 62) Maintainence fee cost $500 to RAF's budget fund.
[2018/1/13 - 8:00:03] Vehicle ID 65535 (Slot ID 63) Maintainence fee cost $5,500 to RAF's budget fund.
[2018/1/13 - 8:00:03] Vehicle ID 346 (Slot ID 610) Maintainence fee cost $0 to RAF's budget fund.
[2018/1/13 - 8:00:03] Vehicle ID 429 (Slot ID 613) Maintainence fee cost $0 to RAF's budget fund.
[2018/1/13 - 8:00:03] Vehicle ID 0 (Slot ID 616) Maintainence fee cost $0 to RAF's budget fund.
[2018/1/13 - 8:00:03] Vehicle ID 0 (Slot ID 639) Maintainence fee cost $0 to RAF's budget fund.
[2018/1/13 - 8:00:03] Vehicle ID 65535 (Slot ID 667) Maintainence fee cost $0 to RAF's budget fund.
[2018/1/13 - 9:00:08] The faction vault is at $22,183.
[2018/1/13 - 9:00:08] Vehicle ID 65535 (Slot ID 41) Maintainence fee cost $5,500 to RAF's budget fund.
[2018/1/13 - 9:00:08] Vehicle ID 0 (Slot ID 54) Maintainence fee cost $3,000 to RAF's budget fund.
[2018/1/13 - 9:00:08] Vehicle ID 65535 (Slot ID 57) Maintainence fee cost $5,000 to RAF's budget fund.
[2018/1/13 - 9:00:08] Vehicle ID 0 (Slot ID 62) Maintainence fee cost $500 to RAF's budget fund.
[2018/1/13 - 9:00:08] Vehicle ID 65535 (Slot ID 63) Maintainence fee cost $5,500 to RAF's budget fund.
[2018/1/13 - 9:00:08] Vehicle ID 0 (Slot ID 91) Maintainence fee cost $2,500 to RAF's budget fund.
[2018/1/13 - 9:00:08] Vehicle ID 346 (Slot ID 610) Maintainence fee cost $0 to RAF's budget fund.
[2018/1/13 - 9:00:08] Vehicle ID 429 (Slot ID 613) Maintainence fee cost $0 to RAF's budget fund.
[2018/1/13 - 9:00:08] Vehicle ID 0 (Slot ID 616) Maintainence fee cost $0 to RAF's budget fund.
[2018/1/13 - 9:00:08] Vehicle ID 0 (Slot ID 639) Maintainence fee cost $0 to RAF's budget fund.
[2018/1/13 - 9:00:08] Vehicle ID 65535 (Slot ID 667) Maintainence fee cost $0 to RAF's budget fund.
[2018/1/13 - 10:00:12] The faction vault is at $20,383.
[2018/1/13 - 10:00:12] Vehicle ID 65535 (Slot ID 41) Maintainence fee cost $5,500 to RAF's budget fund.
[2018/1/13 - 10:00:12] Vehicle ID 0 (Slot ID 54) Maintainence fee cost $3,000 to RAF's budget fund.
[2018/1/13 - 10:00:12] Vehicle ID 65535 (Slot ID 57) Maintainence fee cost $5,000 to RAF's budget fund.
[2018/1/13 - 10:00:12] Vehicle ID 0 (Slot ID 62) Maintainence fee cost $500 to RAF's budget fund.
[2018/1/13 - 10:00:12] Vehicle ID 65535 (Slot ID 63) Maintainence fee cost $5,500 to RAF's budget fund.
[2018/1/13 - 10:00:12] Vehicle ID 346 (Slot ID 610) Maintainence fee cost $0 to RAF's budget fund.
[2018/1/13 - 10:00:12] Vehicle ID 429 (Slot ID 613) Maintainence fee cost $0 to RAF's budget fund.
[2018/1/13 - 10:00:12] Vehicle ID 0 (Slot ID 616) Maintainence fee cost $0 to RAF's budget fund.
[2018/1/13 - 10:00:12] Vehicle ID 0 (Slot ID 639) Maintainence fee cost $0 to RAF's budget fund.
[2018/1/13 - 10:00:12] Vehicle ID 65535 (Slot ID 667) Maintainence fee cost $0 to RAF's budget fund.
[2018/1/13 - 11:00:09] The faction vault is at $20,683.
[2018/1/13 - 11:00:09] NE Gov Paid $175,000 to RAF budget fund.
[2018/1/13 - 11:00:09] Vehicle ID 65535 (Slot ID 41) Maintainence fee cost $5,500 to RAF's budget fund.
[2018/1/13 - 11:00:09] Vehicle ID 0 (Slot ID 54) Maintainence fee cost $3,000 to RAF's budget fund.
[2018/1/13 - 11:00:09] Vehicle ID 65535 (Slot ID 57) Maintainence fee cost $5,000 to RAF's budget fund.
[2018/1/13 - 11:00:09] Vehicle ID 0 (Slot ID 62) Maintainence fee cost $500 to RAF's budget fund.
[2018/1/13 - 11:00:09] Vehicle ID 65535 (Slot ID 63) Maintainence fee cost $5,500 to RAF's budget fund.
[2018/1/13 - 11:00:09] Vehicle ID 0 (Slot ID 82) Maintainence fee cost $3,000 to RAF's budget fund.
[2018/1/13 - 11:00:09] Vehicle ID 0 (Slot ID 87) Maintainence fee cost $3,000 to RAF's budget fund.
[2018/1/13 - 11:00:09] Vehicle ID 0 (Slot ID 91) Maintainence fee cost $2,500 to RAF's budget fund.
[2018/1/13 - 11:00:09] Vehicle ID 0 (Slot ID 92) Maintainence fee cost $2,500 to RAF's budget fund.
[2018/1/13 - 11:00:09] Vehicle ID 0 (Slot ID 169) Maintainence fee cost $2,500 to RAF's budget fund.
[2018/1/13 - 11:00:09] Vehicle ID 65535 (Slot ID 180) Maintainence fee cost $4,500 to RAF's budget fund.
[2018/1/13 - 11:00:09] Vehicle ID 65535 (Slot ID 229) Maintainence fee cost $6,500 to RAF's budget fund.
[2018/1/13 - 11:00:09] Vehicle ID 65535 (Slot ID 252) Maintainence fee cost $5,500 to RAF's budget fund.
[2018/1/13 - 11:00:09] Vehicle ID 0 (Slot ID 259) Maintainence fee cost $2,500 to RAF's budget fund.
[2018/1/13 - 11:00:09] Vehicle ID 0 (Slot ID 285) Maintainence fee cost $2,500 to RAF's budget fund.
[2018/1/13 - 11:00:09] Vehicle ID 0 (Slot ID 286) Maintainence fee cost $2,500 to RAF's budget fund.
[2018/1/13 - 11:00:09] Vehicle ID 0 (Slot ID 367) Maintainence fee cost $3,500 to RAF's budget fund.
[2018/1/13 - 11:00:09] Vehicle ID 0 (Slot ID 411) Maintainence fee cost $3,500 to RAF's budget fund.
[2018/1/13 - 11:00:09] Vehicle ID 65535 (Slot ID 415) Maintainence fee cost $5,500 to RAF's budget fund.
[2018/1/13 - 11:00:09] Vehicle ID 65535 (Slot ID 419) Maintainence fee cost $4,500 to RAF's budget fund.
[2018/1/13 - 11:00:09] Vehicle ID 65535 (Slot ID 452) Maintainence fee cost $6,500 to RAF's budget fund.
[2018/1/13 - 11:00:09] Vehicle ID 0 (Slot ID 498) Maintainence fee cost $3,500 to RAF's budget fund.
[2018/1/13 - 11:00:09] Vehicle ID 0 (Slot ID 502) Maintainence fee cost $2,500 to RAF's budget fund.
[2018/1/13 - 11:00:09] Vehicle ID 0 (Slot ID 505) Maintainence fee cost $3,500 to RAF's budget fund.
[2018/1/13 - 11:00:09] Vehicle ID 0 (Slot ID 548) Maintainence fee cost $3,500 to RAF's budget fund.
[2018/1/13 - 11:00:09] Vehicle ID 0 (Slot ID 570) Maintainence fee cost $3,500 to RAF's budget fund.
[2018/1/13 - 11:00:09] Vehicle ID 0 (Slot ID 582) Maintainence fee cost $3,500 to RAF's budget fund.
[2018/1/13 - 11:00:09] Vehicle ID 65535 (Slot ID 595) Maintainence fee cost $6,500 to RAF's budget fund.
[2018/1/13 - 11:00:09] Vehicle ID 0 (Slot ID 597) Maintainence fee cost $3,000 to RAF's budget fund.
[2018/1/13 - 11:00:09] Vehicle ID 0 (Slot ID 600) Maintainence fee cost $2,000 to RAF's budget fund.
[2018/1/13 - 11:00:09] Vehicle ID 346 (Slot ID 610) Maintainence fee cost $0 to RAF's budget fund.
[2018/1/13 - 11:00:09] Vehicle ID 429 (Slot ID 613) Maintainence fee cost $0 to RAF's budget fund.
[2018/1/13 - 11:00:09] Vehicle ID 0 (Slot ID 616) Maintainence fee cost $0 to RAF's budget fund.
[2018/1/13 - 11:00:09] Vehicle ID 0 (Slot ID 639) Maintainence fee cost $0 to RAF's budget fund.
[2018/1/13 - 11:00:09] Vehicle ID 65535 (Slot ID 667) Maintainence fee cost $0 to RAF's budget fund.
[2018/1/13 - 11:00:09] Vehicle ID 65535 (Slot ID 679) Maintainence fee cost $6,500 to RAF's budget fund.
[2018/1/13 - 12:00:02] The faction vault is at $91,783.
[2018/1/13 - 12:00:02] Vehicle ID 65535 (Slot ID 41) Maintainence fee cost $5,500 to RAF's budget fund.
[2018/1/13 - 12:00:02] Vehicle ID 0 (Slot ID 54) Maintainence fee cost $3,000 to RAF's budget fund.
[2018/1/13 - 12:00:02] Vehicle ID 65535 (Slot ID 57) Maintainence fee cost $5,000 to RAF's budget fund.
[2018/1/13 - 12:00:02] Vehicle ID 0 (Slot ID 62) Maintainence fee cost $500 to RAF's budget fund.
[2018/1/13 - 12:00:02] Vehicle ID 65535 (Slot ID 63) Maintainence fee cost $5,500 to RAF's budget fund.
[2018/1/13 - 12:00:02] Vehicle ID 0 (Slot ID 82) Maintainence fee cost $3,000 to RAF's budget fund.
[2018/1/13 - 12:00:02] Vehicle ID 0 (Slot ID 87) Maintainence fee cost $3,000 to RAF's budget fund.
[2018/1/13 - 12:00:02] Vehicle ID 0 (Slot ID 91) Maintainence fee cost $2,500 to RAF's budget fund.
[2018/1/13 - 12:00:02] Vehicle ID 0 (Slot ID 92) Maintainence fee cost $2,500 to RAF's budget fund.
[2018/1/13 - 12:00:02] Vehicle ID 0 (Slot ID 169) Maintainence fee cost $2,500 to RAF's budget fund.
[2018/1/13 - 12:00:02] Vehicle ID 65535 (Slot ID 180) Maintainence fee cost $4,500 to RAF's budget fund.
[2018/1/13 - 12:00:02] Vehicle ID 65535 (Slot ID 229) Maintainence fee cost $6,500 to RAF's budget fund.
[2018/1/13 - 12:00:02] Vehicle ID 65535 (Slot ID 252) Maintainence fee cost $5,500 to RAF's budget fund.
[2018/1/13 - 12:00:02] Vehicle ID 0 (Slot ID 259) Maintainence fee cost $2,500 to RAF's budget fund.
[2018/1/13 - 12:00:02] Vehicle ID 0 (Slot ID 285) Maintainence fee cost $2,500 to RAF's budget fund.
[2018/1/13 - 12:00:02] Vehicle ID 0 (Slot ID 286) Maintainence fee cost $2,500 to RAF's budget fund.
[2018/1/13 - 12:00:02] Vehicle ID 0 (Slot ID 367) Maintainence fee cost $3,500 to RAF's budget fund.
[2018/1/13 - 12:00:02] Vehicle ID 0 (Slot ID 411) Maintainence fee cost $3,500 to RAF's budget fund.
[2018/1/13 - 12:00:02] Vehicle ID 65535 (Slot ID 415) Maintainence fee cost $5,500 to RAF's budget fund.
[2018/1/13 - 12:00:02] Vehicle ID 65535 (Slot ID 419) Maintainence fee cost $4,500 to RAF's budget fund.
[2018/1/13 - 12:00:02] Vehicle ID 65535 (Slot ID 452) Maintainence fee cost $6,500 to RAF's budget fund.
[2018/1/13 - 12:00:02] Vehicle ID 0 (Slot ID 498) Maintainence fee cost $3,500 to RAF's budget fund.
[2018/1/13 - 12:00:02] Vehicle ID 0 (Slot ID 502) Maintainence fee cost $2,500 to RAF's budget fund.
[2018/1/13 - 12:00:02] Vehicle ID 0 (Slot ID 505) Maintainence fee cost $3,500 to RAF's budget fund.
[2018/1/13 - 12:00:02] Vehicle ID 346 (Slot ID 610) Maintainence fee cost $0 to RAF's budget fund.
[2018/1/13 - 12:00:02] Vehicle ID 429 (Slot ID 613) Maintainence fee cost $0 to RAF's budget fund.
[2018/1/13 - 12:00:02] Vehicle ID 0 (Slot ID 616) Maintainence fee cost $0 to RAF's budget fund.
[2018/1/13 - 12:00:02] Vehicle ID 0 (Slot ID 639) Maintainence fee cost $0 to RAF's budget fund.
[2018/1/13 - 12:00:02] Vehicle ID 65535 (Slot ID 667) Maintainence fee cost $0 to RAF's budget fund.
[2018/1/13 - 13:00:44] The faction vault is at $14,983.
[2018/1/13 - 13:00:44] Vehicle ID 65535 (Slot ID 41) Maintainence fee cost $5,500 to RAF's budget fund.
[2018/1/13 - 13:00:44] Vehicle ID 0 (Slot ID 54) Maintainence fee cost $3,000 to RAF's budget fund.
[2018/1/13 - 13:00:44] Vehicle ID 65535 (Slot ID 57) Maintainence fee cost $5,000 to RAF's budget fund.
[2018/1/13 - 13:00:44] Vehicle ID 0 (Slot ID 62) Maintainence fee cost $500 to RAF's budget fund.
[2018/1/13 - 13:00:44] Vehicle ID 346 (Slot ID 610) Maintainence fee cost $0 to RAF's budget fund.
[2018/1/13 - 13:00:44] Vehicle ID 429 (Slot ID 613) Maintainence fee cost $0 to RAF's budget fund.
[2018/1/13 - 13:00:44] Vehicle ID 0 (Slot ID 616) Maintainence fee cost $0 to RAF's budget fund.
[2018/1/13 - 13:00:44] Vehicle ID 0 (Slot ID 639) Maintainence fee cost $0 to RAF's budget fund.
[2018/1/13 - 13:00:44] Vehicle ID 65535 (Slot ID 667) Maintainence fee cost $0 to RAF's budget fund.
[2018/1/13 - 14:00:15] The faction vault is at $20,583.
[2018/1/13 - 14:00:15] Vehicle ID 65535 (Slot ID 41) Maintainence fee cost $5,500 to RAF's budget fund.
[2018/1/13 - 14:00:15] Vehicle ID 0 (Slot ID 54) Maintainence fee cost $3,000 to RAF's budget fund.
[2018/1/13 - 14:00:15] Vehicle ID 65535 (Slot ID 57) Maintainence fee cost $5,000 to RAF's budget fund.
[2018/1/13 - 14:00:15] Vehicle ID 0 (Slot ID 62) Maintainence fee cost $500 to RAF's budget fund.
[2018/1/13 - 14:00:15] Vehicle ID 65535 (Slot ID 63) Maintainence fee cost $5,500 to RAF's budget fund.
[2018/1/13 - 14:00:15] Vehicle ID 346 (Slot ID 610) Maintainence fee cost $0 to RAF's budget fund.
[2018/1/13 - 14:00:15] Vehicle ID 429 (Slot ID 613) Maintainence fee cost $0 to RAF's budget fund.
[2018/1/13 - 14:00:15] Vehicle ID 0 (Slot ID 616) Maintainence fee cost $0 to RAF's budget fund.
[2018/1/13 - 14:00:15] Vehicle ID 0 (Slot ID 639) Maintainence fee cost $0 to RAF's budget fund.
[2018/1/13 - 14:00:15] Vehicle ID 65535 (Slot ID 667) Maintainence fee cost $0 to RAF's budget fund.
[2018/1/13 - 15:00:50] The faction vault is at $25,083.
[2018/1/13 - 15:00:50] Vehicle ID 65535 (Slot ID 41) Maintainence fee cost $5,500 to RAF's budget fund.
[2018/1/13 - 15:00:50] Vehicle ID 0 (Slot ID 54) Maintainence fee cost $3,000 to RAF's budget fund.
[2018/1/13 - 15:00:50] Vehicle ID 65535 (Slot ID 57) Maintainence fee cost $5,000 to RAF's budget fund.
[2018/1/13 - 15:00:50] Vehicle ID 0 (Slot ID 62) Maintainence fee cost $500 to RAF's budget fund.
[2018/1/13 - 15:00:50] Vehicle ID 65535 (Slot ID 63) Maintainence fee cost $5,500 to RAF's budget fund.
[2018/1/13 - 15:00:50] Vehicle ID 0 (Slot ID 82) Maintainence fee cost $3,000 to RAF's budget fund.
[2018/1/13 - 15:00:50] Vehicle ID 0 (Slot ID 91) Maintainence fee cost $2,500 to RAF's budget fund.
[2018/1/13 - 15:00:50] Vehicle ID 346 (Slot ID 610) Maintainence fee cost $0 to RAF's budget fund.
[2018/1/13 - 15:00:50] Vehicle ID 429 (Slot ID 613) Maintainence fee cost $0 to RAF's budget fund.
[2018/1/13 - 15:00:50] Vehicle ID 0 (Slot ID 616) Maintainence fee cost $0 to RAF's budget fund.
[2018/1/13 - 15:00:50] Vehicle ID 0 (Slot ID 639) Maintainence fee cost $0 to RAF's budget fund.
[2018/1/13 - 15:00:50] Vehicle ID 65535 (Slot ID 667) Maintainence fee cost $0 to RAF's budget fund.
[2018/1/13 - 16:00:25] The faction vault is at $27,883.
[2018/1/13 - 16:00:25] Vehicle ID 65535 (Slot ID 41) Maintainence fee cost $5,500 to RAF's budget fund.
[2018/1/13 - 16:00:25] Vehicle ID 0 (Slot ID 54) Maintainence fee cost $3,000 to RAF's budget fund.
[2018/1/13 - 16:00:25] Vehicle ID 65535 (Slot ID 57) Maintainence fee cost $5,000 to RAF's budget fund.
[2018/1/13 - 16:00:25] Vehicle ID 0 (Slot ID 62) Maintainence fee cost $500 to RAF's budget fund.
[2018/1/13 - 16:00:25] Vehicle ID 65535 (Slot ID 63) Maintainence fee cost $5,500 to RAF's budget fund.
[2018/1/13 - 16:00:25] Vehicle ID 0 (Slot ID 82) Maintainence fee cost $3,000 to RAF's budget fund.
[2018/1/13 - 16:00:25] Vehicle ID 0 (Slot ID 87) Maintainence fee cost $3,000 to RAF's budget fund.
[2018/1/13 - 16:00:25] Vehicle ID 0 (Slot ID 600) Maintainence fee cost $2,000 to RAF's budget fund.
[2018/1/13 - 16:00:25] Vehicle ID 346 (Slot ID 610) Maintainence fee cost $0 to RAF's budget fund.
[2018/1/13 - 16:00:25] Vehicle ID 429 (Slot ID 613) Maintainence fee cost $0 to RAF's budget fund.
[2018/1/13 - 16:00:25] Vehicle ID 0 (Slot ID 616) Maintainence fee cost $0 to RAF's budget fund.
[2018/1/13 - 16:00:25] Vehicle ID 0 (Slot ID 639) Maintainence fee cost $0 to RAF's budget fund.
[2018/1/13 - 16:00:25] Vehicle ID 65535 (Slot ID 667) Maintainence fee cost $0 to RAF's budget fund.
[2018/1/13 - 17:00:03] The faction vault is at $26,983.
[2018/1/13 - 17:00:03] Vehicle ID 65535 (Slot ID 41) Maintainence fee cost $5,500 to RAF's budget fund.
[2018/1/13 - 17:00:03] Vehicle ID 0 (Slot ID 54) Maintainence fee cost $3,000 to RAF's budget fund.
[2018/1/13 - 17:00:03] Vehicle ID 65535 (Slot ID 57) Maintainence fee cost $5,000 to RAF's budget fund.
[2018/1/13 - 17:00:03] Vehicle ID 0 (Slot ID 62) Maintainence fee cost $500 to RAF's budget fund.
[2018/1/13 - 17:00:03] Vehicle ID 65535 (Slot ID 63) Maintainence fee cost $5,500 to RAF's budget fund.
[2018/1/13 - 17:00:03] Vehicle ID 0 (Slot ID 82) Maintainence fee cost $3,000 to RAF's budget fund.
[2018/1/13 - 17:00:03] Vehicle ID 0 (Slot ID 87) Maintainence fee cost $3,000 to RAF's budget fund.
[2018/1/13 - 17:00:03] Vehicle ID 346 (Slot ID 610) Maintainence fee cost $0 to RAF's budget fund.
[2018/1/13 - 17:00:03] Vehicle ID 429 (Slot ID 613) Maintainence fee cost $0 to RAF's budget fund.
[2018/1/13 - 17:00:03] Vehicle ID 0 (Slot ID 616) Maintainence fee cost $0 to RAF's budget fund.
[2018/1/13 - 17:00:03] Vehicle ID 0 (Slot ID 639) Maintainence fee cost $0 to RAF's budget fund.
[2018/1/13 - 17:00:03] Vehicle ID 65535 (Slot ID 667) Maintainence fee cost $0 to RAF's budget fund.
[2018/1/13 - 18:00:45] The faction vault is at $33,283.
[2018/1/13 - 18:00:45] NE Gov Paid $175,000 to RAF budget fund.
[2018/1/13 - 18:00:45] Vehicle ID 65535 (Slot ID 41) Maintainence fee cost $5,500 to RAF's budget fund.
[2018/1/13 - 18:00:45] Vehicle ID 0 (Slot ID 54) Maintainence fee cost $3,000 to RAF's budget fund.
[2018/1/13 - 18:00:45] Vehicle ID 65535 (Slot ID 57) Maintainence fee cost $5,000 to RAF's budget fund.
[2018/1/13 - 18:00:45] Vehicle ID 0 (Slot ID 62) Maintainence fee cost $500 to RAF's budget fund.
[2018/1/13 - 18:00:45] Vehicle ID 65535 (Slot ID 63) Maintainence fee cost $5,500 to RAF's budget fund.
[2018/1/13 - 18:00:45] Vehicle ID 0 (Slot ID 82) Maintainence fee cost $3,000 to RAF's budget fund.
[2018/1/13 - 18:00:45] Vehicle ID 0 (Slot ID 87) Maintainence fee cost $3,000 to RAF's budget fund.
[2018/1/13 - 18:00:45] Vehicle ID 0 (Slot ID 91) Maintainence fee cost $2,500 to RAF's budget fund.
[2018/1/13 - 18:00:45] Vehicle ID 0 (Slot ID 92) Maintainence fee cost $2,500 to RAF's budget fund.
[2018/1/13 - 18:00:45] Vehicle ID 0 (Slot ID 169) Maintainence fee cost $2,500 to RAF's budget fund.
[2018/1/13 - 18:00:45] Vehicle ID 65535 (Slot ID 180) Maintainence fee cost $4,500 to RAF's budget fund.
[2018/1/13 - 18:00:45] Vehicle ID 65535 (Slot ID 229) Maintainence fee cost $6,500 to RAF's budget fund.
[2018/1/13 - 18:00:45] Vehicle ID 65535 (Slot ID 252) Maintainence fee cost $5,500 to RAF's budget fund.
[2018/1/13 - 18:00:45] Vehicle ID 0 (Slot ID 259) Maintainence fee cost $2,500 to RAF's budget fund.
[2018/1/13 - 18:00:45] Vehicle ID 0 (Slot ID 285) Maintainence fee cost $2,500 to RAF's budget fund.
[2018/1/13 - 18:00:45] Vehicle ID 0 (Slot ID 286) Maintainence fee cost $2,500 to RAF's budget fund.
[2018/1/13 - 18:00:45] Vehicle ID 0 (Slot ID 367) Maintainence fee cost $3,500 to RAF's budget fund.
[2018/1/13 - 18:00:45] Vehicle ID 0 (Slot ID 411) Maintainence fee cost $3,500 to RAF's budget fund.
[2018/1/13 - 18:00:45] Vehicle ID 65535 (Slot ID 415) Maintainence fee cost $5,500 to RAF's budget fund.
[2018/1/13 - 18:00:45] Vehicle ID 65535 (Slot ID 419) Maintainence fee cost $4,500 to RAF's budget fund.
[2018/1/13 - 18:00:45] Vehicle ID 65535 (Slot ID 452) Maintainence fee cost $6,500 to RAF's budget fund.
[2018/1/13 - 18:00:45] Vehicle ID 0 (Slot ID 498) Maintainence fee cost $3,500 to RAF's budget fund.
[2018/1/13 - 18:00:45] Vehicle ID 0 (Slot ID 502) Maintainence fee cost $2,500 to RAF's budget fund.
[2018/1/13 - 18:00:45] Vehicle ID 0 (Slot ID 505) Maintainence fee cost $3,500 to RAF's budget fund.
[2018/1/13 - 18:00:45] Vehicle ID 0 (Slot ID 548) Maintainence fee cost $3,500 to RAF's budget fund.
[2018/1/13 - 18:00:45] Vehicle ID 0 (Slot ID 570) Maintainence fee cost $3,500 to RAF's budget fund.
[2018/1/13 - 18:00:45] Vehicle ID 0 (Slot ID 582) Maintainence fee cost $3,500 to RAF's budget fund.
[2018/1/13 - 18:00:45] Vehicle ID 65535 (Slot ID 595) Maintainence fee cost $6,500 to RAF's budget fund.
[2018/1/13 - 18:00:45] Vehicle ID 0 (Slot ID 597) Maintainence fee cost $3,000 to RAF's budget fund.
[2018/1/13 - 18:00:45] Vehicle ID 0 (Slot ID 600) Maintainence fee cost $2,000 to RAF's budget fund.
[2018/1/13 - 18:00:45] Vehicle ID 346 (Slot ID 610) Maintainence fee cost $0 to RAF's budget fund.
[2018/1/13 - 18:00:45] Vehicle ID 429 (Slot ID 613) Maintainence fee cost $0 to RAF's budget fund.
[2018/1/13 - 18:00:45] Vehicle ID 0 (Slot ID 616) Maintainence fee cost $0 to RAF's budget fund.
[2018/1/13 - 18:00:45] Vehicle ID 0 (Slot ID 639) Maintainence fee cost $0 to RAF's budget fund.
[2018/1/13 - 18:00:45] Vehicle ID 65535 (Slot ID 667) Maintainence fee cost $0 to RAF's budget fund.
[2018/1/13 - 18:00:45] Vehicle ID 65535 (Slot ID 679) Maintainence fee cost $6,500 to RAF's budget fund.
[2018/1/13 - 19:00:26] The faction vault is at $112,183.
[2018/1/13 - 19:00:26] Vehicle ID 65535 (Slot ID 41) Maintainence fee cost $5,500 to RAF's budget fund.
[2018/1/13 - 19:00:26] Vehicle ID 0 (Slot ID 54) Maintainence fee cost $3,000 to RAF's budget fund.
[2018/1/13 - 19:00:26] Vehicle ID 65535 (Slot ID 57) Maintainence fee cost $5,000 to RAF's budget fund.
[2018/1/13 - 19:00:26] Vehicle ID 0 (Slot ID 62) Maintainence fee cost $500 to RAF's budget fund.
[2018/1/13 - 19:00:26] Vehicle ID 65535 (Slot ID 63) Maintainence fee cost $5,500 to RAF's budget fund.
[2018/1/13 - 19:00:26] Vehicle ID 0 (Slot ID 82) Maintainence fee cost $3,000 to RAF's budget fund.
[2018/1/13 - 19:00:26] Vehicle ID 0 (Slot ID 87) Maintainence fee cost $3,000 to RAF's budget fund.
[2018/1/13 - 19:00:26] Vehicle ID 0 (Slot ID 91) Maintainence fee cost $2,500 to RAF's budget fund.
[2018/1/13 - 19:00:26] Vehicle ID 0 (Slot ID 92) Maintainence fee cost $2,500 to RAF's budget fund.
[2018/1/13 - 19:00:26] Vehicle ID 0 (Slot ID 169) Maintainence fee cost $2,500 to RAF's budget fund.
[2018/1/13 - 19:00:26] Vehicle ID 65535 (Slot ID 180) Maintainence fee cost $4,500 to RAF's budget fund.
[2018/1/13 - 19:00:26] Vehicle ID 65535 (Slot ID 229) Maintainence fee cost $6,500 to RAF's budget fund.
[2018/1/13 - 19:00:26] Vehicle ID 65535 (Slot ID 252) Maintainence fee cost $5,500 to RAF's budget fund.
[2018/1/13 - 19:00:26] Vehicle ID 0 (Slot ID 259) Maintainence fee cost $2,500 to RAF's budget fund.
[2018/1/13 - 19:00:26] Vehicle ID 0 (Slot ID 285) Maintainence fee cost $2,500 to RAF's budget fund.
[2018/1/13 - 19:00:26] Vehicle ID 0 (Slot ID 286) Maintainence fee cost $2,500 to RAF's budget fund.
[2018/1/13 - 19:00:26] Vehicle ID 0 (Slot ID 367) Maintainence fee cost $3,500 to RAF's budget fund.
[2018/1/13 - 19:00:26] Vehicle ID 0 (Slot ID 411) Maintainence fee cost $3,500 to RAF's budget fund.
[2018/1/13 - 19:00:26] Vehicle ID 65535 (Slot ID 415) Maintainence fee cost $5,500 to RAF's budget fund.
[2018/1/13 - 19:00:26] Vehicle ID 65535 (Slot ID 419) Maintainence fee cost $4,500 to RAF's budget fund.
[2018/1/13 - 19:00:26] Vehicle ID 65535 (Slot ID 452) Maintainence fee cost $6,500 to RAF's budget fund.
[2018/1/13 - 19:00:26] Vehicle ID 0 (Slot ID 498) Maintainence fee cost $3,500 to RAF's budget fund.
[2018/1/13 - 19:00:26] Vehicle ID 0 (Slot ID 502) Maintainence fee cost $2,500 to RAF's budget fund.
[2018/1/13 - 19:00:26] Vehicle ID 0 (Slot ID 505) Maintainence fee cost $3,500 to RAF's budget fund.
[2018/1/13 - 19:00:26] Vehicle ID 0 (Slot ID 548) Maintainence fee cost $3,500 to RAF's budget fund.
[2018/1/13 - 19:00:26] Vehicle ID 0 (Slot ID 570) Maintainence fee cost $3,500 to RAF's budget fund.
[2018/1/13 - 19:00:26] Vehicle ID 0 (Slot ID 582) Maintainence fee cost $3,500 to RAF's budget fund.
[2018/1/13 - 19:00:26] Vehicle ID 65535 (Slot ID 595) Maintainence fee cost $6,500 to RAF's budget fund.
[2018/1/13 - 19:00:26] Vehicle ID 0 (Slot ID 597) Maintainence fee cost $3,000 to RAF's budget fund.
[2018/1/13 - 19:00:26] Vehicle ID 0 (Slot ID 600) Maintainence fee cost $2,000 to RAF's budget fund.
[2018/1/13 - 19:00:26] Vehicle ID 346 (Slot ID 610) Maintainence fee cost $0 to RAF's budget fund.
[2018/1/13 - 19:00:26] Vehicle ID 429 (Slot ID 613) Maintainence fee cost $0 to RAF's budget fund.
[2018/1/13 - 19:00:26] Vehicle ID 0 (Slot ID 616) Maintainence fee cost $0 to RAF's budget fund.
[2018/1/13 - 19:00:26] Vehicle ID 0 (Slot ID 639) Maintainence fee cost $0 to RAF's budget fund.
[2018/1/13 - 19:00:26] Vehicle ID 65535 (Slot ID 667) Maintainence fee cost $0 to RAF's budget fund.
[2018/1/13 - 20:00:04] The faction vault is at $26,783.
[2018/1/13 - 20:00:04] Vehicle ID 65535 (Slot ID 41) Maintainence fee cost $5,500 to RAF's budget fund.
[2018/1/13 - 20:00:04] Vehicle ID 0 (Slot ID 54) Maintainence fee cost $3,000 to RAF's budget fund.
[2018/1/13 - 20:00:04] Vehicle ID 65535 (Slot ID 57) Maintainence fee cost $5,000 to RAF's budget fund.
[2018/1/13 - 20:00:04] Vehicle ID 0 (Slot ID 62) Maintainence fee cost $500 to RAF's budget fund.
[2018/1/13 - 20:00:04] Vehicle ID 65535 (Slot ID 63) Maintainence fee cost $5,500 to RAF's budget fund.
[2018/1/13 - 20:00:04] Vehicle ID 0 (Slot ID 82) Maintainence fee cost $3,000 to RAF's budget fund.
[2018/1/13 - 20:00:04] Vehicle ID 0 (Slot ID 87) Maintainence fee cost $3,000 to RAF's budget fund.
[2018/1/13 - 20:00:04] Vehicle ID 346 (Slot ID 610) Maintainence fee cost $0 to RAF's budget fund.
[2018/1/13 - 20:00:04] Vehicle ID 429 (Slot ID 613) Maintainence fee cost $0 to RAF's budget fund.
[2018/1/13 - 20:00:04] Vehicle ID 0 (Slot ID 616) Maintainence fee cost $0 to RAF's budget fund.
[2018/1/13 - 20:00:04] Vehicle ID 0 (Slot ID 639) Maintainence fee cost $0 to RAF's budget fund.
[2018/1/13 - 20:00:04] Vehicle ID 65535 (Slot ID 667) Maintainence fee cost $0 to RAF's budget fund.
[2018/1/13 - 21:00:56] The faction vault is at $36,083.
[2018/1/13 - 21:00:56] Vehicle ID 65535 (Slot ID 41) Maintainence fee cost $5,500 to RAF's budget fund.
[2018/1/13 - 21:00:56] Vehicle ID 0 (Slot ID 54) Maintainence fee cost $3,000 to RAF's budget fund.
[2018/1/13 - 21:00:56] Vehicle ID 65535 (Slot ID 57) Maintainence fee cost $5,000 to RAF's budget fund.
[2018/1/13 - 21:00:56] Vehicle ID 0 (Slot ID 62) Maintainence fee cost $500 to RAF's budget fund.
[2018/1/13 - 21:00:56] Vehicle ID 65535 (Slot ID 63) Maintainence fee cost $5,500 to RAF's budget fund.
[2018/1/13 - 21:00:56] Vehicle ID 0 (Slot ID 82) Maintainence fee cost $3,000 to RAF's budget fund.
[2018/1/13 - 21:00:56] Vehicle ID 0 (Slot ID 87) Maintainence fee cost $3,000 to RAF's budget fund.
[2018/1/13 - 21:00:56] Vehicle ID 0 (Slot ID 91) Maintainence fee cost $2,500 to RAF's budget fund.
[2018/1/13 - 21:00:56] Vehicle ID 0 (Slot ID 92) Maintainence fee cost $2,500 to RAF's budget fund.
[2018/1/13 - 21:00:56] Vehicle ID 0 (Slot ID 169) Maintainence fee cost $2,500 to RAF's budget fund.
[2018/1/13 - 21:00:56] Vehicle ID 0 (Slot ID 259) Maintainence fee cost $2,500 to RAF's budget fund.
[2018/1/13 - 21:00:56] Vehicle ID 346 (Slot ID 610) Maintainence fee cost $0 to RAF's budget fund.
[2018/1/13 - 21:00:56] Vehicle ID 429 (Slot ID 613) Maintainence fee cost $0 to RAF's budget fund.
[2018/1/13 - 21:00:56] Vehicle ID 0 (Slot ID 616) Maintainence fee cost $0 to RAF's budget fund.
[2018/1/13 - 21:00:56] Vehicle ID 0 (Slot ID 639) Maintainence fee cost $0 to RAF's budget fund.
[2018/1/13 - 21:00:56] Vehicle ID 65535 (Slot ID 667) Maintainence fee cost $0 to RAF's budget fund.
[2018/1/13 - 22:00:37] The faction vault is at $21,783.
[2018/1/13 - 22:00:37] Vehicle ID 65535 (Slot ID 41) Maintainence fee cost $5,500 to RAF's budget fund.
[2018/1/13 - 22:00:37] Vehicle ID 0 (Slot ID 54) Maintainence fee cost $3,000 to RAF's budget fund.
[2018/1/13 - 22:00:37] Vehicle ID 65535 (Slot ID 57) Maintainence fee cost $5,000 to RAF's budget fund.
[2018/1/13 - 22:00:37] Vehicle ID 0 (Slot ID 62) Maintainence fee cost $500 to RAF's budget fund.
[2018/1/13 - 22:00:37] Vehicle ID 65535 (Slot ID 63) Maintainence fee cost $5,500 to RAF's budget fund.
[2018/1/13 - 22:00:37] Vehicle ID 0 (Slot ID 600) Maintainence fee cost $2,000 to RAF's budget fund.
[2018/1/13 - 22:00:37] Vehicle ID 346 (Slot ID 610) Maintainence fee cost $0 to RAF's budget fund.
[2018/1/13 - 22:00:37] Vehicle ID 429 (Slot ID 613) Maintainence fee cost $0 to RAF's budget fund.
[2018/1/13 - 22:00:37] Vehicle ID 0 (Slot ID 616) Maintainence fee cost $0 to RAF's budget fund.
[2018/1/13 - 22:00:37] Vehicle ID 0 (Slot ID 639) Maintainence fee cost $0 to RAF's budget fund.
[2018/1/13 - 22:00:37] Vehicle ID 65535 (Slot ID 667) Maintainence fee cost $0 to RAF's budget fund.
[2018/1/13 - 23:00:22] The faction vault is at $20,083.
[2018/1/13 - 23:00:22] Vehicle ID 65535 (Slot ID 41) Maintainence fee cost $5,500 to RAF's budget fund.
[2018/1/13 - 23:00:22] Vehicle ID 0 (Slot ID 54) Maintainence fee cost $3,000 to RAF's budget fund.
[2018/1/13 - 23:00:22] Vehicle ID 65535 (Slot ID 57) Maintainence fee cost $5,000 to RAF's budget fund.
[2018/1/13 - 23:00:22] Vehicle ID 0 (Slot ID 62) Maintainence fee cost $500 to RAF's budget fund.
[2018/1/13 - 23:00:22] Vehicle ID 65535 (Slot ID 63) Maintainence fee cost $5,500 to RAF's budget fund.
[2018/1/13 - 23:00:22] Vehicle ID 346 (Slot ID 610) Maintainence fee cost $0 to RAF's budget fund.
[2018/1/13 - 23:00:22] Vehicle ID 429 (Slot ID 613) Maintainence fee cost $0 to RAF's budget fund.
[2018/1/13 - 23:00:22] Vehicle ID 0 (Slot ID 616) Maintainence fee cost $0 to RAF's budget fund.
[2018/1/13 - 23:00:22] Vehicle ID 0 (Slot ID 639) Maintainence fee cost $0 to RAF's budget fund.
[2018/1/13 - 23:00:22] Vehicle ID 65535 (Slot ID 667) Maintainence fee cost $0 to RAF's budget fund.
