[2018/1/22 - 0:00:03] The faction vault is at $482.
[2018/1/22 - 0:00:03] Vehicle ID 458 (Slot ID 610) Maintainence fee cost $0 to RAF's budget fund.
[2018/1/22 - 0:00:03] Vehicle ID 459 (Slot ID 613) Maintainence fee cost $0 to RAF's budget fund.
[2018/1/22 - 0:00:03] Vehicle ID 0 (Slot ID 616) Maintainence fee cost $0 to RAF's budget fund.
[2018/1/22 - 0:00:03] Vehicle ID 0 (Slot ID 639) Maintainence fee cost $0 to RAF's budget fund.
[2018/1/22 - 0:00:03] Vehicle ID 65535 (Slot ID 667) Maintainence fee cost $0 to RAF's budget fund.
[2018/1/22 - 1:00:51] The faction vault is at $5,082.
[2018/1/22 - 1:00:51] Vehicle ID 0 (Slot ID 54) Maintainence fee cost $3,000 to RAF's budget fund.
[2018/1/22 - 1:00:51] Vehicle ID 0 (Slot ID 62) Maintainence fee cost $500 to RAF's budget fund.
[2018/1/22 - 1:00:51] Vehicle ID 458 (Slot ID 610) Maintainence fee cost $0 to RAF's budget fund.
[2018/1/22 - 1:00:51] Vehicle ID 459 (Slot ID 613) Maintainence fee cost $0 to RAF's budget fund.
[2018/1/22 - 1:00:51] Vehicle ID 0 (Slot ID 616) Maintainence fee cost $0 to RAF's budget fund.
[2018/1/22 - 1:00:51] Vehicle ID 0 (Slot ID 639) Maintainence fee cost $0 to RAF's budget fund.
[2018/1/22 - 1:00:51] Vehicle ID 65535 (Slot ID 667) Maintainence fee cost $0 to RAF's budget fund.
[2018/1/22 - 2:00:47] The faction vault is at $37,182.
[2018/1/22 - 2:00:47] Vehicle ID 65535 (Slot ID 41) Maintainence fee cost $5,500 to RAF's budget fund.
[2018/1/22 - 2:00:47] Vehicle ID 0 (Slot ID 54) Maintainence fee cost $3,000 to RAF's budget fund.
[2018/1/22 - 2:00:47] Vehicle ID 65535 (Slot ID 57) Maintainence fee cost $5,000 to RAF's budget fund.
[2018/1/22 - 2:00:47] Vehicle ID 0 (Slot ID 62) Maintainence fee cost $500 to RAF's budget fund.
[2018/1/22 - 2:00:47] Vehicle ID 65535 (Slot ID 63) Maintainence fee cost $5,500 to RAF's budget fund.
[2018/1/22 - 2:00:47] Vehicle ID 0 (Slot ID 82) Maintainence fee cost $3,000 to RAF's budget fund.
[2018/1/22 - 2:00:47] Vehicle ID 0 (Slot ID 87) Maintainence fee cost $3,000 to RAF's budget fund.
[2018/1/22 - 2:00:47] Vehicle ID 0 (Slot ID 91) Maintainence fee cost $2,500 to RAF's budget fund.
[2018/1/22 - 2:00:47] Vehicle ID 0 (Slot ID 92) Maintainence fee cost $2,500 to RAF's budget fund.
[2018/1/22 - 2:00:47] Vehicle ID 0 (Slot ID 169) Maintainence fee cost $2,500 to RAF's budget fund.
[2018/1/22 - 2:00:47] Vehicle ID 0 (Slot ID 259) Maintainence fee cost $2,500 to RAF's budget fund.
[2018/1/22 - 2:00:47] Vehicle ID 458 (Slot ID 610) Maintainence fee cost $0 to RAF's budget fund.
[2018/1/22 - 2:00:47] Vehicle ID 459 (Slot ID 613) Maintainence fee cost $0 to RAF's budget fund.
[2018/1/22 - 2:00:47] Vehicle ID 0 (Slot ID 616) Maintainence fee cost $0 to RAF's budget fund.
[2018/1/22 - 2:00:47] Vehicle ID 0 (Slot ID 639) Maintainence fee cost $0 to RAF's budget fund.
[2018/1/22 - 2:00:47] Vehicle ID 65535 (Slot ID 667) Maintainence fee cost $0 to RAF's budget fund.
[2018/1/22 - 3:00:48] The faction vault is at $26,082.
[2018/1/22 - 3:00:48] Vehicle ID 65535 (Slot ID 41) Maintainence fee cost $5,500 to RAF's budget fund.
[2018/1/22 - 3:00:48] Vehicle ID 0 (Slot ID 54) Maintainence fee cost $3,000 to RAF's budget fund.
[2018/1/22 - 3:00:48] Vehicle ID 65535 (Slot ID 57) Maintainence fee cost $5,000 to RAF's budget fund.
[2018/1/22 - 3:00:48] Vehicle ID 0 (Slot ID 62) Maintainence fee cost $500 to RAF's budget fund.
[2018/1/22 - 3:00:48] Vehicle ID 65535 (Slot ID 63) Maintainence fee cost $5,500 to RAF's budget fund.
[2018/1/22 - 3:00:48] Vehicle ID 0 (Slot ID 82) Maintainence fee cost $3,000 to RAF's budget fund.
[2018/1/22 - 3:00:48] Vehicle ID 0 (Slot ID 87) Maintainence fee cost $3,000 to RAF's budget fund.
[2018/1/22 - 3:00:48] Vehicle ID 458 (Slot ID 610) Maintainence fee cost $0 to RAF's budget fund.
[2018/1/22 - 3:00:48] Vehicle ID 459 (Slot ID 613) Maintainence fee cost $0 to RAF's budget fund.
[2018/1/22 - 3:00:48] Vehicle ID 0 (Slot ID 616) Maintainence fee cost $0 to RAF's budget fund.
[2018/1/22 - 3:00:48] Vehicle ID 0 (Slot ID 639) Maintainence fee cost $0 to RAF's budget fund.
[2018/1/22 - 3:00:48] Vehicle ID 65535 (Slot ID 667) Maintainence fee cost $0 to RAF's budget fund.
[2018/1/22 - 4:00:03] The faction vault is at $7,182.
[2018/1/22 - 4:00:03] Vehicle ID 65535 (Slot ID 41) Maintainence fee cost $5,500 to RAF's budget fund.
[2018/1/22 - 4:00:03] Vehicle ID 0 (Slot ID 62) Maintainence fee cost $500 to RAF's budget fund.
[2018/1/22 - 4:00:03] Vehicle ID 458 (Slot ID 610) Maintainence fee cost $0 to RAF's budget fund.
[2018/1/22 - 4:00:03] Vehicle ID 459 (Slot ID 613) Maintainence fee cost $0 to RAF's budget fund.
[2018/1/22 - 4:00:03] Vehicle ID 0 (Slot ID 616) Maintainence fee cost $0 to RAF's budget fund.
[2018/1/22 - 4:00:03] Vehicle ID 0 (Slot ID 639) Maintainence fee cost $0 to RAF's budget fund.
[2018/1/22 - 4:00:03] Vehicle ID 65535 (Slot ID 667) Maintainence fee cost $0 to RAF's budget fund.
[2018/1/22 - 5:00:09] The faction vault is at $7,582.
[2018/1/22 - 5:00:09] Vehicle ID 65535 (Slot ID 41) Maintainence fee cost $5,500 to RAF's budget fund.
[2018/1/22 - 5:00:09] Vehicle ID 0 (Slot ID 62) Maintainence fee cost $500 to RAF's budget fund.
[2018/1/22 - 5:00:09] Vehicle ID 458 (Slot ID 610) Maintainence fee cost $0 to RAF's budget fund.
[2018/1/22 - 5:00:09] Vehicle ID 459 (Slot ID 613) Maintainence fee cost $0 to RAF's budget fund.
[2018/1/22 - 5:00:09] Vehicle ID 0 (Slot ID 616) Maintainence fee cost $0 to RAF's budget fund.
[2018/1/22 - 5:00:09] Vehicle ID 0 (Slot ID 639) Maintainence fee cost $0 to RAF's budget fund.
[2018/1/22 - 5:00:09] Vehicle ID 65535 (Slot ID 667) Maintainence fee cost $0 to RAF's budget fund.
[2018/1/22 - 6:01:00] The faction vault is at $10,382.
[2018/1/22 - 6:01:00] Vehicle ID 65535 (Slot ID 41) Maintainence fee cost $5,500 to RAF's budget fund.
[2018/1/22 - 6:01:00] Vehicle ID 0 (Slot ID 54) Maintainence fee cost $3,000 to RAF's budget fund.
[2018/1/22 - 6:01:00] Vehicle ID 0 (Slot ID 62) Maintainence fee cost $500 to RAF's budget fund.
[2018/1/22 - 6:01:00] Vehicle ID 458 (Slot ID 610) Maintainence fee cost $0 to RAF's budget fund.
[2018/1/22 - 6:01:00] Vehicle ID 459 (Slot ID 613) Maintainence fee cost $0 to RAF's budget fund.
[2018/1/22 - 6:01:00] Vehicle ID 0 (Slot ID 616) Maintainence fee cost $0 to RAF's budget fund.
[2018/1/22 - 6:01:00] Vehicle ID 0 (Slot ID 639) Maintainence fee cost $0 to RAF's budget fund.
[2018/1/22 - 6:01:00] Vehicle ID 65535 (Slot ID 667) Maintainence fee cost $0 to RAF's budget fund.
[2018/1/22 - 7:00:53] The faction vault is at $11,982.
[2018/1/22 - 7:00:53] Vehicle ID 65535 (Slot ID 41) Maintainence fee cost $5,500 to RAF's budget fund.
[2018/1/22 - 7:00:53] Vehicle ID 0 (Slot ID 54) Maintainence fee cost $3,000 to RAF's budget fund.
[2018/1/22 - 7:00:53] Vehicle ID 0 (Slot ID 62) Maintainence fee cost $500 to RAF's budget fund.
[2018/1/22 - 7:00:53] Vehicle ID 0 (Slot ID 91) Maintainence fee cost $2,500 to RAF's budget fund.
[2018/1/22 - 7:00:53] Vehicle ID 458 (Slot ID 610) Maintainence fee cost $0 to RAF's budget fund.
[2018/1/22 - 7:00:53] Vehicle ID 459 (Slot ID 613) Maintainence fee cost $0 to RAF's budget fund.
[2018/1/22 - 7:00:53] Vehicle ID 0 (Slot ID 616) Maintainence fee cost $0 to RAF's budget fund.
[2018/1/22 - 7:00:53] Vehicle ID 0 (Slot ID 639) Maintainence fee cost $0 to RAF's budget fund.
[2018/1/22 - 7:00:53] Vehicle ID 65535 (Slot ID 667) Maintainence fee cost $0 to RAF's budget fund.
[2018/1/22 - 8:00:48] The faction vault is at $11,482.
[2018/1/22 - 8:00:48] Vehicle ID 65535 (Slot ID 41) Maintainence fee cost $5,500 to RAF's budget fund.
[2018/1/22 - 8:00:48] Vehicle ID 0 (Slot ID 54) Maintainence fee cost $3,000 to RAF's budget fund.
[2018/1/22 - 8:00:48] Vehicle ID 0 (Slot ID 62) Maintainence fee cost $500 to RAF's budget fund.
[2018/1/22 - 8:00:48] Vehicle ID 0 (Slot ID 600) Maintainence fee cost $2,000 to RAF's budget fund.
[2018/1/22 - 8:00:48] Vehicle ID 458 (Slot ID 610) Maintainence fee cost $0 to RAF's budget fund.
[2018/1/22 - 8:00:48] Vehicle ID 459 (Slot ID 613) Maintainence fee cost $0 to RAF's budget fund.
[2018/1/22 - 8:00:48] Vehicle ID 0 (Slot ID 616) Maintainence fee cost $0 to RAF's budget fund.
[2018/1/22 - 8:00:48] Vehicle ID 0 (Slot ID 639) Maintainence fee cost $0 to RAF's budget fund.
[2018/1/22 - 8:00:48] Vehicle ID 65535 (Slot ID 667) Maintainence fee cost $0 to RAF's budget fund.
[2018/1/22 - 9:00:44] The faction vault is at $4,082.
[2018/1/22 - 9:00:44] Vehicle ID 0 (Slot ID 54) Maintainence fee cost $3,000 to RAF's budget fund.
[2018/1/22 - 9:00:44] Vehicle ID 0 (Slot ID 62) Maintainence fee cost $500 to RAF's budget fund.
[2018/1/22 - 9:00:44] Vehicle ID 458 (Slot ID 610) Maintainence fee cost $0 to RAF's budget fund.
[2018/1/22 - 9:00:44] Vehicle ID 459 (Slot ID 613) Maintainence fee cost $0 to RAF's budget fund.
[2018/1/22 - 9:00:44] Vehicle ID 0 (Slot ID 616) Maintainence fee cost $0 to RAF's budget fund.
[2018/1/22 - 9:00:44] Vehicle ID 0 (Slot ID 639) Maintainence fee cost $0 to RAF's budget fund.
[2018/1/22 - 9:00:44] Vehicle ID 65535 (Slot ID 667) Maintainence fee cost $0 to RAF's budget fund.
[2018/1/22 - 10:00:44] The faction vault is at $582.
[2018/1/22 - 10:00:44] Vehicle ID 0 (Slot ID 62) Maintainence fee cost $500 to RAF's budget fund.
[2018/1/22 - 10:00:44] Vehicle ID 456 (Slot ID 610) Maintainence fee cost $0 to RAF's budget fund.
[2018/1/22 - 10:00:44] Vehicle ID 457 (Slot ID 613) Maintainence fee cost $0 to RAF's budget fund.
[2018/1/22 - 10:00:44] Vehicle ID 0 (Slot ID 616) Maintainence fee cost $0 to RAF's budget fund.
[2018/1/22 - 10:00:44] Vehicle ID 0 (Slot ID 639) Maintainence fee cost $0 to RAF's budget fund.
[2018/1/22 - 10:00:44] Vehicle ID 65535 (Slot ID 667) Maintainence fee cost $0 to RAF's budget fund.
[2018/1/22 - 11:00:06] The faction vault is at $5,882.
[2018/1/22 - 11:00:06] Vehicle ID 65535 (Slot ID 41) Maintainence fee cost $5,500 to RAF's budget fund.
[2018/1/22 - 11:00:06] Vehicle ID 456 (Slot ID 610) Maintainence fee cost $0 to RAF's budget fund.
[2018/1/22 - 11:00:06] Vehicle ID 457 (Slot ID 613) Maintainence fee cost $0 to RAF's budget fund.
[2018/1/22 - 11:00:06] Vehicle ID 0 (Slot ID 616) Maintainence fee cost $0 to RAF's budget fund.
[2018/1/22 - 11:00:06] Vehicle ID 0 (Slot ID 639) Maintainence fee cost $0 to RAF's budget fund.
[2018/1/22 - 11:00:06] Vehicle ID 65535 (Slot ID 667) Maintainence fee cost $0 to RAF's budget fund.
[2018/1/22 - 12:00:20] The faction vault is at $12,982.
[2018/1/22 - 12:00:20] NE Gov Paid $175,000 to RAF budget fund.
[2018/1/22 - 12:00:20] Vehicle ID 65535 (Slot ID 41) Maintainence fee cost $5,500 to RAF's budget fund.
[2018/1/22 - 12:00:20] Vehicle ID 0 (Slot ID 54) Maintainence fee cost $3,000 to RAF's budget fund.
[2018/1/22 - 12:00:20] Vehicle ID 65535 (Slot ID 57) Maintainence fee cost $5,000 to RAF's budget fund.
[2018/1/22 - 12:00:20] Vehicle ID 0 (Slot ID 62) Maintainence fee cost $500 to RAF's budget fund.
[2018/1/22 - 12:00:20] Vehicle ID 65535 (Slot ID 63) Maintainence fee cost $5,500 to RAF's budget fund.
[2018/1/22 - 12:00:20] Vehicle ID 0 (Slot ID 82) Maintainence fee cost $3,000 to RAF's budget fund.
[2018/1/22 - 12:00:20] Vehicle ID 0 (Slot ID 87) Maintainence fee cost $3,000 to RAF's budget fund.
[2018/1/22 - 12:00:20] Vehicle ID 0 (Slot ID 91) Maintainence fee cost $2,500 to RAF's budget fund.
[2018/1/22 - 12:00:20] Vehicle ID 0 (Slot ID 92) Maintainence fee cost $2,500 to RAF's budget fund.
[2018/1/22 - 12:00:20] Vehicle ID 0 (Slot ID 169) Maintainence fee cost $2,500 to RAF's budget fund.
[2018/1/22 - 12:00:20] Vehicle ID 65535 (Slot ID 180) Maintainence fee cost $4,500 to RAF's budget fund.
[2018/1/22 - 12:00:20] Vehicle ID 65535 (Slot ID 229) Maintainence fee cost $6,500 to RAF's budget fund.
[2018/1/22 - 12:00:20] Vehicle ID 65535 (Slot ID 252) Maintainence fee cost $5,500 to RAF's budget fund.
[2018/1/22 - 12:00:20] Vehicle ID 0 (Slot ID 259) Maintainence fee cost $2,500 to RAF's budget fund.
[2018/1/22 - 12:00:20] Vehicle ID 0 (Slot ID 285) Maintainence fee cost $2,500 to RAF's budget fund.
[2018/1/22 - 12:00:20] Vehicle ID 0 (Slot ID 286) Maintainence fee cost $2,500 to RAF's budget fund.
[2018/1/22 - 12:00:20] Vehicle ID 0 (Slot ID 367) Maintainence fee cost $3,500 to RAF's budget fund.
[2018/1/22 - 12:00:20] Vehicle ID 0 (Slot ID 411) Maintainence fee cost $3,500 to RAF's budget fund.
[2018/1/22 - 12:00:20] Vehicle ID 65535 (Slot ID 415) Maintainence fee cost $5,500 to RAF's budget fund.
[2018/1/22 - 12:00:20] Vehicle ID 65535 (Slot ID 419) Maintainence fee cost $4,500 to RAF's budget fund.
[2018/1/22 - 12:00:20] Vehicle ID 65535 (Slot ID 452) Maintainence fee cost $6,500 to RAF's budget fund.
[2018/1/22 - 12:00:20] Vehicle ID 0 (Slot ID 498) Maintainence fee cost $3,500 to RAF's budget fund.
[2018/1/22 - 12:00:20] Vehicle ID 0 (Slot ID 502) Maintainence fee cost $2,500 to RAF's budget fund.
[2018/1/22 - 12:00:20] Vehicle ID 0 (Slot ID 505) Maintainence fee cost $3,500 to RAF's budget fund.
[2018/1/22 - 12:00:20] Vehicle ID 0 (Slot ID 548) Maintainence fee cost $3,500 to RAF's budget fund.
[2018/1/22 - 12:00:20] Vehicle ID 0 (Slot ID 570) Maintainence fee cost $3,500 to RAF's budget fund.
[2018/1/22 - 12:00:20] Vehicle ID 0 (Slot ID 582) Maintainence fee cost $3,500 to RAF's budget fund.
[2018/1/22 - 12:00:20] Vehicle ID 65535 (Slot ID 595) Maintainence fee cost $6,500 to RAF's budget fund.
[2018/1/22 - 12:00:20] Vehicle ID 0 (Slot ID 597) Maintainence fee cost $3,000 to RAF's budget fund.
[2018/1/22 - 12:00:20] Vehicle ID 0 (Slot ID 600) Maintainence fee cost $2,000 to RAF's budget fund.
[2018/1/22 - 12:00:20] Vehicle ID 456 (Slot ID 610) Maintainence fee cost $0 to RAF's budget fund.
[2018/1/22 - 12:00:20] Vehicle ID 457 (Slot ID 613) Maintainence fee cost $0 to RAF's budget fund.
[2018/1/22 - 12:00:20] Vehicle ID 0 (Slot ID 616) Maintainence fee cost $0 to RAF's budget fund.
[2018/1/22 - 12:00:20] Vehicle ID 0 (Slot ID 639) Maintainence fee cost $0 to RAF's budget fund.
[2018/1/22 - 12:00:20] Vehicle ID 65535 (Slot ID 667) Maintainence fee cost $0 to RAF's budget fund.
[2018/1/22 - 12:00:20] Vehicle ID 65535 (Slot ID 679) Maintainence fee cost $6,500 to RAF's budget fund.
[2018/1/22 - 13:00:22] The faction vault is at $84,282.
[2018/1/22 - 13:00:22] Vehicle ID 65535 (Slot ID 41) Maintainence fee cost $5,500 to RAF's budget fund.
[2018/1/22 - 13:00:22] Vehicle ID 0 (Slot ID 54) Maintainence fee cost $3,000 to RAF's budget fund.
[2018/1/22 - 13:00:22] Vehicle ID 65535 (Slot ID 57) Maintainence fee cost $5,000 to RAF's budget fund.
[2018/1/22 - 13:00:22] Vehicle ID 0 (Slot ID 62) Maintainence fee cost $500 to RAF's budget fund.
[2018/1/22 - 13:00:22] Vehicle ID 65535 (Slot ID 63) Maintainence fee cost $5,500 to RAF's budget fund.
[2018/1/22 - 13:00:22] Vehicle ID 0 (Slot ID 82) Maintainence fee cost $3,000 to RAF's budget fund.
[2018/1/22 - 13:00:22] Vehicle ID 0 (Slot ID 87) Maintainence fee cost $3,000 to RAF's budget fund.
[2018/1/22 - 13:00:22] Vehicle ID 0 (Slot ID 91) Maintainence fee cost $2,500 to RAF's budget fund.
[2018/1/22 - 13:00:22] Vehicle ID 0 (Slot ID 92) Maintainence fee cost $2,500 to RAF's budget fund.
[2018/1/22 - 13:00:22] Vehicle ID 0 (Slot ID 169) Maintainence fee cost $2,500 to RAF's budget fund.
[2018/1/22 - 13:00:22] Vehicle ID 65535 (Slot ID 180) Maintainence fee cost $4,500 to RAF's budget fund.
[2018/1/22 - 13:00:22] Vehicle ID 65535 (Slot ID 229) Maintainence fee cost $6,500 to RAF's budget fund.
[2018/1/22 - 13:00:22] Vehicle ID 65535 (Slot ID 252) Maintainence fee cost $5,500 to RAF's budget fund.
[2018/1/22 - 13:00:22] Vehicle ID 0 (Slot ID 259) Maintainence fee cost $2,500 to RAF's budget fund.
[2018/1/22 - 13:00:22] Vehicle ID 0 (Slot ID 285) Maintainence fee cost $2,500 to RAF's budget fund.
[2018/1/22 - 13:00:22] Vehicle ID 0 (Slot ID 286) Maintainence fee cost $2,500 to RAF's budget fund.
[2018/1/22 - 13:00:22] Vehicle ID 0 (Slot ID 367) Maintainence fee cost $3,500 to RAF's budget fund.
[2018/1/22 - 13:00:22] Vehicle ID 0 (Slot ID 411) Maintainence fee cost $3,500 to RAF's budget fund.
[2018/1/22 - 13:00:22] Vehicle ID 65535 (Slot ID 415) Maintainence fee cost $5,500 to RAF's budget fund.
[2018/1/22 - 13:00:22] Vehicle ID 65535 (Slot ID 419) Maintainence fee cost $4,500 to RAF's budget fund.
[2018/1/22 - 13:00:22] Vehicle ID 65535 (Slot ID 452) Maintainence fee cost $6,500 to RAF's budget fund.
[2018/1/22 - 13:00:22] Vehicle ID 0 (Slot ID 498) Maintainence fee cost $3,500 to RAF's budget fund.
[2018/1/22 - 13:00:22] Vehicle ID 456 (Slot ID 610) Maintainence fee cost $0 to RAF's budget fund.
[2018/1/22 - 13:00:22] Vehicle ID 457 (Slot ID 613) Maintainence fee cost $0 to RAF's budget fund.
[2018/1/22 - 13:00:22] Vehicle ID 0 (Slot ID 616) Maintainence fee cost $0 to RAF's budget fund.
[2018/1/22 - 13:00:22] Vehicle ID 0 (Slot ID 639) Maintainence fee cost $0 to RAF's budget fund.
[2018/1/22 - 13:00:22] Vehicle ID 65535 (Slot ID 667) Maintainence fee cost $0 to RAF's budget fund.
[2018/1/22 - 14:00:16] The faction vault is at $8,482.
[2018/1/22 - 14:00:16] Vehicle ID 65535 (Slot ID 41) Maintainence fee cost $5,500 to RAF's budget fund.
[2018/1/22 - 14:00:16] Vehicle ID 0 (Slot ID 62) Maintainence fee cost $500 to RAF's budget fund.
[2018/1/22 - 14:00:16] Vehicle ID 0 (Slot ID 600) Maintainence fee cost $2,000 to RAF's budget fund.
[2018/1/22 - 14:00:16] Vehicle ID 456 (Slot ID 610) Maintainence fee cost $0 to RAF's budget fund.
[2018/1/22 - 14:00:16] Vehicle ID 457 (Slot ID 613) Maintainence fee cost $0 to RAF's budget fund.
[2018/1/22 - 14:00:16] Vehicle ID 0 (Slot ID 616) Maintainence fee cost $0 to RAF's budget fund.
[2018/1/22 - 14:00:16] Vehicle ID 0 (Slot ID 639) Maintainence fee cost $0 to RAF's budget fund.
[2018/1/22 - 14:00:16] Vehicle ID 65535 (Slot ID 667) Maintainence fee cost $0 to RAF's budget fund.
[2018/1/22 - 15:00:04] The faction vault is at $8,882.
[2018/1/22 - 15:00:04] Vehicle ID 65535 (Slot ID 41) Maintainence fee cost $5,500 to RAF's budget fund.
[2018/1/22 - 15:00:04] Vehicle ID 0 (Slot ID 54) Maintainence fee cost $3,000 to RAF's budget fund.
[2018/1/22 - 15:00:04] Vehicle ID 456 (Slot ID 610) Maintainence fee cost $0 to RAF's budget fund.
[2018/1/22 - 15:00:04] Vehicle ID 457 (Slot ID 613) Maintainence fee cost $0 to RAF's budget fund.
[2018/1/22 - 15:00:04] Vehicle ID 0 (Slot ID 616) Maintainence fee cost $0 to RAF's budget fund.
[2018/1/22 - 15:00:04] Vehicle ID 0 (Slot ID 639) Maintainence fee cost $0 to RAF's budget fund.
[2018/1/22 - 15:00:04] Vehicle ID 65535 (Slot ID 667) Maintainence fee cost $0 to RAF's budget fund.
[2018/1/22 - 15:12:02] Vehicle Slot ID 610 RTB fee cost $0 to RAF's budget fund.
[2018/1/22 - 16:00:54] The faction vault is at $15,182.
[2018/1/22 - 16:00:54] NE Gov Paid $175,000 to RAF budget fund.
[2018/1/22 - 16:00:54] Vehicle ID 65535 (Slot ID 41) Maintainence fee cost $5,500 to RAF's budget fund.
[2018/1/22 - 16:00:54] Vehicle ID 0 (Slot ID 54) Maintainence fee cost $3,000 to RAF's budget fund.
[2018/1/22 - 16:00:54] Vehicle ID 65535 (Slot ID 57) Maintainence fee cost $5,000 to RAF's budget fund.
[2018/1/22 - 16:00:54] Vehicle ID 0 (Slot ID 62) Maintainence fee cost $500 to RAF's budget fund.
[2018/1/22 - 16:00:54] Vehicle ID 65535 (Slot ID 63) Maintainence fee cost $5,500 to RAF's budget fund.
[2018/1/22 - 16:00:54] Vehicle ID 0 (Slot ID 82) Maintainence fee cost $3,000 to RAF's budget fund.
[2018/1/22 - 16:00:54] Vehicle ID 0 (Slot ID 87) Maintainence fee cost $3,000 to RAF's budget fund.
[2018/1/22 - 16:00:54] Vehicle ID 0 (Slot ID 91) Maintainence fee cost $2,500 to RAF's budget fund.
[2018/1/22 - 16:00:54] Vehicle ID 0 (Slot ID 92) Maintainence fee cost $2,500 to RAF's budget fund.
[2018/1/22 - 16:00:54] Vehicle ID 0 (Slot ID 169) Maintainence fee cost $2,500 to RAF's budget fund.
[2018/1/22 - 16:00:54] Vehicle ID 65535 (Slot ID 180) Maintainence fee cost $4,500 to RAF's budget fund.
[2018/1/22 - 16:00:54] Vehicle ID 65535 (Slot ID 229) Maintainence fee cost $6,500 to RAF's budget fund.
[2018/1/22 - 16:00:54] Vehicle ID 65535 (Slot ID 252) Maintainence fee cost $5,500 to RAF's budget fund.
[2018/1/22 - 16:00:54] Vehicle ID 0 (Slot ID 259) Maintainence fee cost $2,500 to RAF's budget fund.
[2018/1/22 - 16:00:54] Vehicle ID 0 (Slot ID 285) Maintainence fee cost $2,500 to RAF's budget fund.
[2018/1/22 - 16:00:54] Vehicle ID 0 (Slot ID 286) Maintainence fee cost $2,500 to RAF's budget fund.
[2018/1/22 - 16:00:54] Vehicle ID 0 (Slot ID 367) Maintainence fee cost $3,500 to RAF's budget fund.
[2018/1/22 - 16:00:54] Vehicle ID 0 (Slot ID 411) Maintainence fee cost $3,500 to RAF's budget fund.
[2018/1/22 - 16:00:54] Vehicle ID 65535 (Slot ID 415) Maintainence fee cost $5,500 to RAF's budget fund.
[2018/1/22 - 16:00:54] Vehicle ID 65535 (Slot ID 419) Maintainence fee cost $4,500 to RAF's budget fund.
[2018/1/22 - 16:00:54] Vehicle ID 65535 (Slot ID 452) Maintainence fee cost $6,500 to RAF's budget fund.
[2018/1/22 - 16:00:54] Vehicle ID 0 (Slot ID 498) Maintainence fee cost $3,500 to RAF's budget fund.
[2018/1/22 - 16:00:54] Vehicle ID 0 (Slot ID 502) Maintainence fee cost $2,500 to RAF's budget fund.
[2018/1/22 - 16:00:54] Vehicle ID 0 (Slot ID 505) Maintainence fee cost $3,500 to RAF's budget fund.
[2018/1/22 - 16:00:54] Vehicle ID 0 (Slot ID 548) Maintainence fee cost $3,500 to RAF's budget fund.
[2018/1/22 - 16:00:54] Vehicle ID 0 (Slot ID 570) Maintainence fee cost $3,500 to RAF's budget fund.
[2018/1/22 - 16:00:54] Vehicle ID 0 (Slot ID 582) Maintainence fee cost $3,500 to RAF's budget fund.
[2018/1/22 - 16:00:54] Vehicle ID 65535 (Slot ID 595) Maintainence fee cost $6,500 to RAF's budget fund.
[2018/1/22 - 16:00:54] Vehicle ID 0 (Slot ID 597) Maintainence fee cost $3,000 to RAF's budget fund.
[2018/1/22 - 16:00:54] Vehicle ID 0 (Slot ID 600) Maintainence fee cost $2,000 to RAF's budget fund.
[2018/1/22 - 16:00:54] Vehicle ID 433 (Slot ID 610) Maintainence fee cost $0 to RAF's budget fund.
[2018/1/22 - 16:00:54] Vehicle ID 457 (Slot ID 613) Maintainence fee cost $0 to RAF's budget fund.
[2018/1/22 - 16:00:54] Vehicle ID 0 (Slot ID 616) Maintainence fee cost $0 to RAF's budget fund.
[2018/1/22 - 16:00:54] Vehicle ID 0 (Slot ID 639) Maintainence fee cost $0 to RAF's budget fund.
[2018/1/22 - 16:00:54] Vehicle ID 65535 (Slot ID 667) Maintainence fee cost $0 to RAF's budget fund.
[2018/1/22 - 16:00:54] Vehicle ID 65535 (Slot ID 679) Maintainence fee cost $6,500 to RAF's budget fund.
[2018/1/22 - 17:00:32] The faction vault is at $92,082.
[2018/1/22 - 17:00:32] Vehicle ID 65535 (Slot ID 41) Maintainence fee cost $5,500 to RAF's budget fund.
[2018/1/22 - 17:00:32] Vehicle ID 0 (Slot ID 54) Maintainence fee cost $3,000 to RAF's budget fund.
[2018/1/22 - 17:00:32] Vehicle ID 65535 (Slot ID 57) Maintainence fee cost $5,000 to RAF's budget fund.
[2018/1/22 - 17:00:32] Vehicle ID 0 (Slot ID 62) Maintainence fee cost $500 to RAF's budget fund.
[2018/1/22 - 17:00:32] Vehicle ID 65535 (Slot ID 63) Maintainence fee cost $5,500 to RAF's budget fund.
[2018/1/22 - 17:00:32] Vehicle ID 0 (Slot ID 82) Maintainence fee cost $3,000 to RAF's budget fund.
[2018/1/22 - 17:00:32] Vehicle ID 0 (Slot ID 87) Maintainence fee cost $3,000 to RAF's budget fund.
[2018/1/22 - 17:00:32] Vehicle ID 0 (Slot ID 91) Maintainence fee cost $2,500 to RAF's budget fund.
[2018/1/22 - 17:00:32] Vehicle ID 0 (Slot ID 92) Maintainence fee cost $2,500 to RAF's budget fund.
[2018/1/22 - 17:00:32] Vehicle ID 0 (Slot ID 169) Maintainence fee cost $2,500 to RAF's budget fund.
[2018/1/22 - 17:00:32] Vehicle ID 65535 (Slot ID 180) Maintainence fee cost $4,500 to RAF's budget fund.
[2018/1/22 - 17:00:32] Vehicle ID 65535 (Slot ID 229) Maintainence fee cost $6,500 to RAF's budget fund.
[2018/1/22 - 17:00:32] Vehicle ID 65535 (Slot ID 252) Maintainence fee cost $5,500 to RAF's budget fund.
[2018/1/22 - 17:00:32] Vehicle ID 0 (Slot ID 259) Maintainence fee cost $2,500 to RAF's budget fund.
[2018/1/22 - 17:00:32] Vehicle ID 0 (Slot ID 285) Maintainence fee cost $2,500 to RAF's budget fund.
[2018/1/22 - 17:00:32] Vehicle ID 0 (Slot ID 286) Maintainence fee cost $2,500 to RAF's budget fund.
[2018/1/22 - 17:00:32] Vehicle ID 0 (Slot ID 367) Maintainence fee cost $3,500 to RAF's budget fund.
[2018/1/22 - 17:00:32] Vehicle ID 0 (Slot ID 411) Maintainence fee cost $3,500 to RAF's budget fund.
[2018/1/22 - 17:00:32] Vehicle ID 65535 (Slot ID 415) Maintainence fee cost $5,500 to RAF's budget fund.
[2018/1/22 - 17:00:32] Vehicle ID 65535 (Slot ID 419) Maintainence fee cost $4,500 to RAF's budget fund.
[2018/1/22 - 17:00:32] Vehicle ID 65535 (Slot ID 452) Maintainence fee cost $6,500 to RAF's budget fund.
[2018/1/22 - 17:00:32] Vehicle ID 0 (Slot ID 498) Maintainence fee cost $3,500 to RAF's budget fund.
[2018/1/22 - 17:00:32] Vehicle ID 0 (Slot ID 502) Maintainence fee cost $2,500 to RAF's budget fund.
[2018/1/22 - 17:00:32] Vehicle ID 0 (Slot ID 505) Maintainence fee cost $3,500 to RAF's budget fund.
[2018/1/22 - 17:00:32] Vehicle ID 0 (Slot ID 600) Maintainence fee cost $2,000 to RAF's budget fund.
[2018/1/22 - 17:00:32] Vehicle ID 433 (Slot ID 610) Maintainence fee cost $0 to RAF's budget fund.
[2018/1/22 - 17:00:32] Vehicle ID 457 (Slot ID 613) Maintainence fee cost $0 to RAF's budget fund.
[2018/1/22 - 17:00:32] Vehicle ID 0 (Slot ID 616) Maintainence fee cost $0 to RAF's budget fund.
[2018/1/22 - 17:00:32] Vehicle ID 0 (Slot ID 639) Maintainence fee cost $0 to RAF's budget fund.
[2018/1/22 - 17:00:32] Vehicle ID 65535 (Slot ID 667) Maintainence fee cost $0 to RAF's budget fund.
[2018/1/22 - 18:00:12] The faction vault is at $18,482.
[2018/1/22 - 18:00:12] Vehicle ID 65535 (Slot ID 41) Maintainence fee cost $5,500 to RAF's budget fund.
[2018/1/22 - 18:00:12] Vehicle ID 0 (Slot ID 54) Maintainence fee cost $3,000 to RAF's budget fund.
[2018/1/22 - 18:00:12] Vehicle ID 65535 (Slot ID 57) Maintainence fee cost $5,000 to RAF's budget fund.
[2018/1/22 - 18:00:12] Vehicle ID 0 (Slot ID 62) Maintainence fee cost $500 to RAF's budget fund.
[2018/1/22 - 18:00:12] Vehicle ID 0 (Slot ID 82) Maintainence fee cost $3,000 to RAF's budget fund.
[2018/1/22 - 18:00:12] Vehicle ID 433 (Slot ID 610) Maintainence fee cost $0 to RAF's budget fund.
[2018/1/22 - 18:00:12] Vehicle ID 457 (Slot ID 613) Maintainence fee cost $0 to RAF's budget fund.
[2018/1/22 - 18:00:12] Vehicle ID 0 (Slot ID 616) Maintainence fee cost $0 to RAF's budget fund.
[2018/1/22 - 18:00:12] Vehicle ID 0 (Slot ID 639) Maintainence fee cost $0 to RAF's budget fund.
[2018/1/22 - 18:00:12] Vehicle ID 65535 (Slot ID 667) Maintainence fee cost $0 to RAF's budget fund.
[2018/1/22 - 19:00:59] The faction vault is at $25,882.
[2018/1/22 - 19:00:59] NE Gov Paid $175,000 to RAF budget fund.
[2018/1/22 - 19:00:59] Vehicle ID 65535 (Slot ID 41) Maintainence fee cost $5,500 to RAF's budget fund.
[2018/1/22 - 19:00:59] Vehicle ID 0 (Slot ID 54) Maintainence fee cost $3,000 to RAF's budget fund.
[2018/1/22 - 19:00:59] Vehicle ID 65535 (Slot ID 57) Maintainence fee cost $5,000 to RAF's budget fund.
[2018/1/22 - 19:00:59] Vehicle ID 0 (Slot ID 62) Maintainence fee cost $500 to RAF's budget fund.
[2018/1/22 - 19:00:59] Vehicle ID 65535 (Slot ID 63) Maintainence fee cost $5,500 to RAF's budget fund.
[2018/1/22 - 19:00:59] Vehicle ID 0 (Slot ID 82) Maintainence fee cost $3,000 to RAF's budget fund.
[2018/1/22 - 19:00:59] Vehicle ID 0 (Slot ID 87) Maintainence fee cost $3,000 to RAF's budget fund.
[2018/1/22 - 19:00:59] Vehicle ID 0 (Slot ID 91) Maintainence fee cost $2,500 to RAF's budget fund.
[2018/1/22 - 19:00:59] Vehicle ID 0 (Slot ID 92) Maintainence fee cost $2,500 to RAF's budget fund.
[2018/1/22 - 19:00:59] Vehicle ID 0 (Slot ID 169) Maintainence fee cost $2,500 to RAF's budget fund.
[2018/1/22 - 19:00:59] Vehicle ID 65535 (Slot ID 180) Maintainence fee cost $4,500 to RAF's budget fund.
[2018/1/22 - 19:00:59] Vehicle ID 65535 (Slot ID 229) Maintainence fee cost $6,500 to RAF's budget fund.
[2018/1/22 - 19:00:59] Vehicle ID 65535 (Slot ID 252) Maintainence fee cost $5,500 to RAF's budget fund.
[2018/1/22 - 19:00:59] Vehicle ID 0 (Slot ID 259) Maintainence fee cost $2,500 to RAF's budget fund.
[2018/1/22 - 19:00:59] Vehicle ID 0 (Slot ID 285) Maintainence fee cost $2,500 to RAF's budget fund.
[2018/1/22 - 19:00:59] Vehicle ID 0 (Slot ID 286) Maintainence fee cost $2,500 to RAF's budget fund.
[2018/1/22 - 19:00:59] Vehicle ID 0 (Slot ID 367) Maintainence fee cost $3,500 to RAF's budget fund.
[2018/1/22 - 19:00:59] Vehicle ID 0 (Slot ID 411) Maintainence fee cost $3,500 to RAF's budget fund.
[2018/1/22 - 19:00:59] Vehicle ID 65535 (Slot ID 415) Maintainence fee cost $5,500 to RAF's budget fund.
[2018/1/22 - 19:00:59] Vehicle ID 65535 (Slot ID 419) Maintainence fee cost $4,500 to RAF's budget fund.
[2018/1/22 - 19:00:59] Vehicle ID 65535 (Slot ID 452) Maintainence fee cost $6,500 to RAF's budget fund.
[2018/1/22 - 19:00:59] Vehicle ID 0 (Slot ID 498) Maintainence fee cost $3,500 to RAF's budget fund.
[2018/1/22 - 19:00:59] Vehicle ID 0 (Slot ID 502) Maintainence fee cost $2,500 to RAF's budget fund.
[2018/1/22 - 19:00:59] Vehicle ID 0 (Slot ID 505) Maintainence fee cost $3,500 to RAF's budget fund.
[2018/1/22 - 19:00:59] Vehicle ID 0 (Slot ID 548) Maintainence fee cost $3,500 to RAF's budget fund.
[2018/1/22 - 19:00:59] Vehicle ID 0 (Slot ID 570) Maintainence fee cost $3,500 to RAF's budget fund.
[2018/1/22 - 19:00:59] Vehicle ID 0 (Slot ID 582) Maintainence fee cost $3,500 to RAF's budget fund.
[2018/1/22 - 19:00:59] Vehicle ID 65535 (Slot ID 595) Maintainence fee cost $6,500 to RAF's budget fund.
[2018/1/22 - 19:00:59] Vehicle ID 0 (Slot ID 597) Maintainence fee cost $3,000 to RAF's budget fund.
[2018/1/22 - 19:00:59] Vehicle ID 0 (Slot ID 600) Maintainence fee cost $2,000 to RAF's budget fund.
[2018/1/22 - 19:00:59] Vehicle ID 433 (Slot ID 610) Maintainence fee cost $0 to RAF's budget fund.
[2018/1/22 - 19:00:59] Vehicle ID 457 (Slot ID 613) Maintainence fee cost $0 to RAF's budget fund.
[2018/1/22 - 19:00:59] Vehicle ID 0 (Slot ID 616) Maintainence fee cost $0 to RAF's budget fund.
[2018/1/22 - 19:00:59] Vehicle ID 0 (Slot ID 639) Maintainence fee cost $0 to RAF's budget fund.
[2018/1/22 - 19:00:59] Vehicle ID 65535 (Slot ID 667) Maintainence fee cost $0 to RAF's budget fund.
[2018/1/22 - 19:00:59] Vehicle ID 65535 (Slot ID 679) Maintainence fee cost $6,500 to RAF's budget fund.
[2018/1/22 - 20:00:33] The faction vault is at $95,582.
[2018/1/22 - 20:00:33] Vehicle ID 65535 (Slot ID 41) Maintainence fee cost $5,500 to RAF's budget fund.
[2018/1/22 - 20:00:33] Vehicle ID 0 (Slot ID 54) Maintainence fee cost $3,000 to RAF's budget fund.
[2018/1/22 - 20:00:33] Vehicle ID 65535 (Slot ID 57) Maintainence fee cost $5,000 to RAF's budget fund.
[2018/1/22 - 20:00:33] Vehicle ID 0 (Slot ID 62) Maintainence fee cost $500 to RAF's budget fund.
[2018/1/22 - 20:00:33] Vehicle ID 65535 (Slot ID 63) Maintainence fee cost $5,500 to RAF's budget fund.
[2018/1/22 - 20:00:33] Vehicle ID 0 (Slot ID 82) Maintainence fee cost $3,000 to RAF's budget fund.
[2018/1/22 - 20:00:33] Vehicle ID 0 (Slot ID 87) Maintainence fee cost $3,000 to RAF's budget fund.
[2018/1/22 - 20:00:33] Vehicle ID 0 (Slot ID 91) Maintainence fee cost $2,500 to RAF's budget fund.
[2018/1/22 - 20:00:33] Vehicle ID 0 (Slot ID 92) Maintainence fee cost $2,500 to RAF's budget fund.
[2018/1/22 - 20:00:33] Vehicle ID 0 (Slot ID 169) Maintainence fee cost $2,500 to RAF's budget fund.
[2018/1/22 - 20:00:33] Vehicle ID 65535 (Slot ID 180) Maintainence fee cost $4,500 to RAF's budget fund.
[2018/1/22 - 20:00:33] Vehicle ID 65535 (Slot ID 229) Maintainence fee cost $6,500 to RAF's budget fund.
[2018/1/22 - 20:00:33] Vehicle ID 65535 (Slot ID 252) Maintainence fee cost $5,500 to RAF's budget fund.
[2018/1/22 - 20:00:33] Vehicle ID 0 (Slot ID 259) Maintainence fee cost $2,500 to RAF's budget fund.
[2018/1/22 - 20:00:33] Vehicle ID 0 (Slot ID 285) Maintainence fee cost $2,500 to RAF's budget fund.
[2018/1/22 - 20:00:33] Vehicle ID 0 (Slot ID 286) Maintainence fee cost $2,500 to RAF's budget fund.
[2018/1/22 - 20:00:33] Vehicle ID 0 (Slot ID 367) Maintainence fee cost $3,500 to RAF's budget fund.
[2018/1/22 - 20:00:33] Vehicle ID 0 (Slot ID 411) Maintainence fee cost $3,500 to RAF's budget fund.
[2018/1/22 - 20:00:33] Vehicle ID 65535 (Slot ID 415) Maintainence fee cost $5,500 to RAF's budget fund.
[2018/1/22 - 20:00:33] Vehicle ID 65535 (Slot ID 419) Maintainence fee cost $4,500 to RAF's budget fund.
[2018/1/22 - 20:00:33] Vehicle ID 65535 (Slot ID 452) Maintainence fee cost $6,500 to RAF's budget fund.
[2018/1/22 - 20:00:33] Vehicle ID 0 (Slot ID 498) Maintainence fee cost $3,500 to RAF's budget fund.
[2018/1/22 - 20:00:33] Vehicle ID 0 (Slot ID 502) Maintainence fee cost $2,500 to RAF's budget fund.
[2018/1/22 - 20:00:33] Vehicle ID 0 (Slot ID 505) Maintainence fee cost $3,500 to RAF's budget fund.
[2018/1/22 - 20:00:33] Vehicle ID 0 (Slot ID 548) Maintainence fee cost $3,500 to RAF's budget fund.
[2018/1/22 - 20:00:33] Vehicle ID 0 (Slot ID 600) Maintainence fee cost $2,000 to RAF's budget fund.
[2018/1/22 - 20:00:33] Vehicle ID 433 (Slot ID 610) Maintainence fee cost $0 to RAF's budget fund.
[2018/1/22 - 20:00:33] Vehicle ID 457 (Slot ID 613) Maintainence fee cost $0 to RAF's budget fund.
[2018/1/22 - 20:00:33] Vehicle ID 0 (Slot ID 616) Maintainence fee cost $0 to RAF's budget fund.
[2018/1/22 - 20:00:33] Vehicle ID 0 (Slot ID 639) Maintainence fee cost $0 to RAF's budget fund.
[2018/1/22 - 20:00:33] Vehicle ID 65535 (Slot ID 667) Maintainence fee cost $0 to RAF's budget fund.
[2018/1/22 - 21:00:15] The faction vault is at $15,882.
[2018/1/22 - 21:00:15] NE Gov Paid $175,000 to RAF budget fund.
[2018/1/22 - 21:00:15] Vehicle ID 65535 (Slot ID 41) Maintainence fee cost $5,500 to RAF's budget fund.
[2018/1/22 - 21:00:15] Vehicle ID 0 (Slot ID 54) Maintainence fee cost $3,000 to RAF's budget fund.
[2018/1/22 - 21:00:15] Vehicle ID 65535 (Slot ID 57) Maintainence fee cost $5,000 to RAF's budget fund.
[2018/1/22 - 21:00:15] Vehicle ID 0 (Slot ID 62) Maintainence fee cost $500 to RAF's budget fund.
[2018/1/22 - 21:00:15] Vehicle ID 65535 (Slot ID 63) Maintainence fee cost $5,500 to RAF's budget fund.
[2018/1/22 - 21:00:15] Vehicle ID 0 (Slot ID 82) Maintainence fee cost $3,000 to RAF's budget fund.
[2018/1/22 - 21:00:15] Vehicle ID 0 (Slot ID 87) Maintainence fee cost $3,000 to RAF's budget fund.
[2018/1/22 - 21:00:15] Vehicle ID 0 (Slot ID 91) Maintainence fee cost $2,500 to RAF's budget fund.
[2018/1/22 - 21:00:15] Vehicle ID 0 (Slot ID 92) Maintainence fee cost $2,500 to RAF's budget fund.
[2018/1/22 - 21:00:15] Vehicle ID 0 (Slot ID 169) Maintainence fee cost $2,500 to RAF's budget fund.
[2018/1/22 - 21:00:15] Vehicle ID 65535 (Slot ID 180) Maintainence fee cost $4,500 to RAF's budget fund.
[2018/1/22 - 21:00:15] Vehicle ID 65535 (Slot ID 229) Maintainence fee cost $6,500 to RAF's budget fund.
[2018/1/22 - 21:00:15] Vehicle ID 65535 (Slot ID 252) Maintainence fee cost $5,500 to RAF's budget fund.
[2018/1/22 - 21:00:15] Vehicle ID 0 (Slot ID 259) Maintainence fee cost $2,500 to RAF's budget fund.
[2018/1/22 - 21:00:15] Vehicle ID 0 (Slot ID 285) Maintainence fee cost $2,500 to RAF's budget fund.
[2018/1/22 - 21:00:15] Vehicle ID 0 (Slot ID 286) Maintainence fee cost $2,500 to RAF's budget fund.
[2018/1/22 - 21:00:15] Vehicle ID 0 (Slot ID 367) Maintainence fee cost $3,500 to RAF's budget fund.
[2018/1/22 - 21:00:15] Vehicle ID 0 (Slot ID 411) Maintainence fee cost $3,500 to RAF's budget fund.
[2018/1/22 - 21:00:15] Vehicle ID 65535 (Slot ID 415) Maintainence fee cost $5,500 to RAF's budget fund.
[2018/1/22 - 21:00:15] Vehicle ID 65535 (Slot ID 419) Maintainence fee cost $4,500 to RAF's budget fund.
[2018/1/22 - 21:00:15] Vehicle ID 65535 (Slot ID 452) Maintainence fee cost $6,500 to RAF's budget fund.
[2018/1/22 - 21:00:15] Vehicle ID 0 (Slot ID 498) Maintainence fee cost $3,500 to RAF's budget fund.
[2018/1/22 - 21:00:15] Vehicle ID 0 (Slot ID 502) Maintainence fee cost $2,500 to RAF's budget fund.
[2018/1/22 - 21:00:15] Vehicle ID 0 (Slot ID 505) Maintainence fee cost $3,500 to RAF's budget fund.
[2018/1/22 - 21:00:15] Vehicle ID 0 (Slot ID 548) Maintainence fee cost $3,500 to RAF's budget fund.
[2018/1/22 - 21:00:15] Vehicle ID 0 (Slot ID 570) Maintainence fee cost $3,500 to RAF's budget fund.
[2018/1/22 - 21:00:15] Vehicle ID 0 (Slot ID 582) Maintainence fee cost $3,500 to RAF's budget fund.
[2018/1/22 - 21:00:15] Vehicle ID 65535 (Slot ID 595) Maintainence fee cost $6,500 to RAF's budget fund.
[2018/1/22 - 21:00:15] Vehicle ID 0 (Slot ID 597) Maintainence fee cost $3,000 to RAF's budget fund.
[2018/1/22 - 21:00:15] Vehicle ID 0 (Slot ID 600) Maintainence fee cost $2,000 to RAF's budget fund.
[2018/1/22 - 21:00:15] Vehicle ID 433 (Slot ID 610) Maintainence fee cost $0 to RAF's budget fund.
[2018/1/22 - 21:00:15] Vehicle ID 457 (Slot ID 613) Maintainence fee cost $0 to RAF's budget fund.
[2018/1/22 - 21:00:15] Vehicle ID 0 (Slot ID 616) Maintainence fee cost $0 to RAF's budget fund.
[2018/1/22 - 21:00:15] Vehicle ID 0 (Slot ID 639) Maintainence fee cost $0 to RAF's budget fund.
[2018/1/22 - 21:00:15] Vehicle ID 65535 (Slot ID 667) Maintainence fee cost $0 to RAF's budget fund.
[2018/1/22 - 21:00:15] Vehicle ID 65535 (Slot ID 679) Maintainence fee cost $6,500 to RAF's budget fund.
[2018/1/22 - 22:00:03] The faction vault is at $81,982.
[2018/1/22 - 22:00:03] Vehicle ID 65535 (Slot ID 41) Maintainence fee cost $5,500 to RAF's budget fund.
[2018/1/22 - 22:00:03] Vehicle ID 0 (Slot ID 54) Maintainence fee cost $3,000 to RAF's budget fund.
[2018/1/22 - 22:00:03] Vehicle ID 65535 (Slot ID 57) Maintainence fee cost $5,000 to RAF's budget fund.
[2018/1/22 - 22:00:03] Vehicle ID 0 (Slot ID 62) Maintainence fee cost $500 to RAF's budget fund.
[2018/1/22 - 22:00:03] Vehicle ID 65535 (Slot ID 63) Maintainence fee cost $5,500 to RAF's budget fund.
[2018/1/22 - 22:00:03] Vehicle ID 0 (Slot ID 82) Maintainence fee cost $3,000 to RAF's budget fund.
[2018/1/22 - 22:00:03] Vehicle ID 0 (Slot ID 87) Maintainence fee cost $3,000 to RAF's budget fund.
[2018/1/22 - 22:00:03] Vehicle ID 0 (Slot ID 91) Maintainence fee cost $2,500 to RAF's budget fund.
[2018/1/22 - 22:00:03] Vehicle ID 0 (Slot ID 92) Maintainence fee cost $2,500 to RAF's budget fund.
[2018/1/22 - 22:00:03] Vehicle ID 0 (Slot ID 169) Maintainence fee cost $2,500 to RAF's budget fund.
[2018/1/22 - 22:00:03] Vehicle ID 65535 (Slot ID 180) Maintainence fee cost $4,500 to RAF's budget fund.
[2018/1/22 - 22:00:03] Vehicle ID 65535 (Slot ID 229) Maintainence fee cost $6,500 to RAF's budget fund.
[2018/1/22 - 22:00:03] Vehicle ID 65535 (Slot ID 252) Maintainence fee cost $5,500 to RAF's budget fund.
[2018/1/22 - 22:00:03] Vehicle ID 0 (Slot ID 259) Maintainence fee cost $2,500 to RAF's budget fund.
[2018/1/22 - 22:00:03] Vehicle ID 0 (Slot ID 285) Maintainence fee cost $2,500 to RAF's budget fund.
[2018/1/22 - 22:00:03] Vehicle ID 0 (Slot ID 286) Maintainence fee cost $2,500 to RAF's budget fund.
[2018/1/22 - 22:00:03] Vehicle ID 0 (Slot ID 367) Maintainence fee cost $3,500 to RAF's budget fund.
[2018/1/22 - 22:00:03] Vehicle ID 0 (Slot ID 411) Maintainence fee cost $3,500 to RAF's budget fund.
[2018/1/22 - 22:00:03] Vehicle ID 65535 (Slot ID 415) Maintainence fee cost $5,500 to RAF's budget fund.
[2018/1/22 - 22:00:03] Vehicle ID 65535 (Slot ID 419) Maintainence fee cost $4,500 to RAF's budget fund.
[2018/1/22 - 22:00:03] Vehicle ID 65535 (Slot ID 452) Maintainence fee cost $6,500 to RAF's budget fund.
[2018/1/22 - 22:00:03] Vehicle ID 433 (Slot ID 610) Maintainence fee cost $0 to RAF's budget fund.
[2018/1/22 - 22:00:03] Vehicle ID 457 (Slot ID 613) Maintainence fee cost $0 to RAF's budget fund.
[2018/1/22 - 22:00:03] Vehicle ID 0 (Slot ID 616) Maintainence fee cost $0 to RAF's budget fund.
[2018/1/22 - 22:00:03] Vehicle ID 0 (Slot ID 639) Maintainence fee cost $0 to RAF's budget fund.
[2018/1/22 - 22:00:03] Vehicle ID 65535 (Slot ID 667) Maintainence fee cost $0 to RAF's budget fund.
[2018/1/22 - 23:01:01] The faction vault is at $7,882.
[2018/1/22 - 23:01:01] Vehicle ID 65535 (Slot ID 41) Maintainence fee cost $5,500 to RAF's budget fund.
[2018/1/22 - 23:01:01] Vehicle ID 0 (Slot ID 62) Maintainence fee cost $500 to RAF's budget fund.
[2018/1/22 - 23:01:01] Vehicle ID 433 (Slot ID 610) Maintainence fee cost $0 to RAF's budget fund.
[2018/1/22 - 23:01:01] Vehicle ID 457 (Slot ID 613) Maintainence fee cost $0 to RAF's budget fund.
[2018/1/22 - 23:01:01] Vehicle ID 0 (Slot ID 616) Maintainence fee cost $0 to RAF's budget fund.
[2018/1/22 - 23:01:01] Vehicle ID 0 (Slot ID 639) Maintainence fee cost $0 to RAF's budget fund.
[2018/1/22 - 23:01:01] Vehicle ID 65535 (Slot ID 667) Maintainence fee cost $0 to RAF's budget fund.
