[2018/1/10 - 0:00:52] The faction vault is at $5,384.
[2018/1/10 - 0:00:52] Vehicle ID 0 (Slot ID 54) Maintainence fee cost $3,000 to RAF's budget fund.
[2018/1/10 - 0:00:52] Vehicle ID 0 (Slot ID 62) Maintainence fee cost $500 to RAF's budget fund.
[2018/1/10 - 0:00:52] Vehicle ID 410 (Slot ID 610) Maintainence fee cost $0 to RAF's budget fund.
[2018/1/10 - 0:00:52] Vehicle ID 448 (Slot ID 613) Maintainence fee cost $0 to RAF's budget fund.
[2018/1/10 - 0:00:52] Vehicle ID 0 (Slot ID 616) Maintainence fee cost $0 to RAF's budget fund.
[2018/1/10 - 0:00:52] Vehicle ID 0 (Slot ID 639) Maintainence fee cost $0 to RAF's budget fund.
[2018/1/10 - 0:00:52] Vehicle ID 65535 (Slot ID 667) Maintainence fee cost $0 to RAF's budget fund.
[2018/1/10 - 1:00:57] The faction vault is at $8,684.
[2018/1/10 - 1:00:57] NE Gov Paid $175,000 to RAF budget fund.
[2018/1/10 - 1:00:57] Vehicle ID 65535 (Slot ID 41) Maintainence fee cost $5,500 to RAF's budget fund.
[2018/1/10 - 1:00:57] Vehicle ID 0 (Slot ID 54) Maintainence fee cost $3,000 to RAF's budget fund.
[2018/1/10 - 1:00:57] Vehicle ID 65535 (Slot ID 57) Maintainence fee cost $5,000 to RAF's budget fund.
[2018/1/10 - 1:00:57] Vehicle ID 0 (Slot ID 62) Maintainence fee cost $500 to RAF's budget fund.
[2018/1/10 - 1:00:57] Vehicle ID 65535 (Slot ID 63) Maintainence fee cost $5,500 to RAF's budget fund.
[2018/1/10 - 1:00:57] Vehicle ID 0 (Slot ID 82) Maintainence fee cost $3,000 to RAF's budget fund.
[2018/1/10 - 1:00:57] Vehicle ID 0 (Slot ID 87) Maintainence fee cost $3,000 to RAF's budget fund.
[2018/1/10 - 1:00:57] Vehicle ID 0 (Slot ID 91) Maintainence fee cost $2,500 to RAF's budget fund.
[2018/1/10 - 1:00:57] Vehicle ID 0 (Slot ID 92) Maintainence fee cost $2,500 to RAF's budget fund.
[2018/1/10 - 1:00:57] Vehicle ID 0 (Slot ID 169) Maintainence fee cost $2,500 to RAF's budget fund.
[2018/1/10 - 1:00:57] Vehicle ID 65535 (Slot ID 180) Maintainence fee cost $4,500 to RAF's budget fund.
[2018/1/10 - 1:00:57] Vehicle ID 65535 (Slot ID 229) Maintainence fee cost $6,500 to RAF's budget fund.
[2018/1/10 - 1:00:57] Vehicle ID 65535 (Slot ID 252) Maintainence fee cost $5,500 to RAF's budget fund.
[2018/1/10 - 1:00:57] Vehicle ID 0 (Slot ID 259) Maintainence fee cost $2,500 to RAF's budget fund.
[2018/1/10 - 1:00:57] Vehicle ID 0 (Slot ID 285) Maintainence fee cost $2,500 to RAF's budget fund.
[2018/1/10 - 1:00:57] Vehicle ID 0 (Slot ID 286) Maintainence fee cost $2,500 to RAF's budget fund.
[2018/1/10 - 1:00:57] Vehicle ID 0 (Slot ID 367) Maintainence fee cost $3,500 to RAF's budget fund.
[2018/1/10 - 1:00:57] Vehicle ID 0 (Slot ID 411) Maintainence fee cost $3,500 to RAF's budget fund.
[2018/1/10 - 1:00:57] Vehicle ID 65535 (Slot ID 415) Maintainence fee cost $5,500 to RAF's budget fund.
[2018/1/10 - 1:00:57] Vehicle ID 65535 (Slot ID 419) Maintainence fee cost $4,500 to RAF's budget fund.
[2018/1/10 - 1:00:57] Vehicle ID 65535 (Slot ID 452) Maintainence fee cost $6,500 to RAF's budget fund.
[2018/1/10 - 1:00:57] Vehicle ID 0 (Slot ID 498) Maintainence fee cost $3,500 to RAF's budget fund.
[2018/1/10 - 1:00:57] Vehicle ID 0 (Slot ID 502) Maintainence fee cost $2,500 to RAF's budget fund.
[2018/1/10 - 1:00:57] Vehicle ID 0 (Slot ID 505) Maintainence fee cost $3,500 to RAF's budget fund.
[2018/1/10 - 1:00:57] Vehicle ID 0 (Slot ID 548) Maintainence fee cost $3,500 to RAF's budget fund.
[2018/1/10 - 1:00:57] Vehicle ID 0 (Slot ID 570) Maintainence fee cost $3,500 to RAF's budget fund.
[2018/1/10 - 1:00:57] Vehicle ID 0 (Slot ID 582) Maintainence fee cost $3,500 to RAF's budget fund.
[2018/1/10 - 1:00:57] Vehicle ID 65535 (Slot ID 595) Maintainence fee cost $6,500 to RAF's budget fund.
[2018/1/10 - 1:00:57] Vehicle ID 0 (Slot ID 597) Maintainence fee cost $3,000 to RAF's budget fund.
[2018/1/10 - 1:00:57] Vehicle ID 0 (Slot ID 600) Maintainence fee cost $2,000 to RAF's budget fund.
[2018/1/10 - 1:00:57] Vehicle ID 410 (Slot ID 610) Maintainence fee cost $0 to RAF's budget fund.
[2018/1/10 - 1:00:57] Vehicle ID 448 (Slot ID 613) Maintainence fee cost $0 to RAF's budget fund.
[2018/1/10 - 1:00:57] Vehicle ID 0 (Slot ID 616) Maintainence fee cost $0 to RAF's budget fund.
[2018/1/10 - 1:00:57] Vehicle ID 0 (Slot ID 639) Maintainence fee cost $0 to RAF's budget fund.
[2018/1/10 - 1:00:57] Vehicle ID 65535 (Slot ID 667) Maintainence fee cost $0 to RAF's budget fund.
[2018/1/10 - 1:00:57] Vehicle ID 65535 (Slot ID 679) Maintainence fee cost $6,500 to RAF's budget fund.
[2018/1/10 - 2:00:33] The faction vault is at $72,584.
[2018/1/10 - 2:00:33] Vehicle ID 65535 (Slot ID 41) Maintainence fee cost $5,500 to RAF's budget fund.
[2018/1/10 - 2:00:33] Vehicle ID 0 (Slot ID 54) Maintainence fee cost $3,000 to RAF's budget fund.
[2018/1/10 - 2:00:33] Vehicle ID 65535 (Slot ID 57) Maintainence fee cost $5,000 to RAF's budget fund.
[2018/1/10 - 2:00:33] Vehicle ID 0 (Slot ID 62) Maintainence fee cost $500 to RAF's budget fund.
[2018/1/10 - 2:00:33] Vehicle ID 65535 (Slot ID 63) Maintainence fee cost $5,500 to RAF's budget fund.
[2018/1/10 - 2:00:33] Vehicle ID 0 (Slot ID 82) Maintainence fee cost $3,000 to RAF's budget fund.
[2018/1/10 - 2:00:33] Vehicle ID 0 (Slot ID 87) Maintainence fee cost $3,000 to RAF's budget fund.
[2018/1/10 - 2:00:33] Vehicle ID 0 (Slot ID 91) Maintainence fee cost $2,500 to RAF's budget fund.
[2018/1/10 - 2:00:33] Vehicle ID 0 (Slot ID 92) Maintainence fee cost $2,500 to RAF's budget fund.
[2018/1/10 - 2:00:33] Vehicle ID 0 (Slot ID 169) Maintainence fee cost $2,500 to RAF's budget fund.
[2018/1/10 - 2:00:33] Vehicle ID 65535 (Slot ID 180) Maintainence fee cost $4,500 to RAF's budget fund.
[2018/1/10 - 2:00:33] Vehicle ID 65535 (Slot ID 229) Maintainence fee cost $6,500 to RAF's budget fund.
[2018/1/10 - 2:00:33] Vehicle ID 65535 (Slot ID 252) Maintainence fee cost $5,500 to RAF's budget fund.
[2018/1/10 - 2:00:33] Vehicle ID 0 (Slot ID 259) Maintainence fee cost $2,500 to RAF's budget fund.
[2018/1/10 - 2:00:33] Vehicle ID 0 (Slot ID 285) Maintainence fee cost $2,500 to RAF's budget fund.
[2018/1/10 - 2:00:33] Vehicle ID 0 (Slot ID 286) Maintainence fee cost $2,500 to RAF's budget fund.
[2018/1/10 - 2:00:33] Vehicle ID 0 (Slot ID 367) Maintainence fee cost $3,500 to RAF's budget fund.
[2018/1/10 - 2:00:33] Vehicle ID 0 (Slot ID 411) Maintainence fee cost $3,500 to RAF's budget fund.
[2018/1/10 - 2:00:33] Vehicle ID 65535 (Slot ID 415) Maintainence fee cost $5,500 to RAF's budget fund.
[2018/1/10 - 2:00:33] Vehicle ID 0 (Slot ID 502) Maintainence fee cost $2,500 to RAF's budget fund.
[2018/1/10 - 2:00:33] Vehicle ID 445 (Slot ID 610) Maintainence fee cost $0 to RAF's budget fund.
[2018/1/10 - 2:00:33] Vehicle ID 446 (Slot ID 613) Maintainence fee cost $0 to RAF's budget fund.
[2018/1/10 - 2:00:33] Vehicle ID 0 (Slot ID 616) Maintainence fee cost $0 to RAF's budget fund.
[2018/1/10 - 2:00:33] Vehicle ID 0 (Slot ID 639) Maintainence fee cost $0 to RAF's budget fund.
[2018/1/10 - 2:00:33] Vehicle ID 65535 (Slot ID 667) Maintainence fee cost $0 to RAF's budget fund.
[2018/1/10 - 3:00:25] The faction vault is at $8,184.
[2018/1/10 - 3:00:25] Vehicle ID 65535 (Slot ID 41) Maintainence fee cost $5,500 to RAF's budget fund.
[2018/1/10 - 3:00:25] Vehicle ID 0 (Slot ID 62) Maintainence fee cost $500 to RAF's budget fund.
[2018/1/10 - 3:00:25] Vehicle ID 0 (Slot ID 600) Maintainence fee cost $2,000 to RAF's budget fund.
[2018/1/10 - 3:00:25] Vehicle ID 445 (Slot ID 610) Maintainence fee cost $0 to RAF's budget fund.
[2018/1/10 - 3:00:25] Vehicle ID 446 (Slot ID 613) Maintainence fee cost $0 to RAF's budget fund.
[2018/1/10 - 3:00:25] Vehicle ID 0 (Slot ID 616) Maintainence fee cost $0 to RAF's budget fund.
[2018/1/10 - 3:00:25] Vehicle ID 0 (Slot ID 639) Maintainence fee cost $0 to RAF's budget fund.
[2018/1/10 - 3:00:25] Vehicle ID 65535 (Slot ID 667) Maintainence fee cost $0 to RAF's budget fund.
[2018/1/10 - 3:48:15] Vehicle Slot ID 610 RTB fee cost $0 to RAF's budget fund.
[2018/1/10 - 5:00:39] The faction vault is at $1,984.
[2018/1/10 - 5:00:39] Vehicle ID 0 (Slot ID 62) Maintainence fee cost $500 to RAF's budget fund.
[2018/1/10 - 5:00:39] Vehicle ID 445 (Slot ID 610) Maintainence fee cost $0 to RAF's budget fund.
[2018/1/10 - 5:00:39] Vehicle ID 446 (Slot ID 613) Maintainence fee cost $0 to RAF's budget fund.
[2018/1/10 - 5:00:39] Vehicle ID 0 (Slot ID 616) Maintainence fee cost $0 to RAF's budget fund.
[2018/1/10 - 5:00:39] Vehicle ID 0 (Slot ID 639) Maintainence fee cost $0 to RAF's budget fund.
[2018/1/10 - 5:00:39] Vehicle ID 65535 (Slot ID 667) Maintainence fee cost $0 to RAF's budget fund.
[2018/1/10 - 6:00:40] The faction vault is at $5,084.
[2018/1/10 - 6:00:40] Vehicle ID 0 (Slot ID 54) Maintainence fee cost $3,000 to RAF's budget fund.
[2018/1/10 - 6:00:40] Vehicle ID 0 (Slot ID 62) Maintainence fee cost $500 to RAF's budget fund.
[2018/1/10 - 6:00:40] Vehicle ID 445 (Slot ID 610) Maintainence fee cost $0 to RAF's budget fund.
[2018/1/10 - 6:00:40] Vehicle ID 446 (Slot ID 613) Maintainence fee cost $0 to RAF's budget fund.
[2018/1/10 - 6:00:40] Vehicle ID 0 (Slot ID 616) Maintainence fee cost $0 to RAF's budget fund.
[2018/1/10 - 6:00:40] Vehicle ID 0 (Slot ID 639) Maintainence fee cost $0 to RAF's budget fund.
[2018/1/10 - 6:00:40] Vehicle ID 65535 (Slot ID 667) Maintainence fee cost $0 to RAF's budget fund.
[2018/1/10 - 7:00:31] The faction vault is at $4,184.
[2018/1/10 - 7:00:31] Vehicle ID 0 (Slot ID 54) Maintainence fee cost $3,000 to RAF's budget fund.
[2018/1/10 - 7:00:31] Vehicle ID 0 (Slot ID 62) Maintainence fee cost $500 to RAF's budget fund.
[2018/1/10 - 7:00:31] Vehicle ID 445 (Slot ID 610) Maintainence fee cost $0 to RAF's budget fund.
[2018/1/10 - 7:00:31] Vehicle ID 446 (Slot ID 613) Maintainence fee cost $0 to RAF's budget fund.
[2018/1/10 - 7:00:31] Vehicle ID 0 (Slot ID 616) Maintainence fee cost $0 to RAF's budget fund.
[2018/1/10 - 7:00:31] Vehicle ID 0 (Slot ID 639) Maintainence fee cost $0 to RAF's budget fund.
[2018/1/10 - 7:00:31] Vehicle ID 65535 (Slot ID 667) Maintainence fee cost $0 to RAF's budget fund.
[2018/1/10 - 8:00:13] The faction vault is at $3,484.
[2018/1/10 - 8:00:13] Vehicle ID 0 (Slot ID 54) Maintainence fee cost $3,000 to RAF's budget fund.
[2018/1/10 - 8:00:13] Vehicle ID 445 (Slot ID 610) Maintainence fee cost $0 to RAF's budget fund.
[2018/1/10 - 8:00:13] Vehicle ID 446 (Slot ID 613) Maintainence fee cost $0 to RAF's budget fund.
[2018/1/10 - 8:00:13] Vehicle ID 0 (Slot ID 616) Maintainence fee cost $0 to RAF's budget fund.
[2018/1/10 - 8:00:13] Vehicle ID 0 (Slot ID 639) Maintainence fee cost $0 to RAF's budget fund.
[2018/1/10 - 8:00:13] Vehicle ID 65535 (Slot ID 667) Maintainence fee cost $0 to RAF's budget fund.
[2018/1/10 - 9:00:54] The faction vault is at $7,084.
[2018/1/10 - 9:00:54] Vehicle ID 65535 (Slot ID 41) Maintainence fee cost $5,500 to RAF's budget fund.
[2018/1/10 - 9:00:54] Vehicle ID 0 (Slot ID 62) Maintainence fee cost $500 to RAF's budget fund.
[2018/1/10 - 9:00:54] Vehicle ID 445 (Slot ID 610) Maintainence fee cost $0 to RAF's budget fund.
[2018/1/10 - 9:00:54] Vehicle ID 446 (Slot ID 613) Maintainence fee cost $0 to RAF's budget fund.
[2018/1/10 - 9:00:54] Vehicle ID 0 (Slot ID 616) Maintainence fee cost $0 to RAF's budget fund.
[2018/1/10 - 9:00:54] Vehicle ID 0 (Slot ID 639) Maintainence fee cost $0 to RAF's budget fund.
[2018/1/10 - 9:00:54] Vehicle ID 65535 (Slot ID 667) Maintainence fee cost $0 to RAF's budget fund.
[2018/1/10 - 10:00:32] The faction vault is at $7,284.
[2018/1/10 - 10:00:32] Vehicle ID 65535 (Slot ID 41) Maintainence fee cost $5,500 to RAF's budget fund.
[2018/1/10 - 10:00:32] Vehicle ID 0 (Slot ID 62) Maintainence fee cost $500 to RAF's budget fund.
[2018/1/10 - 10:00:32] Vehicle ID 445 (Slot ID 610) Maintainence fee cost $0 to RAF's budget fund.
[2018/1/10 - 10:00:32] Vehicle ID 446 (Slot ID 613) Maintainence fee cost $0 to RAF's budget fund.
[2018/1/10 - 10:00:32] Vehicle ID 0 (Slot ID 616) Maintainence fee cost $0 to RAF's budget fund.
[2018/1/10 - 10:00:32] Vehicle ID 0 (Slot ID 639) Maintainence fee cost $0 to RAF's budget fund.
[2018/1/10 - 10:00:32] Vehicle ID 65535 (Slot ID 667) Maintainence fee cost $0 to RAF's budget fund.
[2018/1/10 - 11:00:03] The faction vault is at $4,684.
[2018/1/10 - 11:00:03] Vehicle ID 0 (Slot ID 54) Maintainence fee cost $3,000 to RAF's budget fund.
[2018/1/10 - 11:00:03] Vehicle ID 0 (Slot ID 62) Maintainence fee cost $500 to RAF's budget fund.
[2018/1/10 - 11:00:03] Vehicle ID 445 (Slot ID 610) Maintainence fee cost $0 to RAF's budget fund.
[2018/1/10 - 11:00:03] Vehicle ID 446 (Slot ID 613) Maintainence fee cost $0 to RAF's budget fund.
[2018/1/10 - 11:00:03] Vehicle ID 0 (Slot ID 616) Maintainence fee cost $0 to RAF's budget fund.
[2018/1/10 - 11:00:03] Vehicle ID 0 (Slot ID 639) Maintainence fee cost $0 to RAF's budget fund.
[2018/1/10 - 11:00:03] Vehicle ID 65535 (Slot ID 667) Maintainence fee cost $0 to RAF's budget fund.
[2018/1/10 - 11:21:18] Vehicle Slot ID 610 RTB fee cost $0 to RAF's budget fund.
[2018/1/10 - 12:00:33] The faction vault is at $5,384.
[2018/1/10 - 12:00:33] Vehicle ID 0 (Slot ID 54) Maintainence fee cost $3,000 to RAF's budget fund.
[2018/1/10 - 12:00:33] Vehicle ID 0 (Slot ID 62) Maintainence fee cost $500 to RAF's budget fund.
[2018/1/10 - 12:00:33] Vehicle ID 445 (Slot ID 610) Maintainence fee cost $0 to RAF's budget fund.
[2018/1/10 - 12:00:33] Vehicle ID 446 (Slot ID 613) Maintainence fee cost $0 to RAF's budget fund.
[2018/1/10 - 12:00:33] Vehicle ID 0 (Slot ID 616) Maintainence fee cost $0 to RAF's budget fund.
[2018/1/10 - 12:00:33] Vehicle ID 0 (Slot ID 639) Maintainence fee cost $0 to RAF's budget fund.
[2018/1/10 - 12:00:33] Vehicle ID 65535 (Slot ID 667) Maintainence fee cost $0 to RAF's budget fund.
[2018/1/10 - 13:00:58] The faction vault is at $6,684.
[2018/1/10 - 13:00:58] Vehicle ID 65535 (Slot ID 41) Maintainence fee cost $5,500 to RAF's budget fund.
[2018/1/10 - 13:00:58] Vehicle ID 0 (Slot ID 62) Maintainence fee cost $500 to RAF's budget fund.
[2018/1/10 - 13:00:58] Vehicle ID 445 (Slot ID 610) Maintainence fee cost $0 to RAF's budget fund.
[2018/1/10 - 13:00:58] Vehicle ID 446 (Slot ID 613) Maintainence fee cost $0 to RAF's budget fund.
[2018/1/10 - 13:00:58] Vehicle ID 0 (Slot ID 616) Maintainence fee cost $0 to RAF's budget fund.
[2018/1/10 - 13:00:58] Vehicle ID 0 (Slot ID 639) Maintainence fee cost $0 to RAF's budget fund.
[2018/1/10 - 13:00:58] Vehicle ID 65535 (Slot ID 667) Maintainence fee cost $0 to RAF's budget fund.
[2018/1/10 - 14:00:27] The faction vault is at $3,684.
[2018/1/10 - 14:00:27] Vehicle ID 0 (Slot ID 54) Maintainence fee cost $3,000 to RAF's budget fund.
[2018/1/10 - 14:00:27] Vehicle ID 0 (Slot ID 62) Maintainence fee cost $500 to RAF's budget fund.
[2018/1/10 - 14:00:27] Vehicle ID 445 (Slot ID 610) Maintainence fee cost $0 to RAF's budget fund.
[2018/1/10 - 14:00:27] Vehicle ID 446 (Slot ID 613) Maintainence fee cost $0 to RAF's budget fund.
[2018/1/10 - 14:00:27] Vehicle ID 0 (Slot ID 616) Maintainence fee cost $0 to RAF's budget fund.
[2018/1/10 - 14:00:27] Vehicle ID 0 (Slot ID 639) Maintainence fee cost $0 to RAF's budget fund.
[2018/1/10 - 14:00:27] Vehicle ID 65535 (Slot ID 667) Maintainence fee cost $0 to RAF's budget fund.
[2018/1/10 - 14:42:41] Vehicle Slot ID 610 RTB fee cost $0 to RAF's budget fund.
[2018/1/10 - 15:00:52] The faction vault is at $4,984.
[2018/1/10 - 15:00:52] Vehicle ID 0 (Slot ID 54) Maintainence fee cost $3,000 to RAF's budget fund.
[2018/1/10 - 15:00:52] Vehicle ID 0 (Slot ID 62) Maintainence fee cost $500 to RAF's budget fund.
[2018/1/10 - 15:00:52] Vehicle ID 445 (Slot ID 610) Maintainence fee cost $0 to RAF's budget fund.
[2018/1/10 - 15:00:52] Vehicle ID 446 (Slot ID 613) Maintainence fee cost $0 to RAF's budget fund.
[2018/1/10 - 15:00:52] Vehicle ID 0 (Slot ID 616) Maintainence fee cost $0 to RAF's budget fund.
[2018/1/10 - 15:00:52] Vehicle ID 0 (Slot ID 639) Maintainence fee cost $0 to RAF's budget fund.
[2018/1/10 - 15:00:52] Vehicle ID 65535 (Slot ID 667) Maintainence fee cost $0 to RAF's budget fund.
[2018/1/10 - 16:00:12] The faction vault is at $5,484.
[2018/1/10 - 16:00:12] Vehicle ID 0 (Slot ID 54) Maintainence fee cost $3,000 to RAF's budget fund.
[2018/1/10 - 16:00:12] Vehicle ID 0 (Slot ID 62) Maintainence fee cost $500 to RAF's budget fund.
[2018/1/10 - 16:00:12] Vehicle ID 445 (Slot ID 610) Maintainence fee cost $0 to RAF's budget fund.
[2018/1/10 - 16:00:12] Vehicle ID 446 (Slot ID 613) Maintainence fee cost $0 to RAF's budget fund.
[2018/1/10 - 16:00:12] Vehicle ID 0 (Slot ID 616) Maintainence fee cost $0 to RAF's budget fund.
[2018/1/10 - 16:00:12] Vehicle ID 0 (Slot ID 639) Maintainence fee cost $0 to RAF's budget fund.
[2018/1/10 - 16:00:12] Vehicle ID 65535 (Slot ID 667) Maintainence fee cost $0 to RAF's budget fund.
[2018/1/10 - 17:00:41] The faction vault is at $10,384.
[2018/1/10 - 17:00:41] Vehicle ID 65535 (Slot ID 41) Maintainence fee cost $5,500 to RAF's budget fund.
[2018/1/10 - 17:00:41] Vehicle ID 0 (Slot ID 54) Maintainence fee cost $3,000 to RAF's budget fund.
[2018/1/10 - 17:00:41] Vehicle ID 0 (Slot ID 62) Maintainence fee cost $500 to RAF's budget fund.
[2018/1/10 - 17:00:41] Vehicle ID 445 (Slot ID 610) Maintainence fee cost $0 to RAF's budget fund.
[2018/1/10 - 17:00:41] Vehicle ID 446 (Slot ID 613) Maintainence fee cost $0 to RAF's budget fund.
[2018/1/10 - 17:00:41] Vehicle ID 0 (Slot ID 616) Maintainence fee cost $0 to RAF's budget fund.
[2018/1/10 - 17:00:41] Vehicle ID 0 (Slot ID 639) Maintainence fee cost $0 to RAF's budget fund.
[2018/1/10 - 17:00:41] Vehicle ID 65535 (Slot ID 667) Maintainence fee cost $0 to RAF's budget fund.
[2018/1/10 - 18:00:07] The faction vault is at $8,984.
[2018/1/10 - 18:00:07] Vehicle ID 65535 (Slot ID 41) Maintainence fee cost $5,500 to RAF's budget fund.
[2018/1/10 - 18:00:07] Vehicle ID 0 (Slot ID 54) Maintainence fee cost $3,000 to RAF's budget fund.
[2018/1/10 - 18:00:07] Vehicle ID 445 (Slot ID 610) Maintainence fee cost $0 to RAF's budget fund.
[2018/1/10 - 18:00:07] Vehicle ID 446 (Slot ID 613) Maintainence fee cost $0 to RAF's budget fund.
[2018/1/10 - 18:00:07] Vehicle ID 0 (Slot ID 616) Maintainence fee cost $0 to RAF's budget fund.
[2018/1/10 - 18:00:07] Vehicle ID 0 (Slot ID 639) Maintainence fee cost $0 to RAF's budget fund.
[2018/1/10 - 18:00:07] Vehicle ID 65535 (Slot ID 667) Maintainence fee cost $0 to RAF's budget fund.
[2018/1/10 - 19:00:28] The faction vault is at $7,084.
[2018/1/10 - 19:00:28] NE Gov Paid $175,000 to RAF budget fund.
[2018/1/10 - 19:00:28] Vehicle ID 65535 (Slot ID 41) Maintainence fee cost $5,500 to RAF's budget fund.
[2018/1/10 - 19:00:28] Vehicle ID 0 (Slot ID 54) Maintainence fee cost $3,000 to RAF's budget fund.
[2018/1/10 - 19:00:28] Vehicle ID 65535 (Slot ID 57) Maintainence fee cost $5,000 to RAF's budget fund.
[2018/1/10 - 19:00:28] Vehicle ID 0 (Slot ID 62) Maintainence fee cost $500 to RAF's budget fund.
[2018/1/10 - 19:00:28] Vehicle ID 65535 (Slot ID 63) Maintainence fee cost $5,500 to RAF's budget fund.
[2018/1/10 - 19:00:28] Vehicle ID 0 (Slot ID 82) Maintainence fee cost $3,000 to RAF's budget fund.
[2018/1/10 - 19:00:28] Vehicle ID 0 (Slot ID 87) Maintainence fee cost $3,000 to RAF's budget fund.
[2018/1/10 - 19:00:28] Vehicle ID 0 (Slot ID 91) Maintainence fee cost $2,500 to RAF's budget fund.
[2018/1/10 - 19:00:28] Vehicle ID 0 (Slot ID 92) Maintainence fee cost $2,500 to RAF's budget fund.
[2018/1/10 - 19:00:28] Vehicle ID 0 (Slot ID 169) Maintainence fee cost $2,500 to RAF's budget fund.
[2018/1/10 - 19:00:28] Vehicle ID 65535 (Slot ID 180) Maintainence fee cost $4,500 to RAF's budget fund.
[2018/1/10 - 19:00:28] Vehicle ID 65535 (Slot ID 229) Maintainence fee cost $6,500 to RAF's budget fund.
[2018/1/10 - 19:00:28] Vehicle ID 65535 (Slot ID 252) Maintainence fee cost $5,500 to RAF's budget fund.
[2018/1/10 - 19:00:28] Vehicle ID 0 (Slot ID 259) Maintainence fee cost $2,500 to RAF's budget fund.
[2018/1/10 - 19:00:28] Vehicle ID 0 (Slot ID 285) Maintainence fee cost $2,500 to RAF's budget fund.
[2018/1/10 - 19:00:28] Vehicle ID 0 (Slot ID 286) Maintainence fee cost $2,500 to RAF's budget fund.
[2018/1/10 - 19:00:28] Vehicle ID 0 (Slot ID 367) Maintainence fee cost $3,500 to RAF's budget fund.
[2018/1/10 - 19:00:28] Vehicle ID 0 (Slot ID 411) Maintainence fee cost $3,500 to RAF's budget fund.
[2018/1/10 - 19:00:28] Vehicle ID 65535 (Slot ID 415) Maintainence fee cost $5,500 to RAF's budget fund.
[2018/1/10 - 19:00:28] Vehicle ID 65535 (Slot ID 419) Maintainence fee cost $4,500 to RAF's budget fund.
[2018/1/10 - 19:00:28] Vehicle ID 65535 (Slot ID 452) Maintainence fee cost $6,500 to RAF's budget fund.
[2018/1/10 - 19:00:28] Vehicle ID 0 (Slot ID 498) Maintainence fee cost $3,500 to RAF's budget fund.
[2018/1/10 - 19:00:28] Vehicle ID 0 (Slot ID 502) Maintainence fee cost $2,500 to RAF's budget fund.
[2018/1/10 - 19:00:28] Vehicle ID 0 (Slot ID 505) Maintainence fee cost $3,500 to RAF's budget fund.
[2018/1/10 - 19:00:28] Vehicle ID 0 (Slot ID 548) Maintainence fee cost $3,500 to RAF's budget fund.
[2018/1/10 - 19:00:28] Vehicle ID 0 (Slot ID 570) Maintainence fee cost $3,500 to RAF's budget fund.
[2018/1/10 - 19:00:28] Vehicle ID 0 (Slot ID 582) Maintainence fee cost $3,500 to RAF's budget fund.
[2018/1/10 - 19:00:28] Vehicle ID 65535 (Slot ID 595) Maintainence fee cost $6,500 to RAF's budget fund.
[2018/1/10 - 19:00:28] Vehicle ID 0 (Slot ID 597) Maintainence fee cost $3,000 to RAF's budget fund.
[2018/1/10 - 19:00:28] Vehicle ID 0 (Slot ID 600) Maintainence fee cost $2,000 to RAF's budget fund.
[2018/1/10 - 19:00:28] Vehicle ID 445 (Slot ID 610) Maintainence fee cost $0 to RAF's budget fund.
[2018/1/10 - 19:00:28] Vehicle ID 446 (Slot ID 613) Maintainence fee cost $0 to RAF's budget fund.
[2018/1/10 - 19:00:28] Vehicle ID 0 (Slot ID 616) Maintainence fee cost $0 to RAF's budget fund.
[2018/1/10 - 19:00:28] Vehicle ID 0 (Slot ID 639) Maintainence fee cost $0 to RAF's budget fund.
[2018/1/10 - 19:00:28] Vehicle ID 65535 (Slot ID 667) Maintainence fee cost $0 to RAF's budget fund.
[2018/1/10 - 19:00:28] Vehicle ID 65535 (Slot ID 679) Maintainence fee cost $6,500 to RAF's budget fund.
[2018/1/10 - 20:00:58] The faction vault is at $70,784.
[2018/1/10 - 20:00:58] Vehicle ID 65535 (Slot ID 41) Maintainence fee cost $5,500 to RAF's budget fund.
[2018/1/10 - 20:00:58] Vehicle ID 0 (Slot ID 54) Maintainence fee cost $3,000 to RAF's budget fund.
[2018/1/10 - 20:00:58] Vehicle ID 65535 (Slot ID 57) Maintainence fee cost $5,000 to RAF's budget fund.
[2018/1/10 - 20:00:58] Vehicle ID 0 (Slot ID 62) Maintainence fee cost $500 to RAF's budget fund.
[2018/1/10 - 20:00:58] Vehicle ID 65535 (Slot ID 63) Maintainence fee cost $5,500 to RAF's budget fund.
[2018/1/10 - 20:00:58] Vehicle ID 0 (Slot ID 82) Maintainence fee cost $3,000 to RAF's budget fund.
[2018/1/10 - 20:00:58] Vehicle ID 0 (Slot ID 87) Maintainence fee cost $3,000 to RAF's budget fund.
[2018/1/10 - 20:00:58] Vehicle ID 0 (Slot ID 91) Maintainence fee cost $2,500 to RAF's budget fund.
[2018/1/10 - 20:00:58] Vehicle ID 0 (Slot ID 92) Maintainence fee cost $2,500 to RAF's budget fund.
[2018/1/10 - 20:00:58] Vehicle ID 0 (Slot ID 169) Maintainence fee cost $2,500 to RAF's budget fund.
[2018/1/10 - 20:00:58] Vehicle ID 65535 (Slot ID 180) Maintainence fee cost $4,500 to RAF's budget fund.
[2018/1/10 - 20:00:58] Vehicle ID 65535 (Slot ID 229) Maintainence fee cost $6,500 to RAF's budget fund.
[2018/1/10 - 20:00:58] Vehicle ID 65535 (Slot ID 252) Maintainence fee cost $5,500 to RAF's budget fund.
[2018/1/10 - 20:00:58] Vehicle ID 0 (Slot ID 259) Maintainence fee cost $2,500 to RAF's budget fund.
[2018/1/10 - 20:00:58] Vehicle ID 0 (Slot ID 285) Maintainence fee cost $2,500 to RAF's budget fund.
[2018/1/10 - 20:00:58] Vehicle ID 0 (Slot ID 286) Maintainence fee cost $2,500 to RAF's budget fund.
[2018/1/10 - 20:00:58] Vehicle ID 0 (Slot ID 367) Maintainence fee cost $3,500 to RAF's budget fund.
[2018/1/10 - 20:00:58] Vehicle ID 0 (Slot ID 411) Maintainence fee cost $3,500 to RAF's budget fund.
[2018/1/10 - 20:00:58] Vehicle ID 65535 (Slot ID 415) Maintainence fee cost $5,500 to RAF's budget fund.
[2018/1/10 - 20:00:58] Vehicle ID 445 (Slot ID 610) Maintainence fee cost $0 to RAF's budget fund.
[2018/1/10 - 20:00:58] Vehicle ID 446 (Slot ID 613) Maintainence fee cost $0 to RAF's budget fund.
[2018/1/10 - 20:00:58] Vehicle ID 0 (Slot ID 616) Maintainence fee cost $0 to RAF's budget fund.
[2018/1/10 - 20:00:58] Vehicle ID 0 (Slot ID 639) Maintainence fee cost $0 to RAF's budget fund.
[2018/1/10 - 20:00:58] Vehicle ID 65535 (Slot ID 667) Maintainence fee cost $0 to RAF's budget fund.
[2018/1/10 - 21:00:23] The faction vault is at $11,084.
[2018/1/10 - 21:00:23] Vehicle ID 65535 (Slot ID 41) Maintainence fee cost $5,500 to RAF's budget fund.
[2018/1/10 - 21:00:23] Vehicle ID 0 (Slot ID 54) Maintainence fee cost $3,000 to RAF's budget fund.
[2018/1/10 - 21:00:23] Vehicle ID 0 (Slot ID 62) Maintainence fee cost $500 to RAF's budget fund.
[2018/1/10 - 21:00:23] Vehicle ID 0 (Slot ID 600) Maintainence fee cost $2,000 to RAF's budget fund.
[2018/1/10 - 21:00:23] Vehicle ID 445 (Slot ID 610) Maintainence fee cost $0 to RAF's budget fund.
[2018/1/10 - 21:00:23] Vehicle ID 446 (Slot ID 613) Maintainence fee cost $0 to RAF's budget fund.
[2018/1/10 - 21:00:23] Vehicle ID 0 (Slot ID 616) Maintainence fee cost $0 to RAF's budget fund.
[2018/1/10 - 21:00:23] Vehicle ID 0 (Slot ID 639) Maintainence fee cost $0 to RAF's budget fund.
[2018/1/10 - 21:00:23] Vehicle ID 65535 (Slot ID 667) Maintainence fee cost $0 to RAF's budget fund.
[2018/1/10 - 22:00:43] The faction vault is at $7,884.
[2018/1/10 - 22:00:43] Vehicle ID 65535 (Slot ID 41) Maintainence fee cost $5,500 to RAF's budget fund.
[2018/1/10 - 22:00:43] Vehicle ID 0 (Slot ID 62) Maintainence fee cost $500 to RAF's budget fund.
[2018/1/10 - 22:00:43] Vehicle ID 445 (Slot ID 610) Maintainence fee cost $0 to RAF's budget fund.
[2018/1/10 - 22:00:43] Vehicle ID 446 (Slot ID 613) Maintainence fee cost $0 to RAF's budget fund.
[2018/1/10 - 22:00:43] Vehicle ID 0 (Slot ID 616) Maintainence fee cost $0 to RAF's budget fund.
[2018/1/10 - 22:00:43] Vehicle ID 0 (Slot ID 639) Maintainence fee cost $0 to RAF's budget fund.
[2018/1/10 - 22:00:43] Vehicle ID 65535 (Slot ID 667) Maintainence fee cost $0 to RAF's budget fund.
[2018/1/10 - 23:00:11] The faction vault is at $6,484.
[2018/1/10 - 23:00:11] Vehicle ID 65535 (Slot ID 41) Maintainence fee cost $5,500 to RAF's budget fund.
[2018/1/10 - 23:00:11] Vehicle ID 0 (Slot ID 62) Maintainence fee cost $500 to RAF's budget fund.
[2018/1/10 - 23:00:11] Vehicle ID 445 (Slot ID 610) Maintainence fee cost $0 to RAF's budget fund.
[2018/1/10 - 23:00:11] Vehicle ID 446 (Slot ID 613) Maintainence fee cost $0 to RAF's budget fund.
[2018/1/10 - 23:00:11] Vehicle ID 0 (Slot ID 616) Maintainence fee cost $0 to RAF's budget fund.
[2018/1/10 - 23:00:11] Vehicle ID 0 (Slot ID 639) Maintainence fee cost $0 to RAF's budget fund.
[2018/1/10 - 23:00:11] Vehicle ID 65535 (Slot ID 667) Maintainence fee cost $0 to RAF's budget fund.
