[2018/2/14 - 0:00:40] The faction vault is at $629,179.
[2018/2/14 - 0:00:40] NE Gov Paid $175,000 to RAF budget fund.
[2018/2/14 - 0:00:40] Vehicle ID 65535 (Slot ID 41) Maintainence fee cost $5,500 to RAF's budget fund.
[2018/2/14 - 0:00:40] Vehicle ID 0 (Slot ID 54) Maintainence fee cost $3,000 to RAF's budget fund.
[2018/2/14 - 0:00:40] Vehicle ID 65535 (Slot ID 57) Maintainence fee cost $5,000 to RAF's budget fund.
[2018/2/14 - 0:00:40] Vehicle ID 0 (Slot ID 62) Maintainence fee cost $500 to RAF's budget fund.
[2018/2/14 - 0:00:40] Vehicle ID 65535 (Slot ID 63) Maintainence fee cost $5,500 to RAF's budget fund.
[2018/2/14 - 0:00:40] Vehicle ID 0 (Slot ID 82) Maintainence fee cost $3,000 to RAF's budget fund.
[2018/2/14 - 0:00:40] Vehicle ID 0 (Slot ID 87) Maintainence fee cost $3,000 to RAF's budget fund.
[2018/2/14 - 0:00:40] Vehicle ID 0 (Slot ID 91) Maintainence fee cost $2,500 to RAF's budget fund.
[2018/2/14 - 0:00:40] Vehicle ID 0 (Slot ID 92) Maintainence fee cost $2,500 to RAF's budget fund.
[2018/2/14 - 0:00:40] Vehicle ID 0 (Slot ID 169) Maintainence fee cost $2,500 to RAF's budget fund.
[2018/2/14 - 0:00:40] Vehicle ID 65535 (Slot ID 180) Maintainence fee cost $4,500 to RAF's budget fund.
[2018/2/14 - 0:00:40] Vehicle ID 65535 (Slot ID 229) Maintainence fee cost $6,500 to RAF's budget fund.
[2018/2/14 - 0:00:40] Vehicle ID 65535 (Slot ID 252) Maintainence fee cost $5,500 to RAF's budget fund.
[2018/2/14 - 0:00:40] Vehicle ID 0 (Slot ID 259) Maintainence fee cost $2,500 to RAF's budget fund.
[2018/2/14 - 0:00:40] Vehicle ID 0 (Slot ID 285) Maintainence fee cost $2,500 to RAF's budget fund.
[2018/2/14 - 0:00:40] Vehicle ID 0 (Slot ID 286) Maintainence fee cost $2,500 to RAF's budget fund.
[2018/2/14 - 0:00:40] Vehicle ID 0 (Slot ID 367) Maintainence fee cost $3,500 to RAF's budget fund.
[2018/2/14 - 0:00:40] Vehicle ID 0 (Slot ID 411) Maintainence fee cost $3,500 to RAF's budget fund.
[2018/2/14 - 0:00:40] Vehicle ID 65535 (Slot ID 415) Maintainence fee cost $5,500 to RAF's budget fund.
[2018/2/14 - 0:00:40] Vehicle ID 65535 (Slot ID 419) Maintainence fee cost $4,500 to RAF's budget fund.
[2018/2/14 - 0:00:40] Vehicle ID 65535 (Slot ID 452) Maintainence fee cost $6,500 to RAF's budget fund.
[2018/2/14 - 0:00:40] Vehicle ID 0 (Slot ID 498) Maintainence fee cost $3,500 to RAF's budget fund.
[2018/2/14 - 0:00:40] Vehicle ID 0 (Slot ID 502) Maintainence fee cost $2,500 to RAF's budget fund.
[2018/2/14 - 0:00:40] Vehicle ID 0 (Slot ID 505) Maintainence fee cost $3,500 to RAF's budget fund.
[2018/2/14 - 0:00:40] Vehicle ID 0 (Slot ID 548) Maintainence fee cost $3,500 to RAF's budget fund.
[2018/2/14 - 0:00:40] Vehicle ID 0 (Slot ID 570) Maintainence fee cost $3,500 to RAF's budget fund.
[2018/2/14 - 0:00:40] Vehicle ID 0 (Slot ID 582) Maintainence fee cost $3,500 to RAF's budget fund.
[2018/2/14 - 0:00:40] Vehicle ID 65535 (Slot ID 595) Maintainence fee cost $6,500 to RAF's budget fund.
[2018/2/14 - 0:00:40] Vehicle ID 0 (Slot ID 597) Maintainence fee cost $3,000 to RAF's budget fund.
[2018/2/14 - 0:00:40] Vehicle ID 0 (Slot ID 600) Maintainence fee cost $2,000 to RAF's budget fund.
[2018/2/14 - 0:00:40] Vehicle ID 471 (Slot ID 610) Maintainence fee cost $0 to RAF's budget fund.
[2018/2/14 - 0:00:40] Vehicle ID 0 (Slot ID 616) Maintainence fee cost $0 to RAF's budget fund.
[2018/2/14 - 0:00:40] Vehicle ID 0 (Slot ID 639) Maintainence fee cost $0 to RAF's budget fund.
[2018/2/14 - 0:00:40] Vehicle ID 65535 (Slot ID 667) Maintainence fee cost $0 to RAF's budget fund.
[2018/2/14 - 0:00:40] Vehicle ID 65535 (Slot ID 679) Maintainence fee cost $6,500 to RAF's budget fund.
[2018/2/14 - 1:00:55] The faction vault is at $685,679.
[2018/2/14 - 1:00:55] Vehicle ID 65535 (Slot ID 41) Maintainence fee cost $5,500 to RAF's budget fund.
[2018/2/14 - 1:00:55] Vehicle ID 0 (Slot ID 54) Maintainence fee cost $3,000 to RAF's budget fund.
[2018/2/14 - 1:00:55] Vehicle ID 65535 (Slot ID 57) Maintainence fee cost $5,000 to RAF's budget fund.
[2018/2/14 - 1:00:55] Vehicle ID 0 (Slot ID 62) Maintainence fee cost $500 to RAF's budget fund.
[2018/2/14 - 1:00:55] Vehicle ID 65535 (Slot ID 63) Maintainence fee cost $5,500 to RAF's budget fund.
[2018/2/14 - 1:00:55] Vehicle ID 0 (Slot ID 82) Maintainence fee cost $3,000 to RAF's budget fund.
[2018/2/14 - 1:00:55] Vehicle ID 0 (Slot ID 87) Maintainence fee cost $3,000 to RAF's budget fund.
[2018/2/14 - 1:00:55] Vehicle ID 0 (Slot ID 91) Maintainence fee cost $2,500 to RAF's budget fund.
[2018/2/14 - 1:00:55] Vehicle ID 0 (Slot ID 92) Maintainence fee cost $2,500 to RAF's budget fund.
[2018/2/14 - 1:00:55] Vehicle ID 0 (Slot ID 169) Maintainence fee cost $2,500 to RAF's budget fund.
[2018/2/14 - 1:00:55] Vehicle ID 65535 (Slot ID 180) Maintainence fee cost $4,500 to RAF's budget fund.
[2018/2/14 - 1:00:55] Vehicle ID 65535 (Slot ID 229) Maintainence fee cost $6,500 to RAF's budget fund.
[2018/2/14 - 1:00:55] Vehicle ID 65535 (Slot ID 252) Maintainence fee cost $5,500 to RAF's budget fund.
[2018/2/14 - 1:00:55] Vehicle ID 0 (Slot ID 259) Maintainence fee cost $2,500 to RAF's budget fund.
[2018/2/14 - 1:00:55] Vehicle ID 0 (Slot ID 285) Maintainence fee cost $2,500 to RAF's budget fund.
[2018/2/14 - 1:00:55] Vehicle ID 0 (Slot ID 286) Maintainence fee cost $2,500 to RAF's budget fund.
[2018/2/14 - 1:00:55] Vehicle ID 0 (Slot ID 367) Maintainence fee cost $3,500 to RAF's budget fund.
[2018/2/14 - 1:00:55] Vehicle ID 0 (Slot ID 411) Maintainence fee cost $3,500 to RAF's budget fund.
[2018/2/14 - 1:00:55] Vehicle ID 65535 (Slot ID 415) Maintainence fee cost $5,500 to RAF's budget fund.
[2018/2/14 - 1:00:55] Vehicle ID 65535 (Slot ID 419) Maintainence fee cost $4,500 to RAF's budget fund.
[2018/2/14 - 1:00:55] Vehicle ID 65535 (Slot ID 452) Maintainence fee cost $6,500 to RAF's budget fund.
[2018/2/14 - 1:00:55] Vehicle ID 0 (Slot ID 498) Maintainence fee cost $3,500 to RAF's budget fund.
[2018/2/14 - 1:00:55] Vehicle ID 0 (Slot ID 502) Maintainence fee cost $2,500 to RAF's budget fund.
[2018/2/14 - 1:00:55] Vehicle ID 0 (Slot ID 505) Maintainence fee cost $3,500 to RAF's budget fund.
[2018/2/14 - 1:00:55] Vehicle ID 0 (Slot ID 548) Maintainence fee cost $3,500 to RAF's budget fund.
[2018/2/14 - 1:00:55] Vehicle ID 0 (Slot ID 570) Maintainence fee cost $3,500 to RAF's budget fund.
[2018/2/14 - 1:00:55] Vehicle ID 0 (Slot ID 582) Maintainence fee cost $3,500 to RAF's budget fund.
[2018/2/14 - 1:00:55] Vehicle ID 65535 (Slot ID 595) Maintainence fee cost $6,500 to RAF's budget fund.
[2018/2/14 - 1:00:55] Vehicle ID 0 (Slot ID 597) Maintainence fee cost $3,000 to RAF's budget fund.
[2018/2/14 - 1:00:55] Vehicle ID 0 (Slot ID 600) Maintainence fee cost $2,000 to RAF's budget fund.
[2018/2/14 - 1:00:55] Vehicle ID 471 (Slot ID 610) Maintainence fee cost $0 to RAF's budget fund.
[2018/2/14 - 1:00:55] Vehicle ID 0 (Slot ID 616) Maintainence fee cost $0 to RAF's budget fund.
[2018/2/14 - 1:00:55] Vehicle ID 0 (Slot ID 639) Maintainence fee cost $0 to RAF's budget fund.
[2018/2/14 - 1:00:55] Vehicle ID 65535 (Slot ID 667) Maintainence fee cost $0 to RAF's budget fund.
[2018/2/14 - 1:00:55] Vehicle ID 65535 (Slot ID 679) Maintainence fee cost $6,500 to RAF's budget fund.
[2018/2/14 - 2:00:08] The faction vault is at $567,179.
[2018/2/14 - 2:00:08] Vehicle ID 65535 (Slot ID 41) Maintainence fee cost $5,500 to RAF's budget fund.
[2018/2/14 - 2:00:08] Vehicle ID 0 (Slot ID 54) Maintainence fee cost $3,000 to RAF's budget fund.
[2018/2/14 - 2:00:08] Vehicle ID 65535 (Slot ID 57) Maintainence fee cost $5,000 to RAF's budget fund.
[2018/2/14 - 2:00:08] Vehicle ID 0 (Slot ID 62) Maintainence fee cost $500 to RAF's budget fund.
[2018/2/14 - 2:00:08] Vehicle ID 65535 (Slot ID 63) Maintainence fee cost $5,500 to RAF's budget fund.
[2018/2/14 - 2:00:08] Vehicle ID 0 (Slot ID 82) Maintainence fee cost $3,000 to RAF's budget fund.
[2018/2/14 - 2:00:08] Vehicle ID 0 (Slot ID 87) Maintainence fee cost $3,000 to RAF's budget fund.
[2018/2/14 - 2:00:08] Vehicle ID 0 (Slot ID 91) Maintainence fee cost $2,500 to RAF's budget fund.
[2018/2/14 - 2:00:08] Vehicle ID 0 (Slot ID 92) Maintainence fee cost $2,500 to RAF's budget fund.
[2018/2/14 - 2:00:08] Vehicle ID 0 (Slot ID 169) Maintainence fee cost $2,500 to RAF's budget fund.
[2018/2/14 - 2:00:08] Vehicle ID 65535 (Slot ID 180) Maintainence fee cost $4,500 to RAF's budget fund.
[2018/2/14 - 2:00:08] Vehicle ID 65535 (Slot ID 229) Maintainence fee cost $6,500 to RAF's budget fund.
[2018/2/14 - 2:00:08] Vehicle ID 65535 (Slot ID 252) Maintainence fee cost $5,500 to RAF's budget fund.
[2018/2/14 - 2:00:08] Vehicle ID 0 (Slot ID 259) Maintainence fee cost $2,500 to RAF's budget fund.
[2018/2/14 - 2:00:08] Vehicle ID 0 (Slot ID 285) Maintainence fee cost $2,500 to RAF's budget fund.
[2018/2/14 - 2:00:08] Vehicle ID 0 (Slot ID 286) Maintainence fee cost $2,500 to RAF's budget fund.
[2018/2/14 - 2:00:08] Vehicle ID 0 (Slot ID 367) Maintainence fee cost $3,500 to RAF's budget fund.
[2018/2/14 - 2:00:08] Vehicle ID 0 (Slot ID 411) Maintainence fee cost $3,500 to RAF's budget fund.
[2018/2/14 - 2:00:08] Vehicle ID 65535 (Slot ID 415) Maintainence fee cost $5,500 to RAF's budget fund.
[2018/2/14 - 2:00:08] Vehicle ID 65535 (Slot ID 419) Maintainence fee cost $4,500 to RAF's budget fund.
[2018/2/14 - 2:00:08] Vehicle ID 65535 (Slot ID 452) Maintainence fee cost $6,500 to RAF's budget fund.
[2018/2/14 - 2:00:08] Vehicle ID 0 (Slot ID 498) Maintainence fee cost $3,500 to RAF's budget fund.
[2018/2/14 - 2:00:08] Vehicle ID 0 (Slot ID 502) Maintainence fee cost $2,500 to RAF's budget fund.
[2018/2/14 - 2:00:08] Vehicle ID 0 (Slot ID 505) Maintainence fee cost $3,500 to RAF's budget fund.
[2018/2/14 - 2:00:08] Vehicle ID 0 (Slot ID 548) Maintainence fee cost $3,500 to RAF's budget fund.
[2018/2/14 - 2:00:08] Vehicle ID 0 (Slot ID 570) Maintainence fee cost $3,500 to RAF's budget fund.
[2018/2/14 - 2:00:08] Vehicle ID 0 (Slot ID 582) Maintainence fee cost $3,500 to RAF's budget fund.
[2018/2/14 - 2:00:08] Vehicle ID 65535 (Slot ID 595) Maintainence fee cost $6,500 to RAF's budget fund.
[2018/2/14 - 2:00:08] Vehicle ID 0 (Slot ID 597) Maintainence fee cost $3,000 to RAF's budget fund.
[2018/2/14 - 2:00:08] Vehicle ID 0 (Slot ID 600) Maintainence fee cost $2,000 to RAF's budget fund.
[2018/2/14 - 2:00:08] Vehicle ID 471 (Slot ID 610) Maintainence fee cost $0 to RAF's budget fund.
[2018/2/14 - 2:00:08] Vehicle ID 0 (Slot ID 616) Maintainence fee cost $0 to RAF's budget fund.
[2018/2/14 - 2:00:08] Vehicle ID 0 (Slot ID 639) Maintainence fee cost $0 to RAF's budget fund.
[2018/2/14 - 2:00:08] Vehicle ID 65535 (Slot ID 667) Maintainence fee cost $0 to RAF's budget fund.
[2018/2/14 - 2:00:08] Vehicle ID 65535 (Slot ID 679) Maintainence fee cost $6,500 to RAF's budget fund.
[2018/2/14 - 3:00:18] The faction vault is at $448,679.
[2018/2/14 - 3:00:18] Vehicle ID 65535 (Slot ID 41) Maintainence fee cost $5,500 to RAF's budget fund.
[2018/2/14 - 3:00:18] Vehicle ID 0 (Slot ID 54) Maintainence fee cost $3,000 to RAF's budget fund.
[2018/2/14 - 3:00:18] Vehicle ID 65535 (Slot ID 57) Maintainence fee cost $5,000 to RAF's budget fund.
[2018/2/14 - 3:00:18] Vehicle ID 0 (Slot ID 62) Maintainence fee cost $500 to RAF's budget fund.
[2018/2/14 - 3:00:18] Vehicle ID 65535 (Slot ID 63) Maintainence fee cost $5,500 to RAF's budget fund.
[2018/2/14 - 3:00:18] Vehicle ID 0 (Slot ID 82) Maintainence fee cost $3,000 to RAF's budget fund.
[2018/2/14 - 3:00:18] Vehicle ID 0 (Slot ID 87) Maintainence fee cost $3,000 to RAF's budget fund.
[2018/2/14 - 3:00:18] Vehicle ID 0 (Slot ID 91) Maintainence fee cost $2,500 to RAF's budget fund.
[2018/2/14 - 3:00:18] Vehicle ID 0 (Slot ID 92) Maintainence fee cost $2,500 to RAF's budget fund.
[2018/2/14 - 3:00:18] Vehicle ID 0 (Slot ID 169) Maintainence fee cost $2,500 to RAF's budget fund.
[2018/2/14 - 3:00:18] Vehicle ID 65535 (Slot ID 180) Maintainence fee cost $4,500 to RAF's budget fund.
[2018/2/14 - 3:00:18] Vehicle ID 65535 (Slot ID 229) Maintainence fee cost $6,500 to RAF's budget fund.
[2018/2/14 - 3:00:18] Vehicle ID 65535 (Slot ID 252) Maintainence fee cost $5,500 to RAF's budget fund.
[2018/2/14 - 3:00:18] Vehicle ID 0 (Slot ID 259) Maintainence fee cost $2,500 to RAF's budget fund.
[2018/2/14 - 3:00:18] Vehicle ID 0 (Slot ID 285) Maintainence fee cost $2,500 to RAF's budget fund.
[2018/2/14 - 3:00:18] Vehicle ID 0 (Slot ID 286) Maintainence fee cost $2,500 to RAF's budget fund.
[2018/2/14 - 3:00:18] Vehicle ID 0 (Slot ID 367) Maintainence fee cost $3,500 to RAF's budget fund.
[2018/2/14 - 3:00:18] Vehicle ID 0 (Slot ID 411) Maintainence fee cost $3,500 to RAF's budget fund.
[2018/2/14 - 3:00:18] Vehicle ID 65535 (Slot ID 415) Maintainence fee cost $5,500 to RAF's budget fund.
[2018/2/14 - 3:00:18] Vehicle ID 65535 (Slot ID 419) Maintainence fee cost $4,500 to RAF's budget fund.
[2018/2/14 - 3:00:18] Vehicle ID 65535 (Slot ID 452) Maintainence fee cost $6,500 to RAF's budget fund.
[2018/2/14 - 3:00:18] Vehicle ID 0 (Slot ID 498) Maintainence fee cost $3,500 to RAF's budget fund.
[2018/2/14 - 3:00:18] Vehicle ID 0 (Slot ID 502) Maintainence fee cost $2,500 to RAF's budget fund.
[2018/2/14 - 3:00:18] Vehicle ID 0 (Slot ID 505) Maintainence fee cost $3,500 to RAF's budget fund.
[2018/2/14 - 3:00:18] Vehicle ID 0 (Slot ID 548) Maintainence fee cost $3,500 to RAF's budget fund.
[2018/2/14 - 3:00:18] Vehicle ID 0 (Slot ID 570) Maintainence fee cost $3,500 to RAF's budget fund.
[2018/2/14 - 3:00:18] Vehicle ID 0 (Slot ID 582) Maintainence fee cost $3,500 to RAF's budget fund.
[2018/2/14 - 3:00:18] Vehicle ID 65535 (Slot ID 595) Maintainence fee cost $6,500 to RAF's budget fund.
[2018/2/14 - 3:00:18] Vehicle ID 0 (Slot ID 597) Maintainence fee cost $3,000 to RAF's budget fund.
[2018/2/14 - 3:00:18] Vehicle ID 0 (Slot ID 600) Maintainence fee cost $2,000 to RAF's budget fund.
[2018/2/14 - 3:00:18] Vehicle ID 471 (Slot ID 610) Maintainence fee cost $0 to RAF's budget fund.
[2018/2/14 - 3:00:18] Vehicle ID 0 (Slot ID 616) Maintainence fee cost $0 to RAF's budget fund.
[2018/2/14 - 3:00:18] Vehicle ID 0 (Slot ID 639) Maintainence fee cost $0 to RAF's budget fund.
[2018/2/14 - 3:00:18] Vehicle ID 65535 (Slot ID 667) Maintainence fee cost $0 to RAF's budget fund.
[2018/2/14 - 3:00:18] Vehicle ID 65535 (Slot ID 679) Maintainence fee cost $6,500 to RAF's budget fund.
[2018/2/14 - 4:00:15] The faction vault is at $330,179.
[2018/2/14 - 4:00:15] Vehicle ID 65535 (Slot ID 41) Maintainence fee cost $5,500 to RAF's budget fund.
[2018/2/14 - 4:00:15] Vehicle ID 0 (Slot ID 54) Maintainence fee cost $3,000 to RAF's budget fund.
[2018/2/14 - 4:00:15] Vehicle ID 65535 (Slot ID 57) Maintainence fee cost $5,000 to RAF's budget fund.
[2018/2/14 - 4:00:15] Vehicle ID 0 (Slot ID 62) Maintainence fee cost $500 to RAF's budget fund.
[2018/2/14 - 4:00:15] Vehicle ID 65535 (Slot ID 63) Maintainence fee cost $5,500 to RAF's budget fund.
[2018/2/14 - 4:00:15] Vehicle ID 0 (Slot ID 82) Maintainence fee cost $3,000 to RAF's budget fund.
[2018/2/14 - 4:00:15] Vehicle ID 0 (Slot ID 87) Maintainence fee cost $3,000 to RAF's budget fund.
[2018/2/14 - 4:00:15] Vehicle ID 0 (Slot ID 91) Maintainence fee cost $2,500 to RAF's budget fund.
[2018/2/14 - 4:00:15] Vehicle ID 0 (Slot ID 92) Maintainence fee cost $2,500 to RAF's budget fund.
[2018/2/14 - 4:00:15] Vehicle ID 0 (Slot ID 169) Maintainence fee cost $2,500 to RAF's budget fund.
[2018/2/14 - 4:00:15] Vehicle ID 65535 (Slot ID 180) Maintainence fee cost $4,500 to RAF's budget fund.
[2018/2/14 - 4:00:15] Vehicle ID 65535 (Slot ID 229) Maintainence fee cost $6,500 to RAF's budget fund.
[2018/2/14 - 4:00:15] Vehicle ID 65535 (Slot ID 252) Maintainence fee cost $5,500 to RAF's budget fund.
[2018/2/14 - 4:00:15] Vehicle ID 0 (Slot ID 259) Maintainence fee cost $2,500 to RAF's budget fund.
[2018/2/14 - 4:00:15] Vehicle ID 0 (Slot ID 285) Maintainence fee cost $2,500 to RAF's budget fund.
[2018/2/14 - 4:00:15] Vehicle ID 0 (Slot ID 286) Maintainence fee cost $2,500 to RAF's budget fund.
[2018/2/14 - 4:00:15] Vehicle ID 0 (Slot ID 367) Maintainence fee cost $3,500 to RAF's budget fund.
[2018/2/14 - 4:00:15] Vehicle ID 0 (Slot ID 411) Maintainence fee cost $3,500 to RAF's budget fund.
[2018/2/14 - 4:00:15] Vehicle ID 65535 (Slot ID 415) Maintainence fee cost $5,500 to RAF's budget fund.
[2018/2/14 - 4:00:15] Vehicle ID 65535 (Slot ID 419) Maintainence fee cost $4,500 to RAF's budget fund.
[2018/2/14 - 4:00:15] Vehicle ID 65535 (Slot ID 452) Maintainence fee cost $6,500 to RAF's budget fund.
[2018/2/14 - 4:00:15] Vehicle ID 0 (Slot ID 498) Maintainence fee cost $3,500 to RAF's budget fund.
[2018/2/14 - 4:00:15] Vehicle ID 0 (Slot ID 502) Maintainence fee cost $2,500 to RAF's budget fund.
[2018/2/14 - 4:00:15] Vehicle ID 0 (Slot ID 505) Maintainence fee cost $3,500 to RAF's budget fund.
[2018/2/14 - 4:00:15] Vehicle ID 0 (Slot ID 548) Maintainence fee cost $3,500 to RAF's budget fund.
[2018/2/14 - 4:00:15] Vehicle ID 0 (Slot ID 570) Maintainence fee cost $3,500 to RAF's budget fund.
[2018/2/14 - 4:00:15] Vehicle ID 0 (Slot ID 582) Maintainence fee cost $3,500 to RAF's budget fund.
[2018/2/14 - 4:00:15] Vehicle ID 65535 (Slot ID 595) Maintainence fee cost $6,500 to RAF's budget fund.
[2018/2/14 - 4:00:15] Vehicle ID 0 (Slot ID 597) Maintainence fee cost $3,000 to RAF's budget fund.
[2018/2/14 - 4:00:15] Vehicle ID 0 (Slot ID 600) Maintainence fee cost $2,000 to RAF's budget fund.
[2018/2/14 - 4:00:15] Vehicle ID 471 (Slot ID 610) Maintainence fee cost $0 to RAF's budget fund.
[2018/2/14 - 4:00:15] Vehicle ID 0 (Slot ID 616) Maintainence fee cost $0 to RAF's budget fund.
[2018/2/14 - 4:00:15] Vehicle ID 0 (Slot ID 639) Maintainence fee cost $0 to RAF's budget fund.
[2018/2/14 - 4:00:15] Vehicle ID 65535 (Slot ID 667) Maintainence fee cost $0 to RAF's budget fund.
[2018/2/14 - 4:00:15] Vehicle ID 65535 (Slot ID 679) Maintainence fee cost $6,500 to RAF's budget fund.
[2018/2/14 - 5:00:13] The faction vault is at $213,879.
[2018/2/14 - 5:00:13] Vehicle ID 65535 (Slot ID 41) Maintainence fee cost $5,500 to RAF's budget fund.
[2018/2/14 - 5:00:13] Vehicle ID 0 (Slot ID 54) Maintainence fee cost $3,000 to RAF's budget fund.
[2018/2/14 - 5:00:13] Vehicle ID 65535 (Slot ID 57) Maintainence fee cost $5,000 to RAF's budget fund.
[2018/2/14 - 5:00:13] Vehicle ID 0 (Slot ID 62) Maintainence fee cost $500 to RAF's budget fund.
[2018/2/14 - 5:00:13] Vehicle ID 65535 (Slot ID 63) Maintainence fee cost $5,500 to RAF's budget fund.
[2018/2/14 - 5:00:13] Vehicle ID 0 (Slot ID 82) Maintainence fee cost $3,000 to RAF's budget fund.
[2018/2/14 - 5:00:13] Vehicle ID 0 (Slot ID 87) Maintainence fee cost $3,000 to RAF's budget fund.
[2018/2/14 - 5:00:13] Vehicle ID 0 (Slot ID 91) Maintainence fee cost $2,500 to RAF's budget fund.
[2018/2/14 - 5:00:13] Vehicle ID 0 (Slot ID 92) Maintainence fee cost $2,500 to RAF's budget fund.
[2018/2/14 - 5:00:13] Vehicle ID 0 (Slot ID 169) Maintainence fee cost $2,500 to RAF's budget fund.
[2018/2/14 - 5:00:13] Vehicle ID 65535 (Slot ID 180) Maintainence fee cost $4,500 to RAF's budget fund.
[2018/2/14 - 5:00:13] Vehicle ID 65535 (Slot ID 229) Maintainence fee cost $6,500 to RAF's budget fund.
[2018/2/14 - 5:00:13] Vehicle ID 65535 (Slot ID 252) Maintainence fee cost $5,500 to RAF's budget fund.
[2018/2/14 - 5:00:13] Vehicle ID 0 (Slot ID 259) Maintainence fee cost $2,500 to RAF's budget fund.
[2018/2/14 - 5:00:13] Vehicle ID 0 (Slot ID 285) Maintainence fee cost $2,500 to RAF's budget fund.
[2018/2/14 - 5:00:13] Vehicle ID 0 (Slot ID 286) Maintainence fee cost $2,500 to RAF's budget fund.
[2018/2/14 - 5:00:13] Vehicle ID 0 (Slot ID 367) Maintainence fee cost $3,500 to RAF's budget fund.
[2018/2/14 - 5:00:13] Vehicle ID 0 (Slot ID 411) Maintainence fee cost $3,500 to RAF's budget fund.
[2018/2/14 - 5:00:13] Vehicle ID 65535 (Slot ID 415) Maintainence fee cost $5,500 to RAF's budget fund.
[2018/2/14 - 5:00:13] Vehicle ID 65535 (Slot ID 419) Maintainence fee cost $4,500 to RAF's budget fund.
[2018/2/14 - 5:00:13] Vehicle ID 65535 (Slot ID 452) Maintainence fee cost $6,500 to RAF's budget fund.
[2018/2/14 - 5:00:13] Vehicle ID 0 (Slot ID 498) Maintainence fee cost $3,500 to RAF's budget fund.
[2018/2/14 - 5:00:13] Vehicle ID 0 (Slot ID 502) Maintainence fee cost $2,500 to RAF's budget fund.
[2018/2/14 - 5:00:13] Vehicle ID 0 (Slot ID 505) Maintainence fee cost $3,500 to RAF's budget fund.
[2018/2/14 - 5:00:13] Vehicle ID 0 (Slot ID 548) Maintainence fee cost $3,500 to RAF's budget fund.
[2018/2/14 - 5:00:13] Vehicle ID 0 (Slot ID 570) Maintainence fee cost $3,500 to RAF's budget fund.
[2018/2/14 - 5:00:13] Vehicle ID 0 (Slot ID 582) Maintainence fee cost $3,500 to RAF's budget fund.
[2018/2/14 - 5:00:13] Vehicle ID 65535 (Slot ID 595) Maintainence fee cost $6,500 to RAF's budget fund.
[2018/2/14 - 5:00:13] Vehicle ID 0 (Slot ID 597) Maintainence fee cost $3,000 to RAF's budget fund.
[2018/2/14 - 5:00:13] Vehicle ID 0 (Slot ID 600) Maintainence fee cost $2,000 to RAF's budget fund.
[2018/2/14 - 5:00:13] Vehicle ID 471 (Slot ID 610) Maintainence fee cost $0 to RAF's budget fund.
[2018/2/14 - 5:00:13] Vehicle ID 0 (Slot ID 616) Maintainence fee cost $0 to RAF's budget fund.
[2018/2/14 - 5:00:13] Vehicle ID 0 (Slot ID 639) Maintainence fee cost $0 to RAF's budget fund.
[2018/2/14 - 5:00:13] Vehicle ID 65535 (Slot ID 667) Maintainence fee cost $0 to RAF's budget fund.
[2018/2/14 - 5:00:13] Vehicle ID 65535 (Slot ID 679) Maintainence fee cost $6,500 to RAF's budget fund.
[2018/2/14 - 6:00:07] The faction vault is at $95,979.
[2018/2/14 - 6:00:07] Vehicle ID 65535 (Slot ID 41) Maintainence fee cost $5,500 to RAF's budget fund.
[2018/2/14 - 6:00:07] Vehicle ID 0 (Slot ID 54) Maintainence fee cost $3,000 to RAF's budget fund.
[2018/2/14 - 6:00:07] Vehicle ID 65535 (Slot ID 57) Maintainence fee cost $5,000 to RAF's budget fund.
[2018/2/14 - 6:00:07] Vehicle ID 0 (Slot ID 62) Maintainence fee cost $500 to RAF's budget fund.
[2018/2/14 - 6:00:07] Vehicle ID 65535 (Slot ID 63) Maintainence fee cost $5,500 to RAF's budget fund.
[2018/2/14 - 6:00:07] Vehicle ID 0 (Slot ID 82) Maintainence fee cost $3,000 to RAF's budget fund.
[2018/2/14 - 6:00:07] Vehicle ID 0 (Slot ID 87) Maintainence fee cost $3,000 to RAF's budget fund.
[2018/2/14 - 6:00:07] Vehicle ID 0 (Slot ID 91) Maintainence fee cost $2,500 to RAF's budget fund.
[2018/2/14 - 6:00:07] Vehicle ID 0 (Slot ID 92) Maintainence fee cost $2,500 to RAF's budget fund.
[2018/2/14 - 6:00:07] Vehicle ID 0 (Slot ID 169) Maintainence fee cost $2,500 to RAF's budget fund.
[2018/2/14 - 6:00:07] Vehicle ID 65535 (Slot ID 180) Maintainence fee cost $4,500 to RAF's budget fund.
[2018/2/14 - 6:00:07] Vehicle ID 65535 (Slot ID 229) Maintainence fee cost $6,500 to RAF's budget fund.
[2018/2/14 - 6:00:07] Vehicle ID 65535 (Slot ID 252) Maintainence fee cost $5,500 to RAF's budget fund.
[2018/2/14 - 6:00:07] Vehicle ID 0 (Slot ID 259) Maintainence fee cost $2,500 to RAF's budget fund.
[2018/2/14 - 6:00:07] Vehicle ID 0 (Slot ID 285) Maintainence fee cost $2,500 to RAF's budget fund.
[2018/2/14 - 6:00:07] Vehicle ID 0 (Slot ID 286) Maintainence fee cost $2,500 to RAF's budget fund.
[2018/2/14 - 6:00:07] Vehicle ID 0 (Slot ID 367) Maintainence fee cost $3,500 to RAF's budget fund.
[2018/2/14 - 6:00:07] Vehicle ID 0 (Slot ID 411) Maintainence fee cost $3,500 to RAF's budget fund.
[2018/2/14 - 6:00:07] Vehicle ID 65535 (Slot ID 415) Maintainence fee cost $5,500 to RAF's budget fund.
[2018/2/14 - 6:00:07] Vehicle ID 65535 (Slot ID 419) Maintainence fee cost $4,500 to RAF's budget fund.
[2018/2/14 - 6:00:07] Vehicle ID 65535 (Slot ID 452) Maintainence fee cost $6,500 to RAF's budget fund.
[2018/2/14 - 6:00:07] Vehicle ID 0 (Slot ID 498) Maintainence fee cost $3,500 to RAF's budget fund.
[2018/2/14 - 6:00:07] Vehicle ID 0 (Slot ID 502) Maintainence fee cost $2,500 to RAF's budget fund.
[2018/2/14 - 6:00:07] Vehicle ID 0 (Slot ID 505) Maintainence fee cost $3,500 to RAF's budget fund.
[2018/2/14 - 6:00:07] Vehicle ID 0 (Slot ID 548) Maintainence fee cost $3,500 to RAF's budget fund.
[2018/2/14 - 6:00:07] Vehicle ID 0 (Slot ID 600) Maintainence fee cost $2,000 to RAF's budget fund.
[2018/2/14 - 6:00:07] Vehicle ID 471 (Slot ID 610) Maintainence fee cost $0 to RAF's budget fund.
[2018/2/14 - 6:00:07] Vehicle ID 0 (Slot ID 616) Maintainence fee cost $0 to RAF's budget fund.
[2018/2/14 - 6:00:07] Vehicle ID 0 (Slot ID 639) Maintainence fee cost $0 to RAF's budget fund.
[2018/2/14 - 6:00:07] Vehicle ID 65535 (Slot ID 667) Maintainence fee cost $0 to RAF's budget fund.
[2018/2/14 - 7:00:11] The faction vault is at $879.
[2018/2/14 - 7:00:11] Vehicle ID 0 (Slot ID 62) Maintainence fee cost $500 to RAF's budget fund.
[2018/2/14 - 7:00:11] Vehicle ID 471 (Slot ID 610) Maintainence fee cost $0 to RAF's budget fund.
[2018/2/14 - 7:00:11] Vehicle ID 0 (Slot ID 616) Maintainence fee cost $0 to RAF's budget fund.
[2018/2/14 - 7:00:11] Vehicle ID 0 (Slot ID 639) Maintainence fee cost $0 to RAF's budget fund.
[2018/2/14 - 7:00:11] Vehicle ID 65535 (Slot ID 667) Maintainence fee cost $0 to RAF's budget fund.
[2018/2/14 - 8:00:16] The faction vault is at $379.
[2018/2/14 - 8:00:16] Vehicle ID 471 (Slot ID 610) Maintainence fee cost $0 to RAF's budget fund.
[2018/2/14 - 8:00:16] Vehicle ID 0 (Slot ID 616) Maintainence fee cost $0 to RAF's budget fund.
[2018/2/14 - 8:00:16] Vehicle ID 0 (Slot ID 639) Maintainence fee cost $0 to RAF's budget fund.
[2018/2/14 - 8:00:16] Vehicle ID 65535 (Slot ID 667) Maintainence fee cost $0 to RAF's budget fund.
[2018/2/14 - 9:00:22] The faction vault is at $379.
[2018/2/14 - 9:00:22] Vehicle ID 471 (Slot ID 610) Maintainence fee cost $0 to RAF's budget fund.
[2018/2/14 - 9:00:22] Vehicle ID 0 (Slot ID 616) Maintainence fee cost $0 to RAF's budget fund.
[2018/2/14 - 9:00:22] Vehicle ID 0 (Slot ID 639) Maintainence fee cost $0 to RAF's budget fund.
[2018/2/14 - 9:00:22] Vehicle ID 65535 (Slot ID 667) Maintainence fee cost $0 to RAF's budget fund.
[2018/2/14 - 10:00:36] The faction vault is at $379.
[2018/2/14 - 10:00:36] Vehicle ID 471 (Slot ID 610) Maintainence fee cost $0 to RAF's budget fund.
[2018/2/14 - 10:00:36] Vehicle ID 0 (Slot ID 616) Maintainence fee cost $0 to RAF's budget fund.
[2018/2/14 - 10:00:36] Vehicle ID 0 (Slot ID 639) Maintainence fee cost $0 to RAF's budget fund.
[2018/2/14 - 10:00:36] Vehicle ID 65535 (Slot ID 667) Maintainence fee cost $0 to RAF's budget fund.
[2018/2/14 - 11:00:42] The faction vault is at $379.
[2018/2/14 - 11:00:42] Vehicle ID 471 (Slot ID 610) Maintainence fee cost $0 to RAF's budget fund.
[2018/2/14 - 11:00:42] Vehicle ID 0 (Slot ID 616) Maintainence fee cost $0 to RAF's budget fund.
[2018/2/14 - 11:00:42] Vehicle ID 0 (Slot ID 639) Maintainence fee cost $0 to RAF's budget fund.
[2018/2/14 - 11:00:42] Vehicle ID 65535 (Slot ID 667) Maintainence fee cost $0 to RAF's budget fund.
[2018/2/14 - 12:00:43] The faction vault is at $379.
[2018/2/14 - 12:00:43] Vehicle ID 471 (Slot ID 610) Maintainence fee cost $0 to RAF's budget fund.
[2018/2/14 - 12:00:43] Vehicle ID 0 (Slot ID 616) Maintainence fee cost $0 to RAF's budget fund.
[2018/2/14 - 12:00:43] Vehicle ID 0 (Slot ID 639) Maintainence fee cost $0 to RAF's budget fund.
[2018/2/14 - 12:00:43] Vehicle ID 65535 (Slot ID 667) Maintainence fee cost $0 to RAF's budget fund.
[2018/2/14 - 13:00:52] The faction vault is at $379.
[2018/2/14 - 13:00:52] Vehicle ID 471 (Slot ID 610) Maintainence fee cost $0 to RAF's budget fund.
[2018/2/14 - 13:00:52] Vehicle ID 0 (Slot ID 616) Maintainence fee cost $0 to RAF's budget fund.
[2018/2/14 - 13:00:52] Vehicle ID 0 (Slot ID 639) Maintainence fee cost $0 to RAF's budget fund.
[2018/2/14 - 13:00:52] Vehicle ID 65535 (Slot ID 667) Maintainence fee cost $0 to RAF's budget fund.
[2018/2/14 - 14:00:12] The faction vault is at $379.
[2018/2/14 - 14:00:13] Vehicle ID 471 (Slot ID 610) Maintainence fee cost $0 to RAF's budget fund.
[2018/2/14 - 14:00:13] Vehicle ID 0 (Slot ID 616) Maintainence fee cost $0 to RAF's budget fund.
[2018/2/14 - 14:00:13] Vehicle ID 0 (Slot ID 639) Maintainence fee cost $0 to RAF's budget fund.
[2018/2/14 - 14:00:13] Vehicle ID 65535 (Slot ID 667) Maintainence fee cost $0 to RAF's budget fund.
[2018/2/14 - 15:00:31] The faction vault is at $1,579.
[2018/2/14 - 15:00:31] Vehicle ID 0 (Slot ID 62) Maintainence fee cost $500 to RAF's budget fund.
[2018/2/14 - 15:00:31] Vehicle ID 471 (Slot ID 610) Maintainence fee cost $0 to RAF's budget fund.
[2018/2/14 - 15:00:31] Vehicle ID 0 (Slot ID 616) Maintainence fee cost $0 to RAF's budget fund.
[2018/2/14 - 15:00:31] Vehicle ID 0 (Slot ID 639) Maintainence fee cost $0 to RAF's budget fund.
[2018/2/14 - 15:00:31] Vehicle ID 65535 (Slot ID 667) Maintainence fee cost $0 to RAF's budget fund.
[2018/2/14 - 16:00:57] The faction vault is at $1,079.
[2018/2/14 - 16:00:57] Vehicle ID 0 (Slot ID 62) Maintainence fee cost $500 to RAF's budget fund.
[2018/2/14 - 16:00:57] Vehicle ID 471 (Slot ID 610) Maintainence fee cost $0 to RAF's budget fund.
[2018/2/14 - 16:00:57] Vehicle ID 0 (Slot ID 616) Maintainence fee cost $0 to RAF's budget fund.
[2018/2/14 - 16:00:57] Vehicle ID 0 (Slot ID 639) Maintainence fee cost $0 to RAF's budget fund.
[2018/2/14 - 16:00:57] Vehicle ID 65535 (Slot ID 667) Maintainence fee cost $0 to RAF's budget fund.
[2018/2/14 - 16:50:12] Vehicle Slot ID 610 RTB fee cost $0 to RAF's budget fund.
[2018/2/14 - 17:00:19] The faction vault is at $1,379.
[2018/2/14 - 17:00:19] Vehicle ID 0 (Slot ID 62) Maintainence fee cost $500 to RAF's budget fund.
[2018/2/14 - 17:00:19] Vehicle ID 471 (Slot ID 610) Maintainence fee cost $0 to RAF's budget fund.
[2018/2/14 - 17:00:19] Vehicle ID 0 (Slot ID 616) Maintainence fee cost $0 to RAF's budget fund.
[2018/2/14 - 17:00:19] Vehicle ID 0 (Slot ID 639) Maintainence fee cost $0 to RAF's budget fund.
[2018/2/14 - 17:00:19] Vehicle ID 65535 (Slot ID 667) Maintainence fee cost $0 to RAF's budget fund.
[2018/2/14 - 18:00:37] The faction vault is at $879.
[2018/2/14 - 18:00:37] Vehicle ID 0 (Slot ID 62) Maintainence fee cost $500 to RAF's budget fund.
[2018/2/14 - 18:00:37] Vehicle ID 471 (Slot ID 610) Maintainence fee cost $0 to RAF's budget fund.
[2018/2/14 - 18:00:37] Vehicle ID 0 (Slot ID 616) Maintainence fee cost $0 to RAF's budget fund.
[2018/2/14 - 18:00:37] Vehicle ID 0 (Slot ID 639) Maintainence fee cost $0 to RAF's budget fund.
[2018/2/14 - 18:00:37] Vehicle ID 65535 (Slot ID 667) Maintainence fee cost $0 to RAF's budget fund.
[2018/2/14 - 19:00:32] The faction vault is at $379.
[2018/2/14 - 19:00:32] Vehicle ID 471 (Slot ID 610) Maintainence fee cost $0 to RAF's budget fund.
[2018/2/14 - 19:00:32] Vehicle ID 0 (Slot ID 616) Maintainence fee cost $0 to RAF's budget fund.
[2018/2/14 - 19:00:32] Vehicle ID 0 (Slot ID 639) Maintainence fee cost $0 to RAF's budget fund.
[2018/2/14 - 19:00:32] Vehicle ID 65535 (Slot ID 667) Maintainence fee cost $0 to RAF's budget fund.
[2018/2/14 - 20:00:38] The faction vault is at $379.
[2018/2/14 - 20:00:38] Vehicle ID 471 (Slot ID 610) Maintainence fee cost $0 to RAF's budget fund.
[2018/2/14 - 20:00:38] Vehicle ID 0 (Slot ID 616) Maintainence fee cost $0 to RAF's budget fund.
[2018/2/14 - 20:00:38] Vehicle ID 0 (Slot ID 639) Maintainence fee cost $0 to RAF's budget fund.
[2018/2/14 - 20:00:38] Vehicle ID 65535 (Slot ID 667) Maintainence fee cost $0 to RAF's budget fund.
[2018/2/14 - 21:00:47] The faction vault is at $379.
[2018/2/14 - 21:00:47] Vehicle ID 471 (Slot ID 610) Maintainence fee cost $0 to RAF's budget fund.
[2018/2/14 - 21:00:47] Vehicle ID 0 (Slot ID 616) Maintainence fee cost $0 to RAF's budget fund.
[2018/2/14 - 21:00:47] Vehicle ID 0 (Slot ID 639) Maintainence fee cost $0 to RAF's budget fund.
[2018/2/14 - 21:00:47] Vehicle ID 65535 (Slot ID 667) Maintainence fee cost $0 to RAF's budget fund.
[2018/2/14 - 22:00:50] The faction vault is at $3,179.
[2018/2/14 - 22:00:50] Vehicle ID 0 (Slot ID 54) Maintainence fee cost $3,000 to RAF's budget fund.
[2018/2/14 - 22:00:50] Vehicle ID 471 (Slot ID 610) Maintainence fee cost $0 to RAF's budget fund.
[2018/2/14 - 22:00:50] Vehicle ID 0 (Slot ID 616) Maintainence fee cost $0 to RAF's budget fund.
[2018/2/14 - 22:00:50] Vehicle ID 0 (Slot ID 639) Maintainence fee cost $0 to RAF's budget fund.
[2018/2/14 - 22:00:50] Vehicle ID 65535 (Slot ID 667) Maintainence fee cost $0 to RAF's budget fund.
[2018/2/14 - 23:00:14] The faction vault is at $2,179.
[2018/2/14 - 23:00:14] Vehicle ID 0 (Slot ID 62) Maintainence fee cost $500 to RAF's budget fund.
[2018/2/14 - 23:00:14] Vehicle ID 471 (Slot ID 610) Maintainence fee cost $0 to RAF's budget fund.
[2018/2/14 - 23:00:14] Vehicle ID 0 (Slot ID 616) Maintainence fee cost $0 to RAF's budget fund.
[2018/2/14 - 23:00:14] Vehicle ID 0 (Slot ID 639) Maintainence fee cost $0 to RAF's budget fund.
[2018/2/14 - 23:00:14] Vehicle ID 65535 (Slot ID 667) Maintainence fee cost $0 to RAF's budget fund.
