[2018/1/18 - 0:01:00] The faction vault is at $79,482.
[2018/1/18 - 0:01:00] Vehicle ID 65535 (Slot ID 41) Maintainence fee cost $5,500 to RAF's budget fund.
[2018/1/18 - 0:01:00] Vehicle ID 0 (Slot ID 54) Maintainence fee cost $3,000 to RAF's budget fund.
[2018/1/18 - 0:01:00] Vehicle ID 65535 (Slot ID 57) Maintainence fee cost $5,000 to RAF's budget fund.
[2018/1/18 - 0:01:00] Vehicle ID 0 (Slot ID 62) Maintainence fee cost $500 to RAF's budget fund.
[2018/1/18 - 0:01:00] Vehicle ID 65535 (Slot ID 63) Maintainence fee cost $5,500 to RAF's budget fund.
[2018/1/18 - 0:01:00] Vehicle ID 0 (Slot ID 82) Maintainence fee cost $3,000 to RAF's budget fund.
[2018/1/18 - 0:01:00] Vehicle ID 0 (Slot ID 87) Maintainence fee cost $3,000 to RAF's budget fund.
[2018/1/18 - 0:01:00] Vehicle ID 0 (Slot ID 91) Maintainence fee cost $2,500 to RAF's budget fund.
[2018/1/18 - 0:01:00] Vehicle ID 0 (Slot ID 92) Maintainence fee cost $2,500 to RAF's budget fund.
[2018/1/18 - 0:01:00] Vehicle ID 0 (Slot ID 169) Maintainence fee cost $2,500 to RAF's budget fund.
[2018/1/18 - 0:01:00] Vehicle ID 65535 (Slot ID 180) Maintainence fee cost $4,500 to RAF's budget fund.
[2018/1/18 - 0:01:00] Vehicle ID 65535 (Slot ID 229) Maintainence fee cost $6,500 to RAF's budget fund.
[2018/1/18 - 0:01:00] Vehicle ID 65535 (Slot ID 252) Maintainence fee cost $5,500 to RAF's budget fund.
[2018/1/18 - 0:01:00] Vehicle ID 0 (Slot ID 259) Maintainence fee cost $2,500 to RAF's budget fund.
[2018/1/18 - 0:01:00] Vehicle ID 0 (Slot ID 285) Maintainence fee cost $2,500 to RAF's budget fund.
[2018/1/18 - 0:01:00] Vehicle ID 0 (Slot ID 286) Maintainence fee cost $2,500 to RAF's budget fund.
[2018/1/18 - 0:01:00] Vehicle ID 0 (Slot ID 367) Maintainence fee cost $3,500 to RAF's budget fund.
[2018/1/18 - 0:01:00] Vehicle ID 0 (Slot ID 411) Maintainence fee cost $3,500 to RAF's budget fund.
[2018/1/18 - 0:01:00] Vehicle ID 65535 (Slot ID 415) Maintainence fee cost $5,500 to RAF's budget fund.
[2018/1/18 - 0:01:00] Vehicle ID 65535 (Slot ID 419) Maintainence fee cost $4,500 to RAF's budget fund.
[2018/1/18 - 0:01:00] Vehicle ID 0 (Slot ID 498) Maintainence fee cost $3,500 to RAF's budget fund.
[2018/1/18 - 0:01:00] Vehicle ID 446 (Slot ID 610) Maintainence fee cost $0 to RAF's budget fund.
[2018/1/18 - 0:01:00] Vehicle ID 447 (Slot ID 613) Maintainence fee cost $0 to RAF's budget fund.
[2018/1/18 - 0:01:00] Vehicle ID 496 (Slot ID 616) Maintainence fee cost $0 to RAF's budget fund.
[2018/1/18 - 0:01:00] Vehicle ID 499 (Slot ID 639) Maintainence fee cost $0 to RAF's budget fund.
[2018/1/18 - 0:01:00] Vehicle ID 509 (Slot ID 667) Maintainence fee cost $0 to RAF's budget fund.
[2018/1/18 - 1:00:29] The faction vault is at $8,182.
[2018/1/18 - 1:00:29] Vehicle ID 65535 (Slot ID 41) Maintainence fee cost $5,500 to RAF's budget fund.
[2018/1/18 - 1:00:29] Vehicle ID 0 (Slot ID 62) Maintainence fee cost $500 to RAF's budget fund.
[2018/1/18 - 1:00:29] Vehicle ID 0 (Slot ID 600) Maintainence fee cost $2,000 to RAF's budget fund.
[2018/1/18 - 1:00:29] Vehicle ID 446 (Slot ID 610) Maintainence fee cost $0 to RAF's budget fund.
[2018/1/18 - 1:00:29] Vehicle ID 447 (Slot ID 613) Maintainence fee cost $0 to RAF's budget fund.
[2018/1/18 - 1:00:29] Vehicle ID 496 (Slot ID 616) Maintainence fee cost $0 to RAF's budget fund.
[2018/1/18 - 1:00:29] Vehicle ID 499 (Slot ID 639) Maintainence fee cost $0 to RAF's budget fund.
[2018/1/18 - 1:00:29] Vehicle ID 509 (Slot ID 667) Maintainence fee cost $0 to RAF's budget fund.
[2018/1/18 - 2:00:55] The faction vault is at $4,382.
[2018/1/18 - 2:00:55] Vehicle ID 0 (Slot ID 54) Maintainence fee cost $3,000 to RAF's budget fund.
[2018/1/18 - 2:00:55] Vehicle ID 0 (Slot ID 62) Maintainence fee cost $500 to RAF's budget fund.
[2018/1/18 - 2:00:55] Vehicle ID 446 (Slot ID 610) Maintainence fee cost $0 to RAF's budget fund.
[2018/1/18 - 2:00:55] Vehicle ID 447 (Slot ID 613) Maintainence fee cost $0 to RAF's budget fund.
[2018/1/18 - 2:00:55] Vehicle ID 496 (Slot ID 616) Maintainence fee cost $0 to RAF's budget fund.
[2018/1/18 - 2:00:55] Vehicle ID 499 (Slot ID 639) Maintainence fee cost $0 to RAF's budget fund.
[2018/1/18 - 2:00:55] Vehicle ID 509 (Slot ID 667) Maintainence fee cost $0 to RAF's budget fund.
[2018/1/18 - 3:00:38] The faction vault is at $9,682.
[2018/1/18 - 3:00:38] Vehicle ID 65535 (Slot ID 41) Maintainence fee cost $5,500 to RAF's budget fund.
[2018/1/18 - 3:00:38] Vehicle ID 0 (Slot ID 54) Maintainence fee cost $3,000 to RAF's budget fund.
[2018/1/18 - 3:00:38] Vehicle ID 0 (Slot ID 62) Maintainence fee cost $500 to RAF's budget fund.
[2018/1/18 - 3:00:38] Vehicle ID 446 (Slot ID 610) Maintainence fee cost $0 to RAF's budget fund.
[2018/1/18 - 3:00:38] Vehicle ID 447 (Slot ID 613) Maintainence fee cost $0 to RAF's budget fund.
[2018/1/18 - 3:00:38] Vehicle ID 496 (Slot ID 616) Maintainence fee cost $0 to RAF's budget fund.
[2018/1/18 - 3:00:38] Vehicle ID 499 (Slot ID 639) Maintainence fee cost $0 to RAF's budget fund.
[2018/1/18 - 3:00:38] Vehicle ID 509 (Slot ID 667) Maintainence fee cost $0 to RAF's budget fund.
[2018/1/18 - 4:00:20] The faction vault is at $7,482.
[2018/1/18 - 4:00:20] Vehicle ID 65535 (Slot ID 41) Maintainence fee cost $5,500 to RAF's budget fund.
[2018/1/18 - 4:00:20] Vehicle ID 0 (Slot ID 62) Maintainence fee cost $500 to RAF's budget fund.
[2018/1/18 - 4:00:20] Vehicle ID 446 (Slot ID 610) Maintainence fee cost $0 to RAF's budget fund.
[2018/1/18 - 4:00:20] Vehicle ID 447 (Slot ID 613) Maintainence fee cost $0 to RAF's budget fund.
[2018/1/18 - 4:00:20] Vehicle ID 496 (Slot ID 616) Maintainence fee cost $0 to RAF's budget fund.
[2018/1/18 - 4:00:20] Vehicle ID 499 (Slot ID 639) Maintainence fee cost $0 to RAF's budget fund.
[2018/1/18 - 4:00:20] Vehicle ID 509 (Slot ID 667) Maintainence fee cost $0 to RAF's budget fund.
[2018/1/18 - 5:00:16] The faction vault is at $13,082.
[2018/1/18 - 5:00:16] Vehicle ID 65535 (Slot ID 41) Maintainence fee cost $5,500 to RAF's budget fund.
[2018/1/18 - 5:00:16] Vehicle ID 0 (Slot ID 54) Maintainence fee cost $3,000 to RAF's budget fund.
[2018/1/18 - 5:00:16] Vehicle ID 0 (Slot ID 62) Maintainence fee cost $500 to RAF's budget fund.
[2018/1/18 - 5:00:16] Vehicle ID 0 (Slot ID 82) Maintainence fee cost $3,000 to RAF's budget fund.
[2018/1/18 - 5:00:16] Vehicle ID 446 (Slot ID 610) Maintainence fee cost $0 to RAF's budget fund.
[2018/1/18 - 5:00:16] Vehicle ID 447 (Slot ID 613) Maintainence fee cost $0 to RAF's budget fund.
[2018/1/18 - 5:00:16] Vehicle ID 496 (Slot ID 616) Maintainence fee cost $0 to RAF's budget fund.
[2018/1/18 - 5:00:16] Vehicle ID 499 (Slot ID 639) Maintainence fee cost $0 to RAF's budget fund.
[2018/1/18 - 5:00:16] Vehicle ID 509 (Slot ID 667) Maintainence fee cost $0 to RAF's budget fund.
[2018/1/18 - 6:00:07] The faction vault is at $7,482.
[2018/1/18 - 6:00:07] Vehicle ID 65535 (Slot ID 41) Maintainence fee cost $5,500 to RAF's budget fund.
[2018/1/18 - 6:00:07] Vehicle ID 0 (Slot ID 62) Maintainence fee cost $500 to RAF's budget fund.
[2018/1/18 - 6:00:07] Vehicle ID 446 (Slot ID 610) Maintainence fee cost $0 to RAF's budget fund.
[2018/1/18 - 6:00:07] Vehicle ID 447 (Slot ID 613) Maintainence fee cost $0 to RAF's budget fund.
[2018/1/18 - 6:00:07] Vehicle ID 496 (Slot ID 616) Maintainence fee cost $0 to RAF's budget fund.
[2018/1/18 - 6:00:07] Vehicle ID 499 (Slot ID 639) Maintainence fee cost $0 to RAF's budget fund.
[2018/1/18 - 6:00:07] Vehicle ID 509 (Slot ID 667) Maintainence fee cost $0 to RAF's budget fund.
[2018/1/18 - 7:00:01] The faction vault is at $7,082.
[2018/1/18 - 7:00:01] Vehicle ID 65535 (Slot ID 41) Maintainence fee cost $5,500 to RAF's budget fund.
[2018/1/18 - 7:00:01] Vehicle ID 0 (Slot ID 62) Maintainence fee cost $500 to RAF's budget fund.
[2018/1/18 - 7:00:01] Vehicle ID 446 (Slot ID 610) Maintainence fee cost $0 to RAF's budget fund.
[2018/1/18 - 7:00:01] Vehicle ID 447 (Slot ID 613) Maintainence fee cost $0 to RAF's budget fund.
[2018/1/18 - 7:00:01] Vehicle ID 496 (Slot ID 616) Maintainence fee cost $0 to RAF's budget fund.
[2018/1/18 - 7:00:01] Vehicle ID 499 (Slot ID 639) Maintainence fee cost $0 to RAF's budget fund.
[2018/1/18 - 7:00:01] Vehicle ID 509 (Slot ID 667) Maintainence fee cost $0 to RAF's budget fund.
[2018/1/18 - 8:00:49] The faction vault is at $8,882.
[2018/1/18 - 8:00:49] Vehicle ID 65535 (Slot ID 41) Maintainence fee cost $5,500 to RAF's budget fund.
[2018/1/18 - 8:00:49] Vehicle ID 0 (Slot ID 54) Maintainence fee cost $3,000 to RAF's budget fund.
[2018/1/18 - 8:00:49] Vehicle ID 446 (Slot ID 610) Maintainence fee cost $0 to RAF's budget fund.
[2018/1/18 - 8:00:49] Vehicle ID 447 (Slot ID 613) Maintainence fee cost $0 to RAF's budget fund.
[2018/1/18 - 8:00:49] Vehicle ID 496 (Slot ID 616) Maintainence fee cost $0 to RAF's budget fund.
[2018/1/18 - 8:00:49] Vehicle ID 499 (Slot ID 639) Maintainence fee cost $0 to RAF's budget fund.
[2018/1/18 - 8:00:49] Vehicle ID 509 (Slot ID 667) Maintainence fee cost $0 to RAF's budget fund.
[2018/1/18 - 9:00:24] The faction vault is at $14,782.
[2018/1/18 - 9:00:24] Vehicle ID 65535 (Slot ID 41) Maintainence fee cost $5,500 to RAF's budget fund.
[2018/1/18 - 9:00:24] Vehicle ID 0 (Slot ID 54) Maintainence fee cost $3,000 to RAF's budget fund.
[2018/1/18 - 9:00:24] Vehicle ID 65535 (Slot ID 57) Maintainence fee cost $5,000 to RAF's budget fund.
[2018/1/18 - 9:00:24] Vehicle ID 0 (Slot ID 62) Maintainence fee cost $500 to RAF's budget fund.
[2018/1/18 - 9:00:24] Vehicle ID 446 (Slot ID 610) Maintainence fee cost $0 to RAF's budget fund.
[2018/1/18 - 9:00:24] Vehicle ID 447 (Slot ID 613) Maintainence fee cost $0 to RAF's budget fund.
[2018/1/18 - 9:00:24] Vehicle ID 496 (Slot ID 616) Maintainence fee cost $0 to RAF's budget fund.
[2018/1/18 - 9:00:24] Vehicle ID 499 (Slot ID 639) Maintainence fee cost $0 to RAF's budget fund.
[2018/1/18 - 9:00:24] Vehicle ID 509 (Slot ID 667) Maintainence fee cost $0 to RAF's budget fund.
[2018/1/18 - 10:00:05] The faction vault is at $11,582.
[2018/1/18 - 10:00:05] Vehicle ID 65535 (Slot ID 41) Maintainence fee cost $5,500 to RAF's budget fund.
[2018/1/18 - 10:00:05] Vehicle ID 0 (Slot ID 54) Maintainence fee cost $3,000 to RAF's budget fund.
[2018/1/18 - 10:00:05] Vehicle ID 0 (Slot ID 62) Maintainence fee cost $500 to RAF's budget fund.
[2018/1/18 - 10:00:05] Vehicle ID 0 (Slot ID 91) Maintainence fee cost $2,500 to RAF's budget fund.
[2018/1/18 - 10:00:05] Vehicle ID 446 (Slot ID 610) Maintainence fee cost $0 to RAF's budget fund.
[2018/1/18 - 10:00:05] Vehicle ID 447 (Slot ID 613) Maintainence fee cost $0 to RAF's budget fund.
[2018/1/18 - 10:00:05] Vehicle ID 496 (Slot ID 616) Maintainence fee cost $0 to RAF's budget fund.
[2018/1/18 - 10:00:05] Vehicle ID 499 (Slot ID 639) Maintainence fee cost $0 to RAF's budget fund.
[2018/1/18 - 10:00:05] Vehicle ID 509 (Slot ID 667) Maintainence fee cost $0 to RAF's budget fund.
[2018/1/18 - 11:00:40] The faction vault is at $7,882.
[2018/1/18 - 11:00:40] Vehicle ID 65535 (Slot ID 41) Maintainence fee cost $5,500 to RAF's budget fund.
[2018/1/18 - 11:00:40] Vehicle ID 0 (Slot ID 62) Maintainence fee cost $500 to RAF's budget fund.
[2018/1/18 - 11:00:40] Vehicle ID 446 (Slot ID 610) Maintainence fee cost $0 to RAF's budget fund.
[2018/1/18 - 11:00:40] Vehicle ID 447 (Slot ID 613) Maintainence fee cost $0 to RAF's budget fund.
[2018/1/18 - 11:00:40] Vehicle ID 496 (Slot ID 616) Maintainence fee cost $0 to RAF's budget fund.
[2018/1/18 - 11:00:40] Vehicle ID 499 (Slot ID 639) Maintainence fee cost $0 to RAF's budget fund.
[2018/1/18 - 11:00:40] Vehicle ID 509 (Slot ID 667) Maintainence fee cost $0 to RAF's budget fund.
[2018/1/18 - 12:00:16] The faction vault is at $11,882.
[2018/1/18 - 12:00:16] NE Gov Paid $175,000 to RAF budget fund.
[2018/1/18 - 12:00:16] Vehicle ID 65535 (Slot ID 41) Maintainence fee cost $5,500 to RAF's budget fund.
[2018/1/18 - 12:00:16] Vehicle ID 0 (Slot ID 54) Maintainence fee cost $3,000 to RAF's budget fund.
[2018/1/18 - 12:00:16] Vehicle ID 65535 (Slot ID 57) Maintainence fee cost $5,000 to RAF's budget fund.
[2018/1/18 - 12:00:16] Vehicle ID 0 (Slot ID 62) Maintainence fee cost $500 to RAF's budget fund.
[2018/1/18 - 12:00:16] Vehicle ID 65535 (Slot ID 63) Maintainence fee cost $5,500 to RAF's budget fund.
[2018/1/18 - 12:00:16] Vehicle ID 0 (Slot ID 82) Maintainence fee cost $3,000 to RAF's budget fund.
[2018/1/18 - 12:00:16] Vehicle ID 0 (Slot ID 87) Maintainence fee cost $3,000 to RAF's budget fund.
[2018/1/18 - 12:00:16] Vehicle ID 0 (Slot ID 91) Maintainence fee cost $2,500 to RAF's budget fund.
[2018/1/18 - 12:00:16] Vehicle ID 0 (Slot ID 92) Maintainence fee cost $2,500 to RAF's budget fund.
[2018/1/18 - 12:00:16] Vehicle ID 0 (Slot ID 169) Maintainence fee cost $2,500 to RAF's budget fund.
[2018/1/18 - 12:00:16] Vehicle ID 65535 (Slot ID 180) Maintainence fee cost $4,500 to RAF's budget fund.
[2018/1/18 - 12:00:16] Vehicle ID 65535 (Slot ID 229) Maintainence fee cost $6,500 to RAF's budget fund.
[2018/1/18 - 12:00:16] Vehicle ID 65535 (Slot ID 252) Maintainence fee cost $5,500 to RAF's budget fund.
[2018/1/18 - 12:00:16] Vehicle ID 0 (Slot ID 259) Maintainence fee cost $2,500 to RAF's budget fund.
[2018/1/18 - 12:00:16] Vehicle ID 0 (Slot ID 285) Maintainence fee cost $2,500 to RAF's budget fund.
[2018/1/18 - 12:00:16] Vehicle ID 0 (Slot ID 286) Maintainence fee cost $2,500 to RAF's budget fund.
[2018/1/18 - 12:00:16] Vehicle ID 0 (Slot ID 367) Maintainence fee cost $3,500 to RAF's budget fund.
[2018/1/18 - 12:00:16] Vehicle ID 0 (Slot ID 411) Maintainence fee cost $3,500 to RAF's budget fund.
[2018/1/18 - 12:00:16] Vehicle ID 65535 (Slot ID 415) Maintainence fee cost $5,500 to RAF's budget fund.
[2018/1/18 - 12:00:16] Vehicle ID 65535 (Slot ID 419) Maintainence fee cost $4,500 to RAF's budget fund.
[2018/1/18 - 12:00:16] Vehicle ID 65535 (Slot ID 452) Maintainence fee cost $6,500 to RAF's budget fund.
[2018/1/18 - 12:00:16] Vehicle ID 0 (Slot ID 498) Maintainence fee cost $3,500 to RAF's budget fund.
[2018/1/18 - 12:00:16] Vehicle ID 0 (Slot ID 502) Maintainence fee cost $2,500 to RAF's budget fund.
[2018/1/18 - 12:00:16] Vehicle ID 0 (Slot ID 505) Maintainence fee cost $3,500 to RAF's budget fund.
[2018/1/18 - 12:00:16] Vehicle ID 0 (Slot ID 548) Maintainence fee cost $3,500 to RAF's budget fund.
[2018/1/18 - 12:00:16] Vehicle ID 0 (Slot ID 570) Maintainence fee cost $3,500 to RAF's budget fund.
[2018/1/18 - 12:00:16] Vehicle ID 0 (Slot ID 582) Maintainence fee cost $3,500 to RAF's budget fund.
[2018/1/18 - 12:00:16] Vehicle ID 65535 (Slot ID 595) Maintainence fee cost $6,500 to RAF's budget fund.
[2018/1/18 - 12:00:16] Vehicle ID 0 (Slot ID 597) Maintainence fee cost $3,000 to RAF's budget fund.
[2018/1/18 - 12:00:16] Vehicle ID 0 (Slot ID 600) Maintainence fee cost $2,000 to RAF's budget fund.
[2018/1/18 - 12:00:16] Vehicle ID 446 (Slot ID 610) Maintainence fee cost $0 to RAF's budget fund.
[2018/1/18 - 12:00:16] Vehicle ID 447 (Slot ID 613) Maintainence fee cost $0 to RAF's budget fund.
[2018/1/18 - 12:00:16] Vehicle ID 496 (Slot ID 616) Maintainence fee cost $0 to RAF's budget fund.
[2018/1/18 - 12:00:16] Vehicle ID 499 (Slot ID 639) Maintainence fee cost $0 to RAF's budget fund.
[2018/1/18 - 12:00:16] Vehicle ID 509 (Slot ID 667) Maintainence fee cost $0 to RAF's budget fund.
[2018/1/18 - 12:00:16] Vehicle ID 65535 (Slot ID 679) Maintainence fee cost $6,500 to RAF's budget fund.
[2018/1/18 - 13:00:49] The faction vault is at $80,782.
[2018/1/18 - 13:00:49] Vehicle ID 65535 (Slot ID 41) Maintainence fee cost $5,500 to RAF's budget fund.
[2018/1/18 - 13:00:49] Vehicle ID 0 (Slot ID 54) Maintainence fee cost $3,000 to RAF's budget fund.
[2018/1/18 - 13:00:49] Vehicle ID 65535 (Slot ID 57) Maintainence fee cost $5,000 to RAF's budget fund.
[2018/1/18 - 13:00:49] Vehicle ID 0 (Slot ID 62) Maintainence fee cost $500 to RAF's budget fund.
[2018/1/18 - 13:00:49] Vehicle ID 65535 (Slot ID 63) Maintainence fee cost $5,500 to RAF's budget fund.
[2018/1/18 - 13:00:49] Vehicle ID 0 (Slot ID 82) Maintainence fee cost $3,000 to RAF's budget fund.
[2018/1/18 - 13:00:49] Vehicle ID 0 (Slot ID 87) Maintainence fee cost $3,000 to RAF's budget fund.
[2018/1/18 - 13:00:49] Vehicle ID 0 (Slot ID 91) Maintainence fee cost $2,500 to RAF's budget fund.
[2018/1/18 - 13:00:49] Vehicle ID 0 (Slot ID 92) Maintainence fee cost $2,500 to RAF's budget fund.
[2018/1/18 - 13:00:49] Vehicle ID 0 (Slot ID 169) Maintainence fee cost $2,500 to RAF's budget fund.
[2018/1/18 - 13:00:49] Vehicle ID 65535 (Slot ID 180) Maintainence fee cost $4,500 to RAF's budget fund.
[2018/1/18 - 13:00:49] Vehicle ID 65535 (Slot ID 229) Maintainence fee cost $6,500 to RAF's budget fund.
[2018/1/18 - 13:00:49] Vehicle ID 65535 (Slot ID 252) Maintainence fee cost $5,500 to RAF's budget fund.
[2018/1/18 - 13:00:49] Vehicle ID 0 (Slot ID 259) Maintainence fee cost $2,500 to RAF's budget fund.
[2018/1/18 - 13:00:49] Vehicle ID 0 (Slot ID 285) Maintainence fee cost $2,500 to RAF's budget fund.
[2018/1/18 - 13:00:49] Vehicle ID 0 (Slot ID 286) Maintainence fee cost $2,500 to RAF's budget fund.
[2018/1/18 - 13:00:49] Vehicle ID 0 (Slot ID 367) Maintainence fee cost $3,500 to RAF's budget fund.
[2018/1/18 - 13:00:49] Vehicle ID 0 (Slot ID 411) Maintainence fee cost $3,500 to RAF's budget fund.
[2018/1/18 - 13:00:49] Vehicle ID 65535 (Slot ID 415) Maintainence fee cost $5,500 to RAF's budget fund.
[2018/1/18 - 13:00:49] Vehicle ID 65535 (Slot ID 419) Maintainence fee cost $4,500 to RAF's budget fund.
[2018/1/18 - 13:00:49] Vehicle ID 65535 (Slot ID 452) Maintainence fee cost $6,500 to RAF's budget fund.
[2018/1/18 - 13:00:49] Vehicle ID 446 (Slot ID 610) Maintainence fee cost $0 to RAF's budget fund.
[2018/1/18 - 13:00:49] Vehicle ID 447 (Slot ID 613) Maintainence fee cost $0 to RAF's budget fund.
[2018/1/18 - 13:00:49] Vehicle ID 496 (Slot ID 616) Maintainence fee cost $0 to RAF's budget fund.
[2018/1/18 - 13:00:49] Vehicle ID 499 (Slot ID 639) Maintainence fee cost $0 to RAF's budget fund.
[2018/1/18 - 13:00:49] Vehicle ID 509 (Slot ID 667) Maintainence fee cost $0 to RAF's budget fund.
[2018/1/18 - 14:00:21] The faction vault is at $15,682.
[2018/1/18 - 14:00:21] Vehicle ID 65535 (Slot ID 41) Maintainence fee cost $5,500 to RAF's budget fund.
[2018/1/18 - 14:00:21] Vehicle ID 0 (Slot ID 54) Maintainence fee cost $3,000 to RAF's budget fund.
[2018/1/18 - 14:00:21] Vehicle ID 65535 (Slot ID 57) Maintainence fee cost $5,000 to RAF's budget fund.
[2018/1/18 - 14:00:21] Vehicle ID 0 (Slot ID 62) Maintainence fee cost $500 to RAF's budget fund.
[2018/1/18 - 14:00:21] Vehicle ID 446 (Slot ID 610) Maintainence fee cost $0 to RAF's budget fund.
[2018/1/18 - 14:00:21] Vehicle ID 447 (Slot ID 613) Maintainence fee cost $0 to RAF's budget fund.
[2018/1/18 - 14:00:21] Vehicle ID 496 (Slot ID 616) Maintainence fee cost $0 to RAF's budget fund.
[2018/1/18 - 14:00:21] Vehicle ID 499 (Slot ID 639) Maintainence fee cost $0 to RAF's budget fund.
[2018/1/18 - 14:00:21] Vehicle ID 509 (Slot ID 667) Maintainence fee cost $0 to RAF's budget fund.
[2018/1/18 - 14:41:28] Vehicle Slot ID 610 RTB fee cost $0 to RAF's budget fund.
[2018/1/18 - 15:00:03] The faction vault is at $16,282.
[2018/1/18 - 15:00:03] Vehicle ID 65535 (Slot ID 41) Maintainence fee cost $5,500 to RAF's budget fund.
[2018/1/18 - 15:00:03] Vehicle ID 0 (Slot ID 54) Maintainence fee cost $3,000 to RAF's budget fund.
[2018/1/18 - 15:00:03] Vehicle ID 65535 (Slot ID 57) Maintainence fee cost $5,000 to RAF's budget fund.
[2018/1/18 - 15:00:03] Vehicle ID 0 (Slot ID 62) Maintainence fee cost $500 to RAF's budget fund.
[2018/1/18 - 15:00:03] Vehicle ID 0 (Slot ID 600) Maintainence fee cost $2,000 to RAF's budget fund.
[2018/1/18 - 15:00:03] Vehicle ID 446 (Slot ID 610) Maintainence fee cost $0 to RAF's budget fund.
[2018/1/18 - 15:00:03] Vehicle ID 447 (Slot ID 613) Maintainence fee cost $0 to RAF's budget fund.
[2018/1/18 - 15:00:03] Vehicle ID 496 (Slot ID 616) Maintainence fee cost $0 to RAF's budget fund.
[2018/1/18 - 15:00:03] Vehicle ID 499 (Slot ID 639) Maintainence fee cost $0 to RAF's budget fund.
[2018/1/18 - 15:00:03] Vehicle ID 509 (Slot ID 667) Maintainence fee cost $0 to RAF's budget fund.
[2018/1/18 - 16:00:39] The faction vault is at $16,482.
[2018/1/18 - 16:00:39] Vehicle ID 65535 (Slot ID 41) Maintainence fee cost $5,500 to RAF's budget fund.
[2018/1/18 - 16:00:39] Vehicle ID 0 (Slot ID 54) Maintainence fee cost $3,000 to RAF's budget fund.
[2018/1/18 - 16:00:39] Vehicle ID 65535 (Slot ID 57) Maintainence fee cost $5,000 to RAF's budget fund.
[2018/1/18 - 16:00:39] Vehicle ID 0 (Slot ID 62) Maintainence fee cost $500 to RAF's budget fund.
[2018/1/18 - 16:00:39] Vehicle ID 0 (Slot ID 600) Maintainence fee cost $2,000 to RAF's budget fund.
[2018/1/18 - 16:00:39] Vehicle ID 446 (Slot ID 610) Maintainence fee cost $0 to RAF's budget fund.
[2018/1/18 - 16:00:39] Vehicle ID 447 (Slot ID 613) Maintainence fee cost $0 to RAF's budget fund.
[2018/1/18 - 16:00:39] Vehicle ID 496 (Slot ID 616) Maintainence fee cost $0 to RAF's budget fund.
[2018/1/18 - 16:00:39] Vehicle ID 499 (Slot ID 639) Maintainence fee cost $0 to RAF's budget fund.
[2018/1/18 - 16:00:39] Vehicle ID 509 (Slot ID 667) Maintainence fee cost $0 to RAF's budget fund.
[2018/1/18 - 17:00:11] The faction vault is at $15,282.
[2018/1/18 - 17:00:11] Vehicle ID 65535 (Slot ID 41) Maintainence fee cost $5,500 to RAF's budget fund.
[2018/1/18 - 17:00:11] Vehicle ID 0 (Slot ID 54) Maintainence fee cost $3,000 to RAF's budget fund.
[2018/1/18 - 17:00:11] Vehicle ID 65535 (Slot ID 57) Maintainence fee cost $5,000 to RAF's budget fund.
[2018/1/18 - 17:00:11] Vehicle ID 0 (Slot ID 62) Maintainence fee cost $500 to RAF's budget fund.
[2018/1/18 - 17:00:11] Vehicle ID 446 (Slot ID 610) Maintainence fee cost $0 to RAF's budget fund.
[2018/1/18 - 17:00:11] Vehicle ID 447 (Slot ID 613) Maintainence fee cost $0 to RAF's budget fund.
[2018/1/18 - 17:00:11] Vehicle ID 496 (Slot ID 616) Maintainence fee cost $0 to RAF's budget fund.
[2018/1/18 - 17:00:11] Vehicle ID 499 (Slot ID 639) Maintainence fee cost $0 to RAF's budget fund.
[2018/1/18 - 17:00:11] Vehicle ID 509 (Slot ID 667) Maintainence fee cost $0 to RAF's budget fund.
[2018/1/18 - 18:00:55] The faction vault is at $15,882.
[2018/1/18 - 18:00:55] Vehicle ID 65535 (Slot ID 41) Maintainence fee cost $5,500 to RAF's budget fund.
[2018/1/18 - 18:00:55] Vehicle ID 0 (Slot ID 54) Maintainence fee cost $3,000 to RAF's budget fund.
[2018/1/18 - 18:00:55] Vehicle ID 65535 (Slot ID 57) Maintainence fee cost $5,000 to RAF's budget fund.
[2018/1/18 - 18:00:55] Vehicle ID 0 (Slot ID 62) Maintainence fee cost $500 to RAF's budget fund.
[2018/1/18 - 18:00:55] Vehicle ID 446 (Slot ID 610) Maintainence fee cost $0 to RAF's budget fund.
[2018/1/18 - 18:00:55] Vehicle ID 447 (Slot ID 613) Maintainence fee cost $0 to RAF's budget fund.
[2018/1/18 - 18:00:55] Vehicle ID 496 (Slot ID 616) Maintainence fee cost $0 to RAF's budget fund.
[2018/1/18 - 18:00:55] Vehicle ID 499 (Slot ID 639) Maintainence fee cost $0 to RAF's budget fund.
[2018/1/18 - 18:00:55] Vehicle ID 509 (Slot ID 667) Maintainence fee cost $0 to RAF's budget fund.
[2018/1/18 - 19:00:29] The faction vault is at $20,682.
[2018/1/18 - 19:00:29] Vehicle ID 65535 (Slot ID 41) Maintainence fee cost $5,500 to RAF's budget fund.
[2018/1/18 - 19:00:29] Vehicle ID 0 (Slot ID 54) Maintainence fee cost $3,000 to RAF's budget fund.
[2018/1/18 - 19:00:29] Vehicle ID 65535 (Slot ID 57) Maintainence fee cost $5,000 to RAF's budget fund.
[2018/1/18 - 19:00:29] Vehicle ID 0 (Slot ID 62) Maintainence fee cost $500 to RAF's budget fund.
[2018/1/18 - 19:00:29] Vehicle ID 65535 (Slot ID 63) Maintainence fee cost $5,500 to RAF's budget fund.
[2018/1/18 - 19:00:29] Vehicle ID 446 (Slot ID 610) Maintainence fee cost $0 to RAF's budget fund.
[2018/1/18 - 19:00:29] Vehicle ID 447 (Slot ID 613) Maintainence fee cost $0 to RAF's budget fund.
[2018/1/18 - 19:00:29] Vehicle ID 496 (Slot ID 616) Maintainence fee cost $0 to RAF's budget fund.
[2018/1/18 - 19:00:29] Vehicle ID 499 (Slot ID 639) Maintainence fee cost $0 to RAF's budget fund.
[2018/1/18 - 19:00:29] Vehicle ID 509 (Slot ID 667) Maintainence fee cost $0 to RAF's budget fund.
[2018/1/18 - 20:00:58] The faction vault is at $12,182.
[2018/1/18 - 20:00:58] Vehicle ID 65535 (Slot ID 41) Maintainence fee cost $5,500 to RAF's budget fund.
[2018/1/18 - 20:00:58] Vehicle ID 0 (Slot ID 54) Maintainence fee cost $3,000 to RAF's budget fund.
[2018/1/18 - 20:00:58] Vehicle ID 0 (Slot ID 62) Maintainence fee cost $500 to RAF's budget fund.
[2018/1/18 - 20:00:58] Vehicle ID 0 (Slot ID 82) Maintainence fee cost $3,000 to RAF's budget fund.
[2018/1/18 - 20:00:58] Vehicle ID 446 (Slot ID 610) Maintainence fee cost $0 to RAF's budget fund.
[2018/1/18 - 20:00:58] Vehicle ID 447 (Slot ID 613) Maintainence fee cost $0 to RAF's budget fund.
[2018/1/18 - 20:00:58] Vehicle ID 496 (Slot ID 616) Maintainence fee cost $0 to RAF's budget fund.
[2018/1/18 - 20:00:58] Vehicle ID 499 (Slot ID 639) Maintainence fee cost $0 to RAF's budget fund.
[2018/1/18 - 20:00:58] Vehicle ID 509 (Slot ID 667) Maintainence fee cost $0 to RAF's budget fund.
[2018/1/18 - 21:00:33] The faction vault is at $15,582.
[2018/1/18 - 21:00:33] Vehicle ID 65535 (Slot ID 41) Maintainence fee cost $5,500 to RAF's budget fund.
[2018/1/18 - 21:00:33] Vehicle ID 0 (Slot ID 54) Maintainence fee cost $3,000 to RAF's budget fund.
[2018/1/18 - 21:00:33] Vehicle ID 65535 (Slot ID 57) Maintainence fee cost $5,000 to RAF's budget fund.
[2018/1/18 - 21:00:33] Vehicle ID 0 (Slot ID 62) Maintainence fee cost $500 to RAF's budget fund.
[2018/1/18 - 21:00:33] Vehicle ID 446 (Slot ID 610) Maintainence fee cost $0 to RAF's budget fund.
[2018/1/18 - 21:00:33] Vehicle ID 447 (Slot ID 613) Maintainence fee cost $0 to RAF's budget fund.
[2018/1/18 - 21:00:33] Vehicle ID 496 (Slot ID 616) Maintainence fee cost $0 to RAF's budget fund.
[2018/1/18 - 21:00:33] Vehicle ID 499 (Slot ID 639) Maintainence fee cost $0 to RAF's budget fund.
[2018/1/18 - 21:00:33] Vehicle ID 509 (Slot ID 667) Maintainence fee cost $0 to RAF's budget fund.
[2018/1/18 - 22:00:08] The faction vault is at $22,582.
[2018/1/18 - 22:00:08] Vehicle ID 65535 (Slot ID 41) Maintainence fee cost $5,500 to RAF's budget fund.
[2018/1/18 - 22:00:08] Vehicle ID 0 (Slot ID 54) Maintainence fee cost $3,000 to RAF's budget fund.
[2018/1/18 - 22:00:08] Vehicle ID 65535 (Slot ID 57) Maintainence fee cost $5,000 to RAF's budget fund.
[2018/1/18 - 22:00:08] Vehicle ID 0 (Slot ID 62) Maintainence fee cost $500 to RAF's budget fund.
[2018/1/18 - 22:00:08] Vehicle ID 65535 (Slot ID 63) Maintainence fee cost $5,500 to RAF's budget fund.
[2018/1/18 - 22:00:08] Vehicle ID 0 (Slot ID 82) Maintainence fee cost $3,000 to RAF's budget fund.
[2018/1/18 - 22:00:08] Vehicle ID 446 (Slot ID 610) Maintainence fee cost $0 to RAF's budget fund.
[2018/1/18 - 22:00:08] Vehicle ID 447 (Slot ID 613) Maintainence fee cost $0 to RAF's budget fund.
[2018/1/18 - 22:00:08] Vehicle ID 496 (Slot ID 616) Maintainence fee cost $0 to RAF's budget fund.
[2018/1/18 - 22:00:08] Vehicle ID 499 (Slot ID 639) Maintainence fee cost $0 to RAF's budget fund.
[2018/1/18 - 22:00:08] Vehicle ID 509 (Slot ID 667) Maintainence fee cost $0 to RAF's budget fund.
[2018/1/18 - 23:00:45] The faction vault is at $19,282.
[2018/1/18 - 23:00:45] Vehicle ID 65535 (Slot ID 41) Maintainence fee cost $5,500 to RAF's budget fund.
[2018/1/18 - 23:00:45] Vehicle ID 0 (Slot ID 54) Maintainence fee cost $3,000 to RAF's budget fund.
[2018/1/18 - 23:00:45] Vehicle ID 65535 (Slot ID 57) Maintainence fee cost $5,000 to RAF's budget fund.
[2018/1/18 - 23:00:45] Vehicle ID 0 (Slot ID 62) Maintainence fee cost $500 to RAF's budget fund.
[2018/1/18 - 23:00:45] Vehicle ID 0 (Slot ID 82) Maintainence fee cost $3,000 to RAF's budget fund.
[2018/1/18 - 23:00:45] Vehicle ID 0 (Slot ID 600) Maintainence fee cost $2,000 to RAF's budget fund.
[2018/1/18 - 23:00:45] Vehicle ID 446 (Slot ID 610) Maintainence fee cost $0 to RAF's budget fund.
[2018/1/18 - 23:00:45] Vehicle ID 447 (Slot ID 613) Maintainence fee cost $0 to RAF's budget fund.
[2018/1/18 - 23:00:45] Vehicle ID 496 (Slot ID 616) Maintainence fee cost $0 to RAF's budget fund.
[2018/1/18 - 23:00:45] Vehicle ID 499 (Slot ID 639) Maintainence fee cost $0 to RAF's budget fund.
[2018/1/18 - 23:00:45] Vehicle ID 509 (Slot ID 667) Maintainence fee cost $0 to RAF's budget fund.
