[2018/1/11 - 0:00:47] The faction vault is at $4,484.
[2018/1/11 - 0:00:47] Vehicle ID 0 (Slot ID 54) Maintainence fee cost $3,000 to RAF's budget fund.
[2018/1/11 - 0:00:47] Vehicle ID 0 (Slot ID 62) Maintainence fee cost $500 to RAF's budget fund.
[2018/1/11 - 0:00:47] Vehicle ID 445 (Slot ID 610) Maintainence fee cost $0 to RAF's budget fund.
[2018/1/11 - 0:00:47] Vehicle ID 446 (Slot ID 613) Maintainence fee cost $0 to RAF's budget fund.
[2018/1/11 - 0:00:47] Vehicle ID 0 (Slot ID 616) Maintainence fee cost $0 to RAF's budget fund.
[2018/1/11 - 0:00:47] Vehicle ID 0 (Slot ID 639) Maintainence fee cost $0 to RAF's budget fund.
[2018/1/11 - 0:00:47] Vehicle ID 65535 (Slot ID 667) Maintainence fee cost $0 to RAF's budget fund.
[2018/1/11 - 1:00:22] The faction vault is at $5,184.
[2018/1/11 - 1:00:22] Vehicle ID 0 (Slot ID 54) Maintainence fee cost $3,000 to RAF's budget fund.
[2018/1/11 - 1:00:22] Vehicle ID 0 (Slot ID 62) Maintainence fee cost $500 to RAF's budget fund.
[2018/1/11 - 1:00:22] Vehicle ID 445 (Slot ID 610) Maintainence fee cost $0 to RAF's budget fund.
[2018/1/11 - 1:00:22] Vehicle ID 446 (Slot ID 613) Maintainence fee cost $0 to RAF's budget fund.
[2018/1/11 - 1:00:22] Vehicle ID 0 (Slot ID 616) Maintainence fee cost $0 to RAF's budget fund.
[2018/1/11 - 1:00:22] Vehicle ID 0 (Slot ID 639) Maintainence fee cost $0 to RAF's budget fund.
[2018/1/11 - 1:00:22] Vehicle ID 65535 (Slot ID 667) Maintainence fee cost $0 to RAF's budget fund.
[2018/1/11 - 2:00:08] The faction vault is at $2,884.
[2018/1/11 - 2:00:08] Vehicle ID 0 (Slot ID 62) Maintainence fee cost $500 to RAF's budget fund.
[2018/1/11 - 2:00:08] Vehicle ID 0 (Slot ID 600) Maintainence fee cost $2,000 to RAF's budget fund.
[2018/1/11 - 2:00:08] Vehicle ID 445 (Slot ID 610) Maintainence fee cost $0 to RAF's budget fund.
[2018/1/11 - 2:00:08] Vehicle ID 446 (Slot ID 613) Maintainence fee cost $0 to RAF's budget fund.
[2018/1/11 - 2:00:08] Vehicle ID 0 (Slot ID 616) Maintainence fee cost $0 to RAF's budget fund.
[2018/1/11 - 2:00:08] Vehicle ID 0 (Slot ID 639) Maintainence fee cost $0 to RAF's budget fund.
[2018/1/11 - 2:00:08] Vehicle ID 65535 (Slot ID 667) Maintainence fee cost $0 to RAF's budget fund.
[2018/1/11 - 3:00:46] The faction vault is at $1,184.
[2018/1/11 - 3:00:46] Vehicle ID 0 (Slot ID 62) Maintainence fee cost $500 to RAF's budget fund.
[2018/1/11 - 3:00:46] Vehicle ID 445 (Slot ID 610) Maintainence fee cost $0 to RAF's budget fund.
[2018/1/11 - 3:00:46] Vehicle ID 446 (Slot ID 613) Maintainence fee cost $0 to RAF's budget fund.
[2018/1/11 - 3:00:46] Vehicle ID 0 (Slot ID 616) Maintainence fee cost $0 to RAF's budget fund.
[2018/1/11 - 3:00:46] Vehicle ID 0 (Slot ID 639) Maintainence fee cost $0 to RAF's budget fund.
[2018/1/11 - 3:00:46] Vehicle ID 65535 (Slot ID 667) Maintainence fee cost $0 to RAF's budget fund.
[2018/1/11 - 4:00:19] The faction vault is at $2,484.
[2018/1/11 - 4:00:19] Vehicle ID 0 (Slot ID 62) Maintainence fee cost $500 to RAF's budget fund.
[2018/1/11 - 4:00:19] Vehicle ID 445 (Slot ID 610) Maintainence fee cost $0 to RAF's budget fund.
[2018/1/11 - 4:00:19] Vehicle ID 446 (Slot ID 613) Maintainence fee cost $0 to RAF's budget fund.
[2018/1/11 - 4:00:19] Vehicle ID 0 (Slot ID 616) Maintainence fee cost $0 to RAF's budget fund.
[2018/1/11 - 4:00:19] Vehicle ID 0 (Slot ID 639) Maintainence fee cost $0 to RAF's budget fund.
[2018/1/11 - 4:00:19] Vehicle ID 65535 (Slot ID 667) Maintainence fee cost $0 to RAF's budget fund.
[2018/1/11 - 5:00:59] The faction vault is at $2,984.
[2018/1/11 - 5:00:59] Vehicle ID 0 (Slot ID 62) Maintainence fee cost $500 to RAF's budget fund.
[2018/1/11 - 5:00:59] Vehicle ID 0 (Slot ID 600) Maintainence fee cost $2,000 to RAF's budget fund.
[2018/1/11 - 5:00:59] Vehicle ID 440 (Slot ID 610) Maintainence fee cost $0 to RAF's budget fund.
[2018/1/11 - 5:00:59] Vehicle ID 441 (Slot ID 613) Maintainence fee cost $0 to RAF's budget fund.
[2018/1/11 - 5:00:59] Vehicle ID 0 (Slot ID 616) Maintainence fee cost $0 to RAF's budget fund.
[2018/1/11 - 5:00:59] Vehicle ID 0 (Slot ID 639) Maintainence fee cost $0 to RAF's budget fund.
[2018/1/11 - 5:00:59] Vehicle ID 65535 (Slot ID 667) Maintainence fee cost $0 to RAF's budget fund.
[2018/1/11 - 6:00:59] The faction vault is at $2,884.
[2018/1/11 - 6:00:59] Vehicle ID 0 (Slot ID 62) Maintainence fee cost $500 to RAF's budget fund.
[2018/1/11 - 6:00:59] Vehicle ID 0 (Slot ID 600) Maintainence fee cost $2,000 to RAF's budget fund.
[2018/1/11 - 6:00:59] Vehicle ID 440 (Slot ID 610) Maintainence fee cost $0 to RAF's budget fund.
[2018/1/11 - 6:00:59] Vehicle ID 441 (Slot ID 613) Maintainence fee cost $0 to RAF's budget fund.
[2018/1/11 - 6:00:59] Vehicle ID 0 (Slot ID 616) Maintainence fee cost $0 to RAF's budget fund.
[2018/1/11 - 6:00:59] Vehicle ID 0 (Slot ID 639) Maintainence fee cost $0 to RAF's budget fund.
[2018/1/11 - 6:00:59] Vehicle ID 65535 (Slot ID 667) Maintainence fee cost $0 to RAF's budget fund.
[2018/1/11 - 7:00:55] The faction vault is at $3,584.
[2018/1/11 - 7:00:55] Vehicle ID 0 (Slot ID 54) Maintainence fee cost $3,000 to RAF's budget fund.
[2018/1/11 - 7:00:55] Vehicle ID 0 (Slot ID 62) Maintainence fee cost $500 to RAF's budget fund.
[2018/1/11 - 7:00:55] Vehicle ID 440 (Slot ID 610) Maintainence fee cost $0 to RAF's budget fund.
[2018/1/11 - 7:00:55] Vehicle ID 441 (Slot ID 613) Maintainence fee cost $0 to RAF's budget fund.
[2018/1/11 - 7:00:55] Vehicle ID 0 (Slot ID 616) Maintainence fee cost $0 to RAF's budget fund.
[2018/1/11 - 7:00:55] Vehicle ID 0 (Slot ID 639) Maintainence fee cost $0 to RAF's budget fund.
[2018/1/11 - 7:00:55] Vehicle ID 65535 (Slot ID 667) Maintainence fee cost $0 to RAF's budget fund.
[2018/1/11 - 8:00:49] The faction vault is at $3,884.
[2018/1/11 - 8:00:49] Vehicle ID 0 (Slot ID 54) Maintainence fee cost $3,000 to RAF's budget fund.
[2018/1/11 - 8:00:49] Vehicle ID 0 (Slot ID 62) Maintainence fee cost $500 to RAF's budget fund.
[2018/1/11 - 8:00:49] Vehicle ID 440 (Slot ID 610) Maintainence fee cost $0 to RAF's budget fund.
[2018/1/11 - 8:00:49] Vehicle ID 441 (Slot ID 613) Maintainence fee cost $0 to RAF's budget fund.
[2018/1/11 - 8:00:49] Vehicle ID 0 (Slot ID 616) Maintainence fee cost $0 to RAF's budget fund.
[2018/1/11 - 8:00:49] Vehicle ID 0 (Slot ID 639) Maintainence fee cost $0 to RAF's budget fund.
[2018/1/11 - 8:00:49] Vehicle ID 65535 (Slot ID 667) Maintainence fee cost $0 to RAF's budget fund.
[2018/1/11 - 9:00:41] The faction vault is at $6,384.
[2018/1/11 - 9:00:41] Vehicle ID 65535 (Slot ID 41) Maintainence fee cost $5,500 to RAF's budget fund.
[2018/1/11 - 9:00:41] Vehicle ID 0 (Slot ID 62) Maintainence fee cost $500 to RAF's budget fund.
[2018/1/11 - 9:00:41] Vehicle ID 440 (Slot ID 610) Maintainence fee cost $0 to RAF's budget fund.
[2018/1/11 - 9:00:41] Vehicle ID 441 (Slot ID 613) Maintainence fee cost $0 to RAF's budget fund.
[2018/1/11 - 9:00:41] Vehicle ID 0 (Slot ID 616) Maintainence fee cost $0 to RAF's budget fund.
[2018/1/11 - 9:00:41] Vehicle ID 0 (Slot ID 639) Maintainence fee cost $0 to RAF's budget fund.
[2018/1/11 - 9:00:41] Vehicle ID 65535 (Slot ID 667) Maintainence fee cost $0 to RAF's budget fund.
[2018/1/11 - 10:00:35] The faction vault is at $8,784.
[2018/1/11 - 10:00:35] NE Gov Paid $175,000 to RAF budget fund.
[2018/1/11 - 10:00:35] Vehicle ID 65535 (Slot ID 41) Maintainence fee cost $5,500 to RAF's budget fund.
[2018/1/11 - 10:00:35] Vehicle ID 0 (Slot ID 54) Maintainence fee cost $3,000 to RAF's budget fund.
[2018/1/11 - 10:00:35] Vehicle ID 65535 (Slot ID 57) Maintainence fee cost $5,000 to RAF's budget fund.
[2018/1/11 - 10:00:35] Vehicle ID 0 (Slot ID 62) Maintainence fee cost $500 to RAF's budget fund.
[2018/1/11 - 10:00:35] Vehicle ID 65535 (Slot ID 63) Maintainence fee cost $5,500 to RAF's budget fund.
[2018/1/11 - 10:00:35] Vehicle ID 0 (Slot ID 82) Maintainence fee cost $3,000 to RAF's budget fund.
[2018/1/11 - 10:00:35] Vehicle ID 0 (Slot ID 87) Maintainence fee cost $3,000 to RAF's budget fund.
[2018/1/11 - 10:00:35] Vehicle ID 0 (Slot ID 91) Maintainence fee cost $2,500 to RAF's budget fund.
[2018/1/11 - 10:00:35] Vehicle ID 0 (Slot ID 92) Maintainence fee cost $2,500 to RAF's budget fund.
[2018/1/11 - 10:00:35] Vehicle ID 0 (Slot ID 169) Maintainence fee cost $2,500 to RAF's budget fund.
[2018/1/11 - 10:00:35] Vehicle ID 65535 (Slot ID 180) Maintainence fee cost $4,500 to RAF's budget fund.
[2018/1/11 - 10:00:35] Vehicle ID 65535 (Slot ID 229) Maintainence fee cost $6,500 to RAF's budget fund.
[2018/1/11 - 10:00:35] Vehicle ID 65535 (Slot ID 252) Maintainence fee cost $5,500 to RAF's budget fund.
[2018/1/11 - 10:00:35] Vehicle ID 0 (Slot ID 259) Maintainence fee cost $2,500 to RAF's budget fund.
[2018/1/11 - 10:00:35] Vehicle ID 0 (Slot ID 285) Maintainence fee cost $2,500 to RAF's budget fund.
[2018/1/11 - 10:00:35] Vehicle ID 0 (Slot ID 286) Maintainence fee cost $2,500 to RAF's budget fund.
[2018/1/11 - 10:00:35] Vehicle ID 0 (Slot ID 367) Maintainence fee cost $3,500 to RAF's budget fund.
[2018/1/11 - 10:00:35] Vehicle ID 0 (Slot ID 411) Maintainence fee cost $3,500 to RAF's budget fund.
[2018/1/11 - 10:00:35] Vehicle ID 65535 (Slot ID 415) Maintainence fee cost $5,500 to RAF's budget fund.
[2018/1/11 - 10:00:35] Vehicle ID 65535 (Slot ID 419) Maintainence fee cost $4,500 to RAF's budget fund.
[2018/1/11 - 10:00:35] Vehicle ID 65535 (Slot ID 452) Maintainence fee cost $6,500 to RAF's budget fund.
[2018/1/11 - 10:00:35] Vehicle ID 0 (Slot ID 498) Maintainence fee cost $3,500 to RAF's budget fund.
[2018/1/11 - 10:00:35] Vehicle ID 0 (Slot ID 502) Maintainence fee cost $2,500 to RAF's budget fund.
[2018/1/11 - 10:00:35] Vehicle ID 0 (Slot ID 505) Maintainence fee cost $3,500 to RAF's budget fund.
[2018/1/11 - 10:00:35] Vehicle ID 0 (Slot ID 548) Maintainence fee cost $3,500 to RAF's budget fund.
[2018/1/11 - 10:00:35] Vehicle ID 0 (Slot ID 570) Maintainence fee cost $3,500 to RAF's budget fund.
[2018/1/11 - 10:00:35] Vehicle ID 0 (Slot ID 582) Maintainence fee cost $3,500 to RAF's budget fund.
[2018/1/11 - 10:00:35] Vehicle ID 65535 (Slot ID 595) Maintainence fee cost $6,500 to RAF's budget fund.
[2018/1/11 - 10:00:35] Vehicle ID 0 (Slot ID 597) Maintainence fee cost $3,000 to RAF's budget fund.
[2018/1/11 - 10:00:35] Vehicle ID 0 (Slot ID 600) Maintainence fee cost $2,000 to RAF's budget fund.
[2018/1/11 - 10:00:35] Vehicle ID 440 (Slot ID 610) Maintainence fee cost $0 to RAF's budget fund.
[2018/1/11 - 10:00:35] Vehicle ID 441 (Slot ID 613) Maintainence fee cost $0 to RAF's budget fund.
[2018/1/11 - 10:00:35] Vehicle ID 0 (Slot ID 616) Maintainence fee cost $0 to RAF's budget fund.
[2018/1/11 - 10:00:35] Vehicle ID 0 (Slot ID 639) Maintainence fee cost $0 to RAF's budget fund.
[2018/1/11 - 10:00:35] Vehicle ID 65535 (Slot ID 667) Maintainence fee cost $0 to RAF's budget fund.
[2018/1/11 - 10:00:35] Vehicle ID 65535 (Slot ID 679) Maintainence fee cost $6,500 to RAF's budget fund.
[2018/1/11 - 11:00:19] The faction vault is at $71,884.
[2018/1/11 - 11:00:19] Vehicle ID 65535 (Slot ID 41) Maintainence fee cost $5,500 to RAF's budget fund.
[2018/1/11 - 11:00:19] Vehicle ID 0 (Slot ID 54) Maintainence fee cost $3,000 to RAF's budget fund.
[2018/1/11 - 11:00:19] Vehicle ID 65535 (Slot ID 57) Maintainence fee cost $5,000 to RAF's budget fund.
[2018/1/11 - 11:00:19] Vehicle ID 0 (Slot ID 62) Maintainence fee cost $500 to RAF's budget fund.
[2018/1/11 - 11:00:19] Vehicle ID 65535 (Slot ID 63) Maintainence fee cost $5,500 to RAF's budget fund.
[2018/1/11 - 11:00:19] Vehicle ID 0 (Slot ID 82) Maintainence fee cost $3,000 to RAF's budget fund.
[2018/1/11 - 11:00:19] Vehicle ID 0 (Slot ID 87) Maintainence fee cost $3,000 to RAF's budget fund.
[2018/1/11 - 11:00:19] Vehicle ID 0 (Slot ID 91) Maintainence fee cost $2,500 to RAF's budget fund.
[2018/1/11 - 11:00:19] Vehicle ID 0 (Slot ID 92) Maintainence fee cost $2,500 to RAF's budget fund.
[2018/1/11 - 11:00:19] Vehicle ID 0 (Slot ID 169) Maintainence fee cost $2,500 to RAF's budget fund.
[2018/1/11 - 11:00:19] Vehicle ID 65535 (Slot ID 180) Maintainence fee cost $4,500 to RAF's budget fund.
[2018/1/11 - 11:00:19] Vehicle ID 65535 (Slot ID 229) Maintainence fee cost $6,500 to RAF's budget fund.
[2018/1/11 - 11:00:19] Vehicle ID 65535 (Slot ID 252) Maintainence fee cost $5,500 to RAF's budget fund.
[2018/1/11 - 11:00:19] Vehicle ID 0 (Slot ID 259) Maintainence fee cost $2,500 to RAF's budget fund.
[2018/1/11 - 11:00:19] Vehicle ID 0 (Slot ID 285) Maintainence fee cost $2,500 to RAF's budget fund.
[2018/1/11 - 11:00:19] Vehicle ID 0 (Slot ID 286) Maintainence fee cost $2,500 to RAF's budget fund.
[2018/1/11 - 11:00:19] Vehicle ID 0 (Slot ID 367) Maintainence fee cost $3,500 to RAF's budget fund.
[2018/1/11 - 11:00:19] Vehicle ID 0 (Slot ID 411) Maintainence fee cost $3,500 to RAF's budget fund.
[2018/1/11 - 11:00:19] Vehicle ID 65535 (Slot ID 415) Maintainence fee cost $5,500 to RAF's budget fund.
[2018/1/11 - 11:00:19] Vehicle ID 0 (Slot ID 600) Maintainence fee cost $2,000 to RAF's budget fund.
[2018/1/11 - 11:00:19] Vehicle ID 440 (Slot ID 610) Maintainence fee cost $0 to RAF's budget fund.
[2018/1/11 - 11:00:19] Vehicle ID 441 (Slot ID 613) Maintainence fee cost $0 to RAF's budget fund.
[2018/1/11 - 11:00:19] Vehicle ID 0 (Slot ID 616) Maintainence fee cost $0 to RAF's budget fund.
[2018/1/11 - 11:00:19] Vehicle ID 0 (Slot ID 639) Maintainence fee cost $0 to RAF's budget fund.
[2018/1/11 - 11:00:19] Vehicle ID 65535 (Slot ID 667) Maintainence fee cost $0 to RAF's budget fund.
[2018/1/11 - 12:00:08] The faction vault is at $3,784.
[2018/1/11 - 12:00:08] Vehicle ID 0 (Slot ID 54) Maintainence fee cost $3,000 to RAF's budget fund.
[2018/1/11 - 12:00:08] Vehicle ID 0 (Slot ID 62) Maintainence fee cost $500 to RAF's budget fund.
[2018/1/11 - 12:00:08] Vehicle ID 440 (Slot ID 610) Maintainence fee cost $0 to RAF's budget fund.
[2018/1/11 - 12:00:08] Vehicle ID 441 (Slot ID 613) Maintainence fee cost $0 to RAF's budget fund.
[2018/1/11 - 12:00:08] Vehicle ID 0 (Slot ID 616) Maintainence fee cost $0 to RAF's budget fund.
[2018/1/11 - 12:00:08] Vehicle ID 0 (Slot ID 639) Maintainence fee cost $0 to RAF's budget fund.
[2018/1/11 - 12:00:08] Vehicle ID 65535 (Slot ID 667) Maintainence fee cost $0 to RAF's budget fund.
[2018/1/11 - 13:00:04] The faction vault is at $4,684.
[2018/1/11 - 13:00:04] Vehicle ID 0 (Slot ID 54) Maintainence fee cost $3,000 to RAF's budget fund.
[2018/1/11 - 13:00:04] Vehicle ID 0 (Slot ID 62) Maintainence fee cost $500 to RAF's budget fund.
[2018/1/11 - 13:00:04] Vehicle ID 440 (Slot ID 610) Maintainence fee cost $0 to RAF's budget fund.
[2018/1/11 - 13:00:04] Vehicle ID 441 (Slot ID 613) Maintainence fee cost $0 to RAF's budget fund.
[2018/1/11 - 13:00:04] Vehicle ID 0 (Slot ID 616) Maintainence fee cost $0 to RAF's budget fund.
[2018/1/11 - 13:00:04] Vehicle ID 0 (Slot ID 639) Maintainence fee cost $0 to RAF's budget fund.
[2018/1/11 - 13:00:04] Vehicle ID 65535 (Slot ID 667) Maintainence fee cost $0 to RAF's budget fund.
[2018/1/11 - 14:00:57] The faction vault is at $5,384.
[2018/1/11 - 14:00:57] Vehicle ID 0 (Slot ID 54) Maintainence fee cost $3,000 to RAF's budget fund.
[2018/1/11 - 14:00:57] Vehicle ID 0 (Slot ID 62) Maintainence fee cost $500 to RAF's budget fund.
[2018/1/11 - 14:00:57] Vehicle ID 440 (Slot ID 610) Maintainence fee cost $0 to RAF's budget fund.
[2018/1/11 - 14:00:57] Vehicle ID 441 (Slot ID 613) Maintainence fee cost $0 to RAF's budget fund.
[2018/1/11 - 14:00:57] Vehicle ID 0 (Slot ID 616) Maintainence fee cost $0 to RAF's budget fund.
[2018/1/11 - 14:00:57] Vehicle ID 0 (Slot ID 639) Maintainence fee cost $0 to RAF's budget fund.
[2018/1/11 - 14:00:57] Vehicle ID 65535 (Slot ID 667) Maintainence fee cost $0 to RAF's budget fund.
[2018/1/11 - 14:03:24] Vehicle Slot ID 610 RTB fee cost $0 to RAF's budget fund.
[2018/1/11 - 15:00:51] The faction vault is at $9,684.
[2018/1/11 - 15:00:51] Vehicle ID 65535 (Slot ID 41) Maintainence fee cost $5,500 to RAF's budget fund.
[2018/1/11 - 15:00:51] Vehicle ID 0 (Slot ID 54) Maintainence fee cost $3,000 to RAF's budget fund.
[2018/1/11 - 15:00:51] Vehicle ID 0 (Slot ID 62) Maintainence fee cost $500 to RAF's budget fund.
[2018/1/11 - 15:00:51] Vehicle ID 440 (Slot ID 610) Maintainence fee cost $0 to RAF's budget fund.
[2018/1/11 - 15:00:51] Vehicle ID 441 (Slot ID 613) Maintainence fee cost $0 to RAF's budget fund.
[2018/1/11 - 15:00:51] Vehicle ID 0 (Slot ID 616) Maintainence fee cost $0 to RAF's budget fund.
[2018/1/11 - 15:00:51] Vehicle ID 0 (Slot ID 639) Maintainence fee cost $0 to RAF's budget fund.
[2018/1/11 - 15:00:51] Vehicle ID 65535 (Slot ID 667) Maintainence fee cost $0 to RAF's budget fund.
[2018/1/11 - 16:00:37] The faction vault is at $7,484.
[2018/1/11 - 16:00:37] Vehicle ID 65535 (Slot ID 41) Maintainence fee cost $5,500 to RAF's budget fund.
[2018/1/11 - 16:00:37] Vehicle ID 0 (Slot ID 62) Maintainence fee cost $500 to RAF's budget fund.
[2018/1/11 - 16:00:37] Vehicle ID 440 (Slot ID 610) Maintainence fee cost $0 to RAF's budget fund.
[2018/1/11 - 16:00:37] Vehicle ID 441 (Slot ID 613) Maintainence fee cost $0 to RAF's budget fund.
[2018/1/11 - 16:00:37] Vehicle ID 0 (Slot ID 616) Maintainence fee cost $0 to RAF's budget fund.
[2018/1/11 - 16:00:37] Vehicle ID 0 (Slot ID 639) Maintainence fee cost $0 to RAF's budget fund.
[2018/1/11 - 16:00:37] Vehicle ID 65535 (Slot ID 667) Maintainence fee cost $0 to RAF's budget fund.
[2018/1/11 - 17:00:18] The faction vault is at $8,684.
[2018/1/11 - 17:00:18] Vehicle ID 65535 (Slot ID 41) Maintainence fee cost $5,500 to RAF's budget fund.
[2018/1/11 - 17:00:18] Vehicle ID 0 (Slot ID 54) Maintainence fee cost $3,000 to RAF's budget fund.
[2018/1/11 - 17:00:18] Vehicle ID 440 (Slot ID 610) Maintainence fee cost $0 to RAF's budget fund.
[2018/1/11 - 17:00:18] Vehicle ID 441 (Slot ID 613) Maintainence fee cost $0 to RAF's budget fund.
[2018/1/11 - 17:00:18] Vehicle ID 0 (Slot ID 616) Maintainence fee cost $0 to RAF's budget fund.
[2018/1/11 - 17:00:18] Vehicle ID 0 (Slot ID 639) Maintainence fee cost $0 to RAF's budget fund.
[2018/1/11 - 17:00:18] Vehicle ID 65535 (Slot ID 667) Maintainence fee cost $0 to RAF's budget fund.
[2018/1/11 - 18:01:00] The faction vault is at $9,784.
[2018/1/11 - 18:01:00] Vehicle ID 65535 (Slot ID 41) Maintainence fee cost $5,500 to RAF's budget fund.
[2018/1/11 - 18:01:00] Vehicle ID 0 (Slot ID 54) Maintainence fee cost $3,000 to RAF's budget fund.
[2018/1/11 - 18:01:00] Vehicle ID 0 (Slot ID 62) Maintainence fee cost $500 to RAF's budget fund.
[2018/1/11 - 18:01:00] Vehicle ID 440 (Slot ID 610) Maintainence fee cost $0 to RAF's budget fund.
[2018/1/11 - 18:01:00] Vehicle ID 441 (Slot ID 613) Maintainence fee cost $0 to RAF's budget fund.
[2018/1/11 - 18:01:00] Vehicle ID 0 (Slot ID 616) Maintainence fee cost $0 to RAF's budget fund.
[2018/1/11 - 18:01:00] Vehicle ID 0 (Slot ID 639) Maintainence fee cost $0 to RAF's budget fund.
[2018/1/11 - 18:01:00] Vehicle ID 65535 (Slot ID 667) Maintainence fee cost $0 to RAF's budget fund.
[2018/1/11 - 19:00:35] The faction vault is at $7,784.
[2018/1/11 - 19:00:35] Vehicle ID 65535 (Slot ID 41) Maintainence fee cost $5,500 to RAF's budget fund.
[2018/1/11 - 19:00:35] Vehicle ID 0 (Slot ID 62) Maintainence fee cost $500 to RAF's budget fund.
[2018/1/11 - 19:00:35] Vehicle ID 440 (Slot ID 610) Maintainence fee cost $0 to RAF's budget fund.
[2018/1/11 - 19:00:35] Vehicle ID 441 (Slot ID 613) Maintainence fee cost $0 to RAF's budget fund.
[2018/1/11 - 19:00:35] Vehicle ID 0 (Slot ID 616) Maintainence fee cost $0 to RAF's budget fund.
[2018/1/11 - 19:00:35] Vehicle ID 0 (Slot ID 639) Maintainence fee cost $0 to RAF's budget fund.
[2018/1/11 - 19:00:35] Vehicle ID 65535 (Slot ID 667) Maintainence fee cost $0 to RAF's budget fund.
[2018/1/11 - 20:00:25] The faction vault is at $7,184.
[2018/1/11 - 20:00:25] Vehicle ID 65535 (Slot ID 41) Maintainence fee cost $5,500 to RAF's budget fund.
[2018/1/11 - 20:00:25] Vehicle ID 0 (Slot ID 62) Maintainence fee cost $500 to RAF's budget fund.
[2018/1/11 - 20:00:25] Vehicle ID 440 (Slot ID 610) Maintainence fee cost $0 to RAF's budget fund.
[2018/1/11 - 20:00:25] Vehicle ID 441 (Slot ID 613) Maintainence fee cost $0 to RAF's budget fund.
[2018/1/11 - 20:00:25] Vehicle ID 0 (Slot ID 616) Maintainence fee cost $0 to RAF's budget fund.
[2018/1/11 - 20:00:25] Vehicle ID 0 (Slot ID 639) Maintainence fee cost $0 to RAF's budget fund.
[2018/1/11 - 20:00:25] Vehicle ID 65535 (Slot ID 667) Maintainence fee cost $0 to RAF's budget fund.
[2018/1/11 - 21:00:13] The faction vault is at $8,584.
[2018/1/11 - 21:00:13] Vehicle ID 65535 (Slot ID 41) Maintainence fee cost $5,500 to RAF's budget fund.
[2018/1/11 - 21:00:13] Vehicle ID 0 (Slot ID 54) Maintainence fee cost $3,000 to RAF's budget fund.
[2018/1/11 - 21:00:13] Vehicle ID 440 (Slot ID 610) Maintainence fee cost $0 to RAF's budget fund.
[2018/1/11 - 21:00:13] Vehicle ID 441 (Slot ID 613) Maintainence fee cost $0 to RAF's budget fund.
[2018/1/11 - 21:00:13] Vehicle ID 0 (Slot ID 616) Maintainence fee cost $0 to RAF's budget fund.
[2018/1/11 - 21:00:13] Vehicle ID 0 (Slot ID 639) Maintainence fee cost $0 to RAF's budget fund.
[2018/1/11 - 21:00:13] Vehicle ID 65535 (Slot ID 667) Maintainence fee cost $0 to RAF's budget fund.
[2018/1/11 - 21:13:42] Vehicle Slot ID 610 RTB fee cost $0 to RAF's budget fund.
[2018/1/11 - 22:00:58] The faction vault is at $8,084.
[2018/1/11 - 22:00:58] NE Gov Paid $175,000 to RAF budget fund.
[2018/1/11 - 22:00:58] Vehicle ID 65535 (Slot ID 41) Maintainence fee cost $5,500 to RAF's budget fund.
[2018/1/11 - 22:00:58] Vehicle ID 0 (Slot ID 54) Maintainence fee cost $3,000 to RAF's budget fund.
[2018/1/11 - 22:00:58] Vehicle ID 65535 (Slot ID 57) Maintainence fee cost $5,000 to RAF's budget fund.
[2018/1/11 - 22:00:58] Vehicle ID 0 (Slot ID 62) Maintainence fee cost $500 to RAF's budget fund.
[2018/1/11 - 22:00:58] Vehicle ID 65535 (Slot ID 63) Maintainence fee cost $5,500 to RAF's budget fund.
[2018/1/11 - 22:00:58] Vehicle ID 0 (Slot ID 82) Maintainence fee cost $3,000 to RAF's budget fund.
[2018/1/11 - 22:00:58] Vehicle ID 0 (Slot ID 87) Maintainence fee cost $3,000 to RAF's budget fund.
[2018/1/11 - 22:00:58] Vehicle ID 0 (Slot ID 91) Maintainence fee cost $2,500 to RAF's budget fund.
[2018/1/11 - 22:00:58] Vehicle ID 0 (Slot ID 92) Maintainence fee cost $2,500 to RAF's budget fund.
[2018/1/11 - 22:00:58] Vehicle ID 0 (Slot ID 169) Maintainence fee cost $2,500 to RAF's budget fund.
[2018/1/11 - 22:00:58] Vehicle ID 65535 (Slot ID 180) Maintainence fee cost $4,500 to RAF's budget fund.
[2018/1/11 - 22:00:58] Vehicle ID 65535 (Slot ID 229) Maintainence fee cost $6,500 to RAF's budget fund.
[2018/1/11 - 22:00:58] Vehicle ID 65535 (Slot ID 252) Maintainence fee cost $5,500 to RAF's budget fund.
[2018/1/11 - 22:00:58] Vehicle ID 0 (Slot ID 259) Maintainence fee cost $2,500 to RAF's budget fund.
[2018/1/11 - 22:00:58] Vehicle ID 0 (Slot ID 285) Maintainence fee cost $2,500 to RAF's budget fund.
[2018/1/11 - 22:00:58] Vehicle ID 0 (Slot ID 286) Maintainence fee cost $2,500 to RAF's budget fund.
[2018/1/11 - 22:00:58] Vehicle ID 0 (Slot ID 367) Maintainence fee cost $3,500 to RAF's budget fund.
[2018/1/11 - 22:00:58] Vehicle ID 0 (Slot ID 411) Maintainence fee cost $3,500 to RAF's budget fund.
[2018/1/11 - 22:00:58] Vehicle ID 65535 (Slot ID 415) Maintainence fee cost $5,500 to RAF's budget fund.
[2018/1/11 - 22:00:58] Vehicle ID 65535 (Slot ID 419) Maintainence fee cost $4,500 to RAF's budget fund.
[2018/1/11 - 22:00:58] Vehicle ID 65535 (Slot ID 452) Maintainence fee cost $6,500 to RAF's budget fund.
[2018/1/11 - 22:00:58] Vehicle ID 0 (Slot ID 498) Maintainence fee cost $3,500 to RAF's budget fund.
[2018/1/11 - 22:00:58] Vehicle ID 0 (Slot ID 502) Maintainence fee cost $2,500 to RAF's budget fund.
[2018/1/11 - 22:00:58] Vehicle ID 0 (Slot ID 505) Maintainence fee cost $3,500 to RAF's budget fund.
[2018/1/11 - 22:00:58] Vehicle ID 0 (Slot ID 548) Maintainence fee cost $3,500 to RAF's budget fund.
[2018/1/11 - 22:00:58] Vehicle ID 0 (Slot ID 570) Maintainence fee cost $3,500 to RAF's budget fund.
[2018/1/11 - 22:00:58] Vehicle ID 0 (Slot ID 582) Maintainence fee cost $3,500 to RAF's budget fund.
[2018/1/11 - 22:00:58] Vehicle ID 65535 (Slot ID 595) Maintainence fee cost $6,500 to RAF's budget fund.
[2018/1/11 - 22:00:58] Vehicle ID 0 (Slot ID 597) Maintainence fee cost $3,000 to RAF's budget fund.
[2018/1/11 - 22:00:58] Vehicle ID 0 (Slot ID 600) Maintainence fee cost $2,000 to RAF's budget fund.
[2018/1/11 - 22:00:58] Vehicle ID 440 (Slot ID 610) Maintainence fee cost $0 to RAF's budget fund.
[2018/1/11 - 22:00:58] Vehicle ID 441 (Slot ID 613) Maintainence fee cost $0 to RAF's budget fund.
[2018/1/11 - 22:00:58] Vehicle ID 0 (Slot ID 616) Maintainence fee cost $0 to RAF's budget fund.
[2018/1/11 - 22:00:58] Vehicle ID 0 (Slot ID 639) Maintainence fee cost $0 to RAF's budget fund.
[2018/1/11 - 22:00:58] Vehicle ID 65535 (Slot ID 667) Maintainence fee cost $0 to RAF's budget fund.
[2018/1/11 - 22:00:58] Vehicle ID 65535 (Slot ID 679) Maintainence fee cost $6,500 to RAF's budget fund.
[2018/1/11 - 23:00:38] The faction vault is at $68,784.
[2018/1/11 - 23:00:38] Vehicle ID 65535 (Slot ID 41) Maintainence fee cost $5,500 to RAF's budget fund.
[2018/1/11 - 23:00:38] Vehicle ID 0 (Slot ID 54) Maintainence fee cost $3,000 to RAF's budget fund.
[2018/1/11 - 23:00:38] Vehicle ID 65535 (Slot ID 57) Maintainence fee cost $5,000 to RAF's budget fund.
[2018/1/11 - 23:00:38] Vehicle ID 0 (Slot ID 62) Maintainence fee cost $500 to RAF's budget fund.
[2018/1/11 - 23:00:38] Vehicle ID 65535 (Slot ID 63) Maintainence fee cost $5,500 to RAF's budget fund.
[2018/1/11 - 23:00:38] Vehicle ID 0 (Slot ID 82) Maintainence fee cost $3,000 to RAF's budget fund.
[2018/1/11 - 23:00:38] Vehicle ID 0 (Slot ID 87) Maintainence fee cost $3,000 to RAF's budget fund.
[2018/1/11 - 23:00:38] Vehicle ID 0 (Slot ID 91) Maintainence fee cost $2,500 to RAF's budget fund.
[2018/1/11 - 23:00:38] Vehicle ID 0 (Slot ID 92) Maintainence fee cost $2,500 to RAF's budget fund.
[2018/1/11 - 23:00:38] Vehicle ID 0 (Slot ID 169) Maintainence fee cost $2,500 to RAF's budget fund.
[2018/1/11 - 23:00:38] Vehicle ID 65535 (Slot ID 180) Maintainence fee cost $4,500 to RAF's budget fund.
[2018/1/11 - 23:00:38] Vehicle ID 65535 (Slot ID 229) Maintainence fee cost $6,500 to RAF's budget fund.
[2018/1/11 - 23:00:38] Vehicle ID 65535 (Slot ID 252) Maintainence fee cost $5,500 to RAF's budget fund.
[2018/1/11 - 23:00:38] Vehicle ID 0 (Slot ID 259) Maintainence fee cost $2,500 to RAF's budget fund.
[2018/1/11 - 23:00:38] Vehicle ID 0 (Slot ID 285) Maintainence fee cost $2,500 to RAF's budget fund.
[2018/1/11 - 23:00:38] Vehicle ID 0 (Slot ID 286) Maintainence fee cost $2,500 to RAF's budget fund.
[2018/1/11 - 23:00:38] Vehicle ID 0 (Slot ID 367) Maintainence fee cost $3,500 to RAF's budget fund.
[2018/1/11 - 23:00:38] Vehicle ID 0 (Slot ID 411) Maintainence fee cost $3,500 to RAF's budget fund.
[2018/1/11 - 23:00:38] Vehicle ID 65535 (Slot ID 419) Maintainence fee cost $4,500 to RAF's budget fund.
[2018/1/11 - 23:00:38] Vehicle ID 440 (Slot ID 610) Maintainence fee cost $0 to RAF's budget fund.
[2018/1/11 - 23:00:38] Vehicle ID 441 (Slot ID 613) Maintainence fee cost $0 to RAF's budget fund.
[2018/1/11 - 23:00:38] Vehicle ID 0 (Slot ID 616) Maintainence fee cost $0 to RAF's budget fund.
[2018/1/11 - 23:00:38] Vehicle ID 0 (Slot ID 639) Maintainence fee cost $0 to RAF's budget fund.
[2018/1/11 - 23:00:38] Vehicle ID 65535 (Slot ID 667) Maintainence fee cost $0 to RAF's budget fund.
