[2018/1/20 - 0:19:00] Hartax Blacker has logged out.
[2018/1/20 - 0:52:47] Hangaround Hachiro H Fukuda has lost connection.
[2018/1/20 - 1:35:26] Hartax Blacker has logged out.
[2018/1/20 - 1:35:49] Danilo Buenoh has logged out.
[2018/1/20 - 1:40:09] Vice Manager Hartax Blacker has lost connection.
[2018/1/20 - 2:03:26] Hangaround Hachiro H Fukuda has lost connection.
[2018/1/20 - 2:03:26] Vice Manager Hartax Blacker has lost connection.
[2018/1/20 - 2:05:19] Hangaround Hachiro H Fukuda has lost connection.
[2018/1/20 - 2:13:35] Hangaround Hachiro H Fukuda has lost connection.
[2018/1/20 - 2:13:45] Vice Manager Hartax Blacker has lost connection.
[2018/1/20 - 7:51:13] Senior Employee Alejuando D Cobra has lost connection.
[2018/1/20 - 8:07:39] John Krashurio has logged out.
[2018/1/20 - 8:13:37] Nathan Angelo has logged out.
[2018/1/20 - 8:16:14] Alejuando D Cobra has logged out.
[2018/1/20 - 8:19:16] Nathan Angelo has logged out.
[2018/1/20 - 8:52:50] Associate Yuki Yamanaka has lost connection.
[2018/1/20 - 9:10:19] Yuki Yamanaka has logged out.
[2018/1/20 - 9:47:32] Yuki Yamanaka has logged out.
[2018/1/20 - 9:57:08] Hachiro H Fukuda has logged out.
[2018/1/20 - 10:21:47] Hachiro H Fukuda has logged out.
[2018/1/20 - 11:34:31] Michael H Buenoh has withdrawn 50 grams of Crack from the safe.
[2018/1/20 - 11:34:44] Michael H Buenoh has withdrawn 20 grams of Meth from the safe.
[2018/1/20 - 11:55:02] Luis Sarno (1000627686) accepted Chairman Danilo Buenoh's (1000397337) invite to join El Cartel De Chiapas (35).
[2018/1/20 - 11:55:47] Director Michael H Buenoh (1000133279) has set Luis Sarno's (1000627686) division to Guard in El Cartel De Chiapas (35).
[2018/1/20 - 12:03:28] Max G Gold has logged out.
[2018/1/20 - 12:06:55] Tony Brooks (1000625272) accepted Director Michael H Buenoh's (1000133279) invite to join El Cartel De Chiapas (35).
[2018/1/20 - 12:07:25] Michael H Buenoh has withdrawn 30 grams of Meth from the safe.
[2018/1/20 - 12:07:52] Michael H Buenoh has withdrawn 10 grams of Crack from the safe.
[2018/1/20 - 12:08:29] Michael H Buenoh has withdrawn 20 grams of Crack from the safe.
[2018/1/20 - 12:14:19] Vice Manager Hartax Blacker has lost connection.
[2018/1/20 - 12:14:49] Director Michael H Buenoh (1000133279) has set Tony Brooks's (1000625272) division to Guard in El Cartel De Chiapas (35).
[2018/1/20 - 12:19:21] Yuki Yamanaka has logged out.
[2018/1/20 - 12:22:42] Sonny Smith (896174) accepted Chairman Danilo Buenoh's (1000397337) invite to join El Cartel De Chiapas (35).
[2018/1/20 - 12:22:52] Chairman Danilo Buenoh (1000397337) has set Sonny Smith's (896174) division to Guard in El Cartel De Chiapas (35).
[2018/1/20 - 12:27:04] Hartax Blacker has logged out.
[2018/1/20 - 12:29:28] Michael H Buenoh (1000133279) has changed MOTD for Grove-Ancelotti , we turned up on vagos  so they are not allies anymore to: 
[2018/1/20 - 12:29:42] Michael H Buenoh has logged out.
[2018/1/20 - 12:38:07] Luis Sarno has logged out.
[2018/1/20 - 12:47:44] Sonny Smith has logged out.
[2018/1/20 - 12:49:09] Dwayne Radcliffe (1000624841) has quit the El Cartel De Chiapas as a rank 0
[2018/1/20 - 12:59:52] Director Michael H Buenoh (1000133279) (rank 6) has uninvited Yuki Yamanaka (1000625568) (rank 3) from El Cartel De Chiapas (35
[2018/1/20 - 13:01:05] Danilo Buenoh has withdrawn 10 grams of Ecstasy from the safe.
[2018/1/20 - 13:01:15] Michael H Buenoh has withdrawn a AK-47 from the weapon locker (Cost: 15)
[2018/1/20 - 13:01:17] Danilo Buenoh has withdrawn a AK-47 from the weapon locker (Cost: 15)
[2018/1/20 - 13:01:34] Michael H Buenoh has withdrawn 50 grams of Crack from the safe.
[2018/1/20 - 13:06:05] Max G Gold has logged out.
[2018/1/20 - 13:07:26] Luis Sarno has logged out.
[2018/1/20 - 13:10:40] Max G Gold has logged out.
[2018/1/20 - 13:12:19] Nathan Angelo has logged out.
[2018/1/20 - 13:12:27] Michael H Buenoh has logged out.
[2018/1/20 - 13:15:56] Danilo Buenoh has logged out.
[2018/1/20 - 13:24:17] Max G Gold has logged out.
[2018/1/20 - 13:29:52] Luke Henchman has logged out.
[2018/1/20 - 13:40:44] James Rolland has logged out.
[2018/1/20 - 13:49:12] Director Michael H Buenoh (1000133279) (rank 6) has given Max G Gold (1000624842) rank 0 (Hangaround) in El Cartel De Chiapas (
[2018/1/20 - 13:51:16] Max G Gold (1000624842) has quit the El Cartel De Chiapas as a rank 0
[2018/1/20 - 13:52:32] Tony Brooks (1000625272) has quit the El Cartel De Chiapas as a rank 0
[2018/1/20 - 13:56:25] John Krashurio has logged out.
[2018/1/20 - 13:56:43] Michael H Buenoh has withdrawn 20 grams of Meth from the safe.
[2018/1/20 - 14:07:06] Chairman Danilo Buenoh has lost connection.
[2018/1/20 - 14:10:11] Tomas Reyes has withdrawn 40 grams of Ecstasy from the safe.
[2018/1/20 - 14:10:52] Chairman Tomas Reyes has lost connection.
[2018/1/20 - 14:20:44] Chairman Tomas Reyes has lost connection.
[2018/1/20 - 14:23:40] Lamar M Buenoh has logged out.
[2018/1/20 - 14:23:58] Michael H Buenoh (1000133279) has quit the El Cartel De Chiapas as a rank 6
[2018/1/20 - 14:39:42] Tomas Reyes has withdrawn 30 grams of Ecstasy from the safe.
[2018/1/20 - 14:39:48] Tomas Reyes has withdrawn a Desert Eagle from the weapon locker (Cost: 5)
[2018/1/20 - 14:42:50] Chairman Tomas Reyes has lost connection.
[2018/1/20 - 14:51:26] John Krashurio has logged out.
[2018/1/20 - 14:55:49] Sonny Smith (896174) has quit the El Cartel De Chiapas as a rank 0
[2018/1/20 - 15:01:48] Tomas Reyes has authorized Lamar M Buenoh to withdraw a Sniper Rifle from the weapon locker (Cost: 40)
[2018/1/20 - 15:03:57] Tomas Reyes has logged out.
[2018/1/20 - 15:11:32] Tomas Reyes has logged out.
[2018/1/20 - 15:25:21] Tomas Reyes has logged out.
[2018/1/20 - 15:31:50] Tomas Reyes has logged out.
[2018/1/20 - 15:36:25] Chairman Danilo Buenoh (1000397337) (rank 7) has given Nathan Angelo (1000625787) rank 5 (Manager) in El Cartel De Chiapas (35)
[2018/1/20 - 15:36:31] Chairman Danilo Buenoh (1000397337) has set Nathan Angelo's (1000625787) division to Sinaloa Cartel in El Cartel De Chiapas (35
[2018/1/20 - 15:38:16] Luke Henchman has logged out.
[2018/1/20 - 15:41:54] Luke Henchman has logged out.
[2018/1/20 - 15:42:59] Chairman Danilo Buenoh (1000397337) (rank 7) has given Hachiro H Fukuda (1000626831) rank 1 (Employee) in El Cartel De Chiapas 
[2018/1/20 - 15:48:46] Lamar M Buenoh has logged out.
[2018/1/20 - 15:50:03] John Krashurio has logged out.
[2018/1/20 - 15:57:13] Danilo Buenoh has deposited a AK-47 into the locker.
[2018/1/20 - 15:57:16] Nathan Angelo has deposited a AK-47 into the locker.
[2018/1/20 - 16:08:44] Hachiro H Fukuda has logged out.
[2018/1/20 - 16:22:06] Danilo Buenoh has logged out.
[2018/1/20 - 16:39:24] Luke Henchman has logged out.
[2018/1/20 - 17:18:02] Shawn Dicaprio has logged out.
[2018/1/20 - 17:44:58] Hartax Blacker has logged out.
[2018/1/20 - 18:19:45] Lamar M Buenoh has logged out.
[2018/1/20 - 18:37:51] Hartax Blacker has logged out.
[2018/1/20 - 19:30:46] John Krashurio has logged out.
[2018/1/20 - 19:36:02] Nathan Angelo has logged out.
[2018/1/20 - 19:44:59] Associate Lamar M Buenoh has lost connection.
[2018/1/20 - 19:45:04] Hangaround John Krashurio has lost connection.
[2018/1/20 - 20:23:45] Associate Lamar M Buenoh has lost connection.
[2018/1/20 - 20:30:25] Nathan Angelo has logged out.
[2018/1/20 - 20:32:22] Associate Lamar M Buenoh has lost connection.
[2018/1/20 - 20:48:49] Senior Employee Sun Lu has lost connection.
[2018/1/20 - 20:48:49] Hangaround John Krashurio has lost connection.
[2018/1/20 - 21:25:39] John Krashurio has logged out.
[2018/1/20 - 21:50:11] Senior Employee Alejuando D Cobra has lost connection.
[2018/1/20 - 22:09:15] Lamar M Buenoh has logged out.
[2018/1/20 - 22:33:33] Lamar M Buenoh has logged out.
[2018/1/20 - 22:52:42] Sun Lu has logged out.
[2018/1/20 - 22:54:31] Associate Lamar M Buenoh has lost connection.
[2018/1/20 - 22:54:52] Hartax Blacker has logged out.
