[2018/1/22 - 0:08:57] Vice Manager Hartax Blacker has lost connection.
[2018/1/22 - 0:12:23] Vice Manager Hartax Blacker has lost connection.
[2018/1/22 - 0:19:10] Vice Manager Hartax Blacker has lost connection.
[2018/1/22 - 0:20:48] Hartax Blacker has logged out.
[2018/1/22 - 0:27:12] Vice Manager Hartax Blacker has lost connection.
[2018/1/22 - 0:32:56] Vice Manager Hartax Blacker has lost connection.
[2018/1/22 - 0:38:58] Zack D Hyland has logged out.
[2018/1/22 - 0:39:07] Vice Manager Hartax Blacker has lost connection.
[2018/1/22 - 0:41:03] Zack D Hyland has logged out.
[2018/1/22 - 0:42:18] Hartax Blacker has logged out.
[2018/1/22 - 0:44:47] Vice Manager Hartax Blacker has lost connection.
[2018/1/22 - 0:49:04] Hartax Blacker has logged out.
[2018/1/22 - 0:56:54] Hartax Blacker has logged out.
[2018/1/22 - 1:08:30] Danilo Buenoh has logged out.
[2018/1/22 - 1:17:23] Vice Manager Hartax Blacker has lost connection.
[2018/1/22 - 1:17:33] Chairman Danilo Buenoh has lost connection.
[2018/1/22 - 1:37:48] Tony Brooks (1000625272) accepted Chairman Danilo Buenoh's (1000397337) invite to join El Cartel De Chiapas (35).
[2018/1/22 - 2:06:42] Danilo Buenoh has deposited a AK-47 into the locker.
[2018/1/22 - 2:11:10] Danilo Buenoh has deposited a AK-47 into the locker.
[2018/1/22 - 2:12:21] Danilo Buenoh has deposited a AK-47 into the locker.
[2018/1/22 - 2:13:31] Danilo Buenoh has deposited a AK-47 into the locker.
[2018/1/22 - 2:23:46] Chairman Danilo Buenoh (1000397337) (rank 7) has given Tony Brooks (1000625272) rank 1 (Employee) in El Cartel De Chiapas (35).
[2018/1/22 - 2:23:54] Chairman Danilo Buenoh (1000397337) has set Tony Brooks's (1000625272) division to Bartender in El Cartel De Chiapas (35).
[2018/1/22 - 2:43:48] Danilo Buenoh has deposited a AK-47 into the locker.
[2018/1/22 - 2:44:19] Danilo Buenoh has deposited a AK-47 into the locker.
[2018/1/22 - 2:47:24] Tony Brooks has logged out.
[2018/1/22 - 2:47:28] Danilo Buenoh has logged out.
[2018/1/22 - 3:19:05] Kontol Zafuki (1000625726) accepted Chairman Danilo Buenoh's (1000397337) invite to join El Cartel De Chiapas (35).
[2018/1/22 - 3:19:09] Chairman Danilo Buenoh (1000397337) has set Kontol Zafuki's (1000625726) division to Bartender in El Cartel De Chiapas (35).
[2018/1/22 - 3:32:06] Danilo Buenoh has withdrawn a Sniper Rifle from the weapon locker (Cost: 40)
[2018/1/22 - 3:32:37] Kontol Zafuki has logged out.
[2018/1/22 - 3:33:10] Danilo Buenoh has deposited a Sniper Rifle into the locker.
[2018/1/22 - 3:33:14] Danilo Buenoh has withdrawn a Sniper Rifle from the weapon locker (Cost: 40)
[2018/1/22 - 3:33:16] Danilo Buenoh has deposited a Sniper Rifle into the locker.
[2018/1/22 - 3:34:50] Danilo Buenoh has withdrawn a Sniper Rifle from the weapon locker (Cost: 40)
[2018/1/22 - 3:43:37] Danilo Buenoh has deposited a Sniper Rifle into the locker.
[2018/1/22 - 3:48:38] Bobby Andreson (1000627339) accepted Chairman Danilo Buenoh's (1000397337) invite to join El Cartel De Chiapas (35).
[2018/1/22 - 3:48:39] Chairman Danilo Buenoh (1000397337) has set Bobby Andreson's (1000627339) division to Guard in El Cartel De Chiapas (35).
[2018/1/22 - 4:09:01] Chairman Danilo Buenoh has lost connection.
[2018/1/22 - 4:13:10] Chairman Danilo Buenoh has lost connection.
[2018/1/22 - 4:25:59] Bobby Andreson (1000627339) has quit the El Cartel De Chiapas as a rank 0
[2018/1/22 - 4:34:41] Chairman Danilo Buenoh (1000397337) (rank 7) has uninvited Kontol Zafuki (1000625726) (rank 0) from El Cartel De Chiapas (35).
[2018/1/22 - 4:42:14] Hartax Blacker has logged out.
[2018/1/22 - 4:42:16] Danilo Buenoh has logged out.
[2018/1/22 - 6:30:29] Nathan Angelo has logged out.
[2018/1/22 - 6:38:24] Manager Nathan Angelo has lost connection.
[2018/1/22 - 7:15:51] Nathan Angelo has logged out.
[2018/1/22 - 7:47:12] Nathan Angelo has logged out.
[2018/1/22 - 7:58:51] Nathan Angelo has logged out.
[2018/1/22 - 8:24:44] Nathan Angelo has logged out.
[2018/1/22 - 8:41:54] Nathan Angelo has logged out.
[2018/1/22 - 11:13:18] Mino Hawk has logged out.
[2018/1/22 - 12:18:55] Alejuando D Cobra has logged out.
[2018/1/22 - 12:20:31] Alejuando D Cobra has logged out.
[2018/1/22 - 12:22:11] Alejuando D Cobra has logged out.
[2018/1/22 - 12:24:09] Alejuando D Cobra has logged out.
[2018/1/22 - 12:27:51] Alejuando D Cobra has logged out.
[2018/1/22 - 12:37:38] Alejuando D Cobra has logged out.
[2018/1/22 - 12:40:44] Alejuando D Cobra has logged out.
[2018/1/22 - 12:48:54] Hartax Blacker has logged out.
[2018/1/22 - 13:02:32] Nathan Angelo has logged out.
[2018/1/22 - 13:03:00] Chairman Danilo Buenoh (1000397337) (rank 7) has given Tony Brooks (1000625272) rank 3 (Associate) in El Cartel De Chiapas (35)
[2018/1/22 - 13:21:30] Chairman Danilo Buenoh (1000397337) (rank 7) has given Tony Brooks (1000625272) rank 1 (Employee) in El Cartel De Chiapas (35).
[2018/1/22 - 13:26:27] Jamie Nelson (1000502087) accepted Chairman Danilo Buenoh's (1000397337) invite to join El Cartel De Chiapas (35).
[2018/1/22 - 13:26:28] Chairman Danilo Buenoh (1000397337) has set Jamie Nelson's (1000502087) division to Bartender in El Cartel De Chiapas (35).
[2018/1/22 - 13:28:00] Tony Brooks has logged out.
[2018/1/22 - 13:44:44] Chairman Danilo Buenoh (1000397337) (rank 7) has uninvited John Krashurio (1000397413) (rank 0) from El Cartel De Chiapas (35).
[2018/1/22 - 13:48:18] Donny Pharelle (1000627654) accepted Chairman Danilo Buenoh's (1000397337) invite to join El Cartel De Chiapas (35).
[2018/1/22 - 13:48:20] Chairman Danilo Buenoh (1000397337) has set Donny Pharelle's (1000627654) division to Bartender in El Cartel De Chiapas (35).
[2018/1/22 - 13:48:36] Akihiko T Takashi (1000627769) accepted Chairman Danilo Buenoh's (1000397337) invite to join El Cartel De Chiapas (35).
[2018/1/22 - 13:48:40] Chairman Danilo Buenoh (1000397337) has set Akihiko T Takashi's (1000627769) division to Guard in El Cartel De Chiapas (35).
[2018/1/22 - 13:50:42] Hangaround Donny Pharelle has lost connection.
[2018/1/22 - 13:53:25] Danilo Buenoh has withdrawn a AK-47 from the weapon locker (Cost: 15)
[2018/1/22 - 13:53:50] Danilo Buenoh has withdrawn a AK-47 from the weapon locker (Cost: 15)
[2018/1/22 - 13:57:54] Danilo Buenoh has logged out.
[2018/1/22 - 14:02:59] Hangaround Jamie Nelson has lost connection.
[2018/1/22 - 14:12:17] Danilo Buenoh has logged out.
[2018/1/22 - 14:19:55] Hangaround Akihiko T Takashi has lost connection.
[2018/1/22 - 15:28:38] Manager Nathan Angelo has lost connection.
[2018/1/22 - 15:49:41] Hartax Blacker has logged out.
[2018/1/22 - 16:22:28] Luis Sarno has logged out.
[2018/1/22 - 16:52:04] Nathan Angelo has logged out.
[2018/1/22 - 17:36:45] Lamar M Buenoh has logged out.
[2018/1/22 - 17:37:51] Hartax Blacker has logged out.
[2018/1/22 - 17:50:19] Manager Nathan Angelo has lost connection.
[2018/1/22 - 18:20:51] Jamie Nelson (1000502087) has quit the El Cartel De Chiapas as a rank 0
[2018/1/22 - 19:21:30] Hartax Blacker has logged out.
[2018/1/22 - 19:35:08] Hartax Blacker has logged out.
[2018/1/22 - 19:45:11] Nathan Angelo has logged out.
[2018/1/22 - 19:47:27] Tony Brooks has logged out.
[2018/1/22 - 19:52:23] Kevin Kush (1000071051) has made Kevin Kush (1000071051) the leader of the El Cartel De Chiapas.
[2018/1/22 - 20:00:34] Chairman Danilo Buenoh (1000397337) (rank 7) has given Nathan Angelo (1000625787) rank 6 (Director) in El Cartel De Chiapas (35
[2018/1/22 - 20:02:16] Hartax Blacker has logged out.
[2018/1/22 - 20:06:14] Chairman Danilo Buenoh (1000397337) (rank 7) has given Nathan Angelo (1000625787) rank 5 (Manager) in El Cartel De Chiapas (35)
[2018/1/22 - 20:45:51] Nathan Angelo has logged out.
[2018/1/22 - 20:48:35] Tony Brooks has logged out.
[2018/1/22 - 20:51:03] Ilay Gucci Cobra (1000627468) accepted Chairman Danilo Buenoh's (1000397337) invite to join El Cartel De Chiapas (35).
[2018/1/22 - 20:51:09] Chairman Danilo Buenoh (1000397337) has set Ilay Gucci Cobra's (1000627468) division to Guard in El Cartel De Chiapas (35).
[2018/1/22 - 21:04:50] Ilay Gucci Cobra has logged out.
[2018/1/22 - 21:26:13] Danilo Buenoh has withdrawn a Sniper Rifle from the weapon locker (Cost: 40)
[2018/1/22 - 21:26:22] Danilo Buenoh has withdrawn a AK-47 from the weapon locker (Cost: 15)
[2018/1/22 - 21:26:29] Danilo Buenoh has withdrawn a AK-47 from the weapon locker (Cost: 15)
[2018/1/22 - 21:26:53] Dwayne Radcliffe (1000624841) accepted Chairman Danilo Buenoh's (1000397337) invite to join El Cartel De Chiapas (35).
[2018/1/22 - 21:26:55] Chairman Danilo Buenoh (1000397337) (rank 7) has given Dwayne Radcliffe (1000624841) rank 1 (Employee) in El Cartel De Chiapas 
[2018/1/22 - 21:27:54] Danilo Buenoh has withdrawn a AK-47 from the weapon locker (Cost: 15)
[2018/1/22 - 21:30:50] Chairman Danilo Buenoh (1000397337) has set Dwayne Radcliffe's (1000624841) division to Cali Cartel in El Cartel De Chiapas (35
[2018/1/22 - 21:34:41] Danilo Buenoh has logged out.
[2018/1/22 - 21:36:23] Hartax Blacker has logged out.
[2018/1/22 - 21:58:32] Hartax Blacker has logged out.
[2018/1/22 - 22:00:26] Tony Brooks has logged out.
[2018/1/22 - 22:00:45] Dwayne Radcliffe has logged out.
[2018/1/22 - 22:14:49] Danilo Buenoh has withdrawn a AK-47 from the weapon locker (Cost: 15)
[2018/1/22 - 22:14:56] Danilo Buenoh has withdrawn a Sniper Rifle from the weapon locker (Cost: 40)
[2018/1/22 - 22:38:22] Danilo Buenoh has logged out.
[2018/1/22 - 22:47:52] Tony Brooks has logged out.
[2018/1/22 - 22:48:34] Hartax Blacker has logged out.
[2018/1/22 - 22:49:25] Dwayne Radcliffe has logged out.
[2018/1/22 - 23:16:28] Hartax Blacker has logged out.
[2018/1/22 - 23:47:27] Hartax Blacker has logged out.
[2018/1/22 - 23:47:59] Danilo Buenoh has logged out.
[2018/1/22 - 23:55:52] Hartax Blacker has logged out.
