[2018/1/26 - 0:02:51] Tony Brooks has logged out.
[2018/1/26 - 0:09:40] Vice Manager James H. Blacker has lost connection.
[2018/1/26 - 0:14:19] Danilo Buenoh (1000397337) has changed MOTD for We're allies with Grove/ISIS/Ballas. we will use this freq 7070 to fight Shaft 
[2018/1/26 - 0:34:04] Howard R Kleinman has logged out.
[2018/1/26 - 1:17:42] Tony Brooks has logged out.
[2018/1/26 - 1:29:04] Danilo Buenoh has authorized Yuki Yamanaka to withdraw a AK-47 from the weapon locker (Cost: 15)
[2018/1/26 - 1:31:53] Chairman Danilo Buenoh (1000397337) (rank 7) has given Alejandro Kleinman (1000626967) rank 1 (Employee) in El Cartel De Chiapa
[2018/1/26 - 1:33:57] James H. Blacker has logged out.
[2018/1/26 - 2:02:48] Danilo Buenoh (1000397337) has changed MOTD for We're Allies with Grove/ISIS/Ballas. We will use this freq 346619 to fight Shaf
[2018/1/26 - 2:31:12] Elmar P. Maravilla (1000625918) accepted Chairman Danilo Buenoh's (1000397337) invite to join El Cartel De Chiapas (35).
[2018/1/26 - 2:31:16] Chairman Danilo Buenoh (1000397337) has set Elmar P. Maravilla's (1000625918) division to Bartender in El Cartel De Chiapas (35
[2018/1/26 - 2:33:12] Chairman Danilo Buenoh (1000397337) (rank 7) has given Elmar P. Maravilla (1000625918) rank 1 (Employee) in El Cartel De Chiapa
[2018/1/26 - 2:33:15] Chairman Danilo Buenoh (1000397337) (rank 7) has given Alejandro Kleinman (1000626967) rank 2 (Senior Employee) in El Cartel De
[2018/1/26 - 2:46:54] Chairman Danilo Buenoh (1000397337) (rank 7) has given Jabar Pollard (1000626831) rank 1 (Employee) in El Cartel De Chiapas (35
[2018/1/26 - 2:50:25] Harlem Kleinman (1000626628) accepted Chairman Danilo Buenoh's (1000397337) invite to join El Cartel De Chiapas (35).
[2018/1/26 - 2:50:26] Chairman Danilo Buenoh (1000397337) has set Harlem Kleinman's (1000626628) division to Bartender in El Cartel De Chiapas (35).
[2018/1/26 - 2:53:42] Harlem Kleinman has logged out.
[2018/1/26 - 3:03:50] Chairman Danilo Buenoh has lost connection.
[2018/1/26 - 3:15:02] Danilo Buenoh has logged out.
[2018/1/26 - 3:18:55] Yuki Yamanaka has logged out.
[2018/1/26 - 3:19:32] Elmar P. Maravilla has logged out.
[2018/1/26 - 3:29:10] Howard R Kleinman has logged out.
[2018/1/26 - 3:29:31] Harlem Kleinman has logged out.
[2018/1/26 - 3:30:40] Alejandro Kleinman has logged out.
[2018/1/26 - 5:19:20] Chris Lamar has logged out.
[2018/1/26 - 5:44:38] Yuki Yamanaka has logged out.
[2018/1/26 - 5:54:12] Chris Lamar has logged out.
[2018/1/26 - 6:06:00] Hangaround Chan Saints Berlioz has lost connection.
[2018/1/26 - 6:13:48] Yuki Yamanaka has withdrawn a Desert Eagle from the weapon locker (Cost: 5)
[2018/1/26 - 6:24:38] Chan Saints Berlioz has logged out.
[2018/1/26 - 7:22:11] Chan Saints Berlioz has logged out.
[2018/1/26 - 7:53:23] Carry Minati has logged out.
[2018/1/26 - 7:56:07] Howard R Kleinman has logged out.
[2018/1/26 - 8:04:42] Associate Howard R Kleinman has lost connection.
[2018/1/26 - 8:06:36] Sammy Shiekadatu (1000625240) accepted Manager Nathan Angelo's (1000625787) invite to join El Cartel De Chiapas (35).
[2018/1/26 - 8:07:09] Fukimo Mekuto (1000625726) accepted Manager Nathan Angelo's (1000625787) invite to join El Cartel De Chiapas (35).
[2018/1/26 - 8:07:46] Associate Howard R Kleinman has lost connection.
[2018/1/26 - 8:08:49] Nathan Angelo has logged out.
[2018/1/26 - 8:09:00] Alejandro Kleinman has logged out.
[2018/1/26 - 8:12:50] Fukimo Mekuto has logged out.
[2018/1/26 - 8:14:56] Senior Employee Alejandro Kleinman has lost connection.
[2018/1/26 - 8:19:20] Sammy Shiekadatu has logged out.
[2018/1/26 - 8:21:19] Nathan Angelo has withdrawn 20 grams of Ecstasy from the safe.
[2018/1/26 - 8:21:23] Nathan Angelo has withdrawn 20 grams of Heroin from the safe.
[2018/1/26 - 8:21:47] Nathan Angelo has withdrawn 20 grams of Ecstasy from the safe.
[2018/1/26 - 8:21:58] Nathan Angelo has withdrawn 20 grams of Ecstasy from the safe.
[2018/1/26 - 8:22:14] Nathan Angelo has withdrawn 10 grams of Heroin from the safe.
[2018/1/26 - 8:25:58] Howard R Kleinman has logged out.
[2018/1/26 - 8:39:28] Manager Nathan Angelo (1000625787) (rank 5) has given Sammy Shiekadatu (1000625240) rank 1 (Employee) in El Cartel De Chiapas (
[2018/1/26 - 8:40:30] Manager Nathan Angelo (1000625787) has set Sammy Shiekadatu's (1000625240) division to Guard in El Cartel De Chiapas (35).
[2018/1/26 - 8:40:36] Manager Nathan Angelo (1000625787) has set Nathan Angelo's (1000625787) division to High Command in El Cartel De Chiapas (35).
[2018/1/26 - 9:11:33] Sammy Shiekadatu has logged out.
[2018/1/26 - 9:12:30] Nathan Angelo has logged out.
[2018/1/26 - 9:39:07] Nathan Angelo has withdrawn 10 grams of Ecstasy from the safe.
[2018/1/26 - 9:39:11] Nathan Angelo has withdrawn 10 grams of Heroin from the safe.
[2018/1/26 - 9:39:34] Nathan Angelo has authorized Yuki Yamanaka to withdraw a AK-47 from the weapon locker (Cost: 15)
[2018/1/26 - 9:41:13] Nathan Angelo has withdrawn 10 grams of Ecstasy from the safe.
[2018/1/26 - 9:41:16] Nathan Angelo has withdrawn 10 grams of Heroin from the safe.
[2018/1/26 - 9:56:17] Nathan Angelo has logged out.
[2018/1/26 - 9:57:38] Sammy Shiekadatu has logged out.
[2018/1/26 - 10:48:44] Yuki Yamanaka has logged out.
[2018/1/26 - 11:06:04] Jabar Pollard has logged out.
[2018/1/26 - 11:15:51] Sammy Shiekadatu has logged out.
[2018/1/26 - 11:38:01] Jericho De Santa has logged out.
[2018/1/26 - 11:46:14] Sammy Shiekadatu has logged out.
[2018/1/26 - 11:57:54] Yuki Yamanaka has logged out.
[2018/1/26 - 12:06:12] Jabar Pollard (1000626831) has quit the El Cartel De Chiapas as a rank 1
[2018/1/26 - 12:06:54] Chairman Tomas Reyes (1000346291) (rank 7) has uninvited Fukimo Mekuto (1000625726) (rank 0) from El Cartel De Chiapas (35).
[2018/1/26 - 12:06:59] Chairman Tomas Reyes (1000346291) (rank 7) has uninvited Sammy Shiekadatu (1000625240) (rank 1) from El Cartel De Chiapas (35).
[2018/1/26 - 12:12:19] Tomas Reyes has deposited a SPAS-12 into the locker.
[2018/1/26 - 12:12:19] Tomas Reyes has deposited a M4A1 into the locker.
[2018/1/26 - 12:13:55] Tomas Reyes has deposited a SPAS-12 into the locker.
[2018/1/26 - 12:13:56] Tomas Reyes has deposited a M4A1 into the locker.
[2018/1/26 - 12:14:59] Tomas Reyes has deposited a SPAS-12 into the locker.
[2018/1/26 - 12:15:00] Tomas Reyes has deposited a M4A1 into the locker.
[2018/1/26 - 12:15:00] Tomas Reyes has deposited a Sniper Rifle into the locker.
[2018/1/26 - 12:15:50] Tomas Reyes has deposited a SPAS-12 into the locker.
[2018/1/26 - 12:15:51] Tomas Reyes has deposited a M4A1 into the locker.
[2018/1/26 - 12:16:42] Tomas Reyes has deposited a SPAS-12 into the locker.
[2018/1/26 - 12:16:42] Tomas Reyes has deposited a M4A1 into the locker.
[2018/1/26 - 12:18:35] Tomas Reyes has withdrawn a SPAS-12 from the weapon locker (Cost: 30)
[2018/1/26 - 12:21:24] Chairman Tomas Reyes has lost connection.
[2018/1/26 - 12:22:55] Koroashi Vi. Sanji (1000625119) accepted Chairman Danilo Buenoh's (1000397337) invite to join El Cartel De Chiapas (35).
[2018/1/26 - 12:22:56] Chairman Danilo Buenoh (1000397337) has set Koroashi Vi. Sanji's (1000625119) division to Guard in El Cartel De Chiapas (35).
[2018/1/26 - 12:23:19] Koroashi Vi. Sanji has logged out.
[2018/1/26 - 12:23:34] Danilo Buenoh has deposited a SPAS-12 into the locker.
[2018/1/26 - 12:23:34] Danilo Buenoh has deposited a M4A1 into the locker.
[2018/1/26 - 12:29:02] Tomas Reyes has logged out.
[2018/1/26 - 12:29:12] Danilo Buenoh has authorized Tony Brooks to withdraw a M4A1 from the weapon locker (Cost: 20)
[2018/1/26 - 12:41:33] Danilo Buenoh has logged out.
[2018/1/26 - 13:35:12] Yuki Yamanaka (1000625568) has quit the El Cartel De Chiapas as a rank 4
[2018/1/26 - 13:51:18] James H. Blacker has logged out.
[2018/1/26 - 14:17:38] Tony Brooks has logged out.
[2018/1/26 - 14:19:50] Tony Brooks has logged out.
[2018/1/26 - 14:23:45] Tony Brooks has logged out.
[2018/1/26 - 14:26:46] Associate Tony Brooks has lost connection.
[2018/1/26 - 14:26:51] Harlem Kleinman has logged out.
[2018/1/26 - 14:28:44] Harlem Kleinman has logged out.
[2018/1/26 - 14:30:56] Harlem Kleinman has logged out.
[2018/1/26 - 14:40:41] Tony Brooks has logged out.
[2018/1/26 - 14:42:08] Harlem Kleinman has logged out.
[2018/1/26 - 15:01:38] Tony Brooks has logged out.
[2018/1/26 - 15:04:17] Hangaround Harlem Kleinman has lost connection.
[2018/1/26 - 15:07:00] Vice Manager James H. Blacker has lost connection.
[2018/1/26 - 15:28:10] James H. Blacker has logged out.
[2018/1/26 - 15:30:22] Harlem Kleinman has logged out.
[2018/1/26 - 15:47:42] Sergio Buenoh has logged out.
[2018/1/26 - 15:54:38] Harlem Kleinman has logged out.
[2018/1/26 - 16:36:00] Tony Brooks has logged out.
[2018/1/26 - 17:02:17] Harlem Kleinman has logged out.
[2018/1/26 - 17:10:00] Senior Employee Alejandro Kleinman has lost connection.
[2018/1/26 - 17:20:12] Danilo Buenoh has logged out.
[2018/1/26 - 17:30:56] Clark Kleinman has logged out.
[2018/1/26 - 17:33:23] Clark Kleinman has logged out.
[2018/1/26 - 17:36:29] Harlem Kleinman has logged out.
[2018/1/26 - 17:44:28] Alejandro Kleinman has logged out.
[2018/1/26 - 17:45:27] Clark Kleinman has logged out.
[2018/1/26 - 17:46:57] Clark Kleinman has logged out.
[2018/1/26 - 17:49:00] Clark Kleinman has logged out.
[2018/1/26 - 18:01:36] Luis Sarno has logged out.
[2018/1/26 - 18:01:49] Clark Kleinman has logged out.
[2018/1/26 - 18:03:21] Clark Kleinman has logged out.
[2018/1/26 - 18:05:57] Clark Kleinman has logged out.
[2018/1/26 - 18:11:29] Harlem Kleinman has logged out.
[2018/1/26 - 18:12:52] Harlem Kleinman has logged out.
[2018/1/26 - 18:18:17] Harlem Kleinman has logged out.
[2018/1/26 - 18:20:06] Clark Kleinman has logged out.
[2018/1/26 - 18:25:41] Employee Trent Mercher has lost connection.
[2018/1/26 - 18:30:06] Clark Kleinman has logged out.
[2018/1/26 - 18:30:46] Harlem Kleinman has logged out.
[2018/1/26 - 18:32:49] Clark Kleinman has logged out.
[2018/1/26 - 18:33:52] Trent Mercher has logged out.
[2018/1/26 - 18:36:17] Clark Kleinman has logged out.
[2018/1/26 - 18:38:44] Clark Kleinman has logged out.
[2018/1/26 - 18:46:57] James H. Blacker has logged out.
[2018/1/26 - 18:50:40] James H. Blacker has deposited a SPAS-12 into the locker.
[2018/1/26 - 18:50:41] James H. Blacker has deposited a M4A1 into the locker.
[2018/1/26 - 18:51:31] Hangaround Harlem Kleinman has lost connection.
[2018/1/26 - 18:51:55] James H. Blacker has deposited a SPAS-12 into the locker.
[2018/1/26 - 18:51:57] James H. Blacker has deposited a M4A1 into the locker.
[2018/1/26 - 18:53:24] James H. Blacker has deposited a SPAS-12 into the locker.
[2018/1/26 - 18:53:25] James H. Blacker has deposited a M4A1 into the locker.
[2018/1/26 - 18:54:19] James H. Blacker has deposited a SPAS-12 into the locker.
[2018/1/26 - 18:54:20] James H. Blacker has deposited a M4A1 into the locker.
[2018/1/26 - 18:55:46] James H. Blacker has deposited a SPAS-12 into the locker.
[2018/1/26 - 18:55:46] James H. Blacker has deposited a M4A1 into the locker.
[2018/1/26 - 18:56:39] James H. Blacker has deposited a SPAS-12 into the locker.
[2018/1/26 - 18:56:40] James H. Blacker has deposited a M4A1 into the locker.
[2018/1/26 - 18:57:07] Hangaround Harlem Kleinman has lost connection.
[2018/1/26 - 18:57:46] James H. Blacker has deposited a SPAS-12 into the locker.
[2018/1/26 - 18:57:46] James H. Blacker has deposited a M4A1 into the locker.
[2018/1/26 - 19:04:49] James H. Blacker has logged out.
[2018/1/26 - 19:13:03] Nathan Angelo has logged out.
[2018/1/26 - 19:15:01] Hangaround Harlem Kleinman has lost connection.
[2018/1/26 - 19:16:21] Clark Kleinman has logged out.
[2018/1/26 - 19:17:42] Clark Kleinman has logged out.
[2018/1/26 - 19:22:49] Harlem Kleinman has logged out.
[2018/1/26 - 19:22:59] Nathan Angelo has logged out.
[2018/1/26 - 19:28:16] Manager Nathan Angelo has lost connection.
[2018/1/26 - 19:28:19] Associate Tony Brooks has lost connection.
[2018/1/26 - 19:29:10] Nathan Angelo has logged out.
[2018/1/26 - 19:33:19] Nathan Angelo has logged out.
[2018/1/26 - 19:35:01] Nathan Angelo has logged out.
[2018/1/26 - 19:41:07] Nathan Angelo has logged out.
[2018/1/26 - 19:43:48] Nathan Angelo has logged out.
[2018/1/26 - 19:48:22] Nathan Angelo has logged out.
[2018/1/26 - 19:49:43] Nathan Angelo has logged out.
[2018/1/26 - 20:23:08] Danilo Buenoh has logged out.
[2018/1/26 - 20:31:42] Nathan Angelo has logged out.
[2018/1/26 - 20:35:44] Nathan Angelo has logged out.
[2018/1/26 - 20:46:27] Vice Manager James H. Blacker has lost connection.
[2018/1/26 - 20:54:36] Tony Brooks has logged out.
[2018/1/26 - 21:16:05] Hangaround Harlem Kleinman has lost connection.
[2018/1/26 - 21:34:59] Harlem Kleinman has logged out.
[2018/1/26 - 21:44:18] Harlem Kleinman has logged out.
[2018/1/26 - 21:52:45] Harlem Kleinman has logged out.
[2018/1/26 - 22:00:35] Harlem Kleinman has logged out.
[2018/1/26 - 22:24:18] Danilo Buenoh has logged out.
[2018/1/26 - 23:12:27] Harlem Kleinman has logged out.
[2018/1/26 - 23:35:58] Harlem Kleinman has logged out.
[2018/1/26 - 23:39:16] Harlem Kleinman has logged out.
[2018/1/26 - 23:41:09] Harlem Kleinman has logged out.
[2018/1/26 - 23:42:28] Hangaround Harlem Kleinman has lost connection.
[2018/1/26 - 23:56:14] Hangaround Harlem Kleinman has lost connection.
