[2018/1/4 - 0:15:01] Baby Balla Steve Faulkner has lost connection.
[2018/1/4 - 0:18:59] Peter Schneider has logged in.
[2018/1/4 - 0:23:41] Ayoub Mocro has logged in.
[2018/1/4 - 0:32:23] Ayoub Mocro has logged out.
[2018/1/4 - 0:34:28] Mateo Ryder has logged out.
[2018/1/4 - 0:51:07] Hustlah Peter Schneider has lost connection.
[2018/1/4 - 0:51:44] Peter Schneider has logged in.
[2018/1/4 - 1:34:02] John D. Summer has logged in.
[2018/1/4 - 1:42:17] Alek Whey Schneider has logged in.
[2018/1/4 - 1:43:54] Alek Whey Schneider has withdrawn 40 grams of Ecstasy from the safe.
[2018/1/4 - 1:44:01] Alek Whey Schneider has withdrawn 80 grams of Crack from the safe.
[2018/1/4 - 1:59:04] Carlos Halk Bishop has logged in.
[2018/1/4 - 1:59:15] Peter Schneider has logged out.
[2018/1/4 - 2:22:27] Alan Schneider has logged in.
[2018/1/4 - 2:22:36] Alek Whey Schneider has logged out.
[2018/1/4 - 2:24:50] Peter Schneider has logged in.
[2018/1/4 - 2:25:58] Busta Carlos Halk Bishop has lost connection.
[2018/1/4 - 2:59:13] Peter Schneider has logged out.
[2018/1/4 - 3:07:14] Peter Schneider has logged in.
[2018/1/4 - 3:33:35] Joh Schneider has logged in.
[2018/1/4 - 3:56:00] Peter Schneider has logged out.
[2018/1/4 - 3:57:14] Peter Schneider has logged in.
[2018/1/4 - 4:07:57] Steve Faulkner has logged in.
[2018/1/4 - 4:28:29] Baby Balla Steve Faulkner has lost connection.
[2018/1/4 - 4:28:44] Lucas Schneider has logged in.
[2018/1/4 - 4:32:14] Peter Schneider has logged out.
[2018/1/4 - 4:32:51] Peter Schneider has logged in.
[2018/1/4 - 4:36:21] Hustlah Peter Schneider has lost connection.
[2018/1/4 - 4:37:12] Peter Schneider has logged in.
[2018/1/4 - 4:42:43] Joh Schneider has logged out.
[2018/1/4 - 4:44:59] Hustlah Alan Schneider has lost connection.
[2018/1/4 - 4:45:45] Alan Schneider has logged in.
[2018/1/4 - 5:22:20] John D. Summer has logged in.
[2018/1/4 - 5:41:58] Alan Schneider has logged out.
[2018/1/4 - 5:42:04] John D. Summer has logged out.
[2018/1/4 - 5:42:06] Lucas Schneider has logged out.
[2018/1/4 - 7:23:06] Peter Schneider has logged in.
[2018/1/4 - 7:34:30] Peter Schneider has logged out.
[2018/1/4 - 7:40:17] Aidan Freeman has logged in.
[2018/1/4 - 7:51:31] Busta Aidan Freeman has lost connection.
[2018/1/4 - 7:51:39] John D. Summer has logged in.
[2018/1/4 - 8:03:14] Balla John D. Summer has lost connection.
[2018/1/4 - 8:10:48] John D. Summer has logged in.
[2018/1/4 - 8:21:36] Balla John D. Summer has lost connection.
[2018/1/4 - 8:27:56] John D. Summer has logged in.
[2018/1/4 - 8:39:11] Balla John D. Summer has lost connection.
[2018/1/4 - 8:55:57] John D. Summer has logged in.
[2018/1/4 - 8:56:28] John D. Summer has logged out.
[2018/1/4 - 8:57:23] John D. Summer has logged in.
[2018/1/4 - 9:03:17] Geffery Diz has logged in.
[2018/1/4 - 9:08:26] Geffery Diz (1000624859) has changed MOTD for ask for discord to: ask for discord in slot 2
[2018/1/4 - 9:08:34] Geffery Diz has logged out.
[2018/1/4 - 9:36:58] Ilias Whey Dreezy has logged in.
[2018/1/4 - 9:38:04] OG Ilias Whey Dreezy has lost connection.
[2018/1/4 - 9:38:12] Balla John D. Summer has lost connection.
[2018/1/4 - 9:38:49] Ilias Whey Dreezy has logged in.
[2018/1/4 - 9:39:32] Lampy Hardy Mcfellow has logged in.
[2018/1/4 - 9:42:15] Ilias Whey Dreezy has logged out.
[2018/1/4 - 9:42:23] Double OG Lampy Hardy Mcfellow has lost connection.
[2018/1/4 - 10:00:23] John D. Summer has logged in.
[2018/1/4 - 10:01:05] Balla John D. Summer has lost connection.
[2018/1/4 - 10:02:30] John D. Summer has logged in.
[2018/1/4 - 10:02:39] John D. Summer has logged out.
[2018/1/4 - 10:09:23] John D. Summer has logged in.
[2018/1/4 - 10:27:55] Balla John D. Summer has lost connection.
[2018/1/4 - 10:46:46] Ilias Whey Dreezy has logged in.
[2018/1/4 - 10:46:58] Ilias Whey Dreezy has logged out.
[2018/1/4 - 10:47:48] Ilias Whey Dreezy has logged in.
[2018/1/4 - 11:07:16] Ilias Whey Dreezy has logged out.
[2018/1/4 - 11:12:17] Diaa Dod has logged in.
[2018/1/4 - 11:18:57] Ilias Whey Dreezy has logged in.
[2018/1/4 - 11:19:44] Ilias Whey Dreezy has logged out.
[2018/1/4 - 11:20:27] Ilias Whey Dreezy has logged in.
[2018/1/4 - 11:20:56] Ilias Whey Dreezy has logged out.
[2018/1/4 - 11:23:04] John D. Summer has logged in.
[2018/1/4 - 11:23:25] Ilias Whey Dreezy has logged in.
[2018/1/4 - 11:23:47] Balla John D. Summer has lost connection.
[2018/1/4 - 11:24:33] John D. Summer has logged in.
[2018/1/4 - 11:25:12] Balla John D. Summer has lost connection.
[2018/1/4 - 11:25:46] John D. Summer has logged in.
[2018/1/4 - 11:32:31] John D. Summer has logged out.
[2018/1/4 - 11:36:25] John D. Summer has logged in.
[2018/1/4 - 11:37:50] Balla John D. Summer has lost connection.
[2018/1/4 - 11:38:47] John D. Summer has logged in.
[2018/1/4 - 11:44:53] John D. Summer has logged out.
[2018/1/4 - 11:51:19] John D. Summer has logged in.
[2018/1/4 - 11:52:41] Ilias Whey Dreezy has logged out.
[2018/1/4 - 11:57:32] John D. Summer has logged out.
[2018/1/4 - 12:11:55] Jeff Kingpin has logged in.
[2018/1/4 - 12:28:31] Ilias Whey Dreezy has logged in.
[2018/1/4 - 12:29:13] Nick T. Jones has logged in.
[2018/1/4 - 12:35:30] Busta Nick T. Jones has lost connection.
[2018/1/4 - 12:42:38] Jeff Kingpin has logged out.
[2018/1/4 - 12:43:13] Jeff Kingpin has logged in.
[2018/1/4 - 12:48:49] Nick T. Jones has logged in.
[2018/1/4 - 12:52:53] John D. Summer has logged in.
[2018/1/4 - 12:58:16] Busta Nick T. Jones has lost connection.
[2018/1/4 - 12:58:46] Benjo Fisher has logged in.
[2018/1/4 - 13:04:26] Ilias Whey Dreezy has logged out.
[2018/1/4 - 13:10:05] John D. Summer has logged out.
[2018/1/4 - 13:14:09] John D. Summer has logged in.
[2018/1/4 - 13:15:14] John D. Summer has logged out.
[2018/1/4 - 13:15:35] Nick T. Jones has logged in.
[2018/1/4 - 13:18:18] Ilias Whey Dreezy has logged in.
[2018/1/4 - 13:20:22] OG Benjo Fisher (1000501508) (rank 5) has given Nick T. Jones (1000397635) rank 4 (Hustlah) in Ballas (31).
[2018/1/4 - 13:24:32] Nick T. Jones has logged out.
[2018/1/4 - 13:24:56] Mirza Jones (1000509974) accepted OG Benjo Fisher's (1000501508) invite to join Ballas (31).
[2018/1/4 - 13:25:11] OG Benjo Fisher (1000501508) (rank 5) has given Mirza Jones (1000509974) rank 4 (Hustlah) in Ballas (31).
[2018/1/4 - 13:26:17] Ilias Whey Dreezy has logged out.
[2018/1/4 - 13:27:22] Satchel Mudan has logged out.
[2018/1/4 - 13:27:42] Pedro Lee (1000625749) accepted OG Benjo Fisher's (1000501508) invite to join Ballas (31).
[2018/1/4 - 13:28:04] Satchel Mudan has logged in.
[2018/1/4 - 13:28:51] Jeff Kingpin has logged in.
[2018/1/4 - 13:30:58] Riad Schneider has logged in.
[2018/1/4 - 13:31:04] Mark Swisher has logged in.
[2018/1/4 - 13:32:12] David Zhinola has logged in.
[2018/1/4 - 13:33:44] Ilias Whey Dreezy has logged in.
[2018/1/4 - 13:34:15] Filip Schneider has logged in.
[2018/1/4 - 13:35:06] OG Ilias Whey Dreezy has lost connection.
[2018/1/4 - 13:35:36] Double OG Filip Schneider (130570) (rank 7) has given Mark Swisher (1000441609) rank 6 (Shot Caller) in Ballas (31).
[2018/1/4 - 13:39:05] Ilias Whey Dreezy has logged in.
[2018/1/4 - 13:42:38] Riad Schneider has logged out.
[2018/1/4 - 13:42:40] Jeff Kingpin has logged out.
[2018/1/4 - 13:42:41] David Zhinola has logged out.
[2018/1/4 - 13:42:42] Ilias Whey Dreezy has logged out.
[2018/1/4 - 13:42:45] Diaa Dod has logged out.
[2018/1/4 - 13:48:02] David Zhinola has logged in.
[2018/1/4 - 13:48:12] Jeff Kingpin has logged in.
[2018/1/4 - 13:48:20] Riad Schneider has logged in.
[2018/1/4 - 13:48:30] Ilias Whey Dreezy has logged in.
[2018/1/4 - 13:49:00] Mark Swisher has logged in.
[2018/1/4 - 13:50:02] Shot Caller Mark Swisher has lost connection.
[2018/1/4 - 13:50:19] Benjo Fisher has logged in.
[2018/1/4 - 13:51:38] Mark Swisher has logged in.
[2018/1/4 - 13:52:33] Pedro Lee has logged in.
[2018/1/4 - 13:52:55] Mark Swisher has logged in.
[2018/1/4 - 13:53:13] Shot Caller Mark Swisher has lost connection.
[2018/1/4 - 13:54:35] Mark Swisher has logged in.
[2018/1/4 - 13:57:16] Riad Schneider has logged out.
[2018/1/4 - 13:57:52] Riad Schneider has logged in.
[2018/1/4 - 14:02:19] Filip Schneider has logged in.
[2018/1/4 - 14:05:06] Double OG Filip Schneider (130570) (rank 7) has given David Zhinola (1000499974) rank 5 (OG) in Ballas (31).
[2018/1/4 - 14:10:23] Diaa Dod has logged in.
[2018/1/4 - 14:18:53] Filip Schneider has withdrawn $67,899 from the safe.
[2018/1/4 - 14:19:25] OG Benjo Fisher has lost connection.
[2018/1/4 - 14:20:22] David Zhinola has logged out.
[2018/1/4 - 14:23:24] Riad Schneider has logged out.
[2018/1/4 - 14:24:11] Riad Schneider has logged in.
[2018/1/4 - 14:57:46] Mateo Ryder has logged in.
[2018/1/4 - 15:02:53] Diaa Dod has logged in.
[2018/1/4 - 15:03:44] Pedro Lee (1000625749) has quit the Ballas as a rank 0
[2018/1/4 - 15:08:40] Alek Whey Schneider has logged in.
[2018/1/4 - 15:09:04] Alek Whey Schneider has logged out.
[2018/1/4 - 15:09:19] Riad Schneider has logged out.
[2018/1/4 - 15:10:37] Filip Schneider has logged out.
[2018/1/4 - 15:10:55] Ilias Whey Dreezy has logged out.
[2018/1/4 - 15:11:07] Jeff Kingpin has logged out.
[2018/1/4 - 15:14:31] Alek Whey Schneider has logged in.
[2018/1/4 - 15:15:03] Lampy Hardy Mcfellow has logged in.
[2018/1/4 - 15:18:05] Lampy Hardy Mcfellow has logged out.
[2018/1/4 - 15:22:47] Lampy Hardy Mcfellow has logged in.
[2018/1/4 - 15:23:40] Lampy Hardy Mcfellow has withdrawn $7,000 from the safe.
[2018/1/4 - 15:31:06] Riad Schneider has logged in.
[2018/1/4 - 15:37:54] Lampy Hardy Mcfellow has logged out.
[2018/1/4 - 15:39:40] Balla Diaa Dod has lost connection.
[2018/1/4 - 15:40:48] Shot Caller Riad Schneider has lost connection.
[2018/1/4 - 15:41:09] Riad Schneider has logged in.
[2018/1/4 - 15:44:09] Diaa Dod has logged in.
[2018/1/4 - 15:44:35] Jeff Kingpin has logged in.
[2018/1/4 - 15:50:28] Alek Whey Schneider has withdrawn 20 grams of Meth from the safe.
[2018/1/4 - 15:56:41] Lampy Hardy Mcfellow has logged in.
[2018/1/4 - 15:57:18] Alek Whey Schneider has withdrawn 100 grams of Pot from the safe.
[2018/1/4 - 16:03:57] Benjo Fisher has logged in.
[2018/1/4 - 16:05:20] Lampy Hardy Mcfellow has withdrawn 20 grams of Ecstasy from the safe.
[2018/1/4 - 16:06:04] Lampy Hardy Mcfellow has withdrawn 60 grams of Crack from the safe.
[2018/1/4 - 16:13:10] Mark Swisher has logged in.
[2018/1/4 - 16:14:49] Shot Caller Mateo Ryder has lost connection.
[2018/1/4 - 16:15:54] Nick T. Jones has logged in.
[2018/1/4 - 16:19:27] Mateo Ryder has logged in.
[2018/1/4 - 16:19:50] Nick T. Jones has logged out.
[2018/1/4 - 16:24:49] Alek Whey Schneider has logged out.
[2018/1/4 - 16:25:30] Troy K Gold (1000625621) accepted OG Benjo Fisher's (1000501508) invite to join Ballas (31).
[2018/1/4 - 16:25:40] John D. Summer has logged in.
[2018/1/4 - 16:27:12] Lampy Hardy Mcfellow has logged out.
[2018/1/4 - 16:28:17] Hamid Thorns (1000625655) accepted OG Benjo Fisher's (1000501508) invite to join Ballas (31).
[2018/1/4 - 16:29:25] Riad Schneider has logged out.
[2018/1/4 - 16:30:01] Riad Schneider has logged in.
[2018/1/4 - 16:30:50] Geffery Diz has logged in.
[2018/1/4 - 16:31:48] John D. Summer has logged out.
[2018/1/4 - 16:33:21] Troy K Gold (1000625621) has quit the Ballas as a rank 0
[2018/1/4 - 16:35:28] Ilias Whey Dreezy has logged in.
[2018/1/4 - 16:35:58] Jeff Kingpin has logged out.
[2018/1/4 - 16:40:21] Ryan T Jackson (900152) accepted Double OG Geffery Diz's (1000624859) invite to join Ballas (31).
[2018/1/4 - 16:40:23] Double OG Geffery Diz (1000624859) (rank 7) has given Ryan T Jackson (900152) rank 5 (OG) in Ballas (31).
[2018/1/4 - 16:40:58] Double OG Geffery Diz (1000624859) (rank 7) has given Ryan T Jackson (900152) rank 6 (Shot Caller) in Ballas (31).
[2018/1/4 - 16:43:35] Riad Schneider has logged out.
[2018/1/4 - 16:48:02] Geffery Diz has logged in.
[2018/1/4 - 16:52:04] Ilias Whey Dreezy has logged out.
[2018/1/4 - 16:52:35] Ryan T Jackson has logged out.
[2018/1/4 - 16:53:47] Benjo Fisher has logged out.
[2018/1/4 - 17:01:44] Balla Diaa Dod has lost connection.
[2018/1/4 - 17:05:09] Diaa Dod has logged in.
[2018/1/4 - 17:09:32] Joh Schneider has logged in.
[2018/1/4 - 17:11:55] Benjo Fisher has logged in.
[2018/1/4 - 17:14:51] Nick T. Jones has logged in.
[2018/1/4 - 17:16:28] Joh Schneider has logged out.
[2018/1/4 - 17:17:57] John D. Summer has logged in.
[2018/1/4 - 17:18:08] Filip Schneider has logged in.
[2018/1/4 - 17:19:43] Sung Saito (1000624816) accepted OG Benjo Fisher's (1000501508) invite to join Ballas (31).
[2018/1/4 - 17:19:46] Filip Schneider has withdrawn $16,600 from the safe.
[2018/1/4 - 17:20:23] OG Benjo Fisher (1000501508) (rank 5) has given Sung Saito (1000624816) rank 4 (Hustlah) in Ballas (31).
[2018/1/4 - 17:29:21] Balla Diaa Dod has lost connection.
[2018/1/4 - 17:33:02] Diaa Dod has logged in.
[2018/1/4 - 17:39:00] John D. Summer has logged out.
[2018/1/4 - 17:42:54] Joh Schneider has logged in.
[2018/1/4 - 17:44:19] Double OG Filip Schneider has lost connection.
[2018/1/4 - 17:44:54] Filip Schneider has logged in.
[2018/1/4 - 17:46:23] John D. Summer has logged in.
[2018/1/4 - 17:47:56] Hamid Thorns has logged out.
[2018/1/4 - 17:48:08] Ayoub Mocro has logged in.
[2018/1/4 - 17:48:16] Double OG Filip Schneider (130570) (rank 7) has given Ayoub Mocro (849051) rank 5 (OG) in Ballas (31).
[2018/1/4 - 17:48:36] Lucas Schneider has logged in.
[2018/1/4 - 17:51:46] OG Benjo Fisher has lost connection.
[2018/1/4 - 17:54:11] Benjo Fisher has logged in.
[2018/1/4 - 17:54:37] Shot Caller Mateo Ryder has lost connection.
[2018/1/4 - 17:55:04] Mateo Ryder has logged in.
[2018/1/4 - 17:55:16] John D. Summer has logged out.
[2018/1/4 - 17:55:38] Balla Diaa Dod has lost connection.
[2018/1/4 - 18:02:56] John D. Summer has logged in.
[2018/1/4 - 18:06:57] John D. Summer has logged out.
[2018/1/4 - 18:07:26] Nick T. Jones has logged out.
[2018/1/4 - 18:08:22] Lucas Schneider has logged out.
[2018/1/4 - 18:11:15] Filip Schneider has logged out.
[2018/1/4 - 18:11:19] OG Benjo Fisher has lost connection.
[2018/1/4 - 18:11:50] Benjo Fisher has logged in.
[2018/1/4 - 18:14:27] Ayoub Mocro has logged out.
[2018/1/4 - 18:18:28] Ilias Whey Dreezy has logged in.
[2018/1/4 - 18:19:12] Mateo Ryder has logged out.
[2018/1/4 - 18:19:46] OG Ilias Whey Dreezy has lost connection.
[2018/1/4 - 18:20:08] Mark Swisher has logged out.
[2018/1/4 - 18:20:31] Ilias Whey Dreezy has logged in.
[2018/1/4 - 18:22:03] Mark Swisher has logged in.
[2018/1/4 - 18:23:05] Diaa Dod has logged in.
[2018/1/4 - 18:23:30] Ilias Whey Dreezy has logged out.
[2018/1/4 - 18:29:08] Geffery Diz has logged in.
[2018/1/4 - 18:34:52] Dario Flowers (1000082407) accepted Double OG Geffery Diz's (1000624859) invite to join Ballas (31).
[2018/1/4 - 18:34:52] Double OG Geffery Diz (1000624859) (rank 7) has given Dario Flowers (1000082407) rank 5 (OG) in Ballas (31).
[2018/1/4 - 18:37:10] Filip Schneider has logged in.
[2018/1/4 - 18:37:50] Steve Faulkner has logged in.
[2018/1/4 - 18:38:41] Filip Schneider has withdrawn $11,000 from the safe.
[2018/1/4 - 18:38:49] Filip Schneider has withdrawn 20 grams of Meth from the safe.
[2018/1/4 - 18:38:53] Filip Schneider has withdrawn 20 grams of Ecstasy from the safe.
[2018/1/4 - 18:38:59] Filip Schneider has withdrawn 40 grams of Crack from the safe.
[2018/1/4 - 18:39:03] Filip Schneider has withdrawn 80 grams of Pot from the safe.
[2018/1/4 - 18:41:10] Sung Saito has logged out.
[2018/1/4 - 18:43:06] Geffery Diz has logged out.
[2018/1/4 - 18:43:13] Filip Schneider has logged out.
[2018/1/4 - 18:43:54] Baby Balla Steve Faulkner has lost connection.
[2018/1/4 - 18:44:22] Steve Faulkner has logged in.
[2018/1/4 - 18:53:49] Diaa Dod has logged out.
[2018/1/4 - 18:56:22] OG Benjo Fisher (1000501508) (rank 5) has given Steve Faulkner (1000624970) rank 4 (Hustlah) in Ballas (31).
[2018/1/4 - 18:56:45] Lampy Hardy Mcfellow has logged in.
[2018/1/4 - 18:59:02] Dario Flowers has logged out.
[2018/1/4 - 18:59:46] Roger Schneider has logged in.
[2018/1/4 - 19:02:14] Dario Flowers has logged in.
[2018/1/4 - 19:03:21] Steve Faulkner has logged out.
[2018/1/4 - 19:09:38] Double OG Lampy Hardy Mcfellow has lost connection.
[2018/1/4 - 19:09:51] Roger Schneider has logged out.
[2018/1/4 - 19:22:47] Jeremy Fisher (1000625321) accepted OG Benjo Fisher's (1000501508) invite to join Ballas (31).
[2018/1/4 - 19:23:09] Louari Labas (1000625815) accepted OG Benjo Fisher's (1000501508) invite to join Ballas (31).
[2018/1/4 - 19:23:20] OG Benjo Fisher (1000501508) (rank 5) has given Jeremy Fisher (1000625321) rank 4 (Hustlah) in Ballas (31).
[2018/1/4 - 19:23:34] OG Benjo Fisher (1000501508) (rank 5) has given Louari Labas (1000625815) rank 4 (Hustlah) in Ballas (31).
[2018/1/4 - 19:23:40] Alan Schneider has logged in.
[2018/1/4 - 19:26:27] Dario Flowers has logged in.
[2018/1/4 - 19:27:38] Alan Schneider has logged out.
[2018/1/4 - 19:28:39] Joh Schneider has logged in.
[2018/1/4 - 19:29:33] Hustlah Jeremy Fisher has lost connection.
[2018/1/4 - 19:31:17] Louari Labas (1000625815) has quit the Ballas as a rank 4
[2018/1/4 - 19:31:52] Diaa Dod has logged in.
[2018/1/4 - 19:31:57] Balla Diaa Dod has lost connection.
[2018/1/4 - 19:33:20] Diaa Dod has logged in.
[2018/1/4 - 19:35:26] Diaa Dod has logged out.
[2018/1/4 - 19:37:00] Diaa Dod has logged in.
[2018/1/4 - 19:39:56] Diaa Dod has logged out.
[2018/1/4 - 19:43:09] Dario Flowers has logged in.
[2018/1/4 - 19:44:27] Diaa Dod has logged in.
[2018/1/4 - 19:48:01] Aidan Freeman has logged in.
[2018/1/4 - 19:49:31] Aidan Freeman has logged out.
[2018/1/4 - 20:01:20] Dario Flowers has logged in.
[2018/1/4 - 20:03:06] Shot Caller Joh Schneider has lost connection.
[2018/1/4 - 20:19:57] Balla Diaa Dod has lost connection.
[2018/1/4 - 20:22:55] Dario Flowers has logged in.
[2018/1/4 - 20:30:03] Diaa Dod has logged in.
[2018/1/4 - 20:35:27] Aidan Freeman has logged in.
[2018/1/4 - 20:38:42] Aidan Freeman (1000624997) has quit the Ballas as a rank 0
[2018/1/4 - 20:47:43] Dario Flowers has logged in.
[2018/1/4 - 20:50:00] Jeff Kingpin has logged in.
[2018/1/4 - 20:50:27] Shot Caller Jeff Kingpin has lost connection.
[2018/1/4 - 20:50:45] Diaa Dod has logged out.
[2018/1/4 - 20:51:26] Jeff Kingpin has logged in.
[2018/1/4 - 20:51:44] Shot Caller Jeff Kingpin has lost connection.
[2018/1/4 - 20:52:13] Jeff Kingpin has logged in.
[2018/1/4 - 20:52:29] Benjo Fisher has logged in.
[2018/1/4 - 20:56:04] Dario Flowers has logged in.
[2018/1/4 - 21:00:54] Kaya Dios Hunt (872940) accepted OG Benjo Fisher's (1000501508) invite to join Ballas (31).
[2018/1/4 - 21:01:57] Shot Caller Jeff Kingpin (1000294063) (rank 6) has given Kaya Dios Hunt (872940) rank 1 (Hangaround) in Ballas (31).
[2018/1/4 - 21:02:03] Shot Caller Jeff Kingpin (1000294063) (rank 6) has given Kaya Dios Hunt (872940) rank 2 (Baby Balla) in Ballas (31).
[2018/1/4 - 21:02:09] Shot Caller Jeff Kingpin (1000294063) (rank 6) has given Kaya Dios Hunt (872940) rank 3 (Balla) in Ballas (31).
[2018/1/4 - 21:02:12] Shot Caller Jeff Kingpin (1000294063) (rank 6) has given Kaya Dios Hunt (872940) rank 4 (Hustlah) in Ballas (31).
[2018/1/4 - 21:05:05] Benjo Fisher has logged out.
[2018/1/4 - 21:05:53] Benjo Fisher has logged in.
[2018/1/4 - 21:08:38] Joh Schneider has logged in.
[2018/1/4 - 21:12:08] Shot Caller Jeff Kingpin (1000294063) has set Mark Swisher's (1000441609) division to USSR in Ballas (31).
[2018/1/4 - 21:13:11] Diaa Dod has logged in.
[2018/1/4 - 21:13:35] Balla Diaa Dod has lost connection.
[2018/1/4 - 21:13:53] Eci Jones (1000624907) accepted OG Benjo Fisher's (1000501508) invite to join Ballas (31).
[2018/1/4 - 21:14:40] Diaa Dod has logged in.
[2018/1/4 - 21:17:55] Ben Star (1000625836) accepted OG Benjo Fisher's (1000501508) invite to join Ballas (31).
[2018/1/4 - 21:21:58] Kaya Dios Hunt has logged out.
[2018/1/4 - 21:30:03] Shot Caller Jeff Kingpin has lost connection.
[2018/1/4 - 21:30:25] Jeff Kingpin has logged in.
[2018/1/4 - 21:34:52] Satchel Mudan has logged in.
[2018/1/4 - 21:37:25] OG Benjo Fisher (1000501508) (rank 5) has uninvited Satchel Mudan (1000509974) (rank 4) from Ballas (31).
[2018/1/4 - 21:37:40] Satchel Mudan (1000509974) accepted OG Benjo Fisher's (1000501508) invite to join Ballas (31).
[2018/1/4 - 21:37:40] OG Benjo Fisher (1000501508) (rank 5) has given Satchel Mudan (1000509974) rank 4 (Hustlah) in Ballas (31).
[2018/1/4 - 21:42:41] Alan Schneider has logged in.
[2018/1/4 - 21:42:45] James Roxx has logged in.
[2018/1/4 - 21:50:06] Satchel Mudan has logged out.
[2018/1/4 - 21:54:50] Dario Flowers has logged in.
[2018/1/4 - 21:55:28] Dario Flowers has logged in.
[2018/1/4 - 21:56:17] Dario Flowers has logged in.
[2018/1/4 - 22:00:17] Kaya Dios Hunt has logged in.
[2018/1/4 - 22:01:41] Shot Caller Jeff Kingpin has lost connection.
[2018/1/4 - 22:02:10] Jeff Kingpin has logged in.
[2018/1/4 - 22:03:20] Jeff Kingpin has logged out.
[2018/1/4 - 22:20:41] Hangaround James Roxx has lost connection.
[2018/1/4 - 22:22:20] Mateo Ryder has logged in.
[2018/1/4 - 22:22:21] James Roxx has logged in.
[2018/1/4 - 22:23:39] Shot Caller Mark Swisher has lost connection.
[2018/1/4 - 22:24:19] Alan Schneider has logged out.
[2018/1/4 - 22:27:31] Mark Swisher has logged in.
[2018/1/4 - 22:28:34] Hangaround James Roxx has lost connection.
[2018/1/4 - 22:30:16] Hustlah Kaya Dios Hunt has lost connection.
[2018/1/4 - 22:33:02] Kaya Dios Hunt has logged in.
[2018/1/4 - 22:35:58] Shot Caller Joh Schneider has lost connection.
[2018/1/4 - 22:36:27] Joh Schneider has logged in.
[2018/1/4 - 22:42:07] Balla Diaa Dod has lost connection.
[2018/1/4 - 22:46:22] Geffery Diz has logged in.
[2018/1/4 - 22:56:48] Kaya Dios Hunt has logged out.
[2018/1/4 - 22:57:25] Shot Caller Mateo Ryder has lost connection.
[2018/1/4 - 22:57:30] Kaya Dios Hunt has logged in.
[2018/1/4 - 22:57:34] Alek Whey Schneider has logged in.
[2018/1/4 - 22:58:32] Mateo Ryder has logged in.
[2018/1/4 - 23:01:04] Geffery Diz has logged out.
[2018/1/4 - 23:01:13] Alek Whey Schneider has withdrawn 30 grams of Ecstasy from the safe.
[2018/1/4 - 23:01:17] Alek Whey Schneider has withdrawn 40 grams of Meth from the safe.
[2018/1/4 - 23:01:23] Alek Whey Schneider has withdrawn 25 grams of Heroin from the safe.
[2018/1/4 - 23:01:29] Alek Whey Schneider has withdrawn 50 grams of Crack from the safe.
[2018/1/4 - 23:02:47] Ben Star has logged out.
[2018/1/4 - 23:07:54] Diaa Dod has logged in.
[2018/1/4 - 23:09:06] Alan Schneider has logged in.
[2018/1/4 - 23:10:22] Benjo Fisher has logged out.
[2018/1/4 - 23:14:38] Nick T. Jones has logged in.
[2018/1/4 - 23:16:04] Steve Faulkner has logged in.
[2018/1/4 - 23:19:14] Benjo Fisher has logged in.
[2018/1/4 - 23:20:28] Steve Faulkner has logged out.
[2018/1/4 - 23:20:48] Nick T. Jones has logged out.
[2018/1/4 - 23:21:16] Steve Faulkner has logged in.
[2018/1/4 - 23:27:32] Suki Kingston (1000030360) accepted OG Benjo Fisher's (1000501508) invite to join Ballas (31).
[2018/1/4 - 23:27:47] OG Benjo Fisher (1000501508) (rank 5) has given Suki Kingston (1000030360) rank 4 (Hustlah) in Ballas (31).
[2018/1/4 - 23:37:10] Taz Bronx (1000176066) accepted Double OG Alek Whey Schneider's (1000578398) invite to join Ballas (31).
[2018/1/4 - 23:37:28] Double OG Alek Whey Schneider (1000578398) (rank 7) has given Taz Bronx (1000176066) rank 5 (OG) in Ballas (31).
[2018/1/4 - 23:43:09] Balla Diaa Dod has lost connection.
[2018/1/4 - 23:45:59] Diaa Dod has logged in.
[2018/1/4 - 23:49:08] Mark Swisher has logged out.
[2018/1/4 - 23:49:20] Steve Faulkner has logged out.
[2018/1/4 - 23:52:11] Alan Schneider has logged out.
[2018/1/4 - 23:53:53] Mark Swisher has logged in.
[2018/1/4 - 23:55:40] Nick T. Jones has logged in.
[2018/1/4 - 23:56:18] Mark Swisher has logged out.
