[2018/1/19 - 0:00:12] Santeno Thorne (1000627059) has quit the Ballas as a rank 2
[2018/1/19 - 0:33:44] Tracy Venturas has logged out.
[2018/1/19 - 0:37:04] Shot Caller Simon Payne has lost connection.
[2018/1/19 - 1:04:06] Shot Caller Alan Schneider has lost connection.
[2018/1/19 - 1:06:45] Aleksa Whey Popovic has logged out.
[2018/1/19 - 1:10:39] Ryan Harm has logged out.
[2018/1/19 - 1:18:21] Diaa Dod has deposited 500 materials into the safe.
[2018/1/19 - 1:43:12] Stephenson Jhonson has logged out.
[2018/1/19 - 2:08:37] Joh Schneider has withdrawn 100 grams of Crack from the safe.
[2018/1/19 - 2:08:43] Joh Schneider has withdrawn 200 grams of Pot from the safe.
[2018/1/19 - 2:08:51] Joh Schneider has withdrawn 30000 materials from the safe.
[2018/1/19 - 2:10:29] Lucas Schneider has withdrawn a SPAS-12 from the weapon locker (Cost: 30)
[2018/1/19 - 2:12:51] Alan Schneider has withdrawn a Desert Eagle from the weapon locker (Cost: 5)
[2018/1/19 - 2:14:10] Shot Caller Alan Schneider has lost connection.
[2018/1/19 - 2:23:11] Stephenson Jhonson has logged out.
[2018/1/19 - 2:29:37] Lucas Schneider has logged out.
[2018/1/19 - 3:18:02] Lucas Schneider has logged out.
[2018/1/19 - 3:22:33] Alan Schneider has logged out.
[2018/1/19 - 3:42:28] Diaa Dod has logged out.
[2018/1/19 - 4:07:40] Alan Schneider has logged out.
[2018/1/19 - 5:37:36] Joh Schneider has withdrawn 20 grams of Ecstasy from the safe.
[2018/1/19 - 5:37:41] Joh Schneider has withdrawn 20 grams of Meth from the safe.
[2018/1/19 - 5:37:50] Joh Schneider has withdrawn 100 grams of Crack from the safe.
[2018/1/19 - 5:38:02] Joh Schneider has withdrawn 100 grams of Pot from the safe.
[2018/1/19 - 5:51:43] Joh Schneider has logged out.
[2018/1/19 - 6:56:29] Steve Dack has logged out.
[2018/1/19 - 9:34:50] Simon Payne has logged out.
[2018/1/19 - 9:51:35] Nicolas Jefferson has logged out.
[2018/1/19 - 10:22:24] Aleksa Whey Popovic has logged out.
[2018/1/19 - 10:31:29] Busta Nino Rajan has lost connection.
[2018/1/19 - 10:36:42] Hustlah Neyo Stokes has lost connection.
[2018/1/19 - 10:48:11] Levi Vuk Schnetzer has logged out.
[2018/1/19 - 11:51:16] Busta Levi Vuk Schnetzer has lost connection.
[2018/1/19 - 13:02:29] Shot Caller Diaa Dod has lost connection.
[2018/1/19 - 13:24:27] Tracy Venturas (1000335825) has quit the Ballas as a rank 3
[2018/1/19 - 13:39:40] Aleksa Whey Popovic has logged out.
[2018/1/19 - 13:55:03] Shot Caller Diaa Dod has lost connection.
[2018/1/19 - 14:16:32] Shot Caller Diaa Dod has lost connection.
[2018/1/19 - 14:57:40] Nicolas Jefferson has logged out.
[2018/1/19 - 15:00:15] Shot Caller Diaa Dod has lost connection.
[2018/1/19 - 15:13:59] Lucas Jackson (1000626378) accepted Shot Caller Simon Payne's (1000221808) invite to join Ballas (31).
[2018/1/19 - 15:16:29] Busta Lucas Jackson has lost connection.
[2018/1/19 - 15:16:45] Shot Caller Diaa Dod has lost connection.
[2018/1/19 - 15:19:44] Shot Caller Diaa Dod has lost connection.
[2018/1/19 - 15:36:56] Aleksa Whey Popovic has withdrawn $200,000 from the safe.
[2018/1/19 - 15:37:29] Shot Caller Diaa Dod has lost connection.
[2018/1/19 - 15:41:07] Shot Caller Simon Payne (1000221808) (rank 6) has given Lucas Jackson (1000626378) rank 1 (Hangaround) in Ballas (31).
[2018/1/19 - 15:44:43] Finn Schneider has logged out.
[2018/1/19 - 15:52:40] Leonardo Bonanno has logged out.
[2018/1/19 - 16:14:34] Diaa Dod has logged out.
[2018/1/19 - 16:17:56] Double OG Aleksa Whey Popovic has lost connection.
[2018/1/19 - 16:26:16] Double OG Aleksa Whey Popovic (1000578398) (rank 7) has given Jeff Kingpin (1000294063) rank 7 (Double OG) in Ballas (31).
[2018/1/19 - 16:40:28] Stephenson Jhonson (1000626343) has quit the Ballas as a rank 5
[2018/1/19 - 16:48:30] Hangaround Lucas Jackson has lost connection.
[2018/1/19 - 16:50:55] Mark Schneider (1000624932) accepted Double OG Aleksa Whey Popovic's (1000578398) invite to join Ballas (31).
[2018/1/19 - 16:54:55] Jeff Kingpin has logged out.
[2018/1/19 - 16:58:36] Simon Payne has logged out.
[2018/1/19 - 17:09:51] Aleksa Whey Popovic has logged out.
[2018/1/19 - 17:18:20] Mark Schneider has logged out.
[2018/1/19 - 17:26:12] Jason De La Cesar (1000592307) accepted Shot Caller Sonny Smith's (896174) invite to join Ballas (31).
[2018/1/19 - 17:26:13] Shot Caller Sonny Smith (896174) (rank 6) has given Jason De La Cesar (1000592307) rank 4 (Hustlah) in Ballas (31).
[2018/1/19 - 17:26:18] Shot Caller Sonny Smith (896174) has set Jason De La Cesar's (1000592307) division to Old School in Ballas (31).
[2018/1/19 - 17:26:22] Sonny Smith has logged out.
[2018/1/19 - 17:26:35] Nicolas Jefferson has logged out.
[2018/1/19 - 17:33:52] Shot Caller Sonny Smith (896174) (rank 6) has given Jason De La Cesar (1000592307) rank 5 (OG) in Ballas (31).
[2018/1/19 - 17:34:20] Shot Caller Sonny Smith (896174) (rank 6) has given Toleran Stlung (1000013615) rank 2 (Baby Balla) in Ballas (31).
[2018/1/19 - 17:40:53] Shot Caller Sonny Smith (896174) (rank 6) has given Toleran Stlung (1000013615) rank 4 (Hustlah) in Ballas (31).
[2018/1/19 - 17:40:58] Shot Caller Sonny Smith (896174) (rank 6) has given Jason De La Cesar (1000592307) rank 4 (Hustlah) in Ballas (31).
[2018/1/19 - 17:40:59] Sonny Smith has logged out.
[2018/1/19 - 17:57:07] Jason De La Cesar has logged out.
[2018/1/19 - 17:58:13] Hustlah Ryan Harm has lost connection.
[2018/1/19 - 17:58:30] Hangaround Lucas Jackson has lost connection.
[2018/1/19 - 17:59:37] Toleran Stlung has logged out.
[2018/1/19 - 18:04:39] Hustlah Ryan Harm has lost connection.
[2018/1/19 - 18:05:26] Jordan T Maddox has withdrawn 100 grams of Ecstasy from the safe.
[2018/1/19 - 18:05:32] Jordan T Maddox has withdrawn 65 grams of Heroin from the safe.
[2018/1/19 - 18:05:54] Jordan T Maddox has withdrawn $400,000 from the safe.
[2018/1/19 - 18:07:09] Jordan T Maddox has logged out.
[2018/1/19 - 18:11:41] Shot Caller Simon Payne (1000221808) (rank 6) has given Mark Schneider (1000624932) rank 1 (Hangaround) in Ballas (31).
[2018/1/19 - 18:17:07] Toleran Stlung has logged out.
[2018/1/19 - 18:17:13] Jason De La Cesar has logged out.
[2018/1/19 - 18:18:02] Finn Schneider has logged out.
[2018/1/19 - 18:58:04] Mark Schneider (1000624932) has quit the Ballas as a rank 1
[2018/1/19 - 19:21:41] Simon Payne has logged out.
[2018/1/19 - 19:41:55] Alan Schneider has logged out.
[2018/1/19 - 19:45:44] Aguilar De Nerha (1000189666) accepted Shot Caller Simon Payne's (1000221808) invite to join Ballas (31).
[2018/1/19 - 19:46:18] Shot Caller Simon Payne (1000221808) has set Aguilar De Nerha's (1000189666) division to Foxhound PMC in Ballas (31).
[2018/1/19 - 19:46:45] Aguilar De Nerha has logged out.
[2018/1/19 - 19:47:53] Chris Hemsworth (1000565698) accepted Shot Caller Simon Payne's (1000221808) invite to join Ballas (31).
[2018/1/19 - 19:47:59] Shot Caller Simon Payne (1000221808) has set Chris Hemsworth's (1000565698) division to Foxhound PMC in Ballas (31).
[2018/1/19 - 19:51:23] Shot Caller Simon Payne (1000221808) (rank 6) has given Chris Hemsworth (1000565698) rank 2 (Baby Balla) in Ballas (31).
[2018/1/19 - 20:07:19] Steve Dack has logged out.
[2018/1/19 - 20:08:23] Aleksa Whey Popovic has withdrawn 100 grams of Meth from the safe.
[2018/1/19 - 20:08:27] Aleksa Whey Popovic has withdrawn 140 grams of Crack from the safe.
[2018/1/19 - 20:22:25] Aleksa Whey Popovic has logged out.
[2018/1/19 - 20:33:20] Lampy Hardy Mcfellow has withdrawn 30000 materials from the safe.
[2018/1/19 - 20:34:49] Baby Balla Steve Dack has lost connection.
[2018/1/19 - 20:35:45] Lampy Hardy Mcfellow has logged out.
[2018/1/19 - 20:47:19] Chris Hemsworth has logged out.
[2018/1/19 - 20:56:53] Simon Payne (1000221808) has renamed the g division (#10) to Shithead
[2018/1/19 - 20:56:57] Shot Caller Simon Payne (1000221808) has set Lucas Jackson's (1000626378) division to Shithead in Ballas (31).
[2018/1/19 - 21:06:20] Joe Chicano (34257) accepted Shot Caller Sonny Smith's (896174) invite to join Ballas (31).
[2018/1/19 - 21:06:28] Shot Caller Sonny Smith (896174) (rank 6) has given Joe Chicano (34257) rank 6 (Shot Caller) in Ballas (31).
[2018/1/19 - 21:06:35] Shot Caller Sonny Smith (896174) has set Joe Chicano's (34257) division to Old School in Ballas (31).
[2018/1/19 - 21:06:45] Joe Chicano (34257) has quit the Ballas as a rank 6
[2018/1/19 - 21:06:52] Joe Chicano (34257) accepted Shot Caller Sonny Smith's (896174) invite to join Ballas (31).
[2018/1/19 - 21:06:52] Shot Caller Sonny Smith (896174) (rank 6) has given Joe Chicano (34257) rank 5 (OG) in Ballas (31).
[2018/1/19 - 21:07:16] Aguilar De Nerha has logged out.
[2018/1/19 - 21:07:17] Shot Caller Sonny Smith (896174) has set Joe Chicano's (34257) division to Old School in Ballas (31).
[2018/1/19 - 21:09:29] Shot Caller Sonny Smith (896174) (rank 6) has given Joe Chicano (34257) rank 6 (Shot Caller) in Ballas (31).
[2018/1/19 - 21:28:19] Simon Payne has logged out.
[2018/1/19 - 21:35:51] Simon Payne has logged out.
[2018/1/19 - 21:51:12] Chris Hemsworth has logged out.
[2018/1/19 - 21:54:37] Diaa Dod has deposited 63 grams of Pot into the safe.
[2018/1/19 - 22:04:36] Emmet Thorne (156983) accepted Shot Caller Sonny Smith's (896174) invite to join Ballas (31).
[2018/1/19 - 22:04:49] Shot Caller Sonny Smith (896174) has set Emmet Thorne's (156983) division to USSR in Ballas (31).
[2018/1/19 - 22:05:02] Shot Caller Sonny Smith (896174) (rank 6) has given Emmet Thorne (156983) rank 4 (Hustlah) in Ballas (31).
[2018/1/19 - 22:08:50] Shot Caller Sonny Smith (896174) (rank 6) has given Emmet Thorne (156983) rank 5 (OG) in Ballas (31).
[2018/1/19 - 22:10:17] Chris Hemsworth has logged out.
[2018/1/19 - 22:12:18] Shot Caller Simon Payne (1000221808) (rank 6) has given Emmet Thorne (156983) rank 4 (Hustlah) in Ballas (31).
[2018/1/19 - 22:13:23] Shot Caller Sonny Smith (896174) (rank 6) has uninvited Emmet Thorne (156983) (rank 4) from Ballas (31).
[2018/1/19 - 22:13:29] Shot Caller Sonny Smith (896174) (rank 6) has uninvited Lucas Jackson (1000626378) (rank 1) from Ballas (31).
[2018/1/19 - 22:14:17] Lucas Jackson (1000626378) accepted Shot Caller Simon Payne's (1000221808) invite to join Ballas (31).
[2018/1/19 - 22:14:31] Shot Caller Sonny Smith (896174) (rank 6) has uninvited Lucas Jackson (1000626378) (rank 0) from Ballas (31).
[2018/1/19 - 22:14:56] Emmet Thorne (156983) accepted Shot Caller Sonny Smith's (896174) invite to join Ballas (31).
[2018/1/19 - 22:14:59] Shot Caller Sonny Smith (896174) (rank 6) has given Emmet Thorne (156983) rank 4 (Hustlah) in Ballas (31).
[2018/1/19 - 22:15:04] Shot Caller Sonny Smith (896174) has set Emmet Thorne's (156983) division to USSR in Ballas (31).
[2018/1/19 - 22:17:51] Lucas Jackson (1000626378) accepted Shot Caller Simon Payne's (1000221808) invite to join Ballas (31).
[2018/1/19 - 22:18:12] Shot Caller Sonny Smith (896174) (rank 6) has uninvited Lucas Jackson (1000626378) (rank 0) from Ballas (31).
[2018/1/19 - 22:19:43] Shot Caller Simon Payne has lost connection.
[2018/1/19 - 22:20:10] Joe Chicano has logged out.
[2018/1/19 - 22:20:12] Sonny Smith has logged out.
[2018/1/19 - 22:22:10] Lucas Jackson (1000626378) accepted Shot Caller Simon Payne's (1000221808) invite to join Ballas (31).
[2018/1/19 - 22:23:36] Chris Hemsworth has logged out.
[2018/1/19 - 22:25:06] Lucas Jackson has logged out.
[2018/1/19 - 22:27:39] Billy Chicano (1000624903) accepted Shot Caller Sonny Smith's (896174) invite to join Ballas (31).
[2018/1/19 - 22:27:40] Shot Caller Sonny Smith (896174) (rank 6) has given Billy Chicano (1000624903) rank 4 (Hustlah) in Ballas (31).
[2018/1/19 - 22:27:46] Shot Caller Sonny Smith (896174) has set Billy Chicano's (1000624903) division to Old School in Ballas (31).
[2018/1/19 - 22:36:11] Shot Caller Sonny Smith (896174) (rank 6) has uninvited Lucas Jackson (1000626378) (rank 0) from Ballas (31).
[2018/1/19 - 22:41:50] Joh Schneider has withdrawn 100 grams of Crack from the safe.
[2018/1/19 - 22:43:51] Erick Forseman (1000627588) accepted Shot Caller Sonny Smith's (896174) invite to join Ballas (31).
[2018/1/19 - 22:43:58] Lucas Jackson (1000626378) accepted Shot Caller Simon Payne's (1000221808) invite to join Ballas (31).
[2018/1/19 - 22:45:08] Shot Caller Sonny Smith (896174) (rank 6) has given Erick Forseman (1000627588) rank 3 (Balla) in Ballas (31).
[2018/1/19 - 22:45:22] Shot Caller Sonny Smith (896174) (rank 6) has uninvited Lucas Jackson (1000626378) (rank 0) from Ballas (31).
[2018/1/19 - 22:45:35] Lucas Jackson (1000626378) accepted Shot Caller Simon Payne's (1000221808) invite to join Ballas (31).
[2018/1/19 - 22:45:49] Emmet Thorne has logged out.
[2018/1/19 - 22:50:52] Joe Chicano (34257) has quit the Ballas as a rank 6
[2018/1/19 - 22:50:55] Joe Chicano (34257) accepted Shot Caller Sonny Smith's (896174) invite to join Ballas (31).
[2018/1/19 - 22:50:57] Shot Caller Sonny Smith (896174) (rank 6) has given Joe Chicano (34257) rank 5 (OG) in Ballas (31).
[2018/1/19 - 22:55:48] Hustlah Emmet Thorne has lost connection.
[2018/1/19 - 22:58:46] Shot Caller Simon Payne (1000221808) (rank 6) has given Lucas Jackson (1000626378) rank 1 (Hangaround) in Ballas (31).
[2018/1/19 - 22:58:51] Shot Caller Simon Payne (1000221808) has set Lucas Jackson's (1000626378) division to Shithead in Ballas (31).
[2018/1/19 - 23:09:15] Dom Sneezy has logged out.
[2018/1/19 - 23:11:45] Double OG Joh Schneider has lost connection.
[2018/1/19 - 23:12:31] Shot Caller Sonny Smith has lost connection.
[2018/1/19 - 23:14:51] Emmet Thorne has logged out.
[2018/1/19 - 23:22:13] Busta Dom Sneezy has lost connection.
[2018/1/19 - 23:23:44] Marshell Mathers has logged out.
[2018/1/19 - 23:24:14] Shot Caller Simon Payne (1000221808) (rank 6) has uninvited Billy Chicano (1000624903) (rank 4) from Ballas (31).
[2018/1/19 - 23:24:17] Shot Caller Simon Payne (1000221808) (rank 6) has uninvited Joe Chicano (34257) (rank 5) from Ballas (31).
[2018/1/19 - 23:29:21] Shot Caller Simon Payne (1000221808) (rank 6) has uninvited Erick Forseman (1000627588) (rank 3) from Ballas (31).
[2018/1/19 - 23:31:01] Simon Payne has logged out.
[2018/1/19 - 23:32:47] Double OG Aleksa Whey Popovic (1000578398) (rank 7) has given Simon Payne (1000221808) rank 7 (Double OG) in Ballas (31).
[2018/1/19 - 23:32:53] Double OG Simon Payne (rank 8) has offline uninvited Sonny smith from Ballas (31).
[2018/1/19 - 23:33:02] Double OG Simon Payne (1000221808) (rank 7) has given Simon Payne (1000221808) rank 6 (Shot Caller) in Ballas (31).
[2018/1/19 - 23:36:23] Simon Payne has logged out.
[2018/1/19 - 23:48:26] Double OG Joh Schneider has lost connection.
[2018/1/19 - 23:48:33] Alan Schneider has logged out.
[2018/1/19 - 23:55:14] Lucy Dimvera (1000627408) accepted Double OG Aleksa Whey Popovic's (1000578398) invite to join Ballas (31).
[2018/1/19 - 23:57:19] Shot Caller Diaa Dod has lost connection.
[2018/1/19 - 23:58:32] Haris Jonez (310441) accepted Double OG Aleksa Whey Popovic's (1000578398) invite to join Ballas (31).
[2018/1/19 - 23:59:23] Double OG Aleksa Whey Popovic (1000578398) (rank 7) has given Haris Jonez (310441) rank 1 (Hangaround) in Ballas (31).
