[2018/1/2 - 0:30:05] James Roxx has logged out.
[2018/1/2 - 1:31:52] Lampy Hardy Mcfellow has logged in.
[2018/1/2 - 1:35:54] Lampy Hardy Mcfellow has logged out.
[2018/1/2 - 2:02:01] Steve Faulkner has logged in.
[2018/1/2 - 2:08:25] Steve Faulkner has logged out.
[2018/1/2 - 2:11:57] Steve Faulkner has logged in.
[2018/1/2 - 2:18:54] Steve Faulkner has logged out.
[2018/1/2 - 14:06:18] Kevin Kush (1000071051) has made Kevin Kush (1000071051) the leader of the Ballas.
[2018/1/2 - 14:16:39] James Roxx has logged in.
[2018/1/2 - 14:29:41] James Roxx has logged out.
[2018/1/2 - 14:36:45] Lampy Hardy Mcfellow has logged in.
[2018/1/2 - 14:45:20] Lampy Hardy Mcfellow has withdrawn $6,000 from the safe.
[2018/1/2 - 14:47:39] Lampy Hardy Mcfellow has logged out.
[2018/1/2 - 14:58:52] Kevin Kush (1000071051) has made Kevin Kush (1000071051) the leader of the Ballas.
[2018/1/2 - 15:56:31] Kevin Kush (1000071051) has made Filip Schneider (130570) the leader of the Ballas.
[2018/1/2 - 15:56:41] Kevin Kush (1000071051) has made Kevin Kush (1000071051) the leader of the Ballas.
[2018/1/2 - 15:57:10] Lampy Hardy Mcfellow has logged in.
[2018/1/2 - 15:58:07] Kevin Kush (1000071051) has made Lampy Hardy Mcfellow (158628) the leader of the Ballas.
[2018/1/2 - 15:59:48] Jeff Kingpin (1000294063) accepted Double OG Filip Schneider's (130570) invite to join Ballas (31).
[2018/1/2 - 15:59:55] Ilias Whey Dreezy (1000624937) accepted Double OG Filip Schneider's (130570) invite to join Ballas (31).
[2018/1/2 - 16:00:27] Double OG Filip Schneider (130570) (rank 7) has given Jeff Kingpin (1000294063) rank 5 (OG) in Ballas (31).
[2018/1/2 - 16:00:42] Double OG Filip Schneider (130570) (rank 7) has given Ilias Whey Dreezy (1000624937) rank 4 (Hustlah) in Ballas (31).
[2018/1/2 - 16:02:05] Alek Whey Schneider (1000578398) accepted Double OG Filip Schneider's (130570) invite to join Ballas (31).
[2018/1/2 - 16:02:11] Double OG Filip Schneider (130570) (rank 7) has given Alek Whey Schneider (1000578398) rank 6 (Shot Caller) in Ballas (31).
[2018/1/2 - 16:02:51] Lampy Hardy Mcfellow has logged out.
[2018/1/2 - 16:04:09] Kevin Kush (1000071051) has made Alek Whey Schneider (1000578398) the leader of the Ballas.
[2018/1/2 - 16:04:16] Kevin Kush (1000071051) has made Jeff Kingpin (1000294063) the leader of the Ballas.
[2018/1/2 - 16:04:26] Double OG Filip Schneider (130570) (rank 7) has given Jeff Kingpin (1000294063) rank 6 (Shot Caller) in Ballas (31).
[2018/1/2 - 16:04:30] Double OG Filip Schneider (130570) (rank 7) has given Alek Whey Schneider (1000578398) rank 6 (Shot Caller) in Ballas (31).
[2018/1/2 - 16:05:12] Filip Schneider has authorized Ilias Whey Dreezy to withdraw a Desert Eagle from the weapon locker (Cost: 10)
[2018/1/2 - 16:05:18] Filip Schneider has withdrawn a Desert Eagle from the weapon locker (Cost: 10)
[2018/1/2 - 16:05:34] Alek Whey Schneider has withdrawn a SPAS-12 from the weapon locker (Cost: 75)
[2018/1/2 - 16:05:47] Jeff Kingpin has withdrawn a SPAS-12 from the weapon locker (Cost: 75)
[2018/1/2 - 16:10:02] Jeff Kingpin (1000294063) has renamed the  division (#1) to USSR
[2018/1/2 - 16:10:14] Shot Caller Jeff Kingpin (1000294063) has set Jeff Kingpin's (1000294063) division to USSR in Ballas (31).
[2018/1/2 - 16:10:44] Alek Whey Schneider (1000578398) has renamed the USSR division (#1) to WheyBros
[2018/1/2 - 16:10:51] Jeff Kingpin (1000294063) has renamed the WheyBros division (#1) to USSR
[2018/1/2 - 16:11:47] Mateo Ryder (1000095858) accepted Double OG Filip Schneider's (130570) invite to join Ballas (31).
[2018/1/2 - 16:11:59] Double OG Filip Schneider (130570) (rank 7) has given Mateo Ryder (1000095858) rank 6 (Shot Caller) in Ballas (31).
[2018/1/2 - 16:12:01] Kevin Kush (1000071051) has made Kevin Kush (1000071051) the leader of the Ballas.
[2018/1/2 - 16:12:19] Shot Caller Jeff Kingpin (1000294063) has set Kevin Kush's (1000071051) division to USSR in Ballas (31).
[2018/1/2 - 16:13:25] Filip Schneider (130570) has renamed the g division (#2) to Schneider Squad
[2018/1/2 - 16:13:29] Double OG Filip Schneider (130570) has set Filip Schneider's (130570) division to Schneider Squad in Ballas (31).
[2018/1/2 - 16:13:41] Mateo Ryder has logged out.
[2018/1/2 - 16:13:54] Shot Caller Alek Whey Schneider (1000578398) has set Alek Whey Schneider's (1000578398) division to Schneider Squad in Ballas (
[2018/1/2 - 16:16:11] Jeff Kingpin has deposited a SPAS-12 into the locker.
[2018/1/2 - 16:16:16] Jeff Kingpin has withdrawn a AK-47 from the weapon locker (Cost: 25)
[2018/1/2 - 16:16:19] Jeff Kingpin has withdrawn a Desert Eagle from the weapon locker (Cost: 10)
[2018/1/2 - 16:18:40] Filip Schneider has withdrawn a AK-47 from the weapon locker (Cost: 25)
[2018/1/2 - 16:19:41] Alek Whey Schneider has deposited a SPAS-12 into the locker.
[2018/1/2 - 16:19:49] Alek Whey Schneider has withdrawn a Desert Eagle from the weapon locker (Cost: 10)
[2018/1/2 - 16:24:03] John D. Summer (1000072700) accepted Shot Caller Alek Whey Schneider's (1000578398) invite to join Ballas (31).
[2018/1/2 - 16:34:22] Shot Caller Jeff Kingpin has lost connection.
[2018/1/2 - 16:34:52] Jeff Kingpin has logged in.
[2018/1/2 - 16:38:51] Kevin Kush (1000071051) has made Kevin Kush (1000071051) the leader of the Ballas.
[2018/1/2 - 16:39:35] John D. Summer has logged out.
[2018/1/2 - 16:39:55] Elizabeth Garfield (1000625203) accepted Shot Caller Jeff Kingpin's (1000294063) invite to join Ballas (31).
[2018/1/2 - 16:43:35] Elizabeth Garfield has logged out.
[2018/1/2 - 16:43:54] Double OG Filip Schneider (130570) (rank 7) has given Ilias Whey Dreezy (1000624937) rank 5 (OG) in Ballas (31).
[2018/1/2 - 16:52:59] Ilias Whey Dreezy has logged out.
[2018/1/2 - 16:59:01] Natalya Kuznetsova (1000624906) accepted Shot Caller Alek Whey Schneider's (1000578398) invite to join Ballas (31).
[2018/1/2 - 17:00:15] Filip Schneider has logged out.
[2018/1/2 - 17:02:35] Riad Delgado (1000420865) accepted Shot Caller Jeff Kingpin's (1000294063) invite to join Ballas (31).
[2018/1/2 - 17:02:50] Shot Caller Alek Whey Schneider (1000578398) (rank 6) has given Riad Delgado (1000420865) rank 2 (Baby Balla) in Ballas (31).
[2018/1/2 - 17:02:51] Shot Caller Alek Whey Schneider (1000578398) (rank 6) has given Riad Delgado (1000420865) rank 3 (Balla) in Ballas (31).
[2018/1/2 - 17:02:53] Shot Caller Alek Whey Schneider (1000578398) (rank 6) has given Riad Delgado (1000420865) rank 1 (Hangaround) in Ballas (31).
[2018/1/2 - 17:02:54] Shot Caller Alek Whey Schneider (1000578398) (rank 6) has given Riad Delgado (1000420865) rank 4 (Hustlah) in Ballas (31).
[2018/1/2 - 17:02:56] Shot Caller Alek Whey Schneider (1000578398) (rank 6) has given Riad Delgado (1000420865) rank 6 (Shot Caller) in Ballas (31).
[2018/1/2 - 17:02:59] Riad Delgado has logged out.
[2018/1/2 - 17:04:02] Filip Schneider has logged in.
[2018/1/2 - 17:07:24] Filip Schneider has logged out.
[2018/1/2 - 17:08:18] Filip Schneider has logged in.
[2018/1/2 - 17:10:27] Ilias Whey Dreezy has logged in.
[2018/1/2 - 17:11:51] Jeff Kingpin has logged out.
[2018/1/2 - 17:12:26] Jeff Kingpin has logged in.
[2018/1/2 - 17:13:08] Shot Caller Jeff Kingpin has lost connection.
[2018/1/2 - 17:13:26] Jeff Kingpin has logged in.
[2018/1/2 - 17:17:17] Diaa Dod (1000625271) accepted Double OG Filip Schneider's (130570) invite to join Ballas (31).
[2018/1/2 - 17:17:23] Double OG Filip Schneider (130570) (rank 7) has given Diaa Dod (1000625271) rank 4 (Hustlah) in Ballas (31).
[2018/1/2 - 17:20:01] Alex Terrior (1000556604) accepted Double OG Filip Schneider's (130570) invite to join Ballas (31).
[2018/1/2 - 17:20:02] Double OG Filip Schneider (130570) (rank 7) has given Alex Terrior (1000556604) rank 6 (Shot Caller) in Ballas (31).
[2018/1/2 - 17:23:48] Jeff Kingpin has logged out.
[2018/1/2 - 17:25:12] Jeff Kingpin has logged in.
[2018/1/2 - 17:26:10] Alex Terrior has withdrawn a Desert Eagle from the weapon locker (Cost: 10)
[2018/1/2 - 17:27:26] Mark Swisher (1000625339) accepted Double OG Filip Schneider's (130570) invite to join Ballas (31).
[2018/1/2 - 17:27:29] Double OG Filip Schneider (130570) (rank 7) has given Mark Swisher (1000625339) rank 6 (Shot Caller) in Ballas (31).
[2018/1/2 - 17:28:57] Busta Natalya Kuznetsova has lost connection.
[2018/1/2 - 17:32:43] Hustlah Diaa Dod has lost connection.
[2018/1/2 - 17:34:29] Diaa Dod has logged in.
[2018/1/2 - 17:38:43] Ilias Whey Dreezy has withdrawn a AK-47 from the weapon locker (Cost: 25)
[2018/1/2 - 17:39:40] Alek Whey Schneider has logged out.
[2018/1/2 - 17:40:00] Diaa Dod has logged out.
[2018/1/2 - 17:40:07] Ilias Whey Dreezy has logged out.
[2018/1/2 - 17:41:21] Joh Schneider (25816) accepted Double OG Filip Schneider's (130570) invite to join Ballas (31).
[2018/1/2 - 17:41:23] Double OG Filip Schneider (130570) (rank 7) has given Joh Schneider (25816) rank 6 (Shot Caller) in Ballas (31).
[2018/1/2 - 17:41:34] Double OG Filip Schneider (130570) has set Joh Schneider's (25816) division to Schneider Squad in Ballas (31).
[2018/1/2 - 17:41:36] Xen Saito Maddox has logged in.
[2018/1/2 - 17:41:49] Alek Whey Schneider has logged in.
[2018/1/2 - 17:42:08] Shot Caller Alek Whey Schneider has lost connection.
[2018/1/2 - 17:42:38] Alek Whey Schneider has logged in.
[2018/1/2 - 17:43:12] Xen Saito Maddox has logged out.
[2018/1/2 - 17:48:20] Joh Schneider has logged out.
[2018/1/2 - 17:50:41] John D. Summer has logged in.
[2018/1/2 - 17:51:45] Tony Kuznetsov (1000624932) accepted Double OG Filip Schneider's (130570) invite to join Ballas (31).
[2018/1/2 - 17:52:12] Double OG Filip Schneider (130570) (rank 7) has given Tony Kuznetsov (1000624932) rank 2 (Baby Balla) in Ballas (31).
[2018/1/2 - 17:52:49] Double OG Filip Schneider (130570) (rank 7) has given John D. Summer (1000072700) rank 3 (Balla) in Ballas (31).
[2018/1/2 - 17:53:51] Filip Schneider has logged out.
[2018/1/2 - 17:54:53] Ilias Whey Dreezy has logged in.
[2018/1/2 - 17:55:58] Liam Underwood (1000625004) has made Liam Underwood (1000625004) the leader of the Ballas.
[2018/1/2 - 18:01:07] Ilias Whey Dreezy has logged out.
[2018/1/2 - 18:03:08] Jeff Kingpin has logged out.
[2018/1/2 - 18:03:49] Jeff Kingpin has logged in.
[2018/1/2 - 18:07:27] Alek Whey Schneider has logged out.
[2018/1/2 - 18:09:35] Alek Whey Schneider has logged in.
[2018/1/2 - 18:11:06] John D. Summer has logged out.
[2018/1/2 - 18:13:09] John D. Summer has logged in.
[2018/1/2 - 18:14:31] Balla John D. Summer has lost connection.
[2018/1/2 - 18:15:00] John D. Summer has logged in.
[2018/1/2 - 18:16:00] John D. Summer has logged out.
[2018/1/2 - 18:19:38] John D. Summer has logged in.
[2018/1/2 - 18:20:19] Balla John D. Summer has lost connection.
[2018/1/2 - 18:20:24] Ilias Whey Dreezy has logged in.
[2018/1/2 - 18:21:16] Alek Whey Schneider has logged out.
[2018/1/2 - 18:21:24] Kevin Kush (1000071051) has made Kevin Kush (1000071051) the leader of the Ballas.
[2018/1/2 - 18:22:14] Alek Whey Schneider has logged in.
[2018/1/2 - 18:22:59] Mark Swisher has logged out.
[2018/1/2 - 18:32:07] Dante Alighieri (1000441609) accepted Shot Caller Jeff Kingpin's (1000294063) invite to join Ballas (31).
[2018/1/2 - 18:32:23] Zaka Lacoka (849051) accepted Shot Caller Jeff Kingpin's (1000294063) invite to join Ballas (31).
[2018/1/2 - 18:32:28] Shot Caller Jeff Kingpin (1000294063) (rank 6) has given Dante Alighieri (1000441609) rank 3 (Balla) in Ballas (31).
[2018/1/2 - 18:32:35] Shot Caller Jeff Kingpin (1000294063) (rank 6) has given Zaka Lacoka (849051) rank 3 (Balla) in Ballas (31).
[2018/1/2 - 18:32:45] John D. Summer has logged in.
[2018/1/2 - 18:33:40] Shot Caller Jeff Kingpin (1000294063) (rank 6) has given Zaka Lacoka (849051) rank 0 (Busta) in Ballas (31).
[2018/1/2 - 18:33:43] Shot Caller Jeff Kingpin (1000294063) (rank 6) has given Zaka Lacoka (849051) rank 1 (Hangaround) in Ballas (31).
[2018/1/2 - 18:33:45] Shot Caller Jeff Kingpin (1000294063) (rank 6) has given Zaka Lacoka (849051) rank 0 (Busta) in Ballas (31).
[2018/1/2 - 18:33:48] Shot Caller Jeff Kingpin (1000294063) (rank 6) has given Zaka Lacoka (849051) rank 5 (OG) in Ballas (31).
[2018/1/2 - 18:34:16] Jeff Kingpin (1000294063) has renamed the g division (#3) to KankerBuitenlan
[2018/1/2 - 18:34:20] Jeff Kingpin (1000294063) has renamed the KankerBuitenlan division (#3) to KankerMocro
[2018/1/2 - 18:34:26] Dante Alighieri has logged out.
[2018/1/2 - 18:34:27] Shot Caller Jeff Kingpin (1000294063) has set Zaka Lacoka's (849051) division to KankerMocro in Ballas (31).
[2018/1/2 - 18:35:10] Jeff Kingpin (1000294063) has renamed the KankerMocro division (#3) to CrazyMocro
[2018/1/2 - 18:35:23] Shot Caller Jeff Kingpin (1000294063) has set Ilias Whey Dreezy's (1000624937) division to USSR in Ballas (31).
[2018/1/2 - 18:36:05] Mark Swisher has logged in.
[2018/1/2 - 18:37:52] Shot Caller Jeff Kingpin (1000294063) (rank 6) has given Tony Kuznetsov (1000624932) rank 3 (Balla) in Ballas (31).
[2018/1/2 - 18:38:10] Jeff Kingpin (1000294063) has renamed the gg division (#4) to RankBeggar
[2018/1/2 - 18:38:16] Shot Caller Jeff Kingpin (1000294063) has set Tony Kuznetsov's (1000624932) division to RankBeggar in Ballas (31).
[2018/1/2 - 18:38:27] Jeff Kingpin (1000294063) has renamed the RankBeggar division (#4) to RankBeggER
[2018/1/2 - 18:38:38] Jeff Kingpin (1000294063) has renamed the RankBeggER division (#4) to DizGuy
[2018/1/2 - 18:43:15] Nick Swisher (1000625339) has quit the Ballas as a rank 6
[2018/1/2 - 18:46:14] Jeff Kingpin has logged out.
[2018/1/2 - 18:46:54] Jeff Kingpin has logged in.
[2018/1/2 - 18:46:58] Dante Alighieri has logged in.
[2018/1/2 - 18:50:32] Tony Kuznetsov has logged out.
[2018/1/2 - 18:51:30] Balla John D. Summer has lost connection.
[2018/1/2 - 18:53:30] Zaka Lacoka has logged out.
[2018/1/2 - 18:55:21] Shot Caller Alek Whey Schneider has lost connection.
[2018/1/2 - 18:55:49] Alek Whey Schneider has logged in.
[2018/1/2 - 18:56:16] John D. Summer has logged in.
[2018/1/2 - 18:57:04] Ilias Whey Dreezy has logged out.
[2018/1/2 - 19:01:34] Alek Whey Schneider has logged out.
[2018/1/2 - 19:03:54] Alex Terrior has logged in.
[2018/1/2 - 19:07:33] Jeff Kingpin has withdrawn a AK-47 from the weapon locker (Cost: 25)
[2018/1/2 - 19:08:00] Jeff Kingpin has logged out.
[2018/1/2 - 19:10:58] Tony Kuznetsov has logged in.
[2018/1/2 - 19:13:53] Xen Saito Maddox has logged in.
[2018/1/2 - 19:16:48] Geffery Diz has logged in.
[2018/1/2 - 19:18:57] James Roxx has logged in.
[2018/1/2 - 19:19:08] Double OG Geffery Diz (1000624859) (rank 7) has given James Roxx (1000624868) rank 1 (Hangaround) in Ballas (31).
[2018/1/2 - 19:20:20] Xen Saito Maddox has logged out.
[2018/1/2 - 19:21:01] Tony Kuznetsov (1000624932) has quit the Ballas as a rank 3
[2018/1/2 - 19:29:12] John D. Summer has logged out.
[2018/1/2 - 19:29:44] Natalya Kuznetsova has logged in.
[2018/1/2 - 19:30:31] John D. Summer has logged in.
[2018/1/2 - 19:31:17] John D. Summer has logged out.
[2018/1/2 - 19:31:59] John D. Summer has logged in.
[2018/1/2 - 19:36:59] Xen Saito Maddox has logged in.
[2018/1/2 - 19:38:52] Lampy Hardy Mcfellow has logged in.
[2018/1/2 - 19:41:06] Filip Schneider has logged in.
[2018/1/2 - 19:42:55] Alex Terrior has logged out.
[2018/1/2 - 19:52:18] Natalya Kuznetsova has logged out.
[2018/1/2 - 19:54:43] David Zhinola (1000499974) accepted Double OG Filip Schneider's (130570) invite to join Ballas (31).
[2018/1/2 - 19:54:47] Double OG Filip Schneider (130570) (rank 7) has given David Zhinola (1000499974) rank 4 (Hustlah) in Ballas (31).
[2018/1/2 - 19:56:35] Zaka Lacoka has logged in.
[2018/1/2 - 19:59:00] Lampy Hardy Mcfellow has logged out.
[2018/1/2 - 20:00:30] Zaka Lacoka has logged out.
[2018/1/2 - 20:02:53] Jeff Kingpin has logged in.
[2018/1/2 - 20:03:16] Shot Caller Jeff Kingpin (1000294063) has set David Zhinola's (1000499974) division to USSR in Ballas (31).
[2018/1/2 - 20:03:54] Shot Caller Jeff Kingpin has lost connection.
[2018/1/2 - 20:04:16] Zaka Lacoka has logged in.
[2018/1/2 - 20:04:41] Geffery Diz has logged out.
[2018/1/2 - 20:04:54] Jeff Kingpin has logged in.
[2018/1/2 - 20:05:01] John D. Summer has logged out.
[2018/1/2 - 20:14:19] Ayoub Mocro has logged out.
[2018/1/2 - 20:15:36] Ayoub Mocro has logged in.
[2018/1/2 - 20:18:17] Iheb Ben Mofujohn (19910) accepted Double OG Filip Schneider's (130570) invite to join Ballas (31).
[2018/1/2 - 20:18:59] Double OG Filip Schneider (130570) (rank 7) has given Iheb Ben Mofujohn (19910) rank 3 (Balla) in Ballas (31).
[2018/1/2 - 20:19:24] Ayoub Mocro has logged out.
[2018/1/2 - 20:21:08] Ayoub Mocro has logged in.
[2018/1/2 - 20:25:15] Iheb Ben Mofujohn has logged out.
[2018/1/2 - 20:25:58] Filip Schneider has logged out.
[2018/1/2 - 20:28:09] Filip Schneider has logged in.
[2018/1/2 - 20:32:56] James Roxx has logged out.
[2018/1/2 - 20:42:16] Jeff Kingpin has logged out.
[2018/1/2 - 20:42:57] Jeff Kingpin has logged in.
[2018/1/2 - 20:44:38] Jeff Kingpin has withdrawn a Desert Eagle from the weapon locker (Cost: 10)
[2018/1/2 - 20:49:17] Geffery Diz has logged in.
[2018/1/2 - 20:50:02] Geffery Diz has logged out.
[2018/1/2 - 20:51:32] Xen Saito Maddox has logged out.
[2018/1/2 - 20:52:07] Xen Saito Maddox has logged in.
[2018/1/2 - 20:53:44] Xen Saito Maddox has logged out.
[2018/1/2 - 20:54:33] Ayoub Mocro has logged out.
[2018/1/2 - 20:54:56] Ayoub Mocro has logged in.
[2018/1/2 - 20:59:54] Ayoub Mocro has logged out.
[2018/1/2 - 21:04:33] James Roxx has logged in.
[2018/1/2 - 21:05:47] Kevin Kush (1000071051) has made Kevin Kush (1000071051) the leader of the Ballas.
[2018/1/2 - 21:07:27] James Roxx has logged out.
[2018/1/2 - 21:12:58] Alek Whey Schneider has logged in.
[2018/1/2 - 21:14:40] Peter Schneider (1000625378) accepted Shot Caller Alek Whey Schneider's (1000578398) invite to join Ballas (31).
[2018/1/2 - 21:16:22] Alek Whey Schneider has logged out.
[2018/1/2 - 21:17:12] Alek Whey Schneider has logged in.
[2018/1/2 - 21:18:05] Alek Whey Schneider has withdrawn a Desert Eagle from the weapon locker (Cost: 10)
[2018/1/2 - 21:19:11] Shot Caller Alek Whey Schneider (1000578398) has set Peter Schneider's (1000625378) division to Schneider Squad in Ballas (31).
[2018/1/2 - 21:19:39] Double OG Filip Schneider (130570) (rank 7) has given Peter Schneider (1000625378) rank 4 (Hustlah) in Ballas (31).
[2018/1/2 - 21:20:04] Double OG Filip Schneider (130570) (rank 7) has given Alek Whey Schneider (1000578398) rank 7 (Double OG) in Ballas (31).
[2018/1/2 - 21:25:01] Alek Whey Schneider has withdrawn a MP5 from the weapon locker (Cost: 10)
[2018/1/2 - 21:25:09] Alek Whey Schneider has withdrawn a Desert Eagle from the weapon locker (Cost: 10)
[2018/1/2 - 21:25:43] Finn Flexman (1000016565) accepted Double OG Filip Schneider's (130570) invite to join Ballas (31).
[2018/1/2 - 21:25:48] Double OG Filip Schneider (130570) (rank 7) has given Finn Flexman (1000016565) rank 4 (Hustlah) in Ballas (31).
[2018/1/2 - 21:25:52] Double OG Filip Schneider (130570) has set Finn Flexman's (1000016565) division to Schneider Squad in Ballas (31).
[2018/1/2 - 21:28:42] Ayoub Mocro has logged in.
[2018/1/2 - 21:33:31] Marshell Mathers (1000520664) accepted Double OG Filip Schneider's (130570) invite to join Ballas (31).
[2018/1/2 - 21:33:35] Double OG Filip Schneider (130570) (rank 7) has given Marshell Mathers (1000520664) rank 4 (Hustlah) in Ballas (31).
[2018/1/2 - 21:34:32] Jeff Kingpin has withdrawn a Desert Eagle from the weapon locker (Cost: 10)
[2018/1/2 - 21:39:20] Alan Schneider (1000426052) accepted Double OG Alek Whey Schneider's (1000578398) invite to join Ballas (31).
[2018/1/2 - 21:39:31] Double OG Alek Whey Schneider (1000578398) has set Alan Schneider's (1000426052) division to Schneider Squad in Ballas (31).
[2018/1/2 - 21:40:41] Double OG Alek Whey Schneider (1000578398) (rank 7) has given Alan Schneider (1000426052) rank 4 (Hustlah) in Ballas (31).
[2018/1/2 - 21:45:31] Ilias Whey Dreezy has logged in.
[2018/1/2 - 21:45:57] Jeff Kingpin has logged out.
[2018/1/2 - 21:46:24] Finn Schneider has logged in.
[2018/1/2 - 21:47:27] Jeff Kingpin has logged in.
[2018/1/2 - 21:47:53] Shot Caller Jeff Kingpin has lost connection.
[2018/1/2 - 21:47:59] Diaa Dod has logged in.
[2018/1/2 - 21:48:35] Jeff Kingpin has logged in.
[2018/1/2 - 21:52:48] Antonio D. Sarto (372679) accepted Double OG Filip Schneider's (130570) invite to join Ballas (31).
[2018/1/2 - 21:58:02] Alek Whey Schneider has logged out.
[2018/1/2 - 22:02:04] Jeff Kingpin has logged out.
[2018/1/2 - 22:04:02] Hustlah Marshell Mathers has lost connection.
[2018/1/2 - 22:08:23] Finn Schneider has logged out.
[2018/1/2 - 22:08:49] Geffery Diz has logged in.
[2018/1/2 - 22:12:13] Geffery Diz has logged out.
[2018/1/2 - 22:12:18] James Roxx has logged in.
[2018/1/2 - 22:13:21] James Roxx has logged out.
[2018/1/2 - 22:13:50] Alan Schneider has logged out.
[2018/1/2 - 22:15:22] Filip Schneider has withdrawn $79,000 from the safe.
[2018/1/2 - 22:16:13] Lucas Schneider (31375) accepted Double OG Filip Schneider's (130570) invite to join Ballas (31).
[2018/1/2 - 22:16:30] Double OG Filip Schneider (130570) has set Lucas Schneider's (31375) division to Schneider Squad in Ballas (31).
[2018/1/2 - 22:16:33] Double OG Filip Schneider (130570) (rank 7) has given Lucas Schneider (31375) rank 5 (OG) in Ballas (31).
[2018/1/2 - 22:18:15] Ilias Whey Dreezy has logged out.
[2018/1/2 - 22:18:34] Aidan Freeman (1000624997) accepted Double OG Filip Schneider's (130570) invite to join Ballas (31).
[2018/1/2 - 22:24:40] Aidan Freeman has logged out.
[2018/1/2 - 22:25:21] Aidan Freeman has logged in.
[2018/1/2 - 22:26:15] Aidan Freeman has logged out.
[2018/1/2 - 22:27:08] Aidan Freeman has logged in.
[2018/1/2 - 22:31:24] Aidan Freeman has logged out.
[2018/1/2 - 22:38:42] Aidan Freeman has logged in.
[2018/1/2 - 22:41:07] Busta Aidan Freeman has lost connection.
[2018/1/2 - 22:41:51] Aidan Freeman has logged in.
[2018/1/2 - 22:42:26] Antonio D. Sarto has logged out.
[2018/1/2 - 22:42:36] Busta Aidan Freeman has lost connection.
[2018/1/2 - 22:43:39] Geffery Diz has logged in.
[2018/1/2 - 22:46:18] Aidan Freeman has logged in.
[2018/1/2 - 22:47:26] Busta Aidan Freeman has lost connection.
[2018/1/2 - 22:58:17] Lampy Hardy Mcfellow has logged in.
[2018/1/2 - 23:01:50] Alan Schneider has logged in.
[2018/1/2 - 23:07:59] Geffery Diz has logged out.
[2018/1/2 - 23:09:18] Kevin Clarkson (1000625262) accepted Double OG Filip Schneider's (130570) invite to join Ballas (31).
[2018/1/2 - 23:10:48] Filip Schneider has logged out.
[2018/1/2 - 23:12:06] Diaa Dod has logged out.
[2018/1/2 - 23:12:52] Lampy Hardy Mcfellow has logged out.
[2018/1/2 - 23:12:53] Hustlah Peter Schneider has lost connection.
[2018/1/2 - 23:13:25] Peter Schneider has logged in.
[2018/1/2 - 23:15:31] Hustlah Peter Schneider has lost connection.
[2018/1/2 - 23:15:56] Peter Schneider has logged in.
[2018/1/2 - 23:17:41] Kevin Clarkson has logged out.
[2018/1/2 - 23:20:52] OG Lucas Schneider has lost connection.
[2018/1/2 - 23:21:35] Lucas Schneider has logged in.
[2018/1/2 - 23:24:51] Steve Faulkner has logged in.
[2018/1/2 - 23:29:55] Mateo Ryder has logged in.
[2018/1/2 - 23:30:13] OG Ayoub Mocro has lost connection.
[2018/1/2 - 23:31:02] Ayoub Mocro has logged in.
[2018/1/2 - 23:31:27] Steve Faulkner has logged out.
[2018/1/2 - 23:34:58] Ayoub Mocro has logged out.
[2018/1/2 - 23:39:51] Lucas Schneider has logged out.
[2018/1/2 - 23:56:00] Lucas Schneider has logged in.
