[2018/1/5 - 0:01:25] Suki Kingston (1000030360) has quit the Ballas as a rank 4
[2018/1/5 - 0:01:52] Mark Swisher has logged in.
[2018/1/5 - 0:05:16] Alek Whey Schneider has logged out.
[2018/1/5 - 0:06:00] Mateo Ryder has logged out.
[2018/1/5 - 0:06:17] Benjo Fisher has logged out.
[2018/1/5 - 0:07:10] Benjo Fisher has logged in.
[2018/1/5 - 0:07:56] Benjo Fisher has logged out.
[2018/1/5 - 0:11:11] Kaya Dios Hunt has logged out.
[2018/1/5 - 0:12:56] Taz Bronx has logged out.
[2018/1/5 - 0:13:05] Mark Swisher has logged out.
[2018/1/5 - 0:15:24] Alan Schneider has logged in.
[2018/1/5 - 0:16:13] Mark Swisher has logged in.
[2018/1/5 - 0:20:57] Peter Schneider has logged in.
[2018/1/5 - 0:23:33] Nick T. Jones has logged out.
[2018/1/5 - 0:32:03] Diaa Dod has logged out.
[2018/1/5 - 0:43:21] Diaa Dod has logged in.
[2018/1/5 - 0:46:28] Jeff Kingpin has logged in.
[2018/1/5 - 0:46:46] Jeff Kingpin has logged out.
[2018/1/5 - 0:47:20] Jeff Kingpin has logged in.
[2018/1/5 - 0:51:05] Jeff Kingpin has logged out.
[2018/1/5 - 0:55:33] Diaa Dod has logged out.
[2018/1/5 - 0:57:19] Diaa Dod has logged in.
[2018/1/5 - 0:57:27] Balla Diaa Dod has lost connection.
[2018/1/5 - 0:58:39] Diaa Dod has logged in.
[2018/1/5 - 1:03:26] Mark Swisher has logged in.
[2018/1/5 - 1:03:48] Lucas Schneider has logged in.
[2018/1/5 - 1:04:10] Lampy Hardy Mcfellow has logged in.
[2018/1/5 - 1:04:52] Finn Schneider has logged in.
[2018/1/5 - 1:17:03] Diaa Dod has logged out.
[2018/1/5 - 1:21:47] Alan Schneider has logged out.
[2018/1/5 - 1:23:33] Lampy Hardy Mcfellow (158628) has changed MOTD for We need to get some turfs and points be active please to: We need to get som
[2018/1/5 - 1:26:36] Tom Cuhz (1000054841) accepted Double OG Lampy Hardy Mcfellow's (158628) invite to join Ballas (31).
[2018/1/5 - 1:27:22] Finn Schneider has logged out.
[2018/1/5 - 1:28:37] Diaa Dod has logged in.
[2018/1/5 - 1:28:47] Balla Diaa Dod has lost connection.
[2018/1/5 - 1:32:21] Kaya Dios Hunt has logged in.
[2018/1/5 - 1:32:30] Kaya Dios Hunt (872940) has quit the Ballas as a rank 4
[2018/1/5 - 1:36:00] Busta Tom Cuhz has lost connection.
[2018/1/5 - 1:36:03] Hustlah Peter Schneider has lost connection.
[2018/1/5 - 1:36:06] Shot Caller Lucas Schneider has lost connection.
[2018/1/5 - 1:36:39] Peter Schneider has logged in.
[2018/1/5 - 1:36:53] Lucas Schneider has logged in.
[2018/1/5 - 1:39:08] Finn Schneider has logged in.
[2018/1/5 - 1:39:27] Alan Schneider has logged in.
[2018/1/5 - 1:39:29] Tom Cuhz has logged in.
[2018/1/5 - 1:39:36] Lampy Hardy Mcfellow has logged out.
[2018/1/5 - 1:45:16] Finn Schneider has logged out.
[2018/1/5 - 2:04:12] Shot Caller Mark Swisher has lost connection.
[2018/1/5 - 2:07:51] Finn Schneider has logged in.
[2018/1/5 - 2:08:16] Tom Cuhz has logged out.
[2018/1/5 - 2:21:18] Hustlah Finn Schneider has lost connection.
[2018/1/5 - 2:23:41] Finn Schneider has logged in.
[2018/1/5 - 2:31:30] Alan Schneider has logged out.
[2018/1/5 - 2:31:59] Lucas Schneider has logged out.
[2018/1/5 - 2:35:08] Peter Schneider has logged out.
[2018/1/5 - 2:38:19] Finn Schneider has logged out.
[2018/1/5 - 2:38:53] Finn Schneider has logged in.
[2018/1/5 - 2:39:23] Hustlah Finn Schneider has lost connection.
[2018/1/5 - 2:39:54] Finn Schneider has logged in.
[2018/1/5 - 2:40:02] Hustlah Finn Schneider has lost connection.
[2018/1/5 - 2:42:04] Finn Schneider has logged in.
[2018/1/5 - 2:48:18] Finn Schneider has logged out.
[2018/1/5 - 2:49:13] Finn Schneider has logged in.
[2018/1/5 - 2:51:51] Finn Schneider has logged out.
[2018/1/5 - 2:52:47] Finn Schneider has logged in.
[2018/1/5 - 2:57:38] Alan Schneider has logged in.
[2018/1/5 - 3:23:51] Hustlah Finn Schneider has lost connection.
[2018/1/5 - 3:24:29] Hustlah Alan Schneider has lost connection.
[2018/1/5 - 3:24:30] Finn Schneider has logged in.
[2018/1/5 - 3:25:33] Finn Schneider has logged out.
[2018/1/5 - 3:26:52] Finn Schneider has logged in.
[2018/1/5 - 3:27:12] Alan Schneider has logged in.
[2018/1/5 - 3:31:06] Finn Schneider has logged out.
[2018/1/5 - 3:31:39] Finn Schneider has logged in.
[2018/1/5 - 3:40:54] Alan Schneider has logged out.
[2018/1/5 - 3:58:41] Finn Schneider has logged out.
[2018/1/5 - 4:01:38] John D. Summer has logged in.
[2018/1/5 - 4:16:31] Benjo Fisher has logged in.
[2018/1/5 - 4:46:18] Balla John D. Summer has lost connection.
[2018/1/5 - 4:47:07] John D. Summer has logged in.
[2018/1/5 - 5:00:39] Balla John D. Summer has lost connection.
[2018/1/5 - 5:01:24] John D. Summer has logged in.
[2018/1/5 - 5:03:49] Ryan T Jackson has logged in.
[2018/1/5 - 5:04:37] Ryan T Jackson (900152) has quit the Ballas as a rank 6
[2018/1/5 - 5:45:34] Balla John D. Summer has lost connection.
[2018/1/5 - 6:25:15] Peter Schneider has logged in.
[2018/1/5 - 6:54:51] Benjo Fisher has logged in.
[2018/1/5 - 6:55:55] David Cordozar (171562) accepted OG Benjo Fisher's (1000501508) invite to join Ballas (31).
[2018/1/5 - 6:56:11] OG Benjo Fisher (1000501508) (rank 5) has given David Cordozar (171562) rank 4 (Hustlah) in Ballas (31).
[2018/1/5 - 7:10:24] Peter Schneider has logged out.
[2018/1/5 - 7:15:31] John Quintos (1000625228) accepted OG Benjo Fisher's (1000501508) invite to join Ballas (31).
[2018/1/5 - 7:19:20] Brader Djakarta (1000624864) accepted OG Benjo Fisher's (1000501508) invite to join Ballas (31).
[2018/1/5 - 7:19:40] Azis Banderas (1000625239) accepted OG Benjo Fisher's (1000501508) invite to join Ballas (31).
[2018/1/5 - 7:22:50] OG Benjo Fisher (1000501508) (rank 5) has given John Quintos (1000625228) rank 2 (Baby Balla) in Ballas (31).
[2018/1/5 - 7:22:57] OG Benjo Fisher (1000501508) (rank 5) has given Brader Djakarta (1000624864) rank 2 (Baby Balla) in Ballas (31).
[2018/1/5 - 7:24:09] Pahad Escobar (1000625292) accepted OG Benjo Fisher's (1000501508) invite to join Ballas (31).
[2018/1/5 - 7:37:08] OG Benjo Fisher (1000501508) (rank 5) has given Pahad Escobar (1000625292) rank 1 (Hangaround) in Ballas (31).
[2018/1/5 - 7:40:35] Busta Azis Banderas has lost connection.
[2018/1/5 - 7:41:26] Azis Banderas has logged in.
[2018/1/5 - 7:42:19] Busta Azis Banderas has lost connection.
[2018/1/5 - 7:43:20] Azis Banderas has logged in.
[2018/1/5 - 7:48:57] OG Benjo Fisher (1000501508) (rank 5) has given David Cordozar (171562) rank 5 (OG) in Ballas (31).
[2018/1/5 - 7:52:55] John D. Summer has logged in.
[2018/1/5 - 7:53:12] Azis Banderas has logged in.
[2018/1/5 - 7:54:15] Pahad Escobar has logged out.
[2018/1/5 - 7:54:49] Pahad Escobar has logged in.
[2018/1/5 - 7:54:52] John D. Summer has logged out.
[2018/1/5 - 7:55:30] John D. Summer has logged in.
[2018/1/5 - 7:56:20] John D. Summer has logged out.
[2018/1/5 - 7:57:32] John D. Summer has logged in.
[2018/1/5 - 8:07:30] John D. Summer has logged out.
[2018/1/5 - 8:10:23] John D. Summer has logged in.
[2018/1/5 - 8:10:49] John D. Summer has logged out.
[2018/1/5 - 8:11:15] Pahad Escobar has logged out.
[2018/1/5 - 8:11:31] John D. Summer has logged in.
[2018/1/5 - 8:15:01] Caesar Vialpando (1000625889) accepted OG Benjo Fisher's (1000501508) invite to join Ballas (31).
[2018/1/5 - 8:18:38] Benjo Fisher has logged out.
[2018/1/5 - 8:23:49] Caesar Vialpando has logged out.
[2018/1/5 - 8:55:48] David Cordozar has logged out.
[2018/1/5 - 9:04:26] Busta Azis Banderas has lost connection.
[2018/1/5 - 9:05:19] Azis Banderas has logged in.
[2018/1/5 - 9:09:16] John Quintos has logged out.
[2018/1/5 - 9:16:44] Azis Banderas has logged out.
[2018/1/5 - 9:17:24] Azis Banderas has logged in.
[2018/1/5 - 9:40:52] Benjo Fisher has logged in.
[2018/1/5 - 9:43:13] Brader Djakarta has logged out.
[2018/1/5 - 10:02:00] Benjo Fisher has logged out.
[2018/1/5 - 10:14:24] Azis Banderas has logged out.
[2018/1/5 - 10:16:03] Azis Banderas has logged in.
[2018/1/5 - 10:16:13] Azis Banderas has logged out.
[2018/1/5 - 10:16:47] John D. Summer has logged out.
[2018/1/5 - 10:16:55] Azis Banderas has logged in.
[2018/1/5 - 10:17:57] Busta Azis Banderas has lost connection.
[2018/1/5 - 10:18:35] Azis Banderas has logged in.
[2018/1/5 - 10:26:56] David Cordozar has logged in.
[2018/1/5 - 10:27:31] David Cordozar has logged out.
[2018/1/5 - 10:50:53] Mateo Ryder has logged in.
[2018/1/5 - 10:51:34] Mateo Ryder has logged out.
[2018/1/5 - 10:51:34] John D. Summer has logged in.
[2018/1/5 - 10:52:28] Mateo Ryder has logged in.
[2018/1/5 - 10:53:32] David Cordozar has logged in.
[2018/1/5 - 10:54:00] Shot Caller Mateo Ryder has lost connection.
[2018/1/5 - 10:54:43] Mateo Ryder has logged in.
[2018/1/5 - 11:05:04] David Cordozar has logged out.
[2018/1/5 - 11:08:45] Shot Caller Mateo Ryder has lost connection.
[2018/1/5 - 11:09:39] Mateo Ryder has logged in.
[2018/1/5 - 11:21:43] Azis Banderas has logged in.
[2018/1/5 - 11:28:37] John D. Summer has logged out.
[2018/1/5 - 11:29:31] John D. Summer has logged in.
[2018/1/5 - 11:32:19] Busta Azis Banderas has lost connection.
[2018/1/5 - 11:43:43] John D. Summer has logged out.
[2018/1/5 - 11:45:39] John D. Summer has logged in.
[2018/1/5 - 12:24:44] Mateo Ryder has logged out.
[2018/1/5 - 12:43:27] John D. Summer has logged out.
[2018/1/5 - 12:52:15] Brader Djakarta has logged in.
[2018/1/5 - 12:53:56] Sung Saito has logged in.
[2018/1/5 - 12:55:14] Sung Saito has logged out.
[2018/1/5 - 12:59:05] David Cordozar has logged in.
[2018/1/5 - 13:04:06] Mateo Ryder has logged in.
[2018/1/5 - 13:04:36] David Cordozar has logged out.
[2018/1/5 - 13:07:27] David Cordozar has logged in.
[2018/1/5 - 13:16:24] Azis Banderas has logged in.
[2018/1/5 - 13:17:10] Azis Banderas has logged out.
[2018/1/5 - 13:17:33] David Cordozar has logged out.
[2018/1/5 - 13:19:26] David Cordozar has logged in.
[2018/1/5 - 13:21:45] Mark Swisher has logged in.
[2018/1/5 - 13:25:02] Brader Djakarta has deposited 20 materials into the safe.
[2018/1/5 - 13:32:39] Brader Djakarta has logged out.
[2018/1/5 - 14:03:58] Alek Whey Schneider has logged in.
[2018/1/5 - 14:06:03] Filip Schneider has logged in.
[2018/1/5 - 14:06:29] David Cordozar (171562) has quit the Ballas as a rank 5
[2018/1/5 - 14:06:50] Filip Schneider has withdrawn $159,200 from the safe.
[2018/1/5 - 14:06:56] Sung Saito has logged in.
[2018/1/5 - 14:06:57] Filip Schneider has withdrawn 100 grams of Meth from the safe.
[2018/1/5 - 14:13:32] Sung Grimm has logged out.
[2018/1/5 - 14:18:43] Sung Grimm has logged in.
[2018/1/5 - 14:25:50] Mateo Ryder has logged out.
[2018/1/5 - 14:35:17] Mark Swisher has logged in.
[2018/1/5 - 14:38:37] Sung Grimm (1000624816) has quit the Ballas as a rank 4
[2018/1/5 - 14:40:44] Alek Whey Schneider has withdrawn 70 grams of Ecstasy from the safe.
[2018/1/5 - 14:40:50] Alek Whey Schneider has withdrawn 110 grams of Crack from the safe.
[2018/1/5 - 14:52:47] Filip Schneider has withdrawn $7,100 from the safe.
[2018/1/5 - 14:53:20] Lampy Hardy Mcfellow has logged in.
[2018/1/5 - 14:54:28] Lampy Hardy Mcfellow has withdrawn 10 grams of Ecstasy from the safe.
[2018/1/5 - 14:55:57] Ayoub Mocro has logged in.
[2018/1/5 - 14:56:50] Ayoub Mocro has logged out.
[2018/1/5 - 14:57:17] Ayoub Mocro has logged in.
[2018/1/5 - 14:58:03] Alek Whey Schneider has logged out.
[2018/1/5 - 15:00:43] Lampy Hardy Mcfellow has logged out.
[2018/1/5 - 15:05:49] Filip Schneider has logged in.
[2018/1/5 - 15:08:04] Filip Schneider has logged out.
[2018/1/5 - 15:08:52] Mark Swisher has logged out.
[2018/1/5 - 15:09:28] Ayoub Mocro has logged out.
[2018/1/5 - 15:21:24] Joh Schneider has logged in.
[2018/1/5 - 15:26:01] Brader Djakarta has logged in.
[2018/1/5 - 15:59:40] Ayoub Mocro has logged in.
[2018/1/5 - 16:07:29] Ayoub Mocro has logged out.
[2018/1/5 - 16:07:51] Ayoub Mocro has logged in.
[2018/1/5 - 16:13:35] Ayoub Mocro has logged out.
[2018/1/5 - 16:41:54] Brader Djakarta has logged out.
[2018/1/5 - 16:42:57] Brader Djakarta has logged in.
[2018/1/5 - 17:13:21] John D. Summer has logged in.
[2018/1/5 - 17:13:46] John D. Summer has logged out.
[2018/1/5 - 17:14:22] John D. Summer has logged in.
[2018/1/5 - 17:15:18] John D. Summer has logged out.
[2018/1/5 - 17:15:53] John D. Summer has logged in.
[2018/1/5 - 17:40:03] Dario Flowers has logged in.
[2018/1/5 - 17:42:16] Mateo Ryder has logged in.
[2018/1/5 - 17:42:50] Dario Flowers has logged out.
[2018/1/5 - 17:48:22] Dario Flowers has logged in.
[2018/1/5 - 17:49:16] Dario Flowers (1000082407) has quit the Ballas as a rank 5
[2018/1/5 - 18:24:54] Baby Balla Brader Djakarta has lost connection.
[2018/1/5 - 18:27:00] Alan Schneider has logged in.
[2018/1/5 - 18:39:29] Jeff Kingpin has logged in.
[2018/1/5 - 18:41:44] Alan Schneider has logged out.
[2018/1/5 - 18:49:53] Mark Swisher has logged in.
[2018/1/5 - 18:58:21] Mark Swisher has logged out.
[2018/1/5 - 19:01:59] Mark Swisher has logged in.
[2018/1/5 - 19:03:32] Balla John D. Summer has lost connection.
[2018/1/5 - 19:07:26] Brader Djakarta has logged in.
[2018/1/5 - 19:13:35] John D. Summer has logged in.
[2018/1/5 - 19:23:51] Lampy Hardy Mcfellow has logged in.
[2018/1/5 - 19:33:37] Balla John D. Summer has lost connection.
[2018/1/5 - 19:34:10] John D. Summer has logged in.
[2018/1/5 - 19:35:23] John D. Summer has logged out.
[2018/1/5 - 19:36:50] Double OG Lampy Hardy Mcfellow has lost connection.
[2018/1/5 - 19:37:09] Lampy Hardy Mcfellow has logged in.
[2018/1/5 - 19:37:10] Shot Caller Mateo Ryder has lost connection.
[2018/1/5 - 19:38:47] Mateo Ryder has logged in.
[2018/1/5 - 19:40:03] John D. Summer has logged in.
[2018/1/5 - 19:43:32] Mateo Ryder has logged out.
[2018/1/5 - 19:45:44] Double OG Lampy Hardy Mcfellow has lost connection.
[2018/1/5 - 19:46:02] Lampy Hardy Mcfellow has logged in.
[2018/1/5 - 19:46:21] Double OG Lampy Hardy Mcfellow has lost connection.
[2018/1/5 - 19:46:42] Lampy Hardy Mcfellow has logged in.
[2018/1/5 - 19:46:59] Double OG Lampy Hardy Mcfellow has lost connection.
[2018/1/5 - 19:49:07] Balla John D. Summer has lost connection.
[2018/1/5 - 19:52:40] John D. Summer has logged in.
[2018/1/5 - 19:55:18] Jeff Kingpin has logged out.
[2018/1/5 - 19:58:44] Lampy Hardy Mcfellow has logged in.
[2018/1/5 - 19:59:00] Double OG Lampy Hardy Mcfellow has lost connection.
[2018/1/5 - 20:08:47] John D. Summer has logged out.
[2018/1/5 - 20:12:46] Lampy Hardy Mcfellow has logged in.
[2018/1/5 - 20:13:01] Double OG Lampy Hardy Mcfellow has lost connection.
[2018/1/5 - 20:17:08] Lampy Hardy Mcfellow has logged in.
[2018/1/5 - 20:17:38] Double OG Lampy Hardy Mcfellow has lost connection.
[2018/1/5 - 20:18:07] Lampy Hardy Mcfellow has logged in.
[2018/1/5 - 20:22:00] Double OG Lampy Hardy Mcfellow has lost connection.
[2018/1/5 - 20:22:26] Lampy Hardy Mcfellow has logged in.
[2018/1/5 - 20:22:42] Double OG Lampy Hardy Mcfellow has lost connection.
[2018/1/5 - 20:23:45] Lampy Hardy Mcfellow has logged in.
[2018/1/5 - 20:24:02] Double OG Lampy Hardy Mcfellow has lost connection.
[2018/1/5 - 20:25:05] Lampy Hardy Mcfellow has logged in.
[2018/1/5 - 20:30:31] Alek Whey Schneider has logged in.
[2018/1/5 - 20:31:40] Double OG Lampy Hardy Mcfellow has lost connection.
[2018/1/5 - 20:32:11] Lampy Hardy Mcfellow has logged in.
[2018/1/5 - 20:32:27] Double OG Lampy Hardy Mcfellow has lost connection.
[2018/1/5 - 20:36:40] Jeff Kingpin has logged in.
[2018/1/5 - 20:40:42] Brader Djakarta has logged out.
[2018/1/5 - 20:50:59] Double OG Alek Whey Schneider has lost connection.
[2018/1/5 - 20:51:39] Alek Whey Schneider has logged in.
[2018/1/5 - 21:03:37] Tom Cuhz has logged in.
[2018/1/5 - 21:05:05] Kush (1000071051) has made Kush (1000071051) the leader of the Ballas.
[2018/1/5 - 21:05:28] Busta Tom Cuhz has lost connection.
[2018/1/5 - 21:11:55] Ben Star has logged in.
[2018/1/5 - 21:19:21] Ben Star has logged out.
[2018/1/5 - 21:22:28] Alek Whey Schneider has logged out.
[2018/1/5 - 21:23:02] Alek Whey Schneider has logged in.
[2018/1/5 - 21:25:27] Mateo Ryder has logged in.
[2018/1/5 - 21:33:59] Jeff Kingpin has logged out.
[2018/1/5 - 21:34:26] Alek Whey Schneider has logged out.
[2018/1/5 - 21:34:37] Jeff Kingpin has logged in.
[2018/1/5 - 21:49:35] Alan Schneider has logged in.
[2018/1/5 - 21:58:25] Alan Schneider has logged out.
[2018/1/5 - 22:02:55] Shot Caller Mateo Ryder has lost connection.
[2018/1/5 - 22:03:30] Mateo Ryder has logged in.
[2018/1/5 - 22:57:33] Shot Caller Mateo Ryder has lost connection.
[2018/1/5 - 23:07:32] Shot Caller Mark Swisher has lost connection.
[2018/1/5 - 23:10:18] Mark Swisher has logged in.
[2018/1/5 - 23:24:36] Mateo Ryder has logged in.
[2018/1/5 - 23:50:21] Jeff Kingpin has logged out.
[2018/1/5 - 23:59:14] Nick T. Jones has logged in.
