[2018/1/30 - 0:03:56] Aleksa Whey Popovic has logged out.
[2018/1/30 - 0:08:41] Stephenson Jhonson has withdrawn a Silenced Colt .45 from the weapon locker (Cost: 3)
[2018/1/30 - 0:13:10] Taylor Mcfornell has logged out.
[2018/1/30 - 0:13:28] Stephenson Jhonson has logged out.
[2018/1/30 - 0:14:42] Taylor Mcfornell has logged out.
[2018/1/30 - 0:15:58] Taylor Mcfornell has logged out.
[2018/1/30 - 0:17:59] Diaa Dod has logged out.
[2018/1/30 - 0:29:49] Diaa Dod has logged out.
[2018/1/30 - 0:32:34] Shot Caller Diaa Dod has lost connection.
[2018/1/30 - 0:46:20] Shot Caller Diaa Dod (1000625271) (rank 6) has given Taylor Mcfornell (1000626628) rank 3 (Balla) in Ballas (31).
[2018/1/30 - 0:49:25] Allan William (1000432901) has quit the Ballas as a rank 0
[2018/1/30 - 1:28:50] Taylor Mcfornell has logged out.
[2018/1/30 - 1:30:39] Taylor Mcfornell has logged out.
[2018/1/30 - 1:32:57] Chris Schneider has logged out.
[2018/1/30 - 1:36:26] Taylor Mcfornell has logged out.
[2018/1/30 - 1:41:31] Taylor Mcfornell has logged out.
[2018/1/30 - 1:45:02] Taylor Mcfornell has logged out.
[2018/1/30 - 1:46:26] Taylor Mcfornell has logged out.
[2018/1/30 - 1:54:00] Diaa Dod has withdrawn a AK-47 from the weapon locker (Cost: 15)
[2018/1/30 - 1:54:36] Diaa Dod has authorized Brent Nithercott to withdraw a Desert Eagle from the weapon locker (Cost: 5)
[2018/1/30 - 1:54:47] Diaa Dod has authorized Taylor Mcfornell to withdraw a Desert Eagle from the weapon locker (Cost: 5)
[2018/1/30 - 1:58:54] Lucas Schneider has logged out.
[2018/1/30 - 2:08:25] Chris Schneider has logged out.
[2018/1/30 - 2:21:31] Shot Caller Diaa Dod has lost connection.
[2018/1/30 - 2:31:36] Chris Schneider has logged out.
[2018/1/30 - 2:48:40] Brent Nithercott has logged out.
[2018/1/30 - 2:48:47] Taylor Mcfornell has logged out.
[2018/1/30 - 4:02:51] Shot Caller Diaa Dod (1000625271) has set Dan D. Henderson's (1000627338) division to New Era in Ballas (31).
[2018/1/30 - 4:03:48] Shot Caller Diaa Dod has lost connection.
[2018/1/30 - 4:17:31] Shot Caller Diaa Dod has lost connection.
[2018/1/30 - 4:22:30] Shot Caller Diaa Dod has lost connection.
[2018/1/30 - 4:30:22] Shot Caller Diaa Dod has lost connection.
[2018/1/30 - 5:34:57] Stephenson Jhonson has deposited a SPAS-12 into the locker.
[2018/1/30 - 5:34:58] Stephenson Jhonson has deposited a M4A1 into the locker.
[2018/1/30 - 5:35:31] Stephenson Jhonson has deposited a SPAS-12 into the locker.
[2018/1/30 - 5:40:31] Stephenson Jhonson has deposited a SPAS-12 into the locker.
[2018/1/30 - 5:40:32] Stephenson Jhonson has deposited a M4A1 into the locker.
[2018/1/30 - 5:40:56] Stephenson Jhonson has deposited a SPAS-12 into the locker.
[2018/1/30 - 5:40:59] Stephenson Jhonson has deposited a M4A1 into the locker.
[2018/1/30 - 5:41:32] Stephenson Jhonson has deposited a SPAS-12 into the locker.
[2018/1/30 - 5:41:33] Stephenson Jhonson has deposited a M4A1 into the locker.
[2018/1/30 - 5:46:09] Shot Caller Stephenson Jhonson (1000626343) (rank 6) has given Dan D. Henderson (1000627338) rank 2 (Baby Balla) in Ballas (31)
[2018/1/30 - 5:46:56] Stephenson Jhonson has deposited a SPAS-12 into the locker.
[2018/1/30 - 5:46:57] Stephenson Jhonson has deposited a M4A1 into the locker.
[2018/1/30 - 5:46:59] Dan D. Henderson has deposited a SPAS-12 into the locker.
[2018/1/30 - 5:47:02] Dan D. Henderson has deposited a M4A1 into the locker.
[2018/1/30 - 5:47:51] Stephenson Jhonson has deposited a SPAS-12 into the locker.
[2018/1/30 - 5:47:51] Stephenson Jhonson has deposited a M4A1 into the locker.
[2018/1/30 - 5:59:19] Dan D. Henderson has logged out.
[2018/1/30 - 5:59:39] Dwayne Tucker (1000626090) has quit the Ballas as a rank 0
[2018/1/30 - 6:03:48] Aguilar De Nerha has logged out.
[2018/1/30 - 6:06:01] Stephenson Jhonson has deposited a SPAS-12 into the locker.
[2018/1/30 - 6:06:02] Stephenson Jhonson has deposited a M4A1 into the locker.
[2018/1/30 - 6:06:58] Stephenson Jhonson has deposited a SPAS-12 into the locker.
[2018/1/30 - 6:06:58] Stephenson Jhonson has deposited a M4A1 into the locker.
[2018/1/30 - 6:08:23] Stephenson Jhonson has deposited a SPAS-12 into the locker.
[2018/1/30 - 6:08:23] Stephenson Jhonson has deposited a M4A1 into the locker.
[2018/1/30 - 6:14:50] Stephenson Jhonson has deposited a SPAS-12 into the locker.
[2018/1/30 - 6:15:41] Stephenson Jhonson has deposited a SPAS-12 into the locker.
[2018/1/30 - 6:15:42] Stephenson Jhonson has deposited a M4A1 into the locker.
[2018/1/30 - 6:17:00] Stephenson Jhonson has deposited 600 materials into the safe.
[2018/1/30 - 6:17:07] Stephenson Jhonson has deposited a SPAS-12 into the locker.
[2018/1/30 - 6:17:07] Stephenson Jhonson has deposited a M4A1 into the locker.
[2018/1/30 - 6:22:44] Stephenson Jhonson has deposited a SPAS-12 into the locker.
[2018/1/30 - 6:22:45] Stephenson Jhonson has deposited a M4A1 into the locker.
[2018/1/30 - 6:23:29] Stephenson Jhonson has deposited a SPAS-12 into the locker.
[2018/1/30 - 6:23:30] Stephenson Jhonson has deposited a M4A1 into the locker.
[2018/1/30 - 6:24:22] Stephenson Jhonson has deposited a SPAS-12 into the locker.
[2018/1/30 - 6:24:23] Stephenson Jhonson has deposited a M4A1 into the locker.
[2018/1/30 - 6:31:29] Stephenson Jhonson has logged out.
[2018/1/30 - 7:39:43] Baby Balla Dan D. Henderson has lost connection.
[2018/1/30 - 7:45:05] Dan D. Henderson has logged out.
[2018/1/30 - 8:29:41] Howard R Kleinman has logged out.
[2018/1/30 - 8:53:07] Takeshi Damion has logged out.
[2018/1/30 - 9:15:18] Howard R Kleinman has logged out.
[2018/1/30 - 10:02:48] Aguilar De Nerha (1000189666) has quit the Ballas as a rank 1
[2018/1/30 - 12:52:32] Koroashi Vi. Sanji has logged out.
[2018/1/30 - 13:51:29] David Alan has logged out.
[2018/1/30 - 13:55:15] Diaa Dod has logged out.
[2018/1/30 - 14:04:51] Beretta Kleinman (895816) accepted Shot Caller Diaa Dod's (1000625271) invite to join Ballas (31).
[2018/1/30 - 14:05:41] Shot Caller Diaa Dod (1000625271) has set Beretta Kleinman's (895816) division to Latino Crew in Ballas (31).
[2018/1/30 - 14:09:22] Brent Nithercott has logged out.
[2018/1/30 - 14:11:13] Brent Nithercott has logged out.
[2018/1/30 - 14:15:15] David Alan has logged out.
[2018/1/30 - 14:17:00] Shot Caller Diaa Dod (1000625271) (rank 6) has given Brent Nithercott (1000593488) rank 2 (Baby Balla) in Ballas (31).
[2018/1/30 - 14:24:11] Howard R Kleinman has logged out.
[2018/1/30 - 14:31:56] OG Ben Star has lost connection.
[2018/1/30 - 14:46:34] Baby Balla Dan D. Henderson has lost connection.
[2018/1/30 - 14:49:20] Aleksa Whey Popovic has withdrawn $100,000 from the safe.
[2018/1/30 - 14:50:06] Darren Mongol (1000626882) accepted Double OG Aleksa Whey Popovic's (1000578398) invite to join Ballas (31).
[2018/1/30 - 14:50:25] Aleksa Whey Popovic has authorized Darren Mongol to withdraw a SPAS-12 from the weapon locker (Cost: 30)
[2018/1/30 - 14:50:50] Double OG Aleksa Whey Popovic (1000578398) has set Darren Mongol's (1000626882) division to Latino Crew in Ballas (31).
[2018/1/30 - 14:50:53] Double OG Aleksa Whey Popovic (1000578398) has set Darren Mongol's (1000626882) division to OG Whey`s Hoes in Ballas (31).
[2018/1/30 - 14:51:04] Aleksa Whey Popovic has logged out.
[2018/1/30 - 14:59:24] Beretta Kleinman has logged out.
[2018/1/30 - 14:59:41] Shot Caller Diaa Dod (1000625271) (rank 6) has given Garland Magnolia (1000626726) rank 4 (Hustlah) in Ballas (31).
[2018/1/30 - 15:03:15] Diaa Dod has authorized Garland Magnolia to withdraw a Desert Eagle from the weapon locker (Cost: 5)
[2018/1/30 - 15:04:46] Diaa Dod has logged out.
[2018/1/30 - 15:05:22] Garland Magnolia has logged out.
[2018/1/30 - 15:09:58] Hector Blackman has logged out.
[2018/1/30 - 15:12:44] Baby Balla Brent Nithercott has lost connection.
[2018/1/30 - 15:39:55] Diaa Dod has authorized Ben Star to withdraw a Desert Eagle from the weapon locker (Cost: 5)
[2018/1/30 - 15:46:23] Dan D. Henderson has logged out.
[2018/1/30 - 15:58:52] Darren Mongol has logged out.
[2018/1/30 - 16:00:59] Shot Caller Stephenson Jhonson has lost connection.
[2018/1/30 - 16:04:16] Hector Blackman has logged out.
[2018/1/30 - 16:05:52] OG Ben Star has lost connection.
[2018/1/30 - 16:10:25] Diaa Dod has logged out.
[2018/1/30 - 16:13:27] OG Ben Star has lost connection.
[2018/1/30 - 16:27:30] Baby Balla Howard R Kleinman has lost connection.
[2018/1/30 - 16:31:28] Stephenson Jhonson has logged out.
[2018/1/30 - 16:34:17] Dras Dirt Henchman has logged out.
[2018/1/30 - 16:42:00] Double OG Aleksa Whey Popovic (1000578398) has set Dras Dirt Henchman's (1000405571) division to OG Whey`s Hoes in Ballas (31).
[2018/1/30 - 16:44:37] Dras Dirt Henchman has logged out.
[2018/1/30 - 16:47:11] Chris Schneider has logged out.
[2018/1/30 - 16:49:27] Brent Nithercott has logged out.
[2018/1/30 - 16:52:21] Ben Star has logged out.
[2018/1/30 - 16:53:46] Diaa Dod has logged out.
[2018/1/30 - 17:14:34] Lucas Jackson has logged out.
[2018/1/30 - 17:49:43] Aleksa Whey Popovic has logged out.
[2018/1/30 - 18:00:36] Darren Mongol (1000626882) has quit the Ballas as a rank 0
[2018/1/30 - 18:10:14] Lampy Hardy Mcfellow has logged out.
[2018/1/30 - 18:11:00] Ayoub Mocro has logged out.
[2018/1/30 - 18:17:50] Lucas Jackson has logged out.
[2018/1/30 - 18:18:58] Stephenson Jhonson has logged out.
[2018/1/30 - 18:20:02] Baby Balla Dan D. Henderson has lost connection.
[2018/1/30 - 18:20:21] Stephenson Jhonson has logged out.
[2018/1/30 - 18:22:42] Stephenson Jhonson has logged out.
[2018/1/30 - 18:30:04] Lucas Jackson has logged out.
[2018/1/30 - 18:30:16] Hustlah Hector Blackman has lost connection.
[2018/1/30 - 18:41:14] Hector Blackman has logged out.
[2018/1/30 - 19:09:54] Dan D. Henderson has logged out.
[2018/1/30 - 19:51:38] Taylor Mcfornell has logged out.
[2018/1/30 - 19:54:34] Beretta Kleinman has logged out.
[2018/1/30 - 19:55:16] Taylor Mcfornell has logged out.
[2018/1/30 - 19:58:53] Beretta Kleinman has logged out.
[2018/1/30 - 20:00:24] Taylor Mcfornell has logged out.
[2018/1/30 - 20:01:59] Taylor Mcfornell has logged out.
[2018/1/30 - 20:10:08] Hustlah Hector Blackman has lost connection.
[2018/1/30 - 20:16:23] Taylor Mcfornell has logged out.
[2018/1/30 - 20:17:32] Taylor Mcfornell has logged out.
[2018/1/30 - 20:33:25] Taylor Mcfornell has logged out.
[2018/1/30 - 20:34:27] Busta Beretta Kleinman has lost connection.
[2018/1/30 - 20:38:34] Beretta Kleinman has logged out.
[2018/1/30 - 20:40:00] Beretta Kleinman has logged out.
[2018/1/30 - 20:52:55] Beretta Kleinman has logged out.
[2018/1/30 - 20:53:18] Howard R Kleinman has logged out.
[2018/1/30 - 20:54:35] Beretta Kleinman has logged out.
[2018/1/30 - 20:56:02] Busta Beretta Kleinman has lost connection.
[2018/1/30 - 20:56:02] Baby Balla Howard R Kleinman has lost connection.
[2018/1/30 - 21:01:32] Chris Schneider has logged out.
[2018/1/30 - 21:05:58] Hustlah Hector Blackman has lost connection.
[2018/1/30 - 21:06:46] Diaa Dod has logged out.
[2018/1/30 - 21:45:44] Aleksa Whey Popovic has withdrawn a SPAS-12 from the weapon locker (Cost: 30)
[2018/1/30 - 21:47:55] Beretta Kleinman has logged out.
[2018/1/30 - 21:48:38] Darko Dragovicc (1000467182) accepted Double OG Aleksa Whey Popovic's (1000578398) invite to join Ballas (31).
[2018/1/30 - 21:48:39] Double OG Aleksa Whey Popovic (1000578398) has set Darko Dragovicc's (1000467182) division to OG Whey`s Hoes in Ballas (31).
[2018/1/30 - 21:52:04] Busta Beretta Kleinman has lost connection.
[2018/1/30 - 21:55:37] Darko Dragovicc has logged out.
[2018/1/30 - 21:56:02] Beretta Kleinman has logged out.
[2018/1/30 - 21:57:09] Darko Dragovicc has logged out.
[2018/1/30 - 21:58:09] Beretta Kleinman has logged out.
[2018/1/30 - 21:59:50] Darko Dragovicc has logged out.
[2018/1/30 - 22:00:25] Darren Mongol (1000626882) accepted Double OG Aleksa Whey Popovic's (1000578398) invite to join Ballas (31).
[2018/1/30 - 22:00:42] Double OG Aleksa Whey Popovic (1000578398) has set Darren Mongol's (1000626882) division to OG Whey`s Hoes in Ballas (31).
[2018/1/30 - 22:01:46] Darko Dragovicc has logged out.
[2018/1/30 - 22:04:50] Darko Dragovicc has logged out.
[2018/1/30 - 22:08:25] Beretta Kleinman has logged out.
[2018/1/30 - 22:11:27] Shot Caller Diaa Dod has lost connection.
[2018/1/30 - 22:12:25] Beretta Kleinman has logged out.
[2018/1/30 - 22:14:22] Beretta Kleinman has logged out.
[2018/1/30 - 22:18:04] Beretta Kleinman has logged out.
[2018/1/30 - 22:20:58] Beretta Kleinman has logged out.
[2018/1/30 - 22:29:30] Diaa Dod has logged out.
[2018/1/30 - 22:30:14] Aleksa Whey Popovic has authorized Darren Mongol to withdraw a SPAS-12 from the weapon locker (Cost: 30)
[2018/1/30 - 22:34:46] Ben Star has logged out.
[2018/1/30 - 22:35:19] Darko Dragovicc has logged out.
[2018/1/30 - 22:37:07] Double OG Aleksa Whey Popovic (1000578398) (rank 7) has given Darren Mongol (1000626882) rank 6 (Shot Caller) in Ballas (31).
[2018/1/30 - 22:37:14] Aleksa Whey Popovic has logged out.
[2018/1/30 - 22:39:40] Ben Star has logged out.
[2018/1/30 - 22:40:23] Beretta Kleinman has logged out.
[2018/1/30 - 22:41:12] OG Ben Star has lost connection.
[2018/1/30 - 22:46:32] Chris Schneider has logged out.
[2018/1/30 - 22:53:44] James Brandon (1000624819) accepted Shot Caller Diaa Dod's (1000625271) invite to join Ballas (31).
[2018/1/30 - 22:54:45] Darren Mongol has withdrawn a Desert Eagle from the weapon locker (Cost: 5)
[2018/1/30 - 22:54:49] Darren Mongol has withdrawn a Silenced Colt .45 from the weapon locker (Cost: 3)
[2018/1/30 - 22:54:52] Darren Mongol has withdrawn a SPAS-12 from the weapon locker (Cost: 30)
[2018/1/30 - 22:55:47] Darren Mongol has logged out.
[2018/1/30 - 23:09:03] James Brandon has logged out.
[2018/1/30 - 23:09:19] Ben Star has logged out.
[2018/1/30 - 23:20:12] Darren Mongol has logged out.
[2018/1/30 - 23:21:48] Chris Schneider has logged out.
[2018/1/30 - 23:23:47] Howard R Kleinman has logged out.
[2018/1/30 - 23:28:30] Lucas Jackson has logged out.
[2018/1/30 - 23:30:00] Diaa Dod has logged out.
[2018/1/30 - 23:42:26] OG Lucas Jackson has lost connection.
[2018/1/30 - 23:43:09] Taylor Mcfornell has logged out.
[2018/1/30 - 23:51:16] Lucas Jackson has logged out.
