[2018/2/1 - 0:00:58] The faction vault is at $62,763,921.
[2018/2/1 - 0:00:58] SA Gov Paid $100,000 to SASD budget fund.
[2018/2/1 - 0:00:58] Vehicle ID 191 (Slot ID 12) Maintainence fee cost $0 to SASD's budget fund.
[2018/2/1 - 0:00:58] Vehicle ID 193 (Slot ID 14) Maintainence fee cost $0 to SASD's budget fund.
[2018/2/1 - 0:00:58] Vehicle ID 209 (Slot ID 39) Maintainence fee cost $0 to SASD's budget fund.
[2018/2/1 - 0:00:58] Vehicle ID 210 (Slot ID 42) Maintainence fee cost $0 to SASD's budget fund.
[2018/2/1 - 0:00:58] Vehicle ID 212 (Slot ID 45) Maintainence fee cost $0 to SASD's budget fund.
[2018/2/1 - 0:00:58] Vehicle ID 217 (Slot ID 55) Maintainence fee cost $0 to SASD's budget fund.
[2018/2/1 - 0:00:58] Vehicle ID 225 (Slot ID 67) Maintainence fee cost $0 to SASD's budget fund.
[2018/2/1 - 0:00:58] Vehicle ID 241 (Slot ID 85) Maintainence fee cost $0 to SASD's budget fund.
[2018/2/1 - 0:00:58] Vehicle ID 255 (Slot ID 104) Maintainence fee cost $0 to SASD's budget fund.
[2018/2/1 - 0:00:58] Vehicle ID 257 (Slot ID 106) Maintainence fee cost $0 to SASD's budget fund.
[2018/2/1 - 0:00:58] Vehicle ID 260 (Slot ID 109) Maintainence fee cost $0 to SASD's budget fund.
[2018/2/1 - 0:00:58] Vehicle ID 261 (Slot ID 110) Maintainence fee cost $0 to SASD's budget fund.
[2018/2/1 - 0:00:58] Vehicle ID 266 (Slot ID 116) Maintainence fee cost $0 to SASD's budget fund.
[2018/2/1 - 0:00:58] Vehicle ID 273 (Slot ID 128) Maintainence fee cost $0 to SASD's budget fund.
[2018/2/1 - 0:00:58] Vehicle ID 279 (Slot ID 136) Maintainence fee cost $0 to SASD's budget fund.
[2018/2/1 - 0:00:58] Vehicle ID 285 (Slot ID 142) Maintainence fee cost $0 to SASD's budget fund.
[2018/2/1 - 0:00:58] Vehicle ID 286 (Slot ID 143) Maintainence fee cost $0 to SASD's budget fund.
[2018/2/1 - 0:00:58] Vehicle ID 288 (Slot ID 145) Maintainence fee cost $0 to SASD's budget fund.
[2018/2/1 - 0:00:58] Vehicle ID 289 (Slot ID 147) Maintainence fee cost $0 to SASD's budget fund.
[2018/2/1 - 0:00:58] Vehicle ID 296 (Slot ID 154) Maintainence fee cost $0 to SASD's budget fund.
[2018/2/1 - 0:00:58] Vehicle ID 302 (Slot ID 161) Maintainence fee cost $0 to SASD's budget fund.
[2018/2/1 - 0:00:58] Vehicle ID 305 (Slot ID 165) Maintainence fee cost $0 to SASD's budget fund.
[2018/2/1 - 0:00:58] Vehicle ID 312 (Slot ID 175) Maintainence fee cost $0 to SASD's budget fund.
[2018/2/1 - 0:00:58] Vehicle ID 318 (Slot ID 183) Maintainence fee cost $0 to SASD's budget fund.
[2018/2/1 - 0:00:58] Vehicle ID 332 (Slot ID 198) Maintainence fee cost $0 to SASD's budget fund.
[2018/2/1 - 0:00:58] Vehicle ID 339 (Slot ID 206) Maintainence fee cost $0 to SASD's budget fund.
[2018/2/1 - 0:00:58] Vehicle ID 351 (Slot ID 222) Maintainence fee cost $0 to SASD's budget fund.
[2018/2/1 - 0:00:58] Vehicle ID 354 (Slot ID 226) Maintainence fee cost $0 to SASD's budget fund.
[2018/2/1 - 0:00:58] Vehicle ID 360 (Slot ID 231) Maintainence fee cost $0 to SASD's budget fund.
[2018/2/1 - 0:00:58] Vehicle ID 295 (Slot ID 267) Maintainence fee cost $0 to SASD's budget fund.
[2018/2/1 - 0:00:58] Vehicle ID 395 (Slot ID 284) Maintainence fee cost $0 to SASD's budget fund.
[2018/2/1 - 0:00:58] Vehicle ID 346 (Slot ID 296) Maintainence fee cost $0 to SASD's budget fund.
[2018/2/1 - 0:00:58] Vehicle ID 404 (Slot ID 315) Maintainence fee cost $0 to SASD's budget fund.
[2018/2/1 - 0:00:58] Vehicle ID 408 (Slot ID 338) Maintainence fee cost $0 to SASD's budget fund.
[2018/2/1 - 0:00:58] Vehicle ID 416 (Slot ID 339) Maintainence fee cost $0 to SASD's budget fund.
[2018/2/1 - 0:00:58] Vehicle ID 418 (Slot ID 340) Maintainence fee cost $0 to SASD's budget fund.
[2018/2/1 - 0:00:58] Vehicle ID 439 (Slot ID 341) Maintainence fee cost $0 to SASD's budget fund.
[2018/2/1 - 0:00:58] Vehicle ID 440 (Slot ID 454) Maintainence fee cost $0 to SASD's budget fund.
[2018/2/1 - 0:00:58] Vehicle ID 345 (Slot ID 507) Maintainence fee cost $0 to SASD's budget fund.
[2018/2/1 - 0:00:58] Vehicle ID 442 (Slot ID 545) Maintainence fee cost $0 to SASD's budget fund.
[2018/2/1 - 0:52:55] Jaxy Snow took a vest out of the SASD locker at a cost of 1 HG Material.
[2018/2/1 - 0:53:02] Jaxy Snow took a med kit & vest out of the SASD locker at a cost of 1 HG Material.
[2018/2/1 - 1:01:01] The faction vault is at $62,875,721.
[2018/2/1 - 1:01:01] SA Gov Paid $100,000 to SASD budget fund.
[2018/2/1 - 1:01:01] Vehicle ID 191 (Slot ID 12) Maintainence fee cost $0 to SASD's budget fund.
[2018/2/1 - 1:01:01] Vehicle ID 193 (Slot ID 14) Maintainence fee cost $0 to SASD's budget fund.
[2018/2/1 - 1:01:02] Vehicle ID 209 (Slot ID 39) Maintainence fee cost $0 to SASD's budget fund.
[2018/2/1 - 1:01:02] Vehicle ID 210 (Slot ID 42) Maintainence fee cost $0 to SASD's budget fund.
[2018/2/1 - 1:01:02] Vehicle ID 212 (Slot ID 45) Maintainence fee cost $0 to SASD's budget fund.
[2018/2/1 - 1:01:02] Vehicle ID 217 (Slot ID 55) Maintainence fee cost $0 to SASD's budget fund.
[2018/2/1 - 1:01:02] Vehicle ID 225 (Slot ID 67) Maintainence fee cost $0 to SASD's budget fund.
[2018/2/1 - 1:01:02] Vehicle ID 241 (Slot ID 85) Maintainence fee cost $0 to SASD's budget fund.
[2018/2/1 - 1:01:02] Vehicle ID 255 (Slot ID 104) Maintainence fee cost $0 to SASD's budget fund.
[2018/2/1 - 1:01:02] Vehicle ID 257 (Slot ID 106) Maintainence fee cost $0 to SASD's budget fund.
[2018/2/1 - 1:01:02] Vehicle ID 260 (Slot ID 109) Maintainence fee cost $0 to SASD's budget fund.
[2018/2/1 - 1:01:02] Vehicle ID 261 (Slot ID 110) Maintainence fee cost $0 to SASD's budget fund.
[2018/2/1 - 1:01:02] Vehicle ID 266 (Slot ID 116) Maintainence fee cost $0 to SASD's budget fund.
[2018/2/1 - 1:01:02] Vehicle ID 273 (Slot ID 128) Maintainence fee cost $0 to SASD's budget fund.
[2018/2/1 - 1:01:02] Vehicle ID 279 (Slot ID 136) Maintainence fee cost $0 to SASD's budget fund.
[2018/2/1 - 1:01:02] Vehicle ID 285 (Slot ID 142) Maintainence fee cost $0 to SASD's budget fund.
[2018/2/1 - 1:01:02] Vehicle ID 286 (Slot ID 143) Maintainence fee cost $0 to SASD's budget fund.
[2018/2/1 - 1:01:02] Vehicle ID 288 (Slot ID 145) Maintainence fee cost $0 to SASD's budget fund.
[2018/2/1 - 1:01:02] Vehicle ID 289 (Slot ID 147) Maintainence fee cost $0 to SASD's budget fund.
[2018/2/1 - 1:01:02] Vehicle ID 296 (Slot ID 154) Maintainence fee cost $0 to SASD's budget fund.
[2018/2/1 - 1:01:02] Vehicle ID 302 (Slot ID 161) Maintainence fee cost $0 to SASD's budget fund.
[2018/2/1 - 1:01:02] Vehicle ID 305 (Slot ID 165) Maintainence fee cost $0 to SASD's budget fund.
[2018/2/1 - 1:01:02] Vehicle ID 312 (Slot ID 175) Maintainence fee cost $0 to SASD's budget fund.
[2018/2/1 - 1:01:02] Vehicle ID 318 (Slot ID 183) Maintainence fee cost $0 to SASD's budget fund.
[2018/2/1 - 1:01:02] Vehicle ID 332 (Slot ID 198) Maintainence fee cost $0 to SASD's budget fund.
[2018/2/1 - 1:01:02] Vehicle ID 339 (Slot ID 206) Maintainence fee cost $0 to SASD's budget fund.
[2018/2/1 - 1:01:02] Vehicle ID 351 (Slot ID 222) Maintainence fee cost $0 to SASD's budget fund.
[2018/2/1 - 1:01:02] Vehicle ID 354 (Slot ID 226) Maintainence fee cost $0 to SASD's budget fund.
[2018/2/1 - 1:01:02] Vehicle ID 360 (Slot ID 231) Maintainence fee cost $0 to SASD's budget fund.
[2018/2/1 - 1:01:02] Vehicle ID 295 (Slot ID 267) Maintainence fee cost $0 to SASD's budget fund.
[2018/2/1 - 1:01:02] Vehicle ID 395 (Slot ID 284) Maintainence fee cost $0 to SASD's budget fund.
[2018/2/1 - 1:01:02] Vehicle ID 346 (Slot ID 296) Maintainence fee cost $0 to SASD's budget fund.
[2018/2/1 - 1:01:02] Vehicle ID 404 (Slot ID 315) Maintainence fee cost $0 to SASD's budget fund.
[2018/2/1 - 1:01:02] Vehicle ID 408 (Slot ID 338) Maintainence fee cost $0 to SASD's budget fund.
[2018/2/1 - 1:01:02] Vehicle ID 416 (Slot ID 339) Maintainence fee cost $0 to SASD's budget fund.
[2018/2/1 - 1:01:02] Vehicle ID 418 (Slot ID 340) Maintainence fee cost $0 to SASD's budget fund.
[2018/2/1 - 1:01:02] Vehicle ID 439 (Slot ID 341) Maintainence fee cost $0 to SASD's budget fund.
[2018/2/1 - 1:01:02] Vehicle ID 440 (Slot ID 454) Maintainence fee cost $0 to SASD's budget fund.
[2018/2/1 - 1:01:02] Vehicle ID 345 (Slot ID 507) Maintainence fee cost $0 to SASD's budget fund.
[2018/2/1 - 1:01:02] Vehicle ID 442 (Slot ID 545) Maintainence fee cost $0 to SASD's budget fund.
[2018/2/1 - 1:08:29] Vehicle Slot ID 226 RTB fee cost $0 to SASD's budget fund.
[2018/2/1 - 1:11:16] Vehicle Slot ID 45 RTB fee cost $0 to SASD's budget fund.
[2018/2/1 - 1:22:21] Vincenzo Luciano took a vest out of the SASD locker at a cost of 1 HG Material.
[2018/2/1 - 1:22:23] Vincenzo Luciano took a med kit & vest out of the SASD locker at a cost of 1 HG Material.
[2018/2/1 - 1:23:41] Vehicle Slot ID 206 RTB fee cost $0 to SASD's budget fund.
[2018/2/1 - 1:25:18] Vincenzo Luciano has been paid $45,000 from SASD's budget.
[2018/2/1 - 1:27:59] Aldi Digros took a vest out of the SASD locker at a cost of 1 HG Material.
[2018/2/1 - 1:30:14] Vehicle Slot ID 198 RTB fee cost $0 to SASD's budget fund.
[2018/2/1 - 1:55:10] SHAFT has purchased a crate from your facility adding $60,000
[2018/2/1 - 2:00:04] The faction vault is at $63,000,721.
[2018/2/1 - 2:00:04] SA Gov Paid $100,000 to SASD budget fund.
[2018/2/1 - 2:00:04] Vehicle ID 191 (Slot ID 12) Maintainence fee cost $0 to SASD's budget fund.
[2018/2/1 - 2:00:04] Vehicle ID 193 (Slot ID 14) Maintainence fee cost $0 to SASD's budget fund.
[2018/2/1 - 2:00:04] Vehicle ID 209 (Slot ID 39) Maintainence fee cost $0 to SASD's budget fund.
[2018/2/1 - 2:00:04] Vehicle ID 210 (Slot ID 42) Maintainence fee cost $0 to SASD's budget fund.
[2018/2/1 - 2:00:04] Vehicle ID 212 (Slot ID 45) Maintainence fee cost $0 to SASD's budget fund.
[2018/2/1 - 2:00:04] Vehicle ID 217 (Slot ID 55) Maintainence fee cost $0 to SASD's budget fund.
[2018/2/1 - 2:00:04] Vehicle ID 225 (Slot ID 67) Maintainence fee cost $0 to SASD's budget fund.
[2018/2/1 - 2:00:04] Vehicle ID 241 (Slot ID 85) Maintainence fee cost $0 to SASD's budget fund.
[2018/2/1 - 2:00:04] Vehicle ID 255 (Slot ID 104) Maintainence fee cost $0 to SASD's budget fund.
[2018/2/1 - 2:00:04] Vehicle ID 257 (Slot ID 106) Maintainence fee cost $0 to SASD's budget fund.
[2018/2/1 - 2:00:04] Vehicle ID 260 (Slot ID 109) Maintainence fee cost $0 to SASD's budget fund.
[2018/2/1 - 2:00:04] Vehicle ID 261 (Slot ID 110) Maintainence fee cost $0 to SASD's budget fund.
[2018/2/1 - 2:00:04] Vehicle ID 266 (Slot ID 116) Maintainence fee cost $0 to SASD's budget fund.
[2018/2/1 - 2:00:04] Vehicle ID 273 (Slot ID 128) Maintainence fee cost $0 to SASD's budget fund.
[2018/2/1 - 2:00:04] Vehicle ID 279 (Slot ID 136) Maintainence fee cost $0 to SASD's budget fund.
[2018/2/1 - 2:00:04] Vehicle ID 285 (Slot ID 142) Maintainence fee cost $0 to SASD's budget fund.
[2018/2/1 - 2:00:04] Vehicle ID 286 (Slot ID 143) Maintainence fee cost $0 to SASD's budget fund.
[2018/2/1 - 2:00:04] Vehicle ID 288 (Slot ID 145) Maintainence fee cost $0 to SASD's budget fund.
[2018/2/1 - 2:00:04] Vehicle ID 289 (Slot ID 147) Maintainence fee cost $0 to SASD's budget fund.
[2018/2/1 - 2:00:04] Vehicle ID 296 (Slot ID 154) Maintainence fee cost $0 to SASD's budget fund.
[2018/2/1 - 2:00:04] Vehicle ID 302 (Slot ID 161) Maintainence fee cost $0 to SASD's budget fund.
[2018/2/1 - 2:00:04] Vehicle ID 305 (Slot ID 165) Maintainence fee cost $0 to SASD's budget fund.
[2018/2/1 - 2:00:04] Vehicle ID 312 (Slot ID 175) Maintainence fee cost $0 to SASD's budget fund.
[2018/2/1 - 2:00:04] Vehicle ID 318 (Slot ID 183) Maintainence fee cost $0 to SASD's budget fund.
[2018/2/1 - 2:00:04] Vehicle ID 332 (Slot ID 198) Maintainence fee cost $0 to SASD's budget fund.
[2018/2/1 - 2:00:04] Vehicle ID 339 (Slot ID 206) Maintainence fee cost $0 to SASD's budget fund.
[2018/2/1 - 2:00:04] Vehicle ID 351 (Slot ID 222) Maintainence fee cost $0 to SASD's budget fund.
[2018/2/1 - 2:00:04] Vehicle ID 354 (Slot ID 226) Maintainence fee cost $0 to SASD's budget fund.
[2018/2/1 - 2:00:04] Vehicle ID 360 (Slot ID 231) Maintainence fee cost $0 to SASD's budget fund.
[2018/2/1 - 2:00:04] Vehicle ID 295 (Slot ID 267) Maintainence fee cost $0 to SASD's budget fund.
[2018/2/1 - 2:00:04] Vehicle ID 395 (Slot ID 284) Maintainence fee cost $0 to SASD's budget fund.
[2018/2/1 - 2:00:04] Vehicle ID 346 (Slot ID 296) Maintainence fee cost $0 to SASD's budget fund.
[2018/2/1 - 2:00:04] Vehicle ID 404 (Slot ID 315) Maintainence fee cost $0 to SASD's budget fund.
[2018/2/1 - 2:00:04] Vehicle ID 408 (Slot ID 338) Maintainence fee cost $0 to SASD's budget fund.
[2018/2/1 - 2:00:04] Vehicle ID 416 (Slot ID 339) Maintainence fee cost $0 to SASD's budget fund.
[2018/2/1 - 2:00:04] Vehicle ID 418 (Slot ID 340) Maintainence fee cost $0 to SASD's budget fund.
[2018/2/1 - 2:00:04] Vehicle ID 439 (Slot ID 341) Maintainence fee cost $0 to SASD's budget fund.
[2018/2/1 - 2:00:04] Vehicle ID 440 (Slot ID 454) Maintainence fee cost $0 to SASD's budget fund.
[2018/2/1 - 2:00:04] Vehicle ID 345 (Slot ID 507) Maintainence fee cost $0 to SASD's budget fund.
[2018/2/1 - 2:00:04] Vehicle ID 442 (Slot ID 545) Maintainence fee cost $0 to SASD's budget fund.
[2018/2/1 - 2:30:07] Vehicle Slot ID 85 RTB fee cost $0 to SASD's budget fund.
[2018/2/1 - 3:00:13] The faction vault is at $63,113,921.
[2018/2/1 - 3:00:13] SA Gov Paid $100,000 to SASD budget fund.
[2018/2/1 - 3:00:13] Vehicle ID 191 (Slot ID 12) Maintainence fee cost $0 to SASD's budget fund.
[2018/2/1 - 3:00:13] Vehicle ID 193 (Slot ID 14) Maintainence fee cost $0 to SASD's budget fund.
[2018/2/1 - 3:00:13] Vehicle ID 209 (Slot ID 39) Maintainence fee cost $0 to SASD's budget fund.
[2018/2/1 - 3:00:13] Vehicle ID 210 (Slot ID 42) Maintainence fee cost $0 to SASD's budget fund.
[2018/2/1 - 3:00:13] Vehicle ID 212 (Slot ID 45) Maintainence fee cost $0 to SASD's budget fund.
[2018/2/1 - 3:00:13] Vehicle ID 217 (Slot ID 55) Maintainence fee cost $0 to SASD's budget fund.
[2018/2/1 - 3:00:13] Vehicle ID 225 (Slot ID 67) Maintainence fee cost $0 to SASD's budget fund.
[2018/2/1 - 3:00:13] Vehicle ID 241 (Slot ID 85) Maintainence fee cost $0 to SASD's budget fund.
[2018/2/1 - 3:00:13] Vehicle ID 255 (Slot ID 104) Maintainence fee cost $0 to SASD's budget fund.
[2018/2/1 - 3:00:13] Vehicle ID 257 (Slot ID 106) Maintainence fee cost $0 to SASD's budget fund.
[2018/2/1 - 3:00:13] Vehicle ID 260 (Slot ID 109) Maintainence fee cost $0 to SASD's budget fund.
[2018/2/1 - 3:00:13] Vehicle ID 261 (Slot ID 110) Maintainence fee cost $0 to SASD's budget fund.
[2018/2/1 - 3:00:13] Vehicle ID 266 (Slot ID 116) Maintainence fee cost $0 to SASD's budget fund.
[2018/2/1 - 3:00:13] Vehicle ID 273 (Slot ID 128) Maintainence fee cost $0 to SASD's budget fund.
[2018/2/1 - 3:00:13] Vehicle ID 279 (Slot ID 136) Maintainence fee cost $0 to SASD's budget fund.
[2018/2/1 - 3:00:13] Vehicle ID 285 (Slot ID 142) Maintainence fee cost $0 to SASD's budget fund.
[2018/2/1 - 3:00:13] Vehicle ID 286 (Slot ID 143) Maintainence fee cost $0 to SASD's budget fund.
[2018/2/1 - 3:00:13] Vehicle ID 288 (Slot ID 145) Maintainence fee cost $0 to SASD's budget fund.
[2018/2/1 - 3:00:13] Vehicle ID 289 (Slot ID 147) Maintainence fee cost $0 to SASD's budget fund.
[2018/2/1 - 3:00:13] Vehicle ID 296 (Slot ID 154) Maintainence fee cost $0 to SASD's budget fund.
[2018/2/1 - 3:00:13] Vehicle ID 302 (Slot ID 161) Maintainence fee cost $0 to SASD's budget fund.
[2018/2/1 - 3:00:13] Vehicle ID 305 (Slot ID 165) Maintainence fee cost $0 to SASD's budget fund.
[2018/2/1 - 3:00:13] Vehicle ID 312 (Slot ID 175) Maintainence fee cost $0 to SASD's budget fund.
[2018/2/1 - 3:00:13] Vehicle ID 318 (Slot ID 183) Maintainence fee cost $0 to SASD's budget fund.
[2018/2/1 - 3:00:13] Vehicle ID 332 (Slot ID 198) Maintainence fee cost $0 to SASD's budget fund.
[2018/2/1 - 3:00:13] Vehicle ID 339 (Slot ID 206) Maintainence fee cost $0 to SASD's budget fund.
[2018/2/1 - 3:00:13] Vehicle ID 351 (Slot ID 222) Maintainence fee cost $0 to SASD's budget fund.
[2018/2/1 - 3:00:13] Vehicle ID 354 (Slot ID 226) Maintainence fee cost $0 to SASD's budget fund.
[2018/2/1 - 3:00:13] Vehicle ID 360 (Slot ID 231) Maintainence fee cost $0 to SASD's budget fund.
[2018/2/1 - 3:00:13] Vehicle ID 295 (Slot ID 267) Maintainence fee cost $0 to SASD's budget fund.
[2018/2/1 - 3:00:13] Vehicle ID 395 (Slot ID 284) Maintainence fee cost $0 to SASD's budget fund.
[2018/2/1 - 3:00:13] Vehicle ID 346 (Slot ID 296) Maintainence fee cost $0 to SASD's budget fund.
[2018/2/1 - 3:00:13] Vehicle ID 404 (Slot ID 315) Maintainence fee cost $0 to SASD's budget fund.
[2018/2/1 - 3:00:13] Vehicle ID 408 (Slot ID 338) Maintainence fee cost $0 to SASD's budget fund.
[2018/2/1 - 3:00:13] Vehicle ID 416 (Slot ID 339) Maintainence fee cost $0 to SASD's budget fund.
[2018/2/1 - 3:00:13] Vehicle ID 418 (Slot ID 340) Maintainence fee cost $0 to SASD's budget fund.
[2018/2/1 - 3:00:13] Vehicle ID 439 (Slot ID 341) Maintainence fee cost $0 to SASD's budget fund.
[2018/2/1 - 3:00:13] Vehicle ID 440 (Slot ID 454) Maintainence fee cost $0 to SASD's budget fund.
[2018/2/1 - 3:00:13] Vehicle ID 345 (Slot ID 507) Maintainence fee cost $0 to SASD's budget fund.
[2018/2/1 - 3:00:13] Vehicle ID 442 (Slot ID 545) Maintainence fee cost $0 to SASD's budget fund.
[2018/2/1 - 3:10:06] Vehicle Slot ID 161 RTB fee cost $0 to SASD's budget fund.
[2018/2/1 - 3:17:35] Vincenzo Luciano has been paid $45,000 from SASD's budget.
[2018/2/1 - 3:21:32] Micheal Connolly has been paid $15,000 from SASD's budget.
[2018/2/1 - 3:25:04] Micheal Connolly took a vest out of the SASD locker at a cost of 1 HG Material.
[2018/2/1 - 3:47:29] Scott R. Mclaren has been paid $35,000 from SASD's budget.
[2018/2/1 - 4:00:21] The faction vault is at $63,128,521.
[2018/2/1 - 4:00:21] SA Gov Paid $100,000 to SASD budget fund.
[2018/2/1 - 4:00:21] Vehicle ID 191 (Slot ID 12) Maintainence fee cost $0 to SASD's budget fund.
[2018/2/1 - 4:00:21] Vehicle ID 193 (Slot ID 14) Maintainence fee cost $0 to SASD's budget fund.
[2018/2/1 - 4:00:21] Vehicle ID 209 (Slot ID 39) Maintainence fee cost $0 to SASD's budget fund.
[2018/2/1 - 4:00:21] Vehicle ID 210 (Slot ID 42) Maintainence fee cost $0 to SASD's budget fund.
[2018/2/1 - 4:00:21] Vehicle ID 212 (Slot ID 45) Maintainence fee cost $0 to SASD's budget fund.
[2018/2/1 - 4:00:21] Vehicle ID 217 (Slot ID 55) Maintainence fee cost $0 to SASD's budget fund.
[2018/2/1 - 4:00:21] Vehicle ID 225 (Slot ID 67) Maintainence fee cost $0 to SASD's budget fund.
[2018/2/1 - 4:00:21] Vehicle ID 241 (Slot ID 85) Maintainence fee cost $0 to SASD's budget fund.
[2018/2/1 - 4:00:21] Vehicle ID 255 (Slot ID 104) Maintainence fee cost $0 to SASD's budget fund.
[2018/2/1 - 4:00:21] Vehicle ID 257 (Slot ID 106) Maintainence fee cost $0 to SASD's budget fund.
[2018/2/1 - 4:00:21] Vehicle ID 260 (Slot ID 109) Maintainence fee cost $0 to SASD's budget fund.
[2018/2/1 - 4:00:21] Vehicle ID 261 (Slot ID 110) Maintainence fee cost $0 to SASD's budget fund.
[2018/2/1 - 4:00:21] Vehicle ID 266 (Slot ID 116) Maintainence fee cost $0 to SASD's budget fund.
[2018/2/1 - 4:00:21] Vehicle ID 273 (Slot ID 128) Maintainence fee cost $0 to SASD's budget fund.
[2018/2/1 - 4:00:21] Vehicle ID 279 (Slot ID 136) Maintainence fee cost $0 to SASD's budget fund.
[2018/2/1 - 4:00:21] Vehicle ID 285 (Slot ID 142) Maintainence fee cost $0 to SASD's budget fund.
[2018/2/1 - 4:00:21] Vehicle ID 286 (Slot ID 143) Maintainence fee cost $0 to SASD's budget fund.
[2018/2/1 - 4:00:21] Vehicle ID 288 (Slot ID 145) Maintainence fee cost $0 to SASD's budget fund.
[2018/2/1 - 4:00:21] Vehicle ID 289 (Slot ID 147) Maintainence fee cost $0 to SASD's budget fund.
[2018/2/1 - 4:00:21] Vehicle ID 296 (Slot ID 154) Maintainence fee cost $0 to SASD's budget fund.
[2018/2/1 - 4:00:21] Vehicle ID 302 (Slot ID 161) Maintainence fee cost $0 to SASD's budget fund.
[2018/2/1 - 4:00:21] Vehicle ID 305 (Slot ID 165) Maintainence fee cost $0 to SASD's budget fund.
[2018/2/1 - 4:00:21] Vehicle ID 312 (Slot ID 175) Maintainence fee cost $0 to SASD's budget fund.
[2018/2/1 - 4:00:21] Vehicle ID 318 (Slot ID 183) Maintainence fee cost $0 to SASD's budget fund.
[2018/2/1 - 4:00:21] Vehicle ID 332 (Slot ID 198) Maintainence fee cost $0 to SASD's budget fund.
[2018/2/1 - 4:00:21] Vehicle ID 339 (Slot ID 206) Maintainence fee cost $0 to SASD's budget fund.
[2018/2/1 - 4:00:21] Vehicle ID 351 (Slot ID 222) Maintainence fee cost $0 to SASD's budget fund.
[2018/2/1 - 4:00:21] Vehicle ID 354 (Slot ID 226) Maintainence fee cost $0 to SASD's budget fund.
[2018/2/1 - 4:00:21] Vehicle ID 360 (Slot ID 231) Maintainence fee cost $0 to SASD's budget fund.
[2018/2/1 - 4:00:21] Vehicle ID 295 (Slot ID 267) Maintainence fee cost $0 to SASD's budget fund.
[2018/2/1 - 4:00:21] Vehicle ID 395 (Slot ID 284) Maintainence fee cost $0 to SASD's budget fund.
[2018/2/1 - 4:00:21] Vehicle ID 346 (Slot ID 296) Maintainence fee cost $0 to SASD's budget fund.
[2018/2/1 - 4:00:21] Vehicle ID 404 (Slot ID 315) Maintainence fee cost $0 to SASD's budget fund.
[2018/2/1 - 4:00:21] Vehicle ID 408 (Slot ID 338) Maintainence fee cost $0 to SASD's budget fund.
[2018/2/1 - 4:00:21] Vehicle ID 416 (Slot ID 339) Maintainence fee cost $0 to SASD's budget fund.
[2018/2/1 - 4:00:21] Vehicle ID 418 (Slot ID 340) Maintainence fee cost $0 to SASD's budget fund.
[2018/2/1 - 4:00:21] Vehicle ID 439 (Slot ID 341) Maintainence fee cost $0 to SASD's budget fund.
[2018/2/1 - 4:00:21] Vehicle ID 440 (Slot ID 454) Maintainence fee cost $0 to SASD's budget fund.
[2018/2/1 - 4:00:21] Vehicle ID 345 (Slot ID 507) Maintainence fee cost $0 to SASD's budget fund.
[2018/2/1 - 4:00:21] Vehicle ID 442 (Slot ID 545) Maintainence fee cost $0 to SASD's budget fund.
[2018/2/1 - 4:00:28] Vehicle Slot ID 341 RTB fee cost $0 to SASD's budget fund.
[2018/2/1 - 4:01:12] Vehicle Slot ID 104 RTB fee cost $0 to SASD's budget fund.
[2018/2/1 - 4:19:18] Vehicle Slot ID 12 RTB fee cost $0 to SASD's budget fund.
[2018/2/1 - 4:20:06] Micheal Connolly took a vest out of the SASD locker at a cost of 1 HG Material.
[2018/2/1 - 4:20:12] Micheal Connolly took a med kit & vest out of the SASD locker at a cost of 1 HG Material.
[2018/2/1 - 4:20:32] Micheal Connolly took a med kit & vest out of the SASD locker at a cost of 1 HG Material.
[2018/2/1 - 4:25:49] Micheal Connolly has been paid $15,000 from SASD's budget.
[2018/2/1 - 4:29:36] Scott R. McLaren took a vest out of the SASD locker at a cost of 1 HG Material.
[2018/2/1 - 4:43:51] Scott R. McLaren took a vest out of the SASD locker at a cost of 1 HG Material.
[2018/2/1 - 4:44:32] Scott R. McLaren took a med kit & vest out of the SASD locker at a cost of 1 HG Material.
[2018/2/1 - 4:44:47] Scott R. McLaren took a med kit & vest out of the SASD locker at a cost of 1 HG Material.
[2018/2/1 - 4:50:54] Scott R. McLaren has been paid $40,000 from SASD's budget.
[2018/2/1 - 4:57:10] Shakira Speed has been paid $15,000 from SASD's budget.
[2018/2/1 - 5:00:29] The faction vault is at $63,164,721.
[2018/2/1 - 5:00:29] SA Gov Paid $100,000 to SASD budget fund.
[2018/2/1 - 5:00:29] Vehicle ID 191 (Slot ID 12) Maintainence fee cost $0 to SASD's budget fund.
[2018/2/1 - 5:00:29] Vehicle ID 193 (Slot ID 14) Maintainence fee cost $0 to SASD's budget fund.
[2018/2/1 - 5:00:29] Vehicle ID 209 (Slot ID 39) Maintainence fee cost $0 to SASD's budget fund.
[2018/2/1 - 5:00:29] Vehicle ID 210 (Slot ID 42) Maintainence fee cost $0 to SASD's budget fund.
[2018/2/1 - 5:00:29] Vehicle ID 212 (Slot ID 45) Maintainence fee cost $0 to SASD's budget fund.
[2018/2/1 - 5:00:29] Vehicle ID 217 (Slot ID 55) Maintainence fee cost $0 to SASD's budget fund.
[2018/2/1 - 5:00:29] Vehicle ID 225 (Slot ID 67) Maintainence fee cost $0 to SASD's budget fund.
[2018/2/1 - 5:00:29] Vehicle ID 241 (Slot ID 85) Maintainence fee cost $0 to SASD's budget fund.
[2018/2/1 - 5:00:29] Vehicle ID 255 (Slot ID 104) Maintainence fee cost $0 to SASD's budget fund.
[2018/2/1 - 5:00:29] Vehicle ID 257 (Slot ID 106) Maintainence fee cost $0 to SASD's budget fund.
[2018/2/1 - 5:00:29] Vehicle ID 260 (Slot ID 109) Maintainence fee cost $0 to SASD's budget fund.
[2018/2/1 - 5:00:29] Vehicle ID 261 (Slot ID 110) Maintainence fee cost $0 to SASD's budget fund.
[2018/2/1 - 5:00:29] Vehicle ID 266 (Slot ID 116) Maintainence fee cost $0 to SASD's budget fund.
[2018/2/1 - 5:00:29] Vehicle ID 273 (Slot ID 128) Maintainence fee cost $0 to SASD's budget fund.
[2018/2/1 - 5:00:29] Vehicle ID 279 (Slot ID 136) Maintainence fee cost $0 to SASD's budget fund.
[2018/2/1 - 5:00:29] Vehicle ID 285 (Slot ID 142) Maintainence fee cost $0 to SASD's budget fund.
[2018/2/1 - 5:00:29] Vehicle ID 286 (Slot ID 143) Maintainence fee cost $0 to SASD's budget fund.
[2018/2/1 - 5:00:29] Vehicle ID 288 (Slot ID 145) Maintainence fee cost $0 to SASD's budget fund.
[2018/2/1 - 5:00:29] Vehicle ID 289 (Slot ID 147) Maintainence fee cost $0 to SASD's budget fund.
[2018/2/1 - 5:00:29] Vehicle ID 296 (Slot ID 154) Maintainence fee cost $0 to SASD's budget fund.
[2018/2/1 - 5:00:29] Vehicle ID 302 (Slot ID 161) Maintainence fee cost $0 to SASD's budget fund.
[2018/2/1 - 5:00:29] Vehicle ID 305 (Slot ID 165) Maintainence fee cost $0 to SASD's budget fund.
[2018/2/1 - 5:00:29] Vehicle ID 312 (Slot ID 175) Maintainence fee cost $0 to SASD's budget fund.
[2018/2/1 - 5:00:29] Vehicle ID 318 (Slot ID 183) Maintainence fee cost $0 to SASD's budget fund.
[2018/2/1 - 5:00:29] Vehicle ID 332 (Slot ID 198) Maintainence fee cost $0 to SASD's budget fund.
[2018/2/1 - 5:00:29] Vehicle ID 339 (Slot ID 206) Maintainence fee cost $0 to SASD's budget fund.
[2018/2/1 - 5:00:29] Vehicle ID 351 (Slot ID 222) Maintainence fee cost $0 to SASD's budget fund.
[2018/2/1 - 5:00:29] Vehicle ID 354 (Slot ID 226) Maintainence fee cost $0 to SASD's budget fund.
[2018/2/1 - 5:00:29] Vehicle ID 360 (Slot ID 231) Maintainence fee cost $0 to SASD's budget fund.
[2018/2/1 - 5:00:29] Vehicle ID 295 (Slot ID 267) Maintainence fee cost $0 to SASD's budget fund.
[2018/2/1 - 5:00:29] Vehicle ID 395 (Slot ID 284) Maintainence fee cost $0 to SASD's budget fund.
[2018/2/1 - 5:00:29] Vehicle ID 346 (Slot ID 296) Maintainence fee cost $0 to SASD's budget fund.
[2018/2/1 - 5:00:29] Vehicle ID 404 (Slot ID 315) Maintainence fee cost $0 to SASD's budget fund.
[2018/2/1 - 5:00:29] Vehicle ID 408 (Slot ID 338) Maintainence fee cost $0 to SASD's budget fund.
[2018/2/1 - 5:00:29] Vehicle ID 416 (Slot ID 339) Maintainence fee cost $0 to SASD's budget fund.
[2018/2/1 - 5:00:29] Vehicle ID 418 (Slot ID 340) Maintainence fee cost $0 to SASD's budget fund.
[2018/2/1 - 5:00:29] Vehicle ID 439 (Slot ID 341) Maintainence fee cost $0 to SASD's budget fund.
[2018/2/1 - 5:00:29] Vehicle ID 440 (Slot ID 454) Maintainence fee cost $0 to SASD's budget fund.
[2018/2/1 - 5:00:29] Vehicle ID 345 (Slot ID 507) Maintainence fee cost $0 to SASD's budget fund.
[2018/2/1 - 5:00:29] Vehicle ID 442 (Slot ID 545) Maintainence fee cost $0 to SASD's budget fund.
[2018/2/1 - 5:12:04] Vehicle Slot ID 12 RTB fee cost $0 to SASD's budget fund.
[2018/2/1 - 5:28:54] Micheal Connolly has been paid $15,000 from SASD's budget.
[2018/2/1 - 5:44:38] Scott R. McLaren has repaired vehicle 289 at a cost of $2,500 to SASD's budget fund.
[2018/2/1 - 5:47:39] Micheal Connolly has repaired vehicle 191 at a cost of $0 to SASD's budget fund.
[2018/2/1 - 5:47:43] Scott R. McLaren has repaired vehicle 289 at a cost of $2,500 to SASD's budget fund.
[2018/2/1 - 5:53:59] Scott R. McLaren has been paid $40,000 from SASD's budget.
[2018/2/1 - 6:00:34] The faction vault is at $63,218,721.
[2018/2/1 - 6:00:34] SA Gov Paid $100,000 to SASD budget fund.
[2018/2/1 - 6:00:34] Vehicle ID 191 (Slot ID 12) Maintainence fee cost $0 to SASD's budget fund.
[2018/2/1 - 6:00:34] Vehicle ID 193 (Slot ID 14) Maintainence fee cost $0 to SASD's budget fund.
[2018/2/1 - 6:00:34] Vehicle ID 209 (Slot ID 39) Maintainence fee cost $0 to SASD's budget fund.
[2018/2/1 - 6:00:34] Vehicle ID 210 (Slot ID 42) Maintainence fee cost $0 to SASD's budget fund.
[2018/2/1 - 6:00:34] Vehicle ID 212 (Slot ID 45) Maintainence fee cost $0 to SASD's budget fund.
[2018/2/1 - 6:00:34] Vehicle ID 217 (Slot ID 55) Maintainence fee cost $0 to SASD's budget fund.
[2018/2/1 - 6:00:34] Vehicle ID 225 (Slot ID 67) Maintainence fee cost $0 to SASD's budget fund.
[2018/2/1 - 6:00:34] Vehicle ID 241 (Slot ID 85) Maintainence fee cost $0 to SASD's budget fund.
[2018/2/1 - 6:00:34] Vehicle ID 255 (Slot ID 104) Maintainence fee cost $0 to SASD's budget fund.
[2018/2/1 - 6:00:34] Vehicle ID 257 (Slot ID 106) Maintainence fee cost $0 to SASD's budget fund.
[2018/2/1 - 6:00:34] Vehicle ID 260 (Slot ID 109) Maintainence fee cost $0 to SASD's budget fund.
[2018/2/1 - 6:00:34] Vehicle ID 261 (Slot ID 110) Maintainence fee cost $0 to SASD's budget fund.
[2018/2/1 - 6:00:34] Vehicle ID 266 (Slot ID 116) Maintainence fee cost $0 to SASD's budget fund.
[2018/2/1 - 6:00:34] Vehicle ID 273 (Slot ID 128) Maintainence fee cost $0 to SASD's budget fund.
[2018/2/1 - 6:00:34] Vehicle ID 279 (Slot ID 136) Maintainence fee cost $0 to SASD's budget fund.
[2018/2/1 - 6:00:34] Vehicle ID 285 (Slot ID 142) Maintainence fee cost $0 to SASD's budget fund.
[2018/2/1 - 6:00:34] Vehicle ID 286 (Slot ID 143) Maintainence fee cost $0 to SASD's budget fund.
[2018/2/1 - 6:00:34] Vehicle ID 288 (Slot ID 145) Maintainence fee cost $0 to SASD's budget fund.
[2018/2/1 - 6:00:34] Vehicle ID 289 (Slot ID 147) Maintainence fee cost $0 to SASD's budget fund.
[2018/2/1 - 6:00:34] Vehicle ID 296 (Slot ID 154) Maintainence fee cost $0 to SASD's budget fund.
[2018/2/1 - 6:00:34] Vehicle ID 302 (Slot ID 161) Maintainence fee cost $0 to SASD's budget fund.
[2018/2/1 - 6:00:34] Vehicle ID 305 (Slot ID 165) Maintainence fee cost $0 to SASD's budget fund.
[2018/2/1 - 6:00:34] Vehicle ID 312 (Slot ID 175) Maintainence fee cost $0 to SASD's budget fund.
[2018/2/1 - 6:00:34] Vehicle ID 318 (Slot ID 183) Maintainence fee cost $0 to SASD's budget fund.
[2018/2/1 - 6:00:34] Vehicle ID 332 (Slot ID 198) Maintainence fee cost $0 to SASD's budget fund.
[2018/2/1 - 6:00:34] Vehicle ID 339 (Slot ID 206) Maintainence fee cost $0 to SASD's budget fund.
[2018/2/1 - 6:00:34] Vehicle ID 351 (Slot ID 222) Maintainence fee cost $0 to SASD's budget fund.
[2018/2/1 - 6:00:34] Vehicle ID 354 (Slot ID 226) Maintainence fee cost $0 to SASD's budget fund.
[2018/2/1 - 6:00:34] Vehicle ID 360 (Slot ID 231) Maintainence fee cost $0 to SASD's budget fund.
[2018/2/1 - 6:00:34] Vehicle ID 295 (Slot ID 267) Maintainence fee cost $0 to SASD's budget fund.
[2018/2/1 - 6:00:34] Vehicle ID 395 (Slot ID 284) Maintainence fee cost $0 to SASD's budget fund.
[2018/2/1 - 6:00:34] Vehicle ID 346 (Slot ID 296) Maintainence fee cost $0 to SASD's budget fund.
[2018/2/1 - 6:00:34] Vehicle ID 404 (Slot ID 315) Maintainence fee cost $0 to SASD's budget fund.
[2018/2/1 - 6:00:34] Vehicle ID 408 (Slot ID 338) Maintainence fee cost $0 to SASD's budget fund.
[2018/2/1 - 6:00:34] Vehicle ID 416 (Slot ID 339) Maintainence fee cost $0 to SASD's budget fund.
[2018/2/1 - 6:00:34] Vehicle ID 418 (Slot ID 340) Maintainence fee cost $0 to SASD's budget fund.
[2018/2/1 - 6:00:34] Vehicle ID 439 (Slot ID 341) Maintainence fee cost $0 to SASD's budget fund.
[2018/2/1 - 6:00:34] Vehicle ID 440 (Slot ID 454) Maintainence fee cost $0 to SASD's budget fund.
[2018/2/1 - 6:00:34] Vehicle ID 345 (Slot ID 507) Maintainence fee cost $0 to SASD's budget fund.
[2018/2/1 - 6:00:34] Vehicle ID 442 (Slot ID 545) Maintainence fee cost $0 to SASD's budget fund.
[2018/2/1 - 6:06:29] Scott R. McLaren has repaired vehicle 289 at a cost of $2,500 to SASD's budget fund.
[2018/2/1 - 6:06:51] Francisco Kleinman has been arrested by Micheal Connolly for 5 minutes and fined $25000. $8333 has been sent to SASD's budget fund.
[2018/2/1 - 6:16:29] Vehicle Slot ID 14 RTB fee cost $0 to SASD's budget fund.
[2018/2/1 - 6:19:40] Vehicle Slot ID 12 RTB fee cost $0 to SASD's budget fund.
[2018/2/1 - 6:32:15] Micheal Connolly has been paid $15,000 from SASD's budget.
[2018/2/1 - 6:32:18] Vincenzo Luciano has repaired vehicle 209 at a cost of $2,500 to SASD's budget fund.
[2018/2/1 - 6:33:55] Shakira Speed has refueled vehicle 360 at a cost of $50000 to SASD's budget fund.
[2018/2/1 - 6:37:39] Vincenzo Luciano has been paid $45,000 from SASD's budget.
[2018/2/1 - 6:48:30] Scott R. McLaren took a vest out of the SASD locker at a cost of 1 HG Material.
[2018/2/1 - 6:48:35] Scott R. McLaren took a vest out of the SASD locker at a cost of 1 HG Material.
[2018/2/1 - 6:49:15] Vincenzo Luciano took a vest out of the SASD locker at a cost of 1 HG Material.
[2018/2/1 - 6:55:30] Vehicle Slot ID 12 RTB fee cost $0 to SASD's budget fund.
[2018/2/1 - 6:55:30] Vehicle Slot ID 14 RTB fee cost $0 to SASD's budget fund.
[2018/2/1 - 6:55:30] Vehicle Slot ID 39 RTB fee cost $0 to SASD's budget fund.
[2018/2/1 - 6:55:30] Vehicle Slot ID 42 RTB fee cost $0 to SASD's budget fund.
[2018/2/1 - 6:55:30] Vehicle Slot ID 45 RTB fee cost $0 to SASD's budget fund.
[2018/2/1 - 6:55:30] Vehicle Slot ID 55 RTB fee cost $0 to SASD's budget fund.
[2018/2/1 - 6:55:30] Vehicle Slot ID 67 RTB fee cost $0 to SASD's budget fund.
[2018/2/1 - 6:55:30] Vehicle Slot ID 85 RTB fee cost $0 to SASD's budget fund.
[2018/2/1 - 6:55:30] Vehicle Slot ID 104 RTB fee cost $0 to SASD's budget fund.
[2018/2/1 - 6:55:30] Vehicle Slot ID 106 RTB fee cost $0 to SASD's budget fund.
[2018/2/1 - 6:55:30] Vehicle Slot ID 109 RTB fee cost $0 to SASD's budget fund.
[2018/2/1 - 6:55:30] Vehicle Slot ID 110 RTB fee cost $0 to SASD's budget fund.
[2018/2/1 - 6:55:30] Vehicle Slot ID 116 RTB fee cost $0 to SASD's budget fund.
[2018/2/1 - 6:55:30] Vehicle Slot ID 128 RTB fee cost $0 to SASD's budget fund.
[2018/2/1 - 6:55:30] Vehicle Slot ID 136 RTB fee cost $0 to SASD's budget fund.
[2018/2/1 - 6:55:30] Vehicle Slot ID 142 RTB fee cost $0 to SASD's budget fund.
[2018/2/1 - 6:55:30] Vehicle Slot ID 143 RTB fee cost $0 to SASD's budget fund.
[2018/2/1 - 6:55:30] Vehicle Slot ID 145 RTB fee cost $0 to SASD's budget fund.
[2018/2/1 - 6:55:30] Vehicle Slot ID 147 RTB fee cost $0 to SASD's budget fund.
[2018/2/1 - 6:55:30] Vehicle Slot ID 154 RTB fee cost $0 to SASD's budget fund.
[2018/2/1 - 6:55:30] Vehicle Slot ID 161 RTB fee cost $0 to SASD's budget fund.
[2018/2/1 - 6:55:30] Vehicle Slot ID 165 RTB fee cost $0 to SASD's budget fund.
[2018/2/1 - 6:55:30] Vehicle Slot ID 175 RTB fee cost $0 to SASD's budget fund.
[2018/2/1 - 6:55:30] Vehicle Slot ID 198 RTB fee cost $0 to SASD's budget fund.
[2018/2/1 - 6:55:30] Vehicle Slot ID 206 RTB fee cost $0 to SASD's budget fund.
[2018/2/1 - 6:55:30] Vehicle Slot ID 222 RTB fee cost $0 to SASD's budget fund.
[2018/2/1 - 6:55:30] Vehicle Slot ID 226 RTB fee cost $0 to SASD's budget fund.
[2018/2/1 - 6:55:30] Vehicle Slot ID 231 RTB fee cost $0 to SASD's budget fund.
[2018/2/1 - 6:55:30] Vehicle Slot ID 267 RTB fee cost $0 to SASD's budget fund.
[2018/2/1 - 6:55:30] Vehicle Slot ID 284 RTB fee cost $0 to SASD's budget fund.
[2018/2/1 - 6:55:30] Vehicle Slot ID 296 RTB fee cost $0 to SASD's budget fund.
[2018/2/1 - 6:55:30] Vehicle Slot ID 315 RTB fee cost $0 to SASD's budget fund.
[2018/2/1 - 6:55:30] Vehicle Slot ID 338 RTB fee cost $0 to SASD's budget fund.
[2018/2/1 - 6:55:30] Vehicle Slot ID 339 RTB fee cost $0 to SASD's budget fund.
[2018/2/1 - 6:55:30] Vehicle Slot ID 340 RTB fee cost $0 to SASD's budget fund.
[2018/2/1 - 6:55:30] Vehicle Slot ID 341 RTB fee cost $0 to SASD's budget fund.
[2018/2/1 - 6:55:30] Vehicle Slot ID 454 RTB fee cost $0 to SASD's budget fund.
[2018/2/1 - 6:55:30] Vehicle Slot ID 507 RTB fee cost $0 to SASD's budget fund.
[2018/2/1 - 6:55:30] Vehicle Slot ID 545 RTB fee cost $0 to SASD's budget fund.
[2018/2/1 - 6:57:27] Scott R. McLaren has been paid $40,000 from SASD's budget.
[2018/2/1 - 7:00:38] The faction vault is at $63,183,654.
[2018/2/1 - 7:00:38] SA Gov Paid $100,000 to SASD budget fund.
[2018/2/1 - 7:00:38] Vehicle ID 191 (Slot ID 12) Maintainence fee cost $0 to SASD's budget fund.
[2018/2/1 - 7:00:38] Vehicle ID 193 (Slot ID 14) Maintainence fee cost $0 to SASD's budget fund.
[2018/2/1 - 7:00:38] Vehicle ID 209 (Slot ID 39) Maintainence fee cost $0 to SASD's budget fund.
[2018/2/1 - 7:00:38] Vehicle ID 210 (Slot ID 42) Maintainence fee cost $0 to SASD's budget fund.
[2018/2/1 - 7:00:38] Vehicle ID 212 (Slot ID 45) Maintainence fee cost $0 to SASD's budget fund.
[2018/2/1 - 7:00:38] Vehicle ID 217 (Slot ID 55) Maintainence fee cost $0 to SASD's budget fund.
[2018/2/1 - 7:00:38] Vehicle ID 225 (Slot ID 67) Maintainence fee cost $0 to SASD's budget fund.
[2018/2/1 - 7:00:38] Vehicle ID 241 (Slot ID 85) Maintainence fee cost $0 to SASD's budget fund.
[2018/2/1 - 7:00:38] Vehicle ID 255 (Slot ID 104) Maintainence fee cost $0 to SASD's budget fund.
[2018/2/1 - 7:00:38] Vehicle ID 257 (Slot ID 106) Maintainence fee cost $0 to SASD's budget fund.
[2018/2/1 - 7:00:38] Vehicle ID 260 (Slot ID 109) Maintainence fee cost $0 to SASD's budget fund.
[2018/2/1 - 7:00:38] Vehicle ID 261 (Slot ID 110) Maintainence fee cost $0 to SASD's budget fund.
[2018/2/1 - 7:00:38] Vehicle ID 266 (Slot ID 116) Maintainence fee cost $0 to SASD's budget fund.
[2018/2/1 - 7:00:38] Vehicle ID 273 (Slot ID 128) Maintainence fee cost $0 to SASD's budget fund.
[2018/2/1 - 7:00:38] Vehicle ID 279 (Slot ID 136) Maintainence fee cost $0 to SASD's budget fund.
[2018/2/1 - 7:00:38] Vehicle ID 285 (Slot ID 142) Maintainence fee cost $0 to SASD's budget fund.
[2018/2/1 - 7:00:38] Vehicle ID 286 (Slot ID 143) Maintainence fee cost $0 to SASD's budget fund.
[2018/2/1 - 7:00:38] Vehicle ID 288 (Slot ID 145) Maintainence fee cost $0 to SASD's budget fund.
[2018/2/1 - 7:00:38] Vehicle ID 289 (Slot ID 147) Maintainence fee cost $0 to SASD's budget fund.
[2018/2/1 - 7:00:38] Vehicle ID 296 (Slot ID 154) Maintainence fee cost $0 to SASD's budget fund.
[2018/2/1 - 7:00:38] Vehicle ID 302 (Slot ID 161) Maintainence fee cost $0 to SASD's budget fund.
[2018/2/1 - 7:00:38] Vehicle ID 305 (Slot ID 165) Maintainence fee cost $0 to SASD's budget fund.
[2018/2/1 - 7:00:38] Vehicle ID 312 (Slot ID 175) Maintainence fee cost $0 to SASD's budget fund.
[2018/2/1 - 7:00:38] Vehicle ID 318 (Slot ID 183) Maintainence fee cost $0 to SASD's budget fund.
[2018/2/1 - 7:00:38] Vehicle ID 332 (Slot ID 198) Maintainence fee cost $0 to SASD's budget fund.
[2018/2/1 - 7:00:38] Vehicle ID 339 (Slot ID 206) Maintainence fee cost $0 to SASD's budget fund.
[2018/2/1 - 7:00:38] Vehicle ID 351 (Slot ID 222) Maintainence fee cost $0 to SASD's budget fund.
[2018/2/1 - 7:00:38] Vehicle ID 354 (Slot ID 226) Maintainence fee cost $0 to SASD's budget fund.
[2018/2/1 - 7:00:38] Vehicle ID 360 (Slot ID 231) Maintainence fee cost $0 to SASD's budget fund.
[2018/2/1 - 7:00:38] Vehicle ID 295 (Slot ID 267) Maintainence fee cost $0 to SASD's budget fund.
[2018/2/1 - 7:00:38] Vehicle ID 395 (Slot ID 284) Maintainence fee cost $0 to SASD's budget fund.
[2018/2/1 - 7:00:38] Vehicle ID 346 (Slot ID 296) Maintainence fee cost $0 to SASD's budget fund.
[2018/2/1 - 7:00:38] Vehicle ID 404 (Slot ID 315) Maintainence fee cost $0 to SASD's budget fund.
[2018/2/1 - 7:00:38] Vehicle ID 408 (Slot ID 338) Maintainence fee cost $0 to SASD's budget fund.
[2018/2/1 - 7:00:38] Vehicle ID 416 (Slot ID 339) Maintainence fee cost $0 to SASD's budget fund.
[2018/2/1 - 7:00:38] Vehicle ID 418 (Slot ID 340) Maintainence fee cost $0 to SASD's budget fund.
[2018/2/1 - 7:00:38] Vehicle ID 439 (Slot ID 341) Maintainence fee cost $0 to SASD's budget fund.
[2018/2/1 - 7:00:38] Vehicle ID 440 (Slot ID 454) Maintainence fee cost $0 to SASD's budget fund.
[2018/2/1 - 7:00:38] Vehicle ID 345 (Slot ID 507) Maintainence fee cost $0 to SASD's budget fund.
[2018/2/1 - 7:00:38] Vehicle ID 442 (Slot ID 545) Maintainence fee cost $0 to SASD's budget fund.
[2018/2/1 - 7:14:14] Micheal Connolly took a med kit & vest out of the SASD locker at a cost of 1 HG Material.
[2018/2/1 - 7:14:29] Micheal Connolly took a med kit & vest out of the SASD locker at a cost of 1 HG Material.
[2018/2/1 - 7:17:37] Micheal Connolly took a med kit & vest out of the SASD locker at a cost of 1 HG Material.
[2018/2/1 - 7:30:35] Micheal Connolly has repaired vehicle 191 at a cost of $2,500 to SASD's budget fund.
[2018/2/1 - 7:35:31] Scott R. McLaren took a vest out of the SASD locker at a cost of 1 HG Material.
[2018/2/1 - 7:35:32] Scott R. McLaren took a vest out of the SASD locker at a cost of 1 HG Material.
[2018/2/1 - 7:36:39] Vincenzo Luciano has repaired vehicle 241 at a cost of $2,500 to SASD's budget fund.
[2018/2/1 - 7:38:20] Vincenzo Luciano took a vest out of the SASD locker at a cost of 1 HG Material.
[2018/2/1 - 7:41:26] Vincenzo Luciano has repaired vehicle 241 at a cost of $2,500 to SASD's budget fund.
[2018/2/1 - 7:49:26] Vincenzo Luciano took a vest out of the SASD locker at a cost of 1 HG Material.
[2018/2/1 - 7:51:13] Vehicle Slot ID 12 RTB fee cost $0 to SASD's budget fund.
[2018/2/1 - 8:00:42] The faction vault is at $63,271,554.
[2018/2/1 - 8:00:42] SA Gov Paid $100,000 to SASD budget fund.
[2018/2/1 - 8:00:42] Vehicle ID 191 (Slot ID 12) Maintainence fee cost $0 to SASD's budget fund.
[2018/2/1 - 8:00:42] Vehicle ID 193 (Slot ID 14) Maintainence fee cost $0 to SASD's budget fund.
[2018/2/1 - 8:00:42] Vehicle ID 209 (Slot ID 39) Maintainence fee cost $0 to SASD's budget fund.
[2018/2/1 - 8:00:42] Vehicle ID 210 (Slot ID 42) Maintainence fee cost $0 to SASD's budget fund.
[2018/2/1 - 8:00:42] Vehicle ID 212 (Slot ID 45) Maintainence fee cost $0 to SASD's budget fund.
[2018/2/1 - 8:00:42] Vehicle ID 217 (Slot ID 55) Maintainence fee cost $0 to SASD's budget fund.
[2018/2/1 - 8:00:42] Vehicle ID 225 (Slot ID 67) Maintainence fee cost $0 to SASD's budget fund.
[2018/2/1 - 8:00:42] Vehicle ID 241 (Slot ID 85) Maintainence fee cost $0 to SASD's budget fund.
[2018/2/1 - 8:00:42] Vehicle ID 255 (Slot ID 104) Maintainence fee cost $0 to SASD's budget fund.
[2018/2/1 - 8:00:42] Vehicle ID 260 (Slot ID 109) Maintainence fee cost $0 to SASD's budget fund.
[2018/2/1 - 8:00:42] Vehicle ID 261 (Slot ID 110) Maintainence fee cost $0 to SASD's budget fund.
[2018/2/1 - 8:00:42] Vehicle ID 266 (Slot ID 116) Maintainence fee cost $0 to SASD's budget fund.
[2018/2/1 - 8:00:42] Vehicle ID 273 (Slot ID 128) Maintainence fee cost $0 to SASD's budget fund.
[2018/2/1 - 8:00:42] Vehicle ID 279 (Slot ID 136) Maintainence fee cost $0 to SASD's budget fund.
[2018/2/1 - 8:00:42] Vehicle ID 285 (Slot ID 142) Maintainence fee cost $0 to SASD's budget fund.
[2018/2/1 - 8:00:42] Vehicle ID 286 (Slot ID 143) Maintainence fee cost $0 to SASD's budget fund.
[2018/2/1 - 8:00:42] Vehicle ID 288 (Slot ID 145) Maintainence fee cost $0 to SASD's budget fund.
[2018/2/1 - 8:00:42] Vehicle ID 289 (Slot ID 147) Maintainence fee cost $0 to SASD's budget fund.
[2018/2/1 - 8:00:42] Vehicle ID 296 (Slot ID 154) Maintainence fee cost $0 to SASD's budget fund.
[2018/2/1 - 8:00:42] Vehicle ID 302 (Slot ID 161) Maintainence fee cost $0 to SASD's budget fund.
[2018/2/1 - 8:00:42] Vehicle ID 305 (Slot ID 165) Maintainence fee cost $0 to SASD's budget fund.
[2018/2/1 - 8:00:42] Vehicle ID 312 (Slot ID 175) Maintainence fee cost $0 to SASD's budget fund.
[2018/2/1 - 8:00:42] Vehicle ID 318 (Slot ID 183) Maintainence fee cost $0 to SASD's budget fund.
[2018/2/1 - 8:00:42] Vehicle ID 332 (Slot ID 198) Maintainence fee cost $0 to SASD's budget fund.
[2018/2/1 - 8:00:42] Vehicle ID 339 (Slot ID 206) Maintainence fee cost $0 to SASD's budget fund.
[2018/2/1 - 8:00:42] Vehicle ID 351 (Slot ID 222) Maintainence fee cost $0 to SASD's budget fund.
[2018/2/1 - 8:00:42] Vehicle ID 354 (Slot ID 226) Maintainence fee cost $0 to SASD's budget fund.
[2018/2/1 - 8:00:42] Vehicle ID 360 (Slot ID 231) Maintainence fee cost $0 to SASD's budget fund.
[2018/2/1 - 8:00:42] Vehicle ID 295 (Slot ID 267) Maintainence fee cost $0 to SASD's budget fund.
[2018/2/1 - 8:00:42] Vehicle ID 395 (Slot ID 284) Maintainence fee cost $0 to SASD's budget fund.
[2018/2/1 - 8:00:42] Vehicle ID 346 (Slot ID 296) Maintainence fee cost $0 to SASD's budget fund.
[2018/2/1 - 8:00:42] Vehicle ID 404 (Slot ID 315) Maintainence fee cost $0 to SASD's budget fund.
[2018/2/1 - 8:00:42] Vehicle ID 408 (Slot ID 338) Maintainence fee cost $0 to SASD's budget fund.
[2018/2/1 - 8:00:42] Vehicle ID 416 (Slot ID 339) Maintainence fee cost $0 to SASD's budget fund.
[2018/2/1 - 8:00:42] Vehicle ID 418 (Slot ID 340) Maintainence fee cost $0 to SASD's budget fund.
[2018/2/1 - 8:00:42] Vehicle ID 439 (Slot ID 341) Maintainence fee cost $0 to SASD's budget fund.
[2018/2/1 - 8:00:42] Vehicle ID 440 (Slot ID 454) Maintainence fee cost $0 to SASD's budget fund.
[2018/2/1 - 8:00:42] Vehicle ID 345 (Slot ID 507) Maintainence fee cost $0 to SASD's budget fund.
[2018/2/1 - 8:00:42] Vehicle ID 442 (Slot ID 545) Maintainence fee cost $0 to SASD's budget fund.
[2018/2/1 - 8:00:43] Scott R. McLaren has been paid $40,000 from SASD's budget.
[2018/2/1 - 8:07:56] Micheal Connolly took a vest out of the SASD locker at a cost of 1 HG Material.
[2018/2/1 - 8:08:00] Micheal Connolly has been paid $15,000 from SASD's budget.
[2018/2/1 - 8:15:18] Micheal Connolly took a vest out of the SASD locker at a cost of 1 HG Material.
[2018/2/1 - 8:15:24] Micheal Connolly took a med kit & vest out of the SASD locker at a cost of 1 HG Material.
[2018/2/1 - 8:27:41] Scott R. Mclaren took a vest out of the SASD locker at a cost of 1 HG Material.
[2018/2/1 - 8:35:26] Micheal Connolly took a vest out of the SASD locker at a cost of 1 HG Material.
[2018/2/1 - 8:35:49] Micheal Connolly took a vest out of the SASD locker at a cost of 1 HG Material.
[2018/2/1 - 8:36:17] Kyros Omage has been paid $15,000 from SASD's budget.
[2018/2/1 - 8:40:39] Shakira Speed took a vest out of the SASD locker at a cost of 1 HG Material.
[2018/2/1 - 8:45:58] Kyros Omage has repaired vehicle 346 at a cost of $2,500 to SASD's budget fund.
[2018/2/1 - 8:49:46] Vehicle Slot ID 12 RTB fee cost $0 to SASD's budget fund.
[2018/2/1 - 8:56:43] Vehicle Slot ID 183 RTB fee cost $0 to SASD's budget fund.
[2018/2/1 - 8:58:53] Shakira Speed has repaired vehicle 302 at a cost of $2,500 to SASD's budget fund.
[2018/2/1 - 9:00:47] The faction vault is at $63,301,354.
[2018/2/1 - 9:00:47] SA Gov Paid $100,000 to SASD budget fund.
[2018/2/1 - 9:00:47] Vehicle ID 191 (Slot ID 12) Maintainence fee cost $0 to SASD's budget fund.
[2018/2/1 - 9:00:47] Vehicle ID 193 (Slot ID 14) Maintainence fee cost $0 to SASD's budget fund.
[2018/2/1 - 9:00:47] Vehicle ID 209 (Slot ID 39) Maintainence fee cost $0 to SASD's budget fund.
[2018/2/1 - 9:00:47] Vehicle ID 210 (Slot ID 42) Maintainence fee cost $0 to SASD's budget fund.
[2018/2/1 - 9:00:47] Vehicle ID 212 (Slot ID 45) Maintainence fee cost $0 to SASD's budget fund.
[2018/2/1 - 9:00:47] Vehicle ID 217 (Slot ID 55) Maintainence fee cost $0 to SASD's budget fund.
[2018/2/1 - 9:00:47] Vehicle ID 225 (Slot ID 67) Maintainence fee cost $0 to SASD's budget fund.
[2018/2/1 - 9:00:47] Vehicle ID 241 (Slot ID 85) Maintainence fee cost $0 to SASD's budget fund.
[2018/2/1 - 9:00:47] Vehicle ID 255 (Slot ID 104) Maintainence fee cost $0 to SASD's budget fund.
[2018/2/1 - 9:00:47] Vehicle ID 260 (Slot ID 109) Maintainence fee cost $0 to SASD's budget fund.
[2018/2/1 - 9:00:47] Vehicle ID 261 (Slot ID 110) Maintainence fee cost $0 to SASD's budget fund.
[2018/2/1 - 9:00:47] Vehicle ID 266 (Slot ID 116) Maintainence fee cost $0 to SASD's budget fund.
[2018/2/1 - 9:00:47] Vehicle ID 273 (Slot ID 128) Maintainence fee cost $0 to SASD's budget fund.
[2018/2/1 - 9:00:47] Vehicle ID 279 (Slot ID 136) Maintainence fee cost $0 to SASD's budget fund.
[2018/2/1 - 9:00:47] Vehicle ID 285 (Slot ID 142) Maintainence fee cost $0 to SASD's budget fund.
[2018/2/1 - 9:00:47] Vehicle ID 286 (Slot ID 143) Maintainence fee cost $0 to SASD's budget fund.
[2018/2/1 - 9:00:47] Vehicle ID 288 (Slot ID 145) Maintainence fee cost $0 to SASD's budget fund.
[2018/2/1 - 9:00:47] Vehicle ID 289 (Slot ID 147) Maintainence fee cost $0 to SASD's budget fund.
[2018/2/1 - 9:00:47] Vehicle ID 296 (Slot ID 154) Maintainence fee cost $0 to SASD's budget fund.
[2018/2/1 - 9:00:47] Vehicle ID 302 (Slot ID 161) Maintainence fee cost $0 to SASD's budget fund.
[2018/2/1 - 9:00:47] Vehicle ID 305 (Slot ID 165) Maintainence fee cost $0 to SASD's budget fund.
[2018/2/1 - 9:00:47] Vehicle ID 312 (Slot ID 175) Maintainence fee cost $0 to SASD's budget fund.
[2018/2/1 - 9:00:47] Vehicle ID 318 (Slot ID 183) Maintainence fee cost $0 to SASD's budget fund.
[2018/2/1 - 9:00:47] Vehicle ID 332 (Slot ID 198) Maintainence fee cost $0 to SASD's budget fund.
[2018/2/1 - 9:00:47] Vehicle ID 339 (Slot ID 206) Maintainence fee cost $0 to SASD's budget fund.
[2018/2/1 - 9:00:47] Vehicle ID 351 (Slot ID 222) Maintainence fee cost $0 to SASD's budget fund.
[2018/2/1 - 9:00:47] Vehicle ID 354 (Slot ID 226) Maintainence fee cost $0 to SASD's budget fund.
[2018/2/1 - 9:00:47] Vehicle ID 360 (Slot ID 231) Maintainence fee cost $0 to SASD's budget fund.
[2018/2/1 - 9:00:47] Vehicle ID 295 (Slot ID 267) Maintainence fee cost $0 to SASD's budget fund.
[2018/2/1 - 9:00:47] Vehicle ID 395 (Slot ID 284) Maintainence fee cost $0 to SASD's budget fund.
[2018/2/1 - 9:00:47] Vehicle ID 346 (Slot ID 296) Maintainence fee cost $0 to SASD's budget fund.
[2018/2/1 - 9:00:47] Vehicle ID 404 (Slot ID 315) Maintainence fee cost $0 to SASD's budget fund.
[2018/2/1 - 9:00:47] Vehicle ID 408 (Slot ID 338) Maintainence fee cost $0 to SASD's budget fund.
[2018/2/1 - 9:00:47] Vehicle ID 416 (Slot ID 339) Maintainence fee cost $0 to SASD's budget fund.
[2018/2/1 - 9:00:47] Vehicle ID 418 (Slot ID 340) Maintainence fee cost $0 to SASD's budget fund.
[2018/2/1 - 9:00:47] Vehicle ID 439 (Slot ID 341) Maintainence fee cost $0 to SASD's budget fund.
[2018/2/1 - 9:00:47] Vehicle ID 440 (Slot ID 454) Maintainence fee cost $0 to SASD's budget fund.
[2018/2/1 - 9:00:47] Vehicle ID 345 (Slot ID 507) Maintainence fee cost $0 to SASD's budget fund.
[2018/2/1 - 9:00:47] Vehicle ID 442 (Slot ID 545) Maintainence fee cost $0 to SASD's budget fund.
[2018/2/1 - 9:02:39] Kyros Omage took a vest out of the SASD locker at a cost of 1 HG Material.
[2018/2/1 - 9:04:07] Shakira Speed took a vest out of the SASD locker at a cost of 1 HG Material.
[2018/2/1 - 9:04:12] Shakira Speed took a med kit & vest out of the SASD locker at a cost of 1 HG Material.
[2018/2/1 - 9:04:37] Kyros Omage has repaired vehicle 346 at a cost of $2,000 to SASD's budget fund.
[2018/2/1 - 9:06:24] Scott R. Mclaren took a vest out of the SASD locker at a cost of 1 HG Material.
[2018/2/1 - 9:06:50] Michael J. Aachen took a vest out of the SASD locker at a cost of 1 HG Material.
[2018/2/1 - 9:07:57] Anthony Zelinski has been paid $40,000 from SASD's budget.
[2018/2/1 - 9:09:50] Micheal Connolly took a vest out of the SASD locker at a cost of 1 HG Material.
[2018/2/1 - 9:09:57] Scott R. Mclaren has been paid $40,000 from SASD's budget.
[2018/2/1 - 9:10:34] Alvin D. Carid took a vest out of the SASD locker at a cost of 1 HG Material.
[2018/2/1 - 9:11:10] Micheal Connolly has been paid $15,000 from SASD's budget.
[2018/2/1 - 9:11:12] Vehicle Slot ID 545 RTB fee cost $0 to SASD's budget fund.
[2018/2/1 - 9:11:20] Shakira Speed took a vest out of the SASD locker at a cost of 1 HG Material.
[2018/2/1 - 9:22:13] Anthony Zelinski took a vest out of the SASD locker at a cost of 1 HG Material.
[2018/2/1 - 9:22:44] Alvin D. Carid has been paid $20,000 from SASD's budget.
[2018/2/1 - 9:26:55] Michael J. Aachen has been paid $50,000 from SASD's budget.
[2018/2/1 - 9:28:59] Vehicle Slot ID 545 RTB fee cost $0 to SASD's budget fund.
[2018/2/1 - 9:34:01] Anthony Zelinski took a vest out of the SASD locker at a cost of 1 HG Material.
[2018/2/1 - 9:34:40] Anthony Zelinski has repaired vehicle 212 at a cost of $2,500 to SASD's budget fund.
[2018/2/1 - 9:49:59] Vehicle Slot ID 206 RTB fee cost $0 to SASD's budget fund.
[2018/2/1 - 9:52:40] Anthony Zelinski took a vest out of the SASD locker at a cost of 1 HG Material.
[2018/2/1 - 9:56:48] Vehicle Slot ID 165 RTB fee cost $0 to SASD's budget fund.
[2018/2/1 - 10:00:50] The faction vault is at $63,244,854.
[2018/2/1 - 10:00:50] SA Gov Paid $100,000 to SASD budget fund.
[2018/2/1 - 10:00:51] Vehicle ID 191 (Slot ID 12) Maintainence fee cost $0 to SASD's budget fund.
[2018/2/1 - 10:00:51] Vehicle ID 193 (Slot ID 14) Maintainence fee cost $0 to SASD's budget fund.
[2018/2/1 - 10:00:51] Vehicle ID 209 (Slot ID 39) Maintainence fee cost $0 to SASD's budget fund.
[2018/2/1 - 10:00:51] Vehicle ID 210 (Slot ID 42) Maintainence fee cost $0 to SASD's budget fund.
[2018/2/1 - 10:00:51] Vehicle ID 212 (Slot ID 45) Maintainence fee cost $0 to SASD's budget fund.
[2018/2/1 - 10:00:51] Vehicle ID 217 (Slot ID 55) Maintainence fee cost $0 to SASD's budget fund.
[2018/2/1 - 10:00:51] Vehicle ID 225 (Slot ID 67) Maintainence fee cost $0 to SASD's budget fund.
[2018/2/1 - 10:00:51] Vehicle ID 241 (Slot ID 85) Maintainence fee cost $0 to SASD's budget fund.
[2018/2/1 - 10:00:51] Vehicle ID 255 (Slot ID 104) Maintainence fee cost $0 to SASD's budget fund.
[2018/2/1 - 10:00:51] Vehicle ID 260 (Slot ID 109) Maintainence fee cost $0 to SASD's budget fund.
[2018/2/1 - 10:00:51] Vehicle ID 261 (Slot ID 110) Maintainence fee cost $0 to SASD's budget fund.
[2018/2/1 - 10:00:51] Vehicle ID 266 (Slot ID 116) Maintainence fee cost $0 to SASD's budget fund.
[2018/2/1 - 10:00:51] Vehicle ID 273 (Slot ID 128) Maintainence fee cost $0 to SASD's budget fund.
[2018/2/1 - 10:00:51] Vehicle ID 279 (Slot ID 136) Maintainence fee cost $0 to SASD's budget fund.
[2018/2/1 - 10:00:51] Vehicle ID 285 (Slot ID 142) Maintainence fee cost $0 to SASD's budget fund.
[2018/2/1 - 10:00:51] Vehicle ID 286 (Slot ID 143) Maintainence fee cost $0 to SASD's budget fund.
[2018/2/1 - 10:00:51] Vehicle ID 288 (Slot ID 145) Maintainence fee cost $0 to SASD's budget fund.
[2018/2/1 - 10:00:51] Vehicle ID 289 (Slot ID 147) Maintainence fee cost $0 to SASD's budget fund.
[2018/2/1 - 10:00:51] Vehicle ID 296 (Slot ID 154) Maintainence fee cost $0 to SASD's budget fund.
[2018/2/1 - 10:00:51] Vehicle ID 302 (Slot ID 161) Maintainence fee cost $0 to SASD's budget fund.
[2018/2/1 - 10:00:51] Vehicle ID 305 (Slot ID 165) Maintainence fee cost $0 to SASD's budget fund.
[2018/2/1 - 10:00:51] Vehicle ID 312 (Slot ID 175) Maintainence fee cost $0 to SASD's budget fund.
[2018/2/1 - 10:00:51] Vehicle ID 318 (Slot ID 183) Maintainence fee cost $0 to SASD's budget fund.
[2018/2/1 - 10:00:51] Vehicle ID 332 (Slot ID 198) Maintainence fee cost $0 to SASD's budget fund.
[2018/2/1 - 10:00:51] Vehicle ID 339 (Slot ID 206) Maintainence fee cost $0 to SASD's budget fund.
[2018/2/1 - 10:00:51] Vehicle ID 351 (Slot ID 222) Maintainence fee cost $0 to SASD's budget fund.
[2018/2/1 - 10:00:51] Vehicle ID 354 (Slot ID 226) Maintainence fee cost $0 to SASD's budget fund.
[2018/2/1 - 10:00:51] Vehicle ID 360 (Slot ID 231) Maintainence fee cost $0 to SASD's budget fund.
[2018/2/1 - 10:00:51] Vehicle ID 295 (Slot ID 267) Maintainence fee cost $0 to SASD's budget fund.
[2018/2/1 - 10:00:51] Vehicle ID 395 (Slot ID 284) Maintainence fee cost $0 to SASD's budget fund.
[2018/2/1 - 10:00:51] Vehicle ID 346 (Slot ID 296) Maintainence fee cost $0 to SASD's budget fund.
[2018/2/1 - 10:00:51] Vehicle ID 404 (Slot ID 315) Maintainence fee cost $0 to SASD's budget fund.
[2018/2/1 - 10:00:51] Vehicle ID 408 (Slot ID 338) Maintainence fee cost $0 to SASD's budget fund.
[2018/2/1 - 10:00:51] Vehicle ID 416 (Slot ID 339) Maintainence fee cost $0 to SASD's budget fund.
[2018/2/1 - 10:00:51] Vehicle ID 418 (Slot ID 340) Maintainence fee cost $0 to SASD's budget fund.
[2018/2/1 - 10:00:51] Vehicle ID 439 (Slot ID 341) Maintainence fee cost $0 to SASD's budget fund.
[2018/2/1 - 10:00:51] Vehicle ID 440 (Slot ID 454) Maintainence fee cost $0 to SASD's budget fund.
[2018/2/1 - 10:00:51] Vehicle ID 345 (Slot ID 507) Maintainence fee cost $0 to SASD's budget fund.
[2018/2/1 - 10:00:51] Vehicle ID 442 (Slot ID 545) Maintainence fee cost $0 to SASD's budget fund.
[2018/2/1 - 10:07:27] Vehicle Slot ID 154 RTB fee cost $0 to SASD's budget fund.
[2018/2/1 - 10:11:38] Anthony Zelinski has been paid $40,000 from SASD's budget.
[2018/2/1 - 10:14:42] Micheal Connolly has been paid $15,000 from SASD's budget.
[2018/2/1 - 10:21:55] Anthony Zelinski has refueled vehicle 225 at a cost of $13500 to SASD's budget fund.
[2018/2/1 - 10:39:36] Vehicle Slot ID 104 RTB fee cost $0 to SASD's budget fund.
[2018/2/1 - 10:47:34] Vehicle Slot ID 14 RTB fee cost $0 to SASD's budget fund.
[2018/2/1 - 10:59:19] Vehicle Slot ID 161 RTB fee cost $0 to SASD's budget fund.
[2018/2/1 - 11:00:54] The faction vault is at $63,283,754.
[2018/2/1 - 11:00:54] SA Gov Paid $100,000 to SASD budget fund.
[2018/2/1 - 11:00:54] Vehicle ID 191 (Slot ID 12) Maintainence fee cost $0 to SASD's budget fund.
[2018/2/1 - 11:00:54] Vehicle ID 193 (Slot ID 14) Maintainence fee cost $0 to SASD's budget fund.
[2018/2/1 - 11:00:54] Vehicle ID 209 (Slot ID 39) Maintainence fee cost $0 to SASD's budget fund.
[2018/2/1 - 11:00:54] Vehicle ID 210 (Slot ID 42) Maintainence fee cost $0 to SASD's budget fund.
[2018/2/1 - 11:00:54] Vehicle ID 212 (Slot ID 45) Maintainence fee cost $0 to SASD's budget fund.
[2018/2/1 - 11:00:54] Vehicle ID 217 (Slot ID 55) Maintainence fee cost $0 to SASD's budget fund.
[2018/2/1 - 11:00:54] Vehicle ID 225 (Slot ID 67) Maintainence fee cost $0 to SASD's budget fund.
[2018/2/1 - 11:00:54] Vehicle ID 241 (Slot ID 85) Maintainence fee cost $0 to SASD's budget fund.
[2018/2/1 - 11:00:54] Vehicle ID 255 (Slot ID 104) Maintainence fee cost $0 to SASD's budget fund.
[2018/2/1 - 11:00:54] Vehicle ID 260 (Slot ID 109) Maintainence fee cost $0 to SASD's budget fund.
[2018/2/1 - 11:00:54] Vehicle ID 261 (Slot ID 110) Maintainence fee cost $0 to SASD's budget fund.
[2018/2/1 - 11:00:54] Vehicle ID 266 (Slot ID 116) Maintainence fee cost $0 to SASD's budget fund.
[2018/2/1 - 11:00:54] Vehicle ID 273 (Slot ID 128) Maintainence fee cost $0 to SASD's budget fund.
[2018/2/1 - 11:00:54] Vehicle ID 279 (Slot ID 136) Maintainence fee cost $0 to SASD's budget fund.
[2018/2/1 - 11:00:54] Vehicle ID 285 (Slot ID 142) Maintainence fee cost $0 to SASD's budget fund.
[2018/2/1 - 11:00:54] Vehicle ID 286 (Slot ID 143) Maintainence fee cost $0 to SASD's budget fund.
[2018/2/1 - 11:00:54] Vehicle ID 288 (Slot ID 145) Maintainence fee cost $0 to SASD's budget fund.
[2018/2/1 - 11:00:54] Vehicle ID 289 (Slot ID 147) Maintainence fee cost $0 to SASD's budget fund.
[2018/2/1 - 11:00:54] Vehicle ID 296 (Slot ID 154) Maintainence fee cost $0 to SASD's budget fund.
[2018/2/1 - 11:00:54] Vehicle ID 302 (Slot ID 161) Maintainence fee cost $0 to SASD's budget fund.
[2018/2/1 - 11:00:54] Vehicle ID 305 (Slot ID 165) Maintainence fee cost $0 to SASD's budget fund.
[2018/2/1 - 11:00:54] Vehicle ID 312 (Slot ID 175) Maintainence fee cost $0 to SASD's budget fund.
[2018/2/1 - 11:00:54] Vehicle ID 318 (Slot ID 183) Maintainence fee cost $0 to SASD's budget fund.
[2018/2/1 - 11:00:54] Vehicle ID 332 (Slot ID 198) Maintainence fee cost $0 to SASD's budget fund.
[2018/2/1 - 11:00:54] Vehicle ID 339 (Slot ID 206) Maintainence fee cost $0 to SASD's budget fund.
[2018/2/1 - 11:00:54] Vehicle ID 351 (Slot ID 222) Maintainence fee cost $0 to SASD's budget fund.
[2018/2/1 - 11:00:54] Vehicle ID 354 (Slot ID 226) Maintainence fee cost $0 to SASD's budget fund.
[2018/2/1 - 11:00:54] Vehicle ID 360 (Slot ID 231) Maintainence fee cost $0 to SASD's budget fund.
[2018/2/1 - 11:00:54] Vehicle ID 295 (Slot ID 267) Maintainence fee cost $0 to SASD's budget fund.
[2018/2/1 - 11:00:54] Vehicle ID 395 (Slot ID 284) Maintainence fee cost $0 to SASD's budget fund.
[2018/2/1 - 11:00:54] Vehicle ID 346 (Slot ID 296) Maintainence fee cost $0 to SASD's budget fund.
[2018/2/1 - 11:00:54] Vehicle ID 404 (Slot ID 315) Maintainence fee cost $0 to SASD's budget fund.
[2018/2/1 - 11:00:54] Vehicle ID 408 (Slot ID 338) Maintainence fee cost $0 to SASD's budget fund.
[2018/2/1 - 11:00:54] Vehicle ID 416 (Slot ID 339) Maintainence fee cost $0 to SASD's budget fund.
[2018/2/1 - 11:00:54] Vehicle ID 418 (Slot ID 340) Maintainence fee cost $0 to SASD's budget fund.
[2018/2/1 - 11:00:54] Vehicle ID 439 (Slot ID 341) Maintainence fee cost $0 to SASD's budget fund.
[2018/2/1 - 11:00:54] Vehicle ID 440 (Slot ID 454) Maintainence fee cost $0 to SASD's budget fund.
[2018/2/1 - 11:00:54] Vehicle ID 345 (Slot ID 507) Maintainence fee cost $0 to SASD's budget fund.
[2018/2/1 - 11:00:54] Vehicle ID 442 (Slot ID 545) Maintainence fee cost $0 to SASD's budget fund.
[2018/2/1 - 11:01:53] Alvin D. Carid took a vest out of the SASD locker at a cost of 1 HG Material.
[2018/2/1 - 11:01:58] Alvin D. Carid took a vest out of the SASD locker at a cost of 1 HG Material.
[2018/2/1 - 11:02:48] Vehicle Slot ID 85 RTB fee cost $0 to SASD's budget fund.
[2018/2/1 - 11:07:28] Vehicle Slot ID 12 RTB fee cost $0 to SASD's budget fund.
[2018/2/1 - 11:09:09] Kyros Omage took a vest out of the SASD locker at a cost of 1 HG Material.
[2018/2/1 - 11:13:23] Vehicle Slot ID 231 RTB fee cost $0 to SASD's budget fund.
[2018/2/1 - 11:15:51] Kyros Omage has repaired vehicle 241 at a cost of $2,500 to SASD's budget fund.
[2018/2/1 - 11:17:56] Micheal Connolly has been paid $15,000 from SASD's budget.
[2018/2/1 - 11:20:05] Vehicle Slot ID 296 RTB fee cost $0 to SASD's budget fund.
[2018/2/1 - 11:22:36] Vehicle Slot ID 85 RTB fee cost $0 to SASD's budget fund.
[2018/2/1 - 11:26:18] Kyros Omage has been paid $15,000 from SASD's budget.
[2018/2/1 - 11:37:35] Vehicle Slot ID 341 RTB fee cost $0 to SASD's budget fund.
[2018/2/1 - 11:52:26] Vehicle Slot ID 45 RTB fee cost $0 to SASD's budget fund.
[2018/2/1 - 11:56:48] Vehicle Slot ID 545 RTB fee cost $0 to SASD's budget fund.
[2018/2/1 - 11:58:40] Scott R. Mclaren has been paid $40,000 from SASD's budget.
[2018/2/1 - 12:01:02] The faction vault is at $63,316,054.
[2018/2/1 - 12:01:02] SA Gov Paid $100,000 to SASD budget fund.
[2018/2/1 - 12:01:02] Vehicle ID 191 (Slot ID 12) Maintainence fee cost $0 to SASD's budget fund.
[2018/2/1 - 12:01:02] Vehicle ID 193 (Slot ID 14) Maintainence fee cost $0 to SASD's budget fund.
[2018/2/1 - 12:01:02] Vehicle ID 209 (Slot ID 39) Maintainence fee cost $0 to SASD's budget fund.
[2018/2/1 - 12:01:02] Vehicle ID 210 (Slot ID 42) Maintainence fee cost $0 to SASD's budget fund.
[2018/2/1 - 12:01:02] Vehicle ID 212 (Slot ID 45) Maintainence fee cost $0 to SASD's budget fund.
[2018/2/1 - 12:01:02] Vehicle ID 217 (Slot ID 55) Maintainence fee cost $0 to SASD's budget fund.
[2018/2/1 - 12:01:02] Vehicle ID 225 (Slot ID 67) Maintainence fee cost $0 to SASD's budget fund.
[2018/2/1 - 12:01:02] Vehicle ID 241 (Slot ID 85) Maintainence fee cost $0 to SASD's budget fund.
[2018/2/1 - 12:01:02] Vehicle ID 255 (Slot ID 104) Maintainence fee cost $0 to SASD's budget fund.
[2018/2/1 - 12:01:02] Vehicle ID 260 (Slot ID 109) Maintainence fee cost $0 to SASD's budget fund.
[2018/2/1 - 12:01:02] Vehicle ID 261 (Slot ID 110) Maintainence fee cost $0 to SASD's budget fund.
[2018/2/1 - 12:01:02] Vehicle ID 266 (Slot ID 116) Maintainence fee cost $0 to SASD's budget fund.
[2018/2/1 - 12:01:02] Vehicle ID 273 (Slot ID 128) Maintainence fee cost $0 to SASD's budget fund.
[2018/2/1 - 12:01:02] Vehicle ID 279 (Slot ID 136) Maintainence fee cost $0 to SASD's budget fund.
[2018/2/1 - 12:01:02] Vehicle ID 285 (Slot ID 142) Maintainence fee cost $0 to SASD's budget fund.
[2018/2/1 - 12:01:02] Vehicle ID 286 (Slot ID 143) Maintainence fee cost $0 to SASD's budget fund.
[2018/2/1 - 12:01:02] Vehicle ID 288 (Slot ID 145) Maintainence fee cost $0 to SASD's budget fund.
[2018/2/1 - 12:01:02] Vehicle ID 289 (Slot ID 147) Maintainence fee cost $0 to SASD's budget fund.
[2018/2/1 - 12:01:02] Vehicle ID 296 (Slot ID 154) Maintainence fee cost $0 to SASD's budget fund.
[2018/2/1 - 12:01:02] Vehicle ID 302 (Slot ID 161) Maintainence fee cost $0 to SASD's budget fund.
[2018/2/1 - 12:01:02] Vehicle ID 305 (Slot ID 165) Maintainence fee cost $0 to SASD's budget fund.
[2018/2/1 - 12:01:02] Vehicle ID 312 (Slot ID 175) Maintainence fee cost $0 to SASD's budget fund.
[2018/2/1 - 12:01:02] Vehicle ID 318 (Slot ID 183) Maintainence fee cost $0 to SASD's budget fund.
[2018/2/1 - 12:01:02] Vehicle ID 332 (Slot ID 198) Maintainence fee cost $0 to SASD's budget fund.
[2018/2/1 - 12:01:02] Vehicle ID 339 (Slot ID 206) Maintainence fee cost $0 to SASD's budget fund.
[2018/2/1 - 12:01:02] Vehicle ID 351 (Slot ID 222) Maintainence fee cost $0 to SASD's budget fund.
[2018/2/1 - 12:01:02] Vehicle ID 354 (Slot ID 226) Maintainence fee cost $0 to SASD's budget fund.
[2018/2/1 - 12:01:02] Vehicle ID 360 (Slot ID 231) Maintainence fee cost $0 to SASD's budget fund.
[2018/2/1 - 12:01:02] Vehicle ID 295 (Slot ID 267) Maintainence fee cost $0 to SASD's budget fund.
[2018/2/1 - 12:01:02] Vehicle ID 395 (Slot ID 284) Maintainence fee cost $0 to SASD's budget fund.
[2018/2/1 - 12:01:02] Vehicle ID 346 (Slot ID 296) Maintainence fee cost $0 to SASD's budget fund.
[2018/2/1 - 12:01:02] Vehicle ID 404 (Slot ID 315) Maintainence fee cost $0 to SASD's budget fund.
[2018/2/1 - 12:01:02] Vehicle ID 408 (Slot ID 338) Maintainence fee cost $0 to SASD's budget fund.
[2018/2/1 - 12:01:02] Vehicle ID 416 (Slot ID 339) Maintainence fee cost $0 to SASD's budget fund.
[2018/2/1 - 12:01:02] Vehicle ID 418 (Slot ID 340) Maintainence fee cost $0 to SASD's budget fund.
[2018/2/1 - 12:01:02] Vehicle ID 439 (Slot ID 341) Maintainence fee cost $0 to SASD's budget fund.
[2018/2/1 - 12:01:02] Vehicle ID 440 (Slot ID 454) Maintainence fee cost $0 to SASD's budget fund.
[2018/2/1 - 12:01:02] Vehicle ID 345 (Slot ID 507) Maintainence fee cost $0 to SASD's budget fund.
[2018/2/1 - 12:01:02] Vehicle ID 442 (Slot ID 545) Maintainence fee cost $0 to SASD's budget fund.
[2018/2/1 - 12:06:13] Vehicle Slot ID 226 RTB fee cost $0 to SASD's budget fund.
[2018/2/1 - 12:21:01] Micheal Connolly has been paid $15,000 from SASD's budget.
[2018/2/1 - 12:23:02] Vehicle Slot ID 67 RTB fee cost $0 to SASD's budget fund.
[2018/2/1 - 6:59:04] Vehicle Slot ID 55 RTB fee cost $0 to SASD's budget fund.
[2018/2/1 - 6:59:05] Vehicle Slot ID 154 RTB fee cost $0 to SASD's budget fund.
