[2018/1/15 - 0:00:13] The faction vault is at $984,920.
[2018/1/15 - 1:00:03] The faction vault is at $1,014,785.
[2018/1/15 - 2:00:09] The faction vault is at $1,063,182.
[2018/1/15 - 2:08:44] Vehicle Slot ID 234 RTB fee cost $1250 to SANews's budget fund.
[2018/1/15 - 3:00:16] The faction vault is at $1,091,931.
[2018/1/15 - 4:00:19] The faction vault is at $1,112,531.
[2018/1/15 - 5:00:34] The faction vault is at $1,130,730.
[2018/1/15 - 6:00:48] The faction vault is at $1,165,525.
[2018/1/15 - 7:00:01] The faction vault is at $1,193,324.
[2018/1/15 - 8:00:10] The faction vault is at $1,218,856.
[2018/1/15 - 9:00:20] The faction vault is at $1,236,322.
[2018/1/15 - 10:00:31] The faction vault is at $1,252,055.
[2018/1/15 - 11:00:38] The faction vault is at $1,282,786.
[2018/1/15 - 12:00:43] The faction vault is at $1,339,049.
[2018/1/15 - 12:41:24] Vehicle Slot ID 113 RTB fee cost $1250 to SANews's budget fund.
[2018/1/15 - 13:00:44] The faction vault is at $1,403,860.
[2018/1/15 - 14:00:47] The faction vault is at $1,469,256.
[2018/1/15 - 14:03:00] Vehicle Slot ID 25 RTB fee cost $1250 to SANews's budget fund.
[2018/1/15 - 14:03:00] Vehicle Slot ID 47 RTB fee cost $1250 to SANews's budget fund.
[2018/1/15 - 14:03:00] Vehicle Slot ID 69 RTB fee cost $1250 to SANews's budget fund.
[2018/1/15 - 14:03:00] Vehicle Slot ID 75 RTB fee cost $1250 to SANews's budget fund.
[2018/1/15 - 14:03:00] Vehicle Slot ID 77 RTB fee cost $1750 to SANews's budget fund.
[2018/1/15 - 14:03:00] Vehicle Slot ID 84 RTB fee cost $1250 to SANews's budget fund.
[2018/1/15 - 14:03:00] Vehicle Slot ID 86 RTB fee cost $1250 to SANews's budget fund.
[2018/1/15 - 14:03:00] Vehicle Slot ID 113 RTB fee cost $1250 to SANews's budget fund.
[2018/1/15 - 14:03:00] Vehicle Slot ID 121 RTB fee cost $396 to SANews's budget fund.
[2018/1/15 - 14:03:00] Vehicle Slot ID 234 RTB fee cost $1250 to SANews's budget fund.
[2018/1/15 - 14:03:01] Vehicle Slot ID 302 RTB fee cost $1250 to SANews's budget fund.
[2018/1/15 - 14:03:01] Vehicle Slot ID 312 RTB fee cost $1500 to SANews's budget fund.
[2018/1/15 - 14:03:01] Vehicle Slot ID 358 RTB fee cost $1250 to SANews's budget fund.
[2018/1/15 - 14:35:59] Kobe Mece has been paid $225,000 from SANews's budget.
[2018/1/15 - 15:00:33] The faction vault is at $1,279,506.
[2018/1/15 - 16:00:27] The faction vault is at $1,321,237.
[2018/1/15 - 17:00:26] The faction vault is at $1,387,233.
[2018/1/15 - 17:01:04] Hooligan Maddox has been paid $1,000,000 from SANews's budget.
[2018/1/15 - 18:00:24] The faction vault is at $422,630.
[2018/1/15 - 19:00:13] The faction vault is at $476,160.
[2018/1/15 - 20:00:03] The faction vault is at $515,025.
[2018/1/15 - 21:00:58] The faction vault is at $571,888.
[2018/1/15 - 22:00:48] The faction vault is at $598,153.
[2018/1/15 - 23:00:38] The faction vault is at $624,085.
