[2018/1/24 - 0:00:14] The faction vault is at $131,093.
[2018/1/24 - 1:00:06] The faction vault is at $162,824.
[2018/1/24 - 1:49:04] Doc Kanaan has been paid $250,000 from SANews's budget.
[2018/1/24 - 2:00:01] The faction vault is at $-45,313.
[2018/1/24 - 3:00:02] The faction vault is at $-17,982.
[2018/1/24 - 4:00:15] The faction vault is at $-5,783.
[2018/1/24 - 5:00:32] The faction vault is at $15,215.
[2018/1/24 - 6:00:48] The faction vault is at $26,148.
[2018/1/24 - 7:00:57] The faction vault is at $37,414.
[2018/1/24 - 8:00:05] The faction vault is at $58,946.
[2018/1/24 - 9:00:13] The faction vault is at $99,475.
[2018/1/24 - 9:16:17] Hollis Rivers has been paid $250,000 from SANews's budget.
[2018/1/24 - 10:00:16] The faction vault is at $-122,461.
[2018/1/24 - 11:00:20] The faction vault is at $-77,332.
[2018/1/24 - 12:00:20] The faction vault is at $-15,340.
[2018/1/24 - 12:25:41] Jeremy Rivers has been paid $250,000 from SANews's budget.
[2018/1/24 - 13:00:12] The faction vault is at $-190,815.
[2018/1/24 - 14:00:05] The faction vault is at $-146,951.
[2018/1/24 - 15:00:57] The faction vault is at $-92,088.
[2018/1/24 - 16:00:55] The faction vault is at $-54,758.
[2018/1/24 - 17:00:46] The faction vault is at $-16,028.
[2018/1/24 - 17:23:25] Jizzy Rivers has been paid $250,000 from SANews's budget.
[2018/1/24 - 18:00:37] The faction vault is at $-215,567.
[2018/1/24 - 19:00:28] The faction vault is at $-182,903.
[2018/1/24 - 20:00:22] The faction vault is at $-122,841.
[2018/1/24 - 21:00:01] The faction vault is at $-54,181.
[2018/1/24 - 22:00:45] The faction vault is at $-38,583.
[2018/1/24 - 23:00:27] The faction vault is at $-23,918.
[2018/1/24 - 23:44:04] Jizzy Rivers has been paid $250,000 from SANews's budget.
