[2018/1/13 - 0:03:02] Dwayne Rudolf has withdrawn a Desert Eagle from the weapon locker (Cost: 10)
[2018/1/13 - 0:06:04] Kane Triton Grimm has withdrawn a Shotgun from the weapon locker (Cost: 3)
[2018/1/13 - 0:06:05] Kane Triton Grimm has withdrawn a Desert Eagle from the weapon locker (Cost: 10)
[2018/1/13 - 0:10:11] Ben Ho has authorized Kane Triton Grimm to withdraw a Shovel from the weapon locker (Cost: 1)
[2018/1/13 - 0:12:46] [Chicken] Dwayne Rudolf has logged out.
[2018/1/13 - 0:14:07] Serviceman Kane Triton Grimm has lost connection.
[2018/1/13 - 0:16:18] Titus Styles has withdrawn a Desert Eagle from the weapon locker (Cost: 10)
[2018/1/13 - 0:16:19] Titus Styles has withdrawn a Shotgun from the weapon locker (Cost: 3)
[2018/1/13 - 0:16:49] [Doner] Ben Ho has logged out.
[2018/1/13 - 0:17:30] Kane Triton Grimm has withdrawn a Shotgun from the weapon locker (Cost: 3)
[2018/1/13 - 0:17:31] Kane Triton Grimm has withdrawn a Desert Eagle from the weapon locker (Cost: 10)
[2018/1/13 - 0:18:05] Deh Wey (1000626968) accepted CEO Huang Ho Chaos's (58921) invite to join Blitz Towing (16).
[2018/1/13 - 0:24:26] [Doner] Yaozu Chaos has logged out.
[2018/1/13 - 0:25:49] Deh Wey has logged out.
[2018/1/13 - 0:27:53] [Doner] Yaozu Chaos has logged out.
[2018/1/13 - 0:28:20] Kane Triton Grimm has logged out.
[2018/1/13 - 0:30:50] [ob4l] Huang Ho Chaos has logged out.
[2018/1/13 - 0:31:43] [Doner] Yaozu Chaos has logged out.
[2018/1/13 - 0:32:19] [E36M3] Martin Powers has logged out.
[2018/1/13 - 0:33:32] Deh Wey has logged out.
[2018/1/13 - 0:38:40] [OSRS] Yuri Ben has logged in.
[2018/1/13 - 0:47:52] [Doner] Yaozu Chaos has logged out.
[2018/1/13 - 0:50:08] [VTICKET] Officer Titus Styles has ticketed Paolo Aguero's Sadler (424) for $5,000.
[2018/1/13 - 1:08:16] [VTICKET] Officer Huang Ho Chaos has ticketed Paolo Aguero's Sadler (424) for $5,000.
[2018/1/13 - 1:08:39] [VTICKET] Officer Titus Styles has ticketed Paolo Aguero's Sadler (424) for $5,000.
[2018/1/13 - 1:09:29] [VTICKET] Officer Titus Styles has ticketed Paolo Aguero's Sadler (424) for $5,000.
[2018/1/13 - 1:09:39] IMPOUND: Huang Ho Chaos has impounded Paolo Aguero's Sadler and gained $8,220
[2018/1/13 - 1:16:15] [ob4l] CEO Huang Ho Chaos has lost connection.
[2018/1/13 - 1:22:02] [ob4l] Huang Ho Chaos has logged out.
[2018/1/13 - 1:24:57] [E36M3] Martin Powers has logged out.
[2018/1/13 - 1:24:59] [MSpaint] Titus Styles has logged out.
[2018/1/13 - 1:51:30] [VTICKET] Officer Huang Ho Chaos has ticketed Erick Diablo's Elegy (1015) for $5,000.
[2018/1/13 - 1:53:17] [VTICKET] Officer Huang Ho Chaos has ticketed Erick Diablo's Elegy (1015) for $5,000.
[2018/1/13 - 1:53:24] Hooligan Maddox (1000027113) has made Hooligan Maddox (1000027113) the leader of the Blitz Towing.
[2018/1/13 - 2:07:11] Hooligan Maddox has logged out.
[2018/1/13 - 2:24:56] [ob4l] Huang Ho Chaos has logged out.
[2018/1/13 - 2:42:45] Benedetto Urban has logged out.
[2018/1/13 - 3:13:54] Benedetto Urban has logged in.
[2018/1/13 - 3:28:06] Hooligan Maddox has logged in.
[2018/1/13 - 4:22:29] Benedetto Urban has logged out.
[2018/1/13 - 11:13:21] [E36M3] Martin Powers has logged out.
[2018/1/13 - 11:53:31] [VTICKET] Officer Martin Powers has ticketed Dan Drew Maute's Hermes (955) for $5,000.
[2018/1/13 - 11:54:17] IMPOUND: Martin Powers has impounded Dan Drew Maute's Hermes and gained $6,120
[2018/1/13 - 11:56:11] [VTICKET] Officer Martin Powers has ticketed Kevin Pusha's Admiral (736) for $5,000.
[2018/1/13 - 11:56:45] IMPOUND: Martin Powers has impounded Kevin Pusha's Admiral and gained $12,300
[2018/1/13 - 11:59:41] IMPOUND: Martin Powers has impounded Stifler Gucci Cobra's Glendale and gained $7,410
[2018/1/13 - 12:14:41] [VTICKET] Officer Martin Powers has ticketed Michael H Buenoh's Willard (1295) for $5,000.
[2018/1/13 - 12:15:53] IMPOUND: Martin Powers has impounded Michael H Buenoh's Willard and gained $3,780
[2018/1/13 - 12:21:02] [E36M3] Martin Powers has logged out.
[2018/1/13 - 12:58:33] [VTICKET] Officer Martin Powers has ticketed Crit Snow's Elegy (913) for $5,000.
[2018/1/13 - 12:59:11] IMPOUND: Martin Powers has impounded Crit Snow's Elegy and gained $6,540
[2018/1/13 - 13:28:59] [VTICKET] Officer Martin Powers has ticketed Daniel Martino's Elegy (804) for $5,000.
[2018/1/13 - 13:29:43] IMPOUND: Martin Powers has impounded Daniel Martino's Elegy and gained $8,370
[2018/1/13 - 13:37:13] Kliment Barsukov has withdrawn a Shotgun from the weapon locker (Cost: 3)
[2018/1/13 - 13:37:15] Kliment Barsukov has withdrawn a Desert Eagle from the weapon locker (Cost: 10)
[2018/1/13 - 13:40:46] [Donate] Kliment Barsukov has logged out.
[2018/1/13 - 13:42:22] [E36M3] Martin Powers has logged out.
[2018/1/13 - 13:47:42] [Donate] Kliment Barsukov has logged out.
[2018/1/13 - 14:07:42] Dwayne Rudolf has withdrawn a Desert Eagle from the weapon locker (Cost: 10)
[2018/1/13 - 14:10:57] [Donate] Kliment Barsukov has logged out.
[2018/1/13 - 14:11:30] IMPOUND: Martin Powers has impounded Deither Jiovanni's Elegy and gained $12,180
[2018/1/13 - 14:11:52] [Chicken] Dwayne Rudolf has logged out.
[2018/1/13 - 14:13:57] [VTICKET] Officer Martin Powers has ticketed Arven H Zavoger's Hermes (472) for $5,000.
[2018/1/13 - 14:14:26] IMPOUND: Martin Powers has impounded Arven H Zavoger's Hermes and gained $3,780
[2018/1/13 - 14:17:14] [Donate] Kliment Barsukov has logged out.
[2018/1/13 - 14:19:20] [VTICKET] Officer Martin Powers has ticketed Roy Gucci Cobra's Sadler (973) for $5,000.
[2018/1/13 - 14:20:33] IMPOUND: Martin Powers has impounded Roy Gucci Cobra's Sadler and gained $4,500
[2018/1/13 - 14:27:25] [E36M3] Martin Powers has logged out.
[2018/1/13 - 15:07:14] [E36M3] Martin Powers has logged out.
[2018/1/13 - 15:57:17] [E36M3] Martin Powers has logged out.
[2018/1/13 - 16:40:23] Larry Wooden Bear has withdrawn a Shotgun from the weapon locker (Cost: 3)
[2018/1/13 - 16:40:24] Larry Wooden Bear has withdrawn a Desert Eagle from the weapon locker (Cost: 10)
[2018/1/13 - 16:47:50] Larry Wooden Bear has withdrawn a Shotgun from the weapon locker (Cost: 3)
[2018/1/13 - 16:47:51] Larry Wooden Bear has withdrawn a Desert Eagle from the weapon locker (Cost: 10)
[2018/1/13 - 17:01:23] [Donate] Kliment Barsukov has logged out.
[2018/1/13 - 17:01:42] [Kebab] Larry Wooden Bear has logged out.
[2018/1/13 - 17:05:55] [VTICKET] Officer Kliment Barsukov has ticketed Alistair W. Hall's Elegy (1085) for $5,000.
[2018/1/13 - 17:06:26] IMPOUND: Kliment Barsukov has impounded Alistair W. Hall's Elegy and gained $13,290
[2018/1/13 - 17:08:22] [E36M3] General Manager Martin Powers has lost connection.
[2018/1/13 - 17:19:51] Kliment Barsukov has withdrawn a Desert Eagle from the weapon locker (Cost: 10)
[2018/1/13 - 17:29:53] Jamie Rain has withdrawn a Desert Eagle from the weapon locker (Cost: 10)
[2018/1/13 - 17:29:54] Jamie Rain has withdrawn a Shotgun from the weapon locker (Cost: 3)
[2018/1/13 - 17:30:00] Jamie Rain has logged out.
[2018/1/13 - 17:30:55] Kliment Barsukov has withdrawn a Shotgun from the weapon locker (Cost: 3)
[2018/1/13 - 17:30:56] Kliment Barsukov has withdrawn a Desert Eagle from the weapon locker (Cost: 10)
[2018/1/13 - 17:31:20] Kliment Barsukov has withdrawn a Desert Eagle from the weapon locker (Cost: 10)
[2018/1/13 - 17:38:53] Kliment Barsukov has withdrawn a Desert Eagle from the weapon locker (Cost: 10)
[2018/1/13 - 17:54:28] [VTICKET] Officer Martin Powers has ticketed Hartax Blacker's Sultan (1284) for $5,000.
[2018/1/13 - 17:54:36] [VTICKET] Officer Kirky Whitestone has ticketed Hartax Blacker's Sultan (1284) for $2,000.
[2018/1/13 - 17:54:42] [Donate] Arthur McChesney has logged out.
[2018/1/13 - 17:56:02] [VTICKET] Officer Kirky Whitestone has ticketed Hartax Blacker's Sultan (1284) for $2,000.
[2018/1/13 - 17:56:27] IMPOUND: Martin Powers has impounded Hartax Blacker's Sultan and gained $3,780
[2018/1/13 - 17:59:22] [WAIFU] Executive Committee Member Kirky Whitestone has lost connection.
[2018/1/13 - 17:59:29] Arthur Mcchesney has withdrawn a Desert Eagle from the weapon locker (Cost: 10)
[2018/1/13 - 18:06:43] Martin Powers has withdrawn a Desert Eagle from the weapon locker (Cost: 10)
[2018/1/13 - 18:06:54] Martin Powers has withdrawn a Desert Eagle from the weapon locker (Cost: 10)
[2018/1/13 - 18:20:16] Arthur Mcchesney has withdrawn a Shotgun from the weapon locker (Cost: 3)
[2018/1/13 - 18:20:17] Arthur Mcchesney has withdrawn a Desert Eagle from the weapon locker (Cost: 10)
[2018/1/13 - 18:20:37] Arthur Mcchesney has withdrawn a Desert Eagle from the weapon locker (Cost: 10)
[2018/1/13 - 18:29:34] Arthur Mcchesney has withdrawn a Desert Eagle from the weapon locker (Cost: 10)
[2018/1/13 - 18:29:45] [E36M3] Martin Powers has logged out.
[2018/1/13 - 18:40:12] Kirky Whitestone has withdrawn a Desert Eagle from the weapon locker (Cost: 10)
[2018/1/13 - 18:40:14] Kirky Whitestone has withdrawn a Shotgun from the weapon locker (Cost: 3)
[2018/1/13 - 18:42:13] [Donate] Arthur Mcchesney has logged out.
[2018/1/13 - 18:47:55] Benedetto Urban has logged in.
[2018/1/13 - 18:51:57] Huang Ho Chaos has withdrawn a Shotgun from the weapon locker (Cost: 3)
[2018/1/13 - 18:57:10] [ob4l] Huang Ho Chaos has logged out.
[2018/1/13 - 19:07:05] [Chicken] Dwayne Rudolf has logged out.
[2018/1/13 - 19:24:16] [E36M3] Martin Powers has logged out.
[2018/1/13 - 19:42:25] [Donate] Arthur Mcchesney has logged out.
[2018/1/13 - 19:44:03] [E36M3] General Manager Martin Powers has lost connection.
[2018/1/13 - 19:48:28] [WAIFU] Executive Committee Member Kirky Whitestone has lost connection.
[2018/1/13 - 19:57:27] [WAIFU] Executive Committee Member Kirky Whitestone has lost connection.
[2018/1/13 - 20:07:20] [VTICKET] Officer Titus Styles has ticketed Jimmy Croos's Premier (1125) for $5,000.
[2018/1/13 - 20:07:50] [E36M3] General Manager Martin Powers has lost connection.
[2018/1/13 - 20:14:13] [WAIFU] Executive Committee Member Kirky Whitestone has lost connection.
[2018/1/13 - 20:14:31] [MSpaint] Titus Styles has logged out.
[2018/1/13 - 20:19:35] [Donate] Arthur Mcchesney has logged out.
[2018/1/13 - 20:36:36] Duyakno Dewey has logged out.
[2018/1/13 - 20:50:14] [E36M3] Martin Powers has logged out.
[2018/1/13 - 21:09:34] [Kebab] Larry Wooden Bear has logged out.
[2018/1/13 - 22:20:05] Huang Ho Chaos (58921) has set Benedetto Urban's (1000624795) badge to useless.
[2018/1/13 - 22:20:22] Huang Ho Chaos (58921) has set Benedetto Urban's (1000624795) badge to useful.
[2018/1/13 - 22:22:52] Larry Wooden Bear has withdrawn a Desert Eagle from the weapon locker (Cost: 10)
[2018/1/13 - 22:22:53] Larry Wooden Bear has withdrawn a Shotgun from the weapon locker (Cost: 3)
[2018/1/13 - 22:30:05] [useful] Benedetto Urban has logged out.
[2018/1/13 - 22:30:29] Kane Triton Grimm has withdrawn a Shotgun from the weapon locker (Cost: 3)
[2018/1/13 - 22:30:29] Kane Triton Grimm has withdrawn a Desert Eagle from the weapon locker (Cost: 10)
[2018/1/13 - 22:30:34] [E36M3] Martin Powers has logged out.
[2018/1/13 - 22:32:40] Larry Wooden Bear has withdrawn a Shotgun from the weapon locker (Cost: 3)
[2018/1/13 - 22:32:41] Larry Wooden Bear has withdrawn a Desert Eagle from the weapon locker (Cost: 10)
[2018/1/13 - 22:37:49] Kane Triton Grimm has logged out.
[2018/1/13 - 22:51:18] [Doner] Ben Ho has logged out.
[2018/1/13 - 22:51:26] [ob4l] Huang Ho Chaos has logged out.
[2018/1/13 - 22:55:46] Titus Styles has withdrawn a Desert Eagle from the weapon locker (Cost: 10)
[2018/1/13 - 22:55:47] Titus Styles has withdrawn a Shotgun from the weapon locker (Cost: 3)
[2018/1/13 - 22:57:33] [Donate] Arthur Mcchesney has logged out.
[2018/1/13 - 23:07:47] [Donate] Arthur Mcchesney has logged out.
[2018/1/13 - 23:09:18] Titus Styles has withdrawn a Shotgun from the weapon locker (Cost: 3)
[2018/1/13 - 23:09:19] Titus Styles has withdrawn a Desert Eagle from the weapon locker (Cost: 10)
[2018/1/13 - 23:22:41] [Donate] Arthur Mcchesney has logged out.
[2018/1/13 - 23:26:42] [Kebab] Larry Wooden Bear has logged out.
[2018/1/13 - 23:27:47] Martin Powers has withdrawn a Desert Eagle from the weapon locker (Cost: 10)
[2018/1/13 - 23:35:54] Titus Styles has withdrawn a Shotgun from the weapon locker (Cost: 3)
[2018/1/13 - 23:35:55] Titus Styles has withdrawn a Desert Eagle from the weapon locker (Cost: 10)
[2018/1/13 - 23:38:52] [E36M3] General Manager Martin Powers has lost connection.
[2018/1/13 - 23:44:57] Titus Styles has withdrawn a Desert Eagle from the weapon locker (Cost: 10)
[2018/1/13 - 23:44:58] Titus Styles has withdrawn a Shotgun from the weapon locker (Cost: 3)
