[2018/1/11 - 0:15:18] [Cookie] Senior Operator Daima Aguinaldo has lost connection.
[2018/1/11 - 0:19:34] [E36M3] General Manager Martin Powers has lost connection.
[2018/1/11 - 0:27:04] [E36M3] Martin Powers has logged out.
[2018/1/11 - 0:36:24] [E36M3] General Manager Martin Powers has lost connection.
[2018/1/11 - 1:10:27] [VTICKET] Officer Huang Ho Chaos has ticketed Neo Ryders's Sultan (232) for $5,000.
[2018/1/11 - 1:10:59] IMPOUND: Huang Ho Chaos has impounded Neo Ryders's Sultan and gained $66,270
[2018/1/11 - 1:17:02] Daima Aguinaldo (881386) has set Daima Aguinaldo's (881386) badge to Cookie.
[2018/1/11 - 1:27:01] CEO Huang Ho Chaos (58921) (rank 9) has uninvited Daima Aguinaldo (881386) (rank 4) from Blitz Towing (16).
[2018/1/11 - 1:27:18] [E36M3] General Manager Martin Powers has lost connection.
[2018/1/11 - 1:27:48] [E36M3] Martin Powers has logged out.
[2018/1/11 - 1:28:28] Daima Aguinaldo (881386) accepted CEO Huang Ho Chaos's (58921) invite to join Blitz Towing (16).
[2018/1/11 - 1:28:32] CEO Huang Ho Chaos (58921) (rank 9) has given Daima Aguinaldo (881386) rank 4 (Senior Operator) in Blitz Towing (16).
[2018/1/11 - 1:28:41] Huang Ho Chaos (58921) has set Daima Aguinaldo's (881386) badge to Cookie.
[2018/1/11 - 1:40:47] Kobe Mece (1000088591) has made Kobe Mece (1000088591) the leader of the Blitz Towing.
[2018/1/11 - 1:40:52] Kobe Mece has withdrawn a Desert Eagle from the weapon locker (Cost: 10)
[2018/1/11 - 1:40:53] Martin Powers has withdrawn a Desert Eagle from the weapon locker (Cost: 10)
[2018/1/11 - 1:40:53] Kobe Mece has withdrawn a Shotgun from the weapon locker (Cost: 3)
[2018/1/11 - 1:43:22] Yuri Ben has withdrawn a Desert Eagle from the weapon locker (Cost: 10)
[2018/1/11 - 1:44:16] [E36M3] Martin Powers has logged out.
[2018/1/11 - 1:46:03] Daima Aguinaldo has withdrawn a Desert Eagle from the weapon locker (Cost: 10)
[2018/1/11 - 1:46:05] Daima Aguinaldo has withdrawn a Shovel from the weapon locker (Cost: 1)
[2018/1/11 - 1:50:58] [E36M3] Martin Powers has logged out.
[2018/1/11 - 1:52:44] Kobe Mece (1000088591) has made Kobe Mece (1000088591) the leader of the Blitz Towing.
[2018/1/11 - 1:52:59] [OSRS] Yuri Ben has logged out.
[2018/1/11 - 1:53:25] [ob4l] Huang Ho Chaos has logged out.
[2018/1/11 - 1:53:35] [Cookie] Daima Aguinaldo has logged out.
[2018/1/11 - 4:00:23] Brian Recker (1000611770) has quit the Blitz Towing as a rank 4
[2018/1/11 - 9:13:25] Igor Shakmarov has logged out.
[2018/1/11 - 9:25:21] Martin Powers has withdrawn a Desert Eagle from the weapon locker (Cost: 10)
[2018/1/11 - 9:25:26] Martin Powers has withdrawn a Shotgun from the weapon locker (Cost: 3)
[2018/1/11 - 9:31:40] [E36M3] General Manager Martin Powers has lost connection.
[2018/1/11 - 9:38:17] IMPOUND: Martin Powers has impounded Jamie Nelson's Glendale and gained $3,960
[2018/1/11 - 9:57:47] [VTICKET] Officer Martin Powers has ticketed Bobby Leyva Escobar's Sultan (865) for $5,000.
[2018/1/11 - 9:58:54] IMPOUND: Martin Powers has impounded Bobby Leyva Escobar's Sultan and gained $6,090
[2018/1/11 - 10:23:48] [E36M3] Martin Powers has logged out.
[2018/1/11 - 11:20:28] [E36M3] Martin Powers has logged out.
[2018/1/11 - 12:20:17] IMPOUND: Martin Powers has impounded Michael Dios Wing's Elegy and gained $20,820
[2018/1/11 - 12:21:32] [E36M3] General Manager Martin Powers has lost connection.
[2018/1/11 - 12:24:28] [VTICKET] Officer Martin Powers has ticketed Yuki Yamanaka's Admiral (967) for $5,000.
[2018/1/11 - 12:25:21] IMPOUND: Martin Powers has impounded Yuki Yamanaka's Admiral and gained $3,690
[2018/1/11 - 12:36:26] IMPOUND: Martin Powers has impounded Dwayne Radcliffe's Sadler and gained $1,950
[2018/1/11 - 13:20:19] [E36M3] Martin Powers has logged out.
[2018/1/11 - 13:35:49] [Cookie] Daima Aguinaldo has logged out.
[2018/1/11 - 13:55:30] [MSpaint] Titus Styles has logged out.
[2018/1/11 - 13:56:32] [OSRS] Yuri Ben has logged in.
[2018/1/11 - 14:01:00] Ben Ho has authorized Greg Riverwood to withdraw a Shovel from the weapon locker (Cost: 1)
[2018/1/11 - 14:01:05] [Slusher] Operator Brooke Rudolf has lost connection.
[2018/1/11 - 14:02:13] [OSRS] Yuri Ben has logged out.
[2018/1/11 - 14:03:56] [Slusher] Brooke Rudolf has logged out.
[2018/1/11 - 14:10:23] [E36M3] General Manager Martin Powers has lost connection.
[2018/1/11 - 14:21:15] [Slusher] Brooke Rudolf has logged out.
[2018/1/11 - 14:22:33] Ben Ho has authorized Greg Riverwood to withdraw a Desert Eagle from the weapon locker (Cost: 10)
[2018/1/11 - 14:28:38] [Doner] Ben Ho has logged out.
[2018/1/11 - 14:38:16] [E36M3] Martin Powers has logged out.
[2018/1/11 - 14:38:51] [KFC Dad] Greg Riverwood has logged out.
[2018/1/11 - 15:05:06] Larry Wooden Bear has withdrawn a Desert Eagle from the weapon locker (Cost: 10)
[2018/1/11 - 15:12:35] [Kebab] Larry Wooden Bear has logged out.
[2018/1/11 - 15:29:58] Hooligan Maddox has logged in.
[2018/1/11 - 15:45:27] Hooligan Maddox (1000027113) has made Hooligan Maddox (1000027113) the leader of the Blitz Towing.
[2018/1/11 - 15:45:39] Tobi Saito (1000332639) accepted CEO Hooligan Maddox's (1000027113) invite to join Blitz Towing (16).
[2018/1/11 - 15:49:24] Hooligan Maddox (1000027113) has made Hooligan Maddox (1000027113) the leader of the Blitz Towing.
[2018/1/11 - 15:55:46] Hooligan Maddox has logged out.
[2018/1/11 - 16:07:29] [OSRS] Yuri Ben has logged in.
[2018/1/11 - 16:07:39] [janitor] Serviceman Jake Honest has lost connection.
[2018/1/11 - 16:21:39] Tobi Saito (1000332639) has quit the Blitz Towing as a rank 0
[2018/1/11 - 16:29:26] Jake Honest (1000581216) has quit the Blitz Towing as a rank 2
[2018/1/11 - 16:46:12] Titus Styles has withdrawn a Desert Eagle from the weapon locker (Cost: 10)
[2018/1/11 - 16:46:13] Titus Styles has withdrawn a Shotgun from the weapon locker (Cost: 3)
[2018/1/11 - 16:46:33] [MSpaint] Foreman Titus Styles has lost connection.
[2018/1/11 - 16:55:18] Hooligan Maddox has logged in.
[2018/1/11 - 16:57:14] [VTICKET] Officer Yuri Ben has ticketed Nathan Alexanders's Glendale (34) for $5,000.
[2018/1/11 - 17:11:27] Titus Styles has withdrawn a Desert Eagle from the weapon locker (Cost: 10)
[2018/1/11 - 17:11:28] Titus Styles has withdrawn a Shotgun from the weapon locker (Cost: 3)
[2018/1/11 - 17:14:01] [MSpaint] Foreman Titus Styles has lost connection.
[2018/1/11 - 17:20:45] [VTICKET] Officer Yuri Ben has ticketed Benny Smith Wallace's Bobcat (514) for $5,000.
[2018/1/11 - 17:20:57] [VTICKET] Officer Titus Styles has ticketed Benny Smith Wallace's Bobcat (514) for $5,000.
[2018/1/11 - 17:31:15] [OSRS] Yuri Ben has logged out.
[2018/1/11 - 17:34:27] Titus Styles has withdrawn a Desert Eagle from the weapon locker (Cost: 10)
[2018/1/11 - 17:34:28] Titus Styles has withdrawn a Shotgun from the weapon locker (Cost: 3)
[2018/1/11 - 17:48:55] Ben Ho has withdrawn a Shovel from the weapon locker (Cost: 1)
[2018/1/11 - 17:49:01] Huang Ho Chaos has withdrawn a Shovel from the weapon locker (Cost: 1)
[2018/1/11 - 18:11:51] [OSRS] Yuri Ben has logged in.
[2018/1/11 - 18:14:15] Yuri Ben has withdrawn a Desert Eagle from the weapon locker (Cost: 10)
[2018/1/11 - 18:16:35] [VTICKET] Officer Titus Styles has ticketed Dwayne Radcliffe's Sadler (20) for $5,000.
[2018/1/11 - 18:18:04] [VTICKET] Officer Titus Styles has ticketed Dwayne Radcliffe's Sadler (20) for $5,000.
[2018/1/11 - 18:19:31] [VTICKET] Officer Titus Styles has ticketed Dwayne Radcliffe's Sadler (20) for $5,000.
[2018/1/11 - 18:21:41] [MSpaint] Titus Styles has logged out.
[2018/1/11 - 18:22:23] IMPOUND: Ben Ho has impounded Dwayne Radcliffe's Sadler and gained $6,450
[2018/1/11 - 18:24:11] [Doner] Ben Ho has logged out.
[2018/1/11 - 18:38:49] Yaozu Chaos (1000010275) accepted CEO Huang Ho Chaos's (58921) invite to join Blitz Towing (16).
[2018/1/11 - 18:39:11] CEO Huang Ho Chaos (58921) (rank 9) has given Yaozu Chaos (1000010275) rank 6 (Executive Committee Member) in Blitz Towing (16)
[2018/1/11 - 18:53:34] Yaozu Chaos (1000010275) has quit the Blitz Towing as a rank 6
[2018/1/11 - 18:59:23] Hooligan Maddox (1000027113) has made Hooligan Maddox (1000027113) the leader of the Blitz Towing.
[2018/1/11 - 19:00:12] [Cookie] Senior Operator Daima Aguinaldo has lost connection.
[2018/1/11 - 19:05:10] Hooligan Maddox has logged out.
[2018/1/11 - 19:22:52] [Cookie] Senior Operator Daima Aguinaldo has lost connection.
[2018/1/11 - 19:30:45] [ob4l] Huang Ho Chaos has logged out.
[2018/1/11 - 19:37:43] Titus Styles has withdrawn a Shotgun from the weapon locker (Cost: 3)
[2018/1/11 - 19:38:45] Hooligan Maddox has logged in.
[2018/1/11 - 20:31:31] [Cookie] Daima Aguinaldo has logged out.
[2018/1/11 - 20:33:03] [E36M3] Martin Powers has logged out.
[2018/1/11 - 20:42:18] [MSpaint] Titus Styles has logged out.
[2018/1/11 - 20:57:57] [MSpaint] Foreman Titus Styles has lost connection.
[2018/1/11 - 20:59:51] Serviceman Kane Triton Grimm has lost connection.
[2018/1/11 - 21:00:43] Titus Styles has withdrawn a Desert Eagle from the weapon locker (Cost: 10)
[2018/1/11 - 21:14:46] Foreman Titus Styles has manufactured a crate at Ocean Docks facility.
[2018/1/11 - 21:15:58] [MSpaint] Titus Styles has logged out.
[2018/1/11 - 21:16:23] Kliment Barsukov has withdrawn a Shotgun from the weapon locker (Cost: 3)
[2018/1/11 - 21:16:24] Kliment Barsukov has withdrawn a Desert Eagle from the weapon locker (Cost: 10)
[2018/1/11 - 21:47:44] Serviceman Kane Triton Grimm has lost connection.
[2018/1/11 - 21:48:44] Serviceman Kane Triton Grimm has lost connection.
[2018/1/11 - 21:49:27] Serviceman Kane Triton Grimm has lost connection.
[2018/1/11 - 21:50:25] Serviceman Kane Triton Grimm has lost connection.
[2018/1/11 - 21:52:08] [Donate] Kliment Barsukov has logged out.
[2018/1/11 - 21:59:25] Titus Styles has withdrawn a Desert Eagle from the weapon locker (Cost: 10)
[2018/1/11 - 21:59:26] Titus Styles has withdrawn a Shotgun from the weapon locker (Cost: 3)
[2018/1/11 - 22:10:45] [Cookie] Daima Aguinaldo has logged out.
[2018/1/11 - 22:19:38] [E36M3] General Manager Martin Powers has lost connection.
[2018/1/11 - 22:23:03] [MSpaint] Titus Styles has logged out.
[2018/1/11 - 22:28:35] Jamie Rain has logged out.
[2018/1/11 - 22:57:11] Kane Triton Grimm has withdrawn a Shotgun from the weapon locker (Cost: 3)
[2018/1/11 - 23:03:04] Daima Aguinaldo has withdrawn a Shotgun from the weapon locker (Cost: 3)
[2018/1/11 - 23:12:49] Kane Triton Grimm has withdrawn a Shotgun from the weapon locker (Cost: 3)
[2018/1/11 - 23:12:50] Kane Triton Grimm has withdrawn a Desert Eagle from the weapon locker (Cost: 10)
[2018/1/11 - 23:14:47] Kane Triton Grimm has logged out.
[2018/1/11 - 23:26:14] Larry Wooden Bear has withdrawn a Shotgun from the weapon locker (Cost: 3)
[2018/1/11 - 23:26:16] Larry Wooden Bear has withdrawn a Desert Eagle from the weapon locker (Cost: 10)
[2018/1/11 - 23:34:24] Larry Wooden Bear has withdrawn a Desert Eagle from the weapon locker (Cost: 10)
[2018/1/11 - 23:34:27] Larry Wooden Bear has withdrawn a Shotgun from the weapon locker (Cost: 3)
[2018/1/11 - 23:39:37] [E36M3] Martin Powers has logged out.
[2018/1/11 - 23:52:55] Hooligan Maddox (1000027113) has made Hooligan Maddox (1000027113) the leader of the Blitz Towing.
[2018/1/11 - 23:59:40] Hooligan Maddox (1000027113) has made Hooligan Maddox (1000027113) the leader of the Blitz Towing.
