[2018/1/20 - 0:01:44] [19413] CEO Huang Ho Chaos has lost connection.
[2018/1/20 - 0:15:31] [VTICKET] Officer Huang Ho Chaos has ticketed Salvatore Bonanno's Premier (1660) for $5,000.
[2018/1/20 - 0:16:41] [VTICKET] Officer Huang Ho Chaos has ticketed Salvatore Bonanno's Premier (1660) for $5,000.
[2018/1/20 - 0:17:58] [VTICKET] Officer Huang Ho Chaos has ticketed Salvatore Bonanno's Premier (1660) for $5,000.
[2018/1/20 - 0:18:05] [VTICKET] Officer Titus Styles has ticketed Salvatore Bonanno's Premier (1660) for $5,000.
[2018/1/20 - 0:18:31] [VTICKET] Officer Huang Ho Chaos has ticketed Salvatore Bonanno's Premier (1660) for $5,000.
[2018/1/20 - 0:18:39] [VTICKET] Officer Titus Styles has ticketed Salvatore Bonanno's Premier (1660) for $5,000.
[2018/1/20 - 0:19:00] [VTICKET] Officer Usain Cj Bolt has ticketed Salvatore Bonanno's Premier (1660) for $5,000.
[2018/1/20 - 0:19:47] [VTICKET] Officer Huang Ho Chaos has ticketed Salvatore Bonanno's Premier (1660) for $5,000.
[2018/1/20 - 0:20:06] [VTICKET] Officer Titus Styles has ticketed Salvatore Bonanno's Premier (1660) for $5,000.
[2018/1/20 - 0:20:56] [VTICKET] Officer Titus Styles has ticketed Salvatore Bonanno's Premier (1660) for $5,000.
[2018/1/20 - 0:30:11] [MSpaint] Titus Styles has logged out.
[2018/1/20 - 0:51:02] [19413] CEO Huang Ho Chaos has lost connection.
[2018/1/20 - 1:30:05] Titus Styles has withdrawn a Shotgun from the weapon locker (Cost: 3)
[2018/1/20 - 1:30:12] Titus Styles has withdrawn a Desert Eagle from the weapon locker (Cost: 10)
[2018/1/20 - 1:56:26] [MSpaint] Titus Styles has logged out.
[2018/1/20 - 2:01:16] Trainee Usain Cj Bolt has lost connection.
[2018/1/20 - 2:13:35] Trainee Usain Cj Bolt has lost connection.
[2018/1/20 - 13:18:16] [Donate] Arthur Mcchesney has logged out.
[2018/1/20 - 14:17:01] [Kebab] Larry Wooden Bear has logged out.
[2018/1/20 - 14:46:38] Kyle Odonnell Bluman (29592) has set Kyle Odonnell Bluman's (29592) badge to SD-T266.
[2018/1/20 - 14:49:22] Kyle Odonnell Bluman (29592) has set Kyle Odonnell Bluman's (29592) badge to <3ALICE.
[2018/1/20 - 14:49:26] Kyle Odonnell Bluman (29592) has set Kyle Odonnell Bluman's (29592) badge to I<3ALIC.
[2018/1/20 - 14:49:28] Kyle Odonnell Bluman (29592) has set Kyle Odonnell Bluman's (29592) badge to <3ALICE.
[2018/1/20 - 15:06:42] [<3ALICE] Kyle Odonnell Bluman has logged out.
[2018/1/20 - 16:26:37] [Donate] Arthur Mcchesney has logged out.
[2018/1/20 - 16:32:43] Larry Wooden Bear has withdrawn a Shotgun from the weapon locker (Cost: 3)
[2018/1/20 - 16:32:44] Larry Wooden Bear has withdrawn a Desert Eagle from the weapon locker (Cost: 10)
[2018/1/20 - 16:37:54] [Kebab] Larry Wooden Bear has logged out.
[2018/1/20 - 17:05:40] Kane Triton Grimm has logged out.
[2018/1/20 - 18:05:00] Jamie Rain has logged out.
[2018/1/20 - 18:32:13] Larry Wooden Bear has withdrawn a Desert Eagle from the weapon locker (Cost: 10)
[2018/1/20 - 18:35:45] [Kebab] Larry Wooden Bear has logged out.
[2018/1/20 - 19:01:03] [MSpaint] Foreman Titus Styles has lost connection.
[2018/1/20 - 19:24:20] Titus Styles has withdrawn a Desert Eagle from the weapon locker (Cost: 10)
[2018/1/20 - 19:24:21] Titus Styles has withdrawn a Shotgun from the weapon locker (Cost: 3)
[2018/1/20 - 19:37:45] Titus Styles has withdrawn a Desert Eagle from the weapon locker (Cost: 10)
[2018/1/20 - 19:37:46] Titus Styles has withdrawn a Shotgun from the weapon locker (Cost: 3)
[2018/1/20 - 19:44:53] [MSpaint] Foreman Titus Styles has lost connection.
[2018/1/20 - 19:45:03] [Kebab] General Manager Larry Wooden Bear has lost connection.
[2018/1/20 - 19:46:24] Trainee Usain Cj Bolt has lost connection.
[2018/1/20 - 20:12:25] [Kebab] Larry Wooden Bear has logged out.
[2018/1/20 - 20:25:17] Tyhson Flleming (1000627689) accepted CEO Huang Ho Chaos's (58921) invite to join Blitz Towing (16).
[2018/1/20 - 20:25:50] [19413] Huang Ho Chaos has logged out.
[2018/1/20 - 20:35:57] Tyhson Flleming has logged out.
[2018/1/20 - 20:48:49] [MSpaint] Foreman Titus Styles has lost connection.
[2018/1/20 - 20:48:49] Trainee Usain Cj Bolt has lost connection.
[2018/1/20 - 21:01:04] Usain Cj Bolt has logged out.
[2018/1/20 - 21:13:26] [MSpaint] Titus Styles has logged out.
[2018/1/20 - 22:19:18] Titus Styles has withdrawn a Shotgun from the weapon locker (Cost: 3)
[2018/1/20 - 22:19:19] Titus Styles has withdrawn a Desert Eagle from the weapon locker (Cost: 10)
[2018/1/20 - 22:27:45] [VTICKET] Officer Titus Styles has ticketed Bishop T Maddox's FBI Rancher (434) for $5,000.
[2018/1/20 - 22:28:03] IMPOUND: Titus Styles has impounded Bishop T Maddox's FBI Rancher and gained $36,180
[2018/1/20 - 22:41:32] Titus Styles has withdrawn a Shotgun from the weapon locker (Cost: 3)
[2018/1/20 - 22:41:57] Titus Styles has withdrawn a Desert Eagle from the weapon locker (Cost: 10)
[2018/1/20 - 22:44:37] Trainee Usain Cj Bolt has lost connection.
[2018/1/20 - 22:52:16] Kane Triton Grimm has withdrawn a Shotgun from the weapon locker (Cost: 3)
[2018/1/20 - 22:52:17] Kane Triton Grimm has withdrawn a Desert Eagle from the weapon locker (Cost: 10)
[2018/1/20 - 22:53:53] [MSpaint] Foreman Titus Styles has lost connection.
[2018/1/20 - 22:54:06] Serviceman Kane Triton Grimm has lost connection.
[2018/1/20 - 22:54:18] Trainee Usain Cj Bolt has lost connection.
