[2018/1/21 - 0:00:19] [MSpaint] Titus Styles has logged out.
[2018/1/21 - 3:55:55] [MSpaint] Titus Styles has logged out.
[2018/1/21 - 6:20:02] Teek C. Mercy has withdrawn a Desert Eagle from the weapon locker (Cost: 10)
[2018/1/21 - 6:20:05] Teek C. Mercy has withdrawn a Shotgun from the weapon locker (Cost: 3)
[2018/1/21 - 6:29:16] Teek C. Mercy has logged out.
[2018/1/21 - 12:09:19] Trainee Tyhson Flleming has lost connection.
[2018/1/21 - 13:18:35] Teek C. Mercy has logged out.
[2018/1/21 - 13:22:04] Teek C. Mercy has logged out.
[2018/1/21 - 13:40:14] Tyhson Flleming has logged out.
[2018/1/21 - 14:07:40] Trainee Alex Toretto has lost connection.
[2018/1/21 - 14:08:31] Trainee Alex Toretto has lost connection.
[2018/1/21 - 14:09:25] [Kebab] Larry Wooden Bear has logged out.
[2018/1/21 - 14:10:04] Alex Toretto (64358) has quit the Blitz Towing as a rank 0
[2018/1/21 - 14:37:10] General Manager Larry Wooden Bear has manufactured a crate at Ocean Docks facility.
[2018/1/21 - 16:06:51] [Kebab] Larry Wooden Bear has logged out.
[2018/1/21 - 16:18:37] [Kebab] Larry Wooden Bear has logged out.
[2018/1/21 - 17:11:25] Larry Wooden Bear has withdrawn a Desert Eagle from the weapon locker (Cost: 10)
[2018/1/21 - 17:23:12] Larry Wooden Bear has withdrawn a Shotgun from the weapon locker (Cost: 3)
[2018/1/21 - 17:23:13] Larry Wooden Bear has withdrawn a Desert Eagle from the weapon locker (Cost: 10)
[2018/1/21 - 17:23:14] Larry Wooden Bear has withdrawn a Shovel from the weapon locker (Cost: 1)
[2018/1/21 - 17:37:57] Jamie Rain has logged out.
[2018/1/21 - 18:15:41] Titus Styles has withdrawn a Desert Eagle from the weapon locker (Cost: 10)
[2018/1/21 - 18:15:42] Titus Styles has withdrawn a Shotgun from the weapon locker (Cost: 3)
[2018/1/21 - 18:46:38] Kane Triton Grimm has logged out.
[2018/1/21 - 19:06:08] Titus Styles has withdrawn a Shotgun from the weapon locker (Cost: 3)
[2018/1/21 - 19:06:09] Titus Styles has withdrawn a Desert Eagle from the weapon locker (Cost: 10)
[2018/1/21 - 19:08:25] Larry Wooden Bear has withdrawn a Desert Eagle from the weapon locker (Cost: 10)
[2018/1/21 - 19:35:02] [Kebab] General Manager Larry Wooden Bear has lost connection.
[2018/1/21 - 20:23:04] [MSpaint] Foreman Titus Styles has lost connection.
[2018/1/21 - 20:24:18] [MSpaint] Foreman Titus Styles has lost connection.
[2018/1/21 - 20:24:47] [Kebab] Larry Wooden Bear has logged out.
[2018/1/21 - 20:59:50] [Chicken] Dwayne Rudolf has logged out.
[2018/1/21 - 22:52:54] [MSpaint] Titus Styles has logged out.
[2018/1/21 - 23:06:53] [MSpaint] Foreman Titus Styles has lost connection.
