[2018/1/12 - 0:22:04] [ob4l] Huang Ho Chaos has logged out.
[2018/1/12 - 1:01:56] [E36M3] Martin Powers has logged out.
[2018/1/12 - 1:14:03] [Cookie] Daima Aguinaldo has logged out.
[2018/1/12 - 1:28:44] [ob4l] Huang Ho Chaos has logged out.
[2018/1/12 - 1:34:42] [E36M3] Martin Powers has logged out.
[2018/1/12 - 1:44:13] [Kebab] Larry Wooden Bear has logged out.
[2018/1/12 - 10:58:48] [E36M3] Martin Powers has logged out.
[2018/1/12 - 12:58:17] [E36M3] Martin Powers has logged out.
[2018/1/12 - 13:21:47] [E36M3] Martin Powers has logged out.
[2018/1/12 - 13:37:16] [E36M3] Martin Powers has logged out.
[2018/1/12 - 14:13:18] [E36M3] Martin Powers has logged out.
[2018/1/12 - 15:06:27] [Cookie] Senior Operator Daima Aguinaldo has lost connection.
[2018/1/12 - 15:06:58] Larry Wooden Bear has withdrawn a Desert Eagle from the weapon locker (Cost: 10)
[2018/1/12 - 15:13:06] Larry Wooden Bear has withdrawn a Shotgun from the weapon locker (Cost: 3)
[2018/1/12 - 15:13:07] Larry Wooden Bear has withdrawn a Desert Eagle from the weapon locker (Cost: 10)
[2018/1/12 - 15:26:07] Larry Wooden Bear has withdrawn a Desert Eagle from the weapon locker (Cost: 10)
[2018/1/12 - 15:26:08] Larry Wooden Bear has withdrawn a Shotgun from the weapon locker (Cost: 3)
[2018/1/12 - 15:43:59] Larry Wooden Bear has withdrawn a Shovel from the weapon locker (Cost: 1)
[2018/1/12 - 15:44:00] Larry Wooden Bear has withdrawn a Desert Eagle from the weapon locker (Cost: 10)
[2018/1/12 - 15:44:01] Larry Wooden Bear has withdrawn a Shotgun from the weapon locker (Cost: 3)
[2018/1/12 - 15:45:55] [OSRS] Senior Operator Yuri Ben has lost connection.
[2018/1/12 - 15:54:10] Dwayne Rudolf has withdrawn a Desert Eagle from the weapon locker (Cost: 10)
[2018/1/12 - 15:57:43] [VTICKET] Officer Dwayne Rudolf has ticketed Aleksandar Knezevic's Sadler (1264) for $5,000.
[2018/1/12 - 15:59:39] Kobe Mece (1000088591) has made Kobe Mece (1000088591) the leader of the Blitz Towing.
[2018/1/12 - 15:59:44] CEO Kobe Mece (1000088591) (rank 9) has given Kobe Mece (1000088591) rank 4 (Senior Operator) in Blitz Towing (16).
[2018/1/12 - 16:06:41] [E36M3] Martin Powers has logged out.
[2018/1/12 - 16:22:52] Martin Powers has withdrawn a Desert Eagle from the weapon locker (Cost: 10)
[2018/1/12 - 16:22:53] Martin Powers has withdrawn a Shotgun from the weapon locker (Cost: 3)
[2018/1/12 - 16:27:31] [Kebab] General Manager Larry Wooden Bear has lost connection.
[2018/1/12 - 16:27:31] [Cookie] Senior Operator Daima Aguinaldo has lost connection.
[2018/1/12 - 16:27:34] [E36M3] General Manager Martin Powers has lost connection.
[2018/1/12 - 16:27:34] [Chicken] Foreman Dwayne Rudolf has lost connection.
[2018/1/12 - 16:37:57] [E36M3] General Manager Martin Powers has lost connection.
[2018/1/12 - 17:02:26] Martin Powers has withdrawn a Desert Eagle from the weapon locker (Cost: 10)
[2018/1/12 - 17:02:27] Martin Powers has withdrawn a Shotgun from the weapon locker (Cost: 3)
[2018/1/12 - 17:03:31] [E36M3] Martin Powers has logged out.
[2018/1/12 - 17:03:47] [Cookie] Daima Aguinaldo has logged out.
[2018/1/12 - 17:44:32] [Donate] Senior Operator Kliment Barsukov has lost connection.
[2018/1/12 - 18:06:02] Hooligan Maddox (1000027113) has made Hooligan Maddox (1000027113) the leader of the Blitz Towing.
[2018/1/12 - 18:17:39] Hooligan Maddox has logged out.
[2018/1/12 - 19:27:43] [Donate] Kliment Barsukov has logged out.
[2018/1/12 - 19:32:09] [E36M3] Martin Powers has logged out.
[2018/1/12 - 19:37:47] Hooligan Maddox has logged in.
[2018/1/12 - 19:51:47] Titus Styles has withdrawn a Shotgun from the weapon locker (Cost: 3)
[2018/1/12 - 19:51:48] Titus Styles has withdrawn a Desert Eagle from the weapon locker (Cost: 10)
[2018/1/12 - 19:54:12] [VTICKET] Officer Titus Styles has ticketed Dwayne Radcliffe's Sadler (20) for $5,000.
[2018/1/12 - 20:06:53] Martin Powers has withdrawn a Desert Eagle from the weapon locker (Cost: 10)
[2018/1/12 - 20:06:54] Martin Powers has withdrawn a Shotgun from the weapon locker (Cost: 3)
[2018/1/12 - 20:08:08] [E36M3] Martin Powers has logged out.
[2018/1/12 - 20:24:43] [MSpaint] Titus Styles has logged out.
[2018/1/12 - 21:08:18] Titus Styles has withdrawn a Desert Eagle from the weapon locker (Cost: 10)
[2018/1/12 - 21:08:19] Titus Styles has withdrawn a Shotgun from the weapon locker (Cost: 3)
[2018/1/12 - 21:10:10] Kane Triton Grimm has logged out.
[2018/1/12 - 21:19:45] Senior Operator Tony Steels has lost connection.
[2018/1/12 - 21:32:52] Tony Steels has withdrawn a Desert Eagle from the weapon locker (Cost: 10)
[2018/1/12 - 21:34:26] Kane Triton Grimm has logged out.
[2018/1/12 - 21:36:43] Senior Operator Tony Steels has lost connection.
[2018/1/12 - 21:38:24] Chris Johnson (887418) has made Chris Johnson (887418) the leader of the Blitz Towing.
[2018/1/12 - 21:39:09] Tony Steels has withdrawn a Desert Eagle from the weapon locker (Cost: 10)
[2018/1/12 - 21:41:31] Tony Steels has withdrawn a Desert Eagle from the weapon locker (Cost: 10)
[2018/1/12 - 21:44:47] [MSpaint] Titus Styles has logged out.
[2018/1/12 - 21:49:31] [Chicken] Dwayne Rudolf has logged out.
[2018/1/12 - 21:55:31] Martin Powers has withdrawn a Desert Eagle from the weapon locker (Cost: 10)
[2018/1/12 - 22:02:55] Tony Steels has logged out.
[2018/1/12 - 22:20:58] [E36M3] Martin Powers has logged out.
[2018/1/12 - 22:25:57] [Donate] Kliment Barsukov has logged out.
[2018/1/12 - 22:30:13] Hooligan Maddox (1000027113) has made Hooligan Maddox (1000027113) the leader of the Blitz Towing.
[2018/1/12 - 22:36:28] Titus Styles has withdrawn a Desert Eagle from the weapon locker (Cost: 10)
[2018/1/12 - 22:36:29] Titus Styles has withdrawn a Shotgun from the weapon locker (Cost: 3)
[2018/1/12 - 22:37:54] Hooligan Maddox has logged out.
[2018/1/12 - 22:39:38] Hooligan Maddox has logged in.
[2018/1/12 - 22:42:54] [VTICKET] Officer Titus Styles has ticketed Hartax Blacker's Sultan (1284) for $5,000.
[2018/1/12 - 22:43:04] Hooligan Maddox (1000027113) has made Hooligan Maddox (1000027113) the leader of the Blitz Towing.
[2018/1/12 - 22:57:14] Dwayne Rudolf has withdrawn a Desert Eagle from the weapon locker (Cost: 10)
[2018/1/12 - 22:58:24] [VTICKET] Officer Ben Ho has ticketed Trent Wolf's FBI Rancher (78) for $5,000.
[2018/1/12 - 22:58:28] [VTICKET] Officer Titus Styles has ticketed Trent Wolf's FBI Rancher (78) for $5,000.
[2018/1/12 - 23:04:09] [E36M3] Martin Powers has logged out.
[2018/1/12 - 23:06:55] Yaozu Chaos (1000010275) accepted CEO Huang Ho Chaos's (58921) invite to join Blitz Towing (16).
[2018/1/12 - 23:06:56] CEO Huang Ho Chaos (58921) (rank 9) has given Yaozu Chaos (1000010275) rank 6 (Executive Committee Member) in Blitz Towing (16)
[2018/1/12 - 23:11:30] Yaozu Chaos has withdrawn a Desert Eagle from the weapon locker (Cost: 10)
[2018/1/12 - 23:11:45] Foreman Dwayne Rudolf has manufactured a crate at Whetstone facility.
[2018/1/12 - 23:19:59] Ben Ho (1000415314) has set Yaozu Chaos's (1000010275) badge to doner.
[2018/1/12 - 23:20:50] Ben Ho (1000415314) has set Yaozu Chaos's (1000010275) badge to Doner.
[2018/1/12 - 23:37:50] COO Ben Ho (1000415314) has set Yaozu Chaos's (1000010275) division to HON in Blitz Towing (16).
[2018/1/12 - 23:47:13] IMPOUND: Ben Ho has impounded Steve Faulkner's Elegy and gained $22,020
[2018/1/12 - 23:47:40] [E36M3] Martin Powers has logged out.
[2018/1/12 - 23:54:06] Hooligan Maddox (1000027113) has made Hooligan Maddox (1000027113) the leader of the Blitz Towing.
