[2018/1/8 - 0:11:25] [Kebab] Larry Wooden Bear has logged out.
[2018/1/8 - 0:12:51] Martin Powers has logged out.
[2018/1/8 - 0:20:37] Titus Styles has withdrawn a Shotgun from the weapon locker (Cost: 3)
[2018/1/8 - 0:20:38] Titus Styles has withdrawn a Desert Eagle from the weapon locker (Cost: 10)
[2018/1/8 - 0:28:09] Titus Styles has withdrawn a Shotgun from the weapon locker (Cost: 3)
[2018/1/8 - 0:28:10] Titus Styles has withdrawn a Desert Eagle from the weapon locker (Cost: 10)
[2018/1/8 - 0:30:51] IMPOUND: Titus Styles has impounded Percy Jones's Hermes and gained $10,470
[2018/1/8 - 0:36:19] Titus Styles has logged out.
[2018/1/8 - 1:30:47] Martin Powers has withdrawn a Desert Eagle from the weapon locker (Cost: 10)
[2018/1/8 - 1:52:25] [Kebab] General Manager Larry Wooden Bear has lost connection.
[2018/1/8 - 2:28:29] [Kebab] Larry Wooden Bear has logged out.
[2018/1/8 - 2:34:55] Martin Powers has logged out.
[2018/1/8 - 4:01:51] Kobe Duron (1000088591) has quit the Blitz Towing as a rank 9
[2018/1/8 - 8:45:39] [OSRS] Yuri Ben has logged in.
[2018/1/8 - 10:48:50] Martin Powers has logged out.
[2018/1/8 - 11:15:13] Martin Powers has logged out.
[2018/1/8 - 11:23:28] General Manager Martin Powers has lost connection.
[2018/1/8 - 11:24:21] General Manager Martin Powers has lost connection.
[2018/1/8 - 11:27:51] Martin Powers has logged out.
[2018/1/8 - 11:50:06] [VTICKET] Officer Gunther Von Wolfe has ticketed Jack Hood's Sadler (871) for $5,000.
[2018/1/8 - 11:55:12] [Cigonai] Gunther Von Wolfe has logged out.
[2018/1/8 - 12:04:24] Martin Powers has logged out.
[2018/1/8 - 12:11:42] Chris Silvetti has logged out.
[2018/1/8 - 13:05:24] Martin Powers has logged out.
[2018/1/8 - 14:25:31] Chris Silvetti has logged out.
[2018/1/8 - 14:36:23] Titus Styles has logged out.
[2018/1/8 - 14:49:44] General Manager Martin Powers has lost connection.
[2018/1/8 - 14:50:41] Chris Silvetti has logged out.
[2018/1/8 - 14:56:45] General Manager Martin Powers has lost connection.
[2018/1/8 - 15:10:01] [VTICKET] Officer Martin Powers has ticketed Nir Francis's Glendale (371) for $5,000.
[2018/1/8 - 15:11:10] IMPOUND: Martin Powers has impounded Nir Francis's Glendale and gained $1,530
[2018/1/8 - 15:13:35] IMPOUND: Martin Powers has impounded Benny Smith Wallace's Bobcat and gained $6,780
[2018/1/8 - 15:15:48] [VTICKET] Officer Martin Powers has ticketed Steven James's Sadler (980) for $5,000.
[2018/1/8 - 15:17:58] [VTICKET] Officer Martin Powers has ticketed Jake Dredd's Elegy (884) for $5,000.
[2018/1/8 - 15:18:22] IMPOUND: Martin Powers has impounded Jake Dredd's Elegy and gained $2,100
[2018/1/8 - 15:20:51] Martin Powers has logged out.
[2018/1/8 - 18:50:23] Martin Powers has logged out.
[2018/1/8 - 19:05:43] Ben Ho (1000415314) has set Ben Ho's (1000415314) badge to Doner.
[2018/1/8 - 19:07:03] [BHT:01] CEO Huang Ho Chaos has lost connection.
[2018/1/8 - 19:19:11] [VTICKET] Officer Huang Ho Chaos has ticketed Evelina C Snow's Elegy (840) for $5,000.
[2018/1/8 - 19:19:43] [VTICKET] Officer Zac Ho Atac has ticketed Evelina C Snow's Elegy (840) for $5,000.
[2018/1/8 - 19:19:56] [VTICKET] Officer Craft Chaos has ticketed Evelina C Snow's Elegy (840) for $5,000.
[2018/1/8 - 19:28:40] [BHT:01] Huang Ho Chaos has logged out.
[2018/1/8 - 19:30:27] Titus Styles has withdrawn a Shotgun from the weapon locker (Cost: 3)
[2018/1/8 - 19:30:28] Titus Styles has withdrawn a Desert Eagle from the weapon locker (Cost: 10)
[2018/1/8 - 19:31:31] [wank] Kliment Barsukov has logged out.
[2018/1/8 - 19:34:53] Martin Powers has logged out.
[2018/1/8 - 19:35:04] Huang Ho Chaos has withdrawn a Desert Eagle from the weapon locker (Cost: 10)
[2018/1/8 - 19:35:05] Huang Ho Chaos has withdrawn a Shotgun from the weapon locker (Cost: 3)
[2018/1/8 - 19:35:39] Ben Ho (1000415314) has set Craft Chaos's (72764) badge to CumDump.
[2018/1/8 - 19:41:58] [OSRS] Yuri Ben has logged out.
[2018/1/8 - 19:42:28] [OSRS] Yuri Ben has logged in.
[2018/1/8 - 19:50:41] [wank] Kliment Barsukov has logged out.
[2018/1/8 - 19:55:00] [Reaper] Zac Ho Atac has logged out.
[2018/1/8 - 19:59:18] CEO Huang Ho Chaos (58921) (rank 9) has given Craft Chaos (72764) rank 6 (Executive Committee Member) in Blitz Towing (16).
[2018/1/8 - 19:59:24] CEO Huang Ho Chaos (58921) (rank 9) has given Craft Chaos (72764) rank 6 (Executive Committee Member) in Blitz Towing (16).
[2018/1/8 - 19:59:26] CEO Huang Ho Chaos (58921) (rank 9) has given Craft Chaos (72764) rank 6 (Executive Committee Member) in Blitz Towing (16).
[2018/1/8 - 19:59:27] CEO Huang Ho Chaos (58921) (rank 9) has given Craft Chaos (72764) rank 6 (Executive Committee Member) in Blitz Towing (16).
[2018/1/8 - 19:59:27] CEO Huang Ho Chaos (58921) (rank 9) has given Craft Chaos (72764) rank 6 (Executive Committee Member) in Blitz Towing (16).
[2018/1/8 - 19:59:27] CEO Huang Ho Chaos (58921) (rank 9) has given Craft Chaos (72764) rank 6 (Executive Committee Member) in Blitz Towing (16).
[2018/1/8 - 19:59:28] CEO Huang Ho Chaos (58921) (rank 9) has given Craft Chaos (72764) rank 6 (Executive Committee Member) in Blitz Towing (16).
[2018/1/8 - 19:59:28] CEO Huang Ho Chaos (58921) (rank 9) has given Craft Chaos (72764) rank 6 (Executive Committee Member) in Blitz Towing (16).
[2018/1/8 - 19:59:34] CEO Huang Ho Chaos (58921) (rank 9) has given Craft Chaos (72764) rank 6 (Executive Committee Member) in Blitz Towing (16).
[2018/1/8 - 20:02:23] Martin Powers has logged out.
[2018/1/8 - 20:07:21] [VTICKET] Officer Yaozu Chaos has ticketed Mert Baba Clarkson's Elegy (803) for $5,000.
[2018/1/8 - 20:07:25] [VTICKET] Officer Yuri Ben has ticketed Mert Baba Clarkson's Elegy (803) for $5,000.
[2018/1/8 - 20:07:27] [VTICKET] Officer Titus Styles has ticketed Mert Baba Clarkson's Elegy (803) for $5,000.
[2018/1/8 - 20:07:53] [VTICKET] Officer Yaozu Chaos has ticketed Mert Baba Clarkson's Elegy (803) for $5,000.
[2018/1/8 - 20:08:21] [VTICKET] Officer Yuri Ben has ticketed Mert Baba Clarkson's Elegy (803) for $5,000.
[2018/1/8 - 20:08:47] [VTICKET] Officer Yaozu Chaos has ticketed Mert Baba Clarkson's Elegy (803) for $5,000.
[2018/1/8 - 20:09:08] [VTICKET] Officer Titus Styles has ticketed Mert Baba Clarkson's Elegy (803) for $5,000.
[2018/1/8 - 20:09:10] [VTICKET] Officer Yuri Ben has ticketed Mert Baba Clarkson's Elegy (803) for $5,000.
[2018/1/8 - 20:09:19] [VTICKET] Officer Yaozu Chaos has ticketed Mert Baba Clarkson's Elegy (803) for $5,000.
[2018/1/8 - 20:09:39] [VTICKET] Officer Titus Styles has ticketed Mert Baba Clarkson's Elegy (803) for $5,000.
[2018/1/8 - 20:09:41] [VTICKET] Officer Yuri Ben has ticketed Mert Baba Clarkson's Elegy (803) for $5,000.
[2018/1/8 - 20:09:51] [VTICKET] Officer Yaozu Chaos has ticketed Mert Baba Clarkson's Elegy (803) for $5,000.
[2018/1/8 - 20:10:23] [VTICKET] Officer Yaozu Chaos has ticketed Mert Baba Clarkson's Elegy (803) for $5,000.
[2018/1/8 - 20:10:25] [VTICKET] Officer Titus Styles has ticketed Mert Baba Clarkson's Elegy (803) for $5,000.
[2018/1/8 - 20:10:55] [VTICKET] Officer Craft Chaos has ticketed Mert Baba Clarkson's Elegy (803) for $5,000.
[2018/1/8 - 20:11:01] [VTICKET] Officer Yaozu Chaos has ticketed Mert Baba Clarkson's Elegy (803) for $5,000.
[2018/1/8 - 20:11:14] [BHT:01] CEO Huang Ho Chaos has lost connection.
[2018/1/8 - 20:11:30] [VTICKET] Officer Craft Chaos has ticketed Mert Baba Clarkson's Elegy (803) for $5,000.
[2018/1/8 - 20:11:31] [VTICKET] Officer Yaozu Chaos has ticketed Mert Baba Clarkson's Elegy (803) for $5,000.
[2018/1/8 - 20:12:00] IMPOUND: Ben Ho has impounded Mert Baba Clarkson's Elegy and gained $33,960
[2018/1/8 - 20:12:20] [Doner] Ben Ho has logged out.
[2018/1/8 - 20:15:45] [wank] Kliment Barsukov has logged out.
[2018/1/8 - 20:39:52] [wank] Kliment Barsukov has logged out.
[2018/1/8 - 20:40:44] [VTICKET] Officer Titus Styles has ticketed Dwayne Radcliffe's Elegy (824) for $5,000.
[2018/1/8 - 20:41:57] [VTICKET] Officer Huang Ho Chaos has ticketed Dwayne Radcliffe's Elegy (824) for $3,491.
[2018/1/8 - 20:58:31] CEO Huang Ho Chaos (58921) (rank 9) has uninvited Yaozu Chaos (1000010275) (rank 6) from Blitz Towing (16).
[2018/1/8 - 21:08:31] Yuri Ben has withdrawn a Desert Eagle from the weapon locker (Cost: 10)
[2018/1/8 - 21:25:36] Titus Styles has logged out.
[2018/1/8 - 21:41:51] Robert Caber (1000215713) has made Zac Ho Atac (1000345543) the leader of the Blitz Towing.
[2018/1/8 - 21:45:32] Huang Ho Chaos (58921) has set Titus Styles's (10793) badge to paintma.
[2018/1/8 - 21:45:33] Huang Ho Chaos (58921) has set Titus Styles's (10793) badge to paintm.
[2018/1/8 - 21:45:34] Huang Ho Chaos (58921) has set Titus Styles's (10793) badge to paint.
[2018/1/8 - 21:45:42] Huang Ho Chaos (58921) has set Titus Styles's (10793) badge to ms-pain.
[2018/1/8 - 21:45:45] Huang Ho Chaos (58921) has set Titus Styles's (10793) badge to mspaint.
[2018/1/8 - 21:45:53] Huang Ho Chaos (58921) has set Titus Styles's (10793) badge to MSPaint.
[2018/1/8 - 21:46:00] Zac Ho Atac (1000345543) has set Titus Styles's (10793) badge to nigger.
[2018/1/8 - 21:46:09] Huang Ho Chaos (58921) has set Titus Styles's (10793) badge to MSPaint.
[2018/1/8 - 21:48:48] Zac Ho Atac (1000345543) has set Martin Powers's (1000467962) badge to retard.
[2018/1/8 - 21:48:55] Zac Ho Atac (1000345543) has set Martin Powers's (1000467962) badge to paki.
[2018/1/8 - 21:49:17] Zac Ho Atac (1000345543) has set Martin Powers's (1000467962) badge to retard.
[2018/1/8 - 21:49:43] Zac Ho Atac (1000345543) has set Martin Powers's (1000467962) badge to fuckme.
[2018/1/8 - 21:50:30] Zac Ho Atac (1000345543) has set Titus Styles's (10793) badge to nigger.
[2018/1/8 - 21:50:45] Zac Ho Atac (1000345543) has set Titus Styles's (10793) badge to MSpaint.
[2018/1/8 - 21:51:03] Zac Ho Atac (1000345543) has set Martin Powers's (1000467962) badge to retard.
[2018/1/8 - 21:53:07] Zac Ho Atac has withdrawn a Desert Eagle from the weapon locker (Cost: 10)
[2018/1/8 - 21:57:04] [retard] Martin Powers has logged out.
[2018/1/8 - 22:07:55] [VTICKET] Officer Titus Styles has ticketed Brandon Bluman's Elegy (920) for $5,000.
[2018/1/8 - 22:08:03] [BHT:01] Huang Ho Chaos has logged out.
[2018/1/8 - 22:09:07] [VTICKET] Officer Titus Styles has ticketed Hooligan Maddox's Hermes (996) for $5,000.
[2018/1/8 - 22:09:51] [VTICKET] Officer Titus Styles has ticketed Brandon Bluman's Elegy (920) for $5,000.
[2018/1/8 - 22:10:22] [VTICKET] Officer Titus Styles has ticketed Brandon Bluman's Elegy (920) for $5,000.
[2018/1/8 - 22:10:23] [VTICKET] Officer Zac Ho Atac has ticketed Brandon Bluman's Elegy (920) for $5,000.
[2018/1/8 - 22:11:17] [VTICKET] Officer Titus Styles has ticketed Brandon Bluman's Elegy (920) for $5,000.
[2018/1/8 - 22:12:07] [VTICKET] Officer Yuri Ben has ticketed Brandon Bluman's Elegy (920) for $5,000.
[2018/1/8 - 22:12:47] [VTICKET] Officer Yuri Ben has ticketed Brandon Bluman's Elegy (920) for $5,000.
[2018/1/8 - 22:13:23] [VTICKET] Officer Yuri Ben has ticketed Brandon Bluman's Elegy (920) for $5,000.
[2018/1/8 - 22:13:47] [MSpaint] Titus Styles has logged out.
[2018/1/8 - 22:13:56] [VTICKET] Officer Yuri Ben has ticketed Brandon Bluman's Elegy (920) for $5,000.
[2018/1/8 - 22:14:29] [VTICKET] Officer Yuri Ben has ticketed Brandon Bluman's Elegy (920) for $5,000.
[2018/1/8 - 22:15:05] [VTICKET] Officer Yuri Ben has ticketed Brandon Bluman's Elegy (920) for $5,000.
[2018/1/8 - 22:15:37] [VTICKET] Officer Yuri Ben has ticketed Brandon Bluman's Elegy (920) for $5,000.
[2018/1/8 - 22:16:12] [VTICKET] Officer Yuri Ben has ticketed Brandon Bluman's Elegy (920) for $5,000.
[2018/1/8 - 22:16:50] [VTICKET] Officer Yuri Ben has ticketed Brandon Bluman's Elegy (920) for $5,000.
[2018/1/8 - 22:17:22] [VTICKET] Officer Yuri Ben has ticketed Brandon Bluman's Elegy (920) for $5,000.
[2018/1/8 - 22:22:05] [Reaper] CEO Zac Ho Atac has lost connection.
[2018/1/8 - 23:09:30] [retard] Martin Powers has logged out.
[2018/1/8 - 23:30:25] [retard] Martin Powers has logged out.
[2018/1/8 - 23:46:22] [VTICKET] Officer Martin Powers has ticketed Jonas Mezeika's Premier (626) for $5,000.
[2018/1/8 - 23:50:11] [retard] General Manager Martin Powers has lost connection.
[2018/1/8 - 23:53:34] Martin Powers has withdrawn a Desert Eagle from the weapon locker (Cost: 10)
[2018/1/8 - 23:54:57] [VTICKET] Officer Martin Powers has ticketed Adam Wrzosek's Willard (378) for $5,000.
[2018/1/8 - 23:55:02] [VTICKET] Officer Yuri Ben has ticketed Adam Wrzosek's Willard (378) for $5,000.
[2018/1/8 - 23:55:51] [VTICKET] Officer Yuri Ben has ticketed Adam Wrzosek's Willard (378) for $5,000.
[2018/1/8 - 23:56:07] IMPOUND: Martin Powers has impounded Adam Wrzosek's Willard and gained $4,560
[2018/1/8 - 23:56:15] [MSpaint] Titus Styles has logged out.
