[2018/1/22 - 2:20:09] [MSpaint] Titus Styles has logged out.
[2018/1/22 - 11:50:08] Ty Smith (1000601662) has made Ty Smith (1000601662) the leader of the Blitz Towing.
[2018/1/22 - 14:01:57] [Kebab] Larry Wooden Bear has logged out.
[2018/1/22 - 14:06:35] [Kebab] Larry Wooden Bear has logged out.
[2018/1/22 - 14:34:38] [Kebab] Larry Wooden Bear has logged out.
[2018/1/22 - 15:12:08] Larry Wooden Bear has withdrawn a Desert Eagle from the weapon locker (Cost: 10)
[2018/1/22 - 15:12:10] Larry Wooden Bear has withdrawn a Shotgun from the weapon locker (Cost: 3)
[2018/1/22 - 15:51:28] [VTICKET] Officer Usain Cj Bolt has ticketed Ai Chan's Sandking (1217) for $5,000.
[2018/1/22 - 17:07:17] [<3ALICE] Kyle Odonnell Bluman has logged out.
[2018/1/22 - 17:10:52] Kyle Odonnell Bluman (29592) has set Kyle Odonnell Bluman's (29592) badge to #KO99VE.
[2018/1/22 - 17:10:55] Kyle Odonnell Bluman (29592) has set Kyle Odonnell Bluman's (29592) badge to KO99VET.
[2018/1/22 - 17:25:50] [Kebab] Larry Wooden Bear has logged out.
[2018/1/22 - 17:26:42] [Kebab] General Manager Larry Wooden Bear has lost connection.
[2018/1/22 - 17:27:48] Arthur Mcchesney has withdrawn a Desert Eagle from the weapon locker (Cost: 10)
[2018/1/22 - 17:33:34] [Donate] Arthur Mcchesney has logged out.
[2018/1/22 - 17:34:15] Kyle Odonnell Bluman has authorized Tyhson Flleming to withdraw a Shotgun from the weapon locker (Cost: 3)
[2018/1/22 - 17:35:09] Executive Kyle Odonnell Bluman (29592) has set Tyhson Flleming's (1000627689) division to GD in Blitz Towing (16).
[2018/1/22 - 17:38:35] [WAIFU] Executive Blitz Nye has lost connection.
[2018/1/22 - 17:42:18] [Kebab] Larry Wooden Bear has logged out.
[2018/1/22 - 17:44:20] Kyle Odonnell Bluman (29592) has set Blitz Nye's (171713) badge to SD-A100.
[2018/1/22 - 17:44:29] Kyle Odonnell Bluman (29592) has set Blitz Nye's (171713) badge to A100.
[2018/1/22 - 17:44:41] Kyle Odonnell Bluman (29592) has set Blitz Nye's (171713) badge to SD-A100.
[2018/1/22 - 17:44:53] Kyle Odonnell Bluman (29592) has set Blitz Nye's (171713) badge to SD-C193.
[2018/1/22 - 17:53:10] [Donate] Arthur Mcchesney has logged out.
[2018/1/22 - 17:59:38] Larry Wooden Bear has withdrawn a Desert Eagle from the weapon locker (Cost: 10)
[2018/1/22 - 18:06:02] Dwight Silvetti (847669) accepted Executive Committee Member Kyle Odonnell Bluman's (29592) invite to join Blitz Towing (16).
[2018/1/22 - 18:06:03] Executive Committee Member Kyle Odonnell Bluman (29592) (rank 6) has given Dwight Silvetti (847669) rank 5 (Foreman) in Blitz T
[2018/1/22 - 18:06:15] Kyle Odonnell Bluman (29592) has set Dwight Silvetti's (847669) badge to SD-C188.
[2018/1/22 - 18:06:25] Executive Committee Member Kyle Odonnell Bluman (29592) has set Dwight Silvetti's (847669) division to GD in Blitz Towing (16).
[2018/1/22 - 18:09:14] Dwight Silvetti has withdrawn a Shotgun from the weapon locker (Cost: 3)
[2018/1/22 - 18:09:15] Dwight Silvetti has withdrawn a Desert Eagle from the weapon locker (Cost: 10)
[2018/1/22 - 18:12:43] Trainee Tyhson Flleming has lost connection.
[2018/1/22 - 18:32:11] Blitz Nye has withdrawn a Desert Eagle from the weapon locker (Cost: 10)
[2018/1/22 - 18:32:12] Blitz Nye has withdrawn a Shotgun from the weapon locker (Cost: 3)
[2018/1/22 - 18:32:15] Blitz Nye has withdrawn a Shovel from the weapon locker (Cost: 1)
[2018/1/22 - 18:32:49] [SD-C188] Dwight Silvetti has logged out.
[2018/1/22 - 18:55:11] [Kebab] Larry Wooden Bear has logged out.
[2018/1/22 - 18:55:18] [SD-C193] Executive Committee Member Blitz Nye has lost connection.
[2018/1/22 - 18:59:10] Jamie Rain has logged out.
[2018/1/22 - 19:07:44] Dwight Silvetti (847669) has quit the Blitz Towing as a rank 5
[2018/1/22 - 19:19:46] [KO99VET] Kyle Odonnell Bluman has logged out.
[2018/1/22 - 20:14:37] Kyle Odonnell Bluman has withdrawn a Shotgun from the weapon locker (Cost: 3)
[2018/1/22 - 20:14:38] Kyle Odonnell Bluman has withdrawn a Desert Eagle from the weapon locker (Cost: 10)
[2018/1/22 - 20:23:27] [Donate] Arthur Mcchesney has logged out.
[2018/1/22 - 20:46:15] Kyle Odonnell Bluman (29592) has renamed the none division (#10) to SHAFT
[2018/1/22 - 20:46:20] Executive Committee Member Kyle Odonnell Bluman (29592) has set Blitz Nye's (171713) division to SHAFT in Blitz Towing (16).
[2018/1/22 - 20:46:33] Kyle Odonnell Bluman (29592) has removed Blitz Nye's (171713) badge.
[2018/1/22 - 20:47:37] Kyle Odonnell Bluman (29592) has set Blitz Nye's (171713) badge to WAIFU.
[2018/1/22 - 20:48:38] Kyle Odonnell Bluman (29592) has removed Blitz Nye's (171713) badge.
[2018/1/22 - 21:07:44] Larry Wooden Bear has withdrawn a Desert Eagle from the weapon locker (Cost: 10)
[2018/1/22 - 21:08:34] Executive Committee Member Blitz Nye has lost connection.
[2018/1/22 - 21:10:16] [KO99VET] Kyle Odonnell Bluman has logged out.
[2018/1/22 - 21:25:29] Executive Committee Member Blitz Nye has lost connection.
[2018/1/22 - 22:04:37] [Kebab] Larry Wooden Bear has logged out.
[2018/1/22 - 22:25:32] [VTICKET] Officer Huang Ho Chaos has ticketed Jon Baba's Windsor (1144) for $5,000.
[2018/1/22 - 22:42:41] [19413] CEO Huang Ho Chaos has lost connection.
[2018/1/22 - 23:00:54] Titus Styles has withdrawn a Desert Eagle from the weapon locker (Cost: 10)
[2018/1/22 - 23:00:55] Titus Styles has withdrawn a Shotgun from the weapon locker (Cost: 3)
[2018/1/22 - 23:21:19] [MSpaint] Titus Styles has logged out.
[2018/1/22 - 23:35:41] [MSpaint] Titus Styles has logged out.
[2018/1/22 - 23:38:06] Titus Styles has withdrawn a Desert Eagle from the weapon locker (Cost: 10)
[2018/1/22 - 23:38:07] Titus Styles has withdrawn a Shotgun from the weapon locker (Cost: 3)
[2018/1/22 - 23:44:46] Huang Ho Chaos (58921) has set Blitz Nye's (171713) badge to 4565125.
[2018/1/22 - 23:54:53] [19413] Huang Ho Chaos has logged out.
[2018/1/22 - 23:55:05] [MSpaint] Titus Styles has logged out.
