[2018/1/26 - 7:52:26] Floresiano Speed has logged out.
[2018/1/26 - 12:12:20] Kobe Mece (1000088591) has made Hooligan Maddox (1000027113) the leader of the Blitz Towing.
[2018/1/26 - 12:14:06] Hooligan Maddox has withdrawn a Desert Eagle from the weapon locker (Cost: 10)
[2018/1/26 - 12:16:40] Hooligan Maddox has logged out.
[2018/1/26 - 12:50:45] Kyle Odonnell Bluman has withdrawn a Shotgun from the weapon locker (Cost: 3)
[2018/1/26 - 12:50:46] Kyle Odonnell Bluman has withdrawn a Desert Eagle from the weapon locker (Cost: 5)
[2018/1/26 - 12:50:47] Kyle Odonnell Bluman has withdrawn a Shovel from the weapon locker (Cost: 1)
[2018/1/26 - 13:03:20] [KO99VET] Kyle Odonnell Bluman has logged out.
[2018/1/26 - 14:08:18] Hooligan Maddox has logged out.
[2018/1/26 - 14:13:17] Floresiano Speed has withdrawn a Desert Eagle from the weapon locker (Cost: 5)
[2018/1/26 - 14:18:08] Floresiano Speed has withdrawn a Desert Eagle from the weapon locker (Cost: 5)
[2018/1/26 - 14:19:38] Floresiano Speed has logged out.
[2018/1/26 - 14:28:22] [Vittu] Kai K. Sato has logged out.
[2018/1/26 - 14:53:54] Floresiano Speed has withdrawn a Desert Eagle from the weapon locker (Cost: 5)
[2018/1/26 - 14:57:37] Hooligan Maddox has logged out.
[2018/1/26 - 15:07:38] Floresiano Speed has withdrawn a Desert Eagle from the weapon locker (Cost: 5)
[2018/1/26 - 15:13:42] Floresiano Speed has withdrawn a Desert Eagle from the weapon locker (Cost: 5)
[2018/1/26 - 15:13:58] Floresiano Speed has withdrawn a Desert Eagle from the weapon locker (Cost: 5)
[2018/1/26 - 15:18:58] Floresiano Speed has withdrawn a Desert Eagle from the weapon locker (Cost: 5)
[2018/1/26 - 15:40:02] Floresiano Speed has withdrawn a Desert Eagle from the weapon locker (Cost: 5)
[2018/1/26 - 15:46:57] Floresiano Speed has withdrawn a Desert Eagle from the weapon locker (Cost: 5)
[2018/1/26 - 15:47:21] Floresiano Speed has withdrawn a Desert Eagle from the weapon locker (Cost: 5)
[2018/1/26 - 15:47:39] Floresiano Speed has withdrawn a Desert Eagle from the weapon locker (Cost: 5)
[2018/1/26 - 15:50:39] [HMA] Kurtis Jackson (1000163830) has has failed to kill Floresiano Speed (1000162853) with a Desert Eagle.
[2018/1/26 - 15:56:34] Floresiano Speed has withdrawn a Desert Eagle from the weapon locker (Cost: 5)
[2018/1/26 - 15:56:43] Floresiano Speed has withdrawn a Desert Eagle from the weapon locker (Cost: 5)
[2018/1/26 - 15:56:57] Floresiano Speed has withdrawn a Desert Eagle from the weapon locker (Cost: 5)
[2018/1/26 - 15:58:21] Kyle Odonnell Bluman has withdrawn a Shotgun from the weapon locker (Cost: 3)
[2018/1/26 - 15:58:22] Kyle Odonnell Bluman has withdrawn a Desert Eagle from the weapon locker (Cost: 5)
[2018/1/26 - 15:58:33] Hooligan Maddox has withdrawn a Shovel from the weapon locker (Cost: 1)
[2018/1/26 - 15:58:34] Hooligan Maddox has withdrawn a Shotgun from the weapon locker (Cost: 3)
[2018/1/26 - 15:58:36] Hooligan Maddox has withdrawn a Desert Eagle from the weapon locker (Cost: 5)
[2018/1/26 - 16:00:54] Hooligan Maddox has withdrawn a Shotgun from the weapon locker (Cost: 3)
[2018/1/26 - 16:00:54] Hooligan Maddox has withdrawn a Desert Eagle from the weapon locker (Cost: 5)
[2018/1/26 - 16:06:11] [VTICKET] Officer Floresiano Speed has ticketed Kraiden Crawford's Premier (221) for $5,000.
[2018/1/26 - 16:07:40] Hooligan Maddox has logged out.
[2018/1/26 - 16:36:42] [VTICKET] Officer Floresiano Speed has ticketed Jake Dredd's Elegy (884) for $5,000.
[2018/1/26 - 16:37:24] Probationer Floresiano Speed has lost connection.
[2018/1/26 - 16:48:28] Floresiano Speed has withdrawn a Desert Eagle from the weapon locker (Cost: 5)
[2018/1/26 - 16:55:06] Floresiano Speed has withdrawn a Desert Eagle from the weapon locker (Cost: 5)
[2018/1/26 - 17:07:07] Floresiano Speed has withdrawn a Desert Eagle from the weapon locker (Cost: 5)
[2018/1/26 - 17:17:31] Floresiano Speed has withdrawn a Desert Eagle from the weapon locker (Cost: 5)
[2018/1/26 - 17:24:23] Floresiano Speed has withdrawn a Desert Eagle from the weapon locker (Cost: 5)
[2018/1/26 - 17:34:11] Floresiano Speed has withdrawn a Desert Eagle from the weapon locker (Cost: 5)
[2018/1/26 - 17:36:17] [VTICKET] Officer Floresiano Speed has ticketed Dolev Venturas's Glendale (1792) for $5,000.
[2018/1/26 - 17:39:36] [VTICKET] Officer Floresiano Speed has ticketed Paris Jamaica's Premier (1850) for $5,000.
[2018/1/26 - 17:44:11] Floresiano Speed has logged out.
[2018/1/26 - 18:09:25] Probationer John Tibet has lost connection.
[2018/1/26 - 18:24:31] Floresiano Speed has withdrawn a Desert Eagle from the weapon locker (Cost: 5)
[2018/1/26 - 18:25:01] [VTICKET] Officer Floresiano Speed has ticketed Tony Brooks's Hermes (2053) for $5,000.
[2018/1/26 - 18:27:37] Probationer John Tibet has lost connection.
[2018/1/26 - 18:32:12] Floresiano Speed has withdrawn a Desert Eagle from the weapon locker (Cost: 5)
[2018/1/26 - 19:34:57] Kyle Odonnell Bluman has authorized Usain Cj Bolt to withdraw a Desert Eagle from the weapon locker (Cost: 5)
[2018/1/26 - 19:36:00] Kyle Odonnell Bluman has authorized Usain Cj Bolt to withdraw a Shotgun from the weapon locker (Cost: 3)
[2018/1/26 - 19:40:35] John Tibet has logged out.
[2018/1/26 - 19:55:43] [Chicken] Dwayne Rudolf has logged out.
[2018/1/26 - 19:58:56] Shane Lancer (35209) accepted CEO Huang Ho Chaos's (58921) invite to join Blitz Towing (16).
[2018/1/26 - 19:59:00] CEO Huang Ho Chaos (58921) (rank 9) has given Shane Lancer (35209) rank 6 (Executive Committee Member) in Blitz Towing (16).
[2018/1/26 - 19:59:02] CEO Huang Ho Chaos (58921) (rank 9) has given Shane Lancer (35209) rank 5 (Foreman) in Blitz Towing (16).
[2018/1/26 - 19:59:56] Shane Lancer has withdrawn a Desert Eagle from the weapon locker (Cost: 5)
[2018/1/26 - 20:00:18] Shane Lancer has withdrawn a Shotgun from the weapon locker (Cost: 3)
[2018/1/26 - 20:03:17] Dwight Silvetti (847669) accepted CEO Huang Ho Chaos's (58921) invite to join Blitz Towing (16).
[2018/1/26 - 20:03:18] CEO Huang Ho Chaos (58921) (rank 9) has given Dwight Silvetti (847669) rank 4 (Senior Operator) in Blitz Towing (16).
[2018/1/26 - 20:04:34] Darren Mongol (1000626882) accepted CEO Huang Ho Chaos's (58921) invite to join Blitz Towing (16).
[2018/1/26 - 20:07:33] Dwight Silvetti has withdrawn a Desert Eagle from the weapon locker (Cost: 5)
[2018/1/26 - 20:11:25] Huang Ho Chaos (58921) has renamed the none division (#6) to gardeners
[2018/1/26 - 20:11:28] CEO Huang Ho Chaos (58921) has set Shane Lancer's (35209) division to gardeners in Blitz Towing (16).
[2018/1/26 - 20:15:42] [19413] CEO Huang Ho Chaos has lost connection.
[2018/1/26 - 20:29:34] [Chicken] Dwayne Rudolf has logged out.
[2018/1/26 - 20:39:25] Kyle Odonnell Bluman (29592) has set Dwight Silvetti's (847669) badge to D<3VIN.
[2018/1/26 - 20:42:23] Sung Saito (1000624816) accepted CEO Huang Ho Chaos's (58921) invite to join Blitz Towing (16).
[2018/1/26 - 20:42:45] Executive Committee Member Kyle Odonnell Bluman (29592) (rank 6) has given Dwight Silvetti (847669) rank 5 (Foreman) in Blitz T
[2018/1/26 - 20:43:42] IMPOUND: Darren Mongol has impounded Ayoub Mocro's Willard and gained $10,920
[2018/1/26 - 20:47:48] [VTICKET] Officer Darren Mongol has ticketed Yuri C. Massino's Premier (1996) for $5,000.
[2018/1/26 - 20:55:02] [VTICKET] Officer Darren Mongol has ticketed Richard Wingfield's Sadler (1720) for $5,000.
[2018/1/26 - 20:55:21] IMPOUND: Sung Saito has impounded Richard Wingfield's Sadler and gained $7,560
[2018/1/26 - 20:57:16] [D<3VIN] Dwight Silvetti has logged out.
[2018/1/26 - 21:09:28] CEO Huang Ho Chaos (58921) (rank 9) has given Sung Saito (1000624816) rank 4 (Senior Operator) in Blitz Towing (16).
[2018/1/26 - 21:09:35] CEO Huang Ho Chaos (58921) (rank 9) has given Sung Saito (1000624816) rank 0 (Trainee) in Blitz Towing (16).
[2018/1/26 - 21:10:10] Huang Ho Chaos (58921) has renamed the S.H.A.F.T division (#10) to hedgeslayer
[2018/1/26 - 21:10:13] CEO Huang Ho Chaos (58921) has set Huang Ho Chaos's (58921) division to hedgeslayer in Blitz Towing (16).
[2018/1/26 - 21:10:15] CEO Huang Ho Chaos (58921) has set Shane Lancer's (35209) division to hedgeslayer in Blitz Towing (16).
[2018/1/26 - 21:10:33] Kyle Odonnell Bluman (29592) has renamed the none division (#9) to DEVINSLAYER
[2018/1/26 - 21:10:38] Kyle Odonnell Bluman (29592) has removed the DEVINSLAYER division (#9)
[2018/1/26 - 21:59:46] Shane Lancer has logged out.
[2018/1/26 - 22:09:00] Dwayne Rudolf has withdrawn a Desert Eagle from the weapon locker (Cost: 5)
[2018/1/26 - 22:14:19] [Chicken] Dwayne Rudolf has logged out.
[2018/1/26 - 22:16:38] IMPOUND: Darren Mongol has impounded Mery Petrowa's Premier and gained $210
[2018/1/26 - 22:16:42] [VTICKET] Officer Sung Saito has ticketed Dro Ryders's Sadler (2054) for $5,000.
[2018/1/26 - 22:17:23] IMPOUND: Sung Saito has impounded Dro Ryders's Sadler and gained $2,760
[2018/1/26 - 22:18:06] Kyle Odonnell Bluman (29592) has quit the Blitz Towing as a rank 6
[2018/1/26 - 22:35:09] Trainee Sung Saito has lost connection.
[2018/1/26 - 22:40:30] Trainee Darren Mongol has lost connection.
[2018/1/26 - 22:45:30] Sung Saito has logged out.
[2018/1/26 - 22:48:09] [19413] CEO Huang Ho Chaos has lost connection.
[2018/1/26 - 22:56:06] IMPOUND: Huang Ho Chaos has impounded Adam Russ's Glendale and gained $32,520
[2018/1/26 - 23:18:13] Darren Mongol has logged out.
[2018/1/26 - 23:22:48] Huang Ho Chaos has withdrawn a Shovel from the weapon locker (Cost: 1)
[2018/1/26 - 23:27:58] Spencer Jameson (884448) has quit the Blitz Towing as a rank 9
[2018/1/26 - 23:29:03] [19413] Huang Ho Chaos has logged out.
[2018/1/26 - 23:29:08] Shane Lancer has logged out.
