[2018/1/5 - 19:46:40] Kush (1000071051) has made Kush (1000071051) the leader of the The Carragio Crime Family.
[2018/1/5 - 19:47:43] Kush (1000071051) has made Ermetano Carragio (93779) the leader of the The Carragio Crime Family.
[2018/1/5 - 19:52:13]  Kush (1000071051) (rank 9) has given Kush (1000071051) rank 1 (Associate) in The Carragio Crime Family (27).
[2018/1/5 - 19:52:17] Associate Kush (1000071051) (rank 1) has given Kush (1000071051) rank 0 (Outsider) in The Carragio Crime Family (27).
[2018/1/5 - 19:52:20] Outsider Kush (1000071051) (rank 0) has given Kush (1000071051) rank 2 (Soldier) in The Carragio Crime Family (27).
[2018/1/5 - 19:52:21] Soldier Kush (1000071051) (rank 2) has given Kush (1000071051) rank 3 (Enforcer) in The Carragio Crime Family (27).
[2018/1/5 - 19:52:30] Enforcer Kush (1000071051) (rank 3) has given Kush (1000071051) rank 4 (Captain) in The Carragio Crime Family (27).
[2018/1/5 - 19:52:36] Captain Kush (1000071051) (rank 4) has given Kush (1000071051) rank 5 (Advisor) in The Carragio Crime Family (27).
[2018/1/5 - 19:52:44] Advisor Kush (1000071051) (rank 5) has given Kush (1000071051) rank 6 (Skipper) in The Carragio Crime Family (27).
[2018/1/5 - 19:53:37]  Ermetano Carragio (93779) (rank 9) has given Ermetano Carragio (93779) rank 6 (Skipper) in The Carragio Crime Family (27).
[2018/1/5 - 19:53:48] Patrick Garini (1000625923) accepted Skipper Ermetano Carragio's (93779) invite to join The Carragio Crime Family (27).
[2018/1/5 - 19:53:49] Skipper Ermetano Carragio (93779) (rank 6) has given Patrick Garini (1000625923) rank 5 (Advisor) in The Carragio Crime Family 
[2018/1/5 - 19:53:51] Skipper Ermetano Carragio (93779) (rank 6) has given Patrick Garini (1000625923) rank 4 (Captain) in The Carragio Crime Family 
[2018/1/5 - 19:53:51] Skipper Ermetano Carragio (93779) (rank 6) has given Patrick Garini (1000625923) rank 3 (Enforcer) in The Carragio Crime Family
[2018/1/5 - 19:53:52] Skipper Ermetano Carragio (93779) (rank 6) has given Patrick Garini (1000625923) rank 2 (Soldier) in The Carragio Crime Family 
[2018/1/5 - 19:53:55] Skipper Ermetano Carragio (93779) (rank 6) has given Patrick Garini (1000625923) rank 1 (Associate) in The Carragio Crime Famil
[2018/1/5 - 19:53:59] Skipper Ermetano Carragio (93779) (rank 6) has given Patrick Garini (1000625923) rank 0 (Outsider) in The Carragio Crime Family
[2018/1/5 - 19:54:01] Skipper Ermetano Carragio (93779) (rank 6) has given Patrick Garini (1000625923) rank 5 (Advisor) in The Carragio Crime Family 
[2018/1/5 - 19:57:28] Skipper Kush (1000071051) (rank 6) has given Ermetano Carragio (93779) rank 1 (Associate) in The Carragio Crime Family (27).
[2018/1/5 - 19:57:29] Skipper Kush (1000071051) (rank 6) has uninvited Ermetano Carragio (93779) (rank 1) from The Carragio Crime Family (27).
[2018/1/5 - 19:57:39] Kush (1000071051) has made Ermetano Carragio (93779) the leader of the The Carragio Crime Family.
[2018/1/5 - 19:57:54] none Ermetano Carragio (93779) (rank 9) has given Ermetano Carragio (93779) rank 6 (Skipper) in The Carragio Crime Family (27).
[2018/1/5 - 19:58:21] Skipper Kush (1000071051) (rank 6) has given Ermetano Carragio (93779) rank 1 (Associate) in The Carragio Crime Family (27).
[2018/1/5 - 19:58:28] Skipper Kush (1000071051) (rank 6) has uninvited Ermetano Carragio (93779) (rank 1) from The Carragio Crime Family (27).
[2018/1/5 - 19:58:38] Kush (1000071051) has made Ermetano Carragio (93779) the leader of the The Carragio Crime Family.
[2018/1/5 - 20:04:17] Bruce Bear Manolo (1000127383) accepted Skipper Ermetano Carragio's (93779) invite to join The Carragio Crime Family (27).
[2018/1/5 - 20:04:23] Skipper Ermetano Carragio (93779) (rank 6) has given Bruce Bear Manolo (1000127383) rank 4 (Captain) in The Carragio Crime Fami
[2018/1/5 - 20:04:44] Skipper Ermetano Carragio (93779) (rank 6) has given Bruce Bear Manolo (1000127383) rank 1 (Associate) in The Carragio Crime Fa
[2018/1/5 - 20:04:45] Skipper Ermetano Carragio (93779) (rank 6) has given Bruce Bear Manolo (1000127383) rank 2 (Soldier) in The Carragio Crime Fami
[2018/1/5 - 20:04:45] Skipper Ermetano Carragio (93779) (rank 6) has given Bruce Bear Manolo (1000127383) rank 3 (Enforcer) in The Carragio Crime Fam
[2018/1/5 - 20:04:46] Skipper Ermetano Carragio (93779) (rank 6) has given Bruce Bear Manolo (1000127383) rank 4 (Captain) in The Carragio Crime Fami
[2018/1/5 - 20:04:47] Skipper Ermetano Carragio (93779) (rank 6) has given Bruce Bear Manolo (1000127383) rank 5 (Advisor) in The Carragio Crime Fami
[2018/1/5 - 20:06:51] Skipper Ermetano Carragio (93779) (rank 6) has given Bruce Bear Manolo (1000127383) rank 4 (Captain) in The Carragio Crime Fami
[2018/1/5 - 20:06:51] Skipper Ermetano Carragio (93779) (rank 6) has given Bruce Bear Manolo (1000127383) rank 5 (Advisor) in The Carragio Crime Fami
[2018/1/5 - 20:07:04] Claus Bear (27634) accepted Skipper Ermetano Carragio's (93779) invite to join The Carragio Crime Family (27).
[2018/1/5 - 20:07:05] Skipper Ermetano Carragio (93779) (rank 6) has given Claus Bear (27634) rank 5 (Advisor) in The Carragio Crime Family (27).
[2018/1/5 - 20:08:40] Skipper Ermetano Carragio (93779) (rank 6) has given Bruce Bear Manolo (1000127383) rank 4 (Captain) in The Carragio Crime Fami
[2018/1/5 - 20:09:05] Kush (1000071051) has made Claus Bear (27634) the leader of the The Carragio Crime Family.
[2018/1/5 - 20:09:18] Kush (1000071051) has made Patrick Garini (1000625923) the leader of the The Carragio Crime Family.
[2018/1/5 - 20:09:20] Skipper Ermetano Carragio (93779) (rank 6) has given Claus Bear (27634) rank 5 (Advisor) in The Carragio Crime Family (27).
[2018/1/5 - 20:10:22] Armin Bear Higgins (1000082272) accepted Skipper Ermetano Carragio's (93779) invite to join The Carragio Crime Family (27).
[2018/1/5 - 20:10:23] Skipper Ermetano Carragio (93779) (rank 6) has given Armin Bear Higgins (1000082272) rank 6 (Skipper) in The Carragio Crime Fam
[2018/1/5 - 20:12:44] Bruce Bear Manolo has logged out.
[2018/1/5 - 20:13:21] Bruce Bear Manolo has logged in.
[2018/1/5 - 20:14:31] Skipper Kush (1000071051) (rank 6) has given Patrick Garini (1000625923) rank 4 (Captain) in The Carragio Crime Family (27).
[2018/1/5 - 20:14:37] Skipper Kush (1000071051) (rank 6) has uninvited Patrick Garini (1000625923) (rank 4) from The Carragio Crime Family (27).
[2018/1/5 - 20:14:53] Kush (1000071051) has made Patrick Garini (1000625923) the leader of the The Carragio Crime Family.
[2018/1/5 - 20:20:49] Armin Bear Higgins has withdrawn a Desert Eagle from the weapon locker (Cost: 5)
[2018/1/5 - 20:20:52] Armin Bear Higgins has withdrawn a Sniper Rifle from the weapon locker (Cost: 40)
[2018/1/5 - 20:22:23] Kush (1000071051) has made Kush (1000071051) the leader of the The Carragio Crime Family.
[2018/1/5 - 20:25:04] Kush (1000071051) has made Armin Bear Higgins (1000082272) the leader of the The Carragio Crime Family.
[2018/1/5 - 20:25:18] Lamar Beltran Leyva (1000625309) accepted Skipper Armin Bear Higgins's (1000082272) invite to join The Carragio Crime Family (27).
[2018/1/5 - 20:25:25] Bruce Bear Manolo has logged out.
[2018/1/5 - 20:25:51] Skipper Ermetano Carragio (93779) (rank 6) has given Claus Bear (27634) rank 5 (Advisor) in The Carragio Crime Family (27).
[2018/1/5 - 20:26:20] Bobby Leyva Escobar (1000625245) accepted Skipper Armin Bear Higgins's (1000082272) invite to join The Carragio Crime Family (27).
[2018/1/5 - 20:27:03] Bruce Bear Manolo has logged in.
[2018/1/5 - 20:30:03] Armin Bear Higgins has authorized Bruce Bear Manolo to withdraw a Desert Eagle from the weapon locker (Cost: 5)
[2018/1/5 - 20:30:21] Armin Bear Higgins has authorized Lamar Beltran Leyva to withdraw a Desert Eagle from the weapon locker (Cost: 5)
[2018/1/5 - 20:30:43] Armin Bear Higgins has authorized Bobby Leyva Escobar to withdraw a Desert Eagle from the weapon locker (Cost: 5)
[2018/1/5 - 20:36:34] Ermetano Carragio has withdrawn a Desert Eagle from the weapon locker (Cost: 5)
[2018/1/5 - 20:36:44] Armin Bear Higgins has withdrawn a Desert Eagle from the weapon locker (Cost: 5)
[2018/1/5 - 20:38:53] Armin Bear Higgins has authorized Lamar Beltran Leyva to withdraw a Desert Eagle from the weapon locker (Cost: 5)
[2018/1/5 - 20:38:55] Claus Bear has withdrawn a AK-47 from the weapon locker (Cost: 15)
[2018/1/5 - 20:39:19] Skipper Armin Bear Higgins (1000082272) (rank 6) has given Bruce Bear Manolo (1000127383) rank 5 (Advisor) in The Carragio Crim
[2018/1/5 - 20:43:04] Bruce Bear Manolo has withdrawn a Desert Eagle from the weapon locker (Cost: 5)
[2018/1/5 - 20:43:19] Patrick Garini has withdrawn a Desert Eagle from the weapon locker (Cost: 5)
[2018/1/5 - 20:43:45] Patrick Garini has logged out.
[2018/1/5 - 20:44:53] Claus Bear has logged in.
[2018/1/5 - 20:48:10] Bruce Bear Manolo has logged out.
[2018/1/5 - 20:48:52] Armin Bear Higgins has withdrawn a MP5 from the weapon locker (Cost: 5)
[2018/1/5 - 20:48:53] Armin Bear Higgins has withdrawn a Desert Eagle from the weapon locker (Cost: 5)
[2018/1/5 - 20:50:24] Don Pablo Escobar (1000626032) accepted Skipper Armin Bear Higgins's (1000082272) invite to join The Carragio Crime Family (27).
[2018/1/5 - 21:02:58] Bobby Leyva Escobar (1000625245) has quit the The Carragio Crime Family as a rank 0
[2018/1/5 - 21:03:07] Ermetano Carragio has withdrawn a Desert Eagle from the weapon locker (Cost: 5)
[2018/1/5 - 21:03:30] Armin Bear Higgins has withdrawn a Shotgun from the weapon locker (Cost: 3)
[2018/1/5 - 21:03:53] Claus Bear has withdrawn a Desert Eagle from the weapon locker (Cost: 5)
[2018/1/5 - 21:05:07] Armin Bear Higgins has logged out.
[2018/1/5 - 21:06:35] Lamar Beltran Leyva has logged out.
[2018/1/5 - 21:07:23] Ermetano Carragio has logged out.
[2018/1/5 - 21:33:20] Claus Bear has logged out.
[2018/1/5 - 23:11:04] Armin Bear Higgins has logged in.
[2018/1/5 - 23:44:30] Armin Bear Higgins has logged out.
