[2018/1/8 - 0:00:34] Daniel Skyline has logged out.
[2018/1/8 - 0:31:02] Daniel Skyline has logged out.
[2018/1/8 - 0:45:35] Nikola Ziwic has logged out.
[2018/1/8 - 1:51:48] Ermetano Carragio has withdrawn a Desert Eagle from the weapon locker (Cost: 5)
[2018/1/8 - 1:52:09] Adam Wrzosek (1000625055) accepted Skipper Ermetano Carragio's (93779) invite to join The Carragio Crime Family (27).
[2018/1/8 - 1:52:10] Skipper Ermetano Carragio (93779) (rank 6) has given Adam Wrzosek (1000625055) rank 6 (Skipper) in The Carragio Crime Family (2
[2018/1/8 - 1:52:34] Skipper Ermetano Carragio (93779) (rank 6) has given Jack D Ripper (1000626142) rank 3 (Enforcer) in The Carragio Crime Family 
[2018/1/8 - 1:54:12] Skipper Ermetano Carragio (93779) has set Adam Wrzosek's (1000625055) division to Inner Circle in The Carragio Crime Family (27
[2018/1/8 - 2:06:56] Adam Wrzosek has withdrawn a Desert Eagle from the weapon locker (Cost: 5)
[2018/1/8 - 2:07:18] Ermetano Carragio has withdrawn a Desert Eagle from the weapon locker (Cost: 5)
[2018/1/8 - 2:21:52] Adam Wrzosek has withdrawn a Desert Eagle from the weapon locker (Cost: 5)
[2018/1/8 - 2:24:25] Ermetano Carragio has logged out.
[2018/1/8 - 2:25:56] Adam Wrzosek has logged out.
[2018/1/8 - 2:43:50] Ermetano Carragio has withdrawn a Desert Eagle from the weapon locker (Cost: 5)
[2018/1/8 - 4:10:24] Nick D Ripper has logged out.
[2018/1/8 - 5:26:32] Alfred Freeman has logged out.
[2018/1/8 - 11:18:29] Outsider John Pat has lost connection.
[2018/1/8 - 11:26:53] John Pat has logged out.
[2018/1/8 - 12:12:40] Julius Bear has logged out.
[2018/1/8 - 14:07:57] Daniel Skyline has logged out.
[2018/1/8 - 15:23:34] John Pat has logged out.
[2018/1/8 - 16:06:50] John Pat has logged out.
[2018/1/8 - 17:25:15] Nikola Ziwic has logged out.
[2018/1/8 - 17:47:30] Julius Bear has logged out.
[2018/1/8 - 20:39:52] Julius Bear (1000147119) has quit the The Carragio Crime Family as a rank 5
[2018/1/8 - 21:27:43] Adam Wrzosek has logged out.
[2018/1/8 - 21:38:26] Adam Wrzosek has logged out.
[2018/1/8 - 21:42:09] Skipper Adam Wrzosek has lost connection.
[2018/1/8 - 21:54:44] Nikola Ziwic has logged out.
[2018/1/8 - 23:33:01] Adam Wrzosek has withdrawn a Desert Eagle from the weapon locker (Cost: 5)
