[2018/2/13 - 8:17:36] Captain Honestt has manufactured a crate at Ocean Docks facility.
[2018/2/13 - 11:55:59] [BMT:PVT] Darren Wagner has logged in.
[2018/2/13 - 12:09:28] [75:PFC] Teddy Steels has logged in.
[2018/2/13 - 12:11:57] Teddy Steels has withdrawn a Desert Eagle from the weapon locker (Cost: 3)
[2018/2/13 - 12:11:59] Teddy Steels has withdrawn a SPAS-12 from the weapon locker (Cost: 8)
[2018/2/13 - 12:17:14] Private First Class Teddy Steels has manufactured a crate at Ocean Docks facility.
[2018/2/13 - 12:17:25] Private First Class Teddy Steels has manufactured a crate at Ocean Docks facility.
[2018/2/13 - 12:17:35] Private First Class Teddy Steels has manufactured a crate at Ocean Docks facility.
[2018/2/13 - 12:17:57] Private First Class Teddy Steels has manufactured a crate at Ocean Docks facility.
[2018/2/13 - 12:23:28] Teddy Steels has withdrawn a SPAS-12 from the weapon locker (Cost: 8)
[2018/2/13 - 12:23:29] Teddy Steels has withdrawn a Desert Eagle from the weapon locker (Cost: 3)
[2018/2/13 - 12:23:30] Teddy Steels has withdrawn a Sniper Rifle from the weapon locker (Cost: 0)
[2018/2/13 - 12:23:31] Teddy Steels has withdrawn a M4A1 from the weapon locker (Cost: 8)
[2018/2/13 - 12:25:29] [75:SGT] Sanchez Bleu has logged in.
[2018/2/13 - 12:30:34] [MP:2LT] Akirasuya Hanako has logged in.
[2018/2/13 - 12:31:55] Teddy Steels has withdrawn a Desert Eagle from the weapon locker (Cost: 3)
[2018/2/13 - 12:31:56] Teddy Steels has withdrawn a SPAS-12 from the weapon locker (Cost: 8)
[2018/2/13 - 12:31:57] Teddy Steels has withdrawn a M4A1 from the weapon locker (Cost: 8)
[2018/2/13 - 12:31:58] Teddy Steels has withdrawn a Sniper Rifle from the weapon locker (Cost: 0)
[2018/2/13 - 12:32:37] Akirasuya Hanako has withdrawn a Sniper Rifle from the weapon locker (Cost: 0)
[2018/2/13 - 12:32:43] Akirasuya Hanako has withdrawn a Desert Eagle from the weapon locker (Cost: 3)
[2018/2/13 - 12:38:30] Kiyoharu Shimizu (1000521511) accepted Lieutenant Akirasuya Hanako's (953) invite to join National Guard (7).
[2018/2/13 - 12:38:31] Lieutenant Akirasuya Hanako (953) (rank 8) has given Kiyoharu Shimizu (1000521511) rank 1 (Private First Class) in National Gua
[2018/2/13 - 12:38:41] Lieutenant Akirasuya Hanako (953) has set Kiyoharu Shimizu's (1000521511) division to MP in National Guard (7).
[2018/2/13 - 12:38:50] Akirasuya Hanako (953) has set Kiyoharu Shimizu's (1000521511) badge to MP:PFC.
[2018/2/13 - 12:41:48] Darren Wagner has withdrawn a Desert Eagle from the weapon locker (Cost: 3)
[2018/2/13 - 12:43:25] [75:SGT] Sergeant Sanchez Bleu has logged out.
[2018/2/13 - 12:43:46] [BMT:PVT] Jimmy Tony has logged in.
[2018/2/13 - 12:44:42] [75:PFC] Private First Class Teddy Steels has logged out.
[2018/2/13 - 12:46:01] [BMT:PVT] Brandon R Volkoff has logged in.
[2018/2/13 - 12:46:56] [75:SGT] Sanchez Bleu has logged in.
[2018/2/13 - 12:48:57] Richie Volkoff has logged in.
[2018/2/13 - 12:49:27] [68:PFC] Chris Hemsworth has logged in.
[2018/2/13 - 12:50:22] [68:PFC] Private First Class Chris Hemsworth has logged out.
[2018/2/13 - 12:52:27] Darren Wagner has withdrawn a Desert Eagle from the weapon locker (Cost: 3)
[2018/2/13 - 12:53:15] [BMT:PVT] Private Brandon R Volkoff has logged out.
[2018/2/13 - 12:53:28] Lieutenant Akirasuya Hanako has manufactured a crate at Ocean Docks facility.
[2018/2/13 - 12:53:46] Lieutenant Akirasuya Hanako has manufactured a crate at Ocean Docks facility.
[2018/2/13 - 12:53:56] Lieutenant Akirasuya Hanako has manufactured a crate at Ocean Docks facility.
[2018/2/13 - 12:53:59] [BMT:PVT] Brandon R Volkoff has logged in.
[2018/2/13 - 12:54:11] Lieutenant Akirasuya Hanako has manufactured a crate at Ocean Docks facility.
[2018/2/13 - 12:56:46] [BMT:PVT] Private Jimmy Tony has logged out.
[2018/2/13 - 13:00:06] [MP:2LT] Lieutenant Akirasuya Hanako has timed out.
[2018/2/13 - 13:01:26] [MP:2LT] Akirasuya Hanako has logged in.
[2018/2/13 - 13:02:26] [MP:PFC] Kiyoharu Shimizu has logged in.
[2018/2/13 - 13:02:26] Akirasuya Hanako has withdrawn a Sniper Rifle from the weapon locker (Cost: 0)
[2018/2/13 - 13:09:09] [75:PFC] Teddy Steels has logged in.
[2018/2/13 - 13:09:42] Akirasuya Hanako has withdrawn a Sniper Rifle from the weapon locker (Cost: 0)
[2018/2/13 - 13:17:57] Brandon R Volkoff has withdrawn a Sniper Rifle from the weapon locker (Cost: 0)
[2018/2/13 - 13:19:16] Teddy Steels has withdrawn a Sniper Rifle from the weapon locker (Cost: 0)
[2018/2/13 - 13:20:42] Lue Croos has logged in.
[2018/2/13 - 13:22:04] Richie Volkoff has withdrawn a Sniper Rifle from the weapon locker (Cost: 0)
[2018/2/13 - 13:22:08] Private Lue Croos has logged out.
[2018/2/13 - 13:24:19] Lue Croos has logged in.
[2018/2/13 - 13:24:48] Private Lue Croos has timed out.
[2018/2/13 - 13:25:44] Lue Croos has logged in.
[2018/2/13 - 13:26:01] [75:CPL] Hector Jackson has logged in.
[2018/2/13 - 13:31:32] [75:CPL] Corporal Hector Jackson has logged out.
[2018/2/13 - 13:32:02] [75:CPL] Hector Jackson has logged in.
[2018/2/13 - 13:32:14] [75:CPL] Corporal Hector Jackson has logged out.
[2018/2/13 - 13:32:17] Private Lue Croos has logged out.
[2018/2/13 - 13:33:04] [MP:PFC] Private First Class Kiyoharu Shimizu has logged out.
[2018/2/13 - 13:40:08] Private First Class Teddy Steels has manufactured a crate at Ocean Docks facility.
[2018/2/13 - 13:40:16] Private First Class Teddy Steels has manufactured a crate at Ocean Docks facility.
[2018/2/13 - 13:40:26] Private First Class Teddy Steels has manufactured a crate at Ocean Docks facility.
[2018/2/13 - 13:40:33] Private First Class Teddy Steels has manufactured a crate at Ocean Docks facility.
[2018/2/13 - 13:40:41] Private First Class Teddy Steels has manufactured a crate at Ocean Docks facility.
[2018/2/13 - 13:45:33] Private First Class Teddy Steels has manufactured a crate at Ocean Docks facility.
[2018/2/13 - 13:45:40] Private First Class Teddy Steels has manufactured a crate at Ocean Docks facility.
[2018/2/13 - 13:45:48] Private First Class Teddy Steels has manufactured a crate at Ocean Docks facility.
[2018/2/13 - 13:45:55] Private First Class Teddy Steels has manufactured a crate at Ocean Docks facility.
[2018/2/13 - 13:46:02] Private First Class Teddy Steels has manufactured a crate at Ocean Docks facility.
[2018/2/13 - 13:48:26] Teddy Steels has withdrawn a Desert Eagle from the weapon locker (Cost: 3)
[2018/2/13 - 13:48:27] Teddy Steels has withdrawn a SPAS-12 from the weapon locker (Cost: 8)
[2018/2/13 - 13:48:28] Teddy Steels has withdrawn a M4A1 from the weapon locker (Cost: 8)
[2018/2/13 - 13:48:39] Richie Volkoff has withdrawn a Desert Eagle from the weapon locker (Cost: 3)
[2018/2/13 - 13:48:41] Richie Volkoff has withdrawn a M4A1 from the weapon locker (Cost: 8)
[2018/2/13 - 13:48:44] Brandon R Volkoff has withdrawn a M4A1 from the weapon locker (Cost: 8)
[2018/2/13 - 13:48:47] Brandon R Volkoff has withdrawn a Desert Eagle from the weapon locker (Cost: 3)
[2018/2/13 - 13:49:07] Lue Croos has logged in.
[2018/2/13 - 13:49:54] Lue Croos has withdrawn a M4A1 from the weapon locker (Cost: 8)
[2018/2/13 - 13:50:00] Lue Croos has withdrawn a MP5 from the weapon locker (Cost: 6)
[2018/2/13 - 13:50:50] Teddy Steels has deposited a SPAS-12 into the locker.
[2018/2/13 - 13:50:51] Teddy Steels has deposited a M4A1 into the locker.
[2018/2/13 - 13:50:52] Teddy Steels has deposited a Sniper Rifle into the locker.
[2018/2/13 - 13:51:13] Teddy Steels has deposited a Sniper Rifle into the locker.
[2018/2/13 - 13:51:14] Teddy Steels has deposited a M4A1 into the locker.
[2018/2/13 - 13:51:14] Teddy Steels has deposited a SPAS-12 into the locker.
[2018/2/13 - 13:51:23] Teddy Steels has deposited a SPAS-12 into the locker.
[2018/2/13 - 13:51:31] Teddy Steels has deposited a SPAS-12 into the locker.
[2018/2/13 - 13:51:38] Teddy Steels has deposited a SPAS-12 into the locker.
[2018/2/13 - 13:51:49] Teddy Steels has deposited a SPAS-12 into the locker.
[2018/2/13 - 13:52:47] Private Lue Croos has logged out.
[2018/2/13 - 13:53:01] Teddy Steels has deposited a SPAS-12 into the locker.
[2018/2/13 - 13:53:07] [BMT:PVT] Private Brandon R Volkoff has timed out.
[2018/2/13 - 13:53:09] Teddy Steels has deposited a SPAS-12 into the locker.
[2018/2/13 - 13:53:15] Teddy Steels has deposited a SPAS-12 into the locker.
[2018/2/13 - 13:53:23] Teddy Steels has deposited a SPAS-12 into the locker.
[2018/2/13 - 13:53:41] Teddy Steels has deposited a SPAS-12 into the locker.
[2018/2/13 - 13:53:48] Teddy Steels has deposited a SPAS-12 into the locker.
[2018/2/13 - 13:54:20] Teddy Steels has deposited a SPAS-12 into the locker.
[2018/2/13 - 13:54:29] Teddy Steels has deposited a SPAS-12 into the locker.
[2018/2/13 - 13:54:35] Teddy Steels has deposited a SPAS-12 into the locker.
[2018/2/13 - 13:54:43] Teddy Steels has deposited a SPAS-12 into the locker.
[2018/2/13 - 13:54:51] Teddy Steels has deposited a SPAS-12 into the locker.
[2018/2/13 - 13:54:53] [BMT:PVT] Brandon R Volkoff has logged in.
[2018/2/13 - 13:54:58] Teddy Steels has deposited a SPAS-12 into the locker.
[2018/2/13 - 13:55:50] Teddy Steels has deposited a SPAS-12 into the locker.
[2018/2/13 - 13:55:59] Teddy Steels has deposited a SPAS-12 into the locker.
[2018/2/13 - 13:56:08] Teddy Steels has deposited a SPAS-12 into the locker.
[2018/2/13 - 13:56:15] Teddy Steels has deposited a SPAS-12 into the locker.
[2018/2/13 - 13:56:30] Teddy Steels has deposited a SPAS-12 into the locker.
[2018/2/13 - 13:56:42] Teddy Steels has deposited a SPAS-12 into the locker.
[2018/2/13 - 13:57:18] Teddy Steels has deposited a SPAS-12 into the locker.
[2018/2/13 - 13:57:24] Teddy Steels has deposited a SPAS-12 into the locker.
[2018/2/13 - 13:57:32] Teddy Steels has deposited a SPAS-12 into the locker.
[2018/2/13 - 13:57:38] Teddy Steels has deposited a SPAS-12 into the locker.
[2018/2/13 - 13:57:46] Teddy Steels has deposited a SPAS-12 into the locker.
[2018/2/13 - 13:57:51] Teddy Steels has deposited a SPAS-12 into the locker.
[2018/2/13 - 13:59:18] Teddy Steels has withdrawn a M4A1 from the weapon locker (Cost: 8)
[2018/2/13 - 13:59:20] Teddy Steels has withdrawn a SPAS-12 from the weapon locker (Cost: 8)
[2018/2/13 - 14:01:23] Darren Wagner has withdrawn a Desert Eagle from the weapon locker (Cost: 3)
[2018/2/13 - 14:01:28] Darren Wagner has withdrawn a SPAS-12 from the weapon locker (Cost: 8)
[2018/2/13 - 14:01:32] Darren Wagner has withdrawn a Sniper Rifle from the weapon locker (Cost: 0)
[2018/2/13 - 14:02:11] [BMT:PVT] Private Darren Wagner has logged out.
[2018/2/13 - 14:03:03] [BMT:PVT] Darren Wagner has logged in.
[2018/2/13 - 14:03:35] [MP:PFC] Kiyoharu Shimizu has logged in.
[2018/2/13 - 14:05:27] Kiyoharu Shimizu has withdrawn a Desert Eagle from the weapon locker (Cost: 3)
[2018/2/13 - 14:05:33] Kiyoharu Shimizu has withdrawn a M4A1 from the weapon locker (Cost: 8)
[2018/2/13 - 14:06:33] Teddy Steels has withdrawn a Desert Eagle from the weapon locker (Cost: 3)
[2018/2/13 - 14:06:34] Teddy Steels has withdrawn a SPAS-12 from the weapon locker (Cost: 8)
[2018/2/13 - 14:06:36] Teddy Steels has withdrawn a Sniper Rifle from the weapon locker (Cost: 0)
[2018/2/13 - 14:06:37] Teddy Steels has withdrawn a M4A1 from the weapon locker (Cost: 8)
[2018/2/13 - 14:07:22] Brandon R Volkoff has withdrawn a SPAS-12 from the weapon locker (Cost: 8)
[2018/2/13 - 14:07:23] Brandon R Volkoff has withdrawn a M4A1 from the weapon locker (Cost: 8)
[2018/2/13 - 14:07:25] Brandon R Volkoff has withdrawn a Sniper Rifle from the weapon locker (Cost: 0)
[2018/2/13 - 14:07:33] Kiyoharu Shimizu has withdrawn a Sniper Rifle from the weapon locker (Cost: 0)
[2018/2/13 - 14:08:14] Kiyoharu Shimizu has deposited a M4A1 into the locker.
[2018/2/13 - 14:08:23] Kiyoharu Shimizu has withdrawn a SPAS-12 from the weapon locker (Cost: 8)
[2018/2/13 - 14:09:40] Private First Class Teddy Steels has manufactured a crate at Ocean Docks facility.
[2018/2/13 - 14:09:49] Private First Class Teddy Steels has manufactured a crate at Ocean Docks facility.
[2018/2/13 - 14:09:56] Private First Class Teddy Steels has manufactured a crate at Ocean Docks facility.
[2018/2/13 - 14:10:03] Private First Class Teddy Steels has manufactured a crate at Ocean Docks facility.
[2018/2/13 - 14:10:10] Private First Class Teddy Steels has manufactured a crate at Ocean Docks facility.
[2018/2/13 - 14:12:04] Private First Class Teddy Steels has manufactured a crate at Ocean Docks facility.
[2018/2/13 - 14:12:11] Private First Class Teddy Steels has manufactured a crate at Ocean Docks facility.
[2018/2/13 - 14:12:19] Private First Class Teddy Steels has manufactured a crate at Ocean Docks facility.
[2018/2/13 - 14:12:26] Private First Class Teddy Steels has manufactured a crate at Ocean Docks facility.
[2018/2/13 - 14:12:28] Richie Volkoff has withdrawn a Desert Eagle from the weapon locker (Cost: 3)
[2018/2/13 - 14:12:29] Richie Volkoff has withdrawn a M4A1 from the weapon locker (Cost: 8)
[2018/2/13 - 14:12:31] Richie Volkoff has withdrawn a Sniper Rifle from the weapon locker (Cost: 0)
[2018/2/13 - 14:12:32] Private First Class Teddy Steels has manufactured a crate at Ocean Docks facility.
[2018/2/13 - 14:17:02] Teddy Steels has deposited a SPAS-12 into the locker.
[2018/2/13 - 14:17:19] Teddy Steels has deposited a M4A1 into the locker.
[2018/2/13 - 14:17:20] Teddy Steels has deposited a Sniper Rifle into the locker.
[2018/2/13 - 14:17:20] Teddy Steels has deposited a SPAS-12 into the locker.
[2018/2/13 - 14:17:33] Teddy Steels has deposited a M4A1 into the locker.
[2018/2/13 - 14:17:34] Teddy Steels has deposited a SPAS-12 into the locker.
[2018/2/13 - 14:17:43] Teddy Steels has deposited a M4A1 into the locker.
[2018/2/13 - 14:17:44] Teddy Steels has deposited a SPAS-12 into the locker.
[2018/2/13 - 14:18:05] Teddy Steels has deposited a SPAS-12 into the locker.
[2018/2/13 - 14:18:34] Teddy Steels has deposited a M4A1 into the locker.
[2018/2/13 - 14:18:34] Teddy Steels has deposited a SPAS-12 into the locker.
[2018/2/13 - 14:18:43] Teddy Steels has deposited a SPAS-12 into the locker.
[2018/2/13 - 14:19:02] Teddy Steels has deposited a M4A1 into the locker.
[2018/2/13 - 14:19:03] Teddy Steels has deposited a SPAS-12 into the locker.
[2018/2/13 - 14:19:31] Darren Wagner has deposited a SPAS-12 into the locker.
[2018/2/13 - 14:19:31] Teddy Steels has deposited a SPAS-12 into the locker.
[2018/2/13 - 14:19:46] Darren Wagner has deposited a M4A1 into the locker.
[2018/2/13 - 14:19:47] Darren Wagner has deposited a SPAS-12 into the locker.
[2018/2/13 - 14:20:00] Teddy Steels has deposited a M4A1 into the locker.
[2018/2/13 - 14:20:00] Teddy Steels has deposited a SPAS-12 into the locker.
[2018/2/13 - 14:20:00] Darren Wagner has deposited a SPAS-12 into the locker.
[2018/2/13 - 14:20:01] Darren Wagner has deposited a M4A1 into the locker.
[2018/2/13 - 14:20:23] Teddy Steels has deposited a M4A1 into the locker.
[2018/2/13 - 14:20:23] [MP:PFC] Private First Class Kiyoharu Shimizu has logged out.
[2018/2/13 - 14:20:24] Teddy Steels has deposited a SPAS-12 into the locker.
[2018/2/13 - 14:20:24] Darren Wagner has deposited a SPAS-12 into the locker.
[2018/2/13 - 14:20:25] Darren Wagner has deposited a M4A1 into the locker.
[2018/2/13 - 14:20:36] Teddy Steels has deposited a SPAS-12 into the locker.
[2018/2/13 - 14:20:37] Darren Wagner has deposited a SPAS-12 into the locker.
[2018/2/13 - 14:21:05] Teddy Steels has deposited a SPAS-12 into the locker.
[2018/2/13 - 14:21:06] Darren Wagner has deposited a SPAS-12 into the locker.
[2018/2/13 - 14:21:06] Teddy Steels has deposited a M4A1 into the locker.
[2018/2/13 - 14:21:06] Darren Wagner has deposited a M4A1 into the locker.
[2018/2/13 - 14:21:13] Teddy Steels has deposited a SPAS-12 into the locker.
[2018/2/13 - 14:21:18] Darren Wagner has deposited a M4A1 into the locker.
[2018/2/13 - 14:22:23] Darren Wagner has withdrawn a SPAS-12 from the weapon locker (Cost: 8)
[2018/2/13 - 14:22:37] [MP:2LT] Lieutenant Akirasuya Hanako has logged out.
[2018/2/13 - 14:22:39] Darren Wagner has withdrawn a Desert Eagle from the weapon locker (Cost: 3)
[2018/2/13 - 14:25:14] Private First Class Teddy Steels has manufactured a crate at Ocean Docks facility.
[2018/2/13 - 14:25:20] Private First Class Teddy Steels has manufactured a crate at Ocean Docks facility.
[2018/2/13 - 14:25:27] Private First Class Teddy Steels has manufactured a crate at Ocean Docks facility.
[2018/2/13 - 14:25:34] Private First Class Teddy Steels has manufactured a crate at Ocean Docks facility.
[2018/2/13 - 14:25:40] Private First Class Teddy Steels has manufactured a crate at Ocean Docks facility.
[2018/2/13 - 14:29:31] Teddy Steels has deposited a M4A1 into the locker.
[2018/2/13 - 14:29:31] Teddy Steels has deposited a SPAS-12 into the locker.
[2018/2/13 - 14:29:43] Teddy Steels has deposited a SPAS-12 into the locker.
[2018/2/13 - 14:29:44] Teddy Steels has deposited a M4A1 into the locker.
[2018/2/13 - 14:29:54] Teddy Steels has deposited a SPAS-12 into the locker.
[2018/2/13 - 14:29:55] Teddy Steels has deposited a M4A1 into the locker.
[2018/2/13 - 14:30:25] Teddy Steels has deposited a M4A1 into the locker.
[2018/2/13 - 14:30:26] Teddy Steels has deposited a SPAS-12 into the locker.
[2018/2/13 - 14:30:34] Teddy Steels has deposited a M4A1 into the locker.
[2018/2/13 - 14:30:35] Teddy Steels has deposited a SPAS-12 into the locker.
[2018/2/13 - 14:30:50] Teddy Steels has deposited a M4A1 into the locker.
[2018/2/13 - 14:30:50] Teddy Steels has deposited a SPAS-12 into the locker.
[2018/2/13 - 14:31:13] Teddy Steels has deposited a SPAS-12 into the locker.
[2018/2/13 - 14:31:15] Teddy Steels has deposited a M4A1 into the locker.
[2018/2/13 - 14:31:27] Teddy Steels has deposited a SPAS-12 into the locker.
[2018/2/13 - 14:31:28] Teddy Steels has deposited a M4A1 into the locker.
[2018/2/13 - 14:31:39] Teddy Steels has deposited a M4A1 into the locker.
[2018/2/13 - 14:31:39] Teddy Steels has deposited a SPAS-12 into the locker.
[2018/2/13 - 14:31:51] [BMT:PVT] Private Darren Wagner has logged out.
[2018/2/13 - 14:32:32] Teddy Steels has deposited a SPAS-12 into the locker.
[2018/2/13 - 14:32:32] Teddy Steels has deposited a M4A1 into the locker.
[2018/2/13 - 14:32:44] Teddy Steels has deposited a SPAS-12 into the locker.
[2018/2/13 - 14:32:44] Teddy Steels has deposited a M4A1 into the locker.
[2018/2/13 - 14:32:53] Teddy Steels has deposited a SPAS-12 into the locker.
[2018/2/13 - 14:33:35] Teddy Steels has deposited a M4A1 into the locker.
[2018/2/13 - 14:33:35] Teddy Steels has deposited a SPAS-12 into the locker.
[2018/2/13 - 14:33:45] Teddy Steels has deposited a M4A1 into the locker.
[2018/2/13 - 14:33:46] Teddy Steels has deposited a SPAS-12 into the locker.
[2018/2/13 - 14:34:13] Teddy Steels has withdrawn a Sniper Rifle from the weapon locker (Cost: 0)
[2018/2/13 - 14:34:15] Teddy Steels has withdrawn a Desert Eagle from the weapon locker (Cost: 3)
[2018/2/13 - 14:43:36] Teddy Steels has withdrawn a SPAS-12 from the weapon locker (Cost: 8)
[2018/2/13 - 14:43:37] Teddy Steels has withdrawn a Desert Eagle from the weapon locker (Cost: 3)
[2018/2/13 - 14:43:37] Teddy Steels has withdrawn a M4A1 from the weapon locker (Cost: 8)
[2018/2/13 - 14:43:38] Teddy Steels has withdrawn a Sniper Rifle from the weapon locker (Cost: 0)
[2018/2/13 - 14:45:28] Brandon R Volkoff has withdrawn a M4A1 from the weapon locker (Cost: 8)
[2018/2/13 - 14:45:31] Brandon R Volkoff has withdrawn a Desert Eagle from the weapon locker (Cost: 3)
[2018/2/13 - 14:45:37] Brandon R Volkoff has withdrawn a Sniper Rifle from the weapon locker (Cost: 0)
[2018/2/13 - 14:50:58] Richie Volkoff has withdrawn a M4A1 from the weapon locker (Cost: 8)
[2018/2/13 - 14:51:00] Richie Volkoff has withdrawn a Desert Eagle from the weapon locker (Cost: 3)
[2018/2/13 - 14:51:04] Richie Volkoff has withdrawn a SPAS-12 from the weapon locker (Cost: 8)
[2018/2/13 - 14:52:01] [75:SGT] Sanchez Bleu has logged in.
[2018/2/13 - 14:54:13] Mclaren (1000623504) has made Mclaren (1000623504) the leader of the National Guard.
[2018/2/13 - 15:01:47] [BMT:PVT] Jimmy Tony has logged in.
[2018/2/13 - 15:03:01] Jimmy Tony has withdrawn a M4A1 from the weapon locker (Cost: 8)
[2018/2/13 - 15:03:03] Jimmy Tony has withdrawn a Desert Eagle from the weapon locker (Cost: 3)
[2018/2/13 - 15:03:13] Lue Croos has logged in.
[2018/2/13 - 15:03:42] Sanchez Bleu has withdrawn a Desert Eagle from the weapon locker (Cost: 3)
[2018/2/13 - 15:03:44] Sanchez Bleu has withdrawn a SPAS-12 from the weapon locker (Cost: 8)
[2018/2/13 - 15:03:46] Sanchez Bleu has withdrawn a M4A1 from the weapon locker (Cost: 8)
[2018/2/13 - 15:09:28] [BMT:PVT] John Muai has logged in.
[2018/2/13 - 15:11:07] [75:PFC] Dro Woodcock has logged in.
[2018/2/13 - 15:11:15] Master Sergeant Scott R. Mclaren (1000623504) (rank 7) has given Richie Volkoff (1000038284) rank 1 (Private First Class) in Na
[2018/2/13 - 15:11:19] Master Sergeant Scott R. Mclaren (1000623504) (rank 7) has given Richie Volkoff (1000038284) rank 7 (Master Sergeant) in Nation
[2018/2/13 - 15:11:39] Master Sergeant Scott R. Mclaren (1000623504) (rank 7) has given Brandon R Volkoff (1000625048) rank 1 (Private First Class) in
[2018/2/13 - 15:11:42] Master Sergeant Scott R. Mclaren (1000623504) (rank 7) has given Jimmy Tony (1000625003) rank 1 (Private First Class) in Nation
[2018/2/13 - 15:11:45] Master Sergeant Scott R. Mclaren (1000623504) (rank 7) has given Lue Croos (1000628665) rank 1 (Private First Class) in Nationa
[2018/2/13 - 15:12:18] John Muai has withdrawn a Sniper Rifle from the weapon locker (Cost: 0)
[2018/2/13 - 15:14:24] [BMT:PVT] Private First Class Jimmy Tony has timed out.
[2018/2/13 - 15:15:44] Master Sergeant Scott R. Mclaren (1000623504) (rank 7) has given Teddy Steels (1000591506) rank 2 (Specialist) in National Guar
[2018/2/13 - 15:16:59] Master Sergeant Scott R. Mclaren (1000623504) (rank 7) has given Dro Woodcock (1000626820) rank 2 (Specialist) in National Guar
[2018/2/13 - 15:26:13] [CMD:CPT] Michael J. Aachen has logged in.
[2018/2/13 - 15:26:52] Michael J. Aachen has withdrawn a Desert Eagle from the weapon locker (Cost: 3)
[2018/2/13 - 15:26:55] Michael J. Aachen has withdrawn a M4A1 from the weapon locker (Cost: 8)
[2018/2/13 - 15:27:29] Michael J. Aachen has withdrawn a Sniper Rifle from the weapon locker (Cost: 0)
[2018/2/13 - 15:34:03] Scott R. Mclaren (1000623504) has set Teddy Steels's (1000591506) badge to 75:SPC.
[2018/2/13 - 15:34:25] Scott R. Mclaren (1000623504) has set Richie Volkoff's (1000038284) badge to 1.
[2018/2/13 - 15:34:36] Scott R. Mclaren (1000623504) has set Richie Volkoff's (1000038284) badge to 75:SPC.
[2018/2/13 - 15:34:39] Scott R. Mclaren (1000623504) has set Richie Volkoff's (1000038284) badge to 75:PFC.
[2018/2/13 - 15:34:59] Captain Michael J. Aachen (1000570758) (rank 9) has given Scott R. Mclaren (1000623504) rank 8 (Lieutenant) in National Guard (
[2018/2/13 - 15:35:12] Michael J. Aachen (1000570758) has set Scott R. Mclaren's (1000623504) badge to CMD:LTC.
[2018/2/13 - 15:37:39] Scott R. Mclaren (1000623504) has set Lue Croos's (1000628665) badge to 75:PFC.
[2018/2/13 - 15:37:43] Scott R. Mclaren (1000623504) has set John Muai's (1000624938) badge to 75:PFC.
[2018/2/13 - 15:37:48] Scott R. Mclaren (1000623504) has set Brandon R Volkoff's (1000625048) badge to 75:PFC.
[2018/2/13 - 15:41:17] Captain Michael J. Aachen (1000570758) (rank 9) has given Sanchez Bleu (1000627777) rank 4 (Sergeant) in National Guard (7).
[2018/2/13 - 15:41:19] Captain Michael J. Aachen (1000570758) (rank 9) has given Sanchez Bleu (1000627777) rank 5 (Staff Sergeant) in National Guard (
[2018/2/13 - 15:41:27] Captain Michael J. Aachen (1000570758) (rank 9) has given Sanchez Bleu (1000627777) rank 5 (Staff Sergeant) in National Guard (
[2018/2/13 - 15:54:31] Lee Xian (1000626035) accepted Lieutenant Scott R. Mclaren's (1000623504) invite to join National Guard (7).
[2018/2/13 - 15:55:06] [75:PFC] Private First Class Lue Croos has timed out.
[2018/2/13 - 15:55:37] [75:PFC] Private John Muai has logged out.
[2018/2/13 - 15:57:55] [75:CPL] Hector Jackson has logged in.
[2018/2/13 - 16:03:12] [75:PFC] Specialist Dro Woodcock has timed out.
[2018/2/13 - 16:07:52] Richie Volkoff has withdrawn a Desert Eagle from the weapon locker (Cost: 3)
[2018/2/13 - 16:07:54] Richie Volkoff has withdrawn a M4A1 from the weapon locker (Cost: 8)
[2018/2/13 - 16:07:55] Richie Volkoff has withdrawn a SPAS-12 from the weapon locker (Cost: 8)
[2018/2/13 - 16:09:39] Jake Ket Volkoff (1000140021) accepted Captain Michael J. Aachen's (1000570758) invite to join National Guard (7).
[2018/2/13 - 16:10:01] Captain Michael J. Aachen (1000570758) (rank 9) has given Jake Ket Volkoff (1000140021) rank 1 (Private First Class) in Nationa
[2018/2/13 - 16:10:04] Captain Michael J. Aachen (1000570758) (rank 9) has given Jake Ket Volkoff (1000140021) rank 2 (Specialist) in National Guard (
[2018/2/13 - 16:11:26] Lieutenant Scott R. Mclaren (1000623504) (rank 8) has given Richie Volkoff (1000038284) rank 1 (Private First Class) in Nationa
[2018/2/13 - 16:12:20] Captain Michael J. Aachen (1000570758) (rank 9) has given Jake Ket Volkoff (1000140021) rank 3 (Corporal) in National Guard (7)
[2018/2/13 - 16:12:23] Captain Michael J. Aachen (1000570758) (rank 9) has given Jake Ket Volkoff (1000140021) rank 4 (Sergeant) in National Guard (7)
[2018/2/13 - 16:12:32] Michael J. Aachen (1000570758) has set Jake Ket Volkoff's (1000140021) badge to VET.
[2018/2/13 - 16:12:42] * Officer Michael J. Aachen has taken away Teddy Steels's weapons.
[2018/2/13 - 16:14:17] Sanchez Bleu has withdrawn a Desert Eagle from the weapon locker (Cost: 3)
[2018/2/13 - 16:14:18] Sanchez Bleu has withdrawn a SPAS-12 from the weapon locker (Cost: 8)
[2018/2/13 - 16:14:20] Sanchez Bleu has withdrawn a M4A1 from the weapon locker (Cost: 8)
[2018/2/13 - 16:14:23] Sanchez Bleu has withdrawn a Sniper Rifle from the weapon locker (Cost: 0)
[2018/2/13 - 16:15:29] Teddy Steels has withdrawn a Desert Eagle from the weapon locker (Cost: 3)
[2018/2/13 - 16:15:30] Teddy Steels has withdrawn a SPAS-12 from the weapon locker (Cost: 8)
[2018/2/13 - 16:15:31] Teddy Steels has withdrawn a M4A1 from the weapon locker (Cost: 8)
[2018/2/13 - 16:15:32] Teddy Steels has withdrawn a Sniper Rifle from the weapon locker (Cost: 0)
[2018/2/13 - 16:16:13] Lucas Wick (1000627474) accepted Lieutenant Scott R. Mclaren's (1000623504) invite to join National Guard (7).
[2018/2/13 - 16:16:50] Private Lucas Wick has timed out.
[2018/2/13 - 16:20:43] [75:PFC] Private First Class Brandon R Volkoff has logged out.
[2018/2/13 - 16:21:34] [75:PFC] Brandon R Volkoff has logged in.
[2018/2/13 - 16:21:54] [VET] Sergeant Jake Ket Volkoff has logged out.
[2018/2/13 - 16:21:56] Sanchez Bleu has withdrawn a Parachute from the weapon locker (Cost: 1)
[2018/2/13 - 16:21:57] [75:PFC] Private First Class Richie Volkoff has logged out.
[2018/2/13 - 16:22:02] [75:PFC] Private First Class Brandon R Volkoff has logged out.
[2018/2/13 - 16:22:28] [75:SPC] Specialist Teddy Steels has logged out.
[2018/2/13 - 16:23:56] Michael J. Aachen has withdrawn a Desert Eagle from the weapon locker (Cost: 3)
[2018/2/13 - 16:23:58] Michael J. Aachen has withdrawn a SPAS-12 from the weapon locker (Cost: 8)
[2018/2/13 - 16:24:01] Michael J. Aachen has withdrawn a M4A1 from the weapon locker (Cost: 8)
[2018/2/13 - 16:29:25] [CMD:CPT] Captain Michael J. Aachen has timed out.
[2018/2/13 - 16:32:26] [75:CPL] Hector Jackson has logged in.
[2018/2/13 - 16:32:43] Lee Xian has logged in.
[2018/2/13 - 16:35:37] Private Lee Xian has logged out.
[2018/2/13 - 16:36:32] Matt Saunders (880189) has made Matt Saunders (880189) the leader of the National Guard.
[2018/2/13 - 16:36:45] Captain Matt Saunders (880189) (rank 9) has given Matt Saunders (880189) rank 1 (Private First Class) in National Guard (7).
[2018/2/13 - 16:37:41] [75:CPL] Corporal Hector Jackson has logged out.
[2018/2/13 - 16:38:30] [75:CPL] Hector Jackson has logged in.
[2018/2/13 - 16:39:12] [75:CPL] Corporal Hector Jackson has logged out.
[2018/2/13 - 16:46:21] Scott R. Mclaren (1000623504) has made Scott R. Mclaren (1000623504) the leader of the National Guard.
[2018/2/13 - 16:46:34] Captain Scott R. Mclaren (1000623504) (rank 9) has given Vincenzo Luciano (102601) rank 8 (Lieutenant) in National Guard (7).
[2018/2/13 - 17:50:10] [75:PFC] Dro Woodcock has logged in.
[2018/2/13 - 17:56:46] [75:PFC] Specialist Dro Woodcock has logged out.
[2018/2/13 - 18:27:48] [75:PFC] Brandon R Volkoff has logged in.
[2018/2/13 - 18:29:38] Brandon R Volkoff has withdrawn a M4A1 from the weapon locker (Cost: 8)
[2018/2/13 - 18:29:39] Brandon R Volkoff has withdrawn a SPAS-12 from the weapon locker (Cost: 8)
[2018/2/13 - 18:29:40] Brandon R Volkoff has withdrawn a Sniper Rifle from the weapon locker (Cost: 0)
[2018/2/13 - 18:42:05] [75:PFC] Private First Class Brandon R Volkoff has logged out.
[2018/2/13 - 23:59:56] [MP:PFC] Kiyoharu Shimizu has logged in.
