[2018/1/29 - 0:00:37] The faction vault is at $20,950,407.
[2018/1/29 - 0:00:37] SA Gov Paid $25,000 to Judicial budget fund.
[2018/1/29 - 0:00:37] Vehicle ID 247 (Slot ID 95) Maintainence fee cost $0 to Judicial's budget fund.
[2018/1/29 - 0:00:37] Vehicle ID 249 (Slot ID 97) Maintainence fee cost $0 to Judicial's budget fund.
[2018/1/29 - 0:00:37] Vehicle ID 250 (Slot ID 98) Maintainence fee cost $0 to Judicial's budget fund.
[2018/1/29 - 0:00:37] Vehicle ID 251 (Slot ID 100) Maintainence fee cost $0 to Judicial's budget fund.
[2018/1/29 - 0:00:37] Vehicle ID 265 (Slot ID 115) Maintainence fee cost $0 to Judicial's budget fund.
[2018/1/29 - 0:00:37] Vehicle ID 536 (Slot ID 171) Maintainence fee cost $0 to Judicial's budget fund.
[2018/1/29 - 0:34:51] Frank Bachinco has been paid $80,000 from Judicial's budget.
[2018/1/29 - 1:00:29] The faction vault is at $20,901,807.
[2018/1/29 - 1:00:29] SA Gov Paid $25,000 to Judicial budget fund.
[2018/1/29 - 1:00:29] Vehicle ID 247 (Slot ID 95) Maintainence fee cost $0 to Judicial's budget fund.
[2018/1/29 - 1:00:29] Vehicle ID 249 (Slot ID 97) Maintainence fee cost $0 to Judicial's budget fund.
[2018/1/29 - 1:00:29] Vehicle ID 250 (Slot ID 98) Maintainence fee cost $0 to Judicial's budget fund.
[2018/1/29 - 1:00:29] Vehicle ID 251 (Slot ID 100) Maintainence fee cost $0 to Judicial's budget fund.
[2018/1/29 - 1:00:29] Vehicle ID 265 (Slot ID 115) Maintainence fee cost $0 to Judicial's budget fund.
[2018/1/29 - 1:00:29] Vehicle ID 536 (Slot ID 171) Maintainence fee cost $0 to Judicial's budget fund.
[2018/1/29 - 1:53:42] Rico Dredd took a vest out of the Judicial locker at a cost of 1 HG Material.
[2018/1/29 - 2:00:26] The faction vault is at $20,930,407.
[2018/1/29 - 2:00:26] SA Gov Paid $25,000 to Judicial budget fund.
[2018/1/29 - 2:00:26] Vehicle ID 247 (Slot ID 95) Maintainence fee cost $0 to Judicial's budget fund.
[2018/1/29 - 2:00:26] Vehicle ID 249 (Slot ID 97) Maintainence fee cost $0 to Judicial's budget fund.
[2018/1/29 - 2:00:26] Vehicle ID 250 (Slot ID 98) Maintainence fee cost $0 to Judicial's budget fund.
[2018/1/29 - 2:00:26] Vehicle ID 251 (Slot ID 100) Maintainence fee cost $0 to Judicial's budget fund.
[2018/1/29 - 2:00:26] Vehicle ID 265 (Slot ID 115) Maintainence fee cost $0 to Judicial's budget fund.
[2018/1/29 - 2:00:26] Vehicle ID 536 (Slot ID 171) Maintainence fee cost $0 to Judicial's budget fund.
[2018/1/29 - 3:00:24] The faction vault is at $20,957,807.
[2018/1/29 - 3:00:24] SA Gov Paid $25,000 to Judicial budget fund.
[2018/1/29 - 3:00:24] Vehicle ID 247 (Slot ID 95) Maintainence fee cost $0 to Judicial's budget fund.
[2018/1/29 - 3:00:24] Vehicle ID 249 (Slot ID 97) Maintainence fee cost $0 to Judicial's budget fund.
[2018/1/29 - 3:00:24] Vehicle ID 250 (Slot ID 98) Maintainence fee cost $0 to Judicial's budget fund.
[2018/1/29 - 3:00:24] Vehicle ID 251 (Slot ID 100) Maintainence fee cost $0 to Judicial's budget fund.
[2018/1/29 - 3:00:24] Vehicle ID 265 (Slot ID 115) Maintainence fee cost $0 to Judicial's budget fund.
[2018/1/29 - 3:00:24] Vehicle ID 536 (Slot ID 171) Maintainence fee cost $0 to Judicial's budget fund.
[2018/1/29 - 4:00:33] The faction vault is at $20,983,807.
[2018/1/29 - 4:00:33] SA Gov Paid $25,000 to Judicial budget fund.
[2018/1/29 - 4:00:33] Vehicle ID 247 (Slot ID 95) Maintainence fee cost $0 to Judicial's budget fund.
[2018/1/29 - 4:00:33] Vehicle ID 249 (Slot ID 97) Maintainence fee cost $0 to Judicial's budget fund.
[2018/1/29 - 4:00:33] Vehicle ID 250 (Slot ID 98) Maintainence fee cost $0 to Judicial's budget fund.
[2018/1/29 - 4:00:33] Vehicle ID 251 (Slot ID 100) Maintainence fee cost $0 to Judicial's budget fund.
[2018/1/29 - 4:00:33] Vehicle ID 265 (Slot ID 115) Maintainence fee cost $0 to Judicial's budget fund.
[2018/1/29 - 4:00:33] Vehicle ID 536 (Slot ID 171) Maintainence fee cost $0 to Judicial's budget fund.
[2018/1/29 - 5:00:44] The faction vault is at $21,014,007.
[2018/1/29 - 5:00:44] SA Gov Paid $25,000 to Judicial budget fund.
[2018/1/29 - 5:00:44] Vehicle ID 247 (Slot ID 95) Maintainence fee cost $0 to Judicial's budget fund.
[2018/1/29 - 5:00:44] Vehicle ID 249 (Slot ID 97) Maintainence fee cost $0 to Judicial's budget fund.
[2018/1/29 - 5:00:44] Vehicle ID 250 (Slot ID 98) Maintainence fee cost $0 to Judicial's budget fund.
[2018/1/29 - 5:00:44] Vehicle ID 251 (Slot ID 100) Maintainence fee cost $0 to Judicial's budget fund.
[2018/1/29 - 5:00:44] Vehicle ID 265 (Slot ID 115) Maintainence fee cost $0 to Judicial's budget fund.
[2018/1/29 - 5:00:44] Vehicle ID 536 (Slot ID 171) Maintainence fee cost $0 to Judicial's budget fund.
[2018/1/29 - 6:00:52] The faction vault is at $21,048,407.
[2018/1/29 - 6:00:52] SA Gov Paid $25,000 to Judicial budget fund.
[2018/1/29 - 6:00:52] Vehicle ID 247 (Slot ID 95) Maintainence fee cost $0 to Judicial's budget fund.
[2018/1/29 - 6:00:52] Vehicle ID 249 (Slot ID 97) Maintainence fee cost $0 to Judicial's budget fund.
[2018/1/29 - 6:00:52] Vehicle ID 250 (Slot ID 98) Maintainence fee cost $0 to Judicial's budget fund.
[2018/1/29 - 6:00:52] Vehicle ID 251 (Slot ID 100) Maintainence fee cost $0 to Judicial's budget fund.
[2018/1/29 - 6:00:52] Vehicle ID 265 (Slot ID 115) Maintainence fee cost $0 to Judicial's budget fund.
[2018/1/29 - 6:00:52] Vehicle ID 536 (Slot ID 171) Maintainence fee cost $0 to Judicial's budget fund.
[2018/1/29 - 6:30:30] Vehicle Slot ID 95 RTB fee cost $0 to Judicial's budget fund.
[2018/1/29 - 6:43:14] Vehicle Slot ID 97 RTB fee cost $0 to Judicial's budget fund.
[2018/1/29 - 7:00:53] The faction vault is at $21,086,207.
[2018/1/29 - 7:00:53] SA Gov Paid $25,000 to Judicial budget fund.
[2018/1/29 - 7:00:53] Vehicle ID 247 (Slot ID 95) Maintainence fee cost $0 to Judicial's budget fund.
[2018/1/29 - 7:00:53] Vehicle ID 249 (Slot ID 97) Maintainence fee cost $0 to Judicial's budget fund.
[2018/1/29 - 7:00:53] Vehicle ID 250 (Slot ID 98) Maintainence fee cost $0 to Judicial's budget fund.
[2018/1/29 - 7:00:53] Vehicle ID 251 (Slot ID 100) Maintainence fee cost $0 to Judicial's budget fund.
[2018/1/29 - 7:00:53] Vehicle ID 265 (Slot ID 115) Maintainence fee cost $0 to Judicial's budget fund.
[2018/1/29 - 7:00:53] Vehicle ID 536 (Slot ID 171) Maintainence fee cost $0 to Judicial's budget fund.
[2018/1/29 - 8:00:52] The faction vault is at $21,119,007.
[2018/1/29 - 8:00:52] SA Gov Paid $25,000 to Judicial budget fund.
[2018/1/29 - 8:00:52] Vehicle ID 247 (Slot ID 95) Maintainence fee cost $0 to Judicial's budget fund.
[2018/1/29 - 8:00:52] Vehicle ID 249 (Slot ID 97) Maintainence fee cost $0 to Judicial's budget fund.
[2018/1/29 - 8:00:52] Vehicle ID 250 (Slot ID 98) Maintainence fee cost $0 to Judicial's budget fund.
[2018/1/29 - 8:00:52] Vehicle ID 251 (Slot ID 100) Maintainence fee cost $0 to Judicial's budget fund.
[2018/1/29 - 8:00:52] Vehicle ID 265 (Slot ID 115) Maintainence fee cost $0 to Judicial's budget fund.
[2018/1/29 - 8:00:52] Vehicle ID 536 (Slot ID 171) Maintainence fee cost $0 to Judicial's budget fund.
[2018/1/29 - 8:21:26] Barry Smith has been paid $80,000 from Judicial's budget.
[2018/1/29 - 9:00:50] The faction vault is at $21,075,207.
[2018/1/29 - 9:00:50] SA Gov Paid $25,000 to Judicial budget fund.
[2018/1/29 - 9:00:50] Vehicle ID 247 (Slot ID 95) Maintainence fee cost $0 to Judicial's budget fund.
[2018/1/29 - 9:00:50] Vehicle ID 249 (Slot ID 97) Maintainence fee cost $0 to Judicial's budget fund.
[2018/1/29 - 9:00:50] Vehicle ID 250 (Slot ID 98) Maintainence fee cost $0 to Judicial's budget fund.
[2018/1/29 - 9:00:50] Vehicle ID 251 (Slot ID 100) Maintainence fee cost $0 to Judicial's budget fund.
[2018/1/29 - 9:00:50] Vehicle ID 265 (Slot ID 115) Maintainence fee cost $0 to Judicial's budget fund.
[2018/1/29 - 9:00:50] Vehicle ID 536 (Slot ID 171) Maintainence fee cost $0 to Judicial's budget fund.
[2018/1/29 - 9:24:28] Barry Smith has been paid $80,000 from Judicial's budget.
[2018/1/29 - 10:00:44] The faction vault is at $21,031,807.
[2018/1/29 - 10:00:44] SA Gov Paid $25,000 to Judicial budget fund.
[2018/1/29 - 10:00:44] Vehicle ID 247 (Slot ID 95) Maintainence fee cost $0 to Judicial's budget fund.
[2018/1/29 - 10:00:44] Vehicle ID 249 (Slot ID 97) Maintainence fee cost $0 to Judicial's budget fund.
[2018/1/29 - 10:00:44] Vehicle ID 250 (Slot ID 98) Maintainence fee cost $0 to Judicial's budget fund.
[2018/1/29 - 10:00:44] Vehicle ID 251 (Slot ID 100) Maintainence fee cost $0 to Judicial's budget fund.
[2018/1/29 - 10:00:44] Vehicle ID 265 (Slot ID 115) Maintainence fee cost $0 to Judicial's budget fund.
[2018/1/29 - 10:00:44] Vehicle ID 536 (Slot ID 171) Maintainence fee cost $0 to Judicial's budget fund.
[2018/1/29 - 11:00:40] The faction vault is at $21,071,607.
[2018/1/29 - 11:00:40] SA Gov Paid $25,000 to Judicial budget fund.
[2018/1/29 - 11:00:40] Vehicle ID 247 (Slot ID 95) Maintainence fee cost $0 to Judicial's budget fund.
[2018/1/29 - 11:00:40] Vehicle ID 249 (Slot ID 97) Maintainence fee cost $0 to Judicial's budget fund.
[2018/1/29 - 11:00:40] Vehicle ID 250 (Slot ID 98) Maintainence fee cost $0 to Judicial's budget fund.
[2018/1/29 - 11:00:40] Vehicle ID 251 (Slot ID 100) Maintainence fee cost $0 to Judicial's budget fund.
[2018/1/29 - 11:00:40] Vehicle ID 265 (Slot ID 115) Maintainence fee cost $0 to Judicial's budget fund.
[2018/1/29 - 11:00:40] Vehicle ID 536 (Slot ID 171) Maintainence fee cost $0 to Judicial's budget fund.
[2018/1/29 - 12:00:27] The faction vault is at $21,110,007.
[2018/1/29 - 12:00:27] SA Gov Paid $25,000 to Judicial budget fund.
[2018/1/29 - 12:00:28] Vehicle ID 247 (Slot ID 95) Maintainence fee cost $0 to Judicial's budget fund.
[2018/1/29 - 12:00:28] Vehicle ID 249 (Slot ID 97) Maintainence fee cost $0 to Judicial's budget fund.
[2018/1/29 - 12:00:28] Vehicle ID 250 (Slot ID 98) Maintainence fee cost $0 to Judicial's budget fund.
[2018/1/29 - 12:00:28] Vehicle ID 251 (Slot ID 100) Maintainence fee cost $0 to Judicial's budget fund.
[2018/1/29 - 12:00:28] Vehicle ID 265 (Slot ID 115) Maintainence fee cost $0 to Judicial's budget fund.
[2018/1/29 - 12:00:28] Vehicle ID 536 (Slot ID 171) Maintainence fee cost $0 to Judicial's budget fund.
[2018/1/29 - 12:25:53] Vehicle Slot ID 98 RTB fee cost $0 to Judicial's budget fund.
[2018/1/29 - 13:00:14] The faction vault is at $21,145,207.
[2018/1/29 - 13:00:14] SA Gov Paid $25,000 to Judicial budget fund.
[2018/1/29 - 13:00:14] Vehicle ID 247 (Slot ID 95) Maintainence fee cost $0 to Judicial's budget fund.
[2018/1/29 - 13:00:14] Vehicle ID 249 (Slot ID 97) Maintainence fee cost $0 to Judicial's budget fund.
[2018/1/29 - 13:00:14] Vehicle ID 250 (Slot ID 98) Maintainence fee cost $0 to Judicial's budget fund.
[2018/1/29 - 13:00:14] Vehicle ID 251 (Slot ID 100) Maintainence fee cost $0 to Judicial's budget fund.
[2018/1/29 - 13:00:14] Vehicle ID 265 (Slot ID 115) Maintainence fee cost $0 to Judicial's budget fund.
[2018/1/29 - 13:00:14] Vehicle ID 536 (Slot ID 171) Maintainence fee cost $0 to Judicial's budget fund.
[2018/1/29 - 13:23:15] Nathan Anderson took a vest out of the Judicial locker at a cost of 1 HG Material.
[2018/1/29 - 14:01:00] The faction vault is at $21,186,607.
[2018/1/29 - 14:01:00] SA Gov Paid $25,000 to Judicial budget fund.
[2018/1/29 - 14:01:00] Vehicle ID 247 (Slot ID 95) Maintainence fee cost $0 to Judicial's budget fund.
[2018/1/29 - 14:01:00] Vehicle ID 249 (Slot ID 97) Maintainence fee cost $0 to Judicial's budget fund.
[2018/1/29 - 14:01:00] Vehicle ID 250 (Slot ID 98) Maintainence fee cost $0 to Judicial's budget fund.
[2018/1/29 - 14:01:00] Vehicle ID 251 (Slot ID 100) Maintainence fee cost $0 to Judicial's budget fund.
[2018/1/29 - 14:01:00] Vehicle ID 265 (Slot ID 115) Maintainence fee cost $0 to Judicial's budget fund.
[2018/1/29 - 14:01:00] Vehicle ID 536 (Slot ID 171) Maintainence fee cost $0 to Judicial's budget fund.
[2018/1/29 - 14:26:53] Nathan Anderson has been paid $80,000 from Judicial's budget.
[2018/1/29 - 15:00:47] The faction vault is at $21,145,807.
[2018/1/29 - 15:00:47] SA Gov Paid $25,000 to Judicial budget fund.
[2018/1/29 - 15:00:47] Vehicle ID 247 (Slot ID 95) Maintainence fee cost $0 to Judicial's budget fund.
[2018/1/29 - 15:00:47] Vehicle ID 249 (Slot ID 97) Maintainence fee cost $0 to Judicial's budget fund.
[2018/1/29 - 15:00:47] Vehicle ID 250 (Slot ID 98) Maintainence fee cost $0 to Judicial's budget fund.
[2018/1/29 - 15:00:47] Vehicle ID 251 (Slot ID 100) Maintainence fee cost $0 to Judicial's budget fund.
[2018/1/29 - 15:00:47] Vehicle ID 265 (Slot ID 115) Maintainence fee cost $0 to Judicial's budget fund.
[2018/1/29 - 15:00:47] Vehicle ID 536 (Slot ID 171) Maintainence fee cost $0 to Judicial's budget fund.
[2018/1/29 - 16:00:41] The faction vault is at $21,183,607.
[2018/1/29 - 16:00:41] SA Gov Paid $25,000 to Judicial budget fund.
[2018/1/29 - 16:00:41] Vehicle ID 247 (Slot ID 95) Maintainence fee cost $0 to Judicial's budget fund.
[2018/1/29 - 16:00:41] Vehicle ID 249 (Slot ID 97) Maintainence fee cost $0 to Judicial's budget fund.
[2018/1/29 - 16:00:41] Vehicle ID 250 (Slot ID 98) Maintainence fee cost $0 to Judicial's budget fund.
[2018/1/29 - 16:00:41] Vehicle ID 251 (Slot ID 100) Maintainence fee cost $0 to Judicial's budget fund.
[2018/1/29 - 16:00:41] Vehicle ID 265 (Slot ID 115) Maintainence fee cost $0 to Judicial's budget fund.
[2018/1/29 - 16:00:41] Vehicle ID 536 (Slot ID 171) Maintainence fee cost $0 to Judicial's budget fund.
[2018/1/29 - 17:00:33] The faction vault is at $21,219,607.
[2018/1/29 - 17:00:33] SA Gov Paid $25,000 to Judicial budget fund.
[2018/1/29 - 17:00:33] Vehicle ID 247 (Slot ID 95) Maintainence fee cost $0 to Judicial's budget fund.
[2018/1/29 - 17:00:33] Vehicle ID 249 (Slot ID 97) Maintainence fee cost $0 to Judicial's budget fund.
[2018/1/29 - 17:00:33] Vehicle ID 250 (Slot ID 98) Maintainence fee cost $0 to Judicial's budget fund.
[2018/1/29 - 17:00:33] Vehicle ID 251 (Slot ID 100) Maintainence fee cost $0 to Judicial's budget fund.
[2018/1/29 - 17:00:33] Vehicle ID 265 (Slot ID 115) Maintainence fee cost $0 to Judicial's budget fund.
[2018/1/29 - 17:00:33] Vehicle ID 536 (Slot ID 171) Maintainence fee cost $0 to Judicial's budget fund.
[2018/1/29 - 17:13:45] Nathan Anderson has been paid $80,000 from Judicial's budget.
[2018/1/29 - 18:00:27] The faction vault is at $21,178,607.
[2018/1/29 - 18:00:27] SA Gov Paid $25,000 to Judicial budget fund.
[2018/1/29 - 18:00:27] Vehicle ID 247 (Slot ID 95) Maintainence fee cost $0 to Judicial's budget fund.
[2018/1/29 - 18:00:27] Vehicle ID 249 (Slot ID 97) Maintainence fee cost $0 to Judicial's budget fund.
[2018/1/29 - 18:00:27] Vehicle ID 250 (Slot ID 98) Maintainence fee cost $0 to Judicial's budget fund.
[2018/1/29 - 18:00:27] Vehicle ID 251 (Slot ID 100) Maintainence fee cost $0 to Judicial's budget fund.
[2018/1/29 - 18:00:27] Vehicle ID 265 (Slot ID 115) Maintainence fee cost $0 to Judicial's budget fund.
[2018/1/29 - 18:00:27] Vehicle ID 536 (Slot ID 171) Maintainence fee cost $0 to Judicial's budget fund.
[2018/1/29 - 19:00:21] The faction vault is at $21,214,607.
[2018/1/29 - 19:00:21] SA Gov Paid $25,000 to Judicial budget fund.
[2018/1/29 - 19:00:21] Vehicle ID 247 (Slot ID 95) Maintainence fee cost $0 to Judicial's budget fund.
[2018/1/29 - 19:00:21] Vehicle ID 249 (Slot ID 97) Maintainence fee cost $0 to Judicial's budget fund.
[2018/1/29 - 19:00:21] Vehicle ID 250 (Slot ID 98) Maintainence fee cost $0 to Judicial's budget fund.
[2018/1/29 - 19:00:21] Vehicle ID 251 (Slot ID 100) Maintainence fee cost $0 to Judicial's budget fund.
[2018/1/29 - 19:00:21] Vehicle ID 265 (Slot ID 115) Maintainence fee cost $0 to Judicial's budget fund.
[2018/1/29 - 19:00:21] Vehicle ID 536 (Slot ID 171) Maintainence fee cost $0 to Judicial's budget fund.
[2018/1/29 - 19:27:02] Rico Dredd took a vest out of the Judicial locker at a cost of 1 HG Material.
[2018/1/29 - 20:00:10] The faction vault is at $21,245,007.
[2018/1/29 - 20:00:10] SA Gov Paid $25,000 to Judicial budget fund.
[2018/1/29 - 20:00:10] Vehicle ID 247 (Slot ID 95) Maintainence fee cost $0 to Judicial's budget fund.
[2018/1/29 - 20:00:10] Vehicle ID 249 (Slot ID 97) Maintainence fee cost $0 to Judicial's budget fund.
[2018/1/29 - 20:00:10] Vehicle ID 250 (Slot ID 98) Maintainence fee cost $0 to Judicial's budget fund.
[2018/1/29 - 20:00:10] Vehicle ID 251 (Slot ID 100) Maintainence fee cost $0 to Judicial's budget fund.
[2018/1/29 - 20:00:10] Vehicle ID 265 (Slot ID 115) Maintainence fee cost $0 to Judicial's budget fund.
[2018/1/29 - 20:00:10] Vehicle ID 536 (Slot ID 171) Maintainence fee cost $0 to Judicial's budget fund.
[2018/1/29 - 20:26:28] Frank Bachinco has been paid $80,000 from Judicial's budget.
[2018/1/29 - 20:34:26] Vehicle Slot ID 100 RTB fee cost $0 to Judicial's budget fund.
[2018/1/29 - 20:44:34] Vehicle Slot ID 171 RTB fee cost $0 to Judicial's budget fund.
[2018/1/29 - 20:45:22] Denhaag Mofujohn took a vest out of the Judicial locker at a cost of 1 HG Material.
[2018/1/29 - 21:00:14] Denhaag Mofujohn took a vest out of the Judicial locker at a cost of 1 HG Material.
[2018/1/29 - 21:00:59] The faction vault is at $21,197,407.
[2018/1/29 - 21:00:59] SA Gov Paid $25,000 to Judicial budget fund.
[2018/1/29 - 21:00:59] Vehicle ID 247 (Slot ID 95) Maintainence fee cost $0 to Judicial's budget fund.
[2018/1/29 - 21:00:59] Vehicle ID 249 (Slot ID 97) Maintainence fee cost $0 to Judicial's budget fund.
[2018/1/29 - 21:00:59] Vehicle ID 250 (Slot ID 98) Maintainence fee cost $0 to Judicial's budget fund.
[2018/1/29 - 21:00:59] Vehicle ID 251 (Slot ID 100) Maintainence fee cost $0 to Judicial's budget fund.
[2018/1/29 - 21:00:59] Vehicle ID 265 (Slot ID 115) Maintainence fee cost $0 to Judicial's budget fund.
[2018/1/29 - 21:00:59] Vehicle ID 536 (Slot ID 171) Maintainence fee cost $0 to Judicial's budget fund.
[2018/1/29 - 21:29:52] Frank Bachinco has been paid $80,000 from Judicial's budget.
[2018/1/29 - 22:00:48] The faction vault is at $21,147,007.
[2018/1/29 - 22:00:48] SA Gov Paid $25,000 to Judicial budget fund.
[2018/1/29 - 22:00:48] Vehicle ID 247 (Slot ID 95) Maintainence fee cost $0 to Judicial's budget fund.
[2018/1/29 - 22:00:48] Vehicle ID 249 (Slot ID 97) Maintainence fee cost $0 to Judicial's budget fund.
[2018/1/29 - 22:00:48] Vehicle ID 250 (Slot ID 98) Maintainence fee cost $0 to Judicial's budget fund.
[2018/1/29 - 22:00:48] Vehicle ID 251 (Slot ID 100) Maintainence fee cost $0 to Judicial's budget fund.
[2018/1/29 - 22:00:48] Vehicle ID 265 (Slot ID 115) Maintainence fee cost $0 to Judicial's budget fund.
[2018/1/29 - 22:00:48] Vehicle ID 536 (Slot ID 171) Maintainence fee cost $0 to Judicial's budget fund.
[2018/1/29 - 22:40:29] Frank Bachinco has been paid $80,000 from Judicial's budget.
[2018/1/29 - 23:00:35] The faction vault is at $21,097,807.
[2018/1/29 - 23:00:35] SA Gov Paid $25,000 to Judicial budget fund.
[2018/1/29 - 23:00:35] Vehicle ID 247 (Slot ID 95) Maintainence fee cost $0 to Judicial's budget fund.
[2018/1/29 - 23:00:35] Vehicle ID 249 (Slot ID 97) Maintainence fee cost $0 to Judicial's budget fund.
[2018/1/29 - 23:00:35] Vehicle ID 250 (Slot ID 98) Maintainence fee cost $0 to Judicial's budget fund.
[2018/1/29 - 23:00:35] Vehicle ID 251 (Slot ID 100) Maintainence fee cost $0 to Judicial's budget fund.
[2018/1/29 - 23:00:35] Vehicle ID 265 (Slot ID 115) Maintainence fee cost $0 to Judicial's budget fund.
[2018/1/29 - 23:00:35] Vehicle ID 536 (Slot ID 171) Maintainence fee cost $0 to Judicial's budget fund.
[2018/1/29 - 23:32:49] Vehicle Slot ID 97 RTB fee cost $0 to Judicial's budget fund.
[2018/1/29 - 23:43:35] Frank Bachinco has been paid $80,000 from Judicial's budget.
[2018/1/29 - 23:55:51] Billy Chicano has been fined by $10,000 by Judge Frank Bachinco.  $1,000 has been sent to the Judicial Vault.
