[2018/1/5 - 0:00:39] The faction vault is at $11,358,380.
[2018/1/5 - 0:00:39] SA Gov Paid $35,000 to Judicial budget fund.
[2018/1/5 - 0:00:39] Vehicle ID 248 (Slot ID 95) Maintainence fee cost $500 to Judicial's budget fund.
[2018/1/5 - 0:00:39] Vehicle ID 250 (Slot ID 97) Maintainence fee cost $500 to Judicial's budget fund.
[2018/1/5 - 0:00:39] Vehicle ID 251 (Slot ID 98) Maintainence fee cost $500 to Judicial's budget fund.
[2018/1/5 - 0:00:39] Vehicle ID 252 (Slot ID 100) Maintainence fee cost $500 to Judicial's budget fund.
[2018/1/5 - 0:00:39] Vehicle ID 267 (Slot ID 115) Maintainence fee cost $500 to Judicial's budget fund.
[2018/1/5 - 0:00:39] Vehicle ID 311 (Slot ID 171) Maintainence fee cost $500 to Judicial's budget fund.
[2018/1/5 - 0:37:53] Danny Blackwood has been paid $5,000 from Judicial's budget.
[2018/1/5 - 1:00:37] The faction vault is at $11,391,980.
[2018/1/5 - 1:00:37] Vehicle ID 248 (Slot ID 95) Maintainence fee cost $500 to Judicial's budget fund.
[2018/1/5 - 1:00:37] Vehicle ID 250 (Slot ID 97) Maintainence fee cost $500 to Judicial's budget fund.
[2018/1/5 - 1:00:37] Vehicle ID 251 (Slot ID 98) Maintainence fee cost $500 to Judicial's budget fund.
[2018/1/5 - 1:00:37] Vehicle ID 252 (Slot ID 100) Maintainence fee cost $500 to Judicial's budget fund.
[2018/1/5 - 1:00:37] Vehicle ID 267 (Slot ID 115) Maintainence fee cost $500 to Judicial's budget fund.
[2018/1/5 - 1:00:37] Vehicle ID 311 (Slot ID 171) Maintainence fee cost $500 to Judicial's budget fund.
[2018/1/5 - 1:45:37] Vehicle Slot ID 171 RTB fee cost $250 to Judicial's budget fund.
[2018/1/5 - 1:48:18] Brandon Savellano took a vest out of the Judicial locker at a cost of 1 HG Material.
[2018/1/5 - 2:00:28] The faction vault is at $11,396,530.
[2018/1/5 - 2:00:28] SA Gov Paid $35,000 to Judicial budget fund.
[2018/1/5 - 2:00:28] Vehicle ID 248 (Slot ID 95) Maintainence fee cost $500 to Judicial's budget fund.
[2018/1/5 - 2:00:28] Vehicle ID 250 (Slot ID 97) Maintainence fee cost $500 to Judicial's budget fund.
[2018/1/5 - 2:00:28] Vehicle ID 251 (Slot ID 98) Maintainence fee cost $500 to Judicial's budget fund.
[2018/1/5 - 2:00:28] Vehicle ID 252 (Slot ID 100) Maintainence fee cost $500 to Judicial's budget fund.
[2018/1/5 - 2:00:28] Vehicle ID 267 (Slot ID 115) Maintainence fee cost $500 to Judicial's budget fund.
[2018/1/5 - 2:00:28] Vehicle ID 311 (Slot ID 171) Maintainence fee cost $500 to Judicial's budget fund.
[2018/1/5 - 2:21:08] Vehicle Slot ID 100 RTB fee cost $250 to Judicial's budget fund.
[2018/1/5 - 2:57:36] Vehicle Slot ID 97 RTB fee cost $250 to Judicial's budget fund.
[2018/1/5 - 3:00:25] The faction vault is at $11,434,530.
[2018/1/5 - 3:00:25] SA Gov Paid $35,000 to Judicial budget fund.
[2018/1/5 - 3:00:25] Vehicle ID 248 (Slot ID 95) Maintainence fee cost $500 to Judicial's budget fund.
[2018/1/5 - 3:00:25] Vehicle ID 250 (Slot ID 97) Maintainence fee cost $500 to Judicial's budget fund.
[2018/1/5 - 3:00:25] Vehicle ID 251 (Slot ID 98) Maintainence fee cost $500 to Judicial's budget fund.
[2018/1/5 - 3:00:25] Vehicle ID 252 (Slot ID 100) Maintainence fee cost $500 to Judicial's budget fund.
[2018/1/5 - 3:00:25] Vehicle ID 267 (Slot ID 115) Maintainence fee cost $500 to Judicial's budget fund.
[2018/1/5 - 3:00:25] Vehicle ID 311 (Slot ID 171) Maintainence fee cost $500 to Judicial's budget fund.
[2018/1/5 - 3:08:15] Danny Blackwood took a vest out of the Judicial locker at a cost of 1 HG Material.
[2018/1/5 - 3:44:16] Murad Leonheart has been paid $5,000 from Judicial's budget.
[2018/1/5 - 3:45:19] John Mcfornell took a vest out of the Judicial locker at a cost of 1 HG Material.
[2018/1/5 - 3:54:25] John Mcfornell has been paid $5,000 from Judicial's budget.
[2018/1/5 - 3:58:20] Vehicle Slot ID 95 RTB fee cost $250 to Judicial's budget fund.
[2018/1/5 - 4:00:26] The faction vault is at $11,459,080.
[2018/1/5 - 4:00:26] SA Gov Paid $25,000 to Judicial budget fund.
[2018/1/5 - 4:00:26] Vehicle ID 248 (Slot ID 95) Maintainence fee cost $500 to Judicial's budget fund.
[2018/1/5 - 4:00:26] Vehicle ID 250 (Slot ID 97) Maintainence fee cost $500 to Judicial's budget fund.
[2018/1/5 - 4:00:26] Vehicle ID 251 (Slot ID 98) Maintainence fee cost $500 to Judicial's budget fund.
[2018/1/5 - 4:00:26] Vehicle ID 252 (Slot ID 100) Maintainence fee cost $500 to Judicial's budget fund.
[2018/1/5 - 4:00:26] Vehicle ID 267 (Slot ID 115) Maintainence fee cost $500 to Judicial's budget fund.
[2018/1/5 - 4:00:26] Vehicle ID 311 (Slot ID 171) Maintainence fee cost $500 to Judicial's budget fund.
[2018/1/5 - 4:03:00] Danny Blackwood has been paid $5,000 from Judicial's budget.
[2018/1/5 - 4:08:30] Scott Goodman has been fined by $200,000 by Judge Danny Blackwood.  $20,000 has been sent to the Judicial Vault.
[2018/1/5 - 4:35:54] John Mcfornell has repaired vehicle 311 at a cost of $2,500 to Judicial's budget fund.
[2018/1/5 - 4:40:27] Vehicle Slot ID 171 RTB fee cost $250 to Judicial's budget fund.
[2018/1/5 - 5:00:39] The faction vault is at $11,496,730.
[2018/1/5 - 5:00:39] SA Gov Paid $25,000 to Judicial budget fund.
[2018/1/5 - 5:00:39] Vehicle ID 248 (Slot ID 95) Maintainence fee cost $500 to Judicial's budget fund.
[2018/1/5 - 5:00:39] Vehicle ID 250 (Slot ID 97) Maintainence fee cost $500 to Judicial's budget fund.
[2018/1/5 - 5:00:39] Vehicle ID 251 (Slot ID 98) Maintainence fee cost $500 to Judicial's budget fund.
[2018/1/5 - 5:00:39] Vehicle ID 252 (Slot ID 100) Maintainence fee cost $500 to Judicial's budget fund.
[2018/1/5 - 5:00:39] Vehicle ID 267 (Slot ID 115) Maintainence fee cost $500 to Judicial's budget fund.
[2018/1/5 - 5:00:39] Vehicle ID 311 (Slot ID 171) Maintainence fee cost $500 to Judicial's budget fund.
[2018/1/5 - 6:00:51] The faction vault is at $11,523,130.
[2018/1/5 - 6:00:51] SA Gov Paid $25,000 to Judicial budget fund.
[2018/1/5 - 6:00:51] Vehicle ID 248 (Slot ID 95) Maintainence fee cost $500 to Judicial's budget fund.
[2018/1/5 - 6:00:51] Vehicle ID 250 (Slot ID 97) Maintainence fee cost $500 to Judicial's budget fund.
[2018/1/5 - 6:00:51] Vehicle ID 251 (Slot ID 98) Maintainence fee cost $500 to Judicial's budget fund.
[2018/1/5 - 6:00:51] Vehicle ID 252 (Slot ID 100) Maintainence fee cost $500 to Judicial's budget fund.
[2018/1/5 - 6:00:51] Vehicle ID 267 (Slot ID 115) Maintainence fee cost $500 to Judicial's budget fund.
[2018/1/5 - 6:00:51] Vehicle ID 311 (Slot ID 171) Maintainence fee cost $500 to Judicial's budget fund.
[2018/1/5 - 6:04:36] Brandon Savellano has refueled vehicle 250 at a cost of $4800 to Judicial's budget fund.
[2018/1/5 - 6:20:55] Vehicle Slot ID 100 RTB fee cost $250 to Judicial's budget fund.
[2018/1/5 - 6:33:36] Brandon Savellano took a vest out of the Judicial locker at a cost of 1 HG Material.
[2018/1/5 - 7:00:03] The faction vault is at $11,543,480.
[2018/1/5 - 7:00:03] SA Gov Paid $25,000 to Judicial budget fund.
[2018/1/5 - 7:00:03] Vehicle ID 248 (Slot ID 95) Maintainence fee cost $500 to Judicial's budget fund.
[2018/1/5 - 7:00:03] Vehicle ID 250 (Slot ID 97) Maintainence fee cost $500 to Judicial's budget fund.
[2018/1/5 - 7:00:03] Vehicle ID 251 (Slot ID 98) Maintainence fee cost $500 to Judicial's budget fund.
[2018/1/5 - 7:00:03] Vehicle ID 252 (Slot ID 100) Maintainence fee cost $500 to Judicial's budget fund.
[2018/1/5 - 7:00:03] Vehicle ID 267 (Slot ID 115) Maintainence fee cost $500 to Judicial's budget fund.
[2018/1/5 - 7:00:03] Vehicle ID 311 (Slot ID 171) Maintainence fee cost $500 to Judicial's budget fund.
[2018/1/5 - 7:05:45] Vehicle Slot ID 171 RTB fee cost $250 to Judicial's budget fund.
[2018/1/5 - 7:34:54] Vehicle Slot ID 95 RTB fee cost $250 to Judicial's budget fund.
[2018/1/5 - 8:00:15] The faction vault is at $11,570,780.
[2018/1/5 - 8:00:15] SA Gov Paid $25,000 to Judicial budget fund.
[2018/1/5 - 8:00:15] Vehicle ID 239 (Slot ID 95) Maintainence fee cost $500 to Judicial's budget fund.
[2018/1/5 - 8:00:15] Vehicle ID 250 (Slot ID 97) Maintainence fee cost $500 to Judicial's budget fund.
[2018/1/5 - 8:00:15] Vehicle ID 251 (Slot ID 98) Maintainence fee cost $500 to Judicial's budget fund.
[2018/1/5 - 8:00:15] Vehicle ID 252 (Slot ID 100) Maintainence fee cost $500 to Judicial's budget fund.
[2018/1/5 - 8:00:15] Vehicle ID 267 (Slot ID 115) Maintainence fee cost $500 to Judicial's budget fund.
[2018/1/5 - 8:00:15] Vehicle ID 277 (Slot ID 171) Maintainence fee cost $500 to Judicial's budget fund.
[2018/1/5 - 8:11:55] Brandon Savellano took a vest out of the Judicial locker at a cost of 1 HG Material.
[2018/1/5 - 8:21:03] Brandon Savellano has donated $1 to Judicial budget fund.
[2018/1/5 - 9:00:15] The faction vault is at $11,602,581.
[2018/1/5 - 9:00:15] SA Gov Paid $25,000 to Judicial budget fund.
[2018/1/5 - 9:00:15] Vehicle ID 239 (Slot ID 95) Maintainence fee cost $500 to Judicial's budget fund.
[2018/1/5 - 9:00:15] Vehicle ID 250 (Slot ID 97) Maintainence fee cost $500 to Judicial's budget fund.
[2018/1/5 - 9:00:15] Vehicle ID 251 (Slot ID 98) Maintainence fee cost $500 to Judicial's budget fund.
[2018/1/5 - 9:00:15] Vehicle ID 252 (Slot ID 100) Maintainence fee cost $500 to Judicial's budget fund.
[2018/1/5 - 9:00:15] Vehicle ID 267 (Slot ID 115) Maintainence fee cost $500 to Judicial's budget fund.
[2018/1/5 - 9:00:15] Vehicle ID 277 (Slot ID 171) Maintainence fee cost $500 to Judicial's budget fund.
[2018/1/5 - 9:02:24] Vehicle Slot ID 115 RTB fee cost $250 to Judicial's budget fund.
[2018/1/5 - 10:00:18] The faction vault is at $11,633,331.
[2018/1/5 - 10:00:18] SA Gov Paid $25,000 to Judicial budget fund.
[2018/1/5 - 10:00:18] Vehicle ID 239 (Slot ID 95) Maintainence fee cost $500 to Judicial's budget fund.
[2018/1/5 - 10:00:18] Vehicle ID 250 (Slot ID 97) Maintainence fee cost $500 to Judicial's budget fund.
[2018/1/5 - 10:00:18] Vehicle ID 251 (Slot ID 98) Maintainence fee cost $500 to Judicial's budget fund.
[2018/1/5 - 10:00:18] Vehicle ID 252 (Slot ID 100) Maintainence fee cost $500 to Judicial's budget fund.
[2018/1/5 - 10:00:18] Vehicle ID 267 (Slot ID 115) Maintainence fee cost $500 to Judicial's budget fund.
[2018/1/5 - 10:00:18] Vehicle ID 277 (Slot ID 171) Maintainence fee cost $500 to Judicial's budget fund.
[2018/1/5 - 10:47:19] Vehicle Slot ID 115 RTB fee cost $250 to Judicial's budget fund.
[2018/1/5 - 10:55:57] Vehicle Slot ID 95 RTB fee cost $250 to Judicial's budget fund.
[2018/1/5 - 11:00:16] The faction vault is at $11,660,831.
[2018/1/5 - 11:00:16] SA Gov Paid $25,000 to Judicial budget fund.
[2018/1/5 - 11:00:16] Vehicle ID 239 (Slot ID 95) Maintainence fee cost $500 to Judicial's budget fund.
[2018/1/5 - 11:00:16] Vehicle ID 250 (Slot ID 97) Maintainence fee cost $500 to Judicial's budget fund.
[2018/1/5 - 11:00:16] Vehicle ID 251 (Slot ID 98) Maintainence fee cost $500 to Judicial's budget fund.
[2018/1/5 - 11:00:16] Vehicle ID 252 (Slot ID 100) Maintainence fee cost $500 to Judicial's budget fund.
[2018/1/5 - 11:00:16] Vehicle ID 267 (Slot ID 115) Maintainence fee cost $500 to Judicial's budget fund.
[2018/1/5 - 11:00:16] Vehicle ID 277 (Slot ID 171) Maintainence fee cost $500 to Judicial's budget fund.
[2018/1/5 - 11:34:56] Vehicle Slot ID 97 RTB fee cost $250 to Judicial's budget fund.
[2018/1/5 - 12:00:15] The faction vault is at $11,690,981.
[2018/1/5 - 12:00:15] SA Gov Paid $25,000 to Judicial budget fund.
[2018/1/5 - 12:00:15] Vehicle ID 239 (Slot ID 95) Maintainence fee cost $500 to Judicial's budget fund.
[2018/1/5 - 12:00:15] Vehicle ID 250 (Slot ID 97) Maintainence fee cost $500 to Judicial's budget fund.
[2018/1/5 - 12:00:15] Vehicle ID 251 (Slot ID 98) Maintainence fee cost $500 to Judicial's budget fund.
[2018/1/5 - 12:00:15] Vehicle ID 252 (Slot ID 100) Maintainence fee cost $500 to Judicial's budget fund.
[2018/1/5 - 12:00:15] Vehicle ID 267 (Slot ID 115) Maintainence fee cost $500 to Judicial's budget fund.
[2018/1/5 - 12:00:15] Vehicle ID 277 (Slot ID 171) Maintainence fee cost $500 to Judicial's budget fund.
[2018/1/5 - 12:39:24] Frank Bachinco took a vest out of the Judicial locker at a cost of 1 HG Material.
[2018/1/5 - 12:41:38] Chief Justice George Morgan has placed order for 2 crates at Ocean Docks costing $120,000
[2018/1/5 - 13:00:01] The faction vault is at $11,599,981.
[2018/1/5 - 13:00:01] SA Gov Paid $25,000 to Judicial budget fund.
[2018/1/5 - 13:00:01] Vehicle ID 239 (Slot ID 95) Maintainence fee cost $500 to Judicial's budget fund.
[2018/1/5 - 13:00:01] Vehicle ID 250 (Slot ID 97) Maintainence fee cost $500 to Judicial's budget fund.
[2018/1/5 - 13:00:01] Vehicle ID 251 (Slot ID 98) Maintainence fee cost $500 to Judicial's budget fund.
[2018/1/5 - 13:00:01] Vehicle ID 252 (Slot ID 100) Maintainence fee cost $500 to Judicial's budget fund.
[2018/1/5 - 13:00:01] Vehicle ID 267 (Slot ID 115) Maintainence fee cost $500 to Judicial's budget fund.
[2018/1/5 - 13:00:01] Vehicle ID 277 (Slot ID 171) Maintainence fee cost $500 to Judicial's budget fund.
[2018/1/5 - 14:00:30] The faction vault is at $11,628,381.
[2018/1/5 - 14:00:30] SA Gov Paid $25,000 to Judicial budget fund.
[2018/1/5 - 14:00:30] Vehicle ID 239 (Slot ID 95) Maintainence fee cost $500 to Judicial's budget fund.
[2018/1/5 - 14:00:30] Vehicle ID 250 (Slot ID 97) Maintainence fee cost $500 to Judicial's budget fund.
[2018/1/5 - 14:00:30] Vehicle ID 251 (Slot ID 98) Maintainence fee cost $500 to Judicial's budget fund.
[2018/1/5 - 14:00:30] Vehicle ID 252 (Slot ID 100) Maintainence fee cost $500 to Judicial's budget fund.
[2018/1/5 - 14:00:30] Vehicle ID 267 (Slot ID 115) Maintainence fee cost $500 to Judicial's budget fund.
[2018/1/5 - 14:00:30] Vehicle ID 277 (Slot ID 171) Maintainence fee cost $500 to Judicial's budget fund.
[2018/1/5 - 15:00:54] The faction vault is at $11,659,781.
[2018/1/5 - 15:00:54] SA Gov Paid $25,000 to Judicial budget fund.
[2018/1/5 - 15:00:54] Vehicle ID 239 (Slot ID 95) Maintainence fee cost $500 to Judicial's budget fund.
[2018/1/5 - 15:00:54] Vehicle ID 250 (Slot ID 97) Maintainence fee cost $500 to Judicial's budget fund.
[2018/1/5 - 15:00:54] Vehicle ID 251 (Slot ID 98) Maintainence fee cost $500 to Judicial's budget fund.
[2018/1/5 - 15:00:54] Vehicle ID 252 (Slot ID 100) Maintainence fee cost $500 to Judicial's budget fund.
[2018/1/5 - 15:00:54] Vehicle ID 267 (Slot ID 115) Maintainence fee cost $500 to Judicial's budget fund.
[2018/1/5 - 15:00:54] Vehicle ID 277 (Slot ID 171) Maintainence fee cost $500 to Judicial's budget fund.
[2018/1/5 - 16:00:16] The faction vault is at $11,692,181.
[2018/1/5 - 16:00:16] SA Gov Paid $25,000 to Judicial budget fund.
[2018/1/5 - 16:00:16] Vehicle ID 239 (Slot ID 95) Maintainence fee cost $500 to Judicial's budget fund.
[2018/1/5 - 16:00:16] Vehicle ID 250 (Slot ID 97) Maintainence fee cost $500 to Judicial's budget fund.
[2018/1/5 - 16:00:16] Vehicle ID 251 (Slot ID 98) Maintainence fee cost $500 to Judicial's budget fund.
[2018/1/5 - 16:00:16] Vehicle ID 252 (Slot ID 100) Maintainence fee cost $500 to Judicial's budget fund.
[2018/1/5 - 16:00:16] Vehicle ID 267 (Slot ID 115) Maintainence fee cost $500 to Judicial's budget fund.
[2018/1/5 - 16:00:16] Vehicle ID 277 (Slot ID 171) Maintainence fee cost $500 to Judicial's budget fund.
[2018/1/5 - 17:00:37] The faction vault is at $11,724,781.
[2018/1/5 - 17:00:37] SA Gov Paid $25,000 to Judicial budget fund.
[2018/1/5 - 17:00:37] Vehicle ID 239 (Slot ID 95) Maintainence fee cost $500 to Judicial's budget fund.
[2018/1/5 - 17:00:37] Vehicle ID 250 (Slot ID 97) Maintainence fee cost $500 to Judicial's budget fund.
[2018/1/5 - 17:00:37] Vehicle ID 251 (Slot ID 98) Maintainence fee cost $500 to Judicial's budget fund.
[2018/1/5 - 17:00:37] Vehicle ID 252 (Slot ID 100) Maintainence fee cost $500 to Judicial's budget fund.
[2018/1/5 - 17:00:37] Vehicle ID 267 (Slot ID 115) Maintainence fee cost $500 to Judicial's budget fund.
[2018/1/5 - 17:00:37] Vehicle ID 277 (Slot ID 171) Maintainence fee cost $500 to Judicial's budget fund.
[2018/1/5 - 18:00:06] The faction vault is at $11,754,581.
[2018/1/5 - 18:00:06] SA Gov Paid $30,000 to Judicial budget fund.
[2018/1/5 - 18:00:06] Vehicle ID 239 (Slot ID 95) Maintainence fee cost $500 to Judicial's budget fund.
[2018/1/5 - 18:00:06] Vehicle ID 250 (Slot ID 97) Maintainence fee cost $500 to Judicial's budget fund.
[2018/1/5 - 18:00:06] Vehicle ID 251 (Slot ID 98) Maintainence fee cost $500 to Judicial's budget fund.
[2018/1/5 - 18:00:06] Vehicle ID 252 (Slot ID 100) Maintainence fee cost $500 to Judicial's budget fund.
[2018/1/5 - 18:00:06] Vehicle ID 267 (Slot ID 115) Maintainence fee cost $500 to Judicial's budget fund.
[2018/1/5 - 18:00:06] Vehicle ID 277 (Slot ID 171) Maintainence fee cost $500 to Judicial's budget fund.
[2018/1/5 - 19:00:52] The faction vault is at $11,789,181.
[2018/1/5 - 19:00:52] SA Gov Paid $50,000 to Judicial budget fund.
[2018/1/5 - 19:00:52] Vehicle ID 239 (Slot ID 95) Maintainence fee cost $500 to Judicial's budget fund.
[2018/1/5 - 19:00:52] Vehicle ID 250 (Slot ID 97) Maintainence fee cost $500 to Judicial's budget fund.
[2018/1/5 - 19:00:52] Vehicle ID 251 (Slot ID 98) Maintainence fee cost $500 to Judicial's budget fund.
[2018/1/5 - 19:00:52] Vehicle ID 252 (Slot ID 100) Maintainence fee cost $500 to Judicial's budget fund.
[2018/1/5 - 19:00:52] Vehicle ID 267 (Slot ID 115) Maintainence fee cost $500 to Judicial's budget fund.
[2018/1/5 - 19:00:52] Vehicle ID 277 (Slot ID 171) Maintainence fee cost $500 to Judicial's budget fund.
[2018/1/5 - 19:15:56] Dave Brown took a vest out of the Judicial locker at a cost of 1 HG Material.
[2018/1/5 - 19:34:45] Dave Brown has been paid $5,000 from Judicial's budget.
[2018/1/5 - 19:56:57] Danny Blackwood has been paid $5,000 from Judicial's budget.
[2018/1/5 - 19:59:15] Dave Brown took a vest out of the Judicial locker at a cost of 1 HG Material.
[2018/1/5 - 20:00:38] The faction vault is at $11,834,781.
[2018/1/5 - 20:00:38] SA Gov Paid $50,000 to Judicial budget fund.
[2018/1/5 - 20:00:38] Vehicle ID 239 (Slot ID 95) Maintainence fee cost $500 to Judicial's budget fund.
[2018/1/5 - 20:00:38] Vehicle ID 250 (Slot ID 97) Maintainence fee cost $500 to Judicial's budget fund.
[2018/1/5 - 20:00:38] Vehicle ID 251 (Slot ID 98) Maintainence fee cost $500 to Judicial's budget fund.
[2018/1/5 - 20:00:38] Vehicle ID 252 (Slot ID 100) Maintainence fee cost $500 to Judicial's budget fund.
[2018/1/5 - 20:00:38] Vehicle ID 267 (Slot ID 115) Maintainence fee cost $500 to Judicial's budget fund.
[2018/1/5 - 20:00:38] Vehicle ID 277 (Slot ID 171) Maintainence fee cost $500 to Judicial's budget fund.
[2018/1/5 - 20:17:16] John Mcfornell took a vest out of the Judicial locker at a cost of 1 HG Material.
[2018/1/5 - 20:24:17] Vehicle Slot ID 97 RTB fee cost $250 to Judicial's budget fund.
[2018/1/5 - 20:24:17] Vehicle Slot ID 98 RTB fee cost $250 to Judicial's budget fund.
[2018/1/5 - 20:24:17] Vehicle Slot ID 100 RTB fee cost $250 to Judicial's budget fund.
[2018/1/5 - 20:24:17] Vehicle Slot ID 115 RTB fee cost $250 to Judicial's budget fund.
[2018/1/5 - 20:24:17] Vehicle Slot ID 171 RTB fee cost $250 to Judicial's budget fund.
[2018/1/5 - 20:39:20] John Mcfornell has been paid $5,000 from Judicial's budget.
[2018/1/5 - 20:41:13] Dave Brown has been paid $5,000 from Judicial's budget.
[2018/1/5 - 21:00:17] The faction vault is at $11,882,131.
[2018/1/5 - 21:00:17] SA Gov Paid $50,000 to Judicial budget fund.
[2018/1/5 - 21:00:17] Vehicle ID 239 (Slot ID 95) Maintainence fee cost $500 to Judicial's budget fund.
[2018/1/5 - 21:00:17] Vehicle ID 250 (Slot ID 97) Maintainence fee cost $500 to Judicial's budget fund.
[2018/1/5 - 21:00:17] Vehicle ID 251 (Slot ID 98) Maintainence fee cost $500 to Judicial's budget fund.
[2018/1/5 - 21:00:17] Vehicle ID 252 (Slot ID 100) Maintainence fee cost $500 to Judicial's budget fund.
[2018/1/5 - 21:00:17] Vehicle ID 267 (Slot ID 115) Maintainence fee cost $500 to Judicial's budget fund.
[2018/1/5 - 21:00:17] Vehicle ID 277 (Slot ID 171) Maintainence fee cost $500 to Judicial's budget fund.
[2018/1/5 - 21:18:39] Danny Blackwood has been paid $5,000 from Judicial's budget.
[2018/1/5 - 21:27:52] Danny Blackwood took a vest out of the Judicial locker at a cost of 1 HG Material.
[2018/1/5 - 21:32:41] Danny Blackwood has refueled vehicle 267 at a cost of $24500 to Judicial's budget fund.
[2018/1/5 - 21:44:14] Rico Dredd has refueled vehicle 277 at a cost of $11875 to Judicial's budget fund.
[2018/1/5 - 21:45:05] Dave Brown has been paid $5,000 from Judicial's budget.
[2018/1/5 - 21:46:15] Rico Dredd has repaired vehicle 277 at a cost of $2,500 to Judicial's budget fund.
[2018/1/5 - 21:46:30] Rico Dredd has repaired vehicle 277 at a cost of $2,500 to Judicial's budget fund.
[2018/1/5 - 22:00:01] The faction vault is at $11,885,156.
[2018/1/5 - 22:00:01] SA Gov Paid $50,000 to Judicial budget fund.
[2018/1/5 - 22:00:01] Vehicle ID 239 (Slot ID 95) Maintainence fee cost $500 to Judicial's budget fund.
[2018/1/5 - 22:00:01] Vehicle ID 250 (Slot ID 97) Maintainence fee cost $500 to Judicial's budget fund.
[2018/1/5 - 22:00:01] Vehicle ID 251 (Slot ID 98) Maintainence fee cost $500 to Judicial's budget fund.
[2018/1/5 - 22:00:01] Vehicle ID 252 (Slot ID 100) Maintainence fee cost $500 to Judicial's budget fund.
[2018/1/5 - 22:00:01] Vehicle ID 267 (Slot ID 115) Maintainence fee cost $500 to Judicial's budget fund.
[2018/1/5 - 22:00:01] Vehicle ID 277 (Slot ID 171) Maintainence fee cost $500 to Judicial's budget fund.
[2018/1/5 - 22:30:29] Vehicle Slot ID 171 RTB fee cost $250 to Judicial's budget fund.
[2018/1/5 - 22:52:40] Vehicle Slot ID 171 RTB fee cost $250 to Judicial's budget fund.
[2018/1/5 - 22:53:00] Vehicle Slot ID 97 RTB fee cost $250 to Judicial's budget fund.
[2018/1/5 - 22:53:32] Vehicle Slot ID 115 RTB fee cost $250 to Judicial's budget fund.
[2018/1/5 - 22:54:49] Vehicle Slot ID 95 RTB fee cost $250 to Judicial's budget fund.
[2018/1/5 - 22:55:29] Vehicle Slot ID 100 RTB fee cost $250 to Judicial's budget fund.
[2018/1/5 - 22:55:51] Vehicle Slot ID 171 RTB fee cost $250 to Judicial's budget fund.
[2018/1/5 - 22:56:54] Vehicle Slot ID 171 RTB fee cost $250 to Judicial's budget fund.
[2018/1/5 - 22:57:40] Rico Dredd took a vest out of the Judicial locker at a cost of 1 HG Material.
[2018/1/5 - 22:59:49] Vehicle Slot ID 115 RTB fee cost $250 to Judicial's budget fund.
[2018/1/5 - 23:00:00] Vehicle Slot ID 95 RTB fee cost $250 to Judicial's budget fund.
[2018/1/5 - 23:00:35] Vehicle Slot ID 171 RTB fee cost $250 to Judicial's budget fund.
[2018/1/5 - 23:00:50] The faction vault is at $11,933,206.
[2018/1/5 - 23:00:50] SA Gov Paid $50,000 to Judicial budget fund.
[2018/1/5 - 23:00:50] Vehicle ID 239 (Slot ID 95) Maintainence fee cost $500 to Judicial's budget fund.
[2018/1/5 - 23:00:50] Vehicle ID 250 (Slot ID 97) Maintainence fee cost $500 to Judicial's budget fund.
[2018/1/5 - 23:00:50] Vehicle ID 251 (Slot ID 98) Maintainence fee cost $500 to Judicial's budget fund.
[2018/1/5 - 23:00:50] Vehicle ID 252 (Slot ID 100) Maintainence fee cost $500 to Judicial's budget fund.
[2018/1/5 - 23:00:50] Vehicle ID 267 (Slot ID 115) Maintainence fee cost $500 to Judicial's budget fund.
[2018/1/5 - 23:00:50] Vehicle ID 277 (Slot ID 171) Maintainence fee cost $500 to Judicial's budget fund.
[2018/1/5 - 23:01:11] Vehicle Slot ID 171 RTB fee cost $250 to Judicial's budget fund.
[2018/1/5 - 23:34:02] Bryce Richard took a vest out of the Judicial locker at a cost of 1 HG Material.
[2018/1/5 - 23:36:40] Vehicle Slot ID 171 RTB fee cost $250 to Judicial's budget fund.
[2018/1/5 - 23:44:55] Vehicle Slot ID 171 RTB fee cost $250 to Judicial's budget fund.
