[2018/1/9 - 0:00:19] The faction vault is at $20,419,056.
[2018/1/9 - 0:00:19] SA Gov Paid $150,000 to Judicial budget fund.
[2018/1/9 - 0:00:19] Vehicle ID 261 (Slot ID 95) Maintainence fee cost $500 to Judicial's budget fund.
[2018/1/9 - 0:00:19] Vehicle ID 263 (Slot ID 97) Maintainence fee cost $500 to Judicial's budget fund.
[2018/1/9 - 0:00:19] Vehicle ID 264 (Slot ID 98) Maintainence fee cost $500 to Judicial's budget fund.
[2018/1/9 - 0:00:19] Vehicle ID 265 (Slot ID 100) Maintainence fee cost $500 to Judicial's budget fund.
[2018/1/9 - 0:00:19] Vehicle ID 280 (Slot ID 115) Maintainence fee cost $500 to Judicial's budget fund.
[2018/1/9 - 0:00:19] Vehicle ID 326 (Slot ID 171) Maintainence fee cost $500 to Judicial's budget fund.
[2018/1/9 - 0:14:17] Bryce Richard has been paid $20,000 from Judicial's budget.
[2018/1/9 - 1:00:04] The faction vault is at $20,552,656.
[2018/1/9 - 1:00:04] SA Gov Paid $150,000 to Judicial budget fund.
[2018/1/9 - 1:00:04] Vehicle ID 261 (Slot ID 95) Maintainence fee cost $500 to Judicial's budget fund.
[2018/1/9 - 1:00:04] Vehicle ID 263 (Slot ID 97) Maintainence fee cost $500 to Judicial's budget fund.
[2018/1/9 - 1:00:04] Vehicle ID 264 (Slot ID 98) Maintainence fee cost $500 to Judicial's budget fund.
[2018/1/9 - 1:00:04] Vehicle ID 265 (Slot ID 100) Maintainence fee cost $500 to Judicial's budget fund.
[2018/1/9 - 1:00:04] Vehicle ID 280 (Slot ID 115) Maintainence fee cost $500 to Judicial's budget fund.
[2018/1/9 - 1:00:04] Vehicle ID 326 (Slot ID 171) Maintainence fee cost $500 to Judicial's budget fund.
[2018/1/9 - 1:25:24] Vehicle Slot ID 97 RTB fee cost $250 to Judicial's budget fund.
[2018/1/9 - 1:46:33] Scott Goodman has been paid $27,500 from Judicial's budget.
[2018/1/9 - 2:00:53] The faction vault is at $20,677,706.
[2018/1/9 - 2:00:53] SA Gov Paid $150,000 to Judicial budget fund.
[2018/1/9 - 2:00:53] Vehicle ID 261 (Slot ID 95) Maintainence fee cost $500 to Judicial's budget fund.
[2018/1/9 - 2:00:53] Vehicle ID 263 (Slot ID 97) Maintainence fee cost $500 to Judicial's budget fund.
[2018/1/9 - 2:00:53] Vehicle ID 264 (Slot ID 98) Maintainence fee cost $500 to Judicial's budget fund.
[2018/1/9 - 2:00:53] Vehicle ID 265 (Slot ID 100) Maintainence fee cost $500 to Judicial's budget fund.
[2018/1/9 - 2:00:53] Vehicle ID 280 (Slot ID 115) Maintainence fee cost $500 to Judicial's budget fund.
[2018/1/9 - 2:00:53] Vehicle ID 326 (Slot ID 171) Maintainence fee cost $500 to Judicial's budget fund.
[2018/1/9 - 3:00:42] The faction vault is at $20,829,106.
[2018/1/9 - 3:00:42] SA Gov Paid $150,000 to Judicial budget fund.
[2018/1/9 - 3:00:42] Vehicle ID 261 (Slot ID 95) Maintainence fee cost $500 to Judicial's budget fund.
[2018/1/9 - 3:00:42] Vehicle ID 263 (Slot ID 97) Maintainence fee cost $500 to Judicial's budget fund.
[2018/1/9 - 3:00:42] Vehicle ID 264 (Slot ID 98) Maintainence fee cost $500 to Judicial's budget fund.
[2018/1/9 - 3:00:42] Vehicle ID 265 (Slot ID 100) Maintainence fee cost $500 to Judicial's budget fund.
[2018/1/9 - 3:00:42] Vehicle ID 280 (Slot ID 115) Maintainence fee cost $500 to Judicial's budget fund.
[2018/1/9 - 3:00:42] Vehicle ID 326 (Slot ID 171) Maintainence fee cost $500 to Judicial's budget fund.
[2018/1/9 - 4:00:35] The faction vault is at $20,980,306.
[2018/1/9 - 4:00:35] SA Gov Paid $150,000 to Judicial budget fund.
[2018/1/9 - 4:00:35] Vehicle ID 261 (Slot ID 95) Maintainence fee cost $500 to Judicial's budget fund.
[2018/1/9 - 4:00:35] Vehicle ID 263 (Slot ID 97) Maintainence fee cost $500 to Judicial's budget fund.
[2018/1/9 - 4:00:35] Vehicle ID 264 (Slot ID 98) Maintainence fee cost $500 to Judicial's budget fund.
[2018/1/9 - 4:00:35] Vehicle ID 265 (Slot ID 100) Maintainence fee cost $500 to Judicial's budget fund.
[2018/1/9 - 4:00:35] Vehicle ID 280 (Slot ID 115) Maintainence fee cost $500 to Judicial's budget fund.
[2018/1/9 - 4:00:35] Vehicle ID 326 (Slot ID 171) Maintainence fee cost $500 to Judicial's budget fund.
[2018/1/9 - 5:00:26] The faction vault is at $21,129,306.
[2018/1/9 - 5:00:26] SA Gov Paid $150,000 to Judicial budget fund.
[2018/1/9 - 5:00:26] Vehicle ID 261 (Slot ID 95) Maintainence fee cost $500 to Judicial's budget fund.
[2018/1/9 - 5:00:26] Vehicle ID 263 (Slot ID 97) Maintainence fee cost $500 to Judicial's budget fund.
[2018/1/9 - 5:00:26] Vehicle ID 264 (Slot ID 98) Maintainence fee cost $500 to Judicial's budget fund.
[2018/1/9 - 5:00:26] Vehicle ID 265 (Slot ID 100) Maintainence fee cost $500 to Judicial's budget fund.
[2018/1/9 - 5:00:26] Vehicle ID 280 (Slot ID 115) Maintainence fee cost $500 to Judicial's budget fund.
[2018/1/9 - 5:00:26] Vehicle ID 326 (Slot ID 171) Maintainence fee cost $500 to Judicial's budget fund.
[2018/1/9 - 6:00:08] The faction vault is at $21,276,906.
[2018/1/9 - 6:00:08] SA Gov Paid $150,000 to Judicial budget fund.
[2018/1/9 - 6:00:08] Vehicle ID 258 (Slot ID 95) Maintainence fee cost $500 to Judicial's budget fund.
[2018/1/9 - 6:00:08] Vehicle ID 260 (Slot ID 97) Maintainence fee cost $500 to Judicial's budget fund.
[2018/1/9 - 6:00:08] Vehicle ID 261 (Slot ID 98) Maintainence fee cost $500 to Judicial's budget fund.
[2018/1/9 - 6:00:08] Vehicle ID 262 (Slot ID 100) Maintainence fee cost $500 to Judicial's budget fund.
[2018/1/9 - 6:00:08] Vehicle ID 276 (Slot ID 115) Maintainence fee cost $500 to Judicial's budget fund.
[2018/1/9 - 6:00:08] Vehicle ID 320 (Slot ID 171) Maintainence fee cost $500 to Judicial's budget fund.
[2018/1/9 - 7:00:23] The faction vault is at $21,425,506.
[2018/1/9 - 7:00:23] SA Gov Paid $150,000 to Judicial budget fund.
[2018/1/9 - 7:00:23] Vehicle ID 258 (Slot ID 95) Maintainence fee cost $500 to Judicial's budget fund.
[2018/1/9 - 7:00:23] Vehicle ID 260 (Slot ID 97) Maintainence fee cost $500 to Judicial's budget fund.
[2018/1/9 - 7:00:23] Vehicle ID 261 (Slot ID 98) Maintainence fee cost $500 to Judicial's budget fund.
[2018/1/9 - 7:00:23] Vehicle ID 262 (Slot ID 100) Maintainence fee cost $500 to Judicial's budget fund.
[2018/1/9 - 7:00:23] Vehicle ID 276 (Slot ID 115) Maintainence fee cost $500 to Judicial's budget fund.
[2018/1/9 - 7:00:23] Vehicle ID 320 (Slot ID 171) Maintainence fee cost $500 to Judicial's budget fund.
[2018/1/9 - 8:00:37] The faction vault is at $21,577,306.
[2018/1/9 - 8:00:37] SA Gov Paid $150,000 to Judicial budget fund.
[2018/1/9 - 8:00:37] Vehicle ID 258 (Slot ID 95) Maintainence fee cost $500 to Judicial's budget fund.
[2018/1/9 - 8:00:37] Vehicle ID 260 (Slot ID 97) Maintainence fee cost $500 to Judicial's budget fund.
[2018/1/9 - 8:00:37] Vehicle ID 261 (Slot ID 98) Maintainence fee cost $500 to Judicial's budget fund.
[2018/1/9 - 8:00:37] Vehicle ID 262 (Slot ID 100) Maintainence fee cost $500 to Judicial's budget fund.
[2018/1/9 - 8:00:37] Vehicle ID 276 (Slot ID 115) Maintainence fee cost $500 to Judicial's budget fund.
[2018/1/9 - 8:00:37] Vehicle ID 320 (Slot ID 171) Maintainence fee cost $500 to Judicial's budget fund.
[2018/1/9 - 9:00:46] The faction vault is at $21,727,706.
[2018/1/9 - 9:00:46] SA Gov Paid $150,000 to Judicial budget fund.
[2018/1/9 - 9:00:46] Vehicle ID 258 (Slot ID 95) Maintainence fee cost $500 to Judicial's budget fund.
[2018/1/9 - 9:00:46] Vehicle ID 260 (Slot ID 97) Maintainence fee cost $500 to Judicial's budget fund.
[2018/1/9 - 9:00:46] Vehicle ID 261 (Slot ID 98) Maintainence fee cost $500 to Judicial's budget fund.
[2018/1/9 - 9:00:46] Vehicle ID 262 (Slot ID 100) Maintainence fee cost $500 to Judicial's budget fund.
[2018/1/9 - 9:00:46] Vehicle ID 276 (Slot ID 115) Maintainence fee cost $500 to Judicial's budget fund.
[2018/1/9 - 9:00:46] Vehicle ID 320 (Slot ID 171) Maintainence fee cost $500 to Judicial's budget fund.
[2018/1/9 - 10:00:46] The faction vault is at $21,878,506.
[2018/1/9 - 10:00:46] SA Gov Paid $150,000 to Judicial budget fund.
[2018/1/9 - 10:00:46] Vehicle ID 258 (Slot ID 95) Maintainence fee cost $500 to Judicial's budget fund.
[2018/1/9 - 10:00:46] Vehicle ID 260 (Slot ID 97) Maintainence fee cost $500 to Judicial's budget fund.
[2018/1/9 - 10:00:46] Vehicle ID 261 (Slot ID 98) Maintainence fee cost $500 to Judicial's budget fund.
[2018/1/9 - 10:00:46] Vehicle ID 262 (Slot ID 100) Maintainence fee cost $500 to Judicial's budget fund.
[2018/1/9 - 10:00:46] Vehicle ID 276 (Slot ID 115) Maintainence fee cost $500 to Judicial's budget fund.
[2018/1/9 - 10:00:46] Vehicle ID 320 (Slot ID 171) Maintainence fee cost $500 to Judicial's budget fund.
[2018/1/9 - 10:07:37] Lionel M. Menace has been paid $20,000 from Judicial's budget.
[2018/1/9 - 10:48:10] Rico Dredd has repaired vehicle 320 at a cost of $2,500 to Judicial's budget fund.
[2018/1/9 - 11:00:48] The faction vault is at $22,008,006.
[2018/1/9 - 11:00:48] SA Gov Paid $150,000 to Judicial budget fund.
[2018/1/9 - 11:00:48] Vehicle ID 258 (Slot ID 95) Maintainence fee cost $500 to Judicial's budget fund.
[2018/1/9 - 11:00:48] Vehicle ID 260 (Slot ID 97) Maintainence fee cost $500 to Judicial's budget fund.
[2018/1/9 - 11:00:48] Vehicle ID 261 (Slot ID 98) Maintainence fee cost $500 to Judicial's budget fund.
[2018/1/9 - 11:00:48] Vehicle ID 262 (Slot ID 100) Maintainence fee cost $500 to Judicial's budget fund.
[2018/1/9 - 11:00:48] Vehicle ID 276 (Slot ID 115) Maintainence fee cost $500 to Judicial's budget fund.
[2018/1/9 - 11:00:48] Vehicle ID 320 (Slot ID 171) Maintainence fee cost $500 to Judicial's budget fund.
[2018/1/9 - 11:04:09] Rico Dredd has been paid $35,000 from Judicial's budget.
[2018/1/9 - 11:05:16] Vehicle Slot ID 115 RTB fee cost $250 to Judicial's budget fund.
[2018/1/9 - 12:00:41] The faction vault is at $22,126,156.
[2018/1/9 - 12:00:41] SA Gov Paid $150,000 to Judicial budget fund.
[2018/1/9 - 12:00:41] Vehicle ID 258 (Slot ID 95) Maintainence fee cost $500 to Judicial's budget fund.
[2018/1/9 - 12:00:41] Vehicle ID 260 (Slot ID 97) Maintainence fee cost $500 to Judicial's budget fund.
[2018/1/9 - 12:00:41] Vehicle ID 261 (Slot ID 98) Maintainence fee cost $500 to Judicial's budget fund.
[2018/1/9 - 12:00:41] Vehicle ID 262 (Slot ID 100) Maintainence fee cost $500 to Judicial's budget fund.
[2018/1/9 - 12:00:41] Vehicle ID 276 (Slot ID 115) Maintainence fee cost $500 to Judicial's budget fund.
[2018/1/9 - 12:00:41] Vehicle ID 320 (Slot ID 171) Maintainence fee cost $500 to Judicial's budget fund.
[2018/1/9 - 12:51:11] Vehicle Slot ID 171 RTB fee cost $250 to Judicial's budget fund.
[2018/1/9 - 13:00:40] The faction vault is at $22,279,906.
[2018/1/9 - 13:00:40] SA Gov Paid $150,000 to Judicial budget fund.
[2018/1/9 - 13:00:40] Vehicle ID 258 (Slot ID 95) Maintainence fee cost $500 to Judicial's budget fund.
[2018/1/9 - 13:00:40] Vehicle ID 260 (Slot ID 97) Maintainence fee cost $500 to Judicial's budget fund.
[2018/1/9 - 13:00:40] Vehicle ID 261 (Slot ID 98) Maintainence fee cost $500 to Judicial's budget fund.
[2018/1/9 - 13:00:40] Vehicle ID 262 (Slot ID 100) Maintainence fee cost $500 to Judicial's budget fund.
[2018/1/9 - 13:00:40] Vehicle ID 276 (Slot ID 115) Maintainence fee cost $500 to Judicial's budget fund.
[2018/1/9 - 13:00:40] Vehicle ID 320 (Slot ID 171) Maintainence fee cost $500 to Judicial's budget fund.
[2018/1/9 - 13:52:46] Frank Bachinco has been paid $35,000 from Judicial's budget.
[2018/1/9 - 14:00:34] The faction vault is at $22,400,906.
[2018/1/9 - 14:00:34] SA Gov Paid $150,000 to Judicial budget fund.
[2018/1/9 - 14:00:34] Vehicle ID 258 (Slot ID 95) Maintainence fee cost $500 to Judicial's budget fund.
[2018/1/9 - 14:00:34] Vehicle ID 260 (Slot ID 97) Maintainence fee cost $500 to Judicial's budget fund.
[2018/1/9 - 14:00:34] Vehicle ID 261 (Slot ID 98) Maintainence fee cost $500 to Judicial's budget fund.
[2018/1/9 - 14:00:34] Vehicle ID 262 (Slot ID 100) Maintainence fee cost $500 to Judicial's budget fund.
[2018/1/9 - 14:00:34] Vehicle ID 276 (Slot ID 115) Maintainence fee cost $500 to Judicial's budget fund.
[2018/1/9 - 14:00:34] Vehicle ID 320 (Slot ID 171) Maintainence fee cost $500 to Judicial's budget fund.
[2018/1/9 - 14:23:16] Dave Brown has repaired vehicle 320 at a cost of $5,000 to Judicial's budget fund.
[2018/1/9 - 14:45:14] Dave Brown has repaired vehicle 320 at a cost of $2,500 to Judicial's budget fund.
[2018/1/9 - 14:56:13] Frank Bachinco has been paid $35,000 from Judicial's budget.
[2018/1/9 - 14:57:08] Vehicle Slot ID 171 RTB fee cost $250 to Judicial's budget fund.
[2018/1/9 - 15:00:11] The faction vault is at $22,514,956.
[2018/1/9 - 15:00:11] SA Gov Paid $150,000 to Judicial budget fund.
[2018/1/9 - 15:00:11] Vehicle ID 258 (Slot ID 95) Maintainence fee cost $500 to Judicial's budget fund.
[2018/1/9 - 15:00:11] Vehicle ID 260 (Slot ID 97) Maintainence fee cost $500 to Judicial's budget fund.
[2018/1/9 - 15:00:11] Vehicle ID 261 (Slot ID 98) Maintainence fee cost $500 to Judicial's budget fund.
[2018/1/9 - 15:00:11] Vehicle ID 262 (Slot ID 100) Maintainence fee cost $500 to Judicial's budget fund.
[2018/1/9 - 15:00:11] Vehicle ID 276 (Slot ID 115) Maintainence fee cost $500 to Judicial's budget fund.
[2018/1/9 - 15:00:11] Vehicle ID 320 (Slot ID 171) Maintainence fee cost $500 to Judicial's budget fund.
[2018/1/9 - 15:16:02] Dave Brown has been paid $1,500,000 from Judicial's budget.
[2018/1/9 - 15:44:24] Scott Goodman has been paid $27,500 from Judicial's budget.
[2018/1/9 - 15:59:55] Frank Bachinco has been paid $35,000 from Judicial's budget.
[2018/1/9 - 16:00:00] The faction vault is at $21,105,256.
[2018/1/9 - 16:00:00] SA Gov Paid $150,000 to Judicial budget fund.
[2018/1/9 - 16:00:00] Vehicle ID 258 (Slot ID 95) Maintainence fee cost $500 to Judicial's budget fund.
[2018/1/9 - 16:00:00] Vehicle ID 260 (Slot ID 97) Maintainence fee cost $500 to Judicial's budget fund.
[2018/1/9 - 16:00:00] Vehicle ID 261 (Slot ID 98) Maintainence fee cost $500 to Judicial's budget fund.
[2018/1/9 - 16:00:00] Vehicle ID 262 (Slot ID 100) Maintainence fee cost $500 to Judicial's budget fund.
[2018/1/9 - 16:00:00] Vehicle ID 276 (Slot ID 115) Maintainence fee cost $500 to Judicial's budget fund.
[2018/1/9 - 16:00:00] Vehicle ID 320 (Slot ID 171) Maintainence fee cost $500 to Judicial's budget fund.
[2018/1/9 - 16:55:54] Scott Goodman has been paid $27,500 from Judicial's budget.
[2018/1/9 - 17:00:58] The faction vault is at $21,231,756.
[2018/1/9 - 17:00:58] SA Gov Paid $150,000 to Judicial budget fund.
[2018/1/9 - 17:00:58] Vehicle ID 258 (Slot ID 95) Maintainence fee cost $500 to Judicial's budget fund.
[2018/1/9 - 17:00:58] Vehicle ID 260 (Slot ID 97) Maintainence fee cost $500 to Judicial's budget fund.
[2018/1/9 - 17:00:58] Vehicle ID 261 (Slot ID 98) Maintainence fee cost $500 to Judicial's budget fund.
[2018/1/9 - 17:00:58] Vehicle ID 262 (Slot ID 100) Maintainence fee cost $500 to Judicial's budget fund.
[2018/1/9 - 17:00:58] Vehicle ID 276 (Slot ID 115) Maintainence fee cost $500 to Judicial's budget fund.
[2018/1/9 - 17:00:58] Vehicle ID 320 (Slot ID 171) Maintainence fee cost $500 to Judicial's budget fund.
[2018/1/9 - 17:07:17] Frank Bachinco has been paid $35,000 from Judicial's budget.
[2018/1/9 - 17:07:47] Vehicle Slot ID 95 RTB fee cost $250 to Judicial's budget fund.
[2018/1/9 - 17:07:47] Vehicle Slot ID 97 RTB fee cost $250 to Judicial's budget fund.
[2018/1/9 - 17:07:47] Vehicle Slot ID 98 RTB fee cost $250 to Judicial's budget fund.
[2018/1/9 - 17:07:47] Vehicle Slot ID 100 RTB fee cost $250 to Judicial's budget fund.
[2018/1/9 - 17:07:47] Vehicle Slot ID 115 RTB fee cost $250 to Judicial's budget fund.
[2018/1/9 - 17:07:47] Vehicle Slot ID 171 RTB fee cost $250 to Judicial's budget fund.
[2018/1/9 - 18:00:50] The faction vault is at $21,352,256.
[2018/1/9 - 18:00:50] SA Gov Paid $150,000 to Judicial budget fund.
[2018/1/9 - 18:00:50] Vehicle ID 258 (Slot ID 95) Maintainence fee cost $500 to Judicial's budget fund.
[2018/1/9 - 18:00:50] Vehicle ID 260 (Slot ID 97) Maintainence fee cost $500 to Judicial's budget fund.
[2018/1/9 - 18:00:50] Vehicle ID 261 (Slot ID 98) Maintainence fee cost $500 to Judicial's budget fund.
[2018/1/9 - 18:00:50] Vehicle ID 262 (Slot ID 100) Maintainence fee cost $500 to Judicial's budget fund.
[2018/1/9 - 18:00:50] Vehicle ID 276 (Slot ID 115) Maintainence fee cost $500 to Judicial's budget fund.
[2018/1/9 - 18:00:50] Vehicle ID 320 (Slot ID 171) Maintainence fee cost $500 to Judicial's budget fund.
[2018/1/9 - 18:01:22] Dave Brown took a vest out of the Judicial locker at a cost of 1 HG Material.
[2018/1/9 - 18:07:05] Scott Goodman has been paid $27,500 from Judicial's budget.
[2018/1/9 - 18:10:35] Murad Leonheart has been paid $30,000 from Judicial's budget.
[2018/1/9 - 18:13:39] Frank Bachinco has been paid $35,000 from Judicial's budget.
[2018/1/9 - 18:39:07] Frank Bachinco took a vest out of the Judicial locker at a cost of 1 HG Material.
[2018/1/9 - 18:41:42] John Mcfornell took a vest out of the Judicial locker at a cost of 1 HG Material.
[2018/1/9 - 18:42:59] Danny Blackwood took a vest out of the Judicial locker at a cost of 1 HG Material.
[2018/1/9 - 18:43:02] John Mcfornell took a vest out of the Judicial locker at a cost of 1 HG Material.
[2018/1/9 - 18:45:45] Murad Leonheart has refueled vehicle 320 at a cost of $45500 to Judicial's budget fund.
[2018/1/9 - 18:47:38] John Mcfornell has been paid $27,500 from Judicial's budget.
[2018/1/9 - 19:00:43] The faction vault is at $21,338,756.
[2018/1/9 - 19:00:43] SA Gov Paid $75,000 to Judicial budget fund.
[2018/1/9 - 19:00:43] Vehicle ID 258 (Slot ID 95) Maintainence fee cost $500 to Judicial's budget fund.
[2018/1/9 - 19:00:43] Vehicle ID 260 (Slot ID 97) Maintainence fee cost $500 to Judicial's budget fund.
[2018/1/9 - 19:00:43] Vehicle ID 261 (Slot ID 98) Maintainence fee cost $500 to Judicial's budget fund.
[2018/1/9 - 19:00:43] Vehicle ID 262 (Slot ID 100) Maintainence fee cost $500 to Judicial's budget fund.
[2018/1/9 - 19:00:43] Vehicle ID 276 (Slot ID 115) Maintainence fee cost $500 to Judicial's budget fund.
[2018/1/9 - 19:00:43] Vehicle ID 320 (Slot ID 171) Maintainence fee cost $500 to Judicial's budget fund.
[2018/1/9 - 19:06:11] Vehicle Slot ID 171 RTB fee cost $250 to Judicial's budget fund.
[2018/1/9 - 19:17:04] Frank Bachinco has been paid $35,000 from Judicial's budget.
[2018/1/9 - 19:17:08] Dave Brown has been paid $35,000 from Judicial's budget.
[2018/1/9 - 19:51:58] Murad Leonheart has been paid $30,000 from Judicial's budget.
[2018/1/9 - 20:00:29] The faction vault is at $21,318,506.
[2018/1/9 - 20:00:29] SA Gov Paid $75,000 to Judicial budget fund.
[2018/1/9 - 20:00:29] Vehicle ID 258 (Slot ID 95) Maintainence fee cost $500 to Judicial's budget fund.
[2018/1/9 - 20:00:29] Vehicle ID 260 (Slot ID 97) Maintainence fee cost $500 to Judicial's budget fund.
[2018/1/9 - 20:00:29] Vehicle ID 261 (Slot ID 98) Maintainence fee cost $500 to Judicial's budget fund.
[2018/1/9 - 20:00:29] Vehicle ID 262 (Slot ID 100) Maintainence fee cost $500 to Judicial's budget fund.
[2018/1/9 - 20:00:29] Vehicle ID 276 (Slot ID 115) Maintainence fee cost $500 to Judicial's budget fund.
[2018/1/9 - 20:00:29] Vehicle ID 320 (Slot ID 171) Maintainence fee cost $500 to Judicial's budget fund.
[2018/1/9 - 20:03:17] Murad Leonheart has repaired vehicle 320 at a cost of $2,500 to Judicial's budget fund.
[2018/1/9 - 20:07:40] Murad Leonheart took a vest out of the Judicial locker at a cost of 1 HG Material.
[2018/1/9 - 20:21:42] Dave Brown has been paid $1,000,000 from Judicial's budget.
[2018/1/9 - 20:51:55] Scott Goodman has been paid $27,500 from Judicial's budget.
[2018/1/9 - 21:00:14] The faction vault is at $20,368,106.
[2018/1/9 - 21:00:14] SA Gov Paid $75,000 to Judicial budget fund.
[2018/1/9 - 21:00:14] Vehicle ID 258 (Slot ID 95) Maintainence fee cost $500 to Judicial's budget fund.
[2018/1/9 - 21:00:14] Vehicle ID 260 (Slot ID 97) Maintainence fee cost $500 to Judicial's budget fund.
[2018/1/9 - 21:00:14] Vehicle ID 261 (Slot ID 98) Maintainence fee cost $500 to Judicial's budget fund.
[2018/1/9 - 21:00:14] Vehicle ID 262 (Slot ID 100) Maintainence fee cost $500 to Judicial's budget fund.
[2018/1/9 - 21:00:14] Vehicle ID 276 (Slot ID 115) Maintainence fee cost $500 to Judicial's budget fund.
[2018/1/9 - 21:00:14] Vehicle ID 320 (Slot ID 171) Maintainence fee cost $500 to Judicial's budget fund.
[2018/1/9 - 21:39:31] Murad Leonheart took a vest out of the Judicial locker at a cost of 1 HG Material.
[2018/1/9 - 21:39:32] Murad Leonheart has been paid $30,000 from Judicial's budget.
[2018/1/9 - 22:00:06] The faction vault is at $20,413,906.
[2018/1/9 - 22:00:06] SA Gov Paid $75,000 to Judicial budget fund.
[2018/1/9 - 22:00:06] Vehicle ID 258 (Slot ID 95) Maintainence fee cost $500 to Judicial's budget fund.
[2018/1/9 - 22:00:06] Vehicle ID 260 (Slot ID 97) Maintainence fee cost $500 to Judicial's budget fund.
[2018/1/9 - 22:00:06] Vehicle ID 261 (Slot ID 98) Maintainence fee cost $500 to Judicial's budget fund.
[2018/1/9 - 22:00:06] Vehicle ID 262 (Slot ID 100) Maintainence fee cost $500 to Judicial's budget fund.
[2018/1/9 - 22:00:06] Vehicle ID 276 (Slot ID 115) Maintainence fee cost $500 to Judicial's budget fund.
[2018/1/9 - 22:00:06] Vehicle ID 320 (Slot ID 171) Maintainence fee cost $500 to Judicial's budget fund.
[2018/1/9 - 22:36:34] Murad Leonheart has refueled vehicle 320 at a cost of $4074 to Judicial's budget fund.
[2018/1/9 - 22:37:07] Murad Leonheart has repaired vehicle 320 at a cost of $1 to Judicial's budget fund.
[2018/1/9 - 22:45:10] Murad Leonheart has been paid $30,000 from Judicial's budget.
[2018/1/9 - 22:51:23] Murad Leonheart took a vest out of the Judicial locker at a cost of 1 HG Material.
[2018/1/9 - 23:00:58] The faction vault is at $20,457,231.
[2018/1/9 - 23:00:58] SA Gov Paid $75,000 to Judicial budget fund.
[2018/1/9 - 23:00:58] Vehicle ID 258 (Slot ID 95) Maintainence fee cost $500 to Judicial's budget fund.
[2018/1/9 - 23:00:58] Vehicle ID 260 (Slot ID 97) Maintainence fee cost $500 to Judicial's budget fund.
[2018/1/9 - 23:00:58] Vehicle ID 261 (Slot ID 98) Maintainence fee cost $500 to Judicial's budget fund.
[2018/1/9 - 23:00:58] Vehicle ID 262 (Slot ID 100) Maintainence fee cost $500 to Judicial's budget fund.
[2018/1/9 - 23:00:58] Vehicle ID 276 (Slot ID 115) Maintainence fee cost $500 to Judicial's budget fund.
[2018/1/9 - 23:00:58] Vehicle ID 320 (Slot ID 171) Maintainence fee cost $500 to Judicial's budget fund.
[2018/1/9 - 23:21:36] Vehicle Slot ID 171 RTB fee cost $250 to Judicial's budget fund.
[2018/1/9 - 23:50:12] Murad Leonheart has been paid $30,000 from Judicial's budget.
[2018/1/9 - 23:56:40] Murad Leonheart took a vest out of the Judicial locker at a cost of 1 HG Material.
