[2018/1/7 - 0:00:05] The faction vault is at $15,615,656.
[2018/1/7 - 0:00:05] SA Gov Paid $150,000 to Judicial budget fund.
[2018/1/7 - 0:00:05] Vehicle ID 239 (Slot ID 95) Maintainence fee cost $500 to Judicial's budget fund.
[2018/1/7 - 0:00:05] Vehicle ID 250 (Slot ID 97) Maintainence fee cost $500 to Judicial's budget fund.
[2018/1/7 - 0:00:05] Vehicle ID 251 (Slot ID 98) Maintainence fee cost $500 to Judicial's budget fund.
[2018/1/7 - 0:00:05] Vehicle ID 252 (Slot ID 100) Maintainence fee cost $500 to Judicial's budget fund.
[2018/1/7 - 0:00:05] Vehicle ID 267 (Slot ID 115) Maintainence fee cost $500 to Judicial's budget fund.
[2018/1/7 - 0:00:05] Vehicle ID 65535 (Slot ID 171) Maintainence fee cost $500 to Judicial's budget fund.
[2018/1/7 - 0:12:58] Vehicle Slot ID 115 RTB fee cost $250 to Judicial's budget fund.
[2018/1/7 - 0:13:05] Vehicle Slot ID 95 RTB fee cost $250 to Judicial's budget fund.
[2018/1/7 - 1:00:52] The faction vault is at $15,771,956.
[2018/1/7 - 1:00:52] SA Gov Paid $150,000 to Judicial budget fund.
[2018/1/7 - 1:00:52] Vehicle ID 239 (Slot ID 95) Maintainence fee cost $500 to Judicial's budget fund.
[2018/1/7 - 1:00:52] Vehicle ID 250 (Slot ID 97) Maintainence fee cost $500 to Judicial's budget fund.
[2018/1/7 - 1:00:52] Vehicle ID 251 (Slot ID 98) Maintainence fee cost $500 to Judicial's budget fund.
[2018/1/7 - 1:00:52] Vehicle ID 252 (Slot ID 100) Maintainence fee cost $500 to Judicial's budget fund.
[2018/1/7 - 1:00:52] Vehicle ID 267 (Slot ID 115) Maintainence fee cost $500 to Judicial's budget fund.
[2018/1/7 - 1:00:52] Vehicle ID 65535 (Slot ID 171) Maintainence fee cost $500 to Judicial's budget fund.
[2018/1/7 - 2:00:45] The faction vault is at $15,922,756.
[2018/1/7 - 2:00:45] SA Gov Paid $150,000 to Judicial budget fund.
[2018/1/7 - 2:00:45] Vehicle ID 239 (Slot ID 95) Maintainence fee cost $500 to Judicial's budget fund.
[2018/1/7 - 2:00:45] Vehicle ID 250 (Slot ID 97) Maintainence fee cost $500 to Judicial's budget fund.
[2018/1/7 - 2:00:45] Vehicle ID 251 (Slot ID 98) Maintainence fee cost $500 to Judicial's budget fund.
[2018/1/7 - 2:00:45] Vehicle ID 252 (Slot ID 100) Maintainence fee cost $500 to Judicial's budget fund.
[2018/1/7 - 2:00:45] Vehicle ID 267 (Slot ID 115) Maintainence fee cost $500 to Judicial's budget fund.
[2018/1/7 - 2:00:45] Vehicle ID 65535 (Slot ID 171) Maintainence fee cost $500 to Judicial's budget fund.
[2018/1/7 - 2:42:45] Vehicle Slot ID 171 RTB fee cost $250 to Judicial's budget fund.
[2018/1/7 - 2:58:44] Murad Leonheart has been paid $5,000 from Judicial's budget.
[2018/1/7 - 3:00:33] The faction vault is at $16,069,906.
[2018/1/7 - 3:00:33] SA Gov Paid $150,000 to Judicial budget fund.
[2018/1/7 - 3:00:33] Vehicle ID 239 (Slot ID 95) Maintainence fee cost $500 to Judicial's budget fund.
[2018/1/7 - 3:00:33] Vehicle ID 250 (Slot ID 97) Maintainence fee cost $500 to Judicial's budget fund.
[2018/1/7 - 3:00:33] Vehicle ID 251 (Slot ID 98) Maintainence fee cost $500 to Judicial's budget fund.
[2018/1/7 - 3:00:33] Vehicle ID 252 (Slot ID 100) Maintainence fee cost $500 to Judicial's budget fund.
[2018/1/7 - 3:00:33] Vehicle ID 267 (Slot ID 115) Maintainence fee cost $500 to Judicial's budget fund.
[2018/1/7 - 3:00:33] Vehicle ID 543 (Slot ID 171) Maintainence fee cost $500 to Judicial's budget fund.
[2018/1/7 - 4:00:12] The faction vault is at $16,221,906.
[2018/1/7 - 4:00:12] SA Gov Paid $150,000 to Judicial budget fund.
[2018/1/7 - 4:00:12] Vehicle ID 239 (Slot ID 95) Maintainence fee cost $500 to Judicial's budget fund.
[2018/1/7 - 4:00:12] Vehicle ID 250 (Slot ID 97) Maintainence fee cost $500 to Judicial's budget fund.
[2018/1/7 - 4:00:12] Vehicle ID 251 (Slot ID 98) Maintainence fee cost $500 to Judicial's budget fund.
[2018/1/7 - 4:00:12] Vehicle ID 252 (Slot ID 100) Maintainence fee cost $500 to Judicial's budget fund.
[2018/1/7 - 4:00:12] Vehicle ID 267 (Slot ID 115) Maintainence fee cost $500 to Judicial's budget fund.
[2018/1/7 - 4:00:12] Vehicle ID 543 (Slot ID 171) Maintainence fee cost $500 to Judicial's budget fund.
[2018/1/7 - 4:38:01] Rico Dredd has repaired vehicle 543 at a cost of $2,500 to Judicial's budget fund.
[2018/1/7 - 5:00:59] The faction vault is at $16,371,806.
[2018/1/7 - 5:00:59] SA Gov Paid $150,000 to Judicial budget fund.
[2018/1/7 - 5:00:59] Vehicle ID 239 (Slot ID 95) Maintainence fee cost $500 to Judicial's budget fund.
[2018/1/7 - 5:00:59] Vehicle ID 250 (Slot ID 97) Maintainence fee cost $500 to Judicial's budget fund.
[2018/1/7 - 5:00:59] Vehicle ID 251 (Slot ID 98) Maintainence fee cost $500 to Judicial's budget fund.
[2018/1/7 - 5:00:59] Vehicle ID 252 (Slot ID 100) Maintainence fee cost $500 to Judicial's budget fund.
[2018/1/7 - 5:00:59] Vehicle ID 267 (Slot ID 115) Maintainence fee cost $500 to Judicial's budget fund.
[2018/1/7 - 5:00:59] Vehicle ID 543 (Slot ID 171) Maintainence fee cost $500 to Judicial's budget fund.
[2018/1/7 - 5:24:12] Rico Dredd has been paid $100,000 from Judicial's budget.
[2018/1/7 - 5:39:00] Vehicle Slot ID 171 RTB fee cost $250 to Judicial's budget fund.
[2018/1/7 - 6:00:46] The faction vault is at $16,422,956.
[2018/1/7 - 6:00:46] SA Gov Paid $150,000 to Judicial budget fund.
[2018/1/7 - 6:00:46] Vehicle ID 239 (Slot ID 95) Maintainence fee cost $500 to Judicial's budget fund.
[2018/1/7 - 6:00:46] Vehicle ID 250 (Slot ID 97) Maintainence fee cost $500 to Judicial's budget fund.
[2018/1/7 - 6:00:46] Vehicle ID 251 (Slot ID 98) Maintainence fee cost $500 to Judicial's budget fund.
[2018/1/7 - 6:00:46] Vehicle ID 252 (Slot ID 100) Maintainence fee cost $500 to Judicial's budget fund.
[2018/1/7 - 6:00:46] Vehicle ID 267 (Slot ID 115) Maintainence fee cost $500 to Judicial's budget fund.
[2018/1/7 - 6:00:46] Vehicle ID 539 (Slot ID 171) Maintainence fee cost $500 to Judicial's budget fund.
[2018/1/7 - 6:08:53] Murad Leonheart has been paid $90,000 from Judicial's budget.
[2018/1/7 - 6:17:09] Viktor Pangaea took a vest out of the Judicial locker at a cost of 1 HG Material.
[2018/1/7 - 6:21:06] Rico Dredd has repaired vehicle 539 at a cost of $2,500 to Judicial's budget fund.
[2018/1/7 - 6:26:01] Viktor Pangaea has been paid $20,000 from Judicial's budget.
[2018/1/7 - 6:30:18] Murad Leonheart took a vest out of the Judicial locker at a cost of 1 HG Material.
[2018/1/7 - 6:50:33] Rico Dredd has been paid $100,000 from Judicial's budget.
[2018/1/7 - 7:00:34] The faction vault is at $16,362,256.
[2018/1/7 - 7:00:34] SA Gov Paid $150,000 to Judicial budget fund.
[2018/1/7 - 7:00:34] Vehicle ID 239 (Slot ID 95) Maintainence fee cost $500 to Judicial's budget fund.
[2018/1/7 - 7:00:34] Vehicle ID 250 (Slot ID 97) Maintainence fee cost $500 to Judicial's budget fund.
[2018/1/7 - 7:00:34] Vehicle ID 251 (Slot ID 98) Maintainence fee cost $500 to Judicial's budget fund.
[2018/1/7 - 7:00:34] Vehicle ID 252 (Slot ID 100) Maintainence fee cost $500 to Judicial's budget fund.
[2018/1/7 - 7:00:34] Vehicle ID 267 (Slot ID 115) Maintainence fee cost $500 to Judicial's budget fund.
[2018/1/7 - 7:00:34] Vehicle ID 539 (Slot ID 171) Maintainence fee cost $500 to Judicial's budget fund.
[2018/1/7 - 7:04:41] Viktor Pangaea took a vest out of the Judicial locker at a cost of 1 HG Material.
[2018/1/7 - 7:07:43] Rico Dredd has repaired vehicle 539 at a cost of $2,500 to Judicial's budget fund.
[2018/1/7 - 7:12:26] Viktor Pangaea took a vest out of the Judicial locker at a cost of 1 HG Material.
[2018/1/7 - 7:16:26] Murad Leonheart has been paid $90,000 from Judicial's budget.
[2018/1/7 - 7:18:54] Viktor Pangaea took a vest out of the Judicial locker at a cost of 1 HG Material.
[2018/1/7 - 7:19:36] Vehicle Slot ID 97 RTB fee cost $250 to Judicial's budget fund.
[2018/1/7 - 7:20:22] Vehicle Slot ID 100 RTB fee cost $250 to Judicial's budget fund.
[2018/1/7 - 7:32:35] Viktor Pangaea has been paid $20,000 from Judicial's budget.
[2018/1/7 - 7:37:42] Rico Dredd has refueled vehicle 539 at a cost of $16600 to Judicial's budget fund.
[2018/1/7 - 7:38:32] Rico Dredd has repaired vehicle 539 at a cost of $2,500 to Judicial's budget fund.
[2018/1/7 - 7:42:52] Rico Dredd has withdrawn $150000 from Judicial's Budget Fund - reason: /
[2018/1/7 - 7:53:56] Rico Dredd has been paid $100,000 from Judicial's budget.
[2018/1/7 - 7:57:43] Rico Dredd has repaired vehicle 539 at a cost of $2,500 to Judicial's budget fund.
[2018/1/7 - 8:00:24] The faction vault is at $16,128,456.
[2018/1/7 - 8:00:24] SA Gov Paid $150,000 to Judicial budget fund.
[2018/1/7 - 8:00:24] Vehicle ID 239 (Slot ID 95) Maintainence fee cost $500 to Judicial's budget fund.
[2018/1/7 - 8:00:24] Vehicle ID 250 (Slot ID 97) Maintainence fee cost $500 to Judicial's budget fund.
[2018/1/7 - 8:00:24] Vehicle ID 251 (Slot ID 98) Maintainence fee cost $500 to Judicial's budget fund.
[2018/1/7 - 8:00:24] Vehicle ID 252 (Slot ID 100) Maintainence fee cost $500 to Judicial's budget fund.
[2018/1/7 - 8:00:24] Vehicle ID 267 (Slot ID 115) Maintainence fee cost $500 to Judicial's budget fund.
[2018/1/7 - 8:00:24] Vehicle ID 539 (Slot ID 171) Maintainence fee cost $500 to Judicial's budget fund.
[2018/1/7 - 8:51:10] Murad Leonheart has been paid $90,000 from Judicial's budget.
[2018/1/7 - 9:00:13] The faction vault is at $16,188,056.
[2018/1/7 - 9:00:13] SA Gov Paid $150,000 to Judicial budget fund.
[2018/1/7 - 9:00:13] Vehicle ID 239 (Slot ID 95) Maintainence fee cost $500 to Judicial's budget fund.
[2018/1/7 - 9:00:13] Vehicle ID 250 (Slot ID 97) Maintainence fee cost $500 to Judicial's budget fund.
[2018/1/7 - 9:00:13] Vehicle ID 251 (Slot ID 98) Maintainence fee cost $500 to Judicial's budget fund.
[2018/1/7 - 9:00:13] Vehicle ID 252 (Slot ID 100) Maintainence fee cost $500 to Judicial's budget fund.
[2018/1/7 - 9:00:13] Vehicle ID 267 (Slot ID 115) Maintainence fee cost $500 to Judicial's budget fund.
[2018/1/7 - 9:00:13] Vehicle ID 539 (Slot ID 171) Maintainence fee cost $500 to Judicial's budget fund.
[2018/1/7 - 9:04:51] Vehicle Slot ID 115 RTB fee cost $250 to Judicial's budget fund.
[2018/1/7 - 9:28:45] Viktor Pangaea took a vest out of the Judicial locker at a cost of 1 HG Material.
[2018/1/7 - 9:33:08] Viktor Pangaea has been paid $20,000 from Judicial's budget.
[2018/1/7 - 10:00:04] The faction vault is at $16,320,006.
[2018/1/7 - 10:00:04] SA Gov Paid $150,000 to Judicial budget fund.
[2018/1/7 - 10:00:04] Vehicle ID 239 (Slot ID 95) Maintainence fee cost $500 to Judicial's budget fund.
[2018/1/7 - 10:00:04] Vehicle ID 250 (Slot ID 97) Maintainence fee cost $500 to Judicial's budget fund.
[2018/1/7 - 10:00:04] Vehicle ID 251 (Slot ID 98) Maintainence fee cost $500 to Judicial's budget fund.
[2018/1/7 - 10:00:04] Vehicle ID 252 (Slot ID 100) Maintainence fee cost $500 to Judicial's budget fund.
[2018/1/7 - 10:00:04] Vehicle ID 267 (Slot ID 115) Maintainence fee cost $500 to Judicial's budget fund.
[2018/1/7 - 10:00:04] Vehicle ID 539 (Slot ID 171) Maintainence fee cost $500 to Judicial's budget fund.
[2018/1/7 - 10:13:37] Vehicle Slot ID 115 RTB fee cost $250 to Judicial's budget fund.
[2018/1/7 - 10:14:04] Rico Dredd took a vest out of the Judicial locker at a cost of 1 HG Material.
[2018/1/7 - 10:14:46] Viktor Pangaea took a vest out of the Judicial locker at a cost of 1 HG Material.
[2018/1/7 - 10:15:01] Rico Dredd has withdrawn $200000 from Judicial's Budget Fund - reason: pr
[2018/1/7 - 10:18:02] Rico Dredd has repaired vehicle 267 at a cost of $2,500 to Judicial's budget fund.
[2018/1/7 - 10:32:29] Viktor Pangaea took a vest out of the Judicial locker at a cost of 1 HG Material.
[2018/1/7 - 10:34:23] Viktor Pangaea took a vest out of the Judicial locker at a cost of 1 HG Material.
[2018/1/7 - 10:36:51] Rico Dredd took a vest out of the Judicial locker at a cost of 1 HG Material.
[2018/1/7 - 10:39:47] Rico Dredd has been paid $100,000 from Judicial's budget.
[2018/1/7 - 10:57:45] Vehicle Slot ID 115 RTB fee cost $250 to Judicial's budget fund.
[2018/1/7 - 11:00:58] The faction vault is at $16,171,806.
[2018/1/7 - 11:00:58] SA Gov Paid $150,000 to Judicial budget fund.
[2018/1/7 - 11:00:58] Vehicle ID 239 (Slot ID 95) Maintainence fee cost $500 to Judicial's budget fund.
[2018/1/7 - 11:00:58] Vehicle ID 250 (Slot ID 97) Maintainence fee cost $500 to Judicial's budget fund.
[2018/1/7 - 11:00:58] Vehicle ID 251 (Slot ID 98) Maintainence fee cost $500 to Judicial's budget fund.
[2018/1/7 - 11:00:58] Vehicle ID 252 (Slot ID 100) Maintainence fee cost $500 to Judicial's budget fund.
[2018/1/7 - 11:00:58] Vehicle ID 267 (Slot ID 115) Maintainence fee cost $500 to Judicial's budget fund.
[2018/1/7 - 11:00:58] Vehicle ID 539 (Slot ID 171) Maintainence fee cost $500 to Judicial's budget fund.
[2018/1/7 - 12:00:45] The faction vault is at $16,327,206.
[2018/1/7 - 12:00:45] SA Gov Paid $150,000 to Judicial budget fund.
[2018/1/7 - 12:00:45] Vehicle ID 239 (Slot ID 95) Maintainence fee cost $500 to Judicial's budget fund.
[2018/1/7 - 12:00:45] Vehicle ID 250 (Slot ID 97) Maintainence fee cost $500 to Judicial's budget fund.
[2018/1/7 - 12:00:45] Vehicle ID 251 (Slot ID 98) Maintainence fee cost $500 to Judicial's budget fund.
[2018/1/7 - 12:00:45] Vehicle ID 252 (Slot ID 100) Maintainence fee cost $500 to Judicial's budget fund.
[2018/1/7 - 12:00:45] Vehicle ID 267 (Slot ID 115) Maintainence fee cost $500 to Judicial's budget fund.
[2018/1/7 - 12:00:45] Vehicle ID 539 (Slot ID 171) Maintainence fee cost $500 to Judicial's budget fund.
[2018/1/7 - 12:38:22] Vehicle Slot ID 100 RTB fee cost $250 to Judicial's budget fund.
[2018/1/7 - 12:38:29] Vehicle Slot ID 171 RTB fee cost $250 to Judicial's budget fund.
[2018/1/7 - 13:00:31] The faction vault is at $16,483,706.
[2018/1/7 - 13:00:31] SA Gov Paid $150,000 to Judicial budget fund.
[2018/1/7 - 13:00:31] Vehicle ID 239 (Slot ID 95) Maintainence fee cost $500 to Judicial's budget fund.
[2018/1/7 - 13:00:31] Vehicle ID 250 (Slot ID 97) Maintainence fee cost $500 to Judicial's budget fund.
[2018/1/7 - 13:00:31] Vehicle ID 251 (Slot ID 98) Maintainence fee cost $500 to Judicial's budget fund.
[2018/1/7 - 13:00:31] Vehicle ID 252 (Slot ID 100) Maintainence fee cost $500 to Judicial's budget fund.
[2018/1/7 - 13:00:31] Vehicle ID 267 (Slot ID 115) Maintainence fee cost $500 to Judicial's budget fund.
[2018/1/7 - 13:00:31] Vehicle ID 496 (Slot ID 171) Maintainence fee cost $500 to Judicial's budget fund.
[2018/1/7 - 13:13:48] Viktor Pangaea has been paid $20,000 from Judicial's budget.
[2018/1/7 - 13:33:29] Viktor Pangaea took a vest out of the Judicial locker at a cost of 1 HG Material.
[2018/1/7 - 13:37:21] Vehicle Slot ID 100 RTB fee cost $250 to Judicial's budget fund.
[2018/1/7 - 13:43:35] Viktor Pangaea took a vest out of the Judicial locker at a cost of 1 HG Material.
[2018/1/7 - 14:00:08] The faction vault is at $16,618,856.
[2018/1/7 - 14:00:08] SA Gov Paid $150,000 to Judicial budget fund.
[2018/1/7 - 14:00:08] Vehicle ID 239 (Slot ID 95) Maintainence fee cost $500 to Judicial's budget fund.
[2018/1/7 - 14:00:08] Vehicle ID 250 (Slot ID 97) Maintainence fee cost $500 to Judicial's budget fund.
[2018/1/7 - 14:00:08] Vehicle ID 251 (Slot ID 98) Maintainence fee cost $500 to Judicial's budget fund.
[2018/1/7 - 14:00:08] Vehicle ID 252 (Slot ID 100) Maintainence fee cost $500 to Judicial's budget fund.
[2018/1/7 - 14:00:08] Vehicle ID 267 (Slot ID 115) Maintainence fee cost $500 to Judicial's budget fund.
[2018/1/7 - 14:00:08] Vehicle ID 496 (Slot ID 171) Maintainence fee cost $500 to Judicial's budget fund.
[2018/1/7 - 14:07:09] Viktor Pangaea took a vest out of the Judicial locker at a cost of 1 HG Material.
[2018/1/7 - 14:57:39] Frank Bachinco has been paid $90,000 from Judicial's budget.
[2018/1/7 - 15:00:09] The faction vault is at $16,681,056.
[2018/1/7 - 15:00:09] SA Gov Paid $150,000 to Judicial budget fund.
[2018/1/7 - 15:00:09] Vehicle ID 261 (Slot ID 95) Maintainence fee cost $500 to Judicial's budget fund.
[2018/1/7 - 15:00:09] Vehicle ID 263 (Slot ID 97) Maintainence fee cost $500 to Judicial's budget fund.
[2018/1/7 - 15:00:09] Vehicle ID 264 (Slot ID 98) Maintainence fee cost $500 to Judicial's budget fund.
[2018/1/7 - 15:00:09] Vehicle ID 265 (Slot ID 100) Maintainence fee cost $500 to Judicial's budget fund.
[2018/1/7 - 15:00:09] Vehicle ID 280 (Slot ID 115) Maintainence fee cost $500 to Judicial's budget fund.
[2018/1/7 - 15:00:09] Vehicle ID 326 (Slot ID 171) Maintainence fee cost $500 to Judicial's budget fund.
[2018/1/7 - 16:00:33] The faction vault is at $16,828,856.
[2018/1/7 - 16:00:33] SA Gov Paid $150,000 to Judicial budget fund.
[2018/1/7 - 16:00:33] Vehicle ID 261 (Slot ID 95) Maintainence fee cost $500 to Judicial's budget fund.
[2018/1/7 - 16:00:33] Vehicle ID 263 (Slot ID 97) Maintainence fee cost $500 to Judicial's budget fund.
[2018/1/7 - 16:00:33] Vehicle ID 264 (Slot ID 98) Maintainence fee cost $500 to Judicial's budget fund.
[2018/1/7 - 16:00:33] Vehicle ID 265 (Slot ID 100) Maintainence fee cost $500 to Judicial's budget fund.
[2018/1/7 - 16:00:33] Vehicle ID 280 (Slot ID 115) Maintainence fee cost $500 to Judicial's budget fund.
[2018/1/7 - 16:00:33] Vehicle ID 326 (Slot ID 171) Maintainence fee cost $500 to Judicial's budget fund.
[2018/1/7 - 16:49:09] Leroy J. Meyers has been paid $100,000 from Judicial's budget.
[2018/1/7 - 16:55:34] Dave Brown took a vest out of the Judicial locker at a cost of 1 HG Material.
[2018/1/7 - 17:00:08] The faction vault is at $16,882,656.
[2018/1/7 - 17:00:08] SA Gov Paid $150,000 to Judicial budget fund.
[2018/1/7 - 17:00:08] Vehicle ID 261 (Slot ID 95) Maintainence fee cost $500 to Judicial's budget fund.
[2018/1/7 - 17:00:08] Vehicle ID 263 (Slot ID 97) Maintainence fee cost $500 to Judicial's budget fund.
[2018/1/7 - 17:00:08] Vehicle ID 264 (Slot ID 98) Maintainence fee cost $500 to Judicial's budget fund.
[2018/1/7 - 17:00:08] Vehicle ID 265 (Slot ID 100) Maintainence fee cost $500 to Judicial's budget fund.
[2018/1/7 - 17:00:08] Vehicle ID 280 (Slot ID 115) Maintainence fee cost $500 to Judicial's budget fund.
[2018/1/7 - 17:00:08] Vehicle ID 326 (Slot ID 171) Maintainence fee cost $500 to Judicial's budget fund.
[2018/1/7 - 17:03:59] Xavier Jordan took a vest out of the Judicial locker at a cost of 1 HG Material.
[2018/1/7 - 17:18:08] Dave Brown has been paid $80,000 from Judicial's budget.
[2018/1/7 - 17:45:38] Vehicle Slot ID 115 RTB fee cost $250 to Judicial's budget fund.
[2018/1/7 - 17:56:34] Dave Brown took a vest out of the Judicial locker at a cost of 1 HG Material.
[2018/1/7 - 18:00:41] The faction vault is at $16,958,006.
[2018/1/7 - 18:00:41] SA Gov Paid $150,000 to Judicial budget fund.
[2018/1/7 - 18:00:41] Vehicle ID 261 (Slot ID 95) Maintainence fee cost $500 to Judicial's budget fund.
[2018/1/7 - 18:00:41] Vehicle ID 263 (Slot ID 97) Maintainence fee cost $500 to Judicial's budget fund.
[2018/1/7 - 18:00:41] Vehicle ID 264 (Slot ID 98) Maintainence fee cost $500 to Judicial's budget fund.
[2018/1/7 - 18:00:41] Vehicle ID 265 (Slot ID 100) Maintainence fee cost $500 to Judicial's budget fund.
[2018/1/7 - 18:00:41] Vehicle ID 280 (Slot ID 115) Maintainence fee cost $500 to Judicial's budget fund.
[2018/1/7 - 18:00:41] Vehicle ID 326 (Slot ID 171) Maintainence fee cost $500 to Judicial's budget fund.
[2018/1/7 - 18:10:41] Vehicle Slot ID 97 RTB fee cost $250 to Judicial's budget fund.
[2018/1/7 - 18:15:00] Vehicle Slot ID 171 RTB fee cost $250 to Judicial's budget fund.
[2018/1/7 - 18:18:38] Vehicle Slot ID 95 RTB fee cost $250 to Judicial's budget fund.
[2018/1/7 - 18:18:44] Vehicle Slot ID 95 RTB fee cost $250 to Judicial's budget fund.
[2018/1/7 - 18:18:44] Vehicle Slot ID 95 RTB fee cost $250 to Judicial's budget fund.
[2018/1/7 - 18:18:44] Vehicle Slot ID 97 RTB fee cost $250 to Judicial's budget fund.
[2018/1/7 - 18:18:44] Vehicle Slot ID 97 RTB fee cost $250 to Judicial's budget fund.
[2018/1/7 - 18:18:44] Vehicle Slot ID 100 RTB fee cost $250 to Judicial's budget fund.
[2018/1/7 - 18:18:44] Vehicle Slot ID 100 RTB fee cost $250 to Judicial's budget fund.
[2018/1/7 - 18:18:44] Vehicle Slot ID 115 RTB fee cost $250 to Judicial's budget fund.
[2018/1/7 - 18:18:44] Vehicle Slot ID 115 RTB fee cost $250 to Judicial's budget fund.
[2018/1/7 - 18:18:44] Vehicle Slot ID 171 RTB fee cost $250 to Judicial's budget fund.
[2018/1/7 - 18:18:44] Vehicle Slot ID 171 RTB fee cost $250 to Judicial's budget fund.
[2018/1/7 - 18:28:29] Dave Brown has repaired vehicle 261 at a cost of $2,500 to Judicial's budget fund.
[2018/1/7 - 18:32:03] Frank Bachinco has been paid $100,000 from Judicial's budget.
[2018/1/7 - 18:32:20] Dave Brown has been paid $80,000 from Judicial's budget.
[2018/1/7 - 19:00:11] The faction vault is at $16,926,856.
[2018/1/7 - 19:00:11] SA Gov Paid $150,000 to Judicial budget fund.
[2018/1/7 - 19:00:11] Vehicle ID 261 (Slot ID 95) Maintainence fee cost $500 to Judicial's budget fund.
[2018/1/7 - 19:00:11] Vehicle ID 263 (Slot ID 97) Maintainence fee cost $500 to Judicial's budget fund.
[2018/1/7 - 19:00:11] Vehicle ID 264 (Slot ID 98) Maintainence fee cost $500 to Judicial's budget fund.
[2018/1/7 - 19:00:11] Vehicle ID 265 (Slot ID 100) Maintainence fee cost $500 to Judicial's budget fund.
[2018/1/7 - 19:00:11] Vehicle ID 280 (Slot ID 115) Maintainence fee cost $500 to Judicial's budget fund.
[2018/1/7 - 19:00:11] Vehicle ID 326 (Slot ID 171) Maintainence fee cost $500 to Judicial's budget fund.
[2018/1/7 - 19:35:29] Frank Bachinco has been paid $100,000 from Judicial's budget.
[2018/1/7 - 20:00:48] The faction vault is at $16,981,256.
[2018/1/7 - 20:00:48] SA Gov Paid $150,000 to Judicial budget fund.
[2018/1/7 - 20:00:48] Vehicle ID 261 (Slot ID 95) Maintainence fee cost $500 to Judicial's budget fund.
[2018/1/7 - 20:00:48] Vehicle ID 263 (Slot ID 97) Maintainence fee cost $500 to Judicial's budget fund.
[2018/1/7 - 20:00:48] Vehicle ID 264 (Slot ID 98) Maintainence fee cost $500 to Judicial's budget fund.
[2018/1/7 - 20:00:48] Vehicle ID 265 (Slot ID 100) Maintainence fee cost $500 to Judicial's budget fund.
[2018/1/7 - 20:00:48] Vehicle ID 280 (Slot ID 115) Maintainence fee cost $500 to Judicial's budget fund.
[2018/1/7 - 20:00:48] Vehicle ID 326 (Slot ID 171) Maintainence fee cost $500 to Judicial's budget fund.
[2018/1/7 - 20:01:35] Paul Duffster has been paid $100,000 from Judicial's budget.
[2018/1/7 - 20:23:00] Bryce Richard took a vest out of the Judicial locker at a cost of 1 HG Material.
[2018/1/7 - 20:28:46] Vehicle Slot ID 95 RTB fee cost $250 to Judicial's budget fund.
[2018/1/7 - 20:33:00] Vehicle Slot ID 171 RTB fee cost $250 to Judicial's budget fund.
[2018/1/7 - 20:45:23] Bryce Richard has been paid $20,000 from Judicial's budget.
[2018/1/7 - 20:53:29] Danny Blackwood took a vest out of the Judicial locker at a cost of 1 HG Material.
[2018/1/7 - 21:00:23] The faction vault is at $17,015,156.
[2018/1/7 - 21:00:23] SA Gov Paid $150,000 to Judicial budget fund.
[2018/1/7 - 21:00:23] Vehicle ID 261 (Slot ID 95) Maintainence fee cost $500 to Judicial's budget fund.
[2018/1/7 - 21:00:23] Vehicle ID 263 (Slot ID 97) Maintainence fee cost $500 to Judicial's budget fund.
[2018/1/7 - 21:00:23] Vehicle ID 264 (Slot ID 98) Maintainence fee cost $500 to Judicial's budget fund.
[2018/1/7 - 21:00:23] Vehicle ID 265 (Slot ID 100) Maintainence fee cost $500 to Judicial's budget fund.
[2018/1/7 - 21:00:23] Vehicle ID 280 (Slot ID 115) Maintainence fee cost $500 to Judicial's budget fund.
[2018/1/7 - 21:00:23] Vehicle ID 326 (Slot ID 171) Maintainence fee cost $500 to Judicial's budget fund.
[2018/1/7 - 21:01:00] Bryce Richard took a vest out of the Judicial locker at a cost of 1 HG Material.
[2018/1/7 - 21:03:54] Danny Blackwood took a vest out of the Judicial locker at a cost of 1 HG Material.
[2018/1/7 - 21:19:35] Bryce Richard has repaired vehicle 265 at a cost of $2,500 to Judicial's budget fund.
[2018/1/7 - 21:20:16] Bryce Richard has repaired vehicle 265 at a cost of $2,500 to Judicial's budget fund.
[2018/1/7 - 21:20:22] Bryce Richard has repaired vehicle 265 at a cost of $2,500 to Judicial's budget fund.
[2018/1/7 - 21:20:28] Bryce Richard has repaired vehicle 265 at a cost of $2,500 to Judicial's budget fund.
[2018/1/7 - 21:20:28] Bryce Richard has repaired vehicle 265 at a cost of $2,500 to Judicial's budget fund.
[2018/1/7 - 21:20:28] Bryce Richard has repaired vehicle 265 at a cost of $2,500 to Judicial's budget fund.
[2018/1/7 - 21:20:29] Bryce Richard has repaired vehicle 265 at a cost of $2,500 to Judicial's budget fund.
[2018/1/7 - 21:20:30] Bryce Richard has repaired vehicle 265 at a cost of $2,500 to Judicial's budget fund.
[2018/1/7 - 21:20:30] Bryce Richard has repaired vehicle 265 at a cost of $2,500 to Judicial's budget fund.
[2018/1/7 - 21:20:30] Bryce Richard has repaired vehicle 265 at a cost of $2,500 to Judicial's budget fund.
[2018/1/7 - 21:20:39] Bryce Richard has repaired vehicle 265 at a cost of $2,500 to Judicial's budget fund.
[2018/1/7 - 21:20:40] Bryce Richard has repaired vehicle 265 at a cost of $2,500 to Judicial's budget fund.
[2018/1/7 - 21:20:40] Bryce Richard has repaired vehicle 265 at a cost of $2,500 to Judicial's budget fund.
[2018/1/7 - 21:20:40] Bryce Richard has repaired vehicle 265 at a cost of $2,500 to Judicial's budget fund.
[2018/1/7 - 21:20:41] Bryce Richard has repaired vehicle 265 at a cost of $2,500 to Judicial's budget fund.
[2018/1/7 - 21:20:41] Bryce Richard has repaired vehicle 265 at a cost of $2,500 to Judicial's budget fund.
[2018/1/7 - 21:21:32] Bryce Richard has refueled vehicle 265 at a cost of $2000 to Judicial's budget fund.
[2018/1/7 - 22:00:03] The faction vault is at $17,128,956.
[2018/1/7 - 22:00:03] SA Gov Paid $150,000 to Judicial budget fund.
[2018/1/7 - 22:00:03] Vehicle ID 261 (Slot ID 95) Maintainence fee cost $500 to Judicial's budget fund.
[2018/1/7 - 22:00:03] Vehicle ID 263 (Slot ID 97) Maintainence fee cost $500 to Judicial's budget fund.
[2018/1/7 - 22:00:03] Vehicle ID 264 (Slot ID 98) Maintainence fee cost $500 to Judicial's budget fund.
[2018/1/7 - 22:00:03] Vehicle ID 265 (Slot ID 100) Maintainence fee cost $500 to Judicial's budget fund.
[2018/1/7 - 22:00:03] Vehicle ID 280 (Slot ID 115) Maintainence fee cost $500 to Judicial's budget fund.
[2018/1/7 - 22:00:03] Vehicle ID 326 (Slot ID 171) Maintainence fee cost $500 to Judicial's budget fund.
[2018/1/7 - 22:22:48] Murad Leonheart took a vest out of the Judicial locker at a cost of 1 HG Material.
[2018/1/7 - 23:00:49] The faction vault is at $17,288,156.
[2018/1/7 - 23:00:49] SA Gov Paid $150,000 to Judicial budget fund.
[2018/1/7 - 23:00:49] Vehicle ID 261 (Slot ID 95) Maintainence fee cost $500 to Judicial's budget fund.
[2018/1/7 - 23:00:49] Vehicle ID 263 (Slot ID 97) Maintainence fee cost $500 to Judicial's budget fund.
[2018/1/7 - 23:00:49] Vehicle ID 264 (Slot ID 98) Maintainence fee cost $500 to Judicial's budget fund.
[2018/1/7 - 23:00:49] Vehicle ID 265 (Slot ID 100) Maintainence fee cost $500 to Judicial's budget fund.
[2018/1/7 - 23:00:49] Vehicle ID 280 (Slot ID 115) Maintainence fee cost $500 to Judicial's budget fund.
[2018/1/7 - 23:00:49] Vehicle ID 326 (Slot ID 171) Maintainence fee cost $500 to Judicial's budget fund.
[2018/1/7 - 23:10:09] Scott Goodman has been paid $27,500 from Judicial's budget.
[2018/1/7 - 23:20:24] Dave Brown has repaired vehicle 280 at a cost of $2,500 to Judicial's budget fund.
[2018/1/7 - 23:20:45] Dave Brown took a vest out of the Judicial locker at a cost of 1 HG Material.
[2018/1/7 - 23:20:55] Leroy J. Meyers has been paid $35,000 from Judicial's budget.
[2018/1/7 - 23:22:13] Vehicle Slot ID 100 RTB fee cost $250 to Judicial's budget fund.
[2018/1/7 - 23:35:32] Dave Brown has been paid $35,000 from Judicial's budget.
[2018/1/7 - 23:40:56] Murad Leonheart has been paid $30,000 from Judicial's budget.
[2018/1/7 - 23:55:42] Vehicle Slot ID 97 RTB fee cost $250 to Judicial's budget fund.
