[2018/1/11 - 0:00:47] The faction vault is at $22,257,081.
[2018/1/11 - 0:00:47] SA Gov Paid $75,000 to Judicial budget fund.
[2018/1/11 - 0:00:47] Vehicle ID 258 (Slot ID 95) Maintainence fee cost $500 to Judicial's budget fund.
[2018/1/11 - 0:00:47] Vehicle ID 260 (Slot ID 97) Maintainence fee cost $500 to Judicial's budget fund.
[2018/1/11 - 0:00:47] Vehicle ID 261 (Slot ID 98) Maintainence fee cost $500 to Judicial's budget fund.
[2018/1/11 - 0:00:47] Vehicle ID 262 (Slot ID 100) Maintainence fee cost $500 to Judicial's budget fund.
[2018/1/11 - 0:00:47] Vehicle ID 276 (Slot ID 115) Maintainence fee cost $500 to Judicial's budget fund.
[2018/1/11 - 0:00:47] Vehicle ID 319 (Slot ID 171) Maintainence fee cost $500 to Judicial's budget fund.
[2018/1/11 - 0:13:10] Jax Morrow has been paid $10 from Judicial's budget.
[2018/1/11 - 1:00:22] The faction vault is at $22,333,271.
[2018/1/11 - 1:00:22] SA Gov Paid $75,000 to Judicial budget fund.
[2018/1/11 - 1:00:22] Vehicle ID 258 (Slot ID 95) Maintainence fee cost $500 to Judicial's budget fund.
[2018/1/11 - 1:00:22] Vehicle ID 260 (Slot ID 97) Maintainence fee cost $500 to Judicial's budget fund.
[2018/1/11 - 1:00:22] Vehicle ID 261 (Slot ID 98) Maintainence fee cost $500 to Judicial's budget fund.
[2018/1/11 - 1:00:22] Vehicle ID 262 (Slot ID 100) Maintainence fee cost $500 to Judicial's budget fund.
[2018/1/11 - 1:00:22] Vehicle ID 276 (Slot ID 115) Maintainence fee cost $500 to Judicial's budget fund.
[2018/1/11 - 1:00:22] Vehicle ID 319 (Slot ID 171) Maintainence fee cost $500 to Judicial's budget fund.
[2018/1/11 - 1:58:49] Rico Dredd has repaired vehicle 319 at a cost of $2,500 to Judicial's budget fund.
[2018/1/11 - 2:00:08] The faction vault is at $22,403,971.
[2018/1/11 - 2:00:08] SA Gov Paid $75,000 to Judicial budget fund.
[2018/1/11 - 2:00:08] Vehicle ID 258 (Slot ID 95) Maintainence fee cost $500 to Judicial's budget fund.
[2018/1/11 - 2:00:08] Vehicle ID 260 (Slot ID 97) Maintainence fee cost $500 to Judicial's budget fund.
[2018/1/11 - 2:00:08] Vehicle ID 261 (Slot ID 98) Maintainence fee cost $500 to Judicial's budget fund.
[2018/1/11 - 2:00:08] Vehicle ID 262 (Slot ID 100) Maintainence fee cost $500 to Judicial's budget fund.
[2018/1/11 - 2:00:08] Vehicle ID 276 (Slot ID 115) Maintainence fee cost $500 to Judicial's budget fund.
[2018/1/11 - 2:00:08] Vehicle ID 319 (Slot ID 171) Maintainence fee cost $500 to Judicial's budget fund.
[2018/1/11 - 2:15:26] Vehicle Slot ID 171 RTB fee cost $250 to Judicial's budget fund.
[2018/1/11 - 3:00:46] The faction vault is at $22,476,521.
[2018/1/11 - 3:00:46] SA Gov Paid $75,000 to Judicial budget fund.
[2018/1/11 - 3:00:46] Vehicle ID 258 (Slot ID 95) Maintainence fee cost $500 to Judicial's budget fund.
[2018/1/11 - 3:00:46] Vehicle ID 260 (Slot ID 97) Maintainence fee cost $500 to Judicial's budget fund.
[2018/1/11 - 3:00:46] Vehicle ID 261 (Slot ID 98) Maintainence fee cost $500 to Judicial's budget fund.
[2018/1/11 - 3:00:46] Vehicle ID 262 (Slot ID 100) Maintainence fee cost $500 to Judicial's budget fund.
[2018/1/11 - 3:00:46] Vehicle ID 276 (Slot ID 115) Maintainence fee cost $500 to Judicial's budget fund.
[2018/1/11 - 3:00:46] Vehicle ID 319 (Slot ID 171) Maintainence fee cost $500 to Judicial's budget fund.
[2018/1/11 - 3:04:29] Lecho B Kowalczyk took a vest out of the Judicial locker at a cost of 1 HG Material.
[2018/1/11 - 3:34:06] Dave Brown took a vest out of the Judicial locker at a cost of 1 HG Material.
[2018/1/11 - 3:42:34] Dave Brown has repaired vehicle 319 at a cost of $2,500 to Judicial's budget fund.
[2018/1/11 - 3:42:56] Dave Brown took a vest out of the Judicial locker at a cost of 1 HG Material.
[2018/1/11 - 3:58:07] Dave Brown took a vest out of the Judicial locker at a cost of 1 HG Material.
[2018/1/11 - 4:00:19] The faction vault is at $22,547,821.
[2018/1/11 - 4:00:19] SA Gov Paid $75,000 to Judicial budget fund.
[2018/1/11 - 4:00:19] Vehicle ID 258 (Slot ID 95) Maintainence fee cost $500 to Judicial's budget fund.
[2018/1/11 - 4:00:19] Vehicle ID 260 (Slot ID 97) Maintainence fee cost $500 to Judicial's budget fund.
[2018/1/11 - 4:00:19] Vehicle ID 261 (Slot ID 98) Maintainence fee cost $500 to Judicial's budget fund.
[2018/1/11 - 4:00:19] Vehicle ID 262 (Slot ID 100) Maintainence fee cost $500 to Judicial's budget fund.
[2018/1/11 - 4:00:19] Vehicle ID 276 (Slot ID 115) Maintainence fee cost $500 to Judicial's budget fund.
[2018/1/11 - 4:00:19] Vehicle ID 319 (Slot ID 171) Maintainence fee cost $500 to Judicial's budget fund.
[2018/1/11 - 4:03:17] Dave Brown took a vest out of the Judicial locker at a cost of 1 HG Material.
[2018/1/11 - 4:20:04] Dave Brown has been paid $1,000,000 from Judicial's budget.
[2018/1/11 - 5:00:59] The faction vault is at $21,621,421.
[2018/1/11 - 5:00:59] SA Gov Paid $75,000 to Judicial budget fund.
[2018/1/11 - 5:00:59] Vehicle ID 257 (Slot ID 95) Maintainence fee cost $500 to Judicial's budget fund.
[2018/1/11 - 5:00:59] Vehicle ID 259 (Slot ID 97) Maintainence fee cost $500 to Judicial's budget fund.
[2018/1/11 - 5:00:59] Vehicle ID 260 (Slot ID 98) Maintainence fee cost $500 to Judicial's budget fund.
[2018/1/11 - 5:00:59] Vehicle ID 261 (Slot ID 100) Maintainence fee cost $500 to Judicial's budget fund.
[2018/1/11 - 5:00:59] Vehicle ID 275 (Slot ID 115) Maintainence fee cost $500 to Judicial's budget fund.
[2018/1/11 - 5:00:59] Vehicle ID 312 (Slot ID 171) Maintainence fee cost $500 to Judicial's budget fund.
[2018/1/11 - 6:00:59] The faction vault is at $21,695,821.
[2018/1/11 - 6:00:59] SA Gov Paid $75,000 to Judicial budget fund.
[2018/1/11 - 6:00:59] Vehicle ID 257 (Slot ID 95) Maintainence fee cost $500 to Judicial's budget fund.
[2018/1/11 - 6:00:59] Vehicle ID 259 (Slot ID 97) Maintainence fee cost $500 to Judicial's budget fund.
[2018/1/11 - 6:00:59] Vehicle ID 260 (Slot ID 98) Maintainence fee cost $500 to Judicial's budget fund.
[2018/1/11 - 6:00:59] Vehicle ID 261 (Slot ID 100) Maintainence fee cost $500 to Judicial's budget fund.
[2018/1/11 - 6:00:59] Vehicle ID 275 (Slot ID 115) Maintainence fee cost $500 to Judicial's budget fund.
[2018/1/11 - 6:00:59] Vehicle ID 312 (Slot ID 171) Maintainence fee cost $500 to Judicial's budget fund.
[2018/1/11 - 7:00:55] The faction vault is at $21,771,021.
[2018/1/11 - 7:00:55] SA Gov Paid $75,000 to Judicial budget fund.
[2018/1/11 - 7:00:55] Vehicle ID 257 (Slot ID 95) Maintainence fee cost $500 to Judicial's budget fund.
[2018/1/11 - 7:00:55] Vehicle ID 259 (Slot ID 97) Maintainence fee cost $500 to Judicial's budget fund.
[2018/1/11 - 7:00:55] Vehicle ID 260 (Slot ID 98) Maintainence fee cost $500 to Judicial's budget fund.
[2018/1/11 - 7:00:55] Vehicle ID 261 (Slot ID 100) Maintainence fee cost $500 to Judicial's budget fund.
[2018/1/11 - 7:00:55] Vehicle ID 275 (Slot ID 115) Maintainence fee cost $500 to Judicial's budget fund.
[2018/1/11 - 7:00:55] Vehicle ID 312 (Slot ID 171) Maintainence fee cost $500 to Judicial's budget fund.
[2018/1/11 - 7:33:56] Vehicle Slot ID 171 RTB fee cost $250 to Judicial's budget fund.
[2018/1/11 - 8:00:49] The faction vault is at $21,846,571.
[2018/1/11 - 8:00:49] SA Gov Paid $75,000 to Judicial budget fund.
[2018/1/11 - 8:00:49] Vehicle ID 257 (Slot ID 95) Maintainence fee cost $500 to Judicial's budget fund.
[2018/1/11 - 8:00:49] Vehicle ID 259 (Slot ID 97) Maintainence fee cost $500 to Judicial's budget fund.
[2018/1/11 - 8:00:49] Vehicle ID 260 (Slot ID 98) Maintainence fee cost $500 to Judicial's budget fund.
[2018/1/11 - 8:00:49] Vehicle ID 261 (Slot ID 100) Maintainence fee cost $500 to Judicial's budget fund.
[2018/1/11 - 8:00:49] Vehicle ID 275 (Slot ID 115) Maintainence fee cost $500 to Judicial's budget fund.
[2018/1/11 - 8:00:49] Vehicle ID 312 (Slot ID 171) Maintainence fee cost $500 to Judicial's budget fund.
[2018/1/11 - 9:00:41] The faction vault is at $21,924,571.
[2018/1/11 - 9:00:41] SA Gov Paid $75,000 to Judicial budget fund.
[2018/1/11 - 9:00:41] Vehicle ID 257 (Slot ID 95) Maintainence fee cost $500 to Judicial's budget fund.
[2018/1/11 - 9:00:41] Vehicle ID 259 (Slot ID 97) Maintainence fee cost $500 to Judicial's budget fund.
[2018/1/11 - 9:00:41] Vehicle ID 260 (Slot ID 98) Maintainence fee cost $500 to Judicial's budget fund.
[2018/1/11 - 9:00:41] Vehicle ID 261 (Slot ID 100) Maintainence fee cost $500 to Judicial's budget fund.
[2018/1/11 - 9:00:41] Vehicle ID 275 (Slot ID 115) Maintainence fee cost $500 to Judicial's budget fund.
[2018/1/11 - 9:00:41] Vehicle ID 312 (Slot ID 171) Maintainence fee cost $500 to Judicial's budget fund.
[2018/1/11 - 10:00:35] The faction vault is at $22,004,971.
[2018/1/11 - 10:00:35] SA Gov Paid $75,000 to Judicial budget fund.
[2018/1/11 - 10:00:35] Vehicle ID 257 (Slot ID 95) Maintainence fee cost $500 to Judicial's budget fund.
[2018/1/11 - 10:00:35] Vehicle ID 259 (Slot ID 97) Maintainence fee cost $500 to Judicial's budget fund.
[2018/1/11 - 10:00:35] Vehicle ID 260 (Slot ID 98) Maintainence fee cost $500 to Judicial's budget fund.
[2018/1/11 - 10:00:35] Vehicle ID 261 (Slot ID 100) Maintainence fee cost $500 to Judicial's budget fund.
[2018/1/11 - 10:00:35] Vehicle ID 275 (Slot ID 115) Maintainence fee cost $500 to Judicial's budget fund.
[2018/1/11 - 10:00:35] Vehicle ID 312 (Slot ID 171) Maintainence fee cost $500 to Judicial's budget fund.
[2018/1/11 - 11:00:19] The faction vault is at $22,083,571.
[2018/1/11 - 11:00:19] SA Gov Paid $75,000 to Judicial budget fund.
[2018/1/11 - 11:00:19] Vehicle ID 257 (Slot ID 95) Maintainence fee cost $500 to Judicial's budget fund.
[2018/1/11 - 11:00:19] Vehicle ID 259 (Slot ID 97) Maintainence fee cost $500 to Judicial's budget fund.
[2018/1/11 - 11:00:19] Vehicle ID 260 (Slot ID 98) Maintainence fee cost $500 to Judicial's budget fund.
[2018/1/11 - 11:00:19] Vehicle ID 261 (Slot ID 100) Maintainence fee cost $500 to Judicial's budget fund.
[2018/1/11 - 11:00:19] Vehicle ID 275 (Slot ID 115) Maintainence fee cost $500 to Judicial's budget fund.
[2018/1/11 - 11:00:19] Vehicle ID 312 (Slot ID 171) Maintainence fee cost $500 to Judicial's budget fund.
[2018/1/11 - 12:00:08] The faction vault is at $22,158,971.
[2018/1/11 - 12:00:08] SA Gov Paid $75,000 to Judicial budget fund.
[2018/1/11 - 12:00:08] Vehicle ID 257 (Slot ID 95) Maintainence fee cost $500 to Judicial's budget fund.
[2018/1/11 - 12:00:08] Vehicle ID 259 (Slot ID 97) Maintainence fee cost $500 to Judicial's budget fund.
[2018/1/11 - 12:00:08] Vehicle ID 260 (Slot ID 98) Maintainence fee cost $500 to Judicial's budget fund.
[2018/1/11 - 12:00:08] Vehicle ID 261 (Slot ID 100) Maintainence fee cost $500 to Judicial's budget fund.
[2018/1/11 - 12:00:08] Vehicle ID 275 (Slot ID 115) Maintainence fee cost $500 to Judicial's budget fund.
[2018/1/11 - 12:00:08] Vehicle ID 312 (Slot ID 171) Maintainence fee cost $500 to Judicial's budget fund.
[2018/1/11 - 13:00:04] The faction vault is at $22,235,371.
[2018/1/11 - 13:00:04] SA Gov Paid $75,000 to Judicial budget fund.
[2018/1/11 - 13:00:04] Vehicle ID 257 (Slot ID 95) Maintainence fee cost $500 to Judicial's budget fund.
[2018/1/11 - 13:00:04] Vehicle ID 259 (Slot ID 97) Maintainence fee cost $500 to Judicial's budget fund.
[2018/1/11 - 13:00:04] Vehicle ID 260 (Slot ID 98) Maintainence fee cost $500 to Judicial's budget fund.
[2018/1/11 - 13:00:04] Vehicle ID 261 (Slot ID 100) Maintainence fee cost $500 to Judicial's budget fund.
[2018/1/11 - 13:00:04] Vehicle ID 275 (Slot ID 115) Maintainence fee cost $500 to Judicial's budget fund.
[2018/1/11 - 13:00:04] Vehicle ID 312 (Slot ID 171) Maintainence fee cost $500 to Judicial's budget fund.
[2018/1/11 - 13:37:04] Frank Bachinco has been paid $35,000 from Judicial's budget.
[2018/1/11 - 14:00:57] The faction vault is at $22,276,571.
[2018/1/11 - 14:00:57] SA Gov Paid $75,000 to Judicial budget fund.
[2018/1/11 - 14:00:57] Vehicle ID 257 (Slot ID 95) Maintainence fee cost $500 to Judicial's budget fund.
[2018/1/11 - 14:00:57] Vehicle ID 259 (Slot ID 97) Maintainence fee cost $500 to Judicial's budget fund.
[2018/1/11 - 14:00:57] Vehicle ID 260 (Slot ID 98) Maintainence fee cost $500 to Judicial's budget fund.
[2018/1/11 - 14:00:57] Vehicle ID 261 (Slot ID 100) Maintainence fee cost $500 to Judicial's budget fund.
[2018/1/11 - 14:00:57] Vehicle ID 275 (Slot ID 115) Maintainence fee cost $500 to Judicial's budget fund.
[2018/1/11 - 14:00:57] Vehicle ID 312 (Slot ID 171) Maintainence fee cost $500 to Judicial's budget fund.
[2018/1/11 - 15:00:51] The faction vault is at $22,356,371.
[2018/1/11 - 15:00:51] SA Gov Paid $75,000 to Judicial budget fund.
[2018/1/11 - 15:00:51] Vehicle ID 257 (Slot ID 95) Maintainence fee cost $500 to Judicial's budget fund.
[2018/1/11 - 15:00:51] Vehicle ID 259 (Slot ID 97) Maintainence fee cost $500 to Judicial's budget fund.
[2018/1/11 - 15:00:51] Vehicle ID 260 (Slot ID 98) Maintainence fee cost $500 to Judicial's budget fund.
[2018/1/11 - 15:00:51] Vehicle ID 261 (Slot ID 100) Maintainence fee cost $500 to Judicial's budget fund.
[2018/1/11 - 15:00:51] Vehicle ID 275 (Slot ID 115) Maintainence fee cost $500 to Judicial's budget fund.
[2018/1/11 - 15:00:51] Vehicle ID 312 (Slot ID 171) Maintainence fee cost $500 to Judicial's budget fund.
[2018/1/11 - 15:34:09] Scott Goodman has been paid $27,500 from Judicial's budget.
[2018/1/11 - 16:00:38] The faction vault is at $22,407,671.
[2018/1/11 - 16:00:38] SA Gov Paid $75,000 to Judicial budget fund.
[2018/1/11 - 16:00:38] Vehicle ID 257 (Slot ID 95) Maintainence fee cost $500 to Judicial's budget fund.
[2018/1/11 - 16:00:38] Vehicle ID 259 (Slot ID 97) Maintainence fee cost $500 to Judicial's budget fund.
[2018/1/11 - 16:00:38] Vehicle ID 260 (Slot ID 98) Maintainence fee cost $500 to Judicial's budget fund.
[2018/1/11 - 16:00:38] Vehicle ID 261 (Slot ID 100) Maintainence fee cost $500 to Judicial's budget fund.
[2018/1/11 - 16:00:38] Vehicle ID 275 (Slot ID 115) Maintainence fee cost $500 to Judicial's budget fund.
[2018/1/11 - 16:00:38] Vehicle ID 312 (Slot ID 171) Maintainence fee cost $500 to Judicial's budget fund.
[2018/1/11 - 16:43:01] Scott Goodman has been paid $27,500 from Judicial's budget.
[2018/1/11 - 17:00:18] The faction vault is at $22,459,371.
[2018/1/11 - 17:00:18] SA Gov Paid $75,000 to Judicial budget fund.
[2018/1/11 - 17:00:18] Vehicle ID 257 (Slot ID 95) Maintainence fee cost $500 to Judicial's budget fund.
[2018/1/11 - 17:00:18] Vehicle ID 259 (Slot ID 97) Maintainence fee cost $500 to Judicial's budget fund.
[2018/1/11 - 17:00:18] Vehicle ID 260 (Slot ID 98) Maintainence fee cost $500 to Judicial's budget fund.
[2018/1/11 - 17:00:18] Vehicle ID 261 (Slot ID 100) Maintainence fee cost $500 to Judicial's budget fund.
[2018/1/11 - 17:00:18] Vehicle ID 275 (Slot ID 115) Maintainence fee cost $500 to Judicial's budget fund.
[2018/1/11 - 17:00:18] Vehicle ID 312 (Slot ID 171) Maintainence fee cost $500 to Judicial's budget fund.
[2018/1/11 - 17:50:10] Scott Goodman has been paid $27,500 from Judicial's budget.
[2018/1/11 - 18:01:00] The faction vault is at $22,513,471.
[2018/1/11 - 18:01:00] SA Gov Paid $75,000 to Judicial budget fund.
[2018/1/11 - 18:01:00] Vehicle ID 257 (Slot ID 95) Maintainence fee cost $500 to Judicial's budget fund.
[2018/1/11 - 18:01:00] Vehicle ID 259 (Slot ID 97) Maintainence fee cost $500 to Judicial's budget fund.
[2018/1/11 - 18:01:00] Vehicle ID 260 (Slot ID 98) Maintainence fee cost $500 to Judicial's budget fund.
[2018/1/11 - 18:01:00] Vehicle ID 261 (Slot ID 100) Maintainence fee cost $500 to Judicial's budget fund.
[2018/1/11 - 18:01:00] Vehicle ID 275 (Slot ID 115) Maintainence fee cost $500 to Judicial's budget fund.
[2018/1/11 - 18:01:00] Vehicle ID 312 (Slot ID 171) Maintainence fee cost $500 to Judicial's budget fund.
[2018/1/11 - 18:57:56] Scott Goodman has been paid $27,500 from Judicial's budget.
[2018/1/11 - 19:00:35] The faction vault is at $22,564,971.
[2018/1/11 - 19:00:35] SA Gov Paid $75,000 to Judicial budget fund.
[2018/1/11 - 19:00:35] Vehicle ID 257 (Slot ID 95) Maintainence fee cost $500 to Judicial's budget fund.
[2018/1/11 - 19:00:35] Vehicle ID 259 (Slot ID 97) Maintainence fee cost $500 to Judicial's budget fund.
[2018/1/11 - 19:00:35] Vehicle ID 260 (Slot ID 98) Maintainence fee cost $500 to Judicial's budget fund.
[2018/1/11 - 19:00:35] Vehicle ID 261 (Slot ID 100) Maintainence fee cost $500 to Judicial's budget fund.
[2018/1/11 - 19:00:35] Vehicle ID 275 (Slot ID 115) Maintainence fee cost $500 to Judicial's budget fund.
[2018/1/11 - 19:00:35] Vehicle ID 312 (Slot ID 171) Maintainence fee cost $500 to Judicial's budget fund.
[2018/1/11 - 20:00:25] The faction vault is at $22,642,371.
[2018/1/11 - 20:00:25] SA Gov Paid $75,000 to Judicial budget fund.
[2018/1/11 - 20:00:25] Vehicle ID 257 (Slot ID 95) Maintainence fee cost $500 to Judicial's budget fund.
[2018/1/11 - 20:00:25] Vehicle ID 259 (Slot ID 97) Maintainence fee cost $500 to Judicial's budget fund.
[2018/1/11 - 20:00:25] Vehicle ID 260 (Slot ID 98) Maintainence fee cost $500 to Judicial's budget fund.
[2018/1/11 - 20:00:25] Vehicle ID 261 (Slot ID 100) Maintainence fee cost $500 to Judicial's budget fund.
[2018/1/11 - 20:00:25] Vehicle ID 275 (Slot ID 115) Maintainence fee cost $500 to Judicial's budget fund.
[2018/1/11 - 20:00:25] Vehicle ID 312 (Slot ID 171) Maintainence fee cost $500 to Judicial's budget fund.
[2018/1/11 - 20:21:36] Scott Goodman has been paid $27,500 from Judicial's budget.
[2018/1/11 - 20:29:53] Murad Leonheart has been paid $30,000 from Judicial's budget.
[2018/1/11 - 21:00:13] The faction vault is at $22,664,271.
[2018/1/11 - 21:00:13] SA Gov Paid $75,000 to Judicial budget fund.
[2018/1/11 - 21:00:13] Vehicle ID 257 (Slot ID 95) Maintainence fee cost $500 to Judicial's budget fund.
[2018/1/11 - 21:00:13] Vehicle ID 259 (Slot ID 97) Maintainence fee cost $500 to Judicial's budget fund.
[2018/1/11 - 21:00:13] Vehicle ID 260 (Slot ID 98) Maintainence fee cost $500 to Judicial's budget fund.
[2018/1/11 - 21:00:13] Vehicle ID 261 (Slot ID 100) Maintainence fee cost $500 to Judicial's budget fund.
[2018/1/11 - 21:00:13] Vehicle ID 275 (Slot ID 115) Maintainence fee cost $500 to Judicial's budget fund.
[2018/1/11 - 21:00:13] Vehicle ID 312 (Slot ID 171) Maintainence fee cost $500 to Judicial's budget fund.
[2018/1/11 - 22:00:58] The faction vault is at $22,744,271.
[2018/1/11 - 22:00:58] SA Gov Paid $75,000 to Judicial budget fund.
[2018/1/11 - 22:00:58] Vehicle ID 257 (Slot ID 95) Maintainence fee cost $500 to Judicial's budget fund.
[2018/1/11 - 22:00:58] Vehicle ID 259 (Slot ID 97) Maintainence fee cost $500 to Judicial's budget fund.
[2018/1/11 - 22:00:58] Vehicle ID 260 (Slot ID 98) Maintainence fee cost $500 to Judicial's budget fund.
[2018/1/11 - 22:00:58] Vehicle ID 261 (Slot ID 100) Maintainence fee cost $500 to Judicial's budget fund.
[2018/1/11 - 22:00:58] Vehicle ID 275 (Slot ID 115) Maintainence fee cost $500 to Judicial's budget fund.
[2018/1/11 - 22:00:58] Vehicle ID 312 (Slot ID 171) Maintainence fee cost $500 to Judicial's budget fund.
[2018/1/11 - 22:20:53] Murad Leonheart has refueled vehicle 312 at a cost of $4158 to Judicial's budget fund.
[2018/1/11 - 22:40:31] Scott Goodman has been paid $27,500 from Judicial's budget.
[2018/1/11 - 22:40:55] Murad Leonheart has been paid $30,000 from Judicial's budget.
[2018/1/11 - 22:52:55] Marco Archer took a vest out of the Judicial locker at a cost of 1 HG Material.
[2018/1/11 - 22:52:59] Murad Leonheart took a vest out of the Judicial locker at a cost of 1 HG Material.
[2018/1/11 - 23:00:10] Marco Archer took a vest out of the Judicial locker at a cost of 1 HG Material.
[2018/1/11 - 23:00:38] The faction vault is at $22,758,813.
[2018/1/11 - 23:00:38] SA Gov Paid $75,000 to Judicial budget fund.
[2018/1/11 - 23:00:38] Vehicle ID 257 (Slot ID 95) Maintainence fee cost $500 to Judicial's budget fund.
[2018/1/11 - 23:00:38] Vehicle ID 259 (Slot ID 97) Maintainence fee cost $500 to Judicial's budget fund.
[2018/1/11 - 23:00:38] Vehicle ID 260 (Slot ID 98) Maintainence fee cost $500 to Judicial's budget fund.
[2018/1/11 - 23:00:38] Vehicle ID 261 (Slot ID 100) Maintainence fee cost $500 to Judicial's budget fund.
[2018/1/11 - 23:00:38] Vehicle ID 275 (Slot ID 115) Maintainence fee cost $500 to Judicial's budget fund.
[2018/1/11 - 23:00:38] Vehicle ID 312 (Slot ID 171) Maintainence fee cost $500 to Judicial's budget fund.
[2018/1/11 - 23:10:08] Marco Archer has been paid $10 from Judicial's budget.
[2018/1/11 - 23:52:33] Murad Leonheart has been paid $30,000 from Judicial's budget.
[2018/1/11 - 23:54:21] Bryce Richard took a vest out of the Judicial locker at a cost of 1 HG Material.
