[2018/1/20 - 0:07:04] [SD-356] Vincenzo Luciano has logged in.
[2018/1/20 - 0:09:37] Commander Michael J. Aachen has timed out.
[2018/1/20 - 0:12:14] * Officer Martin Powers has taken away Tony Brooks's weapons.
[2018/1/20 - 0:15:36] [SD-130] Commander Andre Stallone has logged out.
[2018/1/20 - 0:18:22] Aldi Digros has withdrawn a M4A1 from the weapon locker (Cost: 9)
[2018/1/20 - 0:18:43] [SD-360] Deputy Sheriff Martin Powers has timed out.
[2018/1/20 - 0:28:17] Aldi Digros has withdrawn a SPAS-12 from the weapon locker (Cost: 9)
[2018/1/20 - 0:28:19] Aldi Digros has withdrawn a Desert Eagle from the weapon locker (Cost: 3)
[2018/1/20 - 0:28:20] Aldi Digros has withdrawn a MP5 from the weapon locker (Cost: 4)
[2018/1/20 - 0:28:21] Jaxy Snow has withdrawn a M4A1 from the weapon locker (Cost: 9)
[2018/1/20 - 0:28:22] Jaxy Snow has withdrawn a Desert Eagle from the weapon locker (Cost: 3)
[2018/1/20 - 0:28:22] Jaxy Snow has withdrawn a Shotgun from the weapon locker (Cost: 2)
[2018/1/20 - 0:28:23] Aldi Digros has withdrawn a Nitestick from the weapon locker (Cost: 1)
[2018/1/20 - 0:28:23] Jaxy Snow has withdrawn a Nitestick from the weapon locker (Cost: 1)
[2018/1/20 - 0:28:24] Jaxy Snow has withdrawn a Spray Can from the weapon locker (Cost: 1)
[2018/1/20 - 0:39:54] Deputy I.T Noel Mofujohn has logged out.
[2018/1/20 - 0:41:08] Andre Stallone (1000146394) has set Andre Stallone's (1000146394) badge to SD-T130.
[2018/1/20 - 0:41:22] Andre Stallone (1000146394) has set Jay Artz's (1000618511) badge to SD-P333.
[2018/1/20 - 0:41:33] Andre Stallone (1000146394) has set Billy Greaves's (1000147807) badge to SD-E278.
[2018/1/20 - 0:42:06] [SD-360] Deputy Sheriff Martin Powers has logged out.
[2018/1/20 - 0:45:33] Andre Stallone (1000146394) has set Aldi Digros's (1000196693) badge to SD-P378.
[2018/1/20 - 0:45:47] Andre Stallone (1000146394) has set Tobi Saito's (1000332639) badge to SD-T249.
[2018/1/20 - 0:46:02] Andre Stallone (1000146394) has set Jaxy Snow's (1000150938) badge to SD-N444.
[2018/1/20 - 0:46:38] Andre Stallone (1000146394) has set Scott Goodman's (863969) badge to SD-N400.
[2018/1/20 - 0:56:06] EMS Driver Billy Greaves has successfully delivered Patient Titus Styles to the hospital.
[2018/1/20 - 1:02:25] Deputy I.T Noel Mofujohn has timed out.
[2018/1/20 - 1:02:41] [SD-P333] Deputy Sheriff Jay Artz has timed out.
[2018/1/20 - 1:05:05] Scott R. Mclaren (1000623504) has quit the SASD as a rank 9
[2018/1/20 - 1:06:42] Aldi Digros has withdrawn a Sniper Rifle from the weapon locker (Cost: 10)
[2018/1/20 - 1:07:43] [SD-N444] Deputy I.T Jaxy Snow has logged out.
[2018/1/20 - 1:10:18] Billy Greaves has withdrawn a Sniper Rifle from the weapon locker (Cost: 10)
[2018/1/20 - 1:10:19] Billy Greaves has withdrawn a SPAS-12 from the weapon locker (Cost: 9)
[2018/1/20 - 1:10:20] Billy Greaves has withdrawn a M4A1 from the weapon locker (Cost: 9)
[2018/1/20 - 1:10:22] Billy Greaves has withdrawn a Desert Eagle from the weapon locker (Cost: 3)
[2018/1/20 - 1:11:47] [VET:SSG] Sergeant Curtis Casso has timed out.
[2018/1/20 - 1:11:58] [SD-N400] Sheriff Scott Goodman has logged out.
[2018/1/20 - 1:13:04] [SD-P378] Deputy Sheriff Aldi Digros has logged out.
[2018/1/20 - 1:13:28] [VET:SSG] Sergeant Curtis Casso has timed out.
[2018/1/20 - 1:13:37] EMS Driver Billy Greaves has successfully delivered Patient Andre Stallone to the hospital.
[2018/1/20 - 1:14:46] Scott R. Mclaren (1000623504) has made Scott R. Mclaren (1000623504) the leader of the SASD.
[2018/1/20 - 1:14:50] Curtis Casso has withdrawn a M4A1 from the weapon locker (Cost: 9)
[2018/1/20 - 1:14:51] Sheriff Scott R. Mclaren (1000623504) (rank 9) has given Scott R. Mclaren (1000623504) rank 5 (Lieutenant) in SASD (12).
[2018/1/20 - 1:14:52] Curtis Casso has withdrawn a MP5 from the weapon locker (Cost: 4)
[2018/1/20 - 1:14:58] Curtis Casso has withdrawn a Desert Eagle from the weapon locker (Cost: 3)
[2018/1/20 - 1:16:13] Scott R. Mclaren (1000623504) has made Scott R. Mclaren (1000623504) the leader of the SASD.
[2018/1/20 - 1:16:35] Sheriff Scott R. Mclaren (1000623504) has set Scott R. Mclaren's (1000623504) division to POB in SASD (12).
[2018/1/20 - 1:16:57] EMS Driver Billy Greaves has successfully delivered Patient Titus Styles to the hospital.
[2018/1/20 - 1:17:05] Scott R. Mclaren (1000623504) has set Scott R. Mclaren's (1000623504) badge to [SD-280.
[2018/1/20 - 1:17:10] Scott R. Mclaren (1000623504) has set Scott R. Mclaren's (1000623504) badge to SD-280.
[2018/1/20 - 1:17:32] Sheriff Scott R. Mclaren (1000623504) (rank 9) has given Scott R. Mclaren (1000623504) rank 5 (Lieutenant) in SASD (12).
[2018/1/20 - 1:20:37] [SD-XXX] Deputy Sheriff Daisaki Hanako has logged out.
[2018/1/20 - 1:23:30] Daisaki Hanako has withdrawn a Sniper Rifle from the weapon locker (Cost: 10)
[2018/1/20 - 1:23:32] [SD-E278] Sergeant Billy Greaves has logged out.
[2018/1/20 - 1:24:47] [SD-XXX] Deputy Sheriff Daisaki Hanako has timed out.
[2018/1/20 - 1:25:32] [SD-N400] Scott Goodman has logged in.
[2018/1/20 - 1:25:58] Sheriff Kieron Casso (69824) (rank 9) has given Curtis Casso (68632) rank 1 (Deputy Sheriff) in SASD (12).
[2018/1/20 - 1:26:09] Kieron Casso (69824) has set Curtis Casso's (68632) badge to SD-383.
[2018/1/20 - 1:28:49] [SD-XXX] Deputy Sheriff Daisaki Hanako has timed out.
[2018/1/20 - 1:30:37] [SD-XXX] Deputy Sheriff Daisaki Hanako has timed out.
[2018/1/20 - 1:30:43] Sheriff Kieron Casso (69824) (rank 9) has given Scott Goodman (863969) rank 1 (Deputy Sheriff) in SASD (12).
[2018/1/20 - 1:30:46] Sheriff Kieron Casso (69824) (rank 9) has given Scott Goodman (863969) rank 0 (Deputy I.T) in SASD (12).
[2018/1/20 - 1:33:19] [SD-XXX] Deputy Sheriff Daisaki Hanako has timed out.
[2018/1/20 - 1:33:21] [SD-P333] Deputy Sheriff Jay Artz has logged out.
[2018/1/20 - 1:35:07] Scott R. Mclaren has withdrawn a Sniper Rifle from the weapon locker (Cost: 10)
[2018/1/20 - 1:35:07] Scott R. Mclaren has withdrawn a SPAS-12 from the weapon locker (Cost: 9)
[2018/1/20 - 1:35:09] Scott R. Mclaren has withdrawn a M4A1 from the weapon locker (Cost: 9)
[2018/1/20 - 1:35:10] Scott R. Mclaren has withdrawn a Desert Eagle from the weapon locker (Cost: 3)
[2018/1/20 - 1:36:14] EMS Driver Michael J. Aachen has successfully delivered Patient Peter Rodriguez to the hospital.
[2018/1/20 - 1:36:15] EMS Driver Michael J. Aachen has successfully delivered Patient Tobi Saito to the hospital.
[2018/1/20 - 1:36:33] [SD-121] Commander Alistair W. Hall has timed out.
[2018/1/20 - 1:37:15] EMS Driver Michael J. Aachen has successfully delivered Patient Sharkiesha Diesel to the hospital.
[2018/1/20 - 1:37:53] Andre Stallone (1000146394) has set Michael J. Aachen's (1000570758) badge to SD-E199.
[2018/1/20 - 1:39:14] Scott Goodman has withdrawn a Desert Eagle from the weapon locker (Cost: 3)
[2018/1/20 - 1:39:16] Scott Goodman has withdrawn a Shotgun from the weapon locker (Cost: 2)
[2018/1/20 - 1:39:20] Scott Goodman has withdrawn a MP5 from the weapon locker (Cost: 4)
[2018/1/20 - 1:39:22] [SD-193] Sheriff Kieron Casso has timed out.
[2018/1/20 - 1:41:16] [SD-XXX] Deputy Sheriff Daisaki Hanako has logged out.
[2018/1/20 - 1:42:27] [SD-200] Captain Akirasuya Hanako has timed out.
[2018/1/20 - 1:42:54] Robert Caber has withdrawn a M4A1 from the weapon locker (Cost: 9)
[2018/1/20 - 1:42:56] Robert Caber has withdrawn a Desert Eagle from the weapon locker (Cost: 3)
[2018/1/20 - 1:44:00] Robert Caber (1000215713) has made Michael J. Aachen (1000570758) the leader of the SASD.
[2018/1/20 - 1:44:02] Michael J. Aachen has withdrawn a Sniper Rifle from the weapon locker (Cost: 10)
[2018/1/20 - 1:44:03] Michael J. Aachen has withdrawn a SPAS-12 from the weapon locker (Cost: 9)
[2018/1/20 - 1:44:04] Michael J. Aachen has withdrawn a M4A1 from the weapon locker (Cost: 9)
[2018/1/20 - 1:44:05] Michael J. Aachen has withdrawn a Silenced Colt .45 from the weapon locker (Cost: 1)
[2018/1/20 - 1:44:07] Robert Caber has withdrawn a SPAS-12 from the weapon locker (Cost: 9)
[2018/1/20 - 1:44:08] Sheriff Michael J. Aachen (1000570758) (rank 9) has given Michael J. Aachen (1000570758) rank 7 (Commander) in SASD (12).
[2018/1/20 - 1:46:00] Captain Akirasuya Hanako (953) (rank 6) has given Daisaki Hanako (147442) rank 1 (Deputy Sheriff) in SASD (12).
[2018/1/20 - 1:46:25] Akirasuya Hanako (953) has set Akirasuya Hanako's (953) badge to SD-E200.
[2018/1/20 - 1:52:02] Alistair W. Hall (1000541552) has set Alistair W. Hall's (1000541552) badge to SD-I121.
[2018/1/20 - 1:52:11] Andre Stallone (1000146394) has set Curtis Casso's (68632) badge to SD-P383.
[2018/1/20 - 1:52:27] Andre Stallone (1000146394) has set Johnny Sixx's (1000184935) badge to SD-T244.
[2018/1/20 - 1:52:29] Andre Stallone (1000146394) has set Johnny Sixx's (1000184935) badge to SD-T266.
[2018/1/20 - 1:52:42] Andre Stallone (1000146394) has set Kieron Casso's (69824) badge to SD-C193.
[2018/1/20 - 1:52:58] Andre Stallone (1000146394) has set Dwight Silvetti's (847669) badge to SD-C188.
[2018/1/20 - 1:55:56] Robert Caber has withdrawn a Nitestick from the weapon locker (Cost: 1)
[2018/1/20 - 1:56:19] [SD-E199] Commander Michael J. Aachen has timed out.
[2018/1/20 - 1:56:33] [SD-N400] Deputy I.T Scott Goodman has logged out.
[2018/1/20 - 1:59:21] [SD-E199] Commander Michael J. Aachen has logged out.
[2018/1/20 - 1:59:32] [SD-XXX] Deputy Sheriff Daisaki Hanako has timed out.
[2018/1/20 - 2:00:04] [SD-C193] Sheriff Kieron Casso has logged out.
[2018/1/20 - 2:00:07] [SD-P383] Deputy Sheriff Curtis Casso has logged out.
[2018/1/20 - 2:00:08] [SD-I121] Commander Alistair W. Hall has logged out.
[2018/1/20 - 2:01:14] [SD-C188] Undersheriff Dwight Silvetti has logged out.
[2018/1/20 - 2:01:24] Commander Andre Stallone (rank 8) has offline uninvited Daisaki Hanako from SASD (12).
[2018/1/20 - 2:01:27] [SD-T130] Commander Andre Stallone has logged out.
[2018/1/20 - 2:02:50] [SD-E200] Captain Akirasuya Hanako has timed out.
[2018/1/20 - 2:02:57] [SD-E199] Commander Michael J. Aachen has timed out.
[2018/1/20 - 2:03:23] [SD-C193] Sheriff Kieron Casso has timed out.
[2018/1/20 - 2:03:26] [SD-T266] Captain Johnny Sixx has timed out.
[2018/1/20 - 2:03:26] [SD-T249] Deputy Sheriff Tobi Saito has timed out.
[2018/1/20 - 6:17:33] Doc Kanaan (38924) has made Doc Kanaan (38924) the leader of the SASD.
[2018/1/20 - 6:27:11] Commander Michael J. Aachen (1000570758) has set Michael J. Aachen's (1000570758) division to ESB in SASD (12).
[2018/1/20 - 6:27:36] EMS Driver Billy Greaves has successfully delivered Patient Doc Kanaan to the hospital.
[2018/1/20 - 6:27:36] EMS Driver Billy Greaves has successfully delivered Patient Cruzio Demon to the hospital.
[2018/1/20 - 6:28:20] EMS Driver Michael J. Aachen has successfully delivered Patient Jaxson Teller to the hospital.
[2018/1/20 - 6:30:52] Sheriff Doc Kanaan (38924) (rank 9) has given Doc Kanaan (38924) rank 1 (Deputy Sheriff) in SASD (12).
[2018/1/20 - 6:33:57] Deputy Sheriff Jaxson Teller has logged out.
[2018/1/20 - 6:50:43] [SD-C188] Undersheriff Dwight Silvetti has logged out.
[2018/1/20 - 6:51:39] Kobe Bieber (1000626851) accepted Commander Michael J. Aachen's (1000570758) invite to join SASD (12).
[2018/1/20 - 6:51:47] Commander Michael J. Aachen (1000570758) (rank 7) has uninvited Kobe Bieber (1000626851) (rank 0) from SASD (12).
[2018/1/20 - 6:53:33] [SD-C188] Undersheriff Dwight Silvetti has logged out.
[2018/1/20 - 7:01:39] [SD-456] Deputy I.T Shichinin Misaki has timed out.
[2018/1/20 - 7:11:45] [SD-C188] Undersheriff Dwight Silvetti has logged out.
[2018/1/20 - 7:13:55] [SD-E199] Commander Michael J. Aachen has logged out.
[2018/1/20 - 7:18:49] Michael J. Aachen has withdrawn a Sniper Rifle from the weapon locker (Cost: 10)
[2018/1/20 - 7:18:50] Michael J. Aachen has withdrawn a SPAS-12 from the weapon locker (Cost: 9)
[2018/1/20 - 7:18:51] Michael J. Aachen has withdrawn a M4A1 from the weapon locker (Cost: 9)
[2018/1/20 - 7:18:52] Michael J. Aachen has withdrawn a Desert Eagle from the weapon locker (Cost: 3)
[2018/1/20 - 7:18:53] Michael J. Aachen has withdrawn a Silenced Colt .45 from the weapon locker (Cost: 1)
[2018/1/20 - 7:22:01] [SD-E200] Captain Akirasuya Hanako has logged out.
[2018/1/20 - 7:25:14] [SD-E200] Captain Akirasuya Hanako has logged out.
[2018/1/20 - 7:29:02] Undersheriff Dwight Silvetti (847669) (rank 8) has given Michael J. Aachen (1000570758) rank 0 (Deputy I.T) in SASD (12).
[2018/1/20 - 7:29:46] Undersheriff Dwight Silvetti (847669) (rank 8) has given Michael J. Aachen (1000570758) rank 7 (Commander) in SASD (12).
[2018/1/20 - 7:30:11] Dwight Silvetti has withdrawn a Sniper Rifle from the weapon locker (Cost: 10)
[2018/1/20 - 7:30:12] Dwight Silvetti has withdrawn a SPAS-12 from the weapon locker (Cost: 9)
[2018/1/20 - 7:30:13] Dwight Silvetti has withdrawn a M4A1 from the weapon locker (Cost: 9)
[2018/1/20 - 7:30:14] [SD-E200] Captain Akirasuya Hanako has logged out.
[2018/1/20 - 7:30:15] Dwight Silvetti has withdrawn a Desert Eagle from the weapon locker (Cost: 3)
[2018/1/20 - 7:31:45] Michael J. Aachen has withdrawn a Sniper Rifle from the weapon locker (Cost: 10)
[2018/1/20 - 7:31:46] Michael J. Aachen has withdrawn a SPAS-12 from the weapon locker (Cost: 9)
[2018/1/20 - 7:31:47] Michael J. Aachen has withdrawn a M4A1 from the weapon locker (Cost: 9)
[2018/1/20 - 7:31:48] Michael J. Aachen has withdrawn a Silenced Colt .45 from the weapon locker (Cost: 1)
[2018/1/20 - 7:34:21] [SD-313] Deputy Sheriff Inoshima Vikouri has logged out.
[2018/1/20 - 7:36:24] Michael J. Aachen has withdrawn a Sniper Rifle from the weapon locker (Cost: 10)
[2018/1/20 - 7:36:25] Michael J. Aachen has withdrawn a SPAS-12 from the weapon locker (Cost: 9)
[2018/1/20 - 7:36:26] Michael J. Aachen has withdrawn a M4A1 from the weapon locker (Cost: 9)
[2018/1/20 - 7:36:27] Michael J. Aachen has withdrawn a Silenced Colt .45 from the weapon locker (Cost: 1)
[2018/1/20 - 7:36:55] Dwight Silvetti has withdrawn a Sniper Rifle from the weapon locker (Cost: 10)
[2018/1/20 - 7:36:56] Dwight Silvetti has withdrawn a SPAS-12 from the weapon locker (Cost: 9)
[2018/1/20 - 7:36:57] Dwight Silvetti has withdrawn a M4A1 from the weapon locker (Cost: 9)
[2018/1/20 - 7:36:58] Dwight Silvetti has withdrawn a Desert Eagle from the weapon locker (Cost: 3)
[2018/1/20 - 7:38:10] Deputy Sheriff Jaxson Teller has logged out.
[2018/1/20 - 7:40:58] EMS Driver Michael J. Aachen has successfully delivered Patient Elmar P. Maravilla to the hospital.
[2018/1/20 - 7:41:13] Dwight Silvetti has withdrawn a Sniper Rifle from the weapon locker (Cost: 10)
[2018/1/20 - 7:41:14] Dwight Silvetti has withdrawn a SPAS-12 from the weapon locker (Cost: 9)
[2018/1/20 - 7:41:14] Dwight Silvetti has withdrawn a M4A1 from the weapon locker (Cost: 9)
[2018/1/20 - 7:41:15] Dwight Silvetti has withdrawn a Desert Eagle from the weapon locker (Cost: 3)
[2018/1/20 - 7:42:35] Kurt Blevis has withdrawn a Sniper Rifle from the weapon locker (Cost: 10)
[2018/1/20 - 7:42:38] Kurt Blevis has withdrawn a SPAS-12 from the weapon locker (Cost: 9)
[2018/1/20 - 7:49:27] Billy Greaves has withdrawn a Sniper Rifle from the weapon locker (Cost: 10)
[2018/1/20 - 7:49:27] Dwight Silvetti has withdrawn a Sniper Rifle from the weapon locker (Cost: 10)
[2018/1/20 - 7:49:27] Billy Greaves has withdrawn a SPAS-12 from the weapon locker (Cost: 9)
[2018/1/20 - 7:49:28] Dwight Silvetti has withdrawn a SPAS-12 from the weapon locker (Cost: 9)
[2018/1/20 - 7:49:28] Dwight Silvetti has withdrawn a M4A1 from the weapon locker (Cost: 9)
[2018/1/20 - 7:49:28] Billy Greaves has withdrawn a M4A1 from the weapon locker (Cost: 9)
[2018/1/20 - 7:49:29] Dwight Silvetti has withdrawn a Desert Eagle from the weapon locker (Cost: 3)
[2018/1/20 - 7:49:30] Billy Greaves has withdrawn a Desert Eagle from the weapon locker (Cost: 3)
[2018/1/20 - 8:01:38] Kurt Blevis has withdrawn a Sniper Rifle from the weapon locker (Cost: 10)
[2018/1/20 - 8:01:40] Kurt Blevis has withdrawn a SPAS-12 from the weapon locker (Cost: 9)
[2018/1/20 - 8:01:42] Kurt Blevis has withdrawn a M4A1 from the weapon locker (Cost: 9)
[2018/1/20 - 8:01:44] Kurt Blevis has withdrawn a Desert Eagle from the weapon locker (Cost: 3)
[2018/1/20 - 8:03:46] Undersheriff Dwight Silvetti (847669) (rank 8) has uninvited Kurt Blevis (1000593488) (rank 0) from SASD (12).
[2018/1/20 - 8:03:49] Undersheriff Dwight Silvetti (847669) (rank 8) has uninvited Ronnie Zamorak (1000626395) (rank 2) from SASD (12).
[2018/1/20 - 8:08:56] Dwight Silvetti has withdrawn a Sniper Rifle from the weapon locker (Cost: 10)
[2018/1/20 - 8:08:57] Dwight Silvetti has withdrawn a SPAS-12 from the weapon locker (Cost: 9)
[2018/1/20 - 8:08:58] Dwight Silvetti has withdrawn a M4A1 from the weapon locker (Cost: 9)
[2018/1/20 - 8:08:59] Dwight Silvetti has withdrawn a Desert Eagle from the weapon locker (Cost: 3)
[2018/1/20 - 8:09:02] [SD-C188] Undersheriff Dwight Silvetti has logged out.
[2018/1/20 - 8:09:24] Michael J. Aachen has withdrawn a Sniper Rifle from the weapon locker (Cost: 10)
[2018/1/20 - 8:09:25] Michael J. Aachen has withdrawn a SPAS-12 from the weapon locker (Cost: 9)
[2018/1/20 - 8:09:26] Michael J. Aachen has withdrawn a M4A1 from the weapon locker (Cost: 9)
[2018/1/20 - 8:09:26] Michael J. Aachen has withdrawn a Silenced Colt .45 from the weapon locker (Cost: 1)
[2018/1/20 - 8:28:15] [SD-456] Deputy I.T Shichinin Misaki has timed out.
[2018/1/20 - 8:28:22] [SD-E199] Commander Michael J. Aachen has timed out.
[2018/1/20 - 8:28:28] [SD-E278] Sergeant Billy Greaves has timed out.
[2018/1/20 - 8:28:34] [SD-C188] Undersheriff Dwight Silvetti has timed out.
[2018/1/20 - 8:30:16] Moore L. Mcmillan has deposited a SPAS-12 into the locker.
[2018/1/20 - 8:37:53] [SD-E199] Commander Michael J. Aachen has timed out.
[2018/1/20 - 8:37:55] [MA:2LT] Lieutenant Moore L. Mcmillan has timed out.
[2018/1/20 - 8:37:56] [SD-456] Deputy I.T Shichinin Misaki has timed out.
[2018/1/20 - 8:45:28] [SD-456] Deputy I.T Shichinin Misaki has timed out.
[2018/1/20 - 8:45:28] [MA:2LT] Lieutenant Moore L. Mcmillan has timed out.
[2018/1/20 - 8:46:17] [SD-E199] Commander Michael J. Aachen has timed out.
[2018/1/20 - 8:50:24] [SD-456] Deputy I.T Shichinin Misaki has logged out.
[2018/1/20 - 8:51:54] [MA:2LT] Lieutenant Moore L. Mcmillan has timed out.
[2018/1/20 - 8:54:23] [SD-E199] Commander Michael J. Aachen has timed out.
[2018/1/20 - 8:58:06] [SD-E199] Commander Michael J. Aachen has timed out.
[2018/1/20 - 9:00:36] [SD-N444] Deputy I.T Jaxy Snow has timed out.
[2018/1/20 - 9:41:46] [SD-N444] Deputy I.T Jaxy Snow has logged out.
[2018/1/20 - 9:44:14] [SD-456] Deputy I.T Shichinin Misaki has timed out.
[2018/1/20 - 10:07:50] Scott R. Mclaren (1000623504) has made Scott R. Mclaren (1000623504) the leader of the SASD.
[2018/1/20 - 10:07:52] Sheriff Scott R. Mclaren (1000623504) (rank 9) has given Scott R. Mclaren (1000623504) rank 5 (Lieutenant) in SASD (12).
[2018/1/20 - 10:07:59] Lieutenant Scott R. Mclaren (1000623504) has set Scott R. Mclaren's (1000623504) division to POB in SASD (12).
[2018/1/20 - 10:45:43] [SD-313] Deputy Sheriff Inoshima Vikouri has logged out.
[2018/1/20 - 10:54:41] [MA:2LT] Lieutenant Moore L. Mcmillan has logged out.
[2018/1/20 - 10:55:32] Moore L. Mcmillan (1000406924) has quit the SASD as a rank 5
[2018/1/20 - 11:18:46] [SD-P378] Deputy Sheriff Aldi Digros has timed out.
[2018/1/20 - 11:41:30] Sheriff Kieron Casso (69824) has set Kieron Casso's (69824) division to ESB in SASD (12).
[2018/1/20 - 11:42:39] Sheriff Kieron Casso (69824) has set Kieron Casso's (69824) division to CMD in SASD (12).
[2018/1/20 - 11:55:43] Jaxy Snow has withdrawn a M4A1 from the weapon locker (Cost: 9)
[2018/1/20 - 11:55:46] Aldi Digros has withdrawn a SPAS-12 from the weapon locker (Cost: 9)
[2018/1/20 - 11:55:46] Jaxy Snow has withdrawn a Desert Eagle from the weapon locker (Cost: 3)
[2018/1/20 - 11:55:47] Jaxy Snow has withdrawn a Spray Can from the weapon locker (Cost: 1)
[2018/1/20 - 11:55:48] Jaxy Snow has withdrawn a Nitestick from the weapon locker (Cost: 1)
[2018/1/20 - 11:55:48] Aldi Digros has withdrawn a Desert Eagle from the weapon locker (Cost: 3)
[2018/1/20 - 11:55:49] Aldi Digros has withdrawn a MP5 from the weapon locker (Cost: 4)
[2018/1/20 - 11:55:50] Aldi Digros has withdrawn a Nitestick from the weapon locker (Cost: 1)
[2018/1/20 - 12:08:19] [SD-456] Deputy I.T Shichinin Misaki has timed out.
[2018/1/20 - 12:08:32] * Officer Aldi Digros has taken away Bernard Griffin's weapons.
[2018/1/20 - 12:18:14] [SD-P333] Deputy Sheriff Jay Artz has timed out.
[2018/1/20 - 12:35:09] [SD-C193] Sheriff Kieron Casso has timed out.
[2018/1/20 - 12:47:48] [SD-N444] Deputy I.T Jaxy Snow has timed out.
[2018/1/20 - 12:50:23] [SD-P378] Deputy Sheriff Aldi Digros has logged out.
[2018/1/20 - 12:56:09] [SD-N400] Scott Goodman has logged in.
[2018/1/20 - 13:15:34] [SD-N400] Deputy I.T Scott Goodman has timed out.
[2018/1/20 - 13:16:19] [SD-279] Sergeant Jake Ket Volkoff has logged out.
[2018/1/20 - 13:16:28] [SD-N400] Scott Goodman has logged in.
[2018/1/20 - 13:22:24] [SD-C193] Sheriff Kieron Casso has logged out.
[2018/1/20 - 13:32:12] Jake Ket Volkoff has withdrawn a SPAS-12 from the weapon locker (Cost: 9)
[2018/1/20 - 13:32:13] Jake Ket Volkoff has withdrawn a M4A1 from the weapon locker (Cost: 9)
[2018/1/20 - 13:32:13] Jake Ket Volkoff has withdrawn a AK-47 from the weapon locker (Cost: 5)
[2018/1/20 - 13:32:14] Jake Ket Volkoff has withdrawn a Desert Eagle from the weapon locker (Cost: 3)
[2018/1/20 - 13:35:23] Shichinin Misaki has withdrawn a M4A1 from the weapon locker (Cost: 9)
[2018/1/20 - 13:35:30] Shichinin Misaki has withdrawn a Nitestick from the weapon locker (Cost: 1)
[2018/1/20 - 13:43:26] Andre Stallone (1000146394) has set Shichinin Misaki's (1000568397) badge to N456.
[2018/1/20 - 13:46:43] [SD-T130] Commander Andre Stallone has timed out.
[2018/1/20 - 13:49:35] Gorge Brown (22157) accepted Sheriff Kieron Casso's (69824) invite to join SASD (12).
[2018/1/20 - 13:50:07] Jake Ket Volkoff has withdrawn a M4A1 from the weapon locker (Cost: 9)
[2018/1/20 - 13:52:08] Gorge Brown has withdrawn a MP5 from the weapon locker (Cost: 4)
[2018/1/20 - 13:53:26] Gorge Brown has withdrawn a Desert Eagle from the weapon locker (Cost: 3)
[2018/1/20 - 13:53:28] Commander Alistair W. Hall (1000541552) has set Gorge Brown's (22157) division to PSB in SASD (12).
[2018/1/20 - 13:53:34] Commander Alistair W. Hall (1000541552) (rank 7) has given Gorge Brown (22157) rank 3 (Deputy Sheriff III) in SASD (12).
[2018/1/20 - 13:53:35] Commander Alistair W. Hall (1000541552) (rank 7) has given Gorge Brown (22157) rank 4 (Sergeant) in SASD (12).
[2018/1/20 - 13:54:42] Alistair W. Hall (1000541552) has set Gorge Brown's (22157) badge to SD-I365.
[2018/1/20 - 13:54:55] [SD-422] Deputy I.T Shakira Speed has timed out.
[2018/1/20 - 13:56:25] Gorge Brown has withdrawn a M4A1 from the weapon locker (Cost: 9)
[2018/1/20 - 13:57:30] [SD-N400] Scott Goodman has logged in.
[2018/1/20 - 13:57:41] Jake Ket Volkoff has withdrawn a SPAS-12 from the weapon locker (Cost: 9)
[2018/1/20 - 13:57:41] Jake Ket Volkoff has withdrawn a M4A1 from the weapon locker (Cost: 9)
[2018/1/20 - 13:57:42] Jake Ket Volkoff has withdrawn a Desert Eagle from the weapon locker (Cost: 3)
[2018/1/20 - 13:57:44] Andre Stallone has withdrawn a Sniper Rifle from the weapon locker (Cost: 10)
[2018/1/20 - 13:57:44] Andre Stallone has withdrawn a SPAS-12 from the weapon locker (Cost: 9)
[2018/1/20 - 13:57:45] Andre Stallone has withdrawn a M4A1 from the weapon locker (Cost: 9)
[2018/1/20 - 13:57:45] Andre Stallone has withdrawn a Desert Eagle from the weapon locker (Cost: 3)
[2018/1/20 - 13:58:02] Shichinin Misaki has withdrawn a Desert Eagle from the weapon locker (Cost: 3)
[2018/1/20 - 13:58:03] Shichinin Misaki has withdrawn a M4A1 from the weapon locker (Cost: 9)
[2018/1/20 - 14:01:02] [SD-I365] Sergeant Gorge Brown has logged out.
[2018/1/20 - 14:01:40] [SD-I121] Commander Alistair W. Hall has timed out.
[2018/1/20 - 14:04:27] [SD-I121] Commander Alistair W. Hall has timed out.
[2018/1/20 - 14:05:25] Kieron Casso has withdrawn a Sniper Rifle from the weapon locker (Cost: 10)
[2018/1/20 - 14:05:31] Kieron Casso has withdrawn a Desert Eagle from the weapon locker (Cost: 3)
[2018/1/20 - 14:05:32] Kieron Casso has withdrawn a M4A1 from the weapon locker (Cost: 9)
[2018/1/20 - 14:05:34] Kieron Casso has withdrawn a Shotgun from the weapon locker (Cost: 2)
[2018/1/20 - 14:06:13] [SD-T130] Commander Andre Stallone has logged out.
[2018/1/20 - 14:08:41] [SD-279] Sergeant Jake Ket Volkoff has logged out.
[2018/1/20 - 14:09:40] Kieron Casso has withdrawn a Nitestick from the weapon locker (Cost: 1)
[2018/1/20 - 14:09:42] Kieron Casso has withdrawn a Spray Can from the weapon locker (Cost: 1)
[2018/1/20 - 14:21:46] [SD-422] Deputy I.T Shakira Speed has timed out.
[2018/1/20 - 14:27:44] [SD-I121] Commander Alistair W. Hall has timed out.
[2018/1/20 - 14:30:47] [SD-T130] Commander Andre Stallone has logged out.
[2018/1/20 - 14:34:31] [SD-I121] Commander Alistair W. Hall has timed out.
[2018/1/20 - 14:35:19] [SD-C193] Sheriff Kieron Casso has timed out.
[2018/1/20 - 14:42:55] [SD-T130] Commander Andre Stallone has logged out.
[2018/1/20 - 14:50:58] Shichinin Misaki has withdrawn a M4A1 from the weapon locker (Cost: 9)
[2018/1/20 - 14:57:25] Kieron Casso has withdrawn a M4A1 from the weapon locker (Cost: 9)
[2018/1/20 - 14:57:27] Kieron Casso has withdrawn a Desert Eagle from the weapon locker (Cost: 3)
[2018/1/20 - 14:57:27] Kieron Casso has withdrawn a Shotgun from the weapon locker (Cost: 2)
[2018/1/20 - 14:57:29] Kieron Casso has withdrawn a Nitestick from the weapon locker (Cost: 1)
[2018/1/20 - 14:57:31] Kieron Casso has withdrawn a Spray Can from the weapon locker (Cost: 1)
[2018/1/20 - 15:18:25] [SD-P333] Deputy Sheriff Jay Artz has timed out.
[2018/1/20 - 15:19:47] [SD-P333] Deputy Sheriff Jay Artz has timed out.
[2018/1/20 - 15:20:01] [SD-N444] Deputy I.T Jaxy Snow has logged out.
[2018/1/20 - 15:20:59] [SD-I121] Commander Alistair W. Hall has timed out.
[2018/1/20 - 15:24:44] Shichinin Misaki has withdrawn a SPAS-12 from the weapon locker (Cost: 9)
[2018/1/20 - 15:27:29] [SD-N444] Deputy I.T Jaxy Snow has timed out.
[2018/1/20 - 15:28:42] [SD-422] Deputy I.T Shakira Speed has timed out.
[2018/1/20 - 15:29:35] [N456] Deputy I.T Shichinin Misaki has timed out.
[2018/1/20 - 15:41:23] [SD-401] Deputy I.T Paula Nevera has logged out.
[2018/1/20 - 15:51:20] [SD-XXX] Deputy Sheriff Alex Nevera has logged out.
[2018/1/20 - 15:52:33] Tobi Saito has withdrawn a SPAS-12 from the weapon locker (Cost: 9)
[2018/1/20 - 15:52:33] Tobi Saito has withdrawn a Sniper Rifle from the weapon locker (Cost: 10)
[2018/1/20 - 15:52:34] Tobi Saito has withdrawn a Desert Eagle from the weapon locker (Cost: 3)
[2018/1/20 - 15:52:35] Tobi Saito has withdrawn a M4A1 from the weapon locker (Cost: 9)
[2018/1/20 - 15:53:06] [SD-T249] Deputy Sheriff Tobi Saito has logged out.
[2018/1/20 - 16:04:59] [SD-XXX] Deputy Sheriff Alex Nevera has logged out.
[2018/1/20 - 16:05:03] [SD-401] Deputy I.T Paula Nevera has logged out.
[2018/1/20 - 16:08:34] Jay Artz has withdrawn a SPAS-12 from the weapon locker (Cost: 9)
[2018/1/20 - 16:08:36] Jay Artz has withdrawn a Desert Eagle from the weapon locker (Cost: 3)
[2018/1/20 - 16:08:40] Jay Artz has withdrawn a M4A1 from the weapon locker (Cost: 9)
[2018/1/20 - 16:08:52] Jay Artz has withdrawn a Sniper Rifle from the weapon locker (Cost: 10)
[2018/1/20 - 16:18:39] [SD-C193] Sheriff Kieron Casso has timed out.
[2018/1/20 - 16:28:28] [SD-I365] Sergeant Gorge Brown has logged out.
[2018/1/20 - 16:38:14] [SD-P333] Deputy Sheriff Jay Artz has timed out.
[2018/1/20 - 16:47:30] [SD-C193] Sheriff Kieron Casso has timed out.
[2018/1/20 - 16:50:30] Kieron Casso has withdrawn a M4A1 from the weapon locker (Cost: 9)
[2018/1/20 - 16:50:32] Kieron Casso has withdrawn a Desert Eagle from the weapon locker (Cost: 3)
[2018/1/20 - 16:50:34] Shakira Speed has withdrawn a M4A1 from the weapon locker (Cost: 9)
[2018/1/20 - 16:50:35] Kieron Casso has withdrawn a Shotgun from the weapon locker (Cost: 2)
[2018/1/20 - 16:50:36] Kieron Casso has withdrawn a Nitestick from the weapon locker (Cost: 1)
[2018/1/20 - 16:50:38] Kieron Casso has withdrawn a Spray Can from the weapon locker (Cost: 1)
[2018/1/20 - 16:55:36] [SD-I121] Commander Alistair W. Hall has timed out.
[2018/1/20 - 16:59:01] [SD-C193] Sheriff Kieron Casso has logged out.
[2018/1/20 - 16:59:11] [SD-I121] Commander Alistair W. Hall has timed out.
[2018/1/20 - 16:59:38] Jake Ket Volkoff has withdrawn a SPAS-12 from the weapon locker (Cost: 9)
[2018/1/20 - 16:59:39] Jake Ket Volkoff has withdrawn a M4A1 from the weapon locker (Cost: 9)
[2018/1/20 - 16:59:40] Jake Ket Volkoff has withdrawn a Desert Eagle from the weapon locker (Cost: 3)
[2018/1/20 - 16:59:40] Jake Ket Volkoff has withdrawn a Nitestick from the weapon locker (Cost: 1)
[2018/1/20 - 17:02:58] [SD-I121] Commander Alistair W. Hall has timed out.
[2018/1/20 - 17:05:04] Shakira Speed has withdrawn a M4A1 from the weapon locker (Cost: 9)
[2018/1/20 - 17:05:05] Shakira Speed has withdrawn a Desert Eagle from the weapon locker (Cost: 3)
[2018/1/20 - 17:07:22] Jake Ket Volkoff (1000140021) has set Jake Ket Volkoff's (1000140021) badge to SD-D279.
[2018/1/20 - 17:07:36] Jake Ket Volkoff has withdrawn a SPAS-12 from the weapon locker (Cost: 9)
[2018/1/20 - 17:07:37] Jake Ket Volkoff has withdrawn a M4A1 from the weapon locker (Cost: 9)
[2018/1/20 - 17:07:38] Jake Ket Volkoff has withdrawn a Desert Eagle from the weapon locker (Cost: 3)
[2018/1/20 - 17:18:47] [SD-D279] Sergeant Jake Ket Volkoff has timed out.
[2018/1/20 - 17:26:34] Sergeant Toru Sato has logged out.
[2018/1/20 - 17:30:07] Deputy I.T Noel Mofujohn has logged out.
[2018/1/20 - 17:33:31] [SD-N444] Deputy I.T Jaxy Snow has logged out.
[2018/1/20 - 17:40:07] Deputy I.T Noel Mofujohn has logged out.
[2018/1/20 - 17:45:50] Johnny Sixx has withdrawn a SPAS-12 from the weapon locker (Cost: 9)
[2018/1/20 - 17:45:53] Johnny Sixx has withdrawn a M4A1 from the weapon locker (Cost: 9)
[2018/1/20 - 17:45:57] Johnny Sixx has withdrawn a Desert Eagle from the weapon locker (Cost: 3)
[2018/1/20 - 17:46:55] Deputy I.T Noel Mofujohn has logged out.
[2018/1/20 - 17:50:21] [SD-110] Commander Matt Ada has logged out.
[2018/1/20 - 17:51:39] [SD-T266] Captain Johnny Sixx has logged out.
[2018/1/20 - 17:54:59] Undersheriff Dwight Silvetti has manufactured a crate at Ocean Docks facility.
[2018/1/20 - 17:55:29] Undersheriff Dwight Silvetti has manufactured a crate at Ocean Docks facility.
[2018/1/20 - 17:55:37] Undersheriff Dwight Silvetti has manufactured a crate at Ocean Docks facility.
[2018/1/20 - 17:55:46] Undersheriff Dwight Silvetti has manufactured a crate at Ocean Docks facility.
[2018/1/20 - 17:56:00] Undersheriff Dwight Silvetti has manufactured a crate at Ocean Docks facility.
[2018/1/20 - 17:57:28] Undersheriff Dwight Silvetti has manufactured a crate at Ocean Docks facility.
[2018/1/20 - 17:57:48] Undersheriff Dwight Silvetti has manufactured a crate at Ocean Docks facility.
[2018/1/20 - 17:57:56] Undersheriff Dwight Silvetti has manufactured a crate at Ocean Docks facility.
[2018/1/20 - 17:58:08] Deputy I.T Noel Mofujohn has logged out.
[2018/1/20 - 17:58:08] Undersheriff Dwight Silvetti has manufactured a crate at Ocean Docks facility.
[2018/1/20 - 17:58:20] Undersheriff Dwight Silvetti has manufactured a crate at Ocean Docks facility.
[2018/1/20 - 17:58:28] Undersheriff Dwight Silvetti has manufactured a crate at Ocean Docks facility.
[2018/1/20 - 17:59:42] Undersheriff Dwight Silvetti has manufactured a crate at Ocean Docks facility.
[2018/1/20 - 17:59:51] Undersheriff Dwight Silvetti has manufactured a crate at Ocean Docks facility.
[2018/1/20 - 18:00:03] Undersheriff Dwight Silvetti has manufactured a crate at Ocean Docks facility.
[2018/1/20 - 18:00:11] Undersheriff Dwight Silvetti has manufactured a crate at Ocean Docks facility.
[2018/1/20 - 18:00:18] Undersheriff Dwight Silvetti has manufactured a crate at Ocean Docks facility.
[2018/1/20 - 18:01:41] Undersheriff Dwight Silvetti has manufactured a crate at Ocean Docks facility.
[2018/1/20 - 18:01:52] Undersheriff Dwight Silvetti has manufactured a crate at Ocean Docks facility.
[2018/1/20 - 18:02:00] Undersheriff Dwight Silvetti has manufactured a crate at Ocean Docks facility.
[2018/1/20 - 18:02:15] Undersheriff Dwight Silvetti has manufactured a crate at Ocean Docks facility.
[2018/1/20 - 18:02:32] Undersheriff Dwight Silvetti has manufactured a crate at Ocean Docks facility.
[2018/1/20 - 18:03:47] Undersheriff Dwight Silvetti has manufactured a crate at Ocean Docks facility.
[2018/1/20 - 18:03:57] Undersheriff Dwight Silvetti has manufactured a crate at Ocean Docks facility.
[2018/1/20 - 18:04:07] Undersheriff Dwight Silvetti has manufactured a crate at Ocean Docks facility.
[2018/1/20 - 18:04:22] Undersheriff Dwight Silvetti has manufactured a crate at Ocean Docks facility.
[2018/1/20 - 18:04:30] Undersheriff Dwight Silvetti has manufactured a crate at Ocean Docks facility.
[2018/1/20 - 18:05:29] Deputy I.T Noel Mofujohn has logged out.
[2018/1/20 - 18:05:51] Undersheriff Dwight Silvetti has manufactured a crate at Ocean Docks facility.
[2018/1/20 - 18:05:59] Undersheriff Dwight Silvetti has manufactured a crate at Ocean Docks facility.
[2018/1/20 - 18:06:07] Undersheriff Dwight Silvetti has manufactured a crate at Ocean Docks facility.
[2018/1/20 - 18:06:16] Undersheriff Dwight Silvetti has manufactured a crate at Ocean Docks facility.
[2018/1/20 - 18:07:29] Undersheriff Dwight Silvetti has manufactured a crate at Ocean Docks facility.
[2018/1/20 - 18:07:39] Undersheriff Dwight Silvetti has manufactured a crate at Ocean Docks facility.
[2018/1/20 - 18:07:51] Undersheriff Dwight Silvetti has manufactured a crate at Ocean Docks facility.
[2018/1/20 - 18:07:59] Undersheriff Dwight Silvetti has manufactured a crate at Ocean Docks facility.
[2018/1/20 - 18:08:23] Undersheriff Dwight Silvetti has manufactured a crate at Ocean Docks facility.
[2018/1/20 - 18:09:17] Robert Caber (1000215713) has made Robert Caber (1000215713) the leader of the SASD.
[2018/1/20 - 18:09:21] Sheriff Robert Caber (1000215713) (rank 9) has given Robert Caber (1000215713) rank 1 (Deputy Sheriff) in SASD (12).
[2018/1/20 - 18:09:32] Undersheriff Dwight Silvetti has manufactured a crate at Ocean Docks facility.
[2018/1/20 - 18:09:45] Undersheriff Dwight Silvetti has manufactured a crate at Ocean Docks facility.
[2018/1/20 - 18:09:53] Undersheriff Dwight Silvetti has manufactured a crate at Ocean Docks facility.
[2018/1/20 - 18:10:01] Undersheriff Dwight Silvetti has manufactured a crate at Ocean Docks facility.
[2018/1/20 - 18:10:09] Undersheriff Dwight Silvetti has manufactured a crate at Ocean Docks facility.
[2018/1/20 - 18:11:28] Undersheriff Dwight Silvetti has manufactured a crate at Ocean Docks facility.
[2018/1/20 - 18:11:44] Undersheriff Dwight Silvetti has manufactured a crate at Ocean Docks facility.
[2018/1/20 - 18:11:56] Undersheriff Dwight Silvetti has manufactured a crate at Ocean Docks facility.
[2018/1/20 - 18:12:04] Undersheriff Dwight Silvetti has manufactured a crate at Ocean Docks facility.
[2018/1/20 - 18:12:12] Undersheriff Dwight Silvetti has manufactured a crate at Ocean Docks facility.
[2018/1/20 - 18:13:24] Undersheriff Dwight Silvetti has manufactured a crate at Ocean Docks facility.
[2018/1/20 - 18:13:32] Undersheriff Dwight Silvetti has manufactured a crate at Ocean Docks facility.
[2018/1/20 - 18:13:41] Undersheriff Dwight Silvetti has manufactured a crate at Ocean Docks facility.
[2018/1/20 - 18:13:49] Undersheriff Dwight Silvetti has manufactured a crate at Ocean Docks facility.
[2018/1/20 - 18:14:31] Undersheriff Dwight Silvetti has manufactured a crate at Ocean Docks facility.
[2018/1/20 - 18:15:48] Undersheriff Dwight Silvetti has manufactured a crate at Ocean Docks facility.
[2018/1/20 - 18:15:56] Undersheriff Dwight Silvetti has manufactured a crate at Ocean Docks facility.
[2018/1/20 - 18:16:03] Undersheriff Dwight Silvetti has manufactured a crate at Ocean Docks facility.
[2018/1/20 - 18:16:11] Undersheriff Dwight Silvetti has manufactured a crate at Ocean Docks facility.
[2018/1/20 - 18:16:19] Undersheriff Dwight Silvetti has manufactured a crate at Ocean Docks facility.
[2018/1/20 - 18:24:31] [SD-422] Deputy I.T Shakira Speed has logged out.
[2018/1/20 - 18:26:58] [SD-T249] Deputy Sheriff Tobi Saito has logged out.
[2018/1/20 - 18:28:01] Inoshima Vikouri has withdrawn a Sniper Rifle from the weapon locker (Cost: 10)
[2018/1/20 - 18:28:03] Inoshima Vikouri has withdrawn a AK-47 from the weapon locker (Cost: 5)
[2018/1/20 - 18:28:05] Inoshima Vikouri has withdrawn a Desert Eagle from the weapon locker (Cost: 3)
[2018/1/20 - 18:28:06] Inoshima Vikouri has withdrawn a SPAS-12 from the weapon locker (Cost: 9)
[2018/1/20 - 18:35:19] [SD-422] Deputy I.T Shakira Speed has logged out.
[2018/1/20 - 18:37:55] [SD-C188] Undersheriff Dwight Silvetti has timed out.
[2018/1/20 - 18:47:28] [SD-313] Deputy Sheriff Inoshima Vikouri has logged out.
[2018/1/20 - 18:56:34] [SD-110] Commander Matt Ada has logged out.
[2018/1/20 - 19:09:31] [SD-E199] Commander Michael J. Aachen has timed out.
[2018/1/20 - 19:09:31] Undersheriff Dwight Silvetti (847669) (rank 8) has uninvited Matthew Browns (1000626062) (rank 1) from SASD (12).
[2018/1/20 - 19:15:58] Deputy I.T Noel Mofujohn has logged out.
[2018/1/20 - 19:17:01] Deputy I.T Noel Mofujohn has logged out.
[2018/1/20 - 19:17:45] [SD-E199] Commander Michael J. Aachen has timed out.
[2018/1/20 - 19:17:53] Deputy I.T Noel Mofujohn has logged out.
[2018/1/20 - 19:22:57] Deputy I.T Noel Mofujohn has logged out.
[2018/1/20 - 19:32:16] Dwight Silvetti has withdrawn a Sniper Rifle from the weapon locker (Cost: 10)
[2018/1/20 - 19:32:27] Dwight Silvetti has withdrawn a SPAS-12 from the weapon locker (Cost: 9)
[2018/1/20 - 19:32:27] Dwight Silvetti has withdrawn a M4A1 from the weapon locker (Cost: 9)
[2018/1/20 - 19:32:29] Dwight Silvetti has withdrawn a Desert Eagle from the weapon locker (Cost: 3)
[2018/1/20 - 19:32:39] Martin Powers has withdrawn a Sniper Rifle from the weapon locker (Cost: 10)
[2018/1/20 - 19:32:40] Martin Powers has withdrawn a SPAS-12 from the weapon locker (Cost: 9)
[2018/1/20 - 19:32:41] Martin Powers has withdrawn a M4A1 from the weapon locker (Cost: 9)
[2018/1/20 - 19:32:42] Martin Powers has withdrawn a Desert Eagle from the weapon locker (Cost: 3)
[2018/1/20 - 19:33:41] [SD-N444] Deputy I.T Jaxy Snow has timed out.
[2018/1/20 - 19:37:32] [SD-E199] Commander Michael J. Aachen has timed out.
[2018/1/20 - 19:38:24] [SD-I121] Commander Alistair W. Hall has timed out.
[2018/1/20 - 19:38:44] [SD-P333] Deputy Sheriff Jay Artz has timed out.
[2018/1/20 - 19:40:09] [SD-T130] Commander Andre Stallone has logged out.
[2018/1/20 - 19:41:40] Dwight Silvetti has withdrawn a Sniper Rifle from the weapon locker (Cost: 10)
[2018/1/20 - 19:41:41] Dwight Silvetti has withdrawn a SPAS-12 from the weapon locker (Cost: 9)
[2018/1/20 - 19:41:41] Dwight Silvetti has withdrawn a M4A1 from the weapon locker (Cost: 9)
[2018/1/20 - 19:41:42] Dwight Silvetti has withdrawn a Desert Eagle from the weapon locker (Cost: 3)
[2018/1/20 - 19:41:44] Martin Powers has withdrawn a SPAS-12 from the weapon locker (Cost: 9)
[2018/1/20 - 19:41:45] Martin Powers has withdrawn a Sniper Rifle from the weapon locker (Cost: 10)
[2018/1/20 - 19:41:46] [SD-C188] Undersheriff Dwight Silvetti has logged out.
[2018/1/20 - 19:41:46] Martin Powers has withdrawn a M4A1 from the weapon locker (Cost: 9)
[2018/1/20 - 19:41:46] Martin Powers has withdrawn a Desert Eagle from the weapon locker (Cost: 3)
[2018/1/20 - 19:45:03] [SD-P333] Deputy Sheriff Jay Artz has timed out.
[2018/1/20 - 19:45:12] [SD-360] Deputy Sheriff Martin Powers has timed out.
[2018/1/20 - 19:53:27] [SD-I121] Commander Alistair W. Hall has logged out.
[2018/1/20 - 19:54:38] [SD-N400] Sheriff Scott Goodman has logged out.
[2018/1/20 - 20:02:24] [SD-I121] Commander Alistair W. Hall has timed out.
[2018/1/20 - 20:48:49] [SD-P333] Deputy Sheriff Jay Artz has timed out.
[2018/1/20 - 21:11:53] [SD-N444] Deputy I.T Jaxy Snow has timed out.
[2018/1/20 - 21:14:26] [SD-E199] Commander Michael J. Aachen has timed out.
[2018/1/20 - 21:19:31] [SD-E199] Commander Michael J. Aachen has timed out.
[2018/1/20 - 21:30:34] [SD-T249] Deputy Sheriff Tobi Saito has logged out.
[2018/1/20 - 21:34:15] [SD-P333] Deputy Sheriff Jay Artz has timed out.
[2018/1/20 - 21:46:11] [SD-E199] Commander Michael J. Aachen has timed out.
[2018/1/20 - 21:52:46] [SD-E199] Commander Michael J. Aachen has timed out.
[2018/1/20 - 21:59:24] [SD-360] Deputy Sheriff Martin Powers has logged out.
[2018/1/20 - 22:18:24] Commander Alistair W. Hall (1000541552) (rank 7) has uninvited Johnny Sixx (1000184935) (rank 6) from SASD (12).
[2018/1/20 - 22:19:13] Johnny Sixx (1000184935) accepted Commander Andre Stallone's (1000146394) invite to join SASD (12).
[2018/1/20 - 22:19:14] Commander Andre Stallone (1000146394) (rank 7) has given Johnny Sixx (1000184935) rank 7 (Commander) in SASD (12).
[2018/1/20 - 22:19:24] Commander Andre Stallone (1000146394) has set Johnny Sixx's (1000184935) division to PSB in SASD (12).
[2018/1/20 - 22:20:11] [SD-T130] Commander Andre Stallone has logged out.
[2018/1/20 - 22:20:28] Commander Alistair W. Hall (1000541552) (rank 7) has uninvited Scott R. Mclaren (1000623504) (rank 5) from SASD (12).
[2018/1/20 - 22:21:15] [SD-110] Commander Matt Ada has logged out.
[2018/1/20 - 22:23:14] Undersheriff Dwight Silvetti (847669) (rank 8) has uninvited Alistair W. Hall (1000541552) (rank 7) from SASD (12).
[2018/1/20 - 22:25:05] Scott R. Mclaren (1000623504) has made Scott R. Mclaren (1000623504) the leader of the SASD.
[2018/1/20 - 22:25:39] Sheriff Scott R. Mclaren (1000623504) (rank 9) has given Johnny Sixx (1000184935) rank 6 (Captain) in SASD (12).
[2018/1/20 - 22:40:43] [SD-T130] Commander Andre Stallone has logged out.
[2018/1/20 - 22:40:44] [SD-N400] Scott Goodman has logged in.
[2018/1/20 - 22:51:42] [SD-110] Commander Matt Ada has logged out.
[2018/1/20 - 22:53:23] [SD-C188] Undersheriff Dwight Silvetti has timed out.
[2018/1/20 - 22:54:10] [SD-N400] Sheriff Scott Goodman has timed out.
[2018/1/20 - 22:54:22] [SD-422] Deputy I.T Shakira Speed has logged out.
[2018/1/20 - 23:10:41] [SD-422] Deputy I.T Shakira Speed has timed out.
[2018/1/20 - 23:58:36] [SD-P378] Deputy Sheriff Aldi Digros has logged out.
