[2018/1/25 - 0:00:29] Greg Ross has withdrawn a Tear Gas from the weapon locker (Cost: 1)
[2018/1/25 - 0:00:54] Greg Ross has withdrawn a Spray Can from the weapon locker (Cost: 1)
[2018/1/25 - 0:10:00] EMS Driver Tobi Saito has successfully delivered Patient Carly Mcknight to the hospital.
[2018/1/25 - 0:15:48] Shakira Speed has withdrawn a Sniper Rifle from the weapon locker (Cost: 10)
[2018/1/25 - 0:15:49] Shakira Speed has withdrawn a SPAS-12 from the weapon locker (Cost: 9)
[2018/1/25 - 0:15:49] Shakira Speed has withdrawn a M4A1 from the weapon locker (Cost: 9)
[2018/1/25 - 0:15:50] Shakira Speed has withdrawn a Desert Eagle from the weapon locker (Cost: 3)
[2018/1/25 - 0:22:07] Sheriff Kieron Casso (69824) (rank 9) has given Shakira Speed (1000427529) rank 1 (Deputy Sheriff) in SASD (12).
[2018/1/25 - 0:22:19] Kieron Casso (69824) has set Shakira Speed's (1000427529) badge to SD-P322.
[2018/1/25 - 0:30:11] Tobi Saito has withdrawn a SPAS-12 from the weapon locker (Cost: 9)
[2018/1/25 - 0:30:12] Tobi Saito has withdrawn a Sniper Rifle from the weapon locker (Cost: 10)
[2018/1/25 - 0:30:13] Tobi Saito has withdrawn a M4A1 from the weapon locker (Cost: 9)
[2018/1/25 - 0:30:14] Tobi Saito has withdrawn a Desert Eagle from the weapon locker (Cost: 3)
[2018/1/25 - 0:31:20] Scott R. Mclaren has withdrawn a Sniper Rifle from the weapon locker (Cost: 10)
[2018/1/25 - 0:31:21] Scott R. Mclaren has withdrawn a M4A1 from the weapon locker (Cost: 9)
[2018/1/25 - 0:31:24] Scott R. Mclaren has withdrawn a SPAS-12 from the weapon locker (Cost: 9)
[2018/1/25 - 0:33:44] Sheriff Kieron Casso (69824) has set Kieron Casso's (69824) division to SRB in SASD (12).
[2018/1/25 - 0:35:35] EMS Driver Kieron Casso has successfully delivered Patient Vincenzo Luciano to the hospital.
[2018/1/25 - 0:44:02] [SD-T249] Deputy Sheriff Tobi Saito has logged out.
[2018/1/25 - 0:52:13] Shakira Speed has withdrawn a Sniper Rifle from the weapon locker (Cost: 10)
[2018/1/25 - 0:52:13] Shakira Speed has withdrawn a SPAS-12 from the weapon locker (Cost: 9)
[2018/1/25 - 0:52:14] Shakira Speed has withdrawn a M4A1 from the weapon locker (Cost: 9)
[2018/1/25 - 0:52:15] Shakira Speed has withdrawn a Desert Eagle from the weapon locker (Cost: 3)
[2018/1/25 - 1:00:10] [SD-P312] Deputy Sheriff Greg Ross has logged out.
[2018/1/25 - 1:00:12] [SD-C193] Sheriff Kieron Casso has logged out.
[2018/1/25 - 1:00:37] [SD-A125] Commander Carlos B. Borrelli has logged out.
