[2018/1/10 - 0:06:30] Private Peter Rodriguez has timed out.
[2018/1/10 - 0:10:10] Kieron Casso has withdrawn a Sniper Rifle from the weapon locker (Cost: 10)
[2018/1/10 - 0:10:12] Kieron Casso has withdrawn a M4A1 from the weapon locker (Cost: 9)
[2018/1/10 - 0:10:13] Kieron Casso has withdrawn a Desert Eagle from the weapon locker (Cost: 3)
[2018/1/10 - 0:10:16] Kieron Casso has withdrawn a MP5 from the weapon locker (Cost: 4)
[2018/1/10 - 0:12:16] Private Peter Rodriguez has logged out.
[2018/1/10 - 0:14:19] Peter Rodriguez has withdrawn a M4A1 from the weapon locker (Cost: 9)
[2018/1/10 - 0:14:21] Peter Rodriguez has withdrawn a Desert Eagle from the weapon locker (Cost: 3)
[2018/1/10 - 0:15:01] [REC:PVT] Private Zieyd Adams has logged out.
[2018/1/10 - 0:15:42] Aywan Dabakap has withdrawn a SPAS-12 from the weapon locker (Cost: 9)
[2018/1/10 - 0:15:43] Aywan Dabakap has withdrawn a Sniper Rifle from the weapon locker (Cost: 10)
[2018/1/10 - 0:15:44] Aywan Dabakap has withdrawn a Desert Eagle from the weapon locker (Cost: 3)
[2018/1/10 - 0:15:45] Aywan Dabakap has withdrawn a M4A1 from the weapon locker (Cost: 9)
[2018/1/10 - 0:28:22] [75:1LT] Lieutenant Shakira Speed has logged out.
[2018/1/10 - 0:29:06] Peter Rodriguez has withdrawn a M4A1 from the weapon locker (Cost: 9)
[2018/1/10 - 0:29:13] Peter Rodriguez has withdrawn a AK-47 from the weapon locker (Cost: 5)
[2018/1/10 - 0:29:14] [25:2LT] Lieutenant Aywan Dabakap has logged out.
[2018/1/10 - 0:29:21] Peter Rodriguez has withdrawn a Desert Eagle from the weapon locker (Cost: 3)
[2018/1/10 - 0:29:25] Peter Rodriguez has deposited a AK-47 into the locker.
[2018/1/10 - 0:29:58] [75:PVT] Private First Class Billy Dios Delany has logged out.
[2018/1/10 - 0:32:08] Peter Rodriguez has withdrawn a M4A1 from the weapon locker (Cost: 9)
[2018/1/10 - 0:34:50] Private Peter Rodriguez has logged out.
[2018/1/10 - 0:35:21] [68:SGT] Sergeant Faye Brazy has logged out.
[2018/1/10 - 0:37:21] [68:SGT] Sergeant Faye Brazy has logged out.
[2018/1/10 - 0:41:54] [MA:COL] Colonel Jax Whiteman has timed out.
[2018/1/10 - 0:44:31] [25:1LT] Lieutenant Luke Harm has logged out.
[2018/1/10 - 0:49:43] Robert Caber has withdrawn a SPAS-12 from the weapon locker (Cost: 9)
[2018/1/10 - 0:49:44] Robert Caber has withdrawn a AK-47 from the weapon locker (Cost: 5)
[2018/1/10 - 0:49:45] Robert Caber has withdrawn a Desert Eagle from the weapon locker (Cost: 3)
[2018/1/10 - 0:50:45] Kieron Casso has withdrawn a Sniper Rifle from the weapon locker (Cost: 10)
[2018/1/10 - 0:50:46] Kieron Casso has withdrawn a SPAS-12 from the weapon locker (Cost: 9)
[2018/1/10 - 0:50:46] Kieron Casso has withdrawn a M4A1 from the weapon locker (Cost: 9)
[2018/1/10 - 0:50:48] Kieron Casso has withdrawn a Desert Eagle from the weapon locker (Cost: 3)
[2018/1/10 - 0:50:49] Billy Greaves has withdrawn a Sniper Rifle from the weapon locker (Cost: 10)
[2018/1/10 - 0:50:50] Walter Skinner has withdrawn a Desert Eagle from the weapon locker (Cost: 3)
[2018/1/10 - 0:50:50] Billy Greaves has withdrawn a SPAS-12 from the weapon locker (Cost: 9)
[2018/1/10 - 0:50:50] Walter Skinner has withdrawn a M4A1 from the weapon locker (Cost: 9)
[2018/1/10 - 0:50:51] Kieron Casso has withdrawn a Thermal Goggles from the weapon locker (Cost: 1)
[2018/1/10 - 0:50:52] Billy Greaves has withdrawn a M4A1 from the weapon locker (Cost: 9)
[2018/1/10 - 0:50:53] Kieron Casso has withdrawn a MP5 from the weapon locker (Cost: 4)
[2018/1/10 - 0:50:54] Billy Greaves has withdrawn a Desert Eagle from the weapon locker (Cost: 3)
[2018/1/10 - 0:50:58] Kyle Bluman has withdrawn a Sniper Rifle from the weapon locker (Cost: 10)
[2018/1/10 - 0:50:59] Kyle Bluman has withdrawn a SPAS-12 from the weapon locker (Cost: 9)
[2018/1/10 - 0:51:00] Kyle Bluman has withdrawn a AK-47 from the weapon locker (Cost: 5)
[2018/1/10 - 0:51:01] Kyle Bluman has withdrawn a Desert Eagle from the weapon locker (Cost: 3)
[2018/1/10 - 0:51:03] Kyle Bluman has withdrawn a Tear Gas from the weapon locker (Cost: 1)
[2018/1/10 - 0:51:04] Kyle Bluman has withdrawn a Nitestick from the weapon locker (Cost: 1)
[2018/1/10 - 0:53:29] Robert Caber has withdrawn a Sniper Rifle from the weapon locker (Cost: 10)
[2018/1/10 - 0:53:30] Robert Caber has withdrawn a SPAS-12 from the weapon locker (Cost: 9)
[2018/1/10 - 0:53:31] Robert Caber has withdrawn a AK-47 from the weapon locker (Cost: 5)
[2018/1/10 - 0:53:31] Robert Caber has withdrawn a Desert Eagle from the weapon locker (Cost: 3)
[2018/1/10 - 0:56:48] [AFA:MAJ] Major Kyle Bluman has logged out.
[2018/1/10 - 0:58:24] Kieron Casso has withdrawn a Nightvision Goggles from the weapon locker (Cost: 1)
[2018/1/10 - 0:58:29] [75R:PVT] Private Daniel Arthur has logged out.
[2018/1/10 - 0:58:57] Walter Skinner has withdrawn a Desert Eagle from the weapon locker (Cost: 3)
[2018/1/10 - 0:59:42] Walter Skinner has withdrawn a M4A1 from the weapon locker (Cost: 9)
[2018/1/10 - 0:59:55] [AIR:GEN] General Kieron Casso has logged out.
[2018/1/10 - 1:00:45] [Baws] Lieutenant Billy Greaves has logged out.
[2018/1/10 - 1:00:48] [75R:PFC] Private First Class Walter Skinner has logged out.
[2018/1/10 - 1:09:45] Luke Harm has withdrawn a SPAS-12 from the weapon locker (Cost: 9)
[2018/1/10 - 1:09:52] [ARM:GEN] General Scott R. Mclaren has logged out.
[2018/1/10 - 1:09:54] Luke Harm has withdrawn a Tear Gas from the weapon locker (Cost: 1)
[2018/1/10 - 1:11:24] [25:1LT] Lieutenant Luke Harm has logged out.
[2018/1/10 - 1:35:35] Kieron Casso has withdrawn a Sniper Rifle from the weapon locker (Cost: 10)
[2018/1/10 - 1:35:38] Kieron Casso has withdrawn a M4A1 from the weapon locker (Cost: 9)
[2018/1/10 - 1:35:39] Kieron Casso has withdrawn a Desert Eagle from the weapon locker (Cost: 3)
[2018/1/10 - 1:35:40] Kieron Casso has withdrawn a MP5 from the weapon locker (Cost: 4)
[2018/1/10 - 1:38:32] [75:PVT] Private Robert Mofujohn has timed out.
[2018/1/10 - 1:44:31] [ARM:GEN] General Scott R. Mclaren has timed out.
[2018/1/10 - 1:48:45] Luke Harm has withdrawn a Sniper Rifle from the weapon locker (Cost: 10)
[2018/1/10 - 1:48:46] Luke Harm has withdrawn a SPAS-12 from the weapon locker (Cost: 9)
[2018/1/10 - 1:48:47] Luke Harm has withdrawn a Desert Eagle from the weapon locker (Cost: 3)
[2018/1/10 - 1:48:52] Luke Harm has withdrawn a Tear Gas from the weapon locker (Cost: 1)
[2018/1/10 - 1:57:01] [AIR:GEN] General Kieron Casso has logged out.
[2018/1/10 - 1:58:15] Faye Brazy has withdrawn a Desert Eagle from the weapon locker (Cost: 3)
[2018/1/10 - 1:58:16] Faye Brazy has withdrawn a M4A1 from the weapon locker (Cost: 9)
[2018/1/10 - 2:01:40] General Scott R. Mclaren (1000623504) (rank 9) has given Faye Brazy (1000624850) rank 4 (Staff Sergeant) in SAAS (12).
[2018/1/10 - 2:02:09] Scott R. Mclaren (1000623504) has set Faye Brazy's (1000624850) badge to 75:SSG.
[2018/1/10 - 2:03:07] [ARM:GEN] General Scott R. Mclaren has logged out.
[2018/1/10 - 2:11:03] [75:SSG] Staff Sergeant Faye Brazy has logged out.
[2018/1/10 - 2:11:11] [25:1LT] Lieutenant Luke Harm has logged out.
[2018/1/10 - 2:44:07] Private Toby Reeves has manufactured a crate at Ocean Docks facility.
[2018/1/10 - 2:44:39] Private Toby Reeves has manufactured a crate at Ocean Docks facility.
[2018/1/10 - 2:44:46] Private Toby Reeves has manufactured a crate at Ocean Docks facility.
[2018/1/10 - 2:44:53] Private Toby Reeves has manufactured a crate at Ocean Docks facility.
[2018/1/10 - 2:45:02] Private Toby Reeves has manufactured a crate at Ocean Docks facility.
[2018/1/10 - 2:45:09] Private Toby Reeves has manufactured a crate at Ocean Docks facility.
[2018/1/10 - 2:51:16] Brian Black has withdrawn a Desert Eagle from the weapon locker (Cost: 3)
[2018/1/10 - 2:53:58] Private Toby Reeves has manufactured a crate at Ocean Docks facility.
[2018/1/10 - 2:54:05] Private Toby Reeves has manufactured a crate at Ocean Docks facility.
[2018/1/10 - 2:54:12] Private Toby Reeves has manufactured a crate at Ocean Docks facility.
[2018/1/10 - 2:54:19] Private Toby Reeves has manufactured a crate at Ocean Docks facility.
[2018/1/10 - 2:54:31] Private Toby Reeves has manufactured a crate at Ocean Docks facility.
[2018/1/10 - 2:58:54] [75:PVT] Private Toby Reeves has logged out.
[2018/1/10 - 2:59:51] Brian Black has withdrawn a M4A1 from the weapon locker (Cost: 9)
[2018/1/10 - 2:59:52] Brian Black has withdrawn a Desert Eagle from the weapon locker (Cost: 3)
[2018/1/10 - 3:06:12] Private Toby Reeves has manufactured a crate at Ocean Docks facility.
[2018/1/10 - 3:06:19] Private Toby Reeves has manufactured a crate at Ocean Docks facility.
[2018/1/10 - 3:06:26] Private Toby Reeves has manufactured a crate at Ocean Docks facility.
[2018/1/10 - 3:06:33] Private Toby Reeves has manufactured a crate at Ocean Docks facility.
[2018/1/10 - 3:06:39] Private Toby Reeves has manufactured a crate at Ocean Docks facility.
[2018/1/10 - 3:14:26] Private Toby Reeves has manufactured a crate at Ocean Docks facility.
[2018/1/10 - 3:14:33] Private Toby Reeves has manufactured a crate at Ocean Docks facility.
[2018/1/10 - 3:14:40] Private Toby Reeves has manufactured a crate at Ocean Docks facility.
[2018/1/10 - 3:14:46] Private Toby Reeves has manufactured a crate at Ocean Docks facility.
[2018/1/10 - 3:14:54] Private Toby Reeves has manufactured a crate at Ocean Docks facility.
[2018/1/10 - 3:20:10] [75R:PVT] Private Brian Black has logged out.
[2018/1/10 - 3:29:33] [REC:PVT] Private Axel Capone has timed out.
[2018/1/10 - 3:30:01] Private Toby Reeves has manufactured a crate at Ocean Docks facility.
[2018/1/10 - 3:30:08] Private Toby Reeves has manufactured a crate at Ocean Docks facility.
[2018/1/10 - 3:30:14] Private Toby Reeves has manufactured a crate at Ocean Docks facility.
[2018/1/10 - 3:30:21] Private Toby Reeves has manufactured a crate at Ocean Docks facility.
[2018/1/10 - 3:30:27] Private Toby Reeves has manufactured a crate at Ocean Docks facility.
[2018/1/10 - 3:34:16] Robert Mofujohn has withdrawn a M4A1 from the weapon locker (Cost: 9)
[2018/1/10 - 3:34:20] Robert Mofujohn has withdrawn a Desert Eagle from the weapon locker (Cost: 3)
[2018/1/10 - 3:35:22] [REC:PVT] Private Axel Capone has logged out.
[2018/1/10 - 3:35:30] Toby Reeves has withdrawn a Desert Eagle from the weapon locker (Cost: 3)
[2018/1/10 - 3:35:31] Toby Reeves has withdrawn a M4A1 from the weapon locker (Cost: 9)
[2018/1/10 - 3:35:40] [75:PVT] Private Robert Mofujohn has logged out.
[2018/1/10 - 3:37:28] Toby Reeves has withdrawn a M4A1 from the weapon locker (Cost: 9)
[2018/1/10 - 3:37:29] Toby Reeves has withdrawn a Desert Eagle from the weapon locker (Cost: 3)
[2018/1/10 - 3:39:25] Toby Reeves has withdrawn a M4A1 from the weapon locker (Cost: 9)
[2018/1/10 - 3:39:26] Toby Reeves has withdrawn a Desert Eagle from the weapon locker (Cost: 3)
[2018/1/10 - 3:41:24] Toby Reeves has withdrawn a M4A1 from the weapon locker (Cost: 9)
[2018/1/10 - 3:41:24] Toby Reeves has withdrawn a Desert Eagle from the weapon locker (Cost: 3)
[2018/1/10 - 3:46:21] [75:PVT] Private Toby Reeves has logged out.
[2018/1/10 - 3:55:20] [ASF:SGT] Sergeant Daisaki Hanako has logged out.
[2018/1/10 - 4:29:52] [75:PVT] Private Toby Reeves has logged out.
[2018/1/10 - 4:55:36] [75R:CPL] Corporal Kimbo Siice has timed out.
[2018/1/10 - 5:10:41] Kyros Omage has withdrawn a Sniper Rifle from the weapon locker (Cost: 10)
[2018/1/10 - 5:10:43] Kyros Omage has withdrawn a SPAS-12 from the weapon locker (Cost: 9)
[2018/1/10 - 5:10:44] Kyros Omage has withdrawn a M4A1 from the weapon locker (Cost: 9)
[2018/1/10 - 5:13:20] IMPOUND: Kyros Omage has impounded Erick Diablo's Elegy and gained $9,780
[2018/1/10 - 5:13:26] [ASF:CPL] Corporal Makku Vikouri has timed out.
[2018/1/10 - 5:20:09] [VET:68] Staff Sergeant Kyros Omage has logged out.
[2018/1/10 - 5:20:50] [ASF:SGT] Sergeant Daisaki Hanako has logged out.
[2018/1/10 - 5:36:14] [ASF:CPL] Corporal Nishimura Vikouri has logged out.
[2018/1/10 - 5:51:52] Shakira Speed has withdrawn a Sniper Rifle from the weapon locker (Cost: 10)
[2018/1/10 - 5:51:52] Shakira Speed has withdrawn a SPAS-12 from the weapon locker (Cost: 9)
[2018/1/10 - 5:51:53] Shakira Speed has withdrawn a M4A1 from the weapon locker (Cost: 9)
[2018/1/10 - 5:51:54] Shakira Speed has withdrawn a Desert Eagle from the weapon locker (Cost: 3)
[2018/1/10 - 5:52:00] Shakira Speed has withdrawn a AK-47 from the weapon locker (Cost: 5)
[2018/1/10 - 5:52:50] [75:1LT] Lieutenant Shakira Speed has logged out.
[2018/1/10 - 5:59:44] [ASF:CPL] Corporal Nishimura Vikouri has logged out.
[2018/1/10 - 6:09:17] [75:1LT] Lieutenant Shakira Speed has logged out.
[2018/1/10 - 6:42:43] [ASF:PFC] Private First Class John Watts has timed out.
[2018/1/10 - 6:46:29] John Watts has withdrawn a Desert Eagle from the weapon locker (Cost: 3)
[2018/1/10 - 6:46:29] John Watts has withdrawn a M4A1 from the weapon locker (Cost: 9)
[2018/1/10 - 7:10:59] Chris Branislav has withdrawn a SPAS-12 from the weapon locker (Cost: 9)
[2018/1/10 - 7:10:59] Chris Branislav has withdrawn a M4A1 from the weapon locker (Cost: 9)
[2018/1/10 - 7:11:00] Chris Branislav has withdrawn a Desert Eagle from the weapon locker (Cost: 3)
[2018/1/10 - 7:18:18] Private Peter Rodriguez has logged out.
[2018/1/10 - 7:19:25] Nishimura Vikouri has withdrawn a SPAS-12 from the weapon locker (Cost: 9)
[2018/1/10 - 7:19:26] Nishimura Vikouri has withdrawn a M4A1 from the weapon locker (Cost: 9)
[2018/1/10 - 7:19:28] Nishimura Vikouri has withdrawn a Desert Eagle from the weapon locker (Cost: 3)
[2018/1/10 - 7:23:28] [ASF:PFC] Private First Class John Watts has logged out.
[2018/1/10 - 7:23:40] Private Peter Rodriguez has logged out.
[2018/1/10 - 7:35:32] [ASF:CPL] Corporal Nishimura Vikouri has logged out.
[2018/1/10 - 7:40:57] Chris Branislav has withdrawn a Sniper Rifle from the weapon locker (Cost: 10)
[2018/1/10 - 7:42:08] Captain Jeff Favignano (1000624858) (rank 6) has given Peter Rodriguez (1000424082) rank 4 (Staff Sergeant) in SAAS (12).
[2018/1/10 - 7:42:12] Captain Jeff Favignano (1000624858) has set Peter Rodriguez's (1000424082) division to TNR in SAAS (12).
[2018/1/10 - 7:42:23] Jeff Favignano (1000624858) has set Peter Rodriguez's (1000424082) badge to TNR:SSG.
[2018/1/10 - 7:46:51] [TNR:CPT] Captain Jeff Favignano has timed out.
[2018/1/10 - 7:56:19] [MP:1LT] Lieutenant Chris Branislav has logged out.
[2018/1/10 - 7:58:55] [75:1LT] Lieutenant Shakira Speed has logged out.
[2018/1/10 - 7:59:37] John Watts has withdrawn a Desert Eagle from the weapon locker (Cost: 3)
[2018/1/10 - 7:59:37] John Watts has withdrawn a M4A1 from the weapon locker (Cost: 9)
[2018/1/10 - 8:07:23] Mosashi Hanako has withdrawn a Sniper Rifle from the weapon locker (Cost: 10)
[2018/1/10 - 8:07:24] Mosashi Hanako has withdrawn a SPAS-12 from the weapon locker (Cost: 9)
[2018/1/10 - 8:07:26] Mosashi Hanako has withdrawn a M4A1 from the weapon locker (Cost: 9)
[2018/1/10 - 8:07:28] Mosashi Hanako has withdrawn a Desert Eagle from the weapon locker (Cost: 3)
[2018/1/10 - 8:20:16] Captain Jeff Favignano (1000624858) (rank 6) has given John Watts (1000624895) rank 4 (Staff Sergeant) in SAAS (12).
[2018/1/10 - 8:20:20] Captain Jeff Favignano (1000624858) has set John Watts's (1000624895) division to 68th in SAAS (12).
[2018/1/10 - 8:20:22] Captain Jeff Favignano (1000624858) has set John Watts's (1000624895) division to 25th in SAAS (12).
[2018/1/10 - 8:20:29] Jeff Favignano has withdrawn a AK-47 from the weapon locker (Cost: 5)
[2018/1/10 - 8:20:30] Jeff Favignano has withdrawn a Desert Eagle from the weapon locker (Cost: 3)
[2018/1/10 - 8:20:31] Jeff Favignano has withdrawn a SPAS-12 from the weapon locker (Cost: 9)
[2018/1/10 - 8:20:31] Jeff Favignano has withdrawn a Sniper Rifle from the weapon locker (Cost: 10)
[2018/1/10 - 8:20:50] John Watts has withdrawn a Sniper Rifle from the weapon locker (Cost: 10)
[2018/1/10 - 8:20:52] John Watts has withdrawn a M4A1 from the weapon locker (Cost: 9)
[2018/1/10 - 8:20:52] John Watts has withdrawn a Desert Eagle from the weapon locker (Cost: 3)
[2018/1/10 - 8:20:53] John Watts has withdrawn a SPAS-12 from the weapon locker (Cost: 9)
[2018/1/10 - 8:25:22] [ASF:1LT] Lieutenant Mosashi Hanako has logged out.
[2018/1/10 - 8:26:44] Jeff Favignano has withdrawn a AK-47 from the weapon locker (Cost: 5)
[2018/1/10 - 8:26:45] Jeff Favignano has withdrawn a SPAS-12 from the weapon locker (Cost: 9)
[2018/1/10 - 8:26:47] Jeff Favignano has withdrawn a Desert Eagle from the weapon locker (Cost: 3)
[2018/1/10 - 8:39:36] Captain Jeff Favignano (1000624858) has set Jeff Favignano's (1000624858) division to 25th in SAAS (12).
[2018/1/10 - 8:39:38] Captain Jeff Favignano (1000624858) has set Jeff Favignano's (1000624858) division to 68th in SAAS (12).
[2018/1/10 - 8:41:51] [VTICKET] Officer Robert Caber has ticketed Deither Jiovanni's Sultan (1052) for $5,000.
[2018/1/10 - 8:44:15] [TNR:SSG] Staff Sergeant Peter Rodriguez has logged out.
[2018/1/10 - 8:51:36] [TNR:CPT] Captain Jeff Favignano has logged out.
[2018/1/10 - 9:02:40] Josh Dolerto has withdrawn a SPAS-12 from the weapon locker (Cost: 9)
[2018/1/10 - 9:02:41] Josh Dolerto has withdrawn a M4A1 from the weapon locker (Cost: 9)
[2018/1/10 - 9:02:42] Josh Dolerto has withdrawn a Desert Eagle from the weapon locker (Cost: 3)
[2018/1/10 - 9:06:54] [75:CPL] Corporal Josh Dolerto has logged out.
[2018/1/10 - 9:12:32] [ASF:CPT] Captain Akirasuya Hanako has logged out.
[2018/1/10 - 9:22:51] Kyros Omage has withdrawn a Sniper Rifle from the weapon locker (Cost: 10)
[2018/1/10 - 9:22:52] Kyros Omage has withdrawn a SPAS-12 from the weapon locker (Cost: 9)
[2018/1/10 - 9:22:53] Kyros Omage has withdrawn a M4A1 from the weapon locker (Cost: 9)
[2018/1/10 - 9:35:12] [VET:68] Staff Sergeant Kyros Omage has logged out.
[2018/1/10 - 9:37:09] [ASF:SGT] Sergeant Daisaki Hanako has logged out.
[2018/1/10 - 9:40:38] [ASF:SGT] Sergeant Daisaki Hanako has logged out.
[2018/1/10 - 9:57:01] [TNR:CPT] Captain Jeff Favignano has logged out.
[2018/1/10 - 9:57:40] Daisaki Hanako has withdrawn a Sniper Rifle from the weapon locker (Cost: 10)
[2018/1/10 - 9:57:41] Daisaki Hanako has withdrawn a Desert Eagle from the weapon locker (Cost: 3)
[2018/1/10 - 10:03:28] Avery Mengo has withdrawn a AK-47 from the weapon locker (Cost: 5)
[2018/1/10 - 10:03:30] Avery Mengo has withdrawn a Desert Eagle from the weapon locker (Cost: 3)
[2018/1/10 - 10:15:11] [ASF:CPL] Corporal Nishimura Vikouri has logged out.
[2018/1/10 - 10:41:40] [TNR:SGT] Sergeant Robbert Lutz has logged out.
[2018/1/10 - 10:42:26] [ASF:CPT] Captain Akirasuya Hanako has logged out.
[2018/1/10 - 10:52:46] [68:2LT] Lieutenant Avery Mengo has timed out.
[2018/1/10 - 10:53:30] [TNR:CPT] Captain Jeff Favignano has logged out.
[2018/1/10 - 10:54:35] [ASF:CPL] Corporal Nishimura Vikouri has logged out.
[2018/1/10 - 10:54:38] [ASF:SGT] Sergeant Daisaki Hanako has logged out.
[2018/1/10 - 10:58:29] [ASF:PFC] Staff Sergeant John Watts has logged out.
[2018/1/10 - 11:02:15] [TNR:CPT] Captain Jeff Favignano has logged out.
[2018/1/10 - 11:05:29] [68:2LT] Lieutenant Avery Mengo has timed out.
[2018/1/10 - 11:07:58] [ASF:CPL] Corporal Kaitosuke Hanako has timed out.
[2018/1/10 - 11:14:34] Kodak Soudiere has withdrawn a M4A1 from the weapon locker (Cost: 9)
[2018/1/10 - 11:14:43] Kodak Soudiere has withdrawn a Desert Eagle from the weapon locker (Cost: 3)
[2018/1/10 - 11:16:46] Stefan Legend has withdrawn a SPAS-12 from the weapon locker (Cost: 9)
[2018/1/10 - 11:16:47] Stefan Legend has withdrawn a Desert Eagle from the weapon locker (Cost: 3)
[2018/1/10 - 11:24:57] [ASF:CPT] Captain Akirasuya Hanako has logged out.
[2018/1/10 - 11:28:59] [68:2LT] Lieutenant Avery Mengo has timed out.
[2018/1/10 - 11:30:20] Akirasuya Hanako has withdrawn a Sniper Rifle from the weapon locker (Cost: 10)
[2018/1/10 - 11:30:22] Akirasuya Hanako has withdrawn a SPAS-12 from the weapon locker (Cost: 9)
[2018/1/10 - 11:30:23] Akirasuya Hanako has withdrawn a M4A1 from the weapon locker (Cost: 9)
[2018/1/10 - 11:30:24] Akirasuya Hanako has withdrawn a Desert Eagle from the weapon locker (Cost: 3)
[2018/1/10 - 11:30:36] [MA:1LT] Lieutenant Joey Armstrong has timed out.
[2018/1/10 - 11:30:38] [25:2LT] Lieutenant Stefan Legend has logged out.
[2018/1/10 - 11:31:03] [ASF:SGT] Sergeant Daisaki Hanako has logged out.
[2018/1/10 - 11:33:10] [ASF:1LT] Lieutenant Mosashi Hanako has logged out.
[2018/1/10 - 11:34:46] [MA:1LT] Lieutenant Joey Armstrong has logged out.
[2018/1/10 - 11:35:40] Akirasuya Hanako has authorized Nishimura Vikouri to withdraw a Sniper Rifle from the weapon locker (Cost: 10)
[2018/1/10 - 11:37:54] [25:2LT] Lieutenant Stefan Legend has timed out.
[2018/1/10 - 11:43:30] Hollowell Vio has withdrawn a Desert Eagle from the weapon locker (Cost: 3)
[2018/1/10 - 11:44:14] General Scott R. Mclaren has manufactured a crate at Ocean Docks facility.
[2018/1/10 - 11:44:36] [MA:1LT] Lieutenant Joey Armstrong has logged out.
[2018/1/10 - 11:45:16] [68:2LT] Lieutenant Avery Mengo has timed out.
[2018/1/10 - 11:46:58] Private Hollowell Vio has manufactured a crate at Ocean Docks facility.
[2018/1/10 - 11:48:28] General Scott R. Mclaren has manufactured a crate at Ocean Docks facility.
[2018/1/10 - 11:48:41] General Scott R. Mclaren has manufactured a crate at Ocean Docks facility.
[2018/1/10 - 11:48:50] [ASF:PFC] Private First Class Kazuko Vikouri has logged out.
[2018/1/10 - 11:48:52] General Scott R. Mclaren has manufactured a crate at Ocean Docks facility.
[2018/1/10 - 11:48:58] [ASF:CPT] Captain Akirasuya Hanako has logged out.
[2018/1/10 - 11:49:38] General Scott R. Mclaren has manufactured a crate at Ocean Docks facility.
[2018/1/10 - 11:51:08] [75:CPL] Corporal Josh Dolerto has logged out.
[2018/1/10 - 11:52:12] [MA:1LT] Lieutenant Joey Armstrong has logged out.
[2018/1/10 - 11:55:10] [75:PVT] Private Hollowell Vio has timed out.
[2018/1/10 - 11:58:05] Avery Mengo has withdrawn a Desert Eagle from the weapon locker (Cost: 3)
[2018/1/10 - 11:58:08] Avery Mengo has withdrawn a M4A1 from the weapon locker (Cost: 9)
[2018/1/10 - 11:58:38] Avery Mengo has deposited a M4A1 into the locker.
[2018/1/10 - 11:58:40] Avery Mengo has withdrawn a AK-47 from the weapon locker (Cost: 5)
[2018/1/10 - 11:59:08] Charlie Sy (1000351656) accepted Captain Akirasuya Hanako's (953) invite to join SAAS (12).
[2018/1/10 - 11:59:21] Nishimura Vikouri has withdrawn a SPAS-12 from the weapon locker (Cost: 9)
[2018/1/10 - 11:59:22] Nishimura Vikouri has withdrawn a M4A1 from the weapon locker (Cost: 9)
[2018/1/10 - 11:59:23] Nishimura Vikouri has withdrawn a Desert Eagle from the weapon locker (Cost: 3)
[2018/1/10 - 12:00:06] [ASF:CPT] Captain Akirasuya Hanako has logged out.
[2018/1/10 - 12:01:07] Private Hachi Dios Kush has logged out.
[2018/1/10 - 12:01:20] Charlie Sy has withdrawn a Desert Eagle from the weapon locker (Cost: 3)
[2018/1/10 - 12:02:25] Avery Mengo has withdrawn a Sniper Rifle from the weapon locker (Cost: 10)
[2018/1/10 - 12:02:30] Avery Mengo has deposited a AK-47 into the locker.
[2018/1/10 - 12:02:33] Avery Mengo has withdrawn a SPAS-12 from the weapon locker (Cost: 9)
[2018/1/10 - 12:04:21] Stefan Legend has withdrawn a Desert Eagle from the weapon locker (Cost: 3)
[2018/1/10 - 12:04:22] Stefan Legend has withdrawn a SPAS-12 from the weapon locker (Cost: 9)
[2018/1/10 - 12:05:48] Private Charlie Sy has timed out.
[2018/1/10 - 12:07:19] Stefan Legend has withdrawn a Sniper Rifle from the weapon locker (Cost: 10)
[2018/1/10 - 12:08:07] [ASF:CPL] Corporal Makku Vikouri has logged out.
[2018/1/10 - 12:11:47] Lionel Taylor has authorized Kazuko Vikouri to withdraw a Sniper Rifle from the weapon locker (Cost: 10)
[2018/1/10 - 12:12:04] Lionel Taylor has withdrawn a Sniper Rifle from the weapon locker (Cost: 10)
[2018/1/10 - 12:12:21] Avery Mengo has withdrawn a Sniper Rifle from the weapon locker (Cost: 10)
[2018/1/10 - 12:12:23] Avery Mengo has withdrawn a Desert Eagle from the weapon locker (Cost: 3)
[2018/1/10 - 12:12:24] Stefan Legend has withdrawn a Sniper Rifle from the weapon locker (Cost: 10)
[2018/1/10 - 12:12:25] Stefan Legend has withdrawn a Desert Eagle from the weapon locker (Cost: 3)
[2018/1/10 - 12:12:31] Avery Mengo has withdrawn a AK-47 from the weapon locker (Cost: 5)
[2018/1/10 - 12:14:38] Kodak Soudiere has withdrawn a M4A1 from the weapon locker (Cost: 9)
[2018/1/10 - 12:14:44] Kodak Soudiere has withdrawn a Desert Eagle from the weapon locker (Cost: 3)
[2018/1/10 - 12:14:45] Hollowell Vio has withdrawn a M4A1 from the weapon locker (Cost: 9)
[2018/1/10 - 12:14:48] Hollowell Vio has withdrawn a Desert Eagle from the weapon locker (Cost: 3)
[2018/1/10 - 12:15:11] [75:PVT] Private Hollowell Vio has timed out.
[2018/1/10 - 12:15:37] EMS Driver Avery Mengo has successfully delivered Patient Stefan Legend to the hospital.
[2018/1/10 - 12:20:02] Kazuko Vikouri has withdrawn a AK-47 from the weapon locker (Cost: 5)
[2018/1/10 - 12:23:29] [75:CPL] Corporal Josh Dolerto has logged out.
[2018/1/10 - 12:24:30] [68:2LT] Lieutenant Avery Mengo has timed out.
[2018/1/10 - 12:27:03] Makku Vikouri has withdrawn a Desert Eagle from the weapon locker (Cost: 3)
[2018/1/10 - 12:27:08] Makku Vikouri has withdrawn a M4A1 from the weapon locker (Cost: 9)
[2018/1/10 - 12:28:04] [VET-C] Major Lionel Taylor has logged out.
[2018/1/10 - 12:30:01] Daisaki Hanako has withdrawn a Sniper Rifle from the weapon locker (Cost: 10)
[2018/1/10 - 12:37:28] [ASF:PFC] Private First Class Kazuko Vikouri has logged out.
[2018/1/10 - 12:39:54] [VTICKET] Officer Scott R. Mclaren has ticketed Teevay Patrol's Rancher (962) for $5,000.
[2018/1/10 - 12:40:10] Staff Sergeant James Mustang has logged out.
[2018/1/10 - 12:41:57] Charlie Sy has withdrawn a M4A1 from the weapon locker (Cost: 9)
[2018/1/10 - 12:43:07] Nishimura Vikouri has withdrawn a SPAS-12 from the weapon locker (Cost: 9)
[2018/1/10 - 12:43:23] Hollowell Vio has withdrawn a M4A1 from the weapon locker (Cost: 9)
[2018/1/10 - 12:43:25] Hollowell Vio has withdrawn a Desert Eagle from the weapon locker (Cost: 3)
[2018/1/10 - 12:43:34] [ASF:SGT] Sergeant Daisaki Hanako has logged out.
[2018/1/10 - 12:45:53] [75:PVT] Private Hollowell Vio has timed out.
[2018/1/10 - 12:46:51] General Scott R. Mclaren (1000623504) has set Aywan Dabakap's (30641) division to MP in SAAS (12).
[2018/1/10 - 12:48:45] General Scott R. Mclaren (1000623504) has set Iwan De Bakup's (30641) division to 25th in SAAS (12).
[2018/1/10 - 12:48:52] [VET-C] Major Lionel Taylor has logged out.
[2018/1/10 - 12:51:11] [ARM:GEN] General Scott R. Mclaren has logged out.
[2018/1/10 - 12:52:44] [75:PVT] Private Hollowell Vio has timed out.
[2018/1/10 - 12:54:02] [ASF:PFC] Private First Class Kazuko Vikouri has logged out.
[2018/1/10 - 12:54:02] Private Aron Shakira has logged out.
[2018/1/10 - 12:55:16] Makku Vikouri has withdrawn a M4A1 from the weapon locker (Cost: 9)
[2018/1/10 - 12:55:18] Makku Vikouri has withdrawn a SPAS-12 from the weapon locker (Cost: 9)
[2018/1/10 - 12:55:21] Makku Vikouri has withdrawn a Desert Eagle from the weapon locker (Cost: 3)
[2018/1/10 - 12:59:37] Iwan De Bakup has withdrawn a Sniper Rifle from the weapon locker (Cost: 10)
[2018/1/10 - 12:59:37] Iwan De Bakup has withdrawn a SPAS-12 from the weapon locker (Cost: 9)
[2018/1/10 - 12:59:38] Iwan De Bakup has withdrawn a M4A1 from the weapon locker (Cost: 9)
[2018/1/10 - 12:59:39] Iwan De Bakup has withdrawn a Desert Eagle from the weapon locker (Cost: 3)
[2018/1/10 - 13:03:52] Mosashi Hanako has withdrawn a Sniper Rifle from the weapon locker (Cost: 10)
[2018/1/10 - 13:03:53] Mosashi Hanako has withdrawn a SPAS-12 from the weapon locker (Cost: 9)
[2018/1/10 - 13:03:55] Mosashi Hanako has withdrawn a M4A1 from the weapon locker (Cost: 9)
[2018/1/10 - 13:03:56] Mosashi Hanako has withdrawn a Desert Eagle from the weapon locker (Cost: 3)
[2018/1/10 - 13:04:45] Kodak Soudiere has withdrawn a Desert Eagle from the weapon locker (Cost: 3)
[2018/1/10 - 13:05:59] Makku Vikouri has withdrawn a SPAS-12 from the weapon locker (Cost: 9)
[2018/1/10 - 13:06:01] Makku Vikouri has withdrawn a M4A1 from the weapon locker (Cost: 9)
[2018/1/10 - 13:06:03] Makku Vikouri has withdrawn a Desert Eagle from the weapon locker (Cost: 3)
[2018/1/10 - 13:07:37] Charlie Sy has withdrawn a M4A1 from the weapon locker (Cost: 9)
[2018/1/10 - 13:07:39] Charlie Sy has withdrawn a Desert Eagle from the weapon locker (Cost: 3)
[2018/1/10 - 13:08:46] [25:2LT] Lieutenant Iwan De Bakup has logged out.
[2018/1/10 - 13:09:35] John Watts has withdrawn a Desert Eagle from the weapon locker (Cost: 3)
[2018/1/10 - 13:09:36] John Watts has withdrawn a M4A1 from the weapon locker (Cost: 9)
[2018/1/10 - 13:09:37] John Watts has withdrawn a SPAS-12 from the weapon locker (Cost: 9)
[2018/1/10 - 13:09:37] John Watts has withdrawn a Sniper Rifle from the weapon locker (Cost: 10)
[2018/1/10 - 13:11:16] [25:2LT] Lieutenant Stefan Legend has timed out.
[2018/1/10 - 13:11:59] Mosashi Hanako has withdrawn a Sniper Rifle from the weapon locker (Cost: 10)
[2018/1/10 - 13:12:12] [ASF:PFC] Private First Class Kodak Soudiere has timed out.
[2018/1/10 - 13:13:22] [ASF:CPL] Corporal Makku Vikouri has logged out.
[2018/1/10 - 13:14:11] Iwan De Bakup has withdrawn a SPAS-12 from the weapon locker (Cost: 9)
[2018/1/10 - 13:14:12] Iwan De Bakup has withdrawn a Desert Eagle from the weapon locker (Cost: 3)
[2018/1/10 - 13:16:01] Nishimura Vikouri has withdrawn a SPAS-12 from the weapon locker (Cost: 9)
[2018/1/10 - 13:16:02] Nishimura Vikouri has withdrawn a M4A1 from the weapon locker (Cost: 9)
[2018/1/10 - 13:16:03] Nishimura Vikouri has withdrawn a Desert Eagle from the weapon locker (Cost: 3)
[2018/1/10 - 13:16:17] [25:2LT] Lieutenant Iwan De Bakup has logged out.
[2018/1/10 - 13:17:21] [ASF:CPL] Corporal Nishimura Vikouri has logged out.
[2018/1/10 - 13:17:32] [ASF:1LT] Lieutenant Mosashi Hanako has logged out.
[2018/1/10 - 13:18:16] [ASF:PFC] Staff Sergeant John Watts has logged out.
[2018/1/10 - 13:21:46] [ASF:SGT] Sergeant Kenichi Hanako has timed out.
[2018/1/10 - 13:32:02] [ASF:PFC] Private First Class Kodak Soudiere has logged out.
[2018/1/10 - 13:34:29] Avery Mengo has deposited a AK-47 into the locker.
[2018/1/10 - 13:34:33] Avery Mengo has withdrawn a AK-47 from the weapon locker (Cost: 5)
[2018/1/10 - 13:36:19] Kodak Soudiere has withdrawn a M4A1 from the weapon locker (Cost: 9)
[2018/1/10 - 13:36:21] Kodak Soudiere has withdrawn a Desert Eagle from the weapon locker (Cost: 3)
[2018/1/10 - 13:39:17] Avery Mengo has deposited a Sniper Rifle into the locker.
[2018/1/10 - 13:43:07] Benzene Demon has withdrawn a Desert Eagle from the weapon locker (Cost: 3)
[2018/1/10 - 13:43:09] Benzene Demon has withdrawn a M4A1 from the weapon locker (Cost: 9)
[2018/1/10 - 13:45:46] [ASF:CPL] Corporal Kaito Hanako has timed out.
[2018/1/10 - 13:53:50] [ASF:CPL] Corporal Billy Russo has timed out.
[2018/1/10 - 13:54:31] [68:2LT] Lieutenant Avery Mengo has timed out.
[2018/1/10 - 14:04:23] Private Benzene Demon has logged out.
[2018/1/10 - 14:04:40] [75:CPL] Corporal Josh Dolerto has logged out.
[2018/1/10 - 14:07:21] Private Charlie Sy has logged out.
[2018/1/10 - 14:09:21] [75:PVT] Private Hollowell Vio has logged out.
[2018/1/10 - 14:09:38] [TNR:SGT] Sergeant Robbert Lutz has logged out.
[2018/1/10 - 14:17:57] Daisaki Hanako has withdrawn a SPAS-12 from the weapon locker (Cost: 9)
[2018/1/10 - 14:17:58] Daisaki Hanako has withdrawn a Sniper Rifle from the weapon locker (Cost: 10)
[2018/1/10 - 14:18:00] Daisaki Hanako has withdrawn a M4A1 from the weapon locker (Cost: 9)
[2018/1/10 - 14:18:01] Daisaki Hanako has withdrawn a Desert Eagle from the weapon locker (Cost: 3)
[2018/1/10 - 14:31:55] [ASF:2LT] Lieutenant Inoshima Vikouri has logged out.
[2018/1/10 - 14:38:38] [75:PVT] Private Hollowell Vio has timed out.
[2018/1/10 - 14:38:46] [ASF:SGT] Sergeant Daisaki Hanako has timed out.
[2018/1/10 - 14:41:56] Hollowell Vio has withdrawn a Desert Eagle from the weapon locker (Cost: 3)
[2018/1/10 - 14:41:59] Hollowell Vio has withdrawn a M4A1 from the weapon locker (Cost: 9)
[2018/1/10 - 14:42:35] Shakira Speed has withdrawn a Sniper Rifle from the weapon locker (Cost: 10)
[2018/1/10 - 14:42:43] Shakira Speed has withdrawn a SPAS-12 from the weapon locker (Cost: 9)
[2018/1/10 - 14:42:43] Shakira Speed has withdrawn a M4A1 from the weapon locker (Cost: 9)
[2018/1/10 - 14:42:45] Shakira Speed has withdrawn a Desert Eagle from the weapon locker (Cost: 3)
[2018/1/10 - 14:46:28] Peter Rodriguez has withdrawn a Sniper Rifle from the weapon locker (Cost: 10)
[2018/1/10 - 14:46:32] Peter Rodriguez has withdrawn a M4A1 from the weapon locker (Cost: 9)
[2018/1/10 - 14:46:34] Peter Rodriguez has withdrawn a Desert Eagle from the weapon locker (Cost: 3)
[2018/1/10 - 14:46:37] Peter Rodriguez has deposited a Sniper Rifle into the locker.
[2018/1/10 - 14:49:14] [68:2LT] Lieutenant Avery Mengo has timed out.
[2018/1/10 - 14:51:45] Forbad Noire (34257) accepted Captain Jeff Favignano's (1000624858) invite to join SAAS (12).
[2018/1/10 - 14:52:24] Carly Mcknight (1000626619) accepted Captain Jeff Favignano's (1000624858) invite to join SAAS (12).
[2018/1/10 - 14:52:26] Captain Jeff Favignano (1000624858) (rank 6) has given Forbad Noire (34257) rank 3 (Sergeant) in SAAS (12).
[2018/1/10 - 14:52:30] Captain Jeff Favignano (1000624858) has set Forbad Noire's (34257) division to ASF in SAAS (12).
[2018/1/10 - 14:52:34] Captain Jeff Favignano (1000624858) has set Forbad Noire's (34257) division to VET in SAAS (12).
[2018/1/10 - 14:52:48] Jeff Favignano (1000624858) has set Forbad Noire's (34257) badge to VET:SGT.
[2018/1/10 - 14:53:09] [VET:SGT] Sergeant Forbad Noire has logged out.
[2018/1/10 - 14:53:33] [TNR:SSG] Staff Sergeant Peter Rodriguez has logged out.
[2018/1/10 - 14:55:05] Hollowell Vio has withdrawn a M4A1 from the weapon locker (Cost: 9)
[2018/1/10 - 14:55:07] Hollowell Vio has withdrawn a Desert Eagle from the weapon locker (Cost: 3)
[2018/1/10 - 14:55:24] Hollowell Vio has withdrawn a MP5 from the weapon locker (Cost: 4)
[2018/1/10 - 15:00:32] Kevin Flowers (1000625041) accepted Captain Jeff Favignano's (1000624858) invite to join SAAS (12).
[2018/1/10 - 15:00:37] Captain Jeff Favignano (1000624858) (rank 6) has given Kevin Flowers (1000625041) rank 1 (Private First Class) in SAAS (12).
[2018/1/10 - 15:00:40] Captain Jeff Favignano (1000624858) (rank 6) has given Kevin Flowers (1000625041) rank 3 (Sergeant) in SAAS (12).
[2018/1/10 - 15:00:42] Kevin Dios Brank has logged in.
[2018/1/10 - 15:00:46] Captain Jeff Favignano (1000624858) has set Kevin Flowers's (1000625041) division to 25th in SAAS (12).
[2018/1/10 - 15:00:48] Captain Jeff Favignano (1000624858) has set Kevin Flowers's (1000625041) division to 68th in SAAS (12).
[2018/1/10 - 15:00:56] Jeff Favignano (1000624858) has set Kevin Flowers's (1000625041) badge to 68:SGT.
[2018/1/10 - 15:01:14] Carly Mcknight has withdrawn a M4A1 from the weapon locker (Cost: 9)
[2018/1/10 - 15:01:24] Carly Mcknight has withdrawn a Desert Eagle from the weapon locker (Cost: 3)
[2018/1/10 - 15:01:36] Kevin Flowers has withdrawn a Sniper Rifle from the weapon locker (Cost: 10)
[2018/1/10 - 15:01:37] Kevin Flowers has withdrawn a SPAS-12 from the weapon locker (Cost: 9)
[2018/1/10 - 15:01:38] Kevin Flowers has withdrawn a M4A1 from the weapon locker (Cost: 9)
[2018/1/10 - 15:01:39] Kevin Flowers has withdrawn a Desert Eagle from the weapon locker (Cost: 3)
[2018/1/10 - 15:07:51] Hollowell Vio has withdrawn a Desert Eagle from the weapon locker (Cost: 3)
[2018/1/10 - 15:07:53] Hollowell Vio has withdrawn a M4A1 from the weapon locker (Cost: 9)
[2018/1/10 - 15:10:54] Kevin Flowers has withdrawn a Sniper Rifle from the weapon locker (Cost: 10)
[2018/1/10 - 15:10:56] Kevin Flowers has withdrawn a SPAS-12 from the weapon locker (Cost: 9)
[2018/1/10 - 15:10:57] Kevin Flowers has withdrawn a M4A1 from the weapon locker (Cost: 9)
[2018/1/10 - 15:10:58] Kevin Flowers has withdrawn a Desert Eagle from the weapon locker (Cost: 3)
[2018/1/10 - 15:11:13] Shakira Speed has withdrawn a Sniper Rifle from the weapon locker (Cost: 10)
[2018/1/10 - 15:11:13] Shakira Speed has withdrawn a SPAS-12 from the weapon locker (Cost: 9)
[2018/1/10 - 15:11:14] Shakira Speed has withdrawn a M4A1 from the weapon locker (Cost: 9)
[2018/1/10 - 15:11:15] Shakira Speed has withdrawn a Desert Eagle from the weapon locker (Cost: 3)
[2018/1/10 - 15:12:00] [REC:PVT] Private Jen Winchester has logged out.
[2018/1/10 - 15:12:13] Captain Jeff Favignano (1000624858) has set Jeff Favignano's (1000624858) division to TNR in SAAS (12).
[2018/1/10 - 15:13:25] Josh Dolerto has withdrawn a SPAS-12 from the weapon locker (Cost: 9)
[2018/1/10 - 15:13:26] Josh Dolerto has withdrawn a M4A1 from the weapon locker (Cost: 9)
[2018/1/10 - 15:13:27] Josh Dolerto has withdrawn a Desert Eagle from the weapon locker (Cost: 3)
[2018/1/10 - 15:13:34] [75R:PVT] Private Daniel Arthur has logged out.
[2018/1/10 - 15:14:22] Jeff Favignano has withdrawn a AK-47 from the weapon locker (Cost: 5)
[2018/1/10 - 15:14:25] Jeff Favignano has withdrawn a SPAS-12 from the weapon locker (Cost: 9)
[2018/1/10 - 15:14:25] Jeff Favignano has withdrawn a Desert Eagle from the weapon locker (Cost: 3)
[2018/1/10 - 15:15:57] [68:SGT] Sergeant Kevin Flowers has logged out.
[2018/1/10 - 15:18:15] Hollowell Vio has withdrawn a M4A1 from the weapon locker (Cost: 9)
[2018/1/10 - 15:18:15] Josh Dolerto has withdrawn a SPAS-12 from the weapon locker (Cost: 9)
[2018/1/10 - 15:18:16] Josh Dolerto has withdrawn a M4A1 from the weapon locker (Cost: 9)
[2018/1/10 - 15:18:16] Hollowell Vio has withdrawn a AK-47 from the weapon locker (Cost: 5)
[2018/1/10 - 15:18:17] Josh Dolerto has withdrawn a Desert Eagle from the weapon locker (Cost: 3)
[2018/1/10 - 15:18:17] Carly Mcknight has withdrawn a AK-47 from the weapon locker (Cost: 5)
[2018/1/10 - 15:18:18] Hollowell Vio has withdrawn a M4A1 from the weapon locker (Cost: 9)
[2018/1/10 - 15:18:19] Carly Mcknight has withdrawn a Desert Eagle from the weapon locker (Cost: 3)
[2018/1/10 - 15:18:20] Hollowell Vio has withdrawn a MP5 from the weapon locker (Cost: 4)
[2018/1/10 - 15:18:23] Hollowell Vio has withdrawn a Desert Eagle from the weapon locker (Cost: 3)
[2018/1/10 - 15:19:32] Robert Mofujohn has withdrawn a M4A1 from the weapon locker (Cost: 9)
[2018/1/10 - 15:19:33] Shakira Speed has withdrawn a Sniper Rifle from the weapon locker (Cost: 10)
[2018/1/10 - 15:19:33] Shakira Speed has withdrawn a SPAS-12 from the weapon locker (Cost: 9)
[2018/1/10 - 15:19:34] Shakira Speed has withdrawn a M4A1 from the weapon locker (Cost: 9)
[2018/1/10 - 15:19:35] Robert Mofujohn has withdrawn a Desert Eagle from the weapon locker (Cost: 3)
[2018/1/10 - 15:19:35] Shakira Speed has withdrawn a Desert Eagle from the weapon locker (Cost: 3)
[2018/1/10 - 15:24:59] Captain Adam D. Coleman (1000625076) (rank 6) has given Josh Dolerto (1000245176) rank 0 (Private) in SAAS (12).
[2018/1/10 - 15:25:46] EMS Driver Avery Mengo has successfully delivered Patient Josh Dolerto to the hospital.
[2018/1/10 - 15:32:41] [75:CPL] Private Josh Dolerto has logged out.
[2018/1/10 - 15:33:07] [75:1LT] Lieutenant Shakira Speed has logged out.
[2018/1/10 - 15:36:43] [68:2LT] Lieutenant Avery Mengo has timed out.
[2018/1/10 - 15:37:00] Private First Class Kevin Dios Brank has logged out.
[2018/1/10 - 15:37:58] Kevin Dios Brank has logged in.
[2018/1/10 - 15:40:08] Private Charlie Sy has timed out.
[2018/1/10 - 15:42:04] [ASF:PFC] Private First Class Kodak Soudiere has timed out.
[2018/1/10 - 15:47:58] [75R:PVT] Private Daniel Arthur has logged out.
[2018/1/10 - 15:48:58] Private Charlie Sy has logged out.
[2018/1/10 - 15:49:42] Robert Mofujohn has withdrawn a Desert Eagle from the weapon locker (Cost: 3)
[2018/1/10 - 15:49:45] Robert Mofujohn has withdrawn a M4A1 from the weapon locker (Cost: 9)
[2018/1/10 - 15:51:25] [TNR:CPT] Captain Jeff Favignano has logged out.
[2018/1/10 - 15:53:01] [75:PVT] Private Robert Mofujohn has logged out.
[2018/1/10 - 15:54:52] [ASF:PFC] Private First Class Mack Chrome has logged out.
[2018/1/10 - 15:58:31] Dwight Silvetti has withdrawn a Sniper Rifle from the weapon locker (Cost: 10)
[2018/1/10 - 15:58:32] Dwight Silvetti has withdrawn a SPAS-12 from the weapon locker (Cost: 9)
[2018/1/10 - 15:58:33] Dwight Silvetti has withdrawn a M4A1 from the weapon locker (Cost: 9)
[2018/1/10 - 15:58:34] Dwight Silvetti has withdrawn a Desert Eagle from the weapon locker (Cost: 3)
[2018/1/10 - 16:02:49] Robert Mofujohn has withdrawn a M4A1 from the weapon locker (Cost: 9)
[2018/1/10 - 16:02:52] Robert Mofujohn has withdrawn a Desert Eagle from the weapon locker (Cost: 3)
[2018/1/10 - 16:03:56] EMS Driver Avery Mengo has successfully delivered Patient Adam D. Coleman to the hospital.
[2018/1/10 - 16:04:01] [25:COL] Captain Adam D. Coleman has logged out.
[2018/1/10 - 16:07:14] EMS Driver Avery Mengo has successfully delivered Patient Hollowell Vio to the hospital.
[2018/1/10 - 16:09:02] [68:2LT] Lieutenant Avery Mengo has timed out.
[2018/1/10 - 16:15:35] [75:PVT] Private First Class Billy Dios Delany has logged out.
[2018/1/10 - 16:17:47] [75:PVT] Private Hollowell Vio has logged out.
[2018/1/10 - 16:26:16] General Adam Townsend (1000500352) (rank 9) has given Peter Rodriguez (1000424082) rank 3 (Sergeant) in SAAS (12).
[2018/1/10 - 16:26:28] Adam Townsend (1000500352) has set Peter Rodriguez's (1000424082) badge to TNR:SGT.
[2018/1/10 - 16:27:29] [75:1LT] Lieutenant Shakira Speed has logged out.
[2018/1/10 - 16:27:34] [TNR:SGT] Sergeant Peter Rodriguez has logged out.
[2018/1/10 - 16:31:48] [AFA:CPT] Captain Dwight Silvetti has logged out.
[2018/1/10 - 16:51:07] Daisaki Hanako has withdrawn a Sniper Rifle from the weapon locker (Cost: 10)
[2018/1/10 - 16:51:07] Daisaki Hanako has withdrawn a SPAS-12 from the weapon locker (Cost: 9)
[2018/1/10 - 16:51:09] Daisaki Hanako has withdrawn a M4A1 from the weapon locker (Cost: 9)
[2018/1/10 - 16:51:10] Daisaki Hanako has withdrawn a Desert Eagle from the weapon locker (Cost: 3)
[2018/1/10 - 16:54:15] Avery Mengo has withdrawn a Sniper Rifle from the weapon locker (Cost: 10)
[2018/1/10 - 16:55:23] Avery Mengo has deposited a Sniper Rifle into the locker.
[2018/1/10 - 17:07:34] Shakira Speed has withdrawn a AK-47 from the weapon locker (Cost: 5)
[2018/1/10 - 17:11:50] [75:PVT] Private Robert Mofujohn has logged out.
[2018/1/10 - 17:12:39] Inoshima Vikouri has withdrawn a SPAS-12 from the weapon locker (Cost: 9)
[2018/1/10 - 17:12:41] Inoshima Vikouri has withdrawn a AK-47 from the weapon locker (Cost: 5)
[2018/1/10 - 17:12:42] Inoshima Vikouri has withdrawn a Desert Eagle from the weapon locker (Cost: 3)
[2018/1/10 - 17:12:43] Inoshima Vikouri has withdrawn a Sniper Rifle from the weapon locker (Cost: 10)
[2018/1/10 - 17:15:53] [75:1LT] Lieutenant Shakira Speed has logged out.
[2018/1/10 - 17:17:01] Jeff Favignano has withdrawn a AK-47 from the weapon locker (Cost: 5)
[2018/1/10 - 17:17:02] Jeff Favignano has withdrawn a Desert Eagle from the weapon locker (Cost: 3)
[2018/1/10 - 17:17:03] Jeff Favignano has withdrawn a SPAS-12 from the weapon locker (Cost: 9)
[2018/1/10 - 17:17:07] Sharkiesha Diesel has withdrawn a Desert Eagle from the weapon locker (Cost: 3)
[2018/1/10 - 17:17:08] Sharkiesha Diesel has withdrawn a SPAS-12 from the weapon locker (Cost: 9)
[2018/1/10 - 17:18:06] [ASF:SGT] Sergeant Daisaki Hanako has timed out.
[2018/1/10 - 17:21:33] Sven Keizer has withdrawn a Sniper Rifle from the weapon locker (Cost: 10)
[2018/1/10 - 17:21:34] Sven Keizer has withdrawn a SPAS-12 from the weapon locker (Cost: 9)
[2018/1/10 - 17:21:35] Sven Keizer has withdrawn a M4A1 from the weapon locker (Cost: 9)
[2018/1/10 - 17:21:36] Sven Keizer has withdrawn a Desert Eagle from the weapon locker (Cost: 3)
[2018/1/10 - 17:22:38] Avery Mengo has withdrawn a Sniper Rifle from the weapon locker (Cost: 10)
[2018/1/10 - 17:27:03] Captain Jeff Favignano (1000624858) has set Jeff Favignano's (1000624858) division to 25th in SAAS (12).
[2018/1/10 - 17:27:09] Captain Jeff Favignano (1000624858) has set Jeff Favignano's (1000624858) division to 68th in SAAS (12).
[2018/1/10 - 17:27:37] Captain Jeff Favignano (1000624858) has set Jeff Favignano's (1000624858) division to TNR in SAAS (12).
[2018/1/10 - 17:29:34] Kevin Dios Brank has withdrawn a AK-47 from the weapon locker (Cost: 5)
[2018/1/10 - 17:29:36] Kevin Dios Brank has withdrawn a Desert Eagle from the weapon locker (Cost: 3)
[2018/1/10 - 17:29:37] Sven Keizer has withdrawn a Sniper Rifle from the weapon locker (Cost: 10)
[2018/1/10 - 17:29:38] Sven Keizer has withdrawn a SPAS-12 from the weapon locker (Cost: 9)
[2018/1/10 - 17:29:39] Sven Keizer has withdrawn a M4A1 from the weapon locker (Cost: 9)
[2018/1/10 - 17:29:40] Sven Keizer has withdrawn a Desert Eagle from the weapon locker (Cost: 3)
[2018/1/10 - 17:30:04] Sharkiesha Diesel has withdrawn a Desert Eagle from the weapon locker (Cost: 3)
[2018/1/10 - 17:30:06] Sharkiesha Diesel has withdrawn a Sniper Rifle from the weapon locker (Cost: 10)
[2018/1/10 - 17:30:07] Sharkiesha Diesel has withdrawn a AK-47 from the weapon locker (Cost: 5)
[2018/1/10 - 17:33:25] Sven Keizer has withdrawn a Sniper Rifle from the weapon locker (Cost: 10)
[2018/1/10 - 17:33:26] Sven Keizer has withdrawn a SPAS-12 from the weapon locker (Cost: 9)
[2018/1/10 - 17:33:27] Sven Keizer has withdrawn a M4A1 from the weapon locker (Cost: 9)
[2018/1/10 - 17:33:28] Sven Keizer has withdrawn a Desert Eagle from the weapon locker (Cost: 3)
[2018/1/10 - 17:33:41] Alistair W. Hall has withdrawn a AK-47 from the weapon locker (Cost: 5)
[2018/1/10 - 17:33:43] Alistair W. Hall has withdrawn a Desert Eagle from the weapon locker (Cost: 3)
[2018/1/10 - 17:33:45] Alistair W. Hall has withdrawn a MP5 from the weapon locker (Cost: 4)
[2018/1/10 - 17:35:05] Avery Mengo has withdrawn a Sniper Rifle from the weapon locker (Cost: 10)
[2018/1/10 - 17:35:06] Avery Mengo has withdrawn a SPAS-12 from the weapon locker (Cost: 9)
[2018/1/10 - 17:35:08] Avery Mengo has withdrawn a Desert Eagle from the weapon locker (Cost: 3)
[2018/1/10 - 17:35:36] Sharkiesha Diesel has withdrawn a Desert Eagle from the weapon locker (Cost: 3)
[2018/1/10 - 17:35:38] Sharkiesha Diesel has withdrawn a Sniper Rifle from the weapon locker (Cost: 10)
[2018/1/10 - 17:35:40] Sharkiesha Diesel has withdrawn a AK-47 from the weapon locker (Cost: 5)
[2018/1/10 - 17:36:55] EMS Driver Avery Mengo has successfully delivered Patient Toby Reeves to the hospital.
[2018/1/10 - 17:38:29] Adam Townsend has withdrawn a SPAS-12 from the weapon locker (Cost: 9)
[2018/1/10 - 17:38:36] Inoshima Vikouri has withdrawn a SPAS-12 from the weapon locker (Cost: 9)
[2018/1/10 - 17:38:37] Inoshima Vikouri has withdrawn a AK-47 from the weapon locker (Cost: 5)
[2018/1/10 - 17:38:39] Inoshima Vikouri has withdrawn a Desert Eagle from the weapon locker (Cost: 3)
[2018/1/10 - 17:38:41] Inoshima Vikouri has withdrawn a Sniper Rifle from the weapon locker (Cost: 10)
[2018/1/10 - 17:44:14] [75:1LT] Lieutenant Shakira Speed has logged out.
[2018/1/10 - 17:44:27] IMPOUND: Avery Mengo has impounded Brian Black's Glendale and gained $5,430
[2018/1/10 - 17:45:32] Brian Black has withdrawn a M4A1 from the weapon locker (Cost: 9)
[2018/1/10 - 17:45:51] Brian Black has withdrawn a Desert Eagle from the weapon locker (Cost: 3)
[2018/1/10 - 17:48:05] Carly Mcknight has withdrawn a M4A1 from the weapon locker (Cost: 9)
[2018/1/10 - 17:48:07] Carly Mcknight has withdrawn a Desert Eagle from the weapon locker (Cost: 3)
[2018/1/10 - 17:49:47] Jeff Favignano has withdrawn a AK-47 from the weapon locker (Cost: 5)
[2018/1/10 - 17:49:48] Jeff Favignano has withdrawn a SPAS-12 from the weapon locker (Cost: 9)
[2018/1/10 - 17:49:50] Jeff Favignano has withdrawn a Desert Eagle from the weapon locker (Cost: 3)
[2018/1/10 - 17:49:52] Shakira Speed has withdrawn a Sniper Rifle from the weapon locker (Cost: 10)
[2018/1/10 - 17:50:14] Shakira Speed has withdrawn a Sniper Rifle from the weapon locker (Cost: 10)
[2018/1/10 - 17:50:15] Shakira Speed has withdrawn a SPAS-12 from the weapon locker (Cost: 9)
[2018/1/10 - 18:02:01] [68:2LT] Lieutenant Avery Mengo has timed out.
[2018/1/10 - 18:03:05] Mark Murphy has deposited a M4A1 into the locker.
[2018/1/10 - 18:04:27] Inoshima Vikouri has deposited a Sniper Rifle into the locker.
[2018/1/10 - 18:05:08] Private First Class Kevin Dios Brank has logged out.
[2018/1/10 - 18:05:13] [AFA:CPT] Captain Dwight Silvetti has logged out.
[2018/1/10 - 18:07:57] Corporal Fred Hill has logged out.
[2018/1/10 - 18:09:01] [TNR:CPT] Captain Jeff Favignano has logged out.
[2018/1/10 - 18:10:32] Joey Armstrong has withdrawn a Desert Eagle from the weapon locker (Cost: 3)
[2018/1/10 - 18:13:56] Shakira Speed has withdrawn a M4A1 from the weapon locker (Cost: 9)
[2018/1/10 - 18:14:57] [75:PVT] Private Toby Reeves has logged out.
[2018/1/10 - 18:20:04] [ASF:SGT] Sergeant Yuuji Vikouri has logged out.
[2018/1/10 - 18:21:43] Stefan Legend has withdrawn a Desert Eagle from the weapon locker (Cost: 3)
[2018/1/10 - 18:21:45] Stefan Legend has withdrawn a SPAS-12 from the weapon locker (Cost: 9)
[2018/1/10 - 18:24:35] [ASF:2LT] Lieutenant Inoshima Vikouri has logged out.
[2018/1/10 - 18:24:56] Private First Class Katie Casso has logged out.
[2018/1/10 - 18:28:13] Joey Armstrong has withdrawn a M4A1 from the weapon locker (Cost: 9)
[2018/1/10 - 18:32:12] Stefan Legend has withdrawn a Desert Eagle from the weapon locker (Cost: 3)
[2018/1/10 - 18:32:15] Stefan Legend has withdrawn a SPAS-12 from the weapon locker (Cost: 9)
[2018/1/10 - 18:35:19] Joey Armstrong has withdrawn a M4A1 from the weapon locker (Cost: 9)
[2018/1/10 - 18:36:43] Stefan Legend has withdrawn a Desert Eagle from the weapon locker (Cost: 3)
[2018/1/10 - 18:36:44] Stefan Legend has withdrawn a AK-47 from the weapon locker (Cost: 5)
[2018/1/10 - 18:37:49] [75:PVT] Private Mark Murphy has logged out.
[2018/1/10 - 18:39:14] [TNR:1LT] Lieutenant Sven Keizer has logged out.
[2018/1/10 - 18:39:24] [75R:PVT] Private Brian Black has logged out.
[2018/1/10 - 18:39:45] [25:2LT] Lieutenant Stefan Legend has logged out.
[2018/1/10 - 18:39:58] [MA:1LT] Lieutenant Joey Armstrong has logged out.
[2018/1/10 - 18:41:58] [75R:PFC] Private First Class Walter Skinner has timed out.
[2018/1/10 - 18:42:11] [TNR:1LT] Lieutenant Sven Keizer has logged out.
[2018/1/10 - 18:42:33] [MA:1LT] Lieutenant Joey Armstrong has logged out.
[2018/1/10 - 18:43:14] [75R:PFC] Private First Class Walter Skinner has timed out.
[2018/1/10 - 18:46:21] Walter Skinner has withdrawn a Desert Eagle from the weapon locker (Cost: 3)
[2018/1/10 - 18:46:21] Walter Skinner has withdrawn a AK-47 from the weapon locker (Cost: 5)
[2018/1/10 - 18:46:51] Adam Townsend has withdrawn a Sniper Rifle from the weapon locker (Cost: 10)
[2018/1/10 - 18:47:32] Shakira Speed has withdrawn a Sniper Rifle from the weapon locker (Cost: 10)
[2018/1/10 - 18:47:33] Shakira Speed has withdrawn a SPAS-12 from the weapon locker (Cost: 9)
[2018/1/10 - 18:47:33] Shakira Speed has withdrawn a M4A1 from the weapon locker (Cost: 9)
[2018/1/10 - 18:47:34] Shakira Speed has withdrawn a Desert Eagle from the weapon locker (Cost: 3)
[2018/1/10 - 18:49:26] [75R:PFC] Private First Class Walter Skinner has timed out.
[2018/1/10 - 18:51:18] [75R:PFC] Private First Class Walter Skinner has timed out.
[2018/1/10 - 18:52:13] Corporal Fred Hill has logged out.
[2018/1/10 - 18:52:25] [75:1LT] Lieutenant Shakira Speed has logged out.
[2018/1/10 - 18:58:13] [MA:1LT] Lieutenant Joey Armstrong has logged out.
[2018/1/10 - 19:10:49] Carly Mcknight has withdrawn a M4A1 from the weapon locker (Cost: 9)
[2018/1/10 - 19:10:52] Carly Mcknight has withdrawn a Desert Eagle from the weapon locker (Cost: 3)
[2018/1/10 - 19:11:41] Walter Skinner has withdrawn a Desert Eagle from the weapon locker (Cost: 3)
[2018/1/10 - 19:11:42] Walter Skinner has withdrawn a M4A1 from the weapon locker (Cost: 9)
[2018/1/10 - 19:12:39] [75:PVT] Private Mark Murphy has logged out.
[2018/1/10 - 19:24:35] [75R:PFC] Private First Class Walter Skinner has logged out.
[2018/1/10 - 19:26:09] Mark Murphy has withdrawn a M4A1 from the weapon locker (Cost: 9)
[2018/1/10 - 19:26:10] Mark Murphy has withdrawn a Desert Eagle from the weapon locker (Cost: 3)
[2018/1/10 - 19:26:44] Carly Mcknight has withdrawn a M4A1 from the weapon locker (Cost: 9)
[2018/1/10 - 19:26:46] Carly Mcknight has withdrawn a Desert Eagle from the weapon locker (Cost: 3)
[2018/1/10 - 19:26:59] Robbert Lutz has withdrawn a M4A1 from the weapon locker (Cost: 9)
[2018/1/10 - 19:27:02] Robbert Lutz has withdrawn a Desert Eagle from the weapon locker (Cost: 3)
[2018/1/10 - 19:27:36] Carly Mcknight has deposited a M4A1 into the locker.
[2018/1/10 - 19:27:55] Robbert Lutz has withdrawn a SPAS-12 from the weapon locker (Cost: 9)
[2018/1/10 - 19:29:36] Private Carly Mcknight has timed out.
[2018/1/10 - 19:31:42] Joey Armstrong has withdrawn a Desert Eagle from the weapon locker (Cost: 3)
[2018/1/10 - 19:32:32] Private Carly Mcknight has timed out.
[2018/1/10 - 19:36:22] Walter Skinner has withdrawn a Desert Eagle from the weapon locker (Cost: 3)
[2018/1/10 - 19:36:23] Walter Skinner has withdrawn a M4A1 from the weapon locker (Cost: 9)
[2018/1/10 - 19:36:27] Frank Deto has withdrawn a M4A1 from the weapon locker (Cost: 9)
[2018/1/10 - 19:36:32] Frank Deto has withdrawn a Nitestick from the weapon locker (Cost: 1)
[2018/1/10 - 19:36:34] Frank Deto has withdrawn a Desert Eagle from the weapon locker (Cost: 3)
[2018/1/10 - 19:37:45] [MA:1LT] Lieutenant Joey Armstrong has logged out.
[2018/1/10 - 19:39:05] Private Carly Mcknight has timed out.
[2018/1/10 - 19:41:26] Captain Adam D. Coleman (1000625076) (rank 6) has given Mark Murphy (1000625289) rank 2 (Corporal) in SAAS (12).
[2018/1/10 - 19:41:30] Captain Adam D. Coleman (1000625076) (rank 6) has given Mark Murphy (1000625289) rank 1 (Private First Class) in SAAS (12).
[2018/1/10 - 19:41:31] Captain Adam D. Coleman (1000625076) (rank 6) has given Mark Murphy (1000625289) rank 2 (Corporal) in SAAS (12).
[2018/1/10 - 19:41:50] General Adam Townsend (1000500352) has set Joey Armstrong's (1000625274) division to 25th in SAAS (12).
[2018/1/10 - 19:41:53] Adam D. Coleman (1000625076) has set Mark Murphy's (1000625289) badge to 75:CPL.
[2018/1/10 - 19:42:07] Matt Honest (880189) has quit the SAAS as a rank 9
[2018/1/10 - 19:42:09] Adam D. Coleman has withdrawn a M4A1 from the weapon locker (Cost: 9)
[2018/1/10 - 19:42:10] Adam D. Coleman has withdrawn a SPAS-12 from the weapon locker (Cost: 9)
[2018/1/10 - 19:42:11] Adam D. Coleman has withdrawn a Sniper Rifle from the weapon locker (Cost: 10)
[2018/1/10 - 19:42:11] Adam D. Coleman has withdrawn a Desert Eagle from the weapon locker (Cost: 3)
[2018/1/10 - 19:42:40] Adam D. Coleman has authorized Mark Murphy to withdraw a Sniper Rifle from the weapon locker (Cost: 10)
[2018/1/10 - 19:46:17] [TNR:SGT] Sergeant Robbert Lutz has logged out.
[2018/1/10 - 19:46:27] Captain Adam D. Coleman (1000625076) has set Mark Murphy's (1000625289) division to 25th in SAAS (12).
[2018/1/10 - 19:46:32] Frank Deto has withdrawn a M4A1 from the weapon locker (Cost: 9)
[2018/1/10 - 19:46:55] Captain Adam D. Coleman (1000625076) (rank 6) has given Mark Murphy (1000625289) rank 4 (Staff Sergeant) in SAAS (12).
[2018/1/10 - 19:47:45] Frank Deto has withdrawn a M4A1 from the weapon locker (Cost: 9)
[2018/1/10 - 19:52:53] [75R:PFC] Private First Class Walter Skinner has logged out.
[2018/1/10 - 19:54:07] Frank Deto has withdrawn a M4A1 from the weapon locker (Cost: 9)
[2018/1/10 - 19:54:48] Frank Deto has withdrawn a M4A1 from the weapon locker (Cost: 9)
[2018/1/10 - 19:56:21] General Adam Townsend (1000500352) has set Adam D. Coleman's (1000625076) division to ASF in SAAS (12).
[2018/1/10 - 19:56:23] Katie Casso has withdrawn a M4A1 from the weapon locker (Cost: 9)
[2018/1/10 - 19:56:24] Katie Casso has withdrawn a Desert Eagle from the weapon locker (Cost: 3)
[2018/1/10 - 19:56:25] General Adam Townsend (1000500352) has set Adam D. Coleman's (1000625076) division to TNR in SAAS (12).
[2018/1/10 - 19:56:33] General Adam Townsend (1000500352) has set Adam D. Coleman's (1000625076) division to 25th in SAAS (12).
[2018/1/10 - 19:56:41] Mark Murphy has withdrawn a Desert Eagle from the weapon locker (Cost: 3)
[2018/1/10 - 19:56:43] Mark Murphy has withdrawn a Sniper Rifle from the weapon locker (Cost: 10)
[2018/1/10 - 19:57:26] General Adam Townsend (1000500352) (rank 9) has given Adam D. Coleman (1000625076) rank 8 (Colonel) in SAAS (12).
[2018/1/10 - 19:57:59] Adam Townsend (1000500352) has set Carly Mcknight's (1000626619) badge to 75R:PFC.
[2018/1/10 - 19:59:02] Frank Deto has withdrawn a M4A1 from the weapon locker (Cost: 9)
[2018/1/10 - 19:59:07] General Adam Townsend (1000500352) (rank 9) has given Carly Mcknight (1000626619) rank 1 (Private First Class) in SAAS (12).
[2018/1/10 - 20:00:19] Colonel Adam D. Coleman (1000625076) (rank 8) has given Mark Murphy (1000625289) rank 2 (Corporal) in SAAS (12).
[2018/1/10 - 20:01:53] [75R:PVT] Private Frank Deto has logged out.
[2018/1/10 - 20:05:29] [75R:PVT] Private Daniel Arthur has logged out.
[2018/1/10 - 20:08:34] [75:CPL] Corporal Mark Murphy has logged out.
[2018/1/10 - 20:08:44] Shakira Speed has withdrawn a Sniper Rifle from the weapon locker (Cost: 10)
[2018/1/10 - 20:08:45] Shakira Speed has withdrawn a SPAS-12 from the weapon locker (Cost: 9)
[2018/1/10 - 20:08:46] Shakira Speed has withdrawn a M4A1 from the weapon locker (Cost: 9)
[2018/1/10 - 20:08:47] Shakira Speed has withdrawn a Desert Eagle from the weapon locker (Cost: 3)
[2018/1/10 - 20:11:12] Mark Murphy has withdrawn a AK-47 from the weapon locker (Cost: 5)
[2018/1/10 - 20:13:04] [25:COL] Colonel Adam D. Coleman has logged out.
[2018/1/10 - 20:14:33] [75:SSG] Staff Sergeant Faye Brazy has logged out.
[2018/1/10 - 20:17:00] [75:CPL] Corporal Mark Murphy has logged out.
[2018/1/10 - 20:22:51] Joey Armstrong has withdrawn a Parachute from the weapon locker (Cost: 1)
[2018/1/10 - 20:26:08] Private First Class Katie Casso has timed out.
[2018/1/10 - 20:29:43] Adam D. Coleman has withdrawn a Sniper Rifle from the weapon locker (Cost: 10)
[2018/1/10 - 20:29:43] Adam D. Coleman has withdrawn a SPAS-12 from the weapon locker (Cost: 9)
[2018/1/10 - 20:29:45] Adam D. Coleman has withdrawn a M4A1 from the weapon locker (Cost: 9)
[2018/1/10 - 20:29:48] Adam D. Coleman has withdrawn a Desert Eagle from the weapon locker (Cost: 3)
[2018/1/10 - 20:31:36] [75:SSG] Staff Sergeant Faye Brazy has logged out.
[2018/1/10 - 20:32:45] Abdul Choppa has withdrawn a Desert Eagle from the weapon locker (Cost: 3)
[2018/1/10 - 20:42:42] Joey Armstrong has withdrawn a Parachute from the weapon locker (Cost: 1)
[2018/1/10 - 20:42:46] Joey Armstrong has withdrawn a Desert Eagle from the weapon locker (Cost: 3)
[2018/1/10 - 20:46:19] [75R:PVT] Private Daniel Arthur has timed out.
[2018/1/10 - 20:48:16] Kevin Flowers has withdrawn a Sniper Rifle from the weapon locker (Cost: 10)
[2018/1/10 - 20:48:17] Kevin Flowers has withdrawn a SPAS-12 from the weapon locker (Cost: 9)
[2018/1/10 - 20:48:18] Kevin Flowers has withdrawn a M4A1 from the weapon locker (Cost: 9)
[2018/1/10 - 20:48:19] Kevin Flowers has withdrawn a Desert Eagle from the weapon locker (Cost: 3)
[2018/1/10 - 20:50:28] Lehdi Branislav (1000626791) accepted General Adam Townsend's (1000500352) invite to join SAAS (12).
[2018/1/10 - 20:51:01] Adam Townsend (1000500352) has set Lehdi Branislav's (1000626791) badge to MP:SGT.
[2018/1/10 - 20:51:07] General Adam Townsend (1000500352) has set Lehdi Branislav's (1000626791) division to 25th in SAAS (12).
[2018/1/10 - 20:51:12] [75R:PVT] Private Abdul Choppa has logged out.
[2018/1/10 - 20:51:17] [75R:PVT] Private Daniel Arthur has logged out.
[2018/1/10 - 20:51:18] General Adam Townsend (1000500352) (rank 9) has given Lehdi Branislav (1000626791) rank 3 (Sergeant) in SAAS (12).
[2018/1/10 - 20:52:59] Kevin Flowers has withdrawn a Sniper Rifle from the weapon locker (Cost: 10)
[2018/1/10 - 20:53:00] Kevin Flowers has withdrawn a SPAS-12 from the weapon locker (Cost: 9)
[2018/1/10 - 20:53:01] Kevin Flowers has withdrawn a M4A1 from the weapon locker (Cost: 9)
[2018/1/10 - 20:53:02] Kevin Flowers has withdrawn a AK-47 from the weapon locker (Cost: 5)
[2018/1/10 - 20:53:03] Kevin Flowers has withdrawn a Desert Eagle from the weapon locker (Cost: 3)
[2018/1/10 - 20:54:02] [68:SGT] Sergeant Kevin Flowers has logged out.
[2018/1/10 - 20:59:55] Adam D. Coleman has withdrawn a Sniper Rifle from the weapon locker (Cost: 10)
[2018/1/10 - 20:59:55] Adam D. Coleman has withdrawn a SPAS-12 from the weapon locker (Cost: 9)
[2018/1/10 - 20:59:57] Adam D. Coleman has withdrawn a M4A1 from the weapon locker (Cost: 9)
[2018/1/10 - 20:59:57] Adam D. Coleman has withdrawn a Desert Eagle from the weapon locker (Cost: 3)
[2018/1/10 - 21:00:24] [75:1LT] Lieutenant Shakira Speed has timed out.
[2018/1/10 - 21:00:54] Kyros Omage has withdrawn a Sniper Rifle from the weapon locker (Cost: 10)
[2018/1/10 - 21:00:55] Kyros Omage has withdrawn a SPAS-12 from the weapon locker (Cost: 9)
[2018/1/10 - 21:00:57] Kyros Omage has withdrawn a M4A1 from the weapon locker (Cost: 9)
[2018/1/10 - 21:01:29] Adam Townsend has withdrawn a M4A1 from the weapon locker (Cost: 9)
[2018/1/10 - 21:01:30] Adam Townsend has withdrawn a Desert Eagle from the weapon locker (Cost: 3)
[2018/1/10 - 21:01:34] Adam Townsend has withdrawn a SPAS-12 from the weapon locker (Cost: 9)
[2018/1/10 - 21:02:44] Colonel Adam D. Coleman (1000625076) (rank 8) has given Mark Murphy (1000625289) rank 3 (Sergeant) in SAAS (12).
[2018/1/10 - 21:02:57] Adam D. Coleman (1000625076) has set Mark Murphy's (1000625289) badge to 25:SGT.
[2018/1/10 - 21:03:10] Adam D. Coleman (1000625076) has set Mark Murphy's (1000625289) badge to 25:SSG.
[2018/1/10 - 21:03:14] Colonel Adam D. Coleman (1000625076) (rank 8) has given Mark Murphy (1000625289) rank 4 (Staff Sergeant) in SAAS (12).
[2018/1/10 - 21:04:47] EMS Driver Faye Brazy has successfully delivered Patient Mark Murphy to the hospital.
[2018/1/10 - 21:05:19] [25:SSG] Staff Sergeant Mark Murphy has logged out.
[2018/1/10 - 21:08:13] Stefan Legend has withdrawn a Sniper Rifle from the weapon locker (Cost: 10)
[2018/1/10 - 21:08:14] Sven Keizer has withdrawn a Sniper Rifle from the weapon locker (Cost: 10)
[2018/1/10 - 21:08:15] Sven Keizer has withdrawn a SPAS-12 from the weapon locker (Cost: 9)
[2018/1/10 - 21:08:16] Sven Keizer has withdrawn a M4A1 from the weapon locker (Cost: 9)
[2018/1/10 - 21:08:17] Sven Keizer has withdrawn a Desert Eagle from the weapon locker (Cost: 3)
[2018/1/10 - 21:09:29] [MA:1LT] Lieutenant Joey Armstrong has logged out.
[2018/1/10 - 21:10:29] Billy Russo (1000231476) has quit the SAAS as a rank 2
[2018/1/10 - 21:11:37] EMS Driver Sven Keizer has successfully delivered Patient Carly Mcknight to the hospital.
[2018/1/10 - 21:19:03] [VET:68] Staff Sergeant Kyros Omage has logged out.
[2018/1/10 - 21:19:16] [25:COL] Colonel Adam D. Coleman has logged out.
[2018/1/10 - 21:20:05] Hachi Dios Kush has withdrawn a Desert Eagle from the weapon locker (Cost: 3)
[2018/1/10 - 21:20:29] Hachi Dios Kush has withdrawn a M4A1 from the weapon locker (Cost: 9)
[2018/1/10 - 21:21:18] Private Hachi Dios Kush has timed out.
[2018/1/10 - 21:23:35] Private Hachi Dios Kush has logged out.
[2018/1/10 - 21:26:12] Adam D. Coleman has authorized Hachi Dios Kush to withdraw a SPAS-12 from the weapon locker (Cost: 9)
[2018/1/10 - 21:27:51] Colonel Adam D. Coleman (1000625076) (rank 8) has given Carly Mcknight (1000626619) rank 4 (Staff Sergeant) in SAAS (12).
[2018/1/10 - 21:27:55] Colonel Adam D. Coleman (1000625076) has set Carly Mcknight's (1000626619) division to 68th in SAAS (12).
[2018/1/10 - 21:27:57] Colonel Adam D. Coleman (1000625076) has set Carly Mcknight's (1000626619) division to 25th in SAAS (12).
[2018/1/10 - 21:31:34] Colonel Adam D. Coleman (1000625076) (rank 8) has given Carly Mcknight (1000626619) rank 1 (Private First Class) in SAAS (12).
[2018/1/10 - 21:31:43] Colonel Adam D. Coleman (1000625076) has set Carly Mcknight's (1000626619) division to 75th in SAAS (12).
[2018/1/10 - 21:31:54] Adam D. Coleman has withdrawn a Sniper Rifle from the weapon locker (Cost: 10)
[2018/1/10 - 21:31:54] Adam D. Coleman has withdrawn a SPAS-12 from the weapon locker (Cost: 9)
[2018/1/10 - 21:31:55] Adam D. Coleman has withdrawn a M4A1 from the weapon locker (Cost: 9)
[2018/1/10 - 21:31:55] Adam D. Coleman has withdrawn a AK-47 from the weapon locker (Cost: 5)
[2018/1/10 - 21:31:56] Adam D. Coleman has withdrawn a M4A1 from the weapon locker (Cost: 9)
[2018/1/10 - 21:31:57] Adam D. Coleman has withdrawn a Desert Eagle from the weapon locker (Cost: 3)
[2018/1/10 - 21:32:38] Colonel Adam D. Coleman (1000625076) has set Carly Mcknight's (1000626619) division to 25th in SAAS (12).
[2018/1/10 - 21:33:01] Colonel Adam D. Coleman (1000625076) (rank 8) has given Carly Mcknight (1000626619) rank 3 (Sergeant) in SAAS (12).
[2018/1/10 - 21:33:11] Colonel Adam D. Coleman (1000625076) (rank 8) has given Carly Mcknight (1000626619) rank 4 (Staff Sergeant) in SAAS (12).
[2018/1/10 - 21:33:20] Adam D. Coleman (1000625076) has set Carly Mcknight's (1000626619) badge to 25:SSG.
[2018/1/10 - 21:34:43] Private Hachi Dios Kush has timed out.
[2018/1/10 - 21:36:18] EMS Driver Shakira Speed has successfully delivered Patient Steven Chaos to the hospital.
[2018/1/10 - 21:36:34] Colonel Adam D. Coleman (1000625076) (rank 8) has given Hachi Dios Kush (1000222190) rank 4 (Staff Sergeant) in SAAS (12).
[2018/1/10 - 21:36:38] Colonel Adam D. Coleman (1000625076) has set Hachi Dios Kush's (1000222190) division to 25th in SAAS (12).
[2018/1/10 - 21:38:54] Colonel Adam D. Coleman (1000625076) has set Hachi Dios Kush's (1000222190) division to 75th in SAAS (12).
[2018/1/10 - 21:39:01] Colonel Adam D. Coleman (1000625076) (rank 8) has given Hachi Dios Kush (1000222190) rank 0 (Private) in SAAS (12).
[2018/1/10 - 21:40:02] Hachi Dios Kush has withdrawn a Desert Eagle from the weapon locker (Cost: 3)
[2018/1/10 - 21:40:24] EMS Driver Sven Keizer has successfully delivered Patient Max Whitestone to the hospital.
[2018/1/10 - 21:40:40] [25:COL] Colonel Adam D. Coleman has logged out.
[2018/1/10 - 21:52:14] Gregory Boyington (1000626467) accepted Colonel Alistair W. Hall's (1000541552) invite to join SAAS (12).
[2018/1/10 - 21:53:28] Colonel Alistair W. Hall (1000541552) (rank 8) has given Gregory Boyington (1000626467) rank 2 (Corporal) in SAAS (12).
[2018/1/10 - 21:53:39] [CMD:GEN] General Adam Townsend has logged out.
[2018/1/10 - 21:53:42] Private Hachi Kush has logged out.
[2018/1/10 - 21:53:48] [TNR:1LT] Lieutenant Sven Keizer has logged out.
[2018/1/10 - 21:54:15] Carly Mcknight has withdrawn a Sniper Rifle from the weapon locker (Cost: 10)
[2018/1/10 - 21:54:42] [JCS:LTC] Colonel Alistair W. Hall has logged out.
[2018/1/10 - 22:02:27] [25:SSG] Staff Sergeant Carly Mcknight has timed out.
[2018/1/10 - 22:04:16] Shakira Speed has withdrawn a Sniper Rifle from the weapon locker (Cost: 10)
[2018/1/10 - 22:04:16] Shakira Speed has withdrawn a SPAS-12 from the weapon locker (Cost: 9)
[2018/1/10 - 22:04:17] Shakira Speed has withdrawn a M4A1 from the weapon locker (Cost: 9)
[2018/1/10 - 22:04:18] Shakira Speed has withdrawn a Desert Eagle from the weapon locker (Cost: 3)
[2018/1/10 - 22:05:15] Faye Brazy has withdrawn a SPAS-12 from the weapon locker (Cost: 9)
[2018/1/10 - 22:05:19] Faye Brazy has withdrawn a Sniper Rifle from the weapon locker (Cost: 10)
[2018/1/10 - 22:05:22] Faye Brazy has withdrawn a AK-47 from the weapon locker (Cost: 5)
[2018/1/10 - 22:05:25] Faye Brazy has withdrawn a Desert Eagle from the weapon locker (Cost: 3)
[2018/1/10 - 22:12:27] [25:2LT] Lieutenant Stefan Legend has logged out.
[2018/1/10 - 22:16:16] Faye Brazy has withdrawn a AK-47 from the weapon locker (Cost: 5)
[2018/1/10 - 22:16:17] Faye Brazy has withdrawn a Desert Eagle from the weapon locker (Cost: 3)
[2018/1/10 - 22:16:22] Faye Brazy has withdrawn a SPAS-12 from the weapon locker (Cost: 9)
[2018/1/10 - 22:22:07] General Adam Townsend (1000500352) has set Gregory Boyington's (1000626467) division to 75th in SAAS (12).
[2018/1/10 - 22:22:37] Adam Townsend (1000500352) has set Gregory Boyington's (1000626467) badge to 75R:CPL.
[2018/1/10 - 22:24:07] Carly Mcknight has withdrawn a Sniper Rifle from the weapon locker (Cost: 10)
[2018/1/10 - 22:24:09] Carly Mcknight has withdrawn a SPAS-12 from the weapon locker (Cost: 9)
[2018/1/10 - 22:24:10] Carly Mcknight has withdrawn a Desert Eagle from the weapon locker (Cost: 3)
[2018/1/10 - 22:24:10] Billy Greaves has withdrawn a Sniper Rifle from the weapon locker (Cost: 10)
[2018/1/10 - 22:24:12] Billy Greaves has withdrawn a SPAS-12 from the weapon locker (Cost: 9)
[2018/1/10 - 22:24:12] Billy Greaves has withdrawn a M4A1 from the weapon locker (Cost: 9)
[2018/1/10 - 22:24:14] Billy Greaves has withdrawn a Desert Eagle from the weapon locker (Cost: 3)
[2018/1/10 - 22:25:19] [75:1LT] Lieutenant Shakira Speed has logged out.
[2018/1/10 - 22:25:32] [75:SSG] Staff Sergeant Faye Brazy has logged out.
[2018/1/10 - 22:26:08] General Adam Townsend (1000500352) has set Lehdi Branislav's (1000626791) division to TNR in SAAS (12).
[2018/1/10 - 22:26:11] General Adam Townsend (1000500352) has set Lehdi Branislav's (1000626791) division to 68th in SAAS (12).
[2018/1/10 - 22:30:50] [AFA:CPT] Captain Dwight Silvetti has logged out.
[2018/1/10 - 22:33:31] Stefan Legend has deposited a Sniper Rifle into the locker.
[2018/1/10 - 22:33:34] Stefan Legend has withdrawn a Desert Eagle from the weapon locker (Cost: 3)
[2018/1/10 - 22:33:35] Stefan Legend has withdrawn a AK-47 from the weapon locker (Cost: 5)
[2018/1/10 - 22:34:32] Lee Shawn (1000625539) accepted General Adam Townsend's (1000500352) invite to join SAAS (12).
[2018/1/10 - 22:34:40] General Adam Townsend (1000500352) has set Lee Shawn's (1000625539) division to 75th in SAAS (12).
[2018/1/10 - 22:34:52] Adam Townsend (1000500352) has set Lee Shawn's (1000625539) badge to 75R:PVT.
[2018/1/10 - 22:35:14] Lee Shawn has withdrawn a Desert Eagle from the weapon locker (Cost: 3)
[2018/1/10 - 22:35:17] Lee Shawn has withdrawn a M4A1 from the weapon locker (Cost: 9)
[2018/1/10 - 22:37:03] [75R:PFC] Private First Class Walter Skinner has timed out.
[2018/1/10 - 22:38:11] [75R:PVT] Private Lee Shawn has logged out.
[2018/1/10 - 22:40:34] Walter Skinner has withdrawn a Desert Eagle from the weapon locker (Cost: 3)
[2018/1/10 - 22:40:35] Walter Skinner has withdrawn a M4A1 from the weapon locker (Cost: 9)
[2018/1/10 - 22:41:25] Mark Murphy has withdrawn a Desert Eagle from the weapon locker (Cost: 3)
[2018/1/10 - 22:41:27] Mark Murphy has withdrawn a Sniper Rifle from the weapon locker (Cost: 10)
[2018/1/10 - 22:41:30] Mark Murphy has withdrawn a M4A1 from the weapon locker (Cost: 9)
[2018/1/10 - 22:41:44] [25:SSG] Staff Sergeant Mark Murphy has logged out.
[2018/1/10 - 22:42:00] General Scott R. Mclaren (1000623504) (rank 9) has given Shakira Speed (1000427529) rank 6 (Captain) in SAAS (12).
[2018/1/10 - 22:42:17] Scott R. Mclaren (1000623504) has set Shakira Speed's (1000427529) badge to 75:CPT.
[2018/1/10 - 22:44:04] General Scott R. Mclaren (1000623504) (rank 9) has given Faye Brazy (1000624850) rank 5 (Lieutenant) in SAAS (12).
[2018/1/10 - 22:46:34] [68:CPT] Captain Jeff Gordon has logged out.
[2018/1/10 - 22:51:48] Private Paula Nevera has logged out.
[2018/1/10 - 22:53:38] [CMD:GEN] General Adam Townsend has timed out.
[2018/1/10 - 22:54:19] [Baws] Lieutenant Billy Greaves has logged out.
[2018/1/10 - 22:55:08] Scott R. Mclaren (1000623504) has set Shakira Speed's (1000427529) badge to 75:CPT.
[2018/1/10 - 22:55:39] Scott R. Mclaren (1000623504) has set Shakira Speed's (1000427529) badge to 75:2LT.
[2018/1/10 - 22:55:58] Kyros Omage has withdrawn a Sniper Rifle from the weapon locker (Cost: 10)
[2018/1/10 - 22:55:58] Kyros Omage has withdrawn a SPAS-12 from the weapon locker (Cost: 9)
[2018/1/10 - 22:55:59] Kyros Omage has withdrawn a M4A1 from the weapon locker (Cost: 9)
[2018/1/10 - 22:56:07] [75R:PVT] Private Lee Shawn has logged out.
[2018/1/10 - 22:56:26] Mark Murphy has withdrawn a Sniper Rifle from the weapon locker (Cost: 10)
[2018/1/10 - 22:56:27] Mark Murphy has withdrawn a Desert Eagle from the weapon locker (Cost: 3)
[2018/1/10 - 22:56:33] Scott R. Mclaren (1000623504) has set Faye Brazy's (1000624850) badge to 75:2LT.
[2018/1/10 - 22:56:35] Mark Murphy has withdrawn a SPAS-12 from the weapon locker (Cost: 9)
[2018/1/10 - 22:56:40] [VET:68] Staff Sergeant Kyros Omage has logged out.
[2018/1/10 - 22:56:42] Walter Skinner has withdrawn a Desert Eagle from the weapon locker (Cost: 3)
[2018/1/10 - 22:56:43] Walter Skinner has withdrawn a M4A1 from the weapon locker (Cost: 9)
[2018/1/10 - 22:56:50] [25:SSG] Staff Sergeant Mark Murphy has logged out.
[2018/1/10 - 22:58:30] Lehdi Branislav has withdrawn a M4A1 from the weapon locker (Cost: 9)
[2018/1/10 - 22:58:45] Lehdi Branislav has withdrawn a Shotgun from the weapon locker (Cost: 2)
[2018/1/10 - 22:58:49] Maxim Petrov (852044) accepted General Kieron Casso's (69824) invite to join SAAS (12).
[2018/1/10 - 22:58:59] Lehdi Branislav has withdrawn a Nitestick from the weapon locker (Cost: 1)
[2018/1/10 - 23:00:52] [75R:PVT] Private Lee Shawn has logged out.
[2018/1/10 - 23:03:00] Colonel Alistair W. Hall (1000541552) has set Gregory Boyington's (1000626467) division to JAG in SAAS (12).
[2018/1/10 - 23:03:10] Scott R. Mclaren (1000623504) has set Shakira Speed's (1000427529) badge to 75:CPT.
[2018/1/10 - 23:04:51] Alistair W. Hall (1000541552) has set Gregory Boyington's (1000626467) badge to JAG:CPL.
[2018/1/10 - 23:05:49] Maxim Petrov has withdrawn a M4A1 from the weapon locker (Cost: 9)
[2018/1/10 - 23:05:51] Maxim Petrov has withdrawn a Desert Eagle from the weapon locker (Cost: 3)
[2018/1/10 - 23:05:59] [JCS:LTC] Colonel Alistair W. Hall has timed out.
[2018/1/10 - 23:06:36] Private Maxim Petrov has logged out.
[2018/1/10 - 23:10:00] Faye Brazy has withdrawn a Desert Eagle from the weapon locker (Cost: 3)
[2018/1/10 - 23:10:02] Faye Brazy has withdrawn a AK-47 from the weapon locker (Cost: 5)
[2018/1/10 - 23:10:37] [JCS:LTC] Colonel Alistair W. Hall has timed out.
[2018/1/10 - 23:12:24] [JCS:LTC] Colonel Alistair W. Hall has timed out.
[2018/1/10 - 23:15:08] [75R:PVT] Private Daniel Arthur has timed out.
[2018/1/10 - 23:17:52] Shakira Speed has withdrawn a Sniper Rifle from the weapon locker (Cost: 10)
[2018/1/10 - 23:17:52] Shakira Speed has withdrawn a SPAS-12 from the weapon locker (Cost: 9)
[2018/1/10 - 23:17:53] Shakira Speed has withdrawn a M4A1 from the weapon locker (Cost: 9)
[2018/1/10 - 23:17:54] Shakira Speed has withdrawn a Desert Eagle from the weapon locker (Cost: 3)
[2018/1/10 - 23:17:59] [75:CPL] Private Josh Dolerto has logged out.
[2018/1/10 - 23:22:52] Kyros Omage has withdrawn a Sniper Rifle from the weapon locker (Cost: 10)
[2018/1/10 - 23:22:53] Kyros Omage has withdrawn a SPAS-12 from the weapon locker (Cost: 9)
[2018/1/10 - 23:22:54] Kyros Omage has withdrawn a M4A1 from the weapon locker (Cost: 9)
[2018/1/10 - 23:23:24] Carly Mcknight has withdrawn a Sniper Rifle from the weapon locker (Cost: 10)
[2018/1/10 - 23:23:24] Carly Mcknight has withdrawn a SPAS-12 from the weapon locker (Cost: 9)
[2018/1/10 - 23:23:26] Carly Mcknight has withdrawn a Desert Eagle from the weapon locker (Cost: 3)
[2018/1/10 - 23:25:26] [JCS:LTC] Colonel Alistair W. Hall has timed out.
[2018/1/10 - 23:25:48] [JAG:CPL] Corporal Gregory Boyington has logged out.
[2018/1/10 - 23:27:47] [25:SSG] Staff Sergeant Carly Mcknight has timed out.
[2018/1/10 - 23:30:15] [25:2LT] Clank Hamm has logged in.
[2018/1/10 - 23:30:21] Zieyd Adams has withdrawn a M4A1 from the weapon locker (Cost: 9)
[2018/1/10 - 23:30:23] Zieyd Adams has withdrawn a Desert Eagle from the weapon locker (Cost: 3)
[2018/1/10 - 23:30:53] [75R:PVT] Private Daniel Arthur has logged out.
[2018/1/10 - 23:31:07] [25:SSG] Staff Sergeant Mark Murphy has logged out.
[2018/1/10 - 23:31:48] Clank Hamm has withdrawn a Sniper Rifle from the weapon locker (Cost: 10)
[2018/1/10 - 23:31:48] Clank Hamm has withdrawn a SPAS-12 from the weapon locker (Cost: 9)
[2018/1/10 - 23:31:50] Clank Hamm has withdrawn a M4A1 from the weapon locker (Cost: 9)
[2018/1/10 - 23:31:52] Clank Hamm has withdrawn a MP5 from the weapon locker (Cost: 4)
[2018/1/10 - 23:31:57] Clank Hamm has withdrawn a Desert Eagle from the weapon locker (Cost: 3)
[2018/1/10 - 23:40:02] General Kieron Casso (69824) has set Carly Mcknight's (1000626619) division to 75th in SAAS (12).
[2018/1/10 - 23:40:43] Kieron Casso (69824) has set Carly Mcknight's (1000626619) badge to 75:SSGT.
[2018/1/10 - 23:42:49] [ARM:GEN] General Scott R. Mclaren has logged out.
[2018/1/10 - 23:45:47] [ARM:GEN] General Scott R. Mclaren has logged out.
[2018/1/10 - 23:46:52] [75:SSGT] Staff Sergeant Carly Mcknight has timed out.
[2018/1/10 - 23:52:44] General Scott R. Mclaren (1000623504) (rank 9) has given Kyros Omage (99377) rank 5 (Lieutenant) in SAAS (12).
[2018/1/10 - 23:53:01] Scott R. Mclaren (1000623504) has set Kyros Omage's (99377) badge to 68:2LT.
[2018/1/10 - 23:58:48] [68:2LT] Lieutenant Kyros Omage has timed out.
