[2018/1/30 - 0:01:36] [VTICKET] Officer Scott R. Mclaren has ticketed Zieyd Adams's Elegy (2178) for $5,000.
[2018/1/30 - 0:01:51] IMPOUND: Scott R. Mclaren has impounded Zieyd Adams's Elegy and gained $16,710
[2018/1/30 - 0:08:23] [SD-A322] Deputy I Shakira Speed has logged out.
[2018/1/30 - 0:47:27] Michael J. Aachen has withdrawn a Sniper Rifle from the weapon locker (Cost: 10)
[2018/1/30 - 0:47:28] Michael J. Aachen has withdrawn a SPAS-12 from the weapon locker (Cost: 9)
[2018/1/30 - 0:47:28] Michael J. Aachen has withdrawn a M4A1 from the weapon locker (Cost: 9)
[2018/1/30 - 0:47:29] Michael J. Aachen has withdrawn a Desert Eagle from the weapon locker (Cost: 3)
[2018/1/30 - 0:51:08] [SD-I365] Sergeant Gorge Brown has logged out.
[2018/1/30 - 0:58:15] Undersheriff Michael J. Aachen has logged out.
[2018/1/30 - 1:05:06] [75:CPL] Trainee Josh Dolerto has logged out.
[2018/1/30 - 1:15:38] [SD-P256] Vincenzo Luciano has logged in.
[2018/1/30 - 4:36:35] Michael J. Aachen has withdrawn a Parachute from the weapon locker (Cost: 1)
[2018/1/30 - 4:36:58] Undersheriff Michael J. Aachen has logged out.
[2018/1/30 - 5:13:55] [75:CPL] Trainee Josh Dolerto has logged out.
[2018/1/30 - 5:34:28] * Officer Michael J. Aachen has taken away Chelsya Thomas's weapons.
[2018/1/30 - 5:54:07] Undersheriff Michael J. Aachen (1000570758) has set Gorge Brown's (22157) division to SRB in SASD (12).
[2018/1/30 - 5:59:16] Undersheriff Michael J. Aachen (1000570758) (rank 8) has given Gorge Brown (22157) rank 5 (Lieutenant) in SASD (12).
[2018/1/30 - 5:59:20] Undersheriff Michael J. Aachen (1000570758) has set Gorge Brown's (22157) division to ASB in SASD (12).
[2018/1/30 - 6:04:16] Gorge Brown has withdrawn a SPAS-12 from the weapon locker (Cost: 9)
[2018/1/30 - 6:04:17] Gorge Brown has withdrawn a M4A1 from the weapon locker (Cost: 9)
[2018/1/30 - 6:04:18] Gorge Brown has withdrawn a Desert Eagle from the weapon locker (Cost: 3)
[2018/1/30 - 6:07:44] [SD-I365] Lieutenant Gorge Brown has logged out.
[2018/1/30 - 6:10:41] Undersheriff Michael J. Aachen has logged out.
[2018/1/30 - 6:35:49] Undersheriff Michael J. Aachen has logged out.
[2018/1/30 - 6:49:26] [SD-I365] Lieutenant Gorge Brown has logged out.
[2018/1/30 - 6:54:53] Shakira Speed has withdrawn a Sniper Rifle from the weapon locker (Cost: 10)
[2018/1/30 - 6:54:53] Shakira Speed has withdrawn a SPAS-12 from the weapon locker (Cost: 9)
[2018/1/30 - 6:54:54] Shakira Speed has withdrawn a M4A1 from the weapon locker (Cost: 9)
[2018/1/30 - 6:56:59] * Officer Michael J. Aachen has taken away Shakira Speed's weapons.
[2018/1/30 - 6:58:45] Shakira Speed has withdrawn a Sniper Rifle from the weapon locker (Cost: 10)
[2018/1/30 - 6:58:46] Shakira Speed has withdrawn a SPAS-12 from the weapon locker (Cost: 9)
[2018/1/30 - 6:58:46] Shakira Speed has withdrawn a M4A1 from the weapon locker (Cost: 9)
[2018/1/30 - 6:58:47] Shakira Speed has withdrawn a Desert Eagle from the weapon locker (Cost: 3)
[2018/1/30 - 7:05:08] Captain Scott R. Mclaren (1000623504) has set Scott R. Mclaren's (1000623504) division to SRB in SASD (12).
[2018/1/30 - 7:06:55] Michael J. Aachen has withdrawn a Sniper Rifle from the weapon locker (Cost: 10)
[2018/1/30 - 7:06:56] Michael J. Aachen has withdrawn a SPAS-12 from the weapon locker (Cost: 9)
[2018/1/30 - 7:06:56] Michael J. Aachen has withdrawn a M4A1 from the weapon locker (Cost: 9)
[2018/1/30 - 7:06:58] Michael J. Aachen has withdrawn a Silenced Colt .45 from the weapon locker (Cost: 1)
[2018/1/30 - 7:19:15] Undersheriff Michael J. Aachen (1000570758) (rank 8) has uninvited Gorge Brown (22157) (rank 5) from SASD (12).
[2018/1/30 - 7:30:48] [SD-A322] Deputy I Shakira Speed has logged out.
[2018/1/30 - 7:33:15] Michael J. Aachen has withdrawn a Sniper Rifle from the weapon locker (Cost: 10)
[2018/1/30 - 7:33:15] Michael J. Aachen has withdrawn a SPAS-12 from the weapon locker (Cost: 9)
[2018/1/30 - 7:33:17] Michael J. Aachen has withdrawn a AK-47 from the weapon locker (Cost: 5)
[2018/1/30 - 7:33:23] Michael J. Aachen has withdrawn a Silenced Colt .45 from the weapon locker (Cost: 1)
[2018/1/30 - 7:34:00] Michael J. Aachen has withdrawn a M4A1 from the weapon locker (Cost: 9)
[2018/1/30 - 7:37:01] [SD-P256] Sheriff Vincenzo Luciano has logged out.
[2018/1/30 - 7:44:11] Michael J. Aachen has withdrawn a Sniper Rifle from the weapon locker (Cost: 10)
[2018/1/30 - 7:44:12] Michael J. Aachen has withdrawn a SPAS-12 from the weapon locker (Cost: 9)
[2018/1/30 - 7:44:14] Michael J. Aachen has withdrawn a M4A1 from the weapon locker (Cost: 9)
[2018/1/30 - 7:44:17] Michael J. Aachen has withdrawn a Silenced Colt .45 from the weapon locker (Cost: 1)
[2018/1/30 - 8:19:52] Undersheriff Michael J. Aachen has logged out.
[2018/1/30 - 8:25:52] * Officer Anthony Zelinski has taken away Walid Blevis's weapons.
[2018/1/30 - 8:25:55] * Officer Anthony Zelinski has taken away Walid Blevis's crack.
[2018/1/30 - 9:21:32] Scott R. Mclaren has withdrawn a Sniper Rifle from the weapon locker (Cost: 10)
[2018/1/30 - 9:21:34] Scott R. Mclaren has withdrawn a SPAS-12 from the weapon locker (Cost: 9)
[2018/1/30 - 9:21:35] Scott R. Mclaren has withdrawn a M4A1 from the weapon locker (Cost: 9)
[2018/1/30 - 9:21:52] Shakira Speed has withdrawn a Sniper Rifle from the weapon locker (Cost: 10)
[2018/1/30 - 9:21:53] Shakira Speed has withdrawn a SPAS-12 from the weapon locker (Cost: 9)
[2018/1/30 - 9:21:54] Shakira Speed has withdrawn a M4A1 from the weapon locker (Cost: 9)
[2018/1/30 - 9:21:55] Shakira Speed has withdrawn a Desert Eagle from the weapon locker (Cost: 3)
[2018/1/30 - 9:35:30] Shakira Speed has withdrawn a Sniper Rifle from the weapon locker (Cost: 10)
[2018/1/30 - 9:35:30] Shakira Speed has withdrawn a SPAS-12 from the weapon locker (Cost: 9)
[2018/1/30 - 9:35:31] Shakira Speed has withdrawn a M4A1 from the weapon locker (Cost: 9)
[2018/1/30 - 9:35:32] Shakira Speed has withdrawn a Desert Eagle from the weapon locker (Cost: 3)
[2018/1/30 - 9:51:56] Shakira Speed has withdrawn a Sniper Rifle from the weapon locker (Cost: 10)
[2018/1/30 - 9:51:56] Shakira Speed has withdrawn a SPAS-12 from the weapon locker (Cost: 9)
[2018/1/30 - 9:51:57] Shakira Speed has withdrawn a M4A1 from the weapon locker (Cost: 9)
[2018/1/30 - 9:51:58] Shakira Speed has withdrawn a Desert Eagle from the weapon locker (Cost: 3)
[2018/1/30 - 10:11:24] [SD-I214] Lieutenant Anthony Zelinski has timed out.
[2018/1/30 - 10:38:40] [SD-P256] Vincenzo Luciano has logged in.
[2018/1/30 - 10:43:31] [SD-A322] Deputy I Shakira Speed has logged out.
[2018/1/30 - 11:37:46] [SD-I214] Lieutenant Anthony Zelinski has timed out.
[2018/1/30 - 11:54:32] Shakira Speed has withdrawn a Sniper Rifle from the weapon locker (Cost: 10)
[2018/1/30 - 11:58:35] Shakira Speed has withdrawn a Sniper Rifle from the weapon locker (Cost: 10)
[2018/1/30 - 11:58:36] Shakira Speed has withdrawn a SPAS-12 from the weapon locker (Cost: 9)
[2018/1/30 - 11:58:37] Shakira Speed has withdrawn a M4A1 from the weapon locker (Cost: 9)
[2018/1/30 - 11:58:37] Shakira Speed has withdrawn a Desert Eagle from the weapon locker (Cost: 3)
[2018/1/30 - 12:07:44] Shakira Speed has withdrawn a Sniper Rifle from the weapon locker (Cost: 10)
[2018/1/30 - 12:07:44] Shakira Speed has withdrawn a SPAS-12 from the weapon locker (Cost: 9)
[2018/1/30 - 12:07:45] Shakira Speed has withdrawn a M4A1 from the weapon locker (Cost: 9)
[2018/1/30 - 12:07:46] Shakira Speed has withdrawn a Desert Eagle from the weapon locker (Cost: 3)
[2018/1/30 - 12:09:17] [SD-I214] Lieutenant Anthony Zelinski has logged out.
[2018/1/30 - 12:24:39] Scott R. Mclaren (1000623504) has made Scott R. Mclaren (1000623504) the leader of the SASD.
[2018/1/30 - 12:24:48] Sheriff Scott R. Mclaren (1000623504) (rank 9) has given Scott R. Mclaren (1000623504) rank 6 (Captain) in SASD (12).
[2018/1/30 - 12:28:01] Chrissy Chompers has withdrawn a Desert Eagle from the weapon locker (Cost: 3)
[2018/1/30 - 12:28:09] Chrissy Chompers has withdrawn a SPAS-12 from the weapon locker (Cost: 9)
[2018/1/30 - 12:28:10] Chrissy Chompers has withdrawn a Sniper Rifle from the weapon locker (Cost: 10)
[2018/1/30 - 12:28:14] Chrissy Chompers has withdrawn a MP5 from the weapon locker (Cost: 4)
[2018/1/30 - 12:30:05] IMPOUND: Scott R. Mclaren has impounded Dwayne Radcliffe's Elegy and gained $2,310
[2018/1/30 - 12:32:57] [SD-A280] Captain Scott R. Mclaren has logged out.
[2018/1/30 - 12:38:00] Deputy II Chrissy Chompers has logged out.
[2018/1/30 - 12:39:41] Shakira Speed has withdrawn a Sniper Rifle from the weapon locker (Cost: 10)
[2018/1/30 - 12:39:42] Shakira Speed has withdrawn a SPAS-12 from the weapon locker (Cost: 9)
[2018/1/30 - 12:39:43] Shakira Speed has withdrawn a M4A1 from the weapon locker (Cost: 9)
[2018/1/30 - 12:39:44] Shakira Speed has withdrawn a Desert Eagle from the weapon locker (Cost: 3)
[2018/1/30 - 13:12:29] [SD-N444] Trainee Jaxy Snow has logged out.
[2018/1/30 - 14:45:01] [SD-A322] Deputy I Shakira Speed has logged out.
[2018/1/30 - 14:54:52] [SD-301] Deputy I Nishimura Vikouri has logged out.
[2018/1/30 - 15:06:31] Sergeant Toru Sato has logged out.
[2018/1/30 - 15:11:24] Nishimura Vikouri has withdrawn a Sniper Rifle from the weapon locker (Cost: 10)
[2018/1/30 - 15:11:26] Nishimura Vikouri has withdrawn a SPAS-12 from the weapon locker (Cost: 9)
[2018/1/30 - 15:11:28] Nishimura Vikouri has withdrawn a M4A1 from the weapon locker (Cost: 9)
[2018/1/30 - 15:11:32] Nishimura Vikouri has withdrawn a Desert Eagle from the weapon locker (Cost: 3)
[2018/1/30 - 15:12:27] Nishimura Vikouri has withdrawn a SPAS-12 from the weapon locker (Cost: 9)
[2018/1/30 - 15:12:30] Nishimura Vikouri has withdrawn a Sniper Rifle from the weapon locker (Cost: 10)
[2018/1/30 - 15:24:22] [SD-301] Deputy I Nishimura Vikouri has logged out.
[2018/1/30 - 16:00:59] Shakira Speed has withdrawn a Sniper Rifle from the weapon locker (Cost: 10)
[2018/1/30 - 16:00:59] Shakira Speed has withdrawn a SPAS-12 from the weapon locker (Cost: 9)
[2018/1/30 - 16:01:00] Shakira Speed has withdrawn a M4A1 from the weapon locker (Cost: 9)
[2018/1/30 - 16:01:01] Shakira Speed has withdrawn a Desert Eagle from the weapon locker (Cost: 3)
[2018/1/30 - 16:01:18] Shakira Speed has withdrawn a AK-47 from the weapon locker (Cost: 5)
[2018/1/30 - 16:01:20] Shakira Speed has withdrawn a Shotgun from the weapon locker (Cost: 2)
[2018/1/30 - 16:01:21] Shakira Speed has withdrawn a MP5 from the weapon locker (Cost: 4)
[2018/1/30 - 16:10:11] [SD-A322] Deputy I Shakira Speed has logged out.
[2018/1/30 - 16:41:14] [SD-P340] Noel Mofujohn has logged in.
[2018/1/30 - 16:42:27] Trainee Kiley Sesh Adams has logged out.
[2018/1/30 - 16:48:17] [SD-110] Commander Matt Ada has logged out.
[2018/1/30 - 16:52:44] Noel Mofujohn has withdrawn a M4A1 from the weapon locker (Cost: 9)
[2018/1/30 - 16:52:45] Noel Mofujohn has withdrawn a Desert Eagle from the weapon locker (Cost: 3)
[2018/1/30 - 16:52:45] Noel Mofujohn has withdrawn a Shotgun from the weapon locker (Cost: 2)
[2018/1/30 - 16:52:46] Noel Mofujohn has withdrawn a Nitestick from the weapon locker (Cost: 1)
[2018/1/30 - 16:52:48] Noel Mofujohn has withdrawn a Spray Can from the weapon locker (Cost: 1)
[2018/1/30 - 17:18:04] [SD-N444] Trainee Jaxy Snow has logged out.
[2018/1/30 - 17:43:50] [SD-P378] Deputy I Aldi Digros has logged out.
[2018/1/30 - 17:44:49] Aldi Digros has withdrawn a SPAS-12 from the weapon locker (Cost: 9)
[2018/1/30 - 17:44:50] Aldi Digros has withdrawn a Desert Eagle from the weapon locker (Cost: 3)
[2018/1/30 - 17:44:51] Aldi Digros has withdrawn a MP5 from the weapon locker (Cost: 4)
[2018/1/30 - 17:44:52] Aldi Digros has withdrawn a Nitestick from the weapon locker (Cost: 1)
[2018/1/30 - 17:44:53] Aldi Digros has withdrawn a Spray Can from the weapon locker (Cost: 1)
[2018/1/30 - 17:48:28] [SD-P450] Trainee Gregory Ortega has logged out.
[2018/1/30 - 17:59:24] * Officer Aldi Digros has taken away Yousef Bishop's weapons.
[2018/1/30 - 17:59:28] * Officer Aldi Digros has taken away Yousef Bishop's crack.
[2018/1/30 - 18:05:12] Shakira Speed has withdrawn a M4A1 from the weapon locker (Cost: 9)
[2018/1/30 - 18:13:56] [SD-A322] Deputy I Shakira Speed has logged out.
[2018/1/30 - 18:16:55] Shakira Speed has withdrawn a SPAS-12 from the weapon locker (Cost: 9)
[2018/1/30 - 18:17:40] [SD-A322] Deputy I Shakira Speed has logged out.
[2018/1/30 - 18:32:00] [SD-A322] Deputy I Shakira Speed has timed out.
[2018/1/30 - 18:35:59] Shakira Speed has withdrawn a Sniper Rifle from the weapon locker (Cost: 10)
[2018/1/30 - 18:36:00] Shakira Speed has withdrawn a SPAS-12 from the weapon locker (Cost: 9)
[2018/1/30 - 18:36:00] Shakira Speed has withdrawn a M4A1 from the weapon locker (Cost: 9)
[2018/1/30 - 18:36:01] Shakira Speed has withdrawn a Desert Eagle from the weapon locker (Cost: 3)
[2018/1/30 - 18:48:30] Noel Mofujohn has withdrawn a M4A1 from the weapon locker (Cost: 9)
[2018/1/30 - 18:48:31] Noel Mofujohn has withdrawn a Desert Eagle from the weapon locker (Cost: 3)
[2018/1/30 - 18:48:32] Noel Mofujohn has withdrawn a Shotgun from the weapon locker (Cost: 2)
[2018/1/30 - 18:48:33] Noel Mofujohn has withdrawn a Nitestick from the weapon locker (Cost: 1)
[2018/1/30 - 18:48:36] Noel Mofujohn has withdrawn a Spray Can from the weapon locker (Cost: 1)
[2018/1/30 - 18:48:37] Shakira Speed has withdrawn a Sniper Rifle from the weapon locker (Cost: 10)
[2018/1/30 - 18:48:38] Shakira Speed has withdrawn a SPAS-12 from the weapon locker (Cost: 9)
[2018/1/30 - 18:48:39] Shakira Speed has withdrawn a M4A1 from the weapon locker (Cost: 9)
[2018/1/30 - 18:48:40] Shakira Speed has withdrawn a Desert Eagle from the weapon locker (Cost: 3)
[2018/1/30 - 18:53:39] [SD-A280] Scott R. Mclaren has logged in.
[2018/1/30 - 19:01:46] [SD-A322] Deputy I Shakira Speed has logged out.
[2018/1/30 - 19:06:08] Shakira Speed has withdrawn a Sniper Rifle from the weapon locker (Cost: 10)
[2018/1/30 - 19:06:08] Shakira Speed has withdrawn a SPAS-12 from the weapon locker (Cost: 9)
[2018/1/30 - 19:06:09] Shakira Speed has withdrawn a M4A1 from the weapon locker (Cost: 9)
[2018/1/30 - 19:06:10] Shakira Speed has withdrawn a Desert Eagle from the weapon locker (Cost: 3)
[2018/1/30 - 19:53:12] [SD-292] Lue Dockson has logged in.
[2018/1/30 - 19:57:20] [SD-P301] Micheal Connolly has logged in.
[2018/1/30 - 19:58:11] Kimbo Siice has withdrawn a M4A1 from the weapon locker (Cost: 9)
[2018/1/30 - 19:58:12] Kimbo Siice has withdrawn a SPAS-12 from the weapon locker (Cost: 9)
[2018/1/30 - 19:58:50] [SD-P395] Deputy I Kimbo Siice has timed out.
[2018/1/30 - 20:17:03] [SD-292] Sheriff Lue Dockson has timed out.
[2018/1/30 - 20:18:58] [SD-S130] Commander Andre Stallone has logged out.
[2018/1/30 - 20:20:04] [SD-S130] Commander Andre Stallone has logged out.
[2018/1/30 - 20:22:20] [SD-S130] Commander Andre Stallone has logged out.
[2018/1/30 - 20:27:40] Aldi Digros has withdrawn a M4A1 from the weapon locker (Cost: 9)
[2018/1/30 - 20:27:42] Aldi Digros has withdrawn a Desert Eagle from the weapon locker (Cost: 3)
[2018/1/30 - 20:27:44] Aldi Digros has withdrawn a MP5 from the weapon locker (Cost: 4)
[2018/1/30 - 20:27:52] Aldi Digros has withdrawn a Nitestick from the weapon locker (Cost: 1)
[2018/1/30 - 20:27:53] Aldi Digros has withdrawn a Spray Can from the weapon locker (Cost: 1)
[2018/1/30 - 20:31:06] Dwight G. Montgomery (21405) has set Dwight G. Montgomery's (21405) badge to SD-C181.
[2018/1/30 - 20:39:19] Andre Stallone has withdrawn a SPAS-12 from the weapon locker (Cost: 9)
[2018/1/30 - 20:39:19] Andre Stallone has withdrawn a Sniper Rifle from the weapon locker (Cost: 10)
[2018/1/30 - 20:39:21] Andre Stallone has withdrawn a M4A1 from the weapon locker (Cost: 9)
[2018/1/30 - 20:39:21] Andre Stallone has withdrawn a Desert Eagle from the weapon locker (Cost: 3)
[2018/1/30 - 20:41:59] Dwight G. Montgomery has withdrawn a Desert Eagle from the weapon locker (Cost: 3)
[2018/1/30 - 20:42:01] Dwight G. Montgomery has withdrawn a M4A1 from the weapon locker (Cost: 9)
[2018/1/30 - 20:42:03] Dwight G. Montgomery has withdrawn a Nitestick from the weapon locker (Cost: 1)
[2018/1/30 - 20:43:46] Scott R. Mclaren (1000623504) has made Scott R. Mclaren (1000623504) the leader of the SASD.
[2018/1/30 - 20:43:58] Sheriff Scott R. Mclaren (1000623504) (rank 9) has given Dwight G. Montgomery (21405) rank 8 (Undersheriff) in SASD (12).
[2018/1/30 - 20:44:17] Scott R. Mclaren has withdrawn a Sniper Rifle from the weapon locker (Cost: 10)
[2018/1/30 - 20:44:18] Scott R. Mclaren has withdrawn a SPAS-12 from the weapon locker (Cost: 9)
[2018/1/30 - 20:44:19] Scott R. Mclaren has withdrawn a M4A1 from the weapon locker (Cost: 9)
[2018/1/30 - 20:44:21] Scott R. Mclaren has withdrawn a Desert Eagle from the weapon locker (Cost: 3)
[2018/1/30 - 20:44:23] Scott R. Mclaren has withdrawn a MP5 from the weapon locker (Cost: 4)
[2018/1/30 - 20:44:55] Sheriff Scott R. Mclaren (1000623504) (rank 9) has given Scott R. Mclaren (1000623504) rank 6 (Captain) in SASD (12).
[2018/1/30 - 20:53:51] [SD-S130] Commander Andre Stallone has logged out.
[2018/1/30 - 20:55:48] Gregory Ortega has withdrawn a SPAS-12 from the weapon locker (Cost: 9)
[2018/1/30 - 20:55:48] Gregory Ortega has withdrawn a M4A1 from the weapon locker (Cost: 9)
[2018/1/30 - 20:55:49] Gregory Ortega has withdrawn a Desert Eagle from the weapon locker (Cost: 3)
[2018/1/30 - 20:55:51] Gregory Ortega has withdrawn a MP5 from the weapon locker (Cost: 4)
[2018/1/30 - 21:00:58] Dwight G. Montgomery has withdrawn a M4A1 from the weapon locker (Cost: 9)
[2018/1/30 - 21:01:02] Dwight G. Montgomery has withdrawn a Desert Eagle from the weapon locker (Cost: 3)
[2018/1/30 - 21:02:05] Scott R. Mclaren has withdrawn a Sniper Rifle from the weapon locker (Cost: 10)
[2018/1/30 - 21:02:05] [SD-P378] Deputy I Aldi Digros has timed out.
[2018/1/30 - 21:02:06] Scott R. Mclaren has withdrawn a SPAS-12 from the weapon locker (Cost: 9)
[2018/1/30 - 21:02:07] Scott R. Mclaren has withdrawn a M4A1 from the weapon locker (Cost: 9)
[2018/1/30 - 21:02:09] Scott R. Mclaren has withdrawn a MP5 from the weapon locker (Cost: 4)
[2018/1/30 - 21:03:29] Aldi Digros has withdrawn a Sniper Rifle from the weapon locker (Cost: 10)
[2018/1/30 - 21:07:18] Undersheriff Dwight G. Montgomery (21405) (rank 8) has given Anthony Zelinski (136961) rank 6 (Captain) in SASD (12).
[2018/1/30 - 21:10:20] Undersheriff Dwight G. Montgomery (21405) (rank 8) has given Mark Farrow (310683) rank 7 (Commander) in SASD (12).
[2018/1/30 - 21:10:40] [SD-S130] Commander Andre Stallone has logged out.
[2018/1/30 - 21:12:21] Gregory Ortega has withdrawn a SPAS-12 from the weapon locker (Cost: 9)
[2018/1/30 - 21:12:22] Gregory Ortega has withdrawn a M4A1 from the weapon locker (Cost: 9)
[2018/1/30 - 21:12:23] Gregory Ortega has withdrawn a Desert Eagle from the weapon locker (Cost: 3)
[2018/1/30 - 21:12:25] Gregory Ortega has withdrawn a MP5 from the weapon locker (Cost: 4)
[2018/1/30 - 21:16:15] Undersheriff Michael J. Aachen (1000570758) has set Aldi Digros's (1000196693) division to SRB in SASD (12).
[2018/1/30 - 21:17:00] Undersheriff Michael J. Aachen (1000570758) has set Aldi Digros's (1000196693) division to PSB in SASD (12).
[2018/1/30 - 21:33:40] [SD-I214] Captain Anthony Zelinski has logged out.
[2018/1/30 - 21:34:12] [SD-255] Commander Mark Farrow has logged out.
[2018/1/30 - 21:36:03] Noel Mofujohn has withdrawn a M4A1 from the weapon locker (Cost: 9)
[2018/1/30 - 21:36:04] Noel Mofujohn has withdrawn a Desert Eagle from the weapon locker (Cost: 3)
[2018/1/30 - 21:36:05] Noel Mofujohn has withdrawn a Shotgun from the weapon locker (Cost: 2)
[2018/1/30 - 21:36:08] Noel Mofujohn has withdrawn a Nitestick from the weapon locker (Cost: 1)
[2018/1/30 - 21:36:09] Noel Mofujohn has withdrawn a Spray Can from the weapon locker (Cost: 1)
[2018/1/30 - 21:44:48] Noel Mofujohn has withdrawn a M4A1 from the weapon locker (Cost: 9)
[2018/1/30 - 21:44:49] Noel Mofujohn has withdrawn a Desert Eagle from the weapon locker (Cost: 3)
[2018/1/30 - 21:44:50] Noel Mofujohn has withdrawn a Shotgun from the weapon locker (Cost: 2)
[2018/1/30 - 21:44:51] Noel Mofujohn has withdrawn a Nitestick from the weapon locker (Cost: 1)
[2018/1/30 - 21:44:52] Noel Mofujohn has withdrawn a Spray Can from the weapon locker (Cost: 1)
[2018/1/30 - 21:46:04] EMS Driver Michael J. Aachen has successfully delivered Patient Sean James to the hospital.
[2018/1/30 - 21:49:48] [SD-C181] Undersheriff Dwight G. Montgomery has logged out.
[2018/1/30 - 21:50:36] [SD-P301] Deputy I Micheal Connolly has logged out.
[2018/1/30 - 21:53:53] Undersheriff Michael J. Aachen (1000570758) (rank 8) has given Jaxy Snow (1000150938) rank 1 (Deputy I) in SASD (12).
[2018/1/30 - 21:54:31] Michael J. Aachen (1000570758) has set Jaxy Snow's (1000150938) badge to SD-P444.
[2018/1/30 - 21:56:36] [SD-A280] Captain Scott R. Mclaren has logged out.
[2018/1/30 - 22:00:01] [SD-P450] Trainee Gregory Ortega has logged out.
[2018/1/30 - 22:05:39] EMS Driver Michael J. Aachen has successfully delivered Patient Peter Rodriguez to the hospital.
[2018/1/30 - 22:10:07] * Officer Aldi Digros has taken away Gyth Ryahi's weapons.
[2018/1/30 - 22:12:02] [SD-P378] Deputy I Aldi Digros has logged out.
[2018/1/30 - 22:27:22] Aldi Digros has withdrawn a M4A1 from the weapon locker (Cost: 9)
[2018/1/30 - 22:27:23] Aldi Digros has withdrawn a Desert Eagle from the weapon locker (Cost: 3)
[2018/1/30 - 22:27:24] Aldi Digros has withdrawn a MP5 from the weapon locker (Cost: 4)
[2018/1/30 - 22:27:24] Aldi Digros has withdrawn a Nitestick from the weapon locker (Cost: 1)
[2018/1/30 - 22:27:26] Aldi Digros has withdrawn a Spray Can from the weapon locker (Cost: 1)
[2018/1/30 - 22:27:45] Jaxy Snow has withdrawn a M4A1 from the weapon locker (Cost: 9)
[2018/1/30 - 22:27:46] Jaxy Snow has withdrawn a Desert Eagle from the weapon locker (Cost: 3)
[2018/1/30 - 22:27:47] Jaxy Snow has withdrawn a Nitestick from the weapon locker (Cost: 1)
[2018/1/30 - 22:27:49] Jaxy Snow has withdrawn a Spray Can from the weapon locker (Cost: 1)
[2018/1/30 - 22:28:15] Michael J. Aachen has withdrawn a Sniper Rifle from the weapon locker (Cost: 10)
[2018/1/30 - 22:28:16] Michael J. Aachen has withdrawn a SPAS-12 from the weapon locker (Cost: 9)
[2018/1/30 - 22:28:16] Michael J. Aachen has withdrawn a M4A1 from the weapon locker (Cost: 9)
[2018/1/30 - 22:28:18] Michael J. Aachen has withdrawn a Desert Eagle from the weapon locker (Cost: 3)
[2018/1/30 - 22:35:11] Michael J. Aachen has withdrawn a Sniper Rifle from the weapon locker (Cost: 10)
[2018/1/30 - 22:35:12] Michael J. Aachen has withdrawn a SPAS-12 from the weapon locker (Cost: 9)
[2018/1/30 - 22:35:13] Michael J. Aachen has withdrawn a M4A1 from the weapon locker (Cost: 9)
[2018/1/30 - 22:35:15] Michael J. Aachen has withdrawn a Desert Eagle from the weapon locker (Cost: 3)
[2018/1/30 - 22:37:03] Aldi Digros has withdrawn a M4A1 from the weapon locker (Cost: 9)
[2018/1/30 - 22:37:04] Aldi Digros has withdrawn a MP5 from the weapon locker (Cost: 4)
[2018/1/30 - 22:37:05] Aldi Digros has withdrawn a Nitestick from the weapon locker (Cost: 1)
[2018/1/30 - 22:37:06] Aldi Digros has withdrawn a Desert Eagle from the weapon locker (Cost: 3)
[2018/1/30 - 22:37:10] Aldi Digros has withdrawn a Tear Gas from the weapon locker (Cost: 1)
[2018/1/30 - 22:37:32] Jaxy Snow has withdrawn a M4A1 from the weapon locker (Cost: 9)
[2018/1/30 - 22:37:33] Jaxy Snow has withdrawn a Desert Eagle from the weapon locker (Cost: 3)
[2018/1/30 - 22:37:34] Jaxy Snow has withdrawn a Nitestick from the weapon locker (Cost: 1)
[2018/1/30 - 22:37:40] Jaxy Snow has withdrawn a Spray Can from the weapon locker (Cost: 1)
[2018/1/30 - 22:40:27] EMS Driver Michael J. Aachen has successfully delivered Patient Zyana Dios Bishop to the hospital.
[2018/1/30 - 22:40:30] EMS Driver Michael J. Aachen has successfully delivered Patient Gerg Mcflies to the hospital.
[2018/1/30 - 22:40:36] EMS Driver Michael J. Aachen has successfully delivered Patient Nai Xi Chaos to the hospital.
[2018/1/30 - 22:44:53] [SD-390] Kevin Dios Brank has logged in.
[2018/1/30 - 22:45:06] [SD-390] Deputy I Kevin Dios Brank has timed out.
[2018/1/30 - 22:48:00] [SD-390] Kevin Dios Brank has logged in.
[2018/1/30 - 22:48:13] [SD-390] Deputy I Kevin Dios Brank has timed out.
[2018/1/30 - 22:49:26] [SD-390] Kevin Dios Brank has logged in.
[2018/1/30 - 22:49:39] [SD-390] Deputy I Kevin Dios Brank has timed out.
[2018/1/30 - 22:54:55] Michael J. Aachen has withdrawn a SPAS-12 from the weapon locker (Cost: 9)
[2018/1/30 - 22:54:56] Michael J. Aachen has withdrawn a M4A1 from the weapon locker (Cost: 9)
[2018/1/30 - 22:55:49] Michael J. Aachen (1000570758) has set Michael J. Aachen's (1000570758) badge to SD-A199.
[2018/1/30 - 22:59:38] [SD-P301] Micheal Connolly has logged in.
[2018/1/30 - 23:01:59] [SD-P378] Deputy I Aldi Digros has logged out.
[2018/1/30 - 23:02:00] [SD-P444] Deputy I Jaxy Snow has timed out.
[2018/1/30 - 23:07:23] [SD-390] Kevin Dios Brank has logged in.
[2018/1/30 - 23:10:25] [SD-P301] Deputy I Micheal Connolly has logged out.
[2018/1/30 - 23:23:40] Michael J. Aachen (1000570758) has set Matt Honest's (880189) badge to nerd.
[2018/1/30 - 23:34:11] EMS Driver Michael J. Aachen has successfully delivered Patient Titus Styles to the hospital.
[2018/1/30 - 23:34:14] EMS Driver Michael J. Aachen has successfully delivered Patient Zyana Dios Bishop to the hospital.
[2018/1/30 - 23:46:59] [SD-P301] Micheal Connolly has logged in.
[2018/1/30 - 23:48:08] Micheal Connolly has withdrawn a SPAS-12 from the weapon locker (Cost: 9)
[2018/1/30 - 23:48:09] Micheal Connolly has withdrawn a M4A1 from the weapon locker (Cost: 9)
[2018/1/30 - 23:48:10] Micheal Connolly has withdrawn a Desert Eagle from the weapon locker (Cost: 3)
[2018/1/30 - 23:48:12] Micheal Connolly has withdrawn a MP5 from the weapon locker (Cost: 4)
[2018/1/30 - 23:48:14] Micheal Connolly has withdrawn a Nitestick from the weapon locker (Cost: 1)
[2018/1/30 - 23:48:17] Micheal Connolly has withdrawn a Spray Can from the weapon locker (Cost: 1)
