[2018/1/31 - 0:04:05] Michael J. Aachen has withdrawn a Sniper Rifle from the weapon locker (Cost: 10)
[2018/1/31 - 0:04:06] Michael J. Aachen has withdrawn a SPAS-12 from the weapon locker (Cost: 9)
[2018/1/31 - 0:04:08] Michael J. Aachen has withdrawn a M4A1 from the weapon locker (Cost: 9)
[2018/1/31 - 0:04:09] Michael J. Aachen has withdrawn a Desert Eagle from the weapon locker (Cost: 3)
[2018/1/31 - 0:17:28] Ty Smith (1000601662) has made Ty Smith (1000601662) the leader of the SASD.
[2018/1/31 - 0:21:02] [SD-A199] Undersheriff Michael J. Aachen has logged out.
[2018/1/31 - 0:25:56] Ty Smith (1000601662) has made Ty Smith (1000601662) the leader of the SASD.
[2018/1/31 - 0:37:55] [SD-A280] Scott R. Mclaren has logged in.
[2018/1/31 - 0:52:01] [SD-P301] Deputy I Damon Frost has timed out.
[2018/1/31 - 0:54:58] [SD-P301] Damon Frost has logged in.
[2018/1/31 - 0:55:13] Damon Frost has withdrawn a Silenced Colt .45 from the weapon locker (Cost: 1)
[2018/1/31 - 1:39:08] Michael J. Aachen has withdrawn a Sniper Rifle from the weapon locker (Cost: 10)
[2018/1/31 - 1:39:09] Michael J. Aachen has withdrawn a SPAS-12 from the weapon locker (Cost: 9)
[2018/1/31 - 1:39:11] Michael J. Aachen has withdrawn a M4A1 from the weapon locker (Cost: 9)
[2018/1/31 - 1:39:12] Michael J. Aachen has withdrawn a Silenced Colt .45 from the weapon locker (Cost: 1)
[2018/1/31 - 2:19:00] [SD-A199] Undersheriff Michael J. Aachen has timed out.
[2018/1/31 - 3:00:33] Michael J. Aachen has withdrawn a Sniper Rifle from the weapon locker (Cost: 10)
[2018/1/31 - 3:00:34] Michael J. Aachen has withdrawn a SPAS-12 from the weapon locker (Cost: 9)
[2018/1/31 - 3:00:35] Michael J. Aachen has withdrawn a M4A1 from the weapon locker (Cost: 9)
[2018/1/31 - 3:00:36] Michael J. Aachen has withdrawn a Silenced Colt .45 from the weapon locker (Cost: 1)
[2018/1/31 - 3:36:47] * Officer Michael J. Aachen has taken away Richard Chaos Vane's weapons.
[2018/1/31 - 3:43:51] [SD-A280] Captain Scott R. Mclaren has logged out.
[2018/1/31 - 3:44:26] [SD-A322] Deputy I Shakira Speed has logged out.
[2018/1/31 - 3:46:09] Michael J. Aachen has withdrawn a Sniper Rifle from the weapon locker (Cost: 10)
[2018/1/31 - 3:46:10] Michael J. Aachen has withdrawn a SPAS-12 from the weapon locker (Cost: 9)
[2018/1/31 - 3:46:11] Michael J. Aachen has withdrawn a M4A1 from the weapon locker (Cost: 9)
[2018/1/31 - 3:46:13] Michael J. Aachen has withdrawn a Silenced Colt .45 from the weapon locker (Cost: 1)
[2018/1/31 - 3:47:20] [SD-A322] Deputy I Shakira Speed has timed out.
[2018/1/31 - 3:49:28] Shakira Speed has withdrawn a Sniper Rifle from the weapon locker (Cost: 10)
[2018/1/31 - 3:49:29] Shakira Speed has withdrawn a SPAS-12 from the weapon locker (Cost: 9)
[2018/1/31 - 3:49:29] Shakira Speed has withdrawn a M4A1 from the weapon locker (Cost: 9)
[2018/1/31 - 3:49:30] Shakira Speed has withdrawn a Desert Eagle from the weapon locker (Cost: 3)
[2018/1/31 - 3:54:28] Michael J. Aachen has withdrawn a Sniper Rifle from the weapon locker (Cost: 10)
[2018/1/31 - 3:54:29] Michael J. Aachen has withdrawn a SPAS-12 from the weapon locker (Cost: 9)
[2018/1/31 - 3:54:29] Michael J. Aachen has withdrawn a M4A1 from the weapon locker (Cost: 9)
[2018/1/31 - 3:54:31] Michael J. Aachen has withdrawn a Desert Eagle from the weapon locker (Cost: 3)
[2018/1/31 - 3:55:26] Shakira Speed has withdrawn a Sniper Rifle from the weapon locker (Cost: 10)
[2018/1/31 - 3:55:26] Shakira Speed has withdrawn a SPAS-12 from the weapon locker (Cost: 9)
[2018/1/31 - 3:55:27] Shakira Speed has withdrawn a M4A1 from the weapon locker (Cost: 9)
[2018/1/31 - 3:55:28] Shakira Speed has withdrawn a Desert Eagle from the weapon locker (Cost: 3)
[2018/1/31 - 3:56:30] EMS Driver Michael J. Aachen has successfully delivered Patient Fukimo Mekuto to the hospital.
[2018/1/31 - 3:57:48] [SD-A322] Deputy I Shakira Speed has timed out.
[2018/1/31 - 4:03:44] Shakira Speed has withdrawn a Sniper Rifle from the weapon locker (Cost: 10)
[2018/1/31 - 4:03:44] Shakira Speed has withdrawn a SPAS-12 from the weapon locker (Cost: 9)
[2018/1/31 - 4:03:45] Shakira Speed has withdrawn a M4A1 from the weapon locker (Cost: 9)
[2018/1/31 - 4:03:46] Shakira Speed has withdrawn a Desert Eagle from the weapon locker (Cost: 3)
[2018/1/31 - 4:06:25] [SD-A199] Undersheriff Michael J. Aachen has logged out.
[2018/1/31 - 4:17:47] Michael J. Aachen has withdrawn a Sniper Rifle from the weapon locker (Cost: 10)
[2018/1/31 - 4:17:48] Michael J. Aachen has withdrawn a SPAS-12 from the weapon locker (Cost: 9)
[2018/1/31 - 4:17:49] Michael J. Aachen has withdrawn a M4A1 from the weapon locker (Cost: 9)
[2018/1/31 - 4:17:50] Michael J. Aachen has withdrawn a Desert Eagle from the weapon locker (Cost: 3)
[2018/1/31 - 4:30:47] EMS Driver Michael J. Aachen has successfully delivered Patient Erick Diablo to the hospital.
[2018/1/31 - 4:30:49] EMS Driver Michael J. Aachen has successfully delivered Patient Alejandro Kleinman to the hospital.
[2018/1/31 - 4:36:36] Shakira Speed has withdrawn a Sniper Rifle from the weapon locker (Cost: 10)
[2018/1/31 - 4:36:36] Shakira Speed has withdrawn a SPAS-12 from the weapon locker (Cost: 9)
[2018/1/31 - 4:36:37] Shakira Speed has withdrawn a M4A1 from the weapon locker (Cost: 9)
[2018/1/31 - 4:36:38] Shakira Speed has withdrawn a Desert Eagle from the weapon locker (Cost: 3)
[2018/1/31 - 4:36:58] Michael J. Aachen has withdrawn a Sniper Rifle from the weapon locker (Cost: 10)
[2018/1/31 - 4:36:59] Michael J. Aachen has withdrawn a SPAS-12 from the weapon locker (Cost: 9)
[2018/1/31 - 4:37:00] Michael J. Aachen has withdrawn a M4A1 from the weapon locker (Cost: 9)
[2018/1/31 - 4:37:00] Michael J. Aachen has withdrawn a Silenced Colt .45 from the weapon locker (Cost: 1)
[2018/1/31 - 4:42:27] Michael J. Aachen has withdrawn a Sniper Rifle from the weapon locker (Cost: 10)
[2018/1/31 - 4:42:28] Michael J. Aachen has withdrawn a SPAS-12 from the weapon locker (Cost: 9)
[2018/1/31 - 4:42:29] Michael J. Aachen has withdrawn a M4A1 from the weapon locker (Cost: 9)
[2018/1/31 - 4:42:31] Michael J. Aachen has withdrawn a Silenced Colt .45 from the weapon locker (Cost: 1)
[2018/1/31 - 4:48:16] * Officer Michael J. Aachen has taken away Sega Saito's weapons.
[2018/1/31 - 4:55:44] [SD-A322] Deputy I Shakira Speed has logged out.
[2018/1/31 - 4:58:42] Michael J. Aachen has withdrawn a Sniper Rifle from the weapon locker (Cost: 10)
[2018/1/31 - 4:58:43] Michael J. Aachen has withdrawn a SPAS-12 from the weapon locker (Cost: 9)
[2018/1/31 - 4:58:44] Michael J. Aachen has withdrawn a M4A1 from the weapon locker (Cost: 9)
[2018/1/31 - 4:58:45] Michael J. Aachen has withdrawn a Silenced Colt .45 from the weapon locker (Cost: 1)
[2018/1/31 - 5:15:24] Shakira Speed has withdrawn a Sniper Rifle from the weapon locker (Cost: 10)
[2018/1/31 - 5:15:24] Shakira Speed has withdrawn a SPAS-12 from the weapon locker (Cost: 9)
[2018/1/31 - 5:15:25] Shakira Speed has withdrawn a M4A1 from the weapon locker (Cost: 9)
[2018/1/31 - 5:15:26] Shakira Speed has withdrawn a Desert Eagle from the weapon locker (Cost: 3)
[2018/1/31 - 5:19:13] [SD-A322] Deputy I Shakira Speed has timed out.
[2018/1/31 - 5:38:24] [SD-A322] Deputy I Shakira Speed has logged out.
[2018/1/31 - 5:53:33] [SD-A280] Scott R. Mclaren has logged in.
[2018/1/31 - 5:58:20] * Officer Michael J. Aachen has taken away Max Whitestone's weapons.
[2018/1/31 - 5:59:41] Michael J. Aachen has withdrawn a Sniper Rifle from the weapon locker (Cost: 10)
[2018/1/31 - 5:59:42] Michael J. Aachen has withdrawn a SPAS-12 from the weapon locker (Cost: 9)
[2018/1/31 - 5:59:43] Michael J. Aachen has withdrawn a M4A1 from the weapon locker (Cost: 9)
[2018/1/31 - 5:59:44] Michael J. Aachen has withdrawn a Silenced Colt .45 from the weapon locker (Cost: 1)
[2018/1/31 - 6:19:08] [SD-A199] Undersheriff Michael J. Aachen has logged out.
[2018/1/31 - 6:21:30] [SD-292] Lue Dockson has logged in.
[2018/1/31 - 8:10:50] * Officer Michael J. Aachen has taken away Jack Charles's weapons.
[2018/1/31 - 8:12:53] Michael J. Aachen has withdrawn a SPAS-12 from the weapon locker (Cost: 9)
[2018/1/31 - 8:12:54] Michael J. Aachen has withdrawn a M4A1 from the weapon locker (Cost: 9)
[2018/1/31 - 8:12:55] Michael J. Aachen has withdrawn a Desert Eagle from the weapon locker (Cost: 3)
[2018/1/31 - 8:12:56] Michael J. Aachen has withdrawn a Sniper Rifle from the weapon locker (Cost: 10)
[2018/1/31 - 8:26:48] [SD-A322] Deputy I Shakira Speed has timed out.
[2018/1/31 - 8:29:49] [SD-A199] Undersheriff Michael J. Aachen has logged out.
[2018/1/31 - 9:23:15] Scott R. Mclaren (1000623504) has made Scott R. Mclaren (1000623504) the leader of the SASD.
[2018/1/31 - 9:38:53] Scott R. Mclaren (1000623504) has made Scott R. Mclaren (1000623504) the leader of the SASD.
[2018/1/31 - 9:39:06] Sheriff Scott R. Mclaren (1000623504) (rank 9) has given Scott R. Mclaren (1000623504) rank 6 (Captain) in SASD (12).
[2018/1/31 - 10:12:46] [SD-S130] Commander Andre Stallone has timed out.
[2018/1/31 - 10:33:45] [SD-S130] Commander Andre Stallone has logged out.
[2018/1/31 - 10:35:03] Vincenzo Luciano has withdrawn a Sniper Rifle from the weapon locker (Cost: 10)
[2018/1/31 - 10:35:04] Vincenzo Luciano has withdrawn a SPAS-12 from the weapon locker (Cost: 9)
[2018/1/31 - 10:35:04] Vincenzo Luciano has withdrawn a M4A1 from the weapon locker (Cost: 9)
[2018/1/31 - 10:35:05] Vincenzo Luciano has withdrawn a Desert Eagle from the weapon locker (Cost: 3)
[2018/1/31 - 10:35:05] Vincenzo Luciano has withdrawn a MP5 from the weapon locker (Cost: 4)
[2018/1/31 - 10:35:06] Vincenzo Luciano has withdrawn a Parachute from the weapon locker (Cost: 1)
[2018/1/31 - 10:35:06] Vincenzo Luciano has withdrawn a Fire Extinguisher from the weapon locker (Cost: 1)
[2018/1/31 - 10:35:28] Vincenzo Luciano has withdrawn a Spray Can from the weapon locker (Cost: 1)
[2018/1/31 - 10:35:58] Scott R. Mclaren has withdrawn a Sniper Rifle from the weapon locker (Cost: 10)
[2018/1/31 - 10:35:59] Scott R. Mclaren has withdrawn a SPAS-12 from the weapon locker (Cost: 9)
[2018/1/31 - 10:36:00] Scott R. Mclaren has withdrawn a M4A1 from the weapon locker (Cost: 9)
[2018/1/31 - 10:36:02] Scott R. Mclaren has withdrawn a Desert Eagle from the weapon locker (Cost: 3)
[2018/1/31 - 10:40:36] [SD-A280] Captain Scott R. Mclaren has logged out.
[2018/1/31 - 10:52:01] Anthony Zelinski has withdrawn a Sniper Rifle from the weapon locker (Cost: 10)
[2018/1/31 - 10:52:03] Anthony Zelinski has withdrawn a M4A1 from the weapon locker (Cost: 9)
[2018/1/31 - 10:52:04] Anthony Zelinski has withdrawn a Desert Eagle from the weapon locker (Cost: 3)
[2018/1/31 - 11:44:52] Shakira Speed has withdrawn a Sniper Rifle from the weapon locker (Cost: 10)
[2018/1/31 - 11:44:52] Shakira Speed has withdrawn a SPAS-12 from the weapon locker (Cost: 9)
[2018/1/31 - 11:44:53] Shakira Speed has withdrawn a M4A1 from the weapon locker (Cost: 9)
[2018/1/31 - 11:44:54] Shakira Speed has withdrawn a Desert Eagle from the weapon locker (Cost: 3)
[2018/1/31 - 12:02:43] * Officer Anthony Zelinski has taken away Cameron Westen's weapons.
[2018/1/31 - 12:16:26] Anthony Zelinski has withdrawn a Sniper Rifle from the weapon locker (Cost: 10)
[2018/1/31 - 12:16:28] Anthony Zelinski has withdrawn a M4A1 from the weapon locker (Cost: 9)
[2018/1/31 - 12:16:29] Anthony Zelinski has withdrawn a Desert Eagle from the weapon locker (Cost: 3)
[2018/1/31 - 12:31:12] [SD-A322] Deputy I Shakira Speed has logged out.
[2018/1/31 - 12:35:36] [SD-P444] Deputy I Jaxy Snow has timed out.
[2018/1/31 - 12:36:31] [SD-P444] Deputy I Jaxy Snow has timed out.
[2018/1/31 - 12:38:10] [SD-P444] Deputy I Jaxy Snow has timed out.
[2018/1/31 - 12:59:30] [SD-I214] Captain Anthony Zelinski has logged out.
[2018/1/31 - 13:04:39] [SD-P444] Deputy I Jaxy Snow has logged out.
[2018/1/31 - 13:15:14] Jaxy Snow has withdrawn a M4A1 from the weapon locker (Cost: 9)
[2018/1/31 - 13:15:15] Jaxy Snow has withdrawn a Nitestick from the weapon locker (Cost: 1)
[2018/1/31 - 13:15:17] Jaxy Snow has withdrawn a Spray Can from the weapon locker (Cost: 1)
[2018/1/31 - 13:15:18] Jaxy Snow has withdrawn a Desert Eagle from the weapon locker (Cost: 3)
[2018/1/31 - 13:26:01] [75:2LT] Lieutenant Jazz Singhson has timed out.
[2018/1/31 - 13:27:31] [75:2LT] Lieutenant Jazz Singhson has logged out.
[2018/1/31 - 14:14:39] Micheal Connolly has withdrawn a SPAS-12 from the weapon locker (Cost: 9)
[2018/1/31 - 14:14:40] Micheal Connolly has withdrawn a M4A1 from the weapon locker (Cost: 9)
[2018/1/31 - 14:14:41] Micheal Connolly has withdrawn a Desert Eagle from the weapon locker (Cost: 3)
[2018/1/31 - 14:14:43] Micheal Connolly has withdrawn a MP5 from the weapon locker (Cost: 4)
[2018/1/31 - 14:14:46] Micheal Connolly has withdrawn a Nitestick from the weapon locker (Cost: 1)
[2018/1/31 - 14:14:48] Micheal Connolly has withdrawn a Spray Can from the weapon locker (Cost: 1)
[2018/1/31 - 14:20:46] [SD-P301] Deputy I Micheal Connolly has logged out.
[2018/1/31 - 14:29:56] [SD-P301] Micheal Connolly has logged in.
[2018/1/31 - 15:59:14] [SD-A322] Deputy I Shakira Speed has logged out.
[2018/1/31 - 16:46:19] Aldi Digros has withdrawn a M4A1 from the weapon locker (Cost: 9)
[2018/1/31 - 16:46:20] Aldi Digros has withdrawn a Desert Eagle from the weapon locker (Cost: 3)
[2018/1/31 - 16:46:21] Aldi Digros has withdrawn a MP5 from the weapon locker (Cost: 4)
[2018/1/31 - 16:46:23] Aldi Digros has withdrawn a Nitestick from the weapon locker (Cost: 1)
[2018/1/31 - 16:46:24] Aldi Digros has withdrawn a Spray Can from the weapon locker (Cost: 1)
[2018/1/31 - 17:03:39] [SD-P444] Deputy I Jaxy Snow has timed out.
[2018/1/31 - 17:09:05] [SD-P378] Deputy I Aldi Digros has logged out.
[2018/1/31 - 17:13:46] [SD-P444] Deputy I Jaxy Snow has timed out.
[2018/1/31 - 17:15:08] [SD-P444] Deputy I Jaxy Snow has timed out.
[2018/1/31 - 17:16:10] Shakira Speed has withdrawn a Sniper Rifle from the weapon locker (Cost: 10)
[2018/1/31 - 17:16:10] Shakira Speed has withdrawn a SPAS-12 from the weapon locker (Cost: 9)
[2018/1/31 - 17:16:11] Shakira Speed has withdrawn a M4A1 from the weapon locker (Cost: 9)
[2018/1/31 - 17:16:12] Shakira Speed has withdrawn a Desert Eagle from the weapon locker (Cost: 3)
[2018/1/31 - 17:19:19] [SD-A322] Deputy I Shakira Speed has timed out.
[2018/1/31 - 17:21:28] Aldi Digros has withdrawn a M4A1 from the weapon locker (Cost: 9)
[2018/1/31 - 17:21:28] Aldi Digros has withdrawn a Desert Eagle from the weapon locker (Cost: 3)
[2018/1/31 - 17:21:29] Aldi Digros has withdrawn a MP5 from the weapon locker (Cost: 4)
[2018/1/31 - 17:21:30] Aldi Digros has withdrawn a Nitestick from the weapon locker (Cost: 1)
[2018/1/31 - 17:21:32] Aldi Digros has withdrawn a Spray Can from the weapon locker (Cost: 1)
[2018/1/31 - 17:31:27] [SD-A322] Deputy I Shakira Speed has timed out.
[2018/1/31 - 17:35:57] Jaxy Snow has withdrawn a M4A1 from the weapon locker (Cost: 9)
[2018/1/31 - 17:36:03] Jaxy Snow has withdrawn a Desert Eagle from the weapon locker (Cost: 3)
[2018/1/31 - 17:36:07] Jaxy Snow has withdrawn a Spray Can from the weapon locker (Cost: 1)
[2018/1/31 - 17:36:09] Jaxy Snow has withdrawn a Nitestick from the weapon locker (Cost: 1)
[2018/1/31 - 17:36:24] Aldi Digros has withdrawn a Sniper Rifle from the weapon locker (Cost: 10)
[2018/1/31 - 17:38:24] [SD-P444] Deputy I Jaxy Snow has timed out.
[2018/1/31 - 17:42:25] Shakira Speed has withdrawn a Sniper Rifle from the weapon locker (Cost: 10)
[2018/1/31 - 17:42:25] Shakira Speed has withdrawn a SPAS-12 from the weapon locker (Cost: 9)
[2018/1/31 - 17:42:26] Shakira Speed has withdrawn a M4A1 from the weapon locker (Cost: 9)
[2018/1/31 - 17:42:27] Shakira Speed has withdrawn a Desert Eagle from the weapon locker (Cost: 3)
[2018/1/31 - 17:52:03] Aldi Digros has withdrawn a M4A1 from the weapon locker (Cost: 9)
[2018/1/31 - 17:52:05] Aldi Digros has withdrawn a MP5 from the weapon locker (Cost: 4)
[2018/1/31 - 17:52:06] Aldi Digros has withdrawn a Desert Eagle from the weapon locker (Cost: 3)
[2018/1/31 - 17:52:07] Aldi Digros has withdrawn a Nitestick from the weapon locker (Cost: 1)
[2018/1/31 - 17:52:08] Jaxy Snow has withdrawn a M4A1 from the weapon locker (Cost: 9)
[2018/1/31 - 17:52:08] Aldi Digros has withdrawn a Spray Can from the weapon locker (Cost: 1)
[2018/1/31 - 17:52:10] Jaxy Snow has withdrawn a Nitestick from the weapon locker (Cost: 1)
[2018/1/31 - 17:52:12] Jaxy Snow has withdrawn a Spray Can from the weapon locker (Cost: 1)
[2018/1/31 - 17:52:14] Jaxy Snow has withdrawn a Desert Eagle from the weapon locker (Cost: 3)
[2018/1/31 - 17:55:54] [SD-A322] Deputy I Shakira Speed has timed out.
[2018/1/31 - 17:58:28] [SD-P444] Deputy I Jaxy Snow has timed out.
[2018/1/31 - 17:58:41] Kiley Sesh Adams has withdrawn a Desert Eagle from the weapon locker (Cost: 3)
[2018/1/31 - 17:59:14] Kiley Sesh Adams (1000530638) has quit the SASD as a rank 0
[2018/1/31 - 17:59:48] [SD-P378] Deputy I Aldi Digros has logged out.
[2018/1/31 - 18:03:30] [SD-A322] Deputy I Shakira Speed has timed out.
[2018/1/31 - 18:07:13] [SD-A322] Deputy I Shakira Speed has logged out.
[2018/1/31 - 18:10:26] Shakira Speed has withdrawn a Sniper Rifle from the weapon locker (Cost: 10)
[2018/1/31 - 18:10:27] Shakira Speed has withdrawn a SPAS-12 from the weapon locker (Cost: 9)
[2018/1/31 - 18:10:27] Shakira Speed has withdrawn a M4A1 from the weapon locker (Cost: 9)
[2018/1/31 - 18:10:29] Shakira Speed has withdrawn a Desert Eagle from the weapon locker (Cost: 3)
[2018/1/31 - 18:11:27] [SD-A322] Deputy I Shakira Speed has timed out.
[2018/1/31 - 18:29:17] [SD-A322] Deputy I Shakira Speed has timed out.
[2018/1/31 - 18:48:45] [SD-A322] Deputy I Shakira Speed has logged out.
[2018/1/31 - 18:51:32] Kieron Casso has withdrawn a Desert Eagle from the weapon locker (Cost: 3)
[2018/1/31 - 18:51:34] Kieron Casso has withdrawn a Shotgun from the weapon locker (Cost: 2)
[2018/1/31 - 18:51:34] Kieron Casso has withdrawn a MP5 from the weapon locker (Cost: 4)
[2018/1/31 - 18:51:36] Kieron Casso has withdrawn a Nitestick from the weapon locker (Cost: 1)
[2018/1/31 - 18:51:38] Kieron Casso has withdrawn a Spray Can from the weapon locker (Cost: 1)
[2018/1/31 - 18:51:41] Kieron Casso has withdrawn a Sniper Rifle from the weapon locker (Cost: 10)
[2018/1/31 - 18:52:46] [SD-A322] Deputy I Shakira Speed has logged out.
[2018/1/31 - 18:54:40] [SD-A280] Scott R. Mclaren has logged in.
[2018/1/31 - 18:59:37] Kieron Casso has withdrawn a M4A1 from the weapon locker (Cost: 9)
[2018/1/31 - 18:59:39] Kieron Casso has withdrawn a Shotgun from the weapon locker (Cost: 2)
[2018/1/31 - 18:59:42] Kieron Casso has withdrawn a Desert Eagle from the weapon locker (Cost: 3)
[2018/1/31 - 18:59:43] Kieron Casso has withdrawn a Nitestick from the weapon locker (Cost: 1)
[2018/1/31 - 18:59:47] Kieron Casso has withdrawn a Spray Can from the weapon locker (Cost: 1)
[2018/1/31 - 19:20:40] Sheriff Kieron Casso (69824) has set Micheal Connolly's (24808) division to PSB in SASD (12).
[2018/1/31 - 19:20:57] Sheriff Kieron Casso (69824) (rank 9) has given Micheal Connolly (24808) rank 4 (Sergeant) in SASD (12).
[2018/1/31 - 19:24:22] Andre Stallone has withdrawn a SPAS-12 from the weapon locker (Cost: 9)
[2018/1/31 - 19:24:22] Andre Stallone has withdrawn a Sniper Rifle from the weapon locker (Cost: 10)
[2018/1/31 - 19:24:23] Andre Stallone has withdrawn a AK-47 from the weapon locker (Cost: 5)
[2018/1/31 - 19:24:24] Andre Stallone has withdrawn a M4A1 from the weapon locker (Cost: 9)
[2018/1/31 - 19:24:24] Andre Stallone has withdrawn a Desert Eagle from the weapon locker (Cost: 3)
[2018/1/31 - 19:27:43] Assistant Sheriff Andre Stallone (1000146394) (rank 7) has given Scott R. Mclaren (1000623504) rank 5 (Captain) in SASD (12).
[2018/1/31 - 19:31:09] Captain Scott R. Mclaren (1000623504) has set Micheal Connolly's (24808) division to SRB in SASD (12).
[2018/1/31 - 19:40:17] EMS Driver Micheal Connolly has successfully delivered Patient Casper Fortunato to the hospital.
[2018/1/31 - 20:15:19] [SD-A322] Deputy I Shakira Speed has logged out.
[2018/1/31 - 20:15:42] Andre Stallone has withdrawn a SPAS-12 from the weapon locker (Cost: 9)
[2018/1/31 - 20:15:46] [SD-S130] Assistant Sheriff Andre Stallone has logged out.
[2018/1/31 - 20:16:09] Micheal Connolly has withdrawn a M4A1 from the weapon locker (Cost: 9)
[2018/1/31 - 20:16:10] Micheal Connolly has withdrawn a Desert Eagle from the weapon locker (Cost: 3)
[2018/1/31 - 20:16:11] Micheal Connolly has withdrawn a MP5 from the weapon locker (Cost: 4)
[2018/1/31 - 20:16:13] Micheal Connolly has withdrawn a Nitestick from the weapon locker (Cost: 1)
[2018/1/31 - 20:16:17] Micheal Connolly has withdrawn a Spray Can from the weapon locker (Cost: 1)
[2018/1/31 - 20:19:35] Sheriff Kieron Casso (69824) (rank 9) has given Micheal Connolly (24808) rank 1 (Deputy I) in SASD (12).
[2018/1/31 - 20:20:42] [SD-A322] Deputy I Shakira Speed has logged out.
[2018/1/31 - 20:33:27] * Officer Shakira Speed has taken away Yousef Bishop's weapons.
[2018/1/31 - 20:36:27] [SD-C193] Sheriff Kieron Casso has logged out.
[2018/1/31 - 20:57:16] [SD-P444] Deputy I Jaxy Snow has timed out.
[2018/1/31 - 20:58:40] [SD-P444] Deputy I Jaxy Snow has timed out.
[2018/1/31 - 21:06:44] Shakira Speed has withdrawn a Sniper Rifle from the weapon locker (Cost: 10)
[2018/1/31 - 21:06:44] Shakira Speed has withdrawn a SPAS-12 from the weapon locker (Cost: 9)
[2018/1/31 - 21:06:45] Shakira Speed has withdrawn a M4A1 from the weapon locker (Cost: 9)
[2018/1/31 - 21:06:46] Shakira Speed has withdrawn a Desert Eagle from the weapon locker (Cost: 3)
[2018/1/31 - 21:11:20] Michael J. Aachen has withdrawn a Sniper Rifle from the weapon locker (Cost: 10)
[2018/1/31 - 21:11:21] Michael J. Aachen has withdrawn a SPAS-12 from the weapon locker (Cost: 9)
[2018/1/31 - 21:11:22] Michael J. Aachen has withdrawn a M4A1 from the weapon locker (Cost: 9)
[2018/1/31 - 21:11:22] Michael J. Aachen has withdrawn a Desert Eagle from the weapon locker (Cost: 3)
[2018/1/31 - 21:17:09] Deputy I Jeff Gordon (1000417168) has set Jeff Gordon's (1000417168) division to ASB in SASD (12).
[2018/1/31 - 21:17:16] Deputy I Jeff Gordon (1000417168) has set Jeff Gordon's (1000417168) division to PSB in SASD (12).
[2018/1/31 - 21:17:23] Deputy I Jeff Gordon (1000417168) has set Jeff Gordon's (1000417168) division to SRB in SASD (12).
[2018/1/31 - 21:20:15] [SD-P444] Deputy I Jaxy Snow has timed out.
[2018/1/31 - 21:36:17] [SD-A324] Deputy I Jeff Gordon has timed out.
[2018/1/31 - 21:44:02] [SD-A322] Deputy I Shakira Speed has timed out.
[2018/1/31 - 21:47:19] [SD-A322] Deputy I Shakira Speed has logged out.
[2018/1/31 - 21:52:24] Shakira Speed has withdrawn a Desert Eagle from the weapon locker (Cost: 3)
[2018/1/31 - 21:52:28] Shakira Speed has withdrawn a M4A1 from the weapon locker (Cost: 9)
[2018/1/31 - 21:52:29] Shakira Speed has withdrawn a Sniper Rifle from the weapon locker (Cost: 10)
[2018/1/31 - 21:54:22] [SD-A322] Deputy I Shakira Speed has logged out.
[2018/1/31 - 22:03:40] Bruce Stracci (6914) accepted Undersheriff Michael J. Aachen's (1000570758) invite to join SASD (12).
[2018/1/31 - 22:08:34] Jeff Gordon has withdrawn a Sniper Rifle from the weapon locker (Cost: 10)
[2018/1/31 - 22:08:35] Jeff Gordon has withdrawn a SPAS-12 from the weapon locker (Cost: 9)
[2018/1/31 - 22:08:36] Jeff Gordon has withdrawn a M4A1 from the weapon locker (Cost: 9)
[2018/1/31 - 22:08:37] Jeff Gordon has withdrawn a Desert Eagle from the weapon locker (Cost: 3)
[2018/1/31 - 22:09:16] Scott R. Mclaren has withdrawn a Sniper Rifle from the weapon locker (Cost: 10)
[2018/1/31 - 22:09:17] Scott R. Mclaren has withdrawn a SPAS-12 from the weapon locker (Cost: 9)
[2018/1/31 - 22:09:18] Scott R. Mclaren has withdrawn a M4A1 from the weapon locker (Cost: 9)
[2018/1/31 - 22:09:20] Scott R. Mclaren has withdrawn a MP5 from the weapon locker (Cost: 4)
[2018/1/31 - 22:09:38] Shakira Speed has withdrawn a Sniper Rifle from the weapon locker (Cost: 10)
[2018/1/31 - 22:09:39] Shakira Speed has withdrawn a SPAS-12 from the weapon locker (Cost: 9)
[2018/1/31 - 22:09:40] Shakira Speed has withdrawn a M4A1 from the weapon locker (Cost: 9)
[2018/1/31 - 22:09:41] Shakira Speed has withdrawn a Desert Eagle from the weapon locker (Cost: 3)
[2018/1/31 - 22:14:07] Undersheriff Michael J. Aachen (1000570758) has set Vincenzo Luciano's (102601) division to SRB in SASD (12).
[2018/1/31 - 22:14:11] [SD-A324] Deputy I Jeff Gordon has timed out.
[2018/1/31 - 22:16:38] Michael J. Aachen has withdrawn a Sniper Rifle from the weapon locker (Cost: 10)
[2018/1/31 - 22:16:39] Michael J. Aachen has withdrawn a SPAS-12 from the weapon locker (Cost: 9)
[2018/1/31 - 22:16:40] Michael J. Aachen has withdrawn a M4A1 from the weapon locker (Cost: 9)
[2018/1/31 - 22:16:41] Michael J. Aachen has withdrawn a Silenced Colt .45 from the weapon locker (Cost: 1)
[2018/1/31 - 22:18:55] EMS Driver Jeff Gordon has successfully delivered Patient Jefferey Martin to the hospital.
[2018/1/31 - 22:21:27] Bruce Stracci has withdrawn a Desert Eagle from the weapon locker (Cost: 3)
[2018/1/31 - 22:22:31] Bruce Stracci has withdrawn a MP5 from the weapon locker (Cost: 4)
[2018/1/31 - 22:22:34] Bruce Stracci has withdrawn a Spray Can from the weapon locker (Cost: 1)
[2018/1/31 - 22:22:45] Bruce Stracci has withdrawn a Nitestick from the weapon locker (Cost: 1)
[2018/1/31 - 22:30:38] Captain Scott R. Mclaren has manufactured a crate at Ocean Docks facility.
[2018/1/31 - 22:31:20] Captain Scott R. Mclaren has manufactured a crate at Ocean Docks facility.
[2018/1/31 - 22:32:42] [SD-A322] Deputy I Shakira Speed has timed out.
[2018/1/31 - 22:35:11] Aldi Digros has withdrawn a M4A1 from the weapon locker (Cost: 9)
[2018/1/31 - 22:35:12] Aldi Digros has withdrawn a Desert Eagle from the weapon locker (Cost: 3)
[2018/1/31 - 22:35:13] Aldi Digros has withdrawn a MP5 from the weapon locker (Cost: 4)
[2018/1/31 - 22:35:13] Aldi Digros has withdrawn a Nitestick from the weapon locker (Cost: 1)
[2018/1/31 - 22:35:14] Aldi Digros has withdrawn a Spray Can from the weapon locker (Cost: 1)
[2018/1/31 - 22:36:24] Trainee Bruce Stracci has logged out.
[2018/1/31 - 22:37:48] Captain Scott R. Mclaren has manufactured a crate at Ocean Docks facility.
[2018/1/31 - 22:38:34] Captain Scott R. Mclaren has manufactured a crate at Ocean Docks facility.
[2018/1/31 - 22:39:40] [SD-P444] Deputy I Jaxy Snow has timed out.
[2018/1/31 - 22:57:44] [SD-A199] Undersheriff Michael J. Aachen has logged out.
[2018/1/31 - 22:57:44] [SD-P444] Deputy I Jaxy Snow has timed out.
[2018/1/31 - 22:59:29] [SD-A324] Deputy I Jeff Gordon has logged out.
[2018/1/31 - 23:01:03] Michael J. Aachen has withdrawn a Sniper Rifle from the weapon locker (Cost: 10)
[2018/1/31 - 23:01:04] Michael J. Aachen has withdrawn a SPAS-12 from the weapon locker (Cost: 9)
[2018/1/31 - 23:01:05] Michael J. Aachen has withdrawn a M4A1 from the weapon locker (Cost: 9)
[2018/1/31 - 23:01:05] Michael J. Aachen has withdrawn a Desert Eagle from the weapon locker (Cost: 3)
[2018/1/31 - 23:13:33] Michael J. Aachen has withdrawn a Sniper Rifle from the weapon locker (Cost: 10)
[2018/1/31 - 23:13:35] Michael J. Aachen has withdrawn a SPAS-12 from the weapon locker (Cost: 9)
[2018/1/31 - 23:13:36] Michael J. Aachen has withdrawn a M4A1 from the weapon locker (Cost: 9)
[2018/1/31 - 23:13:37] Michael J. Aachen has withdrawn a Desert Eagle from the weapon locker (Cost: 3)
[2018/1/31 - 23:35:16] [SD-P394] Deputy I Larry Wrzosek has logged out.
[2018/1/31 - 23:37:40] [SD-P378] Deputy I Aldi Digros has logged out.
[2018/1/31 - 23:38:10] [SD-P444] Deputy I Jaxy Snow has timed out.
[2018/1/31 - 23:48:32] EMS Driver Michael J. Aachen has successfully delivered Patient Kenny Stuart to the hospital.
[2018/1/31 - 23:55:29] EMS Driver Michael J. Aachen has successfully delivered Patient Vladmir Woodcock to the hospital.
