[2018/1/19 - 0:00:16] Darren Wagner has authorized Joel Baratta to withdraw a Desert Eagle from the weapon locker (Cost: 5)
[2018/1/19 - 0:05:12] Darren Wagner has deposited a AK-47 into the locker.
[2018/1/19 - 0:05:20] Teddy Steels has deposited a AK-47 into the locker.
[2018/1/19 - 0:05:30] Darren Wagner has authorized Teddy Steels to withdraw a SPAS-12 from the weapon locker (Cost: 30)
[2018/1/19 - 0:05:57] Darren Wagner has authorized Joel Baratta to withdraw a AK-47 from the weapon locker (Cost: 15)
[2018/1/19 - 0:07:03] Darren Wagner has deposited a AK-47 into the locker.
[2018/1/19 - 0:07:08] Mert Baba Deadmon has deposited a AK-47 into the locker.
[2018/1/19 - 0:07:32] Darren Wagner has authorized Mert Baba Deadmon to withdraw a SPAS-12 from the weapon locker (Cost: 30)
[2018/1/19 - 0:07:41] Darren Wagner has withdrawn a Desert Eagle from the weapon locker (Cost: 5)
[2018/1/19 - 0:08:36] Darren Wagner has authorized Teddy Steels to withdraw a M4A1 from the weapon locker (Cost: 20)
[2018/1/19 - 0:19:39] Darren Wagner has withdrawn a Desert Eagle from the weapon locker (Cost: 5)
[2018/1/19 - 0:20:07] Darren Wagner has authorized Mert Baba Deadmon to withdraw a Desert Eagle from the weapon locker (Cost: 5)
[2018/1/19 - 0:22:29] Joel Baratta has logged out.
[2018/1/19 - 0:26:18] Darren Wagner has authorized Joel Baratta to withdraw a Desert Eagle from the weapon locker (Cost: 5)
[2018/1/19 - 0:46:38] Darren Wagner has authorized Teddy Steels to withdraw a Sniper Rifle from the weapon locker (Cost: 40)
[2018/1/19 - 0:46:40] Teddy Steels has withdrawn a Desert Eagle from the weapon locker (Cost: 5)
[2018/1/19 - 0:46:51] Joel Baratta has logged out.
[2018/1/19 - 0:47:00] Darren Wagner has adjusted the withdraw rank for item 2 to 5.
[2018/1/19 - 0:47:05] Teddy Steels has withdrawn 30 grams of Ecstasy from the safe.
[2018/1/19 - 0:47:08] Darren Wagner has adjusted the withdraw rank for item 2 to 6.
[2018/1/19 - 0:52:24] Darren Wagner has withdrawn a Desert Eagle from the weapon locker (Cost: 5)
[2018/1/19 - 0:52:25] Darren Wagner has withdrawn a AK-47 from the weapon locker (Cost: 15)
[2018/1/19 - 0:57:46] Patarejas Darren Wagner has lost connection.
[2018/1/19 - 0:58:38] Patarejas Darren Wagner has lost connection.
[2018/1/19 - 1:04:12] Teddy Steels has deposited a Sniper Rifle into the locker.
[2018/1/19 - 1:04:15] Teddy Steels has withdrawn a Desert Eagle from the weapon locker (Cost: 5)
[2018/1/19 - 1:04:39] Darren Wagner has authorized Teddy Steels to withdraw a M4A1 from the weapon locker (Cost: 20)
[2018/1/19 - 1:14:05] Darren Wagner has withdrawn a AK-47 from the weapon locker (Cost: 15)
[2018/1/19 - 1:14:06] Darren Wagner has withdrawn a Desert Eagle from the weapon locker (Cost: 5)
[2018/1/19 - 1:14:18] Darren Wagner has adjusted the withdraw rank for item 2 to 5.
[2018/1/19 - 1:14:22] Darren Wagner has withdrawn 120 grams of Meth from the safe.
[2018/1/19 - 1:14:44] Darren Wagner has adjusted the withdraw rank for item 2 to 6.
[2018/1/19 - 1:47:47] Mert Baba Deadmon has deposited a AK-47 into the locker.
[2018/1/19 - 1:48:10] Mert Baba Deadmon has deposited a AK-47 into the locker.
[2018/1/19 - 1:48:22] Darren Wagner has authorized Mert Baba Deadmon to withdraw a SPAS-12 from the weapon locker (Cost: 30)
[2018/1/19 - 2:15:45] Patarejas Darren Wagner has lost connection.
[2018/1/19 - 2:22:35] Teddy Steels has logged out.
[2018/1/19 - 2:37:54] Skolu Ismusinetojas Mert Baba Deadmon has lost connection.
[2018/1/19 - 3:55:36] Skolu Ismusinetojas Mert Baba Deadmon has lost connection.
[2018/1/19 - 4:00:34] Mert Baba Deadmon (1000519437) has quit the Daktarai as a rank 4
[2018/1/19 - 9:29:55] Pacanas Kieron Pollard has lost connection.
[2018/1/19 - 10:01:07] Kieron Pollard has logged out.
[2018/1/19 - 10:25:09] Kieron Pollard has logged out.
[2018/1/19 - 10:46:05] Benzene Demon (1000302817) has quit the Daktarai as a rank 1
[2018/1/19 - 11:16:25] Kieron Pollard has logged out.
[2018/1/19 - 11:47:33] Teddy Steels has logged out.
[2018/1/19 - 12:11:52] Darren Wagner has authorized Teddy Steels to withdraw a SPAS-12 from the weapon locker (Cost: 30)
[2018/1/19 - 12:12:16] Darren Wagner has adjusted the withdraw rank for item 2 to 5.
[2018/1/19 - 12:12:21] Darren Wagner has withdrawn 120 grams of Ecstasy from the safe.
[2018/1/19 - 12:12:25] Darren Wagner has withdrawn 20 grams of Meth from the safe.
[2018/1/19 - 12:12:30] Darren Wagner has adjusted the withdraw rank for item 2 to 6.
[2018/1/19 - 12:12:52] Darren Wagner has authorized Teddy Steels to withdraw a M4A1 from the weapon locker (Cost: 20)
[2018/1/19 - 12:12:54] Darren Wagner (1000626882) has quit the Daktarai as a rank 5
[2018/1/19 - 12:13:06] Teddy Steels (1000591506) has quit the Daktarai as a rank 5
[2018/1/19 - 13:34:32] Sung Saito has logged out.
[2018/1/19 - 14:25:57] Darren Wagner (1000626882) accepted Vierchas Gunther Von Wolfe's (1000063405) invite to join Daktarai (33).
[2018/1/19 - 14:26:04] Vierchas Gunther Von Wolfe (1000063405) (rank 6) has given Darren Wagner (1000626882) rank 5 (Patarejas) in Daktarai (33).
[2018/1/19 - 14:26:08] Vierchas Gunther Von Wolfe (1000063405) has set Darren Wagner's (1000626882) division to High Elo in Daktarai (33).
[2018/1/19 - 14:31:41] Antwone Fisher has withdrawn a Desert Eagle from the weapon locker (Cost: 5)
[2018/1/19 - 14:35:40] Kobe Mece (1000088591) has made Darren Wagner (1000626882) the leader of the Daktarai.
[2018/1/19 - 14:35:45] Vierchas Darren Wagner (1000626882) (rank 6) has given Darren Wagner (1000626882) rank 5 (Patarejas) in Daktarai (33).
[2018/1/19 - 14:35:56] Patarejas Darren Wagner (1000626882) has set Darren Wagner's (1000626882) division to High Elo in Daktarai (33).
[2018/1/19 - 14:36:06] Vierchas Gunther Von Wolfe (1000063405) has set Darren Wagner's (1000626882) division to Meme Dealer in Daktarai (33).
[2018/1/19 - 14:48:57] Vierchas Gunther Von Wolfe (1000063405) (rank 6) has given Martin Lorenzo (1000426218) rank 5 (Patarejas) in Daktarai (33).
[2018/1/19 - 14:49:03] Vierchas Gunther Von Wolfe (1000063405) has set Martin Lorenzo's (1000426218) division to Admin team xoxo in Daktarai (33).
[2018/1/19 - 14:49:06] Vierchas Gunther Von Wolfe (1000063405) has set Martin Lorenzo's (1000426218) division to Meme Dealer in Daktarai (33).
[2018/1/19 - 14:49:21] Darren Wagner (1000626882) has renamed the High Elo division (#7) to r5 gang
[2018/1/19 - 14:49:44] Vierchas Gunther Von Wolfe (1000063405) has set Martin Lorenzo's (1000426218) division to r5 gang in Daktarai (33).
[2018/1/19 - 14:50:35] Kobe Mece (1000088591) has made Martin Lorenzo (1000426218) the leader of the Daktarai.
[2018/1/19 - 14:50:47] Vierchas Gunther Von Wolfe (1000063405) (rank 6) has given Martin Lorenzo (1000426218) rank 5 (Patarejas) in Daktarai (33).
[2018/1/19 - 14:50:47] Administrator Kobe Mece has group-kicked Kobe Mece (1000088591) from Daktarai (33)
[2018/1/19 - 14:52:10] Darren Wagner (1000626882) has renamed the r5 gang division (#7) to nOOse gaNg
[2018/1/19 - 14:52:12] Patarejas Darren Wagner (1000626882) has set Martin Lorenzo's (1000426218) division to nOOse gaNg in Daktarai (33).
[2018/1/19 - 14:52:23] Gunther Von Wolfe (1000063405) has renamed the nOOse gaNg division (#7) to NOO$E
[2018/1/19 - 14:52:27] Vierchas Gunther Von Wolfe (1000063405) has set Gunther Von Wolfe's (1000063405) division to NOO$E in Daktarai (33).
[2018/1/19 - 14:52:49] Martin Lorenzo has withdrawn a Desert Eagle from the weapon locker (Cost: 5)
[2018/1/19 - 14:52:49] Vierchas Gunther Von Wolfe (1000063405) has set Darren Wagner's (1000626882) division to NOO$E in Daktarai (33).
[2018/1/19 - 14:56:50] Gunther Von Wolfe has authorized Darren Wagner to withdraw a SPAS-12 from the weapon locker (Cost: 30)
[2018/1/19 - 14:57:05] Gunther Von Wolfe has withdrawn 100 grams of Ecstasy from the safe.
[2018/1/19 - 14:57:18] Gunther Von Wolfe has withdrawn 100 grams of Heroin from the safe.
[2018/1/19 - 14:57:45] Gunther Von Wolfe has withdrawn 80 grams of Heroin from the safe.
[2018/1/19 - 14:58:03] Antwone Fisher has withdrawn a AK-47 from the weapon locker (Cost: 15)
[2018/1/19 - 14:58:07] Gunther Von Wolfe has withdrawn 80 grams of Ecstasy from the safe.
[2018/1/19 - 15:08:34] Martin Lorenzo has withdrawn a Desert Eagle from the weapon locker (Cost: 5)
[2018/1/19 - 15:12:48] Darren Wagner has logged out.
[2018/1/19 - 15:15:42] Martin Lorenzo has logged out.
[2018/1/19 - 15:22:26] Gunther Von Wolfe has set M4A1 weapon restriction from rank 6+ to 5.
[2018/1/19 - 15:22:28] Gunther Von Wolfe has set M4A1 weapon restriction from rank 5+ to 6.
[2018/1/19 - 15:25:49] Bob Cena has logged out.
[2018/1/19 - 15:28:09] Bob Cena has logged out.
[2018/1/19 - 15:57:13] Administrator Kobe Mece has group-kicked Kobe Mece (1000088591) from Daktarai (33)
[2018/1/19 - 15:58:01] Gunther Von Wolfe has withdrawn a Sniper Rifle from the weapon locker (Cost: 40)
[2018/1/19 - 15:58:17] Gunther Von Wolfe has withdrawn a Sniper Rifle from the weapon locker (Cost: 40)
[2018/1/19 - 15:58:34] Gunther Von Wolfe has withdrawn a Sniper Rifle from the weapon locker (Cost: 40)
[2018/1/19 - 16:04:23] Vierchas Gunther Von Wolfe (1000063405) has set Jonas Mezeika's (1000512495) division to Meme Dealer in Daktarai (33).
[2018/1/19 - 16:06:17] Antwone Fisher has authorized Bob Cena to withdraw a Sniper Rifle from the weapon locker (Cost: 40)
[2018/1/19 - 16:08:28] Antwone Fisher has logged out.
[2018/1/19 - 16:20:15] Jonas Mezeika (1000512495) has renamed the Admin team xoxo division (#5) to jonas.cs
[2018/1/19 - 16:20:29] Patarejas Jonas Mezeika (1000512495) has set Jonas Mezeika's (1000512495) division to jonas.cs in Daktarai (33).
[2018/1/19 - 16:20:34] Darren Wagner (1000626882) has renamed the jonas.cs division (#5) to jonasushouldkys
[2018/1/19 - 16:20:47] Darren Wagner has logged out.
[2018/1/19 - 16:20:47] Jonas Mezeika (1000512495) has renamed the jonasushouldkys division (#5) to unstoppablew
[2018/1/19 - 16:20:47] Bernard Griffin (1000348196) accepted Vierchas Gunther Von Wolfe's (1000063405) invite to join Daktarai (33).
[2018/1/19 - 16:20:48] Jonas Mezeika (1000512495) has renamed the unstoppablew division (#5) to unstoppable
[2018/1/19 - 16:22:35] Darren Wagner (1000626882) has renamed the unstoppable division (#5) to misguided
[2018/1/19 - 16:23:20] Patarejas Darren Wagner (1000626882) has set Bernard Griffin's (1000348196) division to Naujokai in Daktarai (33).
[2018/1/19 - 16:24:16] Antwone Fisher has authorized Darren Wagner to withdraw a SPAS-12 from the weapon locker (Cost: 30)
[2018/1/19 - 16:40:55] Darren Wagner has logged out.
[2018/1/19 - 16:41:45] Jonas Mezeika has deposited a M4A1 into the locker.
[2018/1/19 - 16:47:40] Gunther Von Wolfe (1000063405) has renamed the misguided division (#5) to I surrendered
[2018/1/19 - 16:47:49] Gunther Von Wolfe (1000063405) has renamed the I surrendered division (#5) to lmao found a wa
[2018/1/19 - 16:47:56] Gunther Von Wolfe (1000063405) has renamed the lmao found a wa division (#5) to way to communic
[2018/1/19 - 16:48:03] Gunther Von Wolfe (1000063405) has renamed the way to communic division (#5) to sup guys ;D
[2018/1/19 - 16:48:19] Gunther Von Wolfe (1000063405) has renamed the sup guys ;D division (#5) to 4 mins
[2018/1/19 - 16:48:22] Gunther Von Wolfe (1000063405) has renamed the 4 mins division (#5) to left
[2018/1/19 - 16:48:49] Gunther Von Wolfe (1000063405) has renamed the left division (#5) to <3
[2018/1/19 - 16:49:04] Gunther Von Wolfe (1000063405) has renamed the <3 division (#5) to cells
[2018/1/19 - 16:49:07] Gunther Von Wolfe (1000063405) has renamed the cells division (#5) to are closed
[2018/1/19 - 16:49:11] Gunther Von Wolfe (1000063405) has renamed the are closed division (#5) to that sucks
[2018/1/19 - 16:49:44] Gunther Von Wolfe (1000063405) has renamed the that sucks division (#5) to Cringy
[2018/1/19 - 16:50:06] Gunther Von Wolfe (1000063405) has renamed the Cringy division (#5) to that ad
[2018/1/19 - 16:50:09] Gunther Von Wolfe (1000063405) has renamed the that ad division (#5) to fucking cringy
[2018/1/19 - 16:50:13] Gunther Von Wolfe (1000063405) has renamed the fucking cringy division (#5) to haHAA
[2018/1/19 - 16:52:10] Gunther Von Wolfe (1000063405) has renamed the haHAA division (#5) to Thumbs Up
[2018/1/19 - 16:52:14] Gunther Von Wolfe (1000063405) has renamed the Thumbs Up division (#5) to ;)
[2018/1/19 - 16:52:35] Gunther Von Wolfe (1000063405) has renamed the ;) division (#5) to Patty ?
[2018/1/19 - 16:52:47] Gunther Von Wolfe (1000063405) has renamed the Patty ? division (#5) to whatagayassname
[2018/1/19 - 16:52:52] Gunther Von Wolfe (1000063405) has renamed the whatagayassname division (#5) to ABE?
[2018/1/19 - 16:52:59] Gunther Von Wolfe (1000063405) has renamed the ABE? division (#5) to watafak
[2018/1/19 - 17:00:57] Gunther Von Wolfe has logged out.
[2018/1/19 - 17:08:09] Antwone Fisher has adjusted the withdraw rank for item 2 to 5.
[2018/1/19 - 17:08:17] Antwone Fisher has withdrawn 60 grams of Meth from the safe.
[2018/1/19 - 17:08:25] Antwone Fisher has withdrawn 50 grams of Ecstasy from the safe.
[2018/1/19 - 17:08:36] Antwone Fisher has withdrawn 10 grams of Heroin from the safe.
[2018/1/19 - 17:08:41] Antwone Fisher has adjusted the withdraw rank for item 2 to 6.
[2018/1/19 - 17:08:42] Bob Cena has logged out.
[2018/1/19 - 17:08:59] Antwone Fisher has withdrawn a AK-47 from the weapon locker (Cost: 15)
[2018/1/19 - 17:12:17] Jonas Mezeika (1000512495) has renamed the watafak division (#5) to AI robot
[2018/1/19 - 17:21:16] Patarejas Jonas Mezeika has lost connection.
[2018/1/19 - 17:30:57] Darren Wagner has withdrawn a Desert Eagle from the weapon locker (Cost: 5)
[2018/1/19 - 17:37:05] Darren Wagner has logged out.
[2018/1/19 - 17:47:18] Antwone Fisher has logged out.
[2018/1/19 - 18:25:07] Pacanas Kieron Pollard has lost connection.
[2018/1/19 - 19:26:36] Patarejas Nick Gurs Steels has lost connection.
[2018/1/19 - 19:27:11] Fuksas Bernard Griffin has lost connection.
[2018/1/19 - 19:29:35] Skolu Ismusinetojas Sung Saito has lost connection.
[2018/1/19 - 19:30:58] Kieron Pollard has logged out.
[2018/1/19 - 19:39:08] Sung Saito (1000624816) has quit the Daktarai as a rank 4
[2018/1/19 - 19:49:45] Bernard Griffin has logged out.
[2018/1/19 - 20:54:23] Patarejas Darren Wagner (1000626882) (rank 5) has given Usain Cj Bolt (1000625354) rank 2 (Pacanas) in Daktarai (33).
[2018/1/19 - 21:14:03] Patarejas Darren Wagner has lost connection.
[2018/1/19 - 21:16:30] Patarejas Darren Wagner has lost connection.
[2018/1/19 - 21:20:51] Patarejas Darren Wagner has lost connection.
[2018/1/19 - 21:24:30] Usain Cj Bolt has logged out.
[2018/1/19 - 21:28:07] Darren Wagner has authorized Usain Cj Bolt to withdraw a SPAS-12 from the weapon locker (Cost: 30)
[2018/1/19 - 21:33:11] Usain Cj Bolt has logged out.
[2018/1/19 - 22:08:37] Darren Wagner has logged out.
[2018/1/19 - 22:29:39] Patarejas Antwone Fisher has lost connection.
[2018/1/19 - 22:45:35] Antwone Fisher has logged out.
[2018/1/19 - 23:04:21] Patarejas Jonas Mezeika has lost connection.
[2018/1/19 - 23:17:40] Patarejas Jonas Mezeika has lost connection.
[2018/1/19 - 23:27:16] Kris Stax has withdrawn a Desert Eagle from the weapon locker (Cost: 5)
[2018/1/19 - 23:27:17] Kris Stax has withdrawn a AK-47 from the weapon locker (Cost: 15)
[2018/1/19 - 23:28:52] Usain Cj Bolt (1000625354) has quit the Daktarai as a rank 2
[2018/1/19 - 23:33:41] Mert Baba Deadmon (1000519437) accepted Patarejas Jonas Mezeika's (1000512495) invite to join Daktarai (33).
[2018/1/19 - 23:33:43] Patarejas Jonas Mezeika (1000512495) (rank 5) has given Mert Baba Deadmon (1000519437) rank 4 (Skolu Ismusinetojas) in Daktarai
[2018/1/19 - 23:33:46] Patarejas Jonas Mezeika (1000512495) has set Mert Baba Deadmon's (1000519437) division to Sefai in Daktarai (33).
[2018/1/19 - 23:33:49] Patarejas Jonas Mezeika (1000512495) has set Mert Baba Deadmon's (1000519437) division to Arsenalas in Daktarai (33).
[2018/1/19 - 23:34:28] Jonas Mezeika (1000512495) has renamed the AI robot division (#5) to baba squad
[2018/1/19 - 23:34:31] Patarejas Jonas Mezeika (1000512495) has set Mert Baba Deadmon's (1000519437) division to baba squad in Daktarai (33).
[2018/1/19 - 23:38:03] Jonas Mezeika has deposited a AK-47 into the locker.
[2018/1/19 - 23:40:03] Darren Wagner (1000626882) has renamed the baba squad division (#5) to BABA SQUAD
[2018/1/19 - 23:53:45] Mert Baba Deadmon has deposited a AK-47 into the locker.
[2018/1/19 - 23:53:53] Jonas Mezeika has deposited a AK-47 into the locker.
[2018/1/19 - 23:54:03] Mert Baba Deadmon has deposited a AK-47 into the locker.
[2018/1/19 - 23:54:08] Jonas Mezeika has deposited a AK-47 into the locker.
[2018/1/19 - 23:54:21] Jonas Mezeika has authorized Mert Baba Deadmon to withdraw a SPAS-12 from the weapon locker (Cost: 30)
[2018/1/19 - 23:55:29] Jonas Mezeika has authorized Mert Baba Deadmon to withdraw a SPAS-12 from the weapon locker (Cost: 30)
[2018/1/19 - 23:56:37] Haris Jonez (310441) has quit the Daktarai as a rank 0
