[2018/1/22 - 0:01:10] Patarejas Darren Wagner has lost connection.
[2018/1/22 - 0:04:33] Fuksas Jax Dios Hunt has lost connection.
[2018/1/22 - 0:08:57] Patarejas Darren Wagner has lost connection.
[2018/1/22 - 0:08:57] Fuksas Jax Dios Hunt has lost connection.
[2018/1/22 - 0:12:14] Patarejas Darren Wagner has lost connection.
[2018/1/22 - 0:19:10] Patarejas Darren Wagner has lost connection.
[2018/1/22 - 0:25:15] Patarejas Darren Wagner has lost connection.
[2018/1/22 - 0:26:13] Darren Wagner has logged out.
[2018/1/22 - 8:33:10] Darren Wagner has withdrawn a Desert Eagle from the weapon locker (Cost: 5)
[2018/1/22 - 8:41:45] Darren Wagner (1000626882) has renamed the Meme Dealer division (#5) to KlosarSquad
[2018/1/22 - 8:41:49] Darren Wagner (1000626882) has removed the KlosarSquad division (#6)
[2018/1/22 - 8:41:58] Darren Wagner (1000626882) has renamed the None division (#6) to Meme Dealer
[2018/1/22 - 8:42:03] Patarejas Darren Wagner (1000626882) has set Darren Wagner's (1000626882) division to KlosarSquad in Daktarai (33).
[2018/1/22 - 8:45:06] Kieron Pollard has logged out.
[2018/1/22 - 8:59:49] Kieron Pollard has logged out.
[2018/1/22 - 9:05:49] Bernard Griffin has logged out.
[2018/1/22 - 9:07:35] Darren Wagner has logged out.
[2018/1/22 - 10:22:14] Skolu Ismusinetojas Kieron Pollard has lost connection.
[2018/1/22 - 11:56:30] Kieron Pollard has logged out.
[2018/1/22 - 11:59:54] Patarejas Hachi Kush has lost connection.
[2018/1/22 - 12:02:23] Hachi Kush has withdrawn a Desert Eagle from the weapon locker (Cost: 5)
[2018/1/22 - 12:02:27] Hachi Kush has withdrawn a AK-47 from the weapon locker (Cost: 15)
[2018/1/22 - 12:02:38] Hachi Kush has withdrawn 100 grams of Heroin from the safe.
[2018/1/22 - 12:16:09] Hachi Kush has withdrawn a Desert Eagle from the weapon locker (Cost: 5)
[2018/1/22 - 12:16:22] Hachi Kush has withdrawn a AK-47 from the weapon locker (Cost: 15)
[2018/1/22 - 12:25:06] Patarejas Hachi Kush has lost connection.
[2018/1/22 - 12:36:16] Hachi Kush has logged out.
[2018/1/22 - 12:41:56] Hachi Kush has withdrawn a Desert Eagle from the weapon locker (Cost: 5)
[2018/1/22 - 12:42:00] Hachi Kush has withdrawn a AK-47 from the weapon locker (Cost: 15)
[2018/1/22 - 13:09:04] Hachi Kush has withdrawn a AK-47 from the weapon locker (Cost: 15)
[2018/1/22 - 13:09:43] Hachi Kush has withdrawn a AK-47 from the weapon locker (Cost: 15)
[2018/1/22 - 13:20:48] Skolu Ismusinetojas Kieron Pollard has lost connection.
[2018/1/22 - 13:23:55] Hachi Kush has logged out.
[2018/1/22 - 14:12:03] Floresian Samuels has logged out.
[2018/1/22 - 14:51:13] Joel Baratta has logged out.
[2018/1/22 - 14:53:11] Bernard Griffin has logged out.
[2018/1/22 - 15:05:25] Bernard Griffin has logged out.
[2018/1/22 - 15:10:35] Bernard Griffin has logged out.
[2018/1/22 - 15:23:33] Kris Stax has logged out.
[2018/1/22 - 15:30:36] Martin Lorenzo has authorized Joel Baratta to withdraw a Desert Eagle from the weapon locker (Cost: 5)
[2018/1/22 - 15:34:26] Patarejas Martin Lorenzo has lost connection.
[2018/1/22 - 15:42:54] Joel Baratta has logged out.
[2018/1/22 - 15:44:45] Kris Stax has withdrawn a Desert Eagle from the weapon locker (Cost: 5)
[2018/1/22 - 15:44:46] Kris Stax has withdrawn a AK-47 from the weapon locker (Cost: 15)
[2018/1/22 - 15:45:30] Teddy Steels has withdrawn a AK-47 from the weapon locker (Cost: 15)
[2018/1/22 - 15:45:32] Teddy Steels has withdrawn a Desert Eagle from the weapon locker (Cost: 5)
[2018/1/22 - 15:53:17] Teddy Steels has withdrawn 40 grams of Ecstasy from the safe.
[2018/1/22 - 15:53:22] Teddy Steels has withdrawn 40 grams of Meth from the safe.
[2018/1/22 - 15:53:27] Teddy Steels has withdrawn 100 grams of Crack from the safe.
[2018/1/22 - 15:54:13] Kris Stax has withdrawn 20 grams of Heroin from the safe.
[2018/1/22 - 15:58:48] Joel Baratta has logged out.
[2018/1/22 - 16:13:42] Kris Stax has withdrawn 30 grams of Heroin from the safe.
[2018/1/22 - 16:14:36] Billy Dios Delany has logged out.
[2018/1/22 - 16:23:49] Teddy Steels has withdrawn a Desert Eagle from the weapon locker (Cost: 5)
[2018/1/22 - 16:23:50] Teddy Steels has withdrawn a AK-47 from the weapon locker (Cost: 15)
[2018/1/22 - 16:24:20] Patarejas Antwone Fisher (3597) (rank 5) has given Bernard Griffin (1000348196) rank 1 (Pataikunas) in Daktarai (33).
[2018/1/22 - 16:37:06] Kris Stax has logged out.
[2018/1/22 - 16:48:31] Patarejas Hachi Kush has lost connection.
[2018/1/22 - 16:56:49] Bernard Griffin (1000348196) has quit the Daktarai as a rank 1
[2018/1/22 - 17:12:37] Darren Wagner (1000626882) has renamed the Meme Dealer division (#5) to KlosarSquad
[2018/1/22 - 17:12:44] Darren Wagner (1000626882) has renamed the KlosarSquad division (#6) to Meme Dealer
[2018/1/22 - 17:28:29] Patarejas Darren Wagner has lost connection.
[2018/1/22 - 17:30:58] Patarejas Darren Wagner has lost connection.
[2018/1/22 - 17:35:35] Patarejas Darren Wagner has lost connection.
[2018/1/22 - 17:38:13] Patarejas Antwone Fisher has lost connection.
[2018/1/22 - 17:39:05] Patarejas Darren Wagner (1000626882) has set Hachi Kush's (1000222190) division to KlosarSquad in Daktarai (33).
[2018/1/22 - 17:40:25] Patarejas Darren Wagner has lost connection.
[2018/1/22 - 17:42:06] Antwone Fisher has withdrawn a AK-47 from the weapon locker (Cost: 15)
[2018/1/22 - 17:44:35] Darren Wagner has logged out.
[2018/1/22 - 17:46:30] Jax Dios Hunt has logged out.
[2018/1/22 - 17:47:12] Antwone Fisher has logged out.
[2018/1/22 - 17:49:50] Antwone Fisher has logged out.
[2018/1/22 - 17:50:11] Kris Stax has withdrawn 50 grams of Meth from the safe.
[2018/1/22 - 17:50:44] Kris Stax has withdrawn a Desert Eagle from the weapon locker (Cost: 5)
[2018/1/22 - 17:50:45] Kris Stax has withdrawn a AK-47 from the weapon locker (Cost: 15)
[2018/1/22 - 17:52:43] Antwone Fisher has withdrawn a AK-47 from the weapon locker (Cost: 15)
[2018/1/22 - 17:53:01] Patarejas Darren Wagner has lost connection.
[2018/1/22 - 17:53:35] Antwone Fisher has authorized Hachi Kush to withdraw a SPAS-12 from the weapon locker (Cost: 30)
[2018/1/22 - 17:54:21] Patarejas Darren Wagner has lost connection.
[2018/1/22 - 18:00:32] Hachi Kush has withdrawn a Desert Eagle from the weapon locker (Cost: 5)
[2018/1/22 - 18:01:06] Hachi Kush has withdrawn a AK-47 from the weapon locker (Cost: 15)
[2018/1/22 - 18:01:44] Antwone Fisher has authorized Mert Baba to withdraw a SPAS-12 from the weapon locker (Cost: 30)
[2018/1/22 - 18:05:02] Kris Stax has withdrawn a Desert Eagle from the weapon locker (Cost: 5)
[2018/1/22 - 18:05:04] Kris Stax has withdrawn a AK-47 from the weapon locker (Cost: 15)
[2018/1/22 - 18:06:35] Darren Wagner has withdrawn a Desert Eagle from the weapon locker (Cost: 5)
[2018/1/22 - 18:06:39] Antwone Fisher has authorized Darren Wagner to withdraw a SPAS-12 from the weapon locker (Cost: 30)
[2018/1/22 - 18:06:39] Hachi Kush has withdrawn a AK-47 from the weapon locker (Cost: 15)
[2018/1/22 - 18:06:40] Hachi Kush has withdrawn a Desert Eagle from the weapon locker (Cost: 5)
[2018/1/22 - 18:14:56] Hachi Kush has logged out.
[2018/1/22 - 18:16:39] Kris Stax has logged out.
[2018/1/22 - 18:23:24] Patarejas Darren Wagner has lost connection.
[2018/1/22 - 18:23:43] Mert Baba has logged out.
[2018/1/22 - 18:25:24] Antwone Fisher has logged out.
[2018/1/22 - 18:30:24] Ty Smith (1000601662) has made Ty Smith (1000601662) the leader of the Daktarai.
[2018/1/22 - 18:31:16] Antwone Fisher has authorized Darren Wagner to withdraw a SPAS-12 from the weapon locker (Cost: 30)
[2018/1/22 - 18:31:48] Jamie Nelson (1000502087) accepted Patarejas Antwone Fisher's (3597) invite to join Daktarai (33).
[2018/1/22 - 18:32:29] Antwone Fisher has authorized Jamie Nelson to withdraw a SPAS-12 from the weapon locker (Cost: 30)
[2018/1/22 - 18:33:00] Patarejas Darren Wagner (1000626882) has set Jamie Nelson's (1000502087) division to Rajonas in Daktarai (33).
[2018/1/22 - 18:33:02] Patarejas Darren Wagner (1000626882) has set Jamie Nelson's (1000502087) division to Naujokai in Daktarai (33).
[2018/1/22 - 18:54:17] Patarejas Darren Wagner (1000626882) (rank 5) has uninvited Jamie Nelson (1000502087) (rank 0) from Daktarai (33).
[2018/1/22 - 19:03:59] Darren Wagner has withdrawn a Desert Eagle from the weapon locker (Cost: 5)
[2018/1/22 - 19:04:03] Antwone Fisher has authorized Darren Wagner to withdraw a SPAS-12 from the weapon locker (Cost: 30)
[2018/1/22 - 19:04:52] Darren Wagner has adjusted the withdraw rank for item 2 to 5.
[2018/1/22 - 19:04:56] Darren Wagner has withdrawn 60 grams of Heroin from the safe.
[2018/1/22 - 19:05:00] Darren Wagner has withdrawn 70 grams of Ecstasy from the safe.
[2018/1/22 - 19:05:04] Darren Wagner has withdrawn 20 grams of Meth from the safe.
[2018/1/22 - 19:05:12] Darren Wagner has adjusted the withdraw rank for item 2 to 6.
[2018/1/22 - 19:11:47] Darren Wagner has withdrawn a Desert Eagle from the weapon locker (Cost: 5)
[2018/1/22 - 19:12:09] Skolu Ismusinetojas Mert Baba has lost connection.
[2018/1/22 - 19:17:07] Teddy Steels has withdrawn a AK-47 from the weapon locker (Cost: 15)
[2018/1/22 - 19:17:17] Darren Wagner has logged out.
[2018/1/22 - 19:23:17] Skolu Ismusinetojas Mert Baba has lost connection.
[2018/1/22 - 19:23:48] Antwone Fisher has logged out.
[2018/1/22 - 19:30:25] Joel Baratta has logged out.
[2018/1/22 - 19:35:05] Darren Wagner has authorized Teddy Steels to withdraw a SPAS-12 from the weapon locker (Cost: 30)
[2018/1/22 - 19:35:30] Skolu Ismusinetojas Mert Baba has lost connection.
[2018/1/22 - 19:36:03] Darren Wagner has authorized Teddy Steels to withdraw a Sniper Rifle from the weapon locker (Cost: 40)
[2018/1/22 - 19:36:06] Darren Wagner has authorized Kieron Pollard to withdraw a AK-47 from the weapon locker (Cost: 15)
[2018/1/22 - 19:45:45] Fuksas Jax Dios Hunt has lost connection.
[2018/1/22 - 19:47:41] Darren Wagner has authorized Jax Dios Hunt to withdraw a Desert Eagle from the weapon locker (Cost: 5)
[2018/1/22 - 19:50:35] Joel Baratta has logged out.
[2018/1/22 - 19:51:18] Darren Wagner has deposited a Sniper Rifle into the locker.
[2018/1/22 - 19:52:26] Darren Wagner has authorized Teddy Steels to withdraw a SPAS-12 from the weapon locker (Cost: 30)
[2018/1/22 - 19:53:05] Darren Wagner has authorized Jax Dios Hunt to withdraw a SPAS-12 from the weapon locker (Cost: 30)
[2018/1/22 - 20:07:25] Skolu Ismusinetojas Kieron Pollard has lost connection.
[2018/1/22 - 20:11:45] Kieron Pollard has logged out.
[2018/1/22 - 20:16:47] Patarejas Darren Wagner (1000626882) (rank 5) has given Jax Dios Hunt (1000624993) rank 2 (Pacanas) in Daktarai (33).
[2018/1/22 - 20:19:10] Skolu Ismusinetojas Mert Baba has lost connection.
[2018/1/22 - 20:20:04] Darren Wagner has authorized Teddy Steels to withdraw a SPAS-12 from the weapon locker (Cost: 30)
[2018/1/22 - 20:21:01] Darren Wagner has authorized Teddy Steels to withdraw a SPAS-12 from the weapon locker (Cost: 30)
[2018/1/22 - 20:23:57] Patarejas Darren Wagner (1000626882) has set Floresian Samuels's (1000008807) division to Meme Dealer in Daktarai (33).
[2018/1/22 - 20:23:58] Patarejas Darren Wagner (1000626882) has set Floresian Samuels's (1000008807) division to KlosarSquad in Daktarai (33).
[2018/1/22 - 20:24:21] Joel Baratta has logged out.
[2018/1/22 - 20:24:29] Pacanas Floresian Samuels has lost connection.
[2018/1/22 - 20:24:33] Patarejas Darren Wagner (1000626882) has set Mert Baba's (1000519437) division to Rajonas in Daktarai (33).
[2018/1/22 - 20:27:46] Darren Wagner has authorized Floresian Samuels to withdraw a Desert Eagle from the weapon locker (Cost: 5)
[2018/1/22 - 20:29:57] Darren Wagner has authorized Floresian Samuels to withdraw a AK-47 from the weapon locker (Cost: 15)
[2018/1/22 - 20:35:47] Floresian Samuels has logged out.
[2018/1/22 - 20:58:44] Skolu Ismusinetojas Mert Baba has lost connection.
[2018/1/22 - 21:06:25] Pacanas Joel Baratta has lost connection.
[2018/1/22 - 21:07:44] Floresian Samuels has logged out.
[2018/1/22 - 21:08:38] Darren Wagner has authorized Mert Baba to withdraw a SPAS-12 from the weapon locker (Cost: 30)
[2018/1/22 - 21:10:20] Teddy Steels has withdrawn a AK-47 from the weapon locker (Cost: 15)
[2018/1/22 - 21:10:54] Teddy Steels has withdrawn a AK-47 from the weapon locker (Cost: 15)
[2018/1/22 - 21:24:17] Skolu Ismusinetojas Mert Baba has lost connection.
[2018/1/22 - 21:28:07] Darren Wagner has authorized Jon Baba to withdraw a SPAS-12 from the weapon locker (Cost: 30)
[2018/1/22 - 21:37:34] Teddy Steels has withdrawn a AK-47 from the weapon locker (Cost: 15)
[2018/1/22 - 21:46:38] Mert Baba has logged out.
[2018/1/22 - 21:54:06] Jon Baba has adjusted the withdraw rank for item 2 to 5.
[2018/1/22 - 21:54:13] Jon Baba has withdrawn 10 grams of Heroin from the safe.
[2018/1/22 - 21:54:18] Jon Baba has withdrawn 40 grams of Ecstasy from the safe.
[2018/1/22 - 21:54:30] Jon Baba has adjusted the withdraw rank for item 2 to 6.
[2018/1/22 - 21:54:52] Darren Wagner has authorized Jon Baba to withdraw a Sniper Rifle from the weapon locker (Cost: 40)
[2018/1/22 - 22:15:01] Darren Wagner (1000626882) has renamed the None division (#7) to GOD
[2018/1/22 - 22:15:06] Patarejas Darren Wagner (1000626882) has set Jon Baba's (1000512495) division to GOD in Daktarai (33).
[2018/1/22 - 22:17:53] Darren Wagner has authorized Jon Baba to withdraw a SPAS-12 from the weapon locker (Cost: 30)
[2018/1/22 - 22:23:27] Pacanas Jax Dios Hunt has lost connection.
[2018/1/22 - 22:24:35] Teddy Steels has withdrawn a Desert Eagle from the weapon locker (Cost: 5)
[2018/1/22 - 22:24:37] Teddy Steels has withdrawn a AK-47 from the weapon locker (Cost: 15)
[2018/1/22 - 22:32:00] Teddy Steels has logged out.
[2018/1/22 - 22:34:03] Jon Baba has authorized Darren Wagner to withdraw a SPAS-12 from the weapon locker (Cost: 30)
[2018/1/22 - 22:34:29] Darren Wagner has adjusted the withdraw rank for item 2 to 5.
[2018/1/22 - 22:34:33] Darren Wagner has withdrawn 40 grams of Ecstasy from the safe.
[2018/1/22 - 22:34:36] Darren Wagner has withdrawn 80 grams of Meth from the safe.
[2018/1/22 - 22:34:38] Darren Wagner has authorized Jon Baba to withdraw a SPAS-12 from the weapon locker (Cost: 30)
[2018/1/22 - 22:34:43] Darren Wagner has adjusted the withdraw rank for item 2 to 5.
[2018/1/22 - 22:34:44] Darren Wagner has adjusted the withdraw rank for item 2 to 6.
[2018/1/22 - 22:44:47] Darren Wagner has logged out.
[2018/1/22 - 22:44:49] Jon Baba has logged out.
[2018/1/22 - 22:47:23] Jax Dios Hunt has logged out.
[2018/1/22 - 22:58:58] Joel Baratta has logged out.
[2018/1/22 - 23:19:56] Jax Dios Hunt has logged out.
[2018/1/22 - 23:37:01] Skolu Ismusinetojas Mert Baba has lost connection.
[2018/1/22 - 23:49:26] Pacanas Joel Baratta has lost connection.
[2018/1/22 - 23:51:28] Joel Baratta has logged out.
[2018/1/22 - 23:53:05] Pacanas Jax Dios Hunt has lost connection.
