[2018/1/13 - 0:05:51] Vierchas Gunther Von Wolfe has lost connection.
[2018/1/13 - 0:07:44] Vierchas Gunther Von Wolfe has lost connection.
[2018/1/13 - 0:10:05] Pataikunas Jamie Nelson has lost connection.
[2018/1/13 - 0:10:23] Bob Cena has logged out.
[2018/1/13 - 0:12:07] Nick T. Jones has logged out.
[2018/1/13 - 0:13:09] Eci Jones has logged out.
[2018/1/13 - 0:17:33] Jonas Mezeika has adjusted the withdraw rank for item 2 to 5.
[2018/1/13 - 0:17:40] Jonas Mezeika has withdrawn 60 grams of Ecstasy from the safe.
[2018/1/13 - 0:17:45] Jonas Mezeika has adjusted the withdraw rank for item 2 to 6.
[2018/1/13 - 0:24:24] Vierchas Gunther Von Wolfe has lost connection.
[2018/1/13 - 0:26:08] Eci Jones has logged out.
[2018/1/13 - 0:26:11] Joel Baratta has logged out.
[2018/1/13 - 0:26:15] Vierchas Gunther Von Wolfe has lost connection.
[2018/1/13 - 0:28:53] Joel Baratta has logged out.
[2018/1/13 - 0:30:28] Pataikunas Benjo Fisher has lost connection.
[2018/1/13 - 0:34:41] Vierchas Gunther Von Wolfe has lost connection.
[2018/1/13 - 0:34:54] Ransom Grimm has logged out.
[2018/1/13 - 0:35:04] Fuksas Lamar Clark has lost connection.
[2018/1/13 - 0:36:59] Gunther Von Wolfe has logged out.
[2018/1/13 - 0:47:34] Lamar Clark has logged out.
[2018/1/13 - 1:08:36] Gunther Von Wolfe has logged out.
[2018/1/13 - 1:09:13] Joel Baratta has logged out.
[2018/1/13 - 1:15:53] Patarejas Jonas Mezeika has lost connection.
[2018/1/13 - 1:15:53] Brigadininkas Mert Baba Deadmon has lost connection.
[2018/1/13 - 2:08:40] Joel Baratta has logged out.
[2018/1/13 - 2:34:41] Lamar Clark has logged out.
[2018/1/13 - 2:54:01] Lamar Clark has logged out.
[2018/1/13 - 3:15:32] Joel Baratta has logged out.
[2018/1/13 - 3:16:59] Joel Baratta has logged out.
[2018/1/13 - 3:22:32] Yuki Yamanaka has logged out.
[2018/1/13 - 3:25:47] Ransom Grimm has logged out.
[2018/1/13 - 3:27:48] Fuksas Lamar Clark has lost connection.
[2018/1/13 - 4:13:45] Joel Baratta has logged out.
[2018/1/13 - 4:14:40] Lamar Clark has logged out.
[2018/1/13 - 4:14:42] Ransom Grimm has logged out.
[2018/1/13 - 4:17:46] Patarejas Jonas Mezeika (1000512495) (rank 5) has given Mert Baba Deadmon (1000519437) rank 0 (Fuksas) in Daktarai (33).
[2018/1/13 - 4:18:41] Patarejas Jonas Mezeika (1000512495) (rank 5) has given Mert Baba Deadmon (1000519437) rank 1 (Pataikunas) in Daktarai (33).
[2018/1/13 - 4:19:12] Patarejas Jonas Mezeika (1000512495) (rank 5) has given Mert Baba Deadmon (1000519437) rank 4 (Skolu Ismusinetojas) in Daktarai
[2018/1/13 - 4:19:17] Patarejas Jonas Mezeika (1000512495) (rank 5) has given Mert Baba Deadmon (1000519437) rank 2 (Pacanas) in Daktarai (33).
[2018/1/13 - 4:20:03] Patarejas Jonas Mezeika (1000512495) (rank 5) has given Mert Baba Deadmon (1000519437) rank 0 (Fuksas) in Daktarai (33).
[2018/1/13 - 4:20:28] Patarejas Jonas Mezeika (1000512495) (rank 5) has uninvited Mert Baba Deadmon (1000519437) (rank 0) from Daktarai (33).
[2018/1/13 - 4:20:40] Mert Baba Deadmon (1000519437) accepted Patarejas Jonas Mezeika's (1000512495) invite to join Daktarai (33).
[2018/1/13 - 4:21:06] Patarejas Jonas Mezeika (1000512495) (rank 5) has given Mert Baba Deadmon (1000519437) rank 4 (Skolu Ismusinetojas) in Daktarai
[2018/1/13 - 5:18:13] Jonas Mezeika has logged out.
[2018/1/13 - 5:57:37] Mert Baba Deadmon has logged out.
[2018/1/13 - 6:03:02] Yuki Yamanaka has logged out.
[2018/1/13 - 6:36:25] Yuki Yamanaka (1000625568) has quit the Daktarai as a rank 0
[2018/1/13 - 6:46:26] Fuksas Mahid Banderas has lost connection.
[2018/1/13 - 8:03:26] Mahid Hanako has logged out.
[2018/1/13 - 8:30:15] Mahid Hanako has logged out.
[2018/1/13 - 8:39:24] Mahid Hanako has logged out.
[2018/1/13 - 8:54:47] Mahid Hanako has logged out.
[2018/1/13 - 10:20:07] Jax Dios Hunt has logged out.
[2018/1/13 - 10:57:11] Mahid Hanako has logged out.
[2018/1/13 - 11:05:19] Kieron Pollard has logged out.
[2018/1/13 - 11:09:19] Jamie Nelson has logged out.
[2018/1/13 - 11:13:20] Mahid Hanako (1000626265) has quit the Daktarai as a rank 0
[2018/1/13 - 12:05:57] Nick T. Jones has logged out.
[2018/1/13 - 12:07:25] Patarejas Gregg Steels has lost connection.
[2018/1/13 - 12:27:51] Patarejas Gregg Steels has lost connection.
[2018/1/13 - 12:59:58] Patarejas Gregg Steels has lost connection.
[2018/1/13 - 13:07:19] Patarejas Antwone Fisher has lost connection.
[2018/1/13 - 13:39:56] Thomas Destriza has logged out.
[2018/1/13 - 13:40:06] Nick Gurs Steels has logged out.
[2018/1/13 - 13:44:39] Jamie Nelson has deposited a AK-47 into the locker.
[2018/1/13 - 13:44:55] Gregg Steels has withdrawn a Desert Eagle from the weapon locker (Cost: 5)
[2018/1/13 - 13:55:27] Patarejas Antwone Fisher has lost connection.
[2018/1/13 - 13:58:01] Gregg Steels has logged out.
[2018/1/13 - 14:00:48] Gregg Steels has withdrawn a Desert Eagle from the weapon locker (Cost: 5)
[2018/1/13 - 14:02:29] Gregg Steels has logged out.
[2018/1/13 - 14:04:22] Tony Rudolf has logged out.
[2018/1/13 - 14:09:24] Altroun Mitchell (1000485340) has quit the Daktarai as a rank 3
[2018/1/13 - 14:15:39] Dario Flowers (1000082407) has quit the Daktarai as a rank 0
[2018/1/13 - 14:24:43] Skolu Ismusinetojas Kieron Pollard has lost connection.
[2018/1/13 - 14:24:43] Pataikunas Jamie Nelson has lost connection.
[2018/1/13 - 14:40:19] Antwone Fisher has withdrawn a Desert Eagle from the weapon locker (Cost: 5)
[2018/1/13 - 14:40:33] Jonas Mezeika has authorized Benjo Fisher to withdraw a Desert Eagle from the weapon locker (Cost: 5)
[2018/1/13 - 15:04:19] Jonas Mezeika has authorized Benjo Fisher to withdraw a Desert Eagle from the weapon locker (Cost: 5)
[2018/1/13 - 15:37:08] Jonas Mezeika has logged out.
[2018/1/13 - 15:37:28] Mert Baba Deadmon has logged out.
[2018/1/13 - 15:50:35] Benjo Fisher has deposited a M4A1 into the locker.
[2018/1/13 - 15:50:36] Benjo Fisher has deposited a Sniper Rifle into the locker.
[2018/1/13 - 16:21:55] Benjo Fisher has logged out.
[2018/1/13 - 16:41:16] Thomas Destriza has logged out.
[2018/1/13 - 16:42:41] Gregg Steels has logged out.
[2018/1/13 - 17:55:41] Bob Cena has logged out.
[2018/1/13 - 17:58:41] Kieron Pollard (1000625376) has quit the Daktarai as a rank 4
[2018/1/13 - 18:05:27] Jamie Nelson (1000502087) has quit the Daktarai as a rank 1
[2018/1/13 - 18:09:15] Kendrick Williams has logged out.
[2018/1/13 - 18:59:17] Gregg Steels has deposited 40 grams of Heroin into the safe.
[2018/1/13 - 18:59:32] Gregg Steels has deposited 44 grams of Pot into the safe.
[2018/1/13 - 18:59:41] Gregg Steels has deposited 13 grams of Crack into the safe.
[2018/1/13 - 19:11:07] Gregg Steels has logged out.
[2018/1/13 - 19:17:03] Jax Dios Hunt (1000624993) has quit the Daktarai as a rank 1
[2018/1/13 - 19:22:54] Skolu Ismusinetojas Mert Baba Deadmon has lost connection.
[2018/1/13 - 19:23:01] Fuksas Patrick Garini has lost connection.
[2018/1/13 - 19:31:38] Durrell Billups has logged out.
[2018/1/13 - 19:48:04] Ray Dios Davis (1000625430) has quit the Daktarai as a rank 0
[2018/1/13 - 20:15:12] Patrick Garini has logged out.
[2018/1/13 - 21:03:05] Vierchas Gunther Von Wolfe (1000063405) (rank 6) has given Bob Cena (1000558130) rank 4 (Skolu Ismusinetojas) in Daktarai (33).
[2018/1/13 - 21:08:04] Gunther Von Wolfe has authorized Benjo Fisher to withdraw a Desert Eagle from the weapon locker (Cost: 5)
[2018/1/13 - 21:32:44] Mert Baba Deadmon has logged out.
[2018/1/13 - 21:36:39] Gregg Steels has withdrawn a Desert Eagle from the weapon locker (Cost: 5)
[2018/1/13 - 21:41:08] Gunther Von Wolfe has authorized Bob Cena to withdraw a Desert Eagle from the weapon locker (Cost: 5)
[2018/1/13 - 21:50:00] Gunther Von Wolfe has withdrawn 40 grams of Heroin from the safe.
[2018/1/13 - 21:55:09] Bob Cena has logged out.
[2018/1/13 - 21:59:53] Gregg Steels has withdrawn a Desert Eagle from the weapon locker (Cost: 5)
[2018/1/13 - 22:00:02] Gregg Steels has withdrawn a Desert Eagle from the weapon locker (Cost: 5)
[2018/1/13 - 22:01:06] Vierchas Gunther Von Wolfe has lost connection.
[2018/1/13 - 22:18:24] Gregg Steels has withdrawn a Desert Eagle from the weapon locker (Cost: 5)
[2018/1/13 - 22:36:32] Gregg Steels has logged out.
[2018/1/13 - 22:58:29] Gregg Steels has withdrawn a Desert Eagle from the weapon locker (Cost: 5)
[2018/1/13 - 23:00:18] Eci Jones has logged out.
[2018/1/13 - 23:18:16] Benjo Fisher has logged out.
[2018/1/13 - 23:50:17] Fuksas Usain Cj Bolt has lost connection.
[2018/1/13 - 23:54:57] Patarejas Gregg Steels has lost connection.
[2018/1/13 - 23:58:43] Hachi Kush (1000222190) has quit the Daktarai as a rank 0
