[2018/1/2 - 0:05:52] Mujahid Jax Dios Davis has lost connection.
[2018/1/2 - 0:07:02] Jax Dios Davis has logged in.
[2018/1/2 - 0:11:19] Mark Dios Duke (1000556778) has quit the The Muslim Brotherhood as a rank 2
[2018/1/2 - 0:41:36] Head Chief Mujahid James Croce has lost connection.
[2018/1/2 - 0:42:08] James Croce has logged in.
[2018/1/2 - 0:44:15] Aya Dios Fuyu has logged out.
[2018/1/2 - 0:44:45] Aya Dios Fuyu has logged in.
[2018/1/2 - 0:53:53] Aya Dios Fuyu has logged out.
[2018/1/2 - 1:22:30] James Croce has logged in.
[2018/1/2 - 1:29:33] Jax Dios Davis (1000624993) has quit the The Muslim Brotherhood as a rank 2
[2018/1/2 - 1:47:00] Robbert Lutz has logged in.
[2018/1/2 - 1:48:00] Robbert Lutz (1000182157) has quit the The Muslim Brotherhood as a rank 0
[2018/1/2 - 3:16:42] Head Chief Mujahid James Croce has lost connection.
[2018/1/2 - 3:17:01] James Croce has logged in.
[2018/1/2 - 3:48:20] James Croce has logged out.
[2018/1/2 - 4:29:28] Aya Dios Fuyu has logged in.
[2018/1/2 - 4:35:44] Aya Dios Fuyu (1000498316) has quit the The Muslim Brotherhood as a rank 2
[2018/1/2 - 4:54:02] Tamim Al Sheikh has logged in.
[2018/1/2 - 5:29:32] Aidu Rollin Freeman has logged in.
[2018/1/2 - 5:30:18] Aidu Rollin Freeman (1000624997) has quit the The Muslim Brotherhood as a rank 2
[2018/1/2 - 5:59:12] Tamim Al Sheikh has deposited $3000 into the safe.
[2018/1/2 - 7:54:25] Tamim Al Sheikh has logged in.
[2018/1/2 - 8:09:08] Tamim Al Sheikh has logged in.
[2018/1/2 - 8:25:41] Cody McWilliams has logged out.
[2018/1/2 - 9:00:01] Mark Don has logged in.
[2018/1/2 - 9:00:41] Cody Mcwilliams has logged in.
[2018/1/2 - 9:02:39] Head Chief Mujahid Mark Don has lost connection.
[2018/1/2 - 9:07:14] Mark Don has logged in.
[2018/1/2 - 9:09:11] Head Chief Mujahid Mark Don has lost connection.
[2018/1/2 - 9:11:58] Mark Don has logged in.
[2018/1/2 - 9:17:33] Head Chief Mujahid Mark Don has lost connection.
[2018/1/2 - 9:19:20] Mark Don has logged in.
[2018/1/2 - 9:30:57] Mark Don has logged out.
[2018/1/2 - 9:57:43] Mark Don has logged in.
[2018/1/2 - 10:08:51] Mark Don has logged out.
[2018/1/2 - 10:21:34] Abdul Al Hasib has logged in.
[2018/1/2 - 10:26:56] Cody Mcwilliams has logged in.
[2018/1/2 - 10:28:54] Mark Don has logged in.
[2018/1/2 - 10:29:20] Cody Mcwilliams has logged out.
[2018/1/2 - 10:29:32] Abdul Al Hasib has logged out.
[2018/1/2 - 10:29:32] Mark Don has logged out.
[2018/1/2 - 10:31:54] Mark Don has logged in.
[2018/1/2 - 10:32:39] Mark Don has logged out.
[2018/1/2 - 10:34:21] Abdul Al Hasib has logged in.
[2018/1/2 - 10:35:40] Mark Don has logged in.
[2018/1/2 - 10:36:30] Cody Mcwilliams has logged in.
[2018/1/2 - 10:38:07] Head Chief Mujahid Mark Don has lost connection.
[2018/1/2 - 10:42:17] Mark Don has logged in.
[2018/1/2 - 11:02:22] Mark Don has logged out.
[2018/1/2 - 11:29:37] Faye Brazy has logged in.
[2018/1/2 - 11:32:42] Faye Brazy (1000624850) has quit the The Muslim Brotherhood as a rank 4
[2018/1/2 - 12:11:19] Abdul Al Hasib has logged out.
[2018/1/2 - 12:17:50] Trusted Mujahid Cody Mcwilliams has lost connection.
[2018/1/2 - 12:21:50] Cody Mcwilliams has logged in.
[2018/1/2 - 12:30:23] Brian Al Sheikh has logged in.
[2018/1/2 - 12:51:56] Cody Mcwilliams has logged in.
[2018/1/2 - 13:09:24] Abdul Al Hasib has logged in.
[2018/1/2 - 13:15:59] Brian S. Falcone (1000208095) has quit the The Muslim Brotherhood as a rank 7
[2018/1/2 - 13:27:00] Cody Mcwilliams has logged out.
[2018/1/2 - 13:35:46] Abdul Al Hasib has logged out.
[2018/1/2 - 13:36:19] Abdul Al Hasib has logged in.
[2018/1/2 - 13:39:56] Cody Mcwilliams has logged in.
[2018/1/2 - 13:45:51] Maxmilian Parker has logged in.
[2018/1/2 - 13:51:39] Maxmilian Parker has deposited $3000 into the safe.
[2018/1/2 - 13:53:08] Maxmilian Parker has logged out.
[2018/1/2 - 13:54:22] Cody Mcwilliams (1000624803) has quit the The Muslim Brotherhood as a rank 3
[2018/1/2 - 13:58:01] Maxmilian Parker has logged in.
[2018/1/2 - 14:03:10] Kevin Kush (1000071051) has made Kevin Kush (1000071051) the leader of the The Muslim Brotherhood.
[2018/1/2 - 14:04:05] Kevin Kush (1000071051) has made Maxmilian Parker (1000624828) the leader of the The Muslim Brotherhood.
[2018/1/2 - 14:04:07] Caliph Kevin Kush (1000071051) (rank 9) has given Maxmilian Parker (1000624828) rank 8 (Sultan) in The Muslim Brotherhood (33).
[2018/1/2 - 14:06:29] Daniel Stryker (310388) accepted Sultan Maxmilian Parker's (1000624828) invite to join The Muslim Brotherhood (33).
[2018/1/2 - 14:06:58] Sultan Maxmilian Parker (1000624828) (rank 8) has given Daniel Stryker (310388) rank 1 (Baby Mujahid) in The Muslim Brotherhood
[2018/1/2 - 14:09:10] Baby Mujahid Daniel Stryker has lost connection.
[2018/1/2 - 14:09:40] Daniel Stryker has logged in.
[2018/1/2 - 14:10:56] Diaa Dod (1000625271) accepted Sultan Maxmilian Parker's (1000624828) invite to join The Muslim Brotherhood (33).
[2018/1/2 - 14:11:02] Sultan Maxmilian Parker (1000624828) (rank 8) has given Diaa Dod (1000625271) rank 1 (Baby Mujahid) in The Muslim Brotherhood (
[2018/1/2 - 14:12:07] Maxmilian Parker (1000624828) has renamed the  division (#2) to El Mujahedin
[2018/1/2 - 14:13:28] Maxmilian Parker (1000624828) has renamed the El Mujahedin division (#2) to Daeesh
[2018/1/2 - 14:13:39] Sultan Maxmilian Parker (1000624828) has set Abdul Al Hasib's (1000624833) division to  in The Muslim Brotherhood (33).
[2018/1/2 - 14:13:46] Sultan Maxmilian Parker (1000624828) has set Abdul Al Hasib's (1000624833) division to Daeesh in The Muslim Brotherhood (33).
[2018/1/2 - 14:14:20] Maxmilian Parker (1000624828) has renamed the  division (#1) to El Nasara
[2018/1/2 - 14:14:36] Maxmilian Parker (1000624828) has renamed the El Nasara division (#1) to Al Nasara
[2018/1/2 - 14:15:33] Daniel Stryker has logged out.
[2018/1/2 - 14:18:14] Sultan Maxmilian Parker (1000624828) has set Diaa Dod's (1000625271) division to Al Nasara in The Muslim Brotherhood (33).
[2018/1/2 - 14:18:22] Sultan Maxmilian Parker (1000624828) has set Maxmilian Parker's (1000624828) division to Daeesh in The Muslim Brotherhood (33).
[2018/1/2 - 14:19:44] Maxmilian Parker has adjusted the withdraw rank for item 0 to 7.
[2018/1/2 - 14:19:53] Maxmilian Parker has adjusted the withdraw rank for item 0 to 8.
[2018/1/2 - 14:19:57] Maxmilian Parker has adjusted the withdraw rank for item 0 to 8.
[2018/1/2 - 14:20:19] Maxmilian Parker has adjusted the withdraw rank for item 2 to 5.
[2018/1/2 - 14:23:42] Floresian Al Sheikh has logged in.
[2018/1/2 - 14:25:59] Floresian Al Sheikh has set Silenced Colt .45 weapon restriction from rank 9+ to 9.
[2018/1/2 - 14:26:00] Floresian Al Sheikh has set Silenced Colt .45 weapon restriction from rank 9+ to 8.
[2018/1/2 - 14:26:02] Floresian Al Sheikh has set Desert Eagle weapon restriction from rank 9+ to 8.
[2018/1/2 - 14:26:03] Floresian Al Sheikh has set Shotgun weapon restriction from rank 9+ to 8.
[2018/1/2 - 14:26:05] Floresian Al Sheikh has set MP5 weapon restriction from rank 9+ to 8.
[2018/1/2 - 14:26:08] Floresian Al Sheikh has set AK-47 weapon restriction from rank 9+ to 8.
[2018/1/2 - 14:26:10] Floresian Al Sheikh has set M4A1 weapon restriction from rank 9+ to 8.
[2018/1/2 - 14:26:15] Floresian Al Sheikh has set Rifle weapon restriction from rank 9+ to 8.
[2018/1/2 - 14:26:17] Floresian Al Sheikh has set SPAS-12 weapon restriction from rank 9+ to 8.
[2018/1/2 - 14:26:20] Floresian Al Sheikh has set Sniper Rifle weapon restriction from rank 9+ to 8.
[2018/1/2 - 14:26:33] Floresian Al Sheikh has withdrawn 16000 materials from the safe.
[2018/1/2 - 14:26:39] Floresian Al Sheikh has withdrawn $36,200 from the safe.
[2018/1/2 - 14:26:55] Floresian Al Sheikh has withdrawn a Sniper Rifle from the weapon locker (Cost: 100)
[2018/1/2 - 14:27:28] Maxmilian Parker has withdrawn a Desert Eagle from the weapon locker (Cost: 10)
[2018/1/2 - 14:27:42] Floresian Al Sheikh has deposited a Sniper Rifle into the locker.
[2018/1/2 - 14:27:58] Floresian Al Sheikh has withdrawn a Desert Eagle from the weapon locker (Cost: 10)
[2018/1/2 - 14:30:35] Sultan Maxmilian Parker (1000624828) has set Floresian Al Sheikh's (1000559231) division to Daeesh in The Muslim Brotherhood (3
[2018/1/2 - 14:36:46] Diaa Dod has logged out.
[2018/1/2 - 14:41:42] Diaa Dod has logged in.
[2018/1/2 - 14:42:52] Diaa Dod has logged out.
[2018/1/2 - 14:47:18] Mark Don has logged in.
[2018/1/2 - 14:54:12] Head Chief Mujahid Mark Don has lost connection.
[2018/1/2 - 14:57:11] Mark Don has logged in.
[2018/1/2 - 15:01:03] Floresian Al Sheikh has withdrawn 2000 materials from the safe.
[2018/1/2 - 15:01:08] Floresian Al Sheikh has withdrawn $4,000 from the safe.
[2018/1/2 - 15:01:11] Kevin Kush (1000071051) has made Kevin Kush (1000071051) the leader of the The Muslim Brotherhood.
[2018/1/2 - 15:02:54] Jen Winchester (1000625207) accepted Caliph Floresian Al Sheikh's (1000559231) invite to join The Muslim Brotherhood (33).
[2018/1/2 - 15:02:59] Caliph Floresian Al Sheikh (1000559231) (rank 9) has given Jen Winchester (1000625207) rank 2 (Mujahid) in The Muslim Brotherho
[2018/1/2 - 15:07:18] Kevin Kush (1000071051) has made Kevin Kush (1000071051) the leader of the The Muslim Brotherhood.
[2018/1/2 - 15:07:30] Kevin Kush (1000071051) has made Mark Don (1000624804) the leader of the The Muslim Brotherhood.
[2018/1/2 - 15:07:54] Caliph Kevin Kush (1000071051) (rank 9) has given Mark Don (1000624804) rank 6 (Head Chief Mujahid) in The Muslim Brotherhood (
[2018/1/2 - 15:08:03] Caliph Floresian Al Sheikh (1000559231) (rank 9) has given Mark Don (1000624804) rank 6 (Head Chief Mujahid) in The Muslim Brot
[2018/1/2 - 15:08:14] Sultan Maxmilian Parker (1000624828) has set Jen Winchester's (1000625207) division to Al Nasara in The Muslim Brotherhood (33)
[2018/1/2 - 15:08:31] Caliph Floresian Al Sheikh (1000559231) (rank 9) has given Maxmilian Parker (1000624828) rank 9 (Caliph) in The Muslim Brotherh
[2018/1/2 - 15:08:43] Caliph Maxmilian Parker (1000624828) (rank 9) has given Floresian Al Sheikh (1000559231) rank 8 (Sultan) in The Muslim Brotherh
[2018/1/2 - 15:08:53] Caliph Maxmilian Parker (1000624828) (rank 9) has given Floresian Al Sheikh (1000559231) rank 9 (Caliph) in The Muslim Brotherh
[2018/1/2 - 15:08:54] Caliph Floresian Al Sheikh (1000559231) (rank 9) has given Maxmilian Parker (1000624828) rank 8 (Sultan) in The Muslim Brotherh
[2018/1/2 - 15:09:15] Sultan Maxmilian Parker (1000624828) has set Mark Don's (1000624804) division to Daeesh in The Muslim Brotherhood (33).
[2018/1/2 - 15:10:25] Brian S. Falcone (1000208095) accepted Caliph Floresian Al Sheikh's (1000559231) invite to join The Muslim Brotherhood (33).
[2018/1/2 - 15:10:31] Caliph Floresian Al Sheikh (1000559231) (rank 9) has given Brian S. Falcone (1000208095) rank 7 (Head Sheikh) in The Muslim Bro
[2018/1/2 - 15:11:16] Sultan Maxmilian Parker (1000624828) has set Brian S. Falcone's (1000208095) division to Daeesh in The Muslim Brotherhood (33).
[2018/1/2 - 15:11:48] Floresian Al Sheikh has withdrawn a MP5 from the weapon locker (Cost: 10)
[2018/1/2 - 15:12:10] Floresian Al Sheikh has withdrawn a Shotgun from the weapon locker (Cost: 5)
[2018/1/2 - 15:12:27] Floresian Al Sheikh has withdrawn a Shotgun from the weapon locker (Cost: 5)
[2018/1/2 - 15:12:52] Floresian Al Sheikh has withdrawn a Desert Eagle from the weapon locker (Cost: 10)
[2018/1/2 - 15:15:15] Diaa Dod has logged in.
[2018/1/2 - 15:17:53] Floresian Al Sheikh has withdrawn a Sniper Rifle from the weapon locker (Cost: 100)
[2018/1/2 - 15:18:54] Floresian Al Sheikh has deposited a Sniper Rifle into the locker.
[2018/1/2 - 15:26:36] Diaa Dod (1000625271) has quit the The Muslim Brotherhood as a rank 1
[2018/1/2 - 15:27:01] Mark Don has logged out.
[2018/1/2 - 15:28:33] Mark Don has logged in.
[2018/1/2 - 15:28:39] Brian S. Falcone has logged out.
[2018/1/2 - 15:29:48] Jen Winchester has logged out.
[2018/1/2 - 15:39:34] Floresian Al Sheikh has withdrawn a Sniper Rifle from the weapon locker (Cost: 100)
[2018/1/2 - 15:40:26] Floresian Al Sheikh has deposited a Sniper Rifle into the locker.
[2018/1/2 - 15:40:57] Kevin Kush (1000071051) has made Kevin Kush (1000071051) the leader of the The Muslim Brotherhood.
[2018/1/2 - 15:46:42] Maxmilian Parker has logged out.
[2018/1/2 - 15:51:10] Antonio Jones (1000625319) accepted Head Chief Mujahid Mark Don's (1000624804) invite to join The Muslim Brotherhood (33).
[2018/1/2 - 15:55:38] Floresian Al Sheikh has withdrawn a SPAS-12 from the weapon locker (Cost: 75)
[2018/1/2 - 15:59:12] Floresian Al Sheikh has withdrawn a Desert Eagle from the weapon locker (Cost: 10)
[2018/1/2 - 16:00:36] Floresian Al Sheikh (1000559231) has changed MOTD for GANG SKINS AT ALL TIME, DONT FC ANYONE WITHOUT THE APPROVAL OF R8+ to: GA
[2018/1/2 - 16:02:33] Abdul Al Hasib has logged out.
[2018/1/2 - 16:04:41] Floresian Al Sheikh has withdrawn $7,300 from the safe.
[2018/1/2 - 16:04:57] Floresian Al Sheikh has withdrawn 2000 materials from the safe.
[2018/1/2 - 16:04:59] Spy Antonio Jones has lost connection.
[2018/1/2 - 16:12:18] Antonio Jones has logged in.
[2018/1/2 - 16:25:52] Hector Jackson (1000625301) accepted Head Chief Mujahid Mark Don's (1000624804) invite to join The Muslim Brotherhood (33).
[2018/1/2 - 16:26:44] Santeno Dimvera (44399) accepted Caliph Floresian Al Sheikh's (1000559231) invite to join The Muslim Brotherhood (33).
[2018/1/2 - 16:26:48] Caliph Floresian Al Sheikh (1000559231) (rank 9) has given Santeno Dimvera (44399) rank 2 (Mujahid) in The Muslim Brotherhood (
[2018/1/2 - 16:26:57] Caliph Floresian Al Sheikh (1000559231) has set Santeno Dimvera's (44399) division to Daeesh in The Muslim Brotherhood (33).
[2018/1/2 - 16:27:20] Head Chief Mujahid Mark Don (1000624804) (rank 6) has given Hector Jackson (1000625301) rank 3 (Trusted Mujahid) in The Muslim 
[2018/1/2 - 16:28:15] Santeno Dimvera has logged out.
[2018/1/2 - 16:29:19] Head Chief Mujahid Mark Don (1000624804) (rank 6) has given Antonio Jones (1000625319) rank 2 (Mujahid) in The Muslim Brotherho
[2018/1/2 - 16:30:00] Head Chief Mujahid Mark Don (1000624804) (rank 6) has given Antonio Jones (1000625319) rank 3 (Trusted Mujahid) in The Muslim B
[2018/1/2 - 16:30:46] Head Chief Mujahid Mark Don has lost connection.
[2018/1/2 - 16:31:53] Mark Don has logged in.
[2018/1/2 - 16:39:02] Kevin Kush (1000071051) has made Kevin Kush (1000071051) the leader of the The Muslim Brotherhood.
[2018/1/2 - 16:41:54] Antonio Jones has logged out.
[2018/1/2 - 16:42:29] Antonio Jones has logged in.
[2018/1/2 - 16:52:45] Floresian Al Sheikh has withdrawn $5,200 from the safe.
[2018/1/2 - 17:01:08] Hector Jackson has logged out.
[2018/1/2 - 17:01:18] Jen Winchester has logged in.
[2018/1/2 - 17:01:27] Mark Don has logged out.
[2018/1/2 - 17:02:34] Antonio Jones has logged out.
[2018/1/2 - 17:04:27] Floresian Al Sheikh has withdrawn a AK-47 from the weapon locker (Cost: 25)
[2018/1/2 - 17:05:15] Caliph Floresian Al Sheikh (1000559231) (rank 9) has given Jen Winchester (1000625207) rank 3 (Trusted Mujahid) in The Muslim B
[2018/1/2 - 17:09:21] Caliph Floresian Al Sheikh (1000559231) (rank 9) has given Jen Winchester (1000625207) rank 2 (Mujahid) in The Muslim Brotherho
[2018/1/2 - 17:09:37] Floresian Al Sheikh has deposited a AK-47 into the locker.
[2018/1/2 - 17:10:29] Floresian Al Sheikh has withdrawn a AK-47 from the weapon locker (Cost: 25)
[2018/1/2 - 17:14:24] Jen Winchester (1000625207) has quit the The Muslim Brotherhood as a rank 2
[2018/1/2 - 17:15:03] Santeno Dimvera has logged in.
[2018/1/2 - 17:19:06] Santeno Dimvera has logged out.
[2018/1/2 - 17:38:42] Abdul Al Hasib has logged in.
[2018/1/2 - 17:40:21] Caliph Floresian Al Sheikh (1000559231) (rank 9) has given Abdul Al Hasib (1000624833) rank 3 (Trusted Mujahid) in The Muslim B
[2018/1/2 - 17:40:27] Antonio Jones has logged in.
[2018/1/2 - 17:42:35] Trusted Mujahid Antonio Jones has lost connection.
[2018/1/2 - 17:58:17] Brian S. Falcone has logged in.
[2018/1/2 - 18:16:21] Antonio Jones has logged in.
[2018/1/2 - 18:21:42] Kevin Kush (1000071051) has made Kevin Kush (1000071051) the leader of the The Muslim Brotherhood.
[2018/1/2 - 18:31:21] Brian S. Falcone (1000208095) has quit the The Muslim Brotherhood as a rank 7
[2018/1/2 - 18:51:26] Floresian Al Sheikh has withdrawn a Desert Eagle from the weapon locker (Cost: 10)
[2018/1/2 - 18:53:06] Abdul Al Hasib has logged out.
[2018/1/2 - 18:54:43] Caliph Floresian Al Sheikh (1000559231) has set Antonio Jones's (1000625319) division to Daeesh in The Muslim Brotherhood (33).
[2018/1/2 - 18:57:38] Santeno Dimvera has logged in.
[2018/1/2 - 19:01:58] Floresian Al Sheikh has withdrawn $11,600 from the safe.
[2018/1/2 - 19:02:03] Floresian Al Sheikh has withdrawn 6000 materials from the safe.
[2018/1/2 - 19:05:00] Santeno Dimvera (44399) has quit the The Muslim Brotherhood as a rank 2
[2018/1/2 - 19:15:12] William Harare (1000625356) accepted Caliph Floresian Al Sheikh's (1000559231) invite to join The Muslim Brotherhood (33).
[2018/1/2 - 19:19:50] Cvetan Vasilevich (1000625023) accepted Caliph Floresian Al Sheikh's (1000559231) invite to join The Muslim Brotherhood (33).
[2018/1/2 - 19:19:58] Caliph Floresian Al Sheikh (1000559231) (rank 9) has given Cvetan Vasilevich (1000625023) rank 2 (Mujahid) in The Muslim Brothe
[2018/1/2 - 19:20:01] Caliph Floresian Al Sheikh (1000559231) has set Cvetan Vasilevich's (1000625023) division to Daeesh in The Muslim Brotherhood (
[2018/1/2 - 19:26:35] William Harare has logged out.
[2018/1/2 - 19:27:36] William Harare has logged in.
[2018/1/2 - 19:29:25] William Harare has logged out.
[2018/1/2 - 19:32:11] Floresian Al Sheikh has withdrawn a Desert Eagle from the weapon locker (Cost: 10)
[2018/1/2 - 19:32:50] Caliph Floresian Al Sheikh (1000559231) (rank 9) has given Cvetan Vasilevich (1000625023) rank 3 (Trusted Mujahid) in The Musli
[2018/1/2 - 19:33:06] Caliph Floresian Al Sheikh has lost connection.
[2018/1/2 - 19:33:41] Floresian Al Sheikh has logged in.
[2018/1/2 - 19:36:27] Abdul Al Hasib has logged in.
[2018/1/2 - 19:39:10] Stephan Hill (46992) accepted Caliph Floresian Al Sheikh's (1000559231) invite to join The Muslim Brotherhood (33).
[2018/1/2 - 19:39:31] Caliph Floresian Al Sheikh (1000559231) has set Stephan Hill's (46992) division to Daeesh in The Muslim Brotherhood (33).
[2018/1/2 - 19:39:33] Caliph Floresian Al Sheikh (1000559231) (rank 9) has given Stephan Hill (46992) rank 1 (Baby Mujahid) in The Muslim Brotherhood
[2018/1/2 - 19:43:20] Maxmilian Parker has logged in.
[2018/1/2 - 19:52:48] Floresian Al Sheikh has withdrawn $6,200 from the safe.
[2018/1/2 - 19:55:37] Stephan Hill has logged out.
[2018/1/2 - 19:56:25] Stephan Hill has logged in.
[2018/1/2 - 20:00:50] Jack Leaf (1000503767) accepted Caliph Floresian Al Sheikh's (1000559231) invite to join The Muslim Brotherhood (33).
[2018/1/2 - 20:01:58] Caliph Floresian Al Sheikh (1000559231) (rank 9) has given Jack Leaf (1000503767) rank 1 (Baby Mujahid) in The Muslim Brotherho
[2018/1/2 - 20:02:02] Caliph Floresian Al Sheikh (1000559231) has set Jack Leaf's (1000503767) division to Daeesh in The Muslim Brotherhood (33).
[2018/1/2 - 20:03:59] Jack Leaf has logged out.
[2018/1/2 - 20:04:37] Jack Leaf has logged in.
[2018/1/2 - 20:06:03] Baby Mujahid Jack Leaf has lost connection.
[2018/1/2 - 20:06:32] Jack Leaf has logged in.
[2018/1/2 - 20:09:39] Floresian Al Sheikh has deposited a SPAS-12 into the locker.
[2018/1/2 - 20:10:03] Maxmilian Parker has withdrawn a Desert Eagle from the weapon locker (Cost: 10)
[2018/1/2 - 20:10:32] Antonio Jones has logged in.
[2018/1/2 - 20:11:10] Floresian Al Sheikh has withdrawn a AK-47 from the weapon locker (Cost: 25)
[2018/1/2 - 20:12:58] Maxmilian Parker has withdrawn a AK-47 from the weapon locker (Cost: 25)
[2018/1/2 - 20:37:13] Floresian Al Sheikh has withdrawn 2000 materials from the safe.
[2018/1/2 - 20:37:13] Maxmilian Parker has deposited a AK-47 into the locker.
[2018/1/2 - 20:37:16] Floresian Al Sheikh has withdrawn $5,400 from the safe.
[2018/1/2 - 20:37:20] Floresian Al Sheikh has deposited a AK-47 into the locker.
[2018/1/2 - 20:37:24] Floresian Al Sheikh has withdrawn a Desert Eagle from the weapon locker (Cost: 10)
[2018/1/2 - 20:37:36] Jack Leaf has logged out.
[2018/1/2 - 20:38:14] Jack Leaf has logged in.
[2018/1/2 - 20:38:17] Cvetan Vasilevich has logged out.
[2018/1/2 - 20:38:45] Jack Leaf has logged out.
[2018/1/2 - 20:39:22] Jack Leaf has logged in.
[2018/1/2 - 20:51:18] Maxmilian Parker has logged out.
[2018/1/2 - 20:52:01] Maxmilian Parker has logged in.
[2018/1/2 - 20:53:14] Maxmilian Parker has logged in.
[2018/1/2 - 20:53:27] Caliph Floresian Al Sheikh (1000559231) (rank 9) has given Jack Leaf (1000503767) rank 2 (Mujahid) in The Muslim Brotherhood (3
[2018/1/2 - 20:55:06] Caliph Floresian Al Sheikh (1000559231) (rank 9) has given Jack Leaf (1000503767) rank 4 (Chief Mujahid) in The Muslim Brotherh
[2018/1/2 - 20:56:39] Antonio Jones has logged out.
[2018/1/2 - 21:01:24] Abdul Al Hasib has logged out.
[2018/1/2 - 21:06:19] James Croce has logged in.
[2018/1/2 - 21:07:39] Chief Mujahid Jack Leaf has lost connection.
[2018/1/2 - 21:11:10] Jack Leaf has logged in.
[2018/1/2 - 21:14:50] Jack Leaf has logged out.
[2018/1/2 - 21:15:31] Stephan Hill has logged out.
[2018/1/2 - 21:18:16] Stephan Hill has logged in.
[2018/1/2 - 21:18:55] Stephan Hill has logged out.
[2018/1/2 - 21:30:15] Maxmilian Parker has logged out.
[2018/1/2 - 21:36:18] Caliph Floresian Al Sheikh has lost connection.
[2018/1/2 - 21:41:31] Abdul Al Hasib has logged in.
[2018/1/2 - 21:43:26] Floresian Al Sheikh has logged in.
[2018/1/2 - 22:04:04] Mark Don has logged in.
[2018/1/2 - 22:10:15] Antonio Jones has logged in.
[2018/1/2 - 22:10:29] Caliph Floresian Al Sheikh (1000559231) (rank 9) has given Antonio Jones (1000625319) rank 2 (Mujahid) in The Muslim Brotherhoo
[2018/1/2 - 22:14:45] Caliph Floresian Al Sheikh (1000559231) (rank 9) has given Antonio Jones (1000625319) rank 1 (Baby Mujahid) in The Muslim Broth
[2018/1/2 - 22:16:18] Floresian Al Sheikh has withdrawn 4000 materials from the safe.
[2018/1/2 - 22:16:22] Floresian Al Sheikh has withdrawn $11,400 from the safe.
[2018/1/2 - 22:16:33] Floresian Al Sheikh has withdrawn a Shotgun from the weapon locker (Cost: 5)
[2018/1/2 - 22:24:13] Floresian Al Sheikh has logged out.
[2018/1/2 - 22:24:51] Abdul Al Hasib has logged out.
[2018/1/2 - 22:27:22] Jack Leaf has logged in.
[2018/1/2 - 22:30:59] Mark Don has logged out.
[2018/1/2 - 22:35:47] Abdul Al Hasib has logged in.
[2018/1/2 - 22:39:33] Chief Mujahid Jack Leaf has lost connection.
[2018/1/2 - 22:40:47] Jack Leaf has logged in.
[2018/1/2 - 22:43:30] Mark Don has logged in.
[2018/1/2 - 22:44:27] Jack Leaf has logged out.
[2018/1/2 - 22:45:32] Head Chief Mujahid Mark Don has lost connection.
[2018/1/2 - 22:47:12] Mark Don has logged in.
[2018/1/2 - 22:47:55] Jack Leaf has logged in.
[2018/1/2 - 22:55:28] Chief Mujahid Jack Leaf has lost connection.
[2018/1/2 - 22:55:56] Jack Leaf has logged in.
[2018/1/2 - 22:56:35] Cvetan Vasilevich has logged in.
[2018/1/2 - 22:58:33] Floresian Al Sheikh has logged in.
[2018/1/2 - 22:58:47] Cvetan Vasilevich has logged out.
[2018/1/2 - 22:59:33] Jack Leaf has logged out.
[2018/1/2 - 23:00:41] Floresian Al Sheikh has withdrawn $7,000 from the safe.
[2018/1/2 - 23:01:24] Cvetan Vasilevich has logged in.
[2018/1/2 - 23:02:25] Caliph Floresian Al Sheikh (1000559231) (rank 9) has given Antonio Jones (1000625319) rank 2 (Mujahid) in The Muslim Brotherhoo
[2018/1/2 - 23:02:38] Jack Leaf has logged in.
[2018/1/2 - 23:03:37] Cvetan Vasilevich has logged out.
[2018/1/2 - 23:10:00] Cvetan Vasilevich has logged in.
[2018/1/2 - 23:11:12] Cvetan Vasilevich has logged out.
[2018/1/2 - 23:13:22] Caliph Floresian Al Sheikh (1000559231) (rank 9) has given James Croce (864751) rank 8 (Sultan) in The Muslim Brotherhood (33).
[2018/1/2 - 23:13:23] Caliph Floresian Al Sheikh (1000559231) (rank 9) has given James Croce (864751) rank 7 (Head Sheikh) in The Muslim Brotherhood 
[2018/1/2 - 23:13:48] Cvetan Vasilevich has logged in.
[2018/1/2 - 23:14:36] Cvetan Vasilevich has logged out.
[2018/1/2 - 23:14:42] Chief Mujahid Jack Leaf has lost connection.
[2018/1/2 - 23:16:33] Caliph Floresian Al Sheikh (1000559231) has set James Croce's (864751) division to Daeesh in The Muslim Brotherhood (33).
[2018/1/2 - 23:20:25] Cvetan Vasilevich has logged in.
[2018/1/2 - 23:20:57] Cvetan Vasilevich has logged out.
[2018/1/2 - 23:34:02] Abdul Al Hasib has logged out.
[2018/1/2 - 23:39:11] Cvetan Vasilevich has logged in.
[2018/1/2 - 23:41:57] Cvetan Vasilevich has logged out.
[2018/1/2 - 23:45:10] Head Sheikh James Croce has lost connection.
[2018/1/2 - 23:45:10] Floresian Al Sheikh has logged out.
[2018/1/2 - 23:45:31] Antonio Jones has logged out.
[2018/1/2 - 23:45:31] James Croce has logged in.
[2018/1/2 - 23:45:32] Mark Don has logged out.
[2018/1/2 - 23:46:09] Cvetan Vasilevich has logged in.
[2018/1/2 - 23:58:13] Cvetan Vasilevich has logged out.
[2018/1/2 - 23:59:52] Mark Don has logged in.
[2018/1/2 - 23:59:56] Antonio Jones has logged in.
