[2018/1/1 - 18:01:55] Jackson Dread (75484) has made Floresian Al Sheikh (1000559231) the leader of the The Muslim Brotherhood.
[2018/1/1 - 18:02:48] Abdul Al Hasib (1000624833) accepted  Floresian Al Sheikh's (1000559231) invite to join The Muslim Brotherhood (33).
[2018/1/1 - 18:02:52] Mark Don (1000624804) accepted  Floresian Al Sheikh's (1000559231) invite to join The Muslim Brotherhood (33).
[2018/1/1 - 18:04:23] Brian Al Sheikh (1000208095) accepted  Floresian Al Sheikh's (1000559231) invite to join The Muslim Brotherhood (33).
[2018/1/1 - 18:06:47] Tamim Al Sheikh (1000624803) accepted  Floresian Al Sheikh's (1000559231) invite to join The Muslim Brotherhood (33).
[2018/1/1 - 18:08:21] Jake Patofski (1000143097) accepted  Floresian Al Sheikh's (1000559231) invite to join The Muslim Brotherhood (33).
[2018/1/1 - 18:16:31] Jake Patofski (1000143097) has quit the The Muslim Brotherhood as a rank 0
[2018/1/1 - 18:17:16] Ryan Drill (1000624879) accepted  Floresian Al Sheikh's (1000559231) invite to join The Muslim Brotherhood (33).
[2018/1/1 - 18:20:34] Jen Winchester (1000624821) accepted  Floresian Al Sheikh's (1000559231) invite to join The Muslim Brotherhood (33).
[2018/1/1 - 18:23:46] Ryan Drill (1000624879) has quit the The Muslim Brotherhood as a rank 0
[2018/1/1 - 18:28:14] Abdul Al Hasib has logged out.
[2018/1/1 - 18:30:19] Steve Mofujohn (16222) accepted  Floresian Al Sheikh's (1000559231) invite to join The Muslim Brotherhood (33).
[2018/1/1 - 18:32:05] Mark Don has logged out.
[2018/1/1 - 18:32:29] Faye Brazy (1000624850) accepted  Floresian Al Sheikh's (1000559231) invite to join The Muslim Brotherhood (33).
[2018/1/1 - 18:39:10]  Floresian Al Sheikh (1000559231) (rank 9) has given Brian Al Sheikh (1000208095) rank 7 () in The Muslim Brotherhood (33).
[2018/1/1 - 18:41:04] Floresian Al Sheikh has logged out.
[2018/1/1 - 18:41:20] Brian Al Sheikh (1000208095) has quit the The Muslim Brotherhood as a rank 7
[2018/1/1 - 18:41:39] undefined Steve Mofujohn has lost connection.
[2018/1/1 - 18:41:43] undefined Faye Brazy has lost connection.
[2018/1/1 - 18:42:57] Floresian Al Sheikh has logged in.
[2018/1/1 - 18:43:37] Steve Mofujohn has logged in.
[2018/1/1 - 18:44:22] Brian Al Sheikh (1000208095) accepted  Floresian Al Sheikh's (1000559231) invite to join The Muslim Brotherhood (33).
[2018/1/1 - 18:44:50] Brian Al Sheikh has logged out.
[2018/1/1 - 18:45:28] Faye Brazy has logged in.
[2018/1/1 - 18:53:41] Floresian Al Sheikh has logged out.
[2018/1/1 - 18:54:25] Floresian Al Sheikh has logged in.
[2018/1/1 - 18:56:48] undefined Floresian Al Sheikh has lost connection.
[2018/1/1 - 18:57:09] Floresian Al Sheikh has logged in.
[2018/1/1 - 19:12:29] Jackson Dread has withdrawn $6,200 from the safe.
[2018/1/1 - 19:14:36] Jackson Dread (75484) has made Jackson Dread (75484) the leader of the The Muslim Brotherhood.
[2018/1/1 - 19:16:07] Caliph Floresian Al Sheikh (1000559231) (rank 9) has given Faye Brazy (1000624850) rank 4 (Chief Mujahid) in The Muslim Brother
[2018/1/1 - 19:16:14] Caliph Floresian Al Sheikh (1000559231) (rank 9) has given Jen Winchester (1000624821) rank 6 (Head Chief Mujahid) in The Musli
[2018/1/1 - 19:16:16] Spy Tamim Al Sheikh has lost connection.
[2018/1/1 - 19:17:05] Tamim Al Sheikh has logged in.
[2018/1/1 - 19:19:23] Caliph Floresian Al Sheikh (1000559231) (rank 9) has given Tamim Al Sheikh (1000624803) rank 3 (Trusted Mujahid) in The Muslim 
[2018/1/1 - 19:23:14] Floresian Al Sheikh (1000559231) has changed MOTD for NOBODY TAKES PATRIOT WITHOUT THE PERMISSION OF A R7+ to: NOBODY TAKES PAT
[2018/1/1 - 19:24:48] Tamim Al Sheikh has logged out.
[2018/1/1 - 19:28:51] Brian Al Sheikh has logged in.
[2018/1/1 - 19:29:08] Caliph Floresian Al Sheikh (1000559231) (rank 9) has given Brian Al Sheikh (1000208095) rank 7 (Head Sheikh) in The Muslim Brot
[2018/1/1 - 19:29:39] Steve Mofujohn has logged out.
[2018/1/1 - 19:33:14] Brad H Blade (191503) accepted Caliph Floresian Al Sheikh's (1000559231) invite to join The Muslim Brotherhood (33).
[2018/1/1 - 19:33:32] Steve Mofujohn has logged in.
[2018/1/1 - 19:33:47] Caliph Floresian Al Sheikh (1000559231) (rank 9) has uninvited Brad H Blade (191503) (rank 0) from The Muslim Brotherhood (33).
[2018/1/1 - 19:35:20] Abdul Al Hasib has logged in.
[2018/1/1 - 19:35:44] David Kayne (1000624980) accepted Caliph Floresian Al Sheikh's (1000559231) invite to join The Muslim Brotherhood (33).
[2018/1/1 - 19:36:19] Caliph Floresian Al Sheikh (1000559231) (rank 9) has given Abdul Al Hasib (1000624833) rank 5 (Head Mujahid) in The Muslim Brot
[2018/1/1 - 19:37:34] Steve Mofujohn (16222) has quit the The Muslim Brotherhood as a rank 0
[2018/1/1 - 19:44:21] Head Chief Mujahid Jen Winchester has lost connection.
[2018/1/1 - 19:50:37] David Kayne has logged out.
[2018/1/1 - 19:53:30] Jen Winchester has logged in.
[2018/1/1 - 19:53:43] Caliph Floresian Al Sheikh (1000559231) (rank 9) has given Abdul Al Hasib (1000624833) rank 3 (Trusted Mujahid) in The Muslim B
[2018/1/1 - 19:59:06] Mark Don has logged in.
[2018/1/1 - 20:00:48] Caliph Floresian Al Sheikh (1000559231) (rank 9) has given Mark Don (1000624804) rank 6 (Head Chief Mujahid) in The Muslim Brot
[2018/1/1 - 20:02:33] Jen Winchester has logged out.
[2018/1/1 - 20:03:04] Jen Winchester has logged in.
[2018/1/1 - 20:03:52] Head Chief Mujahid Mark Don has lost connection.
[2018/1/1 - 20:04:53] Jen Winchester has logged out.
[2018/1/1 - 20:07:49] Jen Winchester has logged in.
[2018/1/1 - 20:10:52] Caliph Floresian Al Sheikh (1000559231) (rank 9) has given Jen Winchester (1000624821) rank 4 (Chief Mujahid) in The Muslim Bro
[2018/1/1 - 20:11:22] Brian Al Sheikh has logged out.
[2018/1/1 - 20:11:35] Floresian Al Sheikh (1000559231) has changed MOTD for GANG SKINS AT ALL TIMES to: GANG SKINS AT ALL TIMES in slot 1
[2018/1/1 - 20:12:24] Caliph Floresian Al Sheikh (1000559231) (rank 9) has given Jen Winchester (1000624821) rank 5 (Head Mujahid) in The Muslim Brot
[2018/1/1 - 20:12:40] Alessandro Abano (1000625000) accepted Caliph Floresian Al Sheikh's (1000559231) invite to join The Muslim Brotherhood (33).
[2018/1/1 - 20:18:21] Abdul Al Hasib has logged out.
[2018/1/1 - 20:20:51] Faye Brazy has logged out.
[2018/1/1 - 20:23:03] Abdul Al Hasib has logged in.
[2018/1/1 - 20:23:54] Spy Alessandro Abano has lost connection.
[2018/1/1 - 20:24:23] Alessandro Abano has logged in.
[2018/1/1 - 20:25:40] Faye Brazy has logged in.
[2018/1/1 - 20:29:14] Mark Don has logged in.
[2018/1/1 - 20:29:20] Alessandro Abano has logged in.
[2018/1/1 - 20:31:38] Stewart Al Mohammad (1000625012) accepted Caliph Floresian Al Sheikh's (1000559231) invite to join The Muslim Brotherhood (33).
[2018/1/1 - 20:33:10] Caliph Floresian Al Sheikh (1000559231) (rank 9) has given Stewart Al Mohammad (1000625012) rank 3 (Trusted Mujahid) in The Mus
[2018/1/1 - 20:33:38] Alessandro Abano has logged out.
[2018/1/1 - 20:34:26] Alessandro Abano has logged in.
[2018/1/1 - 20:36:22] Jen Winchester (1000624821) has quit the The Muslim Brotherhood as a rank 5
[2018/1/1 - 20:39:40] Mark Don has logged out.
[2018/1/1 - 20:40:26] Trusted Mujahid Stewart Al Mohammad has lost connection.
[2018/1/1 - 20:41:58] Stewart Al Mohammad has logged in.
[2018/1/1 - 20:42:31] Stewart Al Mohammad has logged out.
[2018/1/1 - 20:48:28] Faye Brazy has logged out.
[2018/1/1 - 20:51:00] Maxmilian Parker (1000624828) accepted Caliph Floresian Al Sheikh's (1000559231) invite to join The Muslim Brotherhood (33).
[2018/1/1 - 20:51:15] Caliph Floresian Al Sheikh (1000559231) (rank 9) has given Maxmilian Parker (1000624828) rank 8 (Sultan) in The Muslim Brotherh
[2018/1/1 - 20:52:35] Maxmilian Parker has logged out.
[2018/1/1 - 20:52:44] Alessandro Abano has logged out.
[2018/1/1 - 20:56:08] Alessandro Abano has logged in.
[2018/1/1 - 21:02:38] Alessandro Abano (1000625000) has quit the The Muslim Brotherhood as a rank 0
[2018/1/1 - 21:12:30] Abdul Al Hasib (1000624833) has quit the The Muslim Brotherhood as a rank 3
[2018/1/1 - 21:35:53] Mark Don has logged in.
[2018/1/1 - 21:41:01] Tyler Flleming (71416) accepted Caliph Floresian Al Sheikh's (1000559231) invite to join The Muslim Brotherhood (33).
[2018/1/1 - 21:41:16] Caliph Floresian Al Sheikh (1000559231) (rank 9) has given Tyler Flleming (71416) rank 2 (Mujahid) in The Muslim Brotherhood (3
[2018/1/1 - 21:45:07] Mujahid Tyler Flleming has lost connection.
[2018/1/1 - 21:46:04] Tyler Flleming has logged in.
[2018/1/1 - 21:49:20] Floresian Al Sheikh has logged out.
[2018/1/1 - 21:49:25] Mujahid Tyler Flleming has lost connection.
[2018/1/1 - 21:51:46] Tyler Flleming has logged in.
[2018/1/1 - 21:53:20] Mark Don has logged out.
[2018/1/1 - 21:53:43] Tyler Flleming (71416) has quit the The Muslim Brotherhood as a rank 2
[2018/1/1 - 21:58:14] Floresian Al Sheikh has logged in.
[2018/1/1 - 22:00:48] James Croce (864751) accepted Caliph Floresian Al Sheikh's (1000559231) invite to join The Muslim Brotherhood (33).
[2018/1/1 - 22:01:16] Caliph Floresian Al Sheikh (1000559231) (rank 9) has given James Croce (864751) rank 3 (Trusted Mujahid) in The Muslim Brotherh
[2018/1/1 - 22:02:02] Brian Al Sheikh has logged in.
[2018/1/1 - 22:03:09] Dayna Harm (1000624893) accepted Caliph Floresian Al Sheikh's (1000559231) invite to join The Muslim Brotherhood (33).
[2018/1/1 - 22:03:41] Caliph Floresian Al Sheikh (1000559231) (rank 9) has given Dayna Harm (1000624893) rank 2 (Mujahid) in The Muslim Brotherhood (
[2018/1/1 - 22:11:52] Mark Don has logged in.
[2018/1/1 - 22:12:54] Aidu Rollin Freeman (1000624997) accepted Caliph Floresian Al Sheikh's (1000559231) invite to join The Muslim Brotherhood (33).
[2018/1/1 - 22:15:48] Caliph Floresian Al Sheikh (1000559231) (rank 9) has given Dayna Harm (1000624893) rank 4 (Chief Mujahid) in The Muslim Brother
[2018/1/1 - 22:18:13] Caliph Floresian Al Sheikh (1000559231) (rank 9) has given Aidu Rollin Freeman (1000624997) rank 2 (Mujahid) in The Muslim Brot
[2018/1/1 - 22:21:35] Caliph Floresian Al Sheikh (1000559231) (rank 9) has given Dayna Harm (1000624893) rank 6 (Head Chief Mujahid) in The Muslim Br
[2018/1/1 - 22:22:55] Caliph Floresian Al Sheikh (1000559231) (rank 9) has given James Croce (864751) rank 6 (Head Chief Mujahid) in The Muslim Broth
[2018/1/1 - 22:24:58] Abdul Al Hasib (1000624833) accepted Caliph Floresian Al Sheikh's (1000559231) invite to join The Muslim Brotherhood (33).
[2018/1/1 - 22:25:25] Caliph Floresian Al Sheikh (1000559231) (rank 9) has given Abdul Al Hasib (1000624833) rank 1 (Baby Mujahid) in The Muslim Brot
[2018/1/1 - 22:30:01] Aidu Rollin Freeman has logged out.
[2018/1/1 - 22:36:04] Head Chief Mujahid Mark Don has lost connection.
[2018/1/1 - 22:37:16] Mark Don has logged in.
[2018/1/1 - 22:39:33] Mark Don has logged out.
[2018/1/1 - 22:41:03] Caliph Floresian Al Sheikh (1000559231) (rank 9) has given Dayna Harm (1000624893) rank 7 (Head Sheikh) in The Muslim Brotherho
[2018/1/1 - 22:42:43] Caliph Floresian Al Sheikh (1000559231) (rank 9) has given Dayna Harm (1000624893) rank 6 (Head Chief Mujahid) in The Muslim Br
[2018/1/1 - 22:43:34] Caliph Floresian Al Sheikh (1000559231) (rank 9) has given Abdul Al Hasib (1000624833) rank 2 (Mujahid) in The Muslim Brotherho
[2018/1/1 - 22:44:22] Dayna Harm has logged out.
[2018/1/1 - 23:01:03] Floresian Al Sheikh has withdrawn $21,800 from the safe.
[2018/1/1 - 23:01:09] Floresian Al Sheikh has withdrawn 2000 materials from the safe.
[2018/1/1 - 23:04:19] Brian Al Sheikh has logged out.
[2018/1/1 - 23:09:50] Abdul Al Hasib has logged out.
[2018/1/1 - 23:12:56] Mark Don has logged in.
[2018/1/1 - 23:16:02] Robbert Lutz (1000182157) accepted Caliph Floresian Al Sheikh's (1000559231) invite to join The Muslim Brotherhood (33).
[2018/1/1 - 23:16:39] Robbert Lutz has withdrawn a Desert Eagle from the weapon locker (Cost: 10)
[2018/1/1 - 23:17:00] Caliph Floresian Al Sheikh (1000559231) (rank 9) has uninvited Robbert Lutz (1000182157) (rank 0) from The Muslim Brotherhood (
[2018/1/1 - 23:17:06] Floresian Al Sheikh has withdrawn a Desert Eagle from the weapon locker (Cost: 10)
[2018/1/1 - 23:19:44] Floresian Al Sheikh has set Desert Eagle weapon restriction from rank 0+ to 9.
[2018/1/1 - 23:19:46] Floresian Al Sheikh has set Silenced Colt .45 weapon restriction from rank 0+ to 0.
[2018/1/1 - 23:19:48] Floresian Al Sheikh has set Silenced Colt .45 weapon restriction from rank 0+ to 9.
[2018/1/1 - 23:20:02] Floresian Al Sheikh has set Shotgun weapon restriction from rank 0+ to 9.
[2018/1/1 - 23:20:04] Floresian Al Sheikh has set MP5 weapon restriction from rank 0+ to 9.
[2018/1/1 - 23:20:06] Floresian Al Sheikh has set AK-47 weapon restriction from rank 5+ to 9.
[2018/1/1 - 23:20:08] Floresian Al Sheikh has set M4A1 weapon restriction from rank 5+ to 9.
[2018/1/1 - 23:20:11] Floresian Al Sheikh has set Rifle weapon restriction from rank 5+ to 9.
[2018/1/1 - 23:20:14] Floresian Al Sheikh has set SPAS-12 weapon restriction from rank 5+ to 9.
[2018/1/1 - 23:20:17] Floresian Al Sheikh has set Sniper Rifle weapon restriction from rank 5+ to 9.
[2018/1/1 - 23:20:32] Robbert Lutz (1000182157) accepted Caliph Floresian Al Sheikh's (1000559231) invite to join The Muslim Brotherhood (33).
[2018/1/1 - 23:25:41] Caliph Floresian Al Sheikh (1000559231) (rank 9) has given Mark Don (1000624804) rank 7 (Head Sheikh) in The Muslim Brotherhood
[2018/1/1 - 23:26:23] Caliph Floresian Al Sheikh (1000559231) (rank 9) has given Mark Don (1000624804) rank 6 (Head Chief Mujahid) in The Muslim Brot
[2018/1/1 - 23:28:19] Robbert Lutz has logged out.
[2018/1/1 - 23:29:10] Floresian Al Sheikh has withdrawn a AK-47 from the weapon locker (Cost: 25)
[2018/1/1 - 23:29:20] Floresian Al Sheikh has deposited a AK-47 into the locker.
[2018/1/1 - 23:29:52] Floresian Al Sheikh has withdrawn a Sniper Rifle from the weapon locker (Cost: 100)
[2018/1/1 - 23:31:16] Mark Don has logged out.
[2018/1/1 - 23:31:18] Robbert Lutz has logged in.
[2018/1/1 - 23:31:30] Floresian Al Sheikh has deposited a Sniper Rifle into the locker.
[2018/1/1 - 23:32:00] Head Chief Mujahid James Croce has lost connection.
[2018/1/1 - 23:32:31] James Croce has logged in.
[2018/1/1 - 23:36:02] Robbert Lutz has logged out.
[2018/1/1 - 23:37:20] Aya Dios Fuyu (1000498316) accepted Caliph Floresian Al Sheikh's (1000559231) invite to join The Muslim Brotherhood (33).
[2018/1/1 - 23:37:51] Mark Dios Duke (1000556778) accepted Caliph Floresian Al Sheikh's (1000559231) invite to join The Muslim Brotherhood (33).
[2018/1/1 - 23:38:07] Jax Dios Davis (1000624993) accepted Caliph Floresian Al Sheikh's (1000559231) invite to join The Muslim Brotherhood (33).
[2018/1/1 - 23:42:21] Caliph Floresian Al Sheikh (1000559231) (rank 9) has given Mark Dios Duke (1000556778) rank 2 (Mujahid) in The Muslim Brotherho
[2018/1/1 - 23:44:03] Aya Dios Fuyu has logged out.
[2018/1/1 - 23:45:30] Aya Dios Fuyu has logged in.
[2018/1/1 - 23:47:40] Caliph Floresian Al Sheikh (1000559231) (rank 9) has given Aya Dios Fuyu (1000498316) rank 2 (Mujahid) in The Muslim Brotherhoo
[2018/1/1 - 23:47:42] Caliph Floresian Al Sheikh (1000559231) (rank 9) has given Jax Dios Davis (1000624993) rank 2 (Mujahid) in The Muslim Brotherho
[2018/1/1 - 23:47:56] Floresian Al Sheikh has logged out.
