[2018/2/13 - 8:31:42] Jenny Saunders has logged in.
[2018/2/13 - 8:31:51] Clank (1000033226) has made Clank (1000033226) the leader of the SHAFT.
[2018/2/13 - 8:45:11] Clank is now off duty and earned $2,000
[2018/2/13 - 8:45:51] Clank is now off duty and earned $6,000
[2018/2/13 - 8:46:01] Jenny Saunders has logged in.
[2018/2/13 - 8:47:36] Clank is now off duty and earned $8,000
[2018/2/13 - 8:48:22] Clank is now off duty and earned $4,000
[2018/2/13 - 8:50:53] Clank is now off duty and earned $4,000
[2018/2/13 - 8:52:01] Jenny Saunders has logged in.
[2018/2/13 - 11:52:48] Winston De Rulo has logged in.
[2018/2/13 - 12:15:08] Clank Hamm (1000033226) has made Clank Hamm (1000033226) the leader of the SHAFT.
[2018/2/13 - 12:15:15] Director Clank Hamm has manufactured a crate at Ocean Docks facility.
[2018/2/13 - 12:15:58] Amiel Kidman has logged in.
[2018/2/13 - 12:16:48] Robert Caber has logged in.
[2018/2/13 - 12:17:03] Clank (1000033226) has made Clank (1000033226) the leader of the SHAFT.
[2018/2/13 - 12:17:08] Director Clank (1000033226) (rank 9) has given Clank (1000033226) rank 7 (Assistant Director) in SHAFT (3).
[2018/2/13 - 12:17:25] Director Clank Hamm (1000033226) (rank 9) has given Clank Hamm (1000033226) rank 7 (Assistant Director) in SHAFT (3).
[2018/2/13 - 12:19:22] Chris Silvetti (1000125968) accepted Director Amiel Kidman's (1000049381) invite to join SHAFT (3).
[2018/2/13 - 12:19:31] Director Amiel Kidman (1000049381) (rank 9) has given Chris Silvetti (1000125968) rank 5 (Sup. Special Agent) in SHAFT (3).
[2018/2/13 - 12:19:41] Director Amiel Kidman (1000049381) has set Chris Silvetti's (1000125968) division to ATT in SHAFT (3).
[2018/2/13 - 12:20:28] Chris Silvetti has withdrawn a SPAS-12 from the weapon locker (Cost: 9)
[2018/2/13 - 12:20:31] Chris Silvetti has withdrawn a M4A1 from the weapon locker (Cost: 9)
[2018/2/13 - 12:20:32] Chris Silvetti has withdrawn a Sniper Rifle from the weapon locker (Cost: 10)
[2018/2/13 - 12:20:38] Chris Silvetti has withdrawn a Spray Can from the weapon locker (Cost: 1)
[2018/2/13 - 12:20:40] Chris Silvetti has withdrawn a Tear Gas from the weapon locker (Cost: 1)
[2018/2/13 - 12:20:41] Chris Silvetti has withdrawn a Micro Uzi from the weapon locker (Cost: 4)
[2018/2/13 - 13:11:16] Derek Phantom has logged in.
[2018/2/13 - 13:12:55] Special Agent Derek Phantom has logged out.
[2018/2/13 - 13:13:05] Martin Powers has logged in.
[2018/2/13 - 13:13:08] Agent Martin Powers has logged out.
[2018/2/13 - 14:06:55] Sup. Special Agent Chris Silvetti has logged out.
[2018/2/13 - 14:48:02] Winston De Rulo has logged in.
[2018/2/13 - 17:41:02] Josh Mcflies has logged in.
[2018/2/13 - 18:08:45] Sup. Special Agent Josh Mcflies has logged out.
