[2018/1/30 - 13:00:37] The faction vault is at $6,769,443.
[2018/1/30 - 13:00:37] SA Gov Paid $350,000 to LSPD budget fund.
[2018/1/30 - 13:00:37] Vehicle ID 194 (Slot ID 3) Maintainence fee cost $2,500 to LSPD's budget fund.
[2018/1/30 - 13:00:37] Vehicle ID 198 (Slot ID 7) Maintainence fee cost $2,000 to LSPD's budget fund.
[2018/1/30 - 13:00:37] Vehicle ID 202 (Slot ID 11) Maintainence fee cost $2,500 to LSPD's budget fund.
[2018/1/30 - 13:00:37] Vehicle ID 214 (Slot ID 27) Maintainence fee cost $2,500 to LSPD's budget fund.
[2018/1/30 - 13:00:37] Vehicle ID 215 (Slot ID 28) Maintainence fee cost $5,000 to LSPD's budget fund.
[2018/1/30 - 13:00:37] Vehicle ID 216 (Slot ID 30) Maintainence fee cost $3,500 to LSPD's budget fund.
[2018/1/30 - 13:00:37] Vehicle ID 221 (Slot ID 38) Maintainence fee cost $2,000 to LSPD's budget fund.
[2018/1/30 - 13:00:37] Vehicle ID 226 (Slot ID 46) Maintainence fee cost $2,500 to LSPD's budget fund.
[2018/1/30 - 13:00:37] Vehicle ID 0 (Slot ID 51) Maintainence fee cost $3,500 to LSPD's budget fund.
[2018/1/30 - 13:00:37] Vehicle ID 232 (Slot ID 56) Maintainence fee cost $3,500 to LSPD's budget fund.
[2018/1/30 - 13:00:37] Vehicle ID 235 (Slot ID 60) Maintainence fee cost $2,000 to LSPD's budget fund.
[2018/1/30 - 13:00:37] Vehicle ID 236 (Slot ID 61) Maintainence fee cost $3,500 to LSPD's budget fund.
[2018/1/30 - 13:00:37] Vehicle ID 238 (Slot ID 66) Maintainence fee cost $2,500 to LSPD's budget fund.
[2018/1/30 - 13:00:37] Vehicle ID 243 (Slot ID 72) Maintainence fee cost $3,000 to LSPD's budget fund.
[2018/1/30 - 13:00:37] Vehicle ID 245 (Slot ID 74) Maintainence fee cost $2,500 to LSPD's budget fund.
[2018/1/30 - 13:00:37] Vehicle ID 247 (Slot ID 76) Maintainence fee cost $0 to LSPD's budget fund.
[2018/1/30 - 13:00:37] Vehicle ID 250 (Slot ID 79) Maintainence fee cost $4,500 to LSPD's budget fund.
[2018/1/30 - 13:00:37] Vehicle ID 252 (Slot ID 81) Maintainence fee cost $3,500 to LSPD's budget fund.
[2018/1/30 - 13:00:37] Vehicle ID 253 (Slot ID 83) Maintainence fee cost $2,500 to LSPD's budget fund.
[2018/1/30 - 13:00:37] Vehicle ID 257 (Slot ID 89) Maintainence fee cost $3,000 to LSPD's budget fund.
[2018/1/30 - 13:00:37] Vehicle ID 258 (Slot ID 90) Maintainence fee cost $0 to LSPD's budget fund.
[2018/1/30 - 13:00:37] Vehicle ID 260 (Slot ID 94) Maintainence fee cost $2,500 to LSPD's budget fund.
[2018/1/30 - 13:00:37] Vehicle ID 0 (Slot ID 119) Maintainence fee cost $2,500 to LSPD's budget fund.
[2018/1/30 - 13:00:37] Vehicle ID 285 (Slot ID 122) Maintainence fee cost $2,500 to LSPD's budget fund.
[2018/1/30 - 13:00:37] Vehicle ID 292 (Slot ID 130) Maintainence fee cost $2,500 to LSPD's budget fund.
[2018/1/30 - 13:00:37] Vehicle ID 293 (Slot ID 131) Maintainence fee cost $2,500 to LSPD's budget fund.
[2018/1/30 - 13:00:37] Vehicle ID 295 (Slot ID 133) Maintainence fee cost $2,500 to LSPD's budget fund.
[2018/1/30 - 13:00:37] Vehicle ID 301 (Slot ID 141) Maintainence fee cost $2,500 to LSPD's budget fund.
[2018/1/30 - 13:00:37] Vehicle ID 303 (Slot ID 143) Maintainence fee cost $2,500 to LSPD's budget fund.
[2018/1/30 - 13:00:37] Vehicle ID 305 (Slot ID 145) Maintainence fee cost $2,500 to LSPD's budget fund.
[2018/1/30 - 13:00:37] Vehicle ID 307 (Slot ID 148) Maintainence fee cost $2,500 to LSPD's budget fund.
[2018/1/30 - 13:00:37] Vehicle ID 315 (Slot ID 156) Maintainence fee cost $2,500 to LSPD's budget fund.
[2018/1/30 - 13:00:37] Vehicle ID 320 (Slot ID 161) Maintainence fee cost $2,500 to LSPD's budget fund.
[2018/1/30 - 13:00:37] Vehicle ID 323 (Slot ID 165) Maintainence fee cost $3,500 to LSPD's budget fund.
[2018/1/30 - 13:00:37] Vehicle ID 351 (Slot ID 200) Maintainence fee cost $0 to LSPD's budget fund.
[2018/1/30 - 13:00:37] Vehicle ID 352 (Slot ID 201) Maintainence fee cost $0 to LSPD's budget fund.
[2018/1/30 - 13:00:37] Vehicle ID 354 (Slot ID 204) Maintainence fee cost $2,500 to LSPD's budget fund.
[2018/1/30 - 13:00:37] Vehicle ID 358 (Slot ID 208) Maintainence fee cost $2,500 to LSPD's budget fund.
[2018/1/30 - 13:00:37] Vehicle ID 383 (Slot ID 239) Maintainence fee cost $3,500 to LSPD's budget fund.
[2018/1/30 - 13:00:37] Vehicle ID 384 (Slot ID 241) Maintainence fee cost $0 to LSPD's budget fund.
[2018/1/30 - 13:00:37] Vehicle ID 385 (Slot ID 243) Maintainence fee cost $0 to LSPD's budget fund.
[2018/1/30 - 13:00:37] Vehicle ID 395 (Slot ID 257) Maintainence fee cost $2,000 to LSPD's budget fund.
[2018/1/30 - 13:00:37] Vehicle ID 413 (Slot ID 281) Maintainence fee cost $3,000 to LSPD's budget fund.
[2018/1/30 - 13:00:37] Vehicle ID 417 (Slot ID 294) Maintainence fee cost $2,500 to LSPD's budget fund.
[2018/1/30 - 13:00:37] Vehicle ID 418 (Slot ID 295) Maintainence fee cost $3,500 to LSPD's budget fund.
[2018/1/30 - 13:00:37] Vehicle ID 427 (Slot ID 314) Maintainence fee cost $2,500 to LSPD's budget fund.
[2018/1/30 - 13:00:37] Vehicle ID 0 (Slot ID 328) Maintainence fee cost $2,500 to LSPD's budget fund.
[2018/1/30 - 13:00:37] Vehicle ID 437 (Slot ID 371) Maintainence fee cost $3,500 to LSPD's budget fund.
[2018/1/30 - 13:00:37] Vehicle ID 0 (Slot ID 390) Maintainence fee cost $3,000 to LSPD's budget fund.
[2018/1/30 - 13:00:37] Vehicle ID 0 (Slot ID 402) Maintainence fee cost $2,500 to LSPD's budget fund.
[2018/1/30 - 13:00:37] Vehicle ID 443 (Slot ID 422) Maintainence fee cost $2,000 to LSPD's budget fund.
[2018/1/30 - 13:00:37] Vehicle ID 446 (Slot ID 433) Maintainence fee cost $3,000 to LSPD's budget fund.
[2018/1/30 - 13:00:37] Vehicle ID 457 (Slot ID 574) Maintainence fee cost $2,500 to LSPD's budget fund.
[2018/1/30 - 13:00:37] Vehicle ID 0 (Slot ID 648) Maintainence fee cost $3,500 to LSPD's budget fund.
[2018/1/30 - 14:00:22] The faction vault is at $6,984,943.
[2018/1/30 - 14:00:22] SA Gov Paid $350,000 to LSPD budget fund.
[2018/1/30 - 14:00:22] Vehicle ID 194 (Slot ID 3) Maintainence fee cost $2,500 to LSPD's budget fund.
[2018/1/30 - 14:00:22] Vehicle ID 198 (Slot ID 7) Maintainence fee cost $2,000 to LSPD's budget fund.
[2018/1/30 - 14:00:22] Vehicle ID 202 (Slot ID 11) Maintainence fee cost $2,500 to LSPD's budget fund.
[2018/1/30 - 14:00:22] Vehicle ID 214 (Slot ID 27) Maintainence fee cost $2,500 to LSPD's budget fund.
[2018/1/30 - 14:00:22] Vehicle ID 215 (Slot ID 28) Maintainence fee cost $5,000 to LSPD's budget fund.
[2018/1/30 - 14:00:22] Vehicle ID 216 (Slot ID 30) Maintainence fee cost $3,500 to LSPD's budget fund.
[2018/1/30 - 14:00:22] Vehicle ID 221 (Slot ID 38) Maintainence fee cost $2,000 to LSPD's budget fund.
[2018/1/30 - 14:00:22] Vehicle ID 226 (Slot ID 46) Maintainence fee cost $2,500 to LSPD's budget fund.
[2018/1/30 - 14:00:22] Vehicle ID 0 (Slot ID 51) Maintainence fee cost $3,500 to LSPD's budget fund.
[2018/1/30 - 14:00:22] Vehicle ID 232 (Slot ID 56) Maintainence fee cost $3,500 to LSPD's budget fund.
[2018/1/30 - 14:00:22] Vehicle ID 235 (Slot ID 60) Maintainence fee cost $2,000 to LSPD's budget fund.
[2018/1/30 - 14:00:22] Vehicle ID 236 (Slot ID 61) Maintainence fee cost $3,500 to LSPD's budget fund.
[2018/1/30 - 14:00:22] Vehicle ID 238 (Slot ID 66) Maintainence fee cost $2,500 to LSPD's budget fund.
[2018/1/30 - 14:00:22] Vehicle ID 243 (Slot ID 72) Maintainence fee cost $3,000 to LSPD's budget fund.
[2018/1/30 - 14:00:22] Vehicle ID 245 (Slot ID 74) Maintainence fee cost $2,500 to LSPD's budget fund.
[2018/1/30 - 14:00:22] Vehicle ID 247 (Slot ID 76) Maintainence fee cost $0 to LSPD's budget fund.
[2018/1/30 - 14:00:22] Vehicle ID 250 (Slot ID 79) Maintainence fee cost $4,500 to LSPD's budget fund.
[2018/1/30 - 14:00:22] Vehicle ID 252 (Slot ID 81) Maintainence fee cost $3,500 to LSPD's budget fund.
[2018/1/30 - 14:00:22] Vehicle ID 253 (Slot ID 83) Maintainence fee cost $2,500 to LSPD's budget fund.
[2018/1/30 - 14:00:22] Vehicle ID 257 (Slot ID 89) Maintainence fee cost $3,000 to LSPD's budget fund.
[2018/1/30 - 14:00:22] Vehicle ID 258 (Slot ID 90) Maintainence fee cost $0 to LSPD's budget fund.
[2018/1/30 - 14:00:22] Vehicle ID 260 (Slot ID 94) Maintainence fee cost $2,500 to LSPD's budget fund.
[2018/1/30 - 14:00:22] Vehicle ID 0 (Slot ID 119) Maintainence fee cost $2,500 to LSPD's budget fund.
[2018/1/30 - 14:00:22] Vehicle ID 285 (Slot ID 122) Maintainence fee cost $2,500 to LSPD's budget fund.
[2018/1/30 - 14:00:22] Vehicle ID 292 (Slot ID 130) Maintainence fee cost $2,500 to LSPD's budget fund.
[2018/1/30 - 14:00:22] Vehicle ID 293 (Slot ID 131) Maintainence fee cost $2,500 to LSPD's budget fund.
[2018/1/30 - 14:00:22] Vehicle ID 295 (Slot ID 133) Maintainence fee cost $2,500 to LSPD's budget fund.
[2018/1/30 - 14:00:22] Vehicle ID 301 (Slot ID 141) Maintainence fee cost $2,500 to LSPD's budget fund.
[2018/1/30 - 14:00:22] Vehicle ID 303 (Slot ID 143) Maintainence fee cost $2,500 to LSPD's budget fund.
[2018/1/30 - 14:00:22] Vehicle ID 305 (Slot ID 145) Maintainence fee cost $2,500 to LSPD's budget fund.
[2018/1/30 - 14:00:22] Vehicle ID 307 (Slot ID 148) Maintainence fee cost $2,500 to LSPD's budget fund.
[2018/1/30 - 14:00:22] Vehicle ID 315 (Slot ID 156) Maintainence fee cost $2,500 to LSPD's budget fund.
[2018/1/30 - 14:00:22] Vehicle ID 320 (Slot ID 161) Maintainence fee cost $2,500 to LSPD's budget fund.
[2018/1/30 - 14:00:22] Vehicle ID 323 (Slot ID 165) Maintainence fee cost $3,500 to LSPD's budget fund.
[2018/1/30 - 14:00:22] Vehicle ID 351 (Slot ID 200) Maintainence fee cost $0 to LSPD's budget fund.
[2018/1/30 - 14:00:22] Vehicle ID 352 (Slot ID 201) Maintainence fee cost $0 to LSPD's budget fund.
[2018/1/30 - 14:00:22] Vehicle ID 354 (Slot ID 204) Maintainence fee cost $2,500 to LSPD's budget fund.
[2018/1/30 - 14:00:22] Vehicle ID 358 (Slot ID 208) Maintainence fee cost $2,500 to LSPD's budget fund.
[2018/1/30 - 14:00:22] Vehicle ID 383 (Slot ID 239) Maintainence fee cost $3,500 to LSPD's budget fund.
[2018/1/30 - 14:00:22] Vehicle ID 384 (Slot ID 241) Maintainence fee cost $0 to LSPD's budget fund.
[2018/1/30 - 14:00:22] Vehicle ID 385 (Slot ID 243) Maintainence fee cost $0 to LSPD's budget fund.
[2018/1/30 - 14:00:22] Vehicle ID 395 (Slot ID 257) Maintainence fee cost $2,000 to LSPD's budget fund.
[2018/1/30 - 14:00:22] Vehicle ID 413 (Slot ID 281) Maintainence fee cost $3,000 to LSPD's budget fund.
[2018/1/30 - 14:00:22] Vehicle ID 417 (Slot ID 294) Maintainence fee cost $2,500 to LSPD's budget fund.
[2018/1/30 - 14:00:22] Vehicle ID 418 (Slot ID 295) Maintainence fee cost $3,500 to LSPD's budget fund.
[2018/1/30 - 14:00:22] Vehicle ID 427 (Slot ID 314) Maintainence fee cost $2,500 to LSPD's budget fund.
[2018/1/30 - 14:00:22] Vehicle ID 0 (Slot ID 328) Maintainence fee cost $2,500 to LSPD's budget fund.
[2018/1/30 - 14:00:22] Vehicle ID 437 (Slot ID 371) Maintainence fee cost $3,500 to LSPD's budget fund.
[2018/1/30 - 14:00:22] Vehicle ID 0 (Slot ID 390) Maintainence fee cost $3,000 to LSPD's budget fund.
[2018/1/30 - 14:00:22] Vehicle ID 0 (Slot ID 402) Maintainence fee cost $2,500 to LSPD's budget fund.
[2018/1/30 - 14:00:22] Vehicle ID 443 (Slot ID 422) Maintainence fee cost $2,000 to LSPD's budget fund.
[2018/1/30 - 14:00:22] Vehicle ID 446 (Slot ID 433) Maintainence fee cost $3,000 to LSPD's budget fund.
[2018/1/30 - 14:00:22] Vehicle ID 457 (Slot ID 574) Maintainence fee cost $2,500 to LSPD's budget fund.
[2018/1/30 - 14:00:22] Vehicle ID 0 (Slot ID 648) Maintainence fee cost $3,500 to LSPD's budget fund.
[2018/1/30 - 14:45:34] Vehicle Slot ID 433 RTB fee cost $1500 to LSPD's budget fund.
[2018/1/30 - 15:00:05] The faction vault is at $7,198,943.
[2018/1/30 - 15:00:05] SA Gov Paid $350,000 to LSPD budget fund.
[2018/1/30 - 15:00:05] Vehicle ID 194 (Slot ID 3) Maintainence fee cost $2,500 to LSPD's budget fund.
[2018/1/30 - 15:00:05] Vehicle ID 198 (Slot ID 7) Maintainence fee cost $2,000 to LSPD's budget fund.
[2018/1/30 - 15:00:05] Vehicle ID 202 (Slot ID 11) Maintainence fee cost $2,500 to LSPD's budget fund.
[2018/1/30 - 15:00:05] Vehicle ID 214 (Slot ID 27) Maintainence fee cost $2,500 to LSPD's budget fund.
[2018/1/30 - 15:00:05] Vehicle ID 215 (Slot ID 28) Maintainence fee cost $5,000 to LSPD's budget fund.
[2018/1/30 - 15:00:05] Vehicle ID 216 (Slot ID 30) Maintainence fee cost $3,500 to LSPD's budget fund.
[2018/1/30 - 15:00:05] Vehicle ID 221 (Slot ID 38) Maintainence fee cost $2,000 to LSPD's budget fund.
[2018/1/30 - 15:00:05] Vehicle ID 226 (Slot ID 46) Maintainence fee cost $2,500 to LSPD's budget fund.
[2018/1/30 - 15:00:05] Vehicle ID 0 (Slot ID 51) Maintainence fee cost $3,500 to LSPD's budget fund.
[2018/1/30 - 15:00:05] Vehicle ID 232 (Slot ID 56) Maintainence fee cost $3,500 to LSPD's budget fund.
[2018/1/30 - 15:00:05] Vehicle ID 235 (Slot ID 60) Maintainence fee cost $2,000 to LSPD's budget fund.
[2018/1/30 - 15:00:05] Vehicle ID 236 (Slot ID 61) Maintainence fee cost $3,500 to LSPD's budget fund.
[2018/1/30 - 15:00:05] Vehicle ID 238 (Slot ID 66) Maintainence fee cost $2,500 to LSPD's budget fund.
[2018/1/30 - 15:00:05] Vehicle ID 243 (Slot ID 72) Maintainence fee cost $3,000 to LSPD's budget fund.
[2018/1/30 - 15:00:05] Vehicle ID 245 (Slot ID 74) Maintainence fee cost $2,500 to LSPD's budget fund.
[2018/1/30 - 15:00:05] Vehicle ID 247 (Slot ID 76) Maintainence fee cost $0 to LSPD's budget fund.
[2018/1/30 - 15:00:05] Vehicle ID 250 (Slot ID 79) Maintainence fee cost $4,500 to LSPD's budget fund.
[2018/1/30 - 15:00:05] Vehicle ID 252 (Slot ID 81) Maintainence fee cost $3,500 to LSPD's budget fund.
[2018/1/30 - 15:00:05] Vehicle ID 253 (Slot ID 83) Maintainence fee cost $2,500 to LSPD's budget fund.
[2018/1/30 - 15:00:05] Vehicle ID 257 (Slot ID 89) Maintainence fee cost $3,000 to LSPD's budget fund.
[2018/1/30 - 15:00:05] Vehicle ID 258 (Slot ID 90) Maintainence fee cost $0 to LSPD's budget fund.
[2018/1/30 - 15:00:05] Vehicle ID 260 (Slot ID 94) Maintainence fee cost $2,500 to LSPD's budget fund.
[2018/1/30 - 15:00:05] Vehicle ID 0 (Slot ID 119) Maintainence fee cost $2,500 to LSPD's budget fund.
[2018/1/30 - 15:00:05] Vehicle ID 285 (Slot ID 122) Maintainence fee cost $2,500 to LSPD's budget fund.
[2018/1/30 - 15:00:05] Vehicle ID 292 (Slot ID 130) Maintainence fee cost $2,500 to LSPD's budget fund.
[2018/1/30 - 15:00:05] Vehicle ID 293 (Slot ID 131) Maintainence fee cost $2,500 to LSPD's budget fund.
[2018/1/30 - 15:00:05] Vehicle ID 295 (Slot ID 133) Maintainence fee cost $2,500 to LSPD's budget fund.
[2018/1/30 - 15:00:05] Vehicle ID 301 (Slot ID 141) Maintainence fee cost $2,500 to LSPD's budget fund.
[2018/1/30 - 15:00:05] Vehicle ID 303 (Slot ID 143) Maintainence fee cost $2,500 to LSPD's budget fund.
[2018/1/30 - 15:00:05] Vehicle ID 305 (Slot ID 145) Maintainence fee cost $2,500 to LSPD's budget fund.
[2018/1/30 - 15:00:05] Vehicle ID 307 (Slot ID 148) Maintainence fee cost $2,500 to LSPD's budget fund.
[2018/1/30 - 15:00:05] Vehicle ID 315 (Slot ID 156) Maintainence fee cost $2,500 to LSPD's budget fund.
[2018/1/30 - 15:00:05] Vehicle ID 320 (Slot ID 161) Maintainence fee cost $2,500 to LSPD's budget fund.
[2018/1/30 - 15:00:05] Vehicle ID 323 (Slot ID 165) Maintainence fee cost $3,500 to LSPD's budget fund.
[2018/1/30 - 15:00:05] Vehicle ID 351 (Slot ID 200) Maintainence fee cost $0 to LSPD's budget fund.
[2018/1/30 - 15:00:05] Vehicle ID 352 (Slot ID 201) Maintainence fee cost $0 to LSPD's budget fund.
[2018/1/30 - 15:00:05] Vehicle ID 354 (Slot ID 204) Maintainence fee cost $2,500 to LSPD's budget fund.
[2018/1/30 - 15:00:05] Vehicle ID 358 (Slot ID 208) Maintainence fee cost $2,500 to LSPD's budget fund.
[2018/1/30 - 15:00:05] Vehicle ID 383 (Slot ID 239) Maintainence fee cost $3,500 to LSPD's budget fund.
[2018/1/30 - 15:00:05] Vehicle ID 384 (Slot ID 241) Maintainence fee cost $0 to LSPD's budget fund.
[2018/1/30 - 15:00:05] Vehicle ID 385 (Slot ID 243) Maintainence fee cost $0 to LSPD's budget fund.
[2018/1/30 - 15:00:05] Vehicle ID 395 (Slot ID 257) Maintainence fee cost $2,000 to LSPD's budget fund.
[2018/1/30 - 15:00:05] Vehicle ID 413 (Slot ID 281) Maintainence fee cost $3,000 to LSPD's budget fund.
[2018/1/30 - 15:00:05] Vehicle ID 417 (Slot ID 294) Maintainence fee cost $2,500 to LSPD's budget fund.
[2018/1/30 - 15:00:05] Vehicle ID 418 (Slot ID 295) Maintainence fee cost $3,500 to LSPD's budget fund.
[2018/1/30 - 15:00:05] Vehicle ID 427 (Slot ID 314) Maintainence fee cost $2,500 to LSPD's budget fund.
[2018/1/30 - 15:00:05] Vehicle ID 0 (Slot ID 328) Maintainence fee cost $2,500 to LSPD's budget fund.
[2018/1/30 - 15:00:05] Vehicle ID 437 (Slot ID 371) Maintainence fee cost $3,500 to LSPD's budget fund.
[2018/1/30 - 15:00:05] Vehicle ID 0 (Slot ID 390) Maintainence fee cost $3,000 to LSPD's budget fund.
[2018/1/30 - 15:00:05] Vehicle ID 0 (Slot ID 402) Maintainence fee cost $2,500 to LSPD's budget fund.
[2018/1/30 - 15:00:05] Vehicle ID 443 (Slot ID 422) Maintainence fee cost $2,000 to LSPD's budget fund.
[2018/1/30 - 15:00:05] Vehicle ID 446 (Slot ID 433) Maintainence fee cost $3,000 to LSPD's budget fund.
[2018/1/30 - 15:00:05] Vehicle ID 457 (Slot ID 574) Maintainence fee cost $2,500 to LSPD's budget fund.
[2018/1/30 - 15:00:05] Vehicle ID 0 (Slot ID 648) Maintainence fee cost $3,500 to LSPD's budget fund.
[2018/1/30 - 16:00:53] The faction vault is at $7,414,443.
[2018/1/30 - 16:00:53] SA Gov Paid $350,000 to LSPD budget fund.
[2018/1/30 - 16:00:53] Vehicle ID 194 (Slot ID 3) Maintainence fee cost $2,500 to LSPD's budget fund.
[2018/1/30 - 16:00:53] Vehicle ID 198 (Slot ID 7) Maintainence fee cost $2,000 to LSPD's budget fund.
[2018/1/30 - 16:00:53] Vehicle ID 202 (Slot ID 11) Maintainence fee cost $2,500 to LSPD's budget fund.
[2018/1/30 - 16:00:53] Vehicle ID 214 (Slot ID 27) Maintainence fee cost $2,500 to LSPD's budget fund.
[2018/1/30 - 16:00:53] Vehicle ID 215 (Slot ID 28) Maintainence fee cost $5,000 to LSPD's budget fund.
[2018/1/30 - 16:00:53] Vehicle ID 216 (Slot ID 30) Maintainence fee cost $3,500 to LSPD's budget fund.
[2018/1/30 - 16:00:53] Vehicle ID 221 (Slot ID 38) Maintainence fee cost $2,000 to LSPD's budget fund.
[2018/1/30 - 16:00:53] Vehicle ID 226 (Slot ID 46) Maintainence fee cost $2,500 to LSPD's budget fund.
[2018/1/30 - 16:00:53] Vehicle ID 0 (Slot ID 51) Maintainence fee cost $3,500 to LSPD's budget fund.
[2018/1/30 - 16:00:53] Vehicle ID 232 (Slot ID 56) Maintainence fee cost $3,500 to LSPD's budget fund.
[2018/1/30 - 16:00:53] Vehicle ID 235 (Slot ID 60) Maintainence fee cost $2,000 to LSPD's budget fund.
[2018/1/30 - 16:00:53] Vehicle ID 236 (Slot ID 61) Maintainence fee cost $3,500 to LSPD's budget fund.
[2018/1/30 - 16:00:53] Vehicle ID 238 (Slot ID 66) Maintainence fee cost $2,500 to LSPD's budget fund.
[2018/1/30 - 16:00:53] Vehicle ID 243 (Slot ID 72) Maintainence fee cost $3,000 to LSPD's budget fund.
[2018/1/30 - 16:00:53] Vehicle ID 245 (Slot ID 74) Maintainence fee cost $2,500 to LSPD's budget fund.
[2018/1/30 - 16:00:53] Vehicle ID 247 (Slot ID 76) Maintainence fee cost $0 to LSPD's budget fund.
[2018/1/30 - 16:00:53] Vehicle ID 250 (Slot ID 79) Maintainence fee cost $4,500 to LSPD's budget fund.
[2018/1/30 - 16:00:53] Vehicle ID 252 (Slot ID 81) Maintainence fee cost $3,500 to LSPD's budget fund.
[2018/1/30 - 16:00:53] Vehicle ID 253 (Slot ID 83) Maintainence fee cost $2,500 to LSPD's budget fund.
[2018/1/30 - 16:00:53] Vehicle ID 257 (Slot ID 89) Maintainence fee cost $3,000 to LSPD's budget fund.
[2018/1/30 - 16:00:53] Vehicle ID 258 (Slot ID 90) Maintainence fee cost $0 to LSPD's budget fund.
[2018/1/30 - 16:00:53] Vehicle ID 260 (Slot ID 94) Maintainence fee cost $2,500 to LSPD's budget fund.
[2018/1/30 - 16:00:53] Vehicle ID 0 (Slot ID 119) Maintainence fee cost $2,500 to LSPD's budget fund.
[2018/1/30 - 16:00:53] Vehicle ID 285 (Slot ID 122) Maintainence fee cost $2,500 to LSPD's budget fund.
[2018/1/30 - 16:00:53] Vehicle ID 292 (Slot ID 130) Maintainence fee cost $2,500 to LSPD's budget fund.
[2018/1/30 - 16:00:53] Vehicle ID 293 (Slot ID 131) Maintainence fee cost $2,500 to LSPD's budget fund.
[2018/1/30 - 16:00:53] Vehicle ID 295 (Slot ID 133) Maintainence fee cost $2,500 to LSPD's budget fund.
[2018/1/30 - 16:00:53] Vehicle ID 301 (Slot ID 141) Maintainence fee cost $2,500 to LSPD's budget fund.
[2018/1/30 - 16:00:53] Vehicle ID 303 (Slot ID 143) Maintainence fee cost $2,500 to LSPD's budget fund.
[2018/1/30 - 16:00:53] Vehicle ID 305 (Slot ID 145) Maintainence fee cost $2,500 to LSPD's budget fund.
[2018/1/30 - 16:00:53] Vehicle ID 307 (Slot ID 148) Maintainence fee cost $2,500 to LSPD's budget fund.
[2018/1/30 - 16:00:53] Vehicle ID 315 (Slot ID 156) Maintainence fee cost $2,500 to LSPD's budget fund.
[2018/1/30 - 16:00:53] Vehicle ID 320 (Slot ID 161) Maintainence fee cost $2,500 to LSPD's budget fund.
[2018/1/30 - 16:00:53] Vehicle ID 323 (Slot ID 165) Maintainence fee cost $3,500 to LSPD's budget fund.
[2018/1/30 - 16:00:53] Vehicle ID 351 (Slot ID 200) Maintainence fee cost $0 to LSPD's budget fund.
[2018/1/30 - 16:00:53] Vehicle ID 352 (Slot ID 201) Maintainence fee cost $0 to LSPD's budget fund.
[2018/1/30 - 16:00:53] Vehicle ID 354 (Slot ID 204) Maintainence fee cost $2,500 to LSPD's budget fund.
[2018/1/30 - 16:00:53] Vehicle ID 358 (Slot ID 208) Maintainence fee cost $2,500 to LSPD's budget fund.
[2018/1/30 - 16:00:53] Vehicle ID 383 (Slot ID 239) Maintainence fee cost $3,500 to LSPD's budget fund.
[2018/1/30 - 16:00:53] Vehicle ID 384 (Slot ID 241) Maintainence fee cost $0 to LSPD's budget fund.
[2018/1/30 - 16:00:53] Vehicle ID 385 (Slot ID 243) Maintainence fee cost $0 to LSPD's budget fund.
[2018/1/30 - 16:00:53] Vehicle ID 395 (Slot ID 257) Maintainence fee cost $2,000 to LSPD's budget fund.
[2018/1/30 - 16:00:53] Vehicle ID 413 (Slot ID 281) Maintainence fee cost $3,000 to LSPD's budget fund.
[2018/1/30 - 16:00:53] Vehicle ID 417 (Slot ID 294) Maintainence fee cost $2,500 to LSPD's budget fund.
[2018/1/30 - 16:00:53] Vehicle ID 418 (Slot ID 295) Maintainence fee cost $3,500 to LSPD's budget fund.
[2018/1/30 - 16:00:53] Vehicle ID 427 (Slot ID 314) Maintainence fee cost $2,500 to LSPD's budget fund.
[2018/1/30 - 16:00:53] Vehicle ID 0 (Slot ID 328) Maintainence fee cost $2,500 to LSPD's budget fund.
[2018/1/30 - 16:00:53] Vehicle ID 437 (Slot ID 371) Maintainence fee cost $3,500 to LSPD's budget fund.
[2018/1/30 - 16:00:53] Vehicle ID 0 (Slot ID 390) Maintainence fee cost $3,000 to LSPD's budget fund.
[2018/1/30 - 16:00:53] Vehicle ID 0 (Slot ID 402) Maintainence fee cost $2,500 to LSPD's budget fund.
[2018/1/30 - 16:00:53] Vehicle ID 443 (Slot ID 422) Maintainence fee cost $2,000 to LSPD's budget fund.
[2018/1/30 - 16:00:53] Vehicle ID 446 (Slot ID 433) Maintainence fee cost $3,000 to LSPD's budget fund.
[2018/1/30 - 16:00:53] Vehicle ID 457 (Slot ID 574) Maintainence fee cost $2,500 to LSPD's budget fund.
[2018/1/30 - 16:00:53] Vehicle ID 0 (Slot ID 648) Maintainence fee cost $3,500 to LSPD's budget fund.
