[2022/12/17 - 9:00:15] The faction vault is at $398.
[2022/12/17 - 9:00:15] SA Gov Paid $100,000 to Los Santos Police Department budget fund.
[2022/12/17 - 9:00:15] Vehicle ID 0 (Slot ID 3) Maintainence fee cost $2,500 to Los Santos Police Department's budget fund.
[2022/12/17 - 9:00:15] Vehicle ID 0 (Slot ID 7) Maintainence fee cost $2,000 to Los Santos Police Department's budget fund.
[2022/12/17 - 9:00:15] Vehicle ID 0 (Slot ID 11) Maintainence fee cost $2,500 to Los Santos Police Department's budget fund.
[2022/12/17 - 9:00:15] Vehicle ID 256 (Slot ID 21) Maintainence fee cost $0 to Los Santos Police Department's budget fund.
[2022/12/17 - 9:00:15] Vehicle ID 0 (Slot ID 27) Maintainence fee cost $2,500 to Los Santos Police Department's budget fund.
[2022/12/17 - 9:00:15] Vehicle ID 0 (Slot ID 28) Maintainence fee cost $5,000 to Los Santos Police Department's budget fund.
[2022/12/17 - 9:00:15] Vehicle ID 0 (Slot ID 30) Maintainence fee cost $3,500 to Los Santos Police Department's budget fund.
[2022/12/17 - 9:00:15] Vehicle ID 259 (Slot ID 33) Maintainence fee cost $0 to Los Santos Police Department's budget fund.
[2022/12/17 - 9:00:15] Vehicle ID 0 (Slot ID 38) Maintainence fee cost $2,000 to Los Santos Police Department's budget fund.
[2022/12/17 - 9:00:15] Vehicle ID 262 (Slot ID 43) Maintainence fee cost $0 to Los Santos Police Department's budget fund.
[2022/12/17 - 9:00:15] Vehicle ID 0 (Slot ID 46) Maintainence fee cost $2,500 to Los Santos Police Department's budget fund.
[2022/12/17 - 9:00:15] Vehicle ID 0 (Slot ID 51) Maintainence fee cost $3,500 to Los Santos Police Department's budget fund.
[2022/12/17 - 9:00:15] Vehicle ID 0 (Slot ID 60) Maintainence fee cost $2,000 to Los Santos Police Department's budget fund.
[2022/12/17 - 9:00:15] Vehicle ID 0 (Slot ID 61) Maintainence fee cost $3,500 to Los Santos Police Department's budget fund.
[2022/12/17 - 9:00:15] Vehicle ID 0 (Slot ID 66) Maintainence fee cost $2,500 to Los Santos Police Department's budget fund.
[2022/12/17 - 9:00:15] Vehicle ID 0 (Slot ID 72) Maintainence fee cost $3,000 to Los Santos Police Department's budget fund.
[2022/12/17 - 9:00:15] Vehicle ID 0 (Slot ID 74) Maintainence fee cost $2,500 to Los Santos Police Department's budget fund.
[2022/12/17 - 9:00:15] Vehicle ID 0 (Slot ID 79) Maintainence fee cost $4,500 to Los Santos Police Department's budget fund.
[2022/12/17 - 9:00:15] Vehicle ID 0 (Slot ID 81) Maintainence fee cost $3,500 to Los Santos Police Department's budget fund.
[2022/12/17 - 9:00:15] Vehicle ID 0 (Slot ID 83) Maintainence fee cost $2,500 to Los Santos Police Department's budget fund.
[2022/12/17 - 9:00:15] Vehicle ID 0 (Slot ID 89) Maintainence fee cost $3,000 to Los Santos Police Department's budget fund.
[2022/12/17 - 9:00:15] Vehicle ID 0 (Slot ID 94) Maintainence fee cost $2,500 to Los Santos Police Department's budget fund.
[2022/12/17 - 9:00:15] Vehicle ID 0 (Slot ID 119) Maintainence fee cost $2,500 to Los Santos Police Department's budget fund.
[2022/12/17 - 9:00:15] Vehicle ID 0 (Slot ID 122) Maintainence fee cost $2,500 to Los Santos Police Department's budget fund.
[2022/12/17 - 9:00:15] Vehicle ID 0 (Slot ID 130) Maintainence fee cost $2,500 to Los Santos Police Department's budget fund.
[2022/12/17 - 9:00:15] Vehicle ID 0 (Slot ID 131) Maintainence fee cost $2,500 to Los Santos Police Department's budget fund.
[2022/12/17 - 9:00:15] Vehicle ID 0 (Slot ID 133) Maintainence fee cost $2,500 to Los Santos Police Department's budget fund.
[2022/12/17 - 9:00:15] Vehicle ID 0 (Slot ID 141) Maintainence fee cost $2,500 to Los Santos Police Department's budget fund.
[2022/12/17 - 9:00:15] Vehicle ID 0 (Slot ID 143) Maintainence fee cost $2,500 to Los Santos Police Department's budget fund.
[2022/12/17 - 9:00:15] Vehicle ID 0 (Slot ID 145) Maintainence fee cost $2,500 to Los Santos Police Department's budget fund.
[2022/12/17 - 9:00:15] Vehicle ID 0 (Slot ID 148) Maintainence fee cost $2,500 to Los Santos Police Department's budget fund.
[2022/12/17 - 9:00:15] Vehicle ID 0 (Slot ID 156) Maintainence fee cost $2,500 to Los Santos Police Department's budget fund.
[2022/12/17 - 9:00:15] Vehicle ID 0 (Slot ID 161) Maintainence fee cost $2,500 to Los Santos Police Department's budget fund.
[2022/12/17 - 9:00:15] Vehicle ID 0 (Slot ID 165) Maintainence fee cost $3,500 to Los Santos Police Department's budget fund.
[2022/12/17 - 9:00:15] Vehicle ID 308 (Slot ID 179) Maintainence fee cost $0 to Los Santos Police Department's budget fund.
[2022/12/17 - 9:00:15] Vehicle ID 0 (Slot ID 204) Maintainence fee cost $2,500 to Los Santos Police Department's budget fund.
[2022/12/17 - 9:00:15] Vehicle ID 0 (Slot ID 208) Maintainence fee cost $2,500 to Los Santos Police Department's budget fund.
[2022/12/17 - 9:00:15] Vehicle ID 0 (Slot ID 239) Maintainence fee cost $3,500 to Los Santos Police Department's budget fund.
[2022/12/17 - 9:00:15] Vehicle ID 0 (Slot ID 257) Maintainence fee cost $2,000 to Los Santos Police Department's budget fund.
[2022/12/17 - 9:00:15] Vehicle ID 0 (Slot ID 281) Maintainence fee cost $3,000 to Los Santos Police Department's budget fund.
[2022/12/17 - 9:00:15] Vehicle ID 408 (Slot ID 344) Maintainence fee cost $0 to Los Santos Police Department's budget fund.
[2022/12/17 - 9:00:15] Vehicle ID 426 (Slot ID 372) Maintainence fee cost $0 to Los Santos Police Department's budget fund.
[2022/12/17 - 9:00:15] Vehicle ID 0 (Slot ID 400) Maintainence fee cost $0 to Los Santos Police Department's budget fund.
[2022/12/17 - 9:00:15] Vehicle ID 436 (Slot ID 403) Maintainence fee cost $0 to Los Santos Police Department's budget fund.
[2022/12/17 - 9:00:15] Vehicle ID 0 (Slot ID 405) Maintainence fee cost $0 to Los Santos Police Department's budget fund.
[2022/12/17 - 10:00:26] The faction vault is at $398.
[2022/12/17 - 10:00:26] SA Gov Paid $100,000 to Los Santos Police Department budget fund.
[2022/12/17 - 10:00:26] Vehicle ID 0 (Slot ID 3) Maintainence fee cost $2,500 to Los Santos Police Department's budget fund.
[2022/12/17 - 10:00:26] Vehicle ID 0 (Slot ID 7) Maintainence fee cost $2,000 to Los Santos Police Department's budget fund.
[2022/12/17 - 10:00:26] Vehicle ID 0 (Slot ID 11) Maintainence fee cost $2,500 to Los Santos Police Department's budget fund.
[2022/12/17 - 10:00:26] Vehicle ID 243 (Slot ID 21) Maintainence fee cost $0 to Los Santos Police Department's budget fund.
[2022/12/17 - 10:00:26] Vehicle ID 0 (Slot ID 27) Maintainence fee cost $2,500 to Los Santos Police Department's budget fund.
[2022/12/17 - 10:00:26] Vehicle ID 0 (Slot ID 28) Maintainence fee cost $5,000 to Los Santos Police Department's budget fund.
[2022/12/17 - 10:00:26] Vehicle ID 0 (Slot ID 30) Maintainence fee cost $3,500 to Los Santos Police Department's budget fund.
[2022/12/17 - 10:00:26] Vehicle ID 246 (Slot ID 33) Maintainence fee cost $0 to Los Santos Police Department's budget fund.
[2022/12/17 - 10:00:26] Vehicle ID 0 (Slot ID 38) Maintainence fee cost $2,000 to Los Santos Police Department's budget fund.
[2022/12/17 - 10:00:26] Vehicle ID 249 (Slot ID 43) Maintainence fee cost $0 to Los Santos Police Department's budget fund.
[2022/12/17 - 10:00:26] Vehicle ID 0 (Slot ID 46) Maintainence fee cost $2,500 to Los Santos Police Department's budget fund.
[2022/12/17 - 10:00:26] Vehicle ID 0 (Slot ID 51) Maintainence fee cost $3,500 to Los Santos Police Department's budget fund.
[2022/12/17 - 10:00:26] Vehicle ID 0 (Slot ID 60) Maintainence fee cost $2,000 to Los Santos Police Department's budget fund.
[2022/12/17 - 10:00:26] Vehicle ID 0 (Slot ID 61) Maintainence fee cost $3,500 to Los Santos Police Department's budget fund.
[2022/12/17 - 10:00:26] Vehicle ID 0 (Slot ID 66) Maintainence fee cost $2,500 to Los Santos Police Department's budget fund.
[2022/12/17 - 10:00:26] Vehicle ID 0 (Slot ID 72) Maintainence fee cost $3,000 to Los Santos Police Department's budget fund.
[2022/12/17 - 10:00:26] Vehicle ID 0 (Slot ID 74) Maintainence fee cost $2,500 to Los Santos Police Department's budget fund.
[2022/12/17 - 10:00:26] Vehicle ID 0 (Slot ID 79) Maintainence fee cost $4,500 to Los Santos Police Department's budget fund.
[2022/12/17 - 10:00:26] Vehicle ID 0 (Slot ID 81) Maintainence fee cost $3,500 to Los Santos Police Department's budget fund.
[2022/12/17 - 10:00:26] Vehicle ID 0 (Slot ID 83) Maintainence fee cost $2,500 to Los Santos Police Department's budget fund.
[2022/12/17 - 10:00:26] Vehicle ID 0 (Slot ID 89) Maintainence fee cost $3,000 to Los Santos Police Department's budget fund.
[2022/12/17 - 10:00:26] Vehicle ID 0 (Slot ID 94) Maintainence fee cost $2,500 to Los Santos Police Department's budget fund.
[2022/12/17 - 10:00:26] Vehicle ID 0 (Slot ID 119) Maintainence fee cost $2,500 to Los Santos Police Department's budget fund.
[2022/12/17 - 10:00:26] Vehicle ID 0 (Slot ID 122) Maintainence fee cost $2,500 to Los Santos Police Department's budget fund.
[2022/12/17 - 10:00:26] Vehicle ID 0 (Slot ID 130) Maintainence fee cost $2,500 to Los Santos Police Department's budget fund.
[2022/12/17 - 10:00:26] Vehicle ID 0 (Slot ID 131) Maintainence fee cost $2,500 to Los Santos Police Department's budget fund.
[2022/12/17 - 10:00:26] Vehicle ID 0 (Slot ID 133) Maintainence fee cost $2,500 to Los Santos Police Department's budget fund.
[2022/12/17 - 10:00:26] Vehicle ID 0 (Slot ID 141) Maintainence fee cost $2,500 to Los Santos Police Department's budget fund.
[2022/12/17 - 10:00:26] Vehicle ID 0 (Slot ID 143) Maintainence fee cost $2,500 to Los Santos Police Department's budget fund.
[2022/12/17 - 10:00:26] Vehicle ID 0 (Slot ID 145) Maintainence fee cost $2,500 to Los Santos Police Department's budget fund.
[2022/12/17 - 10:00:26] Vehicle ID 0 (Slot ID 148) Maintainence fee cost $2,500 to Los Santos Police Department's budget fund.
[2022/12/17 - 10:00:26] Vehicle ID 0 (Slot ID 156) Maintainence fee cost $2,500 to Los Santos Police Department's budget fund.
[2022/12/17 - 10:00:26] Vehicle ID 0 (Slot ID 161) Maintainence fee cost $2,500 to Los Santos Police Department's budget fund.
[2022/12/17 - 10:00:26] Vehicle ID 0 (Slot ID 165) Maintainence fee cost $3,500 to Los Santos Police Department's budget fund.
[2022/12/17 - 10:00:26] Vehicle ID 295 (Slot ID 179) Maintainence fee cost $0 to Los Santos Police Department's budget fund.
[2022/12/17 - 10:00:26] Vehicle ID 0 (Slot ID 204) Maintainence fee cost $2,500 to Los Santos Police Department's budget fund.
[2022/12/17 - 10:00:26] Vehicle ID 0 (Slot ID 208) Maintainence fee cost $2,500 to Los Santos Police Department's budget fund.
[2022/12/17 - 10:00:26] Vehicle ID 0 (Slot ID 239) Maintainence fee cost $3,500 to Los Santos Police Department's budget fund.
[2022/12/17 - 10:00:26] Vehicle ID 0 (Slot ID 257) Maintainence fee cost $2,000 to Los Santos Police Department's budget fund.
[2022/12/17 - 10:00:26] Vehicle ID 0 (Slot ID 281) Maintainence fee cost $3,000 to Los Santos Police Department's budget fund.
[2022/12/17 - 10:00:26] Vehicle ID 395 (Slot ID 344) Maintainence fee cost $0 to Los Santos Police Department's budget fund.
[2022/12/17 - 10:00:26] Vehicle ID 413 (Slot ID 372) Maintainence fee cost $0 to Los Santos Police Department's budget fund.
[2022/12/17 - 10:00:26] Vehicle ID 0 (Slot ID 400) Maintainence fee cost $0 to Los Santos Police Department's budget fund.
[2022/12/17 - 10:00:26] Vehicle ID 423 (Slot ID 403) Maintainence fee cost $0 to Los Santos Police Department's budget fund.
[2022/12/17 - 10:00:26] Vehicle ID 0 (Slot ID 405) Maintainence fee cost $0 to Los Santos Police Department's budget fund.
[2022/12/17 - 12:01:00] The faction vault is at $398.
[2022/12/17 - 12:01:00] SA Gov Paid $100,000 to Los Santos Police Department budget fund.
[2022/12/17 - 12:01:00] Vehicle ID 0 (Slot ID 3) Maintainence fee cost $2,500 to Los Santos Police Department's budget fund.
[2022/12/17 - 12:01:00] Vehicle ID 0 (Slot ID 7) Maintainence fee cost $2,000 to Los Santos Police Department's budget fund.
[2022/12/17 - 12:01:00] Vehicle ID 0 (Slot ID 11) Maintainence fee cost $2,500 to Los Santos Police Department's budget fund.
[2022/12/17 - 12:01:00] Vehicle ID 243 (Slot ID 21) Maintainence fee cost $0 to Los Santos Police Department's budget fund.
[2022/12/17 - 12:01:00] Vehicle ID 0 (Slot ID 27) Maintainence fee cost $2,500 to Los Santos Police Department's budget fund.
[2022/12/17 - 12:01:00] Vehicle ID 0 (Slot ID 28) Maintainence fee cost $5,000 to Los Santos Police Department's budget fund.
[2022/12/17 - 12:01:00] Vehicle ID 0 (Slot ID 30) Maintainence fee cost $3,500 to Los Santos Police Department's budget fund.
[2022/12/17 - 12:01:00] Vehicle ID 246 (Slot ID 33) Maintainence fee cost $0 to Los Santos Police Department's budget fund.
[2022/12/17 - 12:01:00] Vehicle ID 0 (Slot ID 38) Maintainence fee cost $2,000 to Los Santos Police Department's budget fund.
[2022/12/17 - 12:01:00] Vehicle ID 249 (Slot ID 43) Maintainence fee cost $0 to Los Santos Police Department's budget fund.
[2022/12/17 - 12:01:00] Vehicle ID 0 (Slot ID 46) Maintainence fee cost $2,500 to Los Santos Police Department's budget fund.
[2022/12/17 - 12:01:00] Vehicle ID 0 (Slot ID 51) Maintainence fee cost $3,500 to Los Santos Police Department's budget fund.
[2022/12/17 - 12:01:00] Vehicle ID 0 (Slot ID 60) Maintainence fee cost $2,000 to Los Santos Police Department's budget fund.
[2022/12/17 - 12:01:00] Vehicle ID 0 (Slot ID 61) Maintainence fee cost $3,500 to Los Santos Police Department's budget fund.
[2022/12/17 - 12:01:00] Vehicle ID 0 (Slot ID 66) Maintainence fee cost $2,500 to Los Santos Police Department's budget fund.
[2022/12/17 - 12:01:00] Vehicle ID 0 (Slot ID 72) Maintainence fee cost $3,000 to Los Santos Police Department's budget fund.
[2022/12/17 - 12:01:00] Vehicle ID 0 (Slot ID 74) Maintainence fee cost $2,500 to Los Santos Police Department's budget fund.
[2022/12/17 - 12:01:00] Vehicle ID 0 (Slot ID 79) Maintainence fee cost $4,500 to Los Santos Police Department's budget fund.
[2022/12/17 - 12:01:00] Vehicle ID 0 (Slot ID 81) Maintainence fee cost $3,500 to Los Santos Police Department's budget fund.
[2022/12/17 - 12:01:00] Vehicle ID 0 (Slot ID 83) Maintainence fee cost $2,500 to Los Santos Police Department's budget fund.
[2022/12/17 - 12:01:00] Vehicle ID 0 (Slot ID 89) Maintainence fee cost $3,000 to Los Santos Police Department's budget fund.
[2022/12/17 - 12:01:00] Vehicle ID 0 (Slot ID 94) Maintainence fee cost $2,500 to Los Santos Police Department's budget fund.
[2022/12/17 - 12:01:00] Vehicle ID 0 (Slot ID 119) Maintainence fee cost $2,500 to Los Santos Police Department's budget fund.
[2022/12/17 - 12:01:00] Vehicle ID 0 (Slot ID 122) Maintainence fee cost $2,500 to Los Santos Police Department's budget fund.
[2022/12/17 - 12:01:00] Vehicle ID 0 (Slot ID 130) Maintainence fee cost $2,500 to Los Santos Police Department's budget fund.
[2022/12/17 - 12:01:00] Vehicle ID 0 (Slot ID 131) Maintainence fee cost $2,500 to Los Santos Police Department's budget fund.
[2022/12/17 - 12:01:00] Vehicle ID 0 (Slot ID 133) Maintainence fee cost $2,500 to Los Santos Police Department's budget fund.
[2022/12/17 - 12:01:00] Vehicle ID 0 (Slot ID 141) Maintainence fee cost $2,500 to Los Santos Police Department's budget fund.
[2022/12/17 - 12:01:00] Vehicle ID 0 (Slot ID 143) Maintainence fee cost $2,500 to Los Santos Police Department's budget fund.
[2022/12/17 - 12:01:00] Vehicle ID 0 (Slot ID 145) Maintainence fee cost $2,500 to Los Santos Police Department's budget fund.
[2022/12/17 - 12:01:00] Vehicle ID 0 (Slot ID 148) Maintainence fee cost $2,500 to Los Santos Police Department's budget fund.
[2022/12/17 - 12:01:00] Vehicle ID 0 (Slot ID 156) Maintainence fee cost $2,500 to Los Santos Police Department's budget fund.
[2022/12/17 - 12:01:00] Vehicle ID 0 (Slot ID 161) Maintainence fee cost $2,500 to Los Santos Police Department's budget fund.
[2022/12/17 - 12:01:00] Vehicle ID 0 (Slot ID 165) Maintainence fee cost $3,500 to Los Santos Police Department's budget fund.
[2022/12/17 - 12:01:00] Vehicle ID 295 (Slot ID 179) Maintainence fee cost $0 to Los Santos Police Department's budget fund.
[2022/12/17 - 12:01:00] Vehicle ID 0 (Slot ID 204) Maintainence fee cost $2,500 to Los Santos Police Department's budget fund.
[2022/12/17 - 12:01:00] Vehicle ID 0 (Slot ID 208) Maintainence fee cost $2,500 to Los Santos Police Department's budget fund.
[2022/12/17 - 12:01:00] Vehicle ID 0 (Slot ID 239) Maintainence fee cost $3,500 to Los Santos Police Department's budget fund.
[2022/12/17 - 12:01:00] Vehicle ID 0 (Slot ID 257) Maintainence fee cost $2,000 to Los Santos Police Department's budget fund.
[2022/12/17 - 12:01:00] Vehicle ID 0 (Slot ID 281) Maintainence fee cost $3,000 to Los Santos Police Department's budget fund.
[2022/12/17 - 12:01:00] Vehicle ID 395 (Slot ID 344) Maintainence fee cost $0 to Los Santos Police Department's budget fund.
[2022/12/17 - 12:01:00] Vehicle ID 413 (Slot ID 372) Maintainence fee cost $0 to Los Santos Police Department's budget fund.
[2022/12/17 - 12:01:00] Vehicle ID 0 (Slot ID 400) Maintainence fee cost $0 to Los Santos Police Department's budget fund.
[2022/12/17 - 12:01:00] Vehicle ID 423 (Slot ID 403) Maintainence fee cost $0 to Los Santos Police Department's budget fund.
[2022/12/17 - 12:01:00] Vehicle ID 0 (Slot ID 405) Maintainence fee cost $0 to Los Santos Police Department's budget fund.
[2022/12/17 - 16:00:27] The faction vault is at $398.
[2022/12/17 - 16:00:27] SA Gov Paid $100,000 to Los Santos Police Department budget fund.
[2022/12/17 - 16:00:27] Vehicle ID 0 (Slot ID 3) Maintainence fee cost $2,500 to Los Santos Police Department's budget fund.
[2022/12/17 - 16:00:27] Vehicle ID 0 (Slot ID 7) Maintainence fee cost $2,000 to Los Santos Police Department's budget fund.
[2022/12/17 - 16:00:27] Vehicle ID 0 (Slot ID 11) Maintainence fee cost $2,500 to Los Santos Police Department's budget fund.
[2022/12/17 - 16:00:27] Vehicle ID 243 (Slot ID 21) Maintainence fee cost $0 to Los Santos Police Department's budget fund.
[2022/12/17 - 16:00:27] Vehicle ID 0 (Slot ID 27) Maintainence fee cost $2,500 to Los Santos Police Department's budget fund.
[2022/12/17 - 16:00:27] Vehicle ID 0 (Slot ID 28) Maintainence fee cost $5,000 to Los Santos Police Department's budget fund.
[2022/12/17 - 16:00:27] Vehicle ID 0 (Slot ID 30) Maintainence fee cost $3,500 to Los Santos Police Department's budget fund.
[2022/12/17 - 16:00:27] Vehicle ID 246 (Slot ID 33) Maintainence fee cost $0 to Los Santos Police Department's budget fund.
[2022/12/17 - 16:00:27] Vehicle ID 0 (Slot ID 38) Maintainence fee cost $2,000 to Los Santos Police Department's budget fund.
[2022/12/17 - 16:00:27] Vehicle ID 249 (Slot ID 43) Maintainence fee cost $0 to Los Santos Police Department's budget fund.
[2022/12/17 - 16:00:27] Vehicle ID 0 (Slot ID 46) Maintainence fee cost $2,500 to Los Santos Police Department's budget fund.
[2022/12/17 - 16:00:27] Vehicle ID 0 (Slot ID 51) Maintainence fee cost $3,500 to Los Santos Police Department's budget fund.
[2022/12/17 - 16:00:27] Vehicle ID 0 (Slot ID 60) Maintainence fee cost $2,000 to Los Santos Police Department's budget fund.
[2022/12/17 - 16:00:27] Vehicle ID 0 (Slot ID 61) Maintainence fee cost $3,500 to Los Santos Police Department's budget fund.
[2022/12/17 - 16:00:27] Vehicle ID 0 (Slot ID 66) Maintainence fee cost $2,500 to Los Santos Police Department's budget fund.
[2022/12/17 - 16:00:27] Vehicle ID 0 (Slot ID 72) Maintainence fee cost $3,000 to Los Santos Police Department's budget fund.
[2022/12/17 - 16:00:27] Vehicle ID 0 (Slot ID 74) Maintainence fee cost $2,500 to Los Santos Police Department's budget fund.
[2022/12/17 - 16:00:27] Vehicle ID 0 (Slot ID 79) Maintainence fee cost $4,500 to Los Santos Police Department's budget fund.
[2022/12/17 - 16:00:27] Vehicle ID 0 (Slot ID 81) Maintainence fee cost $3,500 to Los Santos Police Department's budget fund.
[2022/12/17 - 16:00:27] Vehicle ID 0 (Slot ID 83) Maintainence fee cost $2,500 to Los Santos Police Department's budget fund.
[2022/12/17 - 16:00:27] Vehicle ID 0 (Slot ID 89) Maintainence fee cost $3,000 to Los Santos Police Department's budget fund.
[2022/12/17 - 16:00:27] Vehicle ID 0 (Slot ID 94) Maintainence fee cost $2,500 to Los Santos Police Department's budget fund.
[2022/12/17 - 16:00:27] Vehicle ID 0 (Slot ID 119) Maintainence fee cost $2,500 to Los Santos Police Department's budget fund.
[2022/12/17 - 16:00:27] Vehicle ID 0 (Slot ID 122) Maintainence fee cost $2,500 to Los Santos Police Department's budget fund.
[2022/12/17 - 16:00:27] Vehicle ID 0 (Slot ID 130) Maintainence fee cost $2,500 to Los Santos Police Department's budget fund.
[2022/12/17 - 16:00:27] Vehicle ID 0 (Slot ID 131) Maintainence fee cost $2,500 to Los Santos Police Department's budget fund.
[2022/12/17 - 16:00:27] Vehicle ID 0 (Slot ID 133) Maintainence fee cost $2,500 to Los Santos Police Department's budget fund.
[2022/12/17 - 16:00:27] Vehicle ID 0 (Slot ID 141) Maintainence fee cost $2,500 to Los Santos Police Department's budget fund.
[2022/12/17 - 16:00:27] Vehicle ID 0 (Slot ID 143) Maintainence fee cost $2,500 to Los Santos Police Department's budget fund.
[2022/12/17 - 16:00:27] Vehicle ID 0 (Slot ID 145) Maintainence fee cost $2,500 to Los Santos Police Department's budget fund.
[2022/12/17 - 16:00:27] Vehicle ID 0 (Slot ID 148) Maintainence fee cost $2,500 to Los Santos Police Department's budget fund.
[2022/12/17 - 16:00:27] Vehicle ID 0 (Slot ID 156) Maintainence fee cost $2,500 to Los Santos Police Department's budget fund.
[2022/12/17 - 16:00:27] Vehicle ID 0 (Slot ID 161) Maintainence fee cost $2,500 to Los Santos Police Department's budget fund.
[2022/12/17 - 16:00:27] Vehicle ID 0 (Slot ID 165) Maintainence fee cost $3,500 to Los Santos Police Department's budget fund.
[2022/12/17 - 16:00:27] Vehicle ID 295 (Slot ID 179) Maintainence fee cost $0 to Los Santos Police Department's budget fund.
[2022/12/17 - 16:00:27] Vehicle ID 0 (Slot ID 204) Maintainence fee cost $2,500 to Los Santos Police Department's budget fund.
[2022/12/17 - 16:00:27] Vehicle ID 0 (Slot ID 208) Maintainence fee cost $2,500 to Los Santos Police Department's budget fund.
[2022/12/17 - 16:00:27] Vehicle ID 0 (Slot ID 239) Maintainence fee cost $3,500 to Los Santos Police Department's budget fund.
[2022/12/17 - 16:00:27] Vehicle ID 0 (Slot ID 257) Maintainence fee cost $2,000 to Los Santos Police Department's budget fund.
[2022/12/17 - 16:00:27] Vehicle ID 0 (Slot ID 281) Maintainence fee cost $3,000 to Los Santos Police Department's budget fund.
[2022/12/17 - 16:00:27] Vehicle ID 395 (Slot ID 344) Maintainence fee cost $0 to Los Santos Police Department's budget fund.
[2022/12/17 - 16:00:27] Vehicle ID 413 (Slot ID 372) Maintainence fee cost $0 to Los Santos Police Department's budget fund.
[2022/12/17 - 16:00:27] Vehicle ID 0 (Slot ID 400) Maintainence fee cost $0 to Los Santos Police Department's budget fund.
[2022/12/17 - 16:00:27] Vehicle ID 423 (Slot ID 403) Maintainence fee cost $0 to Los Santos Police Department's budget fund.
[2022/12/17 - 16:00:27] Vehicle ID 0 (Slot ID 405) Maintainence fee cost $0 to Los Santos Police Department's budget fund.
[2022/12/17 - 17:00:17] The faction vault is at $398.
[2022/12/17 - 17:00:17] SA Gov Paid $100,000 to Los Santos Police Department budget fund.
[2022/12/17 - 17:00:17] Vehicle ID 0 (Slot ID 3) Maintainence fee cost $2,500 to Los Santos Police Department's budget fund.
[2022/12/17 - 17:00:17] Vehicle ID 0 (Slot ID 7) Maintainence fee cost $2,000 to Los Santos Police Department's budget fund.
[2022/12/17 - 17:00:17] Vehicle ID 0 (Slot ID 11) Maintainence fee cost $2,500 to Los Santos Police Department's budget fund.
[2022/12/17 - 17:00:17] Vehicle ID 243 (Slot ID 21) Maintainence fee cost $0 to Los Santos Police Department's budget fund.
[2022/12/17 - 17:00:17] Vehicle ID 0 (Slot ID 27) Maintainence fee cost $2,500 to Los Santos Police Department's budget fund.
[2022/12/17 - 17:00:17] Vehicle ID 0 (Slot ID 28) Maintainence fee cost $5,000 to Los Santos Police Department's budget fund.
[2022/12/17 - 17:00:17] Vehicle ID 0 (Slot ID 30) Maintainence fee cost $3,500 to Los Santos Police Department's budget fund.
[2022/12/17 - 17:00:17] Vehicle ID 246 (Slot ID 33) Maintainence fee cost $0 to Los Santos Police Department's budget fund.
[2022/12/17 - 17:00:17] Vehicle ID 0 (Slot ID 38) Maintainence fee cost $2,000 to Los Santos Police Department's budget fund.
[2022/12/17 - 17:00:17] Vehicle ID 249 (Slot ID 43) Maintainence fee cost $0 to Los Santos Police Department's budget fund.
[2022/12/17 - 17:00:17] Vehicle ID 0 (Slot ID 46) Maintainence fee cost $2,500 to Los Santos Police Department's budget fund.
[2022/12/17 - 17:00:17] Vehicle ID 0 (Slot ID 51) Maintainence fee cost $3,500 to Los Santos Police Department's budget fund.
[2022/12/17 - 17:00:17] Vehicle ID 0 (Slot ID 60) Maintainence fee cost $2,000 to Los Santos Police Department's budget fund.
[2022/12/17 - 17:00:17] Vehicle ID 0 (Slot ID 61) Maintainence fee cost $3,500 to Los Santos Police Department's budget fund.
[2022/12/17 - 17:00:17] Vehicle ID 0 (Slot ID 66) Maintainence fee cost $2,500 to Los Santos Police Department's budget fund.
[2022/12/17 - 17:00:17] Vehicle ID 0 (Slot ID 72) Maintainence fee cost $3,000 to Los Santos Police Department's budget fund.
[2022/12/17 - 17:00:17] Vehicle ID 0 (Slot ID 74) Maintainence fee cost $2,500 to Los Santos Police Department's budget fund.
[2022/12/17 - 17:00:17] Vehicle ID 0 (Slot ID 79) Maintainence fee cost $4,500 to Los Santos Police Department's budget fund.
[2022/12/17 - 17:00:17] Vehicle ID 0 (Slot ID 81) Maintainence fee cost $3,500 to Los Santos Police Department's budget fund.
[2022/12/17 - 17:00:17] Vehicle ID 0 (Slot ID 83) Maintainence fee cost $2,500 to Los Santos Police Department's budget fund.
[2022/12/17 - 17:00:17] Vehicle ID 0 (Slot ID 89) Maintainence fee cost $3,000 to Los Santos Police Department's budget fund.
[2022/12/17 - 17:00:17] Vehicle ID 0 (Slot ID 94) Maintainence fee cost $2,500 to Los Santos Police Department's budget fund.
[2022/12/17 - 17:00:17] Vehicle ID 0 (Slot ID 119) Maintainence fee cost $2,500 to Los Santos Police Department's budget fund.
[2022/12/17 - 17:00:17] Vehicle ID 0 (Slot ID 122) Maintainence fee cost $2,500 to Los Santos Police Department's budget fund.
[2022/12/17 - 17:00:17] Vehicle ID 0 (Slot ID 130) Maintainence fee cost $2,500 to Los Santos Police Department's budget fund.
[2022/12/17 - 17:00:17] Vehicle ID 0 (Slot ID 131) Maintainence fee cost $2,500 to Los Santos Police Department's budget fund.
[2022/12/17 - 17:00:17] Vehicle ID 0 (Slot ID 133) Maintainence fee cost $2,500 to Los Santos Police Department's budget fund.
[2022/12/17 - 17:00:17] Vehicle ID 0 (Slot ID 141) Maintainence fee cost $2,500 to Los Santos Police Department's budget fund.
[2022/12/17 - 17:00:17] Vehicle ID 0 (Slot ID 143) Maintainence fee cost $2,500 to Los Santos Police Department's budget fund.
[2022/12/17 - 17:00:17] Vehicle ID 0 (Slot ID 145) Maintainence fee cost $2,500 to Los Santos Police Department's budget fund.
[2022/12/17 - 17:00:17] Vehicle ID 0 (Slot ID 148) Maintainence fee cost $2,500 to Los Santos Police Department's budget fund.
[2022/12/17 - 17:00:17] Vehicle ID 0 (Slot ID 156) Maintainence fee cost $2,500 to Los Santos Police Department's budget fund.
[2022/12/17 - 17:00:17] Vehicle ID 0 (Slot ID 161) Maintainence fee cost $2,500 to Los Santos Police Department's budget fund.
[2022/12/17 - 17:00:17] Vehicle ID 0 (Slot ID 165) Maintainence fee cost $3,500 to Los Santos Police Department's budget fund.
[2022/12/17 - 17:00:17] Vehicle ID 295 (Slot ID 179) Maintainence fee cost $0 to Los Santos Police Department's budget fund.
[2022/12/17 - 17:00:17] Vehicle ID 0 (Slot ID 204) Maintainence fee cost $2,500 to Los Santos Police Department's budget fund.
[2022/12/17 - 17:00:17] Vehicle ID 0 (Slot ID 208) Maintainence fee cost $2,500 to Los Santos Police Department's budget fund.
[2022/12/17 - 17:00:17] Vehicle ID 0 (Slot ID 239) Maintainence fee cost $3,500 to Los Santos Police Department's budget fund.
[2022/12/17 - 17:00:17] Vehicle ID 0 (Slot ID 257) Maintainence fee cost $2,000 to Los Santos Police Department's budget fund.
[2022/12/17 - 17:00:17] Vehicle ID 0 (Slot ID 281) Maintainence fee cost $3,000 to Los Santos Police Department's budget fund.
[2022/12/17 - 17:00:17] Vehicle ID 395 (Slot ID 344) Maintainence fee cost $0 to Los Santos Police Department's budget fund.
[2022/12/17 - 17:00:17] Vehicle ID 413 (Slot ID 372) Maintainence fee cost $0 to Los Santos Police Department's budget fund.
[2022/12/17 - 17:00:17] Vehicle ID 0 (Slot ID 400) Maintainence fee cost $0 to Los Santos Police Department's budget fund.
[2022/12/17 - 17:00:17] Vehicle ID 423 (Slot ID 403) Maintainence fee cost $0 to Los Santos Police Department's budget fund.
[2022/12/17 - 17:00:17] Vehicle ID 0 (Slot ID 405) Maintainence fee cost $0 to Los Santos Police Department's budget fund.
[2022/12/17 - 18:00:15] The faction vault is at $398.
[2022/12/17 - 18:00:15] SA Gov Paid $100,000 to Los Santos Police Department budget fund.
[2022/12/17 - 18:00:15] Vehicle ID 0 (Slot ID 3) Maintainence fee cost $2,500 to Los Santos Police Department's budget fund.
[2022/12/17 - 18:00:15] Vehicle ID 0 (Slot ID 7) Maintainence fee cost $2,000 to Los Santos Police Department's budget fund.
[2022/12/17 - 18:00:15] Vehicle ID 0 (Slot ID 11) Maintainence fee cost $2,500 to Los Santos Police Department's budget fund.
[2022/12/17 - 18:00:15] Vehicle ID 243 (Slot ID 21) Maintainence fee cost $0 to Los Santos Police Department's budget fund.
[2022/12/17 - 18:00:15] Vehicle ID 0 (Slot ID 27) Maintainence fee cost $2,500 to Los Santos Police Department's budget fund.
[2022/12/17 - 18:00:15] Vehicle ID 0 (Slot ID 28) Maintainence fee cost $5,000 to Los Santos Police Department's budget fund.
[2022/12/17 - 18:00:15] Vehicle ID 0 (Slot ID 30) Maintainence fee cost $3,500 to Los Santos Police Department's budget fund.
[2022/12/17 - 18:00:15] Vehicle ID 246 (Slot ID 33) Maintainence fee cost $0 to Los Santos Police Department's budget fund.
[2022/12/17 - 18:00:15] Vehicle ID 0 (Slot ID 38) Maintainence fee cost $2,000 to Los Santos Police Department's budget fund.
[2022/12/17 - 18:00:15] Vehicle ID 249 (Slot ID 43) Maintainence fee cost $0 to Los Santos Police Department's budget fund.
[2022/12/17 - 18:00:15] Vehicle ID 0 (Slot ID 46) Maintainence fee cost $2,500 to Los Santos Police Department's budget fund.
[2022/12/17 - 18:00:15] Vehicle ID 0 (Slot ID 51) Maintainence fee cost $3,500 to Los Santos Police Department's budget fund.
[2022/12/17 - 18:00:15] Vehicle ID 0 (Slot ID 60) Maintainence fee cost $2,000 to Los Santos Police Department's budget fund.
[2022/12/17 - 18:00:15] Vehicle ID 0 (Slot ID 61) Maintainence fee cost $3,500 to Los Santos Police Department's budget fund.
[2022/12/17 - 18:00:15] Vehicle ID 0 (Slot ID 66) Maintainence fee cost $2,500 to Los Santos Police Department's budget fund.
[2022/12/17 - 18:00:15] Vehicle ID 0 (Slot ID 72) Maintainence fee cost $3,000 to Los Santos Police Department's budget fund.
[2022/12/17 - 18:00:15] Vehicle ID 0 (Slot ID 74) Maintainence fee cost $2,500 to Los Santos Police Department's budget fund.
[2022/12/17 - 18:00:15] Vehicle ID 0 (Slot ID 79) Maintainence fee cost $4,500 to Los Santos Police Department's budget fund.
[2022/12/17 - 18:00:15] Vehicle ID 0 (Slot ID 81) Maintainence fee cost $3,500 to Los Santos Police Department's budget fund.
[2022/12/17 - 18:00:15] Vehicle ID 0 (Slot ID 83) Maintainence fee cost $2,500 to Los Santos Police Department's budget fund.
[2022/12/17 - 18:00:15] Vehicle ID 0 (Slot ID 89) Maintainence fee cost $3,000 to Los Santos Police Department's budget fund.
[2022/12/17 - 18:00:15] Vehicle ID 0 (Slot ID 94) Maintainence fee cost $2,500 to Los Santos Police Department's budget fund.
[2022/12/17 - 18:00:15] Vehicle ID 0 (Slot ID 119) Maintainence fee cost $2,500 to Los Santos Police Department's budget fund.
[2022/12/17 - 18:00:15] Vehicle ID 0 (Slot ID 122) Maintainence fee cost $2,500 to Los Santos Police Department's budget fund.
[2022/12/17 - 18:00:15] Vehicle ID 0 (Slot ID 130) Maintainence fee cost $2,500 to Los Santos Police Department's budget fund.
[2022/12/17 - 18:00:15] Vehicle ID 0 (Slot ID 131) Maintainence fee cost $2,500 to Los Santos Police Department's budget fund.
[2022/12/17 - 18:00:15] Vehicle ID 0 (Slot ID 133) Maintainence fee cost $2,500 to Los Santos Police Department's budget fund.
[2022/12/17 - 18:00:15] Vehicle ID 0 (Slot ID 141) Maintainence fee cost $2,500 to Los Santos Police Department's budget fund.
[2022/12/17 - 18:00:15] Vehicle ID 0 (Slot ID 143) Maintainence fee cost $2,500 to Los Santos Police Department's budget fund.
[2022/12/17 - 18:00:15] Vehicle ID 0 (Slot ID 145) Maintainence fee cost $2,500 to Los Santos Police Department's budget fund.
[2022/12/17 - 18:00:15] Vehicle ID 0 (Slot ID 148) Maintainence fee cost $2,500 to Los Santos Police Department's budget fund.
[2022/12/17 - 18:00:15] Vehicle ID 0 (Slot ID 156) Maintainence fee cost $2,500 to Los Santos Police Department's budget fund.
[2022/12/17 - 18:00:15] Vehicle ID 0 (Slot ID 161) Maintainence fee cost $2,500 to Los Santos Police Department's budget fund.
[2022/12/17 - 18:00:15] Vehicle ID 0 (Slot ID 165) Maintainence fee cost $3,500 to Los Santos Police Department's budget fund.
[2022/12/17 - 18:00:15] Vehicle ID 295 (Slot ID 179) Maintainence fee cost $0 to Los Santos Police Department's budget fund.
[2022/12/17 - 18:00:15] Vehicle ID 0 (Slot ID 204) Maintainence fee cost $2,500 to Los Santos Police Department's budget fund.
[2022/12/17 - 18:00:15] Vehicle ID 0 (Slot ID 208) Maintainence fee cost $2,500 to Los Santos Police Department's budget fund.
[2022/12/17 - 18:00:15] Vehicle ID 0 (Slot ID 239) Maintainence fee cost $3,500 to Los Santos Police Department's budget fund.
[2022/12/17 - 18:00:15] Vehicle ID 0 (Slot ID 257) Maintainence fee cost $2,000 to Los Santos Police Department's budget fund.
[2022/12/17 - 18:00:15] Vehicle ID 0 (Slot ID 281) Maintainence fee cost $3,000 to Los Santos Police Department's budget fund.
[2022/12/17 - 18:00:15] Vehicle ID 395 (Slot ID 344) Maintainence fee cost $0 to Los Santos Police Department's budget fund.
[2022/12/17 - 18:00:15] Vehicle ID 413 (Slot ID 372) Maintainence fee cost $0 to Los Santos Police Department's budget fund.
[2022/12/17 - 18:00:15] Vehicle ID 0 (Slot ID 400) Maintainence fee cost $0 to Los Santos Police Department's budget fund.
[2022/12/17 - 18:00:15] Vehicle ID 423 (Slot ID 403) Maintainence fee cost $0 to Los Santos Police Department's budget fund.
[2022/12/17 - 18:00:15] Vehicle ID 0 (Slot ID 405) Maintainence fee cost $0 to Los Santos Police Department's budget fund.
[2022/12/17 - 19:00:48] The faction vault is at $398.
[2022/12/17 - 19:00:48] SA Gov Paid $100,000 to Los Santos Police Department budget fund.
[2022/12/17 - 19:00:48] Vehicle ID 0 (Slot ID 3) Maintainence fee cost $2,500 to Los Santos Police Department's budget fund.
[2022/12/17 - 19:00:48] Vehicle ID 0 (Slot ID 7) Maintainence fee cost $2,000 to Los Santos Police Department's budget fund.
[2022/12/17 - 19:00:48] Vehicle ID 0 (Slot ID 11) Maintainence fee cost $2,500 to Los Santos Police Department's budget fund.
[2022/12/17 - 19:00:48] Vehicle ID 243 (Slot ID 21) Maintainence fee cost $0 to Los Santos Police Department's budget fund.
[2022/12/17 - 19:00:48] Vehicle ID 0 (Slot ID 27) Maintainence fee cost $2,500 to Los Santos Police Department's budget fund.
[2022/12/17 - 19:00:48] Vehicle ID 0 (Slot ID 28) Maintainence fee cost $5,000 to Los Santos Police Department's budget fund.
[2022/12/17 - 19:00:48] Vehicle ID 0 (Slot ID 30) Maintainence fee cost $3,500 to Los Santos Police Department's budget fund.
[2022/12/17 - 19:00:48] Vehicle ID 246 (Slot ID 33) Maintainence fee cost $0 to Los Santos Police Department's budget fund.
[2022/12/17 - 19:00:48] Vehicle ID 0 (Slot ID 38) Maintainence fee cost $2,000 to Los Santos Police Department's budget fund.
[2022/12/17 - 19:00:48] Vehicle ID 249 (Slot ID 43) Maintainence fee cost $0 to Los Santos Police Department's budget fund.
[2022/12/17 - 19:00:48] Vehicle ID 0 (Slot ID 46) Maintainence fee cost $2,500 to Los Santos Police Department's budget fund.
[2022/12/17 - 19:00:48] Vehicle ID 0 (Slot ID 51) Maintainence fee cost $3,500 to Los Santos Police Department's budget fund.
[2022/12/17 - 19:00:48] Vehicle ID 0 (Slot ID 60) Maintainence fee cost $2,000 to Los Santos Police Department's budget fund.
[2022/12/17 - 19:00:48] Vehicle ID 0 (Slot ID 61) Maintainence fee cost $3,500 to Los Santos Police Department's budget fund.
[2022/12/17 - 19:00:48] Vehicle ID 0 (Slot ID 66) Maintainence fee cost $2,500 to Los Santos Police Department's budget fund.
[2022/12/17 - 19:00:48] Vehicle ID 0 (Slot ID 72) Maintainence fee cost $3,000 to Los Santos Police Department's budget fund.
[2022/12/17 - 19:00:48] Vehicle ID 0 (Slot ID 74) Maintainence fee cost $2,500 to Los Santos Police Department's budget fund.
[2022/12/17 - 19:00:48] Vehicle ID 0 (Slot ID 79) Maintainence fee cost $4,500 to Los Santos Police Department's budget fund.
[2022/12/17 - 19:00:48] Vehicle ID 0 (Slot ID 81) Maintainence fee cost $3,500 to Los Santos Police Department's budget fund.
[2022/12/17 - 19:00:48] Vehicle ID 0 (Slot ID 83) Maintainence fee cost $2,500 to Los Santos Police Department's budget fund.
[2022/12/17 - 19:00:48] Vehicle ID 0 (Slot ID 89) Maintainence fee cost $3,000 to Los Santos Police Department's budget fund.
[2022/12/17 - 19:00:48] Vehicle ID 0 (Slot ID 94) Maintainence fee cost $2,500 to Los Santos Police Department's budget fund.
[2022/12/17 - 19:00:48] Vehicle ID 0 (Slot ID 119) Maintainence fee cost $2,500 to Los Santos Police Department's budget fund.
[2022/12/17 - 19:00:48] Vehicle ID 0 (Slot ID 122) Maintainence fee cost $2,500 to Los Santos Police Department's budget fund.
[2022/12/17 - 19:00:48] Vehicle ID 0 (Slot ID 130) Maintainence fee cost $2,500 to Los Santos Police Department's budget fund.
[2022/12/17 - 19:00:48] Vehicle ID 0 (Slot ID 131) Maintainence fee cost $2,500 to Los Santos Police Department's budget fund.
[2022/12/17 - 19:00:48] Vehicle ID 0 (Slot ID 133) Maintainence fee cost $2,500 to Los Santos Police Department's budget fund.
[2022/12/17 - 19:00:48] Vehicle ID 0 (Slot ID 141) Maintainence fee cost $2,500 to Los Santos Police Department's budget fund.
[2022/12/17 - 19:00:48] Vehicle ID 0 (Slot ID 143) Maintainence fee cost $2,500 to Los Santos Police Department's budget fund.
[2022/12/17 - 19:00:48] Vehicle ID 0 (Slot ID 145) Maintainence fee cost $2,500 to Los Santos Police Department's budget fund.
[2022/12/17 - 19:00:48] Vehicle ID 0 (Slot ID 148) Maintainence fee cost $2,500 to Los Santos Police Department's budget fund.
[2022/12/17 - 19:00:48] Vehicle ID 0 (Slot ID 156) Maintainence fee cost $2,500 to Los Santos Police Department's budget fund.
[2022/12/17 - 19:00:48] Vehicle ID 0 (Slot ID 161) Maintainence fee cost $2,500 to Los Santos Police Department's budget fund.
[2022/12/17 - 19:00:48] Vehicle ID 0 (Slot ID 165) Maintainence fee cost $3,500 to Los Santos Police Department's budget fund.
[2022/12/17 - 19:00:48] Vehicle ID 295 (Slot ID 179) Maintainence fee cost $0 to Los Santos Police Department's budget fund.
[2022/12/17 - 19:00:48] Vehicle ID 0 (Slot ID 204) Maintainence fee cost $2,500 to Los Santos Police Department's budget fund.
[2022/12/17 - 19:00:48] Vehicle ID 0 (Slot ID 208) Maintainence fee cost $2,500 to Los Santos Police Department's budget fund.
[2022/12/17 - 19:00:48] Vehicle ID 0 (Slot ID 239) Maintainence fee cost $3,500 to Los Santos Police Department's budget fund.
[2022/12/17 - 19:00:48] Vehicle ID 0 (Slot ID 257) Maintainence fee cost $2,000 to Los Santos Police Department's budget fund.
[2022/12/17 - 19:00:48] Vehicle ID 0 (Slot ID 281) Maintainence fee cost $3,000 to Los Santos Police Department's budget fund.
[2022/12/17 - 19:00:48] Vehicle ID 395 (Slot ID 344) Maintainence fee cost $0 to Los Santos Police Department's budget fund.
[2022/12/17 - 19:00:48] Vehicle ID 413 (Slot ID 372) Maintainence fee cost $0 to Los Santos Police Department's budget fund.
[2022/12/17 - 19:00:48] Vehicle ID 0 (Slot ID 400) Maintainence fee cost $0 to Los Santos Police Department's budget fund.
[2022/12/17 - 19:00:48] Vehicle ID 423 (Slot ID 403) Maintainence fee cost $0 to Los Santos Police Department's budget fund.
[2022/12/17 - 19:00:48] Vehicle ID 0 (Slot ID 405) Maintainence fee cost $0 to Los Santos Police Department's budget fund.
[2022/12/17 - 20:01:02] The faction vault is at $398.
[2022/12/17 - 20:01:02] SA Gov Paid $100,000 to Los Santos Police Department budget fund.
[2022/12/17 - 20:01:02] Vehicle ID 0 (Slot ID 3) Maintainence fee cost $2,500 to Los Santos Police Department's budget fund.
[2022/12/17 - 20:01:02] Vehicle ID 0 (Slot ID 7) Maintainence fee cost $2,000 to Los Santos Police Department's budget fund.
[2022/12/17 - 20:01:02] Vehicle ID 0 (Slot ID 11) Maintainence fee cost $2,500 to Los Santos Police Department's budget fund.
[2022/12/17 - 20:01:02] Vehicle ID 243 (Slot ID 21) Maintainence fee cost $0 to Los Santos Police Department's budget fund.
[2022/12/17 - 20:01:02] Vehicle ID 0 (Slot ID 27) Maintainence fee cost $2,500 to Los Santos Police Department's budget fund.
[2022/12/17 - 20:01:02] Vehicle ID 0 (Slot ID 28) Maintainence fee cost $5,000 to Los Santos Police Department's budget fund.
[2022/12/17 - 20:01:02] Vehicle ID 0 (Slot ID 30) Maintainence fee cost $3,500 to Los Santos Police Department's budget fund.
[2022/12/17 - 20:01:02] Vehicle ID 246 (Slot ID 33) Maintainence fee cost $0 to Los Santos Police Department's budget fund.
[2022/12/17 - 20:01:02] Vehicle ID 0 (Slot ID 38) Maintainence fee cost $2,000 to Los Santos Police Department's budget fund.
[2022/12/17 - 20:01:02] Vehicle ID 249 (Slot ID 43) Maintainence fee cost $0 to Los Santos Police Department's budget fund.
[2022/12/17 - 20:01:02] Vehicle ID 0 (Slot ID 46) Maintainence fee cost $2,500 to Los Santos Police Department's budget fund.
[2022/12/17 - 20:01:02] Vehicle ID 0 (Slot ID 51) Maintainence fee cost $3,500 to Los Santos Police Department's budget fund.
[2022/12/17 - 20:01:02] Vehicle ID 0 (Slot ID 60) Maintainence fee cost $2,000 to Los Santos Police Department's budget fund.
[2022/12/17 - 20:01:02] Vehicle ID 0 (Slot ID 61) Maintainence fee cost $3,500 to Los Santos Police Department's budget fund.
[2022/12/17 - 20:01:02] Vehicle ID 0 (Slot ID 66) Maintainence fee cost $2,500 to Los Santos Police Department's budget fund.
[2022/12/17 - 20:01:02] Vehicle ID 0 (Slot ID 72) Maintainence fee cost $3,000 to Los Santos Police Department's budget fund.
[2022/12/17 - 20:01:02] Vehicle ID 0 (Slot ID 74) Maintainence fee cost $2,500 to Los Santos Police Department's budget fund.
[2022/12/17 - 20:01:02] Vehicle ID 0 (Slot ID 79) Maintainence fee cost $4,500 to Los Santos Police Department's budget fund.
[2022/12/17 - 20:01:02] Vehicle ID 0 (Slot ID 81) Maintainence fee cost $3,500 to Los Santos Police Department's budget fund.
[2022/12/17 - 20:01:02] Vehicle ID 0 (Slot ID 83) Maintainence fee cost $2,500 to Los Santos Police Department's budget fund.
[2022/12/17 - 20:01:02] Vehicle ID 0 (Slot ID 89) Maintainence fee cost $3,000 to Los Santos Police Department's budget fund.
[2022/12/17 - 20:01:02] Vehicle ID 0 (Slot ID 94) Maintainence fee cost $2,500 to Los Santos Police Department's budget fund.
[2022/12/17 - 20:01:02] Vehicle ID 0 (Slot ID 119) Maintainence fee cost $2,500 to Los Santos Police Department's budget fund.
[2022/12/17 - 20:01:02] Vehicle ID 0 (Slot ID 122) Maintainence fee cost $2,500 to Los Santos Police Department's budget fund.
[2022/12/17 - 20:01:02] Vehicle ID 0 (Slot ID 130) Maintainence fee cost $2,500 to Los Santos Police Department's budget fund.
[2022/12/17 - 20:01:02] Vehicle ID 0 (Slot ID 131) Maintainence fee cost $2,500 to Los Santos Police Department's budget fund.
[2022/12/17 - 20:01:02] Vehicle ID 0 (Slot ID 133) Maintainence fee cost $2,500 to Los Santos Police Department's budget fund.
[2022/12/17 - 20:01:02] Vehicle ID 0 (Slot ID 141) Maintainence fee cost $2,500 to Los Santos Police Department's budget fund.
[2022/12/17 - 20:01:02] Vehicle ID 0 (Slot ID 143) Maintainence fee cost $2,500 to Los Santos Police Department's budget fund.
[2022/12/17 - 20:01:02] Vehicle ID 0 (Slot ID 145) Maintainence fee cost $2,500 to Los Santos Police Department's budget fund.
[2022/12/17 - 20:01:02] Vehicle ID 0 (Slot ID 148) Maintainence fee cost $2,500 to Los Santos Police Department's budget fund.
[2022/12/17 - 20:01:02] Vehicle ID 0 (Slot ID 156) Maintainence fee cost $2,500 to Los Santos Police Department's budget fund.
[2022/12/17 - 20:01:02] Vehicle ID 0 (Slot ID 161) Maintainence fee cost $2,500 to Los Santos Police Department's budget fund.
[2022/12/17 - 20:01:02] Vehicle ID 0 (Slot ID 165) Maintainence fee cost $3,500 to Los Santos Police Department's budget fund.
[2022/12/17 - 20:01:02] Vehicle ID 295 (Slot ID 179) Maintainence fee cost $0 to Los Santos Police Department's budget fund.
[2022/12/17 - 20:01:02] Vehicle ID 0 (Slot ID 204) Maintainence fee cost $2,500 to Los Santos Police Department's budget fund.
[2022/12/17 - 20:01:02] Vehicle ID 0 (Slot ID 208) Maintainence fee cost $2,500 to Los Santos Police Department's budget fund.
[2022/12/17 - 20:01:02] Vehicle ID 0 (Slot ID 239) Maintainence fee cost $3,500 to Los Santos Police Department's budget fund.
[2022/12/17 - 20:01:02] Vehicle ID 0 (Slot ID 257) Maintainence fee cost $2,000 to Los Santos Police Department's budget fund.
[2022/12/17 - 20:01:02] Vehicle ID 0 (Slot ID 281) Maintainence fee cost $3,000 to Los Santos Police Department's budget fund.
[2022/12/17 - 20:01:02] Vehicle ID 395 (Slot ID 344) Maintainence fee cost $0 to Los Santos Police Department's budget fund.
[2022/12/17 - 20:01:02] Vehicle ID 413 (Slot ID 372) Maintainence fee cost $0 to Los Santos Police Department's budget fund.
[2022/12/17 - 20:01:02] Vehicle ID 0 (Slot ID 400) Maintainence fee cost $0 to Los Santos Police Department's budget fund.
[2022/12/17 - 20:01:02] Vehicle ID 423 (Slot ID 403) Maintainence fee cost $0 to Los Santos Police Department's budget fund.
[2022/12/17 - 20:01:02] Vehicle ID 0 (Slot ID 405) Maintainence fee cost $0 to Los Santos Police Department's budget fund.
[2022/12/17 - 21:00:18] The faction vault is at $398.
[2022/12/17 - 21:00:18] SA Gov Paid $100,000 to Los Santos Police Department budget fund.
[2022/12/17 - 21:00:18] Vehicle ID 0 (Slot ID 3) Maintainence fee cost $2,500 to Los Santos Police Department's budget fund.
[2022/12/17 - 21:00:18] Vehicle ID 0 (Slot ID 7) Maintainence fee cost $2,000 to Los Santos Police Department's budget fund.
[2022/12/17 - 21:00:18] Vehicle ID 0 (Slot ID 11) Maintainence fee cost $2,500 to Los Santos Police Department's budget fund.
[2022/12/17 - 21:00:18] Vehicle ID 243 (Slot ID 21) Maintainence fee cost $0 to Los Santos Police Department's budget fund.
[2022/12/17 - 21:00:18] Vehicle ID 0 (Slot ID 27) Maintainence fee cost $2,500 to Los Santos Police Department's budget fund.
[2022/12/17 - 21:00:18] Vehicle ID 0 (Slot ID 28) Maintainence fee cost $5,000 to Los Santos Police Department's budget fund.
[2022/12/17 - 21:00:18] Vehicle ID 0 (Slot ID 30) Maintainence fee cost $3,500 to Los Santos Police Department's budget fund.
[2022/12/17 - 21:00:18] Vehicle ID 246 (Slot ID 33) Maintainence fee cost $0 to Los Santos Police Department's budget fund.
[2022/12/17 - 21:00:18] Vehicle ID 0 (Slot ID 38) Maintainence fee cost $2,000 to Los Santos Police Department's budget fund.
[2022/12/17 - 21:00:18] Vehicle ID 249 (Slot ID 43) Maintainence fee cost $0 to Los Santos Police Department's budget fund.
[2022/12/17 - 21:00:18] Vehicle ID 0 (Slot ID 46) Maintainence fee cost $2,500 to Los Santos Police Department's budget fund.
[2022/12/17 - 21:00:18] Vehicle ID 0 (Slot ID 51) Maintainence fee cost $3,500 to Los Santos Police Department's budget fund.
[2022/12/17 - 21:00:18] Vehicle ID 0 (Slot ID 60) Maintainence fee cost $2,000 to Los Santos Police Department's budget fund.
[2022/12/17 - 21:00:18] Vehicle ID 0 (Slot ID 61) Maintainence fee cost $3,500 to Los Santos Police Department's budget fund.
[2022/12/17 - 21:00:18] Vehicle ID 0 (Slot ID 66) Maintainence fee cost $2,500 to Los Santos Police Department's budget fund.
[2022/12/17 - 21:00:18] Vehicle ID 0 (Slot ID 72) Maintainence fee cost $3,000 to Los Santos Police Department's budget fund.
[2022/12/17 - 21:00:18] Vehicle ID 0 (Slot ID 74) Maintainence fee cost $2,500 to Los Santos Police Department's budget fund.
[2022/12/17 - 21:00:18] Vehicle ID 0 (Slot ID 79) Maintainence fee cost $4,500 to Los Santos Police Department's budget fund.
[2022/12/17 - 21:00:18] Vehicle ID 0 (Slot ID 81) Maintainence fee cost $3,500 to Los Santos Police Department's budget fund.
[2022/12/17 - 21:00:18] Vehicle ID 0 (Slot ID 83) Maintainence fee cost $2,500 to Los Santos Police Department's budget fund.
[2022/12/17 - 21:00:18] Vehicle ID 0 (Slot ID 89) Maintainence fee cost $3,000 to Los Santos Police Department's budget fund.
[2022/12/17 - 21:00:18] Vehicle ID 0 (Slot ID 94) Maintainence fee cost $2,500 to Los Santos Police Department's budget fund.
[2022/12/17 - 21:00:18] Vehicle ID 0 (Slot ID 119) Maintainence fee cost $2,500 to Los Santos Police Department's budget fund.
[2022/12/17 - 21:00:18] Vehicle ID 0 (Slot ID 122) Maintainence fee cost $2,500 to Los Santos Police Department's budget fund.
[2022/12/17 - 21:00:18] Vehicle ID 0 (Slot ID 130) Maintainence fee cost $2,500 to Los Santos Police Department's budget fund.
[2022/12/17 - 21:00:18] Vehicle ID 0 (Slot ID 131) Maintainence fee cost $2,500 to Los Santos Police Department's budget fund.
[2022/12/17 - 21:00:18] Vehicle ID 0 (Slot ID 133) Maintainence fee cost $2,500 to Los Santos Police Department's budget fund.
[2022/12/17 - 21:00:18] Vehicle ID 0 (Slot ID 141) Maintainence fee cost $2,500 to Los Santos Police Department's budget fund.
[2022/12/17 - 21:00:18] Vehicle ID 0 (Slot ID 143) Maintainence fee cost $2,500 to Los Santos Police Department's budget fund.
[2022/12/17 - 21:00:18] Vehicle ID 0 (Slot ID 145) Maintainence fee cost $2,500 to Los Santos Police Department's budget fund.
[2022/12/17 - 21:00:18] Vehicle ID 0 (Slot ID 148) Maintainence fee cost $2,500 to Los Santos Police Department's budget fund.
[2022/12/17 - 21:00:18] Vehicle ID 0 (Slot ID 156) Maintainence fee cost $2,500 to Los Santos Police Department's budget fund.
[2022/12/17 - 21:00:18] Vehicle ID 0 (Slot ID 161) Maintainence fee cost $2,500 to Los Santos Police Department's budget fund.
[2022/12/17 - 21:00:18] Vehicle ID 0 (Slot ID 165) Maintainence fee cost $3,500 to Los Santos Police Department's budget fund.
[2022/12/17 - 21:00:18] Vehicle ID 295 (Slot ID 179) Maintainence fee cost $0 to Los Santos Police Department's budget fund.
[2022/12/17 - 21:00:18] Vehicle ID 0 (Slot ID 204) Maintainence fee cost $2,500 to Los Santos Police Department's budget fund.
[2022/12/17 - 21:00:18] Vehicle ID 0 (Slot ID 208) Maintainence fee cost $2,500 to Los Santos Police Department's budget fund.
[2022/12/17 - 21:00:18] Vehicle ID 0 (Slot ID 239) Maintainence fee cost $3,500 to Los Santos Police Department's budget fund.
[2022/12/17 - 21:00:18] Vehicle ID 0 (Slot ID 257) Maintainence fee cost $2,000 to Los Santos Police Department's budget fund.
[2022/12/17 - 21:00:18] Vehicle ID 0 (Slot ID 281) Maintainence fee cost $3,000 to Los Santos Police Department's budget fund.
[2022/12/17 - 21:00:18] Vehicle ID 395 (Slot ID 344) Maintainence fee cost $0 to Los Santos Police Department's budget fund.
[2022/12/17 - 21:00:18] Vehicle ID 413 (Slot ID 372) Maintainence fee cost $0 to Los Santos Police Department's budget fund.
[2022/12/17 - 21:00:18] Vehicle ID 0 (Slot ID 400) Maintainence fee cost $0 to Los Santos Police Department's budget fund.
[2022/12/17 - 21:00:18] Vehicle ID 423 (Slot ID 403) Maintainence fee cost $0 to Los Santos Police Department's budget fund.
[2022/12/17 - 21:00:18] Vehicle ID 0 (Slot ID 405) Maintainence fee cost $0 to Los Santos Police Department's budget fund.
[2022/12/17 - 23:00:18] The faction vault is at $398.
[2022/12/17 - 23:00:18] SA Gov Paid $100,000 to Los Santos Police Department budget fund.
[2022/12/17 - 23:00:18] Vehicle ID 0 (Slot ID 3) Maintainence fee cost $2,500 to Los Santos Police Department's budget fund.
[2022/12/17 - 23:00:18] Vehicle ID 0 (Slot ID 7) Maintainence fee cost $2,000 to Los Santos Police Department's budget fund.
[2022/12/17 - 23:00:18] Vehicle ID 0 (Slot ID 11) Maintainence fee cost $2,500 to Los Santos Police Department's budget fund.
[2022/12/17 - 23:00:18] Vehicle ID 243 (Slot ID 21) Maintainence fee cost $0 to Los Santos Police Department's budget fund.
[2022/12/17 - 23:00:18] Vehicle ID 0 (Slot ID 27) Maintainence fee cost $2,500 to Los Santos Police Department's budget fund.
[2022/12/17 - 23:00:18] Vehicle ID 0 (Slot ID 28) Maintainence fee cost $5,000 to Los Santos Police Department's budget fund.
[2022/12/17 - 23:00:18] Vehicle ID 0 (Slot ID 30) Maintainence fee cost $3,500 to Los Santos Police Department's budget fund.
[2022/12/17 - 23:00:18] Vehicle ID 246 (Slot ID 33) Maintainence fee cost $0 to Los Santos Police Department's budget fund.
[2022/12/17 - 23:00:18] Vehicle ID 0 (Slot ID 38) Maintainence fee cost $2,000 to Los Santos Police Department's budget fund.
[2022/12/17 - 23:00:18] Vehicle ID 249 (Slot ID 43) Maintainence fee cost $0 to Los Santos Police Department's budget fund.
[2022/12/17 - 23:00:18] Vehicle ID 0 (Slot ID 46) Maintainence fee cost $2,500 to Los Santos Police Department's budget fund.
[2022/12/17 - 23:00:18] Vehicle ID 0 (Slot ID 51) Maintainence fee cost $3,500 to Los Santos Police Department's budget fund.
[2022/12/17 - 23:00:18] Vehicle ID 0 (Slot ID 60) Maintainence fee cost $2,000 to Los Santos Police Department's budget fund.
[2022/12/17 - 23:00:18] Vehicle ID 0 (Slot ID 61) Maintainence fee cost $3,500 to Los Santos Police Department's budget fund.
[2022/12/17 - 23:00:18] Vehicle ID 0 (Slot ID 66) Maintainence fee cost $2,500 to Los Santos Police Department's budget fund.
[2022/12/17 - 23:00:18] Vehicle ID 0 (Slot ID 72) Maintainence fee cost $3,000 to Los Santos Police Department's budget fund.
[2022/12/17 - 23:00:18] Vehicle ID 0 (Slot ID 74) Maintainence fee cost $2,500 to Los Santos Police Department's budget fund.
[2022/12/17 - 23:00:18] Vehicle ID 0 (Slot ID 79) Maintainence fee cost $4,500 to Los Santos Police Department's budget fund.
[2022/12/17 - 23:00:18] Vehicle ID 0 (Slot ID 81) Maintainence fee cost $3,500 to Los Santos Police Department's budget fund.
[2022/12/17 - 23:00:18] Vehicle ID 0 (Slot ID 83) Maintainence fee cost $2,500 to Los Santos Police Department's budget fund.
[2022/12/17 - 23:00:18] Vehicle ID 0 (Slot ID 89) Maintainence fee cost $3,000 to Los Santos Police Department's budget fund.
[2022/12/17 - 23:00:18] Vehicle ID 0 (Slot ID 94) Maintainence fee cost $2,500 to Los Santos Police Department's budget fund.
[2022/12/17 - 23:00:18] Vehicle ID 0 (Slot ID 119) Maintainence fee cost $2,500 to Los Santos Police Department's budget fund.
[2022/12/17 - 23:00:18] Vehicle ID 0 (Slot ID 122) Maintainence fee cost $2,500 to Los Santos Police Department's budget fund.
[2022/12/17 - 23:00:18] Vehicle ID 0 (Slot ID 130) Maintainence fee cost $2,500 to Los Santos Police Department's budget fund.
[2022/12/17 - 23:00:18] Vehicle ID 0 (Slot ID 131) Maintainence fee cost $2,500 to Los Santos Police Department's budget fund.
[2022/12/17 - 23:00:18] Vehicle ID 0 (Slot ID 133) Maintainence fee cost $2,500 to Los Santos Police Department's budget fund.
[2022/12/17 - 23:00:18] Vehicle ID 0 (Slot ID 141) Maintainence fee cost $2,500 to Los Santos Police Department's budget fund.
[2022/12/17 - 23:00:18] Vehicle ID 0 (Slot ID 143) Maintainence fee cost $2,500 to Los Santos Police Department's budget fund.
[2022/12/17 - 23:00:18] Vehicle ID 0 (Slot ID 145) Maintainence fee cost $2,500 to Los Santos Police Department's budget fund.
[2022/12/17 - 23:00:18] Vehicle ID 0 (Slot ID 148) Maintainence fee cost $2,500 to Los Santos Police Department's budget fund.
[2022/12/17 - 23:00:18] Vehicle ID 0 (Slot ID 156) Maintainence fee cost $2,500 to Los Santos Police Department's budget fund.
[2022/12/17 - 23:00:18] Vehicle ID 0 (Slot ID 161) Maintainence fee cost $2,500 to Los Santos Police Department's budget fund.
[2022/12/17 - 23:00:18] Vehicle ID 0 (Slot ID 165) Maintainence fee cost $3,500 to Los Santos Police Department's budget fund.
[2022/12/17 - 23:00:18] Vehicle ID 295 (Slot ID 179) Maintainence fee cost $0 to Los Santos Police Department's budget fund.
[2022/12/17 - 23:00:18] Vehicle ID 0 (Slot ID 204) Maintainence fee cost $2,500 to Los Santos Police Department's budget fund.
[2022/12/17 - 23:00:18] Vehicle ID 0 (Slot ID 208) Maintainence fee cost $2,500 to Los Santos Police Department's budget fund.
[2022/12/17 - 23:00:18] Vehicle ID 0 (Slot ID 239) Maintainence fee cost $3,500 to Los Santos Police Department's budget fund.
[2022/12/17 - 23:00:18] Vehicle ID 0 (Slot ID 257) Maintainence fee cost $2,000 to Los Santos Police Department's budget fund.
[2022/12/17 - 23:00:18] Vehicle ID 0 (Slot ID 281) Maintainence fee cost $3,000 to Los Santos Police Department's budget fund.
[2022/12/17 - 23:00:18] Vehicle ID 395 (Slot ID 344) Maintainence fee cost $0 to Los Santos Police Department's budget fund.
[2022/12/17 - 23:00:18] Vehicle ID 413 (Slot ID 372) Maintainence fee cost $0 to Los Santos Police Department's budget fund.
[2022/12/17 - 23:00:18] Vehicle ID 0 (Slot ID 400) Maintainence fee cost $0 to Los Santos Police Department's budget fund.
[2022/12/17 - 23:00:18] Vehicle ID 423 (Slot ID 403) Maintainence fee cost $0 to Los Santos Police Department's budget fund.
[2022/12/17 - 23:00:18] Vehicle ID 0 (Slot ID 405) Maintainence fee cost $0 to Los Santos Police Department's budget fund.
