[2022/12/23 - 0:00:58] The faction vault is at $398.
[2022/12/23 - 0:00:58] SA Gov Paid $100,000 to Los Santos Police Department budget fund.
[2022/12/23 - 0:00:58] Vehicle ID 0 (Slot ID 3) Maintainence fee cost $2,500 to Los Santos Police Department's budget fund.
[2022/12/23 - 0:00:58] Vehicle ID 0 (Slot ID 7) Maintainence fee cost $2,000 to Los Santos Police Department's budget fund.
[2022/12/23 - 0:00:58] Vehicle ID 0 (Slot ID 11) Maintainence fee cost $2,500 to Los Santos Police Department's budget fund.
[2022/12/23 - 0:00:58] Vehicle ID 243 (Slot ID 21) Maintainence fee cost $0 to Los Santos Police Department's budget fund.
[2022/12/23 - 0:00:58] Vehicle ID 0 (Slot ID 27) Maintainence fee cost $2,500 to Los Santos Police Department's budget fund.
[2022/12/23 - 0:00:58] Vehicle ID 0 (Slot ID 28) Maintainence fee cost $5,000 to Los Santos Police Department's budget fund.
[2022/12/23 - 0:00:58] Vehicle ID 0 (Slot ID 30) Maintainence fee cost $3,500 to Los Santos Police Department's budget fund.
[2022/12/23 - 0:00:58] Vehicle ID 246 (Slot ID 33) Maintainence fee cost $0 to Los Santos Police Department's budget fund.
[2022/12/23 - 0:00:58] Vehicle ID 0 (Slot ID 38) Maintainence fee cost $2,000 to Los Santos Police Department's budget fund.
[2022/12/23 - 0:00:58] Vehicle ID 249 (Slot ID 43) Maintainence fee cost $0 to Los Santos Police Department's budget fund.
[2022/12/23 - 0:00:58] Vehicle ID 0 (Slot ID 46) Maintainence fee cost $2,500 to Los Santos Police Department's budget fund.
[2022/12/23 - 0:00:58] Vehicle ID 0 (Slot ID 51) Maintainence fee cost $3,500 to Los Santos Police Department's budget fund.
[2022/12/23 - 0:00:58] Vehicle ID 0 (Slot ID 60) Maintainence fee cost $2,000 to Los Santos Police Department's budget fund.
[2022/12/23 - 0:00:58] Vehicle ID 0 (Slot ID 61) Maintainence fee cost $3,500 to Los Santos Police Department's budget fund.
[2022/12/23 - 0:00:58] Vehicle ID 0 (Slot ID 66) Maintainence fee cost $2,500 to Los Santos Police Department's budget fund.
[2022/12/23 - 0:00:58] Vehicle ID 0 (Slot ID 72) Maintainence fee cost $3,000 to Los Santos Police Department's budget fund.
[2022/12/23 - 0:00:58] Vehicle ID 0 (Slot ID 74) Maintainence fee cost $2,500 to Los Santos Police Department's budget fund.
[2022/12/23 - 0:00:58] Vehicle ID 0 (Slot ID 79) Maintainence fee cost $4,500 to Los Santos Police Department's budget fund.
[2022/12/23 - 0:00:58] Vehicle ID 0 (Slot ID 81) Maintainence fee cost $3,500 to Los Santos Police Department's budget fund.
[2022/12/23 - 0:00:58] Vehicle ID 0 (Slot ID 83) Maintainence fee cost $2,500 to Los Santos Police Department's budget fund.
[2022/12/23 - 0:00:58] Vehicle ID 0 (Slot ID 89) Maintainence fee cost $3,000 to Los Santos Police Department's budget fund.
[2022/12/23 - 0:00:58] Vehicle ID 0 (Slot ID 94) Maintainence fee cost $2,500 to Los Santos Police Department's budget fund.
[2022/12/23 - 0:00:58] Vehicle ID 0 (Slot ID 119) Maintainence fee cost $2,500 to Los Santos Police Department's budget fund.
[2022/12/23 - 0:00:58] Vehicle ID 0 (Slot ID 122) Maintainence fee cost $2,500 to Los Santos Police Department's budget fund.
[2022/12/23 - 0:00:58] Vehicle ID 0 (Slot ID 130) Maintainence fee cost $2,500 to Los Santos Police Department's budget fund.
[2022/12/23 - 0:00:58] Vehicle ID 0 (Slot ID 131) Maintainence fee cost $2,500 to Los Santos Police Department's budget fund.
[2022/12/23 - 0:00:58] Vehicle ID 0 (Slot ID 133) Maintainence fee cost $2,500 to Los Santos Police Department's budget fund.
[2022/12/23 - 0:00:58] Vehicle ID 0 (Slot ID 141) Maintainence fee cost $2,500 to Los Santos Police Department's budget fund.
[2022/12/23 - 0:00:58] Vehicle ID 0 (Slot ID 143) Maintainence fee cost $2,500 to Los Santos Police Department's budget fund.
[2022/12/23 - 0:00:58] Vehicle ID 0 (Slot ID 145) Maintainence fee cost $2,500 to Los Santos Police Department's budget fund.
[2022/12/23 - 0:00:58] Vehicle ID 0 (Slot ID 148) Maintainence fee cost $2,500 to Los Santos Police Department's budget fund.
[2022/12/23 - 0:00:58] Vehicle ID 0 (Slot ID 156) Maintainence fee cost $2,500 to Los Santos Police Department's budget fund.
[2022/12/23 - 0:00:58] Vehicle ID 0 (Slot ID 161) Maintainence fee cost $2,500 to Los Santos Police Department's budget fund.
[2022/12/23 - 0:00:58] Vehicle ID 0 (Slot ID 165) Maintainence fee cost $3,500 to Los Santos Police Department's budget fund.
[2022/12/23 - 0:00:58] Vehicle ID 295 (Slot ID 179) Maintainence fee cost $0 to Los Santos Police Department's budget fund.
[2022/12/23 - 0:00:58] Vehicle ID 0 (Slot ID 204) Maintainence fee cost $2,500 to Los Santos Police Department's budget fund.
[2022/12/23 - 0:00:58] Vehicle ID 0 (Slot ID 208) Maintainence fee cost $2,500 to Los Santos Police Department's budget fund.
[2022/12/23 - 0:00:58] Vehicle ID 0 (Slot ID 239) Maintainence fee cost $3,500 to Los Santos Police Department's budget fund.
[2022/12/23 - 0:00:58] Vehicle ID 0 (Slot ID 257) Maintainence fee cost $2,000 to Los Santos Police Department's budget fund.
[2022/12/23 - 0:00:58] Vehicle ID 0 (Slot ID 281) Maintainence fee cost $3,000 to Los Santos Police Department's budget fund.
[2022/12/23 - 0:00:58] Vehicle ID 395 (Slot ID 344) Maintainence fee cost $0 to Los Santos Police Department's budget fund.
[2022/12/23 - 0:00:58] Vehicle ID 413 (Slot ID 372) Maintainence fee cost $0 to Los Santos Police Department's budget fund.
[2022/12/23 - 0:00:58] Vehicle ID 0 (Slot ID 400) Maintainence fee cost $0 to Los Santos Police Department's budget fund.
[2022/12/23 - 0:00:58] Vehicle ID 424 (Slot ID 403) Maintainence fee cost $0 to Los Santos Police Department's budget fund.
[2022/12/23 - 0:00:58] Vehicle ID 0 (Slot ID 405) Maintainence fee cost $0 to Los Santos Police Department's budget fund.
[2022/12/23 - 1:00:47] The faction vault is at $398.
[2022/12/23 - 1:00:47] SA Gov Paid $100,000 to Los Santos Police Department budget fund.
[2022/12/23 - 1:00:47] Vehicle ID 0 (Slot ID 3) Maintainence fee cost $2,500 to Los Santos Police Department's budget fund.
[2022/12/23 - 1:00:47] Vehicle ID 0 (Slot ID 7) Maintainence fee cost $2,000 to Los Santos Police Department's budget fund.
[2022/12/23 - 1:00:47] Vehicle ID 0 (Slot ID 11) Maintainence fee cost $2,500 to Los Santos Police Department's budget fund.
[2022/12/23 - 1:00:47] Vehicle ID 243 (Slot ID 21) Maintainence fee cost $0 to Los Santos Police Department's budget fund.
[2022/12/23 - 1:00:47] Vehicle ID 0 (Slot ID 27) Maintainence fee cost $2,500 to Los Santos Police Department's budget fund.
[2022/12/23 - 1:00:47] Vehicle ID 0 (Slot ID 28) Maintainence fee cost $5,000 to Los Santos Police Department's budget fund.
[2022/12/23 - 1:00:47] Vehicle ID 0 (Slot ID 30) Maintainence fee cost $3,500 to Los Santos Police Department's budget fund.
[2022/12/23 - 1:00:47] Vehicle ID 246 (Slot ID 33) Maintainence fee cost $0 to Los Santos Police Department's budget fund.
[2022/12/23 - 1:00:47] Vehicle ID 0 (Slot ID 38) Maintainence fee cost $2,000 to Los Santos Police Department's budget fund.
[2022/12/23 - 1:00:47] Vehicle ID 249 (Slot ID 43) Maintainence fee cost $0 to Los Santos Police Department's budget fund.
[2022/12/23 - 1:00:47] Vehicle ID 0 (Slot ID 46) Maintainence fee cost $2,500 to Los Santos Police Department's budget fund.
[2022/12/23 - 1:00:47] Vehicle ID 0 (Slot ID 51) Maintainence fee cost $3,500 to Los Santos Police Department's budget fund.
[2022/12/23 - 1:00:47] Vehicle ID 0 (Slot ID 60) Maintainence fee cost $2,000 to Los Santos Police Department's budget fund.
[2022/12/23 - 1:00:47] Vehicle ID 0 (Slot ID 61) Maintainence fee cost $3,500 to Los Santos Police Department's budget fund.
[2022/12/23 - 1:00:47] Vehicle ID 0 (Slot ID 66) Maintainence fee cost $2,500 to Los Santos Police Department's budget fund.
[2022/12/23 - 1:00:47] Vehicle ID 0 (Slot ID 72) Maintainence fee cost $3,000 to Los Santos Police Department's budget fund.
[2022/12/23 - 1:00:47] Vehicle ID 0 (Slot ID 74) Maintainence fee cost $2,500 to Los Santos Police Department's budget fund.
[2022/12/23 - 1:00:47] Vehicle ID 0 (Slot ID 79) Maintainence fee cost $4,500 to Los Santos Police Department's budget fund.
[2022/12/23 - 1:00:47] Vehicle ID 0 (Slot ID 81) Maintainence fee cost $3,500 to Los Santos Police Department's budget fund.
[2022/12/23 - 1:00:47] Vehicle ID 0 (Slot ID 83) Maintainence fee cost $2,500 to Los Santos Police Department's budget fund.
[2022/12/23 - 1:00:47] Vehicle ID 0 (Slot ID 89) Maintainence fee cost $3,000 to Los Santos Police Department's budget fund.
[2022/12/23 - 1:00:47] Vehicle ID 0 (Slot ID 94) Maintainence fee cost $2,500 to Los Santos Police Department's budget fund.
[2022/12/23 - 1:00:47] Vehicle ID 0 (Slot ID 119) Maintainence fee cost $2,500 to Los Santos Police Department's budget fund.
[2022/12/23 - 1:00:47] Vehicle ID 0 (Slot ID 122) Maintainence fee cost $2,500 to Los Santos Police Department's budget fund.
[2022/12/23 - 1:00:47] Vehicle ID 0 (Slot ID 130) Maintainence fee cost $2,500 to Los Santos Police Department's budget fund.
[2022/12/23 - 1:00:47] Vehicle ID 0 (Slot ID 131) Maintainence fee cost $2,500 to Los Santos Police Department's budget fund.
[2022/12/23 - 1:00:47] Vehicle ID 0 (Slot ID 133) Maintainence fee cost $2,500 to Los Santos Police Department's budget fund.
[2022/12/23 - 1:00:47] Vehicle ID 0 (Slot ID 141) Maintainence fee cost $2,500 to Los Santos Police Department's budget fund.
[2022/12/23 - 1:00:47] Vehicle ID 0 (Slot ID 143) Maintainence fee cost $2,500 to Los Santos Police Department's budget fund.
[2022/12/23 - 1:00:47] Vehicle ID 0 (Slot ID 145) Maintainence fee cost $2,500 to Los Santos Police Department's budget fund.
[2022/12/23 - 1:00:47] Vehicle ID 0 (Slot ID 148) Maintainence fee cost $2,500 to Los Santos Police Department's budget fund.
[2022/12/23 - 1:00:47] Vehicle ID 0 (Slot ID 156) Maintainence fee cost $2,500 to Los Santos Police Department's budget fund.
[2022/12/23 - 1:00:47] Vehicle ID 0 (Slot ID 161) Maintainence fee cost $2,500 to Los Santos Police Department's budget fund.
[2022/12/23 - 1:00:47] Vehicle ID 0 (Slot ID 165) Maintainence fee cost $3,500 to Los Santos Police Department's budget fund.
[2022/12/23 - 1:00:47] Vehicle ID 295 (Slot ID 179) Maintainence fee cost $0 to Los Santos Police Department's budget fund.
[2022/12/23 - 1:00:47] Vehicle ID 0 (Slot ID 204) Maintainence fee cost $2,500 to Los Santos Police Department's budget fund.
[2022/12/23 - 1:00:47] Vehicle ID 0 (Slot ID 208) Maintainence fee cost $2,500 to Los Santos Police Department's budget fund.
[2022/12/23 - 1:00:47] Vehicle ID 0 (Slot ID 239) Maintainence fee cost $3,500 to Los Santos Police Department's budget fund.
[2022/12/23 - 1:00:47] Vehicle ID 0 (Slot ID 257) Maintainence fee cost $2,000 to Los Santos Police Department's budget fund.
[2022/12/23 - 1:00:47] Vehicle ID 0 (Slot ID 281) Maintainence fee cost $3,000 to Los Santos Police Department's budget fund.
[2022/12/23 - 1:00:47] Vehicle ID 395 (Slot ID 344) Maintainence fee cost $0 to Los Santos Police Department's budget fund.
[2022/12/23 - 1:00:47] Vehicle ID 413 (Slot ID 372) Maintainence fee cost $0 to Los Santos Police Department's budget fund.
[2022/12/23 - 1:00:47] Vehicle ID 0 (Slot ID 400) Maintainence fee cost $0 to Los Santos Police Department's budget fund.
[2022/12/23 - 1:00:47] Vehicle ID 424 (Slot ID 403) Maintainence fee cost $0 to Los Santos Police Department's budget fund.
[2022/12/23 - 1:00:47] Vehicle ID 0 (Slot ID 405) Maintainence fee cost $0 to Los Santos Police Department's budget fund.
[2022/12/23 - 2:00:37] The faction vault is at $398.
[2022/12/23 - 2:00:37] SA Gov Paid $100,000 to Los Santos Police Department budget fund.
[2022/12/23 - 2:00:37] Vehicle ID 0 (Slot ID 3) Maintainence fee cost $2,500 to Los Santos Police Department's budget fund.
[2022/12/23 - 2:00:37] Vehicle ID 0 (Slot ID 7) Maintainence fee cost $2,000 to Los Santos Police Department's budget fund.
[2022/12/23 - 2:00:37] Vehicle ID 0 (Slot ID 11) Maintainence fee cost $2,500 to Los Santos Police Department's budget fund.
[2022/12/23 - 2:00:37] Vehicle ID 243 (Slot ID 21) Maintainence fee cost $0 to Los Santos Police Department's budget fund.
[2022/12/23 - 2:00:37] Vehicle ID 0 (Slot ID 27) Maintainence fee cost $2,500 to Los Santos Police Department's budget fund.
[2022/12/23 - 2:00:37] Vehicle ID 0 (Slot ID 28) Maintainence fee cost $5,000 to Los Santos Police Department's budget fund.
[2022/12/23 - 2:00:37] Vehicle ID 0 (Slot ID 30) Maintainence fee cost $3,500 to Los Santos Police Department's budget fund.
[2022/12/23 - 2:00:37] Vehicle ID 246 (Slot ID 33) Maintainence fee cost $0 to Los Santos Police Department's budget fund.
[2022/12/23 - 2:00:37] Vehicle ID 0 (Slot ID 38) Maintainence fee cost $2,000 to Los Santos Police Department's budget fund.
[2022/12/23 - 2:00:37] Vehicle ID 249 (Slot ID 43) Maintainence fee cost $0 to Los Santos Police Department's budget fund.
[2022/12/23 - 2:00:37] Vehicle ID 0 (Slot ID 46) Maintainence fee cost $2,500 to Los Santos Police Department's budget fund.
[2022/12/23 - 2:00:37] Vehicle ID 0 (Slot ID 51) Maintainence fee cost $3,500 to Los Santos Police Department's budget fund.
[2022/12/23 - 2:00:37] Vehicle ID 0 (Slot ID 60) Maintainence fee cost $2,000 to Los Santos Police Department's budget fund.
[2022/12/23 - 2:00:37] Vehicle ID 0 (Slot ID 61) Maintainence fee cost $3,500 to Los Santos Police Department's budget fund.
[2022/12/23 - 2:00:37] Vehicle ID 0 (Slot ID 66) Maintainence fee cost $2,500 to Los Santos Police Department's budget fund.
[2022/12/23 - 2:00:37] Vehicle ID 0 (Slot ID 72) Maintainence fee cost $3,000 to Los Santos Police Department's budget fund.
[2022/12/23 - 2:00:37] Vehicle ID 0 (Slot ID 74) Maintainence fee cost $2,500 to Los Santos Police Department's budget fund.
[2022/12/23 - 2:00:37] Vehicle ID 0 (Slot ID 79) Maintainence fee cost $4,500 to Los Santos Police Department's budget fund.
[2022/12/23 - 2:00:37] Vehicle ID 0 (Slot ID 81) Maintainence fee cost $3,500 to Los Santos Police Department's budget fund.
[2022/12/23 - 2:00:37] Vehicle ID 0 (Slot ID 83) Maintainence fee cost $2,500 to Los Santos Police Department's budget fund.
[2022/12/23 - 2:00:37] Vehicle ID 0 (Slot ID 89) Maintainence fee cost $3,000 to Los Santos Police Department's budget fund.
[2022/12/23 - 2:00:37] Vehicle ID 0 (Slot ID 94) Maintainence fee cost $2,500 to Los Santos Police Department's budget fund.
[2022/12/23 - 2:00:37] Vehicle ID 0 (Slot ID 119) Maintainence fee cost $2,500 to Los Santos Police Department's budget fund.
[2022/12/23 - 2:00:37] Vehicle ID 0 (Slot ID 122) Maintainence fee cost $2,500 to Los Santos Police Department's budget fund.
[2022/12/23 - 2:00:37] Vehicle ID 0 (Slot ID 130) Maintainence fee cost $2,500 to Los Santos Police Department's budget fund.
[2022/12/23 - 2:00:37] Vehicle ID 0 (Slot ID 131) Maintainence fee cost $2,500 to Los Santos Police Department's budget fund.
[2022/12/23 - 2:00:37] Vehicle ID 0 (Slot ID 133) Maintainence fee cost $2,500 to Los Santos Police Department's budget fund.
[2022/12/23 - 2:00:37] Vehicle ID 0 (Slot ID 141) Maintainence fee cost $2,500 to Los Santos Police Department's budget fund.
[2022/12/23 - 2:00:37] Vehicle ID 0 (Slot ID 143) Maintainence fee cost $2,500 to Los Santos Police Department's budget fund.
[2022/12/23 - 2:00:37] Vehicle ID 0 (Slot ID 145) Maintainence fee cost $2,500 to Los Santos Police Department's budget fund.
[2022/12/23 - 2:00:37] Vehicle ID 0 (Slot ID 148) Maintainence fee cost $2,500 to Los Santos Police Department's budget fund.
[2022/12/23 - 2:00:37] Vehicle ID 0 (Slot ID 156) Maintainence fee cost $2,500 to Los Santos Police Department's budget fund.
[2022/12/23 - 2:00:37] Vehicle ID 0 (Slot ID 161) Maintainence fee cost $2,500 to Los Santos Police Department's budget fund.
[2022/12/23 - 2:00:37] Vehicle ID 0 (Slot ID 165) Maintainence fee cost $3,500 to Los Santos Police Department's budget fund.
[2022/12/23 - 2:00:37] Vehicle ID 295 (Slot ID 179) Maintainence fee cost $0 to Los Santos Police Department's budget fund.
[2022/12/23 - 2:00:37] Vehicle ID 0 (Slot ID 204) Maintainence fee cost $2,500 to Los Santos Police Department's budget fund.
[2022/12/23 - 2:00:37] Vehicle ID 0 (Slot ID 208) Maintainence fee cost $2,500 to Los Santos Police Department's budget fund.
[2022/12/23 - 2:00:37] Vehicle ID 0 (Slot ID 239) Maintainence fee cost $3,500 to Los Santos Police Department's budget fund.
[2022/12/23 - 2:00:37] Vehicle ID 0 (Slot ID 257) Maintainence fee cost $2,000 to Los Santos Police Department's budget fund.
[2022/12/23 - 2:00:37] Vehicle ID 0 (Slot ID 281) Maintainence fee cost $3,000 to Los Santos Police Department's budget fund.
[2022/12/23 - 2:00:37] Vehicle ID 395 (Slot ID 344) Maintainence fee cost $0 to Los Santos Police Department's budget fund.
[2022/12/23 - 2:00:37] Vehicle ID 413 (Slot ID 372) Maintainence fee cost $0 to Los Santos Police Department's budget fund.
[2022/12/23 - 2:00:37] Vehicle ID 0 (Slot ID 400) Maintainence fee cost $0 to Los Santos Police Department's budget fund.
[2022/12/23 - 2:00:37] Vehicle ID 424 (Slot ID 403) Maintainence fee cost $0 to Los Santos Police Department's budget fund.
[2022/12/23 - 2:00:37] Vehicle ID 0 (Slot ID 405) Maintainence fee cost $0 to Los Santos Police Department's budget fund.
[2022/12/23 - 3:00:07] The faction vault is at $398.
[2022/12/23 - 3:00:07] SA Gov Paid $100,000 to Los Santos Police Department budget fund.
[2022/12/23 - 3:00:07] Vehicle ID 0 (Slot ID 3) Maintainence fee cost $2,500 to Los Santos Police Department's budget fund.
[2022/12/23 - 3:00:07] Vehicle ID 0 (Slot ID 7) Maintainence fee cost $2,000 to Los Santos Police Department's budget fund.
[2022/12/23 - 3:00:07] Vehicle ID 0 (Slot ID 11) Maintainence fee cost $2,500 to Los Santos Police Department's budget fund.
[2022/12/23 - 3:00:07] Vehicle ID 243 (Slot ID 21) Maintainence fee cost $0 to Los Santos Police Department's budget fund.
[2022/12/23 - 3:00:07] Vehicle ID 0 (Slot ID 27) Maintainence fee cost $2,500 to Los Santos Police Department's budget fund.
[2022/12/23 - 3:00:07] Vehicle ID 0 (Slot ID 28) Maintainence fee cost $5,000 to Los Santos Police Department's budget fund.
[2022/12/23 - 3:00:07] Vehicle ID 0 (Slot ID 30) Maintainence fee cost $3,500 to Los Santos Police Department's budget fund.
[2022/12/23 - 3:00:07] Vehicle ID 246 (Slot ID 33) Maintainence fee cost $0 to Los Santos Police Department's budget fund.
[2022/12/23 - 3:00:07] Vehicle ID 0 (Slot ID 38) Maintainence fee cost $2,000 to Los Santos Police Department's budget fund.
[2022/12/23 - 3:00:07] Vehicle ID 249 (Slot ID 43) Maintainence fee cost $0 to Los Santos Police Department's budget fund.
[2022/12/23 - 3:00:07] Vehicle ID 0 (Slot ID 46) Maintainence fee cost $2,500 to Los Santos Police Department's budget fund.
[2022/12/23 - 3:00:07] Vehicle ID 0 (Slot ID 51) Maintainence fee cost $3,500 to Los Santos Police Department's budget fund.
[2022/12/23 - 3:00:07] Vehicle ID 0 (Slot ID 60) Maintainence fee cost $2,000 to Los Santos Police Department's budget fund.
[2022/12/23 - 3:00:07] Vehicle ID 0 (Slot ID 61) Maintainence fee cost $3,500 to Los Santos Police Department's budget fund.
[2022/12/23 - 3:00:07] Vehicle ID 0 (Slot ID 66) Maintainence fee cost $2,500 to Los Santos Police Department's budget fund.
[2022/12/23 - 3:00:07] Vehicle ID 0 (Slot ID 72) Maintainence fee cost $3,000 to Los Santos Police Department's budget fund.
[2022/12/23 - 3:00:07] Vehicle ID 0 (Slot ID 74) Maintainence fee cost $2,500 to Los Santos Police Department's budget fund.
[2022/12/23 - 3:00:07] Vehicle ID 0 (Slot ID 79) Maintainence fee cost $4,500 to Los Santos Police Department's budget fund.
[2022/12/23 - 3:00:07] Vehicle ID 0 (Slot ID 81) Maintainence fee cost $3,500 to Los Santos Police Department's budget fund.
[2022/12/23 - 3:00:07] Vehicle ID 0 (Slot ID 83) Maintainence fee cost $2,500 to Los Santos Police Department's budget fund.
[2022/12/23 - 3:00:07] Vehicle ID 0 (Slot ID 89) Maintainence fee cost $3,000 to Los Santos Police Department's budget fund.
[2022/12/23 - 3:00:07] Vehicle ID 0 (Slot ID 94) Maintainence fee cost $2,500 to Los Santos Police Department's budget fund.
[2022/12/23 - 3:00:07] Vehicle ID 0 (Slot ID 119) Maintainence fee cost $2,500 to Los Santos Police Department's budget fund.
[2022/12/23 - 3:00:07] Vehicle ID 0 (Slot ID 122) Maintainence fee cost $2,500 to Los Santos Police Department's budget fund.
[2022/12/23 - 3:00:07] Vehicle ID 0 (Slot ID 130) Maintainence fee cost $2,500 to Los Santos Police Department's budget fund.
[2022/12/23 - 3:00:07] Vehicle ID 0 (Slot ID 131) Maintainence fee cost $2,500 to Los Santos Police Department's budget fund.
[2022/12/23 - 3:00:07] Vehicle ID 0 (Slot ID 133) Maintainence fee cost $2,500 to Los Santos Police Department's budget fund.
[2022/12/23 - 3:00:07] Vehicle ID 0 (Slot ID 141) Maintainence fee cost $2,500 to Los Santos Police Department's budget fund.
[2022/12/23 - 3:00:07] Vehicle ID 0 (Slot ID 143) Maintainence fee cost $2,500 to Los Santos Police Department's budget fund.
[2022/12/23 - 3:00:07] Vehicle ID 0 (Slot ID 145) Maintainence fee cost $2,500 to Los Santos Police Department's budget fund.
[2022/12/23 - 3:00:07] Vehicle ID 0 (Slot ID 148) Maintainence fee cost $2,500 to Los Santos Police Department's budget fund.
[2022/12/23 - 3:00:07] Vehicle ID 0 (Slot ID 156) Maintainence fee cost $2,500 to Los Santos Police Department's budget fund.
[2022/12/23 - 3:00:07] Vehicle ID 0 (Slot ID 161) Maintainence fee cost $2,500 to Los Santos Police Department's budget fund.
[2022/12/23 - 3:00:07] Vehicle ID 0 (Slot ID 165) Maintainence fee cost $3,500 to Los Santos Police Department's budget fund.
[2022/12/23 - 3:00:07] Vehicle ID 295 (Slot ID 179) Maintainence fee cost $0 to Los Santos Police Department's budget fund.
[2022/12/23 - 3:00:07] Vehicle ID 0 (Slot ID 204) Maintainence fee cost $2,500 to Los Santos Police Department's budget fund.
[2022/12/23 - 3:00:07] Vehicle ID 0 (Slot ID 208) Maintainence fee cost $2,500 to Los Santos Police Department's budget fund.
[2022/12/23 - 3:00:07] Vehicle ID 0 (Slot ID 239) Maintainence fee cost $3,500 to Los Santos Police Department's budget fund.
[2022/12/23 - 3:00:07] Vehicle ID 0 (Slot ID 257) Maintainence fee cost $2,000 to Los Santos Police Department's budget fund.
[2022/12/23 - 3:00:07] Vehicle ID 0 (Slot ID 281) Maintainence fee cost $3,000 to Los Santos Police Department's budget fund.
[2022/12/23 - 3:00:07] Vehicle ID 395 (Slot ID 344) Maintainence fee cost $0 to Los Santos Police Department's budget fund.
[2022/12/23 - 3:00:07] Vehicle ID 413 (Slot ID 372) Maintainence fee cost $0 to Los Santos Police Department's budget fund.
[2022/12/23 - 3:00:07] Vehicle ID 0 (Slot ID 400) Maintainence fee cost $0 to Los Santos Police Department's budget fund.
[2022/12/23 - 3:00:07] Vehicle ID 424 (Slot ID 403) Maintainence fee cost $0 to Los Santos Police Department's budget fund.
[2022/12/23 - 3:00:07] Vehicle ID 0 (Slot ID 405) Maintainence fee cost $0 to Los Santos Police Department's budget fund.
[2022/12/23 - 4:00:19] The faction vault is at $398.
[2022/12/23 - 4:00:19] SA Gov Paid $100,000 to Los Santos Police Department budget fund.
[2022/12/23 - 4:00:19] Vehicle ID 0 (Slot ID 3) Maintainence fee cost $2,500 to Los Santos Police Department's budget fund.
[2022/12/23 - 4:00:19] Vehicle ID 0 (Slot ID 7) Maintainence fee cost $2,000 to Los Santos Police Department's budget fund.
[2022/12/23 - 4:00:19] Vehicle ID 0 (Slot ID 11) Maintainence fee cost $2,500 to Los Santos Police Department's budget fund.
[2022/12/23 - 4:00:19] Vehicle ID 243 (Slot ID 21) Maintainence fee cost $0 to Los Santos Police Department's budget fund.
[2022/12/23 - 4:00:19] Vehicle ID 0 (Slot ID 27) Maintainence fee cost $2,500 to Los Santos Police Department's budget fund.
[2022/12/23 - 4:00:19] Vehicle ID 0 (Slot ID 28) Maintainence fee cost $5,000 to Los Santos Police Department's budget fund.
[2022/12/23 - 4:00:19] Vehicle ID 0 (Slot ID 30) Maintainence fee cost $3,500 to Los Santos Police Department's budget fund.
[2022/12/23 - 4:00:19] Vehicle ID 246 (Slot ID 33) Maintainence fee cost $0 to Los Santos Police Department's budget fund.
[2022/12/23 - 4:00:19] Vehicle ID 0 (Slot ID 38) Maintainence fee cost $2,000 to Los Santos Police Department's budget fund.
[2022/12/23 - 4:00:19] Vehicle ID 249 (Slot ID 43) Maintainence fee cost $0 to Los Santos Police Department's budget fund.
[2022/12/23 - 4:00:19] Vehicle ID 0 (Slot ID 46) Maintainence fee cost $2,500 to Los Santos Police Department's budget fund.
[2022/12/23 - 4:00:19] Vehicle ID 0 (Slot ID 51) Maintainence fee cost $3,500 to Los Santos Police Department's budget fund.
[2022/12/23 - 4:00:19] Vehicle ID 0 (Slot ID 60) Maintainence fee cost $2,000 to Los Santos Police Department's budget fund.
[2022/12/23 - 4:00:19] Vehicle ID 0 (Slot ID 61) Maintainence fee cost $3,500 to Los Santos Police Department's budget fund.
[2022/12/23 - 4:00:19] Vehicle ID 0 (Slot ID 66) Maintainence fee cost $2,500 to Los Santos Police Department's budget fund.
[2022/12/23 - 4:00:19] Vehicle ID 0 (Slot ID 72) Maintainence fee cost $3,000 to Los Santos Police Department's budget fund.
[2022/12/23 - 4:00:19] Vehicle ID 0 (Slot ID 74) Maintainence fee cost $2,500 to Los Santos Police Department's budget fund.
[2022/12/23 - 4:00:19] Vehicle ID 0 (Slot ID 79) Maintainence fee cost $4,500 to Los Santos Police Department's budget fund.
[2022/12/23 - 4:00:19] Vehicle ID 0 (Slot ID 81) Maintainence fee cost $3,500 to Los Santos Police Department's budget fund.
[2022/12/23 - 4:00:19] Vehicle ID 0 (Slot ID 83) Maintainence fee cost $2,500 to Los Santos Police Department's budget fund.
[2022/12/23 - 4:00:19] Vehicle ID 0 (Slot ID 89) Maintainence fee cost $3,000 to Los Santos Police Department's budget fund.
[2022/12/23 - 4:00:19] Vehicle ID 0 (Slot ID 94) Maintainence fee cost $2,500 to Los Santos Police Department's budget fund.
[2022/12/23 - 4:00:19] Vehicle ID 0 (Slot ID 119) Maintainence fee cost $2,500 to Los Santos Police Department's budget fund.
[2022/12/23 - 4:00:19] Vehicle ID 0 (Slot ID 122) Maintainence fee cost $2,500 to Los Santos Police Department's budget fund.
[2022/12/23 - 4:00:19] Vehicle ID 0 (Slot ID 130) Maintainence fee cost $2,500 to Los Santos Police Department's budget fund.
[2022/12/23 - 4:00:19] Vehicle ID 0 (Slot ID 131) Maintainence fee cost $2,500 to Los Santos Police Department's budget fund.
[2022/12/23 - 4:00:19] Vehicle ID 0 (Slot ID 133) Maintainence fee cost $2,500 to Los Santos Police Department's budget fund.
[2022/12/23 - 4:00:19] Vehicle ID 0 (Slot ID 141) Maintainence fee cost $2,500 to Los Santos Police Department's budget fund.
[2022/12/23 - 4:00:19] Vehicle ID 0 (Slot ID 143) Maintainence fee cost $2,500 to Los Santos Police Department's budget fund.
[2022/12/23 - 4:00:19] Vehicle ID 0 (Slot ID 145) Maintainence fee cost $2,500 to Los Santos Police Department's budget fund.
[2022/12/23 - 4:00:19] Vehicle ID 0 (Slot ID 148) Maintainence fee cost $2,500 to Los Santos Police Department's budget fund.
[2022/12/23 - 4:00:19] Vehicle ID 0 (Slot ID 156) Maintainence fee cost $2,500 to Los Santos Police Department's budget fund.
[2022/12/23 - 4:00:19] Vehicle ID 0 (Slot ID 161) Maintainence fee cost $2,500 to Los Santos Police Department's budget fund.
[2022/12/23 - 4:00:19] Vehicle ID 0 (Slot ID 165) Maintainence fee cost $3,500 to Los Santos Police Department's budget fund.
[2022/12/23 - 4:00:19] Vehicle ID 295 (Slot ID 179) Maintainence fee cost $0 to Los Santos Police Department's budget fund.
[2022/12/23 - 4:00:19] Vehicle ID 0 (Slot ID 204) Maintainence fee cost $2,500 to Los Santos Police Department's budget fund.
[2022/12/23 - 4:00:19] Vehicle ID 0 (Slot ID 208) Maintainence fee cost $2,500 to Los Santos Police Department's budget fund.
[2022/12/23 - 4:00:19] Vehicle ID 0 (Slot ID 239) Maintainence fee cost $3,500 to Los Santos Police Department's budget fund.
[2022/12/23 - 4:00:19] Vehicle ID 0 (Slot ID 257) Maintainence fee cost $2,000 to Los Santos Police Department's budget fund.
[2022/12/23 - 4:00:19] Vehicle ID 0 (Slot ID 281) Maintainence fee cost $3,000 to Los Santos Police Department's budget fund.
[2022/12/23 - 4:00:19] Vehicle ID 395 (Slot ID 344) Maintainence fee cost $0 to Los Santos Police Department's budget fund.
[2022/12/23 - 4:00:19] Vehicle ID 413 (Slot ID 372) Maintainence fee cost $0 to Los Santos Police Department's budget fund.
[2022/12/23 - 4:00:19] Vehicle ID 0 (Slot ID 400) Maintainence fee cost $0 to Los Santos Police Department's budget fund.
[2022/12/23 - 4:00:19] Vehicle ID 424 (Slot ID 403) Maintainence fee cost $0 to Los Santos Police Department's budget fund.
[2022/12/23 - 4:00:19] Vehicle ID 0 (Slot ID 405) Maintainence fee cost $0 to Los Santos Police Department's budget fund.
[2022/12/23 - 5:00:00] The faction vault is at $398.
[2022/12/23 - 5:00:00] SA Gov Paid $100,000 to Los Santos Police Department budget fund.
[2022/12/23 - 5:00:00] Vehicle ID 0 (Slot ID 3) Maintainence fee cost $2,500 to Los Santos Police Department's budget fund.
[2022/12/23 - 5:00:00] Vehicle ID 0 (Slot ID 7) Maintainence fee cost $2,000 to Los Santos Police Department's budget fund.
[2022/12/23 - 5:00:00] Vehicle ID 0 (Slot ID 11) Maintainence fee cost $2,500 to Los Santos Police Department's budget fund.
[2022/12/23 - 5:00:00] Vehicle ID 243 (Slot ID 21) Maintainence fee cost $0 to Los Santos Police Department's budget fund.
[2022/12/23 - 5:00:00] Vehicle ID 0 (Slot ID 27) Maintainence fee cost $2,500 to Los Santos Police Department's budget fund.
[2022/12/23 - 5:00:00] Vehicle ID 0 (Slot ID 28) Maintainence fee cost $5,000 to Los Santos Police Department's budget fund.
[2022/12/23 - 5:00:00] Vehicle ID 0 (Slot ID 30) Maintainence fee cost $3,500 to Los Santos Police Department's budget fund.
[2022/12/23 - 5:00:00] Vehicle ID 246 (Slot ID 33) Maintainence fee cost $0 to Los Santos Police Department's budget fund.
[2022/12/23 - 5:00:00] Vehicle ID 0 (Slot ID 38) Maintainence fee cost $2,000 to Los Santos Police Department's budget fund.
[2022/12/23 - 5:00:00] Vehicle ID 249 (Slot ID 43) Maintainence fee cost $0 to Los Santos Police Department's budget fund.
[2022/12/23 - 5:00:00] Vehicle ID 0 (Slot ID 46) Maintainence fee cost $2,500 to Los Santos Police Department's budget fund.
[2022/12/23 - 5:00:00] Vehicle ID 0 (Slot ID 51) Maintainence fee cost $3,500 to Los Santos Police Department's budget fund.
[2022/12/23 - 5:00:00] Vehicle ID 0 (Slot ID 60) Maintainence fee cost $2,000 to Los Santos Police Department's budget fund.
[2022/12/23 - 5:00:00] Vehicle ID 0 (Slot ID 61) Maintainence fee cost $3,500 to Los Santos Police Department's budget fund.
[2022/12/23 - 5:00:00] Vehicle ID 0 (Slot ID 66) Maintainence fee cost $2,500 to Los Santos Police Department's budget fund.
[2022/12/23 - 5:00:00] Vehicle ID 0 (Slot ID 72) Maintainence fee cost $3,000 to Los Santos Police Department's budget fund.
[2022/12/23 - 5:00:00] Vehicle ID 0 (Slot ID 74) Maintainence fee cost $2,500 to Los Santos Police Department's budget fund.
[2022/12/23 - 5:00:00] Vehicle ID 0 (Slot ID 79) Maintainence fee cost $4,500 to Los Santos Police Department's budget fund.
[2022/12/23 - 5:00:00] Vehicle ID 0 (Slot ID 81) Maintainence fee cost $3,500 to Los Santos Police Department's budget fund.
[2022/12/23 - 5:00:00] Vehicle ID 0 (Slot ID 83) Maintainence fee cost $2,500 to Los Santos Police Department's budget fund.
[2022/12/23 - 5:00:00] Vehicle ID 0 (Slot ID 89) Maintainence fee cost $3,000 to Los Santos Police Department's budget fund.
[2022/12/23 - 5:00:00] Vehicle ID 0 (Slot ID 94) Maintainence fee cost $2,500 to Los Santos Police Department's budget fund.
[2022/12/23 - 5:00:00] Vehicle ID 0 (Slot ID 119) Maintainence fee cost $2,500 to Los Santos Police Department's budget fund.
[2022/12/23 - 5:00:00] Vehicle ID 0 (Slot ID 122) Maintainence fee cost $2,500 to Los Santos Police Department's budget fund.
[2022/12/23 - 5:00:00] Vehicle ID 0 (Slot ID 130) Maintainence fee cost $2,500 to Los Santos Police Department's budget fund.
[2022/12/23 - 5:00:00] Vehicle ID 0 (Slot ID 131) Maintainence fee cost $2,500 to Los Santos Police Department's budget fund.
[2022/12/23 - 5:00:00] Vehicle ID 0 (Slot ID 133) Maintainence fee cost $2,500 to Los Santos Police Department's budget fund.
[2022/12/23 - 5:00:00] Vehicle ID 0 (Slot ID 141) Maintainence fee cost $2,500 to Los Santos Police Department's budget fund.
[2022/12/23 - 5:00:00] Vehicle ID 0 (Slot ID 143) Maintainence fee cost $2,500 to Los Santos Police Department's budget fund.
[2022/12/23 - 5:00:00] Vehicle ID 0 (Slot ID 145) Maintainence fee cost $2,500 to Los Santos Police Department's budget fund.
[2022/12/23 - 5:00:00] Vehicle ID 0 (Slot ID 148) Maintainence fee cost $2,500 to Los Santos Police Department's budget fund.
[2022/12/23 - 5:00:00] Vehicle ID 0 (Slot ID 156) Maintainence fee cost $2,500 to Los Santos Police Department's budget fund.
[2022/12/23 - 5:00:00] Vehicle ID 0 (Slot ID 161) Maintainence fee cost $2,500 to Los Santos Police Department's budget fund.
[2022/12/23 - 5:00:00] Vehicle ID 0 (Slot ID 165) Maintainence fee cost $3,500 to Los Santos Police Department's budget fund.
[2022/12/23 - 5:00:00] Vehicle ID 295 (Slot ID 179) Maintainence fee cost $0 to Los Santos Police Department's budget fund.
[2022/12/23 - 5:00:00] Vehicle ID 0 (Slot ID 204) Maintainence fee cost $2,500 to Los Santos Police Department's budget fund.
[2022/12/23 - 5:00:00] Vehicle ID 0 (Slot ID 208) Maintainence fee cost $2,500 to Los Santos Police Department's budget fund.
[2022/12/23 - 5:00:00] Vehicle ID 0 (Slot ID 239) Maintainence fee cost $3,500 to Los Santos Police Department's budget fund.
[2022/12/23 - 5:00:00] Vehicle ID 0 (Slot ID 257) Maintainence fee cost $2,000 to Los Santos Police Department's budget fund.
[2022/12/23 - 5:00:00] Vehicle ID 0 (Slot ID 281) Maintainence fee cost $3,000 to Los Santos Police Department's budget fund.
[2022/12/23 - 5:00:00] Vehicle ID 395 (Slot ID 344) Maintainence fee cost $0 to Los Santos Police Department's budget fund.
[2022/12/23 - 5:00:00] Vehicle ID 413 (Slot ID 372) Maintainence fee cost $0 to Los Santos Police Department's budget fund.
[2022/12/23 - 5:00:00] Vehicle ID 0 (Slot ID 400) Maintainence fee cost $0 to Los Santos Police Department's budget fund.
[2022/12/23 - 5:00:00] Vehicle ID 424 (Slot ID 403) Maintainence fee cost $0 to Los Santos Police Department's budget fund.
[2022/12/23 - 5:00:00] Vehicle ID 0 (Slot ID 405) Maintainence fee cost $0 to Los Santos Police Department's budget fund.
[2022/12/23 - 6:00:24] The faction vault is at $398.
[2022/12/23 - 6:00:24] SA Gov Paid $100,000 to Los Santos Police Department budget fund.
[2022/12/23 - 6:00:24] Vehicle ID 0 (Slot ID 3) Maintainence fee cost $2,500 to Los Santos Police Department's budget fund.
[2022/12/23 - 6:00:24] Vehicle ID 0 (Slot ID 7) Maintainence fee cost $2,000 to Los Santos Police Department's budget fund.
[2022/12/23 - 6:00:24] Vehicle ID 0 (Slot ID 11) Maintainence fee cost $2,500 to Los Santos Police Department's budget fund.
[2022/12/23 - 6:00:24] Vehicle ID 243 (Slot ID 21) Maintainence fee cost $0 to Los Santos Police Department's budget fund.
[2022/12/23 - 6:00:24] Vehicle ID 0 (Slot ID 27) Maintainence fee cost $2,500 to Los Santos Police Department's budget fund.
[2022/12/23 - 6:00:24] Vehicle ID 0 (Slot ID 28) Maintainence fee cost $5,000 to Los Santos Police Department's budget fund.
[2022/12/23 - 6:00:24] Vehicle ID 0 (Slot ID 30) Maintainence fee cost $3,500 to Los Santos Police Department's budget fund.
[2022/12/23 - 6:00:24] Vehicle ID 246 (Slot ID 33) Maintainence fee cost $0 to Los Santos Police Department's budget fund.
[2022/12/23 - 6:00:24] Vehicle ID 0 (Slot ID 38) Maintainence fee cost $2,000 to Los Santos Police Department's budget fund.
[2022/12/23 - 6:00:24] Vehicle ID 249 (Slot ID 43) Maintainence fee cost $0 to Los Santos Police Department's budget fund.
[2022/12/23 - 6:00:24] Vehicle ID 0 (Slot ID 46) Maintainence fee cost $2,500 to Los Santos Police Department's budget fund.
[2022/12/23 - 6:00:24] Vehicle ID 0 (Slot ID 51) Maintainence fee cost $3,500 to Los Santos Police Department's budget fund.
[2022/12/23 - 6:00:24] Vehicle ID 0 (Slot ID 60) Maintainence fee cost $2,000 to Los Santos Police Department's budget fund.
[2022/12/23 - 6:00:24] Vehicle ID 0 (Slot ID 61) Maintainence fee cost $3,500 to Los Santos Police Department's budget fund.
[2022/12/23 - 6:00:24] Vehicle ID 0 (Slot ID 66) Maintainence fee cost $2,500 to Los Santos Police Department's budget fund.
[2022/12/23 - 6:00:24] Vehicle ID 0 (Slot ID 72) Maintainence fee cost $3,000 to Los Santos Police Department's budget fund.
[2022/12/23 - 6:00:24] Vehicle ID 0 (Slot ID 74) Maintainence fee cost $2,500 to Los Santos Police Department's budget fund.
[2022/12/23 - 6:00:24] Vehicle ID 0 (Slot ID 79) Maintainence fee cost $4,500 to Los Santos Police Department's budget fund.
[2022/12/23 - 6:00:24] Vehicle ID 0 (Slot ID 81) Maintainence fee cost $3,500 to Los Santos Police Department's budget fund.
[2022/12/23 - 6:00:24] Vehicle ID 0 (Slot ID 83) Maintainence fee cost $2,500 to Los Santos Police Department's budget fund.
[2022/12/23 - 6:00:24] Vehicle ID 0 (Slot ID 89) Maintainence fee cost $3,000 to Los Santos Police Department's budget fund.
[2022/12/23 - 6:00:24] Vehicle ID 0 (Slot ID 94) Maintainence fee cost $2,500 to Los Santos Police Department's budget fund.
[2022/12/23 - 6:00:24] Vehicle ID 0 (Slot ID 119) Maintainence fee cost $2,500 to Los Santos Police Department's budget fund.
[2022/12/23 - 6:00:24] Vehicle ID 0 (Slot ID 122) Maintainence fee cost $2,500 to Los Santos Police Department's budget fund.
[2022/12/23 - 6:00:24] Vehicle ID 0 (Slot ID 130) Maintainence fee cost $2,500 to Los Santos Police Department's budget fund.
[2022/12/23 - 6:00:24] Vehicle ID 0 (Slot ID 131) Maintainence fee cost $2,500 to Los Santos Police Department's budget fund.
[2022/12/23 - 6:00:24] Vehicle ID 0 (Slot ID 133) Maintainence fee cost $2,500 to Los Santos Police Department's budget fund.
[2022/12/23 - 6:00:24] Vehicle ID 0 (Slot ID 141) Maintainence fee cost $2,500 to Los Santos Police Department's budget fund.
[2022/12/23 - 6:00:24] Vehicle ID 0 (Slot ID 143) Maintainence fee cost $2,500 to Los Santos Police Department's budget fund.
[2022/12/23 - 6:00:24] Vehicle ID 0 (Slot ID 145) Maintainence fee cost $2,500 to Los Santos Police Department's budget fund.
[2022/12/23 - 6:00:24] Vehicle ID 0 (Slot ID 148) Maintainence fee cost $2,500 to Los Santos Police Department's budget fund.
[2022/12/23 - 6:00:24] Vehicle ID 0 (Slot ID 156) Maintainence fee cost $2,500 to Los Santos Police Department's budget fund.
[2022/12/23 - 6:00:24] Vehicle ID 0 (Slot ID 161) Maintainence fee cost $2,500 to Los Santos Police Department's budget fund.
[2022/12/23 - 6:00:24] Vehicle ID 0 (Slot ID 165) Maintainence fee cost $3,500 to Los Santos Police Department's budget fund.
[2022/12/23 - 6:00:24] Vehicle ID 295 (Slot ID 179) Maintainence fee cost $0 to Los Santos Police Department's budget fund.
[2022/12/23 - 6:00:24] Vehicle ID 0 (Slot ID 204) Maintainence fee cost $2,500 to Los Santos Police Department's budget fund.
[2022/12/23 - 6:00:24] Vehicle ID 0 (Slot ID 208) Maintainence fee cost $2,500 to Los Santos Police Department's budget fund.
[2022/12/23 - 6:00:24] Vehicle ID 0 (Slot ID 239) Maintainence fee cost $3,500 to Los Santos Police Department's budget fund.
[2022/12/23 - 6:00:24] Vehicle ID 0 (Slot ID 257) Maintainence fee cost $2,000 to Los Santos Police Department's budget fund.
[2022/12/23 - 6:00:24] Vehicle ID 0 (Slot ID 281) Maintainence fee cost $3,000 to Los Santos Police Department's budget fund.
[2022/12/23 - 6:00:24] Vehicle ID 395 (Slot ID 344) Maintainence fee cost $0 to Los Santos Police Department's budget fund.
[2022/12/23 - 6:00:24] Vehicle ID 413 (Slot ID 372) Maintainence fee cost $0 to Los Santos Police Department's budget fund.
[2022/12/23 - 6:00:24] Vehicle ID 0 (Slot ID 400) Maintainence fee cost $0 to Los Santos Police Department's budget fund.
[2022/12/23 - 6:00:24] Vehicle ID 424 (Slot ID 403) Maintainence fee cost $0 to Los Santos Police Department's budget fund.
[2022/12/23 - 6:00:24] Vehicle ID 0 (Slot ID 405) Maintainence fee cost $0 to Los Santos Police Department's budget fund.
[2022/12/23 - 7:00:24] The faction vault is at $398.
[2022/12/23 - 7:00:24] SA Gov Paid $100,000 to Los Santos Police Department budget fund.
[2022/12/23 - 7:00:25] Vehicle ID 0 (Slot ID 3) Maintainence fee cost $2,500 to Los Santos Police Department's budget fund.
[2022/12/23 - 7:00:25] Vehicle ID 0 (Slot ID 7) Maintainence fee cost $2,000 to Los Santos Police Department's budget fund.
[2022/12/23 - 7:00:25] Vehicle ID 0 (Slot ID 11) Maintainence fee cost $2,500 to Los Santos Police Department's budget fund.
[2022/12/23 - 7:00:25] Vehicle ID 243 (Slot ID 21) Maintainence fee cost $0 to Los Santos Police Department's budget fund.
[2022/12/23 - 7:00:25] Vehicle ID 0 (Slot ID 27) Maintainence fee cost $2,500 to Los Santos Police Department's budget fund.
[2022/12/23 - 7:00:25] Vehicle ID 0 (Slot ID 28) Maintainence fee cost $5,000 to Los Santos Police Department's budget fund.
[2022/12/23 - 7:00:25] Vehicle ID 0 (Slot ID 30) Maintainence fee cost $3,500 to Los Santos Police Department's budget fund.
[2022/12/23 - 7:00:25] Vehicle ID 246 (Slot ID 33) Maintainence fee cost $0 to Los Santos Police Department's budget fund.
[2022/12/23 - 7:00:25] Vehicle ID 0 (Slot ID 38) Maintainence fee cost $2,000 to Los Santos Police Department's budget fund.
[2022/12/23 - 7:00:25] Vehicle ID 249 (Slot ID 43) Maintainence fee cost $0 to Los Santos Police Department's budget fund.
[2022/12/23 - 7:00:25] Vehicle ID 0 (Slot ID 46) Maintainence fee cost $2,500 to Los Santos Police Department's budget fund.
[2022/12/23 - 7:00:25] Vehicle ID 0 (Slot ID 51) Maintainence fee cost $3,500 to Los Santos Police Department's budget fund.
[2022/12/23 - 7:00:25] Vehicle ID 0 (Slot ID 60) Maintainence fee cost $2,000 to Los Santos Police Department's budget fund.
[2022/12/23 - 7:00:25] Vehicle ID 0 (Slot ID 61) Maintainence fee cost $3,500 to Los Santos Police Department's budget fund.
[2022/12/23 - 7:00:25] Vehicle ID 0 (Slot ID 66) Maintainence fee cost $2,500 to Los Santos Police Department's budget fund.
[2022/12/23 - 7:00:25] Vehicle ID 0 (Slot ID 72) Maintainence fee cost $3,000 to Los Santos Police Department's budget fund.
[2022/12/23 - 7:00:25] Vehicle ID 0 (Slot ID 74) Maintainence fee cost $2,500 to Los Santos Police Department's budget fund.
[2022/12/23 - 7:00:25] Vehicle ID 0 (Slot ID 79) Maintainence fee cost $4,500 to Los Santos Police Department's budget fund.
[2022/12/23 - 7:00:25] Vehicle ID 0 (Slot ID 81) Maintainence fee cost $3,500 to Los Santos Police Department's budget fund.
[2022/12/23 - 7:00:25] Vehicle ID 0 (Slot ID 83) Maintainence fee cost $2,500 to Los Santos Police Department's budget fund.
[2022/12/23 - 7:00:25] Vehicle ID 0 (Slot ID 89) Maintainence fee cost $3,000 to Los Santos Police Department's budget fund.
[2022/12/23 - 7:00:25] Vehicle ID 0 (Slot ID 94) Maintainence fee cost $2,500 to Los Santos Police Department's budget fund.
[2022/12/23 - 7:00:25] Vehicle ID 0 (Slot ID 119) Maintainence fee cost $2,500 to Los Santos Police Department's budget fund.
[2022/12/23 - 7:00:25] Vehicle ID 0 (Slot ID 122) Maintainence fee cost $2,500 to Los Santos Police Department's budget fund.
[2022/12/23 - 7:00:25] Vehicle ID 0 (Slot ID 130) Maintainence fee cost $2,500 to Los Santos Police Department's budget fund.
[2022/12/23 - 7:00:25] Vehicle ID 0 (Slot ID 131) Maintainence fee cost $2,500 to Los Santos Police Department's budget fund.
[2022/12/23 - 7:00:25] Vehicle ID 0 (Slot ID 133) Maintainence fee cost $2,500 to Los Santos Police Department's budget fund.
[2022/12/23 - 7:00:25] Vehicle ID 0 (Slot ID 141) Maintainence fee cost $2,500 to Los Santos Police Department's budget fund.
[2022/12/23 - 7:00:25] Vehicle ID 0 (Slot ID 143) Maintainence fee cost $2,500 to Los Santos Police Department's budget fund.
[2022/12/23 - 7:00:25] Vehicle ID 0 (Slot ID 145) Maintainence fee cost $2,500 to Los Santos Police Department's budget fund.
[2022/12/23 - 7:00:25] Vehicle ID 0 (Slot ID 148) Maintainence fee cost $2,500 to Los Santos Police Department's budget fund.
[2022/12/23 - 7:00:25] Vehicle ID 0 (Slot ID 156) Maintainence fee cost $2,500 to Los Santos Police Department's budget fund.
[2022/12/23 - 7:00:25] Vehicle ID 0 (Slot ID 161) Maintainence fee cost $2,500 to Los Santos Police Department's budget fund.
[2022/12/23 - 7:00:25] Vehicle ID 0 (Slot ID 165) Maintainence fee cost $3,500 to Los Santos Police Department's budget fund.
[2022/12/23 - 7:00:25] Vehicle ID 295 (Slot ID 179) Maintainence fee cost $0 to Los Santos Police Department's budget fund.
[2022/12/23 - 7:00:25] Vehicle ID 0 (Slot ID 204) Maintainence fee cost $2,500 to Los Santos Police Department's budget fund.
[2022/12/23 - 7:00:25] Vehicle ID 0 (Slot ID 208) Maintainence fee cost $2,500 to Los Santos Police Department's budget fund.
[2022/12/23 - 7:00:25] Vehicle ID 0 (Slot ID 239) Maintainence fee cost $3,500 to Los Santos Police Department's budget fund.
[2022/12/23 - 7:00:25] Vehicle ID 0 (Slot ID 257) Maintainence fee cost $2,000 to Los Santos Police Department's budget fund.
[2022/12/23 - 7:00:25] Vehicle ID 0 (Slot ID 281) Maintainence fee cost $3,000 to Los Santos Police Department's budget fund.
[2022/12/23 - 7:00:25] Vehicle ID 395 (Slot ID 344) Maintainence fee cost $0 to Los Santos Police Department's budget fund.
[2022/12/23 - 7:00:25] Vehicle ID 413 (Slot ID 372) Maintainence fee cost $0 to Los Santos Police Department's budget fund.
[2022/12/23 - 7:00:25] Vehicle ID 0 (Slot ID 400) Maintainence fee cost $0 to Los Santos Police Department's budget fund.
[2022/12/23 - 7:00:25] Vehicle ID 424 (Slot ID 403) Maintainence fee cost $0 to Los Santos Police Department's budget fund.
[2022/12/23 - 7:00:25] Vehicle ID 0 (Slot ID 405) Maintainence fee cost $0 to Los Santos Police Department's budget fund.
[2022/12/23 - 8:00:12] The faction vault is at $398.
[2022/12/23 - 8:00:12] SA Gov Paid $100,000 to Los Santos Police Department budget fund.
[2022/12/23 - 8:00:12] Vehicle ID 0 (Slot ID 3) Maintainence fee cost $2,500 to Los Santos Police Department's budget fund.
[2022/12/23 - 8:00:12] Vehicle ID 0 (Slot ID 7) Maintainence fee cost $2,000 to Los Santos Police Department's budget fund.
[2022/12/23 - 8:00:12] Vehicle ID 0 (Slot ID 11) Maintainence fee cost $2,500 to Los Santos Police Department's budget fund.
[2022/12/23 - 8:00:12] Vehicle ID 243 (Slot ID 21) Maintainence fee cost $0 to Los Santos Police Department's budget fund.
[2022/12/23 - 8:00:12] Vehicle ID 0 (Slot ID 27) Maintainence fee cost $2,500 to Los Santos Police Department's budget fund.
[2022/12/23 - 8:00:12] Vehicle ID 0 (Slot ID 28) Maintainence fee cost $5,000 to Los Santos Police Department's budget fund.
[2022/12/23 - 8:00:12] Vehicle ID 0 (Slot ID 30) Maintainence fee cost $3,500 to Los Santos Police Department's budget fund.
[2022/12/23 - 8:00:12] Vehicle ID 246 (Slot ID 33) Maintainence fee cost $0 to Los Santos Police Department's budget fund.
[2022/12/23 - 8:00:12] Vehicle ID 0 (Slot ID 38) Maintainence fee cost $2,000 to Los Santos Police Department's budget fund.
[2022/12/23 - 8:00:12] Vehicle ID 249 (Slot ID 43) Maintainence fee cost $0 to Los Santos Police Department's budget fund.
[2022/12/23 - 8:00:12] Vehicle ID 0 (Slot ID 46) Maintainence fee cost $2,500 to Los Santos Police Department's budget fund.
[2022/12/23 - 8:00:12] Vehicle ID 0 (Slot ID 51) Maintainence fee cost $3,500 to Los Santos Police Department's budget fund.
[2022/12/23 - 8:00:12] Vehicle ID 0 (Slot ID 60) Maintainence fee cost $2,000 to Los Santos Police Department's budget fund.
[2022/12/23 - 8:00:12] Vehicle ID 0 (Slot ID 61) Maintainence fee cost $3,500 to Los Santos Police Department's budget fund.
[2022/12/23 - 8:00:12] Vehicle ID 0 (Slot ID 66) Maintainence fee cost $2,500 to Los Santos Police Department's budget fund.
[2022/12/23 - 8:00:12] Vehicle ID 0 (Slot ID 72) Maintainence fee cost $3,000 to Los Santos Police Department's budget fund.
[2022/12/23 - 8:00:12] Vehicle ID 0 (Slot ID 74) Maintainence fee cost $2,500 to Los Santos Police Department's budget fund.
[2022/12/23 - 8:00:12] Vehicle ID 0 (Slot ID 79) Maintainence fee cost $4,500 to Los Santos Police Department's budget fund.
[2022/12/23 - 8:00:12] Vehicle ID 0 (Slot ID 81) Maintainence fee cost $3,500 to Los Santos Police Department's budget fund.
[2022/12/23 - 8:00:12] Vehicle ID 0 (Slot ID 83) Maintainence fee cost $2,500 to Los Santos Police Department's budget fund.
[2022/12/23 - 8:00:12] Vehicle ID 0 (Slot ID 89) Maintainence fee cost $3,000 to Los Santos Police Department's budget fund.
[2022/12/23 - 8:00:12] Vehicle ID 0 (Slot ID 94) Maintainence fee cost $2,500 to Los Santos Police Department's budget fund.
[2022/12/23 - 8:00:12] Vehicle ID 0 (Slot ID 119) Maintainence fee cost $2,500 to Los Santos Police Department's budget fund.
[2022/12/23 - 8:00:12] Vehicle ID 0 (Slot ID 122) Maintainence fee cost $2,500 to Los Santos Police Department's budget fund.
[2022/12/23 - 8:00:12] Vehicle ID 0 (Slot ID 130) Maintainence fee cost $2,500 to Los Santos Police Department's budget fund.
[2022/12/23 - 8:00:12] Vehicle ID 0 (Slot ID 131) Maintainence fee cost $2,500 to Los Santos Police Department's budget fund.
[2022/12/23 - 8:00:12] Vehicle ID 0 (Slot ID 133) Maintainence fee cost $2,500 to Los Santos Police Department's budget fund.
[2022/12/23 - 8:00:12] Vehicle ID 0 (Slot ID 141) Maintainence fee cost $2,500 to Los Santos Police Department's budget fund.
[2022/12/23 - 8:00:12] Vehicle ID 0 (Slot ID 143) Maintainence fee cost $2,500 to Los Santos Police Department's budget fund.
[2022/12/23 - 8:00:12] Vehicle ID 0 (Slot ID 145) Maintainence fee cost $2,500 to Los Santos Police Department's budget fund.
[2022/12/23 - 8:00:12] Vehicle ID 0 (Slot ID 148) Maintainence fee cost $2,500 to Los Santos Police Department's budget fund.
[2022/12/23 - 8:00:12] Vehicle ID 0 (Slot ID 156) Maintainence fee cost $2,500 to Los Santos Police Department's budget fund.
[2022/12/23 - 8:00:12] Vehicle ID 0 (Slot ID 161) Maintainence fee cost $2,500 to Los Santos Police Department's budget fund.
[2022/12/23 - 8:00:12] Vehicle ID 0 (Slot ID 165) Maintainence fee cost $3,500 to Los Santos Police Department's budget fund.
[2022/12/23 - 8:00:12] Vehicle ID 295 (Slot ID 179) Maintainence fee cost $0 to Los Santos Police Department's budget fund.
[2022/12/23 - 8:00:12] Vehicle ID 0 (Slot ID 204) Maintainence fee cost $2,500 to Los Santos Police Department's budget fund.
[2022/12/23 - 8:00:12] Vehicle ID 0 (Slot ID 208) Maintainence fee cost $2,500 to Los Santos Police Department's budget fund.
[2022/12/23 - 8:00:12] Vehicle ID 0 (Slot ID 239) Maintainence fee cost $3,500 to Los Santos Police Department's budget fund.
[2022/12/23 - 8:00:12] Vehicle ID 0 (Slot ID 257) Maintainence fee cost $2,000 to Los Santos Police Department's budget fund.
[2022/12/23 - 8:00:12] Vehicle ID 0 (Slot ID 281) Maintainence fee cost $3,000 to Los Santos Police Department's budget fund.
[2022/12/23 - 8:00:12] Vehicle ID 395 (Slot ID 344) Maintainence fee cost $0 to Los Santos Police Department's budget fund.
[2022/12/23 - 8:00:12] Vehicle ID 413 (Slot ID 372) Maintainence fee cost $0 to Los Santos Police Department's budget fund.
[2022/12/23 - 8:00:12] Vehicle ID 0 (Slot ID 400) Maintainence fee cost $0 to Los Santos Police Department's budget fund.
[2022/12/23 - 8:00:12] Vehicle ID 424 (Slot ID 403) Maintainence fee cost $0 to Los Santos Police Department's budget fund.
[2022/12/23 - 8:00:12] Vehicle ID 0 (Slot ID 405) Maintainence fee cost $0 to Los Santos Police Department's budget fund.
[2022/12/23 - 9:00:13] The faction vault is at $398.
[2022/12/23 - 9:00:13] SA Gov Paid $100,000 to Los Santos Police Department budget fund.
[2022/12/23 - 9:00:13] Vehicle ID 0 (Slot ID 3) Maintainence fee cost $2,500 to Los Santos Police Department's budget fund.
[2022/12/23 - 9:00:13] Vehicle ID 0 (Slot ID 7) Maintainence fee cost $2,000 to Los Santos Police Department's budget fund.
[2022/12/23 - 9:00:13] Vehicle ID 0 (Slot ID 11) Maintainence fee cost $2,500 to Los Santos Police Department's budget fund.
[2022/12/23 - 9:00:13] Vehicle ID 243 (Slot ID 21) Maintainence fee cost $0 to Los Santos Police Department's budget fund.
[2022/12/23 - 9:00:13] Vehicle ID 0 (Slot ID 27) Maintainence fee cost $2,500 to Los Santos Police Department's budget fund.
[2022/12/23 - 9:00:13] Vehicle ID 0 (Slot ID 28) Maintainence fee cost $5,000 to Los Santos Police Department's budget fund.
[2022/12/23 - 9:00:13] Vehicle ID 0 (Slot ID 30) Maintainence fee cost $3,500 to Los Santos Police Department's budget fund.
[2022/12/23 - 9:00:13] Vehicle ID 246 (Slot ID 33) Maintainence fee cost $0 to Los Santos Police Department's budget fund.
[2022/12/23 - 9:00:13] Vehicle ID 0 (Slot ID 38) Maintainence fee cost $2,000 to Los Santos Police Department's budget fund.
[2022/12/23 - 9:00:13] Vehicle ID 249 (Slot ID 43) Maintainence fee cost $0 to Los Santos Police Department's budget fund.
[2022/12/23 - 9:00:13] Vehicle ID 0 (Slot ID 46) Maintainence fee cost $2,500 to Los Santos Police Department's budget fund.
[2022/12/23 - 9:00:13] Vehicle ID 0 (Slot ID 51) Maintainence fee cost $3,500 to Los Santos Police Department's budget fund.
[2022/12/23 - 9:00:13] Vehicle ID 0 (Slot ID 60) Maintainence fee cost $2,000 to Los Santos Police Department's budget fund.
[2022/12/23 - 9:00:13] Vehicle ID 0 (Slot ID 61) Maintainence fee cost $3,500 to Los Santos Police Department's budget fund.
[2022/12/23 - 9:00:13] Vehicle ID 0 (Slot ID 66) Maintainence fee cost $2,500 to Los Santos Police Department's budget fund.
[2022/12/23 - 9:00:13] Vehicle ID 0 (Slot ID 72) Maintainence fee cost $3,000 to Los Santos Police Department's budget fund.
[2022/12/23 - 9:00:13] Vehicle ID 0 (Slot ID 74) Maintainence fee cost $2,500 to Los Santos Police Department's budget fund.
[2022/12/23 - 9:00:13] Vehicle ID 0 (Slot ID 79) Maintainence fee cost $4,500 to Los Santos Police Department's budget fund.
[2022/12/23 - 9:00:13] Vehicle ID 0 (Slot ID 81) Maintainence fee cost $3,500 to Los Santos Police Department's budget fund.
[2022/12/23 - 9:00:13] Vehicle ID 0 (Slot ID 83) Maintainence fee cost $2,500 to Los Santos Police Department's budget fund.
[2022/12/23 - 9:00:13] Vehicle ID 0 (Slot ID 89) Maintainence fee cost $3,000 to Los Santos Police Department's budget fund.
[2022/12/23 - 9:00:13] Vehicle ID 0 (Slot ID 94) Maintainence fee cost $2,500 to Los Santos Police Department's budget fund.
[2022/12/23 - 9:00:13] Vehicle ID 0 (Slot ID 119) Maintainence fee cost $2,500 to Los Santos Police Department's budget fund.
[2022/12/23 - 9:00:13] Vehicle ID 0 (Slot ID 122) Maintainence fee cost $2,500 to Los Santos Police Department's budget fund.
[2022/12/23 - 9:00:13] Vehicle ID 0 (Slot ID 130) Maintainence fee cost $2,500 to Los Santos Police Department's budget fund.
[2022/12/23 - 9:00:13] Vehicle ID 0 (Slot ID 131) Maintainence fee cost $2,500 to Los Santos Police Department's budget fund.
[2022/12/23 - 9:00:13] Vehicle ID 0 (Slot ID 133) Maintainence fee cost $2,500 to Los Santos Police Department's budget fund.
[2022/12/23 - 9:00:13] Vehicle ID 0 (Slot ID 141) Maintainence fee cost $2,500 to Los Santos Police Department's budget fund.
[2022/12/23 - 9:00:13] Vehicle ID 0 (Slot ID 143) Maintainence fee cost $2,500 to Los Santos Police Department's budget fund.
[2022/12/23 - 9:00:13] Vehicle ID 0 (Slot ID 145) Maintainence fee cost $2,500 to Los Santos Police Department's budget fund.
[2022/12/23 - 9:00:13] Vehicle ID 0 (Slot ID 148) Maintainence fee cost $2,500 to Los Santos Police Department's budget fund.
[2022/12/23 - 9:00:13] Vehicle ID 0 (Slot ID 156) Maintainence fee cost $2,500 to Los Santos Police Department's budget fund.
[2022/12/23 - 9:00:13] Vehicle ID 0 (Slot ID 161) Maintainence fee cost $2,500 to Los Santos Police Department's budget fund.
[2022/12/23 - 9:00:13] Vehicle ID 0 (Slot ID 165) Maintainence fee cost $3,500 to Los Santos Police Department's budget fund.
[2022/12/23 - 9:00:13] Vehicle ID 295 (Slot ID 179) Maintainence fee cost $0 to Los Santos Police Department's budget fund.
[2022/12/23 - 9:00:13] Vehicle ID 0 (Slot ID 204) Maintainence fee cost $2,500 to Los Santos Police Department's budget fund.
[2022/12/23 - 9:00:13] Vehicle ID 0 (Slot ID 208) Maintainence fee cost $2,500 to Los Santos Police Department's budget fund.
[2022/12/23 - 9:00:13] Vehicle ID 0 (Slot ID 239) Maintainence fee cost $3,500 to Los Santos Police Department's budget fund.
[2022/12/23 - 9:00:13] Vehicle ID 0 (Slot ID 257) Maintainence fee cost $2,000 to Los Santos Police Department's budget fund.
[2022/12/23 - 9:00:13] Vehicle ID 0 (Slot ID 281) Maintainence fee cost $3,000 to Los Santos Police Department's budget fund.
[2022/12/23 - 9:00:13] Vehicle ID 395 (Slot ID 344) Maintainence fee cost $0 to Los Santos Police Department's budget fund.
[2022/12/23 - 9:00:13] Vehicle ID 413 (Slot ID 372) Maintainence fee cost $0 to Los Santos Police Department's budget fund.
[2022/12/23 - 9:00:13] Vehicle ID 0 (Slot ID 400) Maintainence fee cost $0 to Los Santos Police Department's budget fund.
[2022/12/23 - 9:00:13] Vehicle ID 424 (Slot ID 403) Maintainence fee cost $0 to Los Santos Police Department's budget fund.
[2022/12/23 - 9:00:13] Vehicle ID 0 (Slot ID 405) Maintainence fee cost $0 to Los Santos Police Department's budget fund.
[2022/12/23 - 10:00:12] The faction vault is at $398.
[2022/12/23 - 10:00:12] SA Gov Paid $100,000 to Los Santos Police Department budget fund.
[2022/12/23 - 10:00:12] Vehicle ID 0 (Slot ID 3) Maintainence fee cost $2,500 to Los Santos Police Department's budget fund.
[2022/12/23 - 10:00:12] Vehicle ID 0 (Slot ID 7) Maintainence fee cost $2,000 to Los Santos Police Department's budget fund.
[2022/12/23 - 10:00:12] Vehicle ID 0 (Slot ID 11) Maintainence fee cost $2,500 to Los Santos Police Department's budget fund.
[2022/12/23 - 10:00:12] Vehicle ID 243 (Slot ID 21) Maintainence fee cost $0 to Los Santos Police Department's budget fund.
[2022/12/23 - 10:00:12] Vehicle ID 0 (Slot ID 27) Maintainence fee cost $2,500 to Los Santos Police Department's budget fund.
[2022/12/23 - 10:00:12] Vehicle ID 0 (Slot ID 28) Maintainence fee cost $5,000 to Los Santos Police Department's budget fund.
[2022/12/23 - 10:00:12] Vehicle ID 0 (Slot ID 30) Maintainence fee cost $3,500 to Los Santos Police Department's budget fund.
[2022/12/23 - 10:00:12] Vehicle ID 246 (Slot ID 33) Maintainence fee cost $0 to Los Santos Police Department's budget fund.
[2022/12/23 - 10:00:12] Vehicle ID 0 (Slot ID 38) Maintainence fee cost $2,000 to Los Santos Police Department's budget fund.
[2022/12/23 - 10:00:12] Vehicle ID 249 (Slot ID 43) Maintainence fee cost $0 to Los Santos Police Department's budget fund.
[2022/12/23 - 10:00:12] Vehicle ID 0 (Slot ID 46) Maintainence fee cost $2,500 to Los Santos Police Department's budget fund.
[2022/12/23 - 10:00:12] Vehicle ID 0 (Slot ID 51) Maintainence fee cost $3,500 to Los Santos Police Department's budget fund.
[2022/12/23 - 10:00:12] Vehicle ID 0 (Slot ID 60) Maintainence fee cost $2,000 to Los Santos Police Department's budget fund.
[2022/12/23 - 10:00:12] Vehicle ID 0 (Slot ID 61) Maintainence fee cost $3,500 to Los Santos Police Department's budget fund.
[2022/12/23 - 10:00:12] Vehicle ID 0 (Slot ID 66) Maintainence fee cost $2,500 to Los Santos Police Department's budget fund.
[2022/12/23 - 10:00:12] Vehicle ID 0 (Slot ID 72) Maintainence fee cost $3,000 to Los Santos Police Department's budget fund.
[2022/12/23 - 10:00:12] Vehicle ID 0 (Slot ID 74) Maintainence fee cost $2,500 to Los Santos Police Department's budget fund.
[2022/12/23 - 10:00:12] Vehicle ID 0 (Slot ID 79) Maintainence fee cost $4,500 to Los Santos Police Department's budget fund.
[2022/12/23 - 10:00:12] Vehicle ID 0 (Slot ID 81) Maintainence fee cost $3,500 to Los Santos Police Department's budget fund.
[2022/12/23 - 10:00:12] Vehicle ID 0 (Slot ID 83) Maintainence fee cost $2,500 to Los Santos Police Department's budget fund.
[2022/12/23 - 10:00:12] Vehicle ID 0 (Slot ID 89) Maintainence fee cost $3,000 to Los Santos Police Department's budget fund.
[2022/12/23 - 10:00:12] Vehicle ID 0 (Slot ID 94) Maintainence fee cost $2,500 to Los Santos Police Department's budget fund.
[2022/12/23 - 10:00:12] Vehicle ID 0 (Slot ID 119) Maintainence fee cost $2,500 to Los Santos Police Department's budget fund.
[2022/12/23 - 10:00:12] Vehicle ID 0 (Slot ID 122) Maintainence fee cost $2,500 to Los Santos Police Department's budget fund.
[2022/12/23 - 10:00:12] Vehicle ID 0 (Slot ID 130) Maintainence fee cost $2,500 to Los Santos Police Department's budget fund.
[2022/12/23 - 10:00:12] Vehicle ID 0 (Slot ID 131) Maintainence fee cost $2,500 to Los Santos Police Department's budget fund.
[2022/12/23 - 10:00:12] Vehicle ID 0 (Slot ID 133) Maintainence fee cost $2,500 to Los Santos Police Department's budget fund.
[2022/12/23 - 10:00:12] Vehicle ID 0 (Slot ID 141) Maintainence fee cost $2,500 to Los Santos Police Department's budget fund.
[2022/12/23 - 10:00:12] Vehicle ID 0 (Slot ID 143) Maintainence fee cost $2,500 to Los Santos Police Department's budget fund.
[2022/12/23 - 10:00:12] Vehicle ID 0 (Slot ID 145) Maintainence fee cost $2,500 to Los Santos Police Department's budget fund.
[2022/12/23 - 10:00:12] Vehicle ID 0 (Slot ID 148) Maintainence fee cost $2,500 to Los Santos Police Department's budget fund.
[2022/12/23 - 10:00:12] Vehicle ID 0 (Slot ID 156) Maintainence fee cost $2,500 to Los Santos Police Department's budget fund.
[2022/12/23 - 10:00:12] Vehicle ID 0 (Slot ID 161) Maintainence fee cost $2,500 to Los Santos Police Department's budget fund.
[2022/12/23 - 10:00:12] Vehicle ID 0 (Slot ID 165) Maintainence fee cost $3,500 to Los Santos Police Department's budget fund.
[2022/12/23 - 10:00:12] Vehicle ID 295 (Slot ID 179) Maintainence fee cost $0 to Los Santos Police Department's budget fund.
[2022/12/23 - 10:00:12] Vehicle ID 0 (Slot ID 204) Maintainence fee cost $2,500 to Los Santos Police Department's budget fund.
[2022/12/23 - 10:00:12] Vehicle ID 0 (Slot ID 208) Maintainence fee cost $2,500 to Los Santos Police Department's budget fund.
[2022/12/23 - 10:00:12] Vehicle ID 0 (Slot ID 239) Maintainence fee cost $3,500 to Los Santos Police Department's budget fund.
[2022/12/23 - 10:00:12] Vehicle ID 0 (Slot ID 257) Maintainence fee cost $2,000 to Los Santos Police Department's budget fund.
[2022/12/23 - 10:00:12] Vehicle ID 0 (Slot ID 281) Maintainence fee cost $3,000 to Los Santos Police Department's budget fund.
[2022/12/23 - 10:00:12] Vehicle ID 395 (Slot ID 344) Maintainence fee cost $0 to Los Santos Police Department's budget fund.
[2022/12/23 - 10:00:12] Vehicle ID 413 (Slot ID 372) Maintainence fee cost $0 to Los Santos Police Department's budget fund.
[2022/12/23 - 10:00:12] Vehicle ID 0 (Slot ID 400) Maintainence fee cost $0 to Los Santos Police Department's budget fund.
[2022/12/23 - 10:00:12] Vehicle ID 424 (Slot ID 403) Maintainence fee cost $0 to Los Santos Police Department's budget fund.
[2022/12/23 - 10:00:12] Vehicle ID 0 (Slot ID 405) Maintainence fee cost $0 to Los Santos Police Department's budget fund.
[2022/12/23 - 11:00:11] The faction vault is at $398.
[2022/12/23 - 11:00:11] SA Gov Paid $100,000 to Los Santos Police Department budget fund.
[2022/12/23 - 11:00:11] Vehicle ID 0 (Slot ID 3) Maintainence fee cost $2,500 to Los Santos Police Department's budget fund.
[2022/12/23 - 11:00:11] Vehicle ID 0 (Slot ID 7) Maintainence fee cost $2,000 to Los Santos Police Department's budget fund.
[2022/12/23 - 11:00:11] Vehicle ID 0 (Slot ID 11) Maintainence fee cost $2,500 to Los Santos Police Department's budget fund.
[2022/12/23 - 11:00:11] Vehicle ID 243 (Slot ID 21) Maintainence fee cost $0 to Los Santos Police Department's budget fund.
[2022/12/23 - 11:00:11] Vehicle ID 0 (Slot ID 27) Maintainence fee cost $2,500 to Los Santos Police Department's budget fund.
[2022/12/23 - 11:00:11] Vehicle ID 0 (Slot ID 28) Maintainence fee cost $5,000 to Los Santos Police Department's budget fund.
[2022/12/23 - 11:00:11] Vehicle ID 0 (Slot ID 30) Maintainence fee cost $3,500 to Los Santos Police Department's budget fund.
[2022/12/23 - 11:00:11] Vehicle ID 246 (Slot ID 33) Maintainence fee cost $0 to Los Santos Police Department's budget fund.
[2022/12/23 - 11:00:11] Vehicle ID 0 (Slot ID 38) Maintainence fee cost $2,000 to Los Santos Police Department's budget fund.
[2022/12/23 - 11:00:11] Vehicle ID 249 (Slot ID 43) Maintainence fee cost $0 to Los Santos Police Department's budget fund.
[2022/12/23 - 11:00:11] Vehicle ID 0 (Slot ID 46) Maintainence fee cost $2,500 to Los Santos Police Department's budget fund.
[2022/12/23 - 11:00:11] Vehicle ID 0 (Slot ID 51) Maintainence fee cost $3,500 to Los Santos Police Department's budget fund.
[2022/12/23 - 11:00:11] Vehicle ID 0 (Slot ID 60) Maintainence fee cost $2,000 to Los Santos Police Department's budget fund.
[2022/12/23 - 11:00:11] Vehicle ID 0 (Slot ID 61) Maintainence fee cost $3,500 to Los Santos Police Department's budget fund.
[2022/12/23 - 11:00:11] Vehicle ID 0 (Slot ID 66) Maintainence fee cost $2,500 to Los Santos Police Department's budget fund.
[2022/12/23 - 11:00:11] Vehicle ID 0 (Slot ID 72) Maintainence fee cost $3,000 to Los Santos Police Department's budget fund.
[2022/12/23 - 11:00:11] Vehicle ID 0 (Slot ID 74) Maintainence fee cost $2,500 to Los Santos Police Department's budget fund.
[2022/12/23 - 11:00:11] Vehicle ID 0 (Slot ID 79) Maintainence fee cost $4,500 to Los Santos Police Department's budget fund.
[2022/12/23 - 11:00:11] Vehicle ID 0 (Slot ID 81) Maintainence fee cost $3,500 to Los Santos Police Department's budget fund.
[2022/12/23 - 11:00:11] Vehicle ID 0 (Slot ID 83) Maintainence fee cost $2,500 to Los Santos Police Department's budget fund.
[2022/12/23 - 11:00:11] Vehicle ID 0 (Slot ID 89) Maintainence fee cost $3,000 to Los Santos Police Department's budget fund.
[2022/12/23 - 11:00:11] Vehicle ID 0 (Slot ID 94) Maintainence fee cost $2,500 to Los Santos Police Department's budget fund.
[2022/12/23 - 11:00:11] Vehicle ID 0 (Slot ID 119) Maintainence fee cost $2,500 to Los Santos Police Department's budget fund.
[2022/12/23 - 11:00:11] Vehicle ID 0 (Slot ID 122) Maintainence fee cost $2,500 to Los Santos Police Department's budget fund.
[2022/12/23 - 11:00:11] Vehicle ID 0 (Slot ID 130) Maintainence fee cost $2,500 to Los Santos Police Department's budget fund.
[2022/12/23 - 11:00:11] Vehicle ID 0 (Slot ID 131) Maintainence fee cost $2,500 to Los Santos Police Department's budget fund.
[2022/12/23 - 11:00:11] Vehicle ID 0 (Slot ID 133) Maintainence fee cost $2,500 to Los Santos Police Department's budget fund.
[2022/12/23 - 11:00:11] Vehicle ID 0 (Slot ID 141) Maintainence fee cost $2,500 to Los Santos Police Department's budget fund.
[2022/12/23 - 11:00:11] Vehicle ID 0 (Slot ID 143) Maintainence fee cost $2,500 to Los Santos Police Department's budget fund.
[2022/12/23 - 11:00:11] Vehicle ID 0 (Slot ID 145) Maintainence fee cost $2,500 to Los Santos Police Department's budget fund.
[2022/12/23 - 11:00:11] Vehicle ID 0 (Slot ID 148) Maintainence fee cost $2,500 to Los Santos Police Department's budget fund.
[2022/12/23 - 11:00:11] Vehicle ID 0 (Slot ID 156) Maintainence fee cost $2,500 to Los Santos Police Department's budget fund.
[2022/12/23 - 11:00:11] Vehicle ID 0 (Slot ID 161) Maintainence fee cost $2,500 to Los Santos Police Department's budget fund.
[2022/12/23 - 11:00:11] Vehicle ID 0 (Slot ID 165) Maintainence fee cost $3,500 to Los Santos Police Department's budget fund.
[2022/12/23 - 11:00:11] Vehicle ID 295 (Slot ID 179) Maintainence fee cost $0 to Los Santos Police Department's budget fund.
[2022/12/23 - 11:00:11] Vehicle ID 0 (Slot ID 204) Maintainence fee cost $2,500 to Los Santos Police Department's budget fund.
[2022/12/23 - 11:00:11] Vehicle ID 0 (Slot ID 208) Maintainence fee cost $2,500 to Los Santos Police Department's budget fund.
[2022/12/23 - 11:00:11] Vehicle ID 0 (Slot ID 239) Maintainence fee cost $3,500 to Los Santos Police Department's budget fund.
[2022/12/23 - 11:00:11] Vehicle ID 0 (Slot ID 257) Maintainence fee cost $2,000 to Los Santos Police Department's budget fund.
[2022/12/23 - 11:00:11] Vehicle ID 0 (Slot ID 281) Maintainence fee cost $3,000 to Los Santos Police Department's budget fund.
[2022/12/23 - 11:00:11] Vehicle ID 395 (Slot ID 344) Maintainence fee cost $0 to Los Santos Police Department's budget fund.
[2022/12/23 - 11:00:11] Vehicle ID 413 (Slot ID 372) Maintainence fee cost $0 to Los Santos Police Department's budget fund.
[2022/12/23 - 11:00:11] Vehicle ID 0 (Slot ID 400) Maintainence fee cost $0 to Los Santos Police Department's budget fund.
[2022/12/23 - 11:00:11] Vehicle ID 424 (Slot ID 403) Maintainence fee cost $0 to Los Santos Police Department's budget fund.
[2022/12/23 - 11:00:11] Vehicle ID 0 (Slot ID 405) Maintainence fee cost $0 to Los Santos Police Department's budget fund.
[2022/12/23 - 12:00:04] The faction vault is at $398.
[2022/12/23 - 12:00:04] SA Gov Paid $100,000 to Los Santos Police Department budget fund.
[2022/12/23 - 12:00:04] Vehicle ID 0 (Slot ID 3) Maintainence fee cost $2,500 to Los Santos Police Department's budget fund.
[2022/12/23 - 12:00:04] Vehicle ID 0 (Slot ID 7) Maintainence fee cost $2,000 to Los Santos Police Department's budget fund.
[2022/12/23 - 12:00:04] Vehicle ID 0 (Slot ID 11) Maintainence fee cost $2,500 to Los Santos Police Department's budget fund.
[2022/12/23 - 12:00:04] Vehicle ID 243 (Slot ID 21) Maintainence fee cost $0 to Los Santos Police Department's budget fund.
[2022/12/23 - 12:00:04] Vehicle ID 0 (Slot ID 27) Maintainence fee cost $2,500 to Los Santos Police Department's budget fund.
[2022/12/23 - 12:00:04] Vehicle ID 0 (Slot ID 28) Maintainence fee cost $5,000 to Los Santos Police Department's budget fund.
[2022/12/23 - 12:00:04] Vehicle ID 0 (Slot ID 30) Maintainence fee cost $3,500 to Los Santos Police Department's budget fund.
[2022/12/23 - 12:00:04] Vehicle ID 246 (Slot ID 33) Maintainence fee cost $0 to Los Santos Police Department's budget fund.
[2022/12/23 - 12:00:04] Vehicle ID 0 (Slot ID 38) Maintainence fee cost $2,000 to Los Santos Police Department's budget fund.
[2022/12/23 - 12:00:04] Vehicle ID 249 (Slot ID 43) Maintainence fee cost $0 to Los Santos Police Department's budget fund.
[2022/12/23 - 12:00:04] Vehicle ID 0 (Slot ID 46) Maintainence fee cost $2,500 to Los Santos Police Department's budget fund.
[2022/12/23 - 12:00:04] Vehicle ID 0 (Slot ID 51) Maintainence fee cost $3,500 to Los Santos Police Department's budget fund.
[2022/12/23 - 12:00:04] Vehicle ID 0 (Slot ID 60) Maintainence fee cost $2,000 to Los Santos Police Department's budget fund.
[2022/12/23 - 12:00:04] Vehicle ID 0 (Slot ID 61) Maintainence fee cost $3,500 to Los Santos Police Department's budget fund.
[2022/12/23 - 12:00:04] Vehicle ID 0 (Slot ID 66) Maintainence fee cost $2,500 to Los Santos Police Department's budget fund.
[2022/12/23 - 12:00:04] Vehicle ID 0 (Slot ID 72) Maintainence fee cost $3,000 to Los Santos Police Department's budget fund.
[2022/12/23 - 12:00:04] Vehicle ID 0 (Slot ID 74) Maintainence fee cost $2,500 to Los Santos Police Department's budget fund.
[2022/12/23 - 12:00:04] Vehicle ID 0 (Slot ID 79) Maintainence fee cost $4,500 to Los Santos Police Department's budget fund.
[2022/12/23 - 12:00:04] Vehicle ID 0 (Slot ID 81) Maintainence fee cost $3,500 to Los Santos Police Department's budget fund.
[2022/12/23 - 12:00:04] Vehicle ID 0 (Slot ID 83) Maintainence fee cost $2,500 to Los Santos Police Department's budget fund.
[2022/12/23 - 12:00:04] Vehicle ID 0 (Slot ID 89) Maintainence fee cost $3,000 to Los Santos Police Department's budget fund.
[2022/12/23 - 12:00:04] Vehicle ID 0 (Slot ID 94) Maintainence fee cost $2,500 to Los Santos Police Department's budget fund.
[2022/12/23 - 12:00:04] Vehicle ID 0 (Slot ID 119) Maintainence fee cost $2,500 to Los Santos Police Department's budget fund.
[2022/12/23 - 12:00:04] Vehicle ID 0 (Slot ID 122) Maintainence fee cost $2,500 to Los Santos Police Department's budget fund.
[2022/12/23 - 12:00:04] Vehicle ID 0 (Slot ID 130) Maintainence fee cost $2,500 to Los Santos Police Department's budget fund.
[2022/12/23 - 12:00:04] Vehicle ID 0 (Slot ID 131) Maintainence fee cost $2,500 to Los Santos Police Department's budget fund.
[2022/12/23 - 12:00:04] Vehicle ID 0 (Slot ID 133) Maintainence fee cost $2,500 to Los Santos Police Department's budget fund.
[2022/12/23 - 12:00:04] Vehicle ID 0 (Slot ID 141) Maintainence fee cost $2,500 to Los Santos Police Department's budget fund.
[2022/12/23 - 12:00:04] Vehicle ID 0 (Slot ID 143) Maintainence fee cost $2,500 to Los Santos Police Department's budget fund.
[2022/12/23 - 12:00:04] Vehicle ID 0 (Slot ID 145) Maintainence fee cost $2,500 to Los Santos Police Department's budget fund.
[2022/12/23 - 12:00:04] Vehicle ID 0 (Slot ID 148) Maintainence fee cost $2,500 to Los Santos Police Department's budget fund.
[2022/12/23 - 12:00:04] Vehicle ID 0 (Slot ID 156) Maintainence fee cost $2,500 to Los Santos Police Department's budget fund.
[2022/12/23 - 12:00:04] Vehicle ID 0 (Slot ID 161) Maintainence fee cost $2,500 to Los Santos Police Department's budget fund.
[2022/12/23 - 12:00:04] Vehicle ID 0 (Slot ID 165) Maintainence fee cost $3,500 to Los Santos Police Department's budget fund.
[2022/12/23 - 12:00:04] Vehicle ID 295 (Slot ID 179) Maintainence fee cost $0 to Los Santos Police Department's budget fund.
[2022/12/23 - 12:00:04] Vehicle ID 0 (Slot ID 204) Maintainence fee cost $2,500 to Los Santos Police Department's budget fund.
[2022/12/23 - 12:00:04] Vehicle ID 0 (Slot ID 208) Maintainence fee cost $2,500 to Los Santos Police Department's budget fund.
[2022/12/23 - 12:00:04] Vehicle ID 0 (Slot ID 239) Maintainence fee cost $3,500 to Los Santos Police Department's budget fund.
[2022/12/23 - 12:00:04] Vehicle ID 0 (Slot ID 257) Maintainence fee cost $2,000 to Los Santos Police Department's budget fund.
[2022/12/23 - 12:00:04] Vehicle ID 0 (Slot ID 281) Maintainence fee cost $3,000 to Los Santos Police Department's budget fund.
[2022/12/23 - 12:00:04] Vehicle ID 395 (Slot ID 344) Maintainence fee cost $0 to Los Santos Police Department's budget fund.
[2022/12/23 - 12:00:04] Vehicle ID 413 (Slot ID 372) Maintainence fee cost $0 to Los Santos Police Department's budget fund.
[2022/12/23 - 12:00:04] Vehicle ID 0 (Slot ID 400) Maintainence fee cost $0 to Los Santos Police Department's budget fund.
[2022/12/23 - 12:00:04] Vehicle ID 424 (Slot ID 403) Maintainence fee cost $0 to Los Santos Police Department's budget fund.
[2022/12/23 - 12:00:04] Vehicle ID 0 (Slot ID 405) Maintainence fee cost $0 to Los Santos Police Department's budget fund.
[2022/12/23 - 13:00:48] The faction vault is at $398.
[2022/12/23 - 13:00:48] SA Gov Paid $100,000 to Los Santos Police Department budget fund.
[2022/12/23 - 13:00:48] Vehicle ID 0 (Slot ID 3) Maintainence fee cost $2,500 to Los Santos Police Department's budget fund.
[2022/12/23 - 13:00:48] Vehicle ID 0 (Slot ID 7) Maintainence fee cost $2,000 to Los Santos Police Department's budget fund.
[2022/12/23 - 13:00:48] Vehicle ID 0 (Slot ID 11) Maintainence fee cost $2,500 to Los Santos Police Department's budget fund.
[2022/12/23 - 13:00:48] Vehicle ID 243 (Slot ID 21) Maintainence fee cost $0 to Los Santos Police Department's budget fund.
[2022/12/23 - 13:00:48] Vehicle ID 0 (Slot ID 27) Maintainence fee cost $2,500 to Los Santos Police Department's budget fund.
[2022/12/23 - 13:00:48] Vehicle ID 0 (Slot ID 28) Maintainence fee cost $5,000 to Los Santos Police Department's budget fund.
[2022/12/23 - 13:00:48] Vehicle ID 0 (Slot ID 30) Maintainence fee cost $3,500 to Los Santos Police Department's budget fund.
[2022/12/23 - 13:00:48] Vehicle ID 246 (Slot ID 33) Maintainence fee cost $0 to Los Santos Police Department's budget fund.
[2022/12/23 - 13:00:48] Vehicle ID 0 (Slot ID 38) Maintainence fee cost $2,000 to Los Santos Police Department's budget fund.
[2022/12/23 - 13:00:48] Vehicle ID 249 (Slot ID 43) Maintainence fee cost $0 to Los Santos Police Department's budget fund.
[2022/12/23 - 13:00:48] Vehicle ID 0 (Slot ID 46) Maintainence fee cost $2,500 to Los Santos Police Department's budget fund.
[2022/12/23 - 13:00:48] Vehicle ID 0 (Slot ID 51) Maintainence fee cost $3,500 to Los Santos Police Department's budget fund.
[2022/12/23 - 13:00:48] Vehicle ID 0 (Slot ID 60) Maintainence fee cost $2,000 to Los Santos Police Department's budget fund.
[2022/12/23 - 13:00:48] Vehicle ID 0 (Slot ID 61) Maintainence fee cost $3,500 to Los Santos Police Department's budget fund.
[2022/12/23 - 13:00:48] Vehicle ID 0 (Slot ID 66) Maintainence fee cost $2,500 to Los Santos Police Department's budget fund.
[2022/12/23 - 13:00:48] Vehicle ID 0 (Slot ID 72) Maintainence fee cost $3,000 to Los Santos Police Department's budget fund.
[2022/12/23 - 13:00:48] Vehicle ID 0 (Slot ID 74) Maintainence fee cost $2,500 to Los Santos Police Department's budget fund.
[2022/12/23 - 13:00:48] Vehicle ID 0 (Slot ID 79) Maintainence fee cost $4,500 to Los Santos Police Department's budget fund.
[2022/12/23 - 13:00:48] Vehicle ID 0 (Slot ID 81) Maintainence fee cost $3,500 to Los Santos Police Department's budget fund.
[2022/12/23 - 13:00:48] Vehicle ID 0 (Slot ID 83) Maintainence fee cost $2,500 to Los Santos Police Department's budget fund.
[2022/12/23 - 13:00:48] Vehicle ID 0 (Slot ID 89) Maintainence fee cost $3,000 to Los Santos Police Department's budget fund.
[2022/12/23 - 13:00:48] Vehicle ID 0 (Slot ID 94) Maintainence fee cost $2,500 to Los Santos Police Department's budget fund.
[2022/12/23 - 13:00:48] Vehicle ID 0 (Slot ID 119) Maintainence fee cost $2,500 to Los Santos Police Department's budget fund.
[2022/12/23 - 13:00:48] Vehicle ID 0 (Slot ID 122) Maintainence fee cost $2,500 to Los Santos Police Department's budget fund.
[2022/12/23 - 13:00:48] Vehicle ID 0 (Slot ID 130) Maintainence fee cost $2,500 to Los Santos Police Department's budget fund.
[2022/12/23 - 13:00:48] Vehicle ID 0 (Slot ID 131) Maintainence fee cost $2,500 to Los Santos Police Department's budget fund.
[2022/12/23 - 13:00:48] Vehicle ID 0 (Slot ID 133) Maintainence fee cost $2,500 to Los Santos Police Department's budget fund.
[2022/12/23 - 13:00:48] Vehicle ID 0 (Slot ID 141) Maintainence fee cost $2,500 to Los Santos Police Department's budget fund.
[2022/12/23 - 13:00:48] Vehicle ID 0 (Slot ID 143) Maintainence fee cost $2,500 to Los Santos Police Department's budget fund.
[2022/12/23 - 13:00:48] Vehicle ID 0 (Slot ID 145) Maintainence fee cost $2,500 to Los Santos Police Department's budget fund.
[2022/12/23 - 13:00:48] Vehicle ID 0 (Slot ID 148) Maintainence fee cost $2,500 to Los Santos Police Department's budget fund.
[2022/12/23 - 13:00:48] Vehicle ID 0 (Slot ID 156) Maintainence fee cost $2,500 to Los Santos Police Department's budget fund.
[2022/12/23 - 13:00:48] Vehicle ID 0 (Slot ID 161) Maintainence fee cost $2,500 to Los Santos Police Department's budget fund.
[2022/12/23 - 13:00:48] Vehicle ID 0 (Slot ID 165) Maintainence fee cost $3,500 to Los Santos Police Department's budget fund.
[2022/12/23 - 13:00:48] Vehicle ID 295 (Slot ID 179) Maintainence fee cost $0 to Los Santos Police Department's budget fund.
[2022/12/23 - 13:00:48] Vehicle ID 0 (Slot ID 204) Maintainence fee cost $2,500 to Los Santos Police Department's budget fund.
[2022/12/23 - 13:00:48] Vehicle ID 0 (Slot ID 208) Maintainence fee cost $2,500 to Los Santos Police Department's budget fund.
[2022/12/23 - 13:00:48] Vehicle ID 0 (Slot ID 239) Maintainence fee cost $3,500 to Los Santos Police Department's budget fund.
[2022/12/23 - 13:00:48] Vehicle ID 0 (Slot ID 257) Maintainence fee cost $2,000 to Los Santos Police Department's budget fund.
[2022/12/23 - 13:00:48] Vehicle ID 0 (Slot ID 281) Maintainence fee cost $3,000 to Los Santos Police Department's budget fund.
[2022/12/23 - 13:00:48] Vehicle ID 395 (Slot ID 344) Maintainence fee cost $0 to Los Santos Police Department's budget fund.
[2022/12/23 - 13:00:48] Vehicle ID 413 (Slot ID 372) Maintainence fee cost $0 to Los Santos Police Department's budget fund.
[2022/12/23 - 13:00:48] Vehicle ID 0 (Slot ID 400) Maintainence fee cost $0 to Los Santos Police Department's budget fund.
[2022/12/23 - 13:00:48] Vehicle ID 424 (Slot ID 403) Maintainence fee cost $0 to Los Santos Police Department's budget fund.
[2022/12/23 - 13:00:48] Vehicle ID 0 (Slot ID 405) Maintainence fee cost $0 to Los Santos Police Department's budget fund.
[2022/12/23 - 14:00:44] The faction vault is at $398.
[2022/12/23 - 14:00:44] SA Gov Paid $100,000 to Los Santos Police Department budget fund.
[2022/12/23 - 14:00:44] Vehicle ID 0 (Slot ID 3) Maintainence fee cost $2,500 to Los Santos Police Department's budget fund.
[2022/12/23 - 14:00:44] Vehicle ID 0 (Slot ID 7) Maintainence fee cost $2,000 to Los Santos Police Department's budget fund.
[2022/12/23 - 14:00:44] Vehicle ID 0 (Slot ID 11) Maintainence fee cost $2,500 to Los Santos Police Department's budget fund.
[2022/12/23 - 14:00:44] Vehicle ID 243 (Slot ID 21) Maintainence fee cost $0 to Los Santos Police Department's budget fund.
[2022/12/23 - 14:00:44] Vehicle ID 0 (Slot ID 27) Maintainence fee cost $2,500 to Los Santos Police Department's budget fund.
[2022/12/23 - 14:00:44] Vehicle ID 0 (Slot ID 28) Maintainence fee cost $5,000 to Los Santos Police Department's budget fund.
[2022/12/23 - 14:00:44] Vehicle ID 0 (Slot ID 30) Maintainence fee cost $3,500 to Los Santos Police Department's budget fund.
[2022/12/23 - 14:00:44] Vehicle ID 246 (Slot ID 33) Maintainence fee cost $0 to Los Santos Police Department's budget fund.
[2022/12/23 - 14:00:44] Vehicle ID 0 (Slot ID 38) Maintainence fee cost $2,000 to Los Santos Police Department's budget fund.
[2022/12/23 - 14:00:44] Vehicle ID 249 (Slot ID 43) Maintainence fee cost $0 to Los Santos Police Department's budget fund.
[2022/12/23 - 14:00:44] Vehicle ID 0 (Slot ID 46) Maintainence fee cost $2,500 to Los Santos Police Department's budget fund.
[2022/12/23 - 14:00:44] Vehicle ID 0 (Slot ID 51) Maintainence fee cost $3,500 to Los Santos Police Department's budget fund.
[2022/12/23 - 14:00:44] Vehicle ID 0 (Slot ID 60) Maintainence fee cost $2,000 to Los Santos Police Department's budget fund.
[2022/12/23 - 14:00:44] Vehicle ID 0 (Slot ID 61) Maintainence fee cost $3,500 to Los Santos Police Department's budget fund.
[2022/12/23 - 14:00:44] Vehicle ID 0 (Slot ID 66) Maintainence fee cost $2,500 to Los Santos Police Department's budget fund.
[2022/12/23 - 14:00:44] Vehicle ID 0 (Slot ID 72) Maintainence fee cost $3,000 to Los Santos Police Department's budget fund.
[2022/12/23 - 14:00:44] Vehicle ID 0 (Slot ID 74) Maintainence fee cost $2,500 to Los Santos Police Department's budget fund.
[2022/12/23 - 14:00:44] Vehicle ID 0 (Slot ID 79) Maintainence fee cost $4,500 to Los Santos Police Department's budget fund.
[2022/12/23 - 14:00:44] Vehicle ID 0 (Slot ID 81) Maintainence fee cost $3,500 to Los Santos Police Department's budget fund.
[2022/12/23 - 14:00:44] Vehicle ID 0 (Slot ID 83) Maintainence fee cost $2,500 to Los Santos Police Department's budget fund.
[2022/12/23 - 14:00:44] Vehicle ID 0 (Slot ID 89) Maintainence fee cost $3,000 to Los Santos Police Department's budget fund.
[2022/12/23 - 14:00:44] Vehicle ID 0 (Slot ID 94) Maintainence fee cost $2,500 to Los Santos Police Department's budget fund.
[2022/12/23 - 14:00:44] Vehicle ID 0 (Slot ID 119) Maintainence fee cost $2,500 to Los Santos Police Department's budget fund.
[2022/12/23 - 14:00:44] Vehicle ID 0 (Slot ID 122) Maintainence fee cost $2,500 to Los Santos Police Department's budget fund.
[2022/12/23 - 14:00:44] Vehicle ID 0 (Slot ID 130) Maintainence fee cost $2,500 to Los Santos Police Department's budget fund.
[2022/12/23 - 14:00:44] Vehicle ID 0 (Slot ID 131) Maintainence fee cost $2,500 to Los Santos Police Department's budget fund.
[2022/12/23 - 14:00:44] Vehicle ID 0 (Slot ID 133) Maintainence fee cost $2,500 to Los Santos Police Department's budget fund.
[2022/12/23 - 14:00:44] Vehicle ID 0 (Slot ID 141) Maintainence fee cost $2,500 to Los Santos Police Department's budget fund.
[2022/12/23 - 14:00:44] Vehicle ID 0 (Slot ID 143) Maintainence fee cost $2,500 to Los Santos Police Department's budget fund.
[2022/12/23 - 14:00:44] Vehicle ID 0 (Slot ID 145) Maintainence fee cost $2,500 to Los Santos Police Department's budget fund.
[2022/12/23 - 14:00:44] Vehicle ID 0 (Slot ID 148) Maintainence fee cost $2,500 to Los Santos Police Department's budget fund.
[2022/12/23 - 14:00:44] Vehicle ID 0 (Slot ID 156) Maintainence fee cost $2,500 to Los Santos Police Department's budget fund.
[2022/12/23 - 14:00:44] Vehicle ID 0 (Slot ID 161) Maintainence fee cost $2,500 to Los Santos Police Department's budget fund.
[2022/12/23 - 14:00:44] Vehicle ID 0 (Slot ID 165) Maintainence fee cost $3,500 to Los Santos Police Department's budget fund.
[2022/12/23 - 14:00:44] Vehicle ID 295 (Slot ID 179) Maintainence fee cost $0 to Los Santos Police Department's budget fund.
[2022/12/23 - 14:00:44] Vehicle ID 0 (Slot ID 204) Maintainence fee cost $2,500 to Los Santos Police Department's budget fund.
[2022/12/23 - 14:00:44] Vehicle ID 0 (Slot ID 208) Maintainence fee cost $2,500 to Los Santos Police Department's budget fund.
[2022/12/23 - 14:00:44] Vehicle ID 0 (Slot ID 239) Maintainence fee cost $3,500 to Los Santos Police Department's budget fund.
[2022/12/23 - 14:00:44] Vehicle ID 0 (Slot ID 257) Maintainence fee cost $2,000 to Los Santos Police Department's budget fund.
[2022/12/23 - 14:00:44] Vehicle ID 0 (Slot ID 281) Maintainence fee cost $3,000 to Los Santos Police Department's budget fund.
[2022/12/23 - 14:00:44] Vehicle ID 395 (Slot ID 344) Maintainence fee cost $0 to Los Santos Police Department's budget fund.
[2022/12/23 - 14:00:44] Vehicle ID 413 (Slot ID 372) Maintainence fee cost $0 to Los Santos Police Department's budget fund.
[2022/12/23 - 14:00:44] Vehicle ID 0 (Slot ID 400) Maintainence fee cost $0 to Los Santos Police Department's budget fund.
[2022/12/23 - 14:00:44] Vehicle ID 424 (Slot ID 403) Maintainence fee cost $0 to Los Santos Police Department's budget fund.
[2022/12/23 - 14:00:44] Vehicle ID 0 (Slot ID 405) Maintainence fee cost $0 to Los Santos Police Department's budget fund.
