[2023/1/22 - 2:43:29] Vehicle Slot ID 21 RTB fee cost $0 to Los Santos Police Department's budget fund.
[2023/1/22 - 2:43:29] Vehicle Slot ID 33 RTB fee cost $0 to Los Santos Police Department's budget fund.
[2023/1/22 - 2:43:29] Vehicle Slot ID 179 RTB fee cost $0 to Los Santos Police Department's budget fund.
[2023/1/22 - 2:43:29] Vehicle Slot ID 344 RTB fee cost $0 to Los Santos Police Department's budget fund.
[2023/1/22 - 2:43:29] Vehicle Slot ID 372 RTB fee cost $0 to Los Santos Police Department's budget fund.
[2023/1/22 - 2:43:29] Vehicle Slot ID 403 RTB fee cost $0 to Los Santos Police Department's budget fund.
[2023/1/22 - 3:00:36] The faction vault is at $898.
[2023/1/22 - 3:00:36] SA Gov Paid $100,000 to Los Santos Police Department budget fund.
[2023/1/22 - 3:00:37] Vehicle ID 0 (Slot ID 3) Maintainence fee cost $2,500 to Los Santos Police Department's budget fund.
[2023/1/22 - 3:00:37] Vehicle ID 0 (Slot ID 7) Maintainence fee cost $2,000 to Los Santos Police Department's budget fund.
[2023/1/22 - 3:00:37] Vehicle ID 0 (Slot ID 11) Maintainence fee cost $2,500 to Los Santos Police Department's budget fund.
[2023/1/22 - 3:00:37] Vehicle ID 254 (Slot ID 21) Maintainence fee cost $0 to Los Santos Police Department's budget fund.
[2023/1/22 - 3:00:37] Vehicle ID 0 (Slot ID 27) Maintainence fee cost $2,500 to Los Santos Police Department's budget fund.
[2023/1/22 - 3:00:37] Vehicle ID 0 (Slot ID 28) Maintainence fee cost $5,000 to Los Santos Police Department's budget fund.
[2023/1/22 - 3:00:37] Vehicle ID 0 (Slot ID 30) Maintainence fee cost $3,500 to Los Santos Police Department's budget fund.
[2023/1/22 - 3:00:37] Vehicle ID 257 (Slot ID 33) Maintainence fee cost $0 to Los Santos Police Department's budget fund.
[2023/1/22 - 3:00:37] Vehicle ID 0 (Slot ID 38) Maintainence fee cost $2,000 to Los Santos Police Department's budget fund.
[2023/1/22 - 3:00:37] Vehicle ID 0 (Slot ID 46) Maintainence fee cost $2,500 to Los Santos Police Department's budget fund.
[2023/1/22 - 3:00:37] Vehicle ID 0 (Slot ID 51) Maintainence fee cost $3,500 to Los Santos Police Department's budget fund.
[2023/1/22 - 3:00:37] Vehicle ID 0 (Slot ID 60) Maintainence fee cost $2,000 to Los Santos Police Department's budget fund.
[2023/1/22 - 3:00:37] Vehicle ID 0 (Slot ID 61) Maintainence fee cost $3,500 to Los Santos Police Department's budget fund.
[2023/1/22 - 3:00:37] Vehicle ID 0 (Slot ID 66) Maintainence fee cost $2,500 to Los Santos Police Department's budget fund.
[2023/1/22 - 3:00:37] Vehicle ID 0 (Slot ID 72) Maintainence fee cost $3,000 to Los Santos Police Department's budget fund.
[2023/1/22 - 3:00:37] Vehicle ID 0 (Slot ID 74) Maintainence fee cost $2,500 to Los Santos Police Department's budget fund.
[2023/1/22 - 3:00:37] Vehicle ID 0 (Slot ID 79) Maintainence fee cost $4,500 to Los Santos Police Department's budget fund.
[2023/1/22 - 3:00:37] Vehicle ID 0 (Slot ID 81) Maintainence fee cost $3,500 to Los Santos Police Department's budget fund.
[2023/1/22 - 3:00:37] Vehicle ID 0 (Slot ID 83) Maintainence fee cost $2,500 to Los Santos Police Department's budget fund.
[2023/1/22 - 3:00:37] Vehicle ID 0 (Slot ID 89) Maintainence fee cost $3,000 to Los Santos Police Department's budget fund.
[2023/1/22 - 3:00:37] Vehicle ID 0 (Slot ID 94) Maintainence fee cost $2,500 to Los Santos Police Department's budget fund.
[2023/1/22 - 3:00:37] Vehicle ID 0 (Slot ID 119) Maintainence fee cost $2,500 to Los Santos Police Department's budget fund.
[2023/1/22 - 3:00:37] Vehicle ID 0 (Slot ID 122) Maintainence fee cost $2,500 to Los Santos Police Department's budget fund.
[2023/1/22 - 3:00:37] Vehicle ID 0 (Slot ID 130) Maintainence fee cost $2,500 to Los Santos Police Department's budget fund.
[2023/1/22 - 3:00:37] Vehicle ID 0 (Slot ID 131) Maintainence fee cost $2,500 to Los Santos Police Department's budget fund.
[2023/1/22 - 3:00:37] Vehicle ID 0 (Slot ID 133) Maintainence fee cost $2,500 to Los Santos Police Department's budget fund.
[2023/1/22 - 3:00:37] Vehicle ID 0 (Slot ID 141) Maintainence fee cost $2,500 to Los Santos Police Department's budget fund.
[2023/1/22 - 3:00:37] Vehicle ID 0 (Slot ID 143) Maintainence fee cost $2,500 to Los Santos Police Department's budget fund.
[2023/1/22 - 3:00:37] Vehicle ID 0 (Slot ID 145) Maintainence fee cost $2,500 to Los Santos Police Department's budget fund.
[2023/1/22 - 3:00:37] Vehicle ID 0 (Slot ID 148) Maintainence fee cost $2,500 to Los Santos Police Department's budget fund.
[2023/1/22 - 3:00:37] Vehicle ID 0 (Slot ID 156) Maintainence fee cost $2,500 to Los Santos Police Department's budget fund.
[2023/1/22 - 3:00:37] Vehicle ID 0 (Slot ID 161) Maintainence fee cost $2,500 to Los Santos Police Department's budget fund.
[2023/1/22 - 3:00:37] Vehicle ID 0 (Slot ID 165) Maintainence fee cost $3,500 to Los Santos Police Department's budget fund.
[2023/1/22 - 3:00:37] Vehicle ID 305 (Slot ID 179) Maintainence fee cost $0 to Los Santos Police Department's budget fund.
[2023/1/22 - 3:00:37] Vehicle ID 0 (Slot ID 204) Maintainence fee cost $2,500 to Los Santos Police Department's budget fund.
[2023/1/22 - 3:00:37] Vehicle ID 0 (Slot ID 208) Maintainence fee cost $2,500 to Los Santos Police Department's budget fund.
[2023/1/22 - 3:00:37] Vehicle ID 0 (Slot ID 239) Maintainence fee cost $3,500 to Los Santos Police Department's budget fund.
[2023/1/22 - 3:00:37] Vehicle ID 0 (Slot ID 257) Maintainence fee cost $2,000 to Los Santos Police Department's budget fund.
[2023/1/22 - 3:00:37] Vehicle ID 0 (Slot ID 281) Maintainence fee cost $3,000 to Los Santos Police Department's budget fund.
[2023/1/22 - 3:00:37] Vehicle ID 405 (Slot ID 344) Maintainence fee cost $0 to Los Santos Police Department's budget fund.
[2023/1/22 - 3:00:37] Vehicle ID 423 (Slot ID 372) Maintainence fee cost $0 to Los Santos Police Department's budget fund.
[2023/1/22 - 3:00:37] Vehicle ID 0 (Slot ID 400) Maintainence fee cost $0 to Los Santos Police Department's budget fund.
[2023/1/22 - 3:00:37] Vehicle ID 433 (Slot ID 403) Maintainence fee cost $0 to Los Santos Police Department's budget fund.
[2023/1/22 - 3:00:37] Vehicle ID 0 (Slot ID 405) Maintainence fee cost $0 to Los Santos Police Department's budget fund.
[2023/1/22 - 3:12:00] Vehicle Slot ID 21 RTB fee cost $0 to Los Santos Police Department's budget fund.
[2023/1/22 - 3:12:00] Vehicle Slot ID 33 RTB fee cost $0 to Los Santos Police Department's budget fund.
[2023/1/22 - 3:12:00] Vehicle Slot ID 179 RTB fee cost $0 to Los Santos Police Department's budget fund.
[2023/1/22 - 3:12:00] Vehicle Slot ID 344 RTB fee cost $0 to Los Santos Police Department's budget fund.
[2023/1/22 - 3:12:00] Vehicle Slot ID 372 RTB fee cost $0 to Los Santos Police Department's budget fund.
[2023/1/22 - 3:12:00] Vehicle Slot ID 403 RTB fee cost $0 to Los Santos Police Department's budget fund.
[2023/1/22 - 3:12:03] Vehicle Slot ID 21 RTB fee cost $0 to Los Santos Police Department's budget fund.
[2023/1/22 - 3:12:03] Vehicle Slot ID 33 RTB fee cost $0 to Los Santos Police Department's budget fund.
[2023/1/22 - 3:12:03] Vehicle Slot ID 179 RTB fee cost $0 to Los Santos Police Department's budget fund.
[2023/1/22 - 3:12:04] Vehicle Slot ID 344 RTB fee cost $0 to Los Santos Police Department's budget fund.
[2023/1/22 - 3:12:04] Vehicle Slot ID 372 RTB fee cost $0 to Los Santos Police Department's budget fund.
[2023/1/22 - 3:12:04] Vehicle Slot ID 400 RTB fee cost $0 to Los Santos Police Department's budget fund.
[2023/1/22 - 3:12:04] Vehicle Slot ID 403 RTB fee cost $0 to Los Santos Police Department's budget fund.
[2023/1/22 - 3:12:04] Vehicle Slot ID 405 RTB fee cost $0 to Los Santos Police Department's budget fund.
[2023/1/22 - 3:12:08] Vehicle Slot ID 21 RTB fee cost $0 to Los Santos Police Department's budget fund.
[2023/1/22 - 3:12:08] Vehicle Slot ID 33 RTB fee cost $0 to Los Santos Police Department's budget fund.
[2023/1/22 - 3:12:08] Vehicle Slot ID 179 RTB fee cost $0 to Los Santos Police Department's budget fund.
[2023/1/22 - 3:12:08] Vehicle Slot ID 344 RTB fee cost $0 to Los Santos Police Department's budget fund.
[2023/1/22 - 3:12:08] Vehicle Slot ID 372 RTB fee cost $0 to Los Santos Police Department's budget fund.
[2023/1/22 - 3:12:08] Vehicle Slot ID 400 RTB fee cost $0 to Los Santos Police Department's budget fund.
[2023/1/22 - 3:12:08] Vehicle Slot ID 403 RTB fee cost $0 to Los Santos Police Department's budget fund.
[2023/1/22 - 3:12:08] Vehicle Slot ID 405 RTB fee cost $0 to Los Santos Police Department's budget fund.
[2023/1/22 - 3:12:18] Vehicle Slot ID 21 RTB fee cost $0 to Los Santos Police Department's budget fund.
[2023/1/22 - 3:12:18] Vehicle Slot ID 33 RTB fee cost $0 to Los Santos Police Department's budget fund.
[2023/1/22 - 3:12:18] Vehicle Slot ID 179 RTB fee cost $0 to Los Santos Police Department's budget fund.
[2023/1/22 - 3:12:19] Vehicle Slot ID 344 RTB fee cost $0 to Los Santos Police Department's budget fund.
[2023/1/22 - 3:12:19] Vehicle Slot ID 372 RTB fee cost $0 to Los Santos Police Department's budget fund.
[2023/1/22 - 3:12:19] Vehicle Slot ID 400 RTB fee cost $0 to Los Santos Police Department's budget fund.
[2023/1/22 - 3:12:19] Vehicle Slot ID 403 RTB fee cost $0 to Los Santos Police Department's budget fund.
[2023/1/22 - 3:12:19] Vehicle Slot ID 405 RTB fee cost $0 to Los Santos Police Department's budget fund.
[2023/1/22 - 3:12:22] Vehicle Slot ID 21 RTB fee cost $0 to Los Santos Police Department's budget fund.
[2023/1/22 - 3:12:22] Vehicle Slot ID 33 RTB fee cost $0 to Los Santos Police Department's budget fund.
[2023/1/22 - 3:12:22] Vehicle Slot ID 179 RTB fee cost $0 to Los Santos Police Department's budget fund.
[2023/1/22 - 3:12:22] Vehicle Slot ID 344 RTB fee cost $0 to Los Santos Police Department's budget fund.
[2023/1/22 - 3:12:22] Vehicle Slot ID 372 RTB fee cost $0 to Los Santos Police Department's budget fund.
[2023/1/22 - 3:12:22] Vehicle Slot ID 400 RTB fee cost $0 to Los Santos Police Department's budget fund.
[2023/1/22 - 3:12:22] Vehicle Slot ID 403 RTB fee cost $0 to Los Santos Police Department's budget fund.
[2023/1/22 - 3:12:22] Vehicle Slot ID 405 RTB fee cost $0 to Los Santos Police Department's budget fund.
[2023/1/22 - 3:20:06] Vehicle Slot ID 21 RTB fee cost $0 to Los Santos Police Department's budget fund.
[2023/1/22 - 3:20:06] Vehicle Slot ID 33 RTB fee cost $0 to Los Santos Police Department's budget fund.
[2023/1/22 - 3:20:06] Vehicle Slot ID 179 RTB fee cost $0 to Los Santos Police Department's budget fund.
[2023/1/22 - 3:20:06] Vehicle Slot ID 344 RTB fee cost $0 to Los Santos Police Department's budget fund.
[2023/1/22 - 3:20:06] Vehicle Slot ID 372 RTB fee cost $0 to Los Santos Police Department's budget fund.
[2023/1/22 - 3:20:06] Vehicle Slot ID 403 RTB fee cost $0 to Los Santos Police Department's budget fund.
[2023/1/22 - 3:20:22] Vehicle Slot ID 21 RTB fee cost $0 to Los Santos Police Department's budget fund.
[2023/1/22 - 3:20:22] Vehicle Slot ID 33 RTB fee cost $0 to Los Santos Police Department's budget fund.
[2023/1/22 - 3:20:22] Vehicle Slot ID 179 RTB fee cost $0 to Los Santos Police Department's budget fund.
[2023/1/22 - 3:20:22] Vehicle Slot ID 344 RTB fee cost $0 to Los Santos Police Department's budget fund.
[2023/1/22 - 3:20:22] Vehicle Slot ID 372 RTB fee cost $0 to Los Santos Police Department's budget fund.
[2023/1/22 - 3:20:22] Vehicle Slot ID 400 RTB fee cost $0 to Los Santos Police Department's budget fund.
[2023/1/22 - 3:20:22] Vehicle Slot ID 403 RTB fee cost $0 to Los Santos Police Department's budget fund.
[2023/1/22 - 3:20:22] Vehicle Slot ID 405 RTB fee cost $0 to Los Santos Police Department's budget fund.
[2023/1/22 - 3:21:09] Vehicle Slot ID 21 RTB fee cost $0 to Los Santos Police Department's budget fund.
[2023/1/22 - 3:21:09] Vehicle Slot ID 33 RTB fee cost $0 to Los Santos Police Department's budget fund.
[2023/1/22 - 3:21:09] Vehicle Slot ID 179 RTB fee cost $0 to Los Santos Police Department's budget fund.
[2023/1/22 - 3:21:09] Vehicle Slot ID 344 RTB fee cost $0 to Los Santos Police Department's budget fund.
[2023/1/22 - 3:21:09] Vehicle Slot ID 372 RTB fee cost $0 to Los Santos Police Department's budget fund.
[2023/1/22 - 3:21:09] Vehicle Slot ID 400 RTB fee cost $0 to Los Santos Police Department's budget fund.
[2023/1/22 - 3:21:09] Vehicle Slot ID 403 RTB fee cost $0 to Los Santos Police Department's budget fund.
[2023/1/22 - 3:21:09] Vehicle Slot ID 405 RTB fee cost $0 to Los Santos Police Department's budget fund.
[2023/1/22 - 3:21:13] Vehicle Slot ID 21 RTB fee cost $0 to Los Santos Police Department's budget fund.
[2023/1/22 - 3:21:13] Vehicle Slot ID 33 RTB fee cost $0 to Los Santos Police Department's budget fund.
[2023/1/22 - 3:21:13] Vehicle Slot ID 179 RTB fee cost $0 to Los Santos Police Department's budget fund.
[2023/1/22 - 3:21:13] Vehicle Slot ID 344 RTB fee cost $0 to Los Santos Police Department's budget fund.
[2023/1/22 - 3:21:13] Vehicle Slot ID 372 RTB fee cost $0 to Los Santos Police Department's budget fund.
[2023/1/22 - 3:21:14] Vehicle Slot ID 400 RTB fee cost $0 to Los Santos Police Department's budget fund.
[2023/1/22 - 3:21:14] Vehicle Slot ID 403 RTB fee cost $0 to Los Santos Police Department's budget fund.
[2023/1/22 - 3:21:14] Vehicle Slot ID 405 RTB fee cost $0 to Los Santos Police Department's budget fund.
[2023/1/22 - 3:22:57] Vehicle Slot ID 21 RTB fee cost $0 to Los Santos Police Department's budget fund.
[2023/1/22 - 3:22:57] Vehicle Slot ID 33 RTB fee cost $0 to Los Santos Police Department's budget fund.
[2023/1/22 - 3:22:57] Vehicle Slot ID 179 RTB fee cost $0 to Los Santos Police Department's budget fund.
[2023/1/22 - 3:22:57] Vehicle Slot ID 344 RTB fee cost $0 to Los Santos Police Department's budget fund.
[2023/1/22 - 3:22:57] Vehicle Slot ID 372 RTB fee cost $0 to Los Santos Police Department's budget fund.
[2023/1/22 - 3:22:57] Vehicle Slot ID 403 RTB fee cost $0 to Los Santos Police Department's budget fund.
[2023/1/22 - 3:28:21] Vehicle Slot ID 21 RTB fee cost $0 to Los Santos Police Department's budget fund.
[2023/1/22 - 3:28:21] Vehicle Slot ID 33 RTB fee cost $0 to Los Santos Police Department's budget fund.
[2023/1/22 - 3:28:21] Vehicle Slot ID 179 RTB fee cost $0 to Los Santos Police Department's budget fund.
[2023/1/22 - 3:28:21] Vehicle Slot ID 344 RTB fee cost $0 to Los Santos Police Department's budget fund.
[2023/1/22 - 3:28:21] Vehicle Slot ID 372 RTB fee cost $0 to Los Santos Police Department's budget fund.
[2023/1/22 - 3:28:21] Vehicle Slot ID 403 RTB fee cost $0 to Los Santos Police Department's budget fund.
[2023/1/22 - 3:36:33] Vehicle Slot ID 21 RTB fee cost $0 to Los Santos Police Department's budget fund.
[2023/1/22 - 3:36:33] Vehicle Slot ID 33 RTB fee cost $0 to Los Santos Police Department's budget fund.
[2023/1/22 - 3:36:33] Vehicle Slot ID 179 RTB fee cost $0 to Los Santos Police Department's budget fund.
[2023/1/22 - 3:36:34] Vehicle Slot ID 344 RTB fee cost $0 to Los Santos Police Department's budget fund.
[2023/1/22 - 3:36:34] Vehicle Slot ID 372 RTB fee cost $0 to Los Santos Police Department's budget fund.
[2023/1/22 - 3:36:35] Vehicle Slot ID 403 RTB fee cost $0 to Los Santos Police Department's budget fund.
[2023/1/22 - 3:38:23] Vehicle Slot ID 21 RTB fee cost $0 to Los Santos Police Department's budget fund.
[2023/1/22 - 3:38:23] Vehicle Slot ID 33 RTB fee cost $0 to Los Santos Police Department's budget fund.
[2023/1/22 - 3:38:24] Vehicle Slot ID 179 RTB fee cost $0 to Los Santos Police Department's budget fund.
[2023/1/22 - 3:38:25] Vehicle Slot ID 344 RTB fee cost $0 to Los Santos Police Department's budget fund.
[2023/1/22 - 3:38:26] Vehicle Slot ID 372 RTB fee cost $0 to Los Santos Police Department's budget fund.
[2023/1/22 - 3:38:26] Vehicle Slot ID 403 RTB fee cost $0 to Los Santos Police Department's budget fund.
