[2018/1/13 - 0:03:56] Mark Deto has logged out.
[2018/1/13 - 0:04:15] Brian Deto has logged out.
[2018/1/13 - 0:16:45] Stephenson Jhonson has logged out.
[2018/1/13 - 0:21:18] Willy Frankenstein has withdrawn 20 grams of Meth from the safe.
[2018/1/13 - 0:21:44] Paolo Aguero has logged out.
[2018/1/13 - 0:22:48] Desmond Lutz has logged out.
[2018/1/13 - 0:24:18] Oiki Woods has withdrawn 1 grams of Heroin from the safe.
[2018/1/13 - 0:24:27] Oiki Woods has deposited 1 grams of Heroin into the safe.
[2018/1/13 - 0:25:16] Mark Deto has logged out.
[2018/1/13 - 0:30:50] Stephenson Jhonson has logged out.
[2018/1/13 - 0:32:09] Tyler Flleming has logged out.
[2018/1/13 - 1:30:10] Paolo Aguero has logged out.
[2018/1/13 - 1:49:19] Hang Around Travis Michalz has lost connection.
[2018/1/13 - 1:57:30] Sargento Paolo Aguero has lost connection.
[2018/1/13 - 2:07:10] Salvatore Florenzo has logged out.
[2018/1/13 - 2:08:38] Sargento Paolo Aguero has lost connection.
[2018/1/13 - 2:08:38] Patron Oiki Woods has lost connection.
[2018/1/13 - 2:10:54] Sargento Paolo Aguero has lost connection.
[2018/1/13 - 2:15:37] Travis Michalz has logged out.
[2018/1/13 - 2:15:42] Patron Oiki Woods has lost connection.
[2018/1/13 - 2:15:42] Sargento Paolo Aguero has lost connection.
[2018/1/13 - 2:48:15] Patron Willy Frankenstein has lost connection.
[2018/1/13 - 3:06:59] Travis Michalz has logged out.
[2018/1/13 - 3:07:54] Willy Frankenstein has logged out.
[2018/1/13 - 4:04:43] Soldato Stephenson Jhonson has lost connection.
[2018/1/13 - 4:12:00] Stephenson Jhonson has logged out.
[2018/1/13 - 4:46:04] Oiki Woods has logged out.
[2018/1/13 - 4:51:19] Salvatore Florenzo has logged out.
[2018/1/13 - 5:26:43] Mano Derecha Salvatore Florenzo has lost connection.
[2018/1/13 - 5:56:25] Oiki Woods has logged out.
[2018/1/13 - 7:55:26] Draymond Woods has logged out.
[2018/1/13 - 7:56:41] Hang Around Syka Woods has lost connection.
[2018/1/13 - 8:29:24] Teniente Bobby Leyva Escobar has lost connection.
[2018/1/13 - 8:53:12] Willy Frankenstein has withdrawn 20 grams of Meth from the safe.
[2018/1/13 - 9:34:55] Teniente Bobby Leyva Escobar has lost connection.
[2018/1/13 - 9:48:08] Willy Frankenstein has logged out.
[2018/1/13 - 10:14:17] Willy Frankenstein has withdrawn 20 grams of Meth from the safe.
[2018/1/13 - 10:14:22] Willy Frankenstein has withdrawn 20 grams of Ecstasy from the safe.
[2018/1/13 - 10:25:19] Azhan Bishop has logged out.
[2018/1/13 - 10:39:52] Roy Ryder has logged out.
[2018/1/13 - 10:58:50] Syka Woods has logged out.
[2018/1/13 - 11:20:12] Patron Willy Frankenstein has lost connection.
[2018/1/13 - 11:21:01] Syka Woods has logged out.
[2018/1/13 - 11:23:22] Syka Woods has logged out.
[2018/1/13 - 11:30:51] Syka Woods has logged out.
[2018/1/13 - 11:32:32] El Don Jimmy Tex has lost connection.
[2018/1/13 - 11:35:16] Syka Woods has logged out.
[2018/1/13 - 11:40:11] Bobby Leyva Escobar has logged out.
[2018/1/13 - 11:40:26] Oiki Woods has deposited a Sniper Rifle into the locker.
[2018/1/13 - 11:42:28] Jimmy Tex has authorized Lamar M Buenoh to withdraw a Desert Eagle from the weapon locker (Cost: 5)
[2018/1/13 - 11:43:00] Oiki Woods has withdrawn 50 grams of Ecstasy from the safe.
[2018/1/13 - 11:44:37] Lamar Beltran Leyva (1000625309) accepted El Don Jimmy Tex's (1000498130) invite to join Las Colinas Vagos (29).
[2018/1/13 - 11:44:47] Jimmy Tex has withdrawn 200 grams of Crack from the safe.
[2018/1/13 - 11:44:57] El Don Jimmy Tex (1000498130) has set Lamar Beltran Leyva's (1000625309) division to Las Colinas in Las Colinas Vagos (29).
[2018/1/13 - 11:45:06] Willy Frankenstein has withdrawn a Desert Eagle from the weapon locker (Cost: 5)
[2018/1/13 - 11:45:49] Jimmy Tex has withdrawn 40 grams of Heroin from the safe.
[2018/1/13 - 11:46:56] Oiki Woods has deposited a M4A1 into the locker.
[2018/1/13 - 12:11:01] Jimmy Tex has logged out.
[2018/1/13 - 12:11:34] Mark Deto has withdrawn a Desert Eagle from the weapon locker (Cost: 5)
[2018/1/13 - 12:11:50] Mark Deto has withdrawn a Desert Eagle from the weapon locker (Cost: 5)
[2018/1/13 - 12:12:07] Bobby Leyva Escobar has logged out.
[2018/1/13 - 12:14:14] Oiki Woods has withdrawn a AK-47 from the weapon locker (Cost: 25)
[2018/1/13 - 12:15:14] Lamar Beltran Leyva has logged out.
[2018/1/13 - 12:18:22] Willy Frankenstein has withdrawn a Desert Eagle from the weapon locker (Cost: 5)
[2018/1/13 - 12:20:34] Willy Frankenstein has withdrawn a Desert Eagle from the weapon locker (Cost: 5)
[2018/1/13 - 12:22:40] Oiki Woods has deposited a AK-47 into the locker.
[2018/1/13 - 12:22:54] Oiki Woods has withdrawn a Desert Eagle from the weapon locker (Cost: 5)
[2018/1/13 - 12:23:11] Willy Frankenstein has withdrawn a Desert Eagle from the weapon locker (Cost: 5)
[2018/1/13 - 12:23:25] Willy Frankenstein has withdrawn a Desert Eagle from the weapon locker (Cost: 5)
[2018/1/13 - 12:42:27] Oiki Woods has withdrawn 50 grams of Meth from the safe.
[2018/1/13 - 12:43:44] Syka Woods has logged out.
[2018/1/13 - 12:44:46] Mark Deto has logged out.
[2018/1/13 - 12:46:48] Lamar M Buenoh (146251) has quit the Las Colinas Vagos as a rank 4
[2018/1/13 - 12:48:20] Willy Frankenstein has withdrawn a Desert Eagle from the weapon locker (Cost: 5)
[2018/1/13 - 12:48:41] Willy Frankenstein has withdrawn a Desert Eagle from the weapon locker (Cost: 5)
[2018/1/13 - 12:52:51] Bobby Leyva Escobar has logged out.
[2018/1/13 - 13:09:59] Syka Woods has logged out.
[2018/1/13 - 13:10:37] Mlick Deto has logged out.
[2018/1/13 - 13:28:00] Kinita Zafuki has logged out.
[2018/1/13 - 13:30:46] Andro Woods has logged out.
[2018/1/13 - 13:32:16] Syka Woods has logged out.
[2018/1/13 - 13:37:04] Syka Woods has logged out.
[2018/1/13 - 13:42:06] Willy Frankenstein has deposited a M4A1 into the locker.
[2018/1/13 - 13:47:09] Oiki Woods has logged out.
[2018/1/13 - 13:47:26] Desmond Lutz has logged out.
[2018/1/13 - 13:47:56] Willy Frankenstein has withdrawn 20 grams of Meth from the safe.
[2018/1/13 - 13:48:24] Willy Frankenstein has withdrawn a Desert Eagle from the weapon locker (Cost: 5)
[2018/1/13 - 13:48:37] Willy Frankenstein has withdrawn 20 grams of Meth from the safe.
[2018/1/13 - 13:53:10] Oiki Woods has withdrawn a MP5 from the weapon locker (Cost: 5)
[2018/1/13 - 13:56:12] Syka Woods has logged out.
[2018/1/13 - 14:03:24] Sargento Paolo Aguero has lost connection.
[2018/1/13 - 14:08:45] Mlick Deto has logged out.
[2018/1/13 - 14:09:26] Bobby Leyva Escobar has logged out.
[2018/1/13 - 14:15:21] Brian Deto has logged out.
[2018/1/13 - 14:19:04] Sargento Paolo Aguero has lost connection.
[2018/1/13 - 14:20:12] Nick Chains has logged out.
[2018/1/13 - 14:31:38] Rakim Woodcaine has withdrawn a Desert Eagle from the weapon locker (Cost: 5)
[2018/1/13 - 14:31:47] Rakim Woodcaine has withdrawn 50 grams of Crack from the safe.
[2018/1/13 - 14:31:51] Rakim Woodcaine has authorized Nick Chains to withdraw a Desert Eagle from the weapon locker (Cost: 5)
[2018/1/13 - 14:38:04] Andro Woods has logged out.
[2018/1/13 - 14:39:09] Rakim Woodcaine has withdrawn 25 grams of Crack from the safe.
[2018/1/13 - 14:40:12] Teniente Bobby Leyva Escobar has lost connection.
[2018/1/13 - 14:42:01] Syka Woods has logged out.
[2018/1/13 - 14:50:35] Sargento Paolo Aguero has lost connection.
[2018/1/13 - 14:52:32] Salvatore Florenzo has logged out.
[2018/1/13 - 14:56:25] Willy Frankenstein has logged out.
[2018/1/13 - 15:01:14] Oiki Woods has withdrawn a MP5 from the weapon locker (Cost: 5)
[2018/1/13 - 15:01:43] Oiki Woods has withdrawn a MP5 from the weapon locker (Cost: 5)
[2018/1/13 - 15:03:13] Sargento Paolo Aguero has lost connection.
[2018/1/13 - 15:06:51] Brian Deto has logged out.
[2018/1/13 - 15:14:33] El Don Rakim Woodcaine has lost connection.
[2018/1/13 - 15:15:15] Willy Frankenstein has logged out.
[2018/1/13 - 15:15:21] Paolo Aguero has logged out.
[2018/1/13 - 15:16:38] El Don Rakim Woodcaine (1000624901) has set Juan Lorenzo's (1000401415) division to The Council in Las Colinas Vagos (29).
[2018/1/13 - 15:16:40] El Don Rakim Woodcaine (1000624901) has set Juan Lorenzo's (1000401415) division to Las Colinas in Las Colinas Vagos (29).
[2018/1/13 - 15:16:42] El Don Rakim Woodcaine (1000624901) has set Juan Lorenzo's (1000401415) division to Desperados in Las Colinas Vagos (29).
[2018/1/13 - 15:16:43] El Don Rakim Woodcaine (1000624901) has set Juan Lorenzo's (1000401415) division to , in Las Colinas Vagos (29).
[2018/1/13 - 15:16:50] El Don Rakim Woodcaine (1000624901) has set Juan Lorenzo's (1000401415) division to Las Colinas in Las Colinas Vagos (29).
[2018/1/13 - 15:17:02] El Don Rakim Woodcaine (1000624901) has set Nick Chains's (1000624826) division to Las Colinas in Las Colinas Vagos (29).
[2018/1/13 - 15:19:09] Mlick Deto has logged out.
[2018/1/13 - 15:20:19] El Don Rakim Woodcaine has lost connection.
[2018/1/13 - 15:25:09] Sargento Paolo Aguero has lost connection.
[2018/1/13 - 15:27:29] Nick Chains has logged out.
[2018/1/13 - 15:28:06] Juan Lorenzo has logged out.
[2018/1/13 - 15:28:49] Teniente Bobby Leyva Escobar has lost connection.
[2018/1/13 - 15:29:50] Lamar Beltran Leyva has logged out.
[2018/1/13 - 15:38:36] Mohid Ali has logged out.
[2018/1/13 - 15:44:41] Willy Frankenstein has withdrawn a Desert Eagle from the weapon locker (Cost: 5)
[2018/1/13 - 15:44:48] Oiki Woods has withdrawn a MP5 from the weapon locker (Cost: 5)
[2018/1/13 - 15:44:54] Willy Frankenstein has withdrawn 40 grams of Meth from the safe.
[2018/1/13 - 15:44:59] Willy Frankenstein has withdrawn a Desert Eagle from the weapon locker (Cost: 5)
[2018/1/13 - 15:48:56] Oiki Woods has logged out.
[2018/1/13 - 15:50:43] Paolo Aguero has logged out.
[2018/1/13 - 15:51:00] Mark Deto has logged out.
[2018/1/13 - 15:51:45] Mlick Deto has logged out.
[2018/1/13 - 15:59:04] Paolo Aguero has logged out.
[2018/1/13 - 16:04:16] Willy Frankenstein has logged out.
[2018/1/13 - 16:04:48] Lamar Beltran Leyva has logged out.
[2018/1/13 - 16:15:07] Paolo Aguero has deposited a SPAS-12 into the locker.
[2018/1/13 - 16:15:51] Teniente Bobby Leyva Escobar has lost connection.
[2018/1/13 - 17:01:38] Lamar Beltran Leyva has logged out.
[2018/1/13 - 17:02:34] Bobby Leyva Escobar has logged out.
[2018/1/13 - 17:07:23] Bobby Leyva Escobar has logged out.
[2018/1/13 - 17:09:06] Paolo Aguero has logged out.
[2018/1/13 - 17:27:06] Mark Deto has logged out.
[2018/1/13 - 17:39:28] Teniente Bobby Leyva Escobar has lost connection.
[2018/1/13 - 17:39:45] Roy Ryder (1000146968) has quit the Las Colinas Vagos as a rank 4
[2018/1/13 - 17:48:38] Syka Woods has logged out.
[2018/1/13 - 18:00:14] Syka Woods has logged out.
[2018/1/13 - 18:12:49] Paolo Aguero has logged out.
[2018/1/13 - 18:18:44] Draymond Woods has logged out.
[2018/1/13 - 18:26:22] Draymond Woods has logged out.
[2018/1/13 - 18:28:57] Nick Chains has logged out.
[2018/1/13 - 18:53:18] Draymond Woods has logged out.
[2018/1/13 - 18:56:03] Hang Around Syka Woods has lost connection.
[2018/1/13 - 19:08:24] Paolo Aguero has logged out.
[2018/1/13 - 19:09:00] Stephenson Jhonson has logged out.
[2018/1/13 - 19:11:50] Stephenson Jhonson (1000626343) has quit the Las Colinas Vagos as a rank 1
[2018/1/13 - 19:14:42] Lamar Beltran Leyva has logged out.
[2018/1/13 - 19:15:53] Bobby Leyva Escobar has logged out.
[2018/1/13 - 19:23:40] Syka Woods has logged out.
[2018/1/13 - 19:32:24] Syka Woods has logged out.
[2018/1/13 - 19:36:45] El Don Rakim Woodcaine has lost connection.
[2018/1/13 - 19:37:20] Nick Chains has logged out.
[2018/1/13 - 19:53:18] Oiki Woods has logged out.
[2018/1/13 - 19:56:04] El Don Jimmy Tex (1000498130) has set Syka Woods's (1000626473) division to Desperados in Las Colinas Vagos (29).
[2018/1/13 - 20:06:03] Megan Woods (1000627046) accepted El Don Jimmy Tex's (1000498130) invite to join Las Colinas Vagos (29).
[2018/1/13 - 20:06:12] El Don Jimmy Tex (1000498130) has set Megan Woods's (1000627046) division to Desperados in Las Colinas Vagos (29).
[2018/1/13 - 20:06:49] El Don Jimmy Tex (1000498130) (rank 7) has given Megan Woods (1000627046) rank 2 (Sargento) in Las Colinas Vagos (29).
[2018/1/13 - 20:24:26] Syka Woods has logged out.
[2018/1/13 - 20:27:27] Neo Croos (1000625524) accepted El Don Jimmy Tex's (1000498130) invite to join Las Colinas Vagos (29).
[2018/1/13 - 20:29:02] Andro Woods has logged out.
[2018/1/13 - 20:30:05] Hang Around Neo Croos has lost connection.
[2018/1/13 - 20:32:17] Megan Woods has logged out.
[2018/1/13 - 20:46:59] Syka Woods has logged out.
[2018/1/13 - 20:49:51] Sargento Megan Woods has lost connection.
[2018/1/13 - 20:50:37] Willy Frankenstein has logged out.
[2018/1/13 - 20:53:01] Syka Woods has logged out.
[2018/1/13 - 20:58:30] Jimmy Tex has withdrawn a Desert Eagle from the weapon locker (Cost: 5)
[2018/1/13 - 21:06:09] Jimmy Tex has logged out.
[2018/1/13 - 21:08:04] El Don Jimmy Tex has lost connection.
[2018/1/13 - 21:09:27] Sargento Megan Woods has lost connection.
[2018/1/13 - 21:09:33] El Don Jimmy Tex has lost connection.
[2018/1/13 - 21:13:40] Willy Frankenstein has logged out.
[2018/1/13 - 21:22:35] Jimmy Tex has withdrawn 40 grams of Ecstasy from the safe.
[2018/1/13 - 21:27:05] Oiki Woods has withdrawn a MP5 from the weapon locker (Cost: 5)
[2018/1/13 - 21:27:19] Oiki Woods has deposited 10 grams of Meth into the safe.
[2018/1/13 - 21:27:42] Oiki Woods has withdrawn 30 grams of Meth from the safe.
[2018/1/13 - 21:34:28] Willy Frankenstein has withdrawn a Desert Eagle from the weapon locker (Cost: 5)
[2018/1/13 - 21:46:32] El Don Jimmy Tex has lost connection.
[2018/1/13 - 22:08:13] Oiki Woods has withdrawn 10 grams of Ecstasy from the safe.
[2018/1/13 - 22:08:52] Oiki Woods has withdrawn 100 grams of Meth from the safe.
[2018/1/13 - 22:09:25] Oiki Woods has withdrawn a Desert Eagle from the weapon locker (Cost: 5)
[2018/1/13 - 22:09:49] Salvatore Florenzo has logged out.
[2018/1/13 - 22:12:00] Patron Willy Frankenstein has lost connection.
[2018/1/13 - 22:12:07] Hang Around Syka Woods has lost connection.
[2018/1/13 - 22:12:39] Jack Desanta has logged out.
[2018/1/13 - 22:14:46] Desmond Lutz has logged out.
[2018/1/13 - 22:18:08] Syka Woods has logged out.
[2018/1/13 - 22:27:32] Oiki Woods has logged out.
[2018/1/13 - 22:34:26] Andro Woods has logged out.
[2018/1/13 - 22:38:56] Paolo Aguero has logged out.
[2018/1/13 - 22:53:06] Willy Frankenstein has logged out.
[2018/1/13 - 23:01:51] Paolo Aguero has logged out.
[2018/1/13 - 23:11:12] Willy Frankenstein has logged out.
[2018/1/13 - 23:17:48] Willy Frankenstein has logged out.
[2018/1/13 - 23:17:54] Oiki Woods has logged out.
[2018/1/13 - 23:18:57] Willy Frankenstein has withdrawn 40 grams of Crack from the safe.
[2018/1/13 - 23:19:31] Willy Frankenstein has withdrawn 20 grams of Meth from the safe.
[2018/1/13 - 23:21:21] Willy Frankenstein has withdrawn 40 grams of Meth from the safe.
[2018/1/13 - 23:29:10] Desmond Lutz has deposited a SPAS-12 into the locker.
[2018/1/13 - 23:29:12] Desmond Lutz has deposited a M4A1 into the locker.
[2018/1/13 - 23:29:13] Desmond Lutz has deposited a Sniper Rifle into the locker.
[2018/1/13 - 23:35:21] Brian Deto has logged out.
[2018/1/13 - 23:37:32] Desmond Lutz has deposited a SPAS-12 into the locker.
[2018/1/13 - 23:37:34] Desmond Lutz has deposited a M4A1 into the locker.
[2018/1/13 - 23:37:35] Desmond Lutz has deposited a Sniper Rifle into the locker.
[2018/1/13 - 23:37:38] Desmond Lutz has deposited a SPAS-12 into the locker.
[2018/1/13 - 23:37:53] Desmond Lutz has deposited a Sniper Rifle into the locker.
[2018/1/13 - 23:37:55] Desmond Lutz has deposited a M4A1 into the locker.
[2018/1/13 - 23:39:56] Mark Deto has withdrawn a Desert Eagle from the weapon locker (Cost: 5)
[2018/1/13 - 23:45:25] Oiki Woods has withdrawn 20 grams of Meth from the safe.
[2018/1/13 - 23:46:26] Oiki Woods has withdrawn 40 grams of Meth from the safe.
[2018/1/13 - 23:46:30] Willy Frankenstein has withdrawn 20 grams of Meth from the safe.
[2018/1/13 - 23:46:34] Willy Frankenstein has withdrawn a Desert Eagle from the weapon locker (Cost: 5)
[2018/1/13 - 23:47:12] Willy Frankenstein has withdrawn a Desert Eagle from the weapon locker (Cost: 5)
[2018/1/13 - 23:47:29] Oiki Woods has withdrawn 20 grams of Meth from the safe.
[2018/1/13 - 23:47:33] Willy Frankenstein has withdrawn a AK-47 from the weapon locker (Cost: 25)
[2018/1/13 - 23:48:44] Oiki Woods has withdrawn 50 grams of Ecstasy from the safe.
[2018/1/13 - 23:50:23] Teniente Desmond Lutz has lost connection.
[2018/1/13 - 23:51:21] Jack Desanta has logged out.
[2018/1/13 - 23:51:34] Teniente Desmond Lutz has lost connection.
[2018/1/13 - 23:57:16] Willy Frankenstein has logged out.
