[2018/2/1 - 0:22:02] Zieyd Adams has logged out.
[2018/2/1 - 0:23:52] Joe Chicano has logged out.
[2018/2/1 - 1:24:15] Willy Frankenstein has logged out.
[2018/2/1 - 1:41:11] Willy Frankenstein has deposited a M4A1 into the locker.
[2018/2/1 - 1:41:13] Willy Frankenstein has withdrawn a Sniper Rifle from the weapon locker (Cost: 40)
[2018/2/1 - 1:41:22] Willy Frankenstein has deposited a Sniper Rifle into the locker.
[2018/2/1 - 1:41:25] Willy Frankenstein has withdrawn a AK-47 from the weapon locker (Cost: 15)
[2018/2/1 - 1:41:35] Willy Frankenstein has deposited a AK-47 into the locker.
[2018/2/1 - 1:43:19] Willy Frankenstein has withdrawn a M4A1 from the weapon locker (Cost: 20)
[2018/2/1 - 1:49:58] Willy Frankenstein has logged out.
[2018/2/1 - 3:29:39] Teniente Jackson Rivera has lost connection.
[2018/2/1 - 3:31:58] Teniente Jackson Rivera has lost connection.
[2018/2/1 - 3:35:48] Teniente Jackson Rivera has lost connection.
[2018/2/1 - 6:06:34] Willy Frankenstein has logged out.
[2018/2/1 - 6:14:56] Jackson Rivera has logged out.
[2018/2/1 - 6:53:46] Jackson Rivera has logged out.
[2018/2/1 - 6:58:20] Megan Yamaguchi has logged out.
[2018/2/1 - 7:07:58] Bonjan Clevreman has logged out.
[2018/2/1 - 7:08:47] Nork Ravelo has logged out.
[2018/2/1 - 7:16:37] Bonjan Clevreman has logged out.
[2018/2/1 - 7:17:55] Willy Frankenstein has deposited a M4A1 into the locker.
[2018/2/1 - 7:22:27] Willy Frankenstein has withdrawn 25 grams of Crack from the safe.
[2018/2/1 - 7:22:33] Willy Frankenstein has withdrawn 20 grams of Meth from the safe.
[2018/2/1 - 7:28:48] Willy Frankenstein has deposited a M4A1 into the locker.
[2018/2/1 - 7:28:49] Willy Frankenstein has deposited a SPAS-12 into the locker.
[2018/2/1 - 7:28:51] Willy Frankenstein has withdrawn a Sniper Rifle from the weapon locker (Cost: 40)
[2018/2/1 - 7:46:07] Willy Frankenstein has deposited a Sniper Rifle into the locker.
[2018/2/1 - 7:46:09] Willy Frankenstein has withdrawn a M4A1 from the weapon locker (Cost: 20)
[2018/2/1 - 7:56:59] Megan Yamaguchi has logged out.
[2018/2/1 - 7:59:06] Trent Mercher has logged out.
[2018/2/1 - 8:01:08] Soldato Megan Yamaguchi has lost connection.
[2018/2/1 - 8:08:03] Soldato Megan Yamaguchi has lost connection.
[2018/2/1 - 8:09:38] Megan Yamaguchi has logged out.
[2018/2/1 - 8:19:09] El jefe Willy Frankenstein has lost connection.
[2018/2/1 - 8:24:24] Megan Yamaguchi (1000625261) has quit the Las Colinas Vagos as a rank 1
[2018/2/1 - 8:35:34] Willy Frankenstein has deposited a M4A1 into the locker.
[2018/2/1 - 8:53:05] Willy Frankenstein has withdrawn 20 grams of Crack from the safe.
[2018/2/1 - 8:53:40] Mark Deto has withdrawn a AK-47 from the weapon locker (Cost: 15)
[2018/2/1 - 8:55:19] Patron Mark Deto has lost connection.
[2018/2/1 - 8:58:50] Sargento Mlick Deto has lost connection.
[2018/2/1 - 9:01:02] Mlick Deto has logged out.
[2018/2/1 - 9:01:55] Mlick Deto has logged out.
[2018/2/1 - 9:02:56] Willy Frankenstein has authorized Yousef Bishop to withdraw a AK-47 from the weapon locker (Cost: 15)
[2018/2/1 - 9:03:02] Willy Frankenstein has withdrawn a AK-47 from the weapon locker (Cost: 15)
[2018/2/1 - 9:04:17] Mlick Deto has logged out.
[2018/2/1 - 9:07:44] Patrick Uzi Vert has adjusted the withdraw rank for item 2 to 5.
[2018/2/1 - 9:07:54] Patrick Uzi Vert has withdrawn 20 grams of Meth from the safe.
[2018/2/1 - 9:08:04] Patrick Uzi Vert has withdrawn a Desert Eagle from the weapon locker (Cost: 5)
[2018/2/1 - 9:08:13] Patrick Uzi Vert has withdrawn a AK-47 from the weapon locker (Cost: 15)
[2018/2/1 - 9:12:17] Patron Mark Deto has lost connection.
[2018/2/1 - 9:14:59] Sargento Mlick Deto has lost connection.
[2018/2/1 - 9:16:37] Patron Mark Deto has lost connection.
[2018/2/1 - 9:17:34] Sargento Mlick Deto has lost connection.
[2018/2/1 - 9:18:40] Teniente Yousef Bishop has lost connection.
[2018/2/1 - 9:19:01] Patron Mark Deto has lost connection.
[2018/2/1 - 9:20:38] Sargento Mlick Deto has lost connection.
[2018/2/1 - 9:21:23] Mlick Deto has logged out.
[2018/2/1 - 9:22:12] Mlick Deto has logged out.
[2018/2/1 - 9:23:35] Patron Mark Deto has lost connection.
[2018/2/1 - 9:23:53] Teniente Yousef Bishop has lost connection.
[2018/2/1 - 9:23:53] Sargento Mlick Deto has lost connection.
[2018/2/1 - 9:25:43] Teniente Yousef Bishop has lost connection.
[2018/2/1 - 9:26:55] Mlick Deto has logged out.
[2018/2/1 - 9:54:28] El jefe Willy Frankenstein (1000538524) (rank 8) has given Alice Rodriguez (1000311457) rank 6 (Patron) in Las Colinas Vagos (2
[2018/2/1 - 9:56:53] Mark Deto has deposited 70 grams of Crack into the safe.
[2018/2/1 - 10:03:24] Neo L. Axle (1000628272) accepted Patron Alice Rodriguez's (1000311457) invite to join Las Colinas Vagos (29).
[2018/2/1 - 10:06:48] Willy Frankenstein has withdrawn 20 grams of Meth from the safe.
[2018/2/1 - 10:06:53] Willy Frankenstein has withdrawn a Desert Eagle from the weapon locker (Cost: 5)
[2018/2/1 - 10:07:20] Mark Deto has withdrawn 20 grams of Crack from the safe.
[2018/2/1 - 10:07:55] Mark Deto has authorized Yousef Bishop to withdraw a Desert Eagle from the weapon locker (Cost: 5)
[2018/2/1 - 10:09:04] Isabella M. Salazar (1000279294) accepted Patron Alice Rodriguez's (1000311457) invite to join Las Colinas Vagos (29).
[2018/2/1 - 10:12:55] Yousef Bishop (1000625407) has quit the Las Colinas Vagos as a rank 4
[2018/2/1 - 10:13:34] Yousef Bishop (1000625407) accepted Patron Mark Deto's (1000624804) invite to join Las Colinas Vagos (29).
[2018/2/1 - 10:13:35] Patron Mark Deto (1000624804) (rank 6) has given Yousef Bishop (1000625407) rank 4 (Teniente) in Las Colinas Vagos (29).
[2018/2/1 - 10:13:58] Alice Rodriguez has withdrawn a Desert Eagle from the weapon locker (Cost: 5)
[2018/2/1 - 10:14:55] El jefe Willy Frankenstein (1000538524) (rank 8) has given Trent Mercher (1000624979) rank 3 (Vago) in Las Colinas Vagos (29).
[2018/2/1 - 10:17:38] Patrick Uzi Vert has withdrawn a Desert Eagle from the weapon locker (Cost: 5)
[2018/2/1 - 10:17:39] Patrick Uzi Vert has withdrawn a AK-47 from the weapon locker (Cost: 15)
[2018/2/1 - 10:18:45] Mark Deto has withdrawn a Desert Eagle from the weapon locker (Cost: 5)
[2018/2/1 - 10:18:49] Alice Rodriguez has authorized Trent Mercher to withdraw a Desert Eagle from the weapon locker (Cost: 5)
[2018/2/1 - 10:25:30] Patron Alice Rodriguez (1000311457) has set Neo L. Axle's (1000628272) division to Las Colinas in Las Colinas Vagos (29).
[2018/2/1 - 10:25:33] Patron Alice Rodriguez (1000311457) has set Isabella M. Salazar's (1000279294) division to Las Colinas in Las Colinas Vagos (29
[2018/2/1 - 10:35:31] Patron Mark Deto has lost connection.
[2018/2/1 - 10:36:25] Mlick Deto has logged out.
[2018/2/1 - 10:37:23] Teniente Yousef Bishop has lost connection.
[2018/2/1 - 10:46:11] Trent Mercher has logged out.
[2018/2/1 - 10:50:02] Mark Mchenson (1000628532) accepted Patron Alice Rodriguez's (1000311457) invite to join Las Colinas Vagos (29).
[2018/2/1 - 10:50:09] Patron Alice Rodriguez (1000311457) (rank 6) has uninvited Mark Mchenson (1000628532) (rank 0) from Las Colinas Vagos (29).
[2018/2/1 - 10:51:45] Mark Mchenson (1000628532) accepted Patron Alice Rodriguez's (1000311457) invite to join Las Colinas Vagos (29).
[2018/2/1 - 10:52:30] Mark Mchenson has logged out.
[2018/2/1 - 10:53:03] Mark Deto has logged out.
[2018/2/1 - 10:53:31] Patron Alice Rodriguez (1000311457) (rank 6) has given Mark Mchenson (1000628532) rank 1 (Soldato) in Las Colinas Vagos (29).
[2018/2/1 - 10:53:49] Willy Frankenstein has deposited a SPAS-12 into the locker.
[2018/2/1 - 10:53:50] Willy Frankenstein has deposited a M4A1 into the locker.
[2018/2/1 - 10:54:40] Neo L. Axle has logged out.
[2018/2/1 - 10:55:46] Alice Rodriguez has deposited a SPAS-12 into the locker.
[2018/2/1 - 10:55:47] Alice Rodriguez has deposited a M4A1 into the locker.
[2018/2/1 - 10:59:16] Willy Frankenstein has deposited a SPAS-12 into the locker.
[2018/2/1 - 10:59:17] Willy Frankenstein has deposited a M4A1 into the locker.
[2018/2/1 - 10:59:57] Patrick Uzi Vert has deposited a SPAS-12 into the locker.
[2018/2/1 - 10:59:59] Patrick Uzi Vert has deposited a M4A1 into the locker.
[2018/2/1 - 10:59:59] Alice Rodriguez has deposited a SPAS-12 into the locker.
[2018/2/1 - 11:00:00] Alice Rodriguez has deposited a M4A1 into the locker.
[2018/2/1 - 11:03:55] Alice Rodriguez has deposited a SPAS-12 into the locker.
[2018/2/1 - 11:03:56] Alice Rodriguez has deposited a M4A1 into the locker.
[2018/2/1 - 11:04:03] Alice Rodriguez has withdrawn a AK-47 from the weapon locker (Cost: 15)
[2018/2/1 - 11:04:36] Patrick Uzi Vert has deposited a SPAS-12 into the locker.
[2018/2/1 - 11:04:37] Patrick Uzi Vert has deposited a M4A1 into the locker.
[2018/2/1 - 11:07:26] Willy Frankenstein has deposited a SPAS-12 into the locker.
[2018/2/1 - 11:07:29] Willy Frankenstein has deposited a M4A1 into the locker.
[2018/2/1 - 11:11:01] Mark Mchenson has logged out.
[2018/2/1 - 11:11:52] Hang Around Isabella M. Salazar has lost connection.
[2018/2/1 - 11:22:13] Alice Rodriguez has logged out.
[2018/2/1 - 11:22:51] Willy Frankenstein has logged out.
[2018/2/1 - 11:31:11] Patrick Uzi Vert has logged out.
[2018/2/1 - 11:34:12] Isabella M. Salazar has logged out.
[2018/2/1 - 11:34:53] Willy Frankenstein has deposited a SPAS-12 into the locker.
[2018/2/1 - 11:34:54] Willy Frankenstein has deposited a M4A1 into the locker.
[2018/2/1 - 11:37:27] Bonjan Clevreman has logged out.
[2018/2/1 - 11:39:19] Willy Frankenstein has logged out.
[2018/2/1 - 11:40:38] Mark Frederson has logged out.
[2018/2/1 - 11:49:20] Alice Rodriguez has deposited 100 grams of Pot into the safe.
[2018/2/1 - 11:50:05] Vago Joe Chicano has lost connection.
[2018/2/1 - 11:52:07] Patrick Uzi Vert has logged out.
[2018/2/1 - 11:53:34] Isabella M. Salazar has logged out.
[2018/2/1 - 12:03:51] Teniente Yousef Bishop has lost connection.
[2018/2/1 - 12:07:54] Alice Rodriguez has logged out.
[2018/2/1 - 12:18:16] Vago Joe Chicano has lost connection.
[2018/2/1 - 12:19:18] Patron Alice Rodriguez has lost connection.
