[2018/1/25 - 2:19:35] Jackson Dread has withdrawn $350,000 from the safe.
[2018/1/25 - 2:19:55] Jackson Dread has withdrawn $3,200,000 from the safe.
[2018/1/25 - 2:28:45] Alexander Winchester has logged out.
[2018/1/25 - 4:02:36] Alexander Winchester has logged out.
[2018/1/25 - 4:11:16] Luffy Woods has logged out.
[2018/1/25 - 5:19:53] Kara Kingpin has logged out.
[2018/1/25 - 5:53:41] Willy Frankenstein has logged out.
[2018/1/25 - 6:03:36] Patrick Uzi Vert has logged out.
[2018/1/25 - 6:56:00] Alice Rodriguez (1000311457) accepted El Don Willy Frankenstein's (1000538524) invite to join Las Colinas Vagos (29).
[2018/1/25 - 6:56:03] El Don Willy Frankenstein (1000538524) (rank 7) has given Alice Rodriguez (1000311457) rank 2 (Sargento) in Las Colinas Vagos (
[2018/1/25 - 6:56:08] El Don Willy Frankenstein (1000538524) has set Alice Rodriguez's (1000311457) division to Recursos Humano in Las Colinas Vagos 
[2018/1/25 - 8:10:13] Sargento Alice Rodriguez has lost connection.
[2018/1/25 - 8:37:02] Kara Kingpin has logged out.
[2018/1/25 - 8:37:06] Willy Frankenstein has logged out.
[2018/1/25 - 8:48:54] Rossi Kasso has logged out.
[2018/1/25 - 9:11:45] Sargento Alice Rodriguez has lost connection.
[2018/1/25 - 9:11:50] Alexander Winchester has logged out.
[2018/1/25 - 10:38:15] James Christopher (1000627377) has quit the Las Colinas Vagos as a rank 2
[2018/1/25 - 10:59:55] Rakim Woodcaine has logged out.
[2018/1/25 - 11:02:01] Rakim Woodcaine has logged out.
[2018/1/25 - 11:19:37] Willy Frankenstein has logged out.
[2018/1/25 - 11:26:27] El Don Rakim Woodcaine has lost connection.
[2018/1/25 - 11:33:56] Willy Frankenstein has withdrawn 20 grams of Pot from the safe.
[2018/1/25 - 11:34:41] Willy Frankenstein has authorized Alice Rodriguez to withdraw a SPAS-12 from the weapon locker (Cost: 30)
[2018/1/25 - 11:34:50] Alice Rodriguez has deposited a SPAS-12 into the locker.
[2018/1/25 - 11:35:54] Willy Frankenstein has authorized Alice Rodriguez to withdraw a SPAS-12 from the weapon locker (Cost: 30)
[2018/1/25 - 11:35:59] Alice Rodriguez has deposited a SPAS-12 into the locker.
[2018/1/25 - 11:47:11] Sargento Alice Rodriguez has lost connection.
[2018/1/25 - 11:52:12] Willy Frankenstein has logged out.
[2018/1/25 - 12:03:56] Mohid Ali has logged out.
[2018/1/25 - 12:05:28] Mohid Ali has logged out.
[2018/1/25 - 12:10:05] Mohid Ali has logged out.
[2018/1/25 - 12:15:52] Mohid Ali has logged out.
[2018/1/25 - 12:17:35] Mohid Ali has logged out.
[2018/1/25 - 12:21:18] Sargento Mohid Ali has lost connection.
[2018/1/25 - 12:28:08] Mohid Ali has logged out.
[2018/1/25 - 12:42:12] Sargento Wyatt Thorne has lost connection.
[2018/1/25 - 13:09:21] Rafael Garutti has logged out.
[2018/1/25 - 13:23:00] Sargento Wyatt Thorne has lost connection.
[2018/1/25 - 13:23:56] Sargento Alice Rodriguez has lost connection.
[2018/1/25 - 13:43:58] Willy Frankenstein has authorized Rafael Garutti to withdraw a AK-47 from the weapon locker (Cost: 15)
[2018/1/25 - 13:45:37] Willy Frankenstein has authorized Rafael Garutti to withdraw a Rifle from the weapon locker (Cost: 5)
[2018/1/25 - 13:52:12] Rafael Garutti has logged out.
[2018/1/25 - 14:11:39] Alice Rodriguez has logged out.
[2018/1/25 - 14:31:36] Rafael Garutti has logged out.
[2018/1/25 - 14:46:02] Willy Frankenstein has logged out.
[2018/1/25 - 15:24:18] Leonardo Bishop has withdrawn $300,000 from the safe.
[2018/1/25 - 15:34:35] Leonardo Bishop has authorized Wyatt Thorne to withdraw a M4A1 from the weapon locker (Cost: 20)
[2018/1/25 - 15:45:30] Wyatt Thorne has logged out.
[2018/1/25 - 15:53:57] Leonardo Bishop has logged out.
[2018/1/25 - 16:16:26] Mark Deto has logged out.
[2018/1/25 - 16:57:21] Vago Yousef Deto has lost connection.
[2018/1/25 - 17:14:17] Sargento Mohid Ali has lost connection.
[2018/1/25 - 17:21:05] Mohid Ali has logged out.
[2018/1/25 - 17:24:34] Yousef Deto has logged out.
[2018/1/25 - 17:38:32] Sargento Mohid Ali has lost connection.
[2018/1/25 - 17:45:59] Mohid Ali has logged out.
[2018/1/25 - 17:47:36] Sargento Mohid Ali has lost connection.
[2018/1/25 - 17:50:19] Sargento Mohid Ali has lost connection.
[2018/1/25 - 17:56:13] Jimmy Tex has logged out.
[2018/1/25 - 17:57:46] Jimmy Tex has withdrawn 50 grams of Meth from the safe.
[2018/1/25 - 18:00:24] Jimmy Tex has withdrawn a Desert Eagle from the weapon locker (Cost: 5)
[2018/1/25 - 18:02:45] Jimmy Tex has logged out.
[2018/1/25 - 18:07:37] Mohid Ali has logged out.
[2018/1/25 - 18:07:44] Wyatt Thorne has logged out.
[2018/1/25 - 18:15:45] Jimmy Tex has authorized Mohid Ali to withdraw a Desert Eagle from the weapon locker (Cost: 5)
[2018/1/25 - 18:17:09] Rafael Garutti has logged out.
[2018/1/25 - 18:18:45] Jimmy Tex has logged out.
[2018/1/25 - 18:23:08] Rafael Garutti has logged out.
[2018/1/25 - 18:25:28] Abdullah X Knights (1000442672) accepted El Don Jimmy Tex's (1000498130) invite to join Las Colinas Vagos (29).
[2018/1/25 - 18:27:17] Jimmy Tex has logged out.
[2018/1/25 - 18:27:56] Wyatt Thorne has logged out.
[2018/1/25 - 18:28:46] El Don Jimmy Tex (1000498130) has set Abdullah X Knights's (1000442672) division to Las Colinas in Las Colinas Vagos (29).
[2018/1/25 - 18:29:23] Mohid Ali has logged out.
[2018/1/25 - 18:30:48] Mohid Ali has logged out.
[2018/1/25 - 18:35:21] Sargento Mohid Ali has lost connection.
[2018/1/25 - 18:48:10] Abdullah X Knights has logged out.
[2018/1/25 - 19:01:05] Sargento Mohid Ali has lost connection.
[2018/1/25 - 19:08:20] Jimmy Tex has authorized Alice Rodriguez to withdraw a AK-47 from the weapon locker (Cost: 15)
[2018/1/25 - 19:10:30] Jimmy Tex has logged out.
[2018/1/25 - 19:13:35] Jimmy Tex has logged out.
[2018/1/25 - 19:14:17] Alice Rodriguez has logged out.
[2018/1/25 - 19:14:45] Rafael Garutti has logged out.
[2018/1/25 - 19:21:56] Jimmy Tex has authorized Rafael Garutti to withdraw a Desert Eagle from the weapon locker (Cost: 5)
[2018/1/25 - 19:22:57] Jimmy Tex has withdrawn a Desert Eagle from the weapon locker (Cost: 5)
[2018/1/25 - 19:26:33] Willy Frankenstein has logged out.
[2018/1/25 - 19:43:57] Jimmy Tex has withdrawn 20 grams of Meth from the safe.
[2018/1/25 - 19:52:08] Jimmy Tex has authorized Alice Rodriguez to withdraw a AK-47 from the weapon locker (Cost: 15)
[2018/1/25 - 19:57:33] Leonardo Bishop has authorized Rafael Garutti to withdraw a Desert Eagle from the weapon locker (Cost: 5)
[2018/1/25 - 19:58:34] Leonardo Bishop has authorized Rafael Garutti to withdraw a AK-47 from the weapon locker (Cost: 15)
[2018/1/25 - 20:01:36] Alice Rodriguez has logged out.
[2018/1/25 - 20:17:03] Mano Derecha Mark Deto has lost connection.
[2018/1/25 - 20:22:56] Chester Speed (1000329770) accepted Rey Leonardo Bishop's (30171) invite to join Las Colinas Vagos (29).
[2018/1/25 - 20:24:29] Bazim Aki (1000627042) accepted Rey Leonardo Bishop's (30171) invite to join Las Colinas Vagos (29).
[2018/1/25 - 20:25:09] El Don Jimmy Tex (1000498130) (rank 7) has given Chester Speed (1000329770) rank 5 (Mano Derecha) in Las Colinas Vagos (29).
[2018/1/25 - 20:25:16] Rey Leonardo Bishop (30171) (rank 9) has given Chester Speed (1000329770) rank 5 (Mano Derecha) in Las Colinas Vagos (29).
[2018/1/25 - 20:25:29] El Don Jimmy Tex (1000498130) has set Chester Speed's (1000329770) division to Las Colinas in Las Colinas Vagos (29).
[2018/1/25 - 20:26:46] Bazim Aki has logged out.
[2018/1/25 - 20:31:23] Chester Speed has withdrawn a AK-47 from the weapon locker (Cost: 15)
[2018/1/25 - 20:38:34] Rafael Garutti has logged out.
[2018/1/25 - 20:42:02] Mark Deto has logged out.
[2018/1/25 - 20:43:11] Mano Derecha Mark Deto has lost connection.
[2018/1/25 - 20:47:44] Rafael Garutti has logged out.
[2018/1/25 - 20:55:06] Jimmy Tex has authorized Chester Speed to withdraw a Sniper Rifle from the weapon locker (Cost: 40)
[2018/1/25 - 20:55:49] Jimmy Tex has authorized Bazim Aki to withdraw a Desert Eagle from the weapon locker (Cost: 5)
[2018/1/25 - 20:56:39] Isabella Swagger (1000627849) accepted Rey Leonardo Bishop's (30171) invite to join Las Colinas Vagos (29).
[2018/1/25 - 20:57:06] Leonardo Bishop has authorized Isabella Swagger to withdraw a Desert Eagle from the weapon locker (Cost: 5)
[2018/1/25 - 21:02:29] Leonardo Bishop has withdrawn a AK-47 from the weapon locker (Cost: 15)
[2018/1/25 - 21:02:55] Jimmy Tex has withdrawn a AK-47 from the weapon locker (Cost: 15)
[2018/1/25 - 21:03:14] Leonardo Bishop has set Sniper Rifle weapon restriction from rank 8+ to 7.
[2018/1/25 - 21:03:18] Leonardo Bishop has set SPAS-12 weapon restriction from rank 8+ to 7.
[2018/1/25 - 21:03:43] Jimmy Tex has withdrawn 60 grams of Heroin from the safe.
[2018/1/25 - 21:05:50] Leonardo Bishop has authorized Wyatt Thorne to withdraw a AK-47 from the weapon locker (Cost: 15)
[2018/1/25 - 21:06:03] Isabella Swagger has logged out.
[2018/1/25 - 21:06:59] Jimmy Tex has authorized Wyatt Thorne to withdraw a Desert Eagle from the weapon locker (Cost: 5)
[2018/1/25 - 21:07:22] Chester Speed has withdrawn a Desert Eagle from the weapon locker (Cost: 5)
[2018/1/25 - 21:07:23] Chester Speed has withdrawn a AK-47 from the weapon locker (Cost: 15)
[2018/1/25 - 21:07:34] Jimmy Tex has authorized Chester Speed to withdraw a Sniper Rifle from the weapon locker (Cost: 40)
[2018/1/25 - 21:13:33] Bazim Aki has logged out.
[2018/1/25 - 21:15:40] Jimmy Tex has withdrawn 20 grams of Ecstasy from the safe.
[2018/1/25 - 21:16:59] Willy Frankenstein has withdrawn 5 grams of Crack from the safe.
[2018/1/25 - 21:17:03] Willy Frankenstein has withdrawn 10 grams of Pot from the safe.
[2018/1/25 - 21:20:44] Isabella Swagger (1000627849) has quit the Las Colinas Vagos as a rank 0
[2018/1/25 - 21:27:35] Wyatt Thorne has logged out.
[2018/1/25 - 21:28:57] Bazim Aki has logged out.
[2018/1/25 - 21:29:56] Angelo D Petro (1000627548) accepted Rey Leonardo Bishop's (30171) invite to join Las Colinas Vagos (29).
[2018/1/25 - 21:30:07] Chester Speed has logged out.
[2018/1/25 - 21:30:23] Rey Leonardo Bishop (30171) (rank 9) has given Angelo D Petro (1000627548) rank 2 (Sargento) in Las Colinas Vagos (29).
[2018/1/25 - 21:31:07] Rey Leonardo Bishop (30171) (rank 9) has given Wyatt Thorne (44399) rank 3 (Vago) in Las Colinas Vagos (29).
[2018/1/25 - 21:33:31] Leonardo Bishop has authorized Wyatt Thorne to withdraw a Desert Eagle from the weapon locker (Cost: 5)
[2018/1/25 - 21:33:48] Jimmy Tex has logged out.
[2018/1/25 - 21:35:32] Willy Frankenstein has authorized Wyatt Thorne to withdraw a AK-47 from the weapon locker (Cost: 15)
[2018/1/25 - 21:48:12] Leonardo Bishop has withdrawn a AK-47 from the weapon locker (Cost: 15)
[2018/1/25 - 21:50:27] Willy Frankenstein has withdrawn a M4A1 from the weapon locker (Cost: 20)
[2018/1/25 - 21:52:34] Angelo D Petro has logged out.
[2018/1/25 - 21:53:14] Wyatt Thorne has logged out.
[2018/1/25 - 22:03:43] Willy Frankenstein has deposited a M4A1 into the locker.
[2018/1/25 - 22:04:04] Leonardo Bishop has withdrawn a Desert Eagle from the weapon locker (Cost: 5)
[2018/1/25 - 22:10:13] Leonardo Bishop has withdrawn a Desert Eagle from the weapon locker (Cost: 5)
[2018/1/25 - 22:17:02] Leonardo Bishop has authorized Bazim Aki to withdraw a Desert Eagle from the weapon locker (Cost: 5)
[2018/1/25 - 22:22:39] Leonardo Bishop has authorized Bazim Aki to withdraw a Desert Eagle from the weapon locker (Cost: 5)
[2018/1/25 - 22:25:02] Wyatt Thorne has logged out.
[2018/1/25 - 22:25:52] Rey Leonardo Bishop has lost connection.
[2018/1/25 - 22:28:11] Bazim Aki has logged out.
[2018/1/25 - 22:56:30] El Don Willy Frankenstein has lost connection.
[2018/1/25 - 23:04:01] Angelo D Petro has logged out.
[2018/1/25 - 23:38:57] Bazim Aki has logged out.
[2018/1/25 - 23:47:58] Bazim Aki has logged out.
