[2018/1/7 - 0:09:22] Alberto Bishop has logged in.
[2018/1/7 - 0:10:00] Bobby Leyva Escobar has logged out.
[2018/1/7 - 0:20:00] Alberto Bishop has logged out.
[2018/1/7 - 0:20:08] Leonardo Bishop has logged in.
[2018/1/7 - 0:20:56] Alberto Bishop has logged in.
[2018/1/7 - 0:29:42] Leonardo Bishop has logged out.
[2018/1/7 - 0:30:51] Leonardo Bishop has logged in.
[2018/1/7 - 0:47:57] Leonardo Bishop has logged out.
[2018/1/7 - 0:49:11] Leonardo Bishop has logged in.
[2018/1/7 - 0:50:11] Bobby Leyva Escobar has logged in.
[2018/1/7 - 0:53:22] Rey Leonardo Bishop (30171) (rank 9) has given Bobby Leyva Escobar (1000625245) rank 1 (Soldato) in Las Colinas Vagos (29).
[2018/1/7 - 0:54:44] Rakim Woodcaine has logged in.
[2018/1/7 - 0:58:24] Rey Leonardo Bishop has lost connection.
[2018/1/7 - 1:00:08] Leonardo Bishop has logged in.
[2018/1/7 - 1:03:26] Rakim Woodcaine has deposited a M4A1 into the locker.
[2018/1/7 - 1:04:03] Rakim Woodcaine has deposited a Sniper Rifle into the locker.
[2018/1/7 - 1:05:18] Rakim Woodcaine has withdrawn a Desert Eagle from the weapon locker (Cost: 5)
[2018/1/7 - 1:12:15] Alberto Bishop has withdrawn a Desert Eagle from the weapon locker (Cost: 5)
[2018/1/7 - 1:12:19] Leonardo Bishop has withdrawn a Desert Eagle from the weapon locker (Cost: 5)
[2018/1/7 - 1:12:27] Leonardo Bishop has authorized Bobby Leyva Escobar to withdraw a Desert Eagle from the weapon locker (Cost: 5)
[2018/1/7 - 1:26:03] Rakim Woodcaine has withdrawn a Desert Eagle from the weapon locker (Cost: 5)
[2018/1/7 - 1:27:12] Rakim Woodcaine has logged out.
[2018/1/7 - 1:30:22] Alberto Bishop has withdrawn a Desert Eagle from the weapon locker (Cost: 5)
[2018/1/7 - 1:35:54] Leonardo Bishop has logged out.
[2018/1/7 - 1:37:55] Leonardo Bishop has logged in.
[2018/1/7 - 1:41:39] Leonardo Bishop has logged out.
[2018/1/7 - 1:43:28] Leonardo Bishop has logged in.
[2018/1/7 - 1:44:08] Daniel Bishop has withdrawn a Desert Eagle from the weapon locker (Cost: 5)
[2018/1/7 - 1:44:12] Daniel Bishop has withdrawn a MP5 from the weapon locker (Cost: 5)
[2018/1/7 - 1:44:16] Daniel Bishop has withdrawn a AK-47 from the weapon locker (Cost: 25)
[2018/1/7 - 1:54:55] Leonardo Bishop has deposited a AK-47 into the locker.
[2018/1/7 - 1:55:08] Leonardo Bishop has deposited a AK-47 into the locker.
[2018/1/7 - 1:55:16] Leonardo Bishop has deposited a AK-47 into the locker.
[2018/1/7 - 1:55:25] Leonardo Bishop has deposited a AK-47 into the locker.
[2018/1/7 - 2:04:16] Leonardo Bishop has authorized Bobby Leyva Escobar to withdraw a Desert Eagle from the weapon locker (Cost: 5)
[2018/1/7 - 2:04:25] Leonardo Bishop has withdrawn a Desert Eagle from the weapon locker (Cost: 5)
[2018/1/7 - 2:09:28] Tyrell Michalz (1000625295) accepted Rey Leonardo Bishop's (30171) invite to join Las Colinas Vagos (29).
[2018/1/7 - 2:09:33] Rey Leonardo Bishop (30171) (rank 9) has given Tyrell Michalz (1000625295) rank 4 (Teniente) in Las Colinas Vagos (29).
[2018/1/7 - 2:10:35] Kiko Mizuhara (1000625235) accepted Rey Leonardo Bishop's (30171) invite to join Las Colinas Vagos (29).
[2018/1/7 - 2:14:44] Tyrell Michalz has withdrawn a Desert Eagle from the weapon locker (Cost: 5)
[2018/1/7 - 2:18:16] Tyrell Michalz has withdrawn a Desert Eagle from the weapon locker (Cost: 5)
[2018/1/7 - 2:20:03] Alberto Bishop has withdrawn a Desert Eagle from the weapon locker (Cost: 5)
[2018/1/7 - 2:20:23] Alberto Bishop has withdrawn a Desert Eagle from the weapon locker (Cost: 5)
[2018/1/7 - 2:28:11] Tyrell Michalz has withdrawn a Desert Eagle from the weapon locker (Cost: 5)
[2018/1/7 - 2:28:56] Leonardo Bishop has logged out.
[2018/1/7 - 2:29:37] Alberto Bishop has logged out.
[2018/1/7 - 2:37:28] Bobby Leyva Escobar has logged out.
[2018/1/7 - 3:15:04] Tyrell Michalz has withdrawn a Desert Eagle from the weapon locker (Cost: 5)
[2018/1/7 - 3:51:37] Tyrell Michalz has withdrawn a Desert Eagle from the weapon locker (Cost: 5)
[2018/1/7 - 3:51:41] Tyrell Michalz has withdrawn a AK-47 from the weapon locker (Cost: 25)
[2018/1/7 - 3:51:45] Tyrell Michalz has withdrawn a M4A1 from the weapon locker (Cost: 35)
[2018/1/7 - 3:54:32] Tyrell Michalz has logged in.
[2018/1/7 - 4:04:14] Kiko Mizuhara has logged out.
[2018/1/7 - 4:40:19] Kiko Mizuhara has logged in.
[2018/1/7 - 4:42:28] Salvatore Florenzo has logged in.
[2018/1/7 - 4:44:54] Salvatore Florenzo has logged out.
[2018/1/7 - 4:45:55] Salvatore Florenzo has logged in.
[2018/1/7 - 4:47:23] Salvatore Florenzo has withdrawn a Desert Eagle from the weapon locker (Cost: 5)
[2018/1/7 - 5:12:13] Tyrell Michalz has logged in.
[2018/1/7 - 5:16:13] Kiko Mizuhara has logged out.
[2018/1/7 - 5:16:45] Salvatore Florenzo has withdrawn a SPAS-12 from the weapon locker (Cost: 50)
[2018/1/7 - 5:16:57] Kiko Mizuhara has logged in.
[2018/1/7 - 5:28:13] Tyrell Michalz has logged out.
[2018/1/7 - 5:28:32] Salvatore Florenzo has logged out.
[2018/1/7 - 5:29:21] Salvatore Florenzo has logged in.
[2018/1/7 - 5:29:34] Salvatore Florenzo has logged out.
[2018/1/7 - 5:31:07] Salvatore Florenzo has logged in.
[2018/1/7 - 5:32:22] Salvatore Florenzo has logged out.
[2018/1/7 - 5:33:34] Salvatore Florenzo has logged in.
[2018/1/7 - 5:35:20] Salvatore Florenzo has logged out.
[2018/1/7 - 5:36:16] Salvatore Florenzo has logged in.
[2018/1/7 - 5:38:47] Mano Derecha Salvatore Florenzo has lost connection.
[2018/1/7 - 5:54:04] Tyrell Michalz has logged in.
[2018/1/7 - 6:00:58] Tyrell Michalz has withdrawn a Desert Eagle from the weapon locker (Cost: 5)
[2018/1/7 - 6:09:04] Tyrell Michalz has withdrawn a Desert Eagle from the weapon locker (Cost: 5)
[2018/1/7 - 6:21:15] Tyrell Michalz has logged out.
[2018/1/7 - 6:47:34] Tyrell Michalz has logged in.
[2018/1/7 - 7:08:55] Tyrell Michalz has withdrawn a Desert Eagle from the weapon locker (Cost: 5)
[2018/1/7 - 7:11:43] Tyrell Michalz has logged out.
[2018/1/7 - 7:25:41] Kiko Mizuhara has logged out.
[2018/1/7 - 7:26:40] Kiko Mizuhara has logged in.
[2018/1/7 - 7:27:27] Jamie Nelson has logged in.
[2018/1/7 - 7:39:43] Jamie Nelson has withdrawn a SPAS-12 from the weapon locker (Cost: 50)
[2018/1/7 - 7:41:02] Mano Derecha Jamie Nelson has lost connection.
[2018/1/7 - 7:52:02] Tyrell Michalz has logged in.
[2018/1/7 - 7:54:38] Bobby Leyva Escobar has logged in.
[2018/1/7 - 7:55:29] Jamie Nelson has logged in.
[2018/1/7 - 7:57:55] Jamie Nelson has withdrawn a SPAS-12 from the weapon locker (Cost: 50)
[2018/1/7 - 8:01:12] Jamie Nelson has withdrawn a Desert Eagle from the weapon locker (Cost: 5)
[2018/1/7 - 8:01:30] Jamie Nelson has withdrawn a Desert Eagle from the weapon locker (Cost: 5)
[2018/1/7 - 8:03:40] Jamie Nelson has withdrawn a Desert Eagle from the weapon locker (Cost: 5)
[2018/1/7 - 8:04:22] Jamie Nelson has withdrawn a Desert Eagle from the weapon locker (Cost: 5)
[2018/1/7 - 8:04:24] Jamie Nelson has withdrawn a AK-47 from the weapon locker (Cost: 25)
[2018/1/7 - 8:04:49] Tyrell Michalz has withdrawn a AK-47 from the weapon locker (Cost: 25)
[2018/1/7 - 8:17:46] Salvatore Florenzo has logged in.
[2018/1/7 - 8:18:48] Salvatore Florenzo has withdrawn a Desert Eagle from the weapon locker (Cost: 5)
[2018/1/7 - 8:19:07] Tyrell Michalz has withdrawn a M4A1 from the weapon locker (Cost: 35)
[2018/1/7 - 8:24:05] Jamie Nelson has withdrawn a Shotgun from the weapon locker (Cost: 3)
[2018/1/7 - 8:24:16] Jamie Nelson has withdrawn a Desert Eagle from the weapon locker (Cost: 5)
[2018/1/7 - 8:24:26] Jamie Nelson has withdrawn a Desert Eagle from the weapon locker (Cost: 5)
[2018/1/7 - 8:25:54] Jamie Nelson has withdrawn a Desert Eagle from the weapon locker (Cost: 5)
[2018/1/7 - 8:26:05] Jamie Nelson has withdrawn a Desert Eagle from the weapon locker (Cost: 5)
[2018/1/7 - 8:26:06] Tyrell Michalz has logged out.
[2018/1/7 - 8:26:24] Jamie Nelson has withdrawn a Desert Eagle from the weapon locker (Cost: 5)
[2018/1/7 - 8:32:06] Salvatore Florenzo has logged out.
[2018/1/7 - 8:40:09] Salvatore Florenzo has logged in.
[2018/1/7 - 8:41:04] Bobby Leyva Escobar has logged out.
[2018/1/7 - 8:41:56] Bobby Leyva Escobar has logged in.
[2018/1/7 - 8:43:03] Jamie Nelson has withdrawn a Desert Eagle from the weapon locker (Cost: 5)
[2018/1/7 - 8:49:45] Mano Derecha Salvatore Florenzo has lost connection.
[2018/1/7 - 8:50:48] Salvatore Florenzo has logged in.
[2018/1/7 - 8:53:11] Mano Derecha Salvatore Florenzo has lost connection.
[2018/1/7 - 8:56:25] Salvatore Florenzo has logged in.
[2018/1/7 - 9:09:46] Salvatore Florenzo has logged out.
[2018/1/7 - 9:09:51] Tyrell Michalz has logged in.
[2018/1/7 - 9:10:51] Bobby Leyva Escobar has logged out.
[2018/1/7 - 9:11:29] Bobby Leyva Escobar has logged in.
[2018/1/7 - 9:34:24] Roy Ryder has logged in.
[2018/1/7 - 9:42:08] Jamie Nelson has logged out.
[2018/1/7 - 9:47:09] Jamie Nelson has logged in.
[2018/1/7 - 9:50:35] Jamie Nelson has withdrawn a Desert Eagle from the weapon locker (Cost: 5)
[2018/1/7 - 10:01:05] Tyrell Michalz has logged out.
[2018/1/7 - 10:22:38] Azhan Bishop has logged in.
[2018/1/7 - 10:30:01] Jamie Nelson has withdrawn a Desert Eagle from the weapon locker (Cost: 5)
[2018/1/7 - 10:30:03] Jamie Nelson has withdrawn a SPAS-12 from the weapon locker (Cost: 50)
[2018/1/7 - 10:33:46] Jamie Nelson has withdrawn a Desert Eagle from the weapon locker (Cost: 5)
[2018/1/7 - 10:33:48] Jamie Nelson has withdrawn a M4A1 from the weapon locker (Cost: 35)
[2018/1/7 - 10:34:09] Roy Ryder has logged out.
[2018/1/7 - 10:36:05] Tyrell Michalz has logged in.
[2018/1/7 - 10:36:50] Azhan Bishop has authorized Kiko Mizuhara to withdraw a Desert Eagle from the weapon locker (Cost: 5)
[2018/1/7 - 10:38:49] Jamie Nelson has withdrawn a Desert Eagle from the weapon locker (Cost: 5)
[2018/1/7 - 10:38:57] Azhan Bishop has logged out.
[2018/1/7 - 10:39:33] Jamie Nelson has withdrawn a Desert Eagle from the weapon locker (Cost: 5)
[2018/1/7 - 10:43:03] Kiko Mizuhara has logged out.
[2018/1/7 - 10:44:17] Tyrell Michalz has withdrawn a AK-47 from the weapon locker (Cost: 25)
[2018/1/7 - 10:49:11] Willy Frankenstein has logged in.
[2018/1/7 - 10:52:54] Roy Ryder has logged in.
[2018/1/7 - 10:53:55] Tyrell Michalz has withdrawn a Desert Eagle from the weapon locker (Cost: 5)
[2018/1/7 - 10:54:47] Soldato Bobby Leyva Escobar has lost connection.
[2018/1/7 - 10:54:53] Jamie Nelson has withdrawn a Desert Eagle from the weapon locker (Cost: 5)
[2018/1/7 - 11:04:38] Rakim Woodcaine has logged in.
[2018/1/7 - 11:10:34] Tyrell Michalz has withdrawn a Desert Eagle from the weapon locker (Cost: 5)
[2018/1/7 - 11:10:37] Tyrell Michalz has withdrawn a AK-47 from the weapon locker (Cost: 25)
[2018/1/7 - 11:11:18] Azhan Bishop has logged in.
[2018/1/7 - 11:19:12] Alberto Bishop has logged in.
[2018/1/7 - 11:22:10] Rey Azhan Bishop (1000266401) has set Willy Frankenstein's (1000538524) division to Las Colinas in Las Colinas Vagos (29).
[2018/1/7 - 11:24:05] Willy Frankenstein has withdrawn a Desert Eagle from the weapon locker (Cost: 5)
[2018/1/7 - 11:24:07] Jamie Nelson has withdrawn a Desert Eagle from the weapon locker (Cost: 5)
[2018/1/7 - 11:24:09] Jamie Nelson has withdrawn a AK-47 from the weapon locker (Cost: 25)
[2018/1/7 - 11:24:16] Willy Frankenstein has withdrawn a AK-47 from the weapon locker (Cost: 25)
[2018/1/7 - 11:24:31] Tyrell Michalz has withdrawn a Desert Eagle from the weapon locker (Cost: 5)
[2018/1/7 - 11:24:35] Tyrell Michalz has withdrawn a AK-47 from the weapon locker (Cost: 25)
[2018/1/7 - 11:28:50] Azhan Bishop has withdrawn a Desert Eagle from the weapon locker (Cost: 5)
[2018/1/7 - 11:31:45] Rakim Woodcaine has withdrawn a AK-47 from the weapon locker (Cost: 25)
[2018/1/7 - 11:42:24] Roy Ryder has logged out.
[2018/1/7 - 11:45:56] Azhan Bishop has logged out.
[2018/1/7 - 11:46:22] Tyrell Michalz has logged in.
[2018/1/7 - 11:46:49] Rakim Woodcaine has withdrawn a Desert Eagle from the weapon locker (Cost: 5)
[2018/1/7 - 11:48:59] Alberto Bishop has withdrawn a MP5 from the weapon locker (Cost: 5)
[2018/1/7 - 11:49:01] Alberto Bishop has withdrawn a Desert Eagle from the weapon locker (Cost: 5)
[2018/1/7 - 11:49:11] Jamie Nelson has withdrawn a Desert Eagle from the weapon locker (Cost: 5)
[2018/1/7 - 11:51:27] Patron Alberto Bishop has lost connection.
[2018/1/7 - 11:57:06] Alberto Bishop has logged in.
[2018/1/7 - 12:07:23] Tyrell Michalz has logged out.
[2018/1/7 - 12:08:05] Bobby Leyva Escobar has logged in.
[2018/1/7 - 12:14:20] Willy Frankenstein has logged out.
[2018/1/7 - 12:19:02] Alberto Bishop has logged out.
[2018/1/7 - 12:19:54] Willy Frankenstein has logged in.
[2018/1/7 - 12:20:01] Alberto Bishop has logged in.
[2018/1/7 - 12:23:44] Rakim Woodcaine has withdrawn a Desert Eagle from the weapon locker (Cost: 5)
[2018/1/7 - 12:24:44] Patron Alberto Bishop has lost connection.
[2018/1/7 - 12:32:18] Rakim Woodcaine has logged out.
[2018/1/7 - 12:37:14] Tyrell Michalz has logged in.
[2018/1/7 - 12:40:18] Tyrell Michalz has withdrawn a Desert Eagle from the weapon locker (Cost: 5)
[2018/1/7 - 12:44:40] Jamie Nelson has withdrawn a Desert Eagle from the weapon locker (Cost: 5)
[2018/1/7 - 13:02:13] Alberto Bishop has logged in.
[2018/1/7 - 13:03:00] Alberto Bishop has logged out.
[2018/1/7 - 13:05:53] Alberto Bishop has logged in.
[2018/1/7 - 13:08:27] Leonardo Bishop has logged in.
[2018/1/7 - 13:08:29] Tyrell Michalz has logged in.
[2018/1/7 - 13:16:16] Teniente Tyrell Michalz has lost connection.
[2018/1/7 - 13:17:14] Bobby Leyva Escobar has logged out.
[2018/1/7 - 13:18:08] Bobby Leyva Escobar has logged in.
[2018/1/7 - 13:21:04] Tyrell Michalz has logged in.
[2018/1/7 - 13:23:13] Willy Frankenstein has logged out.
[2018/1/7 - 13:33:29] Azhan Bishop has logged in.
[2018/1/7 - 13:37:42] Azhan Bishop has withdrawn a Desert Eagle from the weapon locker (Cost: 5)
[2018/1/7 - 13:42:03] Kinita Zafuki (1000625240) accepted Rey Leonardo Bishop's (30171) invite to join Las Colinas Vagos (29).
[2018/1/7 - 13:43:17] Leonardo Bishop has authorized Kinita Zafuki to withdraw a Desert Eagle from the weapon locker (Cost: 5)
[2018/1/7 - 13:43:40] Jamie Nelson has withdrawn a Desert Eagle from the weapon locker (Cost: 5)
[2018/1/7 - 13:46:04] Leonardo Bishop has withdrawn a Desert Eagle from the weapon locker (Cost: 5)
[2018/1/7 - 13:50:56] Roy Ryder has logged in.
[2018/1/7 - 13:54:08] Azhan Bishop has logged out.
[2018/1/7 - 13:54:14] Alberto Bishop has logged out.
[2018/1/7 - 13:55:51] Alberto Bishop has logged in.
[2018/1/7 - 13:57:11] Jamie Nelson has withdrawn a Desert Eagle from the weapon locker (Cost: 5)
[2018/1/7 - 13:57:20] Jamie Nelson has withdrawn a Desert Eagle from the weapon locker (Cost: 5)
[2018/1/7 - 13:58:09] Tyrell Michalz has withdrawn a Desert Eagle from the weapon locker (Cost: 5)
[2018/1/7 - 13:58:32] Bobby Leyva Escobar has logged out.
[2018/1/7 - 13:58:41] Leonardo Bishop has withdrawn a Desert Eagle from the weapon locker (Cost: 5)
[2018/1/7 - 13:58:55] Rey Leonardo Bishop (30171) has set Tyrell Michalz's (1000625295) division to Las Colinas in Las Colinas Vagos (29).
[2018/1/7 - 14:01:05] Leonardo Bishop has withdrawn a Sniper Rifle from the weapon locker (Cost: 75)
[2018/1/7 - 14:02:24] Jamie Nelson has withdrawn a Sniper Rifle from the weapon locker (Cost: 75)
[2018/1/7 - 14:04:12] Bobby Leyva Escobar has logged in.
[2018/1/7 - 14:05:36] Leonardo Bishop has logged out.
[2018/1/7 - 14:05:38] Bobby Leyva Escobar has logged out.
[2018/1/7 - 14:06:17] Tyrell Michalz has logged out.
[2018/1/7 - 14:08:24] Jamie Nelson has logged out.
[2018/1/7 - 14:09:26] Roy Ryder has logged out.
[2018/1/7 - 14:15:20] Alberto Bishop has logged out.
[2018/1/7 - 14:16:36] Leonardo Bishop (30171) has changed MOTD for We are enemies with Diablos! to: We are enemies with Diablos! in slot 2
[2018/1/7 - 14:19:17] Jimmy Tex has logged out.
[2018/1/7 - 14:22:38] Alberto Bishop has logged out.
[2018/1/7 - 14:23:30] Alberto Bishop has logged out.
[2018/1/7 - 14:32:48] Jamie Nelson has deposited a SPAS-12 into the locker.
[2018/1/7 - 14:32:55] Jamie Nelson has withdrawn a Desert Eagle from the weapon locker (Cost: 5)
[2018/1/7 - 14:33:17] Azhan Bishop has logged out.
[2018/1/7 - 14:33:43] Tyrell Michalz has withdrawn a Desert Eagle from the weapon locker (Cost: 5)
[2018/1/7 - 14:34:10] Willy Frankenstein has withdrawn a Desert Eagle from the weapon locker (Cost: 5)
[2018/1/7 - 14:38:09] Rakim Woodcaine has logged out.
[2018/1/7 - 14:39:24] Alberto Bishop has withdrawn a Desert Eagle from the weapon locker (Cost: 5)
[2018/1/7 - 14:39:29] Alberto Bishop has withdrawn a MP5 from the weapon locker (Cost: 5)
[2018/1/7 - 14:39:50] Jamie Nelson has withdrawn a Desert Eagle from the weapon locker (Cost: 5)
[2018/1/7 - 14:40:05] Willy Frankenstein has withdrawn a Desert Eagle from the weapon locker (Cost: 5)
[2018/1/7 - 14:40:34] Azhan Bishop has withdrawn a Desert Eagle from the weapon locker (Cost: 5)
[2018/1/7 - 14:40:43] Tyrell Michalz has withdrawn a Desert Eagle from the weapon locker (Cost: 5)
[2018/1/7 - 14:40:49] Azhan Bishop has authorized Kinita Zafuki to withdraw a Desert Eagle from the weapon locker (Cost: 5)
[2018/1/7 - 14:42:41] Rakim Woodcaine has logged out.
[2018/1/7 - 14:54:31] Salvatore Florenzo has logged out.
[2018/1/7 - 14:58:52] Azhan Bishop has logged out.
[2018/1/7 - 15:00:13] Mano Derecha Salvatore Florenzo has lost connection.
[2018/1/7 - 15:02:10] Alberto Bishop (1000575289) has quit the Las Colinas Vagos as a rank 6
[2018/1/7 - 15:02:42] Alberto Bishop (1000575289) accepted Rey Leonardo Bishop's (30171) invite to join Las Colinas Vagos (29).
[2018/1/7 - 15:02:44] Rey Leonardo Bishop (30171) (rank 9) has given Alberto Bishop (1000575289) rank 6 (Patron) in Las Colinas Vagos (29).
[2018/1/7 - 15:02:52] Rey Leonardo Bishop (30171) has set Alberto Bishop's (1000575289) division to The Council in Las Colinas Vagos (29).
[2018/1/7 - 15:04:27] Kinita Zafuki has logged out.
[2018/1/7 - 15:08:35] Mano Derecha Salvatore Florenzo has lost connection.
[2018/1/7 - 15:10:29] Rock Williams (1000622726) has quit the Las Colinas Vagos as a rank 4
[2018/1/7 - 15:11:08] Rey Tyler Flleming has lost connection.
[2018/1/7 - 15:14:04] Tyler Flleming has logged out.
[2018/1/7 - 15:15:41] Patron Alberto Bishop has lost connection.
[2018/1/7 - 15:15:52] Bobby Leyva Escobar has logged out.
[2018/1/7 - 15:22:57] Roy Ryder has logged out.
[2018/1/7 - 15:26:04] Willy Frankenstein has logged out.
[2018/1/7 - 15:41:53] Leonardo Bishop has logged out.
[2018/1/7 - 15:41:57] Tyler Flleming has logged out.
[2018/1/7 - 15:42:20] Mark Frederson has logged out.
[2018/1/7 - 15:42:35] Tyrell Michalz has logged out.
[2018/1/7 - 15:42:48] Roy Ryder has logged out.
[2018/1/7 - 15:59:01] Tyrell Michalz has logged out.
[2018/1/7 - 16:05:05] Tyler Flleming has logged out.
[2018/1/7 - 16:22:06] Alberto Bishop has logged out.
[2018/1/7 - 16:24:04] Willy Frankenstein has logged out.
[2018/1/7 - 16:27:30] Rey Leonardo Bishop (30171) (rank 9) has given Bobby Leyva Escobar (1000625245) rank 2 (Sargento) in Las Colinas Vagos (29).
[2018/1/7 - 16:29:12] Rey Leonardo Bishop (30171) has set Bobby Leyva Escobar's (1000625245) division to Las Colinas in Las Colinas Vagos (29).
[2018/1/7 - 16:35:08] Sargento Bobby Leyva Escobar has lost connection.
[2018/1/7 - 16:58:04] Jimmy Tex has logged out.
[2018/1/7 - 17:30:08] Iheb Ben Mofujohn (19910) accepted Rey Leonardo Bishop's (30171) invite to join Las Colinas Vagos (29).
[2018/1/7 - 17:30:10] Rey Leonardo Bishop (30171) (rank 9) has given Iheb Ben Mofujohn (19910) rank 4 (Teniente) in Las Colinas Vagos (29).
[2018/1/7 - 17:30:18] Rey Leonardo Bishop (30171) has set Iheb Ben Mofujohn's (19910) division to Las Colinas in Las Colinas Vagos (29).
[2018/1/7 - 18:01:01] Mark Deto has logged out.
[2018/1/7 - 18:02:39] Teniente Iheb Ben Mofujohn has lost connection.
[2018/1/7 - 18:17:26] Leonardo Bishop has deposited a SPAS-12 into the locker.
[2018/1/7 - 18:17:27] Leonardo Bishop has deposited a M4A1 into the locker.
[2018/1/7 - 18:30:54] Tyler Flleming has logged out.
[2018/1/7 - 18:33:19] Salvatore Florenzo has logged out.
[2018/1/7 - 18:46:21] Roy Ryder has logged out.
[2018/1/7 - 18:50:55] Trent Mercher has withdrawn a Desert Eagle from the weapon locker (Cost: 5)
[2018/1/7 - 18:50:59] Iheb Ben Mofujohn has withdrawn a Desert Eagle from the weapon locker (Cost: 5)
[2018/1/7 - 18:51:07] Leonardo Bishop has withdrawn a Desert Eagle from the weapon locker (Cost: 5)
[2018/1/7 - 18:51:24] Leonardo Bishop has withdrawn 10 grams of Crack from the safe.
[2018/1/7 - 19:00:17] Salvatore Florenzo has withdrawn a Desert Eagle from the weapon locker (Cost: 5)
[2018/1/7 - 19:01:39] Roy Ryder has logged out.
[2018/1/7 - 19:04:55] Iheb Ben Mofujohn has withdrawn a AK-47 from the weapon locker (Cost: 25)
[2018/1/7 - 19:05:04] Roy Ryder has withdrawn a Desert Eagle from the weapon locker (Cost: 5)
[2018/1/7 - 19:05:59] Packito Bishop (1000622042) accepted Rey Leonardo Bishop's (30171) invite to join Las Colinas Vagos (29).
[2018/1/7 - 19:06:09] Rey Leonardo Bishop (30171) (rank 9) has given Packito Bishop (1000622042) rank 4 (Teniente) in Las Colinas Vagos (29).
[2018/1/7 - 19:09:16] Bobby Leyva Escobar has logged out.
[2018/1/7 - 19:10:37] Packito Bishop has logged out.
[2018/1/7 - 19:20:09] Teniente Iheb Ben Mofujohn has lost connection.
[2018/1/7 - 19:23:51] Leonardo Bishop has withdrawn a Desert Eagle from the weapon locker (Cost: 5)
[2018/1/7 - 19:28:08] Trent Mercher has logged out.
[2018/1/7 - 19:47:11] Jimmy Tex has logged out.
[2018/1/7 - 19:52:37] Teniente Roy Ryder has lost connection.
[2018/1/7 - 19:52:37] Mano Derecha Jamie Nelson has lost connection.
[2018/1/7 - 20:08:51] Jamie Nelson has withdrawn a Desert Eagle from the weapon locker (Cost: 5)
[2018/1/7 - 20:09:30] Alberto Bishop has withdrawn a Desert Eagle from the weapon locker (Cost: 5)
[2018/1/7 - 20:09:32] Alberto Bishop has withdrawn a MP5 from the weapon locker (Cost: 5)
[2018/1/7 - 20:18:52] Alberto Bishop has logged out.
[2018/1/7 - 20:27:12] Alberto Bishop has logged out.
[2018/1/7 - 20:30:12] Jimmy Tex has withdrawn a Silenced Colt .45 from the weapon locker (Cost: 2)
[2018/1/7 - 20:32:13] Alberto Bishop has logged out.
[2018/1/7 - 20:33:22] Alberto Bishop has withdrawn a Desert Eagle from the weapon locker (Cost: 5)
[2018/1/7 - 20:33:23] Alberto Bishop has withdrawn a MP5 from the weapon locker (Cost: 5)
[2018/1/7 - 20:38:17] Roy Ryder has logged out.
[2018/1/7 - 20:40:22] Jamie Nelson has withdrawn a Desert Eagle from the weapon locker (Cost: 5)
[2018/1/7 - 20:40:38] Trent Mercher has withdrawn a Desert Eagle from the weapon locker (Cost: 5)
[2018/1/7 - 20:40:38] Alberto Bishop has withdrawn a Desert Eagle from the weapon locker (Cost: 5)
[2018/1/7 - 20:41:19] Mark Deto has logged out.
[2018/1/7 - 20:41:48] Alberto Bishop has withdrawn a MP5 from the weapon locker (Cost: 5)
[2018/1/7 - 20:45:16] Jamie Nelson has withdrawn a Desert Eagle from the weapon locker (Cost: 5)
[2018/1/7 - 20:45:22] Trent Mercher has withdrawn a Desert Eagle from the weapon locker (Cost: 5)
[2018/1/7 - 20:45:40] Salvatore Florenzo has logged out.
[2018/1/7 - 20:45:45] Patron Alberto Bishop has lost connection.
[2018/1/7 - 20:46:25] Alberto Bishop has withdrawn a Desert Eagle from the weapon locker (Cost: 5)
[2018/1/7 - 20:46:53] Jamie Nelson has withdrawn a Desert Eagle from the weapon locker (Cost: 5)
[2018/1/7 - 20:47:12] Trent Mercher has withdrawn a Desert Eagle from the weapon locker (Cost: 5)
[2018/1/7 - 20:50:31] Leonardo Bishop has withdrawn a Desert Eagle from the weapon locker (Cost: 5)
[2018/1/7 - 20:50:36] Jimmy Tex has withdrawn a Desert Eagle from the weapon locker (Cost: 5)
[2018/1/7 - 20:56:40] Salvatore Florenzo has logged out.
[2018/1/7 - 21:04:37] Alberto Bishop has logged out.
[2018/1/7 - 21:05:53] Rey Leonardo Bishop (30171) (rank 9) has given Mark Deto (1000624804) rank 5 (Mano Derecha) in Las Colinas Vagos (29).
[2018/1/7 - 21:11:41] Azhan Bishop has withdrawn a Desert Eagle from the weapon locker (Cost: 5)
[2018/1/7 - 21:11:48] Patron Alberto Bishop has lost connection.
[2018/1/7 - 21:15:21] Patron Alberto Bishop has lost connection.
[2018/1/7 - 21:21:50] Bobby Leyva Escobar has logged out.
[2018/1/7 - 21:24:40] Jimmy Tex has logged out.
[2018/1/7 - 21:31:56] Trent Mercher has logged out.
[2018/1/7 - 21:32:55] Alberto Bishop has logged out.
[2018/1/7 - 21:33:39] Azhan Bishop has logged out.
[2018/1/7 - 21:36:38] Mano Derecha Mark Frederson has lost connection.
[2018/1/7 - 21:37:21] Jamie Nelson has withdrawn a Desert Eagle from the weapon locker (Cost: 5)
[2018/1/7 - 21:38:25] Mano Derecha Jamie Nelson has lost connection.
[2018/1/7 - 21:38:31] Patron Alberto Bishop has lost connection.
[2018/1/7 - 21:39:17] Mano Derecha Mark Deto has lost connection.
[2018/1/7 - 21:39:51] Mano Derecha Jamie Nelson has lost connection.
[2018/1/7 - 21:41:22] Mark Frederson has withdrawn a Desert Eagle from the weapon locker (Cost: 5)
[2018/1/7 - 21:50:05] Jamie Nelson has logged out.
[2018/1/7 - 21:54:21] Jamie Nelson has withdrawn a Desert Eagle from the weapon locker (Cost: 5)
[2018/1/7 - 21:55:22] Leonardo Bishop has withdrawn a Desert Eagle from the weapon locker (Cost: 5)
[2018/1/7 - 21:57:55] Mano Derecha Mark Deto has lost connection.
[2018/1/7 - 22:00:42] Mano Derecha Mark Deto has lost connection.
[2018/1/7 - 22:04:18] Mano Derecha Mark Frederson has lost connection.
[2018/1/7 - 22:12:59] Mano Derecha Mark Frederson has lost connection.
[2018/1/7 - 22:14:21] Jamie Nelson has logged out.
[2018/1/7 - 22:25:32] Mano Derecha Mark Deto has lost connection.
[2018/1/7 - 22:43:33] Mark Frederson has logged out.
[2018/1/7 - 23:01:39] Leonardo Bishop has logged out.
[2018/1/7 - 23:07:18] Mano Derecha Mark Deto has lost connection.
[2018/1/7 - 23:21:14] Leonardo Bishop has withdrawn $100,000 from the safe.
[2018/1/7 - 23:22:02] Patron Willy Frankenstein has lost connection.
[2018/1/7 - 23:32:55] Stephenson Jhonson (1000626343) accepted Rey Leonardo Bishop's (30171) invite to join Las Colinas Vagos (29).
[2018/1/7 - 23:33:02] Rey Leonardo Bishop (30171) (rank 9) has given Stephenson Jhonson (1000626343) rank 1 (Soldato) in Las Colinas Vagos (29).
[2018/1/7 - 23:35:00] Stephenson Jhonson has logged out.
[2018/1/7 - 23:39:57] Stephenson Jhonson has logged out.
[2018/1/7 - 23:50:49] Leonardo Bishop has withdrawn 30 grams of Crack from the safe.
[2018/1/7 - 23:50:59] Leonardo Bishop has withdrawn 20 grams of Ecstasy from the safe.
[2018/1/7 - 23:56:23] Antonio Jones (1000625319) accepted Rey Leonardo Bishop's (30171) invite to join Las Colinas Vagos (29).
[2018/1/7 - 23:56:45] Rey Leonardo Bishop (30171) has set Antonio Jones's (1000625319) division to Las Colinas in Las Colinas Vagos (29).
[2018/1/7 - 23:57:35] Willy Frankenstein has withdrawn a Desert Eagle from the weapon locker (Cost: 5)
