[2018/1/9 - 0:15:48] Mark Deto has deposited a M4A1 into the locker.
[2018/1/9 - 0:16:34] Mark Deto has deposited a M4A1 into the locker.
[2018/1/9 - 0:25:21] Mark Deto has deposited a M4A1 into the locker.
[2018/1/9 - 0:36:21] Patron Alberto Bishop has lost connection.
[2018/1/9 - 0:45:18] Leonardo Bishop has withdrawn 100 grams of Ecstasy from the safe.
[2018/1/9 - 0:45:47] Leonardo Bishop has withdrawn 500 grams of Pot from the safe.
[2018/1/9 - 0:47:21] Mark Deto has deposited 500 grams of Pot into the safe.
[2018/1/9 - 0:47:48] Leonardo Bishop has withdrawn 100 grams of Crack from the safe.
[2018/1/9 - 0:48:41] Mark Deto has deposited 100 grams of Crack into the safe.
[2018/1/9 - 0:48:48] Mark Deto has deposited 100 grams of Ecstasy into the safe.
[2018/1/9 - 0:50:35] Leonardo Bishop has withdrawn a Desert Eagle from the weapon locker (Cost: 5)
[2018/1/9 - 0:50:42] Mark Deto has withdrawn a Desert Eagle from the weapon locker (Cost: 5)
[2018/1/9 - 0:59:35] Mark Deto has withdrawn a MP5 from the weapon locker (Cost: 5)
[2018/1/9 - 1:08:28] Mano Derecha Mark Deto has lost connection.
[2018/1/9 - 1:15:58] Mark Deto has logged out.
[2018/1/9 - 3:12:48] Willy Frankenstein has withdrawn a Desert Eagle from the weapon locker (Cost: 5)
[2018/1/9 - 4:53:13] Willy Frankenstein has withdrawn a Desert Eagle from the weapon locker (Cost: 5)
[2018/1/9 - 4:53:15] Willy Frankenstein has withdrawn a Shotgun from the weapon locker (Cost: 3)
[2018/1/9 - 4:59:48] Willy Frankenstein has logged out.
[2018/1/9 - 5:55:58] Willy Frankenstein has withdrawn a Desert Eagle from the weapon locker (Cost: 5)
[2018/1/9 - 7:36:43] Vago Bobby Leyva Escobar has lost connection.
[2018/1/9 - 7:44:49] Kinita Zafuki has logged out.
[2018/1/9 - 7:47:50] Kinita Zafuki has logged out.
[2018/1/9 - 7:54:08] Willy Frankenstein has logged out.
[2018/1/9 - 7:56:26] Leonardo Bishop has authorized Bobby Leyva Escobar to withdraw a Desert Eagle from the weapon locker (Cost: 5)
[2018/1/9 - 7:56:29] Leonardo Bishop has authorized Kinita Zafuki to withdraw a Desert Eagle from the weapon locker (Cost: 5)
[2018/1/9 - 7:57:48] Leonardo Bishop has withdrawn a Desert Eagle from the weapon locker (Cost: 5)
[2018/1/9 - 8:01:39] Leonardo Bishop has withdrawn $10,000 from the safe.
[2018/1/9 - 8:24:05] Corey Brooks has logged out.
[2018/1/9 - 8:29:01] Azhan Bishop has withdrawn 50 grams of Crack from the safe.
[2018/1/9 - 8:29:46] Azhan Bishop has logged out.
[2018/1/9 - 8:33:40] Salvatore Florenzo has withdrawn a Desert Eagle from the weapon locker (Cost: 5)
[2018/1/9 - 8:35:19] Salvatore Florenzo has withdrawn a Rifle from the weapon locker (Cost: 5)
[2018/1/9 - 8:45:11] Tyrell Michalz has withdrawn a Desert Eagle from the weapon locker (Cost: 5)
[2018/1/9 - 8:45:34] Salvatore Florenzo has withdrawn a Desert Eagle from the weapon locker (Cost: 5)
[2018/1/9 - 8:45:39] Rakim Woodcaine has withdrawn a Desert Eagle from the weapon locker (Cost: 5)
[2018/1/9 - 8:46:32] Rakim Woodcaine has logged out.
[2018/1/9 - 8:46:46] Salvatore Florenzo has withdrawn a Rifle from the weapon locker (Cost: 5)
[2018/1/9 - 8:47:34] Tyrell Michalz has withdrawn a Desert Eagle from the weapon locker (Cost: 5)
[2018/1/9 - 8:52:34] Salvatore Florenzo has logged out.
[2018/1/9 - 8:57:29] Trent Mercher has logged out.
[2018/1/9 - 8:58:33] Salvatore Florenzo has logged out.
[2018/1/9 - 9:03:03] Mano Derecha Salvatore Florenzo has lost connection.
[2018/1/9 - 9:06:29] Kinita Zafuki has logged out.
[2018/1/9 - 9:16:51] Mano Derecha Salvatore Florenzo has lost connection.
[2018/1/9 - 9:18:45] Mano Derecha Salvatore Florenzo has lost connection.
[2018/1/9 - 9:20:50] Salvatore Florenzo has withdrawn a Desert Eagle from the weapon locker (Cost: 5)
[2018/1/9 - 9:20:52] Salvatore Florenzo has withdrawn a Rifle from the weapon locker (Cost: 5)
[2018/1/9 - 9:30:44] Tyrell Michalz has withdrawn a Desert Eagle from the weapon locker (Cost: 5)
[2018/1/9 - 10:11:21] Mano Derecha Salvatore Florenzo has lost connection.
[2018/1/9 - 10:14:31] Tyrell Michalz has withdrawn a Desert Eagle from the weapon locker (Cost: 5)
[2018/1/9 - 10:26:57] Rakim Woodcaine has logged out.
[2018/1/9 - 10:28:44] Tyrell Michalz has logged out.
[2018/1/9 - 10:37:44] Tyrell Michalz has withdrawn a Desert Eagle from the weapon locker (Cost: 5)
[2018/1/9 - 10:49:27] Rakim Woodcaine has logged out.
[2018/1/9 - 10:51:49] Tyrell Michalz has withdrawn a Desert Eagle from the weapon locker (Cost: 5)
[2018/1/9 - 10:55:08] Tyrell Michalz has withdrawn a Desert Eagle from the weapon locker (Cost: 5)
[2018/1/9 - 10:59:59] Tyrell Michalz has withdrawn a Desert Eagle from the weapon locker (Cost: 5)
[2018/1/9 - 11:03:14] Tyrell Michalz has withdrawn a Desert Eagle from the weapon locker (Cost: 5)
[2018/1/9 - 11:09:02] Bobby Leyva Escobar has logged out.
[2018/1/9 - 11:10:22] Kinita Zafuki has logged out.
[2018/1/9 - 11:14:18] Kinita Zafuki has logged out.
[2018/1/9 - 11:19:34] Mlick Stark has logged out.
[2018/1/9 - 11:23:37] Anne Lee (1000625970) accepted El Don Jimmy Tex's (1000498130) invite to join Las Colinas Vagos (29).
[2018/1/9 - 11:24:11] Mark Deto has withdrawn a Desert Eagle from the weapon locker (Cost: 5)
[2018/1/9 - 11:25:21] Rakim Woodcaine has withdrawn a AK-47 from the weapon locker (Cost: 25)
[2018/1/9 - 11:25:29] Jimmy Tex has withdrawn a Desert Eagle from the weapon locker (Cost: 5)
[2018/1/9 - 11:25:43] Jimmy Tex has withdrawn 20 grams of Crack from the safe.
[2018/1/9 - 11:25:55] Rakim Woodcaine has authorized Kinita Zafuki to withdraw a Desert Eagle from the weapon locker (Cost: 5)
[2018/1/9 - 11:26:27] Rakim Woodcaine has withdrawn 50 grams of Crack from the safe.
[2018/1/9 - 11:29:10] Tyrell Michalz has withdrawn a Desert Eagle from the weapon locker (Cost: 5)
[2018/1/9 - 11:41:48] Jimmy Tex has authorized Anne Lee to withdraw a Desert Eagle from the weapon locker (Cost: 5)
[2018/1/9 - 11:42:39] Bobby Leyva Escobar has logged out.
[2018/1/9 - 11:42:57] Tyrell Michalz has withdrawn a Desert Eagle from the weapon locker (Cost: 5)
[2018/1/9 - 11:46:09] Rakim Woodcaine has authorized Kinita Zafuki to withdraw a Desert Eagle from the weapon locker (Cost: 5)
[2018/1/9 - 11:46:25] Jimmy Tex has withdrawn 20 grams of Crack from the safe.
[2018/1/9 - 11:48:38] Mark Deto has withdrawn a Desert Eagle from the weapon locker (Cost: 5)
[2018/1/9 - 11:50:24] Jimmy Tex has withdrawn 80 grams of Crack from the safe.
[2018/1/9 - 11:52:36] Jimmy Tex has withdrawn 60 grams of Crack from the safe.
[2018/1/9 - 11:54:05] Tyrell Michalz has withdrawn a Desert Eagle from the weapon locker (Cost: 5)
[2018/1/9 - 11:54:10] Rakim Woodcaine has authorized Anne Lee to withdraw a Desert Eagle from the weapon locker (Cost: 5)
[2018/1/9 - 12:08:07] Jimmy Tex has logged out.
[2018/1/9 - 12:24:26] Azhan Bishop has logged out.
[2018/1/9 - 12:24:33] Mark Deto has logged out.
[2018/1/9 - 12:24:52] Tyrell Michalz has withdrawn a Desert Eagle from the weapon locker (Cost: 5)
[2018/1/9 - 12:25:06] Tyrell Michalz has withdrawn a Desert Eagle from the weapon locker (Cost: 5)
[2018/1/9 - 12:26:20] Bobby Leyva Escobar is now off duty and earned $4,000
[2018/1/9 - 12:27:32] Rakim Woodcaine has authorized Kinita Zafuki to withdraw a Desert Eagle from the weapon locker (Cost: 5)
[2018/1/9 - 12:27:37] Rakim Woodcaine has withdrawn a Desert Eagle from the weapon locker (Cost: 5)
[2018/1/9 - 12:29:10] El Don Rakim Woodcaine (1000624901) (rank 7) has given Kinita Zafuki (1000625240) rank 1 (Soldato) in Las Colinas Vagos (29).
[2018/1/9 - 12:31:04] Tyrell Michalz has withdrawn a Desert Eagle from the weapon locker (Cost: 5)
[2018/1/9 - 12:31:06] Rakim Woodcaine has withdrawn 25 grams of Crack from the safe.
[2018/1/9 - 12:31:30] Tyrell Michalz has withdrawn a Desert Eagle from the weapon locker (Cost: 5)
[2018/1/9 - 12:38:30] Rakim Woodcaine has logged out.
[2018/1/9 - 12:41:26] Bobby Leyva Escobar has logged out.
[2018/1/9 - 12:45:51] Corey Brooks has logged out.
[2018/1/9 - 12:46:05] Mlick Stark has logged out.
[2018/1/9 - 12:49:11] Tyrell Michalz has withdrawn a Desert Eagle from the weapon locker (Cost: 5)
[2018/1/9 - 12:50:10] Tyrell Michalz has withdrawn a Desert Eagle from the weapon locker (Cost: 5)
[2018/1/9 - 12:53:24] Iheb Ben Mofujohn has withdrawn a Desert Eagle from the weapon locker (Cost: 5)
[2018/1/9 - 13:06:21] Tyrell Michalz has withdrawn a Desert Eagle from the weapon locker (Cost: 5)
[2018/1/9 - 13:06:47] Kinita Zafuki has logged out.
[2018/1/9 - 13:07:14] Tyrell Michalz has logged out.
[2018/1/9 - 13:09:23] Tyrell Michalz has withdrawn a Desert Eagle from the weapon locker (Cost: 5)
[2018/1/9 - 13:17:45] Mlick Stark has logged out.
[2018/1/9 - 13:19:03] Antonio Jones has logged out.
[2018/1/9 - 13:25:40] Iheb Ben Mofujohn has withdrawn a Desert Eagle from the weapon locker (Cost: 5)
[2018/1/9 - 13:25:44] Iheb Ben Mofujohn has withdrawn a MP5 from the weapon locker (Cost: 5)
[2018/1/9 - 13:25:52] Iheb Ben Mofujohn has withdrawn a Shotgun from the weapon locker (Cost: 3)
[2018/1/9 - 13:26:00] Iheb Ben Mofujohn has withdrawn a Rifle from the weapon locker (Cost: 5)
[2018/1/9 - 13:31:07] Jamie Nelson has withdrawn a Desert Eagle from the weapon locker (Cost: 5)
[2018/1/9 - 13:32:15] Tyrell Michalz has withdrawn a Desert Eagle from the weapon locker (Cost: 5)
[2018/1/9 - 13:34:19] Corey Brooks has logged out.
[2018/1/9 - 13:35:58] Trent Mercher has withdrawn a Desert Eagle from the weapon locker (Cost: 5)
[2018/1/9 - 13:38:02] Trent Mercher has withdrawn a Desert Eagle from the weapon locker (Cost: 5)
[2018/1/9 - 13:40:00] Tyrell Michalz has withdrawn a Desert Eagle from the weapon locker (Cost: 5)
[2018/1/9 - 13:43:31] Trent Mercher has logged out.
[2018/1/9 - 13:47:45] Iheb Ben Mofujohn has logged out.
[2018/1/9 - 13:51:34] Azhan Bishop has withdrawn 50 grams of Crack from the safe.
[2018/1/9 - 13:53:48] Azhan Bishop has logged out.
[2018/1/9 - 13:57:01] Tyrell Michalz has logged out.
[2018/1/9 - 13:57:31] Azhan Bishop has withdrawn a Desert Eagle from the weapon locker (Cost: 5)
[2018/1/9 - 14:01:37] Tyrell Michalz has withdrawn a Desert Eagle from the weapon locker (Cost: 5)
[2018/1/9 - 14:02:06] Azhan Bishop has authorized Bobby Leyva Escobar to withdraw a Desert Eagle from the weapon locker (Cost: 5)
[2018/1/9 - 14:03:55] Azhan Bishop has logged out.
[2018/1/9 - 14:11:55] Iheb Ben Mofujohn has withdrawn a Desert Eagle from the weapon locker (Cost: 5)
[2018/1/9 - 14:19:41] Iheb Ben Mofujohn has withdrawn a Desert Eagle from the weapon locker (Cost: 5)
[2018/1/9 - 14:19:42] Iheb Ben Mofujohn has withdrawn a MP5 from the weapon locker (Cost: 5)
[2018/1/9 - 14:20:37] Jamie Nelson has logged out.
[2018/1/9 - 14:25:23] Tyrell Michalz has withdrawn a Desert Eagle from the weapon locker (Cost: 5)
[2018/1/9 - 14:29:49] Tyrell Michalz has withdrawn a Desert Eagle from the weapon locker (Cost: 5)
[2018/1/9 - 14:30:52] Tyrell Michalz has withdrawn a Desert Eagle from the weapon locker (Cost: 5)
[2018/1/9 - 14:34:04] Hang Around Mlick Stark has lost connection.
[2018/1/9 - 14:45:20] Corey Brooks has logged out.
[2018/1/9 - 14:48:14] Mark Deto has logged out.
[2018/1/9 - 14:48:47] Willy Frankenstein has withdrawn a Desert Eagle from the weapon locker (Cost: 5)
[2018/1/9 - 14:48:48] Willy Frankenstein has withdrawn a Shotgun from the weapon locker (Cost: 3)
[2018/1/9 - 14:54:11] Tyrell Michalz has withdrawn a Desert Eagle from the weapon locker (Cost: 5)
[2018/1/9 - 14:54:50] Willy Frankenstein has withdrawn a Desert Eagle from the weapon locker (Cost: 5)
[2018/1/9 - 14:57:14] Tyrell Michalz has withdrawn a Desert Eagle from the weapon locker (Cost: 5)
[2018/1/9 - 14:58:04] Willy Frankenstein has withdrawn a Desert Eagle from the weapon locker (Cost: 5)
[2018/1/9 - 15:03:48] Mark Deto has logged out.
[2018/1/9 - 15:03:50] Iheb Ben Mofujohn has logged out.
[2018/1/9 - 15:14:16] Hang Around Anne Lee has lost connection.
[2018/1/9 - 15:19:08] Tyrell Michalz has logged out.
[2018/1/9 - 15:29:24] Bobby Leyva Escobar has logged out.
[2018/1/9 - 15:34:24] Mano Derecha Mark Deto has lost connection.
[2018/1/9 - 15:35:53] Mano Derecha Mark Deto has lost connection.
[2018/1/9 - 15:53:41] Corey Brooks has logged out.
[2018/1/9 - 16:00:23] Bobby Leyva Escobar has logged out.
[2018/1/9 - 16:00:55] Roy Yung has logged out.
[2018/1/9 - 16:04:27] Mark Deto has logged out.
[2018/1/9 - 16:11:26] Stephenson Jhonson has logged out.
[2018/1/9 - 16:49:59] Corey Brooks has logged out.
[2018/1/9 - 17:18:39] Leonardo Bishop has set Desert Eagle weapon restriction from rank 4+ to 5.
[2018/1/9 - 17:22:14] Jamie Nelson has withdrawn a Desert Eagle from the weapon locker (Cost: 5)
[2018/1/9 - 17:33:46] Mano Derecha Juan Lorenzo has lost connection.
[2018/1/9 - 17:33:51] Willy Frankenstein has withdrawn a Desert Eagle from the weapon locker (Cost: 5)
[2018/1/9 - 17:33:56] Leonardo Bishop has set SPAS-12 weapon restriction from rank 6+ to 7.
[2018/1/9 - 17:33:59] Leonardo Bishop has set Sniper Rifle weapon restriction from rank 6+ to 7.
[2018/1/9 - 17:34:02] Leonardo Bishop has set M4A1 weapon restriction from rank 6+ to 7.
[2018/1/9 - 17:34:06] Leonardo Bishop has set AK-47 weapon restriction from rank 6+ to 7.
[2018/1/9 - 17:37:12] Iheb Ben Mofujohn has withdrawn a Desert Eagle from the weapon locker (Cost: 5)
[2018/1/9 - 17:38:55] Rey Leonardo Bishop (30171) (rank 9) has given Bobby Leyva Escobar (1000625245) rank 4 (Teniente) in Las Colinas Vagos (29).
[2018/1/9 - 17:39:24] Leonardo Bishop has withdrawn a Desert Eagle from the weapon locker (Cost: 5)
[2018/1/9 - 17:42:34] Trent Mercher has withdrawn a Desert Eagle from the weapon locker (Cost: 5)
[2018/1/9 - 17:43:31] Leonardo Bishop has authorized Bobby Leyva Escobar to withdraw a Desert Eagle from the weapon locker (Cost: 5)
[2018/1/9 - 17:53:53] Trent Mercher has logged out.
[2018/1/9 - 18:00:34] Leonardo Bishop (30171) has changed MOTD for /setfreq  -9812 !!!!!!! WE ARE ALLIES WITH LA NUESTRA !  to: /setfreq  -9812 !!!!!
[2018/1/9 - 18:04:20] Mano Derecha Iheb Ben Mofujohn has lost connection.
[2018/1/9 - 18:06:28] Rey Leonardo Bishop (30171) (rank 9) has given Iheb Ben Mofujohn (19910) rank 4 (Teniente) in Las Colinas Vagos (29).
[2018/1/9 - 18:08:10] Lucas Lorenzo (1000487915) accepted Rey Leonardo Bishop's (30171) invite to join Las Colinas Vagos (29).
[2018/1/9 - 18:08:16] Rey Leonardo Bishop (30171) (rank 9) has given Lucas Lorenzo (1000487915) rank 4 (Teniente) in Las Colinas Vagos (29).
[2018/1/9 - 18:08:54] Rey Leonardo Bishop (30171) (rank 9) has given Juan Lorenzo (1000401415) rank 5 (Mano Derecha) in Las Colinas Vagos (29).
[2018/1/9 - 18:08:58] Rey Leonardo Bishop (30171) (rank 9) has given Lucas Lorenzo (1000487915) rank 5 (Mano Derecha) in Las Colinas Vagos (29).
[2018/1/9 - 18:10:11] Jamie Nelson has withdrawn a Desert Eagle from the weapon locker (Cost: 5)
[2018/1/9 - 18:10:31] Willy Frankenstein has withdrawn a Desert Eagle from the weapon locker (Cost: 5)
[2018/1/9 - 18:11:07] Rakim Woodcaine has authorized Roy Ryder to withdraw a Desert Eagle from the weapon locker (Cost: 5)
[2018/1/9 - 18:13:05] Juan Lorenzo has withdrawn a Desert Eagle from the weapon locker (Cost: 5)
[2018/1/9 - 18:13:24] Lucas Lorenzo has withdrawn a MP5 from the weapon locker (Cost: 5)
[2018/1/9 - 18:14:50] Rakim Woodcaine has authorized Bobby Leyva Escobar to withdraw a Desert Eagle from the weapon locker (Cost: 5)
[2018/1/9 - 18:15:00] Rey Leonardo Bishop (30171) (rank 9) has uninvited Mlick Stark (1000626455) (rank 0) from Las Colinas Vagos (29).
[2018/1/9 - 18:22:05] Juan Lorenzo has logged out.
[2018/1/9 - 18:25:20] Leonardo Bishop has withdrawn 400 grams of Crack from the safe.
[2018/1/9 - 18:25:27] Leonardo Bishop has withdrawn 400 grams of Pot from the safe.
[2018/1/9 - 18:25:39] Leonardo Bishop has withdrawn 200 grams of Ecstasy from the safe.
[2018/1/9 - 18:25:45] Leonardo Bishop has withdrawn $30,000 from the safe.
[2018/1/9 - 18:25:53] Leonardo Bishop has withdrawn $300,000 from the safe.
[2018/1/9 - 18:29:00] Bobby Leyva Escobar has logged out.
[2018/1/9 - 18:31:31] Mano Derecha Mark Deto has lost connection.
[2018/1/9 - 18:35:20] Leonardo Bishop has withdrawn a Desert Eagle from the weapon locker (Cost: 5)
[2018/1/9 - 18:35:29] Leonardo Bishop has authorized Iheb Ben Mofujohn to withdraw a AK-47 from the weapon locker (Cost: 25)
[2018/1/9 - 18:35:38] Leonardo Bishop has withdrawn a Sniper Rifle from the weapon locker (Cost: 75)
[2018/1/9 - 18:35:58] Mark Deto has withdrawn a Desert Eagle from the weapon locker (Cost: 5)
[2018/1/9 - 18:44:24] Leonardo Bishop has authorized Roy Yung to withdraw a Desert Eagle from the weapon locker (Cost: 5)
[2018/1/9 - 18:49:24] Rakim Woodcaine has authorized Bobby Leyva Escobar to withdraw a Desert Eagle from the weapon locker (Cost: 5)
[2018/1/9 - 18:49:40] Rakim Woodcaine has withdrawn a Desert Eagle from the weapon locker (Cost: 5)
[2018/1/9 - 18:53:25] Leonardo Bishop has authorized Roy Yung to withdraw a Desert Eagle from the weapon locker (Cost: 5)
[2018/1/9 - 18:53:27] Leonardo Bishop has authorized Bobby Leyva Escobar to withdraw a MP5 from the weapon locker (Cost: 5)
[2018/1/9 - 18:55:07] Mark Deto has logged out.
[2018/1/9 - 18:55:33] Willy Frankenstein has withdrawn a Desert Eagle from the weapon locker (Cost: 5)
[2018/1/9 - 18:56:26] Jamie Nelson has withdrawn a Desert Eagle from the weapon locker (Cost: 5)
[2018/1/9 - 18:57:35] Mark Deto has withdrawn a Desert Eagle from the weapon locker (Cost: 5)
[2018/1/9 - 18:58:24] Leonardo Bishop has authorized Willy Frankenstein to withdraw a Sniper Rifle from the weapon locker (Cost: 75)
[2018/1/9 - 18:59:04] Cali Legomane (1000625330) accepted Rey Leonardo Bishop's (30171) invite to join Las Colinas Vagos (29).
[2018/1/9 - 18:59:05] Rakim Woodcaine has logged out.
[2018/1/9 - 18:59:15] Leonardo Bishop has withdrawn a Desert Eagle from the weapon locker (Cost: 5)
[2018/1/9 - 18:59:20] Leonardo Bishop has authorized Cali Legomane to withdraw a Desert Eagle from the weapon locker (Cost: 5)
[2018/1/9 - 19:01:43] Mark Deto has withdrawn a MP5 from the weapon locker (Cost: 5)
[2018/1/9 - 19:02:17] Jamie Nelson has withdrawn a Desert Eagle from the weapon locker (Cost: 5)
[2018/1/9 - 19:02:17] Rakim Woodcaine has authorized Roy Yung to withdraw a Desert Eagle from the weapon locker (Cost: 5)
[2018/1/9 - 19:02:39] Willy Frankenstein has deposited a Sniper Rifle into the locker.
[2018/1/9 - 19:03:43] Rakim Woodcaine has withdrawn a Desert Eagle from the weapon locker (Cost: 5)
[2018/1/9 - 19:03:56] Corey Brooks has withdrawn a Desert Eagle from the weapon locker (Cost: 5)
[2018/1/9 - 19:06:40] Leonardo Bishop has withdrawn a Desert Eagle from the weapon locker (Cost: 5)
[2018/1/9 - 19:06:42] Rakim Woodcaine has authorized Lucas Lorenzo to withdraw a AK-47 from the weapon locker (Cost: 25)
[2018/1/9 - 19:06:57] Rakim Woodcaine has withdrawn a AK-47 from the weapon locker (Cost: 25)
[2018/1/9 - 19:06:58] Mark Deto has logged out.
[2018/1/9 - 19:07:05] Rakim Woodcaine has withdrawn 25 grams of Crack from the safe.
[2018/1/9 - 19:08:05] Leonardo Bishop has authorized Bobby Leyva Escobar to withdraw a Desert Eagle from the weapon locker (Cost: 5)
[2018/1/9 - 19:08:08] Leonardo Bishop has authorized Jamie Nelson to withdraw a AK-47 from the weapon locker (Cost: 25)
[2018/1/9 - 19:08:22] Leonardo Bishop has withdrawn 300 grams of Crack from the safe.
[2018/1/9 - 19:08:30] Leonardo Bishop has withdrawn 300 grams of Ecstasy from the safe.
[2018/1/9 - 19:13:53] Rakim Woodcaine has withdrawn a Desert Eagle from the weapon locker (Cost: 5)
[2018/1/9 - 19:13:53] Jamie Nelson has withdrawn a Desert Eagle from the weapon locker (Cost: 5)
[2018/1/9 - 19:14:22] Juan Lorenzo has logged out.
[2018/1/9 - 19:14:34] Leonardo Bishop has authorized Roy Yung to withdraw a Desert Eagle from the weapon locker (Cost: 5)
[2018/1/9 - 19:14:38] Leonardo Bishop has authorized Cali Legomane to withdraw a Desert Eagle from the weapon locker (Cost: 5)
[2018/1/9 - 19:14:44] Leonardo Bishop has authorized Roy Ryder to withdraw a Desert Eagle from the weapon locker (Cost: 5)
[2018/1/9 - 19:15:22] Willy Frankenstein has withdrawn a Desert Eagle from the weapon locker (Cost: 5)
[2018/1/9 - 19:15:26] Rakim Woodcaine has authorized Bobby Leyva Escobar to withdraw a Desert Eagle from the weapon locker (Cost: 5)
[2018/1/9 - 19:15:27] Jamie Nelson has withdrawn a Silenced Colt .45 from the weapon locker (Cost: 2)
[2018/1/9 - 19:15:29] Jamie Nelson has withdrawn a Desert Eagle from the weapon locker (Cost: 5)
[2018/1/9 - 19:15:36] Rakim Woodcaine has authorized Cali Legomane to withdraw a Shotgun from the weapon locker (Cost: 3)
[2018/1/9 - 19:15:40] Teniente Roy Ryder has lost connection.
[2018/1/9 - 19:15:51] Leonardo Bishop has authorized Roy Yung to withdraw a Rifle from the weapon locker (Cost: 5)
[2018/1/9 - 19:16:12] Jamie Nelson has withdrawn a Rifle from the weapon locker (Cost: 5)
[2018/1/9 - 19:16:13] Rakim Woodcaine has withdrawn 25 grams of Crack from the safe.
[2018/1/9 - 19:17:08] Leonardo Bishop has withdrawn a Desert Eagle from the weapon locker (Cost: 5)
[2018/1/9 - 19:17:48] Leonardo Bishop has deposited a M4A1 into the locker.
[2018/1/9 - 19:20:11] Rey Leonardo Bishop (30171) (rank 9) has given Jamie Nelson (1000502087) rank 4 (Teniente) in Las Colinas Vagos (29).
[2018/1/9 - 19:21:23] Lucas Lorenzo has withdrawn a MP5 from the weapon locker (Cost: 5)
[2018/1/9 - 19:21:39] Jamie Nelson (1000502087) has quit the Las Colinas Vagos as a rank 4
[2018/1/9 - 19:25:51] Brian Deto has logged out.
[2018/1/9 - 19:27:14] Cali Legomane has logged out.
[2018/1/9 - 19:27:23] Rakim Woodcaine has withdrawn a Desert Eagle from the weapon locker (Cost: 5)
[2018/1/9 - 19:28:04] Leonardo Bishop has authorized Roy Yung to withdraw a Desert Eagle from the weapon locker (Cost: 5)
[2018/1/9 - 19:29:46] Willy Frankenstein has withdrawn a Desert Eagle from the weapon locker (Cost: 5)
[2018/1/9 - 19:30:14] Leonardo Bishop has authorized Bobby Leyva Escobar to withdraw a Desert Eagle from the weapon locker (Cost: 5)
[2018/1/9 - 19:32:39] Leonardo Bishop has withdrawn a Desert Eagle from the weapon locker (Cost: 5)
[2018/1/9 - 19:33:34] Leonardo Bishop has withdrawn 200 grams of Crack from the safe.
[2018/1/9 - 19:33:57] Leonardo Bishop has authorized Cali Legomane to withdraw a Desert Eagle from the weapon locker (Cost: 5)
[2018/1/9 - 19:35:52] Rakim Woodcaine has withdrawn 25 grams of Crack from the safe.
[2018/1/9 - 19:36:08] Rey Leonardo Bishop (30171) (rank 9) has given Iheb Ben Mofujohn (19910) rank 5 (Mano Derecha) in Las Colinas Vagos (29).
[2018/1/9 - 19:42:12] Leonardo Bishop has authorized Roy Yung to withdraw a Desert Eagle from the weapon locker (Cost: 5)
[2018/1/9 - 19:42:32] Juan Lorenzo has logged out.
[2018/1/9 - 19:43:35] Lucas Lorenzo has withdrawn a MP5 from the weapon locker (Cost: 5)
[2018/1/9 - 19:43:50] Cali Legomane has logged out.
[2018/1/9 - 19:44:38] Mano Derecha Lucas Lorenzo has lost connection.
[2018/1/9 - 19:44:47] Rakim Woodcaine has logged out.
[2018/1/9 - 19:48:26] Jimmy Tex has withdrawn a Desert Eagle from the weapon locker (Cost: 5)
[2018/1/9 - 19:48:42] Jimmy Tex has withdrawn 100 grams of Ecstasy from the safe.
[2018/1/9 - 19:49:50] Corey Brooks has logged out.
[2018/1/9 - 19:52:36] Jimmy Tex has authorized Cali Legomane to withdraw a Desert Eagle from the weapon locker (Cost: 5)
[2018/1/9 - 19:54:09] El Don Jimmy Tex (1000498130) has set Jimmy Tex's (1000498130) division to The Council in Las Colinas Vagos (29).
[2018/1/9 - 20:00:09] Leonardo Bishop has authorized Cali Legomane to withdraw a Desert Eagle from the weapon locker (Cost: 5)
[2018/1/9 - 20:05:04] Jimmy Tex has withdrawn 60 grams of Meth from the safe.
[2018/1/9 - 20:05:19] Willy Frankenstein has withdrawn a Desert Eagle from the weapon locker (Cost: 5)
[2018/1/9 - 20:05:35] Leonardo Bishop has withdrawn a Desert Eagle from the weapon locker (Cost: 5)
[2018/1/9 - 20:05:37] Iheb Ben Mofujohn has withdrawn a Rifle from the weapon locker (Cost: 5)
[2018/1/9 - 20:05:41] Jimmy Tex has withdrawn a AK-47 from the weapon locker (Cost: 25)
[2018/1/9 - 20:06:11] Leonardo Bishop has authorized Cali Legomane to withdraw a Shotgun from the weapon locker (Cost: 3)
[2018/1/9 - 20:07:10] Jimmy Tex has authorized Bobby Leyva Escobar to withdraw a Desert Eagle from the weapon locker (Cost: 5)
[2018/1/9 - 20:11:12] Leonardo Bishop has logged out.
[2018/1/9 - 20:11:27] Alberto Bishop has logged out.
[2018/1/9 - 20:12:24] Roy Yung has logged out.
[2018/1/9 - 20:14:04] Iheb Ben Mofujohn has withdrawn a Desert Eagle from the weapon locker (Cost: 5)
[2018/1/9 - 20:14:28] Cali Legomane has logged out.
[2018/1/9 - 20:14:37] Willy Frankenstein has withdrawn a Desert Eagle from the weapon locker (Cost: 5)
[2018/1/9 - 20:14:43] Iheb Ben Mofujohn has logged out.
[2018/1/9 - 20:15:22] Willy Frankenstein has logged out.
[2018/1/9 - 20:17:49] Jimmy Tex has withdrawn a Desert Eagle from the weapon locker (Cost: 5)
[2018/1/9 - 20:22:32] Leonardo Bishop has withdrawn a Desert Eagle from the weapon locker (Cost: 5)
[2018/1/9 - 20:22:36] Leonardo Bishop has withdrawn a MP5 from the weapon locker (Cost: 5)
[2018/1/9 - 20:22:59] Leonardo Bishop has withdrawn $100,000 from the safe.
[2018/1/9 - 20:29:24] Patron Willy Frankenstein has lost connection.
[2018/1/9 - 20:33:38] Jimmy Tex has logged out.
[2018/1/9 - 20:43:30] Roy Ryder has logged out.
[2018/1/9 - 20:48:33] Leonardo Bishop has logged out.
[2018/1/9 - 20:49:51] Rey Leonardo Bishop has lost connection.
[2018/1/9 - 20:59:22] Leonardo Bishop has logged out.
[2018/1/9 - 21:05:01] Bobby Leyva Escobar has logged out.
[2018/1/9 - 21:24:49] Salvatore Florenzo has logged out.
[2018/1/9 - 21:39:30] El Don Jimmy Tex has lost connection.
[2018/1/9 - 21:46:21] Corey Brooks has logged out.
[2018/1/9 - 22:26:54] Rey Leonardo Bishop (30171) (rank 9) has given Antonio Jones (1000625319) rank 1 (Soldato) in Las Colinas Vagos (29).
[2018/1/9 - 22:31:44] Travis Lancer (1000069379) accepted Rey Leonardo Bishop's (30171) invite to join Las Colinas Vagos (29).
[2018/1/9 - 22:32:09] Rey Leonardo Bishop (30171) (rank 9) has given Travis Lancer (1000069379) rank 3 (Vago) in Las Colinas Vagos (29).
[2018/1/9 - 22:32:28] Rey Leonardo Bishop (30171) has set Travis Lancer's (1000069379) division to 3 in Las Colinas Vagos (29).
[2018/1/9 - 22:32:53] Alberto Bishop has logged out.
[2018/1/9 - 22:33:01] Rey Leonardo Bishop (30171) has set Travis Lancer's (1000069379) division to The Council in Las Colinas Vagos (29).
[2018/1/9 - 22:33:03] Rey Leonardo Bishop (30171) has set Travis Lancer's (1000069379) division to Las Colinas in Las Colinas Vagos (29).
[2018/1/9 - 22:35:55] Leonardo Bishop has authorized Travis Lancer to withdraw a Desert Eagle from the weapon locker (Cost: 5)
[2018/1/9 - 22:36:37] Antonio Jones has logged out.
[2018/1/9 - 22:37:27] Leonardo Bishop has withdrawn 50 grams of Ecstasy from the safe.
[2018/1/9 - 22:41:25] Leonardo Bishop has withdrawn a AK-47 from the weapon locker (Cost: 25)
[2018/1/9 - 22:42:10] Leonardo Bishop has authorized Mark Deto to withdraw a AK-47 from the weapon locker (Cost: 25)
[2018/1/9 - 22:42:14] Leonardo Bishop has authorized Travis Lancer to withdraw a AK-47 from the weapon locker (Cost: 25)
[2018/1/9 - 22:45:11] Desmond Lutz (1000625433) accepted Rey Leonardo Bishop's (30171) invite to join Las Colinas Vagos (29).
[2018/1/9 - 22:45:40] Rey Leonardo Bishop (30171) has set Desmond Lutz's (1000625433) division to Las Colinas in Las Colinas Vagos (29).
[2018/1/9 - 22:45:57] Leonardo Bishop (30171) has renamed the 3 division (#3) to Cunt
[2018/1/9 - 22:46:07] Leonardo Bishop (30171) has renamed the Cunt division (#3) to ,
[2018/1/9 - 22:47:12] Leonardo Bishop has authorized Willy Frankenstein to withdraw a AK-47 from the weapon locker (Cost: 25)
[2018/1/9 - 22:47:34] Leonardo Bishop has set AK-47 weapon restriction from rank 7+ to 6.
[2018/1/9 - 22:53:26] Travis Lancer has logged out.
[2018/1/9 - 22:58:15] Ryu Bishop (1000268014) accepted Patron Alberto Bishop's (1000575289) invite to join Las Colinas Vagos (29).
[2018/1/9 - 22:58:36] Patron Alberto Bishop (1000575289) has set Ryu Bishop's (1000268014) division to Las Colinas in Las Colinas Vagos (29).
[2018/1/9 - 23:01:34] Patron Alberto Bishop (1000575289) (rank 6) has given Ryu Bishop (1000268014) rank 5 (Mano Derecha) in Las Colinas Vagos (29).
[2018/1/9 - 23:02:06] Alberto Bishop has logged out.
[2018/1/9 - 23:03:16] Jimmy Tex has withdrawn a Desert Eagle from the weapon locker (Cost: 5)
[2018/1/9 - 23:06:44] Alberto Bishop has withdrawn a Desert Eagle from the weapon locker (Cost: 5)
[2018/1/9 - 23:07:14] Alberto Bishop has withdrawn 50 grams of Ecstasy from the safe.
[2018/1/9 - 23:12:16] Ryu Bishop (1000268014) has quit the Las Colinas Vagos as a rank 5
[2018/1/9 - 23:12:41] Alberto Bishop has withdrawn a Desert Eagle from the weapon locker (Cost: 5)
[2018/1/9 - 23:20:43] Jimmy Tex has logged out.
[2018/1/9 - 23:23:19] Leonardo Bishop has logged out.
[2018/1/9 - 23:25:14] Alberto Bishop has withdrawn a Desert Eagle from the weapon locker (Cost: 5)
[2018/1/9 - 23:28:09] Willy Frankenstein has withdrawn a Desert Eagle from the weapon locker (Cost: 5)
[2018/1/9 - 23:36:05] Carlos Halk Bishop (1000497012) accepted Patron Alberto Bishop's (1000575289) invite to join Las Colinas Vagos (29).
[2018/1/9 - 23:36:18] Patron Alberto Bishop (1000575289) has set Carlos Halk Bishop's (1000497012) division to , in Las Colinas Vagos (29).
[2018/1/9 - 23:36:21] Patron Alberto Bishop (1000575289) has set Carlos Halk Bishop's (1000497012) division to Las Colinas in Las Colinas Vagos (29).
[2018/1/9 - 23:36:54] Patron Alberto Bishop (1000575289) (rank 6) has given Carlos Halk Bishop (1000497012) rank 4 (Teniente) in Las Colinas Vagos (2
[2018/1/9 - 23:42:26] Mark Deto has withdrawn a Desert Eagle from the weapon locker (Cost: 5)
[2018/1/9 - 23:42:29] Alberto Bishop has authorized Carlos Halk Bishop to withdraw a Desert Eagle from the weapon locker (Cost: 5)
[2018/1/9 - 23:43:58] Alberto Bishop has withdrawn a Desert Eagle from the weapon locker (Cost: 5)
[2018/1/9 - 23:55:26] Alberto Bishop has withdrawn 20 grams of Crack from the safe.
[2018/1/9 - 23:58:24] Willy Frankenstein has withdrawn a Desert Eagle from the weapon locker (Cost: 5)
