[2018/1/17 - 0:08:29] Mano Derecha Mark Deto has lost connection.
[2018/1/17 - 0:15:24] Bishop Williams (1000613101) accepted Rey Leonardo Bishop's (30171) invite to join Las Colinas Vagos (29).
[2018/1/17 - 0:15:25] Rey Leonardo Bishop (30171) (rank 9) has given Bishop Williams (1000613101) rank 4 (Teniente) in Las Colinas Vagos (29).
[2018/1/17 - 0:17:20] Leonardo Bishop has withdrawn 50 grams of Meth from the safe.
[2018/1/17 - 0:17:35] Leonardo Bishop has authorized Desmond Lutz to withdraw a Desert Eagle from the weapon locker (Cost: 5)
[2018/1/17 - 0:18:13] Rey Leonardo Bishop (30171) has set Bishop Williams's (1000613101) division to , in Las Colinas Vagos (29).
[2018/1/17 - 0:18:14] Rey Leonardo Bishop (30171) has set Bishop Williams's (1000613101) division to Las Colinas in Las Colinas Vagos (29).
[2018/1/17 - 0:19:01] Mark Deto has withdrawn a Desert Eagle from the weapon locker (Cost: 5)
[2018/1/17 - 0:23:24] Leonardo Bishop has authorized Jackson Rivera to withdraw a Desert Eagle from the weapon locker (Cost: 5)
[2018/1/17 - 0:38:58] Rey Leonardo Bishop (30171) (rank 9) has given Zato Woods (1000627252) rank 3 (Vago) in Las Colinas Vagos (29).
[2018/1/17 - 0:40:47] Leonardo Bishop has withdrawn a Desert Eagle from the weapon locker (Cost: 5)
[2018/1/17 - 0:40:50] Leonardo Bishop has withdrawn a AK-47 from the weapon locker (Cost: 15)
[2018/1/17 - 0:41:29] Leonardo Bishop has withdrawn 50 grams of Meth from the safe.
[2018/1/17 - 0:43:08] Leonardo Bishop has authorized Zato Woods to withdraw a Shotgun from the weapon locker (Cost: 3)
[2018/1/17 - 0:53:45] Jackson Rivera has logged out.
[2018/1/17 - 0:55:11] Jackson Rivera has logged out.
[2018/1/17 - 0:56:06] Jackson Rivera has logged out.
[2018/1/17 - 0:59:42] Mano Derecha Mark Deto has lost connection.
[2018/1/17 - 1:03:23] Willy Frankenstein has withdrawn 20 grams of Meth from the safe.
[2018/1/17 - 1:03:24] Leonardo Bishop has authorized Desmond Lutz to withdraw a Desert Eagle from the weapon locker (Cost: 5)
[2018/1/17 - 1:03:32] Willy Frankenstein has withdrawn a Desert Eagle from the weapon locker (Cost: 5)
[2018/1/17 - 1:04:25] Leonardo Bishop has authorized Bishop Williams to withdraw a AK-47 from the weapon locker (Cost: 15)
[2018/1/17 - 1:05:08] Leonardo Bishop has authorized Zato Woods to withdraw a Desert Eagle from the weapon locker (Cost: 5)
[2018/1/17 - 1:05:14] Leonardo Bishop has withdrawn a Desert Eagle from the weapon locker (Cost: 5)
[2018/1/17 - 1:05:18] Mark Deto has withdrawn a Desert Eagle from the weapon locker (Cost: 5)
[2018/1/17 - 1:05:40] Leonardo Bishop has authorized Bishop Williams to withdraw a Sniper Rifle from the weapon locker (Cost: 40)
[2018/1/17 - 1:09:29] Desmond Lutz has logged out.
[2018/1/17 - 1:10:44] Leonardo Bishop has authorized Desmond Lutz to withdraw a Desert Eagle from the weapon locker (Cost: 5)
[2018/1/17 - 1:13:46] Leonardo Bishop has authorized Zato Woods to withdraw a MP5 from the weapon locker (Cost: 5)
[2018/1/17 - 1:14:34] Willy Frankenstein has withdrawn a Desert Eagle from the weapon locker (Cost: 5)
[2018/1/17 - 1:14:42] Leonardo Bishop has withdrawn a Desert Eagle from the weapon locker (Cost: 5)
[2018/1/17 - 1:16:35] Leonardo Bishop has authorized Bishop Williams to withdraw a Desert Eagle from the weapon locker (Cost: 5)
[2018/1/17 - 1:21:36] Leonardo Bishop has authorized Willy Frankenstein to withdraw a Sniper Rifle from the weapon locker (Cost: 40)
[2018/1/17 - 1:26:52] Willy Frankenstein has logged out.
[2018/1/17 - 1:39:14] Corey Brooks has logged out.
[2018/1/17 - 1:45:14] Leonardo Bishop (30171) has changed MOTD for OUR ALLIES ARE GROVES AND CARTEL ! DO NOT SHOOT THEM! /SETFREQ 1070 to: OUR ALLIES
[2018/1/17 - 1:47:29] Jackson Rivera has logged out.
[2018/1/17 - 1:50:09] Rey Leonardo Bishop has lost connection.
[2018/1/17 - 1:56:47] Willy Frankenstein has withdrawn 15 grams of Ecstasy from the safe.
[2018/1/17 - 1:57:51] Willy Frankenstein has logged out.
[2018/1/17 - 1:59:25] Leonardo Bishop has authorized Zato Woods to withdraw a Desert Eagle from the weapon locker (Cost: 5)
[2018/1/17 - 1:59:52] Bishop Williams has logged out.
[2018/1/17 - 2:00:15] Willy Frankenstein has deposited a Sniper Rifle into the locker.
[2018/1/17 - 2:00:20] Willy Frankenstein has withdrawn a Desert Eagle from the weapon locker (Cost: 5)
[2018/1/17 - 2:00:25] Leonardo Bishop has withdrawn a Desert Eagle from the weapon locker (Cost: 5)
[2018/1/17 - 2:00:37] Leonardo Bishop has withdrawn 100 grams of Crack from the safe.
[2018/1/17 - 2:00:58] Mark Deto has logged out.
[2018/1/17 - 2:01:52] Leonardo Bishop has authorized Desmond Lutz to withdraw a Desert Eagle from the weapon locker (Cost: 5)
[2018/1/17 - 2:06:27] Bishop Williams has logged out.
[2018/1/17 - 2:10:45] Willy Frankenstein has logged out.
[2018/1/17 - 2:13:36] Willy Frankenstein has authorized Zato Woods to withdraw a Desert Eagle from the weapon locker (Cost: 5)
[2018/1/17 - 2:13:37] Willy Frankenstein has logged out.
[2018/1/17 - 2:14:30] Leonardo Bishop has authorized Desmond Lutz to withdraw a Desert Eagle from the weapon locker (Cost: 5)
[2018/1/17 - 2:15:24] Willy Frankenstein has withdrawn a Desert Eagle from the weapon locker (Cost: 5)
[2018/1/17 - 2:16:48] Willy Frankenstein has withdrawn 40 grams of Meth from the safe.
[2018/1/17 - 2:17:04] Willy Frankenstein has withdrawn 20 grams of Crack from the safe.
[2018/1/17 - 2:18:41] Leonardo Bishop has logged out.
[2018/1/17 - 2:30:56] Willy Frankenstein has authorized Zato Woods to withdraw a Desert Eagle from the weapon locker (Cost: 5)
[2018/1/17 - 2:32:33] Desmond Lutz has logged out.
[2018/1/17 - 2:34:14] Spencer Jameson (884448) has made Spencer Jameson (884448) the leader of the Las Colinas Vagos.
[2018/1/17 - 2:42:58] Willy Frankenstein has authorized Desmond Lutz to withdraw a Desert Eagle from the weapon locker (Cost: 5)
[2018/1/17 - 3:05:16] Desmond Lutz has logged out.
[2018/1/17 - 3:05:21] Willy Frankenstein has logged out.
[2018/1/17 - 3:08:03] Zato Woods has logged out.
[2018/1/17 - 3:08:19] Willy Frankenstein has authorized Desmond Lutz to withdraw a Desert Eagle from the weapon locker (Cost: 5)
[2018/1/17 - 3:08:53] Willy Frankenstein has authorized Desmond Lutz to withdraw a MP5 from the weapon locker (Cost: 5)
[2018/1/17 - 3:15:36] Vago Zato Woods has lost connection.
[2018/1/17 - 3:18:47] Zato Woods has logged out.
[2018/1/17 - 3:36:35] Teniente Bishop Williams has lost connection.
[2018/1/17 - 3:36:36] Willy Frankenstein has withdrawn a Desert Eagle from the weapon locker (Cost: 5)
[2018/1/17 - 3:36:53] Willy Frankenstein has logged out.
[2018/1/17 - 3:44:30] Patron Willy Frankenstein has lost connection.
[2018/1/17 - 3:53:51] Willy Frankenstein has withdrawn a AK-47 from the weapon locker (Cost: 15)
[2018/1/17 - 3:53:58] Willy Frankenstein has withdrawn 20 grams of Meth from the safe.
[2018/1/17 - 4:00:31] Burke Flleming (1000605338) accepted Patron Willy Frankenstein's (1000538524) invite to join Las Colinas Vagos (29).
[2018/1/17 - 4:02:09] Patron Willy Frankenstein (1000538524) (rank 6) has uninvited Kontol Zafuki (1000625726) (rank 0) from Las Colinas Vagos (29).
[2018/1/17 - 4:05:48] Patron Willy Frankenstein (1000538524) (rank 6) has given Burke Flleming (1000605338) rank 2 (Sargento) in Las Colinas Vagos (2
[2018/1/17 - 4:05:59] Patron Willy Frankenstein (1000538524) has set Burke Flleming's (1000605338) division to Las Colinas in Las Colinas Vagos (29).
[2018/1/17 - 4:34:03] Zato Woods has logged out.
[2018/1/17 - 4:40:17] Burat Zafuki has logged out.
[2018/1/17 - 4:44:33] Willy Frankenstein has authorized Burke Flleming to withdraw a Desert Eagle from the weapon locker (Cost: 5)
[2018/1/17 - 4:48:44] Teniente Desmond Lutz has lost connection.
[2018/1/17 - 4:50:31] Desmond Lutz has logged out.
[2018/1/17 - 4:55:44] Patron Willy Frankenstein has lost connection.
[2018/1/17 - 5:01:41] Jack Desanta has logged out.
[2018/1/17 - 5:04:26] Salvatore Florenzo has withdrawn a Rifle from the weapon locker (Cost: 5)
[2018/1/17 - 5:04:35] Salvatore Florenzo has withdrawn a Desert Eagle from the weapon locker (Cost: 5)
[2018/1/17 - 5:04:38] Salvatore Florenzo has withdrawn a MP5 from the weapon locker (Cost: 5)
[2018/1/17 - 5:20:37] Sargento Burke Flleming has lost connection.
[2018/1/17 - 5:28:51] Salvatore Florenzo has logged out.
[2018/1/17 - 6:45:00] Burat Zafuki has logged out.
[2018/1/17 - 6:49:34] Mano Derecha Trent Mercher has lost connection.
[2018/1/17 - 6:51:55] Soldato Mohid Ali has lost connection.
[2018/1/17 - 7:10:30] Mohid Ali has logged out.
[2018/1/17 - 8:34:09] Lamar M Buenoh has withdrawn a Desert Eagle from the weapon locker (Cost: 5)
[2018/1/17 - 8:34:11] Lamar M Buenoh has withdrawn a AK-47 from the weapon locker (Cost: 15)
[2018/1/17 - 8:34:51] Lamar M Buenoh has authorized Burat Zafuki to withdraw a Desert Eagle from the weapon locker (Cost: 5)
[2018/1/17 - 8:45:04] Mano Derecha Lamar M Buenoh (146251) (rank 5) has given Burat Zafuki (1000625221) rank 1 (Soldato) in Las Colinas Vagos (29).
[2018/1/17 - 8:51:22] Soldato Burat Zafuki has lost connection.
[2018/1/17 - 8:51:23] Soldato Kinita Zafuki has lost connection.
[2018/1/17 - 9:06:24] Mano Derecha Lamar M Buenoh (146251) (rank 5) has given Bobby Leyva Escobar (1000625245) rank 1 (Soldato) in Las Colinas Vagos 
[2018/1/17 - 9:06:50] Bobby Leyva Escobar (1000625245) has quit the Las Colinas Vagos as a rank 1
[2018/1/17 - 9:06:52] Mano Derecha Salvatore Florenzo has lost connection.
[2018/1/17 - 9:09:41] Mano Derecha Lamar M Buenoh (146251) (rank 5) has uninvited Kinita Zafuki (1000625240) (rank 1) from Las Colinas Vagos (29).
[2018/1/17 - 9:11:49] Mano Derecha Lamar M Buenoh (146251) (rank 5) has uninvited Burat Zafuki (1000625221) (rank 1) from Las Colinas Vagos (29).
[2018/1/17 - 9:17:32] Salvatore Florenzo has withdrawn a Desert Eagle from the weapon locker (Cost: 5)
[2018/1/17 - 9:17:39] Salvatore Florenzo has withdrawn a MP5 from the weapon locker (Cost: 5)
[2018/1/17 - 9:17:44] Salvatore Florenzo has withdrawn a Rifle from the weapon locker (Cost: 5)
[2018/1/17 - 9:35:27] Salvatore Florenzo has logged out.
[2018/1/17 - 9:38:36] Lamar M Buenoh has logged out.
[2018/1/17 - 9:48:54] Mano Derecha Salvatore Florenzo has lost connection.
[2018/1/17 - 10:37:30] Teniente Tyrell T Williams has lost connection.
[2018/1/17 - 10:50:00] Soldato Mohid Ali has lost connection.
[2018/1/17 - 11:09:21] Mano Derecha Lamar M Buenoh has lost connection.
[2018/1/17 - 11:12:30] Mano Derecha Lamar M Buenoh has lost connection.
[2018/1/17 - 11:17:07] Lamar M Buenoh has authorized Tyrell T Williams to withdraw a Desert Eagle from the weapon locker (Cost: 5)
[2018/1/17 - 11:19:58] Lamar M Buenoh has withdrawn a Desert Eagle from the weapon locker (Cost: 5)
[2018/1/17 - 11:20:06] Jimmy Tex has withdrawn a AK-47 from the weapon locker (Cost: 15)
[2018/1/17 - 11:20:13] Jimmy Tex has authorized Lamar M Buenoh to withdraw a SPAS-12 from the weapon locker (Cost: 30)
[2018/1/17 - 11:22:25] Amine M Williams (1000627366) accepted Mano Derecha Lamar M Buenoh's (146251) invite to join Las Colinas Vagos (29).
[2018/1/17 - 11:22:32] Mano Derecha Lamar M Buenoh (146251) has set Lamar M Buenoh's (146251) division to Desperados in Las Colinas Vagos (29).
[2018/1/17 - 11:22:51] Jimmy Tex has authorized Jack Hood to withdraw a Rifle from the weapon locker (Cost: 5)
[2018/1/17 - 11:23:52] Kobe Mece (1000088591) has made Kobe Mece (1000088591) the leader of the Las Colinas Vagos.
[2018/1/17 - 11:30:07] Bonjan Clevreman has logged out.
[2018/1/17 - 11:33:13] Bonjan Clevreman has logged out.
[2018/1/17 - 11:40:28] Rakim Woodcaine has logged out.
[2018/1/17 - 11:50:48] Jimmy Tex has authorized Bonjan Clevreman to withdraw a Desert Eagle from the weapon locker (Cost: 5)
[2018/1/17 - 11:52:57] Jimmy Tex has logged out.
[2018/1/17 - 11:54:14] Jack Hood has logged out.
[2018/1/17 - 12:05:06] Rakim Woodcaine has logged out.
[2018/1/17 - 12:05:48] Lamar M Buenoh has authorized Alexander Winchester to withdraw a Desert Eagle from the weapon locker (Cost: 5)
[2018/1/17 - 12:09:43] Rakim Woodcaine has withdrawn a SPAS-12 from the weapon locker (Cost: 30)
[2018/1/17 - 12:09:57] Rakim Woodcaine has withdrawn 40 grams of Ecstasy from the safe.
[2018/1/17 - 12:15:11] Lamar M Buenoh has authorized Mark Deto to withdraw a Sniper Rifle from the weapon locker (Cost: 40)
[2018/1/17 - 12:15:36] Mark Deto has withdrawn a Desert Eagle from the weapon locker (Cost: 5)
[2018/1/17 - 12:16:26] Lamar M Buenoh has authorized Alexander Winchester to withdraw a Desert Eagle from the weapon locker (Cost: 5)
[2018/1/17 - 12:17:17] Rakim Woodcaine has authorized Tyrell T Williams to withdraw a Desert Eagle from the weapon locker (Cost: 5)
[2018/1/17 - 12:18:18] Lamar M Buenoh has authorized Tyrell T Williams to withdraw a Desert Eagle from the weapon locker (Cost: 5)
[2018/1/17 - 12:20:41] Jason T Williams (1000627364) accepted El Don Rakim Woodcaine's (1000624901) invite to join Las Colinas Vagos (29).
[2018/1/17 - 12:22:35] Mark Deto has logged out.
[2018/1/17 - 12:26:59] Rakim Woodcaine has logged out.
[2018/1/17 - 12:27:18] Teniente Bonjan Clevreman has lost connection.
[2018/1/17 - 12:27:54] Lamar M Buenoh has authorized Jason T Williams to withdraw a Desert Eagle from the weapon locker (Cost: 5)
[2018/1/17 - 12:28:17] Jack Hood has logged out.
[2018/1/17 - 12:31:30] Lamar M Buenoh has authorized Alexander Winchester to withdraw a Desert Eagle from the weapon locker (Cost: 5)
[2018/1/17 - 12:32:55] Lamar M Buenoh has authorized Tom Set to withdraw a Desert Eagle from the weapon locker (Cost: 5)
[2018/1/17 - 12:35:10] Lamar M Buenoh has authorized Alexander Winchester to withdraw a Rifle from the weapon locker (Cost: 5)
[2018/1/17 - 12:38:04] Lamar M Buenoh has logged out.
[2018/1/17 - 12:42:25] Teniente Tyrell T Williams has lost connection.
[2018/1/17 - 12:42:59] Hang Around Amine M Williams has lost connection.
[2018/1/17 - 12:43:24] Tom Set has logged out.
[2018/1/17 - 13:17:20] Mohid Ali has logged out.
[2018/1/17 - 13:23:16] Mohid Ali has logged out.
[2018/1/17 - 13:29:13] Soldato Mohid Ali has lost connection.
[2018/1/17 - 13:37:09] Alexander Winchester has logged out.
[2018/1/17 - 14:03:23] Mohid Ali has logged out.
[2018/1/17 - 14:04:05] Trent Mercher has withdrawn a Desert Eagle from the weapon locker (Cost: 5)
[2018/1/17 - 14:05:14] Mohid Ali has logged out.
[2018/1/17 - 14:07:43] Corey Brooks has logged out.
[2018/1/17 - 14:09:28] Mohid Ali has logged out.
[2018/1/17 - 14:14:43] Mark Deto has withdrawn a Desert Eagle from the weapon locker (Cost: 5)
[2018/1/17 - 14:18:15] Trent Mercher has logged out.
[2018/1/17 - 14:21:04] Soldato Mohid Ali has lost connection.
[2018/1/17 - 14:21:14] Mark Deto has withdrawn a Desert Eagle from the weapon locker (Cost: 5)
[2018/1/17 - 14:21:43] Trent Mercher has withdrawn a Desert Eagle from the weapon locker (Cost: 5)
[2018/1/17 - 14:22:42] Mark Deto has withdrawn a Desert Eagle from the weapon locker (Cost: 5)
[2018/1/17 - 14:24:40] Mano Derecha Mark Deto has lost connection.
[2018/1/17 - 14:26:38] Mark Deto has logged out.
[2018/1/17 - 14:29:24] Hang Around Jason T Williams has lost connection.
[2018/1/17 - 14:31:50] Soldato Mohid Ali has lost connection.
[2018/1/17 - 14:34:23] Mohid Ali has logged out.
[2018/1/17 - 14:34:37] Mark Deto has withdrawn a Desert Eagle from the weapon locker (Cost: 5)
[2018/1/17 - 14:35:20] Trent Mercher has withdrawn a Desert Eagle from the weapon locker (Cost: 5)
[2018/1/17 - 14:36:37] Soldato Mohid Ali has lost connection.
[2018/1/17 - 14:38:41] Teniente Tyrell T Williams has lost connection.
[2018/1/17 - 14:42:43] Mark Deto has withdrawn a Desert Eagle from the weapon locker (Cost: 5)
[2018/1/17 - 14:43:56] Mano Derecha Salvatore Florenzo has lost connection.
[2018/1/17 - 14:45:16] Mark Deto has withdrawn a Desert Eagle from the weapon locker (Cost: 5)
[2018/1/17 - 14:54:23] Trent Mercher has logged out.
[2018/1/17 - 14:56:11] Amine M Williams has logged out.
[2018/1/17 - 15:01:58] Salvatore Florenzo has logged out.
[2018/1/17 - 15:04:10] Mark Deto has withdrawn a Desert Eagle from the weapon locker (Cost: 5)
[2018/1/17 - 15:11:40] Vago Zato Woods has lost connection.
[2018/1/17 - 15:12:49] Vago Zato Woods has lost connection.
[2018/1/17 - 15:23:18] Salvatore Florenzo has logged out.
[2018/1/17 - 15:36:55] Mark Deto has withdrawn a Desert Eagle from the weapon locker (Cost: 5)
[2018/1/17 - 15:39:47] Corey Brooks has withdrawn a Shotgun from the weapon locker (Cost: 3)
[2018/1/17 - 15:39:48] Corey Brooks has withdrawn a Desert Eagle from the weapon locker (Cost: 5)
[2018/1/17 - 15:39:49] Corey Brooks has withdrawn a MP5 from the weapon locker (Cost: 5)
[2018/1/17 - 15:39:55] Corey Brooks has withdrawn a Rifle from the weapon locker (Cost: 5)
[2018/1/17 - 15:48:04] Mark Deto has logged out.
[2018/1/17 - 15:51:38] Corey Brooks has logged out.
[2018/1/17 - 16:34:59] Vago Zato Woods has lost connection.
[2018/1/17 - 16:48:45] Tom Set has logged out.
[2018/1/17 - 17:07:14] Dark Smith has logged out.
[2018/1/17 - 17:12:03] Lamar M Buenoh has authorized Tom Set to withdraw a Desert Eagle from the weapon locker (Cost: 5)
[2018/1/17 - 17:15:19] Lamar M Buenoh has authorized Bonjan Clevreman to withdraw a MP5 from the weapon locker (Cost: 5)
[2018/1/17 - 17:15:32] Mark Deto has withdrawn a Desert Eagle from the weapon locker (Cost: 5)
[2018/1/17 - 17:15:51] Mark Deto has withdrawn a Desert Eagle from the weapon locker (Cost: 5)
[2018/1/17 - 17:16:05] Lamar M Buenoh has authorized Tom Set to withdraw a MP5 from the weapon locker (Cost: 5)
[2018/1/17 - 17:20:00] Trent Mercher has withdrawn a Desert Eagle from the weapon locker (Cost: 5)
[2018/1/17 - 17:24:29] Trent Mercher has logged out.
[2018/1/17 - 17:28:14] Lamar M Buenoh has withdrawn a Desert Eagle from the weapon locker (Cost: 5)
[2018/1/17 - 17:28:16] Lamar M Buenoh has withdrawn a AK-47 from the weapon locker (Cost: 15)
[2018/1/17 - 17:30:42] Lamar M Buenoh has logged out.
[2018/1/17 - 17:40:23] Mark Deto has withdrawn a Desert Eagle from the weapon locker (Cost: 5)
[2018/1/17 - 17:40:31] Jack Hood has logged out.
[2018/1/17 - 17:42:56] Mark Deto has withdrawn a Desert Eagle from the weapon locker (Cost: 5)
[2018/1/17 - 17:43:08] Mark Deto has withdrawn a Desert Eagle from the weapon locker (Cost: 5)
[2018/1/17 - 17:43:21] Mark Deto has withdrawn a Desert Eagle from the weapon locker (Cost: 5)
[2018/1/17 - 17:44:31] Mark Deto has withdrawn a Desert Eagle from the weapon locker (Cost: 5)
[2018/1/17 - 17:49:17] Corey Brooks has withdrawn a Desert Eagle from the weapon locker (Cost: 5)
[2018/1/17 - 17:49:18] Corey Brooks has withdrawn a Shotgun from the weapon locker (Cost: 3)
[2018/1/17 - 17:49:19] Corey Brooks has withdrawn a MP5 from the weapon locker (Cost: 5)
[2018/1/17 - 17:49:21] Corey Brooks has withdrawn a Rifle from the weapon locker (Cost: 5)
[2018/1/17 - 17:49:45] Mark Deto has withdrawn a MP5 from the weapon locker (Cost: 5)
[2018/1/17 - 17:49:52] Mark Deto has withdrawn a Desert Eagle from the weapon locker (Cost: 5)
[2018/1/17 - 17:52:38] Zato Woods has logged out.
[2018/1/17 - 17:59:27] Sargento Burke Flleming has lost connection.
[2018/1/17 - 18:01:53] Dark Smith has logged out.
[2018/1/17 - 18:02:57] Desmond Lutz has logged out.
[2018/1/17 - 18:04:52] Mark Deto has logged out.
[2018/1/17 - 18:17:03] Jack Hood has logged out.
[2018/1/17 - 18:26:32] Jack Hood has logged out.
[2018/1/17 - 18:28:59] Desmond Lutz has logged out.
[2018/1/17 - 18:29:43] Jack Hood has logged out.
[2018/1/17 - 18:32:03] Jack Hood has logged out.
[2018/1/17 - 18:33:34] Sargento Burke Flleming has lost connection.
[2018/1/17 - 18:35:23] Burke Flleming has logged out.
[2018/1/17 - 18:39:17] Zato Woods has deposited a SPAS-12 into the locker.
[2018/1/17 - 18:39:19] Bonjan Clevreman has deposited a M4A1 into the locker.
[2018/1/17 - 18:39:24] Bonjan Clevreman has deposited a SPAS-12 into the locker.
[2018/1/17 - 18:39:50] Bonjan Clevreman has logged out.
[2018/1/17 - 18:49:09] Bonjan Clevreman has logged out.
[2018/1/17 - 19:03:27] Jack Hood has logged out.
[2018/1/17 - 19:06:42] Dark Smith has logged out.
[2018/1/17 - 19:12:29] Sargento Burke Flleming has lost connection.
[2018/1/17 - 19:22:41] Zato Woods has logged out.
[2018/1/17 - 19:37:07] Lamar M Buenoh has authorized Tom Set to withdraw a Desert Eagle from the weapon locker (Cost: 5)
[2018/1/17 - 19:40:47] Jimmy Tex has withdrawn a Sniper Rifle from the weapon locker (Cost: 40)
[2018/1/17 - 19:41:31] Jimmy Tex has authorized Lamar M Buenoh to withdraw a Sniper Rifle from the weapon locker (Cost: 40)
[2018/1/17 - 19:45:48] Corey Brooks has logged out.
[2018/1/17 - 19:46:19] Yousef Deto (1000625407) accepted El Don Jimmy Tex's (1000498130) invite to join Las Colinas Vagos (29).
[2018/1/17 - 19:46:20] El Don Jimmy Tex (1000498130) (rank 7) has given Yousef Deto (1000625407) rank 2 (Sargento) in Las Colinas Vagos (29).
[2018/1/17 - 19:47:19] Lamar M Buenoh has authorized Mohid Ali to withdraw a AK-47 from the weapon locker (Cost: 15)
[2018/1/17 - 19:48:59] Lamar M Buenoh has authorized Tom Set to withdraw a AK-47 from the weapon locker (Cost: 15)
[2018/1/17 - 19:50:02] Yousef Deto has deposited a Sniper Rifle into the locker.
[2018/1/17 - 19:50:32] Zato Woods has logged out.
[2018/1/17 - 19:54:51] Mlick Deto has logged out.
[2018/1/17 - 19:56:32] Mano Derecha Salvatore Florenzo has lost connection.
[2018/1/17 - 19:56:57] El Don Jimmy Tex has lost connection.
[2018/1/17 - 19:57:10] Rey Leonardo Bishop (30171) (rank 9) has given Lamar M Buenoh (146251) rank 4 (Teniente) in Las Colinas Vagos (29).
[2018/1/17 - 19:57:38] Mano Derecha Salvatore Florenzo has lost connection.
[2018/1/17 - 19:58:19] Rey Leonardo Bishop (30171) (rank 9) has given Lamar M Buenoh (146251) rank 5 (Mano Derecha) in Las Colinas Vagos (29).
[2018/1/17 - 19:58:47] El Don Jimmy Tex has lost connection.
[2018/1/17 - 19:59:47] Mano Derecha Salvatore Florenzo has lost connection.
[2018/1/17 - 20:02:16] Mano Derecha Salvatore Florenzo has lost connection.
[2018/1/17 - 20:02:39] Lamar M Buenoh has authorized Tom Set to withdraw a AK-47 from the weapon locker (Cost: 15)
[2018/1/17 - 20:09:46] Jimmy Tex has withdrawn 20 grams of Ecstasy from the safe.
[2018/1/17 - 20:11:56] Tony Brooks (1000625272) accepted Mano Derecha Lamar M Buenoh's (146251) invite to join Las Colinas Vagos (29).
[2018/1/17 - 20:12:02] Mano Derecha Lamar M Buenoh (146251) (rank 5) has given Tony Brooks (1000625272) rank 4 (Teniente) in Las Colinas Vagos (29).
[2018/1/17 - 20:12:05] Mano Derecha Lamar M Buenoh (146251) has set Tony Brooks's (1000625272) division to , in Las Colinas Vagos (29).
[2018/1/17 - 20:12:07] Mano Derecha Lamar M Buenoh (146251) has set Tony Brooks's (1000625272) division to Desperados in Las Colinas Vagos (29).
[2018/1/17 - 20:12:45] Jimmy Tex has authorized Tom Set to withdraw a AK-47 from the weapon locker (Cost: 15)
[2018/1/17 - 20:13:48] Mohid Ali has logged out.
[2018/1/17 - 20:16:33] Jimmy Tex has withdrawn 200 grams of Crack from the safe.
[2018/1/17 - 20:17:01] Tony Brooks has logged out.
[2018/1/17 - 20:19:34] Jimmy Tex has withdrawn a Desert Eagle from the weapon locker (Cost: 5)
[2018/1/17 - 20:19:56] Lamar M Buenoh has authorized Tom Set to withdraw a Desert Eagle from the weapon locker (Cost: 5)
[2018/1/17 - 20:20:53] Lamar M Buenoh has authorized Yousef Deto to withdraw a Desert Eagle from the weapon locker (Cost: 5)
[2018/1/17 - 20:28:47] Rakim Woodcaine has withdrawn a Desert Eagle from the weapon locker (Cost: 5)
[2018/1/17 - 20:28:48] Rakim Woodcaine has withdrawn a SPAS-12 from the weapon locker (Cost: 30)
[2018/1/17 - 20:36:11] Tom Set has logged out.
[2018/1/17 - 20:36:16] Yousef Deto has logged out.
[2018/1/17 - 20:37:39] Rakim Woodcaine has withdrawn a SPAS-12 from the weapon locker (Cost: 30)
[2018/1/17 - 20:37:40] Rakim Woodcaine has withdrawn a Desert Eagle from the weapon locker (Cost: 5)
[2018/1/17 - 20:38:08] Rakim Woodcaine has logged out.
[2018/1/17 - 20:44:17] Jimmy Tex has withdrawn a AK-47 from the weapon locker (Cost: 15)
[2018/1/17 - 20:44:26] Jimmy Tex has withdrawn 60 grams of Ecstasy from the safe.
[2018/1/17 - 20:44:36] Mano Derecha Salvatore Florenzo has lost connection.
[2018/1/17 - 20:47:47] Mano Derecha Salvatore Florenzo has lost connection.
[2018/1/17 - 20:49:51] Lamar M Buenoh has logged out.
[2018/1/17 - 20:51:52] Mano Derecha Salvatore Florenzo has lost connection.
[2018/1/17 - 20:53:51] Mano Derecha Salvatore Florenzo has lost connection.
[2018/1/17 - 21:11:30] Lamar M Buenoh has authorized Yousef Deto to withdraw a AK-47 from the weapon locker (Cost: 15)
[2018/1/17 - 21:18:58] Yousef Deto has logged out.
[2018/1/17 - 21:23:35] Jimmy Tex has deposited a AK-47 into the locker.
[2018/1/17 - 21:24:10] Leonardo Bishop has withdrawn 100 grams of Ecstasy from the safe.
[2018/1/17 - 21:24:14] Leonardo Bishop has withdrawn a Desert Eagle from the weapon locker (Cost: 5)
[2018/1/17 - 21:32:46] Lamar M Buenoh has withdrawn a Desert Eagle from the weapon locker (Cost: 5)
[2018/1/17 - 21:32:46] Lamar M Buenoh has withdrawn a AK-47 from the weapon locker (Cost: 15)
[2018/1/17 - 21:38:41] Leonardo Bishop has withdrawn a SPAS-12 from the weapon locker (Cost: 30)
[2018/1/17 - 21:41:10] Jimmy Tex has logged out.
[2018/1/17 - 21:54:19] Mano Derecha Mark Deto has lost connection.
[2018/1/17 - 21:56:08] Lamar M Buenoh has withdrawn a Desert Eagle from the weapon locker (Cost: 5)
[2018/1/17 - 21:56:23] Leonardo Bishop has authorized Lamar M Buenoh to withdraw a Sniper Rifle from the weapon locker (Cost: 40)
[2018/1/17 - 21:56:46] Mano Derecha Lamar M Buenoh has lost connection.
[2018/1/17 - 21:58:23] Rey Leonardo Bishop (30171) (rank 9) has given Yousef Deto (1000625407) rank 3 (Vago) in Las Colinas Vagos (29).
[2018/1/17 - 22:02:28] Mark Deto has withdrawn a Desert Eagle from the weapon locker (Cost: 5)
[2018/1/17 - 22:12:00] Lamar M Buenoh has withdrawn a Desert Eagle from the weapon locker (Cost: 5)
[2018/1/17 - 22:13:52] Lamar M Buenoh has withdrawn a AK-47 from the weapon locker (Cost: 15)
[2018/1/17 - 22:14:53] Lamar M Buenoh has deposited a AK-47 into the locker.
[2018/1/17 - 22:15:03] Leonardo Bishop has withdrawn a Desert Eagle from the weapon locker (Cost: 5)
[2018/1/17 - 22:16:29] Lamar M Buenoh has withdrawn a AK-47 from the weapon locker (Cost: 15)
[2018/1/17 - 22:16:41] Leonardo Bishop has authorized Mark Deto to withdraw a SPAS-12 from the weapon locker (Cost: 30)
[2018/1/17 - 22:18:27] Leonardo Bishop has withdrawn a SPAS-12 from the weapon locker (Cost: 30)
[2018/1/17 - 22:18:48] Leonardo Bishop has withdrawn 29 grams of Meth from the safe.
[2018/1/17 - 22:23:58] Rey Leonardo Bishop (30171) (rank 9) has given Willy Frankenstein (1000538524) rank 7 (El Don) in Las Colinas Vagos (29).
[2018/1/17 - 22:30:34] Vago Yousef Deto has lost connection.
[2018/1/17 - 22:34:20] Willy Frankenstein has logged out.
[2018/1/17 - 22:41:29] Desmond Lutz has logged out.
[2018/1/17 - 22:42:28] Ben Star (1000625836) accepted Rey Leonardo Bishop's (30171) invite to join Las Colinas Vagos (29).
[2018/1/17 - 22:42:31] Rey Leonardo Bishop (30171) (rank 9) has given Ben Star (1000625836) rank 3 (Vago) in Las Colinas Vagos (29).
[2018/1/17 - 22:45:59] Jax Dios Hunt has logged out.
[2018/1/17 - 22:49:47] Corey Brooks has withdrawn a Desert Eagle from the weapon locker (Cost: 5)
[2018/1/17 - 22:49:48] Corey Brooks has withdrawn a Shotgun from the weapon locker (Cost: 3)
[2018/1/17 - 22:49:49] Corey Brooks has withdrawn a MP5 from the weapon locker (Cost: 5)
[2018/1/17 - 22:50:41] Leonardo Bishop has authorized Ben Star to withdraw a Desert Eagle from the weapon locker (Cost: 5)
[2018/1/17 - 22:51:05] Mark Deto has withdrawn a Desert Eagle from the weapon locker (Cost: 5)
[2018/1/17 - 22:53:59] Leonardo Bishop has authorized Corey Brooks to withdraw a SPAS-12 from the weapon locker (Cost: 30)
[2018/1/17 - 22:54:40] Sherif Amr (1000626468) accepted Mano Derecha Lamar M Buenoh's (146251) invite to join Las Colinas Vagos (29).
[2018/1/17 - 22:57:06] Desmond Lutz has logged out.
[2018/1/17 - 23:02:24] Sherif Amr has logged out.
[2018/1/17 - 23:07:07] Lamar M Buenoh has authorized Jax Dios Hunt to withdraw a Desert Eagle from the weapon locker (Cost: 5)
[2018/1/17 - 23:07:21] Lamar M Buenoh has authorized Tony Brooks to withdraw a Desert Eagle from the weapon locker (Cost: 5)
[2018/1/17 - 23:08:17] Mark Deto has withdrawn a Desert Eagle from the weapon locker (Cost: 5)
[2018/1/17 - 23:09:10] Willy Frankenstein has withdrawn 20 grams of Meth from the safe.
[2018/1/17 - 23:09:17] Mano Derecha Lamar M Buenoh has lost connection.
[2018/1/17 - 23:09:59] Willy Frankenstein has withdrawn 10 grams of Pot from the safe.
[2018/1/17 - 23:10:03] Willy Frankenstein has withdrawn a Desert Eagle from the weapon locker (Cost: 5)
[2018/1/17 - 23:10:04] Willy Frankenstein has withdrawn a AK-47 from the weapon locker (Cost: 15)
[2018/1/17 - 23:17:44] Corey Brooks has logged out.
[2018/1/17 - 23:24:37] Leonardo Bishop has authorized Desmond Lutz to withdraw a Desert Eagle from the weapon locker (Cost: 5)
[2018/1/17 - 23:29:28] Leonardo Bishop has authorized Jax Dios Hunt to withdraw a Desert Eagle from the weapon locker (Cost: 5)
[2018/1/17 - 23:33:24] Jax Dios Hunt has logged out.
[2018/1/17 - 23:38:37] El Don Willy Frankenstein has lost connection.
[2018/1/17 - 23:38:39] Mark Deto has withdrawn a Desert Eagle from the weapon locker (Cost: 5)
[2018/1/17 - 23:43:31] Willy Frankenstein has logged out.
[2018/1/17 - 23:44:29] Sargento Burke Flleming has lost connection.
[2018/1/17 - 23:45:12] Mark Deto has logged out.
[2018/1/17 - 23:47:42] Teniente Desmond Lutz has lost connection.
[2018/1/17 - 23:52:11] Teniente Tony Brooks has lost connection.
