[2018/1/29 - 1:53:49] Rico Dredd has withdrawn a Shotgun from the weapon locker (Cost: 2)
[2018/1/29 - 1:53:50] Rico Dredd has withdrawn a Desert Eagle from the weapon locker (Cost: 4)
[2018/1/29 - 2:02:26] Rico Dredd has logged out.
[2018/1/29 - 2:49:12] Rico Dredd has logged out.
[2018/1/29 - 7:23:50] Mitch Makaveli (36021) has made Barry Smith (108244) the leader of the Judicial.
[2018/1/29 - 7:24:24] Chief Justice Barry Smith (108244) (rank 9) has given Barry Smith (108244) rank 8 (Senior Associate Justice) in Judicial (15).
[2018/1/29 - 7:25:26] Senior Associate Justice Barry Smith (108244) has set Barry Smith's (108244) division to ADM in Judicial (15).
[2018/1/29 - 9:46:47] Barry Smith (108244) has renamed the none division (#9) to DAA
[2018/1/29 - 9:46:53] Senior Associate Justice Barry Smith (108244) has set Lionel M. Menace's (1000625149) division to DAA in Judicial (15).
[2018/1/29 - 9:51:30] Lionel M. Menace has logged out.
[2018/1/29 - 10:26:03] Senior Associate Justice Barry Smith has lost connection.
[2018/1/29 - 13:23:19] Nathan Anderson has withdrawn a Desert Eagle from the weapon locker (Cost: 4)
[2018/1/29 - 13:57:37] Senior Judge Nathan Anderson has lost connection.
[2018/1/29 - 14:57:40] Nathan Anderson has logged out.
[2018/1/29 - 17:31:18] Nathan Anderson has logged out.
[2018/1/29 - 18:53:22] Denhaag Mofujohn has logged out.
[2018/1/29 - 19:27:14] Rico Dredd has withdrawn a Shotgun from the weapon locker (Cost: 2)
[2018/1/29 - 19:27:15] Rico Dredd has withdrawn a Desert Eagle from the weapon locker (Cost: 4)
[2018/1/29 - 19:33:24] Rico Dredd has logged out.
[2018/1/29 - 20:24:39] Frank Bachinco (376071) has made Frank Bachinco (376071) the leader of the Judicial.
[2018/1/29 - 20:24:43] Chief Justice Frank Bachinco (376071) (rank 9) has given Frank Bachinco (376071) rank 8 (Senior Associate Justice) in Judicial 
[2018/1/29 - 20:56:22] Frank Bachinco (376071) has made Frank Bachinco (376071) the leader of the Judicial.
[2018/1/29 - 20:56:28] Chief Justice Frank Bachinco (376071) (rank 9) has given Frank Bachinco (376071) rank 8 (Senior Associate Justice) in Judicial 
[2018/1/29 - 21:11:35] Denhaag Mofujohn has logged out.
[2018/1/29 - 23:02:58] Frank Bachinco has withdrawn a Desert Eagle from the weapon locker (Cost: 4)
