[2018/1/21 - 0:04:28] Joe Versace has logged out.
[2018/1/21 - 0:05:11] Recovery Agent Joe Chicano has lost connection.
[2018/1/21 - 0:13:42] Recovery Agent Joe Chicano has lost connection.
[2018/1/21 - 2:24:41] Associate Justice Murad Leonheart has lost connection.
[2018/1/21 - 3:02:50] Aira Saito has withdrawn a Shotgun from the weapon locker (Cost: 2)
[2018/1/21 - 3:02:51] Aira Saito has withdrawn a Desert Eagle from the weapon locker (Cost: 4)
[2018/1/21 - 3:09:35] Joe Versace has logged out.
[2018/1/21 - 3:14:23] Judge Aira Saito has lost connection.
[2018/1/21 - 3:46:04] Judge Aira Saito has lost connection.
[2018/1/21 - 4:46:03] Judge Aira Saito has lost connection.
[2018/1/21 - 4:53:09] Judge Aira Saito has lost connection.
[2018/1/21 - 6:08:40] Captainthrillss (1000625294) has made Captainthrillss (1000625294) the leader of the Judicial.
[2018/1/21 - 6:15:24] Rico Dredd has withdrawn a Shotgun from the weapon locker (Cost: 2)
[2018/1/21 - 6:15:25] Rico Dredd has withdrawn a Camera from the weapon locker (Cost: 1)
[2018/1/21 - 6:15:28] Rico Dredd has withdrawn a Desert Eagle from the weapon locker (Cost: 4)
[2018/1/21 - 6:18:01] Rico Dredd has withdrawn a Shotgun from the weapon locker (Cost: 2)
[2018/1/21 - 6:18:02] Rico Dredd has withdrawn a Desert Eagle from the weapon locker (Cost: 4)
[2018/1/21 - 6:25:36] Rico Dredd has logged out.
[2018/1/21 - 6:30:17] Senior Judge Nathan Anderson has lost connection.
[2018/1/21 - 6:32:00] Associate Justice Murad Leonheart (36135) has set Aira Saito's (1000582638) division to none in Judicial (15).
[2018/1/21 - 6:34:02] Associate Justice Murad Leonheart (36135) has set Aira Saito's (1000582638) division to Executive in Judicial (15).
[2018/1/21 - 6:34:08] Associate Justice Murad Leonheart (36135) has set Aira Saito's (1000582638) division to JAIRC in Judicial (15).
[2018/1/21 - 6:34:10] Associate Justice Murad Leonheart (36135) has set Aira Saito's (1000582638) division to TRIAL in Judicial (15).
[2018/1/21 - 6:35:44] Associate Justice Murad Leonheart (36135) has set Aira Saito's (1000582638) division to ADM in Judicial (15).
[2018/1/21 - 6:37:25] Gather Wooth (1000627042) accepted Associate Justice Murad Leonheart's (36135) invite to join Judicial (15).
[2018/1/21 - 6:38:00] Gather Wooth has withdrawn a Desert Eagle from the weapon locker (Cost: 4)
[2018/1/21 - 6:38:09] Gather Wooth has withdrawn a Shotgun from the weapon locker (Cost: 2)
[2018/1/21 - 6:38:59] Associate Justice Murad Leonheart (36135) has set Aira Saito's (1000582638) division to HIGH COURT in Judicial (15).
[2018/1/21 - 6:39:15] Gather Wooth has logged out.
[2018/1/21 - 6:41:13] Associate Justice Murad Leonheart (36135) has set Aira Saito's (1000582638) division to TRAFFIC in Judicial (15).
[2018/1/21 - 6:41:26] Associate Justice Murad Leonheart (36135) has set Aira Saito's (1000582638) division to Executive in Judicial (15).
[2018/1/21 - 6:41:42] Associate Justice Murad Leonheart (36135) has set Aira Saito's (1000582638) division to JAIRC in Judicial (15).
[2018/1/21 - 6:41:53] Associate Justice Murad Leonheart (36135) has set Aira Saito's (1000582638) division to TRIAL in Judicial (15).
[2018/1/21 - 6:41:58] Associate Justice Murad Leonheart (36135) has set Aira Saito's (1000582638) division to  in Judicial (15).
[2018/1/21 - 6:42:10] Associate Justice Murad Leonheart (36135) has set Aira Saito's (1000582638) division to CIVIL in Judicial (15).
[2018/1/21 - 6:42:18] Associate Justice Murad Leonheart (36135) has set Aira Saito's (1000582638) division to none in Judicial (15).
[2018/1/21 - 6:47:57] Rico Dredd has logged out.
[2018/1/21 - 6:48:16] Gather Wooth has withdrawn a Shotgun from the weapon locker (Cost: 2)
[2018/1/21 - 6:48:17] Gather Wooth has withdrawn a Desert Eagle from the weapon locker (Cost: 4)
[2018/1/21 - 6:50:23] Rico Dredd has withdrawn a Shotgun from the weapon locker (Cost: 2)
[2018/1/21 - 6:50:25] Rico Dredd has withdrawn a Desert Eagle from the weapon locker (Cost: 4)
[2018/1/21 - 6:50:32] Gather Wooth has withdrawn a Shotgun from the weapon locker (Cost: 2)
[2018/1/21 - 6:50:33] Gather Wooth has withdrawn a Desert Eagle from the weapon locker (Cost: 4)
[2018/1/21 - 6:57:51] Judge Aira Saito has lost connection.
[2018/1/21 - 7:05:35] Gather Wooth has withdrawn a Shotgun from the weapon locker (Cost: 2)
[2018/1/21 - 7:05:36] Gather Wooth has withdrawn a Desert Eagle from the weapon locker (Cost: 4)
[2018/1/21 - 7:06:23] Gather Wooth has withdrawn a Shotgun from the weapon locker (Cost: 2)
[2018/1/21 - 7:06:24] Gather Wooth has withdrawn a Desert Eagle from the weapon locker (Cost: 4)
[2018/1/21 - 7:12:20] Gather Wooth has withdrawn a Shotgun from the weapon locker (Cost: 2)
[2018/1/21 - 7:12:21] Gather Wooth has withdrawn a Desert Eagle from the weapon locker (Cost: 4)
[2018/1/21 - 7:16:15] Rico Dredd has withdrawn a Shotgun from the weapon locker (Cost: 2)
[2018/1/21 - 7:16:16] Rico Dredd has withdrawn a Desert Eagle from the weapon locker (Cost: 4)
[2018/1/21 - 7:17:27] Murad Leonheart has withdrawn a Desert Eagle from the weapon locker (Cost: 4)
[2018/1/21 - 7:17:29] Murad Leonheart has withdrawn a Shotgun from the weapon locker (Cost: 2)
[2018/1/21 - 7:17:35] Murad Leonheart has withdrawn a Spray Can from the weapon locker (Cost: 1)
[2018/1/21 - 7:22:10] Gather Wooth has withdrawn a Shotgun from the weapon locker (Cost: 2)
[2018/1/21 - 7:22:11] Gather Wooth has withdrawn a Desert Eagle from the weapon locker (Cost: 4)
[2018/1/21 - 7:28:30] Chief Justice Rico Dredd (1000526104) (rank 9) has uninvited Gather Wooth (1000627042) (rank 0) from Judicial (15).
[2018/1/21 - 7:31:18] Rico Dredd has logged out.
[2018/1/21 - 7:56:21] Nathan Anderson has logged out.
[2018/1/21 - 8:25:11] Associate Justice Murad Leonheart (36135) has set Aira Saito's (1000582638) division to TRIAL in Judicial (15).
[2018/1/21 - 8:43:19] Nathan Anderson has withdrawn a Shotgun from the weapon locker (Cost: 2)
[2018/1/21 - 8:43:21] Nathan Anderson has withdrawn a Parachute from the weapon locker (Cost: 1)
[2018/1/21 - 8:43:22] Nathan Anderson has withdrawn a Camera from the weapon locker (Cost: 1)
[2018/1/21 - 8:43:24] Nathan Anderson has withdrawn a Desert Eagle from the weapon locker (Cost: 4)
[2018/1/21 - 8:48:49] Nathan Anderson has logged out.
[2018/1/21 - 8:52:48] Aira Saito has withdrawn a Shotgun from the weapon locker (Cost: 2)
[2018/1/21 - 8:52:49] Aira Saito has withdrawn a Desert Eagle from the weapon locker (Cost: 4)
[2018/1/21 - 9:52:01] William Whitefield (1000627488) accepted Associate Justice Murad Leonheart's (36135) invite to join Judicial (15).
[2018/1/21 - 9:54:03] William Whitefield has logged out.
[2018/1/21 - 10:00:16] Nathan Anderson has logged out.
[2018/1/21 - 10:00:50] William Whitefield has logged out.
[2018/1/21 - 10:30:21] Judge Aira Saito has lost connection.
[2018/1/21 - 10:44:26] Joe Chicano has withdrawn a Desert Eagle from the weapon locker (Cost: 4)
[2018/1/21 - 11:21:33] Judge Aira Saito has lost connection.
[2018/1/21 - 11:43:58] Joe Chicano has withdrawn a Desert Eagle from the weapon locker (Cost: 4)
[2018/1/21 - 11:44:00] Joe Chicano has withdrawn a Shotgun from the weapon locker (Cost: 2)
[2018/1/21 - 11:44:32] Joe Chicano has withdrawn a Desert Eagle from the weapon locker (Cost: 4)
[2018/1/21 - 11:45:19] Joe Chicano has withdrawn a Desert Eagle from the weapon locker (Cost: 4)
[2018/1/21 - 11:45:58] Judge Aira Saito has lost connection.
[2018/1/21 - 11:50:33] Joe Chicano has logged out.
[2018/1/21 - 12:45:14] Recovery Agent Joe Versace has lost connection.
[2018/1/21 - 13:16:40] Murad Leonheart has logged out.
[2018/1/21 - 14:10:20] William Whitefield has logged out.
[2018/1/21 - 14:18:53] Judge Aira Saito has lost connection.
[2018/1/21 - 14:54:51] Senior Judge Nathan Anderson has lost connection.
[2018/1/21 - 15:09:01] Aira Saito has logged out.
[2018/1/21 - 15:34:13] Aira Saito has accepted Carlos Logan's release request.
[2018/1/21 - 15:44:24] Joe Versace has withdrawn a Desert Eagle from the weapon locker (Cost: 4)
[2018/1/21 - 15:44:26] Joe Versace has withdrawn a Shotgun from the weapon locker (Cost: 2)
[2018/1/21 - 15:45:11] Aira Saito has logged out.
[2018/1/21 - 15:56:35] Joe Versace has logged out.
[2018/1/21 - 17:32:45] Chief Justice Rico Dredd has lost connection.
[2018/1/21 - 18:11:36] Joe Chicano has logged out.
[2018/1/21 - 18:21:41] Rico Dredd has logged out.
[2018/1/21 - 20:06:29] Chris Silvetti has logged out.
[2018/1/21 - 20:30:02] Joe Versace has logged out.
[2018/1/21 - 20:30:41] Recovery Agent Joe Chicano has lost connection.
[2018/1/21 - 20:38:32] Recovery Agent Joe Chicano has lost connection.
[2018/1/21 - 20:41:31] Recovery Agent Joe Chicano has lost connection.
[2018/1/21 - 21:04:43] Joe Chicano has withdrawn a Desert Eagle from the weapon locker (Cost: 4)
[2018/1/21 - 21:16:16] Joe Chicano has logged out.
[2018/1/21 - 22:58:26] Rico Dredd has logged out.
[2018/1/21 - 22:58:57] John Muai (1000624938) accepted Associate Justice Murad Leonheart's (36135) invite to join Judicial (15).
[2018/1/21 - 22:59:02] Associate Justice Murad Leonheart (36135) (rank 7) has given John Muai (1000624938) rank 3 (Attorney) in Judicial (15).
[2018/1/21 - 22:59:43] Associate Justice Murad Leonheart (36135) has set John Muai's (1000624938) division to HIGH COURT in Judicial (15).
[2018/1/21 - 22:59:48] Associate Justice Murad Leonheart (36135) has set John Muai's (1000624938) division to Executive in Judicial (15).
[2018/1/21 - 23:05:29] Murad Leonheart has logged out.
[2018/1/21 - 23:05:37] Attorney John Muai has lost connection.
