[2018/1/19 - 0:01:34] Dyler Hall has withdrawn a Desert Eagle from the weapon locker (Cost: 4)
[2018/1/19 - 0:01:39] Dyler Hall has withdrawn a Shotgun from the weapon locker (Cost: 2)
[2018/1/19 - 0:01:42] Dyler Hall has withdrawn a Fire Extinguisher from the weapon locker (Cost: 1)
[2018/1/19 - 0:07:46] Ellaena Thawne has logged out.
[2018/1/19 - 0:08:30] Recovery Agent Chris Silvetti has lost connection.
[2018/1/19 - 0:12:09] Amiel Kidman has withdrawn a Desert Eagle from the weapon locker (Cost: 4)
[2018/1/19 - 0:12:11] Amiel Kidman has withdrawn a Shotgun from the weapon locker (Cost: 2)
[2018/1/19 - 0:12:13] Amiel Kidman has withdrawn a Cane from the weapon locker (Cost: 1)
[2018/1/19 - 0:14:54] Clank Hamm (1000033226) has made Clank Hamm (1000033226) the leader of the Judicial.
[2018/1/19 - 0:15:01] Clank Hamm (1000033226) has removed Jenny Saunders's (1000050045) badge.
[2018/1/19 - 0:15:21] Clank Hamm (1000033226) has set Winston De Rulo's (891957) badge to 0.
[2018/1/19 - 0:15:23] Clank Hamm (1000033226) has removed Winston De Rulo's (891957) badge.
[2018/1/19 - 0:15:29] Clank Hamm (1000033226) has removed Amiel Kidman's (1000049381) badge.
[2018/1/19 - 0:16:37] Winston De Rulo has withdrawn a Shotgun from the weapon locker (Cost: 2)
[2018/1/19 - 0:16:39] Winston De Rulo has withdrawn a Desert Eagle from the weapon locker (Cost: 4)
[2018/1/19 - 0:21:46] Chris Silvetti has logged out.
[2018/1/19 - 0:25:09] Jenny Saunders has logged out.
[2018/1/19 - 0:27:25] Murad Leonheart has logged out.
[2018/1/19 - 0:28:37] Winston De Rulo has logged out.
[2018/1/19 - 0:56:28] Dyler Hall (1000626470) has quit the Judicial as a rank 3
[2018/1/19 - 1:00:09] Joe Versace has withdrawn a Desert Eagle from the weapon locker (Cost: 4)
[2018/1/19 - 1:00:12] Joe Versace has withdrawn a Shotgun from the weapon locker (Cost: 2)
[2018/1/19 - 1:19:49] Student Joe Versace has lost connection.
[2018/1/19 - 1:32:01] Chief Justice Rico Dredd (1000526104) (rank 9) has given Joe Versace (1000625084) rank 1 (Recovery Agent) in Judicial (15).
[2018/1/19 - 1:32:04] [SHARIA] Rico Dredd has logged out.
[2018/1/19 - 2:10:39] Joe Versace has logged out.
[2018/1/19 - 2:11:05] Zach Thawne has logged out.
[2018/1/19 - 2:18:54] Joe Versace has withdrawn a Shotgun from the weapon locker (Cost: 2)
[2018/1/19 - 2:18:56] Joe Versace has withdrawn a Desert Eagle from the weapon locker (Cost: 4)
[2018/1/19 - 2:47:57] Recovery Agent Joe Versace has lost connection.
[2018/1/19 - 3:13:25] Joe Versace has logged out.
[2018/1/19 - 10:26:25] Zach Thawne has withdrawn a Shotgun from the weapon locker (Cost: 2)
[2018/1/19 - 10:26:34] Zach Thawne has logged out.
[2018/1/19 - 16:49:11] Jenny Saunders has logged out.
[2018/1/19 - 17:19:16] Recovery Agent Joe Versace has lost connection.
[2018/1/19 - 17:36:48] Joe Versace has withdrawn a Shotgun from the weapon locker (Cost: 2)
[2018/1/19 - 17:36:50] Joe Versace has withdrawn a Desert Eagle from the weapon locker (Cost: 4)
[2018/1/19 - 17:50:00] Aira Saito has withdrawn a Shotgun from the weapon locker (Cost: 2)
[2018/1/19 - 17:50:01] Aira Saito has withdrawn a Desert Eagle from the weapon locker (Cost: 4)
[2018/1/19 - 17:54:09] Aira Saito has logged out.
[2018/1/19 - 18:04:20] Attorney Winston De Rulo has lost connection.
[2018/1/19 - 18:07:20] Chris Silvetti has logged out.
[2018/1/19 - 18:13:29] Jenny Saunders has logged out.
[2018/1/19 - 18:18:15] Jenny Saunders has logged out.
[2018/1/19 - 18:32:59] Recovery Agent Joe Versace has lost connection.
[2018/1/19 - 20:01:30] Attorney Ellaena Thawne has lost connection.
[2018/1/19 - 20:31:28] Derek Phantom has logged out.
[2018/1/19 - 21:07:58] Recovery Agent Joe Versace has lost connection.
[2018/1/19 - 21:09:52] Ellaena Thawne has logged out.
[2018/1/19 - 21:15:25] Gather Wooth has logged out.
[2018/1/19 - 21:20:49] Gather Wooth has logged out.
[2018/1/19 - 21:29:47] Recovery Agent Joe Versace has lost connection.
[2018/1/19 - 21:36:11] Recovery Agent Allah Bombisha has lost connection.
[2018/1/19 - 21:41:55] Recovery Agent Allah Bombisha has lost connection.
[2018/1/19 - 21:48:44] Joe Versace has logged out.
[2018/1/19 - 22:03:14] Chief Justice Rico Dredd (1000526104) (rank 9) has given Chris Silvetti (1000125968) rank 3 (Attorney) in Judicial (15).
[2018/1/19 - 22:11:45] Shaquanquan Gomez (1000506811) accepted Chief Justice Rico Dredd's (1000526104) invite to join Judicial (15).
[2018/1/19 - 22:14:32] Attorney Chris Silvetti has lost connection.
[2018/1/19 - 22:14:32] Student Shaquanquan Gomez has lost connection.
[2018/1/19 - 22:18:53] Shaquanquan Gomez has withdrawn a Desert Eagle from the weapon locker (Cost: 4)
[2018/1/19 - 22:18:56] Shaquanquan Gomez has withdrawn a Shotgun from the weapon locker (Cost: 2)
[2018/1/19 - 22:38:48] Murad Leonheart has withdrawn a Shotgun from the weapon locker (Cost: 2)
[2018/1/19 - 22:40:25] Chris Silvetti has withdrawn a Shotgun from the weapon locker (Cost: 2)
[2018/1/19 - 22:40:26] Chris Silvetti has withdrawn a Parachute from the weapon locker (Cost: 1)
[2018/1/19 - 22:40:27] Chris Silvetti has withdrawn a Desert Eagle from the weapon locker (Cost: 4)
[2018/1/19 - 22:40:28] Chris Silvetti has withdrawn a Cane from the weapon locker (Cost: 1)
[2018/1/19 - 22:40:30] Chris Silvetti has withdrawn a Fire Extinguisher from the weapon locker (Cost: 1)
[2018/1/19 - 22:44:47] Attorney Chris Silvetti has lost connection.
[2018/1/19 - 22:44:49] Student Shaquanquan Gomez has lost connection.
[2018/1/19 - 22:52:37] Shaquanquan Gomez has logged out.
[2018/1/19 - 23:24:54] [SHARIA] Rico Dredd has logged out.
[2018/1/19 - 23:30:21] [SHARIA] Rico Dredd has logged out.
[2018/1/19 - 23:37:02] Winston De Rulo has logged out.
[2018/1/19 - 23:56:04] Joe Versace has logged out.
