[2018/1/31 - 1:18:14] Frank Bachinco has logged out.
[2018/1/31 - 2:46:03] Frank Bachinco has logged in.
[2018/1/31 - 5:43:35] Nathan Anderson has logged out.
[2018/1/31 - 7:24:44] Barry Smith has logged out.
[2018/1/31 - 10:04:53] Denhaag Mofujohn has withdrawn a Desert Eagle from the weapon locker (Cost: 4)
[2018/1/31 - 10:04:54] Denhaag Mofujohn has withdrawn a Cane from the weapon locker (Cost: 1)
[2018/1/31 - 10:08:38] Denhaag Mofujohn has logged out.
[2018/1/31 - 10:11:03] Denhaag Mofujohn has withdrawn a Desert Eagle from the weapon locker (Cost: 4)
[2018/1/31 - 10:11:04] Denhaag Mofujohn has withdrawn a Camera from the weapon locker (Cost: 1)
[2018/1/31 - 10:14:04] Denhaag Mofujohn has logged out.
[2018/1/31 - 10:37:37] Nathan Anderson has logged out.
[2018/1/31 - 17:09:56] Nathan Anderson has logged out.
[2018/1/31 - 17:13:59] Denhaag Mofujohn has logged out.
[2018/1/31 - 17:23:39] Nathan Anderson has logged out.
[2018/1/31 - 17:38:34] Nathan Anderson has logged out.
[2018/1/31 - 21:50:49] Frank Bachinco has withdrawn a Desert Eagle from the weapon locker (Cost: 4)
[2018/1/31 - 21:50:53] Frank Bachinco has withdrawn a Camera from the weapon locker (Cost: 1)
[2018/1/31 - 22:27:00] Frank Bachinco has withdrawn a Desert Eagle from the weapon locker (Cost: 4)
[2018/1/31 - 23:27:36] Attorney Lionel M. Menace has lost connection.
[2018/1/31 - 23:29:09] Attorney Lionel M. Menace has lost connection.
[2018/1/31 - 23:50:05] Rico Dredd (1000526104) has set Frank Bachinco's (376071) badge to DUNCE.
