[2018/1/18 - 0:06:51] Jax Morrow has logged out.
[2018/1/18 - 0:28:02] Winston De Rulo has withdrawn a Desert Eagle from the weapon locker (Cost: 4)
[2018/1/18 - 0:40:33] Attorney Lionel M. Menace has lost connection.
[2018/1/18 - 0:41:42] Lionel M. Menace has logged out.
[2018/1/18 - 0:58:11] Amiel Kidman has withdrawn a Desert Eagle from the weapon locker (Cost: 4)
[2018/1/18 - 0:58:14] Amiel Kidman has withdrawn a Shotgun from the weapon locker (Cost: 2)
[2018/1/18 - 1:13:43] Lionel M. Menace has logged out.
[2018/1/18 - 1:31:04] Amiel Kidman has logged out.
[2018/1/18 - 1:36:21] Lionel M. Menace has logged out.
[2018/1/18 - 1:38:07] Amiel Kidman has logged out.
[2018/1/18 - 1:38:41] Lionel M. Menace has logged out.
[2018/1/18 - 2:01:06] Winston De Rulo has logged out.
[2018/1/18 - 2:01:51] Clank Hamm (1000033226) has made Clank Hamm (1000033226) the leader of the Judicial.
[2018/1/18 - 2:01:56] Murad Leonheart has withdrawn a Shotgun from the weapon locker (Cost: 2)
[2018/1/18 - 2:01:57] Amiel Kidman has withdrawn a Desert Eagle from the weapon locker (Cost: 4)
[2018/1/18 - 2:02:02] Murad Leonheart has withdrawn a Spray Can from the weapon locker (Cost: 1)
[2018/1/18 - 2:02:04] Amiel Kidman has withdrawn a Shotgun from the weapon locker (Cost: 2)
[2018/1/18 - 2:02:28] Clank Hamm has withdrawn a Desert Eagle from the weapon locker (Cost: 4)
[2018/1/18 - 2:02:29] Clank Hamm has withdrawn a Shotgun from the weapon locker (Cost: 2)
[2018/1/18 - 2:03:47] Chief Justice Clank Hamm (1000033226) (rank 9) has given Clank Hamm (1000033226) rank 4 (Judge) in Judicial (15).
[2018/1/18 - 2:16:02] Kevin Flowers has withdrawn a Shotgun from the weapon locker (Cost: 2)
[2018/1/18 - 2:16:03] Kevin Flowers has withdrawn a Desert Eagle from the weapon locker (Cost: 4)
[2018/1/18 - 2:22:58] Kevin Flowers has logged out.
[2018/1/18 - 2:27:14] Rico Dredd (1000526104) has set Amiel Kidman's (1000049381) badge to SHARIA.
[2018/1/18 - 2:27:17] Rico Dredd (1000526104) has set Amiel Kidman's (1000049381) badge to SHAFT.
[2018/1/18 - 2:28:58] Ellaena Thawne (1000626899) accepted Chief Justice Rico Dredd's (1000526104) invite to join Judicial (15).
[2018/1/18 - 2:29:04] Derek Phantom (96394) accepted Chief Justice Rico Dredd's (1000526104) invite to join Judicial (15).
[2018/1/18 - 2:29:11] Chief Justice Rico Dredd (1000526104) (rank 9) has given Derek Phantom (96394) rank 3 (Attorney) in Judicial (15).
[2018/1/18 - 2:29:14] Chief Justice Rico Dredd (1000526104) (rank 9) has given Ellaena Thawne (1000626899) rank 3 (Attorney) in Judicial (15).
[2018/1/18 - 2:34:05] Derek Phantom has withdrawn a Desert Eagle from the weapon locker (Cost: 4)
[2018/1/18 - 2:34:42] Zach Thawne (63924) accepted Chief Justice Rico Dredd's (1000526104) invite to join Judicial (15).
[2018/1/18 - 2:35:04] Zach Thawne has withdrawn a Shotgun from the weapon locker (Cost: 2)
[2018/1/18 - 2:35:10] Chief Justice Rico Dredd (1000526104) (rank 9) has given Zach Thawne (63924) rank 3 (Attorney) in Judicial (15).
[2018/1/18 - 2:35:19] Ellaena Thawne has withdrawn a Desert Eagle from the weapon locker (Cost: 4)
[2018/1/18 - 2:35:31] Derek Phantom has withdrawn a Shotgun from the weapon locker (Cost: 2)
[2018/1/18 - 2:35:37] Nathan Hale (1000342759) accepted Associate Justice Murad Leonheart's (36135) invite to join Judicial (15).
[2018/1/18 - 2:35:44] Chief Justice Rico Dredd (1000526104) (rank 9) has given Nathan Hale (1000342759) rank 3 (Attorney) in Judicial (15).
[2018/1/18 - 2:44:32] Nathan Hale has withdrawn a Desert Eagle from the weapon locker (Cost: 4)
[2018/1/18 - 2:44:33] Nathan Hale has withdrawn a Spray Can from the weapon locker (Cost: 1)
[2018/1/18 - 2:44:34] Nathan Hale has withdrawn a Cane from the weapon locker (Cost: 1)
[2018/1/18 - 2:44:37] Nathan Hale has withdrawn a Shotgun from the weapon locker (Cost: 2)
[2018/1/18 - 2:44:37] Nathan Hale has withdrawn a Parachute from the weapon locker (Cost: 1)
[2018/1/18 - 2:44:41] Nathan Hale has withdrawn a Camera from the weapon locker (Cost: 1)
[2018/1/18 - 2:47:08] Ellaena Thawne has logged out.
[2018/1/18 - 2:47:36] Kevin Flowers (1000625041) has quit the Judicial as a rank 0
[2018/1/18 - 2:49:17] Zach Thawne has logged out.
[2018/1/18 - 2:50:05] Associate Justice Murad Leonheart (36135) has set Nathan Hale's (1000342759) division to TRAFFIC in Judicial (15).
[2018/1/18 - 2:51:59] Derek Phantom has withdrawn a Shotgun from the weapon locker (Cost: 2)
[2018/1/18 - 2:52:00] Derek Phantom has withdrawn a Desert Eagle from the weapon locker (Cost: 4)
[2018/1/18 - 2:53:18] Attorney Derek Phantom has lost connection.
[2018/1/18 - 2:54:03] Lionel M. Menace has logged out.
[2018/1/18 - 3:06:02] Rico Dredd has withdrawn a Desert Eagle from the weapon locker (Cost: 4)
[2018/1/18 - 3:06:03] Rico Dredd has withdrawn a Shotgun from the weapon locker (Cost: 2)
[2018/1/18 - 3:18:21] [SHARIA] Rico Dredd has logged out.
[2018/1/18 - 3:21:32] [SHAFT] Amiel Kidman has logged out.
[2018/1/18 - 3:43:32] Nathan Hale has logged out.
[2018/1/18 - 4:09:31] Derek Phantom has logged out.
[2018/1/18 - 4:11:21] Dyler Hall (1000626470) accepted Chief Justice Rico Dredd's (1000526104) invite to join Judicial (15).
[2018/1/18 - 4:11:26] Chief Justice Rico Dredd (1000526104) (rank 9) has given Dyler Hall (1000626470) rank 2 (Clerk) in Judicial (15).
[2018/1/18 - 4:11:58] [SHARIA] Rico Dredd has logged out.
[2018/1/18 - 4:22:14] Dyler Hall has withdrawn a Desert Eagle from the weapon locker (Cost: 4)
[2018/1/18 - 4:23:39] Dyler Hall has withdrawn a Parachute from the weapon locker (Cost: 1)
[2018/1/18 - 4:37:39] Barry Smith has withdrawn a Desert Eagle from the weapon locker (Cost: 4)
[2018/1/18 - 4:37:40] Barry Smith has withdrawn a Shotgun from the weapon locker (Cost: 2)
[2018/1/18 - 4:37:43] Barry Smith has withdrawn a Cane from the weapon locker (Cost: 1)
[2018/1/18 - 4:37:45] Barry Smith has withdrawn a Fire Extinguisher from the weapon locker (Cost: 1)
[2018/1/18 - 4:42:39] Attorney Ellaena Thawne has lost connection.
[2018/1/18 - 4:59:21] Ellaena Thawne has withdrawn a Desert Eagle from the weapon locker (Cost: 4)
[2018/1/18 - 4:59:23] Ellaena Thawne has withdrawn a Shotgun from the weapon locker (Cost: 2)
[2018/1/18 - 5:01:37] Ellaena Thawne has logged out.
[2018/1/18 - 5:01:47] Associate Justice Murad Leonheart (36135) (rank 7) has given Dyler Hall (1000626470) rank 3 (Attorney) in Judicial (15).
[2018/1/18 - 5:04:03] Associate Justice Murad Leonheart (36135) has set Dyler Hall's (1000626470) division to TRAFFIC in Judicial (15).
[2018/1/18 - 5:04:09] Associate Justice Murad Leonheart (36135) has set Dyler Hall's (1000626470) division to Executive in Judicial (15).
[2018/1/18 - 5:09:03] Dyler Hall has withdrawn a Desert Eagle from the weapon locker (Cost: 4)
[2018/1/18 - 5:09:08] Dyler Hall has withdrawn a Fire Extinguisher from the weapon locker (Cost: 1)
[2018/1/18 - 5:48:55] Barry Smith has withdrawn a Shotgun from the weapon locker (Cost: 2)
[2018/1/18 - 5:48:57] Barry Smith has withdrawn a Fire Extinguisher from the weapon locker (Cost: 1)
[2018/1/18 - 6:02:39] Dyler Hall has logged out.
[2018/1/18 - 6:03:23] Senior Associate Justice Barry Smith has lost connection.
[2018/1/18 - 6:22:36] Shakira Speed has withdrawn a Fire Extinguisher from the weapon locker (Cost: 1)
[2018/1/18 - 6:23:12] Shakira Speed has withdrawn a Fire Extinguisher from the weapon locker (Cost: 1)
[2018/1/18 - 6:26:53] Shakira Speed has logged out.
[2018/1/18 - 6:56:31] Attorney Dyler Hall has manufactured a crate at Ocean Docks facility.
[2018/1/18 - 6:56:48] Attorney Dyler Hall has manufactured a crate at Ocean Docks facility.
[2018/1/18 - 6:56:56] Attorney Dyler Hall has manufactured a crate at Ocean Docks facility.
[2018/1/18 - 6:57:08] Attorney Dyler Hall has manufactured a crate at Ocean Docks facility.
[2018/1/18 - 6:57:18] Attorney Dyler Hall has manufactured a crate at Ocean Docks facility.
[2018/1/18 - 6:57:38] Attorney Dyler Hall has manufactured a crate at Ocean Docks facility.
[2018/1/18 - 7:12:27] Judge Avery Mengo has lost connection.
[2018/1/18 - 7:17:00] Barry Smith has logged out.
[2018/1/18 - 7:19:21] Attorney Dyler Hall has manufactured a crate at Ocean Docks facility.
[2018/1/18 - 7:20:54] Avery Mengo has withdrawn a Shotgun from the weapon locker (Cost: 2)
[2018/1/18 - 7:20:55] Avery Mengo has withdrawn a Desert Eagle from the weapon locker (Cost: 4)
[2018/1/18 - 7:23:10] Avery Mengo has logged out.
[2018/1/18 - 7:28:39] Dyler Hall has logged out.
[2018/1/18 - 7:35:33] Avery Mengo has logged out.
[2018/1/18 - 7:41:18] Associate Justice Murad Leonheart has lost connection.
[2018/1/18 - 7:45:40] Barry Smith has logged out.
[2018/1/18 - 7:48:20] Dyler Hall has logged out.
[2018/1/18 - 8:02:30] Avery Mengo has logged out.
[2018/1/18 - 8:04:08] Yuuji Vikouri has logged out.
[2018/1/18 - 8:07:20] Yuuji Vikouri has logged out.
[2018/1/18 - 8:15:57] Yuuji Vikouri has logged out.
[2018/1/18 - 8:18:59] Lionel M. Menace has logged out.
[2018/1/18 - 8:29:26] Dyler Hall has logged out.
[2018/1/18 - 8:36:02] Attorney Derek Phantom has lost connection.
[2018/1/18 - 9:00:56] Judge Avery Mengo has lost connection.
[2018/1/18 - 9:03:21] Derek Phantom has withdrawn a Shotgun from the weapon locker (Cost: 2)
[2018/1/18 - 9:03:22] Derek Phantom has withdrawn a Desert Eagle from the weapon locker (Cost: 4)
[2018/1/18 - 9:05:42] Yuuji Vikouri has logged out.
[2018/1/18 - 9:36:57] Derek Phantom has logged out.
[2018/1/18 - 9:59:28] Zach Thawne has logged out.
[2018/1/18 - 10:13:02] Lionel M. Menace has logged out.
[2018/1/18 - 10:33:54] Shakira Speed has withdrawn a Shotgun from the weapon locker (Cost: 2)
[2018/1/18 - 10:33:55] Shakira Speed has withdrawn a Desert Eagle from the weapon locker (Cost: 4)
[2018/1/18 - 10:37:56] Shakira Speed has logged out.
[2018/1/18 - 11:30:49] Yuuji Vikouri has logged out.
[2018/1/18 - 12:11:09] Judge Avery Mengo has lost connection.
[2018/1/18 - 12:16:58] Judge Avery Mengo has lost connection.
[2018/1/18 - 14:02:51] Gather Wooth has withdrawn a Desert Eagle from the weapon locker (Cost: 4)
[2018/1/18 - 14:02:54] Gather Wooth has withdrawn a Shotgun from the weapon locker (Cost: 2)
[2018/1/18 - 14:02:57] Gather Wooth has withdrawn a Spray Can from the weapon locker (Cost: 1)
[2018/1/18 - 14:15:56] Gather Wooth has logged out.
[2018/1/18 - 16:10:59] Judge Aira Saito has lost connection.
[2018/1/18 - 17:29:23] Judge Aira Saito has lost connection.
[2018/1/18 - 18:17:17] Amiel Kidman has withdrawn a Cane from the weapon locker (Cost: 1)
[2018/1/18 - 18:40:11] Rico Dredd has withdrawn a Shotgun from the weapon locker (Cost: 2)
[2018/1/18 - 18:40:12] Rico Dredd has withdrawn a Desert Eagle from the weapon locker (Cost: 4)
[2018/1/18 - 19:09:01] Jenny Saunders (1000050045) accepted Chief Justice Rico Dredd's (1000526104) invite to join Judicial (15).
[2018/1/18 - 19:09:07] Chief Justice Rico Dredd (1000526104) (rank 9) has given Jenny Saunders (1000050045) rank 3 (Attorney) in Judicial (15).
[2018/1/18 - 19:10:23] Derek Phantom has logged out.
[2018/1/18 - 19:12:05] Jenny Saunders has withdrawn a Cane from the weapon locker (Cost: 1)
[2018/1/18 - 19:12:08] Jenny Saunders has withdrawn a Desert Eagle from the weapon locker (Cost: 4)
[2018/1/18 - 19:29:00] [SHAFT] Judge Amiel Kidman has lost connection.
[2018/1/18 - 19:29:01] Rico Dredd has withdrawn a Shotgun from the weapon locker (Cost: 2)
[2018/1/18 - 19:29:02] Rico Dredd has withdrawn a Desert Eagle from the weapon locker (Cost: 4)
[2018/1/18 - 19:29:09] Winston De Rulo has withdrawn a Shotgun from the weapon locker (Cost: 2)
[2018/1/18 - 19:29:10] Winston De Rulo has withdrawn a Desert Eagle from the weapon locker (Cost: 4)
[2018/1/18 - 19:29:14] Winston De Rulo has withdrawn a Cane from the weapon locker (Cost: 1)
[2018/1/18 - 19:46:43] Jenny Saunders has logged out.
[2018/1/18 - 19:54:12] Derek Phantom has withdrawn a Shotgun from the weapon locker (Cost: 2)
[2018/1/18 - 19:54:13] Derek Phantom has withdrawn a Desert Eagle from the weapon locker (Cost: 4)
[2018/1/18 - 20:00:32] Derek Phantom has logged out.
[2018/1/18 - 20:11:19] [SHARIA] Chief Justice Rico Dredd has lost connection.
[2018/1/18 - 20:12:47] Amiel Kidman has withdrawn a Desert Eagle from the weapon locker (Cost: 4)
[2018/1/18 - 20:12:48] Amiel Kidman has withdrawn a Shotgun from the weapon locker (Cost: 2)
[2018/1/18 - 20:15:44] Dyler Hall has withdrawn a Desert Eagle from the weapon locker (Cost: 4)
[2018/1/18 - 20:15:55] Dyler Hall has withdrawn a Desert Eagle from the weapon locker (Cost: 4)
[2018/1/18 - 20:25:50] [SHAFT] Judge Amiel Kidman has lost connection.
[2018/1/18 - 20:33:26] Jax Morrow has logged out.
[2018/1/18 - 20:35:27] Joe Versace (1000625084) accepted Chief Justice Rico Dredd's (1000526104) invite to join Judicial (15).
[2018/1/18 - 20:36:01] Jenny Saunders has withdrawn a Desert Eagle from the weapon locker (Cost: 4)
[2018/1/18 - 20:36:04] Dyler Hall has logged out.
[2018/1/18 - 20:36:42] Joe Versace has withdrawn a Shotgun from the weapon locker (Cost: 2)
[2018/1/18 - 20:36:48] Joe Versace has withdrawn a Desert Eagle from the weapon locker (Cost: 4)
[2018/1/18 - 20:48:48] Rico Dredd has withdrawn a Shotgun from the weapon locker (Cost: 2)
[2018/1/18 - 20:48:49] Rico Dredd has withdrawn a Desert Eagle from the weapon locker (Cost: 4)
[2018/1/18 - 20:52:09] Rico Dredd (1000526104) has set Jenny Saunders's (1000050045) badge to SHAFT.
[2018/1/18 - 20:56:52] Amiel Kidman has withdrawn a Cane from the weapon locker (Cost: 1)
[2018/1/18 - 21:17:36] Jax Morrow has logged out.
[2018/1/18 - 21:26:58] Shakira Speed has logged out.
[2018/1/18 - 21:27:41] Attorney Winston De Rulo has lost connection.
[2018/1/18 - 21:42:04] Jenny Saunders has withdrawn a Desert Eagle from the weapon locker (Cost: 4)
[2018/1/18 - 21:42:32] Winston De Rulo has withdrawn a Parachute from the weapon locker (Cost: 1)
[2018/1/18 - 21:42:46] Amiel Kidman has withdrawn a Parachute from the weapon locker (Cost: 1)
[2018/1/18 - 21:42:50] Joe Versace has logged out.
[2018/1/18 - 21:45:30] Chief Justice Rico Dredd (1000526104) (rank 9) has uninvited Shakira Speed (1000427529) (rank 3) from Judicial (15).
[2018/1/18 - 21:45:51] [SHARIA] Chief Justice Rico Dredd has lost connection.
[2018/1/18 - 21:53:07] Clank Hamm (1000033226) has made Clank Hamm (1000033226) the leader of the Judicial.
[2018/1/18 - 21:53:30] Joe Versace has withdrawn a Desert Eagle from the weapon locker (Cost: 4)
[2018/1/18 - 21:53:34] Rico Dredd has withdrawn a Shotgun from the weapon locker (Cost: 2)
[2018/1/18 - 21:53:36] Rico Dredd has withdrawn a Desert Eagle from the weapon locker (Cost: 4)
[2018/1/18 - 21:53:44] Joe Versace has withdrawn a Shotgun from the weapon locker (Cost: 2)
[2018/1/18 - 21:53:51] Amiel Kidman has withdrawn a Desert Eagle from the weapon locker (Cost: 4)
[2018/1/18 - 21:53:53] Amiel Kidman has withdrawn a Parachute from the weapon locker (Cost: 1)
[2018/1/18 - 21:54:30] Amiel Kidman has withdrawn a Cane from the weapon locker (Cost: 1)
[2018/1/18 - 21:55:32] Clank Hamm (1000033226) has made Clank Hamm (1000033226) the leader of the Judicial.
[2018/1/18 - 21:56:25] Winston De Rulo has withdrawn a Shotgun from the weapon locker (Cost: 2)
[2018/1/18 - 21:56:27] Winston De Rulo has withdrawn a Parachute from the weapon locker (Cost: 1)
[2018/1/18 - 21:56:29] Winston De Rulo has withdrawn a Desert Eagle from the weapon locker (Cost: 4)
[2018/1/18 - 21:57:51] Chris Silvetti (1000125968) accepted Chief Justice Rico Dredd's (1000526104) invite to join Judicial (15).
[2018/1/18 - 21:57:58] Jenny Saunders has withdrawn a Desert Eagle from the weapon locker (Cost: 4)
[2018/1/18 - 21:58:48] Chris Silvetti has withdrawn a Camera from the weapon locker (Cost: 1)
[2018/1/18 - 21:58:50] Chris Silvetti has withdrawn a Desert Eagle from the weapon locker (Cost: 4)
[2018/1/18 - 21:58:54] Chris Silvetti has withdrawn a Spray Can from the weapon locker (Cost: 1)
[2018/1/18 - 21:58:56] Chris Silvetti has withdrawn a Shotgun from the weapon locker (Cost: 2)
[2018/1/18 - 21:58:57] Chris Silvetti has withdrawn a Parachute from the weapon locker (Cost: 1)
[2018/1/18 - 21:59:37] Clank Hamm (1000033226) has made Clank Hamm (1000033226) the leader of the Judicial.
[2018/1/18 - 22:00:19] Chief Justice Rico Dredd (1000526104) (rank 9) has given Chris Silvetti (1000125968) rank 1 (Court Officer) in Judicial (15).
[2018/1/18 - 22:05:16] Rico Dredd (1000526104) has renamed the - division (#7) to SHAFT
[2018/1/18 - 22:05:21] Chief Justice Rico Dredd (1000526104) has set Jenny Saunders's (1000050045) division to SHAFT in Judicial (15).
[2018/1/18 - 22:05:27] Chief Justice Rico Dredd (1000526104) has set Winston De Rulo's (891957) division to SHAFT in Judicial (15).
[2018/1/18 - 22:05:34] Chief Justice Rico Dredd (1000526104) has set Amiel Kidman's (1000049381) division to SHAFT in Judicial (15).
[2018/1/18 - 22:05:37] Chief Justice Rico Dredd (1000526104) has set Clank Hamm's (1000033226) division to SHAFT in Judicial (15).
[2018/1/18 - 22:05:56] Chief Justice Rico Dredd (1000526104) has set Zach Thawne's (63924) division to SHAFT in Judicial (15).
[2018/1/18 - 22:08:06] Chief Justice Clank Hamm (1000033226) (rank 9) has given Clank Hamm (1000033226) rank 2 (Clerk) in Judicial (15).
[2018/1/18 - 22:08:18] Clank Hamm (1000033226) has made Clank Hamm (1000033226) the leader of the Judicial.
[2018/1/18 - 22:08:20] Chief Justice Clank Hamm (1000033226) (rank 9) has given Clank Hamm (1000033226) rank 1 (Recovery Agent) in Judicial (15).
[2018/1/18 - 22:08:33] Clank Hamm (1000033226) has removed Clank Hamm's (1000033226) badge.
[2018/1/18 - 22:08:58] Recovery Agent Clank Hamm (1000033226) has set Clank Hamm's (1000033226) division to SHAFT in Judicial (15).
[2018/1/18 - 22:09:04] Recovery Agent Clank Hamm (1000033226) has set Chris Silvetti's (1000125968) division to SHAFT in Judicial (15).
[2018/1/18 - 22:19:49] [SHARIA] Rico Dredd has logged out.
[2018/1/18 - 22:54:19] Winston De Rulo has withdrawn a Shotgun from the weapon locker (Cost: 2)
[2018/1/18 - 22:54:21] Winston De Rulo has withdrawn a Desert Eagle from the weapon locker (Cost: 4)
[2018/1/18 - 22:57:51] Murad Leonheart has withdrawn a Shotgun from the weapon locker (Cost: 2)
[2018/1/18 - 23:03:25] [SHAFT] Amiel Kidman has logged out.
[2018/1/18 - 23:26:10] Dyler Hall has logged out.
[2018/1/18 - 23:26:13] Ellaena Thawne has withdrawn a Desert Eagle from the weapon locker (Cost: 4)
[2018/1/18 - 23:26:16] Ellaena Thawne has withdrawn a Shotgun from the weapon locker (Cost: 2)
[2018/1/18 - 23:26:17] Chris Silvetti has withdrawn a Camera from the weapon locker (Cost: 1)
[2018/1/18 - 23:26:19] Ellaena Thawne has withdrawn a Parachute from the weapon locker (Cost: 1)
[2018/1/18 - 23:26:20] Chris Silvetti has withdrawn a Fire Extinguisher from the weapon locker (Cost: 1)
[2018/1/18 - 23:26:22] Chris Silvetti has withdrawn a Cane from the weapon locker (Cost: 1)
[2018/1/18 - 23:44:55] Dyler Hall has logged out.
[2018/1/18 - 23:50:12] Zach Thawne has withdrawn a Desert Eagle from the weapon locker (Cost: 4)
[2018/1/18 - 23:50:22] Joe Versace has withdrawn a Desert Eagle from the weapon locker (Cost: 4)
[2018/1/18 - 23:50:24] Joe Versace has withdrawn a Shotgun from the weapon locker (Cost: 2)
[2018/1/18 - 23:51:26] Jenny Saunders has withdrawn a Desert Eagle from the weapon locker (Cost: 4)
[2018/1/18 - 23:54:29] Chris Silvetti has withdrawn a Shotgun from the weapon locker (Cost: 2)
[2018/1/18 - 23:54:31] Chris Silvetti has withdrawn a Parachute from the weapon locker (Cost: 1)
[2018/1/18 - 23:54:33] Chris Silvetti has withdrawn a Desert Eagle from the weapon locker (Cost: 4)
[2018/1/18 - 23:54:37] Chris Silvetti has withdrawn a Fire Extinguisher from the weapon locker (Cost: 1)
[2018/1/18 - 23:54:44] Chris Silvetti has withdrawn a Cane from the weapon locker (Cost: 1)
