[2018/1/15 - 3:07:51] Josh Powell has withdrawn a Shotgun from the weapon locker (Cost: 2)
[2018/1/15 - 3:08:01] Josh Powell has withdrawn a Spray Can from the weapon locker (Cost: 1)
[2018/1/15 - 3:13:41] Judge Josh Powell has lost connection.
[2018/1/15 - 3:50:58] Josh Powell has logged out.
[2018/1/15 - 7:10:40] [SHARIA] Rico Dredd has logged out.
[2018/1/15 - 11:10:58] Dave Brown has logged out.
[2018/1/15 - 13:09:39] Barry Smith has logged out.
[2018/1/15 - 14:46:56] Frank Bachinco has withdrawn a Shotgun from the weapon locker (Cost: 2)
[2018/1/15 - 14:46:59] Frank Bachinco has withdrawn a Desert Eagle from the weapon locker (Cost: 4)
[2018/1/15 - 17:33:37] Yuuji Vikouri (1000150568) accepted Chief Judge Dave Brown's (1000077572) invite to join Judicial (15).
[2018/1/15 - 17:33:50] Chief Judge Dave Brown (1000077572) (rank 6) has given Yuuji Vikouri (1000150568) rank 4 (Judge) in Judicial (15).
[2018/1/15 - 17:34:16] Chief Judge Dave Brown (1000077572) has set Yuuji Vikouri's (1000150568) division to COJ in Judicial (15).
[2018/1/15 - 17:42:25] Chief Judge Dave Brown (1000077572) (rank 6) has given Yuuji Vikouri (1000150568) rank 5 (Senior Judge) in Judicial (15).
[2018/1/15 - 17:43:42] Dave Brown has logged out.
[2018/1/15 - 17:48:27] Yuuji Vikouri has withdrawn a Parachute from the weapon locker (Cost: 1)
[2018/1/15 - 17:48:29] Yuuji Vikouri has withdrawn a Camera from the weapon locker (Cost: 1)
[2018/1/15 - 17:48:30] Yuuji Vikouri has withdrawn a Desert Eagle from the weapon locker (Cost: 4)
[2018/1/15 - 18:02:34] Yuuji Vikouri has logged out.
[2018/1/15 - 19:59:13] Bryce Richard has withdrawn a Desert Eagle from the weapon locker (Cost: 4)
[2018/1/15 - 20:03:54] Bryce Richard has logged out.
[2018/1/15 - 21:27:14] Dave Brown has logged out.
