[2018/2/1 - 0:15:49] Zach Leopard has logged out.
[2018/2/1 - 9:48:02] Samuel Dios Lozo has logged out.
[2018/2/1 - 9:53:31] James Guetta has deposited a AK-47 into the locker.
[2018/2/1 - 9:53:53] James Guetta has deposited a AK-47 into the locker.
[2018/2/1 - 9:54:05] James Guetta has deposited a AK-47 into the locker.
[2018/2/1 - 9:54:15] James Guetta has deposited a AK-47 into the locker.
[2018/2/1 - 9:54:30] James Guetta has deposited a AK-47 into the locker.
[2018/2/1 - 9:54:40] James Guetta has deposited a AK-47 into the locker.
[2018/2/1 - 9:54:50] James Guetta has deposited a AK-47 into the locker.
[2018/2/1 - 9:55:01] James Guetta has deposited a AK-47 into the locker.
[2018/2/1 - 9:55:12] James Guetta has deposited a AK-47 into the locker.
[2018/2/1 - 9:55:25] James Guetta has deposited a AK-47 into the locker.
[2018/2/1 - 9:55:36] James Guetta has deposited a AK-47 into the locker.
[2018/2/1 - 9:55:45] James Guetta has deposited a AK-47 into the locker.
[2018/2/1 - 9:55:56] James Guetta has deposited a AK-47 into the locker.
[2018/2/1 - 9:56:07] James Guetta has deposited a AK-47 into the locker.
[2018/2/1 - 9:56:17] James Guetta has deposited a AK-47 into the locker.
[2018/2/1 - 9:56:43] James Guetta has deposited a AK-47 into the locker.
[2018/2/1 - 9:56:57] James Guetta has deposited a AK-47 into the locker.
[2018/2/1 - 9:57:26] James Guetta has deposited a AK-47 into the locker.
[2018/2/1 - 9:57:37] James Guetta has deposited a AK-47 into the locker.
[2018/2/1 - 9:57:59] James Guetta has deposited a AK-47 into the locker.
[2018/2/1 - 9:58:17] James Guetta has deposited a AK-47 into the locker.
[2018/2/1 - 9:58:26] James Guetta has deposited a AK-47 into the locker.
[2018/2/1 - 9:58:38] James Guetta has deposited a AK-47 into the locker.
[2018/2/1 - 9:58:55] James Guetta has deposited a AK-47 into the locker.
[2018/2/1 - 9:59:10] James Guetta has deposited a AK-47 into the locker.
[2018/2/1 - 9:59:18] James Guetta has deposited a AK-47 into the locker.
[2018/2/1 - 9:59:31] James Guetta has deposited a AK-47 into the locker.
[2018/2/1 - 9:59:43] James Guetta has deposited a AK-47 into the locker.
[2018/2/1 - 9:59:52] James Guetta has deposited a AK-47 into the locker.
[2018/2/1 - 10:00:03] James Guetta has deposited a AK-47 into the locker.
[2018/2/1 - 10:00:22] James Guetta has deposited a AK-47 into the locker.
[2018/2/1 - 10:00:31] James Guetta has deposited a AK-47 into the locker.
[2018/2/1 - 10:00:41] James Guetta has deposited a AK-47 into the locker.
[2018/2/1 - 10:00:51] James Guetta has deposited a AK-47 into the locker.
[2018/2/1 - 10:01:07] James Guetta has deposited a AK-47 into the locker.
[2018/2/1 - 10:01:13] James Guetta has deposited a AK-47 into the locker.
[2018/2/1 - 10:01:23] James Guetta has deposited a AK-47 into the locker.
[2018/2/1 - 10:02:25] James Guetta has deposited a AK-47 into the locker.
[2018/2/1 - 10:02:35] James Guetta has deposited a AK-47 into the locker.
[2018/2/1 - 10:02:48] James Guetta has deposited a AK-47 into the locker.
[2018/2/1 - 10:03:04] James Guetta has deposited a AK-47 into the locker.
[2018/2/1 - 10:03:09] Ahmed Reda has logged out.
[2018/2/1 - 10:03:29] James Guetta has deposited a AK-47 into the locker.
[2018/2/1 - 10:04:06] James Guetta has deposited a AK-47 into the locker.
[2018/2/1 - 10:04:18] James Guetta has deposited a AK-47 into the locker.
[2018/2/1 - 10:04:28] James Guetta has deposited a AK-47 into the locker.
[2018/2/1 - 10:04:48] James Guetta has deposited a AK-47 into the locker.
[2018/2/1 - 10:04:57] James Guetta has deposited a AK-47 into the locker.
[2018/2/1 - 10:05:08] James Guetta has deposited a AK-47 into the locker.
[2018/2/1 - 10:05:18] James Guetta has deposited a AK-47 into the locker.
[2018/2/1 - 10:05:31] James Guetta has deposited a AK-47 into the locker.
[2018/2/1 - 10:05:40] James Guetta has deposited a AK-47 into the locker.
[2018/2/1 - 10:05:51] James Guetta has deposited a AK-47 into the locker.
[2018/2/1 - 10:06:03] James Guetta has deposited a AK-47 into the locker.
[2018/2/1 - 10:06:14] James Guetta has deposited a AK-47 into the locker.
[2018/2/1 - 10:06:24] James Guetta has deposited a AK-47 into the locker.
[2018/2/1 - 10:06:34] James Guetta has deposited a AK-47 into the locker.
[2018/2/1 - 10:06:59] James Guetta has deposited a AK-47 into the locker.
[2018/2/1 - 10:07:29] Ahmed Reda has logged out.
[2018/2/1 - 10:08:22] James Guetta has withdrawn a M4A1 from the weapon locker (Cost: 20)
[2018/2/1 - 10:14:36] James Guetta has logged out.
[2018/2/1 - 10:30:30] Ahmed Reda has withdrawn 100 grams of Crack from the safe.
[2018/2/1 - 10:30:36] Ahmed Reda has withdrawn 100 grams of Pot from the safe.
[2018/2/1 - 10:53:24] Lieutenant Jizzy Wright has lost connection.
[2018/2/1 - 10:58:23] Dictator Ahmed Reda has lost connection.
[2018/2/1 - 11:00:13] Scott Cole has withdrawn 30 grams of Pot from the safe.
[2018/2/1 - 11:01:32] Jizzy Wright has withdrawn 30 grams of Crack from the safe.
[2018/2/1 - 11:04:34] Jizzy Wright has withdrawn 30 grams of Crack from the safe.
[2018/2/1 - 11:06:23] Scott Cole has logged out.
[2018/2/1 - 11:09:04] Jizzy Wright has logged out.
[2018/2/1 - 11:31:13] Samuel Dios Lozo has logged out.
[2018/2/1 - 11:53:27] Skyper Antares has logged out.
[2018/2/1 - 12:17:43] Skyper Antares has logged out.
