[2018/1/12 - 4:54:02] Raka Wardhana has logged out.
[2018/1/12 - 8:36:41] Raka Wardhana has logged out.
[2018/1/12 - 8:53:25] John Pat has logged out.
[2018/1/12 - 9:41:02] Recruit Oliver Duerte Jr has lost connection.
[2018/1/12 - 9:57:21] Raka Wardhana has logged out.
[2018/1/12 - 10:18:03] John Pat has logged out.
[2018/1/12 - 11:05:14] Joshua Griggs has logged out.
[2018/1/12 - 11:22:15] Lieutenant Richard Nelson has lost connection.
[2018/1/12 - 11:25:05] Richard Nelson has logged out.
[2018/1/12 - 11:27:46] Lieutenant Richard Nelson has lost connection.
[2018/1/12 - 11:31:57] Richard Nelson has logged out.
[2018/1/12 - 11:34:52] Richard Nelson has logged out.
[2018/1/12 - 11:42:02] Richard Nelson has logged out.
[2018/1/12 - 11:47:36] Richard Nelson has logged out.
[2018/1/12 - 12:24:51] Daniel Mason has logged out.
[2018/1/12 - 12:26:09] Recruit Daniel Mason has lost connection.
[2018/1/12 - 12:29:07] Recruit Daniel Mason has lost connection.
[2018/1/12 - 12:37:25] Recruit Jay Radcliffe has lost connection.
[2018/1/12 - 12:42:54] Recruit Jay Radcliffe has lost connection.
[2018/1/12 - 12:58:11] Ahmed Reda has authorized John Pat to withdraw a Shotgun from the weapon locker (Cost: 5)
[2018/1/12 - 13:00:47] Dictator Ahmed Reda (1000160199) (rank 6) has given John Pat (1000373258) rank 1 (Private) in Hilltop Millitia (18).
[2018/1/12 - 13:00:51] Dictator Ahmed Reda (1000160199) (rank 6) has given Jay Radcliffe (1000624842) rank 1 (Private) in Hilltop Millitia (18).
[2018/1/12 - 13:00:58] Dictator Ahmed Reda (1000160199) (rank 6) has given Dwayne Radcliffe (1000624841) rank 1 (Private) in Hilltop Millitia (18).
[2018/1/12 - 13:06:11] Ahmed Reda has authorized Skyper Antares to withdraw a Shotgun from the weapon locker (Cost: 5)
[2018/1/12 - 13:06:18] Ahmed Reda has withdrawn 40 grams of Meth from the safe.
[2018/1/12 - 13:08:01] Ahmed Reda has authorized John Pat to withdraw a Shotgun from the weapon locker (Cost: 5)
[2018/1/12 - 13:08:28] Jay Radcliffe has logged out.
[2018/1/12 - 13:09:29] Ahmed Reda has withdrawn 10 grams of Ecstasy from the safe.
[2018/1/12 - 13:10:13] Ahmed Reda has withdrawn 20 grams of Ecstasy from the safe.
[2018/1/12 - 13:10:55] Ahmed Reda has withdrawn 40 grams of Crack from the safe.
[2018/1/12 - 13:21:21] Dictator Ahmed Reda (1000160199) (rank 6) has uninvited Jay Radcliffe (1000624842) (rank 1) from Hilltop Millitia (18).
[2018/1/12 - 13:22:30] Jay Radcliffe (1000624842) accepted Dictator Ahmed Reda's (1000160199) invite to join Hilltop Millitia (18).
[2018/1/12 - 13:25:59] Dictator Ahmed Reda (1000160199) has set Jay Radcliffe's (1000624842) division to G.D in Hilltop Millitia (18).
[2018/1/12 - 13:33:52] Private John Pat has lost connection.
[2018/1/12 - 13:37:38] Dictator Ahmed Reda (1000160199) (rank 6) has given Jay Radcliffe (1000624842) rank 1 (Private) in Hilltop Millitia (18).
[2018/1/12 - 13:39:22] Ahmed Reda has logged out.
[2018/1/12 - 13:39:41] Skyper Antares has logged out.
[2018/1/12 - 13:55:12] Private Jay Radcliffe has lost connection.
[2018/1/12 - 13:58:07] Skyper Antares has logged out.
[2018/1/12 - 14:13:48] Joshua Griggs has logged out.
[2018/1/12 - 14:24:26] Skyper Antares has logged out.
[2018/1/12 - 14:37:00] Samuel Dios Lozo has logged out.
[2018/1/12 - 14:44:06] Tyler Stax has logged out.
[2018/1/12 - 14:47:21] Dwayne Radcliffe has logged out.
[2018/1/12 - 14:47:22] General Samuel Dios Lozo has lost connection.
[2018/1/12 - 15:14:54] John Pat has logged out.
[2018/1/12 - 15:31:56] Private Jay Radcliffe has lost connection.
[2018/1/12 - 15:39:36] Private Jay Radcliffe has lost connection.
[2018/1/12 - 15:55:14] Dwayne Radcliffe has logged out.
[2018/1/12 - 16:02:54] Jay Radcliffe has logged out.
[2018/1/12 - 16:06:49] Richard Nelson has logged out.
[2018/1/12 - 16:09:12] Private John Pat has lost connection.
[2018/1/12 - 16:27:30] Private Jay Radcliffe has lost connection.
[2018/1/12 - 16:27:34] Lieutenant James Guetta has lost connection.
[2018/1/12 - 16:27:40] Private Dwayne Radcliffe has lost connection.
[2018/1/12 - 16:27:47] Private John Pat has lost connection.
[2018/1/12 - 16:49:18] Jay Radcliffe has logged out.
[2018/1/12 - 17:14:12] Toni Veton has logged out.
[2018/1/12 - 17:22:25] John Pat has logged out.
[2018/1/12 - 17:26:59] James Guetta has withdrawn a Desert Eagle from the weapon locker (Cost: 10)
[2018/1/12 - 17:27:15] James Guetta has withdrawn 30 grams of Ecstasy from the safe.
[2018/1/12 - 17:29:33] John Pat has logged out.
[2018/1/12 - 17:48:11] Ahmed Reda has logged out.
[2018/1/12 - 18:25:24] James Guetta has withdrawn 10 grams of Ecstasy from the safe.
[2018/1/12 - 18:45:13] Dwayne Radcliffe has logged out.
[2018/1/12 - 18:45:41] Dan Radcliffe (1000624802) has quit the Hilltop Millitia as a rank 0
[2018/1/12 - 19:11:03] Ray Robert has logged out.
[2018/1/12 - 19:29:10] Ray Robert has logged out.
[2018/1/12 - 19:30:58] General Ray Robert has lost connection.
[2018/1/12 - 19:38:12] Jay Radcliffe has logged out.
[2018/1/12 - 19:44:27] Clark Smith has logged in.
[2018/1/12 - 19:46:25] Lieutenant James Guetta has lost connection.
[2018/1/12 - 19:55:54] James Guetta has logged out.
[2018/1/12 - 20:03:11] Dwayne Radcliffe (1000624841) has quit the Hilltop Millitia as a rank 1
[2018/1/12 - 20:04:07] Jay Radcliffe (1000624842) has quit the Hilltop Millitia as a rank 1
[2018/1/12 - 20:16:21] General Ray Robert has lost connection.
[2018/1/12 - 20:17:19] Steven Hector has logged out.
[2018/1/12 - 20:21:20] Toni Veton (1000256392) has quit the Hilltop Millitia as a rank 0
[2018/1/12 - 20:23:19] Steven Hector has logged out.
[2018/1/12 - 20:40:45] Steven Hector has logged out.
[2018/1/12 - 21:08:04] James Guetta has withdrawn a Desert Eagle from the weapon locker (Cost: 10)
[2018/1/12 - 21:08:14] James Guetta has withdrawn 15 grams of Ecstasy from the safe.
[2018/1/12 - 21:13:23] Ahmed Reda has deposited a SPAS-12 into the locker.
[2018/1/12 - 21:13:24] Ahmed Reda has deposited a M4A1 into the locker.
[2018/1/12 - 21:29:29] Steven Hector has logged out.
[2018/1/12 - 21:29:51] Lou Akemann (1000210776) accepted Dictator Ahmed Reda's (1000160199) invite to join Hilltop Millitia (18).
[2018/1/12 - 21:29:56] Dictator Ahmed Reda (1000160199) (rank 6) has given Lou Akemann (1000210776) rank 1 (Private) in Hilltop Millitia (18).
[2018/1/12 - 21:29:57] Dictator Ahmed Reda (1000160199) has set Lou Akemann's (1000210776) division to G.D in Hilltop Millitia (18).
[2018/1/12 - 21:32:20] Ahmed Reda has logged out.
[2018/1/12 - 21:48:10] Steven Hector has logged out.
[2018/1/12 - 22:02:19] Lou Akemann has logged out.
[2018/1/12 - 22:29:45] James Guetta has logged out.
[2018/1/12 - 22:43:55] Carlos Logan has logged out.
[2018/1/12 - 22:47:47] Ray Robert has logged out.
[2018/1/12 - 22:51:17] Dictator Woody Dios Brank has lost connection.
[2018/1/12 - 23:12:10] Clark Smith has logged out.
[2018/1/12 - 23:13:03] Lieutenant James Guetta has lost connection.
[2018/1/12 - 23:47:58] James Guetta has withdrawn a MP5 from the weapon locker (Cost: 10)
[2018/1/12 - 23:48:14] James Guetta has withdrawn 10 grams of Ecstasy from the safe.
