[2018/1/21 - 0:05:53] Qias D Collins has logged out.
[2018/1/21 - 5:24:58] Skyper Antares has logged out.
[2018/1/21 - 6:59:22] Skyper Antares has logged out.
[2018/1/21 - 10:38:34] Joshua Griggs has logged out.
[2018/1/21 - 10:40:19] Ahmed Reda (1000160199) has changed MOTD for Do not give out deagles for now , give out shotguns , thanks - Ahmed to: Do not gi
[2018/1/21 - 10:40:43] Ahmed Reda has deposited a Sniper Rifle into the locker.
[2018/1/21 - 10:41:35] Ahmed Reda has withdrawn $50,000 from the safe.
[2018/1/21 - 10:43:02] Ahmed Reda has authorized Skyper Antares to withdraw a Shotgun from the weapon locker (Cost: 3)
[2018/1/21 - 10:47:08] Corporal Joshua Griggs has lost connection.
[2018/1/21 - 10:55:15] Skyper Antares has logged out.
[2018/1/21 - 11:01:47] Dictator Ahmed Reda has lost connection.
[2018/1/21 - 11:11:21] Joshua Griggs has logged out.
[2018/1/21 - 11:11:40] Dictator Ahmed Reda (1000160199) (rank 6) has given Scott Cole (1000292420) rank 3 (Sergeant) in Hilltop Millitia (18).
[2018/1/21 - 11:19:38] Dictator Ahmed Reda (1000160199) (rank 6) has given Qias D Collins (1000494383) rank 4 (Lieutenant) in Hilltop Millitia (18).
[2018/1/21 - 11:20:21] Qias D Collins has withdrawn 30 grams of Crack from the safe.
[2018/1/21 - 11:20:29] Dictator Ahmed Reda (1000160199) (rank 6) has given Qias D Collins (1000494383) rank 3 (Sergeant) in Hilltop Millitia (18).
[2018/1/21 - 11:31:24] Scott Cole has logged out.
[2018/1/21 - 11:38:23] Ahmed Reda has logged out.
[2018/1/21 - 11:56:28] James Guetta has logged out.
[2018/1/21 - 11:58:58] Carlos Logan has withdrawn 100 grams of Crack from the safe.
[2018/1/21 - 11:59:42] Carlos Logan has withdrawn a Desert Eagle from the weapon locker (Cost: 5)
[2018/1/21 - 12:00:08] Carlos Logan has withdrawn 50 grams of Pot from the safe.
[2018/1/21 - 12:00:35] Private Skyper Antares has lost connection.
[2018/1/21 - 12:01:47] Dictator Ahmed Reda (1000160199) (rank 6) has uninvited Rambo Lee (1000625375) (rank 0) from Hilltop Millitia (18).
[2018/1/21 - 12:02:19] Ahmed Reda has authorized Shawn Dios Brank to withdraw a Desert Eagle from the weapon locker (Cost: 5)
[2018/1/21 - 12:02:30] Ahmed Reda has withdrawn 25 grams of Meth from the safe.
[2018/1/21 - 12:02:42] Ahmed Reda has withdrawn 30 grams of Ecstasy from the safe.
[2018/1/21 - 12:07:04] Private Hector Desilva has lost connection.
[2018/1/21 - 12:09:49] Hector Desilva has logged out.
[2018/1/21 - 12:12:08] Hector Desilva has logged out.
[2018/1/21 - 12:21:45] Ahmed Reda has logged out.
[2018/1/21 - 12:21:48] Shawn Dios Brank has logged out.
[2018/1/21 - 12:21:52] Scott Cole has logged out.
[2018/1/21 - 12:32:02] Larry Huken has logged out.
[2018/1/21 - 12:34:57] James Guetta has logged out.
[2018/1/21 - 12:35:24] Larry Huken has logged out.
[2018/1/21 - 12:47:57] Hector Desilva has logged out.
[2018/1/21 - 13:05:26] Carlos Logan has logged out.
[2018/1/21 - 13:11:09] Qias D Collins has logged out.
[2018/1/21 - 13:13:03] Carlos Logan has logged out.
[2018/1/21 - 13:36:04] Hector Desilva has logged out.
[2018/1/21 - 13:39:45] Carlos Logan has logged out.
[2018/1/21 - 14:14:57] Hector Desilva has logged out.
[2018/1/21 - 14:17:43] Private Hector Desilva has lost connection.
[2018/1/21 - 14:20:53] Private Hector Desilva has lost connection.
[2018/1/21 - 14:32:00] Private Hector Desilva has lost connection.
[2018/1/21 - 14:37:43] Private Hector Desilva has lost connection.
[2018/1/21 - 14:37:49] Carlos Logan has logged out.
[2018/1/21 - 14:44:53] Hector Desilva has logged out.
[2018/1/21 - 14:46:42] Hector Desilva has logged out.
[2018/1/21 - 14:49:43] Hector Desilva has logged out.
[2018/1/21 - 14:51:08] Private Hector Desilva has lost connection.
[2018/1/21 - 14:53:34] Private Hector Desilva has lost connection.
[2018/1/21 - 15:18:38] Ahmed Reda has authorized Hector Desilva to withdraw a Shotgun from the weapon locker (Cost: 3)
[2018/1/21 - 15:20:15] Ahmed Reda has logged out.
[2018/1/21 - 15:24:16] Hector Desilva has logged out.
[2018/1/21 - 15:37:18] Hector Desilva has logged out.
[2018/1/21 - 15:51:11] Carlos Logan has logged out.
[2018/1/21 - 16:10:32] Steven Hector has logged out.
[2018/1/21 - 16:12:45] Private Hector Desilva has lost connection.
[2018/1/21 - 16:17:36] James Guetta has logged out.
[2018/1/21 - 16:23:34] Gregg Fisher (1000627079) has quit the Hilltop Millitia as a rank 0
[2018/1/21 - 17:11:14] Steven Hector has logged out.
[2018/1/21 - 17:15:32] Lieutenant James Guetta has lost connection.
[2018/1/21 - 17:17:21] Qias D Collins has logged out.
[2018/1/21 - 17:22:57] James Guetta has logged out.
[2018/1/21 - 17:47:35] James Guetta has logged out.
[2018/1/21 - 17:48:48] James Guetta has logged out.
[2018/1/21 - 17:50:25] James Guetta has logged out.
[2018/1/21 - 18:06:22] James Guetta has logged out.
[2018/1/21 - 18:25:26] Lieutenant James Guetta has lost connection.
[2018/1/21 - 19:17:17] James Guetta has logged out.
[2018/1/21 - 20:27:22] Larry Huken (1000627262) has quit the Hilltop Millitia as a rank 0
[2018/1/21 - 20:29:58] Lieutenant James Guetta has lost connection.
[2018/1/21 - 20:30:01] Ahmed Reda has logged out.
[2018/1/21 - 20:30:51] Sergeant Scott Cole has lost connection.
[2018/1/21 - 20:33:36] Ahmed Reda has withdrawn 20 grams of Meth from the safe.
[2018/1/21 - 20:38:32] Lieutenant James Guetta has lost connection.
[2018/1/21 - 20:59:41] Carlos Logan has withdrawn 50 grams of Crack from the safe.
[2018/1/21 - 21:00:03] Carlos Logan has withdrawn 20 grams of Meth from the safe.
[2018/1/21 - 21:16:09] Scott Cole has logged out.
[2018/1/21 - 21:16:10] Ahmed Reda has logged out.
[2018/1/21 - 21:16:12] James Guetta has logged out.
[2018/1/21 - 21:16:18] Carlos Logan has logged out.
[2018/1/21 - 23:37:20] Sergeant Qias D Collins has lost connection.
[2018/1/21 - 23:40:21] Qias D Collins has logged out.
[2018/1/21 - 23:43:54] Sergeant Qias D Collins has lost connection.
