[2018/1/11 - 0:14:06] Dan Radcliffe has logged out.
[2018/1/11 - 0:21:35] Recruit Dan Radcliffe has lost connection.
[2018/1/11 - 0:23:54] Jay Radcliffe has logged out.
[2018/1/11 - 0:24:02] Recruit Dan Radcliffe has lost connection.
[2018/1/11 - 0:45:40] James Guetta has logged out.
[2018/1/11 - 0:51:42] Dan Radcliffe has logged out.
[2018/1/11 - 0:51:46] Dwayne Radcliffe has logged out.
[2018/1/11 - 1:31:40] Chelsya Thomas (1000497477) has quit the Hilltop Millitia as a rank 1
[2018/1/11 - 5:15:54] Raka Wardhana has logged out.
[2018/1/11 - 8:44:48] Joshua Griggs has logged out.
[2018/1/11 - 10:01:03] Joshua Griggs has logged out.
[2018/1/11 - 10:24:54] Joshua Griggs has logged out.
[2018/1/11 - 10:35:44] John Pat has logged out.
[2018/1/11 - 11:58:01] Carlos Logan has logged out.
[2018/1/11 - 12:01:19] Recruit Dwayne Radcliffe has lost connection.
[2018/1/11 - 12:43:58] Dwayne Radcliffe has logged out.
[2018/1/11 - 12:44:02] Tyler Stax has logged out.
[2018/1/11 - 12:47:48] John Pat has logged out.
[2018/1/11 - 12:55:23] John Pat has logged out.
[2018/1/11 - 13:01:46] Dan Radcliffe has logged out.
[2018/1/11 - 13:36:14] General Samuel Dios Lozo has lost connection.
[2018/1/11 - 13:41:20] Samuel Dios Lozo has logged out.
[2018/1/11 - 14:04:58] John Pat has logged out.
[2018/1/11 - 14:15:18] John Pat has logged out.
[2018/1/11 - 14:35:04] Tyler Stax has logged out.
[2018/1/11 - 14:41:09] Dan Radcliffe has logged out.
[2018/1/11 - 15:03:05] John Pat has logged out.
[2018/1/11 - 15:12:06] John Pat has logged out.
[2018/1/11 - 15:12:47] Lieutenant Richard Nelson has lost connection.
[2018/1/11 - 15:13:55] Raka Wardhana has logged out.
[2018/1/11 - 15:32:01] Corporal Raka Wardhana has lost connection.
[2018/1/11 - 15:35:49] Ahmed Reda has logged out.
[2018/1/11 - 15:46:53] Jack Desanta (1000396632) accepted General Ray Robert's (1000293587) invite to join Hilltop Millitia (18).
[2018/1/11 - 15:47:00] General Ray Robert (1000293587) has set Jack Desanta's (1000396632) division to G.D in Hilltop Millitia (18).
[2018/1/11 - 15:57:07] Lieutenant Richard Nelson has lost connection.
[2018/1/11 - 15:58:03] Raka Wardhana has logged out.
[2018/1/11 - 16:02:12] Richard Nelson has logged out.
[2018/1/11 - 16:02:39] Tyler Stax has logged out.
[2018/1/11 - 16:05:16] Lieutenant Richard Nelson has lost connection.
[2018/1/11 - 16:05:25] Carlos Logan has authorized John Pat to withdraw a Desert Eagle from the weapon locker (Cost: 10)
[2018/1/11 - 16:05:30] Ray Robert has authorized Jack Desanta to withdraw a Desert Eagle from the weapon locker (Cost: 10)
[2018/1/11 - 16:10:40] Richard Nelson has withdrawn 20 grams of Ecstasy from the safe.
[2018/1/11 - 16:12:08] Richard Nelson has logged out.
[2018/1/11 - 16:15:06] Tyler Stax has logged out.
[2018/1/11 - 16:17:13] Ray Robert has withdrawn 15 grams of Meth from the safe.
[2018/1/11 - 16:18:12] Recruit John Pat has lost connection.
[2018/1/11 - 16:18:47] Jack Desanta (1000396632) has quit the Hilltop Millitia as a rank 0
[2018/1/11 - 16:26:39] Lieutenant Richard Nelson has lost connection.
[2018/1/11 - 16:31:10] Carlos Logan has logged out.
[2018/1/11 - 16:32:21] Ray Robert has logged out.
[2018/1/11 - 16:34:11] Lieutenant Richard Nelson has lost connection.
[2018/1/11 - 16:44:30] Richard Nelson has logged out.
[2018/1/11 - 16:46:37] John Pat has logged out.
[2018/1/11 - 16:48:58] Lieutenant Richard Nelson has lost connection.
[2018/1/11 - 16:56:17] Lieutenant Richard Nelson has lost connection.
[2018/1/11 - 17:14:38] Ahmed Reda has logged out.
[2018/1/11 - 17:42:20] Jay Radcliffe has logged out.
[2018/1/11 - 17:58:29] Richard Nelson has withdrawn 20 grams of Ecstasy from the safe.
[2018/1/11 - 17:58:45] Richard Nelson has withdrawn a Desert Eagle from the weapon locker (Cost: 10)
[2018/1/11 - 18:04:59] Richard Nelson has logged out.
[2018/1/11 - 18:26:52] Skyper Antares has logged out.
[2018/1/11 - 18:30:01] Dan Radcliffe has logged out.
[2018/1/11 - 18:42:40] Corporal Scott Cole has lost connection.
[2018/1/11 - 18:48:43] Ahmed Reda has withdrawn 20 grams of Ecstasy from the safe.
[2018/1/11 - 18:49:08] Ahmed Reda (1000160199) has changed MOTD for '' Now we CAN raid crates ''  to: '' Now we CAN raid crates ''  in slot 1
[2018/1/11 - 18:49:32] Dwayne Radcliffe has logged out.
[2018/1/11 - 18:51:47] Jay Radcliffe has logged out.
[2018/1/11 - 19:02:05] Richard Nelson has logged out.
[2018/1/11 - 19:02:23] Daniel Mason has logged out.
[2018/1/11 - 19:05:24] Richard Nelson has logged out.
[2018/1/11 - 19:07:37] Lieutenant Richard Nelson has lost connection.
[2018/1/11 - 19:13:47] Lieutenant Richard Nelson has lost connection.
[2018/1/11 - 19:15:23] Ahmed Reda has logged out.
[2018/1/11 - 19:18:06] Ahmed Reda has logged out.
[2018/1/11 - 19:24:02] General Carlos Logan (1000300576) has set Carlos Logan's (1000300576) division to S.E.A.L in Hilltop Millitia (18).
[2018/1/11 - 19:28:57] Ahmed Reda has withdrawn 20 grams of Ecstasy from the safe.
[2018/1/11 - 19:29:05] Ahmed Reda has withdrawn a Desert Eagle from the weapon locker (Cost: 10)
[2018/1/11 - 19:34:29] Ray Robert has withdrawn a Shotgun from the weapon locker (Cost: 5)
[2018/1/11 - 19:39:10] Ahmed Reda has logged out.
[2018/1/11 - 19:41:55] Richard Nelson has withdrawn a Desert Eagle from the weapon locker (Cost: 10)
[2018/1/11 - 19:43:25] Lieutenant Richard Nelson has lost connection.
[2018/1/11 - 19:47:44] General Samuel Dios Lozo has lost connection.
[2018/1/11 - 19:52:05] General Carlos Logan has lost connection.
[2018/1/11 - 19:54:14] Samuel Dios Lozo has logged out.
[2018/1/11 - 19:58:00] James Guetta has logged out.
[2018/1/11 - 19:58:32] Richard Nelson has logged out.
[2018/1/11 - 20:00:18] Ray Robert has logged out.
[2018/1/11 - 20:00:42] Ahmed Reda has logged out.
[2018/1/11 - 20:05:35] Lieutenant Richard Nelson has lost connection.
[2018/1/11 - 20:08:16] Clark Smith has logged in.
[2018/1/11 - 20:13:48] Ahmed Reda has withdrawn a Desert Eagle from the weapon locker (Cost: 10)
[2018/1/11 - 20:14:30] Ahmed Reda has withdrawn 50 grams of Crack from the safe.
[2018/1/11 - 20:18:17] Ray Robert has withdrawn a Shotgun from the weapon locker (Cost: 5)
[2018/1/11 - 20:18:37] Carlos Logan has withdrawn 30 grams of Crack from the safe.
[2018/1/11 - 20:18:42] Carlos Logan has withdrawn 40 grams of Pot from the safe.
[2018/1/11 - 20:20:18] Clark Smith has withdrawn a Desert Eagle from the weapon locker (Cost: 10)
[2018/1/11 - 20:22:04] James Guetta has logged out.
[2018/1/11 - 20:22:14] Gyth Ryahi (1000471870) accepted Dictator Ahmed Reda's (1000160199) invite to join Hilltop Millitia (18).
[2018/1/11 - 20:22:22] Dictator Ahmed Reda (1000160199) (rank 6) has given Gyth Ryahi (1000471870) rank 2 (Corporal) in Hilltop Millitia (18).
[2018/1/11 - 20:22:24] Dictator Ahmed Reda (1000160199) has set Gyth Ryahi's (1000471870) division to G.D in Hilltop Millitia (18).
[2018/1/11 - 20:23:22] Clark Smith has withdrawn 20 grams of Ecstasy from the safe.
[2018/1/11 - 20:24:46] Dictator Ahmed Reda (1000160199) (rank 6) has given Gyth Ryahi (1000471870) rank 1 (Private) in Hilltop Millitia (18).
[2018/1/11 - 20:36:43] James Guetta has logged out.
[2018/1/11 - 20:50:20] Gyth Ryahi has logged out.
[2018/1/11 - 20:50:51] Carlos Logan has logged out.
[2018/1/11 - 20:55:25] Recruit Oliver Duerte Jr has lost connection.
[2018/1/11 - 21:06:27] Steven Connor has logged out.
[2018/1/11 - 21:08:53] Carlos Logan has logged out.
[2018/1/11 - 21:10:38] Dictator Ahmed Reda (1000160199) has set Samuel Kingston's (1000585032) division to G.D in Hilltop Millitia (18).
[2018/1/11 - 21:12:09] Recruit Oliver Duerte Jr has lost connection.
[2018/1/11 - 21:13:57] Michael Morello has logged out.
[2018/1/11 - 21:16:07] Ahmed Reda has authorized Samuel Kingston to withdraw a Shotgun from the weapon locker (Cost: 5)
[2018/1/11 - 21:16:18] Ahmed Reda has authorized Tyler Stax to withdraw a Shotgun from the weapon locker (Cost: 5)
[2018/1/11 - 21:22:54] Dictator Steven Connor has lost connection.
[2018/1/11 - 21:23:09] Lieutenant James Guetta has lost connection.
[2018/1/11 - 21:25:47] Dictator Steven Connor has lost connection.
[2018/1/11 - 21:30:44] Ahmed Reda has deposited 30 grams of Pot into the safe.
[2018/1/11 - 21:30:49] Ahmed Reda has withdrawn 50 grams of Crack from the safe.
[2018/1/11 - 21:30:54] Ahmed Reda has withdrawn 20 grams of Ecstasy from the safe.
[2018/1/11 - 21:31:12] Dwayne Radcliffe has deposited 4800 materials into the safe.
[2018/1/11 - 21:31:13] Clark Smith has logged out.
[2018/1/11 - 21:32:10] Eric Bond (1000394450) accepted Dictator Ahmed Reda's (1000160199) invite to join Hilltop Millitia (18).
[2018/1/11 - 21:32:13] Dictator Ahmed Reda (1000160199) (rank 6) has given Eric Bond (1000394450) rank 3 (Sergeant) in Hilltop Millitia (18).
[2018/1/11 - 21:32:17] Dictator Ahmed Reda (1000160199) has set Eric Bond's (1000394450) division to G.D in Hilltop Millitia (18).
[2018/1/11 - 21:33:29] Steven Connor has logged out.
[2018/1/11 - 21:33:39] Ahmed Reda has authorized Samuel Kingston to withdraw a Desert Eagle from the weapon locker (Cost: 10)
[2018/1/11 - 21:39:44] Oliver Duerte Jr has logged out.
[2018/1/11 - 21:39:50] Eric Bond has logged out.
[2018/1/11 - 21:42:50] Ahmed Reda has withdrawn $40,000 from the safe.
[2018/1/11 - 21:44:14] Samuel Kingston (1000585032) has quit the Hilltop Millitia as a rank 1
[2018/1/11 - 21:46:36] Jay Radcliffe has logged out.
[2018/1/11 - 21:47:15] Oliver Duerte Jr has logged out.
[2018/1/11 - 21:47:42] Carlos Logan has withdrawn 20 grams of Ecstasy from the safe.
[2018/1/11 - 21:53:50] Ray Robert has withdrawn 20 grams of Meth from the safe.
[2018/1/11 - 21:54:02] Ahmed Reda has withdrawn 50 grams of Crack from the safe.
[2018/1/11 - 21:54:09] Ahmed Reda has withdrawn 35 grams of Pot from the safe.
[2018/1/11 - 21:56:02] Toni Veton (1000256392) accepted Dictator Ahmed Reda's (1000160199) invite to join Hilltop Millitia (18).
[2018/1/11 - 21:56:06] Dictator Ahmed Reda (1000160199) has set Toni Veton's (1000256392) division to G.D in Hilltop Millitia (18).
[2018/1/11 - 21:56:54] James Guetta has withdrawn a Shotgun from the weapon locker (Cost: 5)
[2018/1/11 - 22:06:04] Ahmed Reda has authorized Oliver Duerte Jr to withdraw a Shotgun from the weapon locker (Cost: 5)
[2018/1/11 - 22:06:14] Ahmed Reda has authorized Tyler Stax to withdraw a Shotgun from the weapon locker (Cost: 5)
[2018/1/11 - 22:07:21] Toni Veton has logged out.
[2018/1/11 - 22:09:08] Oliver Duerte Jr has logged out.
[2018/1/11 - 22:11:57] Ahmed Reda has withdrawn a Shotgun from the weapon locker (Cost: 5)
[2018/1/11 - 22:12:06] Ahmed Reda has withdrawn 25 grams of Meth from the safe.
[2018/1/11 - 22:12:25] Carlos Logan has withdrawn 20 grams of Ecstasy from the safe.
[2018/1/11 - 22:12:34] Carlos Logan has withdrawn a Desert Eagle from the weapon locker (Cost: 10)
[2018/1/11 - 22:13:33] Ahmed Reda has logged out.
[2018/1/11 - 22:14:36] James Guetta has logged out.
[2018/1/11 - 22:15:58] Ray Robert has logged out.
[2018/1/11 - 22:16:03] Tyler Stax has logged out.
[2018/1/11 - 22:25:57] General Carlos Logan has lost connection.
[2018/1/11 - 22:28:10] Dwayne Radcliffe has logged out.
[2018/1/11 - 22:52:12] James Guetta has logged out.
[2018/1/11 - 23:39:10] Jay Radcliffe has logged out.
