[2018/1/26 - 0:01:19] Clark Smith has logged in.
[2018/1/26 - 0:37:48] Vladimir Kargov has logged out.
[2018/1/26 - 1:02:24] Steven Hector has deposited a AK-47 into the locker.
[2018/1/26 - 1:10:49] Steven Hector has deposited a AK-47 into the locker.
[2018/1/26 - 1:18:06] Steven Hector has deposited a AK-47 into the locker.
[2018/1/26 - 1:39:17] Steven Hector has deposited a AK-47 into the locker.
[2018/1/26 - 2:08:41] Corporal Steven Hector has lost connection.
[2018/1/26 - 10:37:06] Gregory Venturas has logged out.
[2018/1/26 - 10:57:26] Skyper Antares has logged out.
[2018/1/26 - 11:41:18] Robert Desilva has logged out.
[2018/1/26 - 11:43:19] Robert Desilva has logged out.
[2018/1/26 - 11:52:45] Robert Desilva has logged out.
[2018/1/26 - 12:00:45] Robert Desilva has logged out.
[2018/1/26 - 12:02:19] Robert Desilva has logged out.
[2018/1/26 - 12:04:14] Robert Desilva has logged out.
[2018/1/26 - 12:09:16] Robert Desilva has logged out.
[2018/1/26 - 12:11:15] Robert Desilva has logged out.
[2018/1/26 - 12:13:04] Corporal Robert Desilva has lost connection.
[2018/1/26 - 12:20:42] Robert Desilva has logged out.
[2018/1/26 - 12:24:32] Robert Desilva has logged out.
[2018/1/26 - 12:26:34] Robert Desilva has logged out.
[2018/1/26 - 12:26:36] Samuel Dios Lozo has withdrawn 40 grams of Ecstasy from the safe.
[2018/1/26 - 12:28:53] Robert Desilva has logged out.
[2018/1/26 - 12:30:40] Samuel Dios Lozo has authorized Gregory Venturas to withdraw a Desert Eagle from the weapon locker (Cost: 5)
[2018/1/26 - 12:30:56] Robert Desilva has logged out.
[2018/1/26 - 12:31:31] General Samuel Dios Lozo has lost connection.
[2018/1/26 - 12:34:44] Robert Desilva has logged out.
[2018/1/26 - 12:43:20] Robert Desilva has logged out.
[2018/1/26 - 12:48:30] James Guetta has withdrawn 20 grams of Meth from the safe.
[2018/1/26 - 12:56:39] James Guetta has withdrawn 10 grams of Pot from the safe.
[2018/1/26 - 12:59:56] James Guetta has logged out.
[2018/1/26 - 13:06:59] Recruit Steven Andreson has lost connection.
[2018/1/26 - 13:12:18] Steven Andreson has logged out.
[2018/1/26 - 13:28:13] Steven Andreson has logged out.
[2018/1/26 - 13:31:00] Gregory Venturas has logged out.
[2018/1/26 - 13:32:11] Steven Andreson has logged out.
[2018/1/26 - 13:38:34] Steven Andreson has logged out.
[2018/1/26 - 13:39:36] Ray Robert has withdrawn 40 grams of Meth from the safe.
[2018/1/26 - 13:40:19] Scott Cole has logged out.
[2018/1/26 - 13:41:28] Ray Robert has withdrawn a Desert Eagle from the weapon locker (Cost: 5)
[2018/1/26 - 13:48:35] Recruit Steven Andreson has lost connection.
[2018/1/26 - 13:58:09] Ray Robert has withdrawn a Desert Eagle from the weapon locker (Cost: 5)
[2018/1/26 - 13:58:12] Samuel Dios Lozo has withdrawn a Desert Eagle from the weapon locker (Cost: 5)
[2018/1/26 - 13:58:15] Samuel Dios Lozo has withdrawn a AK-47 from the weapon locker (Cost: 15)
[2018/1/26 - 13:58:20] Ray Robert has withdrawn 40 grams of Crack from the safe.
[2018/1/26 - 13:58:23] Ray Robert has authorized Skyper Antares to withdraw a Desert Eagle from the weapon locker (Cost: 5)
[2018/1/26 - 13:58:29] Samuel Dios Lozo has withdrawn 20 grams of Meth from the safe.
[2018/1/26 - 13:58:34] Samuel Dios Lozo has authorized Steven Hector to withdraw a Desert Eagle from the weapon locker (Cost: 5)
[2018/1/26 - 13:59:07] Tracy Venturas (1000335825) accepted General Ray Robert's (1000293587) invite to join Hilltop Millitia (18).
[2018/1/26 - 13:59:32] General Samuel Dios Lozo (1000211220) has set Tracy Venturas's (1000335825) division to G.D in Hilltop Millitia (18).
[2018/1/26 - 14:11:26] General Samuel Dios Lozo has lost connection.
[2018/1/26 - 14:13:23] Skyper Antares has logged out.
[2018/1/26 - 14:16:00] Lieutenant Richard Nelson has lost connection.
[2018/1/26 - 14:18:22] Ray Robert has authorized James Guetta to withdraw a SPAS-12 from the weapon locker (Cost: 30)
[2018/1/26 - 14:24:35] Ray Robert has logged out.
[2018/1/26 - 14:25:51] Corporal Steven Hector has lost connection.
[2018/1/26 - 14:37:50] Steven Hector has deposited a AK-47 into the locker.
[2018/1/26 - 14:38:42] Steven Hector has deposited a AK-47 into the locker.
[2018/1/26 - 15:03:55] Corporal Steven Hector has lost connection.
[2018/1/26 - 15:04:35] James Guetta has withdrawn 40 grams of Ecstasy from the safe.
[2018/1/26 - 15:18:31] Steven Hector has deposited a AK-47 into the locker.
[2018/1/26 - 15:19:26] Steven Hector has deposited a AK-47 into the locker.
[2018/1/26 - 15:27:35] Luke Lozo (1000624811) has quit the Hilltop Millitia as a rank 2
[2018/1/26 - 15:32:37] Steven Hector has deposited a AK-47 into the locker.
[2018/1/26 - 15:38:41] Zach Leopard has logged out.
[2018/1/26 - 15:52:51] Steven Hector has deposited a AK-47 into the locker.
[2018/1/26 - 15:53:06] James Guetta has withdrawn 20 grams of Meth from the safe.
[2018/1/26 - 15:53:14] James Guetta has withdrawn 20 grams of Pot from the safe.
[2018/1/26 - 15:53:55] Steven Hector has deposited a AK-47 into the locker.
[2018/1/26 - 16:24:00] Steven Hector has logged out.
[2018/1/26 - 16:41:26] Recruit Gregory Venturas has lost connection.
[2018/1/26 - 16:51:38] Recruit Gregory Venturas has lost connection.
[2018/1/26 - 17:08:15] Tracy Venturas (1000335825) has quit the Hilltop Millitia as a rank 0
[2018/1/26 - 17:22:18] Steven Hector has deposited a AK-47 into the locker.
[2018/1/26 - 17:24:49] Lieutenant James Guetta has lost connection.
[2018/1/26 - 17:28:03] Ahmed Reda has logged out.
[2018/1/26 - 17:37:35] Ahmed Reda has withdrawn 50 grams of Crack from the safe.
[2018/1/26 - 17:47:35] Steven Hector has deposited a AK-47 into the locker.
[2018/1/26 - 17:49:05] Steven Hector has deposited a AK-47 into the locker.
[2018/1/26 - 17:58:45] Ahmed Reda has deposited a AK-47 into the locker.
[2018/1/26 - 18:04:38] Don Venturas (1000627468) accepted Dictator Ahmed Reda's (1000160199) invite to join Hilltop Millitia (18).
[2018/1/26 - 18:04:46] Dictator Ahmed Reda (1000160199) has set Don Venturas's (1000627468) division to G.D in Hilltop Millitia (18).
[2018/1/26 - 18:10:03] Ahmed Reda has withdrawn 60 grams of Meth from the safe.
[2018/1/26 - 18:12:09] Steven Hector has deposited a AK-47 into the locker.
[2018/1/26 - 18:18:51] Steven Hector has logged out.
[2018/1/26 - 18:23:19] James Guetta has logged out.
[2018/1/26 - 18:28:07] Ahmed Reda has logged out.
[2018/1/26 - 18:29:36] Don Venturas (1000627468) has quit the Hilltop Millitia as a rank 0
[2018/1/26 - 18:44:52] Sam Venturas has logged out.
[2018/1/26 - 19:28:19] Recruit Gregory Venturas has lost connection.
[2018/1/26 - 20:12:26] Carlos Logan has authorized Gregory Venturas to withdraw a SPAS-12 from the weapon locker (Cost: 30)
[2018/1/26 - 20:15:08] Carlos Logan has withdrawn 20 grams of Ecstasy from the safe.
[2018/1/26 - 20:15:50] Carlos Logan has withdrawn 20 grams of Meth from the safe.
[2018/1/26 - 21:00:34] Carlos Logan has withdrawn 30 grams of Pot from the safe.
[2018/1/26 - 21:02:21] Gregory Venturas has logged out.
[2018/1/26 - 21:08:09] Carlos Logan has logged out.
[2018/1/26 - 22:01:11] Zach Leopard has logged out.
[2018/1/26 - 22:12:58] Gregory Venturas has logged out.
[2018/1/26 - 22:29:40] Gyth Ryahi has logged out.
[2018/1/26 - 22:30:45] Zach Leopard has logged out.
[2018/1/26 - 22:30:57] James Guetta has logged out.
