[2018/1/3 - 0:09:03] Mark Dios Duke has logged in.
[2018/1/3 - 0:12:03] Marcelo Bird has logged out.
[2018/1/3 - 0:20:03] Private Mark Dios Duke has lost connection.
[2018/1/3 - 0:21:35] Mark Dios Duke has logged in.
[2018/1/3 - 0:24:34] Mark Dios Duke (1000556778) has quit the Hilltop Millitia as a rank 1
[2018/1/3 - 2:25:31] Richard Nelson has logged in.
[2018/1/3 - 2:29:16] Sergeant Richard Nelson has lost connection.
[2018/1/3 - 2:29:42] Richard Nelson has logged in.
[2018/1/3 - 2:34:42] Richard Nelson has logged out.
[2018/1/3 - 8:33:25] Jay R Love has logged in.
[2018/1/3 - 8:46:31] Jay R Love has logged out.
[2018/1/3 - 8:52:54] Carlos Logan has logged in.
[2018/1/3 - 10:34:30] Carlos Logan has logged in.
[2018/1/3 - 10:42:21] Jay R Love has logged in.
[2018/1/3 - 10:44:16] James Guetta has logged in.
[2018/1/3 - 10:48:16] Jason Dios Love has logged in.
[2018/1/3 - 10:52:26] Carlos Logan has withdrawn a Shotgun from the weapon locker (Cost: 5)
[2018/1/3 - 10:54:48] Carlos Logan has authorized Jay R Love to withdraw a Shotgun from the weapon locker (Cost: 5)
[2018/1/3 - 10:54:53] Jason Dios Love has withdrawn a Shotgun from the weapon locker (Cost: 5)
[2018/1/3 - 11:09:28] Corporal Jay R Love has lost connection.
[2018/1/3 - 11:10:10] Jay R Love has logged in.
[2018/1/3 - 11:25:07] Corporal Jay R Love has lost connection.
[2018/1/3 - 11:26:15] Jay R Love has logged in.
[2018/1/3 - 11:35:10] Carlos Logan has logged out.
[2018/1/3 - 11:39:48] Carlos Logan has logged in.
[2018/1/3 - 12:08:02] Carlos Logan has logged out.
[2018/1/3 - 12:17:10] Carlos Logan has logged in.
[2018/1/3 - 12:40:14] Samuel Dios Lozo has logged in.
[2018/1/3 - 12:42:22] Steven Hector has logged in.
[2018/1/3 - 12:46:19] Samuel Dios Lozo has withdrawn 20 grams of Pot from the safe.
[2018/1/3 - 12:46:23] Samuel Dios Lozo has withdrawn 20 grams of Crack from the safe.
[2018/1/3 - 12:51:01] Sergeant Jason Dios Love has lost connection.
[2018/1/3 - 12:51:54] Jason Dios Love has logged in.
[2018/1/3 - 12:52:17] General Carlos Logan (1000300576) (rank 5) has given Steven Hector (1000624861) rank 1 (Private) in Hilltop Millitia (18).
[2018/1/3 - 12:56:09] Dictator Samuel Dios Lozo (1000211220) (rank 6) has given Carlos Logan (1000300576) rank 3 (Sergeant) in Hilltop Millitia (18).
[2018/1/3 - 12:56:33] Steven Hector has logged out.
[2018/1/3 - 12:56:42] Dictator Samuel Dios Lozo (1000211220) (rank 6) has given Carlos Logan (1000300576) rank 5 (General) in Hilltop Millitia (18).
[2018/1/3 - 12:57:17] Steven Hector has logged in.
[2018/1/3 - 13:06:22] Dictator Samuel Dios Lozo (1000211220) has set Samuel Dios Lozo's (1000211220) division to S.E.A.L in Hilltop Millitia (18).
[2018/1/3 - 13:11:39] Kevin Kush (1000071051) has made Kevin Kush (1000071051) the leader of the Hilltop Millitia.
[2018/1/3 - 13:13:43] James Guetta has logged in.
[2018/1/3 - 13:15:43] Dictator Samuel Dios Lozo has lost connection.
[2018/1/3 - 13:17:08] Samuel Dios Lozo has logged in.
[2018/1/3 - 13:17:27] Steven Hector has logged out.
[2018/1/3 - 13:18:07] Carlos Logan has withdrawn a Shotgun from the weapon locker (Cost: 5)
[2018/1/3 - 13:18:18] Steven Hector has logged in.
[2018/1/3 - 13:18:40] Carlos Logan has withdrawn a AK-47 from the weapon locker (Cost: 0)
[2018/1/3 - 13:25:18] Steven Hector has logged out.
[2018/1/3 - 13:26:21] Steven Hector has logged in.
[2018/1/3 - 13:37:16] Samuel Dios Lozo has logged out.
[2018/1/3 - 13:39:41] Corporal Jay R Love has lost connection.
[2018/1/3 - 13:40:49] Jay R Love has logged in.
[2018/1/3 - 13:41:46] Jason Dios Love has logged out.
[2018/1/3 - 13:43:14] Jay R Love has logged out.
[2018/1/3 - 13:47:05] James Guetta has logged in.
[2018/1/3 - 14:19:39] Private Steven Hector has lost connection.
[2018/1/3 - 14:19:58] Carlos Logan has logged out.
[2018/1/3 - 14:29:12] James Guetta has logged out.
[2018/1/3 - 14:55:03] Marcelo Bird has logged in.
[2018/1/3 - 15:04:10] Sergeant Marcelo Bird has lost connection.
[2018/1/3 - 15:07:02] Marcelo Bird has logged in.
[2018/1/3 - 15:52:32] Marcelo Bird has logged out.
[2018/1/3 - 16:43:50] Richard Nelson has logged in.
[2018/1/3 - 16:48:21] Richard Nelson has logged out.
[2018/1/3 - 16:49:15] Richard Nelson has logged in.
[2018/1/3 - 16:52:23] Carlos Logan has logged in.
[2018/1/3 - 16:58:47] Richard Nelson has logged out.
[2018/1/3 - 16:59:28] Richard Nelson has logged in.
[2018/1/3 - 17:04:55] Richard Nelson has logged out.
[2018/1/3 - 17:06:50] Richard Nelson has logged in.
[2018/1/3 - 17:08:07] Sergeant Richard Nelson has lost connection.
[2018/1/3 - 17:22:48] Carlos Logan has withdrawn a AK-47 from the weapon locker (Cost: 0)
[2018/1/3 - 17:31:25] William Robertson has logged in.
[2018/1/3 - 17:34:57] General Carlos Logan (1000300576) (rank 5) has given William Robertson (1000624888) rank 3 (Sergeant) in Hilltop Millitia (18).
[2018/1/3 - 17:35:18] Woody Dios Brank has logged in.
[2018/1/3 - 17:35:30] General Carlos Logan (1000300576) has set William Robertson's (1000624888) division to G.D in Hilltop Millitia (18).
[2018/1/3 - 17:36:04] William Robertson has withdrawn a Shotgun from the weapon locker (Cost: 5)
[2018/1/3 - 17:41:15] William Robertson has logged out.
[2018/1/3 - 17:58:35] James Guetta has logged in.
[2018/1/3 - 17:59:43] James Guetta has withdrawn a Desert Eagle from the weapon locker (Cost: 10)
[2018/1/3 - 18:03:56] Tyler Stax has logged in.
[2018/1/3 - 18:05:23] Jizzy Wright has logged in.
[2018/1/3 - 18:05:38] Lieutenant Jizzy Wright has lost connection.
[2018/1/3 - 18:06:01] Jizzy Wright has logged in.
[2018/1/3 - 18:39:18] Tyler Stax has logged out.
[2018/1/3 - 18:39:52] Lieutenant Jizzy Wright has lost connection.
[2018/1/3 - 18:48:40] James Guetta has logged out.
[2018/1/3 - 18:51:57] Jizzy Wright has logged in.
[2018/1/3 - 18:52:12] Lieutenant Jizzy Wright has lost connection.
[2018/1/3 - 18:52:44] Jizzy Wright has logged in.
[2018/1/3 - 19:18:14] Michael Morello has logged in.
[2018/1/3 - 19:21:00] Lieutenant Jizzy Wright has lost connection.
[2018/1/3 - 19:23:07] Michael Morello has logged out.
[2018/1/3 - 19:23:21] Woody Dios Brank has logged out.
[2018/1/3 - 19:37:05] Woody Dios Brank has logged in.
[2018/1/3 - 19:51:41] Marcelo Bird has logged in.
[2018/1/3 - 19:52:51] James Guetta has logged in.
[2018/1/3 - 19:52:53] Carlos Logan has logged in.
[2018/1/3 - 19:55:51] Ray Robert has logged in.
[2018/1/3 - 19:58:07] Ray Robert has withdrawn a AK-47 from the weapon locker (Cost: 0)
[2018/1/3 - 20:07:48] Avent Antares has logged in.
[2018/1/3 - 20:21:15] Avent Antares has logged out.
[2018/1/3 - 20:22:52] Woody Dios Brank has logged out.
[2018/1/3 - 20:24:04] Woody Dios Brank has logged in.
[2018/1/3 - 20:25:11] Woody Dios Brank has logged in.
[2018/1/3 - 20:33:47] Woody Dios Brank has logged out.
[2018/1/3 - 20:34:59] Woody Dios Brank has logged in.
[2018/1/3 - 20:39:20] James Guetta has withdrawn a AK-47 from the weapon locker (Cost: 0)
[2018/1/3 - 20:44:29] William Robertson has logged in.
[2018/1/3 - 20:49:25] Woody Dios Brank has logged out.
[2018/1/3 - 20:53:33] Jizzy Wright has logged in.
[2018/1/3 - 20:54:10] General Ray Robert (1000293587) has set William Robertson's (1000624888) division to AIR in Hilltop Millitia (18).
[2018/1/3 - 20:54:26] General Ray Robert (1000293587) has set Jizzy Wright's (1000002145) division to G.D in Hilltop Millitia (18).
[2018/1/3 - 20:55:50] Ray Robert has withdrawn a AK-47 from the weapon locker (Cost: 0)
[2018/1/3 - 21:07:47] Carlos Logan has logged out.
[2018/1/3 - 21:13:22] Marcelo Bird has logged out.
[2018/1/3 - 21:15:02] Samuel Dios Lozo has logged in.
[2018/1/3 - 21:22:05] James Guetta has withdrawn a AK-47 from the weapon locker (Cost: 0)
[2018/1/3 - 21:22:10] William Robertson has withdrawn a Shotgun from the weapon locker (Cost: 5)
[2018/1/3 - 21:22:14] Jizzy Wright has withdrawn a Shotgun from the weapon locker (Cost: 5)
[2018/1/3 - 21:23:03] Carlos Logan has logged in.
[2018/1/3 - 21:24:03] Dictator Samuel Dios Lozo has lost connection.
[2018/1/3 - 21:24:24] Samuel Dios Lozo has logged in.
[2018/1/3 - 21:24:28] William Robertson has logged out.
[2018/1/3 - 21:39:21] Marcelo Bird has logged in.
[2018/1/3 - 21:45:45] Jizzy Wright has logged out.
[2018/1/3 - 21:56:44] Dictator Samuel Dios Lozo has lost connection.
[2018/1/3 - 21:59:16] Woody Dios Brank has logged in.
[2018/1/3 - 22:01:08] Samuel Dios Lozo has logged in.
[2018/1/3 - 22:19:06] Dictator Samuel Dios Lozo has lost connection.
[2018/1/3 - 22:19:22] Samuel Dios Lozo has logged in.
[2018/1/3 - 22:22:35] Marcelo Bird has logged out.
[2018/1/3 - 22:30:57] Dictator Samuel Dios Lozo (1000211220) has set Woody Dios Brank's (1000002943) division to S.E.A.L in Hilltop Millitia (18).
[2018/1/3 - 22:33:36] Samuel Dios Lozo has withdrawn a AK-47 from the weapon locker (Cost: 0)
[2018/1/3 - 22:36:22] Samuel Dios Lozo has withdrawn 30 grams of Crack from the safe.
[2018/1/3 - 22:47:58] General Carlos Logan has lost connection.
[2018/1/3 - 22:49:04] Lieutenant Woody Dios Brank has lost connection.
[2018/1/3 - 22:52:42] Carlos Logan has logged in.
[2018/1/3 - 22:52:52] General Carlos Logan has lost connection.
[2018/1/3 - 22:53:33] Dictator Samuel Dios Lozo has lost connection.
[2018/1/3 - 22:53:47] Carlos Logan has logged in.
[2018/1/3 - 22:54:27] Samuel Dios Lozo has logged in.
[2018/1/3 - 22:54:44] Ray Robert has logged out.
[2018/1/3 - 22:54:49] Samuel Dios Lozo has logged out.
[2018/1/3 - 22:56:44] Woody Dios Brank has logged in.
[2018/1/3 - 22:58:20] Ray Robert has logged in.
[2018/1/3 - 22:59:45] Ray Robert has logged in.
[2018/1/3 - 23:08:23] Woody Dios Brank has withdrawn a AK-47 from the weapon locker (Cost: 0)
[2018/1/3 - 23:08:25] Woody Dios Brank has withdrawn a Shotgun from the weapon locker (Cost: 5)
[2018/1/3 - 23:08:53] Woody Dios Brank has logged out.
[2018/1/3 - 23:23:17] James Guetta has logged out.
[2018/1/3 - 23:46:39] Rolland Schneider (10504) accepted General Ray Robert's (1000293587) invite to join Hilltop Millitia (18).
[2018/1/3 - 23:47:08] General Ray Robert (1000293587) has set Rolland Schneider's (10504) division to G.D in Hilltop Millitia (18).
[2018/1/3 - 23:47:31] Rolland Schneider has logged out.
