[2018/1/19 - 0:00:12] Ninou Mofujohn has withdrawn a Desert Eagle from the weapon locker (Cost: 5)
[2018/1/19 - 0:00:13] Ninou Mofujohn has withdrawn a SPAS-12 from the weapon locker (Cost: 30)
[2018/1/19 - 0:06:15] Samuel Kingston (1000585032) accepted H.N.I.C Ninou Mofujohn's (137951) invite to join 1323 Market Mobb (26).
[2018/1/19 - 0:06:38] Derrick Diamond (53509) accepted H.N.I.C Ninou Mofujohn's (137951) invite to join 1323 Market Mobb (26).
[2018/1/19 - 0:06:59] H.N.I.C Haris Jones (101273) (rank 6) has given Derrick Diamond (53509) rank 4 (BloCc Star) in 1323 Market Mobb (26).
[2018/1/19 - 0:07:06] Shot Caller Benny Smith Wallace (1000023930) has set Samuel Kingston's (1000585032) division to Hangout in 1323 Market Mobb (26
[2018/1/19 - 0:07:08] Haris Jones has withdrawn a Desert Eagle from the weapon locker (Cost: 5)
[2018/1/19 - 0:07:12] Haris Jones has withdrawn a SPAS-12 from the weapon locker (Cost: 30)
[2018/1/19 - 0:07:16] Benny Smith Wallace has withdrawn a Desert Eagle from the weapon locker (Cost: 5)
[2018/1/19 - 0:07:16] Benny Smith Wallace has withdrawn a Shotgun from the weapon locker (Cost: 3)
[2018/1/19 - 0:07:36] Haris Jones has withdrawn a AK-47 from the weapon locker (Cost: 15)
[2018/1/19 - 0:07:53] Benny Smith Wallace has withdrawn 150 grams of Crack from the safe.
[2018/1/19 - 0:07:58] Lee Liang has withdrawn a Desert Eagle from the weapon locker (Cost: 5)
[2018/1/19 - 0:08:00] BloCc Star Derrick Diamond has lost connection.
[2018/1/19 - 0:08:25] Benny Smith Wallace has authorized Samuel Kingston to withdraw a Desert Eagle from the weapon locker (Cost: 5)
[2018/1/19 - 0:09:37] Shot Caller Clint Maddox has lost connection.
[2018/1/19 - 0:09:49] Haris Jones has withdrawn 20 grams of Heroin from the safe.
[2018/1/19 - 0:12:13] Ninou Mofujohn has authorized Samuel Kingston to withdraw a MP5 from the weapon locker (Cost: 3)
[2018/1/19 - 0:12:40] Laquez Liang has logged out.
[2018/1/19 - 0:13:52] Benny Smith Wallace has logged out.
[2018/1/19 - 0:14:15] Salvatore Bonanno has logged out.
[2018/1/19 - 0:15:21] Ninou Mofujohn has authorized Lee Liang to withdraw a AK-47 from the weapon locker (Cost: 15)
[2018/1/19 - 0:15:32] Salvatore Bonanno has withdrawn a Desert Eagle from the weapon locker (Cost: 5)
[2018/1/19 - 0:16:07] Percy Jones has logged out.
[2018/1/19 - 0:16:48] Samuel Kingston has logged out.
[2018/1/19 - 0:18:27] H.N.I.C Ninou Mofujohn (137951) (rank 6) has given Joe Chicano (34257) rank 3 (Hustla) in 1323 Market Mobb (26).
[2018/1/19 - 0:18:36] Joe Chicano has logged out.
[2018/1/19 - 0:20:01] Joe Chicano (34257) has quit the 1323 Market Mobb as a rank 3
[2018/1/19 - 0:28:41] Shot Caller Benny Smith Wallace (1000023930) (rank 5) has given Derrick Jones (1000454842) rank 4 (BloCc Star) in 1323 Market M
[2018/1/19 - 0:29:10] Shot Caller Benny Smith Wallace (1000023930) (rank 5) has given Derrick Jones (1000454842) rank 1 (Lil Poot) in 1323 Market Mob
[2018/1/19 - 0:33:12] John T. Coleman has logged out.
[2018/1/19 - 0:34:01] Benny Smith Wallace has authorized Rambo Dunbar to withdraw a Desert Eagle from the weapon locker (Cost: 5)
[2018/1/19 - 0:34:21] Salvatore Bonanno has withdrawn a Desert Eagle from the weapon locker (Cost: 5)
[2018/1/19 - 0:35:28] Mac Hooligan Maddox has logged out.
[2018/1/19 - 0:35:46] Lee Liang has withdrawn a Desert Eagle from the weapon locker (Cost: 5)
[2018/1/19 - 0:36:01] Benny Smith Wallace has authorized Billy Chicano to withdraw a Desert Eagle from the weapon locker (Cost: 5)
[2018/1/19 - 0:39:22] Shot Caller Clint Maddox (887818) (rank 5) has uninvited Billy Chicano (1000624903) (rank 0) from 1323 Market Mobb (26).
[2018/1/19 - 0:41:10] Derrick Jones has logged out.
[2018/1/19 - 0:42:05] Haris Jones has withdrawn a Desert Eagle from the weapon locker (Cost: 5)
[2018/1/19 - 0:42:07] Haris Jones has withdrawn a SPAS-12 from the weapon locker (Cost: 30)
[2018/1/19 - 0:42:25] Haris Jones has withdrawn 20 grams of Ecstasy from the safe.
[2018/1/19 - 0:42:32] Haris Jones has withdrawn 10 grams of Heroin from the safe.
[2018/1/19 - 0:43:08] Lee Liang has withdrawn a Desert Eagle from the weapon locker (Cost: 5)
[2018/1/19 - 0:43:35] Haris Jones has authorized Rambo Dunbar to withdraw a Desert Eagle from the weapon locker (Cost: 5)
[2018/1/19 - 0:46:24] Haris Jones has authorized Benjo Fisher to withdraw a SPAS-12 from the weapon locker (Cost: 30)
[2018/1/19 - 1:01:27] Salvatore Bonanno has withdrawn a Desert Eagle from the weapon locker (Cost: 5)
[2018/1/19 - 1:02:08] Lee Liang has withdrawn a Desert Eagle from the weapon locker (Cost: 5)
[2018/1/19 - 1:14:02] Shot Caller Benny Smith Wallace (1000023930) (rank 5) has given Benjo Fisher (1000501508) rank 4 (BloCc Star) in 1323 Market Mo
[2018/1/19 - 1:18:08] Hustla Salvatore Bonanno has lost connection.
[2018/1/19 - 1:20:39] Lee Liang has withdrawn a Desert Eagle from the weapon locker (Cost: 5)
[2018/1/19 - 1:31:15] Lee Liang has withdrawn a Desert Eagle from the weapon locker (Cost: 5)
[2018/1/19 - 1:39:37] Lee Liang has withdrawn a Desert Eagle from the weapon locker (Cost: 5)
[2018/1/19 - 1:40:16] Benny Smith Wallace has logged out.
[2018/1/19 - 1:40:28] H.N.I.C Haris Jones (101273) (rank 6) has given Salvatore Bonanno (1000036195) rank 4 (BloCc Star) in 1323 Market Mobb (26).
[2018/1/19 - 1:40:36] Haris Jones has withdrawn 50 grams of Crack from the safe.
[2018/1/19 - 1:40:39] Clint Maddox has logged out.
[2018/1/19 - 1:40:48] Haris Jones has withdrawn 50 grams of Ecstasy from the safe.
[2018/1/19 - 1:40:55] Haris Jones has withdrawn 20 grams of Heroin from the safe.
[2018/1/19 - 1:51:02] Haris Jones has authorized Salvatore Bonanno to withdraw a M4A1 from the weapon locker (Cost: 20)
[2018/1/19 - 1:58:22] Benjo Fisher has logged out.
[2018/1/19 - 2:00:09] Lee Liang has withdrawn a Desert Eagle from the weapon locker (Cost: 5)
[2018/1/19 - 2:00:47] Haris Jones has authorized Lee Liang to withdraw a AK-47 from the weapon locker (Cost: 15)
[2018/1/19 - 2:01:45] Haris Jones has authorized Rambo Dunbar to withdraw a Desert Eagle from the weapon locker (Cost: 5)
[2018/1/19 - 2:02:34] Jet Gibson Sartu has withdrawn a Desert Eagle from the weapon locker (Cost: 5)
[2018/1/19 - 2:02:36] Jet Gibson Sartu has withdrawn a Shotgun from the weapon locker (Cost: 3)
[2018/1/19 - 2:03:12] Haris Jones has authorized Jet Gibson Sartu to withdraw a Sniper Rifle from the weapon locker (Cost: 40)
[2018/1/19 - 2:03:15] Salvatore Bonanno has withdrawn a Desert Eagle from the weapon locker (Cost: 5)
[2018/1/19 - 2:06:06] H.N.I.C Haris Jones (101273) (rank 6) has given Sam Park (144031) rank 2 (Crip) in 1323 Market Mobb (26).
[2018/1/19 - 2:08:53] Haris Jones has withdrawn a Desert Eagle from the weapon locker (Cost: 5)
[2018/1/19 - 2:08:55] Haris Jones has withdrawn a Shotgun from the weapon locker (Cost: 3)
[2018/1/19 - 2:09:01] Haris Jones has withdrawn 25 grams of Crack from the safe.
[2018/1/19 - 2:09:04] Haris Jones has withdrawn 20 grams of Ecstasy from the safe.
[2018/1/19 - 2:09:09] Haris Jones has withdrawn 10 grams of Heroin from the safe.
[2018/1/19 - 2:10:03] Laquez Liang has withdrawn a Desert Eagle from the weapon locker (Cost: 5)
[2018/1/19 - 2:10:23] Salvatore Bonanno has withdrawn a Desert Eagle from the weapon locker (Cost: 5)
[2018/1/19 - 2:11:25] Lee Liang has withdrawn a Desert Eagle from the weapon locker (Cost: 5)
[2018/1/19 - 2:11:43] Haris Jones has authorized Jet Gibson Sartu to withdraw a SPAS-12 from the weapon locker (Cost: 30)
[2018/1/19 - 2:11:59] Jet Gibson Sartu has deposited a Sniper Rifle into the locker.
[2018/1/19 - 2:14:06] Haris Jones has authorized Rambo Dunbar to withdraw a Desert Eagle from the weapon locker (Cost: 5)
[2018/1/19 - 2:15:19] Haris Jones has withdrawn 20 grams of Ecstasy from the safe.
[2018/1/19 - 2:16:00] Haris Jones has withdrawn 20 grams of Ecstasy from the safe.
[2018/1/19 - 2:16:09] Haris Jones has withdrawn 5000 materials from the safe.
[2018/1/19 - 2:16:34] Haris Jones has withdrawn 20 grams of Ecstasy from the safe.
[2018/1/19 - 2:17:21] Haris Jones has authorized Lee Liang to withdraw a AK-47 from the weapon locker (Cost: 15)
[2018/1/19 - 2:24:39] Lee Liang has withdrawn a Desert Eagle from the weapon locker (Cost: 5)
[2018/1/19 - 2:24:55] Salvatore Bonanno has withdrawn a Desert Eagle from the weapon locker (Cost: 5)
[2018/1/19 - 2:25:06] Jet Gibson Sartu has withdrawn a Desert Eagle from the weapon locker (Cost: 5)
[2018/1/19 - 2:25:08] Jet Gibson Sartu has withdrawn a Shotgun from the weapon locker (Cost: 3)
[2018/1/19 - 2:25:45] Clint Maddox has withdrawn a Desert Eagle from the weapon locker (Cost: 5)
[2018/1/19 - 2:26:36] Lee Liang has withdrawn a Desert Eagle from the weapon locker (Cost: 5)
[2018/1/19 - 2:29:13] Salvatore Bonanno has withdrawn a Desert Eagle from the weapon locker (Cost: 5)
[2018/1/19 - 2:29:17] BloCc Star Lee Liang has lost connection.
[2018/1/19 - 2:31:41] BloCc Star Lee Liang has lost connection.
[2018/1/19 - 2:34:34] Benjo Fisher has logged out.
[2018/1/19 - 2:35:52] Clint Maddox has authorized Rambo Dunbar to withdraw a Desert Eagle from the weapon locker (Cost: 5)
[2018/1/19 - 2:36:03] Jet Gibson Sartu has withdrawn a Desert Eagle from the weapon locker (Cost: 5)
[2018/1/19 - 2:36:05] Jet Gibson Sartu has withdrawn a Shotgun from the weapon locker (Cost: 3)
[2018/1/19 - 2:36:12] Clint Maddox has authorized Victor Brugal to withdraw a Desert Eagle from the weapon locker (Cost: 5)
[2018/1/19 - 2:36:13] Haris Jones has withdrawn a Desert Eagle from the weapon locker (Cost: 5)
[2018/1/19 - 2:36:14] Salvatore Bonanno has withdrawn a Desert Eagle from the weapon locker (Cost: 5)
[2018/1/19 - 2:36:17] Haris Jones has withdrawn a SPAS-12 from the weapon locker (Cost: 30)
[2018/1/19 - 2:36:27] Haris Jones has withdrawn 25 grams of Crack from the safe.
[2018/1/19 - 2:41:12] Haris Jones has logged out.
[2018/1/19 - 2:46:16] Ninou Mofujohn has withdrawn a Desert Eagle from the weapon locker (Cost: 5)
[2018/1/19 - 2:46:18] Ninou Mofujohn has withdrawn a SPAS-12 from the weapon locker (Cost: 30)
[2018/1/19 - 2:46:19] Salvatore Bonanno has withdrawn a Desert Eagle from the weapon locker (Cost: 5)
[2018/1/19 - 2:46:30] Jet Gibson Sartu has withdrawn a Desert Eagle from the weapon locker (Cost: 5)
[2018/1/19 - 2:46:30] Ninou Mofujohn has withdrawn 100 grams of Ecstasy from the safe.
[2018/1/19 - 2:46:32] Jet Gibson Sartu has withdrawn a Shotgun from the weapon locker (Cost: 3)
[2018/1/19 - 2:47:21] Clint Maddox has withdrawn a M4A1 from the weapon locker (Cost: 20)
[2018/1/19 - 2:48:12] Victor Brugal has logged out.
[2018/1/19 - 2:49:51] Clint Maddox has authorized Victor Brugal to withdraw a Desert Eagle from the weapon locker (Cost: 5)
[2018/1/19 - 2:50:37] Ninou Mofujohn has deposited a SPAS-12 into the locker.
[2018/1/19 - 2:50:39] Ninou Mofujohn has withdrawn a Sniper Rifle from the weapon locker (Cost: 40)
[2018/1/19 - 3:00:31] Clint Maddox has withdrawn 200 grams of Meth from the safe.
[2018/1/19 - 3:03:23] H.N.I.C Ninou Mofujohn (137951) (rank 6) has given Clint Maddox (887818) rank 4 (BloCc Star) in 1323 Market Mobb (26).
[2018/1/19 - 3:03:36] H.N.I.C Ninou Mofujohn (137951) (rank 6) has given Clint Maddox (887818) rank 5 (Shot Caller) in 1323 Market Mobb (26).
[2018/1/19 - 3:08:39] BloCc Star Jet Gibson Sartu has lost connection.
[2018/1/19 - 3:19:30] Salvatore Bonanno has logged out.
[2018/1/19 - 3:21:04] Vladmir Glasscock (1000227987) accepted H.N.I.C Ninou Mofujohn's (137951) invite to join 1323 Market Mobb (26).
[2018/1/19 - 3:24:52] Vladmir Glasscock has logged out.
[2018/1/19 - 3:27:29] Victor Brugal has logged out.
[2018/1/19 - 3:30:18] Ninou Mofujohn has authorized Victor Brugal to withdraw a Desert Eagle from the weapon locker (Cost: 5)
[2018/1/19 - 3:30:49] Salvatore Bonanno has withdrawn a Desert Eagle from the weapon locker (Cost: 5)
[2018/1/19 - 3:31:01] Clint Maddox has authorized Rambo Dunbar to withdraw a Desert Eagle from the weapon locker (Cost: 5)
[2018/1/19 - 3:31:16] Clint Maddox has withdrawn a Desert Eagle from the weapon locker (Cost: 5)
[2018/1/19 - 3:32:18] Sam Park has logged out.
[2018/1/19 - 3:33:20] Salvatore Bonanno has logged out.
[2018/1/19 - 3:33:54] Ninou Mofujohn has withdrawn a Desert Eagle from the weapon locker (Cost: 5)
[2018/1/19 - 3:33:56] Ninou Mofujohn has withdrawn a SPAS-12 from the weapon locker (Cost: 30)
[2018/1/19 - 3:48:12] Percy Jones has withdrawn a Desert Eagle from the weapon locker (Cost: 5)
[2018/1/19 - 3:48:22] Victor Brugal has logged out.
[2018/1/19 - 3:51:10] Clint Maddox has authorized Rambo Dunbar to withdraw a Desert Eagle from the weapon locker (Cost: 5)
[2018/1/19 - 3:51:17] Clint Maddox has authorized Victor Brugal to withdraw a Desert Eagle from the weapon locker (Cost: 5)
[2018/1/19 - 3:52:35] Clint Maddox has withdrawn a M4A1 from the weapon locker (Cost: 20)
[2018/1/19 - 3:56:24] Waldo Ladd has logged out.
[2018/1/19 - 3:57:21] Ninou Mofujohn has withdrawn a Desert Eagle from the weapon locker (Cost: 5)
[2018/1/19 - 3:57:22] Ninou Mofujohn has withdrawn a SPAS-12 from the weapon locker (Cost: 30)
[2018/1/19 - 4:00:48] Mert Baba Deadmon (1000519437) accepted Shot Caller Clint Maddox's (887818) invite to join 1323 Market Mobb (26).
[2018/1/19 - 4:03:45] Sam Park has logged out.
[2018/1/19 - 4:09:04] Percy Jones has withdrawn a Shotgun from the weapon locker (Cost: 3)
[2018/1/19 - 4:12:44] Waldo Ladd has withdrawn a Desert Eagle from the weapon locker (Cost: 5)
[2018/1/19 - 4:13:28] Waldo Ladd has logged out.
[2018/1/19 - 4:15:37] H.N.I.C Ninou Mofujohn has lost connection.
[2018/1/19 - 4:17:37] Rambo Dunbar has logged out.
[2018/1/19 - 4:17:43] Clint Maddox has authorized Victor Brugal to withdraw a Desert Eagle from the weapon locker (Cost: 5)
[2018/1/19 - 4:18:39] Clint Maddox has withdrawn 200 grams of Ecstasy from the safe.
[2018/1/19 - 4:19:17] Clint Maddox has withdrawn a Desert Eagle from the weapon locker (Cost: 5)
[2018/1/19 - 4:19:20] Clint Maddox has withdrawn a M4A1 from the weapon locker (Cost: 20)
[2018/1/19 - 4:19:33] Clint Maddox has authorized Rambo Dunbar to withdraw a Desert Eagle from the weapon locker (Cost: 5)
[2018/1/19 - 4:23:35] Clint Maddox has withdrawn a Desert Eagle from the weapon locker (Cost: 5)
[2018/1/19 - 4:23:37] Clint Maddox has withdrawn a M4A1 from the weapon locker (Cost: 20)
[2018/1/19 - 4:23:49] Clint Maddox has authorized Victor Brugal to withdraw a Desert Eagle from the weapon locker (Cost: 5)
[2018/1/19 - 4:35:34] Clint Maddox has withdrawn a Desert Eagle from the weapon locker (Cost: 5)
[2018/1/19 - 4:35:38] Clint Maddox has authorized Rambo Dunbar to withdraw a Desert Eagle from the weapon locker (Cost: 5)
[2018/1/19 - 4:37:35] Percy Jones has withdrawn a Desert Eagle from the weapon locker (Cost: 5)
[2018/1/19 - 4:49:07] Percy Jones has withdrawn a Shotgun from the weapon locker (Cost: 3)
[2018/1/19 - 4:51:58] Percy Jones has withdrawn a Desert Eagle from the weapon locker (Cost: 5)
[2018/1/19 - 4:52:00] Percy Jones has withdrawn a Shotgun from the weapon locker (Cost: 3)
[2018/1/19 - 4:52:20] Percy Jones has withdrawn a Desert Eagle from the weapon locker (Cost: 5)
[2018/1/19 - 4:54:47] Rambo Dunbar has logged out.
[2018/1/19 - 4:55:13] Clint Maddox has withdrawn a Desert Eagle from the weapon locker (Cost: 5)
[2018/1/19 - 4:55:34] Clint Maddox has withdrawn a M4A1 from the weapon locker (Cost: 20)
[2018/1/19 - 5:04:36] Clint Maddox has withdrawn a Desert Eagle from the weapon locker (Cost: 5)
[2018/1/19 - 5:09:11] Crip Sam Park has lost connection.
[2018/1/19 - 5:17:22] Cody Mcwilliams has withdrawn a Desert Eagle from the weapon locker (Cost: 5)
[2018/1/19 - 5:17:27] Mert Baba Deadmon has logged out.
[2018/1/19 - 5:19:56] Percy Jones has logged out.
[2018/1/19 - 5:22:21] Percy Jones has withdrawn a Desert Eagle from the weapon locker (Cost: 5)
[2018/1/19 - 5:22:23] Percy Jones has withdrawn a Shotgun from the weapon locker (Cost: 3)
[2018/1/19 - 5:29:37] Cody Mcwilliams has withdrawn a Desert Eagle from the weapon locker (Cost: 5)
[2018/1/19 - 5:31:06] Clint Maddox has withdrawn a Desert Eagle from the weapon locker (Cost: 5)
[2018/1/19 - 5:32:19] Percy Jones has withdrawn a Desert Eagle from the weapon locker (Cost: 5)
[2018/1/19 - 5:32:29] Cody Mcwilliams has withdrawn a Desert Eagle from the weapon locker (Cost: 5)
[2018/1/19 - 5:32:32] Percy Jones has withdrawn a Desert Eagle from the weapon locker (Cost: 5)
[2018/1/19 - 5:39:25] Cody Mcwilliams has withdrawn a Desert Eagle from the weapon locker (Cost: 5)
[2018/1/19 - 5:43:49] Percy Jones has logged out.
[2018/1/19 - 5:44:54] Percy Jones has withdrawn a Desert Eagle from the weapon locker (Cost: 5)
[2018/1/19 - 5:44:56] Percy Jones has withdrawn a Shotgun from the weapon locker (Cost: 3)
[2018/1/19 - 5:46:53] Cody Mcwilliams has logged out.
[2018/1/19 - 5:54:40] Percy Jones has withdrawn a Desert Eagle from the weapon locker (Cost: 5)
[2018/1/19 - 5:57:17] Clint Maddox has withdrawn a Desert Eagle from the weapon locker (Cost: 5)
[2018/1/19 - 5:58:54] Edsel Varios (1000625710) accepted Shot Caller Clint Maddox's (887818) invite to join 1323 Market Mobb (26).
[2018/1/19 - 5:59:50] Percy Jones has withdrawn a Desert Eagle from the weapon locker (Cost: 5)
[2018/1/19 - 6:00:12] Clint Maddox has authorized Victor Brugal to withdraw a Desert Eagle from the weapon locker (Cost: 5)
[2018/1/19 - 6:00:40] Clint Maddox has authorized Rambo Dunbar to withdraw a Desert Eagle from the weapon locker (Cost: 5)
[2018/1/19 - 6:01:14] Clint Maddox has authorized Edsel Varios to withdraw a Desert Eagle from the weapon locker (Cost: 5)
[2018/1/19 - 6:02:49] Clint Maddox has authorized Rambo Dunbar to withdraw a Desert Eagle from the weapon locker (Cost: 5)
[2018/1/19 - 6:04:28] Clint Maddox has withdrawn a Desert Eagle from the weapon locker (Cost: 5)
[2018/1/19 - 6:12:10] Cody Mcwilliams has withdrawn a Desert Eagle from the weapon locker (Cost: 5)
[2018/1/19 - 6:12:39] Clint Maddox has withdrawn a Desert Eagle from the weapon locker (Cost: 5)
[2018/1/19 - 6:12:51] Clint Maddox has authorized Rambo Dunbar to withdraw a Desert Eagle from the weapon locker (Cost: 5)
[2018/1/19 - 6:13:05] Vladmir Glasscock has logged out.
[2018/1/19 - 6:13:47] Rambo Dunbar has logged out.
[2018/1/19 - 6:14:15] Clint Maddox has authorized Victor Brugal to withdraw a Desert Eagle from the weapon locker (Cost: 5)
[2018/1/19 - 6:14:52] Cody Mcwilliams has withdrawn a Desert Eagle from the weapon locker (Cost: 5)
[2018/1/19 - 6:15:11] Clint Maddox has authorized Edsel Varios to withdraw a Desert Eagle from the weapon locker (Cost: 5)
[2018/1/19 - 6:16:14] Shot Caller Clint Maddox (887818) (rank 5) has uninvited Edsel Varios (1000625710) (rank 0) from 1323 Market Mobb (26).
[2018/1/19 - 6:17:41] Percy Jones has withdrawn a Shotgun from the weapon locker (Cost: 3)
[2018/1/19 - 6:20:21] Percy Jones has withdrawn a Shotgun from the weapon locker (Cost: 3)
[2018/1/19 - 6:21:07] Cody Mcwilliams has withdrawn a Desert Eagle from the weapon locker (Cost: 5)
[2018/1/19 - 6:30:23] Clint Maddox has withdrawn a M4A1 from the weapon locker (Cost: 20)
[2018/1/19 - 6:32:53] Rossi Stokes (1000625164) accepted Shot Caller Clint Maddox's (887818) invite to join 1323 Market Mobb (26).
[2018/1/19 - 6:33:58] Cody Mcwilliams has withdrawn a Desert Eagle from the weapon locker (Cost: 5)
[2018/1/19 - 6:35:29] Percy Jones has withdrawn a Desert Eagle from the weapon locker (Cost: 5)
[2018/1/19 - 6:35:32] Percy Jones has withdrawn a Shotgun from the weapon locker (Cost: 3)
[2018/1/19 - 6:35:45] Clint Maddox has authorized Victor Brugal to withdraw a Desert Eagle from the weapon locker (Cost: 5)
[2018/1/19 - 6:36:06] Clint Maddox has authorized Rossi Stokes to withdraw a Desert Eagle from the weapon locker (Cost: 5)
[2018/1/19 - 6:37:31] Janna Titan Dreezy (1000627179) accepted Shot Caller Clint Maddox's (887818) invite to join 1323 Market Mobb (26).
[2018/1/19 - 6:42:01] Clint Maddox has authorized Victor Brugal to withdraw a Desert Eagle from the weapon locker (Cost: 5)
[2018/1/19 - 6:45:26] Clint Maddox has authorized Rossi Stokes to withdraw a Desert Eagle from the weapon locker (Cost: 5)
[2018/1/19 - 6:46:55] Clint Maddox has authorized Janna Titan Dreezy to withdraw a Desert Eagle from the weapon locker (Cost: 5)
[2018/1/19 - 6:52:02] Shot Caller Clint Maddox (887818) (rank 5) has uninvited Victor Brugal (101456) (rank 1) from 1323 Market Mobb (26).
[2018/1/19 - 6:57:15] Hustla Percy Jones has lost connection.
[2018/1/19 - 7:03:10] Rossi Stokes (1000625164) has quit the 1323 Market Mobb as a rank 0
[2018/1/19 - 7:04:21] Percy Jones has withdrawn a Shotgun from the weapon locker (Cost: 3)
[2018/1/19 - 7:13:11] Cody Mcwilliams has withdrawn a Desert Eagle from the weapon locker (Cost: 5)
[2018/1/19 - 7:13:33] Clint Maddox has authorized Cody Mcwilliams to withdraw a Rifle from the weapon locker (Cost: 5)
[2018/1/19 - 7:15:11] Clint Maddox has authorized Janna Titan Dreezy to withdraw a Desert Eagle from the weapon locker (Cost: 5)
[2018/1/19 - 7:18:13] Clint Maddox has withdrawn a Desert Eagle from the weapon locker (Cost: 5)
[2018/1/19 - 7:18:15] Clint Maddox has withdrawn a M4A1 from the weapon locker (Cost: 20)
[2018/1/19 - 7:18:55] Cody Mcwilliams has withdrawn a Desert Eagle from the weapon locker (Cost: 5)
[2018/1/19 - 7:19:21] Clint Maddox has authorized Janna Titan Dreezy to withdraw a M4A1 from the weapon locker (Cost: 20)
[2018/1/19 - 7:20:36] Percy Jones has withdrawn a Shotgun from the weapon locker (Cost: 3)
[2018/1/19 - 7:22:58] Shot Caller Clint Maddox has lost connection.
[2018/1/19 - 7:24:32] Clint Maddox has withdrawn a M4A1 from the weapon locker (Cost: 20)
[2018/1/19 - 7:24:38] Percy Jones has withdrawn a Shotgun from the weapon locker (Cost: 3)
[2018/1/19 - 7:24:45] Cody Mcwilliams has withdrawn a Desert Eagle from the weapon locker (Cost: 5)
[2018/1/19 - 7:26:09] Clint Maddox has authorized Janna Titan Dreezy to withdraw a M4A1 from the weapon locker (Cost: 20)
[2018/1/19 - 7:30:40] Cody Mcwilliams has withdrawn a Desert Eagle from the weapon locker (Cost: 5)
[2018/1/19 - 7:36:05] Clint Maddox has deposited a Sniper Rifle into the locker.
[2018/1/19 - 7:36:06] Clint Maddox has deposited a SPAS-12 into the locker.
[2018/1/19 - 7:37:35] Clint Maddox has authorized Cody Mcwilliams to withdraw a SPAS-12 from the weapon locker (Cost: 30)
[2018/1/19 - 7:38:58] Clint Maddox has logged out.
[2018/1/19 - 7:47:08] Janna Titan Dreezy has logged out.
[2018/1/19 - 7:50:37] Cody Mcwilliams has withdrawn a Desert Eagle from the weapon locker (Cost: 5)
[2018/1/19 - 7:58:46] Cody Mcwilliams has withdrawn a Desert Eagle from the weapon locker (Cost: 5)
[2018/1/19 - 8:09:31] Hustla Cody Mcwilliams has lost connection.
[2018/1/19 - 8:10:32] Rambo Dunbar has logged out.
[2018/1/19 - 8:24:41] Cody Mcwilliams has logged out.
[2018/1/19 - 8:38:57] Percy Jones has withdrawn a Desert Eagle from the weapon locker (Cost: 5)
[2018/1/19 - 8:44:51] Cody Mcwilliams has logged out.
[2018/1/19 - 9:01:20] Hustla Cody Mcwilliams has lost connection.
[2018/1/19 - 9:11:01] Percy Jones has withdrawn a Desert Eagle from the weapon locker (Cost: 5)
[2018/1/19 - 9:14:01] Chris Hemsworth has logged out.
[2018/1/19 - 9:47:39] Percy Jones has logged out.
[2018/1/19 - 9:54:18] Aguilar De Nerha has logged out.
[2018/1/19 - 10:09:24] Crip Cynnia Finley has lost connection.
[2018/1/19 - 10:26:39] Cody Mcwilliams has withdrawn a Desert Eagle from the weapon locker (Cost: 5)
[2018/1/19 - 10:33:32] Hustla Cody Mcwilliams has lost connection.
[2018/1/19 - 10:50:05] Haris Jones has logged out.
[2018/1/19 - 11:16:00] Haris Jones has authorized John T. Coleman to withdraw a Desert Eagle from the weapon locker (Cost: 5)
[2018/1/19 - 11:24:52] Haris Jones has withdrawn 20 grams of Ecstasy from the safe.
[2018/1/19 - 11:26:41] Haris Jones has withdrawn 5 grams of Ecstasy from the safe.
[2018/1/19 - 11:28:15] John T. Coleman has logged out.
[2018/1/19 - 11:30:20] Haris Jones has authorized John T. Coleman to withdraw a Desert Eagle from the weapon locker (Cost: 5)
[2018/1/19 - 11:33:25] Haris Jones has withdrawn 10 grams of Heroin from the safe.
[2018/1/19 - 11:33:30] Haris Jones has withdrawn 7000 materials from the safe.
[2018/1/19 - 11:33:49] Haris Jones has authorized John T. Coleman to withdraw a Desert Eagle from the weapon locker (Cost: 5)
[2018/1/19 - 11:47:55] Haris Jones has authorized Janna Titan Dreezy to withdraw a Desert Eagle from the weapon locker (Cost: 5)
[2018/1/19 - 11:51:05] Jet Gibson Sartu has withdrawn a Desert Eagle from the weapon locker (Cost: 5)
[2018/1/19 - 11:51:41] Haris Jones has authorized Jet Gibson Sartu to withdraw a SPAS-12 from the weapon locker (Cost: 30)
[2018/1/19 - 11:53:24] Julian Brand (1000600362) accepted H.N.I.C Haris Jones's (101273) invite to join 1323 Market Mobb (26).
[2018/1/19 - 11:54:32] Baby Crip John T. Coleman has lost connection.
[2018/1/19 - 11:58:42] Haris Jones has authorized John T. Coleman to withdraw a Desert Eagle from the weapon locker (Cost: 5)
[2018/1/19 - 12:00:10] Jet Gibson has withdrawn a Desert Eagle from the weapon locker (Cost: 5)
[2018/1/19 - 12:00:47] Haris Jones has authorized Jet Gibson to withdraw a SPAS-12 from the weapon locker (Cost: 30)
[2018/1/19 - 12:06:49] Lil Poot Bernard Griffin has lost connection.
[2018/1/19 - 12:08:04] Lil Poot Bernard Griffin has lost connection.
[2018/1/19 - 12:11:00] Lil Poot Bernard Griffin has lost connection.
[2018/1/19 - 12:11:59] Lil Poot Bernard Griffin has lost connection.
[2018/1/19 - 12:13:35] Teddy Steels (1000591506) accepted H.N.I.C Haris Jones's (101273) invite to join 1323 Market Mobb (26).
[2018/1/19 - 12:13:56] Darren Wagner (1000626882) accepted H.N.I.C Haris Jones's (101273) invite to join 1323 Market Mobb (26).
[2018/1/19 - 12:16:03] Haris Jones has logged out.
[2018/1/19 - 12:16:04] Janna Titan Dreezy has logged out.
[2018/1/19 - 12:19:12] Janna Titan Dreezy has logged out.
[2018/1/19 - 12:24:57] Bernard Griffin has logged out.
[2018/1/19 - 12:25:51] Baby Crip John T. Coleman has lost connection.
[2018/1/19 - 12:25:54] Julian Brand has logged out.
[2018/1/19 - 12:26:35] Jet Gibson has logged out.
[2018/1/19 - 12:28:19] Jet Gibson has withdrawn a Desert Eagle from the weapon locker (Cost: 5)
[2018/1/19 - 12:28:20] Jet Gibson has withdrawn a Shotgun from the weapon locker (Cost: 3)
[2018/1/19 - 12:30:14] Jet Gibson has withdrawn a Desert Eagle from the weapon locker (Cost: 5)
[2018/1/19 - 12:30:15] Jet Gibson has withdrawn a Shotgun from the weapon locker (Cost: 3)
[2018/1/19 - 12:30:28] Jet Gibson has withdrawn a Desert Eagle from the weapon locker (Cost: 5)
[2018/1/19 - 12:30:40] Jet Gibson has withdrawn a Desert Eagle from the weapon locker (Cost: 5)
[2018/1/19 - 12:41:42] Teddy Steels (1000591506) has quit the 1323 Market Mobb as a rank 0
[2018/1/19 - 12:45:19] H.N.I.C Haris Jones (101273) has set Darren Wagner's (1000626882) division to OG Killa in 1323 Market Mobb (26).
[2018/1/19 - 12:46:41] Darren Wagner has logged out.
[2018/1/19 - 12:48:42] Derrick Diamond has withdrawn a Desert Eagle from the weapon locker (Cost: 5)
[2018/1/19 - 12:48:54] Haris Jones has authorized Derrick Diamond to withdraw a AK-47 from the weapon locker (Cost: 15)
[2018/1/19 - 12:49:33] BloCc Star Derrick Diamond has lost connection.
[2018/1/19 - 13:00:09] Jet Gibson has withdrawn a Desert Eagle from the weapon locker (Cost: 5)
[2018/1/19 - 13:00:10] Jet Gibson has withdrawn a Shotgun from the weapon locker (Cost: 3)
[2018/1/19 - 13:00:34] Cody Mcwilliams has logged out.
[2018/1/19 - 13:03:23] H.N.I.C Haris Jones has lost connection.
[2018/1/19 - 13:04:53] Aguilar De Nerha has logged out.
[2018/1/19 - 13:07:37] Cody Mcwilliams has logged out.
[2018/1/19 - 13:09:53] Jet Gibson has withdrawn a Desert Eagle from the weapon locker (Cost: 5)
[2018/1/19 - 13:09:54] Jet Gibson has withdrawn a Shotgun from the weapon locker (Cost: 3)
[2018/1/19 - 13:10:58] Seth Zutar has logged out.
[2018/1/19 - 13:12:39] Cody Mcwilliams has logged out.
[2018/1/19 - 13:18:29] BloCc Star Jet Gibson has lost connection.
[2018/1/19 - 13:25:15] Hustla Chris Hemsworth has lost connection.
[2018/1/19 - 13:31:03] Ryan Dunwich (1000526203) has quit the 1323 Market Mobb as a rank 1
[2018/1/19 - 13:34:20] Haris Jones has withdrawn a Desert Eagle from the weapon locker (Cost: 5)
[2018/1/19 - 13:38:29] Teddy Steels (1000591506) accepted H.N.I.C Haris Jones's (101273) invite to join 1323 Market Mobb (26).
[2018/1/19 - 13:38:40] Haris Jones has authorized Janna Mcwilliams to withdraw a Desert Eagle from the weapon locker (Cost: 5)
[2018/1/19 - 13:40:17] Cody Mcwilliams has withdrawn a Desert Eagle from the weapon locker (Cost: 5)
[2018/1/19 - 13:40:30] Shot Caller Benny Smith Wallace (1000023930) has set Janna Mcwilliams's (1000627179) division to Hangout in 1323 Market Mobb (2
[2018/1/19 - 13:40:33] Shot Caller Benny Smith Wallace (1000023930) has set Teddy Steels's (1000591506) division to Hangout in 1323 Market Mobb (26).
[2018/1/19 - 13:40:34] Haris Jones has withdrawn 20 grams of Ecstasy from the safe.
[2018/1/19 - 13:40:50] Haris Jones has withdrawn 20 grams of Ecstasy from the safe.
[2018/1/19 - 13:44:09] H.N.I.C Haris Jones (101273) has set Teddy Steels's (1000591506) division to OG Killa in 1323 Market Mobb (26).
[2018/1/19 - 13:44:57] Benny Smith Wallace has logged out.
[2018/1/19 - 13:48:36] Hustla Chris Hemsworth has lost connection.
[2018/1/19 - 14:03:50] Teddy Steels has logged out.
[2018/1/19 - 14:06:07] H.N.I.C Haris Jones (101273) (rank 6) has given Bernard Griffin (1000348196) rank 1 (Lil Poot) in 1323 Market Mobb (26).
[2018/1/19 - 14:06:10] H.N.I.C Haris Jones (101273) (rank 6) has given Bernard Griffin (1000348196) rank 0 (Baby Crip) in 1323 Market Mobb (26).
[2018/1/19 - 14:07:25] Haris Jones has withdrawn 40 grams of Heroin from the safe.
[2018/1/19 - 14:07:32] Haris Jones has withdrawn 20 grams of Ecstasy from the safe.
[2018/1/19 - 14:07:38] Haris Jones has withdrawn a Desert Eagle from the weapon locker (Cost: 5)
[2018/1/19 - 14:07:46] Lee Liang has withdrawn a Desert Eagle from the weapon locker (Cost: 5)
[2018/1/19 - 14:08:08] Haris Jones has logged out.
[2018/1/19 - 14:09:05] Jet Gibson has logged out.
[2018/1/19 - 14:11:55] Janna Mcwilliams has logged out.
[2018/1/19 - 14:14:08] Janna Mcwilliams has logged out.
[2018/1/19 - 14:15:42] Cody Mcwilliams has withdrawn a Desert Eagle from the weapon locker (Cost: 5)
[2018/1/19 - 14:17:57] Chris Hemsworth has logged out.
[2018/1/19 - 14:22:45] Baby Crip Darren Wagner has lost connection.
[2018/1/19 - 14:22:58] BloCc Star Salvatore Bonanno has lost connection.
[2018/1/19 - 14:25:18] Cody Mcwilliams has withdrawn a Desert Eagle from the weapon locker (Cost: 5)
[2018/1/19 - 14:25:51] Darren Wagner (1000626882) has quit the 1323 Market Mobb as a rank 0
[2018/1/19 - 14:27:26] Hustla Cody Mcwilliams has lost connection.
[2018/1/19 - 14:27:48] Lee Liang has logged out.
[2018/1/19 - 14:30:13] Jare Debol has logged out.
[2018/1/19 - 14:34:13] Benjo Fisher has logged out.
[2018/1/19 - 14:42:29] Benjo Fisher has logged out.
[2018/1/19 - 14:43:16] Derrick Jones has logged out.
[2018/1/19 - 14:44:02] Benny Smith Wallace has withdrawn a Desert Eagle from the weapon locker (Cost: 5)
[2018/1/19 - 14:44:02] Benny Smith Wallace has withdrawn a Shotgun from the weapon locker (Cost: 3)
[2018/1/19 - 14:44:45] Lee Liang has logged out.
[2018/1/19 - 14:45:33] Baby Crip Lee Xian has lost connection.
[2018/1/19 - 14:47:11] Chris Hemsworth has logged out.
[2018/1/19 - 14:47:17] Baby Crip Lee Xian has lost connection.
[2018/1/19 - 14:49:27] Carl Auden has withdrawn a Shotgun from the weapon locker (Cost: 3)
[2018/1/19 - 14:49:31] Benny Smith Wallace has withdrawn 200 grams of Crack from the safe.
[2018/1/19 - 14:52:15] Benny Smith Wallace has authorized Lee Xian to withdraw a Desert Eagle from the weapon locker (Cost: 5)
[2018/1/19 - 14:57:01] Shot Caller Benny Smith Wallace (1000023930) has set Lee Xian's (1000626035) division to Hangout in 1323 Market Mobb (26).
[2018/1/19 - 14:57:42] Lee Xian has logged out.
[2018/1/19 - 14:58:17] Benny Smith Wallace has authorized Travis Lancer to withdraw a Desert Eagle from the weapon locker (Cost: 5)
[2018/1/19 - 14:59:43] Durrell Billups (1000626592) accepted Shot Caller Benny Smith Wallace's (1000023930) invite to join 1323 Market Mobb (26).
[2018/1/19 - 15:00:19] Shot Caller Benny Smith Wallace (1000023930) has set Vladmir Glasscock's (1000227987) division to Hangout in 1323 Market Mobb (
[2018/1/19 - 15:00:22] Shot Caller Benny Smith Wallace (1000023930) has set Durrell Billups's (1000626592) division to Hangout in 1323 Market Mobb (26
[2018/1/19 - 15:03:11] Benny Smith Wallace has authorized Travis Lancer to withdraw a Desert Eagle from the weapon locker (Cost: 5)
[2018/1/19 - 15:04:33] Carl Auden has withdrawn a Desert Eagle from the weapon locker (Cost: 5)
[2018/1/19 - 15:04:35] Carl Auden has withdrawn a Shotgun from the weapon locker (Cost: 3)
[2018/1/19 - 15:05:39] Bernard Griffin (1000348196) has quit the 1323 Market Mobb as a rank 0
[2018/1/19 - 15:05:49] Benny Smith Wallace has logged out.
[2018/1/19 - 15:06:34] Derrick Jones has logged out.
[2018/1/19 - 15:09:34] BloCc Star Lee Liang has lost connection.
[2018/1/19 - 15:11:46] Carl Auden has withdrawn a Desert Eagle from the weapon locker (Cost: 5)
[2018/1/19 - 15:17:30] Carl Auden has withdrawn a Desert Eagle from the weapon locker (Cost: 5)
[2018/1/19 - 15:19:26] Travis Lancer has logged out.
[2018/1/19 - 15:20:40] Carl Auden has withdrawn a Desert Eagle from the weapon locker (Cost: 5)
[2018/1/19 - 15:24:06] Carl Auden has withdrawn a Desert Eagle from the weapon locker (Cost: 5)
[2018/1/19 - 15:27:48] Benjo Fisher has logged out.
[2018/1/19 - 15:29:25] Alessandro Abano has logged out.
[2018/1/19 - 15:29:28] Carl Auden has withdrawn a Desert Eagle from the weapon locker (Cost: 5)
[2018/1/19 - 15:29:29] Carl Auden has withdrawn a Shotgun from the weapon locker (Cost: 3)
[2018/1/19 - 15:34:09] Lee Liang has withdrawn a Desert Eagle from the weapon locker (Cost: 5)
[2018/1/19 - 15:34:31] Baby Crip Durrell Billups has lost connection.
[2018/1/19 - 15:35:43] Derrick Jones has logged out.
[2018/1/19 - 15:36:28] Baby Crip Vladmir Glasscock has lost connection.
[2018/1/19 - 15:36:28] Rambo Dunbar has logged out.
[2018/1/19 - 15:58:42] Lee Liang has logged out.
[2018/1/19 - 15:59:13] Carl Auden has withdrawn a Desert Eagle from the weapon locker (Cost: 5)
[2018/1/19 - 15:59:15] Carl Auden has withdrawn a Shotgun from the weapon locker (Cost: 3)
[2018/1/19 - 16:02:48] Carl Auden has withdrawn a Desert Eagle from the weapon locker (Cost: 5)
[2018/1/19 - 16:14:39] Cody Mcwilliams has withdrawn a Desert Eagle from the weapon locker (Cost: 5)
[2018/1/19 - 16:17:40] Mac Hooligan Maddox has withdrawn a Desert Eagle from the weapon locker (Cost: 5)
[2018/1/19 - 16:19:50] BloCc Star Salvatore Bonanno has lost connection.
[2018/1/19 - 16:22:27] Carl Auden has withdrawn a Desert Eagle from the weapon locker (Cost: 5)
[2018/1/19 - 16:22:31] Carl Auden has withdrawn a Shotgun from the weapon locker (Cost: 3)
[2018/1/19 - 16:26:06] Benny Smith Wallace has withdrawn 150 grams of Crack from the safe.
[2018/1/19 - 16:26:52] Sam Park (144031) has quit the 1323 Market Mobb as a rank 2
[2018/1/19 - 16:27:52] Aguilar De Nerha has logged out.
[2018/1/19 - 16:36:35] Benny Smith Wallace has logged out.
[2018/1/19 - 16:38:18] Carl Auden has withdrawn a Desert Eagle from the weapon locker (Cost: 5)
[2018/1/19 - 16:38:20] Carl Auden has withdrawn a Shotgun from the weapon locker (Cost: 3)
[2018/1/19 - 16:38:33] Carl Auden has withdrawn a Desert Eagle from the weapon locker (Cost: 5)
[2018/1/19 - 16:38:56] Lee Liang has withdrawn a Desert Eagle from the weapon locker (Cost: 5)
[2018/1/19 - 16:47:20] Lee Liang has withdrawn a Desert Eagle from the weapon locker (Cost: 5)
[2018/1/19 - 16:47:42] Hustla Carl Auden has lost connection.
[2018/1/19 - 16:48:51] Clint Maddox has withdrawn 20000 materials from the safe.
[2018/1/19 - 16:49:36] Carl Auden has withdrawn a Desert Eagle from the weapon locker (Cost: 5)
[2018/1/19 - 16:49:38] Carl Auden has withdrawn a Shotgun from the weapon locker (Cost: 3)
[2018/1/19 - 16:50:37] Salvatore Bonanno has withdrawn a Desert Eagle from the weapon locker (Cost: 5)
[2018/1/19 - 16:52:24] Alessandro Abano (1000534577) has quit the 1323 Market Mobb as a rank 0
[2018/1/19 - 16:52:28] Salvatore Bonanno has logged out.
[2018/1/19 - 16:54:04] Mac Hooligan Maddox has withdrawn a Desert Eagle from the weapon locker (Cost: 5)
[2018/1/19 - 16:54:21] Lee Liang has withdrawn a Desert Eagle from the weapon locker (Cost: 5)
[2018/1/19 - 16:54:45] Clint Maddox has withdrawn a Desert Eagle from the weapon locker (Cost: 5)
[2018/1/19 - 16:54:56] Waldo Ladd has withdrawn a Desert Eagle from the weapon locker (Cost: 5)
[2018/1/19 - 16:55:50] Clint Maddox has authorized Carl Auden to withdraw a SPAS-12 from the weapon locker (Cost: 30)
[2018/1/19 - 16:57:34] Jason De La Cesar has withdrawn a Desert Eagle from the weapon locker (Cost: 5)
[2018/1/19 - 16:58:01] Jason De La Cesar has withdrawn a Shotgun from the weapon locker (Cost: 3)
[2018/1/19 - 16:58:56] Ninou Mofujohn has withdrawn a Desert Eagle from the weapon locker (Cost: 5)
[2018/1/19 - 17:01:13] H.N.I.C Ninou Mofujohn has lost connection.
[2018/1/19 - 17:02:56] Jason De La Cesar has withdrawn a Desert Eagle from the weapon locker (Cost: 5)
[2018/1/19 - 17:02:59] Jason De La Cesar has withdrawn a Shotgun from the weapon locker (Cost: 3)
[2018/1/19 - 17:04:38] Clint Maddox has withdrawn 299 grams of Heroin from the safe.
[2018/1/19 - 17:04:47] Clint Maddox has deposited 99 grams of Heroin into the safe.
[2018/1/19 - 17:05:04] Clint Maddox has withdrawn 200 grams of Meth from the safe.
[2018/1/19 - 17:05:10] Clint Maddox has withdrawn 100 grams of Ecstasy from the safe.
[2018/1/19 - 17:05:21] Sam Park (144031) accepted H.N.I.C Ninou Mofujohn's (137951) invite to join 1323 Market Mobb (26).
[2018/1/19 - 17:05:25] H.N.I.C Ninou Mofujohn (137951) (rank 6) has given Sam Park (144031) rank 3 (Hustla) in 1323 Market Mobb (26).
[2018/1/19 - 17:05:36] Carl Auden has withdrawn a Desert Eagle from the weapon locker (Cost: 5)
[2018/1/19 - 17:05:41] Ninou Mofujohn has withdrawn a SPAS-12 from the weapon locker (Cost: 30)
[2018/1/19 - 17:05:42] Carl Auden has withdrawn a Shotgun from the weapon locker (Cost: 3)
[2018/1/19 - 17:06:52] Shot Caller Clint Maddox (887818) (rank 5) has given Jason De La Cesar (1000592307) rank 3 (Hustla) in 1323 Market Mobb (26).
[2018/1/19 - 17:07:30] H.N.I.C Ninou Mofujohn (137951) (rank 6) has given Jason De La Cesar (1000592307) rank 4 (BloCc Star) in 1323 Market Mobb (26).
[2018/1/19 - 17:08:42] H.N.I.C Ninou Mofujohn (137951) (rank 6) has given Lee Liang (1000262376) rank 5 (Shot Caller) in 1323 Market Mobb (26).
[2018/1/19 - 17:13:01] Jason De La Cesar has withdrawn a Desert Eagle from the weapon locker (Cost: 5)
[2018/1/19 - 17:14:16] H.N.I.C Ninou Mofujohn (137951) (rank 6) has given Lee Liang (1000262376) rank 4 (BloCc Star) in 1323 Market Mobb (26).
[2018/1/19 - 17:17:16] Clint Maddox has logged out.
[2018/1/19 - 17:17:24] Jason De La Cesar has withdrawn a Desert Eagle from the weapon locker (Cost: 5)
[2018/1/19 - 17:19:37] Jason De La Cesar has withdrawn a Desert Eagle from the weapon locker (Cost: 5)
[2018/1/19 - 17:19:38] Carl Auden has withdrawn a Desert Eagle from the weapon locker (Cost: 5)
[2018/1/19 - 17:19:39] Jason De La Cesar has withdrawn a Shotgun from the weapon locker (Cost: 3)
[2018/1/19 - 17:21:34] H.N.I.C Ninou Mofujohn (137951) (rank 6) has given Waldo Ladd (1000624944) rank 2 (Crip) in 1323 Market Mobb (26).
[2018/1/19 - 17:21:53] Waldo Ladd has logged out.
[2018/1/19 - 17:22:33] Jason De La Cesar (1000592307) has quit the 1323 Market Mobb as a rank 4
[2018/1/19 - 17:23:39] Seth Zutar has logged out.
[2018/1/19 - 17:24:24] Cody Mcwilliams has logged out.
[2018/1/19 - 17:28:18] Cody Mcwilliams has withdrawn a Desert Eagle from the weapon locker (Cost: 5)
[2018/1/19 - 17:34:52] Carl Auden has withdrawn a Desert Eagle from the weapon locker (Cost: 5)
[2018/1/19 - 17:39:58] Hustla Carl Auden has lost connection.
[2018/1/19 - 17:43:15] Chris Hemsworth has logged out.
[2018/1/19 - 17:46:12] Ninou Mofujohn has withdrawn a Desert Eagle from the weapon locker (Cost: 5)
[2018/1/19 - 17:46:13] Ninou Mofujohn has withdrawn a SPAS-12 from the weapon locker (Cost: 30)
[2018/1/19 - 17:46:23] Ninou Mofujohn has withdrawn 100 grams of Ecstasy from the safe.
[2018/1/19 - 17:48:07] Ninou Mofujohn has authorized Jare Debol to withdraw a Desert Eagle from the weapon locker (Cost: 5)
[2018/1/19 - 17:48:12] Cody Mcwilliams has withdrawn a Desert Eagle from the weapon locker (Cost: 5)
[2018/1/19 - 17:50:56] Jare Debol has logged out.
[2018/1/19 - 17:51:12] Lee Liang has logged out.
[2018/1/19 - 17:51:49] Ninou Mofujohn has withdrawn a Desert Eagle from the weapon locker (Cost: 5)
[2018/1/19 - 17:51:51] Ninou Mofujohn has withdrawn a SPAS-12 from the weapon locker (Cost: 30)
[2018/1/19 - 17:53:48] Ninou Mofujohn has withdrawn a Desert Eagle from the weapon locker (Cost: 5)
[2018/1/19 - 17:53:50] Ninou Mofujohn has withdrawn a SPAS-12 from the weapon locker (Cost: 30)
[2018/1/19 - 17:55:48] Ninou Mofujohn has withdrawn a Desert Eagle from the weapon locker (Cost: 5)
[2018/1/19 - 17:55:50] Cody Mcwilliams has withdrawn a Desert Eagle from the weapon locker (Cost: 5)
[2018/1/19 - 17:55:50] Ninou Mofujohn has withdrawn a SPAS-12 from the weapon locker (Cost: 30)
[2018/1/19 - 17:56:17] Ninou Mofujohn has authorized Lee Xian to withdraw a Desert Eagle from the weapon locker (Cost: 5)
[2018/1/19 - 18:00:46] Ninou Mofujohn has authorized Jare Debol to withdraw a Desert Eagle from the weapon locker (Cost: 5)
[2018/1/19 - 18:02:49] Ninou Mofujohn has authorized Lee Xian to withdraw a Desert Eagle from the weapon locker (Cost: 5)
[2018/1/19 - 18:06:44] Chris Hemsworth has logged out.
[2018/1/19 - 18:16:04] Ninou Mofujohn has withdrawn a Desert Eagle from the weapon locker (Cost: 5)
[2018/1/19 - 18:16:06] Ninou Mofujohn has withdrawn a Sniper Rifle from the weapon locker (Cost: 40)
[2018/1/19 - 18:17:13] Chris Hemsworth has logged out.
[2018/1/19 - 18:17:38] Lee Xian has logged out.
[2018/1/19 - 18:20:34] Jare Debol has logged out.
[2018/1/19 - 18:24:23] Cody Mcwilliams has logged out.
[2018/1/19 - 18:26:11] Chris Hemsworth has logged out.
[2018/1/19 - 18:29:31] Cody Mcwilliams has logged out.
[2018/1/19 - 18:29:37] Lee Liang has logged out.
[2018/1/19 - 18:32:58] Cody Mcwilliams has withdrawn a Shotgun from the weapon locker (Cost: 3)
[2018/1/19 - 18:33:59] Chris Hemsworth has logged out.
[2018/1/19 - 18:34:58] Ninou Mofujohn has authorized Lee Xian to withdraw a AK-47 from the weapon locker (Cost: 15)
[2018/1/19 - 18:39:43] Chris Hemsworth has logged out.
[2018/1/19 - 18:42:32] Salvatore Bonanno has withdrawn a Desert Eagle from the weapon locker (Cost: 5)
[2018/1/19 - 18:46:01] Chris Hemsworth has logged out.
[2018/1/19 - 18:53:38] Chris Hemsworth has logged out.
[2018/1/19 - 18:55:45] Derrick Jones has logged out.
[2018/1/19 - 18:58:17] H.N.I.C Ninou Mofujohn has lost connection.
[2018/1/19 - 19:06:01] Samuel Kingston has logged out.
[2018/1/19 - 19:06:25] Rambo Dunbar has logged out.
[2018/1/19 - 19:07:07] Cody Mcwilliams has withdrawn a Desert Eagle from the weapon locker (Cost: 5)
[2018/1/19 - 19:09:38] Chris Hemsworth has logged out.
[2018/1/19 - 19:09:56] Cody Mcwilliams has logged out.
[2018/1/19 - 19:10:03] Ninou Mofujohn has logged out.
[2018/1/19 - 19:13:20] Salvatore Bonanno has withdrawn a Desert Eagle from the weapon locker (Cost: 5)
[2018/1/19 - 19:18:27] Lee Xian has logged out.
[2018/1/19 - 19:21:57] Hustla Chris Hemsworth has lost connection.
[2018/1/19 - 19:24:49] Chris Hemsworth has logged out.
[2018/1/19 - 19:25:28] Samuel Kingston (1000585032) has quit the 1323 Market Mobb as a rank 0
[2018/1/19 - 19:27:26] BloCc Star Salvatore Bonanno has lost connection.
[2018/1/19 - 19:28:23] Rambo Dunbar has logged out.
[2018/1/19 - 19:36:06] Chris Hemsworth has logged out.
[2018/1/19 - 19:44:26] Lee Liang has logged out.
[2018/1/19 - 19:45:39] Aguilar De Nerha (1000189666) has quit the 1323 Market Mobb as a rank 0
[2018/1/19 - 19:47:35] Chris Hemsworth (1000565698) has quit the 1323 Market Mobb as a rank 3
[2018/1/19 - 19:48:23] Lee Liang has withdrawn a Desert Eagle from the weapon locker (Cost: 5)
[2018/1/19 - 20:24:30] BloCc Star Salvatore Bonanno has lost connection.
[2018/1/19 - 20:29:00] Lil Poot Tommy Hyde has lost connection.
[2018/1/19 - 20:29:24] Lee Liang has logged out.
[2018/1/19 - 20:39:38] Lee Liang has withdrawn a Desert Eagle from the weapon locker (Cost: 5)
[2018/1/19 - 20:49:59] Clint Maddox has authorized Lee Liang to withdraw a SPAS-12 from the weapon locker (Cost: 30)
[2018/1/19 - 20:50:22] Tommy Hyde has logged out.
[2018/1/19 - 20:51:18] Clint Maddox has authorized Lee Liang to withdraw a SPAS-12 from the weapon locker (Cost: 30)
[2018/1/19 - 20:54:51] Lee Liang has logged out.
[2018/1/19 - 20:57:28] Lee Xian has logged out.
[2018/1/19 - 21:08:59] Clint Maddox has authorized Elliot Green to withdraw a MP5 from the weapon locker (Cost: 3)
[2018/1/19 - 21:19:41] BloCc Star Lee Liang has lost connection.
[2018/1/19 - 21:24:47] Clint Maddox has withdrawn 200 grams of Ecstasy from the safe.
[2018/1/19 - 21:24:53] Clint Maddox has withdrawn 500 grams of Meth from the safe.
[2018/1/19 - 21:25:00] Clint Maddox has withdrawn 100 grams of Heroin from the safe.
[2018/1/19 - 21:25:07] Clint Maddox has withdrawn 400 grams of Crack from the safe.
[2018/1/19 - 21:25:54] Clint Maddox has withdrawn a M4A1 from the weapon locker (Cost: 20)
[2018/1/19 - 21:27:45] Clint Maddox has authorized Gruu Hyde to withdraw a MP5 from the weapon locker (Cost: 3)
[2018/1/19 - 21:31:00] Lee Liang has logged out.
[2018/1/19 - 21:31:17] Clint Maddox has logged out.
[2018/1/19 - 21:35:01] Lee Xian has logged out.
[2018/1/19 - 21:40:54] Sam Park has logged out.
[2018/1/19 - 21:48:27] Benny Smith Wallace has withdrawn a Desert Eagle from the weapon locker (Cost: 5)
[2018/1/19 - 21:48:27] Benny Smith Wallace has withdrawn a Shotgun from the weapon locker (Cost: 3)
[2018/1/19 - 21:48:29] Benny Smith Wallace has withdrawn a M4A1 from the weapon locker (Cost: 20)
[2018/1/19 - 21:52:15] Benny Smith Wallace has withdrawn 30 grams of Heroin from the safe.
[2018/1/19 - 21:52:19] Benny Smith Wallace has withdrawn 30 grams of Ecstasy from the safe.
[2018/1/19 - 21:52:27] Benny Smith Wallace has withdrawn 10000 materials from the safe.
[2018/1/19 - 21:52:49] Benny Smith Wallace has logged out.
[2018/1/19 - 21:59:17] Gruu Hyde has logged out.
[2018/1/19 - 22:07:46] Elliot Green has logged out.
[2018/1/19 - 22:34:16] Gruu Hyde has logged out.
[2018/1/19 - 22:35:53] Joe Flleming has logged out.
[2018/1/19 - 22:40:50] Joe Flleming has logged out.
[2018/1/19 - 22:44:27] Gruu Hyde has logged out.
[2018/1/19 - 22:46:09] Percy Jones has logged out.
[2018/1/19 - 22:46:29] H.N.I.C Haris Jones (101273) (rank 6) has given Gruu Hyde (1000195218) rank 4 (BloCc Star) in 1323 Market Mobb (26).
[2018/1/19 - 22:46:58] Haris Jones has withdrawn a SPAS-12 from the weapon locker (Cost: 30)
[2018/1/19 - 22:47:08] Haris Jones has withdrawn 20 grams of Ecstasy from the safe.
[2018/1/19 - 22:50:49] Shot Caller Joe Flleming (1000087611) has set Joe Flleming's (1000087611) division to OG Killa in 1323 Market Mobb (26).
[2018/1/19 - 22:54:29] Sam Park has logged out.
[2018/1/19 - 22:57:33] Haris Jones has authorized Rambo Dunbar to withdraw a Desert Eagle from the weapon locker (Cost: 5)
[2018/1/19 - 22:59:44] Joe Flleming has authorized Rambo Dunbar to withdraw a Desert Eagle from the weapon locker (Cost: 5)
[2018/1/19 - 23:02:54] Haris Jones has withdrawn a Desert Eagle from the weapon locker (Cost: 5)
[2018/1/19 - 23:03:04] Haris Jones has withdrawn 10 grams of Ecstasy from the safe.
[2018/1/19 - 23:03:49] Crip Nadal Xi Shan has lost connection.
[2018/1/19 - 23:04:15] Sam Park has logged out.
[2018/1/19 - 23:08:20] Joe Flleming has authorized Gruu Hyde to withdraw a MP5 from the weapon locker (Cost: 3)
[2018/1/19 - 23:09:28] Joe Flleming has authorized Jare Debol to withdraw a Desert Eagle from the weapon locker (Cost: 5)
[2018/1/19 - 23:09:39] Shot Caller Joe Flleming (1000087611) (rank 5) has given Rambo Dunbar (1000625043) rank 3 (Hustla) in 1323 Market Mobb (26).
[2018/1/19 - 23:11:30] Shot Caller Joe Flleming (1000087611) (rank 5) has given Jare Debol (1000625536) rank 1 (Lil Poot) in 1323 Market Mobb (26).
[2018/1/19 - 23:12:08] Haris Jones has withdrawn 20 grams of Heroin from the safe.
[2018/1/19 - 23:14:59] Haris Jones has withdrawn a Shotgun from the weapon locker (Cost: 3)
[2018/1/19 - 23:16:31] Percy Jones has logged out.
[2018/1/19 - 23:21:05] Derrick Jones has logged out.
[2018/1/19 - 23:21:50] Percy Jones has withdrawn a Desert Eagle from the weapon locker (Cost: 5)
[2018/1/19 - 23:21:51] Shot Caller Joe Flleming (1000087611) (rank 5) has uninvited Nadal Xi Shan (1000196102) (rank 2) from 1323 Market Mobb (26).
[2018/1/19 - 23:23:40] Lee Liang has logged out.
[2018/1/19 - 23:25:25] Joe Flleming has authorized Lee Xian to withdraw a Desert Eagle from the weapon locker (Cost: 5)
[2018/1/19 - 23:25:42] Percy Jones has logged out.
[2018/1/19 - 23:25:52] Joe Flleming has authorized Jare Debol to withdraw a Desert Eagle from the weapon locker (Cost: 5)
[2018/1/19 - 23:25:58] Rambo Dunbar has withdrawn a Desert Eagle from the weapon locker (Cost: 5)
[2018/1/19 - 23:28:02] Gruu Hyde has logged out.
[2018/1/19 - 23:28:17] Haris Jones has withdrawn 29 grams of Ecstasy from the safe.
[2018/1/19 - 23:28:21] Haris Jones has deposited 9 grams of Ecstasy into the safe.
[2018/1/19 - 23:28:38] Joe Flleming has logged out.
[2018/1/19 - 23:29:17] Percy Jones has logged out.
[2018/1/19 - 23:29:52] Ninou Mofujohn has withdrawn a Desert Eagle from the weapon locker (Cost: 5)
[2018/1/19 - 23:29:56] Ninou Mofujohn has withdrawn a SPAS-12 from the weapon locker (Cost: 30)
[2018/1/19 - 23:32:01] Jare Debol has logged out.
[2018/1/19 - 23:32:18] Percy Jones has withdrawn a Desert Eagle from the weapon locker (Cost: 5)
[2018/1/19 - 23:32:59] Mert Baba Deadmon (1000519437) has quit the 1323 Market Mobb as a rank 0
[2018/1/19 - 23:38:39] H.N.I.C Ninou Mofujohn (137951) (rank 6) has given Benjo Fisher (1000501508) rank 5 (Shot Caller) in 1323 Market Mobb (26).
[2018/1/19 - 23:43:21] Ninou Mofujohn has withdrawn 60 grams of Ecstasy from the safe.
[2018/1/19 - 23:45:47] Sam Park has withdrawn a Desert Eagle from the weapon locker (Cost: 5)
[2018/1/19 - 23:49:29] H.N.I.C Ninou Mofujohn (137951) has set Teddy Steels's (1000591506) division to Mofujohn Line in 1323 Market Mobb (26).
[2018/1/19 - 23:49:37] H.N.I.C Ninou Mofujohn (137951) has set Teddy Steels's (1000591506) division to Hangout in 1323 Market Mobb (26).
[2018/1/19 - 23:50:00] Haris Jones has withdrawn a Desert Eagle from the weapon locker (Cost: 5)
[2018/1/19 - 23:50:01] Haris Jones has withdrawn a Shotgun from the weapon locker (Cost: 3)
[2018/1/19 - 23:50:09] Haris Jones has withdrawn 20 grams of Ecstasy from the safe.
[2018/1/19 - 23:50:24] Percy Jones has withdrawn a Desert Eagle from the weapon locker (Cost: 5)
[2018/1/19 - 23:50:26] H.N.I.C Ninou Mofujohn (137951) has set Sam Park's (144031) division to Hustler in 1323 Market Mobb (26).
[2018/1/19 - 23:50:42] Ninou Mofujohn has authorized Teddy Steels to withdraw a Desert Eagle from the weapon locker (Cost: 5)
[2018/1/19 - 23:51:06] Lee Xian has logged out.
[2018/1/19 - 23:54:52] Kevin Kush (1000071051) has made Kevin Kush (1000071051) the leader of the 1323 Market Mobb.
[2018/1/19 - 23:55:00] Kevin Kush (1000071051) has made Benjo Fisher (1000501508) the leader of the 1323 Market Mobb.
[2018/1/19 - 23:55:06] H.N.I.C Kevin Kush (1000071051) (rank 6) has given Benjo Fisher (1000501508) rank 5 (Shot Caller) in 1323 Market Mobb (26).
[2018/1/19 - 23:55:23] Haris Jones has logged out.
[2018/1/19 - 23:56:19] Sam Park has logged out.
[2018/1/19 - 23:58:07] Salvatore Bonanno has withdrawn a Desert Eagle from the weapon locker (Cost: 5)
