[2018/1/13 - 0:00:19] Jare Debol has logged out.
[2018/1/13 - 0:00:26] Ninou Mofujohn has withdrawn 20 grams of Ecstasy from the safe.
[2018/1/13 - 0:01:55] Ninou Mofujohn has withdrawn a SPAS-12 from the weapon locker (Cost: 30)
[2018/1/13 - 0:04:45] Ninou Mofujohn has withdrawn a Desert Eagle from the weapon locker (Cost: 5)
[2018/1/13 - 0:04:51] Ninou Mofujohn has withdrawn 20 grams of Ecstasy from the safe.
[2018/1/13 - 0:05:02] Joe Flleming has withdrawn a Desert Eagle from the weapon locker (Cost: 5)
[2018/1/13 - 0:05:10] Scotty Cain has logged out.
[2018/1/13 - 0:05:16] Ninou Mofujohn has authorized Joe Chicano to withdraw a Desert Eagle from the weapon locker (Cost: 5)
[2018/1/13 - 0:05:52] Ninou Mofujohn has authorized Brandon Volkoff to withdraw a MP5 from the weapon locker (Cost: 5)
[2018/1/13 - 0:06:29] Ninou Mofujohn has withdrawn 100 grams of Ecstasy from the safe.
[2018/1/13 - 0:08:02] Ninou Mofujohn has set Silenced Colt .45 weapon restriction from rank 2+ to 4.
[2018/1/13 - 0:09:54] Ninou Mofujohn has authorized Joe Flleming to withdraw a AK-47 from the weapon locker (Cost: 15)
[2018/1/13 - 0:10:30] H.N.I.C Ninou Mofujohn (137951) has set Joe Flleming's (1000087611) division to Hustler in 1323 Market Mobb (26).
[2018/1/13 - 0:11:35] H.N.I.C Ninou Mofujohn (137951) (rank 6) has given Joe Flleming (1000087611) rank 5 (Shot Caller) in 1323 Market Mobb (26).
[2018/1/13 - 0:12:55] Brandon Volkoff has logged out.
[2018/1/13 - 0:13:23] Ninou Mofujohn has authorized Haris Jones to withdraw a SPAS-12 from the weapon locker (Cost: 30)
[2018/1/13 - 0:13:54] Ninou Mofujohn has withdrawn a SPAS-12 from the weapon locker (Cost: 30)
[2018/1/13 - 0:14:42] Jake Dredd has logged out.
[2018/1/13 - 0:18:04] H.N.I.C Ninou Mofujohn has lost connection.
[2018/1/13 - 0:21:10] Haris Jones has authorized Joe Chicano to withdraw a Desert Eagle from the weapon locker (Cost: 5)
[2018/1/13 - 0:22:47] Ninou Mofujohn has withdrawn a Desert Eagle from the weapon locker (Cost: 5)
[2018/1/13 - 0:22:49] Ninou Mofujohn has withdrawn a SPAS-12 from the weapon locker (Cost: 30)
[2018/1/13 - 0:23:01] Ninou Mofujohn has withdrawn 100 grams of Meth from the safe.
[2018/1/13 - 0:27:31] Haris Jones has logged out.
[2018/1/13 - 0:34:05] Danilo Buenoh (1000397337) accepted H.N.I.C Ninou Mofujohn's (137951) invite to join 1323 Market Mobb (26).
[2018/1/13 - 0:34:06] H.N.I.C Ninou Mofujohn (137951) (rank 6) has given Danilo Buenoh (1000397337) rank 4 (BloCc Star) in 1323 Market Mobb (26).
[2018/1/13 - 0:35:27] Nayvadius Dominguez (1000625098) accepted H.N.I.C Ninou Mofujohn's (137951) invite to join 1323 Market Mobb (26).
[2018/1/13 - 0:36:35] Ninou Mofujohn has authorized Danilo Buenoh to withdraw a AK-47 from the weapon locker (Cost: 15)
[2018/1/13 - 0:39:09] Ninou Mofujohn has authorized Joe Chicano to withdraw a Desert Eagle from the weapon locker (Cost: 5)
[2018/1/13 - 0:39:15] Ninou Mofujohn has withdrawn a Desert Eagle from the weapon locker (Cost: 5)
[2018/1/13 - 0:39:47] Baby Crip Nayvadius Dominguez has lost connection.
[2018/1/13 - 0:41:09] Joe Flleming has withdrawn a AK-47 from the weapon locker (Cost: 15)
[2018/1/13 - 0:41:11] Joe Flleming has withdrawn a Desert Eagle from the weapon locker (Cost: 5)
[2018/1/13 - 0:44:35] Haris Jones has logged out.
[2018/1/13 - 0:50:24] Ninou Mofujohn has authorized Joe Chicano to withdraw a Desert Eagle from the weapon locker (Cost: 5)
[2018/1/13 - 0:55:26] Benny Smith Wallace (1000023930) accepted H.N.I.C Ninou Mofujohn's (137951) invite to join 1323 Market Mobb (26).
[2018/1/13 - 0:55:32] H.N.I.C Ninou Mofujohn (137951) (rank 6) has given Benny Smith Wallace (1000023930) rank 5 (Shot Caller) in 1323 Market Mobb (2
[2018/1/13 - 0:56:16] Kevin Kush (1000071051) has made Kevin Kush (1000071051) the leader of the 1323 Market Mobb.
[2018/1/13 - 0:56:22] Haris Jones has authorized Nino Rajan to withdraw a Desert Eagle from the weapon locker (Cost: 5)
[2018/1/13 - 0:58:45] Kevin Kush (1000071051) has made Benny Smith Wallace (1000023930) the leader of the 1323 Market Mobb.
[2018/1/13 - 0:58:49] Ninou Mofujohn has authorized Joe Chicano to withdraw a Desert Eagle from the weapon locker (Cost: 5)
[2018/1/13 - 0:58:49] H.N.I.C Benny Smith Wallace (1000023930) (rank 6) has given Benny Smith Wallace (1000023930) rank 5 (Shot Caller) in 1323 Marke
[2018/1/13 - 0:58:57] Shot Caller Benny Smith Wallace (1000023930) has set Benny Smith Wallace's (1000023930) division to Hustler in 1323 Market Mobb
[2018/1/13 - 0:58:58] Shot Caller Benny Smith Wallace (1000023930) has set Benny Smith Wallace's (1000023930) division to g in 1323 Market Mobb (26).
[2018/1/13 - 0:59:04] Shot Caller Benny Smith Wallace (1000023930) has set Benny Smith Wallace's (1000023930) division to gg in 1323 Market Mobb (26)
[2018/1/13 - 0:59:10] Shot Caller Benny Smith Wallace (1000023930) has set Benny Smith Wallace's (1000023930) division to g in 1323 Market Mobb (26).
[2018/1/13 - 0:59:18] Shot Caller Benny Smith Wallace (1000023930) has set Benny Smith Wallace's (1000023930) division to BloCc Work in 1323 Market M
[2018/1/13 - 0:59:22] Ninou Mofujohn (137951) has removed the gg division (#6)
[2018/1/13 - 0:59:25] Shot Caller Haris Jones (101273) has set Haris Jones's (101273) division to OG Killa in 1323 Market Mobb (26).
[2018/1/13 - 0:59:28] Ninou Mofujohn (137951) has removed the ggg division (#7)
[2018/1/13 - 0:59:32] Ninou Mofujohn (137951) has removed the g division (#8)
[2018/1/13 - 0:59:35] Ninou Mofujohn (137951) has removed the gg division (#9)
[2018/1/13 - 0:59:39] Ninou Mofujohn (137951) has removed the gg division (#10)
[2018/1/13 - 1:00:50] Kevin Kush (1000071051) has made Joe Flleming (1000087611) the leader of the 1323 Market Mobb.
[2018/1/13 - 1:01:06] H.N.I.C Joe Flleming (1000087611) (rank 6) has given Joe Flleming (1000087611) rank 5 (Shot Caller) in 1323 Market Mobb (26).
[2018/1/13 - 1:02:52] Joe Chicano has logged out.
[2018/1/13 - 1:03:13] Nino Rajan has logged out.
[2018/1/13 - 1:09:21] Shot Caller Joe Flleming (1000087611) has set Joe Flleming's (1000087611) division to OG Killa in 1323 Market Mobb (26).
[2018/1/13 - 1:10:26] Kivin Banderas (1000626409) accepted H.N.I.C Ninou Mofujohn's (137951) invite to join 1323 Market Mobb (26).
[2018/1/13 - 1:10:43] Shot Caller Benny Smith Wallace (1000023930) has set Kivin Banderas's (1000626409) division to Mofujohn Line in 1323 Market Mob
[2018/1/13 - 1:10:45] Shot Caller Benny Smith Wallace (1000023930) has set Kivin Banderas's (1000626409) division to BloCc Work in 1323 Market Mobb (
[2018/1/13 - 1:10:46] Shot Caller Benny Smith Wallace (1000023930) has set Kivin Banderas's (1000626409) division to Hangout in 1323 Market Mobb (26)
[2018/1/13 - 1:10:52] Benny Smith Wallace has authorized Kivin Banderas to withdraw a Desert Eagle from the weapon locker (Cost: 5)
[2018/1/13 - 1:12:29] Benny Smith Wallace has logged out.
[2018/1/13 - 1:14:05] H.N.I.C Ninou Mofujohn has lost connection.
[2018/1/13 - 1:22:29] Ninou Mofujohn has authorized Kivin Banderas to withdraw a Desert Eagle from the weapon locker (Cost: 5)
[2018/1/13 - 1:22:41] Haris Jones has withdrawn a Desert Eagle from the weapon locker (Cost: 5)
[2018/1/13 - 1:22:52] Benny Smith Wallace has withdrawn a Desert Eagle from the weapon locker (Cost: 5)
[2018/1/13 - 1:24:05] Joe Flleming has withdrawn a Desert Eagle from the weapon locker (Cost: 5)
[2018/1/13 - 1:24:11] Benny Smith Wallace has authorized Joe Flleming to withdraw a SPAS-12 from the weapon locker (Cost: 30)
[2018/1/13 - 1:24:22] Joe Flleming has authorized Benny Smith Wallace to withdraw a Sniper Rifle from the weapon locker (Cost: 40)
[2018/1/13 - 1:25:54] Benny Smith Wallace has authorized Haris Jones to withdraw a SPAS-12 from the weapon locker (Cost: 30)
[2018/1/13 - 1:26:44] Ninou Mofujohn has withdrawn a Desert Eagle from the weapon locker (Cost: 5)
[2018/1/13 - 1:26:45] Ninou Mofujohn has withdrawn a SPAS-12 from the weapon locker (Cost: 30)
[2018/1/13 - 1:32:17] Tazz William (1000190990) accepted H.N.I.C Ninou Mofujohn's (137951) invite to join 1323 Market Mobb (26).
[2018/1/13 - 1:34:26] Shot Caller Benny Smith Wallace (1000023930) has set Tazz William's (1000190990) division to Hangout in 1323 Market Mobb (26).
[2018/1/13 - 1:38:34] Benny Smith Wallace has authorized Tazz William to withdraw a Desert Eagle from the weapon locker (Cost: 5)
[2018/1/13 - 1:38:53] Maksy Volkoff (1000625996) accepted H.N.I.C Ninou Mofujohn's (137951) invite to join 1323 Market Mobb (26).
[2018/1/13 - 1:39:01] Shot Caller Benny Smith Wallace (1000023930) (rank 5) has given Maksy Volkoff (1000625996) rank 2 (Crip) in 1323 Market Mobb (2
[2018/1/13 - 1:39:06] H.N.I.C Ninou Mofujohn (137951) (rank 6) has given Maksy Volkoff (1000625996) rank 2 (Crip) in 1323 Market Mobb (26).
[2018/1/13 - 1:40:04] Benny Smith Wallace has authorized Maksy Volkoff to withdraw a MP5 from the weapon locker (Cost: 5)
[2018/1/13 - 1:41:30] Benny Smith Wallace has authorized Maksy Volkoff to withdraw a AK-47 from the weapon locker (Cost: 15)
[2018/1/13 - 1:43:31] Shot Caller Benny Smith Wallace (1000023930) has set Maksy Volkoff's (1000625996) division to Hangout in 1323 Market Mobb (26).
[2018/1/13 - 1:50:16] Maksy Volkoff has logged out.
[2018/1/13 - 1:51:18] Jet Gibson Sartu (38702) accepted Shot Caller Haris Jones's (101273) invite to join 1323 Market Mobb (26).
[2018/1/13 - 1:51:26] Shot Caller Benny Smith Wallace (1000023930) has set Jet Gibson Sartu's (38702) division to Hangout in 1323 Market Mobb (26).
[2018/1/13 - 1:53:20] Shot Caller Haris Jones (101273) (rank 5) has given Jet Gibson Sartu (38702) rank 4 (BloCc Star) in 1323 Market Mobb (26).
[2018/1/13 - 2:18:29] Hartax Blacker (1000515026) accepted Shot Caller Benny Smith Wallace's (1000023930) invite to join 1323 Market Mobb (26).
[2018/1/13 - 2:18:39] Shot Caller Benny Smith Wallace (1000023930) (rank 5) has given Hartax Blacker (1000515026) rank 3 (Hustla) in 1323 Market Mobb
[2018/1/13 - 2:18:43] Shot Caller Benny Smith Wallace (1000023930) has set Hartax Blacker's (1000515026) division to BloCc Work in 1323 Market Mobb (
[2018/1/13 - 2:18:45] Shot Caller Benny Smith Wallace (1000023930) has set Hartax Blacker's (1000515026) division to Hustler in 1323 Market Mobb (26)
[2018/1/13 - 2:19:06] Shot Caller Benny Smith Wallace (1000023930) (rank 5) has given Hartax Blacker (1000515026) rank 4 (BloCc Star) in 1323 Market 
[2018/1/13 - 2:19:56] Brader Djakarta (1000624864) accepted Shot Caller Benny Smith Wallace's (1000023930) invite to join 1323 Market Mobb (26).
[2018/1/13 - 2:21:50] Shot Caller Benny Smith Wallace (1000023930) has set Jet Gibson Sartu's (38702) division to OG Killa in 1323 Market Mobb (26).
[2018/1/13 - 2:22:50] Shot Caller Benny Smith Wallace (1000023930) has set Brader Djakarta's (1000624864) division to Hangout in 1323 Market Mobb (26
[2018/1/13 - 2:25:49] Joe Flleming has authorized Maksy Volkoff to withdraw a MP5 from the weapon locker (Cost: 5)
[2018/1/13 - 2:25:59] Ninou Mofujohn has authorized Kivin Banderas to withdraw a Desert Eagle from the weapon locker (Cost: 5)
[2018/1/13 - 2:26:48] H.N.I.C Ninou Mofujohn has lost connection.
[2018/1/13 - 2:30:35] Joe Flleming has logged out.
[2018/1/13 - 2:31:49] Benny Smith Wallace has logged out.
[2018/1/13 - 2:32:03] Haris Jones has withdrawn a Desert Eagle from the weapon locker (Cost: 5)
[2018/1/13 - 2:32:06] Haris Jones has logged out.
[2018/1/13 - 2:32:17] Maksy Volkoff has logged out.
[2018/1/13 - 2:37:08] Tazz William has logged out.
[2018/1/13 - 2:45:01] Aaron Mcwilliams (1000626078) accepted H.N.I.C Ninou Mofujohn's (137951) invite to join 1323 Market Mobb (26).
[2018/1/13 - 2:45:55] Ninou Mofujohn has authorized Jet Gibson Sartu to withdraw a SPAS-12 from the weapon locker (Cost: 30)
[2018/1/13 - 2:49:11] Rossi Stokes (1000625164) accepted H.N.I.C Ninou Mofujohn's (137951) invite to join 1323 Market Mobb (26).
[2018/1/13 - 2:50:56] Ninou Mofujohn has authorized Rossi Stokes to withdraw a Desert Eagle from the weapon locker (Cost: 5)
[2018/1/13 - 2:51:01] Ninou Mofujohn has authorized Kivin Banderas to withdraw a Desert Eagle from the weapon locker (Cost: 5)
[2018/1/13 - 2:53:30] Ninou Mofujohn has withdrawn a Desert Eagle from the weapon locker (Cost: 5)
[2018/1/13 - 2:53:52] H.N.I.C Ninou Mofujohn has lost connection.
[2018/1/13 - 2:54:18] Jet Gibson Sartu has logged out.
[2018/1/13 - 2:55:03] Maksy Volkoff has logged out.
[2018/1/13 - 3:04:45] Aaron Mcwilliams has logged out.
[2018/1/13 - 3:05:14] Hartax Blacker has logged out.
[2018/1/13 - 3:11:06] Rossi Stokes has logged out.
[2018/1/13 - 3:34:44] Percy Jones has logged out.
[2018/1/13 - 3:50:21] Percy Jones has logged out.
[2018/1/13 - 3:53:42] Brader Djakarta has logged out.
[2018/1/13 - 3:55:09] Scotty Cain has logged out.
[2018/1/13 - 4:04:14] Tazz William has logged out.
[2018/1/13 - 4:11:19] Rossi Stokes has logged out.
[2018/1/13 - 4:11:55] Joe Chicano has logged out.
[2018/1/13 - 4:24:00] Kivin Banderas has logged out.
[2018/1/13 - 5:39:59] Aaron Mcwilliams has logged out.
[2018/1/13 - 5:44:26] Brader Djakarta has logged out.
[2018/1/13 - 6:02:19] Baby Crip Nino Rajan has lost connection.
[2018/1/13 - 6:58:02] Crip Percy Jones has lost connection.
[2018/1/13 - 7:00:01] Nino Rajan has logged out.
[2018/1/13 - 7:21:12] Nino Rajan (1000625098) has quit the 1323 Market Mobb as a rank 0
[2018/1/13 - 7:30:42] Hustla Scotty Cain has lost connection.
[2018/1/13 - 7:51:37] Crip Percy Jones has lost connection.
[2018/1/13 - 9:26:32] Percy Jones has logged out.
[2018/1/13 - 10:31:51] Nathan Angelo (1000625787) accepted H.N.I.C Ninou Mofujohn's (137951) invite to join 1323 Market Mobb (26).
[2018/1/13 - 10:32:23] Alberto Rossi (1000099848) accepted H.N.I.C Ninou Mofujohn's (137951) invite to join 1323 Market Mobb (26).
[2018/1/13 - 10:32:29] H.N.I.C Ninou Mofujohn (137951) (rank 6) has given Alberto Rossi (1000099848) rank 4 (BloCc Star) in 1323 Market Mobb (26).
[2018/1/13 - 10:32:55] Lee Liang (1000262376) accepted H.N.I.C Ninou Mofujohn's (137951) invite to join 1323 Market Mobb (26).
[2018/1/13 - 10:33:00] H.N.I.C Ninou Mofujohn (137951) (rank 6) has given Lee Liang (1000262376) rank 4 (BloCc Star) in 1323 Market Mobb (26).
[2018/1/13 - 10:35:06] Carl Auden (1000599422) accepted H.N.I.C Ninou Mofujohn's (137951) invite to join 1323 Market Mobb (26).
[2018/1/13 - 10:35:29] Cody Mcwilliams (1000624803) accepted H.N.I.C Ninou Mofujohn's (137951) invite to join 1323 Market Mobb (26).
[2018/1/13 - 10:38:03] Ninou Mofujohn has authorized Cody Mcwilliams to withdraw a Desert Eagle from the weapon locker (Cost: 5)
[2018/1/13 - 10:40:33] Ryan Dunwich (1000526203) accepted H.N.I.C Ninou Mofujohn's (137951) invite to join 1323 Market Mobb (26).
[2018/1/13 - 10:40:55] H.N.I.C Ninou Mofujohn (137951) (rank 6) has given Carl Auden (1000599422) rank 3 (Hustla) in 1323 Market Mobb (26).
[2018/1/13 - 10:40:58] H.N.I.C Ninou Mofujohn (137951) (rank 6) has given Ryan Dunwich (1000526203) rank 1 (Lil Poot) in 1323 Market Mobb (26).
[2018/1/13 - 10:41:20] Ninou Mofujohn has withdrawn a SPAS-12 from the weapon locker (Cost: 30)
[2018/1/13 - 10:42:53] Carl Auden has logged out.
[2018/1/13 - 10:43:08] Lee Liang has withdrawn a Desert Eagle from the weapon locker (Cost: 5)
[2018/1/13 - 10:43:21] H.N.I.C Ninou Mofujohn (137951) (rank 6) has given Nathan Angelo (1000625787) rank 1 (Lil Poot) in 1323 Market Mobb (26).
[2018/1/13 - 10:43:31] H.N.I.C Ninou Mofujohn (137951) (rank 6) has given Cody Mcwilliams (1000624803) rank 3 (Hustla) in 1323 Market Mobb (26).
[2018/1/13 - 10:43:52] H.N.I.C Ninou Mofujohn (137951) has set Lee Liang's (1000262376) division to BloCc Work in 1323 Market Mobb (26).
[2018/1/13 - 10:44:15] Ninou Mofujohn has authorized Percy Jones to withdraw a Shotgun from the weapon locker (Cost: 3)
[2018/1/13 - 10:44:25] Ninou Mofujohn has authorized Lee Liang to withdraw a AK-47 from the weapon locker (Cost: 15)
[2018/1/13 - 10:46:04] Cody Mcwilliams has logged out.
[2018/1/13 - 10:46:51] David Willowbrook (1000624833) accepted H.N.I.C Ninou Mofujohn's (137951) invite to join 1323 Market Mobb (26).
[2018/1/13 - 10:47:18] Abe Abdel (1000348196) accepted H.N.I.C Ninou Mofujohn's (137951) invite to join 1323 Market Mobb (26).
[2018/1/13 - 10:47:38] Ninou Mofujohn has authorized Abe Abdel to withdraw a Desert Eagle from the weapon locker (Cost: 5)
[2018/1/13 - 10:47:45] H.N.I.C Ninou Mofujohn (137951) (rank 6) has given David Willowbrook (1000624833) rank 2 (Crip) in 1323 Market Mobb (26).
[2018/1/13 - 10:47:56] H.N.I.C Ninou Mofujohn (137951) (rank 6) has given Abe Abdel (1000348196) rank 1 (Lil Poot) in 1323 Market Mobb (26).
[2018/1/13 - 10:50:31] Ninou Mofujohn has withdrawn 60 grams of Ecstasy from the safe.
[2018/1/13 - 10:50:50] Percy Jones has logged out.
[2018/1/13 - 10:51:37] Sammy Mccool has withdrawn a Desert Eagle from the weapon locker (Cost: 5)
[2018/1/13 - 10:51:51] Lee Liang has withdrawn a Desert Eagle from the weapon locker (Cost: 5)
[2018/1/13 - 10:52:03] Ninou Mofujohn has authorized Ryan Dunwich to withdraw a Desert Eagle from the weapon locker (Cost: 5)
[2018/1/13 - 10:52:56] BloCc Star Alberto Rossi has lost connection.
[2018/1/13 - 10:59:53] Seth Zutar (1000586301) accepted H.N.I.C Ninou Mofujohn's (137951) invite to join 1323 Market Mobb (26).
[2018/1/13 - 11:08:34] David Willowbrook has logged out.
[2018/1/13 - 11:09:58] Amar Nash (1000625867) accepted H.N.I.C Ninou Mofujohn's (137951) invite to join 1323 Market Mobb (26).
[2018/1/13 - 11:10:37] Clint Maddox (887818) accepted H.N.I.C Ninou Mofujohn's (137951) invite to join 1323 Market Mobb (26).
[2018/1/13 - 11:10:38] H.N.I.C Ninou Mofujohn (137951) (rank 6) has given Clint Maddox (887818) rank 5 (Shot Caller) in 1323 Market Mobb (26).
[2018/1/13 - 11:12:16] Obie Nash (1000626999) accepted H.N.I.C Ninou Mofujohn's (137951) invite to join 1323 Market Mobb (26).
[2018/1/13 - 11:12:39] H.N.I.C Ninou Mofujohn (137951) has set Obie Nash's (1000626999) division to Mofujohn Line in 1323 Market Mobb (26).
[2018/1/13 - 11:12:50] H.N.I.C Ninou Mofujohn (137951) has set Amar Nash's (1000625867) division to Mofujohn Line in 1323 Market Mobb (26).
[2018/1/13 - 11:15:33] Amar Nash has logged out.
[2018/1/13 - 11:16:07] H.N.I.C Ninou Mofujohn (137951) has set Obie Nash's (1000626999) division to Hangout in 1323 Market Mobb (26).
[2018/1/13 - 11:16:17] H.N.I.C Ninou Mofujohn (137951) has set Seth Zutar's (1000586301) division to Hangout in 1323 Market Mobb (26).
[2018/1/13 - 11:16:28] H.N.I.C Ninou Mofujohn (137951) has set Ryan Dunwich's (1000526203) division to Hangout in 1323 Market Mobb (26).
[2018/1/13 - 11:16:30] H.N.I.C Ninou Mofujohn (137951) has set Nathan Angelo's (1000625787) division to Hangout in 1323 Market Mobb (26).
[2018/1/13 - 11:16:34] H.N.I.C Ninou Mofujohn (137951) has set Abe Abdel's (1000348196) division to Hangout in 1323 Market Mobb (26).
[2018/1/13 - 11:16:44] H.N.I.C Ninou Mofujohn (137951) has set Sammy Mccool's (1000565698) division to OG Killa in 1323 Market Mobb (26).
[2018/1/13 - 11:16:47] H.N.I.C Ninou Mofujohn (137951) has set Brandon Volkoff's (1000625048) division to OG Killa in 1323 Market Mobb (26).
[2018/1/13 - 11:16:53] H.N.I.C Ninou Mofujohn (137951) has set Clint Maddox's (887818) division to OG Killa in 1323 Market Mobb (26).
[2018/1/13 - 11:16:56] Seth Zutar has logged out.
[2018/1/13 - 11:17:01] H.N.I.C Ninou Mofujohn (137951) has set Cody Mcwilliams's (1000624803) division to Hustler in 1323 Market Mobb (26).
[2018/1/13 - 11:17:11] H.N.I.C Ninou Mofujohn (137951) has set Jare Debol's (1000625536) division to Hangout in 1323 Market Mobb (26).
[2018/1/13 - 11:21:50] Seth Zutar has logged out.
[2018/1/13 - 11:21:57] Nathan Angelo has logged out.
[2018/1/13 - 11:22:22] Garland Magnolia (1000626726) accepted H.N.I.C Ninou Mofujohn's (137951) invite to join 1323 Market Mobb (26).
[2018/1/13 - 11:27:59] H.N.I.C Ninou Mofujohn (137951) has set Brandon Volkoff's (1000625048) division to BloCc Work in 1323 Market Mobb (26).
[2018/1/13 - 11:32:05] Ninou Mofujohn has authorized Brader Djakarta to withdraw a Shotgun from the weapon locker (Cost: 3)
[2018/1/13 - 11:34:38] Ninou Mofujohn has withdrawn a Desert Eagle from the weapon locker (Cost: 5)
[2018/1/13 - 11:34:39] Ninou Mofujohn has withdrawn a Sniper Rifle from the weapon locker (Cost: 40)
[2018/1/13 - 11:34:53] Ninou Mofujohn has authorized Nathan Angelo to withdraw a Desert Eagle from the weapon locker (Cost: 5)
[2018/1/13 - 11:35:08] Brandon Volkoff has withdrawn a Desert Eagle from the weapon locker (Cost: 5)
[2018/1/13 - 11:35:33] Lee Liang has withdrawn a Desert Eagle from the weapon locker (Cost: 5)
[2018/1/13 - 11:36:03] Brandon Volkoff has withdrawn a Desert Eagle from the weapon locker (Cost: 5)
[2018/1/13 - 11:36:30] Ninou Mofujohn has authorized Lee Liang to withdraw a Sniper Rifle from the weapon locker (Cost: 40)
[2018/1/13 - 11:36:39] Ninou Mofujohn has authorized Jare Debol to withdraw a Desert Eagle from the weapon locker (Cost: 5)
[2018/1/13 - 11:36:41] Ninou Mofujohn has authorized Nathan Angelo to withdraw a Desert Eagle from the weapon locker (Cost: 5)
[2018/1/13 - 11:36:44] Ninou Mofujohn has authorized Ryan Dunwich to withdraw a Desert Eagle from the weapon locker (Cost: 5)
[2018/1/13 - 11:36:49] Clint Maddox has withdrawn a Desert Eagle from the weapon locker (Cost: 5)
[2018/1/13 - 11:38:16] Sammy Mccool has withdrawn a Desert Eagle from the weapon locker (Cost: 5)
[2018/1/13 - 11:38:50] Brandon Volkoff has withdrawn a Desert Eagle from the weapon locker (Cost: 5)
[2018/1/13 - 11:38:55] Cody Mcwilliams has withdrawn a Desert Eagle from the weapon locker (Cost: 5)
[2018/1/13 - 11:39:10] Hustla Cody Mcwilliams has lost connection.
[2018/1/13 - 11:40:22] H.N.I.C Ninou Mofujohn has lost connection.
[2018/1/13 - 11:40:52] Sammy Mccool has withdrawn a Desert Eagle from the weapon locker (Cost: 5)
[2018/1/13 - 11:43:18] Carl Auden has withdrawn a Desert Eagle from the weapon locker (Cost: 5)
[2018/1/13 - 11:43:53] Lee Liang has deposited a Sniper Rifle into the locker.
[2018/1/13 - 11:46:49] Jare Debol has logged out.
[2018/1/13 - 11:53:21] Clint Maddox has withdrawn a Desert Eagle from the weapon locker (Cost: 5)
[2018/1/13 - 11:56:07] Carl Auden has logged out.
[2018/1/13 - 12:00:53] Lee Liang has withdrawn a Desert Eagle from the weapon locker (Cost: 5)
[2018/1/13 - 12:00:55] Brader Djakarta has logged out.
[2018/1/13 - 12:01:34] Brandon Volkoff has withdrawn a Desert Eagle from the weapon locker (Cost: 5)
[2018/1/13 - 12:01:35] Brandon Volkoff has withdrawn a Shotgun from the weapon locker (Cost: 3)
[2018/1/13 - 12:02:03] Cody Mcwilliams has withdrawn a Desert Eagle from the weapon locker (Cost: 5)
[2018/1/13 - 12:02:20] Brandon Volkoff has logged out.
[2018/1/13 - 12:02:32] Cody Mcwilliams has withdrawn a Desert Eagle from the weapon locker (Cost: 5)
[2018/1/13 - 12:02:34] Clint Maddox has withdrawn a Desert Eagle from the weapon locker (Cost: 5)
[2018/1/13 - 12:02:51] Cody Mcwilliams has withdrawn a Desert Eagle from the weapon locker (Cost: 5)
[2018/1/13 - 12:03:19] Nathan Angelo has logged out.
[2018/1/13 - 12:03:50] Lee Liang has withdrawn a Silenced Colt .45 from the weapon locker (Cost: 5)
[2018/1/13 - 12:03:51] Lee Liang has withdrawn a Desert Eagle from the weapon locker (Cost: 5)
[2018/1/13 - 12:04:10] Lee Liang has withdrawn a Desert Eagle from the weapon locker (Cost: 5)
[2018/1/13 - 12:05:59] Clint Maddox has logged out.
[2018/1/13 - 12:06:02] Garland Magnolia has logged out.
[2018/1/13 - 12:06:10] Cody Mcwilliams has withdrawn a Desert Eagle from the weapon locker (Cost: 5)
[2018/1/13 - 12:12:35] Cody Mcwilliams has withdrawn a Desert Eagle from the weapon locker (Cost: 5)
[2018/1/13 - 12:18:17] Victor Brugal (101456) accepted Shot Caller Haris Jones's (101273) invite to join 1323 Market Mobb (26).
[2018/1/13 - 12:19:48] Ninou Mofujohn has withdrawn a SPAS-12 from the weapon locker (Cost: 30)
[2018/1/13 - 12:19:54] Ninou Mofujohn has withdrawn 20 grams of Ecstasy from the safe.
[2018/1/13 - 12:20:01] Ninou Mofujohn has withdrawn 20 grams of Heroin from the safe.
[2018/1/13 - 12:20:09] Ninou Mofujohn has authorized Lee Liang to withdraw a Sniper Rifle from the weapon locker (Cost: 40)
[2018/1/13 - 12:20:31] Victor Brugal has logged out.
[2018/1/13 - 12:22:08] Baby Crip Victor Brugal has lost connection.
[2018/1/13 - 12:22:36] Cody Mcwilliams has withdrawn a Desert Eagle from the weapon locker (Cost: 5)
[2018/1/13 - 12:22:39] Ninou Mofujohn has withdrawn a Desert Eagle from the weapon locker (Cost: 5)
[2018/1/13 - 12:23:00] Tony Wolf (1000627004) accepted H.N.I.C Ninou Mofujohn's (137951) invite to join 1323 Market Mobb (26).
[2018/1/13 - 12:23:09] H.N.I.C Ninou Mofujohn (137951) has set Tony Wolf's (1000627004) division to Hangout in 1323 Market Mobb (26).
[2018/1/13 - 12:23:26] Baby Crip Victor Brugal has lost connection.
[2018/1/13 - 12:24:03] Ninou Mofujohn has withdrawn 60 grams of Ecstasy from the safe.
[2018/1/13 - 12:24:07] Ninou Mofujohn has authorized Kivin Banderas to withdraw a Desert Eagle from the weapon locker (Cost: 5)
[2018/1/13 - 12:24:11] H.N.I.C Ninou Mofujohn (137951) (rank 6) has given Tony Wolf (1000627004) rank 1 (Lil Poot) in 1323 Market Mobb (26).
[2018/1/13 - 12:24:21] Ninou Mofujohn has authorized Victor Brugal to withdraw a Desert Eagle from the weapon locker (Cost: 5)
[2018/1/13 - 12:24:43] Baby Crip Victor Brugal has lost connection.
[2018/1/13 - 12:25:26] H.N.I.C Ninou Mofujohn has lost connection.
[2018/1/13 - 12:27:42] Lee Liang has withdrawn a Desert Eagle from the weapon locker (Cost: 5)
[2018/1/13 - 12:28:32] Brandon Volkoff has logged out.
[2018/1/13 - 12:30:28] Lil Poot Tony Wolf has lost connection.
[2018/1/13 - 12:30:54] Baby Crip Victor Brugal has lost connection.
[2018/1/13 - 12:32:02] Ryan Dunwich has logged out.
[2018/1/13 - 12:33:48] Lee Liang has withdrawn a Desert Eagle from the weapon locker (Cost: 5)
[2018/1/13 - 12:36:08] Haris Jones has authorized Lee Liang to withdraw a SPAS-12 from the weapon locker (Cost: 30)
[2018/1/13 - 12:37:57] Lee Liang has withdrawn a Desert Eagle from the weapon locker (Cost: 5)
[2018/1/13 - 12:39:54] Haris Jones has authorized Kivin Banderas to withdraw a Desert Eagle from the weapon locker (Cost: 5)
[2018/1/13 - 12:40:15] Haris Jones has authorized Jare Debol to withdraw a Desert Eagle from the weapon locker (Cost: 5)
[2018/1/13 - 12:41:05] Cody Mcwilliams has withdrawn a Desert Eagle from the weapon locker (Cost: 5)
[2018/1/13 - 12:41:21] Hustla Cody Mcwilliams has lost connection.
[2018/1/13 - 12:42:02] Haris Jones has authorized Victor Brugal to withdraw a Desert Eagle from the weapon locker (Cost: 5)
[2018/1/13 - 12:42:35] Lee Liang has withdrawn a Desert Eagle from the weapon locker (Cost: 5)
[2018/1/13 - 12:42:43] Lee Liang has logged out.
[2018/1/13 - 12:42:53] Victor Brugal has logged out.
[2018/1/13 - 12:42:54] Haris Jones has authorized Abe Abdel to withdraw a Desert Eagle from the weapon locker (Cost: 5)
[2018/1/13 - 12:43:46] Ninou Mofujohn has withdrawn a SPAS-12 from the weapon locker (Cost: 30)
[2018/1/13 - 12:43:56] Ninou Mofujohn has authorized Abe Abdel to withdraw a AK-47 from the weapon locker (Cost: 15)
[2018/1/13 - 12:45:17] Haris Jones has authorized Aaron Mcwilliams to withdraw a Desert Eagle from the weapon locker (Cost: 5)
[2018/1/13 - 12:49:19] Ninou Mofujohn has withdrawn 200 grams of Crack from the safe.
[2018/1/13 - 12:50:18] Ninou Mofujohn has deposited a SPAS-12 into the locker.
[2018/1/13 - 12:50:20] Ninou Mofujohn has withdrawn a Sniper Rifle from the weapon locker (Cost: 40)
[2018/1/13 - 12:50:32] Amar Nash has logged out.
[2018/1/13 - 12:51:18] Kivin Banderas has logged out.
[2018/1/13 - 12:52:15] Hustla Sammy Mccool has lost connection.
[2018/1/13 - 12:56:56] Haris Jones has authorized Kivin Banderas to withdraw a Desert Eagle from the weapon locker (Cost: 5)
[2018/1/13 - 13:01:59] Cody Mcwilliams has logged out.
[2018/1/13 - 13:03:51] Alberto Rossi has withdrawn a Desert Eagle from the weapon locker (Cost: 5)
[2018/1/13 - 13:03:52] Alberto Rossi has withdrawn a Shotgun from the weapon locker (Cost: 3)
[2018/1/13 - 13:05:03] Hustla Sammy Mccool has lost connection.
[2018/1/13 - 13:06:11] Baby Crip Obie Nash has lost connection.
[2018/1/13 - 13:06:36] Brader Djakarta has logged out.
[2018/1/13 - 13:07:14] Tony Wolf has logged out.
[2018/1/13 - 13:16:14] Shot Caller Haris Jones (101273) (rank 5) has given Abe Abdel (1000348196) rank 4 (BloCc Star) in 1323 Market Mobb (26).
[2018/1/13 - 13:18:52] Ninou Mofujohn has withdrawn a Desert Eagle from the weapon locker (Cost: 5)
[2018/1/13 - 13:18:53] Ninou Mofujohn has withdrawn a Sniper Rifle from the weapon locker (Cost: 40)
[2018/1/13 - 13:22:22] Cody Mcwilliams has withdrawn a Desert Eagle from the weapon locker (Cost: 5)
[2018/1/13 - 13:22:40] Abe Abdel has withdrawn a Desert Eagle from the weapon locker (Cost: 5)
[2018/1/13 - 13:23:24] Haris Jones has withdrawn a Desert Eagle from the weapon locker (Cost: 5)
[2018/1/13 - 13:23:29] Haris Jones has withdrawn a Shotgun from the weapon locker (Cost: 3)
[2018/1/13 - 13:23:33] Sammy Mccool has withdrawn a Desert Eagle from the weapon locker (Cost: 5)
[2018/1/13 - 13:27:20] Haris Jones has authorized Jare Debol to withdraw a Desert Eagle from the weapon locker (Cost: 5)
[2018/1/13 - 13:27:34] Haris Jones has authorized Victor Brugal to withdraw a Desert Eagle from the weapon locker (Cost: 5)
[2018/1/13 - 13:27:38] Ninou Mofujohn has authorized Kivin Banderas to withdraw a Desert Eagle from the weapon locker (Cost: 5)
[2018/1/13 - 13:27:49] Haris Jones has authorized Aaron Mcwilliams to withdraw a Desert Eagle from the weapon locker (Cost: 5)
[2018/1/13 - 13:28:24] H.N.I.C Ninou Mofujohn has lost connection.
[2018/1/13 - 13:28:46] Alberto Rossi has withdrawn a Desert Eagle from the weapon locker (Cost: 5)
[2018/1/13 - 13:29:00] Victor Brugal has logged out.
[2018/1/13 - 13:29:35] Abe Abdel has withdrawn a Desert Eagle from the weapon locker (Cost: 5)
[2018/1/13 - 13:29:43] Jare Debol has logged out.
[2018/1/13 - 13:30:20] Haris Jones has authorized Alberto Rossi to withdraw a MP5 from the weapon locker (Cost: 5)
[2018/1/13 - 13:30:39] Haris Jones has authorized Kivin Banderas to withdraw a Desert Eagle from the weapon locker (Cost: 5)
[2018/1/13 - 13:32:24] Sammy Mccool has logged out.
[2018/1/13 - 13:33:55] Sammy Mccool has logged out.
[2018/1/13 - 13:35:40] Cody Mcwilliams has logged out.
[2018/1/13 - 13:41:46] Haris Jones has logged out.
[2018/1/13 - 13:41:49] Alberto Rossi has logged out.
[2018/1/13 - 13:57:52] Hustla Brandon Volkoff has lost connection.
[2018/1/13 - 14:05:30] Ninou Mofujohn has withdrawn a Desert Eagle from the weapon locker (Cost: 5)
[2018/1/13 - 14:08:52] Abe Abdel has withdrawn a Desert Eagle from the weapon locker (Cost: 5)
[2018/1/13 - 14:08:53] Aaron Mcwilliams has logged out.
[2018/1/13 - 14:09:13] Ninou Mofujohn has authorized Abe Abdel to withdraw a AK-47 from the weapon locker (Cost: 15)
[2018/1/13 - 14:11:06] Ninou Mofujohn has authorized Kivin Banderas to withdraw a Desert Eagle from the weapon locker (Cost: 5)
[2018/1/13 - 14:13:19] Ninou Mofujohn has withdrawn a Desert Eagle from the weapon locker (Cost: 5)
[2018/1/13 - 14:13:20] Ninou Mofujohn has withdrawn a SPAS-12 from the weapon locker (Cost: 30)
[2018/1/13 - 14:13:27] Ninou Mofujohn has withdrawn 70 grams of Ecstasy from the safe.
[2018/1/13 - 14:14:04] BloCc Star Abe Abdel has lost connection.
[2018/1/13 - 14:16:37] Brandon Volkoff has withdrawn a Desert Eagle from the weapon locker (Cost: 5)
[2018/1/13 - 14:16:52] Brandon Volkoff has withdrawn a Desert Eagle from the weapon locker (Cost: 5)
[2018/1/13 - 14:17:33] Brandon Volkoff has withdrawn a Desert Eagle from the weapon locker (Cost: 5)
[2018/1/13 - 14:17:46] Ninou Mofujohn has authorized Victor Brugal to withdraw a Desert Eagle from the weapon locker (Cost: 5)
[2018/1/13 - 14:18:33] Cody Mcwilliams has withdrawn a Desert Eagle from the weapon locker (Cost: 5)
[2018/1/13 - 14:21:44] Baby Crip Kivin Banderas has lost connection.
[2018/1/13 - 14:25:56] Laquez Liang (1000417294) accepted H.N.I.C Ninou Mofujohn's (137951) invite to join 1323 Market Mobb (26).
[2018/1/13 - 14:26:07] Hartax Blacker (1000515026) has quit the 1323 Market Mobb as a rank 4
[2018/1/13 - 14:29:04] Ninou Mofujohn has authorized Kivin Banderas to withdraw a Desert Eagle from the weapon locker (Cost: 5)
[2018/1/13 - 14:34:01] Abe Abdel has withdrawn a Desert Eagle from the weapon locker (Cost: 5)
[2018/1/13 - 14:34:02] Ninou Mofujohn has authorized Abe Abdel to withdraw a AK-47 from the weapon locker (Cost: 15)
[2018/1/13 - 14:34:11] Ninou Mofujohn has deposited a SPAS-12 into the locker.
[2018/1/13 - 14:34:15] Ninou Mofujohn has withdrawn a Sniper Rifle from the weapon locker (Cost: 40)
[2018/1/13 - 14:34:27] Ninou Mofujohn has authorized Kivin Banderas to withdraw a Desert Eagle from the weapon locker (Cost: 5)
[2018/1/13 - 14:34:47] Ninou Mofujohn has withdrawn 300 grams of Crack from the safe.
[2018/1/13 - 14:35:25] Ninou Mofujohn has authorized Victor Brugal to withdraw a Shotgun from the weapon locker (Cost: 3)
[2018/1/13 - 14:40:42] Tommy Hyde (1000355072) accepted H.N.I.C Ninou Mofujohn's (137951) invite to join 1323 Market Mobb (26).
[2018/1/13 - 14:41:05] H.N.I.C Ninou Mofujohn (137951) has set Tommy Hyde's (1000355072) division to Hangout in 1323 Market Mobb (26).
[2018/1/13 - 14:41:14] Ninou Mofujohn has authorized Brandon Volkoff to withdraw a MP5 from the weapon locker (Cost: 5)
[2018/1/13 - 14:41:52] H.N.I.C Ninou Mofujohn (137951) (rank 6) has given Laquez Liang (1000417294) rank 2 (Crip) in 1323 Market Mobb (26).
[2018/1/13 - 14:42:40] Gruu Hyde (1000195218) accepted H.N.I.C Ninou Mofujohn's (137951) invite to join 1323 Market Mobb (26).
[2018/1/13 - 14:42:43] H.N.I.C Ninou Mofujohn (137951) has set Gruu Hyde's (1000195218) division to Hangout in 1323 Market Mobb (26).
[2018/1/13 - 14:45:57] Ninou Mofujohn has authorized Laquez Liang to withdraw a Desert Eagle from the weapon locker (Cost: 5)
[2018/1/13 - 14:47:56] Baby Crip Victor Brugal has lost connection.
[2018/1/13 - 14:51:23] H.N.I.C Ninou Mofujohn (137951) (rank 6) has given Nathan Angelo (1000625787) rank 3 (Hustla) in 1323 Market Mobb (26).
[2018/1/13 - 14:51:48] H.N.I.C Ninou Mofujohn (137951) (rank 6) has given Nathan Angelo (1000625787) rank 4 (BloCc Star) in 1323 Market Mobb (26).
[2018/1/13 - 14:56:51] Ninou Mofujohn has withdrawn a Desert Eagle from the weapon locker (Cost: 5)
[2018/1/13 - 14:56:58] Ninou Mofujohn has authorized Tommy Hyde to withdraw a Desert Eagle from the weapon locker (Cost: 5)
[2018/1/13 - 14:57:00] Ninou Mofujohn has authorized Gruu Hyde to withdraw a AK-47 from the weapon locker (Cost: 15)
[2018/1/13 - 14:57:18] Ninou Mofujohn has authorized Laquez Liang to withdraw a Desert Eagle from the weapon locker (Cost: 5)
[2018/1/13 - 14:57:51] Tommy Hyde has logged out.
[2018/1/13 - 14:58:00] Nathan Angelo has withdrawn a Desert Eagle from the weapon locker (Cost: 5)
[2018/1/13 - 14:58:14] Brandon Volkoff has withdrawn a Desert Eagle from the weapon locker (Cost: 5)
[2018/1/13 - 14:58:25] Baby Crip Victor Brugal has lost connection.
[2018/1/13 - 14:58:54] H.N.I.C Ninou Mofujohn (137951) (rank 6) has given Nathan Angelo (1000625787) rank 0 (Baby Crip) in 1323 Market Mobb (26).
[2018/1/13 - 14:59:09] H.N.I.C Ninou Mofujohn (137951) (rank 6) has given Nathan Angelo (1000625787) rank 1 (Lil Poot) in 1323 Market Mobb (26).
[2018/1/13 - 14:59:25] Cody Mcwilliams has withdrawn a Shotgun from the weapon locker (Cost: 3)
[2018/1/13 - 15:00:24] Alberto Rossi has logged out.
[2018/1/13 - 15:00:28] Danilo Buenoh has logged out.
[2018/1/13 - 15:01:23] Abe Abdel has withdrawn a Shotgun from the weapon locker (Cost: 3)
[2018/1/13 - 15:01:24] Abe Abdel has withdrawn a Desert Eagle from the weapon locker (Cost: 5)
[2018/1/13 - 15:02:07] Brandon Volkoff has withdrawn a Desert Eagle from the weapon locker (Cost: 5)
[2018/1/13 - 15:03:35] Clint Maddox has logged out.
[2018/1/13 - 15:03:46] Laquez Liang has logged out.
[2018/1/13 - 15:05:43] Benny Smith Wallace has withdrawn a Desert Eagle from the weapon locker (Cost: 5)
[2018/1/13 - 15:10:26] Ninou Mofujohn has adjusted the withdraw rank for item 2 to 5.
[2018/1/13 - 15:10:36] Benny Smith Wallace has withdrawn 5 grams of Crack from the safe.
[2018/1/13 - 15:10:41] Benny Smith Wallace has withdrawn 20 grams of Ecstasy from the safe.
[2018/1/13 - 15:10:46] Benny Smith Wallace has withdrawn 45 grams of Crack from the safe.
[2018/1/13 - 15:10:58] Joe Flleming has withdrawn 60 grams of Meth from the safe.
[2018/1/13 - 15:11:01] Brader Djakarta has logged out.
[2018/1/13 - 15:11:12] Baby Crip Gruu Hyde has lost connection.
[2018/1/13 - 15:11:57] Benny Smith Wallace has logged out.
[2018/1/13 - 15:12:47] Nathan Angelo has logged out.
[2018/1/13 - 15:13:23] Ninou Mofujohn has logged out.
[2018/1/13 - 15:13:36] Baby Crip Kivin Banderas has lost connection.
[2018/1/13 - 15:13:47] Brandon Volkoff has logged out.
[2018/1/13 - 15:15:29] Hustla Sammy Mccool has lost connection.
[2018/1/13 - 15:15:31] Joe Flleming has withdrawn 100 grams of Ecstasy from the safe.
[2018/1/13 - 15:16:04] Joe Flleming has logged out.
[2018/1/13 - 15:17:52] Sammy Mccool has logged out.
[2018/1/13 - 15:19:35] Franco Louis (1000626132) accepted H.N.I.C Ninou Mofujohn's (137951) invite to join 1323 Market Mobb (26).
[2018/1/13 - 15:20:31] Shot Caller Benny Smith Wallace (1000023930) has set Franco Louis's (1000626132) division to Hangout in 1323 Market Mobb (26).
[2018/1/13 - 15:20:46] Ninou Fraiser (1000592307) accepted H.N.I.C Ninou Mofujohn's (137951) invite to join 1323 Market Mobb (26).
[2018/1/13 - 15:21:02] H.N.I.C Ninou Mofujohn (137951) (rank 6) has given Ninou Fraiser (1000592307) rank 4 (BloCc Star) in 1323 Market Mobb (26).
[2018/1/13 - 15:21:21] Joe Flleming has authorized Franco Louis to withdraw a Desert Eagle from the weapon locker (Cost: 5)
[2018/1/13 - 15:21:30] Joe Flleming has logged out.
[2018/1/13 - 15:22:36] Mac Hooligan Maddox (1000046612) accepted H.N.I.C Ninou Mofujohn's (137951) invite to join 1323 Market Mobb (26).
[2018/1/13 - 15:22:36] H.N.I.C Ninou Mofujohn (137951) (rank 6) has given Mac Hooligan Maddox (1000046612) rank 4 (BloCc Star) in 1323 Market Mobb (26
[2018/1/13 - 15:23:29] Ninou Mofujohn has withdrawn 20000 materials from the safe.
[2018/1/13 - 15:23:45] Cody Mcwilliams has logged out.
[2018/1/13 - 15:24:25] BloCc Star Abe Abdel has lost connection.
[2018/1/13 - 15:27:01] Ninou Mofujohn has logged out.
[2018/1/13 - 15:27:12] Alberto Rossi has logged out.
[2018/1/13 - 15:27:22] Brandon Volkoff has logged out.
[2018/1/13 - 15:30:56] Maksy Volkoff has logged out.
[2018/1/13 - 15:31:40] Joe Flleming has logged out.
[2018/1/13 - 15:33:34] Ninou Mofujohn has authorized Maksy Volkoff to withdraw a Desert Eagle from the weapon locker (Cost: 5)
[2018/1/13 - 15:33:38] Sammy Mccool has logged out.
[2018/1/13 - 15:36:34] Maksy Volkoff has logged out.
[2018/1/13 - 15:38:21] Alberto Rossi has withdrawn a Desert Eagle from the weapon locker (Cost: 5)
[2018/1/13 - 15:38:22] Alberto Rossi has withdrawn a Shotgun from the weapon locker (Cost: 3)
[2018/1/13 - 15:38:23] Alberto Rossi has withdrawn a Silenced Colt .45 from the weapon locker (Cost: 5)
[2018/1/13 - 15:38:24] Alberto Rossi has withdrawn a Desert Eagle from the weapon locker (Cost: 5)
[2018/1/13 - 15:38:56] Gruu Hyde has logged out.
[2018/1/13 - 15:39:21] Tommy Hyde has logged out.
[2018/1/13 - 15:41:12] Crip Maksy Volkoff has lost connection.
[2018/1/13 - 15:45:44] Ninou Fraiser has withdrawn a Desert Eagle from the weapon locker (Cost: 5)
[2018/1/13 - 15:48:12] Ninou Mofujohn has authorized Ninou Fraiser to withdraw a SPAS-12 from the weapon locker (Cost: 30)
[2018/1/13 - 15:48:12] Joe Flleming has logged out.
[2018/1/13 - 15:49:11] Alberto Rossi has logged out.
[2018/1/13 - 15:52:44] Maksy Volkoff has logged out.
[2018/1/13 - 15:53:46] Clint Maddox has logged out.
[2018/1/13 - 15:56:08] Alberto Rossi has withdrawn a Desert Eagle from the weapon locker (Cost: 5)
[2018/1/13 - 15:56:10] Alberto Rossi has withdrawn a Shotgun from the weapon locker (Cost: 3)
[2018/1/13 - 15:58:10] Abe Abdel has withdrawn a Desert Eagle from the weapon locker (Cost: 5)
[2018/1/13 - 15:58:40] Ninou Fraiser has withdrawn a Desert Eagle from the weapon locker (Cost: 5)
[2018/1/13 - 15:59:20] Benny Smith Wallace has authorized Ninou Fraiser to withdraw a MP5 from the weapon locker (Cost: 5)
[2018/1/13 - 16:01:24] Benny Smith Wallace has logged out.
[2018/1/13 - 16:03:22] H.N.I.C Ninou Mofujohn (137951) (rank 6) has given Clint Maddox (887818) rank 4 (BloCc Star) in 1323 Market Mobb (26).
[2018/1/13 - 16:05:33] Abe Abdel has withdrawn a Desert Eagle from the weapon locker (Cost: 5)
[2018/1/13 - 16:06:11] Ninou Mofujohn has withdrawn $5,000,000 from the safe.
[2018/1/13 - 16:07:14] Clint Maddox has withdrawn a Desert Eagle from the weapon locker (Cost: 5)
[2018/1/13 - 16:09:25] Franco Louis has logged out.
[2018/1/13 - 16:12:37] Ninou Mofujohn has adjusted the withdraw rank for item 1 to 5.
[2018/1/13 - 16:13:02] Joe Flleming has withdrawn 10000 materials from the safe.
[2018/1/13 - 16:13:58] Joe Flleming has withdrawn 20000 materials from the safe.
[2018/1/13 - 16:18:02] Shot Caller Joe Flleming (1000087611) (rank 5) has given Abe Abdel (1000348196) rank 1 (Lil Poot) in 1323 Market Mobb (26).
[2018/1/13 - 16:18:08] Shot Caller Joe Flleming (1000087611) (rank 5) has given Alberto Rossi (1000099848) rank 1 (Lil Poot) in 1323 Market Mobb (26).
[2018/1/13 - 16:18:17] Shot Caller Joe Flleming (1000087611) (rank 5) has given Alberto Rossi (1000099848) rank 4 (BloCc Star) in 1323 Market Mobb (26
[2018/1/13 - 16:18:21] Shot Caller Joe Flleming (1000087611) (rank 5) has uninvited Abe Abdel (1000348196) (rank 1) from 1323 Market Mobb (26).
[2018/1/13 - 16:18:53] Alberto Rossi has withdrawn a Desert Eagle from the weapon locker (Cost: 5)
[2018/1/13 - 16:18:56] Alberto Rossi has withdrawn a Shotgun from the weapon locker (Cost: 3)
[2018/1/13 - 16:19:09] Sammy Mccool has withdrawn a Desert Eagle from the weapon locker (Cost: 5)
[2018/1/13 - 16:22:51] Abe Abdel (1000348196) accepted Shot Caller Joe Flleming's (1000087611) invite to join 1323 Market Mobb (26).
[2018/1/13 - 16:31:03] Ryan Dunwich has logged out.
[2018/1/13 - 16:36:29] Baby Crip Abe Abdel has lost connection.
[2018/1/13 - 16:36:38] Hustla Sammy Mccool has lost connection.
[2018/1/13 - 16:37:44] Brandon Volkoff has logged out.
[2018/1/13 - 16:37:54] BloCc Star Alberto Rossi has lost connection.
[2018/1/13 - 16:38:54] Ninou Fraiser has withdrawn a Desert Eagle from the weapon locker (Cost: 5)
[2018/1/13 - 16:38:56] Ninou Fraiser has withdrawn a Shotgun from the weapon locker (Cost: 3)
[2018/1/13 - 16:38:57] Baby Crip Abe Abdel has lost connection.
[2018/1/13 - 16:39:13] Cody Mcwilliams has withdrawn a Desert Eagle from the weapon locker (Cost: 5)
[2018/1/13 - 16:39:42] Franco Louis has logged out.
[2018/1/13 - 16:42:31] Maksy Volkoff has logged out.
[2018/1/13 - 16:44:32] Sammy Mccool has withdrawn a Desert Eagle from the weapon locker (Cost: 5)
[2018/1/13 - 16:46:41] Sammy Mccool has logged out.
[2018/1/13 - 16:57:21] Ninou Mofujohn has withdrawn a Desert Eagle from the weapon locker (Cost: 5)
[2018/1/13 - 16:59:47] Sanchez Uzi (1000625607) accepted H.N.I.C Ninou Mofujohn's (137951) invite to join 1323 Market Mobb (26).
[2018/1/13 - 17:00:01] Cody Mcwilliams has withdrawn a Desert Eagle from the weapon locker (Cost: 5)
[2018/1/13 - 17:04:01] Danilo Buenoh has logged out.
[2018/1/13 - 17:04:51] Aguilar De Nerha (1000189666) accepted H.N.I.C Ninou Mofujohn's (137951) invite to join 1323 Market Mobb (26).
[2018/1/13 - 17:05:00] Ninou Mofujohn has authorized Sanchez Uzi to withdraw a Desert Eagle from the weapon locker (Cost: 5)
[2018/1/13 - 17:05:06] Danilo Buenoh has withdrawn a Desert Eagle from the weapon locker (Cost: 5)
[2018/1/13 - 17:05:09] Lil Poot Tony Wolf has lost connection.
[2018/1/13 - 17:06:22] Clint Maddox has withdrawn a Desert Eagle from the weapon locker (Cost: 5)
[2018/1/13 - 17:07:26] Lil Poot Tony Wolf has lost connection.
[2018/1/13 - 17:10:38] Hustla Cody Mcwilliams has lost connection.
[2018/1/13 - 17:18:48] Ninou Fraiser has logged out.
[2018/1/13 - 17:18:49] Danilo Buenoh has withdrawn a Desert Eagle from the weapon locker (Cost: 5)
[2018/1/13 - 17:24:25] Lee Liang has logged out.
[2018/1/13 - 17:24:44] Clint Maddox has withdrawn a Desert Eagle from the weapon locker (Cost: 5)
[2018/1/13 - 17:24:56] Clint Maddox has withdrawn a Desert Eagle from the weapon locker (Cost: 5)
[2018/1/13 - 17:25:43] Danilo Buenoh has withdrawn a Desert Eagle from the weapon locker (Cost: 5)
[2018/1/13 - 17:25:53] Lee Liang has withdrawn a Shotgun from the weapon locker (Cost: 3)
[2018/1/13 - 17:26:02] Maksy Volkoff has logged out.
[2018/1/13 - 17:26:17] Ninou Mofujohn has logged out.
[2018/1/13 - 17:27:31] Nathan Angelo has logged out.
[2018/1/13 - 17:27:57] Clint Maddox has withdrawn a Desert Eagle from the weapon locker (Cost: 5)
[2018/1/13 - 17:28:46] H.N.I.C Ninou Mofujohn (rank 7) has offline uninvited joe flleming from 1323 Market Mobb (26).
[2018/1/13 - 17:28:47] Lee Liang has withdrawn a Desert Eagle from the weapon locker (Cost: 5)
[2018/1/13 - 17:28:54] Ninou Mofujohn has authorized Sanchez Uzi to withdraw a Desert Eagle from the weapon locker (Cost: 5)
[2018/1/13 - 17:29:21] Brandon Volkoff has logged out.
[2018/1/13 - 17:29:48] Ninou Mofujohn has withdrawn a Desert Eagle from the weapon locker (Cost: 5)
[2018/1/13 - 17:29:49] Ninou Mofujohn has withdrawn a Sniper Rifle from the weapon locker (Cost: 40)
[2018/1/13 - 17:29:51] Ninou Mofujohn has withdrawn a SPAS-12 from the weapon locker (Cost: 30)
[2018/1/13 - 17:29:55] Ninou Mofujohn has deposited a Sniper Rifle into the locker.
[2018/1/13 - 17:30:35] H.N.I.C Ninou Mofujohn has lost connection.
[2018/1/13 - 17:31:22] Brandon Volkoff has withdrawn a Desert Eagle from the weapon locker (Cost: 5)
[2018/1/13 - 17:31:24] Clint Maddox has withdrawn a Desert Eagle from the weapon locker (Cost: 5)
[2018/1/13 - 17:32:20] Lee Liang has withdrawn a Desert Eagle from the weapon locker (Cost: 5)
[2018/1/13 - 17:32:50] Lee Liang has withdrawn a Desert Eagle from the weapon locker (Cost: 5)
[2018/1/13 - 17:34:43] Lee Liang has withdrawn a Desert Eagle from the weapon locker (Cost: 5)
[2018/1/13 - 17:37:07] Clint Maddox has withdrawn a Desert Eagle from the weapon locker (Cost: 5)
[2018/1/13 - 17:37:13] Sammy Mccool has logged out.
[2018/1/13 - 17:39:02] Clint Maddox has withdrawn a Desert Eagle from the weapon locker (Cost: 5)
[2018/1/13 - 17:40:38] Brader Djakarta has logged out.
[2018/1/13 - 17:42:40] Aguilar De Nerha has logged out.
[2018/1/13 - 17:42:42] Clint Maddox has withdrawn a Desert Eagle from the weapon locker (Cost: 5)
[2018/1/13 - 17:44:13] Mitch Makaveli (36021) has made Mitch Makaveli (36021) the leader of the 1323 Market Mobb.
[2018/1/13 - 17:44:23] Clint Maddox has withdrawn a Desert Eagle from the weapon locker (Cost: 5)
[2018/1/13 - 17:49:49] Cody Mcwilliams has logged out.
[2018/1/13 - 17:49:57] Sammy Mccool has withdrawn a Desert Eagle from the weapon locker (Cost: 5)
[2018/1/13 - 17:53:05] Nathan Angelo has logged out.
[2018/1/13 - 17:54:39] Clint Maddox has withdrawn a Desert Eagle from the weapon locker (Cost: 5)
[2018/1/13 - 17:59:51] Lee Liang has logged out.
[2018/1/13 - 18:00:48] Cody Mcwilliams has withdrawn a Desert Eagle from the weapon locker (Cost: 5)
[2018/1/13 - 18:02:39] BloCc Star Clint Maddox has lost connection.
[2018/1/13 - 18:02:45] Mac Hooligan Maddox has logged out.
[2018/1/13 - 18:06:40] Sammy Mccool has logged out.
[2018/1/13 - 18:07:47] Danilo Buenoh has withdrawn a Desert Eagle from the weapon locker (Cost: 5)
[2018/1/13 - 18:08:02] Danilo Buenoh has withdrawn a Desert Eagle from the weapon locker (Cost: 5)
[2018/1/13 - 18:08:27] Maksy Volkoff has logged out.
[2018/1/13 - 18:10:22] Alberto Rossi has withdrawn a Desert Eagle from the weapon locker (Cost: 5)
[2018/1/13 - 18:10:24] Alberto Rossi has withdrawn a Shotgun from the weapon locker (Cost: 3)
[2018/1/13 - 18:10:57] Danilo Buenoh has withdrawn a Desert Eagle from the weapon locker (Cost: 5)
[2018/1/13 - 18:12:23] Cody Mcwilliams has withdrawn a Desert Eagle from the weapon locker (Cost: 5)
[2018/1/13 - 18:12:29] Alberto Rossi has logged out.
[2018/1/13 - 18:13:35] Tony Wolf has logged out.
[2018/1/13 - 18:13:41] Cody Mcwilliams has logged out.
[2018/1/13 - 18:14:58] Alberto Rossi has withdrawn a Desert Eagle from the weapon locker (Cost: 5)
[2018/1/13 - 18:15:05] Alberto Rossi has withdrawn a Shotgun from the weapon locker (Cost: 3)
[2018/1/13 - 18:17:06] Brandon Volkoff has logged out.
[2018/1/13 - 18:18:27] Sanchez Uzi has logged out.
[2018/1/13 - 18:18:39] Alberto Rossi has withdrawn a Silenced Colt .45 from the weapon locker (Cost: 5)
[2018/1/13 - 18:18:41] Alberto Rossi has withdrawn a Desert Eagle from the weapon locker (Cost: 5)
[2018/1/13 - 18:18:42] Alberto Rossi has withdrawn a Shotgun from the weapon locker (Cost: 3)
[2018/1/13 - 18:21:57] Nathan Angelo has logged out.
[2018/1/13 - 18:22:00] Alberto Rossi has withdrawn a Desert Eagle from the weapon locker (Cost: 5)
[2018/1/13 - 18:22:01] Alberto Rossi has withdrawn a Shotgun from the weapon locker (Cost: 3)
[2018/1/13 - 18:24:06] Cody Mcwilliams has logged out.
[2018/1/13 - 18:27:43] Maksy Volkoff has logged out.
[2018/1/13 - 18:30:00] Danilo Buenoh has logged out.
[2018/1/13 - 18:30:31] Alberto Rossi has withdrawn a Desert Eagle from the weapon locker (Cost: 5)
[2018/1/13 - 18:30:32] Alberto Rossi has withdrawn a Shotgun from the weapon locker (Cost: 3)
[2018/1/13 - 18:37:12] Maksy Volkoff has logged out.
[2018/1/13 - 18:39:09] Alberto Rossi has logged out.
[2018/1/13 - 18:39:58] Clint Maddox has withdrawn a Desert Eagle from the weapon locker (Cost: 5)
[2018/1/13 - 18:40:13] Clint Maddox has withdrawn a Desert Eagle from the weapon locker (Cost: 5)
[2018/1/13 - 18:42:06] Maksy Volkoff has logged out.
[2018/1/13 - 18:44:14] Baby Crip Tommy Hyde has lost connection.
[2018/1/13 - 18:44:33] Nathan Angelo has logged out.
[2018/1/13 - 18:55:58] Danilo Buenoh has logged out.
[2018/1/13 - 18:57:55] Maksy Volkoff has logged out.
[2018/1/13 - 18:59:17] Brandon Volkoff has withdrawn a Desert Eagle from the weapon locker (Cost: 5)
[2018/1/13 - 19:04:30] Maksy Volkoff has logged out.
[2018/1/13 - 19:15:03] Maksy Volkoff has logged out.
[2018/1/13 - 19:16:10] Maksy Volkoff has logged out.
[2018/1/13 - 19:17:38] Brader Djakarta has logged out.
[2018/1/13 - 19:17:40] Maksy Volkoff has logged out.
[2018/1/13 - 19:20:10] Sanchez Uzi (1000625607) has quit the 1323 Market Mobb as a rank 0
[2018/1/13 - 19:23:53] Lee Liang has logged out.
[2018/1/13 - 19:26:31] Lee Liang has withdrawn a Desert Eagle from the weapon locker (Cost: 5)
[2018/1/13 - 19:27:09] BloCc Star Lee Liang has lost connection.
[2018/1/13 - 19:31:14] Maksy Volkoff has logged out.
[2018/1/13 - 19:33:49] Maksy Volkoff has logged out.
[2018/1/13 - 19:35:31] Brandon Volkoff has withdrawn a Desert Eagle from the weapon locker (Cost: 5)
[2018/1/13 - 19:35:32] Brandon Volkoff has withdrawn a Shotgun from the weapon locker (Cost: 3)
[2018/1/13 - 19:42:11] Maksy Volkoff has logged out.
[2018/1/13 - 19:42:42] Brandon Volkoff has withdrawn a Desert Eagle from the weapon locker (Cost: 5)
[2018/1/13 - 19:44:36] Maksy Volkoff has logged out.
[2018/1/13 - 19:47:31] Tommy Hyde has logged out.
[2018/1/13 - 19:48:16] Franco Louis has logged out.
[2018/1/13 - 19:48:48] Lil Poot Tony Wolf has lost connection.
[2018/1/13 - 19:57:06] Lee Liang has logged out.
[2018/1/13 - 20:07:03] Maksy Volkoff has logged out.
[2018/1/13 - 20:09:41] Maksy Volkoff has logged out.
[2018/1/13 - 20:11:46] Sammy Mccool has withdrawn a Desert Eagle from the weapon locker (Cost: 5)
[2018/1/13 - 20:11:54] Brandon Volkoff has withdrawn a Desert Eagle from the weapon locker (Cost: 5)
[2018/1/13 - 20:13:49] Sammy Mccool has logged out.
[2018/1/13 - 20:15:36] Brandon Volkoff has withdrawn a Desert Eagle from the weapon locker (Cost: 5)
[2018/1/13 - 20:24:54] Brandon Volkoff has withdrawn a Desert Eagle from the weapon locker (Cost: 5)
[2018/1/13 - 20:25:10] Brandon Volkoff has withdrawn a Desert Eagle from the weapon locker (Cost: 5)
[2018/1/13 - 20:29:58] Brandon Volkoff has withdrawn a Desert Eagle from the weapon locker (Cost: 5)
[2018/1/13 - 20:30:19] Brandon Volkoff has withdrawn a Desert Eagle from the weapon locker (Cost: 5)
[2018/1/13 - 20:30:46] Brandon Volkoff has withdrawn a Desert Eagle from the weapon locker (Cost: 5)
[2018/1/13 - 20:33:21] Clint Maddox has withdrawn a Desert Eagle from the weapon locker (Cost: 5)
[2018/1/13 - 20:39:40] Brandon Volkoff has withdrawn a Desert Eagle from the weapon locker (Cost: 5)
[2018/1/13 - 20:40:06] Maksy Volkoff has logged out.
[2018/1/13 - 20:42:04] Kobe Mece (1000088591) has made Kobe Mece (1000088591) the leader of the 1323 Market Mobb.
[2018/1/13 - 20:54:32] Maksy Volkoff has logged out.
[2018/1/13 - 20:55:35] Brandon Volkoff has withdrawn a Desert Eagle from the weapon locker (Cost: 5)
[2018/1/13 - 20:59:16] Clint Maddox has withdrawn a Silenced Colt .45 from the weapon locker (Cost: 2)
[2018/1/13 - 20:59:24] Clint Maddox has withdrawn a Desert Eagle from the weapon locker (Cost: 5)
[2018/1/13 - 20:59:36] Clint Maddox has withdrawn a Desert Eagle from the weapon locker (Cost: 5)
[2018/1/13 - 21:01:43] Brandon Volkoff has withdrawn a Desert Eagle from the weapon locker (Cost: 5)
[2018/1/13 - 21:01:45] Clint Maddox has withdrawn a Desert Eagle from the weapon locker (Cost: 5)
[2018/1/13 - 21:01:55] Clint Maddox has withdrawn a Desert Eagle from the weapon locker (Cost: 5)
[2018/1/13 - 21:25:34] Nathan Angelo has logged out.
[2018/1/13 - 21:25:38] Baby Crip Tommy Hyde has lost connection.
[2018/1/13 - 21:29:16] Brandon Volkoff has logged out.
[2018/1/13 - 21:33:30] Brandon Volkoff has withdrawn a Desert Eagle from the weapon locker (Cost: 5)
[2018/1/13 - 21:36:24] Mitch Makaveli (36021) has made Matt Honest (880189) the leader of the 1323 Market Mobb.
[2018/1/13 - 21:37:39] Mitch Makaveli (36021) has made Mitch Makaveli (36021) the leader of the 1323 Market Mobb.
[2018/1/13 - 21:37:49] Joe Flleming (1000087611) accepted H.N.I.C Mitch Makaveli's (36021) invite to join 1323 Market Mobb (26).
[2018/1/13 - 21:38:11] H.N.I.C Mitch Makaveli (36021) (rank 6) has given Joe Flleming (1000087611) rank 5 (Shot Caller) in 1323 Market Mobb (26).
[2018/1/13 - 21:38:39] H.N.I.C Mitch Makaveli (36021) has set Joe Flleming's (1000087611) division to OG Killa in 1323 Market Mobb (26).
[2018/1/13 - 21:39:24] Brandon Volkoff has withdrawn a Desert Eagle from the weapon locker (Cost: 5)
[2018/1/13 - 21:39:38] Lee Liang has withdrawn a Desert Eagle from the weapon locker (Cost: 5)
[2018/1/13 - 21:39:42] Joe Flleming has withdrawn a Desert Eagle from the weapon locker (Cost: 5)
[2018/1/13 - 21:39:49] Joe Flleming has withdrawn a M4A1 from the weapon locker (Cost: 35)
[2018/1/13 - 21:41:11] Clint Maddox has withdrawn a Desert Eagle from the weapon locker (Cost: 5)
[2018/1/13 - 21:42:15] Brandon Volkoff has withdrawn a Desert Eagle from the weapon locker (Cost: 5)
[2018/1/13 - 21:47:52] Brandon Volkoff has withdrawn a Desert Eagle from the weapon locker (Cost: 5)
[2018/1/13 - 21:48:33] Clint Maddox has withdrawn a Desert Eagle from the weapon locker (Cost: 5)
[2018/1/13 - 21:48:45] Lee Liang has withdrawn a Desert Eagle from the weapon locker (Cost: 5)
[2018/1/13 - 21:49:05] Joe Flleming has withdrawn a Desert Eagle from the weapon locker (Cost: 5)
[2018/1/13 - 21:49:23] Joe Flleming has withdrawn a Desert Eagle from the weapon locker (Cost: 5)
[2018/1/13 - 21:52:58] Joe Flleming has withdrawn a Rifle from the weapon locker (Cost: 5)
[2018/1/13 - 21:53:24] Joe Flleming has withdrawn a Shotgun from the weapon locker (Cost: 3)
[2018/1/13 - 22:00:26] Lee Liang has logged out.
[2018/1/13 - 22:05:29] Maksy Volkoff has logged out.
[2018/1/13 - 22:10:44] Joe Flleming has withdrawn a Desert Eagle from the weapon locker (Cost: 5)
[2018/1/13 - 22:10:45] Joe Flleming has withdrawn a Shotgun from the weapon locker (Cost: 3)
[2018/1/13 - 22:11:52] Joe Flleming has withdrawn 100 grams of Ecstasy from the safe.
[2018/1/13 - 22:12:06] Joe Flleming has withdrawn 100 grams of Ecstasy from the safe.
[2018/1/13 - 22:12:41] Brandon Volkoff has withdrawn a Desert Eagle from the weapon locker (Cost: 5)
[2018/1/13 - 22:12:44] Joe Flleming has withdrawn a Desert Eagle from the weapon locker (Cost: 5)
[2018/1/13 - 22:13:03] Joe Flleming has withdrawn a Shotgun from the weapon locker (Cost: 3)
[2018/1/13 - 22:13:11] Lee Liang has withdrawn a Desert Eagle from the weapon locker (Cost: 5)
[2018/1/13 - 22:15:21] Clint Maddox has withdrawn a Desert Eagle from the weapon locker (Cost: 5)
[2018/1/13 - 22:15:33] Joe Flleming has withdrawn a Desert Eagle from the weapon locker (Cost: 5)
[2018/1/13 - 22:19:12] Joe Flleming has withdrawn a Rifle from the weapon locker (Cost: 5)
[2018/1/13 - 22:27:49] Brandon Volkoff has withdrawn a Desert Eagle from the weapon locker (Cost: 5)
[2018/1/13 - 22:28:07] Tommy Hyde has logged out.
[2018/1/13 - 22:28:39] Joe Flleming has withdrawn 200 grams of Meth from the safe.
[2018/1/13 - 22:28:41] Clint Maddox has withdrawn a Desert Eagle from the weapon locker (Cost: 5)
[2018/1/13 - 22:33:37] Joe Flleming has withdrawn a Desert Eagle from the weapon locker (Cost: 5)
[2018/1/13 - 22:36:16] Lee Liang has logged out.
[2018/1/13 - 22:39:51] Clint Maddox has withdrawn a Desert Eagle from the weapon locker (Cost: 5)
[2018/1/13 - 22:40:18] Clint Maddox has withdrawn a Desert Eagle from the weapon locker (Cost: 5)
[2018/1/13 - 22:40:37] Brandon Volkoff has withdrawn a Desert Eagle from the weapon locker (Cost: 5)
[2018/1/13 - 22:41:17] Joe Flleming has withdrawn a Desert Eagle from the weapon locker (Cost: 5)
[2018/1/13 - 22:41:20] Jare Debol has logged out.
[2018/1/13 - 22:41:44] Joe Flleming has withdrawn 100 grams of Ecstasy from the safe.
[2018/1/13 - 22:42:34] Joe Flleming has withdrawn a M4A1 from the weapon locker (Cost: 30)
[2018/1/13 - 22:42:47] Maksy Volkoff has logged out.
[2018/1/13 - 22:43:54] Danilo Buenoh (1000397337) has quit the 1323 Market Mobb as a rank 4
[2018/1/13 - 22:50:00] Benny Smith Wallace has authorized Clint Maddox to withdraw a SPAS-12 from the weapon locker (Cost: 50)
[2018/1/13 - 22:50:19] Benny Smith Wallace has withdrawn a SPAS-12 from the weapon locker (Cost: 50)
[2018/1/13 - 22:51:30] Mitch Makaveli (36021) has made Benny Smith Wallace (1000023930) the leader of the 1323 Market Mobb.
[2018/1/13 - 22:51:40] Mitch Makaveli (36021) has made Joe Flleming (1000087611) the leader of the 1323 Market Mobb.
[2018/1/13 - 22:51:55] H.N.I.C Joe Flleming (1000087611) (rank 6) has given Joe Flleming (1000087611) rank 5 (Shot Caller) in 1323 Market Mobb (26).
[2018/1/13 - 22:51:59] H.N.I.C Benny Smith Wallace (1000023930) (rank 6) has given Benny Smith Wallace (1000023930) rank 5 (Shot Caller) in 1323 Marke
[2018/1/13 - 22:52:04] Shot Caller Joe Flleming (1000087611) (rank 5) has uninvited Abe Abdel (1000348196) (rank 0) from 1323 Market Mobb (26).
[2018/1/13 - 22:52:04] Shot Caller Benny Smith Wallace (1000023930) has set Benny Smith Wallace's (1000023930) division to BloCc Work in 1323 Market M
[2018/1/13 - 23:00:38] Joe Flleming has authorized Percy Jones to withdraw a Desert Eagle from the weapon locker (Cost: 5)
[2018/1/13 - 23:05:19] BloCc Star Clint Maddox has lost connection.
[2018/1/13 - 23:10:45] Percy Jones has logged out.
[2018/1/13 - 23:18:03] H.N.I.C Nicole Trey has lost connection.
[2018/1/13 - 23:19:28] H.N.I.C Ninou Mofujohn (137951) (rank 6) has given Maksy Volkoff (1000625996) rank 3 (Hustla) in 1323 Market Mobb (26).
[2018/1/13 - 23:20:43] Ninou Mofujohn has withdrawn a Desert Eagle from the weapon locker (Cost: 5)
[2018/1/13 - 23:20:52] Ninou Mofujohn has withdrawn 40 grams of Ecstasy from the safe.
[2018/1/13 - 23:21:34] Tommy Hyde has logged out.
[2018/1/13 - 23:22:43] Maksy Volkoff has withdrawn a Desert Eagle from the weapon locker (Cost: 5)
[2018/1/13 - 23:23:45] Brandon Volkoff has withdrawn a Desert Eagle from the weapon locker (Cost: 5)
[2018/1/13 - 23:24:40] Joe Flleming has logged out.
[2018/1/13 - 23:29:42] H.N.I.C Ninou Mofujohn (137951) (rank 6) has given Brandon Volkoff (1000625048) rank 4 (BloCc Star) in 1323 Market Mobb (26).
[2018/1/13 - 23:30:15] Ninou Mofujohn has withdrawn a Sniper Rifle from the weapon locker (Cost: 40)
[2018/1/13 - 23:31:24] H.N.I.C Ninou Mofujohn (137951) (rank 6) has given Brandon Volkoff (1000625048) rank 3 (Hustla) in 1323 Market Mobb (26).
[2018/1/13 - 23:31:57] Shot Caller Benny Smith Wallace has lost connection.
[2018/1/13 - 23:39:27] Joe Flleming has logged out.
[2018/1/13 - 23:39:39] Brandon Volkoff has withdrawn a Desert Eagle from the weapon locker (Cost: 5)
[2018/1/13 - 23:41:18] Shot Caller Joe Flleming (1000087611) (rank 5) has given Brandon Volkoff (1000625048) rank 4 (BloCc Star) in 1323 Market Mobb (
[2018/1/13 - 23:41:45] Haris Jones has withdrawn 25 grams of Crack from the safe.
[2018/1/13 - 23:41:49] Haris Jones has withdrawn 10 grams of Ecstasy from the safe.
[2018/1/13 - 23:44:13] Maksy Volkoff has withdrawn a Desert Eagle from the weapon locker (Cost: 5)
[2018/1/13 - 23:44:22] H.N.I.C Ninou Mofujohn has lost connection.
[2018/1/13 - 23:46:42] Ninou Mofujohn has withdrawn a Desert Eagle from the weapon locker (Cost: 5)
[2018/1/13 - 23:46:44] Ninou Mofujohn has withdrawn a SPAS-12 from the weapon locker (Cost: 50)
[2018/1/13 - 23:47:01] Joe Flleming has logged out.
[2018/1/13 - 23:49:39] Joe Flleming has withdrawn a Desert Eagle from the weapon locker (Cost: 5)
[2018/1/13 - 23:49:48] Joe Flleming has withdrawn a SPAS-12 from the weapon locker (Cost: 50)
[2018/1/13 - 23:54:41] Mac Hooligan Maddox has logged out.
[2018/1/13 - 23:56:55] Mark Schneider (1000624932) accepted Shot Caller Haris Jones's (101273) invite to join 1323 Market Mobb (26).
[2018/1/13 - 23:59:02] Hachi Kush (1000222190) accepted H.N.I.C Ninou Mofujohn's (137951) invite to join 1323 Market Mobb (26).
[2018/1/13 - 23:59:18] H.N.I.C Ninou Mofujohn (137951) (rank 6) has given Hachi Kush (1000222190) rank 3 (Hustla) in 1323 Market Mobb (26).
