[2018/1/1 - 18:34:11] Jackson Dread (75484) has made Dan Devil (10256) the leader of the Glory Boyz.
[2018/1/1 - 18:34:33] Lrizz Devil (31262) accepted  Dan Devil's (10256) invite to join Glory Boyz (26).
[2018/1/1 - 18:34:40] Oleg Doroshev (1000318688) accepted  Dan Devil's (10256) invite to join Glory Boyz (26).
[2018/1/1 - 18:34:45] Kenji Snow (1000008256) accepted  Dan Devil's (10256) invite to join Glory Boyz (26).
[2018/1/1 - 18:34:54] Ashlin White (1000602453) accepted  Dan Devil's (10256) invite to join Glory Boyz (26).
[2018/1/1 - 18:35:12] Kane Grimm (1000464548) accepted  Dan Devil's (10256) invite to join Glory Boyz (26).
[2018/1/1 - 18:36:06] Ahmed Choppa (1000624794) accepted  Dan Devil's (10256) invite to join Corajel Del Diablos (26).
[2018/1/1 - 18:36:10] Jackson Dread has withdrawn $3,000 from the safe.
[2018/1/1 - 18:36:31]  Dan Devil (10256) (rank 9) has given Lrizz Devil (31262) rank 9 () in Corajel Del Diablos (26).
[2018/1/1 - 18:36:40] Mike Ock (1000624801) accepted  Dan Devil's (10256) invite to join Corajel Del Diablos (26).
[2018/1/1 - 18:37:04] Nikolay Morozov (1000624869) accepted  Dan Devil's (10256) invite to join Corajel Del Diablos (26).
[2018/1/1 - 18:37:12] Loco Dior (1000131937) accepted  Dan Devil's (10256) invite to join Corajel Del Diablos (26).
[2018/1/1 - 18:37:57] Zach Ventura (1000624912) accepted  Dan Devil's (10256) invite to join Corajel Del Diablos (26).
[2018/1/1 - 18:38:37] Kenji Snow has logged out.
[2018/1/1 - 18:39:22] Oleg Doroshev has logged out.
[2018/1/1 - 18:39:44]  Dan Devil (10256) (rank 9) has given Kane Grimm (1000464548) rank 7 (Glory King) in Corajel Del Diablos (26).
[2018/1/1 - 18:40:04] Oleg Doroshev has logged in.
[2018/1/1 - 18:40:21]  Dan Devil (10256) (rank 9) has given Ashlin White (1000602453) rank 5 (Alligator Killer) in Corajel De Daiblos (26).
[2018/1/1 - 18:40:36] Draco Uggs (1000624905) accepted  Dan Devil's (10256) invite to join Corajel De Daiblos (26).
[2018/1/1 - 18:43:42] Jackson Dread (75484) has made Jackson Dread (75484) the leader of the Coraje Del Diablos.
[2018/1/1 - 18:44:06] Zach Ventura has logged out.
[2018/1/1 - 18:44:23] Dan Devil has adjusted the withdraw rank for item 0 to 7.
[2018/1/1 - 18:44:26] Dan Devil has adjusted the withdraw rank for item 1 to 7.
[2018/1/1 - 18:44:29] Dan Devil has adjusted the withdraw rank for item 2 to 7.
[2018/1/1 - 18:45:17] Zach Ventura has logged in.
[2018/1/1 - 18:46:59] Dane Grimm (1000223997) accepted  Dan Devil's (10256) invite to join Coraje Del Diablos (26).
[2018/1/1 - 18:47:32] Ryan Drill (1000624879) accepted  Dan Devil's (10256) invite to join Coraje Del Diablos (26).
[2018/1/1 - 18:49:16] Loco Dior has logged out.
[2018/1/1 - 18:49:46]  Dan Devil (10256) (rank 9) has given Oleg Doroshev (1000318688) rank 7 (Glory King) in Coraje Del Diablos (26).
[2018/1/1 - 18:51:46] Loco Dior has logged in.
[2018/1/1 - 18:52:00] Ricko Whitman (1000601194) accepted  Dan Devil's (10256) invite to join Coraje Del Diablos (26).
[2018/1/1 - 18:54:24] Jackson Dread (75484) has made Kane Grimm (1000464548) the leader of the Coraje Del Diablos.
[2018/1/1 - 18:56:36] Zach Ventura has deposited $1 into the safe.
[2018/1/1 - 18:57:10]  Dan Devil (10256) (rank 9) has given Nikolay Morozov (1000624869) rank 5 (Alligator Killer) in Coraje Del Diablos (26).
[2018/1/1 - 18:57:19]  Dan Devil (10256) (rank 9) has given Ricko Whitman (1000601194) rank 5 (Alligator Killer) in Coraje Del Diablos (26).
[2018/1/1 - 18:57:39]  Dan Devil (10256) (rank 9) has given Draco Uggs (1000624905) rank 3 (Glory Boy) in Coraje Del Diablos (26).
[2018/1/1 - 18:57:43]  Dan Devil (10256) (rank 9) has given Draco Uggs (1000624905) rank 4 (Glory Gangsta) in Coraje Del Diablos (26).
[2018/1/1 - 18:57:51]  Dan Devil (10256) (rank 9) has given Ryan Drill (1000624879) rank 1 (Glo gang G) in Coraje Del Diablos (26).
[2018/1/1 - 18:57:54]  Dan Devil (10256) (rank 9) has given Zach Ventura (1000624912) rank 1 (Glo gang G) in Coraje Del Diablos (26).
[2018/1/1 - 18:58:04]  Dan Devil (10256) (rank 9) has given Ryan Drill (1000624879) rank 1 (Glo gang G) in Coraje Del Diablos (26).
[2018/1/1 - 19:00:30] Kane Grimm has withdrawn 4000 materials from the safe.
[2018/1/1 - 19:01:18] Kane Grimm has deposited 4000 materials into the safe.
[2018/1/1 - 19:02:16] Kane Grimm has withdrawn $4,000 from the safe.
[2018/1/1 - 19:02:22] Kenji Snow has logged in.
[2018/1/1 - 19:04:18] Jackson Dread (75484) has made Oleg Doroshev (1000318688) the leader of the Coraje Del Diablos.
[2018/1/1 - 19:04:50]  Dan Devil (10256) (rank 9) has given Mike Ock (1000624801) rank 4 (Glory Gangsta) in Coraje Del Diablos (26).
[2018/1/1 - 19:05:06]  Dan Devil (10256) (rank 9) has given Loco Dior (1000131937) rank 3 (Glory Boy) in Coraje Del Diablos (26).
[2018/1/1 - 19:05:21]  Dan Devil (10256) (rank 9) has given Ahmed Choppa (1000624794) rank 1 (Glo gang G) in Coraje Del Diablos (26).
[2018/1/1 - 19:05:31]  Dan Devil (10256) (rank 9) has given Dane Grimm (1000223997) rank 1 (Glo gang G) in Coraje Del Diablos (26).
[2018/1/1 - 19:05:39] Dante Guerrero (1000624956) accepted  Dan Devil's (10256) invite to join Coraje Del Diablos (26).
[2018/1/1 - 19:08:46] Dan Devil (10256) has renamed the  division (#1) to Leadership
[2018/1/1 - 19:08:53]  Dan Devil (10256) has set Dan Devil's (10256) division to Leadership in Coraje Del Diablos (26).
[2018/1/1 - 19:09:10]  Dan Devil (10256) (rank 9) has given Kenji Snow (1000008256) rank 7 (Glory King) in Coraje Del Diablos (26).
[2018/1/1 - 19:09:16]  Dan Devil (10256) has set Kenji Snow's (1000008256) division to Leadership in Coraje Del Diablos (26).
[2018/1/1 - 19:09:21]  Dan Devil (10256) has set Kane Grimm's (1000464548) division to Leadership in Coraje Del Diablos (26).
[2018/1/1 - 19:09:36]  Dan Devil (10256) has set Oleg Doroshev's (1000318688) division to Leadership in Coraje Del Diablos (26).
[2018/1/1 - 19:09:43] Kenji Snow has logged out.
[2018/1/1 - 19:21:43] Olly Bronx (1000624957) accepted  Dan Devil's (10256) invite to join Coraje Del Diablos (26).
[2018/1/1 - 19:23:05] Drazy Chicano (1000624971) accepted  Dan Devil's (10256) invite to join Coraje Del Diablos (26).
[2018/1/1 - 19:23:11]  Dan Devil (10256) (rank 9) has given Olly Bronx (1000624957) rank 3 (Glory Boy) in Coraje Del Diablos (26).
[2018/1/1 - 19:23:19]  Dan Devil (10256) (rank 9) has given Drazy Chicano (1000624971) rank 2 (Young Glo) in Coraje Del Diablos (26).
[2018/1/1 - 19:24:25] Zach Ventura (1000624912) has quit the Coraje Del Diablos as a rank 1
[2018/1/1 - 19:25:14] Dante Guerrero (1000624956) has quit the Coraje Del Diablos as a rank 0
[2018/1/1 - 19:26:43] Glory Gangsta Draco Uggs has lost connection.
[2018/1/1 - 19:29:10] Logan Western (1000624990) accepted  Dan Devil's (10256) invite to join Coraje Del Diablos (26).
[2018/1/1 - 19:29:11]  Dan Devil (10256) (rank 9) has given Logan Western (1000624990) rank 4 (Glory Gangsta) in Coraje Del Diablos (26).
[2018/1/1 - 19:29:59] Ricko Whitman has logged in.
[2018/1/1 - 19:34:12] Draco Uggs has logged in.
[2018/1/1 - 19:34:13] Alligator Killer Ricko Whitman has lost connection.
[2018/1/1 - 19:36:11] Glory Boy Olly Bronx has lost connection.
[2018/1/1 - 19:36:40] Olly Bronx has logged in.
[2018/1/1 - 19:38:41] Kane Grimm (1000464548) has changed MOTD for GANG SHIT to: GANG SHIT in slot 1
[2018/1/1 - 19:40:21] undefined Dan Devil has lost connection.
[2018/1/1 - 19:40:47] Dan Devil has logged in.
[2018/1/1 - 19:41:36] Dan Devil (10256) has changed MOTD for Teamspeak channel PW: jews to: Teamspeak channel PW: jews in slot 1
[2018/1/1 - 19:42:16] Ricko Whitman has logged in.
[2018/1/1 - 19:42:57] Ashlin White has logged out.
[2018/1/1 - 19:43:04] Loco Dior has logged in.
[2018/1/1 - 19:43:43] Ashlin White has logged in.
[2018/1/1 - 19:45:21] Glo gang G Ahmed Choppa has lost connection.
[2018/1/1 - 19:45:36] Fac Chicano (1000624885) accepted  Dan Devil's (10256) invite to join Coraje Del Diablos (26).
[2018/1/1 - 19:47:37] Souheil Smith (1000603885) accepted  Dan Devil's (10256) invite to join Coraje Del Diablos (26).
[2018/1/1 - 19:48:00] Kane Grimm has logged in.
[2018/1/1 - 19:50:48] Moorice Sanchez (1000625002) accepted Glory King Kane Grimm's (1000464548) invite to join Coraje Del Diablos (26).
[2018/1/1 - 19:53:30] Glory King Kane Grimm (1000464548) (rank 7) has given Moorice Sanchez (1000625002) rank 4 (Glory Gangsta) in Coraje Del Diablos
[2018/1/1 - 19:55:38] Logan Western has logged out.
[2018/1/1 - 19:57:41] Logan Western has logged in.
[2018/1/1 - 20:02:54] Zach Ventura (1000624912) accepted  Dan Devil's (10256) invite to join Coraje Del Diablos (26).
[2018/1/1 - 20:03:19] Dante Guerrero (1000624956) accepted  Dan Devil's (10256) invite to join Coraje Del Diablos (26).
[2018/1/1 - 20:03:30] Alligator Killer Ricko Whitman has lost connection.
[2018/1/1 - 20:10:38] Glo Rat Dante Guerrero has lost connection.
[2018/1/1 - 20:11:04] Dante Guerrero has logged in.
[2018/1/1 - 20:18:25] Kane Grimm has logged out.
[2018/1/1 - 20:18:30] Logan Western has logged out.
[2018/1/1 - 20:18:45]  Dan Devil (10256) (rank 9) has given Fac Chicano (1000624885) rank 5 (Alligator Killer) in Coraje Del Diablos (26).
[2018/1/1 - 20:19:29] Souheil Smith has logged out.
[2018/1/1 - 20:20:39] Ahmed Choppa has logged in.
[2018/1/1 - 20:24:01] Ryan Drill has logged in.
[2018/1/1 - 20:26:56] Ryan Drill has logged out.
[2018/1/1 - 20:27:04] Ricko Whitman has logged in.
[2018/1/1 - 20:27:55] Abdul Choppa has logged out.
[2018/1/1 - 20:28:35] Ryan Drill has logged in.
[2018/1/1 - 20:28:43] Drazy Chicano has logged out.
[2018/1/1 - 20:29:59] Alligator Killer Ricko Whitman has lost connection.
[2018/1/1 - 20:30:37] Glo gang G Dane Grimm has lost connection.
[2018/1/1 - 20:38:10] Ashlin White has logged out.
[2018/1/1 - 20:38:12] Logan Western has logged in.
[2018/1/1 - 20:38:37] Tony Blaze Speed (1000624883) accepted  Dan Devil's (10256) invite to join Coraje Del Diablos (26).
[2018/1/1 - 20:38:43] Loco Dior has logged out.
[2018/1/1 - 20:40:42] Dan Devil has withdrawn 4000 materials from the safe.
[2018/1/1 - 20:41:59] Oleg Doroshev has logged out.
[2018/1/1 - 20:42:30] Oleg Doroshev has logged in.
[2018/1/1 - 20:42:40] Tony Blaze Speed has deposited 300 materials into the safe.
[2018/1/1 - 20:42:57] Tony Blaze Speed has deposited $50000 into the safe.
[2018/1/1 - 20:45:09] Glory Gangsta Logan Western has lost connection.
[2018/1/1 - 20:45:33] Glo Rat Dante Guerrero has lost connection.
[2018/1/1 - 20:45:59] Dante Guerrero has logged in.
[2018/1/1 - 20:48:03] Oleg Doroshev has logged out.
[2018/1/1 - 20:48:18] undefined Dan Devil has lost connection.
[2018/1/1 - 20:48:27] Oleg Doroshev has logged in.
[2018/1/1 - 20:48:57] Dan Devil has logged in.
[2018/1/1 - 20:50:04] Oleg Doroshev has logged out.
[2018/1/1 - 20:50:32] Oleg Doroshev has logged in.
[2018/1/1 - 20:51:41] Derek Gucci Sosa (1000129064) accepted  Dan Devil's (10256) invite to join Coraje Del Diablos (26).
[2018/1/1 - 20:51:44]  Dan Devil (10256) (rank 9) has given Derek Gucci Sosa (1000129064) rank 7 (Glory King) in Coraje Del Diablos (26).
[2018/1/1 - 20:51:49]  Dan Devil (10256) has set Derek Gucci Sosa's (1000129064) division to Leadership in Coraje Del Diablos (26).
[2018/1/1 - 20:53:24] Derek Gucci Sosa has logged out.
[2018/1/1 - 20:53:58] Logan Western has logged in.
[2018/1/1 - 20:54:36] Derek Gucci Sosa has logged in.
[2018/1/1 - 20:54:57] Logan Western has logged out.
[2018/1/1 - 20:55:46] Logan Western has logged in.
[2018/1/1 - 20:56:29] Logan Western has logged out.
[2018/1/1 - 20:56:43] Jackson Dread (75484) has made Oleg Doroshev (1000318688) the leader of the Coraje Del Diablos.
[2018/1/1 - 20:57:06] Ashlin White has logged in.
[2018/1/1 - 20:57:12] Jackson Dread (75484) has made Derek Gucci Sosa (1000129064) the leader of the Coraje Del Diablos.
[2018/1/1 - 20:57:36] Dante Guerrero has logged out.
[2018/1/1 - 20:57:58] Logan Western has logged in.
[2018/1/1 - 20:58:05] Glory King Derek Gucci Sosa (1000129064) (rank 7) has given Tony Blaze Speed (1000624883) rank 4 (Glory Gangsta) in Coraje Del 
[2018/1/1 - 20:58:06] Mike Ock has logged out.
[2018/1/1 - 20:58:15] Dan Devil has withdrawn 2000 materials from the safe.
[2018/1/1 - 20:58:44] Mike Ock has logged in.
[2018/1/1 - 20:58:57] Dan Devil has withdrawn 500 materials from the safe.
[2018/1/1 - 20:59:53] Logan Western has logged out.
[2018/1/1 - 21:00:14] Dan Devil has withdrawn 4000 materials from the safe.
[2018/1/1 - 21:00:50] Logan Western has logged in.
[2018/1/1 - 21:00:52]  Dan Devil (10256) has set Derek Gucci Sosa's (1000129064) division to Leadership in Coraje Del Diablos (26).
[2018/1/1 - 21:02:24] Kane Grimm has logged in.
[2018/1/1 - 21:03:26] Dan Devil has withdrawn 20 grams of Pot from the safe.
[2018/1/1 - 21:03:35] Dan Devil has withdrawn 20 grams of Crack from the safe.
[2018/1/1 - 21:05:05] Kalle Dios Anka (1000625034) accepted Glory King Derek Gucci Sosa's (1000129064) invite to join Coraje Del Diablos (26).
[2018/1/1 - 21:08:23] Ashlin White has logged out.
[2018/1/1 - 21:08:52] Ashlin White has logged in.
[2018/1/1 - 21:09:52] Ryan Drill has logged out.
[2018/1/1 - 21:10:03] Mike Ock has logged out.
[2018/1/1 - 21:11:12] Mike Ock has logged in.
[2018/1/1 - 21:25:11] Glory Gangsta Moorice Sanchez has lost connection.
[2018/1/1 - 21:27:40] Moorice Sanchez has logged in.
[2018/1/1 - 21:29:23] Kalle Dios Anka has logged out.
[2018/1/1 - 21:31:23] Skippy Legomane (1000624808) accepted  Dan Devil's (10256) invite to join Coraje Del Diablos (26).
[2018/1/1 - 21:31:35] Kane Grimm has logged out.
[2018/1/1 - 21:33:26] Olly Bronx has logged out.
[2018/1/1 - 21:33:33] Kane Grimm has logged in.
[2018/1/1 - 21:34:26] Kane Grimm has logged out.
[2018/1/1 - 21:35:04] Kane Grimm has logged in.
[2018/1/1 - 21:35:47] Kane Grimm has logged in.
[2018/1/1 - 21:38:29] Logan Western has logged out.
[2018/1/1 - 21:39:30] Logan Western has logged in.
[2018/1/1 - 21:39:36] Glory Gangsta Tony Blaze Speed has lost connection.
[2018/1/1 - 21:40:46] Tony Blaze Speed has logged in.
[2018/1/1 - 21:40:51] Ashlin White has withdrawn a Desert Eagle from the weapon locker (Cost: 10)
[2018/1/1 - 21:41:05] Fac Chicano has withdrawn a Desert Eagle from the weapon locker (Cost: 10)
[2018/1/1 - 21:41:08] Logan Western has withdrawn a Desert Eagle from the weapon locker (Cost: 10)
[2018/1/1 - 21:41:42] Moorice Sanchez has withdrawn a Desert Eagle from the weapon locker (Cost: 10)
[2018/1/1 - 21:42:01] Derek Gucci Sosa has withdrawn 10 grams of Pot from the safe.
[2018/1/1 - 21:44:52] Dante Guerrero has logged in.
[2018/1/1 - 21:44:59] Karin Nilsson (1000579439) accepted Glory King Oleg Doroshev's (1000318688) invite to join Coraje Del Diablos (26).
[2018/1/1 - 21:45:11] Kane Grimm has logged out.
[2018/1/1 - 21:45:21] Glory King Derek Gucci Sosa (1000129064) (rank 7) has given Logan Western (1000624990) rank 2 (Young Glo) in Coraje Del Diablos
[2018/1/1 - 21:45:24] Glory King Derek Gucci Sosa (1000129064) (rank 7) has given Tony Blaze Speed (1000624883) rank 2 (Young Glo) in Coraje Del Diab
[2018/1/1 - 21:45:28] Glory King Derek Gucci Sosa (1000129064) (rank 7) has given Mike Ock (1000624801) rank 2 (Young Glo) in Coraje Del Diablos (26)
[2018/1/1 - 21:45:33] Glory King Derek Gucci Sosa (1000129064) (rank 7) has given Ahmir Guccii Draco (1000624905) rank 4 (Glory Gangsta) in Coraje De
[2018/1/1 - 21:45:37] Glory King Derek Gucci Sosa (1000129064) (rank 7) has given Ahmir Guccii Draco (1000624905) rank 2 (Young Glo) in Coraje Del Di
[2018/1/1 - 21:45:55] Glory King Derek Gucci Sosa (1000129064) (rank 7) has given Fac Chicano (1000624885) rank 2 (Young Glo) in Coraje Del Diablos (
[2018/1/1 - 21:45:57] Glory King Derek Gucci Sosa (1000129064) (rank 7) has given Moorice Sanchez (1000625002) rank 2 (Young Glo) in Coraje Del Diabl
[2018/1/1 - 21:46:09] Jackson Dread (75484) has made Jackson Dread (75484) the leader of the Coraje Del Diablos.
[2018/1/1 - 21:46:22] Abdul Choppa has logged in.
[2018/1/1 - 21:48:24] Karin Nilsson (1000579439) has quit the Coraje Del Diablos as a rank 0
[2018/1/1 - 21:54:55] Jackson Dread has adjusted the withdraw rank for item 1 to 2.
[2018/1/1 - 21:55:33] Glory King Jackson Dread (75484) (rank 7) has given Jackson Dread (75484) rank 2 (Young Glo) in Coraje Del Diablos (26).
[2018/1/1 - 21:58:42] Young Glo Fac Chicano has lost connection.
[2018/1/1 - 22:00:36] Fac Chicano has logged in.
[2018/1/1 - 22:02:15] Derek Gucci Sosa has logged in.
[2018/1/1 - 22:06:00] Ahmed Choppa has logged in.
[2018/1/1 - 22:07:55] Derek Gucci Sosa has withdrawn a Desert Eagle from the weapon locker (Cost: 10)
[2018/1/1 - 22:11:14] Young Glo Moorice Sanchez has lost connection.
[2018/1/1 - 22:12:47] Skippy Legomane has logged out.
[2018/1/1 - 22:13:47] Tony Blaze Speed has logged in.
[2018/1/1 - 22:13:57] Oleg Doroshev has withdrawn $100,000 from the safe.
[2018/1/1 - 22:14:33] Skippy Legomane has logged in.
[2018/1/1 - 22:15:54] Abdul Choppa has deposited 100 materials into the safe.
[2018/1/1 - 22:17:49] Derek Gucci Sosa has set Silenced Colt .45 weapon restriction from rank 3+ to 7.
[2018/1/1 - 22:17:52] Derek Gucci Sosa has set Desert Eagle weapon restriction from rank 3+ to 7.
[2018/1/1 - 22:17:54] Derek Gucci Sosa has set Shotgun weapon restriction from rank 3+ to 7.
[2018/1/1 - 22:17:56] Derek Gucci Sosa has set MP5 weapon restriction from rank 3+ to 7.
[2018/1/1 - 22:17:57] Derek Gucci Sosa has set AK-47 weapon restriction from rank 3+ to 7.
[2018/1/1 - 22:18:00] Derek Gucci Sosa has set M4A1 weapon restriction from rank 5+ to 7.
[2018/1/1 - 22:18:04] Derek Gucci Sosa has set Rifle weapon restriction from rank 5+ to 7.
[2018/1/1 - 22:18:06] Derek Gucci Sosa has set SPAS-12 weapon restriction from rank 5+ to 7.
[2018/1/1 - 22:18:08] Derek Gucci Sosa has set Sniper Rifle weapon restriction from rank 5+ to 7.
[2018/1/1 - 22:18:10] Derek Gucci Sosa has set Desert Eagle weapon restriction from rank 7+ to 5.
[2018/1/1 - 22:18:13] Derek Gucci Sosa has set Shotgun weapon restriction from rank 7+ to 5.
[2018/1/1 - 22:18:16] Derek Gucci Sosa has set Silenced Colt .45 weapon restriction from rank 7+ to 5.
[2018/1/1 - 22:18:36] Glory King Derek Gucci Sosa (1000129064) (rank 7) has given Mike Ock (1000624801) rank 4 (Glory Gangsta) in Coraje Del Diablos 
[2018/1/1 - 22:18:39] Glory King Derek Gucci Sosa (1000129064) (rank 7) has given Logan Western (1000624990) rank 4 (Glory Gangsta) in Coraje Del Dia
[2018/1/1 - 22:18:51] Glory King Derek Gucci Sosa (1000129064) (rank 7) has given Fac Chicano (1000624885) rank 4 (Glory Gangsta) in Coraje Del Diabl
[2018/1/1 - 22:19:12] Abdul Choppa has logged out.
[2018/1/1 - 22:19:40] Kevin Flowers (1000625041) accepted Glory King Derek Gucci Sosa's (1000129064) invite to join Coraje Del Diablos (26).
[2018/1/1 - 22:20:05] Joe Madrox (1000625053) accepted Glory King Derek Gucci Sosa's (1000129064) invite to join Coraje Del Diablos (26).
[2018/1/1 - 22:21:01] Adam Wrzosek (1000625055) accepted Glory King Derek Gucci Sosa's (1000129064) invite to join Coraje Del Diablos (26).
[2018/1/1 - 22:22:39]  Dan Devil (10256) (rank 9) has given Kevin Flowers (1000625041) rank 4 (Glory Gangsta) in Coraje Del Diablos (26).
[2018/1/1 - 22:22:50]  Dan Devil (10256) (rank 9) has given Adam Wrzosek (1000625055) rank 2 (Young Glo) in Coraje Del Diablos (26).
[2018/1/1 - 22:23:41] Ashlin White has logged out.
[2018/1/1 - 22:26:28] Ashlin White has logged in.
[2018/1/1 - 22:26:42] Fac Chicano has logged out.
[2018/1/1 - 22:27:39] Glory King Derek Gucci Sosa (1000129064) (rank 7) has given Ahmir Guccii Draco (1000624905) rank 4 (Glory Gangsta) in Coraje De
[2018/1/1 - 22:27:42] Oleg Doroshev has logged out.
[2018/1/1 - 22:28:11] Oleg Doroshev has logged in.
[2018/1/1 - 22:29:22] Moorice Sanchez has logged in.
[2018/1/1 - 22:31:36] Karin Nilsson (1000579439) accepted Glory King Derek Gucci Sosa's (1000129064) invite to join Coraje Del Diablos (26).
[2018/1/1 - 22:34:49] Glo Rat Karin Nilsson has lost connection.
[2018/1/1 - 22:36:15] Karin Nilsson has logged in.
[2018/1/1 - 22:36:19] Logan Western has logged out.
[2018/1/1 - 22:36:34] Glo Rat Karin Nilsson has lost connection.
[2018/1/1 - 22:37:18] Karin Nilsson has logged in.
[2018/1/1 - 22:37:33] Adam Wrzosek has withdrawn 1 materials from the safe.
[2018/1/1 - 22:37:44] Adam Wrzosek has withdrawn 899 materials from the safe.
[2018/1/1 - 22:37:48] Glo Rat Karin Nilsson has lost connection.
[2018/1/1 - 22:38:43] Ashlin White has withdrawn a Desert Eagle from the weapon locker (Cost: 10)
[2018/1/1 - 22:39:00] Kevin Flowers has deposited 500 materials into the safe.
[2018/1/1 - 22:41:44] Young Glo Moorice Sanchez has lost connection.
[2018/1/1 - 22:43:04] Moorice Sanchez has logged in.
[2018/1/1 - 22:43:47] undefined Dan Devil has lost connection.
[2018/1/1 - 22:44:30] Young Glo Moorice Sanchez has lost connection.
[2018/1/1 - 22:44:40] Dan Devil has logged in.
[2018/1/1 - 22:44:59] Jaffar Khan (1000625059) accepted Glory King Oleg Doroshev's (1000318688) invite to join Coraje Del Diablos (26).
[2018/1/1 - 22:46:06] Moorice Sanchez has logged in.
[2018/1/1 - 22:46:25] Blaize Diablo (1000599248) accepted  Dan Devil's (10256) invite to join Coraje Del Diablos (26).
[2018/1/1 - 22:46:25]  Dan Devil (10256) (rank 9) has given Blaize Diablo (1000599248) rank 4 (Glory Gangsta) in Coraje Del Diablos (26).
[2018/1/1 - 22:48:50] Blaize Diablo has logged out.
[2018/1/1 - 22:49:56] Young Glo Moorice Sanchez has lost connection.
[2018/1/1 - 22:50:10] Blaize Diablo has logged in.
[2018/1/1 - 22:54:37]  Dan Devil (10256) (rank 9) has given Ashlin White (1000602453) rank 4 (Glory Gangsta) in Coraje Del Diablos (26).
[2018/1/1 - 22:54:48]  Dan Devil (10256) (rank 9) has given Ashlin White (1000602453) rank 5 (Alligator Killer) in Coraje Del Diablos (26).
[2018/1/1 - 22:55:46] Derek Gucci Sosa has set Shotgun weapon restriction from rank 5+ to 7.
[2018/1/1 - 22:55:48] Derek Gucci Sosa has set Desert Eagle weapon restriction from rank 5+ to 7.
[2018/1/1 - 22:55:49] Derek Gucci Sosa has set Silenced Colt .45 weapon restriction from rank 5+ to 7.
[2018/1/1 - 22:55:53]  Dan Devil (10256) (rank 9) has given Blaize Diablo (1000599248) rank 5 (Alligator Killer) in Coraje Del Diablos (26).
[2018/1/1 - 22:57:33] Oleg Doroshev has logged out.
[2018/1/1 - 22:59:26] Ahmir Guccii Draco has logged in.
[2018/1/1 - 23:00:08] Young Glo Adam Wrzosek has lost connection.
[2018/1/1 - 23:01:33] Derek Gucci Sosa has withdrawn 13000 materials from the safe.
[2018/1/1 - 23:02:04] Tony Blaze Speed has logged out.
[2018/1/1 - 23:08:11] Dan Devil has withdrawn a Desert Eagle from the weapon locker (Cost: 10)
[2018/1/1 - 23:13:20] Tony Blaze Speed has logged in.
[2018/1/1 - 23:17:35] Jaffar Khan has logged out.
[2018/1/1 - 23:20:21] Dan Devil has withdrawn $15,000 from the safe.
[2018/1/1 - 23:22:43] Kevin Kush (1000071051) has made Kevin Kush (1000071051) the leader of the Coraje Del Diablos.
[2018/1/1 - 23:23:01] Dante Guerrero has logged out.
[2018/1/1 - 23:23:47] Dante Guerrero has logged in.
[2018/1/1 - 23:27:45] Logan Western has logged in.
[2018/1/1 - 23:32:01] Nikolay Morozov has logged in.
[2018/1/1 - 23:32:15] Dante Guerrero has logged out.
[2018/1/1 - 23:32:46] Jaffar Khan has logged in.
[2018/1/1 - 23:35:01] Dan Devil has withdrawn a Desert Eagle from the weapon locker (Cost: 10)
[2018/1/1 - 23:35:02] Derek Gucci Sosa has withdrawn a Desert Eagle from the weapon locker (Cost: 10)
[2018/1/1 - 23:35:34] Blaize Diablo has logged out.
[2018/1/1 - 23:36:25] Blaize Diablo has logged in.
[2018/1/1 - 23:37:27] Drazy Chicano has logged in.
[2018/1/1 - 23:37:31] Ahmed Choppa has logged out.
[2018/1/1 - 23:38:27] Nikolay Morozov has logged out.
[2018/1/1 - 23:39:07] Nikolay Morozov has logged in.
[2018/1/1 - 23:43:29] Waldo Ladd (1000624944) accepted  Dan Devil's (10256) invite to join Coraje Del Diablos (26).
[2018/1/1 - 23:43:37]  Dan Devil (10256) (rank 9) has given Waldo Ladd (1000624944) rank 4 (Glory Gangsta) in Coraje Del Diablos (26).
[2018/1/1 - 23:43:46] Logan Western has logged out.
[2018/1/1 - 23:44:04] Derek Gucci Sosa has withdrawn a Desert Eagle from the weapon locker (Cost: 10)
[2018/1/1 - 23:46:37] Kevin Flowers has logged out.
[2018/1/1 - 23:48:24] Kevin Flowers has logged in.
[2018/1/1 - 23:48:28] Derek Gucci Sosa has authorized Ashlin White to withdraw a Desert Eagle from the weapon locker (Cost: 10)
[2018/1/1 - 23:48:30] Derek Gucci Sosa has authorized Waldo Ladd to withdraw a Desert Eagle from the weapon locker (Cost: 10)
[2018/1/1 - 23:48:37] Jaffar Khan has logged out.
[2018/1/1 - 23:48:57] Waldo Ladd has logged out.
[2018/1/1 - 23:49:41] Alligator Killer Blaize Diablo has lost connection.
[2018/1/1 - 23:50:18] Kevin Flowers has logged out.
[2018/1/1 - 23:51:20] Kevin Flowers has logged in.
[2018/1/1 - 23:53:20] Karin Nilsson has logged in.
[2018/1/1 - 23:54:32] Glo Rat Karin Nilsson has lost connection.
[2018/1/1 - 23:59:12] Karin Nilsson has logged in.
