[2018/1/23 - 0:00:40] H.N.I.C Ninou Mofujohn (137951) (rank 6) has given Benjo Fisher (1000501508) rank 4 (BloCc Star) in 1323 Market Mobb (26).
[2018/1/23 - 0:01:13] H.N.I.C Ninou Mofujohn (137951) (rank 6) has given Benjo Fisher (1000501508) rank 5 (Shot Caller) in 1323 Market Mobb (26).
[2018/1/23 - 0:04:03] Shot Caller Benjo Fisher (1000501508) (rank 5) has given Dan Radcliffe (1000627723) rank 1 (Lil Poot) in 1323 Market Mobb (26).
[2018/1/23 - 0:05:32] Jaffar Mertens has logged out.
[2018/1/23 - 0:10:39] Scotty Cain (1000612242) accepted H.N.I.C Ninou Mofujohn's (137951) invite to join 1323 Market Mobb (26).
[2018/1/23 - 0:11:01] H.N.I.C Ninou Mofujohn (137951) (rank 6) has given Scotty Cain (1000612242) rank 3 (Hustla) in 1323 Market Mobb (26).
[2018/1/23 - 0:11:04] H.N.I.C Ninou Mofujohn (137951) has set Scotty Cain's (1000612242) division to Hustler in 1323 Market Mobb (26).
[2018/1/23 - 0:14:23] Laquez Liang has logged out.
[2018/1/23 - 0:14:37] H.N.I.C Ninou Mofujohn (137951) has set Joe Flleming's (1000087611) division to SES in 1323 Market Mobb (26).
[2018/1/23 - 0:16:27] Jet Gibson has withdrawn a Shotgun from the weapon locker (Cost: 3)
[2018/1/23 - 0:16:58] H.N.I.C Ninou Mofujohn (137951) has set Clint Maddox's (887818) division to Hustler in 1323 Market Mobb (26).
[2018/1/23 - 0:17:07] Shot Caller Benjo Fisher (1000501508) has set Clint Maddox's (887818) division to Hangout in 1323 Market Mobb (26).
[2018/1/23 - 0:17:15] Shot Caller Benjo Fisher (1000501508) has set Clint Maddox's (887818) division to Hustler in 1323 Market Mobb (26).
[2018/1/23 - 0:17:27] Haris Jones has deposited a AK-47 into the locker.
[2018/1/23 - 0:17:38] Haris Jones has withdrawn a SPAS-12 from the weapon locker (Cost: 30)
[2018/1/23 - 0:18:07] Haris Jones has authorized Jet Gibson to withdraw a TEC-9 from the weapon locker (Cost: 3)
[2018/1/23 - 0:24:05] H.N.I.C Ninou Mofujohn has lost connection.
[2018/1/23 - 0:27:38] Haris Jones has logged out.
[2018/1/23 - 0:31:05] Shot Caller Benjo Fisher has lost connection.
[2018/1/23 - 0:31:33] Jet Gibson has logged out.
[2018/1/23 - 0:32:40] Ninou Mofujohn has adjusted the withdraw rank for item 2 to 6.
[2018/1/23 - 0:32:42] Ninou Mofujohn has adjusted the withdraw rank for item 1 to 6.
[2018/1/23 - 0:43:07] Taylor Cro (1000133140) accepted H.N.I.C Ninou Mofujohn's (137951) invite to join 1323 Market Mobb (26).
[2018/1/23 - 0:43:20] H.N.I.C Ninou Mofujohn (137951) has set Taylor Cro's (1000133140) division to Hangout in 1323 Market Mobb (26).
[2018/1/23 - 0:44:19] Dan Radcliffe has logged out.
[2018/1/23 - 0:46:56] Ninou Mofujohn has authorized Taylor Cro to withdraw a Desert Eagle from the weapon locker (Cost: 5)
[2018/1/23 - 0:51:00] Taylor Cro has logged out.
[2018/1/23 - 1:13:35] Taylor Cro has logged out.
[2018/1/23 - 1:14:40] Scotty Cain has logged out.
[2018/1/23 - 1:17:12] Ninou Mofujohn has authorized Sam Park to withdraw a Desert Eagle from the weapon locker (Cost: 5)
[2018/1/23 - 1:30:14] Ninou Mofujohn has deposited 2900 grams of Heroin into the safe.
[2018/1/23 - 1:30:20] Ninou Mofujohn has withdrawn a Sniper Rifle from the weapon locker (Cost: 40)
[2018/1/23 - 1:30:27] Ninou Mofujohn has withdrawn 60 grams of Meth from the safe.
[2018/1/23 - 1:30:31] Ninou Mofujohn has authorized Clint Maddox to withdraw a AK-47 from the weapon locker (Cost: 15)
[2018/1/23 - 1:30:44] Ninou Mofujohn has withdrawn 100 grams of Crack from the safe.
[2018/1/23 - 1:39:49] Crip Sam Park has lost connection.
[2018/1/23 - 1:52:07] Clint Maddox has logged out.
[2018/1/23 - 1:55:49] H.N.I.C Ninou Mofujohn (137951) (rank 6) has given Joe Flleming (1000087611) rank 5 (Shot Caller) in 1323 Market Mobb (26).
[2018/1/23 - 1:58:40] Joe Flleming has withdrawn a Desert Eagle from the weapon locker (Cost: 5)
[2018/1/23 - 1:58:43] Joe Flleming has withdrawn a AK-47 from the weapon locker (Cost: 15)
[2018/1/23 - 2:01:17] Joe Flleming has logged out.
[2018/1/23 - 2:01:59] Troy B Daddy (1000627855) accepted H.N.I.C Ninou Mofujohn's (137951) invite to join 1323 Market Mobb (26).
[2018/1/23 - 2:02:01] Rambo Dunbar has withdrawn a Desert Eagle from the weapon locker (Cost: 5)
[2018/1/23 - 2:02:05] H.N.I.C Ninou Mofujohn (137951) has set Troy B Daddy's (1000627855) division to Hangout in 1323 Market Mobb (26).
[2018/1/23 - 2:03:38] Ninou Mofujohn (137951) has changed MOTD for ALLIED NONE LOOKING FOR RANK UP ? POST RP IN OUR RP THREADS to: ALLIED NONE LOOKIN
[2018/1/23 - 2:04:25] Ninou Mofujohn has authorized Sam Park to withdraw a Desert Eagle from the weapon locker (Cost: 5)
[2018/1/23 - 2:06:26] Ninou Mofujohn has withdrawn a Desert Eagle from the weapon locker (Cost: 5)
[2018/1/23 - 2:06:28] Ninou Mofujohn has withdrawn a SPAS-12 from the weapon locker (Cost: 30)
[2018/1/23 - 2:10:41] Joe Flleming has authorized Sam Park to withdraw a Desert Eagle from the weapon locker (Cost: 5)
[2018/1/23 - 2:11:10] Joe Flleming has withdrawn a Desert Eagle from the weapon locker (Cost: 5)
[2018/1/23 - 2:23:46] Joe Flleming has logged out.
[2018/1/23 - 2:23:57] Rambo Dunbar has logged out.
[2018/1/23 - 2:33:37] Sam Park has logged out.
[2018/1/23 - 2:37:20] Troy B Daddy has logged out.
[2018/1/23 - 2:39:17] Ninou Mofujohn has withdrawn a Sniper Rifle from the weapon locker (Cost: 40)
[2018/1/23 - 2:48:51] Lil Poot Victor Brugal has lost connection.
[2018/1/23 - 2:55:51] Ninou Mofujohn has logged out.
[2018/1/23 - 3:08:35] Taylor Cro has logged out.
[2018/1/23 - 3:16:24] Clint Maddox has withdrawn a Desert Eagle from the weapon locker (Cost: 5)
[2018/1/23 - 3:34:15] Robert Mofujohn has logged out.
[2018/1/23 - 3:34:16] Sam Park has logged out.
[2018/1/23 - 3:36:15] Robert Mofujohn has withdrawn a Desert Eagle from the weapon locker (Cost: 5)
[2018/1/23 - 3:41:53] Lil Poot Victor Brugal has lost connection.
[2018/1/23 - 3:58:32] Robert Mofujohn has logged out.
[2018/1/23 - 4:03:33] Robert Mofujohn has logged out.
[2018/1/23 - 4:05:10] Lil Poot Victor Brugal has lost connection.
[2018/1/23 - 4:07:17] Lil Poot Victor Brugal has lost connection.
[2018/1/23 - 4:08:03] Clint Maddox has logged out.
[2018/1/23 - 4:45:43] Victor Brugal has logged out.
[2018/1/23 - 5:07:02] Carl Auden Policarp has withdrawn a Desert Eagle from the weapon locker (Cost: 5)
[2018/1/23 - 5:12:51] Carl Auden Policarp has withdrawn a Desert Eagle from the weapon locker (Cost: 5)
[2018/1/23 - 5:16:57] Clint Maddox has logged out.
[2018/1/23 - 6:17:34] Carl Auden Policarp has withdrawn a Desert Eagle from the weapon locker (Cost: 5)
[2018/1/23 - 6:32:08] BloCc Star Robert Mofujohn has lost connection.
[2018/1/23 - 6:40:07] Robert Mofujohn has withdrawn a Desert Eagle from the weapon locker (Cost: 5)
[2018/1/23 - 6:44:21] Robert Mofujohn has logged out.
[2018/1/23 - 6:51:19] Carl Auden Policarp has withdrawn a Desert Eagle from the weapon locker (Cost: 5)
[2018/1/23 - 6:54:12] Carl Auden Policarp has withdrawn a Desert Eagle from the weapon locker (Cost: 5)
[2018/1/23 - 6:57:22] Carl Auden Policarp has withdrawn a Desert Eagle from the weapon locker (Cost: 5)
[2018/1/23 - 7:08:57] Carl Auden Policarp has logged out.
[2018/1/23 - 7:22:35] Carl Auden Policarp has withdrawn a Desert Eagle from the weapon locker (Cost: 5)
[2018/1/23 - 7:29:47] Carl Auden Policarp has withdrawn a Desert Eagle from the weapon locker (Cost: 5)
[2018/1/23 - 7:32:54] Carl Auden Policarp has withdrawn a Desert Eagle from the weapon locker (Cost: 5)
[2018/1/23 - 7:33:14] Dominic Cooper has logged out.
[2018/1/23 - 7:34:05] Takeshi Damion has logged out.
[2018/1/23 - 7:35:22] Carl Auden Policarp has withdrawn a Desert Eagle from the weapon locker (Cost: 5)
[2018/1/23 - 7:38:11] Takeshi Damion has logged out.
[2018/1/23 - 7:44:21] Carl Auden Policarp has withdrawn a Desert Eagle from the weapon locker (Cost: 5)
[2018/1/23 - 7:44:41] Carl Auden Policarp has withdrawn a Desert Eagle from the weapon locker (Cost: 5)
[2018/1/23 - 7:48:46] Dominic Cooper has logged out.
[2018/1/23 - 7:50:23] Carl Auden Policarp has withdrawn a Desert Eagle from the weapon locker (Cost: 5)
[2018/1/23 - 7:51:23] Baby Crip Takeshi Damion has lost connection.
[2018/1/23 - 7:51:24] Hustla Carl Auden Policarp has lost connection.
[2018/1/23 - 7:57:21] Dominic Cooper has logged out.
[2018/1/23 - 8:15:45] Carl Auden Policarp has logged out.
[2018/1/23 - 8:18:16] Carl Auden Policarp has withdrawn a Desert Eagle from the weapon locker (Cost: 5)
[2018/1/23 - 8:34:21] Carl Auden Policarp has withdrawn a Desert Eagle from the weapon locker (Cost: 5)
[2018/1/23 - 8:40:37] Carl Auden Policarp has withdrawn a Desert Eagle from the weapon locker (Cost: 5)
[2018/1/23 - 8:41:39] Jason De La Cesar has withdrawn a Desert Eagle from the weapon locker (Cost: 5)
[2018/1/23 - 8:41:52] Jason De La Cesar has withdrawn a Shotgun from the weapon locker (Cost: 3)
[2018/1/23 - 8:42:31] Carl Auden Policarp has withdrawn a Shotgun from the weapon locker (Cost: 3)
[2018/1/23 - 8:46:33] Jason De La Cesar has withdrawn a Desert Eagle from the weapon locker (Cost: 5)
[2018/1/23 - 8:46:35] Jason De La Cesar has withdrawn a Shotgun from the weapon locker (Cost: 3)
[2018/1/23 - 8:50:31] Jason De La Cesar has withdrawn a Desert Eagle from the weapon locker (Cost: 5)
[2018/1/23 - 8:50:33] Jason De La Cesar has withdrawn a Shotgun from the weapon locker (Cost: 3)
[2018/1/23 - 8:56:14] Jason De La Cesar has withdrawn a Desert Eagle from the weapon locker (Cost: 5)
[2018/1/23 - 8:56:15] Jason De La Cesar has withdrawn a Shotgun from the weapon locker (Cost: 3)
[2018/1/23 - 8:59:16] Jason De La Cesar has withdrawn a Desert Eagle from the weapon locker (Cost: 5)
[2018/1/23 - 8:59:17] Jason De La Cesar has withdrawn a Shotgun from the weapon locker (Cost: 3)
[2018/1/23 - 9:02:17] Baby Crip Taylor Cro has lost connection.
[2018/1/23 - 9:03:48] Taylor Cro has logged out.
[2018/1/23 - 9:04:19] Jason De La Cesar has withdrawn a Desert Eagle from the weapon locker (Cost: 5)
[2018/1/23 - 9:04:21] Jason De La Cesar has withdrawn a Shotgun from the weapon locker (Cost: 3)
[2018/1/23 - 9:15:27] Jason De La Cesar has withdrawn a Desert Eagle from the weapon locker (Cost: 5)
[2018/1/23 - 9:15:29] Jason De La Cesar has withdrawn a Shotgun from the weapon locker (Cost: 3)
[2018/1/23 - 9:20:38] Carl Auden Policarp has withdrawn a Desert Eagle from the weapon locker (Cost: 5)
[2018/1/23 - 9:21:25] Seth Zutar has logged out.
[2018/1/23 - 9:22:37] Jason De La Cesar has withdrawn a Desert Eagle from the weapon locker (Cost: 5)
[2018/1/23 - 9:22:39] Jason De La Cesar has withdrawn a Shotgun from the weapon locker (Cost: 3)
[2018/1/23 - 9:27:27] Jason De La Cesar has withdrawn a Shotgun from the weapon locker (Cost: 3)
[2018/1/23 - 9:28:04] Carl Auden Policarp has withdrawn a Desert Eagle from the weapon locker (Cost: 5)
[2018/1/23 - 9:28:49] Jason De La Cesar has withdrawn a Desert Eagle from the weapon locker (Cost: 5)
[2018/1/23 - 9:28:50] Jason De La Cesar has withdrawn a Shotgun from the weapon locker (Cost: 3)
[2018/1/23 - 9:31:06] Jason De La Cesar has withdrawn a Shotgun from the weapon locker (Cost: 3)
[2018/1/23 - 9:31:58] Dominic Cooper has logged out.
[2018/1/23 - 9:37:06] Jason De La Cesar has withdrawn a Desert Eagle from the weapon locker (Cost: 5)
[2018/1/23 - 9:37:08] Jason De La Cesar has withdrawn a Shotgun from the weapon locker (Cost: 3)
[2018/1/23 - 9:37:50] Iheb Ben Mofujohn has withdrawn a Desert Eagle from the weapon locker (Cost: 5)
[2018/1/23 - 9:37:52] Iheb Ben Mofujohn has withdrawn a Shotgun from the weapon locker (Cost: 3)
[2018/1/23 - 9:39:28] Carl Auden Policarp has withdrawn a Desert Eagle from the weapon locker (Cost: 5)
[2018/1/23 - 9:45:00] Max G Gold has logged out.
[2018/1/23 - 9:48:15] Carl Auden Policarp has withdrawn a Desert Eagle from the weapon locker (Cost: 5)
[2018/1/23 - 9:48:17] Max G Gold has logged out.
[2018/1/23 - 9:48:29] Darko Dragovicc has logged out.
[2018/1/23 - 9:48:48] Carl Auden Policarp has withdrawn a Desert Eagle from the weapon locker (Cost: 5)
[2018/1/23 - 9:52:39] Carl Auden Policarp has logged out.
[2018/1/23 - 9:55:32] Jason De La Cesar has withdrawn a Desert Eagle from the weapon locker (Cost: 5)
[2018/1/23 - 9:55:33] Jason De La Cesar has withdrawn a Shotgun from the weapon locker (Cost: 3)
[2018/1/23 - 9:56:33] Carl Auden Policarp has withdrawn a Desert Eagle from the weapon locker (Cost: 5)
[2018/1/23 - 9:56:39] Iheb Ben Mofujohn has withdrawn a Desert Eagle from the weapon locker (Cost: 5)
[2018/1/23 - 9:56:56] Iheb Ben Mofujohn has logged out.
[2018/1/23 - 9:58:14] Takeshi Damion has logged out.
[2018/1/23 - 10:04:19] Iheb Ben Mofujohn has logged out.
[2018/1/23 - 10:04:32] Jason De La Cesar has logged out.
[2018/1/23 - 10:12:40] Darko Dragovicc has logged out.
[2018/1/23 - 10:24:07] Max G Gold has logged out.
[2018/1/23 - 10:28:18] Hustla Carl Auden Policarp has lost connection.
[2018/1/23 - 10:28:30] Dan Radcliffe has logged out.
[2018/1/23 - 10:38:23] Max G Gold has logged out.
[2018/1/23 - 10:46:30] Hustla Brian J. Lennox has lost connection.
[2018/1/23 - 10:47:12] Drake Dragovicc (1000627079) has quit the 1323 Market Mobb as a rank 1
[2018/1/23 - 10:49:12] Takeshi Damion has logged out.
[2018/1/23 - 11:02:46] Carl Auden Policarp has logged out.
[2018/1/23 - 11:12:15] Jaffar Mertens has logged out.
[2018/1/23 - 11:35:03] Darko Dragovicc has logged out.
[2018/1/23 - 11:54:23] Dan Radcliffe has logged out.
[2018/1/23 - 11:57:16] Hustla Carl Auden Policarp has lost connection.
[2018/1/23 - 12:08:04] Max Radcliffe has logged out.
[2018/1/23 - 12:26:12] Carl Auden Policarp has logged out.
[2018/1/23 - 12:33:39] Hustla Carl Auden Policarp has lost connection.
[2018/1/23 - 12:36:57] Carl Auden Policarp has logged out.
[2018/1/23 - 12:37:33] Darko Dragovicc has logged out.
[2018/1/23 - 12:39:03] Max Radcliffe has logged out.
[2018/1/23 - 12:47:58] Haris Jones has withdrawn 30 grams of Ecstasy from the safe.
[2018/1/23 - 13:06:38] Chad Lockheart (1000021541) accepted H.N.I.C Haris Jones's (101273) invite to join 1323 Market Mobb (26).
[2018/1/23 - 13:07:06] H.N.I.C Haris Jones (101273) (rank 6) has given Chad Lockheart (1000021541) rank 4 (BloCc Star) in 1323 Market Mobb (26).
[2018/1/23 - 13:09:16] Max Radcliffe has logged out.
[2018/1/23 - 13:10:28] Brian J. Lennox has logged out.
[2018/1/23 - 13:11:52] Chad Lockheart has logged out.
[2018/1/23 - 13:12:44] H.N.I.C Haris Jones has lost connection.
[2018/1/23 - 13:26:30] Max Radcliffe has logged out.
[2018/1/23 - 13:34:04] Hustla Brian J. Lennox has lost connection.
[2018/1/23 - 13:39:19] H.N.I.C Haris Jones (101273) (rank 6) has given Benjo Fisher (1000501508) rank 4 (BloCc Star) in 1323 Market Mobb (26).
[2018/1/23 - 13:40:55] H.N.I.C Haris Jones (101273) (rank 6) has given Benjo Fisher (1000501508) rank 5 (Shot Caller) in 1323 Market Mobb (26).
[2018/1/23 - 13:48:42] Haris Jones has withdrawn 10 grams of Ecstasy from the safe.
[2018/1/23 - 13:49:42] Haris Jones has withdrawn 50 grams of Heroin from the safe.
[2018/1/23 - 13:50:04] Haris Jones has withdrawn 20 grams of Meth from the safe.
[2018/1/23 - 13:50:11] Haris Jones has withdrawn 50 grams of Heroin from the safe.
[2018/1/23 - 13:56:08] Hamma Ghrab has logged out.
[2018/1/23 - 13:56:56] Max Radcliffe has logged out.
[2018/1/23 - 14:00:39] Haris Jones has withdrawn 20 grams of Ecstasy from the safe.
[2018/1/23 - 14:02:10] H.N.I.C Haris Jones (101273) (rank 6) has given Max Radcliffe (1000624842) rank 1 (Lil Poot) in 1323 Market Mobb (26).
[2018/1/23 - 14:04:08] Haris Jones has withdrawn 23840 grams of Pot from the safe.
[2018/1/23 - 14:04:17] Haris Jones has withdrawn 10540 grams of Crack from the safe.
[2018/1/23 - 14:04:20] Haris Jones has withdrawn 4555 grams of Meth from the safe.
[2018/1/23 - 14:04:24] Max Radcliffe has logged out.
[2018/1/23 - 14:04:24] Haris Jones has withdrawn 640 grams of Ecstasy from the safe.
[2018/1/23 - 14:04:29] Haris Jones has withdrawn 3419 grams of Heroin from the safe.
[2018/1/23 - 14:04:48] Haris Jones has withdrawn $3,025,474 from the safe.
[2018/1/23 - 14:04:50] Benny Smith Wallace has logged out.
[2018/1/23 - 14:05:01] Haris Jones has withdrawn 398000 materials from the safe.
[2018/1/23 - 14:05:23] Haris Jones has logged out.
[2018/1/23 - 14:08:15] Rizky Antares has logged out.
[2018/1/23 - 14:10:07] Haris Jones has deposited 23840 grams of Pot into the safe.
[2018/1/23 - 14:10:13] Haris Jones has deposited 10540 grams of Crack into the safe.
[2018/1/23 - 14:10:29] Haris Jones has deposited 4520 grams of Meth into the safe.
[2018/1/23 - 14:10:36] Haris Jones has deposited 620 grams of Ecstasy into the safe.
[2018/1/23 - 14:10:45] Haris Jones has deposited 3409 grams of Heroin into the safe.
[2018/1/23 - 14:11:08] Haris Jones has deposited 402000 materials into the safe.
[2018/1/23 - 14:11:48] Haris Jones has deposited $3025474 into the safe.
[2018/1/23 - 14:12:20] Haris Jones has logged out.
[2018/1/23 - 14:12:52] Dominic Cooper has logged out.
[2018/1/23 - 14:13:59] Hustla Brian J. Lennox has lost connection.
[2018/1/23 - 14:25:10] Jare Debol has logged out.
[2018/1/23 - 14:27:22] Shot Caller Benjo Fisher (1000501508) (rank 5) has uninvited Eci Jones (1000624907) (rank 0) from 1323 Market Mobb (26).
[2018/1/23 - 14:28:55] Eci Jones (1000624907) accepted Shot Caller Benjo Fisher's (1000501508) invite to join 1323 Market Mobb (26).
[2018/1/23 - 14:32:09] Darko Dragovicc has logged out.
[2018/1/23 - 14:34:01] Irgi X Loston has logged out.
[2018/1/23 - 14:36:47] H.N.I.C Ninou Mofujohn (137951) (rank 6) has given Erva Jones (1000627383) rank 2 (Crip) in 1323 Market Mobb (26).
[2018/1/23 - 14:38:52] Darko Dragovicc has logged out.
[2018/1/23 - 14:39:13] Lil Poot Max Radcliffe has lost connection.
[2018/1/23 - 14:48:19] Shot Caller Benjo Fisher (1000501508) (rank 5) has uninvited Eci Jones (1000624907) (rank 0) from 1323 Market Mobb (26).
[2018/1/23 - 14:48:20] Shot Caller Benjo Fisher (1000501508) (rank 5) has uninvited Jake Dredd (1000626024) (rank 4) from 1323 Market Mobb (26).
[2018/1/23 - 14:49:29] BloCc Star Frank Casso has lost connection.
[2018/1/23 - 14:53:24] Benjo Fisher has logged out.
[2018/1/23 - 14:54:48] Brian J. Lennox has logged out.
[2018/1/23 - 14:56:44] Brian J. Lennox has logged out.
[2018/1/23 - 14:59:40] H.N.I.C Ninou Mofujohn (137951) (rank 6) has uninvited Max Radcliffe (1000624842) (rank 1) from 1323 Market Mobb (26).
[2018/1/23 - 14:59:48] Jaffar Mertens has logged out.
[2018/1/23 - 15:04:28] H.N.I.C Ninou Mofujohn (137951) (rank 6) has given Mark P Vinci (1000355686) rank 1 (Lil Poot) in 1323 Market Mobb (26).
[2018/1/23 - 15:06:14] H.N.I.C Ninou Mofujohn has lost connection.
[2018/1/23 - 15:07:53] Shot Caller Benjo Fisher has lost connection.
[2018/1/23 - 15:08:24] Ninou Mofujohn has withdrawn 60000 materials from the safe.
[2018/1/23 - 15:10:10] H.N.I.C Ninou Mofujohn has lost connection.
[2018/1/23 - 15:10:16] Erva Jones has logged out.
[2018/1/23 - 15:16:44] Seth Zutar has logged out.
[2018/1/23 - 15:17:49] Ninou Mofujohn has withdrawn 100 grams of Meth from the safe.
[2018/1/23 - 15:19:03] Seth Zutar has logged out.
[2018/1/23 - 15:20:16] Kiyoharu Shimizu (1000521511) accepted H.N.I.C Ninou Mofujohn's (137951) invite to join 1323 Market Mobb (26).
[2018/1/23 - 15:23:39] Shot Caller Benjo Fisher (1000501508) (rank 5) has given Frank Casso (120328) rank 3 (Hustla) in 1323 Market Mobb (26).
[2018/1/23 - 15:26:20] Hustla Brian J. Lennox has lost connection.
[2018/1/23 - 15:27:10] Shot Caller Benjo Fisher (1000501508) (rank 5) has uninvited Frank Casso (120328) (rank 3) from 1323 Market Mobb (26).
[2018/1/23 - 15:40:37] H.N.I.C Ninou Mofujohn has lost connection.
[2018/1/23 - 15:57:20] Dominic Cooper (1000627819) has quit the 1323 Market Mobb as a rank 0
[2018/1/23 - 16:03:42] H.N.I.C Ninou Mofujohn (137951) (rank 6) has given Kiyoharu Shimizu (1000521511) rank 1 (Lil Poot) in 1323 Market Mobb (26).
[2018/1/23 - 16:05:19] Ninou Mofujohn has withdrawn 50000 materials from the safe.
[2018/1/23 - 16:05:34] Hustla Brian J. Lennox has lost connection.
[2018/1/23 - 16:15:51] Steve Mofujohn has withdrawn 10000 materials from the safe.
[2018/1/23 - 16:16:05] Steve Mofujohn has withdrawn $500,000 from the safe.
[2018/1/23 - 16:20:09] Shot Caller Benjo Fisher has lost connection.
[2018/1/23 - 16:20:52] Prince Jairus (1000627597) accepted H.N.I.C Ninou Mofujohn's (137951) invite to join 1323 Market Mobb (26).
[2018/1/23 - 16:21:04] H.N.I.C Ninou Mofujohn (137951) has set Prince Jairus's (1000627597) division to Hangout in 1323 Market Mobb (26).
[2018/1/23 - 16:21:13] H.N.I.C Ninou Mofujohn (137951) has set Hristo Beikov's (1000626939) division to Hangout in 1323 Market Mobb (26).
[2018/1/23 - 16:21:17] H.N.I.C Ninou Mofujohn (137951) has set Kiyoharu Shimizu's (1000521511) division to Hangout in 1323 Market Mobb (26).
[2018/1/23 - 16:21:23] H.N.I.C Ninou Mofujohn (137951) has set Treant C Biggums's (1000021541) division to Hangout in 1323 Market Mobb (26).
[2018/1/23 - 16:21:54] Hustla Brian J. Lennox has lost connection.
[2018/1/23 - 16:22:22] H.N.I.C Ninou Mofujohn (137951) has set Treant C Biggums's (1000021541) division to OG Killa in 1323 Market Mobb (26).
[2018/1/23 - 16:23:25] H.N.I.C Ninou Mofujohn has lost connection.
[2018/1/23 - 16:25:24] Hristo Beikov has logged out.
[2018/1/23 - 16:26:10] Prince Jairus has logged out.
[2018/1/23 - 16:31:29] Mark P Vinci has logged out.
[2018/1/23 - 16:44:00] Treant C Biggums has logged out.
[2018/1/23 - 16:44:34] Ninou Mofujohn has logged out.
[2018/1/23 - 17:00:48] Hustla Carl Auden Policarp has lost connection.
[2018/1/23 - 17:00:48] Baby Crip Prince Jairus has lost connection.
[2018/1/23 - 17:00:59] Sam Park has logged out.
[2018/1/23 - 17:08:30] Teddy Steels (1000591506) accepted Shot Caller Benjo Fisher's (1000501508) invite to join 1323 Market Mobb (26).
[2018/1/23 - 17:11:02] Shot Caller Benjo Fisher (1000501508) (rank 5) has given Teddy Steels (1000591506) rank 2 (Crip) in 1323 Market Mobb (26).
[2018/1/23 - 17:15:36] Kiyoharu Shimizu has logged out.
[2018/1/23 - 17:30:27] Darko Dragovicc has logged out.
[2018/1/23 - 17:31:49] Brian J. Lennox has logged out.
[2018/1/23 - 17:31:52] Kiyoharu Shimizu has logged out.
[2018/1/23 - 17:35:45] Jason De La Cesar has logged out.
[2018/1/23 - 17:43:36] Durrell Billups has logged out.
[2018/1/23 - 17:46:38] Duke Rollin Sanchez (1000624911) accepted Shot Caller Benjo Fisher's (1000501508) invite to join 1323 Market Mobb (26).
[2018/1/23 - 18:00:16] Brian J. Lennox has logged out.
[2018/1/23 - 18:02:31] Darko Dragovicc has logged out.
[2018/1/23 - 18:06:20] Hristo Beikov has logged out.
[2018/1/23 - 18:10:24] Steve Mofujohn has withdrawn 20000 materials from the safe.
[2018/1/23 - 18:10:43] Haris Jones has withdrawn 20 grams of Ecstasy from the safe.
[2018/1/23 - 18:14:23] H.N.I.C Steve Mofujohn has lost connection.
[2018/1/23 - 18:20:50] Sam Park has logged out.
[2018/1/23 - 18:21:49] H.N.I.C Steve Mofujohn has lost connection.
[2018/1/23 - 18:35:36] Shot Caller Benny Smith Wallace has lost connection.
[2018/1/23 - 18:39:27] Haris Jones has logged out.
[2018/1/23 - 18:39:43] Shot Caller Benny Smith Wallace (1000023930) has set Teddy Steels's (1000591506) division to Hangout in 1323 Market Mobb (26).
[2018/1/23 - 18:39:46] Shot Caller Benny Smith Wallace (1000023930) has set Duke Rollin Sanchez's (1000624911) division to Hangout in 1323 Market Mobb
[2018/1/23 - 18:46:03] Benny Smith Wallace has logged out.
[2018/1/23 - 18:49:47] Brian J. Lennox has logged out.
[2018/1/23 - 18:56:27] Dwayne Savage has logged out.
[2018/1/23 - 19:00:32] Haris Jones has withdrawn 10000 materials from the safe.
[2018/1/23 - 19:03:13] Teddy Steels has deposited a AK-47 into the locker.
[2018/1/23 - 19:08:17] Shot Caller Benjo Fisher (1000501508) (rank 5) has given Teddy Steels (1000591506) rank 3 (Hustla) in 1323 Market Mobb (26).
[2018/1/23 - 19:18:05] Danny Montgomery has logged out.
[2018/1/23 - 19:19:00] Hamma Ghrab has logged out.
[2018/1/23 - 19:19:43] Baby Crip Duke Rollin Sanchez has lost connection.
[2018/1/23 - 19:21:23] Brian J. Lennox has withdrawn a Desert Eagle from the weapon locker (Cost: 5)
[2018/1/23 - 19:21:42] Hustla Teddy Steels has lost connection.
[2018/1/23 - 19:22:59] Teddy Steels has deposited a AK-47 into the locker.
[2018/1/23 - 19:24:32] H.N.I.C Haris Jones has lost connection.
[2018/1/23 - 19:24:53] Darko Dragovicc has logged out.
[2018/1/23 - 19:25:50] Haris Jones has withdrawn 30 grams of Ecstasy from the safe.
[2018/1/23 - 19:26:00] Haris Jones has withdrawn 30 grams of Meth from the safe.
[2018/1/23 - 19:26:04] Haris Jones has withdrawn 30 grams of Heroin from the safe.
[2018/1/23 - 19:30:59] Teddy Steels has deposited a AK-47 into the locker.
[2018/1/23 - 19:35:17] Teddy Steels has deposited a AK-47 into the locker.
[2018/1/23 - 19:35:25] H.N.I.C Haris Jones (101273) (rank 6) has given Teddy Steels (1000591506) rank 4 (BloCc Star) in 1323 Market Mobb (26).
[2018/1/23 - 19:38:42] Teddy Steels has deposited a AK-47 into the locker.
[2018/1/23 - 19:39:45] Haris Jones has withdrawn 20 grams of Ecstasy from the safe.
[2018/1/23 - 19:44:33] Teddy Steels has deposited a AK-47 into the locker.
[2018/1/23 - 19:49:21] Haris Jones has logged out.
[2018/1/23 - 19:49:57] Teddy Steels has deposited a AK-47 into the locker.
[2018/1/23 - 19:51:55] Darko Dragovicc has deposited $5 into the safe.
[2018/1/23 - 19:52:00] Duke Rollin Sanchez has logged out.
[2018/1/23 - 19:52:29] Danny Montgomery has withdrawn a Desert Eagle from the weapon locker (Cost: 5)
[2018/1/23 - 19:52:30] Brian J. Lennox has withdrawn a Desert Eagle from the weapon locker (Cost: 5)
[2018/1/23 - 19:54:38] Teddy Steels has deposited a AK-47 into the locker.
[2018/1/23 - 19:57:35] Steve Mofujohn has withdrawn a Desert Eagle from the weapon locker (Cost: 5)
[2018/1/23 - 19:58:11] Teddy Steels has deposited a AK-47 into the locker.
[2018/1/23 - 20:01:57] Brian J. Lennox has logged out.
[2018/1/23 - 20:03:33] Teddy Steels has deposited a AK-47 into the locker.
[2018/1/23 - 20:09:25] Shot Caller Benjo Fisher has lost connection.
[2018/1/23 - 20:11:28] Danny Montgomery has withdrawn a Desert Eagle from the weapon locker (Cost: 5)
[2018/1/23 - 20:12:38] Steve Mofujohn has withdrawn a Desert Eagle from the weapon locker (Cost: 5)
[2018/1/23 - 20:12:40] Steve Mofujohn has withdrawn a Micro Uzi from the weapon locker (Cost: 3)
[2018/1/23 - 20:14:31] Teddy Steels has deposited a AK-47 into the locker.
[2018/1/23 - 20:16:28] Baby Crip Duke Rollin Sanchez has lost connection.
[2018/1/23 - 20:20:09] Teddy Steels has deposited a AK-47 into the locker.
[2018/1/23 - 20:22:03] Steve Mofujohn has withdrawn a Desert Eagle from the weapon locker (Cost: 5)
[2018/1/23 - 20:22:04] Steve Mofujohn has withdrawn a Micro Uzi from the weapon locker (Cost: 3)
[2018/1/23 - 20:24:08] Floresian Samuels (1000008807) accepted Shot Caller Benjo Fisher's (1000501508) invite to join 1323 Market Mobb (26).
[2018/1/23 - 20:25:43] Benjo Fisher has authorized Floresian Samuels to withdraw a Desert Eagle from the weapon locker (Cost: 5)
[2018/1/23 - 20:26:40] Teddy Steels has deposited a AK-47 into the locker.
[2018/1/23 - 20:29:09] Shot Caller Benjo Fisher (1000501508) (rank 5) has uninvited Floresian Samuels (1000008807) (rank 0) from 1323 Market Mobb (26)
[2018/1/23 - 20:30:43] Teddy Steels has deposited a AK-47 into the locker.
[2018/1/23 - 20:31:08] Steve Mofujohn has withdrawn a Desert Eagle from the weapon locker (Cost: 5)
[2018/1/23 - 20:31:11] Steve Mofujohn has withdrawn a Micro Uzi from the weapon locker (Cost: 3)
[2018/1/23 - 20:32:03] Steve Mofujohn has logged out.
[2018/1/23 - 20:34:51] Teddy Steels has deposited a AK-47 into the locker.
[2018/1/23 - 20:36:06] Lee Liang (1000262376) has quit the 1323 Market Mobb as a rank 5
[2018/1/23 - 20:36:11] Lee Liang (1000262376) accepted Shot Caller Benjo Fisher's (1000501508) invite to join 1323 Market Mobb (26).
[2018/1/23 - 20:36:12] Shot Caller Benjo Fisher (1000501508) (rank 5) has given Lee Liang (1000262376) rank 4 (BloCc Star) in 1323 Market Mobb (26).
[2018/1/23 - 20:38:20] Teddy Steels has deposited a AK-47 into the locker.
[2018/1/23 - 20:43:33] Baby Crip Hamma Ghrab has lost connection.
[2018/1/23 - 20:44:34] Teddy Steels has deposited a AK-47 into the locker.
[2018/1/23 - 20:46:36] Troy B Daddy has logged out.
[2018/1/23 - 20:49:02] Danny Montgomery has logged out.
[2018/1/23 - 20:50:53] Teddy Steels has deposited a AK-47 into the locker.
[2018/1/23 - 20:55:21] Teddy Steels has deposited a AK-47 into the locker.
[2018/1/23 - 20:56:32] Lee Liang has logged out.
[2018/1/23 - 20:57:15] Hamma Ghrab has logged out.
[2018/1/23 - 20:57:49] Baby Crip Lee Xian has lost connection.
[2018/1/23 - 21:00:47] Lee Xian has logged out.
[2018/1/23 - 21:00:57] Teddy Steels has deposited a AK-47 into the locker.
[2018/1/23 - 21:06:06] Teddy Steels has deposited a AK-47 into the locker.
[2018/1/23 - 21:07:06] Baby Crip Duke Rollin Sanchez has lost connection.
[2018/1/23 - 21:09:38] Duke Rollin Sanchez has logged out.
[2018/1/23 - 21:09:57] Teddy Steels has deposited a AK-47 into the locker.
[2018/1/23 - 21:14:49] Teddy Steels has deposited a AK-47 into the locker.
[2018/1/23 - 21:15:21] Lee Liang has logged out.
[2018/1/23 - 21:16:24] Duke Rollin Sanchez has logged out.
[2018/1/23 - 21:18:31] BloCc Star Teddy Steels has lost connection.
[2018/1/23 - 21:19:21] Teddy Steels has deposited a AK-47 into the locker.
[2018/1/23 - 21:29:52] Lee Liang has logged out.
[2018/1/23 - 21:34:48] Darius Wright (1000036338) accepted Shot Caller Benjo Fisher's (1000501508) invite to join 1323 Market Mobb (26).
[2018/1/23 - 21:40:06] Darius Wright has logged out.
[2018/1/23 - 21:45:29] Teddy Steels has deposited a AK-47 into the locker.
[2018/1/23 - 21:50:40] H.N.I.C Ninou Mofujohn (137951) (rank 6) has given Sam Park (144031) rank 3 (Hustla) in 1323 Market Mobb (26).
[2018/1/23 - 21:50:48] Teddy Steels has deposited a AK-47 into the locker.
[2018/1/23 - 21:52:26] Kenny Stuart (1000193022) accepted Shot Caller Benjo Fisher's (1000501508) invite to join 1323 Market Mobb (26).
[2018/1/23 - 21:54:54] Kenny Stuart has logged out.
[2018/1/23 - 22:00:25] Billy Chicano (1000624903) accepted H.N.I.C Ninou Mofujohn's (137951) invite to join 1323 Market Mobb (26).
[2018/1/23 - 22:00:58] H.N.I.C Ninou Mofujohn (137951) has set Billy Chicano's (1000624903) division to Hangout in 1323 Market Mobb (26).
[2018/1/23 - 22:01:08] H.N.I.C Ninou Mofujohn (137951) (rank 6) has given Hamma Ghrab (57369) rank 1 (Lil Poot) in 1323 Market Mobb (26).
[2018/1/23 - 22:09:36] H.N.I.C Ninou Mofujohn has lost connection.
[2018/1/23 - 22:10:37] Teddy Steels has logged out.
[2018/1/23 - 22:11:09] Lee Liang has logged out.
[2018/1/23 - 22:13:20] H.N.I.C Ninou Mofujohn has lost connection.
[2018/1/23 - 22:22:23] Jeremy Mofujohn (2613) accepted H.N.I.C Ninou Mofujohn's (137951) invite to join 1323 Market Mobb (26).
[2018/1/23 - 22:22:27] H.N.I.C Ninou Mofujohn (137951) has set Jeremy Mofujohn's (2613) division to Mofujohn Line in 1323 Market Mobb (26).
[2018/1/23 - 22:22:32] H.N.I.C Ninou Mofujohn (137951) (rank 6) has given Jeremy Mofujohn (2613) rank 4 (BloCc Star) in 1323 Market Mobb (26).
[2018/1/23 - 22:23:46] Shot Caller Benny Smith Wallace (1000023930) has set Lee Liang's (1000262376) division to Hustler in 1323 Market Mobb (26).
[2018/1/23 - 22:24:19] Shot Caller Benny Smith Wallace (1000023930) has set Lee Liang's (1000262376) division to BloCc Work in 1323 Market Mobb (26).
[2018/1/23 - 22:34:30] Jeremy Mofujohn has withdrawn a Shotgun from the weapon locker (Cost: 3)
[2018/1/23 - 22:34:49] Benny Smith Wallace has authorized Jeremy Mofujohn to withdraw a MP5 from the weapon locker (Cost: 3)
[2018/1/23 - 22:35:58] Travis Lancer has withdrawn a Desert Eagle from the weapon locker (Cost: 5)
[2018/1/23 - 22:57:50] Teddy Steels has logged out.
[2018/1/23 - 23:01:50] Teddy Steels has logged out.
[2018/1/23 - 23:06:43] Jeremy Mofujohn has logged out.
[2018/1/23 - 23:06:48] Travis Lancer has withdrawn a Desert Eagle from the weapon locker (Cost: 5)
[2018/1/23 - 23:07:36] Benny Smith Wallace has withdrawn a Desert Eagle from the weapon locker (Cost: 5)
[2018/1/23 - 23:07:54] Billy Chicano has logged out.
[2018/1/23 - 23:11:20] Benjo Fisher has deposited a Sniper Rifle into the locker.
[2018/1/23 - 23:11:29] Ninou Mofujohn has adjusted the withdraw rank for item 2 to 5.
[2018/1/23 - 23:11:34] Benny Smith Wallace has withdrawn 100 grams of Crack from the safe.
[2018/1/23 - 23:11:38] Benjo Fisher has withdrawn 20 grams of Ecstasy from the safe.
[2018/1/23 - 23:11:52] Benjo Fisher has withdrawn 30 grams of Heroin from the safe.
[2018/1/23 - 23:11:58] Benjo Fisher has withdrawn 100 grams of Meth from the safe.
[2018/1/23 - 23:12:10] Benjo Fisher has withdrawn 400 grams of Crack from the safe.
[2018/1/23 - 23:15:20] Billy Chicano has logged out.
[2018/1/23 - 23:20:32] Billy Chicano has logged out.
[2018/1/23 - 23:21:02] Travis Lancer has withdrawn a Desert Eagle from the weapon locker (Cost: 5)
[2018/1/23 - 23:22:05] Travis Lancer has logged out.
[2018/1/23 - 23:22:46] Benny Smith Wallace has authorized Hamma Ghrab to withdraw a Desert Eagle from the weapon locker (Cost: 5)
[2018/1/23 - 23:23:04] Benny Smith Wallace has logged out.
[2018/1/23 - 23:23:25] Billy Chicano has logged out.
[2018/1/23 - 23:26:50] Dwayne Savage has logged out.
[2018/1/23 - 23:26:59] Hamma Ghrab has logged out.
[2018/1/23 - 23:27:09] Haris Jones has withdrawn a Shotgun from the weapon locker (Cost: 3)
[2018/1/23 - 23:28:30] Dwayne Savage has logged out.
[2018/1/23 - 23:39:53] Hamma Ghrab has logged out.
[2018/1/23 - 23:42:04] Jet Gibson has logged out.
[2018/1/23 - 23:45:30] Hamma Ghrab has logged out.
[2018/1/23 - 23:51:18] Shot Caller Jet Gibson has lost connection.
[2018/1/23 - 23:55:53] Haris Jones has logged out.
