[2018/1/20 - 0:05:13] H.N.I.C Ninou Mofujohn (137951) (rank 6) has uninvited Clint Maddox (887818) (rank 5) from 1323 Market Mobb (26).
[2018/1/20 - 0:05:22] Clint Maddox (887818) accepted H.N.I.C Ninou Mofujohn's (137951) invite to join 1323 Market Mobb (26).
[2018/1/20 - 0:05:23] H.N.I.C Ninou Mofujohn (137951) (rank 6) has given Clint Maddox (887818) rank 4 (BloCc Star) in 1323 Market Mobb (26).
[2018/1/20 - 0:05:30] H.N.I.C Ninou Mofujohn (137951) has set Clint Maddox's (887818) division to OG Killa in 1323 Market Mobb (26).
[2018/1/20 - 0:05:41] Shot Caller Benjo Fisher (1000501508) has set Benjo Fisher's (1000501508) division to OG Killa in 1323 Market Mobb (26).
[2018/1/20 - 0:10:09] Salvatore Bonanno has withdrawn a Desert Eagle from the weapon locker (Cost: 5)
[2018/1/20 - 0:13:31] Benjo Fisher has withdrawn 30 grams of Ecstasy from the safe.
[2018/1/20 - 0:13:40] Benjo Fisher has withdrawn 1000 grams of Crack from the safe.
[2018/1/20 - 0:16:47] H.N.I.C Ninou Mofujohn (137951) (rank 6) has given Lee Liang (1000262376) rank 5 (Shot Caller) in 1323 Market Mobb (26).
[2018/1/20 - 0:23:19] Ninou Mofujohn has authorized Lee Liang to withdraw a SPAS-12 from the weapon locker (Cost: 30)
[2018/1/20 - 0:23:56] Lee Liang has withdrawn 20 grams of Crack from the safe.
[2018/1/20 - 0:24:03] Lee Liang has withdrawn 20 grams of Ecstasy from the safe.
[2018/1/20 - 0:26:29] Rambo Dunbar has withdrawn a Desert Eagle from the weapon locker (Cost: 5)
[2018/1/20 - 0:26:44] Haris Jones has authorized Teddy Steels to withdraw a Desert Eagle from the weapon locker (Cost: 5)
[2018/1/20 - 0:26:49] Erva Jones has deposited 20 grams of Pot into the safe.
[2018/1/20 - 0:27:01] Ninou Mofujohn has withdrawn a SPAS-12 from the weapon locker (Cost: 30)
[2018/1/20 - 0:27:02] Ninou Mofujohn has withdrawn a Desert Eagle from the weapon locker (Cost: 5)
[2018/1/20 - 0:27:21] Lee Liang has withdrawn 10000 materials from the safe.
[2018/1/20 - 0:27:31] Lee Liang has withdrawn 10000 materials from the safe.
[2018/1/20 - 0:27:41] Ninou Mofujohn has adjusted the withdraw rank for item 2 to 6.
[2018/1/20 - 0:37:52] Laquez Liang has withdrawn a Desert Eagle from the weapon locker (Cost: 5)
[2018/1/20 - 0:38:11] Lil Poot Tommy Hyde has lost connection.
[2018/1/20 - 0:38:52] Lil Poot Tommy Hyde has lost connection.
[2018/1/20 - 0:39:29] Laquez Liang has logged out.
[2018/1/20 - 0:39:32] Lil Poot Tommy Hyde has lost connection.
[2018/1/20 - 0:40:14] Lil Poot Tommy Hyde has lost connection.
[2018/1/20 - 0:40:59] Lil Poot Tommy Hyde has lost connection.
[2018/1/20 - 0:41:19] H.N.I.C Haris Jones (101273) has set Clint Maddox's (887818) division to Hustler in 1323 Market Mobb (26).
[2018/1/20 - 0:42:17] Haris Jones has logged out.
[2018/1/20 - 0:49:24] Laquez Liang has withdrawn a Desert Eagle from the weapon locker (Cost: 5)
[2018/1/20 - 1:06:08] H.N.I.C Haris Jones (101273) (rank 6) has given Erva Jones (1000627383) rank 4 (BloCc Star) in 1323 Market Mobb (26).
[2018/1/20 - 1:16:19] BloCc Star Salvatore Bonanno has lost connection.
[2018/1/20 - 1:16:25] Rambo Dunbar has withdrawn a Desert Eagle from the weapon locker (Cost: 5)
[2018/1/20 - 1:18:38] BloCc Star Salvatore Bonanno has lost connection.
[2018/1/20 - 1:18:54] Laquez Liang has logged out.
[2018/1/20 - 1:18:56] Erva Jones has logged out.
[2018/1/20 - 1:19:42] Shot Caller Lee Liang has lost connection.
[2018/1/20 - 1:20:20] Rambo Dunbar has logged out.
[2018/1/20 - 1:21:25] Haris Jones has logged out.
[2018/1/20 - 1:21:52] Erva Jones has logged out.
[2018/1/20 - 1:28:29] Clint Maddox has logged out.
[2018/1/20 - 1:32:02] Ninou Mofujohn has withdrawn a Desert Eagle from the weapon locker (Cost: 5)
[2018/1/20 - 1:32:04] Ninou Mofujohn has withdrawn a SPAS-12 from the weapon locker (Cost: 30)
[2018/1/20 - 1:34:42] Teddy Steels has logged out.
[2018/1/20 - 1:37:04] Ninou Mofujohn has withdrawn a Sniper Rifle from the weapon locker (Cost: 40)
[2018/1/20 - 1:37:16] Salvatore Bonanno has withdrawn a Shotgun from the weapon locker (Cost: 3)
[2018/1/20 - 1:37:17] Salvatore Bonanno has withdrawn a Desert Eagle from the weapon locker (Cost: 5)
[2018/1/20 - 1:37:44] Rambo Dunbar has withdrawn a Desert Eagle from the weapon locker (Cost: 5)
[2018/1/20 - 1:37:52] Haris Jones has withdrawn 50 grams of Ecstasy from the safe.
[2018/1/20 - 1:37:58] Haris Jones has withdrawn 30 grams of Heroin from the safe.
[2018/1/20 - 1:38:01] Haris Jones has withdrawn a Desert Eagle from the weapon locker (Cost: 5)
[2018/1/20 - 1:38:08] Haris Jones has withdrawn a Shotgun from the weapon locker (Cost: 3)
[2018/1/20 - 1:39:04] BloCc Star Salvatore Bonanno has lost connection.
[2018/1/20 - 1:40:48] Rambo Dunbar has withdrawn a Desert Eagle from the weapon locker (Cost: 5)
[2018/1/20 - 1:43:24] Salvatore Bonanno has withdrawn a Shotgun from the weapon locker (Cost: 3)
[2018/1/20 - 1:43:24] Salvatore Bonanno has withdrawn a Desert Eagle from the weapon locker (Cost: 5)
[2018/1/20 - 1:44:35] Rambo Dunbar has withdrawn a Desert Eagle from the weapon locker (Cost: 5)
[2018/1/20 - 1:45:07] Nadal Xi Shan (1000196102) accepted H.N.I.C Ninou Mofujohn's (137951) invite to join 1323 Market Mobb (26).
[2018/1/20 - 1:45:47] Benjo Fisher has authorized Nadal Xi Shan to withdraw a AK-47 from the weapon locker (Cost: 15)
[2018/1/20 - 1:45:57] Sam Park has withdrawn a Desert Eagle from the weapon locker (Cost: 5)
[2018/1/20 - 1:53:57] Nadal Xi Shan has logged out.
[2018/1/20 - 1:57:01] H.N.I.C Haris Jones (101273) (rank 6) has given Travis Lancer (1000069379) rank 4 (BloCc Star) in 1323 Market Mobb (26).
[2018/1/20 - 2:01:49] Ninou Mofujohn has logged out.
[2018/1/20 - 2:01:58] Salvatore Bonanno has logged out.
[2018/1/20 - 2:02:53] Hustla Sam Park has lost connection.
[2018/1/20 - 2:03:14] H.N.I.C Haris Jones has lost connection.
[2018/1/20 - 2:03:19] BloCc Star Salvatore Bonanno has lost connection.
[2018/1/20 - 2:03:21] BloCc Star Travis Lancer has lost connection.
[2018/1/20 - 2:03:26] Shot Caller Benjo Fisher has lost connection.
[2018/1/20 - 2:03:26] Hustla Rambo Dunbar has lost connection.
[2018/1/20 - 2:05:09] BloCc Star Salvatore Bonanno has lost connection.
[2018/1/20 - 2:13:35] Shot Caller Benjo Fisher has lost connection.
[2018/1/20 - 6:11:45] Vladmir Glasscock has logged out.
[2018/1/20 - 7:34:32] Vladmir Glasscock has logged out.
[2018/1/20 - 7:54:44] Rambo Dunbar has logged out.
[2018/1/20 - 8:14:49] Percy Jones has logged out.
[2018/1/20 - 8:28:30] Baby Crip Vladmir Glasscock has lost connection.
[2018/1/20 - 8:34:28] Julian Brand (1000600362) has quit the 1323 Market Mobb as a rank 0
[2018/1/20 - 8:37:56] Baby Crip Vladmir Glasscock has lost connection.
[2018/1/20 - 8:49:21] Vladmir Glasscock has logged out.
[2018/1/20 - 9:13:09] Hustla Carl Auden has lost connection.
[2018/1/20 - 9:26:59] Hustla Carl Auden has lost connection.
[2018/1/20 - 9:38:28] Carl Auden has logged out.
[2018/1/20 - 9:43:49] Carl Auden has logged out.
[2018/1/20 - 9:45:21] Carl Auden has logged out.
[2018/1/20 - 9:46:45] Carl Auden has withdrawn a Desert Eagle from the weapon locker (Cost: 5)
[2018/1/20 - 9:46:46] Carl Auden has withdrawn a Shotgun from the weapon locker (Cost: 3)
[2018/1/20 - 9:52:53] Carl Auden has logged out.
[2018/1/20 - 10:01:58] Hustla Carl Auden has lost connection.
[2018/1/20 - 10:19:36] Jet Gibson has withdrawn a Desert Eagle from the weapon locker (Cost: 5)
[2018/1/20 - 10:19:38] Jet Gibson has withdrawn a Shotgun from the weapon locker (Cost: 3)
[2018/1/20 - 10:27:35] Haris Jones has authorized Teddy Steels to withdraw a Desert Eagle from the weapon locker (Cost: 5)
[2018/1/20 - 10:29:10] Haris Jones has withdrawn 10000 materials from the safe.
[2018/1/20 - 10:30:27] Haris Jones has withdrawn 50 grams of Ecstasy from the safe.
[2018/1/20 - 10:30:36] Haris Jones has withdrawn 20 grams of Ecstasy from the safe.
[2018/1/20 - 10:31:19] Haris Jones has withdrawn 30 grams of Heroin from the safe.
[2018/1/20 - 10:46:55] Carl Auden has withdrawn a Desert Eagle from the weapon locker (Cost: 5)
[2018/1/20 - 10:47:00] Haris Jones has authorized Teddy Steels to withdraw a Desert Eagle from the weapon locker (Cost: 5)
[2018/1/20 - 10:47:08] Haris Jones has authorized Carl Auden to withdraw a AK-47 from the weapon locker (Cost: 15)
[2018/1/20 - 10:47:15] Haris Jones has withdrawn a Desert Eagle from the weapon locker (Cost: 5)
[2018/1/20 - 10:47:16] Haris Jones has withdrawn a Shotgun from the weapon locker (Cost: 3)
[2018/1/20 - 10:47:30] Haris Jones has withdrawn 50 grams of Crack from the safe.
[2018/1/20 - 10:48:02] Jet Gibson has withdrawn a Desert Eagle from the weapon locker (Cost: 5)
[2018/1/20 - 10:48:03] Jet Gibson has withdrawn a Shotgun from the weapon locker (Cost: 3)
[2018/1/20 - 10:49:07] Haris Jones has withdrawn 50 grams of Crack from the safe.
[2018/1/20 - 10:57:52] Hugo Rafael (26972) accepted H.N.I.C Haris Jones's (101273) invite to join 1323 Market Mobb (26).
[2018/1/20 - 10:58:36] Haris Jones has authorized Hugo Rafael to withdraw a Desert Eagle from the weapon locker (Cost: 5)
[2018/1/20 - 10:59:50] Jet Gibson has withdrawn a Desert Eagle from the weapon locker (Cost: 5)
[2018/1/20 - 10:59:51] Jet Gibson has withdrawn a Shotgun from the weapon locker (Cost: 3)
[2018/1/20 - 11:01:20] Haris Jones has withdrawn 20 grams of Ecstasy from the safe.
[2018/1/20 - 11:01:48] Haris Jones has authorized Jet Gibson to withdraw a M4A1 from the weapon locker (Cost: 20)
[2018/1/20 - 11:04:42] Vladmir Glasscock has logged out.
[2018/1/20 - 11:05:20] Baby Crip Hugo Rafael has lost connection.
[2018/1/20 - 11:06:29] Carl Auden has withdrawn a Desert Eagle from the weapon locker (Cost: 5)
[2018/1/20 - 11:07:43] Haris Jones has withdrawn 10 grams of Ecstasy from the safe.
[2018/1/20 - 11:08:01] Jet Gibson has withdrawn a Desert Eagle from the weapon locker (Cost: 5)
[2018/1/20 - 11:08:03] Jet Gibson has withdrawn a Shotgun from the weapon locker (Cost: 3)
[2018/1/20 - 11:08:15] Haris Jones has authorized Hugo Rafael to withdraw a Desert Eagle from the weapon locker (Cost: 5)
[2018/1/20 - 11:08:28] Haris Jones has withdrawn a Desert Eagle from the weapon locker (Cost: 5)
[2018/1/20 - 11:08:29] Haris Jones has withdrawn a Shotgun from the weapon locker (Cost: 3)
[2018/1/20 - 11:08:42] Haris Jones has authorized Carl Auden to withdraw a AK-47 from the weapon locker (Cost: 15)
[2018/1/20 - 11:08:51] Haris Jones has withdrawn 25 grams of Crack from the safe.
[2018/1/20 - 11:09:02] Haris Jones has withdrawn 10 grams of Ecstasy from the safe.
[2018/1/20 - 11:09:27] Haris Jones has withdrawn 40 grams of Ecstasy from the safe.
[2018/1/20 - 11:16:10] Haris Jones has withdrawn 20 grams of Ecstasy from the safe.
[2018/1/20 - 11:16:46] Franco Louis (1000626132) has quit the 1323 Market Mobb as a rank 0
[2018/1/20 - 11:17:20] Carl Auden has logged out.
[2018/1/20 - 11:21:06] Carl Auden has logged out.
[2018/1/20 - 11:24:20] H.N.I.C Haris Jones (101273) (rank 6) has given Jet Gibson (38702) rank 0 (Baby Crip) in 1323 Market Mobb (26).
[2018/1/20 - 11:24:25] H.N.I.C Haris Jones (101273) (rank 6) has given Jet Gibson (38702) rank 4 (BloCc Star) in 1323 Market Mobb (26).
[2018/1/20 - 11:30:21] Jare Debol has logged out.
[2018/1/20 - 11:34:35] Mark P Vinci (1000355686) accepted H.N.I.C Haris Jones's (101273) invite to join 1323 Market Mobb (26).
[2018/1/20 - 11:35:51] Haris Jones has authorized Mark P Vinci to withdraw a Desert Eagle from the weapon locker (Cost: 5)
[2018/1/20 - 11:38:56] Haris Jones has logged out.
[2018/1/20 - 11:41:10] Jet Gibson has withdrawn a Desert Eagle from the weapon locker (Cost: 5)
[2018/1/20 - 11:41:10] Hugo Rafael has logged out.
[2018/1/20 - 12:04:35] Baby Crip Mark P Vinci has lost connection.
[2018/1/20 - 12:04:36] Jet Gibson has logged out.
[2018/1/20 - 12:09:02] Haris Jones has withdrawn 10000 materials from the safe.
[2018/1/20 - 12:31:41] Baby Crip Hugo Rafael has lost connection.
[2018/1/20 - 12:33:13] Haris Jones has logged out.
[2018/1/20 - 12:36:18] Hugo Rafael has logged out.
[2018/1/20 - 12:40:29] Vladmir Glasscock has logged out.
[2018/1/20 - 12:43:58] Shot Caller Benjo Fisher (1000501508) (rank 5) has given Teddy Steels (1000591506) rank 3 (Hustla) in 1323 Market Mobb (26).
[2018/1/20 - 12:48:51] Benjo Fisher has authorized Salvatore Bonanno to withdraw a SPAS-12 from the weapon locker (Cost: 30)
[2018/1/20 - 12:55:09] Benjo Fisher has authorized Derrick Jones to withdraw a Desert Eagle from the weapon locker (Cost: 5)
[2018/1/20 - 12:55:53] Derrick Jones has logged out.
[2018/1/20 - 12:56:09] Hugo Rafael has logged out.
[2018/1/20 - 13:00:48] Benjo Fisher has withdrawn a Desert Eagle from the weapon locker (Cost: 5)
[2018/1/20 - 13:01:40] Benjo Fisher has authorized Hugo Rafael to withdraw a Desert Eagle from the weapon locker (Cost: 5)
[2018/1/20 - 13:02:44] Baby Crip Hugo Rafael has lost connection.
[2018/1/20 - 13:05:18] Salvatore Bonanno has withdrawn a Desert Eagle from the weapon locker (Cost: 5)
[2018/1/20 - 13:06:41] Benny Smith Wallace has authorized Mark P Vinci to withdraw a Desert Eagle from the weapon locker (Cost: 5)
[2018/1/20 - 13:07:44] Teddy Steels has withdrawn a Desert Eagle from the weapon locker (Cost: 5)
[2018/1/20 - 13:07:55] Salvatore Bonanno has withdrawn a Shotgun from the weapon locker (Cost: 3)
[2018/1/20 - 13:07:56] Salvatore Bonanno has withdrawn a Desert Eagle from the weapon locker (Cost: 5)
[2018/1/20 - 13:08:00] Teddy Steels has logged out.
[2018/1/20 - 13:08:14] Travis Lancer has withdrawn a Desert Eagle from the weapon locker (Cost: 5)
[2018/1/20 - 13:08:49] Benny Smith Wallace has withdrawn a Desert Eagle from the weapon locker (Cost: 5)
[2018/1/20 - 13:08:49] Benny Smith Wallace has withdrawn a Shotgun from the weapon locker (Cost: 3)
[2018/1/20 - 13:09:49] Benny Smith Wallace has authorized Mark P Vinci to withdraw a Desert Eagle from the weapon locker (Cost: 5)
[2018/1/20 - 13:10:29] Baby Crip Hugo Rafael has lost connection.
[2018/1/20 - 13:10:45] Salvatore Bonanno has withdrawn a Desert Eagle from the weapon locker (Cost: 5)
[2018/1/20 - 13:18:26] Benny Smith Wallace has authorized Mark P Vinci to withdraw a Desert Eagle from the weapon locker (Cost: 5)
[2018/1/20 - 13:22:43] Salvatore Bonanno has withdrawn a Desert Eagle from the weapon locker (Cost: 5)
[2018/1/20 - 13:22:44] Salvatore Bonanno has withdrawn a Shotgun from the weapon locker (Cost: 3)
[2018/1/20 - 13:30:47] Benjo Fisher has authorized Mark P Vinci to withdraw a Desert Eagle from the weapon locker (Cost: 5)
[2018/1/20 - 13:31:51] Salvatore Bonanno has withdrawn a Desert Eagle from the weapon locker (Cost: 5)
[2018/1/20 - 13:32:17] Travis Lancer has withdrawn a Desert Eagle from the weapon locker (Cost: 5)
[2018/1/20 - 13:32:32] Travis Lancer has logged out.
[2018/1/20 - 13:32:54] Benny Smith Wallace has withdrawn a Desert Eagle from the weapon locker (Cost: 5)
[2018/1/20 - 13:32:54] Benny Smith Wallace has withdrawn a Shotgun from the weapon locker (Cost: 3)
[2018/1/20 - 13:33:49] Benny Smith Wallace has logged out.
[2018/1/20 - 13:36:38] Lil Poot Tommy Hyde has lost connection.
[2018/1/20 - 13:40:53] Daisaki Hanako (147442) accepted H.N.I.C Ninou Mofujohn's (137951) invite to join 1323 Market Mobb (26).
[2018/1/20 - 13:41:19] H.N.I.C Ninou Mofujohn (137951) has set Daisaki Hanako's (147442) division to Hangout in 1323 Market Mobb (26).
[2018/1/20 - 13:41:36] Lee Liang has deposited 20000 materials into the safe.
[2018/1/20 - 13:44:07] Hugo Rafael has logged out.
[2018/1/20 - 13:45:37] Benjo Fisher has authorized Tommy Hyde to withdraw a Desert Eagle from the weapon locker (Cost: 5)
[2018/1/20 - 13:48:44] Ninou Mofujohn has withdrawn 500 grams of Crack from the safe.
[2018/1/20 - 13:50:04] Ninou Mofujohn has authorized Mark P Vinci to withdraw a Shotgun from the weapon locker (Cost: 3)
[2018/1/20 - 13:50:27] Ninou Mofujohn has withdrawn 620 grams of Ecstasy from the safe.
[2018/1/20 - 13:50:35] Gruu Hyde has withdrawn a Desert Eagle from the weapon locker (Cost: 5)
[2018/1/20 - 13:50:36] Ninou Mofujohn has deposited 550 grams of Ecstasy into the safe.
[2018/1/20 - 13:50:40] Ninou Mofujohn has authorized Benjo Fisher to withdraw a SPAS-12 from the weapon locker (Cost: 30)
[2018/1/20 - 13:50:46] Ninou Mofujohn has withdrawn 60 grams of Heroin from the safe.
[2018/1/20 - 13:50:58] Lee Liang has withdrawn a AK-47 from the weapon locker (Cost: 15)
[2018/1/20 - 13:57:08] Ninou Mofujohn has withdrawn a SPAS-12 from the weapon locker (Cost: 30)
[2018/1/20 - 14:00:04] Daisaki Hanako has logged out.
[2018/1/20 - 14:00:40] Salvatore Bonanno has withdrawn a Desert Eagle from the weapon locker (Cost: 5)
[2018/1/20 - 14:00:56] Salvatore Bonanno has withdrawn a Desert Eagle from the weapon locker (Cost: 5)
[2018/1/20 - 14:01:40] Carl Auden has withdrawn a Desert Eagle from the weapon locker (Cost: 5)
[2018/1/20 - 14:02:02] Shot Caller Benjo Fisher has lost connection.
[2018/1/20 - 14:02:02] Ninou Mofujohn has withdrawn a Desert Eagle from the weapon locker (Cost: 5)
[2018/1/20 - 14:02:03] BloCc Star Salvatore Bonanno has lost connection.
[2018/1/20 - 14:02:03] Ninou Mofujohn has withdrawn a SPAS-12 from the weapon locker (Cost: 30)
[2018/1/20 - 14:02:05] Hustla Carl Auden has lost connection.
[2018/1/20 - 14:02:15] Ninou Mofujohn has withdrawn 100 grams of Heroin from the safe.
[2018/1/20 - 14:02:20] Ninou Mofujohn has withdrawn 100 grams of Ecstasy from the safe.
[2018/1/20 - 14:07:13] H.N.I.C Ninou Mofujohn has lost connection.
[2018/1/20 - 14:07:31] Shot Caller Benny Smith Wallace (1000023930) has set Hugo Rafael's (26972) division to Hangout in 1323 Market Mobb (26).
[2018/1/20 - 14:08:11] Lee Liang has logged out.
[2018/1/20 - 14:08:30] Mark P Vinci has logged out.
[2018/1/20 - 14:08:31] Carl Auden has withdrawn a Desert Eagle from the weapon locker (Cost: 5)
[2018/1/20 - 14:08:37] Ninou Mofujohn has logged out.
[2018/1/20 - 14:08:49] Benny Smith Wallace has withdrawn a Desert Eagle from the weapon locker (Cost: 5)
[2018/1/20 - 14:08:50] Benny Smith Wallace has withdrawn a Shotgun from the weapon locker (Cost: 3)
[2018/1/20 - 14:08:57] Benjo Fisher has authorized Hugo Rafael to withdraw a Desert Eagle from the weapon locker (Cost: 5)
[2018/1/20 - 14:08:57] Salvatore Bonanno has withdrawn a Desert Eagle from the weapon locker (Cost: 5)
[2018/1/20 - 14:09:08] Benny Smith Wallace has authorized Tommy Hyde to withdraw a Desert Eagle from the weapon locker (Cost: 5)
[2018/1/20 - 14:09:11] Benjo Fisher has authorized Gruu Hyde to withdraw a AK-47 from the weapon locker (Cost: 15)
[2018/1/20 - 14:09:22] Benjo Fisher has authorized Carl Auden to withdraw a MP5 from the weapon locker (Cost: 3)
[2018/1/20 - 14:10:26] Ninou Mofujohn has adjusted the withdraw rank for item 2 to 5.
[2018/1/20 - 14:10:49] Ninou Mofujohn has withdrawn a Desert Eagle from the weapon locker (Cost: 5)
[2018/1/20 - 14:10:51] Ninou Mofujohn has withdrawn a SPAS-12 from the weapon locker (Cost: 30)
[2018/1/20 - 14:11:20] Tommy Hyde has logged out.
[2018/1/20 - 14:11:37] Lee Liang has withdrawn a Desert Eagle from the weapon locker (Cost: 5)
[2018/1/20 - 14:11:48] Ninou Mofujohn has authorized Lee Liang to withdraw a SPAS-12 from the weapon locker (Cost: 30)
[2018/1/20 - 14:13:03] Benny Smith Wallace has authorized Gruu Hyde to withdraw a MP5 from the weapon locker (Cost: 3)
[2018/1/20 - 14:13:17] Salvatore Bonanno has withdrawn a Desert Eagle from the weapon locker (Cost: 5)
[2018/1/20 - 14:13:30] Benjo Fisher has withdrawn 200 grams of Crack from the safe.
[2018/1/20 - 14:13:40] Benjo Fisher has withdrawn 80 grams of Meth from the safe.
[2018/1/20 - 14:14:03] Lee Liang has logged out.
[2018/1/20 - 14:15:45] Ninou Mofujohn has withdrawn a Desert Eagle from the weapon locker (Cost: 5)
[2018/1/20 - 14:15:46] Ninou Mofujohn has withdrawn a SPAS-12 from the weapon locker (Cost: 30)
[2018/1/20 - 14:18:15] Benny Smith Wallace has authorized Cynnia Finley to withdraw a Desert Eagle from the weapon locker (Cost: 5)
[2018/1/20 - 14:19:18] Benjo Fisher has authorized Cynnia Finley to withdraw a MP5 from the weapon locker (Cost: 3)
[2018/1/20 - 14:28:20] Carl Auden has withdrawn a Desert Eagle from the weapon locker (Cost: 5)
[2018/1/20 - 14:28:22] Carl Auden has withdrawn a Shotgun from the weapon locker (Cost: 3)
[2018/1/20 - 14:28:32] Benny Smith Wallace has authorized Carl Auden to withdraw a MP5 from the weapon locker (Cost: 3)
[2018/1/20 - 14:28:42] Benny Smith Wallace has authorized Gruu Hyde to withdraw a MP5 from the weapon locker (Cost: 3)
[2018/1/20 - 14:29:07] Carl Auden has withdrawn a Desert Eagle from the weapon locker (Cost: 5)
[2018/1/20 - 14:29:45] Gruu Hyde has logged out.
[2018/1/20 - 14:31:21] Salvatore Bonanno has withdrawn a Desert Eagle from the weapon locker (Cost: 5)
[2018/1/20 - 14:31:56] Carl Auden has withdrawn a Desert Eagle from the weapon locker (Cost: 5)
[2018/1/20 - 14:31:58] Carl Auden has withdrawn a Shotgun from the weapon locker (Cost: 3)
[2018/1/20 - 14:32:03] Benny Smith Wallace has authorized Carl Auden to withdraw a MP5 from the weapon locker (Cost: 3)
[2018/1/20 - 14:32:41] Carl Auden has withdrawn a Desert Eagle from the weapon locker (Cost: 5)
[2018/1/20 - 14:34:45] Benny Smith Wallace has withdrawn 200 grams of Crack from the safe.
[2018/1/20 - 14:34:49] Benny Smith Wallace has withdrawn 50 grams of Heroin from the safe.
[2018/1/20 - 14:34:53] Benny Smith Wallace has withdrawn 20 grams of Ecstasy from the safe.
[2018/1/20 - 14:34:58] Daisaki Hanako (147442) has quit the 1323 Market Mobb as a rank 0
[2018/1/20 - 14:35:42] Benny Smith Wallace has logged out.
[2018/1/20 - 14:36:56] Benjo Fisher has logged out.
[2018/1/20 - 14:37:17] Carl Auden has withdrawn a Desert Eagle from the weapon locker (Cost: 5)
[2018/1/20 - 14:38:55] Cynnia Finley has logged out.
[2018/1/20 - 14:41:24] Shot Caller Benny Smith Wallace has lost connection.
[2018/1/20 - 14:43:26] Carl Auden has withdrawn a Desert Eagle from the weapon locker (Cost: 5)
[2018/1/20 - 14:44:32] Lee Liang has logged out.
[2018/1/20 - 14:45:10] Salvatore Bonanno has logged out.
[2018/1/20 - 14:46:05] Jbavlin Jackson (1000627548) accepted H.N.I.C Ninou Mofujohn's (137951) invite to join 1323 Market Mobb (26).
[2018/1/20 - 14:46:30] Shot Caller Benny Smith Wallace (1000023930) has set Jbavlin Jackson's (1000627548) division to Hangout in 1323 Market Mobb (26
[2018/1/20 - 14:47:29] Kiyoharu Shimizu (1000521511) accepted H.N.I.C Ninou Mofujohn's (137951) invite to join 1323 Market Mobb (26).
[2018/1/20 - 14:47:38] H.N.I.C Ninou Mofujohn (137951) has set Kiyoharu Shimizu's (1000521511) division to Hangout in 1323 Market Mobb (26).
[2018/1/20 - 14:49:56] Cody Carlsberg (1000627697) accepted Shot Caller Benny Smith Wallace's (1000023930) invite to join 1323 Market Mobb (26).
[2018/1/20 - 14:51:09] Shot Caller Benny Smith Wallace (1000023930) has set Cody Carlsberg's (1000627697) division to Hangout in 1323 Market Mobb (26)
[2018/1/20 - 14:55:03] Benny Smith Wallace has authorized Jbavlin Jackson to withdraw a Desert Eagle from the weapon locker (Cost: 5)
[2018/1/20 - 14:55:57] Sonny Smith (896174) accepted H.N.I.C Ninou Mofujohn's (137951) invite to join 1323 Market Mobb (26).
[2018/1/20 - 14:56:00] H.N.I.C Ninou Mofujohn (137951) has set Sonny Smith's (896174) division to Hangout in 1323 Market Mobb (26).
[2018/1/20 - 14:56:04] H.N.I.C Ninou Mofujohn (137951) (rank 6) has given Sonny Smith (896174) rank 2 (Crip) in 1323 Market Mobb (26).
[2018/1/20 - 14:56:38] Carl Auden has logged out.
[2018/1/20 - 14:57:00] Danny Newers (884839) accepted Shot Caller Benny Smith Wallace's (1000023930) invite to join 1323 Market Mobb (26).
[2018/1/20 - 14:57:12] Shot Caller Benny Smith Wallace (1000023930) has set Danny Newers's (884839) division to Hangout in 1323 Market Mobb (26).
[2018/1/20 - 14:57:33] Sonny Smith has logged out.
[2018/1/20 - 14:58:18] Carl Auden has logged out.
[2018/1/20 - 14:58:47] Benny Smith Wallace has authorized Danny Newers to withdraw a Desert Eagle from the weapon locker (Cost: 5)
[2018/1/20 - 15:00:20] Carl Auden has withdrawn a Desert Eagle from the weapon locker (Cost: 5)
[2018/1/20 - 15:00:26] Shot Caller Benjo Fisher (1000501508) (rank 5) has given Hugo Rafael (26972) rank 3 (Hustla) in 1323 Market Mobb (26).
[2018/1/20 - 15:00:28] Benny Smith Wallace has authorized Carl Auden to withdraw a MP5 from the weapon locker (Cost: 3)
[2018/1/20 - 15:00:30] Benny Smith Wallace has authorized Danny Newers to withdraw a Shotgun from the weapon locker (Cost: 3)
[2018/1/20 - 15:05:27] Hamma Ghrab (57369) accepted H.N.I.C Ninou Mofujohn's (137951) invite to join 1323 Market Mobb (26).
[2018/1/20 - 15:05:29] H.N.I.C Ninou Mofujohn (137951) has set Hamma Ghrab's (57369) division to Hangout in 1323 Market Mobb (26).
[2018/1/20 - 15:06:25] Benny Smith Wallace has authorized Hamma Ghrab to withdraw a Desert Eagle from the weapon locker (Cost: 5)
[2018/1/20 - 15:06:46] Shot Caller Benny Smith Wallace (1000023930) has set Hugo Rafael's (26972) division to OG Killa in 1323 Market Mobb (26).
[2018/1/20 - 15:06:48] H.N.I.C Ninou Mofujohn (137951) has set Hugo Rafael's (26972) division to Hustler in 1323 Market Mobb (26).
[2018/1/20 - 15:10:36] Benny Smith Wallace has logged out.
[2018/1/20 - 15:12:26] Frank Casso (120328) accepted H.N.I.C Ninou Mofujohn's (137951) invite to join 1323 Market Mobb (26).
[2018/1/20 - 15:12:29] H.N.I.C Ninou Mofujohn (137951) (rank 6) has given Frank Casso (120328) rank 4 (BloCc Star) in 1323 Market Mobb (26).
[2018/1/20 - 15:12:33] H.N.I.C Ninou Mofujohn (137951) has set Frank Casso's (120328) division to Hustler in 1323 Market Mobb (26).
[2018/1/20 - 15:13:23] Hamma Ghrab has logged out.
[2018/1/20 - 15:14:26] Hustla Hugo Rafael has lost connection.
[2018/1/20 - 15:16:05] BloCc Star Frank Casso has lost connection.
[2018/1/20 - 15:16:34] Baby Crip Jbavlin Jackson has lost connection.
[2018/1/20 - 15:16:58] BloCc Star Frank Casso has lost connection.
[2018/1/20 - 15:18:20] Jbavlin Jackson has logged out.
[2018/1/20 - 15:19:33] Jbavlin Jackson has logged out.
[2018/1/20 - 15:19:57] Cody Carlsberg has logged out.
[2018/1/20 - 15:20:24] Carl Auden has withdrawn a Desert Eagle from the weapon locker (Cost: 5)
[2018/1/20 - 15:20:29] Salvatore Bonanno has withdrawn a Desert Eagle from the weapon locker (Cost: 5)
[2018/1/20 - 15:20:47] Ninou Mofujohn has withdrawn a Desert Eagle from the weapon locker (Cost: 5)
[2018/1/20 - 15:20:56] Danny Newers has logged out.
[2018/1/20 - 15:20:57] Jbavlin Jackson has logged out.
[2018/1/20 - 15:21:19] Benjo Fisher has authorized Sonny Smith to withdraw a Desert Eagle from the weapon locker (Cost: 5)
[2018/1/20 - 15:21:34] Salvatore Bonanno has withdrawn a Shotgun from the weapon locker (Cost: 3)
[2018/1/20 - 15:26:56] Ninou Mofujohn has withdrawn a Desert Eagle from the weapon locker (Cost: 5)
[2018/1/20 - 15:26:57] Ninou Mofujohn has withdrawn a Sniper Rifle from the weapon locker (Cost: 40)
[2018/1/20 - 15:27:02] Salvatore Bonanno has withdrawn a Desert Eagle from the weapon locker (Cost: 5)
[2018/1/20 - 15:27:03] Salvatore Bonanno has withdrawn a Shotgun from the weapon locker (Cost: 3)
[2018/1/20 - 15:28:26] H.N.I.C Haris Jones (101273) (rank 6) has given Sonny Smith (896174) rank 3 (Hustla) in 1323 Market Mobb (26).
[2018/1/20 - 15:28:28] Benjo Fisher has authorized Sonny Smith to withdraw a Desert Eagle from the weapon locker (Cost: 5)
[2018/1/20 - 15:28:31] Carl Auden has withdrawn a Desert Eagle from the weapon locker (Cost: 5)
[2018/1/20 - 15:28:37] Carl Auden has withdrawn a Shotgun from the weapon locker (Cost: 3)
[2018/1/20 - 15:29:19] Baby Crip Jbavlin Jackson has lost connection.
[2018/1/20 - 15:29:25] Haris Jones has withdrawn a Desert Eagle from the weapon locker (Cost: 5)
[2018/1/20 - 15:29:26] Haris Jones has withdrawn a Shotgun from the weapon locker (Cost: 3)
[2018/1/20 - 15:29:34] H.N.I.C Haris Jones (101273) has set Sonny Smith's (896174) division to OG Killa in 1323 Market Mobb (26).
[2018/1/20 - 15:29:48] Haris Jones has logged out.
[2018/1/20 - 15:31:19] Baby Crip Jbavlin Jackson has lost connection.
[2018/1/20 - 15:31:50] Benjo Fisher has withdrawn 40 grams of Ecstasy from the safe.
[2018/1/20 - 15:32:12] Benjo Fisher has withdrawn 30 grams of Heroin from the safe.
[2018/1/20 - 15:32:18] Salvatore Bonanno has withdrawn a Desert Eagle from the weapon locker (Cost: 5)
[2018/1/20 - 15:32:21] Ninou Mofujohn has withdrawn a Sniper Rifle from the weapon locker (Cost: 40)
[2018/1/20 - 15:32:30] Salvatore Bonanno has withdrawn a Shotgun from the weapon locker (Cost: 3)
[2018/1/20 - 15:32:34] Takeshi Damion (1000627599) accepted H.N.I.C Ninou Mofujohn's (137951) invite to join 1323 Market Mobb (26).
[2018/1/20 - 15:34:26] Jbavlin Jackson has logged out.
[2018/1/20 - 15:36:34] Pedro Lee (1000625749) accepted Shot Caller Benjo Fisher's (1000501508) invite to join 1323 Market Mobb (26).
[2018/1/20 - 15:36:40] Shot Caller Benjo Fisher (1000501508) (rank 5) has given Pedro Lee (1000625749) rank 3 (Hustla) in 1323 Market Mobb (26).
[2018/1/20 - 15:36:49] Carl Auden has withdrawn a Desert Eagle from the weapon locker (Cost: 5)
[2018/1/20 - 15:37:20] Baby Crip Jbavlin Jackson has lost connection.
[2018/1/20 - 15:37:38] Pedro Lee has withdrawn a Desert Eagle from the weapon locker (Cost: 5)
[2018/1/20 - 15:38:41] Pedro Lee has logged out.
[2018/1/20 - 15:39:37] Ninou Mofujohn has withdrawn a Desert Eagle from the weapon locker (Cost: 5)
[2018/1/20 - 15:39:37] Jbavlin Jackson has logged out.
[2018/1/20 - 15:40:19] Hugo Rafael has logged out.
[2018/1/20 - 15:40:19] Lee Liang has logged out.
[2018/1/20 - 15:41:41] Carl Auden has withdrawn a Desert Eagle from the weapon locker (Cost: 5)
[2018/1/20 - 15:41:45] Jbavlin Jackson has logged out.
[2018/1/20 - 15:46:16] H.N.I.C Ninou Mofujohn has lost connection.
[2018/1/20 - 15:46:29] Jbavlin Jackson has logged out.
[2018/1/20 - 15:48:41] Carl Auden has logged out.
[2018/1/20 - 15:49:11] Baby Crip Jbavlin Jackson has lost connection.
[2018/1/20 - 15:49:16] Salvatore Bonanno has withdrawn a Desert Eagle from the weapon locker (Cost: 5)
[2018/1/20 - 15:50:00] Ninou Mofujohn has authorized Kiyoharu Shimizu to withdraw a Desert Eagle from the weapon locker (Cost: 5)
[2018/1/20 - 15:51:10] Baby Crip Jbavlin Jackson has lost connection.
[2018/1/20 - 15:52:07] Sonny Smith has withdrawn a Desert Eagle from the weapon locker (Cost: 5)
[2018/1/20 - 15:52:28] Clint Maddox has logged out.
[2018/1/20 - 15:52:40] Jbavlin Jackson has logged out.
[2018/1/20 - 15:53:32] Carl Auden has withdrawn a Desert Eagle from the weapon locker (Cost: 5)
[2018/1/20 - 15:53:34] Carl Auden has withdrawn a Shotgun from the weapon locker (Cost: 3)
[2018/1/20 - 15:54:12] Baby Crip Jbavlin Jackson has lost connection.
[2018/1/20 - 15:56:25] Rizky Antares (1000575003) accepted H.N.I.C Ninou Mofujohn's (137951) invite to join 1323 Market Mobb (26).
[2018/1/20 - 15:56:26] Ninou Mofujohn has withdrawn a Sniper Rifle from the weapon locker (Cost: 40)
[2018/1/20 - 15:56:56] Benny Smith Wallace has authorized Rizky Antares to withdraw a Desert Eagle from the weapon locker (Cost: 5)
[2018/1/20 - 15:57:19] Baby Crip Jbavlin Jackson has lost connection.
[2018/1/20 - 15:58:26] Haris Jones has withdrawn 20 grams of Ecstasy from the safe.
[2018/1/20 - 15:58:40] Haris Jones has withdrawn 20 grams of Heroin from the safe.
[2018/1/20 - 16:03:11] Baby Crip Jbavlin Jackson has lost connection.
[2018/1/20 - 16:05:23] Salvatore Bonanno has withdrawn a Desert Eagle from the weapon locker (Cost: 5)
[2018/1/20 - 16:05:29] Benny Smith Wallace has authorized Jbavlin Jackson to withdraw a Desert Eagle from the weapon locker (Cost: 5)
[2018/1/20 - 16:06:17] Benny Smith Wallace has withdrawn a Desert Eagle from the weapon locker (Cost: 5)
[2018/1/20 - 16:06:17] Benny Smith Wallace has withdrawn a Shotgun from the weapon locker (Cost: 3)
[2018/1/20 - 16:06:19] Benny Smith Wallace has withdrawn a M4A1 from the weapon locker (Cost: 20)
[2018/1/20 - 16:07:06] Takeshi Damion has logged out.
[2018/1/20 - 16:07:10] Sonny Smith has withdrawn a Desert Eagle from the weapon locker (Cost: 5)
[2018/1/20 - 16:07:19] Haris Jones has withdrawn a Desert Eagle from the weapon locker (Cost: 5)
[2018/1/20 - 16:07:19] Baby Crip Jbavlin Jackson has lost connection.
[2018/1/20 - 16:07:20] Haris Jones has withdrawn a Shotgun from the weapon locker (Cost: 3)
[2018/1/20 - 16:08:43] Salvatore Bonanno has withdrawn a Desert Eagle from the weapon locker (Cost: 5)
[2018/1/20 - 16:08:50] Rizky Antares has logged out.
[2018/1/20 - 16:09:04] Carl Auden has withdrawn a Desert Eagle from the weapon locker (Cost: 5)
[2018/1/20 - 16:09:05] Haris Jones has withdrawn a Desert Eagle from the weapon locker (Cost: 5)
[2018/1/20 - 16:09:42] Baby Crip Jbavlin Jackson has lost connection.
[2018/1/20 - 16:10:38] Haris Jones has withdrawn a Desert Eagle from the weapon locker (Cost: 5)
[2018/1/20 - 16:10:39] Haris Jones has withdrawn a Shotgun from the weapon locker (Cost: 3)
[2018/1/20 - 16:10:39] Haris Jones has withdrawn a Colt .45 from the weapon locker (Cost: 3)
[2018/1/20 - 16:10:43] Carl Auden has withdrawn a Desert Eagle from the weapon locker (Cost: 5)
[2018/1/20 - 16:10:44] Benny Smith Wallace has authorized Jbavlin Jackson to withdraw a Desert Eagle from the weapon locker (Cost: 5)
[2018/1/20 - 16:10:45] Haris Jones has withdrawn a Desert Eagle from the weapon locker (Cost: 5)
[2018/1/20 - 16:10:46] Carl Auden has withdrawn a Shotgun from the weapon locker (Cost: 3)
[2018/1/20 - 16:10:46] Salvatore Bonanno has withdrawn a Shotgun from the weapon locker (Cost: 3)
[2018/1/20 - 16:10:48] Salvatore Bonanno has withdrawn a Desert Eagle from the weapon locker (Cost: 5)
[2018/1/20 - 16:10:59] Carl Auden has withdrawn a Desert Eagle from the weapon locker (Cost: 5)
[2018/1/20 - 16:11:45] Haris Jones has withdrawn 20 grams of Ecstasy from the safe.
[2018/1/20 - 16:11:55] Ninou Mofujohn has withdrawn a SPAS-12 from the weapon locker (Cost: 30)
[2018/1/20 - 16:12:19] Carl Auden has withdrawn a Desert Eagle from the weapon locker (Cost: 5)
[2018/1/20 - 16:12:37] H.N.I.C Ninou Mofujohn (137951) has set Ninou Mofujohn's (137951) division to BloCc Work in 1323 Market Mobb (26).
[2018/1/20 - 16:12:49] Benny Smith Wallace has authorized Carl Auden to withdraw a MP5 from the weapon locker (Cost: 3)
[2018/1/20 - 16:12:56] Sonny Smith has withdrawn a Desert Eagle from the weapon locker (Cost: 5)
[2018/1/20 - 16:14:06] Jbavlin Jackson has logged out.
[2018/1/20 - 16:14:17] Carl Auden has withdrawn a Desert Eagle from the weapon locker (Cost: 5)
[2018/1/20 - 16:15:54] Jbavlin Jackson has logged out.
[2018/1/20 - 16:16:52] BloCc Star Salvatore Bonanno has lost connection.
[2018/1/20 - 16:16:55] Pedro Lee has withdrawn a Desert Eagle from the weapon locker (Cost: 5)
[2018/1/20 - 16:16:59] Benny Smith Wallace has withdrawn a Desert Eagle from the weapon locker (Cost: 5)
[2018/1/20 - 16:17:00] Benny Smith Wallace has withdrawn a Shotgun from the weapon locker (Cost: 3)
[2018/1/20 - 16:18:13] Baby Crip Jbavlin Jackson has lost connection.
[2018/1/20 - 16:19:19] Salvatore Bonanno has withdrawn a Desert Eagle from the weapon locker (Cost: 5)
[2018/1/20 - 16:19:21] Salvatore Bonanno has withdrawn a Shotgun from the weapon locker (Cost: 3)
[2018/1/20 - 16:20:23] Baby Crip Jbavlin Jackson has lost connection.
[2018/1/20 - 16:20:53] Seth Zutar has logged out.
[2018/1/20 - 16:22:58] Baby Crip Jbavlin Jackson has lost connection.
[2018/1/20 - 16:26:33] Benjo Fisher has authorized Rizky Antares to withdraw a Desert Eagle from the weapon locker (Cost: 5)
[2018/1/20 - 16:28:53] Benny Smith Wallace has withdrawn a Desert Eagle from the weapon locker (Cost: 5)
[2018/1/20 - 16:28:54] Benny Smith Wallace has withdrawn a Shotgun from the weapon locker (Cost: 3)
[2018/1/20 - 16:29:15] Pedro Lee has withdrawn a Desert Eagle from the weapon locker (Cost: 5)
[2018/1/20 - 16:29:55] Ninou Mofujohn has withdrawn a Desert Eagle from the weapon locker (Cost: 5)
[2018/1/20 - 16:29:57] Ninou Mofujohn has withdrawn a SPAS-12 from the weapon locker (Cost: 30)
[2018/1/20 - 16:30:05] Sonny Smith has withdrawn a Desert Eagle from the weapon locker (Cost: 5)
[2018/1/20 - 16:30:07] Ninou Mofujohn has withdrawn 100 grams of Ecstasy from the safe.
[2018/1/20 - 16:30:13] Benny Smith Wallace has logged out.
[2018/1/20 - 16:30:31] Sonny Smith has withdrawn a Shotgun from the weapon locker (Cost: 3)
[2018/1/20 - 16:30:40] Pedro Lee has withdrawn a Shotgun from the weapon locker (Cost: 3)
[2018/1/20 - 16:30:41] Salvatore Bonanno has withdrawn a Shotgun from the weapon locker (Cost: 3)
[2018/1/20 - 16:30:43] Salvatore Bonanno has withdrawn a Desert Eagle from the weapon locker (Cost: 5)
[2018/1/20 - 16:31:50] Kiyoharu Shimizu has logged out.
[2018/1/20 - 16:31:55] Salvatore Bonanno has logged out.
[2018/1/20 - 16:34:04] Jbavlin Jackson has logged out.
[2018/1/20 - 16:35:54] Benny Smith Wallace has authorized Rizky Antares to withdraw a Desert Eagle from the weapon locker (Cost: 5)
[2018/1/20 - 16:39:00] Benny Smith Wallace has logged out.
[2018/1/20 - 16:39:06] Hachi Kush (1000222190) accepted Shot Caller Benjo Fisher's (1000501508) invite to join 1323 Market Mobb (26).
[2018/1/20 - 16:39:16] H.N.I.C Haris Jones (101273) (rank 6) has given Hachi Kush (1000222190) rank 4 (BloCc Star) in 1323 Market Mobb (26).
[2018/1/20 - 16:40:30] Pedro Lee has logged out.
[2018/1/20 - 16:41:16] Carl Auden has withdrawn a Desert Eagle from the weapon locker (Cost: 5)
[2018/1/20 - 16:41:53] Carl Auden has withdrawn a Desert Eagle from the weapon locker (Cost: 5)
[2018/1/20 - 16:43:00] Rizky Antares has logged out.
[2018/1/20 - 16:45:36] Jake Mertens (1000625769) accepted H.N.I.C Ninou Mofujohn's (137951) invite to join 1323 Market Mobb (26).
[2018/1/20 - 16:45:54] Haris Jones has withdrawn a Desert Eagle from the weapon locker (Cost: 5)
[2018/1/20 - 16:45:55] Haris Jones has withdrawn a Shotgun from the weapon locker (Cost: 3)
[2018/1/20 - 16:45:55] Jaffar Mertens (1000627709) accepted H.N.I.C Ninou Mofujohn's (137951) invite to join 1323 Market Mobb (26).
[2018/1/20 - 16:46:07] H.N.I.C Ninou Mofujohn has lost connection.
[2018/1/20 - 16:47:27] H.N.I.C Ninou Mofujohn (137951) has set Jaffar Mertens's (1000627709) division to Hangout in 1323 Market Mobb (26).
[2018/1/20 - 16:47:32] H.N.I.C Ninou Mofujohn (137951) has set Jake Mertens's (1000625769) division to Hangout in 1323 Market Mobb (26).
[2018/1/20 - 16:49:50] Hachi Kush has logged out.
[2018/1/20 - 16:50:18] Haris Jones has withdrawn a Desert Eagle from the weapon locker (Cost: 5)
[2018/1/20 - 16:50:20] Haris Jones has withdrawn a Shotgun from the weapon locker (Cost: 3)
[2018/1/20 - 16:51:02] Haris Jones has withdrawn 22 grams of Ecstasy from the safe.
[2018/1/20 - 16:51:18] Carl Auden has withdrawn a Desert Eagle from the weapon locker (Cost: 5)
[2018/1/20 - 16:51:42] Carl Auden has withdrawn a Shotgun from the weapon locker (Cost: 3)
[2018/1/20 - 16:52:57] Jbavlin Jackson has logged out.
[2018/1/20 - 16:53:24] Sonny Smith has withdrawn a Desert Eagle from the weapon locker (Cost: 5)
[2018/1/20 - 16:53:26] Sonny Smith has withdrawn a Shotgun from the weapon locker (Cost: 3)
[2018/1/20 - 16:55:41] Haris Jones has withdrawn a Desert Eagle from the weapon locker (Cost: 5)
[2018/1/20 - 16:55:42] Haris Jones has withdrawn a Shotgun from the weapon locker (Cost: 3)
[2018/1/20 - 16:55:51] Ninou Mofujohn (137951) has changed MOTD for ALLIED CARTEL /SETFREQ 4566 to: ALLIED CARTEL /SETFREQ 4566 in slot 1
[2018/1/20 - 16:56:11] Haris Jones has authorized Jbavlin Jackson to withdraw a Desert Eagle from the weapon locker (Cost: 5)
[2018/1/20 - 16:56:31] Rossi Stokes (1000625164) accepted Shot Caller Benjo Fisher's (1000501508) invite to join 1323 Market Mobb (26).
[2018/1/20 - 16:56:50] Jet Gibson has withdrawn a Desert Eagle from the weapon locker (Cost: 5)
[2018/1/20 - 16:56:51] Benjo Fisher has withdrawn 200 grams of Crack from the safe.
[2018/1/20 - 16:56:51] Jet Gibson has withdrawn a Shotgun from the weapon locker (Cost: 3)
[2018/1/20 - 16:56:52] Pedro Lee has withdrawn a Desert Eagle from the weapon locker (Cost: 5)
[2018/1/20 - 16:56:55] Pedro Lee has withdrawn a Shotgun from the weapon locker (Cost: 3)
[2018/1/20 - 16:57:02] Hachi Kush has withdrawn a Desert Eagle from the weapon locker (Cost: 5)
[2018/1/20 - 16:57:07] Carl Auden has withdrawn a Shotgun from the weapon locker (Cost: 3)
[2018/1/20 - 16:57:53] Carl Auden has withdrawn a Desert Eagle from the weapon locker (Cost: 5)
[2018/1/20 - 16:57:56] Carl Auden has withdrawn a Shotgun from the weapon locker (Cost: 3)
[2018/1/20 - 16:58:30] Jake Mertens has logged out.
[2018/1/20 - 16:58:34] Benjo Fisher has withdrawn a Desert Eagle from the weapon locker (Cost: 5)
[2018/1/20 - 17:00:20] Haris Jones has withdrawn 40 grams of Ecstasy from the safe.
[2018/1/20 - 17:00:31] Haris Jones has withdrawn 20 grams of Heroin from the safe.
[2018/1/20 - 17:04:53] H.N.I.C Ninou Mofujohn (137951) (rank 6) has given Hachi Kush (1000222190) rank 0 (Baby Crip) in 1323 Market Mobb (26).
[2018/1/20 - 17:05:09] H.N.I.C Ninou Mofujohn (137951) has set Hachi Kush's (1000222190) division to Hangout in 1323 Market Mobb (26).
[2018/1/20 - 17:05:46] H.N.I.C Ninou Mofujohn (137951) (rank 6) has given Gruu Hyde (1000195218) rank 1 (Lil Poot) in 1323 Market Mobb (26).
[2018/1/20 - 17:05:50] Kiyoharu Shimizu has logged out.
[2018/1/20 - 17:06:44] H.N.I.C Ninou Mofujohn (137951) (rank 6) has given Pedro Lee (1000625749) rank 0 (Baby Crip) in 1323 Market Mobb (26).
[2018/1/20 - 17:07:06] H.N.I.C Ninou Mofujohn (137951) has set Pedro Lee's (1000625749) division to Hangout in 1323 Market Mobb (26).
[2018/1/20 - 17:08:09] H.N.I.C Ninou Mofujohn (137951) (rank 6) has given Sonny Smith (896174) rank 1 (Lil Poot) in 1323 Market Mobb (26).
[2018/1/20 - 17:08:30] Ninou Mofujohn has authorized Hachi Kush to withdraw a Desert Eagle from the weapon locker (Cost: 5)
[2018/1/20 - 17:10:08] Jaffar Mertens has logged out.
[2018/1/20 - 17:12:00] Benjo Fisher has logged out.
[2018/1/20 - 17:12:12] Clint Maddox has withdrawn a Desert Eagle from the weapon locker (Cost: 5)
[2018/1/20 - 17:14:38] Jbavlin Jackson (1000627548) has quit the 1323 Market Mobb as a rank 0
[2018/1/20 - 17:14:39] Clint Maddox has logged out.
[2018/1/20 - 17:16:56] Lee Liang has withdrawn a AK-47 from the weapon locker (Cost: 15)
[2018/1/20 - 17:16:57] Sonny Smith has logged out.
[2018/1/20 - 17:20:58] H.N.I.C Ninou Mofujohn (137951) (rank 6) has uninvited Hachi Kush (1000222190) (rank 0) from 1323 Market Mobb (26).
[2018/1/20 - 17:21:54] Vladmir Glasscock has logged out.
[2018/1/20 - 17:22:33] Baby Crip Pedro Lee has lost connection.
[2018/1/20 - 17:23:43] Carl Auden has withdrawn a Shotgun from the weapon locker (Cost: 3)
[2018/1/20 - 17:24:41] Vladmir Glasscock has logged out.
[2018/1/20 - 17:24:41] Haris Jones has authorized Carl Auden to withdraw a MP5 from the weapon locker (Cost: 3)
[2018/1/20 - 17:27:03] H.N.I.C Ninou Mofujohn (137951) (rank 6) has given Clint Maddox (887818) rank 5 (Shot Caller) in 1323 Market Mobb (26).
[2018/1/20 - 17:27:12] Derrick Jones has logged out.
[2018/1/20 - 17:27:42] Clint Maddox has withdrawn 100 grams of Crack from the safe.
[2018/1/20 - 17:28:01] H.N.I.C Ninou Mofujohn (137951) (rank 6) has given Clint Maddox (887818) rank 4 (BloCc Star) in 1323 Market Mobb (26).
[2018/1/20 - 17:30:35] Jet Gibson has logged out.
[2018/1/20 - 17:31:51] H.N.I.C Ninou Mofujohn has lost connection.
[2018/1/20 - 17:34:15] Carl Auden has withdrawn a Desert Eagle from the weapon locker (Cost: 5)
[2018/1/20 - 17:34:54] Haris Jones has withdrawn a Desert Eagle from the weapon locker (Cost: 5)
[2018/1/20 - 17:34:55] Haris Jones has withdrawn a Shotgun from the weapon locker (Cost: 3)
[2018/1/20 - 17:35:09] Haris Jones has withdrawn 30 grams of Ecstasy from the safe.
[2018/1/20 - 17:37:17] Lee Liang has withdrawn 20 grams of Crack from the safe.
[2018/1/20 - 17:37:27] Lee Liang has withdrawn 200 grams of Crack from the safe.
[2018/1/20 - 17:37:41] Lee Liang has withdrawn 60 grams of Meth from the safe.
[2018/1/20 - 17:38:00] Benjo Fisher has withdrawn 100 grams of Meth from the safe.
[2018/1/20 - 17:38:05] Benjo Fisher has authorized Rossi Stokes to withdraw a Desert Eagle from the weapon locker (Cost: 5)
[2018/1/20 - 17:38:38] Rossi Stokes has logged out.
[2018/1/20 - 17:38:43] Kiyoharu Shimizu has logged out.
[2018/1/20 - 17:40:04] Pedro Lee has logged out.
[2018/1/20 - 17:40:32] Haris Jones has withdrawn 25 grams of Crack from the safe.
[2018/1/20 - 17:41:01] Clint Maddox has logged out.
[2018/1/20 - 17:42:01] Salvatore Bonanno has withdrawn a Shotgun from the weapon locker (Cost: 3)
[2018/1/20 - 17:42:02] Salvatore Bonanno has withdrawn a Desert Eagle from the weapon locker (Cost: 5)
[2018/1/20 - 17:42:30] Hugo Rafael has logged out.
[2018/1/20 - 17:43:48] Kiyoharu Shimizu has logged out.
[2018/1/20 - 17:46:21] Salvatore Bonanno has withdrawn a Desert Eagle from the weapon locker (Cost: 5)
[2018/1/20 - 17:49:28] Salvatore Bonanno has withdrawn a Shotgun from the weapon locker (Cost: 3)
[2018/1/20 - 17:49:29] Salvatore Bonanno has withdrawn a Desert Eagle from the weapon locker (Cost: 5)
[2018/1/20 - 17:49:58] Salvatore Bonanno has logged out.
[2018/1/20 - 17:53:48] Carl Auden has withdrawn a Desert Eagle from the weapon locker (Cost: 5)
[2018/1/20 - 17:55:17] Haris Jones has withdrawn a Desert Eagle from the weapon locker (Cost: 5)
[2018/1/20 - 17:55:23] Haris Jones has withdrawn 20 grams of Ecstasy from the safe.
[2018/1/20 - 17:56:51] Salvatore Bonanno has withdrawn a Desert Eagle from the weapon locker (Cost: 5)
[2018/1/20 - 17:59:27] BloCc Star Salvatore Bonanno has lost connection.
[2018/1/20 - 17:59:37] Lee Liang has withdrawn 30 grams of Heroin from the safe.
[2018/1/20 - 18:00:55] Baby Crip Kiyoharu Shimizu has lost connection.
[2018/1/20 - 18:01:27] Carl Auden has withdrawn a Desert Eagle from the weapon locker (Cost: 5)
[2018/1/20 - 18:02:37] Hustla Carl Auden has lost connection.
[2018/1/20 - 18:02:56] Benjo Fisher has authorized Gruu Hyde to withdraw a MP5 from the weapon locker (Cost: 3)
[2018/1/20 - 18:02:59] Salvatore Bonanno has withdrawn a Desert Eagle from the weapon locker (Cost: 5)
[2018/1/20 - 18:03:12] Vladmir Glasscock has logged out.
[2018/1/20 - 18:05:10] Salvatore Bonanno has logged out.
[2018/1/20 - 18:05:27] Benjo Fisher has logged out.
[2018/1/20 - 18:06:06] Carl Auden has withdrawn a Desert Eagle from the weapon locker (Cost: 5)
[2018/1/20 - 18:06:18] Pedro Lee has logged out.
[2018/1/20 - 18:06:55] Haris Jones has withdrawn a Desert Eagle from the weapon locker (Cost: 5)
[2018/1/20 - 18:07:01] Baby Crip Kiyoharu Shimizu has lost connection.
[2018/1/20 - 18:07:20] Gruu Hyde has logged out.
[2018/1/20 - 18:08:23] Haris Jones has withdrawn 25 grams of Crack from the safe.
[2018/1/20 - 18:10:35] BloCc Star Travis Lancer has lost connection.
[2018/1/20 - 18:13:48] Haris Jones has logged out.
[2018/1/20 - 18:14:07] Carl Auden has withdrawn a Desert Eagle from the weapon locker (Cost: 5)
[2018/1/20 - 18:15:29] Carl Auden has withdrawn a Desert Eagle from the weapon locker (Cost: 5)
[2018/1/20 - 18:15:38] BloCc Star Travis Lancer has lost connection.
[2018/1/20 - 18:15:44] Carl Auden has withdrawn a Desert Eagle from the weapon locker (Cost: 5)
[2018/1/20 - 18:20:26] Salvatore Bonanno has withdrawn a Desert Eagle from the weapon locker (Cost: 5)
[2018/1/20 - 18:20:42] Salvatore Bonanno has withdrawn a Desert Eagle from the weapon locker (Cost: 5)
[2018/1/20 - 18:21:13] Carl Auden has withdrawn a Desert Eagle from the weapon locker (Cost: 5)
[2018/1/20 - 18:22:10] Salvatore Bonanno has logged out.
[2018/1/20 - 18:24:42] Carl Auden has withdrawn a Desert Eagle from the weapon locker (Cost: 5)
[2018/1/20 - 18:25:37] Carl Auden has withdrawn a Desert Eagle from the weapon locker (Cost: 5)
[2018/1/20 - 18:28:23] Carl Auden has withdrawn a Desert Eagle from the weapon locker (Cost: 5)
[2018/1/20 - 18:29:21] Carl Auden has withdrawn a Desert Eagle from the weapon locker (Cost: 5)
[2018/1/20 - 18:30:29] Sonny Smith has logged out.
[2018/1/20 - 18:38:23] Travis Lancer has withdrawn a Desert Eagle from the weapon locker (Cost: 5)
[2018/1/20 - 18:40:20] Salvatore Bonanno has withdrawn a Desert Eagle from the weapon locker (Cost: 5)
[2018/1/20 - 18:41:24] Lee Liang has withdrawn a Desert Eagle from the weapon locker (Cost: 5)
[2018/1/20 - 18:41:30] BloCc Star Salvatore Bonanno has lost connection.
[2018/1/20 - 18:43:17] Salvatore Bonanno has withdrawn a Desert Eagle from the weapon locker (Cost: 5)
[2018/1/20 - 18:43:54] Lee Liang has logged out.
[2018/1/20 - 18:44:45] Travis Lancer has logged out.
[2018/1/20 - 18:45:43] BloCc Star Salvatore Bonanno has lost connection.
[2018/1/20 - 18:56:57] Salvatore Bonanno has withdrawn a Desert Eagle from the weapon locker (Cost: 5)
[2018/1/20 - 18:57:09] Carl Auden has withdrawn a Desert Eagle from the weapon locker (Cost: 5)
[2018/1/20 - 18:59:19] Kiyoharu Shimizu has logged out.
[2018/1/20 - 18:59:29] Seth Zutar has logged out.
[2018/1/20 - 19:00:23] Carl Auden has withdrawn a Desert Eagle from the weapon locker (Cost: 5)
[2018/1/20 - 19:00:25] Carl Auden has withdrawn a Shotgun from the weapon locker (Cost: 3)
[2018/1/20 - 19:00:47] Seth Zutar has logged out.
[2018/1/20 - 19:02:49] Seth Zutar has logged out.
[2018/1/20 - 19:05:12] Carl Auden has withdrawn a Desert Eagle from the weapon locker (Cost: 5)
[2018/1/20 - 19:05:52] Carl Auden has withdrawn a Desert Eagle from the weapon locker (Cost: 5)
[2018/1/20 - 19:06:13] Hustla Carl Auden has lost connection.
[2018/1/20 - 19:16:16] Kiyoharu Shimizu has logged out.
[2018/1/20 - 19:16:29] Baby Crip Seth Zutar has lost connection.
[2018/1/20 - 19:17:58] Salvatore Bonanno has logged out.
[2018/1/20 - 19:30:16] Rambo Dunbar has logged out.
[2018/1/20 - 19:30:50] Lee Liang has deposited a AK-47 into the locker.
[2018/1/20 - 19:31:58] Lee Liang has withdrawn 200 grams of Meth from the safe.
[2018/1/20 - 19:36:40] Seth Zutar has logged out.
[2018/1/20 - 19:41:54] Sonny Smith has logged out.
[2018/1/20 - 19:44:58] Baby Crip Elliot Green has lost connection.
[2018/1/20 - 19:44:59] Hustla Sam Park has lost connection.
[2018/1/20 - 19:45:03] Baby Crip Pedro Lee has lost connection.
[2018/1/20 - 19:45:03] Baby Crip Durrell Billups has lost connection.
[2018/1/20 - 19:45:03] Shot Caller Lee Liang has lost connection.
[2018/1/20 - 19:47:33] Shot Caller Lee Liang has lost connection.
[2018/1/20 - 19:52:53] Lil Poot Tommy Hyde has lost connection.
[2018/1/20 - 19:53:22] Lil Poot Tommy Hyde has lost connection.
[2018/1/20 - 19:53:48] Lil Poot Tommy Hyde has lost connection.
[2018/1/20 - 20:01:53] Tommy Hyde has logged out.
[2018/1/20 - 20:18:47] Hamma Ghrab has logged out.
[2018/1/20 - 20:48:49] Baby Crip Durrell Billups has lost connection.
[2018/1/20 - 20:48:49] Hustla Rambo Dunbar has lost connection.
[2018/1/20 - 20:48:49] Baby Crip Hamma Ghrab has lost connection.
[2018/1/20 - 20:48:49] BloCc Star Clint Maddox has lost connection.
[2018/1/20 - 20:48:49] Hustla Sam Park has lost connection.
[2018/1/20 - 20:48:49] Shot Caller Lee Liang has lost connection.
[2018/1/20 - 21:06:13] BloCc Star Clint Maddox has lost connection.
[2018/1/20 - 21:12:39] Durrell Billups has logged out.
[2018/1/20 - 21:43:46] BloCc Star Robert Mofujohn has lost connection.
[2018/1/20 - 21:47:07] Haris Jones has withdrawn 20 grams of Ecstasy from the safe.
[2018/1/20 - 21:47:11] Haris Jones has withdrawn 20 grams of Heroin from the safe.
[2018/1/20 - 21:52:43] Haris Jones has logged out.
[2018/1/20 - 21:53:37] Benny Smith Wallace has authorized Hamma Ghrab to withdraw a Desert Eagle from the weapon locker (Cost: 5)
[2018/1/20 - 21:54:11] Robert Mofujohn has withdrawn a Desert Eagle from the weapon locker (Cost: 5)
[2018/1/20 - 22:04:14] Robert Mofujohn has logged out.
[2018/1/20 - 22:05:57] Hamma Ghrab has logged out.
[2018/1/20 - 22:06:08] Iheb Ben Mofujohn (19910) accepted H.N.I.C Haris Jones's (101273) invite to join 1323 Market Mobb (26).
[2018/1/20 - 22:07:22] Benny Smith Wallace has authorized Iheb Ben Mofujohn to withdraw a Desert Eagle from the weapon locker (Cost: 5)
[2018/1/20 - 22:07:46] Shot Caller Benjo Fisher (1000501508) (rank 5) has uninvited Iheb Ben Mofujohn (19910) (rank 0) from 1323 Market Mobb (26).
[2018/1/20 - 22:08:06] Shot Caller Lee Liang has lost connection.
[2018/1/20 - 22:19:50] Darko Dragovicc (1000467182) accepted Shot Caller Benjo Fisher's (1000501508) invite to join 1323 Market Mobb (26).
[2018/1/20 - 22:23:01] Darko Dragovicc has logged out.
[2018/1/20 - 22:27:12] Baby Crip Darko Dragovicc has lost connection.
[2018/1/20 - 22:32:54] Benny Smith Wallace has logged out.
[2018/1/20 - 22:33:59] Salvatore Bonanno has withdrawn a Shotgun from the weapon locker (Cost: 3)
[2018/1/20 - 22:37:51] Lee Liang has withdrawn 200 grams of Meth from the safe.
[2018/1/20 - 22:39:37] Salvatore Bonanno has logged out.
[2018/1/20 - 22:52:47] Baby Crip Darko Dragovicc has lost connection.
[2018/1/20 - 22:53:26] Shot Caller Benjo Fisher has lost connection.
[2018/1/20 - 22:53:28] Hustla Teddy Steels has lost connection.
[2018/1/20 - 22:53:38] Shot Caller Lee Liang has lost connection.
[2018/1/20 - 22:53:40] BloCc Star Salvatore Bonanno has lost connection.
[2018/1/20 - 22:53:43] BloCc Star Clint Maddox has lost connection.
[2018/1/20 - 22:53:51] H.N.I.C Haris Jones has lost connection.
[2018/1/20 - 22:55:01] Hustla Sam Park has lost connection.
[2018/1/20 - 22:59:49] Lee Xian has logged out.
[2018/1/20 - 23:07:19] Baby Crip Lee Xian has lost connection.
[2018/1/20 - 23:11:09] Jet Gibson has logged out.
[2018/1/20 - 23:11:58] H.N.I.C Haris Jones has lost connection.
[2018/1/20 - 23:52:11] Benny Smith Wallace has withdrawn 20000 materials from the safe.
[2018/1/20 - 23:52:53] Shot Caller Benny Smith Wallace (1000023930) has set Darko Dragovicc's (1000467182) division to Hangout in 1323 Market Mobb (26
[2018/1/20 - 23:53:00] Iheb Ben Mofujohn (19910) accepted H.N.I.C Ninou Mofujohn's (137951) invite to join 1323 Market Mobb (26).
[2018/1/20 - 23:53:00] H.N.I.C Ninou Mofujohn (137951) (rank 6) has given Iheb Ben Mofujohn (19910) rank 2 (Crip) in 1323 Market Mobb (26).
[2018/1/20 - 23:53:42] Ninou Mofujohn has adjusted the withdraw rank for item 2 to 6.
[2018/1/20 - 23:55:05] H.N.I.C Ninou Mofujohn (137951) has set Iheb Ben Mofujohn's (19910) division to Mofujohn Line in 1323 Market Mobb (26).
