[2018/1/15 - 0:00:13] The faction vault is at $214,593.
[2018/1/15 - 0:23:36] Bonjan Clevreman has been paid $1 from La Reunion Espanola's budget.
[2018/1/15 - 0:53:16] Steve Faulkner has been paid $1 from La Reunion Espanola's budget.
[2018/1/15 - 1:00:03] The faction vault is at $234,291.
[2018/1/15 - 1:56:27] Steve Faulkner has been paid $1 from La Reunion Espanola's budget.
[2018/1/15 - 2:00:09] The faction vault is at $253,690.
[2018/1/15 - 3:00:16] The faction vault is at $275,690.
[2018/1/15 - 4:00:19] The faction vault is at $296,290.
[2018/1/15 - 5:00:34] The faction vault is at $309,490.
[2018/1/15 - 6:00:48] The faction vault is at $316,290.
[2018/1/15 - 7:00:01] The faction vault is at $338,090.
[2018/1/15 - 8:00:10] The faction vault is at $360,790.
[2018/1/15 - 9:00:20] The faction vault is at $378,090.
[2018/1/15 - 9:12:25] John Pat has been paid $1 from La Reunion Espanola's budget.
[2018/1/15 - 10:00:31] The faction vault is at $396,989.
[2018/1/15 - 10:45:03] Bradley S. Western has been paid $1 from La Reunion Espanola's budget.
[2018/1/15 - 10:45:16] Jenson Lee has been paid $1 from La Reunion Espanola's budget.
[2018/1/15 - 11:00:38] The faction vault is at $416,387.
[2018/1/15 - 11:43:43] Carl Umair has been paid $1 from La Reunion Espanola's budget.
[2018/1/15 - 11:53:15] Elliot Ackerman has been paid $1 from La Reunion Espanola's budget.
[2018/1/15 - 12:00:43] The faction vault is at $442,485.
[2018/1/15 - 12:16:29] John Pat has been paid $1 from La Reunion Espanola's budget.
[2018/1/15 - 12:21:04] Nick Chains has been paid $1 from La Reunion Espanola's budget.
[2018/1/15 - 12:25:37] Rossi Stokes has been paid $1 from La Reunion Espanola's budget.
[2018/1/15 - 12:25:38] Roy Gucci Cobra has been paid $1 from La Reunion Espanola's budget.
[2018/1/15 - 12:33:37] Verna Jhane has been paid $1 from La Reunion Espanola's budget.
[2018/1/15 - 12:35:23] Rubin Dios Gutierrez has been paid $1 from La Reunion Espanola's budget.
[2018/1/15 - 12:40:26] Bradley S. Western has been paid $1 from La Reunion Espanola's budget.
[2018/1/15 - 13:00:44] The faction vault is at $470,378.
[2018/1/15 - 13:23:14] John Pat has been paid $1 from La Reunion Espanola's budget.
[2018/1/15 - 13:29:28] Rossi Stokes has been paid $1 from La Reunion Espanola's budget.
[2018/1/15 - 13:29:33] Harry Walker has been paid $1 from La Reunion Espanola's budget.
[2018/1/15 - 13:44:07] Bradley S. Western has been paid $1 from La Reunion Espanola's budget.
[2018/1/15 - 14:00:47] The faction vault is at $503,774.
[2018/1/15 - 14:35:06] John Pat has been paid $1 from La Reunion Espanola's budget.
[2018/1/15 - 15:00:33] The faction vault is at $542,673.
[2018/1/15 - 15:44:30] Michael Dios Wing has been paid $1 from La Reunion Espanola's budget.
[2018/1/15 - 15:50:45] John Pat has been paid $1 from La Reunion Espanola's budget.
[2018/1/15 - 16:00:27] The faction vault is at $570,571.
[2018/1/15 - 16:16:22] Nick Chains has been paid $1 from La Reunion Espanola's budget.
[2018/1/15 - 16:58:08] John Pat has been paid $1 from La Reunion Espanola's budget.
[2018/1/15 - 17:00:26] The faction vault is at $599,569.
[2018/1/15 - 17:15:08] Abe Abdel has been paid $1 from La Reunion Espanola's budget.
[2018/1/15 - 17:30:23] Jenson Lee has been paid $1 from La Reunion Espanola's budget.
[2018/1/15 - 17:42:18] Pierre Dios Brank has been paid $1 from La Reunion Espanola's budget.
[2018/1/15 - 18:00:24] The faction vault is at $617,966.
[2018/1/15 - 18:13:13] Steve Faulkner has been paid $1 from La Reunion Espanola's budget.
[2018/1/15 - 18:38:35] Jenson Lee has been paid $1 from La Reunion Espanola's budget.
[2018/1/15 - 18:43:09] Rubin Dios Gutierrez has been paid $1 from La Reunion Espanola's budget.
[2018/1/15 - 18:55:33] James Brandon has been paid $1 from La Reunion Espanola's budget.
[2018/1/15 - 19:00:00] Abe Abdel has been paid $1 from La Reunion Espanola's budget.
[2018/1/15 - 19:00:13] The faction vault is at $639,661.
[2018/1/15 - 19:17:38] Nick Chains has been paid $1 from La Reunion Espanola's budget.
[2018/1/15 - 19:18:52] Steve Faulkner has been paid $1 from La Reunion Espanola's budget.
[2018/1/15 - 19:57:17] Jenson Lee has been paid $1 from La Reunion Espanola's budget.
[2018/1/15 - 20:00:03] The faction vault is at $675,358.
[2018/1/15 - 20:47:22] Harry Walker has been paid $1 from La Reunion Espanola's budget.
[2018/1/15 - 21:00:49] Steve Faulkner has been paid $1 from La Reunion Espanola's budget.
[2018/1/15 - 21:00:58] The faction vault is at $706,556.
[2018/1/15 - 21:50:28] Harry Walker has been paid $1 from La Reunion Espanola's budget.
[2018/1/15 - 22:00:49] The faction vault is at $720,655.
[2018/1/15 - 22:04:23] Steve Faulkner has been paid $1 from La Reunion Espanola's budget.
[2018/1/15 - 22:50:21] Elliot Ackerman has been paid $1 from La Reunion Espanola's budget.
[2018/1/15 - 23:00:38] The faction vault is at $737,253.
[2018/1/15 - 23:03:01] Harry Walker has been paid $1 from La Reunion Espanola's budget.
[2018/1/15 - 23:07:26] Steve Faulkner has been paid $1 from La Reunion Espanola's budget.
[2018/1/15 - 23:17:24] Max G Gold has been paid $1 from La Reunion Espanola's budget.
[2018/1/15 - 23:42:24] Alessandro Abano has been paid $1 from La Reunion Espanola's budget.
[2018/1/15 - 23:55:31] Elliot Ackerman has been paid $1 from La Reunion Espanola's budget.
