[2018/1/23 - 0:01:01] The faction vault is at $304,657.
[2018/1/23 - 0:17:33] Kontol Zafuki has been paid $2,000 from La Reunion Espanola's budget.
[2018/1/23 - 1:00:11] The faction vault is at $311,957.
[2018/1/23 - 2:00:23] The faction vault is at $318,057.
[2018/1/23 - 2:01:32] Hachiro H Fukuda has been paid $3,000 from La Reunion Espanola's budget.
[2018/1/23 - 2:28:07] Lucy Dimvera has been paid $2,000 from La Reunion Espanola's budget.
[2018/1/23 - 3:00:34] The faction vault is at $318,357.
[2018/1/23 - 3:05:06] Hachiro H Fukuda has been paid $3,000 from La Reunion Espanola's budget.
[2018/1/23 - 4:00:51] The faction vault is at $318,057.
[2018/1/23 - 4:22:03] Hachiro H Fukuda has been paid $3,000 from La Reunion Espanola's budget.
[2018/1/23 - 5:00:06] The faction vault is at $319,857.
[2018/1/23 - 5:47:55] Chan Saints Berlioz has been paid $3,500 from La Reunion Espanola's budget.
[2018/1/23 - 6:00:22] The faction vault is at $327,357.
[2018/1/23 - 7:00:36] The faction vault is at $343,557.
[2018/1/23 - 7:45:31] John Pat has been paid $4,500 from La Reunion Espanola's budget.
[2018/1/23 - 8:00:42] The faction vault is at $342,257.
[2018/1/23 - 8:03:28] Larry Maddox has been paid $5,000 from La Reunion Espanola's budget.
[2018/1/23 - 8:19:56] Drew Erika has been paid $3,500 from La Reunion Espanola's budget.
[2018/1/23 - 8:48:29] John Pat has been paid $4,500 from La Reunion Espanola's budget.
[2018/1/23 - 9:00:48] The faction vault is at $334,257.
[2018/1/23 - 9:18:09] Santeno Dimvera has been paid $4,000 from La Reunion Espanola's budget.
[2018/1/23 - 9:41:33] Rubin Dios Gutierrez has been paid $10,000 from La Reunion Espanola's budget.
[2018/1/23 - 9:51:45] Yuki Yamanaka has been paid $4,500 from La Reunion Espanola's budget.
[2018/1/23 - 9:52:51] Pierre Dios Brank has been paid $4,000 from La Reunion Espanola's budget.
[2018/1/23 - 9:53:07] John Pat has been paid $4,500 from La Reunion Espanola's budget.
[2018/1/23 - 10:00:51] The faction vault is at $316,957.
[2018/1/23 - 10:01:08] Michael Dios Wing has been paid $10,000 from La Reunion Espanola's budget.
[2018/1/23 - 10:26:51] Santeno Dimvera has been paid $4,000 from La Reunion Espanola's budget.
[2018/1/23 - 10:47:10] Rubin Dios Gutierrez has been paid $10,000 from La Reunion Espanola's budget.
[2018/1/23 - 10:51:21] Josh Vikouri Montage has been paid $3,000 from La Reunion Espanola's budget.
[2018/1/23 - 10:55:41] Yuki Yamanaka has been paid $4,500 from La Reunion Espanola's budget.
[2018/1/23 - 10:56:17] John Pat has been paid $4,500 from La Reunion Espanola's budget.
[2018/1/23 - 11:00:56] The faction vault is at $288,957.
[2018/1/23 - 11:07:46] Michael Dios Wing has been paid $10,000 from La Reunion Espanola's budget.
[2018/1/23 - 11:09:06] Justine Niric has been paid $2,000 from La Reunion Espanola's budget.
[2018/1/23 - 11:32:36] Santeno Dimvera has been paid $4,000 from La Reunion Espanola's budget.
[2018/1/23 - 11:50:14] Bradley S. Western has been paid $3,500 from La Reunion Espanola's budget.
[2018/1/23 - 11:55:33] Josh Vikouri Montage has been paid $3,000 from La Reunion Espanola's budget.
[2018/1/23 - 11:58:50] Yuki Yamanaka has been paid $4,500 from La Reunion Espanola's budget.
[2018/1/23 - 12:00:57] The faction vault is at $297,657.
[2018/1/23 - 12:07:13] Arvee Maddow has been paid $2,000 from La Reunion Espanola's budget.
[2018/1/23 - 12:10:09] Rossi Datsik has been paid $3,000 from La Reunion Espanola's budget.
[2018/1/23 - 12:16:14] Lucy Dimvera has been paid $2,000 from La Reunion Espanola's budget.
[2018/1/23 - 12:50:50] Michael H Buenoh has been paid $7,500 from La Reunion Espanola's budget.
[2018/1/23 - 12:55:06] Gey Gucci Cobra has been paid $3,500 from La Reunion Espanola's budget.
[2018/1/23 - 12:55:54] Bradley S. Western has been paid $3,500 from La Reunion Espanola's budget.
[2018/1/23 - 12:56:38] Santeno Dimvera has been paid $4,000 from La Reunion Espanola's budget.
[2018/1/23 - 12:58:57] Josh Vikouri Montage has been paid $3,000 from La Reunion Espanola's budget.
[2018/1/23 - 13:00:49] The faction vault is at $300,557.
[2018/1/23 - 13:36:35] John Pat has been paid $4,500 from La Reunion Espanola's budget.
[2018/1/23 - 13:52:13] Stifler Gucci Cobra has been paid $7,500 from La Reunion Espanola's budget.
[2018/1/23 - 14:00:39] The faction vault is at $302,957.
[2018/1/23 - 14:05:17] Roy Gucci Cobra has been paid $10,000 from La Reunion Espanola's budget.
[2018/1/23 - 14:05:20] Rubin Dios Gutierrez has been paid $10,000 from La Reunion Espanola's budget.
[2018/1/23 - 14:10:11] Idan Cobra has been paid $2,000 from La Reunion Espanola's budget.
[2018/1/23 - 14:12:47] Chester Speed has been paid $7,500 from La Reunion Espanola's budget.
[2018/1/23 - 14:34:47] Sam Richman has been paid $3,500 from La Reunion Espanola's budget.
[2018/1/23 - 14:37:56] Archie Gucci Cobra has been paid $5,000 from La Reunion Espanola's budget.
[2018/1/23 - 14:38:08] Richard Wingfield has been paid $5,000 from La Reunion Espanola's budget.
[2018/1/23 - 14:40:21] Dark Smith has been paid $2,000 from La Reunion Espanola's budget.
[2018/1/23 - 14:42:52] Arham King has been paid $2,500 from La Reunion Espanola's budget.
[2018/1/23 - 14:48:41] Ilay Gucci Cobra has been paid $3,000 from La Reunion Espanola's budget.
[2018/1/23 - 15:00:25] The faction vault is at $271,257.
[2018/1/23 - 15:07:01] Dolev Jordan has been paid $2,000 from La Reunion Espanola's budget.
[2018/1/23 - 15:10:31] Stifler Gucci Cobra has been paid $7,500 from La Reunion Espanola's budget.
[2018/1/23 - 15:16:31] Chester Speed has been paid $7,500 from La Reunion Espanola's budget.
[2018/1/23 - 15:16:50] Jamie Nelson has been paid $3,000 from La Reunion Espanola's budget.
[2018/1/23 - 15:17:14] Rubin Dios Gutierrez has been paid $10,000 from La Reunion Espanola's budget.
[2018/1/23 - 15:36:21] Jay Mccullen has been paid $2,500 from La Reunion Espanola's budget.
[2018/1/23 - 15:41:18] Archie Gucci Cobra has been paid $10,000 from La Reunion Espanola's budget.
[2018/1/23 - 15:41:32] Richard Wingfield has been paid $4,500 from La Reunion Espanola's budget.
[2018/1/23 - 15:51:15] Crit Snow has been paid $3,000 from La Reunion Espanola's budget.
[2018/1/23 - 15:52:57] Ilay Gucci Cobra has been paid $3,000 from La Reunion Espanola's budget.
[2018/1/23 - 16:00:16] The faction vault is at $217,657.
[2018/1/23 - 16:13:53] Stifler Gucci Cobra has been paid $7,500 from La Reunion Espanola's budget.
[2018/1/23 - 16:41:34] Jay Mccullen has been paid $2,500 from La Reunion Espanola's budget.
[2018/1/23 - 16:45:19] Archie Gucci Cobra has been paid $5,000 from La Reunion Espanola's budget.
[2018/1/23 - 16:53:12] James C. Johnson has been paid $2,000 from La Reunion Espanola's budget.
[2018/1/23 - 16:53:51] Roy Gucci Cobra has been paid $10,000 from La Reunion Espanola's budget.
[2018/1/23 - 16:54:58] Arham King has been paid $2,500 from La Reunion Espanola's budget.
[2018/1/23 - 16:55:28] Crit Snow has been paid $3,000 from La Reunion Espanola's budget.
[2018/1/23 - 16:56:42] Dark Smith has been paid $2,000 from La Reunion Espanola's budget.
[2018/1/23 - 17:00:09] The faction vault is at $321,357.
[2018/1/23 - 17:00:35] Richard Wingfield has been paid $5,000 from La Reunion Espanola's budget.
[2018/1/23 - 17:07:38] Rubin Dios Gutierrez has been paid $10,000 from La Reunion Espanola's budget.
[2018/1/23 - 17:09:11] Dolev Jordan has been paid $2,000 from La Reunion Espanola's budget.
[2018/1/23 - 17:12:41] Ilay Gucci Cobra has been paid $3,000 from La Reunion Espanola's budget.
[2018/1/23 - 17:28:39] Santeno Dimvera has been paid $4,000 from La Reunion Espanola's budget.
[2018/1/23 - 17:30:10] Steve Faulkner has been paid $7,500 from La Reunion Espanola's budget.
[2018/1/23 - 17:56:02] Stifler Gucci Cobra has been paid $7,500 from La Reunion Espanola's budget.
[2018/1/23 - 18:00:04] The faction vault is at $306,107.
[2018/1/23 - 18:02:08] Stifler Gucci Cobra has refueled vehicle 295 at a cost of $613 to La Reunion Espanola's budget fund.
[2018/1/23 - 18:11:59] Idan Cobra has been paid $2,500 from La Reunion Espanola's budget.
[2018/1/23 - 18:13:28] Dolev Jordan has been paid $2,000 from La Reunion Espanola's budget.
[2018/1/23 - 18:17:51] Ilay Gucci Cobra has been paid $3,000 from La Reunion Espanola's budget.
[2018/1/23 - 18:23:22] Chester Speed has been paid $7,500 from La Reunion Espanola's budget.
[2018/1/23 - 18:23:30] Roy Gucci Cobra has been paid $10,000 from La Reunion Espanola's budget.
[2018/1/23 - 18:33:55] Steve Faulkner has been paid $7,500 from La Reunion Espanola's budget.
[2018/1/23 - 18:36:17] Santeno Dimvera has been paid $4,000 from La Reunion Espanola's budget.
[2018/1/23 - 18:48:08] Richard Wingfield has been paid $5,000 from La Reunion Espanola's budget.
[2018/1/23 - 18:57:37] Rocky Swagger has been paid $4,000 from La Reunion Espanola's budget.
[2018/1/23 - 19:00:01] The faction vault is at $290,744.
[2018/1/23 - 19:16:09] Martin Lorenzo has been paid $4,000 from La Reunion Espanola's budget.
[2018/1/23 - 19:16:30] Crit Snow has been paid $3,000 from La Reunion Espanola's budget.
[2018/1/23 - 19:16:45] Edward Lewis has been paid $4,000 from La Reunion Espanola's budget.
[2018/1/23 - 19:21:43] Stifler Gucci Cobra has been paid $7,500 from La Reunion Espanola's budget.
[2018/1/23 - 19:27:28] Jamie Nelson has been paid $3,500 from La Reunion Espanola's budget.
[2018/1/23 - 19:45:17] Ilay Gucci Cobra has been paid $3,000 from La Reunion Espanola's budget.
[2018/1/23 - 19:48:10] Rubin Dios Gutierrez has been paid $10,000 from La Reunion Espanola's budget.
[2018/1/23 - 19:52:44] Larry Huken has been paid $5,000 from La Reunion Espanola's budget.
[2018/1/23 - 20:00:55] The faction vault is at $188,949.
[2018/1/23 - 20:13:19] Steve Faulkner has been paid $7,500 from La Reunion Espanola's budget.
[2018/1/23 - 20:20:29] Edward Lewis has been paid $4,000 from La Reunion Espanola's budget.
[2018/1/23 - 20:33:15] Jamie Nelson has been paid $3,500 from La Reunion Espanola's budget.
[2018/1/23 - 21:00:40] The faction vault is at $191,749.
[2018/1/23 - 21:31:10] Dolev Jordan has been paid $2,000 from La Reunion Espanola's budget.
[2018/1/23 - 21:37:42] Jamie Nelson has been paid $3,500 from La Reunion Espanola's budget.
[2018/1/23 - 21:52:49] Richard Wingfield has been paid $5,000 from La Reunion Espanola's budget.
[2018/1/23 - 22:00:29] The faction vault is at $250,449.
[2018/1/23 - 23:00:20] The faction vault is at $265,449.
