[2018/1/11 - 0:00:47] The faction vault is at $468,533.
[2018/1/11 - 1:00:22] The faction vault is at $473,733.
[2018/1/11 - 2:00:08] The faction vault is at $474,933.
[2018/1/11 - 3:00:46] The faction vault is at $476,733.
[2018/1/11 - 3:29:27] Steve Faulkner has been paid $1 from La Reunion Espanola's budget.
[2018/1/11 - 4:00:19] The faction vault is at $479,032.
[2018/1/11 - 5:00:59] The faction vault is at $458,634.
[2018/1/11 - 6:00:59] The faction vault is at $462,034.
[2018/1/11 - 7:00:55] The faction vault is at $465,234.
[2018/1/11 - 7:23:28] Elisa Blaze has been paid $1 from La Reunion Espanola's budget.
[2018/1/11 - 8:00:49] The faction vault is at $471,783.
[2018/1/11 - 8:07:07] Kevin Flowers has been paid $1 from La Reunion Espanola's budget.
[2018/1/11 - 9:00:41] The faction vault is at $479,782.
[2018/1/11 - 10:00:35] The faction vault is at $491,682.
[2018/1/11 - 10:34:52] Michael Dios Wing has been paid $1 from La Reunion Espanola's budget.
[2018/1/11 - 10:47:09] Rubin Dios Gutierrez has been paid $1 from La Reunion Espanola's budget.
[2018/1/11 - 10:57:01] Harry Pat has been paid $1 from La Reunion Espanola's budget.
[2018/1/11 - 11:00:20] The faction vault is at $500,279.
[2018/1/11 - 11:39:53] Michael Dios Wing has been paid $1 from La Reunion Espanola's budget.
[2018/1/11 - 11:50:56] Joe Chicano has been paid $1 from La Reunion Espanola's budget.
[2018/1/11 - 11:52:32] Rubin Dios Gutierrez has been paid $1 from La Reunion Espanola's budget.
[2018/1/11 - 11:58:56] Tyrone Michalz has been paid $1 from La Reunion Espanola's budget.
[2018/1/11 - 12:00:08] The faction vault is at $521,675.
[2018/1/11 - 12:37:09] Roy Gucci Cobra has been paid $1 from La Reunion Espanola's budget.
[2018/1/11 - 12:47:12] Michael Dios Wing has been paid $1 from La Reunion Espanola's budget.
[2018/1/11 - 12:55:54] Larry Maddox has been paid $1 from La Reunion Espanola's budget.
[2018/1/11 - 12:59:17] Rubin Dios Gutierrez has been paid $1 from La Reunion Espanola's budget.
[2018/1/11 - 13:00:04] The faction vault is at $533,571.
[2018/1/11 - 13:21:21] Lamar Whitman has been paid $1 from La Reunion Espanola's budget.
[2018/1/11 - 13:22:51] Edward Lewis has been paid $1 from La Reunion Espanola's budget.
[2018/1/11 - 13:35:18] Tanner Salvador has been paid $1 from La Reunion Espanola's budget.
[2018/1/11 - 14:00:57] The faction vault is at $547,768.
[2018/1/11 - 14:40:42] Larry Maddox has been paid $1 from La Reunion Espanola's budget.
[2018/1/11 - 15:00:51] The faction vault is at $575,567.
[2018/1/11 - 15:43:40] Rubin Dios Gutierrez has been paid $1 from La Reunion Espanola's budget.
[2018/1/11 - 16:00:38] The faction vault is at $587,866.
[2018/1/11 - 16:07:49] Kenji Snow has been paid $1 from La Reunion Espanola's budget.
[2018/1/11 - 16:18:56] Alessandro Abano has been paid $1 from La Reunion Espanola's budget.
[2018/1/11 - 17:00:18] The faction vault is at $599,064.
[2018/1/11 - 17:51:55] Jimmy Tony has been paid $1 from La Reunion Espanola's budget.
[2018/1/11 - 18:01:00] The faction vault is at $609,163.
[2018/1/11 - 18:33:12] Roy Gucci Cobra has been paid $1 from La Reunion Espanola's budget.
[2018/1/11 - 19:00:35] The faction vault is at $624,662.
[2018/1/11 - 19:04:37] Elisa Blaze has been paid $1 from La Reunion Espanola's budget.
[2018/1/11 - 19:23:51] Rubin Dios Gutierrez has been paid $1 from La Reunion Espanola's budget.
[2018/1/11 - 20:00:25] The faction vault is at $636,560.
[2018/1/11 - 20:09:00] Elisa Blaze has been paid $1 from La Reunion Espanola's budget.
[2018/1/11 - 20:27:52] Kenji Snow has been paid $1 from La Reunion Espanola's budget.
[2018/1/11 - 20:35:36] Steve Faulkner has been paid $1 from La Reunion Espanola's budget.
[2018/1/11 - 20:55:46] Jackson Dread has been paid $1 from La Reunion Espanola's budget.
[2018/1/11 - 21:00:13] The faction vault is at $644,456.
[2018/1/11 - 21:31:16] Kenji Snow has been paid $1 from La Reunion Espanola's budget.
[2018/1/11 - 21:33:56] Elisa Blaze has been paid $1 from La Reunion Espanola's budget.
[2018/1/11 - 21:49:29] Lamar Whitman has been paid $1 from La Reunion Espanola's budget.
[2018/1/11 - 22:00:58] The faction vault is at $686,453.
[2018/1/11 - 22:14:48] Samuel Kingston has been paid $1 from La Reunion Espanola's budget.
[2018/1/11 - 22:34:41] Kenji Snow has been paid $1 from La Reunion Espanola's budget.
[2018/1/11 - 22:37:12] Elisa Blaze has been paid $1 from La Reunion Espanola's budget.
[2018/1/11 - 23:00:38] The faction vault is at $704,150.
[2018/1/11 - 23:09:12] Tanner Salvador has been paid $1 from La Reunion Espanola's budget.
[2018/1/11 - 23:38:39] Alessandro Abano has been paid $1 from La Reunion Espanola's budget.
