[2018/1/26 - 0:01:00] The faction vault is at $241,749.
[2018/1/26 - 1:00:51] The faction vault is at $257,649.
[2018/1/26 - 2:00:51] The faction vault is at $278,349.
[2018/1/26 - 2:56:52] Joel Aki has been paid $2,000 from La Reunion Espanola's budget.
[2018/1/26 - 3:00:50] The faction vault is at $284,649.
[2018/1/26 - 4:00:48] The faction vault is at $291,449.
[2018/1/26 - 5:00:52] The faction vault is at $302,349.
[2018/1/26 - 5:41:08] Rossi Datsik has been paid $2,000 from La Reunion Espanola's budget.
[2018/1/26 - 6:00:00] The faction vault is at $310,149.
[2018/1/26 - 6:03:18] Harm Chariz has been paid $2,000 from La Reunion Espanola's budget.
[2018/1/26 - 6:13:15] Sam Richman has been paid $3,500 from La Reunion Espanola's budget.
[2018/1/26 - 6:26:00] Richard Wingfield has been paid $5,000 from La Reunion Espanola's budget.
[2018/1/26 - 7:00:04] The faction vault is at $349,449.
[2018/1/26 - 7:03:12] Rossi Datsik has been paid $3,000 from La Reunion Espanola's budget.
[2018/1/26 - 7:06:06] Harm Chariz has been paid $2,500 from La Reunion Espanola's budget.
[2018/1/26 - 7:06:49] Steven Chasin has been paid $2,500 from La Reunion Espanola's budget.
[2018/1/26 - 7:13:21] Amiel Alejandro has been paid $2,000 from La Reunion Espanola's budget.
[2018/1/26 - 7:16:04] Sam Richman has been paid $3,500 from La Reunion Espanola's budget.
[2018/1/26 - 7:28:49] Richard Wingfield has been paid $5,000 from La Reunion Espanola's budget.
[2018/1/26 - 7:57:52] Jamie Nelson has been paid $4,500 from La Reunion Espanola's budget.
[2018/1/26 - 8:00:02] The faction vault is at $343,449.
[2018/1/26 - 8:01:56] Stifler Gucci Cobra has been paid $10,000 from La Reunion Espanola's budget.
[2018/1/26 - 8:15:30] Steven Chasin has been paid $2,500 from La Reunion Espanola's budget.
[2018/1/26 - 8:16:14] Amiel Alejandro has been paid $2,000 from La Reunion Espanola's budget.
[2018/1/26 - 8:18:16] Rossi Datsik has been paid $3,000 from La Reunion Espanola's budget.
[2018/1/26 - 8:18:57] Sam Richman has been paid $3,500 from La Reunion Espanola's budget.
[2018/1/26 - 8:19:32] Harm Chariz has been paid $2,500 from La Reunion Espanola's budget.
[2018/1/26 - 8:24:32] Edward Lewis has been paid $4,000 from La Reunion Espanola's budget.
[2018/1/26 - 8:27:12] Michael H Buenoh has been paid $7,500 from La Reunion Espanola's budget.
[2018/1/26 - 8:42:54] Tanner Salvador has been paid $10,000 from La Reunion Espanola's budget.
[2018/1/26 - 8:47:45] Dark Smith has been paid $3,000 from La Reunion Espanola's budget.
[2018/1/26 - 8:51:45] Richard Wingfield has been paid $5,000 from La Reunion Espanola's budget.
[2018/1/26 - 8:58:43] Bobby Grayson has been paid $2,000 from La Reunion Espanola's budget.
[2018/1/26 - 9:00:50] Jamie Nelson has been paid $4,500 from La Reunion Espanola's budget.
[2018/1/26 - 9:01:01] The faction vault is at $315,149.
[2018/1/26 - 9:01:20] AbdulAzis Banderas has been paid $2,500 from La Reunion Espanola's budget.
[2018/1/26 - 9:04:55] Stifler Gucci Cobra has been paid $10,000 from La Reunion Espanola's budget.
[2018/1/26 - 9:08:31] Max Chaos has been paid $2,000 from La Reunion Espanola's budget.
[2018/1/26 - 9:18:31] Steven Chasin has been paid $2,500 from La Reunion Espanola's budget.
[2018/1/26 - 9:21:58] Sam Richman has been paid $3,500 from La Reunion Espanola's budget.
[2018/1/26 - 9:23:31] Arvee Maddow has been paid $2,500 from La Reunion Espanola's budget.
[2018/1/26 - 9:23:36] Harm Chariz has been paid $2,500 from La Reunion Espanola's budget.
[2018/1/26 - 9:28:39] Amiel Alejandro has been paid $2,000 from La Reunion Espanola's budget.
[2018/1/26 - 9:29:34] Pierre Dios Brank has been paid $4,000 from La Reunion Espanola's budget.
[2018/1/26 - 9:29:45] Dudung Gutierrez has been paid $2,000 from La Reunion Espanola's budget.
[2018/1/26 - 9:30:32] Dan Drew Soudiere has been paid $2,000 from La Reunion Espanola's budget.
[2018/1/26 - 9:31:31] Roy Gucci Cobra has been paid $10,000 from La Reunion Espanola's budget.
[2018/1/26 - 9:41:38] Jay Mccullen has been paid $3,000 from La Reunion Espanola's budget.
[2018/1/26 - 9:51:27] Dark Smith has been paid $3,000 from La Reunion Espanola's budget.
[2018/1/26 - 9:57:36] Richard Wingfield has been paid $5,000 from La Reunion Espanola's budget.
[2018/1/26 - 10:00:00] The faction vault is at $283,049.
[2018/1/26 - 10:00:51] Steve Faulkner has been paid $7,500 from La Reunion Espanola's budget.
[2018/1/26 - 10:04:19] AbdulAzis Banderas has been paid $2,500 from La Reunion Espanola's budget.
[2018/1/26 - 10:08:05] Nick Savage has been paid $2,000 from La Reunion Espanola's budget.
[2018/1/26 - 10:12:19] Max Chaos has been paid $2,000 from La Reunion Espanola's budget.
[2018/1/26 - 10:12:48] Stifler Gucci Cobra has been paid $10,000 from La Reunion Espanola's budget.
[2018/1/26 - 10:21:26] Steven Chasin has been paid $2,500 from La Reunion Espanola's budget.
[2018/1/26 - 10:22:24] Michael Dios Wing has been paid $2,000 from La Reunion Espanola's budget.
[2018/1/26 - 10:24:54] Sam Richman has been paid $3,500 from La Reunion Espanola's budget.
[2018/1/26 - 10:26:32] Harm Chariz has been paid $2,500 from La Reunion Espanola's budget.
[2018/1/26 - 10:27:17] Arvee Maddow has been paid $2,500 from La Reunion Espanola's budget.
[2018/1/26 - 10:31:06] Artur Voronkov has been paid $5,000 from La Reunion Espanola's budget.
[2018/1/26 - 10:33:29] Dan Drew Soudiere has been paid $2,000 from La Reunion Espanola's budget.
[2018/1/26 - 10:34:24] Amiel Alejandro has been paid $2,000 from La Reunion Espanola's budget.
[2018/1/26 - 10:40:18] Roy Gucci Cobra has been paid $10,000 from La Reunion Espanola's budget.
[2018/1/26 - 10:56:11] Darren Wagner has been paid $5,000 from La Reunion Espanola's budget.
[2018/1/26 - 11:00:01] The faction vault is at $235,649.
[2018/1/26 - 11:04:48] Kobe Mece has been paid $10,000 from La Reunion Espanola's budget.
[2018/1/26 - 11:07:41] Richard Wingfield has been paid $5,000 from La Reunion Espanola's budget.
[2018/1/26 - 11:08:45] Corey Brooks has been paid $10,000 from La Reunion Espanola's budget.
[2018/1/26 - 11:15:24] Stifler Gucci Cobra has refueled vehicle 263 at a cost of $1888 to La Reunion Espanola's budget fund.
[2018/1/26 - 11:15:44] Stifler Gucci Cobra has been paid $10,000 from La Reunion Espanola's budget.
[2018/1/26 - 11:21:48] Rossi Datsik has been paid $3,000 from La Reunion Espanola's budget.
[2018/1/26 - 11:24:38] Rubin Dios Gutierrez has been paid $10,000 from La Reunion Espanola's budget.
[2018/1/26 - 11:24:52] Steve Faulkner has been paid $7,500 from La Reunion Espanola's budget.
[2018/1/26 - 11:29:02] Michael Dios Wing has been paid $10,000 from La Reunion Espanola's budget.
[2018/1/26 - 11:31:38] Arvee Maddow has been paid $2,500 from La Reunion Espanola's budget.
[2018/1/26 - 11:41:47] Amiel Alejandro has been paid $2,500 from La Reunion Espanola's budget.
[2018/1/26 - 11:59:12] Darren Wagner has been paid $5,000 from La Reunion Espanola's budget.
[2018/1/26 - 12:00:01] Roy Gucci Cobra has been paid $10,000 from La Reunion Espanola's budget.
[2018/1/26 - 12:01:00] The faction vault is at $171,461.
[2018/1/26 - 12:08:00] Jax Aki has been paid $2,000 from La Reunion Espanola's budget.
[2018/1/26 - 12:10:37] Santeno Dimvera has been paid $4,000 from La Reunion Espanola's budget.
[2018/1/26 - 12:27:15] Stifler Gucci Cobra has been paid $10,000 from La Reunion Espanola's budget.
[2018/1/26 - 12:32:59] Michael Dios Wing has been paid $10,000 from La Reunion Espanola's budget.
[2018/1/26 - 12:34:32] Steve Faulkner has been paid $7,500 from La Reunion Espanola's budget.
[2018/1/26 - 12:43:45] Crit Snow has been paid $4,000 from La Reunion Espanola's budget.
[2018/1/26 - 12:46:15] Amiel Alejandro has been paid $2,500 from La Reunion Espanola's budget.
[2018/1/26 - 12:46:46] Dudung Gutierrez has been paid $2,000 from La Reunion Espanola's budget.
[2018/1/26 - 13:00:49] The faction vault is at $167,700.
[2018/1/26 - 13:02:48] Darren Wagner has been paid $5,000 from La Reunion Espanola's budget.
[2018/1/26 - 13:10:36] Roy Gucci Cobra has been paid $10,000 from La Reunion Espanola's budget.
[2018/1/26 - 13:12:44] Jax Aki has been paid $3,000 from La Reunion Espanola's budget.
[2018/1/26 - 13:17:02] Josh Vikouri Montage has been paid $2,000 from La Reunion Espanola's budget.
[2018/1/26 - 13:18:03] Kanye C. Montage has been paid $2,000 from La Reunion Espanola's budget.
[2018/1/26 - 13:18:16] Rubin Dios Gutierrez has been paid $10,000 from La Reunion Espanola's budget.
[2018/1/26 - 13:19:33] Jay Mccullen has been paid $3,000 from La Reunion Espanola's budget.
[2018/1/26 - 13:24:00] Joe Celtia has been paid $5,000 from La Reunion Espanola's budget.
[2018/1/26 - 13:27:44] Kieron Pollard has been paid $2,000 from La Reunion Espanola's budget.
[2018/1/26 - 13:37:48] Michael Dios Wing has been paid $10,000 from La Reunion Espanola's budget.
[2018/1/26 - 13:44:09] Stifler Gucci Cobra has been paid $10,000 from La Reunion Espanola's budget.
[2018/1/26 - 13:54:25] Amiel Alejandro has been paid $2,500 from La Reunion Espanola's budget.
[2018/1/26 - 14:00:32] The faction vault is at $130,900.
[2018/1/26 - 14:02:42] Dudung Gutierrez has been paid $2,000 from La Reunion Espanola's budget.
[2018/1/26 - 14:09:35] Archie Gucci Cobra has been paid $5,000 from La Reunion Espanola's budget.
[2018/1/26 - 14:10:58] Bobby Grayson has been paid $2,000 from La Reunion Espanola's budget.
[2018/1/26 - 14:15:06] Yuki Yamanaka has been paid $4,000 from La Reunion Espanola's budget.
[2018/1/26 - 14:15:31] Stifler Gucci Cobra has repaired vehicle 263 at a cost of $1 to La Reunion Espanola's budget fund.
[2018/1/26 - 14:21:15] Steve Dios Faulkner has been paid $7,500 from La Reunion Espanola's budget.
[2018/1/26 - 14:23:48] Crit Snow has been paid $4,000 from La Reunion Espanola's budget.
[2018/1/26 - 14:24:44] Martin Lorenzo has been paid $5,000 from La Reunion Espanola's budget.
[2018/1/26 - 14:27:23] Roy Gucci Cobra has been paid $10,000 from La Reunion Espanola's budget.
[2018/1/26 - 14:33:34] Darren Wagner has been paid $5,000 from La Reunion Espanola's budget.
[2018/1/26 - 14:35:11] Kieron Pollard has been paid $2,500 from La Reunion Espanola's budget.
[2018/1/26 - 14:36:53] Arvee Maddow has been paid $2,500 from La Reunion Espanola's budget.
[2018/1/26 - 14:39:00] Larry Huken has been paid $5,000 from La Reunion Espanola's budget.
[2018/1/26 - 14:48:57] Bazim Aki has been paid $2,000 from La Reunion Espanola's budget.
[2018/1/26 - 14:54:07] Rubin Dios Gutierrez has been paid $10,000 from La Reunion Espanola's budget.
[2018/1/26 - 14:56:23] Stifler Gucci Cobra has been paid $10,000 from La Reunion Espanola's budget.
[2018/1/26 - 15:00:07] The faction vault is at $73,749.
[2018/1/26 - 15:00:23] Max Thorne has been paid $2,000 from La Reunion Espanola's budget.
[2018/1/26 - 15:07:45] Dark Smith has been paid $3,000 from La Reunion Espanola's budget.
[2018/1/26 - 15:10:30] Amiel Alejandro has been paid $2,500 from La Reunion Espanola's budget.
[2018/1/26 - 15:14:44] Bobby Grayson has been paid $2,000 from La Reunion Espanola's budget.
[2018/1/26 - 15:20:22] Yuki Yamanaka has been paid $4,000 from La Reunion Espanola's budget.
[2018/1/26 - 15:21:03] Bradley S. Western has been paid $3,500 from La Reunion Espanola's budget.
[2018/1/26 - 15:25:24] Jennifer Mcfield has been paid $4,000 from La Reunion Espanola's budget.
[2018/1/26 - 15:26:31] Steve Dios Faulkner has been paid $7,500 from La Reunion Espanola's budget.
[2018/1/26 - 15:30:11] Nick Harrison has been paid $2,000 from La Reunion Espanola's budget.
[2018/1/26 - 15:34:19] Roy Gucci Cobra has been paid $10,000 from La Reunion Espanola's budget.
[2018/1/26 - 15:35:29] Luke Lozo has been paid $3,000 from La Reunion Espanola's budget.
[2018/1/26 - 15:37:28] Darren Wagner has been paid $5,000 from La Reunion Espanola's budget.
[2018/1/26 - 15:40:00] Kieron Pollard has been paid $2,500 from La Reunion Espanola's budget.
[2018/1/26 - 15:48:16] Teddy Steels has been paid $4,000 from La Reunion Espanola's budget.
[2018/1/26 - 15:49:51] Jay Mccullen has been paid $3,000 from La Reunion Espanola's budget.
[2018/1/26 - 16:00:48] The faction vault is at $34,249.
[2018/1/26 - 16:06:01] James Brandon has been paid $4,000 from La Reunion Espanola's budget.
[2018/1/26 - 16:20:27] Dark Smith has been paid $3,000 from La Reunion Espanola's budget.
[2018/1/26 - 16:20:35] Brian J. Lennox has been paid $2,000 from La Reunion Espanola's budget.
[2018/1/26 - 16:20:40] Artur Voronkov has been paid $5,000 from La Reunion Espanola's budget.
[2018/1/26 - 16:26:22] Stifler Gucci Cobra has been paid $10,000 from La Reunion Espanola's budget.
[2018/1/26 - 16:30:53] Yuki Yamanaka has been paid $4,000 from La Reunion Espanola's budget.
[2018/1/26 - 16:36:53] Samuel Kingston has been paid $4,000 from La Reunion Espanola's budget.
[2018/1/26 - 16:37:14] Nick Harrison has been paid $2,000 from La Reunion Espanola's budget.
[2018/1/26 - 16:41:26] Darren Wagner has been paid $5,000 from La Reunion Espanola's budget.
[2018/1/26 - 16:43:22] Kieron Pollard has been paid $2,500 from La Reunion Espanola's budget.
[2018/1/26 - 16:51:35] Teddy Steels has been paid $4,000 from La Reunion Espanola's budget.
[2018/1/26 - 17:00:33] The faction vault is at $34,149.
[2018/1/26 - 17:05:02] Roy Gucci Cobra has been paid $10,000 from La Reunion Espanola's budget.
[2018/1/26 - 18:00:10] The faction vault is at $86,949.
[2018/1/26 - 19:00:51] The faction vault is at $33,149.
[2018/1/26 - 20:00:33] The faction vault is at $56,849.
[2018/1/26 - 21:00:15] The faction vault is at $73,149.
[2018/1/26 - 22:00:01] The faction vault is at $89,074.
[2018/1/26 - 23:00:46] The faction vault is at $97,999.
