[2018/1/12 - 0:00:36] The faction vault is at $747,048.
[2018/1/12 - 0:37:51] Steve Faulkner has been paid $1 from La Reunion Espanola's budget.
[2018/1/12 - 1:00:24] The faction vault is at $756,947.
[2018/1/12 - 2:00:18] The faction vault is at $766,347.
[2018/1/12 - 2:05:08] Steve Faulkner has been paid $1 from La Reunion Espanola's budget.
[2018/1/12 - 3:00:46] The faction vault is at $756,747.
[2018/1/12 - 4:00:10] The faction vault is at $767,247.
[2018/1/12 - 5:00:07] The faction vault is at $760,947.
[2018/1/12 - 6:01:00] The faction vault is at $765,347.
[2018/1/12 - 7:00:58] The faction vault is at $769,847.
[2018/1/12 - 8:00:53] The faction vault is at $775,247.
[2018/1/12 - 9:00:45] The faction vault is at $782,447.
[2018/1/12 - 10:00:34] The faction vault is at $201,047.
[2018/1/12 - 10:30:05] Elisa Blaze has been paid $1 from La Reunion Espanola's budget.
[2018/1/12 - 11:00:23] The faction vault is at $221,746.
[2018/1/12 - 12:00:10] The faction vault is at $243,746.
[2018/1/12 - 13:00:59] The faction vault is at $271,646.
[2018/1/12 - 13:03:59] Michael Dios Wing has been paid $1 from La Reunion Espanola's budget.
[2018/1/12 - 13:16:54] Luke Henchman has been paid $1 from La Reunion Espanola's budget.
[2018/1/12 - 13:53:28] Joe Lamar has been paid $1 from La Reunion Espanola's budget.
[2018/1/12 - 14:00:28] The faction vault is at $302,043.
[2018/1/12 - 14:09:51] Kenji Snow has been paid $1 from La Reunion Espanola's budget.
[2018/1/12 - 14:19:31] Michael Dios Wing has been paid $1 from La Reunion Espanola's budget.
[2018/1/12 - 14:29:36] Elisa Blaze has been paid $1 from La Reunion Espanola's budget.
[2018/1/12 - 15:00:07] The faction vault is at $277,940.
[2018/1/12 - 15:03:57] Steve Faulkner has been paid $1 from La Reunion Espanola's budget.
[2018/1/12 - 15:14:34] Kenji Snow has been paid $1 from La Reunion Espanola's budget.
[2018/1/12 - 15:34:14] Tanner Salvador has been paid $1 from La Reunion Espanola's budget.
[2018/1/12 - 16:00:50] The faction vault is at $297,937.
[2018/1/12 - 16:14:37] Michael Dios Wing has been paid $1 from La Reunion Espanola's budget.
[2018/1/12 - 16:18:47] Tanner Salvador has refueled vehicle 256 at a cost of $19000 to La Reunion Espanola's budget fund.
[2018/1/12 - 17:00:33] The faction vault is at $276,140.
[2018/1/12 - 18:00:24] The faction vault is at $301,140.
[2018/1/12 - 19:00:06] Michael H Buenoh has been paid $1 from La Reunion Espanola's budget.
[2018/1/12 - 19:00:20] The faction vault is at $321,539.
[2018/1/12 - 19:06:25] Tanner Salvador has been paid $1 from La Reunion Espanola's budget.
[2018/1/12 - 19:08:28] Dan Radcliffe has been paid $1 from La Reunion Espanola's budget.
[2018/1/12 - 19:13:11] Samuel Kingston has been paid $1 from La Reunion Espanola's budget.
[2018/1/12 - 19:35:49] Alessandro Abano has been paid $1 from La Reunion Espanola's budget.
[2018/1/12 - 19:37:05] Steve Faulkner has been paid $1 from La Reunion Espanola's budget.
[2018/1/12 - 20:00:13] The faction vault is at $344,934.
[2018/1/12 - 20:45:32] Alessandro Abano has been paid $1 from La Reunion Espanola's budget.
[2018/1/12 - 20:45:52] Steve Faulkner has been paid $1 from La Reunion Espanola's budget.
[2018/1/12 - 20:48:23] Crit Snow has been paid $1 from La Reunion Espanola's budget.
[2018/1/12 - 20:53:45] Elisa Blaze has been paid $1 from La Reunion Espanola's budget.
[2018/1/12 - 21:01:01] The faction vault is at $14,180.
[2018/1/12 - 21:07:17] Dwayne Radcliffe has been paid $1 from La Reunion Espanola's budget.
[2018/1/12 - 21:07:41] Toni Veton has been paid $1 from La Reunion Espanola's budget.
[2018/1/12 - 21:19:48] Kenji Snow has been paid $1 from La Reunion Espanola's budget.
[2018/1/12 - 21:23:16] Jay Radcliffe has been paid $1 from La Reunion Espanola's budget.
[2018/1/12 - 22:00:54] The faction vault is at $39,876.
[2018/1/12 - 22:02:59] Steve Faulkner has been paid $1 from La Reunion Espanola's budget.
[2018/1/12 - 22:09:10] Elisa Blaze has been paid $1 from La Reunion Espanola's budget.
[2018/1/12 - 22:13:08] Dwayne Radcliffe has been paid $1 from La Reunion Espanola's budget.
[2018/1/12 - 22:24:00] Kenji Snow has been paid $1 from La Reunion Espanola's budget.
[2018/1/12 - 22:28:58] Jenson Lee has been paid $1 from La Reunion Espanola's budget.
[2018/1/12 - 22:30:14] Danny Radcliffe has been paid $1 from La Reunion Espanola's budget.
[2018/1/12 - 23:00:36] The faction vault is at $63,770.
[2018/1/12 - 23:23:21] Elisa Blaze has been paid $1 from La Reunion Espanola's budget.
[2018/1/12 - 23:23:23] Tanner Salvador has been paid $1 from La Reunion Espanola's budget.
[2018/1/12 - 23:36:28] Steve Faulkner has been paid $1 from La Reunion Espanola's budget.
[2018/1/12 - 23:37:50] Mark Schneider has been paid $1 from La Reunion Espanola's budget.
[2018/1/12 - 23:44:41] Kenji Snow has been paid $1 from La Reunion Espanola's budget.
