[2018/1/9 - 0:00:19] The faction vault is at $115,196.
[2018/1/9 - 0:10:01] Sean Washington has been paid $1 from La Reunion Espanola's budget.
[2018/1/9 - 0:11:23] Bonjan Clevreman has been paid $1 from La Reunion Espanola's budget.
[2018/1/9 - 0:27:07] Steve Faulkner has been paid $1 from La Reunion Espanola's budget.
[2018/1/9 - 1:00:04] The faction vault is at $123,293.
[2018/1/9 - 1:19:01] Bonjan Clevreman has been paid $1 from La Reunion Espanola's budget.
[2018/1/9 - 1:31:01] Steve Faulkner has been paid $1 from La Reunion Espanola's budget.
[2018/1/9 - 1:54:47] Draymond Woods has been paid $1 from La Reunion Espanola's budget.
[2018/1/9 - 2:00:53] The faction vault is at $129,590.
[2018/1/9 - 2:04:59] Andro Woods has been paid $1 from La Reunion Espanola's budget.
[2018/1/9 - 3:00:42] The faction vault is at $133,989.
[2018/1/9 - 3:37:21] Steve Faulkner has been paid $1 from La Reunion Espanola's budget.
[2018/1/9 - 4:00:35] The faction vault is at $138,688.
[2018/1/9 - 5:00:26] The faction vault is at $141,188.
[2018/1/9 - 5:10:49] Steve Faulkner has been paid $1 from La Reunion Espanola's budget.
[2018/1/9 - 6:00:08] The faction vault is at $137,188.
[2018/1/9 - 6:33:09] Arturo Dios Waters has been paid $1 from La Reunion Espanola's budget.
[2018/1/9 - 6:52:36] Chris Chanox has been paid $1 from La Reunion Espanola's budget.
[2018/1/9 - 7:00:23] The faction vault is at $151,286.
[2018/1/9 - 7:20:06] Sudais Banderas has been paid $1 from La Reunion Espanola's budget.
[2018/1/9 - 7:51:03] Arturo Dios Waters has been paid $1 from La Reunion Espanola's budget.
[2018/1/9 - 8:00:37] The faction vault is at $156,084.
[2018/1/9 - 8:37:03] Chris Chanox has been paid $1 from La Reunion Espanola's budget.
[2018/1/9 - 9:00:46] The faction vault is at $159,483.
[2018/1/9 - 9:40:18] Chris Chanox has been paid $1 from La Reunion Espanola's budget.
[2018/1/9 - 10:00:46] The faction vault is at $164,782.
[2018/1/9 - 10:03:41] Andro Woods has been paid $1 from La Reunion Espanola's budget.
[2018/1/9 - 10:08:46] Lei Dios Fuyu has been paid $1 from La Reunion Espanola's budget.
[2018/1/9 - 10:42:25] Michael Dios Wing has been paid $1 from La Reunion Espanola's budget.
[2018/1/9 - 10:44:01] Elisa Blaze has been paid $1 from La Reunion Espanola's budget.
[2018/1/9 - 11:00:48] The faction vault is at $170,778.
[2018/1/9 - 11:06:55] Andro Woods has been paid $1 from La Reunion Espanola's budget.
[2018/1/9 - 11:48:30] Elisa Blaze has been paid $1 from La Reunion Espanola's budget.
[2018/1/9 - 11:50:55] Michael Dios Wing has been paid $1 from La Reunion Espanola's budget.
[2018/1/9 - 12:00:41] The faction vault is at $178,675.
[2018/1/9 - 12:14:50] Rossi Stokes has been paid $1 from La Reunion Espanola's budget.
[2018/1/9 - 12:18:59] Hans Biggums has been paid $1 from La Reunion Espanola's budget.
[2018/1/9 - 12:27:56] Arturo Dios Waters has been paid $1 from La Reunion Espanola's budget.
[2018/1/9 - 12:32:01] Jimmy Jr Croos has been paid $1 from La Reunion Espanola's budget.
[2018/1/9 - 13:00:40] The faction vault is at $188,171.
[2018/1/9 - 13:15:55] Michael Dios Wing has been paid $1 from La Reunion Espanola's budget.
[2018/1/9 - 13:21:17] Rossi Stokes has been paid $1 from La Reunion Espanola's budget.
[2018/1/9 - 13:38:09] Arturo Dios Waters has been paid $1 from La Reunion Espanola's budget.
[2018/1/9 - 14:00:34] The faction vault is at $197,668.
[2018/1/9 - 14:55:02] Jimmy Jr Croos has been paid $1 from La Reunion Espanola's budget.
[2018/1/9 - 15:00:11] The faction vault is at $207,467.
[2018/1/9 - 16:00:00] The faction vault is at $214,267.
[2018/1/9 - 16:35:30] Arturo Waters has been paid $1 from La Reunion Espanola's budget.
[2018/1/9 - 17:00:58] The faction vault is at $227,766.
[2018/1/9 - 17:27:38] Roy Gucci Cobra has been paid $1 from La Reunion Espanola's budget.
[2018/1/9 - 17:44:44] Clark Nelson has been paid $1 from La Reunion Espanola's budget.
[2018/1/9 - 17:52:42] Crit Snow has been paid $1 from La Reunion Espanola's budget.
[2018/1/9 - 18:00:50] The faction vault is at $239,763.
[2018/1/9 - 18:19:15] Arturo Waters has been paid $1 from La Reunion Espanola's budget.
[2018/1/9 - 19:00:43] The faction vault is at $246,762.
[2018/1/9 - 19:36:09] Arturo Waters has been paid $1 from La Reunion Espanola's budget.
[2018/1/9 - 20:00:29] The faction vault is at $255,761.
[2018/1/9 - 20:09:58] Luke Henchman has been paid $1 from La Reunion Espanola's budget.
[2018/1/9 - 20:25:10] Steve Faulkner has been paid $1 from La Reunion Espanola's budget.
[2018/1/9 - 21:00:14] The faction vault is at $276,359.
[2018/1/9 - 21:21:47] Michael H Buenoh has been paid $1 from La Reunion Espanola's budget.
[2018/1/9 - 21:48:40] Steve Faulkner has been paid $1 from La Reunion Espanola's budget.
[2018/1/9 - 22:00:06] The faction vault is at $280,157.
[2018/1/9 - 22:17:04] Sean Washington has been paid $1 from La Reunion Espanola's budget.
[2018/1/9 - 23:00:58] The faction vault is at $285,556.
[2018/1/9 - 23:27:42] Steve Faulkner has been paid $1 from La Reunion Espanola's budget.
