[2018/1/2 - 0:00:12] The faction vault is at $30,700.
[2018/1/2 - 1:00:47] The faction vault is at $40,200.
[2018/1/2 - 2:00:22] The faction vault is at $46,400.
[2018/1/2 - 3:00:03] The faction vault is at $48,000.
[2018/1/2 - 4:00:46] The faction vault is at $57,700.
[2018/1/2 - 5:00:33] The faction vault is at $60,900.
[2018/1/2 - 6:00:13] The faction vault is at $63,700.
[2018/1/2 - 7:00:57] The faction vault is at $64,700.
[2018/1/2 - 8:00:47] The faction vault is at $65,100.
[2018/1/2 - 9:00:28] The faction vault is at $28,300.
[2018/1/2 - 10:00:26] The faction vault is at $32,900.
[2018/1/2 - 10:40:16] John D. Summer has been paid $1 from La Reunion Espanola's budget.
[2018/1/2 - 10:41:30] Arturo Dios Waters has been paid $1 from La Reunion Espanola's budget.
[2018/1/2 - 11:00:42] The faction vault is at $31,498.
[2018/1/2 - 11:02:29] Roy Gucci Cobra has been paid $1 from La Reunion Espanola's budget.
[2018/1/2 - 11:10:53] Lorenzo Lee has been paid $1 from La Reunion Espanola's budget.
[2018/1/2 - 11:11:44] Inoshima Vikouri has been paid $1 from La Reunion Espanola's budget.
[2018/1/2 - 11:13:43] Jamie Nelson has been paid $1 from La Reunion Espanola's budget.
[2018/1/2 - 11:14:42] Toshiaki Vikouri has been paid $1 from La Reunion Espanola's budget.
[2018/1/2 - 11:29:56] Pump Gucci Cobra has been paid $1 from La Reunion Espanola's budget.
[2018/1/2 - 11:31:02] Michael Dios Wing has been paid $1 from La Reunion Espanola's budget.
[2018/1/2 - 11:34:42] Jimmy Tex has been paid $1 from La Reunion Espanola's budget.
[2018/1/2 - 11:36:59] Kyle Blevis has been paid $1 from La Reunion Espanola's budget.
[2018/1/2 - 11:38:22] Zyana Dios Bishop has been paid $1 from La Reunion Espanola's budget.
[2018/1/2 - 11:39:14] Jack Malix has been paid $1 from La Reunion Espanola's budget.
[2018/1/2 - 11:42:06] Jen Winchester has been paid $1 from La Reunion Espanola's budget.
[2018/1/2 - 11:46:53] Arturo Dios Waters has been paid $1 from La Reunion Espanola's budget.
[2018/1/2 - 11:54:40] Diana Hillto has been paid $1 from La Reunion Espanola's budget.
[2018/1/2 - 11:55:47] Shen Blevis has been paid $1 from La Reunion Espanola's budget.
[2018/1/2 - 12:00:28] The faction vault is at $38,883.
[2018/1/2 - 12:01:46] Percy Dios Brank has been paid $1 from La Reunion Espanola's budget.
[2018/1/2 - 12:08:08] Roy Gucci Cobra has been paid $1 from La Reunion Espanola's budget.
[2018/1/2 - 12:17:26] Inoshima Vikouri has been paid $1 from La Reunion Espanola's budget.
[2018/1/2 - 12:19:43] Toshiaki Vikouri has been paid $1 from La Reunion Espanola's budget.
[2018/1/2 - 12:20:00] Ermetano Carragio has been paid $1 from La Reunion Espanola's budget.
[2018/1/2 - 12:32:40] Toshiaki Vikouri has been paid $1 from La Reunion Espanola's budget.
[2018/1/2 - 12:33:58] Inoshima Vikouri has been paid $1 from La Reunion Espanola's budget.
[2018/1/2 - 12:42:54] Nichole Crack has been paid $1 from La Reunion Espanola's budget.
[2018/1/2 - 12:51:31] Michael Dios Wing has been paid $1 from La Reunion Espanola's budget.
[2018/1/2 - 12:52:05] Ermetano Carragio has been paid $1 from La Reunion Espanola's budget.
[2018/1/2 - 13:00:21] The faction vault is at $35,886.
[2018/1/2 - 13:08:44] Arturo Dios Waters has been paid $1 from La Reunion Espanola's budget.
[2018/1/2 - 13:13:27] Nicholas Naughton has been paid $1 from La Reunion Espanola's budget.
[2018/1/2 - 13:21:15] Shen Blevis has been paid $1 from La Reunion Espanola's budget.
[2018/1/2 - 13:22:26] Gerard De Mason has been paid $1 from La Reunion Espanola's budget.
[2018/1/2 - 13:29:12] Hisashi Vi. Ohashi has been paid $1 from La Reunion Espanola's budget.
[2018/1/2 - 13:35:01] Michael H Buenoh has been paid $1 from La Reunion Espanola's budget.
[2018/1/2 - 13:39:48] Daniel Prim has been paid $1 from La Reunion Espanola's budget.
[2018/1/2 - 13:40:08] Alex S Blevis has been paid $1 from La Reunion Espanola's budget.
[2018/1/2 - 13:41:05] Inoshima Vikouri has been paid $1 from La Reunion Espanola's budget.
[2018/1/2 - 13:46:33] Nichole Crack has been paid $1 from La Reunion Espanola's budget.
[2018/1/2 - 13:55:37] Michael Dios Wing has been paid $1 from La Reunion Espanola's budget.
[2018/1/2 - 13:59:44] Snizzy Young has been paid $1 from La Reunion Espanola's budget.
[2018/1/2 - 14:00:24] Antonio D. Sarto has been paid $1 from La Reunion Espanola's budget.
[2018/1/2 - 14:00:57] The faction vault is at $45,373.
[2018/1/2 - 14:07:01] Jack Malix has been paid $1 from La Reunion Espanola's budget.
[2018/1/2 - 14:15:05] Arturo Dios Waters has been paid $1 from La Reunion Espanola's budget.
[2018/1/2 - 14:22:16] Jamie Nelson has been paid $1 from La Reunion Espanola's budget.
[2018/1/2 - 14:24:19] Roy Gucci Cobra has been paid $1 from La Reunion Espanola's budget.
[2018/1/2 - 14:25:34] Shen Blevis has been paid $1 from La Reunion Espanola's budget.
[2018/1/2 - 14:45:08] Alex S Blevis has been paid $1 from La Reunion Espanola's budget.
[2018/1/2 - 14:45:47] Inoshima Vikouri has been paid $1 from La Reunion Espanola's budget.
[2018/1/2 - 15:00:19] The faction vault is at $4,466.
[2018/1/2 - 15:11:12] Jack Malix has been paid $1 from La Reunion Espanola's budget.
[2018/1/2 - 15:11:43] Michael Dios Wing has been paid $1 from La Reunion Espanola's budget.
[2018/1/2 - 15:12:05] Luka Carter has been paid $1 from La Reunion Espanola's budget.
[2018/1/2 - 15:24:42] Arturo Dios Waters has been paid $1 from La Reunion Espanola's budget.
[2018/1/2 - 15:28:52] Jamie Nelson has been paid $1 from La Reunion Espanola's budget.
[2018/1/2 - 15:31:55] Shen Blevis has been paid $1 from La Reunion Espanola's budget.
[2018/1/2 - 15:33:26] Simon Perry has been paid $1 from La Reunion Espanola's budget.
[2018/1/2 - 15:47:47] Roy Gucci Cobra has been paid $1 from La Reunion Espanola's budget.
[2018/1/2 - 15:51:49] Dolev Jordan has been paid $1 from La Reunion Espanola's budget.
[2018/1/2 - 15:53:58] John Pat has been paid $1 from La Reunion Espanola's budget.
[2018/1/2 - 16:00:44] The faction vault is at $15,856.
[2018/1/2 - 16:07:50] Josh Dolerto has been paid $1 from La Reunion Espanola's budget.
[2018/1/2 - 16:08:07] Roy Ryder has been paid $1 from La Reunion Espanola's budget.
[2018/1/2 - 16:18:23] Michael Dios Wing has been paid $1 from La Reunion Espanola's budget.
[2018/1/2 - 16:21:06] Nick Chains has been paid $1 from La Reunion Espanola's budget.
[2018/1/2 - 16:24:32] Lamar Murphy has been paid $1 from La Reunion Espanola's budget.
[2018/1/2 - 16:38:33] Shen Blevis has been paid $1 from La Reunion Espanola's budget.
[2018/1/2 - 16:39:20] Billy Dios Delany has been paid $1 from La Reunion Espanola's budget.
[2018/1/2 - 16:45:41] Nichole Crack has been paid $1 from La Reunion Espanola's budget.
[2018/1/2 - 16:55:17] Pump Gucci Cobra has been paid $1 from La Reunion Espanola's budget.
[2018/1/2 - 17:00:06] The faction vault is at $23,147.
[2018/1/2 - 17:01:09] Ermetano Carragio has been paid $1 from La Reunion Espanola's budget.
[2018/1/2 - 17:06:10] Roy Gucci Cobra has been paid $1 from La Reunion Espanola's budget.
[2018/1/2 - 17:12:25] Roy Ryder has been paid $1 from La Reunion Espanola's budget.
[2018/1/2 - 17:16:46] Percy Dios Brank has been paid $1 from La Reunion Espanola's budget.
[2018/1/2 - 17:21:44] Michael Dios Wing has been paid $1 from La Reunion Espanola's budget.
[2018/1/2 - 17:27:20] Jamie Nelson has been paid $1 from La Reunion Espanola's budget.
[2018/1/2 - 17:27:27] Artur Voronkov has been paid $1 from La Reunion Espanola's budget.
[2018/1/2 - 17:42:58] Billy Dios Delany has been paid $1 from La Reunion Espanola's budget.
[2018/1/2 - 17:44:21] Elisa Blaze has been paid $1 from La Reunion Espanola's budget.
[2018/1/2 - 17:54:09] Kyle Blevis has been paid $1 from La Reunion Espanola's budget.
[2018/1/2 - 18:00:32] The faction vault is at $33,837.
[2018/1/2 - 18:04:04] Rakim Woodcaine has been paid $1 from La Reunion Espanola's budget.
[2018/1/2 - 18:05:39] Dolev Jordan has been paid $1 from La Reunion Espanola's budget.
[2018/1/2 - 18:20:33] Percy Dios Brank has been paid $1 from La Reunion Espanola's budget.
[2018/1/2 - 18:25:10] Luke Henchman has been paid $1 from La Reunion Espanola's budget.
[2018/1/2 - 18:25:32] Roy Gucci Cobra has been paid $1 from La Reunion Espanola's budget.
[2018/1/2 - 18:25:39] Joe Celtia has been paid $1 from La Reunion Espanola's budget.
[2018/1/2 - 18:26:19] Nick Chains has been paid $1 from La Reunion Espanola's budget.
[2018/1/2 - 18:27:09] Michael Dios Wing has been paid $1 from La Reunion Espanola's budget.
[2018/1/2 - 18:38:11] Jimmy Croos has been paid $1 from La Reunion Espanola's budget.
[2018/1/2 - 18:42:31] Roy Ryder has been paid $1 from La Reunion Espanola's budget.
[2018/1/2 - 18:51:02] Elisa Blaze has been paid $1 from La Reunion Espanola's budget.
[2018/1/2 - 18:59:22] Kyle Blevis has been paid $1 from La Reunion Espanola's budget.
[2018/1/2 - 19:00:50] The faction vault is at $24,150.
[2018/1/2 - 19:00:56] Artur Voronkov has been paid $1 from La Reunion Espanola's budget.
[2018/1/2 - 19:02:38] Billy Dios Delany has been paid $1 from La Reunion Espanola's budget.
[2018/1/2 - 19:10:13] Rakim Woodcaine has been paid $1 from La Reunion Espanola's budget.
[2018/1/2 - 19:13:36] Michael H Buenoh has been paid $1 from La Reunion Espanola's budget.
[2018/1/2 - 19:22:11] Jamie Nelson has been paid $1 from La Reunion Espanola's budget.
[2018/1/2 - 19:29:24] Jordan Mo Slayer has been paid $1 from La Reunion Espanola's budget.
[2018/1/2 - 19:38:45] Michael Dios Wing has been paid $1 from La Reunion Espanola's budget.
[2018/1/2 - 19:41:01] Roy Gucci Cobra has been paid $1 from La Reunion Espanola's budget.
[2018/1/2 - 19:58:55] Danilo Buenoh has been paid $1 from La Reunion Espanola's budget.
[2018/1/2 - 20:00:02] The faction vault is at $40,841.
[2018/1/2 - 20:01:49] Jimmy Tex has been paid $1 from La Reunion Espanola's budget.
[2018/1/2 - 20:04:59] Arturo Dios Waters has been paid $1 from La Reunion Espanola's budget.
[2018/1/2 - 20:07:06] Kyle Blevis has been paid $1 from La Reunion Espanola's budget.
[2018/1/2 - 20:12:06] Billy Dios Delany has been paid $1 from La Reunion Espanola's budget.
[2018/1/2 - 20:15:32] Roy Ryder has been paid $1 from La Reunion Espanola's budget.
[2018/1/2 - 20:21:52] Rakim Woodcaine has been paid $1 from La Reunion Espanola's budget.
[2018/1/2 - 20:44:17] Jordan Mo Slayer has been paid $1 from La Reunion Espanola's budget.
[2018/1/2 - 20:45:01] James Deto has been paid $1 from La Reunion Espanola's budget.
[2018/1/2 - 20:51:20] Jamie Nelson has been paid $1 from La Reunion Espanola's budget.
[2018/1/2 - 21:00:05] Roy Gucci Cobra has been paid $1 from La Reunion Espanola's budget.
[2018/1/2 - 21:00:12] The faction vault is at $66,131.
[2018/1/2 - 21:08:00] Danilo Buenoh has been paid $1 from La Reunion Espanola's budget.
[2018/1/2 - 21:12:26] Jax Dios Hunt has been paid $1 from La Reunion Espanola's budget.
[2018/1/2 - 21:15:34] Kyle Blevis has been paid $1 from La Reunion Espanola's budget.
[2018/1/2 - 21:16:29] Michael H Buenoh has been paid $1 from La Reunion Espanola's budget.
[2018/1/2 - 21:19:53] Billy Dios Delany has been paid $1 from La Reunion Espanola's budget.
[2018/1/2 - 21:27:14] Lamar Murphy has been paid $1 from La Reunion Espanola's budget.
[2018/1/2 - 21:56:52] Jordan Mo Slayer has been paid $1 from La Reunion Espanola's budget.
[2018/1/2 - 21:58:54] Arturo Dios Waters has been paid $1 from La Reunion Espanola's budget.
[2018/1/2 - 22:00:25] The faction vault is at $91,023.
[2018/1/2 - 22:16:26] Danilo Buenoh has been paid $1 from La Reunion Espanola's budget.
[2018/1/2 - 22:24:34] Jax Dios Hunt has been paid $1 from La Reunion Espanola's budget.
[2018/1/2 - 23:00:43] The faction vault is at $113,121.
[2018/1/2 - 23:01:16] Alexander Bear Smoke has been paid $1 from La Reunion Espanola's budget.
[2018/1/2 - 23:06:25] Billy Dios Delany has been paid $1 from La Reunion Espanola's budget.
[2018/1/2 - 23:10:42] Arturo Dios Waters has been paid $1 from La Reunion Espanola's budget.
[2018/1/2 - 23:21:16] Danilo Buenoh has been paid $1 from La Reunion Espanola's budget.
[2018/1/2 - 23:31:45] Jax Dios Hunt has been paid $1 from La Reunion Espanola's budget.
