[2022/12/18 - 17:00:24] SA Gov Paid $100,000 to Los Santos Police Department budget fund.
[2022/12/18 - 17:00:24] SA Gov Paid $100,000 to SHAFT (( Closed )) budget fund.
[2022/12/18 - 17:00:24] The tax vault is at $128,147,926
[2022/12/18 - 17:00:24] SA Gov Paid $50,000 to San Andreas National Guard budget fund.
[2022/12/18 - 17:00:24] SA Gov Paid $50,000 to SA Fire and Medical Department budget fund.
[2022/12/18 - 17:00:24] SA Gov Paid $50,000 to San Andreas Supreme Court budget fund.
[2022/12/18 - 18:00:14] SA Gov Paid $100,000 to Los Santos Police Department budget fund.
[2022/12/18 - 18:00:14] SA Gov Paid $100,000 to SHAFT (( Closed )) budget fund.
[2022/12/18 - 18:00:14] The tax vault is at $127,797,926
[2022/12/18 - 18:00:14] SA Gov Paid $50,000 to San Andreas National Guard budget fund.
[2022/12/18 - 18:00:14] SA Gov Paid $50,000 to SA Fire and Medical Department budget fund.
[2022/12/18 - 18:00:14] SA Gov Paid $50,000 to San Andreas Supreme Court budget fund.
[2022/12/18 - 19:00:00] SA Gov Paid $100,000 to Los Santos Police Department budget fund.
[2022/12/18 - 19:00:00] SA Gov Paid $100,000 to SHAFT (( Closed )) budget fund.
[2022/12/18 - 19:00:00] The tax vault is at $127,447,926
[2022/12/18 - 19:00:00] SA Gov Paid $50,000 to San Andreas National Guard budget fund.
[2022/12/18 - 19:00:00] SA Gov Paid $50,000 to SA Fire and Medical Department budget fund.
[2022/12/18 - 19:00:00] SA Gov Paid $50,000 to San Andreas Supreme Court budget fund.
[2022/12/18 - 20:00:05] SA Gov Paid $100,000 to Los Santos Police Department budget fund.
[2022/12/18 - 20:00:05] SA Gov Paid $100,000 to SHAFT (( Closed )) budget fund.
[2022/12/18 - 20:00:05] The tax vault is at $127,097,926
[2022/12/18 - 20:00:05] SA Gov Paid $50,000 to San Andreas National Guard budget fund.
[2022/12/18 - 20:00:05] SA Gov Paid $50,000 to SA Fire and Medical Department budget fund.
[2022/12/18 - 20:00:05] SA Gov Paid $50,000 to San Andreas Supreme Court budget fund.
