[2022/12/20 - 10:00:23] SA Gov Paid $100,000 to Los Santos Police Department budget fund.
[2022/12/20 - 10:00:23] SA Gov Paid $100,000 to SHAFT (( Closed )) budget fund.
[2022/12/20 - 10:00:23] The tax vault is at $126,747,926
[2022/12/20 - 10:00:23] SA Gov Paid $50,000 to San Andreas National Guard budget fund.
[2022/12/20 - 10:00:23] SA Gov Paid $50,000 to SA Fire and Medical Department budget fund.
[2022/12/20 - 10:00:23] SA Gov Paid $50,000 to San Andreas Supreme Court budget fund.
[2022/12/20 - 11:00:27] SA Gov Paid $100,000 to Los Santos Police Department budget fund.
[2022/12/20 - 11:00:27] SA Gov Paid $100,000 to SHAFT (( Closed )) budget fund.
[2022/12/20 - 11:00:27] The tax vault is at $126,397,926
[2022/12/20 - 11:00:27] SA Gov Paid $50,000 to San Andreas National Guard budget fund.
[2022/12/20 - 11:00:27] SA Gov Paid $50,000 to SA Fire and Medical Department budget fund.
[2022/12/20 - 11:00:27] SA Gov Paid $50,000 to San Andreas Supreme Court budget fund.
[2022/12/20 - 12:00:25] SA Gov Paid $100,000 to Los Santos Police Department budget fund.
[2022/12/20 - 12:00:25] SA Gov Paid $100,000 to SHAFT (( Closed )) budget fund.
[2022/12/20 - 12:00:25] The tax vault is at $126,047,926
[2022/12/20 - 12:00:25] SA Gov Paid $50,000 to San Andreas National Guard budget fund.
[2022/12/20 - 12:00:25] SA Gov Paid $50,000 to SA Fire and Medical Department budget fund.
[2022/12/20 - 12:00:25] SA Gov Paid $50,000 to San Andreas Supreme Court budget fund.
[2022/12/20 - 13:00:07] SA Gov Paid $100,000 to Los Santos Police Department budget fund.
[2022/12/20 - 13:00:07] SA Gov Paid $100,000 to SHAFT (( Closed )) budget fund.
[2022/12/20 - 13:00:07] The tax vault is at $125,697,926
[2022/12/20 - 13:00:07] SA Gov Paid $50,000 to San Andreas National Guard budget fund.
[2022/12/20 - 13:00:07] SA Gov Paid $50,000 to SA Fire and Medical Department budget fund.
[2022/12/20 - 13:00:07] SA Gov Paid $50,000 to San Andreas Supreme Court budget fund.
[2022/12/20 - 13:42:57] Test Character has paid $300 in tax.
[2022/12/20 - 14:00:13] SA Gov Paid $100,000 to Los Santos Police Department budget fund.
[2022/12/20 - 14:00:13] SA Gov Paid $100,000 to SHAFT (( Closed )) budget fund.
[2022/12/20 - 14:00:13] The tax vault is at $125,348,226
[2022/12/20 - 14:00:13] SA Gov Paid $50,000 to San Andreas National Guard budget fund.
[2022/12/20 - 14:00:13] SA Gov Paid $50,000 to SA Fire and Medical Department budget fund.
[2022/12/20 - 14:00:13] SA Gov Paid $50,000 to San Andreas Supreme Court budget fund.
[2022/12/20 - 15:00:05] SA Gov Paid $100,000 to Los Santos Police Department budget fund.
[2022/12/20 - 15:00:06] SA Gov Paid $100,000 to SHAFT (( Closed )) budget fund.
[2022/12/20 - 15:00:06] The tax vault is at $124,998,226
[2022/12/20 - 15:00:06] SA Gov Paid $50,000 to San Andreas National Guard budget fund.
[2022/12/20 - 15:00:06] SA Gov Paid $50,000 to SA Fire and Medical Department budget fund.
[2022/12/20 - 15:00:06] SA Gov Paid $50,000 to San Andreas Supreme Court budget fund.
[2022/12/20 - 16:00:44] SA Gov Paid $100,000 to Los Santos Police Department budget fund.
[2022/12/20 - 16:00:44] SA Gov Paid $100,000 to SHAFT (( Closed )) budget fund.
[2022/12/20 - 16:00:44] The tax vault is at $124,648,226
[2022/12/20 - 16:00:45] SA Gov Paid $50,000 to San Andreas National Guard budget fund.
[2022/12/20 - 16:00:45] SA Gov Paid $50,000 to SA Fire and Medical Department budget fund.
[2022/12/20 - 16:00:45] SA Gov Paid $50,000 to San Andreas Supreme Court budget fund.
[2022/12/20 - 17:00:52] SA Gov Paid $100,000 to Los Santos Police Department budget fund.
[2022/12/20 - 17:00:52] SA Gov Paid $100,000 to SHAFT (( Closed )) budget fund.
[2022/12/20 - 17:00:52] The tax vault is at $124,298,226
[2022/12/20 - 17:00:52] SA Gov Paid $50,000 to San Andreas National Guard budget fund.
[2022/12/20 - 17:00:52] SA Gov Paid $50,000 to SA Fire and Medical Department budget fund.
[2022/12/20 - 17:00:52] SA Gov Paid $50,000 to San Andreas Supreme Court budget fund.
[2022/12/20 - 18:00:39] SA Gov Paid $100,000 to Los Santos Police Department budget fund.
[2022/12/20 - 18:00:39] SA Gov Paid $100,000 to SHAFT (( Closed )) budget fund.
[2022/12/20 - 18:00:39] The tax vault is at $123,948,226
[2022/12/20 - 18:00:39] SA Gov Paid $50,000 to San Andreas National Guard budget fund.
[2022/12/20 - 18:00:39] SA Gov Paid $50,000 to SA Fire and Medical Department budget fund.
[2022/12/20 - 18:00:39] SA Gov Paid $50,000 to San Andreas Supreme Court budget fund.
[2022/12/20 - 19:00:19] SA Gov Paid $100,000 to Los Santos Police Department budget fund.
[2022/12/20 - 19:00:19] SA Gov Paid $100,000 to SHAFT (( Closed )) budget fund.
[2022/12/20 - 19:00:19] The tax vault is at $123,598,226
[2022/12/20 - 19:00:19] SA Gov Paid $50,000 to San Andreas National Guard budget fund.
[2022/12/20 - 19:00:19] SA Gov Paid $50,000 to SA Fire and Medical Department budget fund.
[2022/12/20 - 19:00:19] SA Gov Paid $50,000 to San Andreas Supreme Court budget fund.
[2022/12/20 - 20:00:03] SA Gov Paid $100,000 to Los Santos Police Department budget fund.
[2022/12/20 - 20:00:03] SA Gov Paid $100,000 to SHAFT (( Closed )) budget fund.
[2022/12/20 - 20:00:03] The tax vault is at $123,248,226
[2022/12/20 - 20:00:03] SA Gov Paid $50,000 to San Andreas National Guard budget fund.
[2022/12/20 - 20:00:03] SA Gov Paid $50,000 to SA Fire and Medical Department budget fund.
[2022/12/20 - 20:00:03] SA Gov Paid $50,000 to San Andreas Supreme Court budget fund.
