[2018/1/1 - 19:26:30] Jackson Dread (75484) has made Jax Morrow (24372) the leader of the Tierra Robada Liberation Front.
[2018/1/1 - 19:27:32] Robert Caber (1000215713) accepted  Jax Morrow's (24372) invite to join Tierra Robada Liberation Front (37).
[2018/1/1 - 19:27:35] John Valdez (1000499450) accepted  Jax Morrow's (24372) invite to join Tierra Robada Liberation Front (37).
[2018/1/1 - 19:28:03] Jackson Dread (75484) has made Dwight Silvetti (847669) the leader of the Tierra Robada Liberation Front.
[2018/1/1 - 19:28:50] Billy Greaves (1000147807) accepted  Jax Morrow's (24372) invite to join Tierra Robada Liberation Front (37).
[2018/1/1 - 19:29:30] Chris Silvetti (1000125968) accepted  Dwight Silvetti's (847669) invite to join Tierra Robada Liberation Front (37).
[2018/1/1 - 19:29:43]  Dwight Silvetti (847669) (rank 9) has given Jax Morrow (24372) rank 5 () in Tierra Robada Liberation Front (37).
[2018/1/1 - 19:29:47]  Dwight Silvetti (847669) (rank 9) has given Jax Morrow (24372) rank 5 () in Tierra Robada Liberation Front (37).
[2018/1/1 - 19:29:47]  Dwight Silvetti (847669) (rank 9) has given Jax Morrow (24372) rank 5 () in Tierra Robada Liberation Front (37).
[2018/1/1 - 19:29:49]  Dwight Silvetti (847669) (rank 9) has given Jax Morrow (24372) rank 5 () in Tierra Robada Liberation Front (37).
[2018/1/1 - 19:30:47] Cruzio Demon (1000336769) accepted  Dwight Silvetti's (847669) invite to join Tierra Robada Liberation Front (37).
[2018/1/1 - 19:32:20] Benzene Demon (1000302817) accepted  Dwight Silvetti's (847669) invite to join Tierra Robada Liberation Front (37).
[2018/1/1 - 19:32:28] John Watts (1000624895) accepted  Dwight Silvetti's (847669) invite to join Tierra Robada Liberation Front (37).
[2018/1/1 - 19:33:12] Jackson Dread has withdrawn $1,400,000 from the safe.
[2018/1/1 - 19:33:18] Jackson Dread has withdrawn $61,000 from the safe.
[2018/1/1 - 19:33:50] Jackson Dread (75484) has made Robert Caber (1000215713) the leader of the Tierra Robada Liberation Front.
[2018/1/1 - 19:33:57]  Robert Caber (1000215713) (rank 9) has given Jax Morrow (24372) rank 0 () in Tierra Robada Liberation Front (37).
[2018/1/1 - 19:34:53] Robert Caber has withdrawn $25 from the safe.
[2018/1/1 - 19:34:59] Robert Caber has withdrawn $100 from the safe.
[2018/1/1 - 19:35:07] Robert Caber has deposited $100 into the safe.
[2018/1/1 - 19:36:10] John Watts has logged out.
[2018/1/1 - 19:36:35] John Watts has logged in.
[2018/1/1 - 19:40:12] Chris Silvetti has logged out.
[2018/1/1 - 19:41:24]  Dwight Silvetti (847669) (rank 9) has given Robert Caber (1000215713) rank 8 () in Tierra Robada Liberation Front (37).
[2018/1/1 - 19:44:33] John Watts has logged out.
[2018/1/1 - 19:45:59] John Watts has logged in.
[2018/1/1 - 19:47:45] Soun Khan (1000242949) accepted  Dwight Silvetti's (847669) invite to join Tierra Robada Liberation Front (37).
[2018/1/1 - 19:47:49]  Dwight Silvetti (847669) (rank 9) has given Soun Khan (1000242949) rank 6 () in Tierra Robada Liberation Front (37).
[2018/1/1 - 19:50:43] Chris Silvetti has logged in.
[2018/1/1 - 19:51:51] Dwight Silvetti (847669) has renamed the  division (#1) to K³
[2018/1/1 - 19:51:57]  Dwight Silvetti (847669) has set Dwight Silvetti's (847669) division to K³ in Tierra Robada Liberation Front (37).
[2018/1/1 - 19:52:22]  Robert Caber (1000215713) has set Robert Caber's (1000215713) division to K³ in Tierra Robada Liberation Front (37).
[2018/1/1 - 19:53:19] John Watts has logged out.
[2018/1/1 - 19:54:28] John Watts has logged in.
[2018/1/1 - 19:54:37]  Robert Caber (1000215713) has set Soun Khan's (1000242949) division to K³ in Tierra Robada Liberation Front (37).
[2018/1/1 - 19:54:47]  Robert Caber (1000215713) has set Billy Greaves's (1000147807) division to K³ in Tierra Robada Liberation Front (37).
[2018/1/1 - 19:55:43] John Valdez has logged out.
[2018/1/1 - 19:56:33] John Valdez has logged in.
[2018/1/1 - 20:01:44] Neyo K Terranova (1000625006) accepted  Dwight Silvetti's (847669) invite to join Tierra Robada Liberation Front (37).
[2018/1/1 - 20:01:54]  Dwight Silvetti (847669) (rank 9) has given Neyo K Terranova (1000625006) rank 3 () in Tierra Robada Liberation Front (37).
[2018/1/1 - 20:01:55]  Dwight Silvetti (847669) (rank 9) has given Neyo K Terranova (1000625006) rank 2 () in Tierra Robada Liberation Front (37).
[2018/1/1 - 20:02:17] undefined Neyo K Terranova has lost connection.
[2018/1/1 - 20:02:39] Neyo K Terranova has logged in.
[2018/1/1 - 20:06:23] Neyo K Terranova has logged out.
[2018/1/1 - 20:06:25] Cruzio Demon has logged out.
[2018/1/1 - 20:07:22] Benzene Demon has logged out.
[2018/1/1 - 20:12:30] Chris Silvetti (1000125968) has quit the Tierra Robada Liberation Front as a rank 0
[2018/1/1 - 20:13:20] Jax Morrow has logged in.
[2018/1/1 - 20:15:17]  Robert Caber (1000215713) (rank 8) has given John Watts (1000624895) rank 4 () in Tierra Robada Liberation Front (37).
[2018/1/1 - 20:16:20] Soun Khan has logged out.
[2018/1/1 - 20:20:23] Jax Morrow has logged out.
[2018/1/1 - 20:24:37] Soun Khan has logged in.
[2018/1/1 - 20:32:14]  Dwight Silvetti (847669) (rank 9) has given Robert Caber (1000215713) rank 0 () in Tierra Robada Liberation Front (37).
[2018/1/1 - 20:32:56]  Dwight Silvetti (847669) (rank 9) has given Robert Caber (1000215713) rank 8 () in Tierra Robada Liberation Front (37).
[2018/1/1 - 20:47:57] Dwight Silvetti has logged in.
[2018/1/1 - 20:51:41] Soun Khan has logged out.
[2018/1/1 - 20:53:10] John Valdez has logged out.
[2018/1/1 - 20:53:50] John Valdez has logged in.
[2018/1/1 - 21:01:27] John Valdez has logged out.
[2018/1/1 - 21:12:30] undefined John Watts has lost connection.
[2018/1/1 - 21:12:45] John Watts has logged in.
[2018/1/1 - 21:13:08] undefined Billy Greaves has lost connection.
[2018/1/1 - 21:26:20] John Watts has logged out.
[2018/1/1 - 21:34:12] John Watts has logged in.
[2018/1/1 - 21:39:01] Alan Ben (1024) accepted  Robert Caber's (1000215713) invite to join Tierra Robada Liberation Front (37).
[2018/1/1 - 21:39:08]  Robert Caber (1000215713) (rank 8) has given Alan Ben (1024) rank 3 () in Tierra Robada Liberation Front (37).
[2018/1/1 - 21:39:26]  Robert Caber (1000215713) (rank 8) has given Alan Ben (1024) rank 4 () in Tierra Robada Liberation Front (37).
[2018/1/1 - 22:35:00] Alexis Sundawn (1000513080) accepted  Robert Caber's (1000215713) invite to join Tierra Robada Liberation Front (37).
[2018/1/1 - 22:35:08]  Robert Caber (1000215713) (rank 8) has given Alexis Sundawn (1000513080) rank 8 () in Tierra Robada Liberation Front (37).
[2018/1/1 - 22:36:07] Dwight Silvetti has logged in.
[2018/1/1 - 22:37:06] Alan Ben has logged out.
[2018/1/1 - 22:40:46] Billy Greaves has logged in.
[2018/1/1 - 22:46:59] David Mayerl Greaves (1000086569) accepted  Dwight Silvetti's (847669) invite to join Tierra Robada Liberation Front (37).
[2018/1/1 - 22:47:00]  Dwight Silvetti (847669) (rank 9) has given David Mayerl Greaves (1000086569) rank 4 () in Tierra Robada Liberation Front (37)
[2018/1/1 - 22:50:37] David Mayerl Greaves has logged out.
[2018/1/1 - 22:54:22] undefined Billy Greaves has lost connection.
[2018/1/1 - 22:55:07] Billy Greaves has logged in.
[2018/1/1 - 22:55:59] undefined Billy Greaves has lost connection.
[2018/1/1 - 22:57:15] Billy Greaves has logged in.
[2018/1/1 - 23:01:37] Jax Morrow has logged in.
[2018/1/1 - 23:03:23]  Dwight Silvetti (847669) (rank 9) has given Robert Caber (1000215713) rank 0 () in Tierra Robada Liberation Front (37).
[2018/1/1 - 23:03:45]  Dwight Silvetti (847669) (rank 9) has given Robert Caber (1000215713) rank 6 () in Tierra Robada Liberation Front (37).
[2018/1/1 - 23:03:50]  Dwight Silvetti (847669) (rank 9) has given Robert Caber (1000215713) rank 8 () in Tierra Robada Liberation Front (37).
[2018/1/1 - 23:05:53] Jax Morrow (24372) has quit the Tierra Robada Liberation Front as a rank 0
[2018/1/1 - 23:12:17] John Watts has logged out.
[2018/1/1 - 23:12:36] Benito Martinelli (1000227898) accepted  Dwight Silvetti's (847669) invite to join Tierra Robada Liberation Front (37).
[2018/1/1 - 23:13:14] John Watts has logged in.
[2018/1/1 - 23:21:49] Dwight Silvetti has withdrawn a Shotgun from the weapon locker (Cost: 5)
[2018/1/1 - 23:32:28] Kevin Kush (1000071051) has made Kevin Kush (1000071051) the leader of the Tierra Robada Liberation Front.
[2018/1/1 - 23:36:35] Soun Khan has logged in.
[2018/1/1 - 23:36:56]  Dwight Silvetti (847669) (rank 9) has given Alexis Sundawn (1000513080) rank 0 (Private) in Tierra Robada Liberation Front (37
[2018/1/1 - 23:36:56] David Mayerl Greaves has logged in.
[2018/1/1 - 23:37:16] Private Dwight Silvetti (847669) (rank 9) has given Dwight Silvetti (847669) rank 9 (Private) in Tierra Robada Liberation Front
[2018/1/1 - 23:38:03] Private Dwight Silvetti (847669) (rank 9) has given Alexis Sundawn (1000513080) rank 8 (Grand Marshal) in Tierra Robada Liberat
[2018/1/1 - 23:38:47] David Mayerl Greaves has withdrawn a Desert Eagle from the weapon locker (Cost: 10)
[2018/1/1 - 23:40:00] Jackson Dread (75484) has made Alexis Sundawn (1000513080) the leader of the Tierra Robada Liberation Front.
[2018/1/1 - 23:41:01] Dwight Silvetti (847669) has renamed the g division (#4) to egwe
[2018/1/1 - 23:43:58] Gordon Castiglione (1000049917) accepted Grand Marshal Dwight Silvetti's (847669) invite to join Tierra Robada Liberation Front (37).
[2018/1/1 - 23:44:37] Alexis Sundawn (1000513080) has renamed the g division (#10) to VET
[2018/1/1 - 23:45:33] Grand Marshal Dwight Silvetti (847669) (rank 9) has given Alexis Sundawn (1000513080) rank 8 (Marshal) in Tierra Robada Liberat
[2018/1/1 - 23:51:26] Gordon Castiglione has logged out.
[2018/1/1 - 23:52:14] Recruit Billy Greaves has lost connection.
[2018/1/1 - 23:53:00] Billy Greaves has logged in.
[2018/1/1 - 23:53:32] Grand Marshal Dwight Silvetti has lost connection.
[2018/1/1 - 23:54:24] Dwight Silvetti has logged in.
[2018/1/1 - 23:54:48] Grand Marshal Dwight Silvetti (847669) has set Alexis Sundawn's (1000513080) division to K³ in Tierra Robada Liberation Front (
[2018/1/1 - 23:59:00] Billy Greaves has logged out.
