[2018/1/3 - 0:22:35] Mark Murphy has logged out.
[2018/1/3 - 0:43:27] Mark Murphy has logged in.
[2018/1/3 - 0:50:29] Mark Murphy has logged out.
[2018/1/3 - 5:01:35] Cruzio Demon has logged in.
[2018/1/3 - 5:02:33] Private First Class Cruzio Demon has lost connection.
[2018/1/3 - 5:02:54] Cruzio Demon has logged in.
[2018/1/3 - 5:03:21] Private First Class Cruzio Demon has lost connection.
[2018/1/3 - 5:03:55] Cruzio Demon has logged in.
[2018/1/3 - 5:56:27] Toru Sato has logged in.
[2018/1/3 - 6:08:46] Private First Class Toru Sato has lost connection.
[2018/1/3 - 6:09:27] Toru Sato has logged in.
[2018/1/3 - 6:18:49] Cruzio Demon has logged out.
[2018/1/3 - 7:10:05] Cruzio Demon has logged in.
[2018/1/3 - 7:13:11] Cruzio Demon has withdrawn a Desert Eagle from the weapon locker (Cost: 10)
[2018/1/3 - 7:43:36] Toru Sato has logged out.
[2018/1/3 - 7:47:48] Benzene Demon has logged in.
[2018/1/3 - 7:57:39] Jace Stryker has logged in.
[2018/1/3 - 7:59:41] Jace Stryker has logged out.
[2018/1/3 - 8:14:17] Jace Stryker has logged in.
[2018/1/3 - 8:19:38] Cruzio Demon has logged out.
[2018/1/3 - 8:20:13] Benzene Demon has logged out.
[2018/1/3 - 8:20:53] Jace Stryker has logged out.
[2018/1/3 - 11:47:46] Cruzio Demon has logged in.
[2018/1/3 - 11:55:47] Cruzio Demon has logged out.
[2018/1/3 - 12:57:59] John Watts has logged in.
[2018/1/3 - 13:01:04] John Watts has logged out.
[2018/1/3 - 13:01:50] John Watts has logged in.
[2018/1/3 - 13:18:16] Toru Sato has logged in.
[2018/1/3 - 13:28:31] John Watts has logged out.
[2018/1/3 - 13:29:33] John Watts has logged in.
[2018/1/3 - 13:43:33] Toru Sato has logged out.
[2018/1/3 - 13:44:34] Toru Sato has logged in.
[2018/1/3 - 14:03:56] Robert Caber (1000215713) has made Robert Caber (1000215713) the leader of the Tierra Robada Liberation Front.
[2018/1/3 - 14:06:30] Daniel Saunders (886457) accepted Grand Marshal Robert Caber's (1000215713) invite to join Tierra Robada Liberation Front (37).
[2018/1/3 - 14:12:47] Grand Marshal Robert Caber (1000215713) has set Daniel Saunders's (886457) division to K³ in Tierra Robada Liberation Front (37
[2018/1/3 - 14:12:52] Grand Marshal Robert Caber (1000215713) (rank 9) has given Daniel Saunders (886457) rank 5 (Lieutenant) in Tierra Robada Libera
[2018/1/3 - 14:12:54] Grand Marshal Robert Caber (1000215713) (rank 9) has given Daniel Saunders (886457) rank 6 (Captain) in Tierra Robada Liberatio
[2018/1/3 - 14:27:25] Toru Sato has logged out.
[2018/1/3 - 14:51:22] Daniel Saunders has logged out.
[2018/1/3 - 14:51:55] John Valdez has logged in.
[2018/1/3 - 15:03:42] Cruzio Demon has logged in.
[2018/1/3 - 15:56:30] Cruzio Demon has logged out.
[2018/1/3 - 15:57:05] Cruzio Demon has logged in.
[2018/1/3 - 16:10:44] Benzene Demon has logged in.
[2018/1/3 - 16:19:27] Robert Caber (1000215713) has made Robert Caber (1000215713) the leader of the Tierra Robada Liberation Front.
[2018/1/3 - 16:19:38] Joe Flleming (1000087611) accepted Grand Marshal Robert Caber's (1000215713) invite to join Tierra Robada Liberation Front (37).
[2018/1/3 - 16:48:03] Cruzio Demon has logged out.
[2018/1/3 - 16:49:46] John Valdez has logged out.
[2018/1/3 - 17:14:19] Robert Caber (1000215713) has made Robert Caber (1000215713) the leader of the Tierra Robada Liberation Front.
[2018/1/3 - 17:16:48] Hachi Kush (1000222190) accepted Grand Marshal Robert Caber's (1000215713) invite to join Tierra Robada Liberation Front (37).
[2018/1/3 - 17:20:19] Benzene Demon has logged out.
[2018/1/3 - 17:35:42] Joe Flleming has logged out.
[2018/1/3 - 17:53:27] Robert Caber (1000215713) has made Robert Caber (1000215713) the leader of the Tierra Robada Liberation Front.
[2018/1/3 - 18:03:46] John Watts has logged out.
[2018/1/3 - 18:05:26] John Watts has logged in.
[2018/1/3 - 18:06:02] John Watts has logged out.
[2018/1/3 - 18:07:38] John Watts has logged in.
[2018/1/3 - 18:08:01] John Watts has logged out.
[2018/1/3 - 18:08:38] John Watts has logged in.
[2018/1/3 - 18:08:58] John Watts has logged out.
[2018/1/3 - 18:10:28] John Watts has logged in.
[2018/1/3 - 18:11:43] John Watts has logged out.
[2018/1/3 - 18:12:34] John Watts has logged in.
[2018/1/3 - 18:19:51] Robert Caber (1000215713) has made Robert Caber (1000215713) the leader of the Tierra Robada Liberation Front.
[2018/1/3 - 18:24:41] Dwight Silvetti has logged in.
[2018/1/3 - 18:57:39] John Watts has logged out.
[2018/1/3 - 18:58:14] John Watts has logged in.
[2018/1/3 - 19:02:38] Dwight Silvetti has logged out.
[2018/1/3 - 19:03:58] John Watts has logged out.
[2018/1/3 - 19:04:58] Dwight Silvetti has logged in.
[2018/1/3 - 19:06:35] John Valdez has logged in.
[2018/1/3 - 19:09:39] Cruzio Demon has logged in.
[2018/1/3 - 19:18:19] John Valdez has logged out.
[2018/1/3 - 19:23:08] Cruzio Demon has logged out.
[2018/1/3 - 19:23:24] Dwight Silvetti has logged out.
[2018/1/3 - 19:23:47] Hachi Kush has logged out.
[2018/1/3 - 19:36:02] Cruzio Demon has logged in.
[2018/1/3 - 19:37:20] Hachi Kush has logged in.
[2018/1/3 - 19:38:37] Robert Caber has withdrawn a SPAS-12 from the weapon locker (Cost: 75)
[2018/1/3 - 19:39:31] Dwight Silvetti has logged in.
[2018/1/3 - 19:46:56] Robert Caber has deposited a SPAS-12 into the locker.
[2018/1/3 - 19:54:27] Cruzio Demon has logged out.
[2018/1/3 - 20:02:41] Dwight Silvetti has logged out.
[2018/1/3 - 20:08:50] Hachi Kush (1000222190) has quit the Tierra Robada Liberation Front as a rank 0
[2018/1/3 - 20:46:50] Ben Kenobi has logged in.
[2018/1/3 - 20:46:56] Dwight Silvetti has logged in.
[2018/1/3 - 20:47:23] Dwight Silvetti has withdrawn a SPAS-12 from the weapon locker (Cost: 75)
[2018/1/3 - 20:47:24] Ben Kenobi has withdrawn a Desert Eagle from the weapon locker (Cost: 10)
[2018/1/3 - 20:47:26] Dwight Silvetti has withdrawn a M4A1 from the weapon locker (Cost: 40)
[2018/1/3 - 20:47:35] Ben Kenobi has withdrawn a AK-47 from the weapon locker (Cost: 25)
[2018/1/3 - 20:47:39] Ben Kenobi has withdrawn a Shotgun from the weapon locker (Cost: 5)
[2018/1/3 - 20:49:24] Dwight Silvetti has withdrawn $164,000 from the safe.
[2018/1/3 - 20:56:17] Dwight Silvetti has logged out.
[2018/1/3 - 20:56:45] Ben Kenobi has logged out.
[2018/1/3 - 21:07:30] Alan Ben has logged in.
[2018/1/3 - 21:10:46] Alan Ben has logged out.
[2018/1/3 - 21:13:28] Alan Ben has logged in.
[2018/1/3 - 21:13:46] Alan Ben has logged out.
[2018/1/3 - 21:17:51] Alan Ben has logged in.
[2018/1/3 - 21:18:47] Sergeant Alan Ben has lost connection.
[2018/1/3 - 22:06:02] John Watts has logged in.
[2018/1/3 - 22:21:56] John Watts (1000624895) has quit the Tierra Robada Liberation Front as a rank 4
[2018/1/3 - 23:10:40] Robert Caber (1000215713) has made Robert Caber (1000215713) the leader of the Tierra Robada Liberation Front.
[2018/1/3 - 23:18:17] Robert Caber (1000215713) has quit the Tierra Robada Liberation Front as a rank 9
