[2018/1/2 - 0:01:02] Chad Castiglione (1000054176) accepted Marshal Alexis Sundawn's (1000513080) invite to join Tierra Robada Liberation Front (37).
[2018/1/2 - 0:02:26] Marshal Alexis Sundawn (1000513080) has set David Mayerl Greaves's (1000086569) division to K続 in Tierra Robada Liberation Fron
[2018/1/2 - 0:04:48] Billy Greaves has logged in.
[2018/1/2 - 0:05:42] Sergeant John Watts has lost connection.
[2018/1/2 - 0:06:51] John Watts has logged in.
[2018/1/2 - 0:07:00] David Mayerl Greaves has withdrawn a Shotgun from the weapon locker (Cost: 5)
[2018/1/2 - 0:15:49] Dwight Silvetti has logged out.
[2018/1/2 - 0:16:44] Gordon Castiglione has logged in.
[2018/1/2 - 0:18:52] Gordon Castiglione has logged out.
[2018/1/2 - 0:22:18] Marshal Alexis Sundawn (1000513080) (rank 8) has given Billy Greaves (1000147807) rank 4 (Sergeant) in Tierra Robada Liberation
[2018/1/2 - 0:22:20] Marshal Alexis Sundawn (1000513080) (rank 8) has given Billy Greaves (1000147807) rank 5 (Lieutenant) in Tierra Robada Liberati
[2018/1/2 - 0:23:27] Marshal Alexis Sundawn has lost connection.
[2018/1/2 - 0:24:23] Alexis Sundawn has logged in.
[2018/1/2 - 0:30:45] David Mayerl Greaves has logged out.
[2018/1/2 - 0:38:36] Gordon Castiglione has logged in.
[2018/1/2 - 0:39:30] Gordon Castiglione has logged out.
[2018/1/2 - 0:41:01] Gordon Castiglione has logged in.
[2018/1/2 - 0:43:49] Bobby Swagger (863860) accepted Marshal Robert Caber's (1000215713) invite to join Tierra Robada Liberation Front (37).
[2018/1/2 - 0:43:53] Marshal Robert Caber (1000215713) (rank 8) has given Bobby Swagger (863860) rank 4 (Sergeant) in Tierra Robada Liberation Front
[2018/1/2 - 0:43:57] Marshal Robert Caber (1000215713) has set Bobby Swagger's (863860) division to K続 in Tierra Robada Liberation Front (37).
[2018/1/2 - 0:44:11] Marshal Alexis Sundawn (1000513080) (rank 8) has given Gordon Castiglione (1000049917) rank 1 (Private) in Tierra Robada Libera
[2018/1/2 - 0:45:08] Benito Martinelli has logged out.
[2018/1/2 - 0:45:41] Benito Martinelli has logged in.
[2018/1/2 - 0:45:49] Bobby Swagger has withdrawn a Desert Eagle from the weapon locker (Cost: 10)
[2018/1/2 - 0:59:04] Dwight Silvetti has logged in.
[2018/1/2 - 1:06:11] Dwight Silvetti has withdrawn a Shotgun from the weapon locker (Cost: 5)
[2018/1/2 - 1:13:03] Ben Kenobi (1000516924) accepted Marshal Alexis Sundawn's (1000513080) invite to join Tierra Robada Liberation Front (37).
[2018/1/2 - 1:13:27] Billy Greaves has logged out.
[2018/1/2 - 1:13:47] Bobby Swagger has logged out.
[2018/1/2 - 1:17:30] Marshal Robert Caber (1000215713) (rank 8) has given Ben Kenobi (1000516924) rank 4 (Sergeant) in Tierra Robada Liberation Fron
[2018/1/2 - 1:17:31] Marshal Robert Caber (1000215713) (rank 8) has given Ben Kenobi (1000516924) rank 5 (Lieutenant) in Tierra Robada Liberation Fr
[2018/1/2 - 1:18:29] Sergeant John Watts has lost connection.
[2018/1/2 - 1:18:44] John Watts has logged in.
[2018/1/2 - 1:28:55] Bobby Swagger has logged in.
[2018/1/2 - 1:29:23] Bobby Swagger has logged out.
[2018/1/2 - 1:33:32] Marshal Alexis Sundawn has lost connection.
[2018/1/2 - 1:33:50] Bobby Swagger has logged in.
[2018/1/2 - 1:34:09] Alexis Sundawn has logged in.
[2018/1/2 - 1:34:17] Bobby Swagger has logged out.
[2018/1/2 - 1:38:09] Alexis Sundawn (1000513080) has changed MOTD for make sure to go on fucking teamspeak, pw=nojews to: make sure to go on fucking
[2018/1/2 - 1:39:29] Alexis Sundawn (1000513080) has changed MOTD for Allies = none / Rivals = none / don't be retarded, RP at turf and post on the 
[2018/1/2 - 1:42:12] Alexis Sundawn (1000513080) has changed MOTD for Make sure to go on fucking teamspeak, PW=nojews / ask anyone for a discord inv
[2018/1/2 - 1:42:34] Alexis Sundawn (1000513080) has changed MOTD for Respond to back-up calls, and use your DAMN HEAD. to: Respond to back-up calls
[2018/1/2 - 1:43:06] Chad Castiglione has logged out.
[2018/1/2 - 1:47:07] Kiley Sesh Adams (1000530638) accepted Marshal Alexis Sundawn's (1000513080) invite to join Tierra Robada Liberation Front (37).
[2018/1/2 - 1:47:14] Marshal Alexis Sundawn (1000513080) (rank 8) has given Kiley Sesh Adams (1000530638) rank 2 (Private First Class) in Tierra Rob
[2018/1/2 - 1:56:41] Gordon Martinelli has logged out.
[2018/1/2 - 1:57:37] Kiley Sesh Adams has logged out.
[2018/1/2 - 1:57:40] Lieutenant Ben Kenobi has lost connection.
[2018/1/2 - 1:58:20] Jace Stryker has logged out.
[2018/1/2 - 1:58:23] Ben Kenobi has logged in.
[2018/1/2 - 2:01:04] Marshal Alexis Sundawn has lost connection.
[2018/1/2 - 2:02:01] Alexis Sundawn has logged in.
[2018/1/2 - 2:11:27] Lieutenant Ben Kenobi has lost connection.
[2018/1/2 - 2:12:03] Ben Kenobi has logged in.
[2018/1/2 - 2:15:45] Bobby Swagger has logged in.
[2018/1/2 - 2:16:41] Billy Greaves has logged in.
[2018/1/2 - 2:16:51] Lieutenant Ben Kenobi has lost connection.
[2018/1/2 - 2:17:33] Ben Kenobi has logged in.
[2018/1/2 - 2:17:34] Lewis Langley (156186) accepted Marshal Robert Caber's (1000215713) invite to join Tierra Robada Liberation Front (37).
[2018/1/2 - 2:18:02] Bobby Swagger has logged out.
[2018/1/2 - 2:18:17] Lieutenant Ben Kenobi has lost connection.
[2018/1/2 - 2:18:45] Ben Kenobi has logged in.
[2018/1/2 - 2:18:54] Bobby Swagger has logged in.
[2018/1/2 - 2:19:14] Bobby Swagger has logged out.
[2018/1/2 - 2:20:24] Lieutenant Ben Kenobi has lost connection.
[2018/1/2 - 2:21:55] Ben Kenobi has logged in.
[2018/1/2 - 2:24:28] Billy Greaves has logged out.
[2018/1/2 - 2:25:01] Billy Greaves has logged in.
[2018/1/2 - 2:27:23] Billy Greaves has logged out.
[2018/1/2 - 2:27:53] Dwight Silvetti has logged in.
[2018/1/2 - 2:28:11] Billy Greaves has logged in.
[2018/1/2 - 2:33:07] Adam Snowbeard (1000112995) accepted Grand Marshal Dwight Silvetti's (847669) invite to join Tierra Robada Liberation Front (37).
[2018/1/2 - 2:33:08] Grand Marshal Dwight Silvetti (847669) (rank 9) has given Adam Snowbeard (1000112995) rank 4 (Sergeant) in Tierra Robada Libera
[2018/1/2 - 2:33:23] Grand Marshal Dwight Silvetti (847669) has set Adam Snowbeard's (1000112995) division to VET in Tierra Robada Liberation Front 
[2018/1/2 - 2:34:40] Robert Caber has withdrawn a Shotgun from the weapon locker (Cost: 5)
[2018/1/2 - 2:35:06] Bobby Swagger has logged in.
[2018/1/2 - 2:35:14] Lieutenant Ben Kenobi has lost connection.
[2018/1/2 - 2:36:01] Ben Kenobi has logged in.
[2018/1/2 - 2:36:19] Lieutenant Ben Kenobi has lost connection.
[2018/1/2 - 2:38:11] Ben Kenobi has logged in.
[2018/1/2 - 2:38:55] Adam Snowbeard has withdrawn a Shotgun from the weapon locker (Cost: 5)
[2018/1/2 - 2:43:28] Bobby Swagger has logged out.
[2018/1/2 - 2:45:04] Bobby Swagger has logged in.
[2018/1/2 - 2:46:01] Ben Kenobi has logged out.
[2018/1/2 - 2:51:12] Doc Kanaan (38924) accepted Grand Marshal Dwight Silvetti's (847669) invite to join Tierra Robada Liberation Front (37).
[2018/1/2 - 2:51:15] Grand Marshal Dwight Silvetti (847669) (rank 9) has given Doc Kanaan (38924) rank 3 (Corporal) in Tierra Robada Liberation Fron
[2018/1/2 - 2:52:06] Billy Greaves has logged out.
[2018/1/2 - 2:56:39] Corporal Doc Kanaan has lost connection.
[2018/1/2 - 2:57:05] Sergeant John Watts has lost connection.
[2018/1/2 - 2:57:24] John Watts has logged in.
[2018/1/2 - 2:58:18] Billy Greaves has logged in.
[2018/1/2 - 2:58:38] Doc Kanaan has logged in.
[2018/1/2 - 3:10:44] Ben Kenobi has logged in.
[2018/1/2 - 3:15:07] Dwight Silvetti has logged out.
[2018/1/2 - 3:15:37] Dwight Silvetti has logged in.
[2018/1/2 - 3:16:14] Ben Kenobi has logged out.
[2018/1/2 - 3:16:31] Corporal Doc Kanaan has lost connection.
[2018/1/2 - 3:17:50] Doc Kanaan has logged in.
[2018/1/2 - 3:18:07] Ben Kenobi has logged in.
[2018/1/2 - 3:26:33] Corporal Doc Kanaan has lost connection.
[2018/1/2 - 3:27:16] Doc Kanaan has logged in.
[2018/1/2 - 3:30:52] Marshal Alexis Sundawn (rank 9) has offline uninvited Jace Stryker from Tierra Robada Liberation Front (37).
[2018/1/2 - 3:31:32] Marshal Alexis Sundawn (rank 9) has offline uninvited Chad Castiglione from Tierra Robada Liberation Front (37).
[2018/1/2 - 3:31:49] Marshal Alexis Sundawn (rank 9) has offline uninvited Gordon Martinelli from Tierra Robada Liberation Front (37).
[2018/1/2 - 3:34:46] Ben Kenobi has logged out.
[2018/1/2 - 3:42:06] Billy Greaves has logged out.
[2018/1/2 - 3:45:38] Corporal Doc Kanaan has lost connection.
[2018/1/2 - 3:47:16] Billy Greaves has logged in.
[2018/1/2 - 3:50:23] Gordon Martinelli (1000049917) accepted Marshal Alexis Sundawn's (1000513080) invite to join Tierra Robada Liberation Front (37).
[2018/1/2 - 3:50:27] Jace Stryker (1000227898) accepted Marshal Alexis Sundawn's (1000513080) invite to join Tierra Robada Liberation Front (37).
[2018/1/2 - 4:01:12] Toru Sato (1000023841) accepted Marshal Alexis Sundawn's (1000513080) invite to join Tierra Robada Liberation Front (37).
[2018/1/2 - 4:01:16] Bobby Swagger has logged out.
[2018/1/2 - 4:01:20] Marshal Alexis Sundawn (1000513080) (rank 8) has given Toru Sato (1000023841) rank 2 (Private First Class) in Tierra Robada Lib
[2018/1/2 - 4:01:53] Chad Castiglione (1000054176) accepted Marshal Alexis Sundawn's (1000513080) invite to join Tierra Robada Liberation Front (37).
[2018/1/2 - 4:13:40] Doc Kanaan has logged in.
[2018/1/2 - 4:14:44] Marshal Alexis Sundawn has lost connection.
[2018/1/2 - 4:16:57] Dwight Silvetti has logged out.
[2018/1/2 - 4:17:32] Chad Castiglione has logged out.
[2018/1/2 - 4:19:02] Chad Castiglione has logged in.
[2018/1/2 - 4:19:25] Robert Caber (1000215713) has made Robert Caber (1000215713) the leader of the Tierra Robada Liberation Front.
[2018/1/2 - 4:19:30] Grand Marshal Robert Caber (1000215713) (rank 9) has given Robert Caber (1000215713) rank 8 (Marshal) in Tierra Robada Liberati
[2018/1/2 - 4:25:42] Billy Greaves has logged out.
[2018/1/2 - 4:26:11] John Watts has logged out.
[2018/1/2 - 4:27:39] Billy Greaves has logged in.
[2018/1/2 - 4:49:56] Adam Snowbeard has logged in.
[2018/1/2 - 4:51:26] Adam Snowbeard has logged in.
[2018/1/2 - 4:51:48] Cruzio Demon has logged in.
[2018/1/2 - 4:52:50] Cruzio Demon has withdrawn a Silenced Colt .45 from the weapon locker (Cost: 5)
[2018/1/2 - 4:56:26] Chad Castiglione has logged out.
[2018/1/2 - 4:57:04] Chad Castiglione has logged in.
[2018/1/2 - 4:58:28] Chad Castiglione has logged out.
[2018/1/2 - 4:59:08] Chad Castiglione has logged in.
[2018/1/2 - 5:02:00] Chad Castiglione has logged out.
[2018/1/2 - 5:07:00] Recruit Gordon Martinelli has lost connection.
[2018/1/2 - 5:12:39] Gordon Martinelli has logged in.
[2018/1/2 - 5:30:57] Bobby Swagger has logged in.
[2018/1/2 - 5:32:16] Toru Sato has logged out.
[2018/1/2 - 5:36:50] Corporal Doc Kanaan has lost connection.
[2018/1/2 - 5:37:06] Bobby Swagger has logged out.
[2018/1/2 - 5:37:45] Recruit Gordon Martinelli has lost connection.
[2018/1/2 - 5:38:30] Gordon Martinelli has logged in.
[2018/1/2 - 5:38:55] Billy Greaves has logged out.
[2018/1/2 - 5:39:36] Billy Greaves has logged in.
[2018/1/2 - 5:43:25] Gordon Martinelli has logged out.
[2018/1/2 - 5:44:25] Gordon Martinelli has logged in.
[2018/1/2 - 5:47:07] Jace Stryker has logged out.
[2018/1/2 - 5:47:56] Adam Snowbeard has withdrawn a Silenced Colt .45 from the weapon locker (Cost: 5)
[2018/1/2 - 5:49:45] Cruzio Demon has logged out.
[2018/1/2 - 5:50:31] Adam Snowbeard has logged in.
[2018/1/2 - 5:54:57] Adam Snowbeard has withdrawn a Silenced Colt .45 from the weapon locker (Cost: 5)
[2018/1/2 - 6:00:49] Doc Kanaan has logged in.
[2018/1/2 - 6:11:57] Chad Castiglione has logged in.
[2018/1/2 - 6:12:17] Chad Castiglione has logged out.
[2018/1/2 - 6:13:05] Chad Castiglione has logged in.
[2018/1/2 - 6:13:09] Chad Castiglione has logged out.
[2018/1/2 - 6:15:36] Chad Castiglione has logged in.
[2018/1/2 - 6:19:57] Billy Greaves has logged out.
[2018/1/2 - 6:24:45] Billy Greaves has logged in.
[2018/1/2 - 6:29:15] Recruit Gordon Martinelli has lost connection.
[2018/1/2 - 6:29:49] Gordon Martinelli has logged in.
[2018/1/2 - 6:41:06] Gordon Martinelli (1000049917) has quit the Tierra Robada Liberation Front as a rank 0
[2018/1/2 - 6:41:06] Doc Kanaan has logged out.
[2018/1/2 - 6:42:22] Chad Castiglione has logged out.
[2018/1/2 - 6:42:51] Chad Castiglione has logged in.
[2018/1/2 - 7:09:25] Recruit Chad Castiglione has lost connection.
[2018/1/2 - 7:14:16] Chad Castiglione has logged in.
[2018/1/2 - 7:17:50] Chad Castiglione (1000054176) has quit the Tierra Robada Liberation Front as a rank 0
[2018/1/2 - 7:50:14] Billy Greaves has logged out.
[2018/1/2 - 7:51:49] Billy Greaves has logged in.
[2018/1/2 - 7:55:24] Jace Stryker has logged in.
[2018/1/2 - 7:56:55] Jace Stryker has logged out.
[2018/1/2 - 7:57:33] John Valdez has logged in.
[2018/1/2 - 8:06:24] John Valdez has logged out.
[2018/1/2 - 8:10:56] Billy Greaves has logged in.
[2018/1/2 - 8:19:01] Adam Snowbeard has logged in.
[2018/1/2 - 8:25:35] Adam Snowbeard has logged out.
[2018/1/2 - 8:45:54] John Valdez has logged in.
[2018/1/2 - 8:46:01] Billy Greaves has logged in.
[2018/1/2 - 9:37:58] John Valdez has logged out.
[2018/1/2 - 9:38:42] John Valdez has logged in.
[2018/1/2 - 9:51:25] John Valdez has logged out.
[2018/1/2 - 9:58:44] Lieutenant Billy Greaves has lost connection.
[2018/1/2 - 10:33:09] Billy Greaves has logged in.
[2018/1/2 - 10:48:12] Doc Kanaan has logged in.
[2018/1/2 - 10:55:11] Doc Kanaan has logged out.
[2018/1/2 - 11:01:34] Billy Greaves has deposited a M4A1 into the locker.
[2018/1/2 - 11:13:33] John Valdez has logged in.
[2018/1/2 - 11:13:37] John Watts has logged in.
[2018/1/2 - 11:38:18] John Valdez has logged out.
[2018/1/2 - 11:39:25] Billy Greaves has logged out.
[2018/1/2 - 11:50:57] John Valdez has logged in.
[2018/1/2 - 12:02:08] Sergeant John Watts has lost connection.
[2018/1/2 - 12:02:22] John Watts has logged in.
[2018/1/2 - 12:29:10] John Watts has logged in.
[2018/1/2 - 12:32:24] John Valdez has logged in.
[2018/1/2 - 12:35:32] John Watts has logged out.
[2018/1/2 - 12:35:59] John Watts has logged in.
[2018/1/2 - 12:37:21] Cruzio Demon has logged in.
[2018/1/2 - 13:17:45] John Valdez has logged out.
[2018/1/2 - 13:29:30] Cruzio Demon has logged out.
[2018/1/2 - 13:30:07] Cruzio Demon has logged in.
[2018/1/2 - 13:30:39] John Watts has logged out.
[2018/1/2 - 13:30:53] Doc Kanaan has logged in.
[2018/1/2 - 13:49:33] John Watts has logged in.
[2018/1/2 - 13:59:28] John Watts has logged out.
[2018/1/2 - 14:02:30] Cruzio Demon has logged out.
[2018/1/2 - 14:17:25] Adam Snowbeard has logged in.
[2018/1/2 - 14:21:21] Adam Snowbeard has logged out.
[2018/1/2 - 15:04:10] Dwight Silvetti has logged in.
[2018/1/2 - 15:05:10] Larry Wrzosek (1000280398) accepted Grand Marshal Dwight Silvetti's (847669) invite to join Tierra Robada Liberation Front (37).
[2018/1/2 - 15:05:12] Grand Marshal Dwight Silvetti (847669) (rank 9) has given Larry Wrzosek (1000280398) rank 7 (Major) in Tierra Robada Liberation
[2018/1/2 - 15:05:19] Grand Marshal Dwight Silvetti (847669) has set Larry Wrzosek's (1000280398) division to VET in Tierra Robada Liberation Front (
[2018/1/2 - 15:08:11] Robert Caber (1000215713) has made Robert Caber (1000215713) the leader of the Tierra Robada Liberation Front.
[2018/1/2 - 15:08:21] Grand Marshal Robert Caber (1000215713) (rank 9) has given Robert Caber (1000215713) rank 8 (Marshal) in Tierra Robada Liberati
[2018/1/2 - 15:08:29] Marshal Robert Caber (1000215713) has set Robert Caber's (1000215713) division to K続 in Tierra Robada Liberation Front (37).
[2018/1/2 - 15:11:15] John Valdez has logged in.
[2018/1/2 - 15:14:01] Dwight Silvetti has withdrawn a Shotgun from the weapon locker (Cost: 5)
[2018/1/2 - 15:15:32] Grand Marshal Dwight Silvetti (847669) (rank 9) has given John Valdez (1000499450) rank 4 (Sergeant) in Tierra Robada Liberatio
[2018/1/2 - 15:16:27] John Watts has logged in.
[2018/1/2 - 15:33:07] Cruzio Demon has logged in.
[2018/1/2 - 15:36:09] Grand Marshal Dwight Silvetti (847669) (rank 9) has given Cruzio Demon (1000336769) rank 2 (Private First Class) in Tierra Roba
[2018/1/2 - 15:38:37] Kevin Kush (1000071051) has made Kevin Kush (1000071051) the leader of the Tierra Robada Liberation Front.
[2018/1/2 - 15:39:16] Toru Sato has logged in.
[2018/1/2 - 15:43:05] Robert Caber (1000215713) has made Robert Caber (1000215713) the leader of the Tierra Robada Liberation Front.
[2018/1/2 - 15:48:49] Doc Kanaan (38924) has quit the Tierra Robada Liberation Front as a rank 3
[2018/1/2 - 15:53:23] Robert Caber (1000215713) has made Robert Caber (1000215713) the leader of the Tierra Robada Liberation Front.
[2018/1/2 - 15:56:06] Mark Murphy (1000625289) accepted Grand Marshal Dwight Silvetti's (847669) invite to join Tierra Robada Liberation Front (37).
[2018/1/2 - 15:56:11] Grand Marshal Dwight Silvetti (847669) (rank 9) has given Mark Murphy (1000625289) rank 2 (Private First Class) in Tierra Robad
[2018/1/2 - 16:39:15] Kevin Kush (1000071051) has made Kevin Kush (1000071051) the leader of the Tierra Robada Liberation Front.
[2018/1/2 - 16:46:09] Mark Murphy has logged out.
[2018/1/2 - 16:48:37] Mark Murphy has logged in.
[2018/1/2 - 16:55:52] Grand Marshal Robert Caber (1000215713) (rank 9) has given Robert Caber (1000215713) rank 8 (Marshal) in Tierra Robada Liberati
[2018/1/2 - 16:55:55] Marshal Robert Caber (1000215713) has set Robert Caber's (1000215713) division to K続 in Tierra Robada Liberation Front (37).
[2018/1/2 - 16:59:56] Grand Marshal Dwight Silvetti (847669) (rank 9) has uninvited Robert Caber (1000215713) (rank 8) from Tierra Robada Liberation 
[2018/1/2 - 17:00:38] Dwight Silvetti has logged out.
[2018/1/2 - 17:05:49] John Valdez has logged out.
[2018/1/2 - 17:13:40] Robert Caber has deposited $7000 into the safe.
[2018/1/2 - 17:25:58] Alexis Sundawn has logged in.
[2018/1/2 - 17:26:04] John Valdez has logged in.
[2018/1/2 - 17:30:54] Marshal Alexis Sundawn (1000513080) (rank 8) has given John Valdez (1000499450) rank 4 (Sergeant) in Tierra Robada Liberation F
[2018/1/2 - 17:30:55] Marshal Alexis Sundawn (1000513080) (rank 8) has given John Valdez (1000499450) rank 5 (Lieutenant) in Tierra Robada Liberation
[2018/1/2 - 17:34:55] Toru Sato has logged out.
[2018/1/2 - 17:41:07] Mark Murphy has logged out.
[2018/1/2 - 17:43:55] Larry Wrzosek has logged out.
[2018/1/2 - 17:44:33] Larry Wrzosek has logged in.
[2018/1/2 - 17:45:09] Larry Wrzosek (1000280398) has quit the Tierra Robada Liberation Front as a rank 7
[2018/1/2 - 17:48:20] Alexis Sundawn has logged out.
[2018/1/2 - 17:56:12] John Valdez has logged out.
[2018/1/2 - 17:56:50] John Valdez has logged in.
[2018/1/2 - 18:01:52] John Watts has deposited 1 materials into the safe.
[2018/1/2 - 18:21:49] Kevin Kush (1000071051) has made Kevin Kush (1000071051) the leader of the Tierra Robada Liberation Front.
[2018/1/2 - 18:24:33] Benzene Demon has logged in.
[2018/1/2 - 18:49:25] Mark Murphy has logged in.
[2018/1/2 - 19:01:25] John Watts has logged out.
[2018/1/2 - 19:04:10] Benzene Demon has logged out.
[2018/1/2 - 19:04:13] John Valdez has logged out.
[2018/1/2 - 19:42:04] Mark Murphy has logged out.
[2018/1/2 - 19:44:34] John Valdez has logged in.
[2018/1/2 - 19:45:03] Cruzio Demon has logged out.
[2018/1/2 - 19:45:13] John Valdez has logged out.
[2018/1/2 - 20:05:30] Mark Murphy has logged in.
[2018/1/2 - 20:30:48] Mark Murphy has logged out.
[2018/1/2 - 20:41:37] Ben Kenobi has logged in.
[2018/1/2 - 20:48:10] Ben Kenobi has logged out.
[2018/1/2 - 21:37:07] Billy Greaves has logged in.
[2018/1/2 - 21:41:55] Billy Greaves has logged out.
[2018/1/2 - 21:43:21] Billy Greaves has logged in.
[2018/1/2 - 22:07:35] Billy Greaves (1000147807) has quit the Tierra Robada Liberation Front as a rank 5
[2018/1/2 - 22:08:10] Mark Murphy has logged in.
[2018/1/2 - 22:16:35] Ben Kenobi has logged in.
[2018/1/2 - 22:23:39] Ben Kenobi has logged out.
