[2018/1/24 - 0:00:02] Larry Wooden Bear (1000098139) accepted Emir Erick Diablo's (1000218786) invite to join Islamic Society in San Andreas (30).
[2018/1/24 - 0:00:07] Emir Erick Diablo (1000218786) (rank 8) has given Larry Wooden Bear (1000098139) rank 2 (Radical) in Islamic Society in San And
[2018/1/24 - 0:00:15] Titus Styles (10793) accepted Emir Erick Diablo's (1000218786) invite to join Islamic Society in San Andreas (30).
[2018/1/24 - 0:00:25] Emir Erick Diablo (1000218786) (rank 8) has given Titus Styles (10793) rank 2 (Radical) in Islamic Society in San Andreas (30).
[2018/1/24 - 0:01:34] Erick Diablo has withdrawn a Desert Eagle from the weapon locker (Cost: 5)
[2018/1/24 - 0:01:41] Titus Styles has withdrawn a Desert Eagle from the weapon locker (Cost: 5)
[2018/1/24 - 0:01:46] Erick Diablo has withdrawn 30 grams of Meth from the safe.
[2018/1/24 - 0:02:15] Titus Styles has withdrawn a Shotgun from the weapon locker (Cost: 3)
[2018/1/24 - 0:02:31] Erick Diablo has withdrawn a SPAS-12 from the weapon locker (Cost: 30)
[2018/1/24 - 0:10:43] Erick Diablo has authorized Titus Styles to withdraw a AK-47 from the weapon locker (Cost: 10)
[2018/1/24 - 0:12:36] Kobe Mece (1000088591) accepted Emir Erick Diablo's (1000218786) invite to join Islamic Society in San Andreas (30).
[2018/1/24 - 0:14:06] Emir Erick Diablo (1000218786) (rank 8) has given Kobe Mece (1000088591) rank 1 (Islamist) in Islamic Society in San Andreas (3
[2018/1/24 - 0:14:08] Emir Erick Diablo (1000218786) (rank 8) has given Kobe Mece (1000088591) rank 2 (Radical) in Islamic Society in San Andreas (30
[2018/1/24 - 0:23:39] Administrator Spencer Jameson has group-banned Larry Wooden Bear (1000098139) from Islamic Society in San Andreas (29)
[2018/1/24 - 0:23:56] Administrator Spencer Jameson has group-banned Titus Styles (10793) from Islamic Society in San Andreas (29)
[2018/1/24 - 0:25:03] Titus Styles (10793) accepted Emir Erick Diablo's (1000218786) invite to join Islamic Society in San Andreas (30).
[2018/1/24 - 0:27:37] Larry Wooden Bear (1000098139) accepted Emir Erick Diablo's (1000218786) invite to join Islamic Society in San Andreas (30).
[2018/1/24 - 0:27:41] Emir Erick Diablo (1000218786) (rank 8) has given Larry Wooden Bear (1000098139) rank 2 (Radical) in Islamic Society in San And
[2018/1/24 - 0:27:43] Emir Erick Diablo (1000218786) (rank 8) has given Titus Styles (10793) rank 2 (Radical) in Islamic Society in San Andreas (30).
[2018/1/24 - 0:31:11] Larry Wooden Bear has logged out.
[2018/1/24 - 0:31:44] Titus Styles has logged out.
[2018/1/24 - 0:33:47] Lucas Wick has withdrawn a Desert Eagle from the weapon locker (Cost: 5)
[2018/1/24 - 0:35:07] Administrator Kobe Mece has group-kicked Kobe Mece (1000088591) from Islamic Society in San Andreas (30)
[2018/1/24 - 1:01:14] Lucas Wick has logged out.
[2018/1/24 - 1:22:33] Mike Ainscough has logged out.
[2018/1/24 - 1:23:26] Emir Erick Diablo (1000218786) (rank 8) has given Lucas Wick (1000627474) rank 3 (Guerrilla Fighter) in Islamic Society in San 
[2018/1/24 - 1:23:33] Bryant Gucci Cobra (1000627507) has quit the Islamic Society in San Andreas as a rank 1
[2018/1/24 - 1:25:00] Emir Erick Diablo has lost connection.
[2018/1/24 - 1:27:03] Lucas Wick has logged out.
[2018/1/24 - 1:40:46] Greg Ross has withdrawn a Desert Eagle from the weapon locker (Cost: 5)
[2018/1/24 - 1:43:26] Frankie Glasscock has logged out.
[2018/1/24 - 1:49:24] Greg Ross has logged out.
[2018/1/24 - 2:06:47] Doc Kanaan (38924) has made Doc Kanaan (38924) the leader of the Islamic Society in San Andreas.
[2018/1/24 - 2:16:13] Frankie Glasscock has logged out.
[2018/1/24 - 2:36:36] Sammy Wing has logged out.
[2018/1/24 - 2:36:45] Doc Kanaan has logged out.
[2018/1/24 - 3:01:02] Erick Diablo has adjusted the withdraw rank for item 1 to 8.
[2018/1/24 - 3:01:08] Erick Diablo has withdrawn 22620 materials from the safe.
[2018/1/24 - 3:01:16] Erick Diablo has withdrawn 203382 materials from the safe.
[2018/1/24 - 3:01:22] Erick Diablo has deposited 1000 materials into the safe.
[2018/1/24 - 3:01:43] Erick Diablo has withdrawn a Desert Eagle from the weapon locker (Cost: 5)
[2018/1/24 - 3:01:44] Erick Diablo has withdrawn a SPAS-12 from the weapon locker (Cost: 30)
[2018/1/24 - 3:01:46] Erick Diablo has withdrawn a M4A1 from the weapon locker (Cost: 20)
[2018/1/24 - 3:01:47] Erick Diablo has withdrawn a Sniper Rifle from the weapon locker (Cost: 40)
[2018/1/24 - 3:03:27] Hachiro H Fukuda (1000626831) accepted Emir Erick Diablo's (1000218786) invite to join Islamic Society in San Andreas (30).
[2018/1/24 - 3:05:13] Hachiro H Fukuda has logged out.
[2018/1/24 - 3:15:03] Emir Erick Diablo (1000218786) (rank 8) has given Eric Diablo (1000627477) rank 8 (Emir) in Islamic Society in San Andreas (30)
[2018/1/24 - 3:18:10] Eric Diablo (1000627477) has quit the Islamic Society in San Andreas as a rank 8
[2018/1/24 - 3:18:20] Eric Diablo (1000627477) accepted Emir Erick Diablo's (1000218786) invite to join Islamic Society in San Andreas (30).
[2018/1/24 - 3:18:24] Emir Erick Diablo (1000218786) (rank 8) has given Eric Diablo (1000627477) rank 4 (Jihadist) in Islamic Society in San Andreas 
[2018/1/24 - 3:18:28] Erick Diablo has authorized Hachiro H Fukuda to withdraw a Desert Eagle from the weapon locker (Cost: 5)
[2018/1/24 - 3:18:30] Eric Diablo has logged out.
[2018/1/24 - 3:22:14] Erick Diablo has withdrawn 1000 grams of Pot from the safe.
[2018/1/24 - 3:22:24] Erick Diablo has withdrawn 500 grams of Heroin from the safe.
[2018/1/24 - 3:22:28] Erick Diablo has withdrawn 200 grams of Meth from the safe.
[2018/1/24 - 3:22:32] Erick Diablo has withdrawn 500 grams of Crack from the safe.
[2018/1/24 - 3:45:07] Erick Diablo has withdrawn a Desert Eagle from the weapon locker (Cost: 5)
[2018/1/24 - 3:45:09] Erick Diablo has withdrawn a M4A1 from the weapon locker (Cost: 20)
[2018/1/24 - 3:45:11] Erick Diablo has withdrawn a SPAS-12 from the weapon locker (Cost: 30)
[2018/1/24 - 3:45:12] Erick Diablo has withdrawn a Sniper Rifle from the weapon locker (Cost: 40)
[2018/1/24 - 3:45:18] Erick Diablo has withdrawn 150 grams of Ecstasy from the safe.
[2018/1/24 - 3:56:49] Josh Vikouri Montage (1000625925) accepted Emir Erick Diablo's (1000218786) invite to join Islamic Society in San Andreas (30).
[2018/1/24 - 3:58:19] Doc Kanaan has logged in.
[2018/1/24 - 4:00:45] Erick Diablo has withdrawn 1000 grams of Heroin from the safe.
[2018/1/24 - 4:00:50] Erick Diablo has withdrawn 1000 grams of Meth from the safe.
[2018/1/24 - 4:00:54] Erick Diablo has withdrawn 500 grams of Ecstasy from the safe.
[2018/1/24 - 4:00:58] Erick Diablo has withdrawn 2000 grams of Crack from the safe.
[2018/1/24 - 4:01:03] Erick Diablo has withdrawn 2000 grams of Pot from the safe.
[2018/1/24 - 4:01:23] Erick Diablo has withdrawn 2000 grams of Crack from the safe.
[2018/1/24 - 4:01:29] Erick Diablo has withdrawn 260 grams of Meth from the safe.
[2018/1/24 - 4:01:37] Erick Diablo has withdrawn 200 grams of Ecstasy from the safe.
[2018/1/24 - 4:01:41] Erick Diablo has withdrawn 125 grams of Heroin from the safe.
[2018/1/24 - 4:01:49] Erick Diablo has authorized Josh Vikouri Montage to withdraw a SPAS-12 from the weapon locker (Cost: 30)
[2018/1/24 - 4:01:51] Emir Erick Diablo (1000218786) (rank 8) has given Josh Vikouri Montage (1000625925) rank 3 (Guerrilla Fighter) in Islamic Socie
[2018/1/24 - 4:02:07] Emir Erick Diablo (1000218786) has set Josh Vikouri Montage's (1000625925) division to Finances in Islamic Society in San Andre
[2018/1/24 - 4:02:46] Erick Diablo has logged out.
[2018/1/24 - 4:04:25] Josh Vikouri Montage has withdrawn a Desert Eagle from the weapon locker (Cost: 5)
[2018/1/24 - 4:04:42] Josh Vikouri Montage has withdrawn a Shotgun from the weapon locker (Cost: 3)
[2018/1/24 - 4:07:46] Josh Vikouri Montage has logged out.
[2018/1/24 - 4:17:11] Hachiro H Fukuda has logged out.
[2018/1/24 - 5:10:59] Zico Neyaka has withdrawn a Desert Eagle from the weapon locker (Cost: 5)
[2018/1/24 - 5:17:34] Zico Neyaka has withdrawn a Desert Eagle from the weapon locker (Cost: 5)
[2018/1/24 - 5:17:45] Zico Neyaka has logged out.
[2018/1/24 - 5:20:33] Islamist Zico Neyaka has lost connection.
[2018/1/24 - 5:23:03] Islamist Zico Neyaka has lost connection.
[2018/1/24 - 5:45:36] Zico Neyaka has logged out.
[2018/1/24 - 5:47:45] Zico Neyaka has logged out.
[2018/1/24 - 5:52:18] Zico Neyaka has logged out.
[2018/1/24 - 5:54:52] Josh Vikouri Montage has withdrawn a Desert Eagle from the weapon locker (Cost: 5)
[2018/1/24 - 5:54:56] Josh Vikouri Montage has withdrawn a Shotgun from the weapon locker (Cost: 3)
[2018/1/24 - 5:55:12] Josh Vikouri Montage has withdrawn a Desert Eagle from the weapon locker (Cost: 5)
[2018/1/24 - 5:56:19] Josh Vikouri Montage has withdrawn a Desert Eagle from the weapon locker (Cost: 5)
[2018/1/24 - 5:56:39] Josh Vikouri Montage has withdrawn a Shotgun from the weapon locker (Cost: 3)
[2018/1/24 - 6:12:04] Lucas Wick has withdrawn a Desert Eagle from the weapon locker (Cost: 5)
[2018/1/24 - 6:15:00] Josh Vikouri Montage has withdrawn a Desert Eagle from the weapon locker (Cost: 5)
[2018/1/24 - 6:15:02] Josh Vikouri Montage has withdrawn a Shotgun from the weapon locker (Cost: 3)
[2018/1/24 - 6:16:16] Hachiro H Fukuda (1000626831) has quit the Islamic Society in San Andreas as a rank 0
[2018/1/24 - 6:25:24] Lucas Wick has withdrawn a Desert Eagle from the weapon locker (Cost: 5)
[2018/1/24 - 6:40:27] Franco Louis has logged out.
[2018/1/24 - 6:45:17] Lucas Wick has withdrawn a Desert Eagle from the weapon locker (Cost: 5)
[2018/1/24 - 6:45:23] Lucas Wick has withdrawn a Shotgun from the weapon locker (Cost: 3)
[2018/1/24 - 6:52:08] Josh Vikouri Montage has logged out.
[2018/1/24 - 6:57:44] Josh Vikouri Montage has logged out.
[2018/1/24 - 7:04:49] Josh Vikouri Montage has logged out.
[2018/1/24 - 7:05:55] Josh Vikouri Montage has withdrawn a Desert Eagle from the weapon locker (Cost: 5)
[2018/1/24 - 7:05:57] Josh Vikouri Montage has withdrawn a Shotgun from the weapon locker (Cost: 3)
[2018/1/24 - 7:07:10] Guerrilla Fighter Josh Vikouri Montage has lost connection.
[2018/1/24 - 7:24:14] Josh Vikouri Montage has logged out.
[2018/1/24 - 7:34:28] Lucas Wick has withdrawn a Desert Eagle from the weapon locker (Cost: 5)
[2018/1/24 - 7:42:51] Lucas Wick has logged out.
[2018/1/24 - 7:45:15] Guerrilla Fighter Simon Payne has lost connection.
[2018/1/24 - 7:53:46] Asiah Maiden Rizal has logged out.
[2018/1/24 - 8:05:54] Zico Neyaka has logged out.
[2018/1/24 - 8:10:30] Simon Payne has logged out.
[2018/1/24 - 8:11:41] Asiah Maiden Rizal has logged out.
[2018/1/24 - 8:12:47] Chris Hemsworth has logged out.
[2018/1/24 - 8:14:25] Chris Hemsworth has logged out.
[2018/1/24 - 8:21:43] Asiah Maiden Rizal has withdrawn a Desert Eagle from the weapon locker (Cost: 5)
[2018/1/24 - 8:21:45] Asiah Maiden Rizal has withdrawn a Shotgun from the weapon locker (Cost: 3)
[2018/1/24 - 8:26:31] Max Radcliffe has logged out.
[2018/1/24 - 8:27:46] Asiah Maiden Rizal has logged out.
[2018/1/24 - 8:29:07] Max Radcliffe has logged out.
[2018/1/24 - 8:41:07] Islamist Asiah Maiden Rizal has lost connection.
[2018/1/24 - 8:42:11] Asiah Maiden Rizal has logged out.
[2018/1/24 - 8:46:30] Islamist Asiah Maiden Rizal has lost connection.
[2018/1/24 - 8:48:37] Asiah Maiden Rizal has logged out.
[2018/1/24 - 8:57:43] Asiah Maiden Rizal has logged out.
[2018/1/24 - 9:00:30] Islamist Asiah Maiden Rizal has lost connection.
[2018/1/24 - 9:00:41] Max Radcliffe has logged out.
[2018/1/24 - 9:02:03] Guerrilla Fighter Nick Chains has lost connection.
[2018/1/24 - 9:02:08] Josh Vikouri Montage has logged out.
[2018/1/24 - 9:04:59] Josh Vikouri Montage has logged out.
[2018/1/24 - 9:06:06] Islamist Elliot Ackerman has lost connection.
[2018/1/24 - 9:07:10] Asiah Maiden Rizal has logged out.
[2018/1/24 - 9:10:30] Asiah Maiden Rizal has logged out.
[2018/1/24 - 9:11:52] Asiah Maiden Rizal has logged out.
[2018/1/24 - 9:13:15] Elliot Ackerman has logged out.
[2018/1/24 - 9:15:21] Islamist Asiah Maiden Rizal has lost connection.
[2018/1/24 - 9:19:54] Chris Hemsworth has logged out.
[2018/1/24 - 9:28:41] Asiah Maiden Rizal has logged out.
[2018/1/24 - 9:29:49] Asiah Maiden Rizal has logged out.
[2018/1/24 - 9:33:15] Islamist Bernard Griffin has lost connection.
[2018/1/24 - 9:33:32] Asiah Maiden Rizal has withdrawn a Desert Eagle from the weapon locker (Cost: 5)
[2018/1/24 - 9:33:33] Asiah Maiden Rizal has withdrawn a Shotgun from the weapon locker (Cost: 3)
[2018/1/24 - 9:37:57] Guerrilla Fighter Simon Payne has lost connection.
[2018/1/24 - 9:38:18] Nick Chains has logged out.
[2018/1/24 - 9:39:33] Radical Franco Louis has lost connection.
[2018/1/24 - 9:41:49] Franco Louis has withdrawn a Desert Eagle from the weapon locker (Cost: 5)
[2018/1/24 - 9:43:12] Asiah Maiden Rizal has logged out.
[2018/1/24 - 9:56:08] Max Radcliffe has logged out.
[2018/1/24 - 9:57:54] Simon Payne has logged out.
[2018/1/24 - 10:23:56] Islamist Skan Soze has lost connection.
[2018/1/24 - 10:24:34] Islamist Skan Soze has lost connection.
[2018/1/24 - 10:28:53] Skan Soze has logged out.
[2018/1/24 - 10:34:39] Franco Louis has withdrawn a Desert Eagle from the weapon locker (Cost: 5)
[2018/1/24 - 10:39:13] Denver Pereira has logged out.
[2018/1/24 - 10:45:56] Zyana Dios Bishop has logged out.
[2018/1/24 - 10:49:28] Guerrilla Fighter Chris Hemsworth has lost connection.
[2018/1/24 - 10:58:54] Franco Louis has logged out.
[2018/1/24 - 11:06:55] Simon Payne has logged out.
[2018/1/24 - 11:08:38] Guerrilla Fighter Josh Vikouri Montage has lost connection.
[2018/1/24 - 11:09:10] Josh Vikouri Montage has logged out.
[2018/1/24 - 11:29:21] Islamist Akihiko Akemi has lost connection.
[2018/1/24 - 11:40:51] Islamist Bernard Griffin has lost connection.
[2018/1/24 - 11:57:45] Jihadist Zyana Dios Bishop has lost connection.
[2018/1/24 - 11:59:57] Hatake T Takahashi has withdrawn a Desert Eagle from the weapon locker (Cost: 5)
[2018/1/24 - 12:03:04] Max Radcliffe has logged out.
[2018/1/24 - 12:10:11] Akihiko Akemi has logged out.
[2018/1/24 - 12:10:11] Hatake T Takahashi has logged out.
[2018/1/24 - 12:12:41] Tony Roxx has withdrawn a Desert Eagle from the weapon locker (Cost: 5)
[2018/1/24 - 12:12:43] Tony Roxx has withdrawn a Shotgun from the weapon locker (Cost: 3)
[2018/1/24 - 12:14:34] Josh Vikouri Montage has logged out.
[2018/1/24 - 12:14:55] Guerrilla Fighter Chris Hemsworth has lost connection.
[2018/1/24 - 12:19:34] Tony Roxx has logged out.
[2018/1/24 - 12:21:27] Guerrilla Fighter Chris Hemsworth has lost connection.
[2018/1/24 - 12:21:40] Josh Vikouri Montage has logged out.
[2018/1/24 - 12:34:30] Zyana Dios Bishop has withdrawn a Shotgun from the weapon locker (Cost: 3)
[2018/1/24 - 12:34:31] Zyana Dios Bishop has withdrawn a Desert Eagle from the weapon locker (Cost: 5)
[2018/1/24 - 12:47:02] Bernard Griffin has logged out.
[2018/1/24 - 12:51:15] Chris Hemsworth has logged out.
[2018/1/24 - 12:51:54] Zyana Dios Bishop has withdrawn a Desert Eagle from the weapon locker (Cost: 5)
[2018/1/24 - 12:51:55] Zyana Dios Bishop has withdrawn a Shotgun from the weapon locker (Cost: 3)
[2018/1/24 - 12:52:16] Jihadist Zyana Dios Bishop has lost connection.
[2018/1/24 - 13:06:15] Franco Louis has logged out.
[2018/1/24 - 13:19:38] Max Radcliffe (1000624842) has quit the Islamic Society in San Andreas as a rank 1
[2018/1/24 - 13:20:52] Simon Payne has logged out.
[2018/1/24 - 13:33:06] Chris Hemsworth has logged out.
[2018/1/24 - 13:42:52] Islamist Bernard Griffin has lost connection.
[2018/1/24 - 13:47:10] Simon Payne has logged out.
[2018/1/24 - 13:54:51] Denver Pereira has logged out.
[2018/1/24 - 14:04:55] Jihadist Zyana Dios Bishop has lost connection.
[2018/1/24 - 14:10:44] Zyana Dios Bishop has withdrawn a Desert Eagle from the weapon locker (Cost: 5)
[2018/1/24 - 14:10:45] Zyana Dios Bishop has withdrawn a Shotgun from the weapon locker (Cost: 3)
[2018/1/24 - 14:35:52] Vladmir Glasscock has logged out.
[2018/1/24 - 14:39:39] Guerrilla Fighter Simon Payne has lost connection.
[2018/1/24 - 14:42:20] Franco Louis has logged out.
[2018/1/24 - 14:53:30] Zyana Dios Bishop has logged out.
[2018/1/24 - 15:45:43] Bernard Griffin has logged out.
[2018/1/24 - 16:03:17] Simon Payne has logged out.
[2018/1/24 - 16:07:16] Daniel Jr Sato has logged out.
[2018/1/24 - 16:14:31] Guerrilla Fighter Chris Hemsworth has lost connection.
[2018/1/24 - 16:14:44] Franco Louis has withdrawn a Desert Eagle from the weapon locker (Cost: 5)
[2018/1/24 - 16:39:17] Bernard Griffin has logged out.
[2018/1/24 - 16:42:13] Franco Louis has logged out.
[2018/1/24 - 16:52:21] Chris Hemsworth has logged out.
[2018/1/24 - 16:55:01] Darius Esperto has logged out.
[2018/1/24 - 17:24:23] Elliot Ackerman has logged out.
[2018/1/24 - 17:37:05] Elliot Ackerman has withdrawn a Desert Eagle from the weapon locker (Cost: 5)
[2018/1/24 - 17:37:06] Elliot Ackerman has withdrawn a Shotgun from the weapon locker (Cost: 3)
[2018/1/24 - 17:43:36] Elliot Ackerman has withdrawn a Desert Eagle from the weapon locker (Cost: 5)
[2018/1/24 - 17:43:40] Elliot Ackerman has withdrawn a Shotgun from the weapon locker (Cost: 3)
[2018/1/24 - 17:44:45] Tazz Buenoh has withdrawn a Desert Eagle from the weapon locker (Cost: 5)
[2018/1/24 - 17:51:04] Tazz Buenoh has logged out.
[2018/1/24 - 18:08:38] Elliot Ackerman has withdrawn a Desert Eagle from the weapon locker (Cost: 5)
[2018/1/24 - 18:08:39] Elliot Ackerman has withdrawn a Shotgun from the weapon locker (Cost: 3)
[2018/1/24 - 18:10:51] Simon Payne is now off duty and earned $350
[2018/1/24 - 18:11:57] Guerrilla Fighter Chris Hemsworth has lost connection.
[2018/1/24 - 18:14:35] Elliot Ackerman has logged out.
[2018/1/24 - 18:20:29] Simon Payne has logged out.
[2018/1/24 - 18:22:57] Council Commander Matt Fazzolari has lost connection.
[2018/1/24 - 18:25:31] Matt Fazzolari has withdrawn a Desert Eagle from the weapon locker (Cost: 5)
[2018/1/24 - 18:25:34] Matt Fazzolari has withdrawn a SPAS-12 from the weapon locker (Cost: 30)
[2018/1/24 - 18:26:33] Lei Dios Fuyu has logged out.
[2018/1/24 - 18:29:37] Matt Fazzolari has authorized Tazz Buenoh to withdraw a SPAS-12 from the weapon locker (Cost: 30)
[2018/1/24 - 18:29:51] Matt Fazzolari has authorized Elliot Ackerman to withdraw a M4A1 from the weapon locker (Cost: 20)
[2018/1/24 - 18:30:29] Matt Fazzolari has authorized Greg Ross to withdraw a MP5 from the weapon locker (Cost: 5)
[2018/1/24 - 18:31:40] Chris Hemsworth has logged out.
[2018/1/24 - 18:35:22] Tazz Buenoh (1000622726) has quit the Islamic Society in San Andreas as a rank 2
[2018/1/24 - 18:37:44] Greg Ross (1000626346) has quit the Islamic Society in San Andreas as a rank 3
[2018/1/24 - 18:41:01] Elliot Ackerman has logged out.
[2018/1/24 - 18:43:29] Vladmir Woodcock has logged out.
[2018/1/24 - 18:54:25] Erick Diablo has deposited 500 grams of Heroin into the safe.
[2018/1/24 - 19:01:55] Max Radcliffe (1000624842) accepted Emir Erick Diablo's (1000218786) invite to join Islamic Society in San Andreas (30).
[2018/1/24 - 19:02:16] Convert Max Radcliffe has lost connection.
[2018/1/24 - 19:07:06] Emir Erick Diablo has lost connection.
[2018/1/24 - 19:09:32] Council Commander Matt Fazzolari has lost connection.
[2018/1/24 - 19:12:23] Daniel Jr Sato has withdrawn a Desert Eagle from the weapon locker (Cost: 5)
[2018/1/24 - 19:16:39] Matt Fazzolari has logged out.
[2018/1/24 - 19:18:46] Max Radcliffe has logged out.
[2018/1/24 - 19:27:21] Daniel Jr Sato has withdrawn a Desert Eagle from the weapon locker (Cost: 5)
[2018/1/24 - 19:33:06] Simon Payne has logged out.
[2018/1/24 - 19:33:14] Daniel Jr Sato has logged out.
[2018/1/24 - 19:43:56] Council Commander Matt Fazzolari has lost connection.
[2018/1/24 - 19:44:24] Emir Erick Diablo has lost connection.
[2018/1/24 - 19:44:36] Council Commander Matt Fazzolari has lost connection.
[2018/1/24 - 19:47:40] Matt Fazzolari has logged out.
[2018/1/24 - 19:50:42] Nick Chains has logged out.
[2018/1/24 - 19:51:37] Chris Hemsworth has logged out.
[2018/1/24 - 19:57:55] Max Radcliffe has logged out.
[2018/1/24 - 20:05:59] Erick Diablo has withdrawn a Desert Eagle from the weapon locker (Cost: 5)
[2018/1/24 - 20:06:01] Erick Diablo has withdrawn a SPAS-12 from the weapon locker (Cost: 30)
[2018/1/24 - 20:06:05] Erick Diablo has withdrawn a Sniper Rifle from the weapon locker (Cost: 40)
[2018/1/24 - 20:06:06] Erick Diablo has withdrawn a M4A1 from the weapon locker (Cost: 20)
[2018/1/24 - 20:08:06] Vladmir Woodcock has logged out.
[2018/1/24 - 20:12:44] Denver Pereira has withdrawn a Desert Eagle from the weapon locker (Cost: 5)
[2018/1/24 - 20:19:46] Guerrilla Fighter Simon Payne has lost connection.
[2018/1/24 - 20:25:25] Gather Wooth has logged out.
[2018/1/24 - 20:26:08] Gather Wooth has logged out.
[2018/1/24 - 20:34:12] Gather Wooth has logged out.
[2018/1/24 - 20:37:31] Denver Pereira has logged out.
[2018/1/24 - 20:40:37] Islamist Gather Wooth has lost connection.
[2018/1/24 - 20:45:40] Erick Diablo has withdrawn 30 grams of Ecstasy from the safe.
[2018/1/24 - 20:45:43] Erick Diablo has authorized Max Radcliffe to withdraw a SPAS-12 from the weapon locker (Cost: 30)
[2018/1/24 - 20:48:32] Erick Diablo has withdrawn a Desert Eagle from the weapon locker (Cost: 5)
[2018/1/24 - 20:49:24] Reginald Beckham (1000628044) accepted Emir Erick Diablo's (1000218786) invite to join Islamic Society in San Andreas (30).
[2018/1/24 - 20:49:25] Erick Diablo has withdrawn a Desert Eagle from the weapon locker (Cost: 5)
[2018/1/24 - 20:51:54] Marlo Gaines (1000627934) accepted Emir Erick Diablo's (1000218786) invite to join Islamic Society in San Andreas (30).
[2018/1/24 - 20:52:33] Gather Wooth has logged out.
[2018/1/24 - 20:53:39] Erick Diablo has authorized Larry Wooden Bear to withdraw a SPAS-12 from the weapon locker (Cost: 30)
[2018/1/24 - 20:53:56] Erick Diablo has withdrawn 20 grams of Ecstasy from the safe.
[2018/1/24 - 20:54:10] Emir Erick Diablo (1000218786) (rank 8) has given Max Radcliffe (1000624842) rank 1 (Islamist) in Islamic Society in San Andrea
[2018/1/24 - 20:54:29] Emir Erick Diablo (1000218786) (rank 8) has given Max Radcliffe (1000624842) rank 2 (Radical) in Islamic Society in San Andreas
[2018/1/24 - 20:54:35] Emir Erick Diablo (1000218786) (rank 8) has given Marlo Gaines (1000627934) rank 1 (Islamist) in Islamic Society in San Andreas
[2018/1/24 - 20:54:41] Marlo Gaines has withdrawn a Desert Eagle from the weapon locker (Cost: 5)
[2018/1/24 - 20:55:14] Emir Erick Diablo (1000218786) (rank 8) has given Reginald Beckham (1000628044) rank 1 (Islamist) in Islamic Society in San And
[2018/1/24 - 20:55:21] Reginald Beckham has withdrawn a Desert Eagle from the weapon locker (Cost: 5)
[2018/1/24 - 20:55:27] Erick Diablo has authorized Max Radcliffe to withdraw a AK-47 from the weapon locker (Cost: 10)
[2018/1/24 - 20:56:17] Marlo Gaines has logged out.
[2018/1/24 - 21:08:44] Reginald Beckham has logged out.
[2018/1/24 - 21:08:45] Erick Diablo has withdrawn a Desert Eagle from the weapon locker (Cost: 5)
[2018/1/24 - 21:08:47] Erick Diablo has withdrawn a SPAS-12 from the weapon locker (Cost: 30)
[2018/1/24 - 21:08:50] Erick Diablo has withdrawn a Sniper Rifle from the weapon locker (Cost: 40)
[2018/1/24 - 21:08:53] Erick Diablo has withdrawn a AK-47 from the weapon locker (Cost: 10)
[2018/1/24 - 21:10:49] Larry Wooden Bear has withdrawn a Desert Eagle from the weapon locker (Cost: 5)
[2018/1/24 - 21:10:58] Erick Diablo has authorized Larry Wooden Bear to withdraw a AK-47 from the weapon locker (Cost: 10)
[2018/1/24 - 21:12:54] Erick Diablo has authorized Max Radcliffe to withdraw a AK-47 from the weapon locker (Cost: 10)
[2018/1/24 - 21:13:42] Gather Wooth has logged out.
[2018/1/24 - 21:15:04] Matt Fazzolari has logged out.
[2018/1/24 - 21:17:14] Darius Devil has logged in.
[2018/1/24 - 21:17:26] Caliph Darius Devil (10932) (rank 9) has uninvited Doc Kanaan (38924) (rank 9) from Islamic Society in San Andreas (30).
[2018/1/24 - 21:17:39] Caliph Darius Devil (10932) has set Larry Wooden Bear's (1000098139) division to Mujahideen in Islamic Society in San Andreas (
[2018/1/24 - 21:17:46] Caliph Darius Devil (10932) has set Max Radcliffe's (1000624842) division to Mujahideen in Islamic Society in San Andreas (30).
[2018/1/24 - 21:19:58] Erick Diablo has logged out.
[2018/1/24 - 21:24:34] Gather Wooth has withdrawn a Desert Eagle from the weapon locker (Cost: 5)
[2018/1/24 - 21:24:35] Gather Wooth has withdrawn a Shotgun from the weapon locker (Cost: 3)
[2018/1/24 - 21:38:04] Emir Erick Diablo has lost connection.
[2018/1/24 - 21:38:12] Gather Wooth has withdrawn a Desert Eagle from the weapon locker (Cost: 5)
[2018/1/24 - 21:38:13] Gather Wooth has withdrawn a Shotgun from the weapon locker (Cost: 3)
[2018/1/24 - 21:38:23] Larry Wooden Bear has withdrawn a Desert Eagle from the weapon locker (Cost: 5)
[2018/1/24 - 21:38:26] Islamist Gather Wooth has lost connection.
[2018/1/24 - 21:44:02] Larry Wooden Bear has deposited 1 grams of Pot into the safe.
[2018/1/24 - 22:00:29] Gather Wooth has logged out.
[2018/1/24 - 22:08:14] Erick Diablo has withdrawn a Desert Eagle from the weapon locker (Cost: 5)
[2018/1/24 - 22:08:15] Erick Diablo has withdrawn a M4A1 from the weapon locker (Cost: 20)
[2018/1/24 - 22:08:17] Erick Diablo has withdrawn a SPAS-12 from the weapon locker (Cost: 30)
[2018/1/24 - 22:08:19] Erick Diablo has withdrawn a Sniper Rifle from the weapon locker (Cost: 40)
[2018/1/24 - 22:21:25] Max Radcliffe (1000624842) has quit the Islamic Society in San Andreas as a rank 2
[2018/1/24 - 22:22:56] Elliot Ackerman has logged out.
[2018/1/24 - 22:25:00] Darius Devil has withdrawn 6000 grams of Pot from the safe.
[2018/1/24 - 22:25:06] Darius Devil has withdrawn 4000 grams of Crack from the safe.
[2018/1/24 - 22:25:12] Darius Devil has withdrawn 700 grams of Meth from the safe.
[2018/1/24 - 22:25:18] Darius Devil has withdrawn 460 grams of Ecstasy from the safe.
[2018/1/24 - 22:25:26] Darius Devil has withdrawn 1200 grams of Heroin from the safe.
[2018/1/24 - 22:26:38] Darius Devil has withdrawn $2,352,484 from the safe.
[2018/1/24 - 22:32:53] Emir Erick Diablo has lost connection.
[2018/1/24 - 22:38:12] Elliot Ackerman has logged out.
[2018/1/24 - 22:42:12] Max Lucas (1000627548) accepted Caliph Darius Devil's (10932) invite to join Islamic Society in San Andreas (30).
[2018/1/24 - 22:42:13] Caliph Darius Devil (10932) has set Max Lucas's (1000627548) division to Mujahideen in Islamic Society in San Andreas (30).
[2018/1/24 - 22:42:17] Caliph Darius Devil (10932) (rank 9) has given Max Lucas (1000627548) rank 1 (Islamist) in Islamic Society in San Andreas (30).
[2018/1/24 - 22:44:47] Darius Devil has logged out.
[2018/1/24 - 22:51:29] Islamist Max Lucas has lost connection.
[2018/1/24 - 22:55:36] Niko Morozov (35210) accepted Emir Erick Diablo's (1000218786) invite to join Islamic Society in San Andreas (30).
[2018/1/24 - 22:56:16] Kenji Snow (1000008256) accepted Emir Erick Diablo's (1000218786) invite to join Islamic Society in San Andreas (30).
[2018/1/24 - 22:56:23] Emir Erick Diablo (1000218786) (rank 8) has given Niko Morozov (35210) rank 2 (Radical) in Islamic Society in San Andreas (30).
[2018/1/24 - 22:56:25] Emir Erick Diablo (1000218786) (rank 8) has given Kenji Snow (1000008256) rank 2 (Radical) in Islamic Society in San Andreas (3
[2018/1/24 - 22:56:27] Emir Erick Diablo (1000218786) has set Niko Morozov's (35210) division to Mujahideen in Islamic Society in San Andreas (30).
[2018/1/24 - 22:56:32] Emir Erick Diablo (1000218786) has set Kenji Snow's (1000008256) division to Finances in Islamic Society in San Andreas (30).
[2018/1/24 - 22:56:33] Emir Erick Diablo (1000218786) has set Kenji Snow's (1000008256) division to Mujahideen in Islamic Society in San Andreas (30).
[2018/1/24 - 22:57:22] Niko Morozov has withdrawn a Desert Eagle from the weapon locker (Cost: 5)
[2018/1/24 - 22:57:37] Erick Diablo has authorized Niko Morozov to withdraw a SPAS-12 from the weapon locker (Cost: 30)
[2018/1/24 - 22:59:15] Kenji Snow has logged out.
[2018/1/24 - 22:59:39] Kenji Snow has logged in.
[2018/1/24 - 23:01:54] Max Lucas has logged out.
[2018/1/24 - 23:02:57] Max Lucas (1000627548) has quit the Islamic Society in San Andreas as a rank 1
[2018/1/24 - 23:04:46] Niko Morozov has logged out.
[2018/1/24 - 23:05:38] Niko Morozov has logged out.
[2018/1/24 - 23:07:46] Frankie Glasscock has withdrawn a Desert Eagle from the weapon locker (Cost: 5)
[2018/1/24 - 23:08:25] Zico Neyaka has withdrawn a Desert Eagle from the weapon locker (Cost: 5)
[2018/1/24 - 23:12:01] Islamist Zico Neyaka has lost connection.
[2018/1/24 - 23:18:11] Kenji Snow has logged out.
[2018/1/24 - 23:18:47] Kenji Snow has logged in.
[2018/1/24 - 23:19:33] Radical James Raige has lost connection.
[2018/1/24 - 23:20:51] Radical James Raige has lost connection.
[2018/1/24 - 23:21:05] Niko Morozov has logged out.
[2018/1/24 - 23:24:02] Hades Archie has withdrawn a Desert Eagle from the weapon locker (Cost: 5)
[2018/1/24 - 23:27:48] James Raige has withdrawn a Desert Eagle from the weapon locker (Cost: 5)
[2018/1/24 - 23:29:30] James Raige has logged out.
[2018/1/24 - 23:33:12] Emir Erick Diablo (1000218786) (rank 8) has given Zico Neyaka (1000627496) rank 1 (Islamist) in Islamic Society in San Andreas 
[2018/1/24 - 23:33:13] Emir Erick Diablo (1000218786) (rank 8) has given Zico Neyaka (1000627496) rank 0 (Convert) in Islamic Society in San Andreas (
[2018/1/24 - 23:33:19] James Raige has logged out.
[2018/1/24 - 23:35:34] Ramos Dios Gato (1000327727) accepted Emir Erick Diablo's (1000218786) invite to join Islamic Society in San Andreas (30).
[2018/1/24 - 23:36:29] Radical James Raige has lost connection.
[2018/1/24 - 23:37:55] James Raige has logged out.
[2018/1/24 - 23:40:44] Guerrilla Fighter Lei Dios Fuyu has lost connection.
[2018/1/24 - 23:42:05] Islamist Hades Archie has lost connection.
[2018/1/24 - 23:42:29] Islamist Frankie Glasscock has lost connection.
[2018/1/24 - 23:44:20] Radical Kenji Snow has lost connection.
[2018/1/24 - 23:45:41] Kenji Snow has logged in.
[2018/1/24 - 23:46:43] Erick Diablo has logged out.
[2018/1/24 - 23:47:49] Niko Morozov has logged out.
[2018/1/24 - 23:49:16] Radical James Raige has lost connection.
[2018/1/24 - 23:51:15] Hades Archie has logged out.
[2018/1/24 - 23:52:41] Kenji Snow has logged out.
[2018/1/24 - 23:52:50] Carlito Morozov has logged out.
[2018/1/24 - 23:54:12] Hades Archie has logged out.
[2018/1/24 - 23:56:12] James Raige has logged out.
[2018/1/24 - 23:59:42] Lei Dios Fuyu has logged out.
[2018/1/24 - 23:59:44] Ramos Dios Gato has logged out.
