[2018/1/3 - 0:08:45] Lamar Clark has logged out.
[2018/1/3 - 0:11:15] Lamar Clark has logged in.
[2018/1/3 - 0:13:17] Lamar Clark has logged out.
[2018/1/3 - 0:14:15] Lamar Clark has logged in.
[2018/1/3 - 0:28:28] John Muai has logged in.
[2018/1/3 - 0:29:17] Caliph Darius Devil (10932) has set John Muai's (1000624938) division to Mujahideen in Islamic Society in San Andreas (30).
[2018/1/3 - 0:32:12] Convert Vladmir Glasscock has lost connection.
[2018/1/3 - 0:33:34] Lamar Clark has logged out.
[2018/1/3 - 0:34:30] Lamar Clark has logged in.
[2018/1/3 - 0:34:53] Vladmir Glasscock has logged in.
[2018/1/3 - 0:40:28] Lamar Clark has logged out.
[2018/1/3 - 0:42:19] Lamar Clark has logged in.
[2018/1/3 - 0:46:08] Lamar Clark has logged in.
[2018/1/3 - 0:47:02] Lamar Clark has logged out.
[2018/1/3 - 0:49:27] Lamar Clark has logged in.
[2018/1/3 - 0:55:55] Lamar Clark has logged in.
[2018/1/3 - 1:02:49] Lamar Clark has logged out.
[2018/1/3 - 1:05:53] John Muai has logged out.
[2018/1/3 - 1:13:20] Lamar Clark has logged in.
[2018/1/3 - 1:24:16] Erick Diablo has logged out.
[2018/1/3 - 1:24:57] Erick Diablo has logged in.
[2018/1/3 - 1:25:33] Lamar Clark has logged out.
[2018/1/3 - 1:28:38] Filipe Sheepwolf has logged in.
[2018/1/3 - 1:29:46] Lamar Clark has logged in.
[2018/1/3 - 1:32:36] Lamar Clark has logged out.
[2018/1/3 - 1:34:17] Lamar Clark has logged in.
[2018/1/3 - 1:35:15] Vladmir Glasscock has logged out.
[2018/1/3 - 1:38:27] Filipe Sheepwolf has logged out.
[2018/1/3 - 1:56:16] Lamar Clark has logged out.
[2018/1/3 - 1:58:34] Lamar Clark has logged in.
[2018/1/3 - 1:59:08] Lamar Clark has logged out.
[2018/1/3 - 2:16:01] Erick Diablo has deposited $12000 into the safe.
[2018/1/3 - 2:16:38] Erick Diablo has deposited $108000 into the safe.
[2018/1/3 - 2:31:46] John Muai has logged in.
[2018/1/3 - 2:41:18] Darius Devil has deposited $82478 into the safe.
[2018/1/3 - 2:48:54] John Muai has logged out.
[2018/1/3 - 2:49:21] Jake Ginobi has logged in.
[2018/1/3 - 2:50:37] Jake Ginobi has logged in.
[2018/1/3 - 2:59:57] Jake Ginobi has logged out.
[2018/1/3 - 3:00:39] Jake Ginobi has logged in.
[2018/1/3 - 3:24:46] Shao Pennington (1000625186) accepted Council Commander Erick Diablo's (1000218786) invite to join Islamic Society in San Andreas (30).
[2018/1/3 - 3:25:01] Council Commander Erick Diablo (1000218786) has set Shao Pennington's (1000625186) division to Mujahideen in Islamic Society in
[2018/1/3 - 3:26:23] Kenny Hao (1000625173) accepted Council Commander Erick Diablo's (1000218786) invite to join Islamic Society in San Andreas (30).
[2018/1/3 - 3:26:33] Council Commander Erick Diablo (1000218786) has set Kenny Hao's (1000625173) division to Mujahideen in Islamic Society in San A
[2018/1/3 - 3:29:08] Jake Ginobi has logged out.
[2018/1/3 - 3:30:03] Shao Pennington has logged out.
[2018/1/3 - 3:38:22] Shao Pennington has logged in.
[2018/1/3 - 3:43:39] Lamar Clark has logged in.
[2018/1/3 - 3:46:31] Dan deagle (1000625173) has quit the Islamic Society in San Andreas as a rank 0
[2018/1/3 - 3:49:58] Shao Pennington (1000625186) has quit the Islamic Society in San Andreas as a rank 0
[2018/1/3 - 3:57:34] Lamar Clark has logged out.
[2018/1/3 - 3:57:41] Ryan T Jackson has logged in.
[2018/1/3 - 3:58:15] Field Commander Ryan T Jackson has lost connection.
[2018/1/3 - 3:58:26] Lamar Clark has logged in.
[2018/1/3 - 4:10:52] Ryan T Jackson has logged in.
[2018/1/3 - 4:16:00] Ryan T Jackson has logged out.
[2018/1/3 - 4:31:36] Erick Diablo has withdrawn a SPAS-12 from the weapon locker (Cost: 50)
[2018/1/3 - 4:31:55] Erick Diablo has withdrawn a SPAS-12 from the weapon locker (Cost: 50)
[2018/1/3 - 4:46:12] Erick Diablo has withdrawn a M4A1 from the weapon locker (Cost: 50)
[2018/1/3 - 4:48:28] Lamar Clark has logged out.
[2018/1/3 - 4:49:04] Lamar Clark has logged in.
[2018/1/3 - 4:52:56] Lamar Clark has logged out.
[2018/1/3 - 4:53:34] Lamar Clark has logged in.
[2018/1/3 - 4:59:16] Erick Diablo has withdrawn a AK-47 from the weapon locker (Cost: 40)
[2018/1/3 - 5:00:23] Erick Diablo has deposited a AK-47 into the locker.
[2018/1/3 - 5:00:56] Erick Diablo has deposited a M4A1 into the locker.
[2018/1/3 - 5:01:01] Erick Diablo has withdrawn a AK-47 from the weapon locker (Cost: 40)
[2018/1/3 - 5:01:14] Erick Diablo has withdrawn a AK-47 from the weapon locker (Cost: 40)
[2018/1/3 - 5:37:31] Council Commander Erick Diablo has lost connection.
[2018/1/3 - 5:38:20] Erick Diablo has logged in.
[2018/1/3 - 5:48:41] Minh Chikino has logged in.
[2018/1/3 - 6:00:27] Minh Chikino has logged out.
[2018/1/3 - 6:01:20] Minh Chikino has logged in.
[2018/1/3 - 6:03:12] Bobby Flyd has logged in.
[2018/1/3 - 6:03:17] Minh Chikino (1000625157) has quit the Islamic Society in San Andreas as a rank 0
[2018/1/3 - 7:03:13] Lamar Clark has logged out.
[2018/1/3 - 7:05:18] Lamar Clark has logged in.
[2018/1/3 - 7:05:42] Lamar Clark has logged out.
[2018/1/3 - 7:13:55] Lamar Clark has logged in.
[2018/1/3 - 7:17:49] Lamar Clark has logged out.
[2018/1/3 - 7:18:33] Lamar Clark has logged in.
[2018/1/3 - 7:51:03] Bobby Flyd has logged out.
[2018/1/3 - 8:16:03] Alberto Rossi (1000099848) accepted Council Commander Erick Diablo's (1000218786) invite to join Islamic Society in San Andreas (30).
[2018/1/3 - 8:16:04] Council Commander Erick Diablo (1000218786) has set Alberto Rossi's (1000099848) division to Mujahideen in Islamic Society in S
[2018/1/3 - 8:23:18] Erick Diablo has authorized Alberto Rossi to withdraw a Shotgun from the weapon locker (Cost: 25)
[2018/1/3 - 8:56:28] Danny Fisher (1000136004) accepted Council Commander Erick Diablo's (1000218786) invite to join Islamic Society in San Andreas (30).
[2018/1/3 - 9:06:21] Danny Fisher has logged in.
[2018/1/3 - 9:06:49] Erick Diablo has logged in.
[2018/1/3 - 9:12:10] Erick Diablo has logged out.
[2018/1/3 - 9:12:32] Danny Fisher has logged in.
[2018/1/3 - 9:12:43] Erick Diablo has logged in.
[2018/1/3 - 9:19:47] Danny Fisher has logged out.
[2018/1/3 - 9:22:06] Lamar Clark has logged out.
[2018/1/3 - 9:25:12] Alberto Rossi has logged out.
[2018/1/3 - 9:26:17] Erick Diablo has logged out.
[2018/1/3 - 9:58:29] Alberto Rossi has logged in.
[2018/1/3 - 10:21:27] Alberto Rossi (1000099848) has quit the Islamic Society in San Andreas as a rank 0
[2018/1/3 - 10:23:16] Vladmir Glasscock has logged in.
[2018/1/3 - 10:33:07] Erick Diablo has logged in.
[2018/1/3 - 10:39:52] Erick Diablo has authorized Vladmir Glasscock to withdraw a M4A1 from the weapon locker (Cost: 50)
[2018/1/3 - 10:41:08] Erick Diablo has authorized Vladmir Glasscock to withdraw a SPAS-12 from the weapon locker (Cost: 50)
[2018/1/3 - 10:41:13] Erick Diablo has withdrawn a Desert Eagle from the weapon locker (Cost: 15)
[2018/1/3 - 10:41:16] Erick Diablo has withdrawn a AK-47 from the weapon locker (Cost: 40)
[2018/1/3 - 10:41:20] Erick Diablo has withdrawn a Shotgun from the weapon locker (Cost: 25)
[2018/1/3 - 10:42:14] Erick Diablo has authorized Vladmir Glasscock to withdraw a Desert Eagle from the weapon locker (Cost: 15)
[2018/1/3 - 10:56:11] Erick Diablo has withdrawn a Shotgun from the weapon locker (Cost: 25)
[2018/1/3 - 10:56:12] Erick Diablo has withdrawn a Desert Eagle from the weapon locker (Cost: 15)
[2018/1/3 - 10:56:13] Erick Diablo has withdrawn a AK-47 from the weapon locker (Cost: 40)
[2018/1/3 - 10:56:48] Erick Diablo has withdrawn a Desert Eagle from the weapon locker (Cost: 15)
[2018/1/3 - 10:56:48] Erick Diablo has withdrawn a Shotgun from the weapon locker (Cost: 25)
[2018/1/3 - 10:56:49] Erick Diablo has withdrawn a AK-47 from the weapon locker (Cost: 40)
[2018/1/3 - 11:07:21] Anis Ibrahim Kaskar (1000146621) accepted Council Commander Erick Diablo's (1000218786) invite to join Islamic Society in San Andreas (30).
[2018/1/3 - 11:07:34] Council Commander Erick Diablo (1000218786) (rank 6) has given Anis Ibrahim Kaskar (1000146621) rank 2 (Radical) in Islamic Soc
[2018/1/3 - 11:15:39] Anis Ibrahim Kaskar has logged out.
[2018/1/3 - 11:17:51] Buju Banton has logged in.
[2018/1/3 - 11:19:01] Erick Diablo has authorized Vladmir Glasscock to withdraw a Desert Eagle from the weapon locker (Cost: 15)
[2018/1/3 - 11:19:48] Erick Diablo has authorized Vladmir Glasscock to withdraw a MP5 from the weapon locker (Cost: 30)
[2018/1/3 - 11:20:09] Erick Diablo has authorized Buju Banton to withdraw a Desert Eagle from the weapon locker (Cost: 15)
[2018/1/3 - 11:26:36] Bobby Flyd has logged in.
[2018/1/3 - 11:29:21] Erick Diablo has logged out.
[2018/1/3 - 11:35:37] Anis Ibrahim Kaskar has logged in.
[2018/1/3 - 11:36:35] Anis Ibrahim Kaskar has logged out.
[2018/1/3 - 11:41:50] Matt Fazzolari has logged in.
[2018/1/3 - 11:50:08] Ryan T Jackson has logged in.
[2018/1/3 - 11:55:17] Ryan T Jackson has authorized Buju Banton to withdraw a Desert Eagle from the weapon locker (Cost: 15)
[2018/1/3 - 12:00:33] Erick Diablo has logged in.
[2018/1/3 - 12:00:33] Erick Diablo has logged out.
[2018/1/3 - 12:01:04] Erick Diablo has logged in.
[2018/1/3 - 12:08:45] Ryan T Jackson has withdrawn a Desert Eagle from the weapon locker (Cost: 15)
[2018/1/3 - 12:08:53] Ryan T Jackson has authorized Matt Fazzolari to withdraw a Shotgun from the weapon locker (Cost: 25)
[2018/1/3 - 12:19:50] Dario Flowers (1000082407) accepted Field Commander Ryan T Jackson's (900152) invite to join Islamic Society in San Andreas (30).
[2018/1/3 - 12:20:16] Council Commander Erick Diablo (1000218786) (rank 6) has given Dario Flowers (1000082407) rank 1 (Islamist) in Islamic Society 
[2018/1/3 - 12:20:20] Council Commander Erick Diablo (1000218786) has set Dario Flowers's (1000082407) division to Mujahideen in Islamic Society in S
[2018/1/3 - 12:21:22] Timmy Fanatic (1000065258) accepted Council Commander Erick Diablo's (1000218786) invite to join Islamic Society in San Andreas (30).
[2018/1/3 - 12:21:53] Council Commander Erick Diablo (1000218786) (rank 6) has given Timmy Fanatic (1000065258) rank 4 (Jihadist) in Islamic Society 
[2018/1/3 - 12:21:55] Council Commander Erick Diablo (1000218786) has set Timmy Fanatic's (1000065258) division to Mujahideen in Islamic Society in S
[2018/1/3 - 12:41:39] Jihadist Timmy Fanatic has lost connection.
[2018/1/3 - 12:43:16] Timmy Fanatic has logged in.
[2018/1/3 - 12:44:33] Council Commander Erick Diablo (1000218786) (rank 6) has given Matt Fazzolari (120492) rank 3 (Guerrilla Fighter) in Islamic So
[2018/1/3 - 12:44:44] Council Commander Erick Diablo (1000218786) (rank 6) has given Vladmir Glasscock (1000227987) rank 2 (Radical) in Islamic Socie
[2018/1/3 - 12:46:07] Buju Banton has logged out.
[2018/1/3 - 12:48:41] Jake Ginobi has logged in.
[2018/1/3 - 12:50:05] Buju Banton has logged in.
[2018/1/3 - 12:50:25] Islamist Dario Flowers has lost connection.
[2018/1/3 - 12:51:26] Dario Flowers has logged in.
[2018/1/3 - 12:52:14] Guerrilla Fighter Buju Banton has lost connection.
[2018/1/3 - 12:52:19] Matt Fazzolari has logged out.
[2018/1/3 - 12:52:35] Buju Banton has logged in.
[2018/1/3 - 12:53:50] Bobby Flyd has logged in.
[2018/1/3 - 12:54:23] Matt Fazzolari has logged in.
[2018/1/3 - 12:55:26] Dario Flowers has logged out.
[2018/1/3 - 12:57:12] Timmy Fanatic has logged out.
[2018/1/3 - 12:59:48] Matt Fazzolari has logged out.
[2018/1/3 - 13:02:59] Dario Flowers has logged in.
[2018/1/3 - 13:03:02] Guerrilla Fighter Buju Banton has lost connection.
[2018/1/3 - 13:03:24] Buju Banton has logged in.
[2018/1/3 - 13:03:42] Matt Fazzolari has logged in.
[2018/1/3 - 13:14:44] Dario Flowers (1000082407) has quit the Islamic Society in San Andreas as a rank 1
[2018/1/3 - 13:15:58] Field Commander Ryan T Jackson has lost connection.
[2018/1/3 - 13:16:55] Ryan T Jackson has logged in.
[2018/1/3 - 13:22:29] Erick Diablo has logged out.
[2018/1/3 - 13:26:13] Erick Diablo has logged in.
[2018/1/3 - 13:26:29] Council Commander Erick Diablo (1000218786) (rank 6) has given Jake Ginobi (116321) rank 2 (Radical) in Islamic Society in San 
[2018/1/3 - 13:30:13] Bobby Flyd (1000625245) has quit the Islamic Society in San Andreas as a rank 0
[2018/1/3 - 13:32:17] Guerrilla Fighter Buju Banton has lost connection.
[2018/1/3 - 13:33:07] Buju Banton has logged in.
[2018/1/3 - 13:35:50] Jake Ginobi has logged out.
[2018/1/3 - 13:45:11] Guerrilla Fighter Buju Banton has lost connection.
[2018/1/3 - 13:45:29] Buju Banton has logged in.
[2018/1/3 - 13:46:17] Jake Ginobi has logged in.
[2018/1/3 - 13:58:01] Radical Vladmir Glasscock has lost connection.
[2018/1/3 - 13:58:13] Vladmir Glasscock has logged in.
[2018/1/3 - 14:04:03] Guerrilla Fighter Buju Banton has lost connection.
[2018/1/3 - 14:04:20] Buju Banton has logged in.
[2018/1/3 - 14:12:39] Guerrilla Fighter Buju Banton has lost connection.
[2018/1/3 - 14:12:54] Buju Banton has logged in.
[2018/1/3 - 14:24:23] Tifa Kusnetsov has logged in.
[2018/1/3 - 14:24:59] Ryan T Jackson has withdrawn a Desert Eagle from the weapon locker (Cost: 15)
[2018/1/3 - 14:25:35] Tifa Kusnetsov has withdrawn a Desert Eagle from the weapon locker (Cost: 15)
[2018/1/3 - 14:35:37] Council Commander Erick Diablo (1000218786) (rank 6) has given Buju Banton (99857) rank 0 (Convert) in Islamic Society in San A
[2018/1/3 - 14:36:45] Tifa Kusnetsov has logged out.
[2018/1/3 - 14:37:04] Council Commander Erick Diablo (1000218786) (rank 6) has given Buju Banton (99857) rank 3 (Guerrilla Fighter) in Islamic Societ
[2018/1/3 - 14:40:21] Guerrilla Fighter Buju Banton has lost connection.
[2018/1/3 - 14:44:13] Matt Fazzolari has logged out.
[2018/1/3 - 14:44:32] Erick Diablo has logged out.
[2018/1/3 - 14:44:45] Arif Leopard has logged in.
[2018/1/3 - 14:44:49] Radical Jake Ginobi has lost connection.
[2018/1/3 - 14:44:57] Daniel Bishop (1000342598) has quit the Islamic Society in San Andreas as a rank 9
[2018/1/3 - 14:45:11] Jake Ginobi has logged in.
[2018/1/3 - 14:45:52] Arif Leopard has withdrawn a Desert Eagle from the weapon locker (Cost: 15)
[2018/1/3 - 14:45:58] Arif Leopard has withdrawn a AK-47 from the weapon locker (Cost: 40)
[2018/1/3 - 14:46:12] Arif Leopard has withdrawn 40 grams of Crack from the safe.
[2018/1/3 - 14:46:22] Arif Leopard has withdrawn $50,000 from the safe.
[2018/1/3 - 14:47:24] Arif Leopard has logged out.
[2018/1/3 - 14:51:45] Matt Fazzolari has logged in.
[2018/1/3 - 14:57:29] Jake Ginobi has logged out.
[2018/1/3 - 15:07:19] Matt Fazzolari has logged out.
[2018/1/3 - 15:10:05] Lamar Brusca has logged in.
[2018/1/3 - 15:15:44] John Muai has logged in.
[2018/1/3 - 15:32:51] Ryan T Jackson has logged out.
[2018/1/3 - 15:34:13] Ryan Wankstein has logged in.
[2018/1/3 - 15:50:26] Matt Fazzolari has logged in.
[2018/1/3 - 15:56:12] John Muai has logged out.
[2018/1/3 - 16:23:28] Ryan Wankstein is now off duty and earned $2,000
[2018/1/3 - 16:26:08] Lamar Brusca has logged out.
[2018/1/3 - 16:28:09] Lamar Brusca has logged in.
[2018/1/3 - 16:32:31] Ryan Wankstein has logged out.
[2018/1/3 - 16:32:36] Lamar Brusca has logged out.
[2018/1/3 - 16:34:22] Lamar Brusca has logged in.
[2018/1/3 - 16:39:53] Lamar Brusca has logged out.
[2018/1/3 - 16:41:00] Lamar Brusca has logged in.
[2018/1/3 - 16:49:55] Radical Vladmir Glasscock has lost connection.
[2018/1/3 - 16:55:13] Vladmir Glasscock has logged in.
[2018/1/3 - 16:57:04] Vladmir Glasscock has logged out.
[2018/1/3 - 16:57:51] Lamar Brusca (1000625309) has quit the Islamic Society in San Andreas as a rank 0
[2018/1/3 - 16:59:41] Vladmir Glasscock has logged in.
[2018/1/3 - 17:00:47] Vladmir Glasscock has logged out.
[2018/1/3 - 17:02:39] Matt Fazzolari has logged out.
[2018/1/3 - 17:03:34] Vladmir Glasscock has logged in.
[2018/1/3 - 17:06:01] Vladmir Glasscock has logged out.
[2018/1/3 - 17:10:21] Buju Banton has logged in.
[2018/1/3 - 17:11:16] Buju Banton has logged out.
[2018/1/3 - 18:25:01] Matt Fazzolari has logged in.
[2018/1/3 - 18:45:22] Matt Fazzolari has logged in.
[2018/1/3 - 19:18:35] Darius Devil has deposited $123999 into the safe.
[2018/1/3 - 19:23:21] Matt Fazzolari has logged out.
[2018/1/3 - 19:34:35] Buju Banton has logged in.
[2018/1/3 - 19:35:24] Matt Fazzolari has logged in.
[2018/1/3 - 19:45:26] Buju Banton has logged out.
[2018/1/3 - 19:46:29] Matt Fazzolari has logged out.
[2018/1/3 - 19:48:46] Vladmir Glasscock has logged in.
[2018/1/3 - 19:48:49] Anis Ibrahim Kaskar has logged in.
[2018/1/3 - 20:08:40] Tifa Kusnetsov has logged in.
[2018/1/3 - 20:13:21] Tifa Kusnetsov has logged out.
[2018/1/3 - 20:17:18] Caliph Darius Devil (10932) has set Anis Ibrahim Kaskar's (1000146621) division to Mujahideen in Islamic Society in San Andreas
[2018/1/3 - 20:17:46] Darius Devil (10932) has changed MOTD for . to: . in slot 1
[2018/1/3 - 20:17:48] Darius Devil (10932) has changed MOTD for . to: . in slot 2
[2018/1/3 - 20:18:02] Darius Devil (10932) has changed MOTD for . to: . in slot 3
[2018/1/3 - 20:27:27] Buju Banton has logged in.
[2018/1/3 - 20:28:44] Antonio D. Sarto (372679) accepted Caliph Darius Devil's (10932) invite to join Islamic Society in San Andreas (30).
[2018/1/3 - 20:28:48] Caliph Darius Devil (10932) has set Antonio D. Sarto's (372679) division to Mujahideen in Islamic Society in San Andreas (30).
[2018/1/3 - 20:40:03] Darius Devil has withdrawn 10000 materials from the safe.
[2018/1/3 - 20:41:20] Darius Devil has withdrawn $10,000 from the safe.
[2018/1/3 - 20:41:27] Darius Devil has deposited 6000 materials into the safe.
[2018/1/3 - 20:43:21] Anis Ibrahim Kaskar has logged out.
[2018/1/3 - 21:00:08] Guerrilla Fighter Buju Banton has lost connection.
[2018/1/3 - 21:00:30] Buju Banton has logged in.
[2018/1/3 - 21:10:44] Buju Banton has logged out.
[2018/1/3 - 21:11:13] Buju Banton has logged in.
[2018/1/3 - 21:12:19] Buju Banton has logged out.
[2018/1/3 - 21:12:45] Buju Banton has logged in.
[2018/1/3 - 21:15:54] Caliph Darius Devil (10932) (rank 9) has given Vladmir Glasscock (1000227987) rank 3 (Guerrilla Fighter) in Islamic Society in 
[2018/1/3 - 21:33:37] Guerrilla Fighter Buju Banton has lost connection.
[2018/1/3 - 21:34:27] Buju Banton has logged in.
[2018/1/3 - 21:49:24] Erick Diablo has logged in.
[2018/1/3 - 21:52:00] Erick Diablo has logged out.
[2018/1/3 - 21:53:50] Buju Banton has logged out.
[2018/1/3 - 21:55:07] Buju Banton has logged in.
[2018/1/3 - 22:05:56] Erick Diablo has logged in.
[2018/1/3 - 22:34:31] Council Commander Erick Diablo has lost connection.
[2018/1/3 - 22:34:51] Erick Diablo has logged in.
[2018/1/3 - 22:38:20] Buju Banton has logged out.
[2018/1/3 - 22:50:51] Kimo Kusnetsov has logged in.
[2018/1/3 - 22:51:01] Convert Kimo Kusnetsov has lost connection.
[2018/1/3 - 22:52:12] Kimo Kusnetsov has logged in.
[2018/1/3 - 23:00:21] Kimo Kusnetsov has logged out.
[2018/1/3 - 23:03:54] Antonio D. Sarto has logged in.
[2018/1/3 - 23:07:52] Erick Diablo has withdrawn a Shotgun from the weapon locker (Cost: 3)
[2018/1/3 - 23:08:22] Erick Diablo has withdrawn a Shotgun from the weapon locker (Cost: 3)
[2018/1/3 - 23:08:37] Erick Diablo has withdrawn a Shotgun from the weapon locker (Cost: 3)
[2018/1/3 - 23:10:31] Wolly Loc has logged in.
[2018/1/3 - 23:13:40] Wolly Loc has withdrawn a Silenced Colt .45 from the weapon locker (Cost: 3)
[2018/1/3 - 23:15:34] Emir Wolly Loc has lost connection.
[2018/1/3 - 23:16:12] Wolly Loc has logged in.
[2018/1/3 - 23:29:45] Fyodor Smirnov has logged in.
[2018/1/3 - 23:30:11] Erick Diablo has logged out.
[2018/1/3 - 23:30:40] Emir Wolly Loc has lost connection.
[2018/1/3 - 23:34:15] Antonio D. Sarto has logged out.
[2018/1/3 - 23:40:53] Fyodor Smirnov has logged out.
[2018/1/3 - 23:41:52] Wolly Loc has logged in.
[2018/1/3 - 23:57:31] Emir Wolly Loc has lost connection.
