[2018/1/23 - 0:09:16] Islamist Vladmir Glasscock has lost connection.
[2018/1/23 - 0:13:43] Islamist Gather Wooth has lost connection.
[2018/1/23 - 0:16:20] Islamist Vladmir Glasscock has lost connection.
[2018/1/23 - 0:21:12] Gather Wooth has withdrawn a Desert Eagle from the weapon locker (Cost: 5)
[2018/1/23 - 0:21:28] Gather Wooth has withdrawn a Shotgun from the weapon locker (Cost: 3)
[2018/1/23 - 0:26:15] Erick Diablo has logged out.
[2018/1/23 - 0:43:18] Gather Wooth has logged out.
[2018/1/23 - 0:55:03] Vladmir Glasscock has logged out.
[2018/1/23 - 1:38:21] Axel Yago has logged out.
[2018/1/23 - 2:05:59] Chris Migatron has withdrawn a Desert Eagle from the weapon locker (Cost: 5)
[2018/1/23 - 2:07:10] Chris Migatron has withdrawn a Desert Eagle from the weapon locker (Cost: 5)
[2018/1/23 - 2:10:23] Chris Migatron has withdrawn a Desert Eagle from the weapon locker (Cost: 5)
[2018/1/23 - 2:13:37] Chris Migatron has withdrawn a Desert Eagle from the weapon locker (Cost: 5)
[2018/1/23 - 2:18:15] Pahad Graves has withdrawn a Desert Eagle from the weapon locker (Cost: 5)
[2018/1/23 - 2:22:04] Gather Wooth has withdrawn a Desert Eagle from the weapon locker (Cost: 5)
[2018/1/23 - 2:22:05] Gather Wooth has withdrawn a Shotgun from the weapon locker (Cost: 3)
[2018/1/23 - 2:22:17] Chris Migatron has withdrawn a Shotgun from the weapon locker (Cost: 3)
[2018/1/23 - 2:31:26] Convert Bryant Gucci Cobra has lost connection.
[2018/1/23 - 2:37:19] Chris Migatron has withdrawn a Desert Eagle from the weapon locker (Cost: 5)
[2018/1/23 - 2:37:27] Chris Migatron has withdrawn a Shotgun from the weapon locker (Cost: 3)
[2018/1/23 - 2:37:44] Gather Wooth has withdrawn a Desert Eagle from the weapon locker (Cost: 5)
[2018/1/23 - 2:37:45] Pahad Graves has withdrawn a Desert Eagle from the weapon locker (Cost: 5)
[2018/1/23 - 2:37:47] Gather Wooth has withdrawn a Shotgun from the weapon locker (Cost: 3)
[2018/1/23 - 2:39:12] Chris Migatron has withdrawn a Desert Eagle from the weapon locker (Cost: 5)
[2018/1/23 - 2:43:21] Chris Migatron has withdrawn a Desert Eagle from the weapon locker (Cost: 5)
[2018/1/23 - 2:43:23] Chris Migatron has withdrawn a Shotgun from the weapon locker (Cost: 3)
[2018/1/23 - 2:43:45] Gather Wooth has logged out.
[2018/1/23 - 2:45:04] Pahad Graves has withdrawn a Desert Eagle from the weapon locker (Cost: 5)
[2018/1/23 - 2:49:05] Gather Wooth has withdrawn a Desert Eagle from the weapon locker (Cost: 5)
[2018/1/23 - 2:49:06] Gather Wooth has withdrawn a Shotgun from the weapon locker (Cost: 3)
[2018/1/23 - 2:51:49] Chris Migatron has logged out.
[2018/1/23 - 2:52:58] Bryant Gucci Cobra has logged out.
[2018/1/23 - 2:56:43] Gather Wooth has withdrawn a Desert Eagle from the weapon locker (Cost: 5)
[2018/1/23 - 2:56:44] Gather Wooth has withdrawn a Shotgun from the weapon locker (Cost: 3)
[2018/1/23 - 2:56:53] Pahad Graves has withdrawn a Desert Eagle from the weapon locker (Cost: 5)
[2018/1/23 - 2:56:59] Pahad Graves has logged out.
[2018/1/23 - 3:04:46] Gather Wooth has logged out.
[2018/1/23 - 3:19:56] Erick Diablo has logged out.
[2018/1/23 - 5:46:14] Matt Fazzolari has logged out.
[2018/1/23 - 6:41:58] Franco Louis has withdrawn a Desert Eagle from the weapon locker (Cost: 5)
[2018/1/23 - 7:09:32] Franco Louis has logged out.
[2018/1/23 - 7:14:57] Radical Franco Louis has lost connection.
[2018/1/23 - 7:16:03] Darius Esperto has logged out.
[2018/1/23 - 7:18:12] Darius Esperto has logged out.
[2018/1/23 - 7:18:41] Franco Louis has logged out.
[2018/1/23 - 7:19:27] Darius Esperto has logged out.
[2018/1/23 - 7:21:05] Chris Hemsworth has logged out.
[2018/1/23 - 7:21:54] Darius Esperto has logged out.
[2018/1/23 - 7:27:52] Darius Esperto has logged out.
[2018/1/23 - 7:49:37] Hatake T Takahashi has withdrawn a Desert Eagle from the weapon locker (Cost: 5)
[2018/1/23 - 7:53:18] Hatake T Takahashi has logged out.
[2018/1/23 - 8:50:31] Franco Louis has withdrawn a Desert Eagle from the weapon locker (Cost: 5)
[2018/1/23 - 8:55:47] Franco Louis has withdrawn a Desert Eagle from the weapon locker (Cost: 5)
[2018/1/23 - 8:58:59] Guerrilla Fighter Simon Payne has lost connection.
[2018/1/23 - 9:06:53] Uchina Itachi has logged out.
[2018/1/23 - 9:22:28] Guerrilla Fighter Simon Payne has lost connection.
[2018/1/23 - 9:29:30] Guerrilla Fighter Chris Hemsworth has lost connection.
[2018/1/23 - 9:33:32] Matt Fazzolari has logged out.
[2018/1/23 - 9:33:53] Hatake T Takahashi has logged out.
[2018/1/23 - 9:35:55] Council Commander Matt Fazzolari (120492) (rank 6) has given Uchina Itachi (1000625239) rank 1 (Islamist) in Islamic Society in
[2018/1/23 - 9:52:11] Guerrilla Fighter Nick Chains has lost connection.
[2018/1/23 - 9:53:30] Asiah Maiden Rizal has withdrawn a Desert Eagle from the weapon locker (Cost: 5)
[2018/1/23 - 9:53:35] Matt Fazzolari has authorized Asiah Maiden Rizal to withdraw a AK-47 from the weapon locker (Cost: 10)
[2018/1/23 - 9:55:49] Radical Tazz Buenoh has lost connection.
[2018/1/23 - 10:00:27] Council Commander Matt Fazzolari (120492) (rank 6) has uninvited Uchina Itachi (1000625239) (rank 1) from Islamic Society in Sa
[2018/1/23 - 10:04:41] Tazz Buenoh has logged out.
[2018/1/23 - 10:06:39] Matt Fazzolari has deposited a AK-47 into the locker.
[2018/1/23 - 10:07:45] Islamist Hatake T Takahashi has lost connection.
[2018/1/23 - 10:08:59] Chris Migatron has withdrawn a Desert Eagle from the weapon locker (Cost: 5)
[2018/1/23 - 10:09:00] Chris Migatron has withdrawn a Shotgun from the weapon locker (Cost: 3)
[2018/1/23 - 10:09:58] Nick Chains has logged out.
[2018/1/23 - 10:12:34] Hatake T Takahashi has withdrawn a Desert Eagle from the weapon locker (Cost: 5)
[2018/1/23 - 10:13:52] Bernard Griffin has logged out.
[2018/1/23 - 10:14:42] Asiah Maiden Rizal has withdrawn a Desert Eagle from the weapon locker (Cost: 5)
[2018/1/23 - 10:15:52] Asiah Maiden Rizal has withdrawn a Shotgun from the weapon locker (Cost: 3)
[2018/1/23 - 10:19:05] Skan Soze (1000627901) accepted Council Commander Matt Fazzolari's (120492) invite to join Islamic Society in San Andreas (30).
[2018/1/23 - 10:19:06] Council Commander Matt Fazzolari (120492) (rank 6) has given Skan Soze (1000627901) rank 1 (Islamist) in Islamic Society in San
[2018/1/23 - 10:19:09] Council Commander Matt Fazzolari (120492) has set Skan Soze's (1000627901) division to Mujahideen in Islamic Society in San And
[2018/1/23 - 10:19:17] Matt Fazzolari has withdrawn a AK-47 from the weapon locker (Cost: 10)
[2018/1/23 - 10:20:40] Matt Fazzolari has withdrawn a AK-47 from the weapon locker (Cost: 10)
[2018/1/23 - 10:20:41] Chris Migatron has withdrawn a Desert Eagle from the weapon locker (Cost: 5)
[2018/1/23 - 10:20:43] Chris Migatron has withdrawn a Shotgun from the weapon locker (Cost: 3)
[2018/1/23 - 10:21:06] Matt Fazzolari has authorized Nick Chains to withdraw a AK-47 from the weapon locker (Cost: 10)
[2018/1/23 - 10:21:56] Matt Fazzolari has logged out.
[2018/1/23 - 10:24:37] Hatake T Takahashi has withdrawn a Desert Eagle from the weapon locker (Cost: 5)
[2018/1/23 - 10:26:07] Chris Hemsworth has logged out.
[2018/1/23 - 10:28:18] Radical Chris Migatron has lost connection.
[2018/1/23 - 10:28:18] Radical Asiah Maiden Rizal has lost connection.
[2018/1/23 - 10:31:46] Franco Louis has withdrawn a Desert Eagle from the weapon locker (Cost: 5)
[2018/1/23 - 10:36:31] Matt Fazzolari has logged out.
[2018/1/23 - 10:36:45] Elliot Ackerman has logged out.
[2018/1/23 - 10:36:54] Hatake T Takahashi has withdrawn a Desert Eagle from the weapon locker (Cost: 5)
[2018/1/23 - 10:38:17] Vladmir Glasscock has logged out.
[2018/1/23 - 10:38:27] Denver Pereira has withdrawn a Desert Eagle from the weapon locker (Cost: 5)
[2018/1/23 - 10:38:28] Denver Pereira has withdrawn a Shotgun from the weapon locker (Cost: 3)
[2018/1/23 - 10:38:30] Islamist Bernard Griffin has lost connection.
[2018/1/23 - 10:39:54] Islamist Bernard Griffin has lost connection.
[2018/1/23 - 10:40:38] Hatake T Takahashi has withdrawn a Desert Eagle from the weapon locker (Cost: 5)
[2018/1/23 - 10:42:02] Council Commander Matt Fazzolari (120492) (rank 6) has given Asiah Maiden Rizal (1000561537) rank 1 (Islamist) in Islamic Socie
[2018/1/23 - 10:43:18] Omar Abdula has withdrawn a Desert Eagle from the weapon locker (Cost: 5)
[2018/1/23 - 10:43:19] Omar Abdula has withdrawn a Shotgun from the weapon locker (Cost: 3)
[2018/1/23 - 10:43:40] Sammy Wing (1000626601) accepted Council Commander Matt Fazzolari's (120492) invite to join Islamic Society in San Andreas (30).
[2018/1/23 - 10:43:42] Council Commander Matt Fazzolari (120492) (rank 6) has given Sammy Wing (1000626601) rank 1 (Islamist) in Islamic Society in Sa
[2018/1/23 - 10:43:44] Council Commander Matt Fazzolari (120492) has set Sammy Wing's (1000626601) division to Mujahideen in Islamic Society in San An
[2018/1/23 - 10:44:46] Matt Fazzolari has authorized Sammy Wing to withdraw a MP5 from the weapon locker (Cost: 5)
[2018/1/23 - 10:44:51] Denver Pereira has logged out.
[2018/1/23 - 10:45:19] Matt Fazzolari has authorized Franco Louis to withdraw a MP5 from the weapon locker (Cost: 5)
[2018/1/23 - 10:46:05] Islamist Bernard Griffin has lost connection.
[2018/1/23 - 10:46:08] Asiah Maiden Rizal has logged out.
[2018/1/23 - 10:46:47] Nick Chains has logged out.
[2018/1/23 - 10:49:35] Council Commander Matt Fazzolari (120492) (rank 6) has uninvited Omar Abdula (1000626975) (rank 2) from Islamic Society in San 
[2018/1/23 - 10:51:55] Hatake T Takahashi has withdrawn a Desert Eagle from the weapon locker (Cost: 5)
[2018/1/23 - 10:54:07] Matt Fazzolari has logged out.
[2018/1/23 - 11:00:25] Hatake T Takahashi has withdrawn a Desert Eagle from the weapon locker (Cost: 5)
[2018/1/23 - 11:01:28] Sammy Wing has withdrawn a Desert Eagle from the weapon locker (Cost: 5)
[2018/1/23 - 11:01:40] Sammy Wing has withdrawn a Shotgun from the weapon locker (Cost: 3)
[2018/1/23 - 11:11:25] Skan Soze has logged out.
[2018/1/23 - 11:12:55] Bernard Griffin has logged out.
[2018/1/23 - 11:18:28] Abdani Sultan has logged out.
[2018/1/23 - 11:20:25] Franco Louis has logged out.
[2018/1/23 - 11:21:01] Chris Hemsworth has logged out.
[2018/1/23 - 11:25:46] Hatake T Takahashi has logged out.
[2018/1/23 - 11:26:56] Guerrilla Fighter Simon Payne has lost connection.
[2018/1/23 - 11:41:11] Sammy Wing has withdrawn a Desert Eagle from the weapon locker (Cost: 5)
[2018/1/23 - 11:41:20] Sammy Wing has withdrawn a Shotgun from the weapon locker (Cost: 3)
[2018/1/23 - 11:48:50] Sammy Wing has withdrawn a Desert Eagle from the weapon locker (Cost: 5)
[2018/1/23 - 11:48:52] Sammy Wing has withdrawn a Shotgun from the weapon locker (Cost: 3)
[2018/1/23 - 11:51:28] Sammy Wing has withdrawn a Desert Eagle from the weapon locker (Cost: 5)
[2018/1/23 - 11:51:30] Sammy Wing has withdrawn a Shotgun from the weapon locker (Cost: 3)
[2018/1/23 - 11:53:48] Simon Payne has logged out.
[2018/1/23 - 11:59:33] Chris Hemsworth has logged out.
[2018/1/23 - 12:00:21] Sammy Wing has logged out.
[2018/1/23 - 12:01:09] Bernard Griffin has withdrawn a Desert Eagle from the weapon locker (Cost: 5)
[2018/1/23 - 12:02:58] Franco Louis has logged out.
[2018/1/23 - 12:15:08] Abdani Sultan has withdrawn a Desert Eagle from the weapon locker (Cost: 5)
[2018/1/23 - 12:15:40] Abdani Sultan has logged out.
[2018/1/23 - 12:23:16] Denver Pereira has withdrawn a Desert Eagle from the weapon locker (Cost: 5)
[2018/1/23 - 12:23:17] Denver Pereira has withdrawn a Shotgun from the weapon locker (Cost: 3)
[2018/1/23 - 12:23:22] Denver Pereira has logged out.
[2018/1/23 - 12:27:27] Islamist Skan Soze has lost connection.
[2018/1/23 - 12:28:54] Bernard Griffin has withdrawn a Desert Eagle from the weapon locker (Cost: 5)
[2018/1/23 - 12:29:46] Islamist Bernard Griffin has lost connection.
[2018/1/23 - 12:30:52] Islamist Bernard Griffin has lost connection.
[2018/1/23 - 12:32:37] Chris Hemsworth has logged out.
[2018/1/23 - 12:33:13] Abdani Sultan has withdrawn a Desert Eagle from the weapon locker (Cost: 5)
[2018/1/23 - 12:33:43] Abdani Sultan has withdrawn a Desert Eagle from the weapon locker (Cost: 5)
[2018/1/23 - 12:34:19] Daniel Jr Sato has logged out.
[2018/1/23 - 12:39:14] Islamist Abdani Sultan has lost connection.
[2018/1/23 - 12:41:51] Denver Pereira has withdrawn a Desert Eagle from the weapon locker (Cost: 5)
[2018/1/23 - 12:41:51] Denver Pereira has withdrawn a Shotgun from the weapon locker (Cost: 3)
[2018/1/23 - 12:42:37] Abdani Sultan has logged out.
[2018/1/23 - 12:42:49] Islamist Skan Soze has lost connection.
[2018/1/23 - 12:45:02] Denver Pereira has logged out.
[2018/1/23 - 12:46:22] Denver Pereira has logged out.
[2018/1/23 - 12:51:01] Abdani Sultan has logged out.
[2018/1/23 - 12:54:25] Pahad Graves has withdrawn a Desert Eagle from the weapon locker (Cost: 5)
[2018/1/23 - 13:03:16] Pahad Graves has withdrawn a Desert Eagle from the weapon locker (Cost: 5)
[2018/1/23 - 13:16:08] Hatake T Takahashi has withdrawn a Desert Eagle from the weapon locker (Cost: 5)
[2018/1/23 - 13:16:43] Denver Pereira has logged out.
[2018/1/23 - 13:20:19] Denver Pereira has withdrawn a Desert Eagle from the weapon locker (Cost: 5)
[2018/1/23 - 13:20:20] Denver Pereira has withdrawn a Shotgun from the weapon locker (Cost: 3)
[2018/1/23 - 13:22:35] Denver Pereira has logged out.
[2018/1/23 - 13:22:49] Pahad Graves has withdrawn a Desert Eagle from the weapon locker (Cost: 5)
[2018/1/23 - 13:23:03] Pahad Graves has withdrawn a Desert Eagle from the weapon locker (Cost: 5)
[2018/1/23 - 13:24:47] Hatake T Takahashi has logged out.
[2018/1/23 - 13:32:06] Matt Fazzolari has logged out.
[2018/1/23 - 13:39:34] Daniel Jr Sato has logged out.
[2018/1/23 - 13:42:15] Council Commander Matt Fazzolari (120492) has set Vladmir Glasscock's (1000227987) division to Mujahideen in Islamic Society in
[2018/1/23 - 13:44:55] Franco Louis has withdrawn a Desert Eagle from the weapon locker (Cost: 5)
[2018/1/23 - 13:47:01] Lee Shawn has withdrawn a Desert Eagle from the weapon locker (Cost: 5)
[2018/1/23 - 13:47:03] Bernard Griffin has logged out.
[2018/1/23 - 13:47:44] Matt Fazzolari has authorized Bryant Gucci Cobra to withdraw a AK-47 from the weapon locker (Cost: 10)
[2018/1/23 - 13:48:11] Matt Fazzolari has withdrawn a AK-47 from the weapon locker (Cost: 10)
[2018/1/23 - 13:48:17] Matt Fazzolari has authorized Pahad Graves to withdraw a AK-47 from the weapon locker (Cost: 10)
[2018/1/23 - 13:52:13] Lee Shawn has logged out.
[2018/1/23 - 13:54:35] Council Commander Matt Fazzolari (120492) (rank 6) has given Bryant Gucci Cobra (1000627507) rank 1 (Islamist) in Islamic Socie
[2018/1/23 - 13:57:20] Matt Fazzolari has authorized Bryant Gucci Cobra to withdraw a AK-47 from the weapon locker (Cost: 10)
[2018/1/23 - 13:57:53] Bryant Gucci Cobra has withdrawn a Desert Eagle from the weapon locker (Cost: 5)
[2018/1/23 - 13:57:58] Pahad Graves has withdrawn a Desert Eagle from the weapon locker (Cost: 5)
[2018/1/23 - 13:58:02] Matt Fazzolari has withdrawn a AK-47 from the weapon locker (Cost: 10)
[2018/1/23 - 13:58:07] Matt Fazzolari has authorized Pahad Graves to withdraw a AK-47 from the weapon locker (Cost: 10)
[2018/1/23 - 13:58:14] Franco Louis has withdrawn a Desert Eagle from the weapon locker (Cost: 5)
[2018/1/23 - 13:58:21] Matt Fazzolari has authorized Franco Louis to withdraw a AK-47 from the weapon locker (Cost: 10)
[2018/1/23 - 14:05:21] Matt Fazzolari has withdrawn a AK-47 from the weapon locker (Cost: 10)
[2018/1/23 - 14:06:05] Matt Fazzolari has authorized Bryant Gucci Cobra to withdraw a AK-47 from the weapon locker (Cost: 10)
[2018/1/23 - 14:06:21] Bryant Gucci Cobra has withdrawn a Desert Eagle from the weapon locker (Cost: 5)
[2018/1/23 - 14:09:29] Matt Fazzolari has authorized Simon Payne to withdraw a AK-47 from the weapon locker (Cost: 10)
[2018/1/23 - 14:11:14] Pahad Graves has withdrawn a Desert Eagle from the weapon locker (Cost: 5)
[2018/1/23 - 14:12:04] Council Commander Matt Fazzolari (120492) (rank 6) has uninvited Pahad Graves (1000625267) (rank 2) from Islamic Society in San
[2018/1/23 - 14:18:19] Gather Wooth has withdrawn a Desert Eagle from the weapon locker (Cost: 5)
[2018/1/23 - 14:18:20] Gather Wooth has withdrawn a Shotgun from the weapon locker (Cost: 3)
[2018/1/23 - 14:18:34] Franco Louis has withdrawn a Desert Eagle from the weapon locker (Cost: 5)
[2018/1/23 - 14:18:40] Matt Fazzolari has authorized Franco Louis to withdraw a AK-47 from the weapon locker (Cost: 10)
[2018/1/23 - 14:19:52] Bryant Gucci Cobra has logged out.
[2018/1/23 - 14:21:04] Matt Fazzolari has withdrawn a Sniper Rifle from the weapon locker (Cost: 40)
[2018/1/23 - 14:23:08] Gather Wooth has logged out.
[2018/1/23 - 14:31:09] Bernard Griffin has withdrawn a Desert Eagle from the weapon locker (Cost: 5)
[2018/1/23 - 14:35:51] Matt Fazzolari has withdrawn a Sniper Rifle from the weapon locker (Cost: 40)
[2018/1/23 - 14:46:09] Chris Hemsworth has logged out.
[2018/1/23 - 14:56:31] Matt Fazzolari has authorized Simon Payne to withdraw a SPAS-12 from the weapon locker (Cost: 30)
[2018/1/23 - 14:59:28] Franco Louis has logged out.
[2018/1/23 - 15:00:12] Matt Fazzolari has logged out.
[2018/1/23 - 15:08:36] Simon Payne has logged out.
[2018/1/23 - 15:14:39] Bernard Griffin has withdrawn a Desert Eagle from the weapon locker (Cost: 5)
[2018/1/23 - 15:33:57] Gather Wooth has withdrawn a Desert Eagle from the weapon locker (Cost: 5)
[2018/1/23 - 15:33:58] Gather Wooth has withdrawn a Shotgun from the weapon locker (Cost: 3)
[2018/1/23 - 15:37:43] Gather Wooth has logged out.
[2018/1/23 - 15:40:13] Daniel Jr Sato has logged out.
[2018/1/23 - 15:47:14] Bernard Griffin has withdrawn a Desert Eagle from the weapon locker (Cost: 5)
[2018/1/23 - 15:48:33] Gather Wooth has withdrawn a Shotgun from the weapon locker (Cost: 3)
[2018/1/23 - 15:49:27] Chris Hemsworth has logged out.
[2018/1/23 - 15:51:07] Islamist Vladmir Glasscock has lost connection.
[2018/1/23 - 15:56:40] Islamist Bernard Griffin has lost connection.
[2018/1/23 - 15:57:33] Islamist Bernard Griffin has lost connection.
[2018/1/23 - 16:00:19] Gather Wooth has logged out.
[2018/1/23 - 16:14:34] Guerrilla Fighter Chris Hemsworth has lost connection.
[2018/1/23 - 16:17:56] Darius Esperto has withdrawn a Desert Eagle from the weapon locker (Cost: 5)
[2018/1/23 - 16:23:39] Darius Esperto has logged out.
[2018/1/23 - 16:25:45] Bernard Griffin has withdrawn a Desert Eagle from the weapon locker (Cost: 5)
[2018/1/23 - 16:28:19] Gather Wooth has logged out.
[2018/1/23 - 16:52:52] Guerrilla Fighter Daniel Jr Sato has lost connection.
[2018/1/23 - 17:00:27] Chris Hemsworth has logged out.
[2018/1/23 - 17:03:52] Simon Payne has logged out.
[2018/1/23 - 17:06:36] Simon Payne has logged out.
[2018/1/23 - 17:43:44] Bernard Griffin has logged out.
[2018/1/23 - 17:45:00] Matt Fazzolari has withdrawn a SPAS-12 from the weapon locker (Cost: 30)
[2018/1/23 - 17:45:14] Matt Fazzolari has withdrawn a SPAS-12 from the weapon locker (Cost: 30)
[2018/1/23 - 17:51:45] Max Radcliffe (1000624842) accepted Council Commander Matt Fazzolari's (120492) invite to join Islamic Society in San Andreas (30).
[2018/1/23 - 17:51:46] Council Commander Matt Fazzolari (120492) (rank 6) has given Max Radcliffe (1000624842) rank 1 (Islamist) in Islamic Society in
[2018/1/23 - 17:51:49] Council Commander Matt Fazzolari (120492) has set Max Radcliffe's (1000624842) division to Mujahideen in Islamic Society in San
[2018/1/23 - 17:54:09] Max Radcliffe has logged out.
[2018/1/23 - 17:56:48] Islamist Denver Pereira has lost connection.
[2018/1/23 - 18:02:04] Council Commander Matt Fazzolari has lost connection.
[2018/1/23 - 18:21:03] Denver Pereira has logged out.
[2018/1/23 - 18:24:41] Vladmir Glasscock has logged out.
[2018/1/23 - 18:47:26] Simon Payne has logged out.
[2018/1/23 - 18:50:40] Vladmir Glasscock has logged out.
[2018/1/23 - 18:52:39] Vladmir Glasscock has logged out.
[2018/1/23 - 18:55:21] Matt Fazzolari has withdrawn a Desert Eagle from the weapon locker (Cost: 5)
[2018/1/23 - 18:55:27] Matt Fazzolari has withdrawn a AK-47 from the weapon locker (Cost: 10)
[2018/1/23 - 18:57:28] Matt Fazzolari has logged out.
[2018/1/23 - 19:01:30] Matt Fazzolari has authorized Vladmir Glasscock to withdraw a AK-47 from the weapon locker (Cost: 10)
[2018/1/23 - 19:02:34] Denver Pereira has logged out.
[2018/1/23 - 19:14:52] Daniel Jr Sato has withdrawn a Desert Eagle from the weapon locker (Cost: 5)
[2018/1/23 - 19:15:05] Matt Fazzolari has authorized Daniel Jr Sato to withdraw a AK-47 from the weapon locker (Cost: 10)
[2018/1/23 - 19:29:38] Nick Chains has withdrawn a Desert Eagle from the weapon locker (Cost: 5)
[2018/1/23 - 19:43:29] Matt Fazzolari has authorized Nick Chains to withdraw a AK-47 from the weapon locker (Cost: 10)
[2018/1/23 - 19:44:43] Vladmir Glasscock has withdrawn a Desert Eagle from the weapon locker (Cost: 5)
[2018/1/23 - 19:44:53] Matt Fazzolari has withdrawn a MP5 from the weapon locker (Cost: 5)
[2018/1/23 - 19:44:56] Matt Fazzolari has withdrawn a Sniper Rifle from the weapon locker (Cost: 40)
[2018/1/23 - 19:58:18] Nick Chains has logged out.
[2018/1/23 - 19:58:20] Chris Hemsworth has logged out.
[2018/1/23 - 20:03:28] Lucas Wick has withdrawn a Desert Eagle from the weapon locker (Cost: 5)
[2018/1/23 - 20:03:33] Matt Fazzolari has authorized Lucas Wick to withdraw a AK-47 from the weapon locker (Cost: 10)
[2018/1/23 - 20:05:49] Matt Fazzolari has withdrawn a Desert Eagle from the weapon locker (Cost: 5)
[2018/1/23 - 20:05:51] Matt Fazzolari has withdrawn a MP5 from the weapon locker (Cost: 5)
[2018/1/23 - 20:07:48] Vladmir Glasscock has logged out.
[2018/1/23 - 20:09:17] Daniel Jr Sato has withdrawn a Desert Eagle from the weapon locker (Cost: 5)
[2018/1/23 - 20:13:10] Lucas Wick has logged out.
[2018/1/23 - 20:18:33] Radical Lucas Wick has lost connection.
[2018/1/23 - 20:18:58] Hades Archie (1000627924) accepted Council Commander Matt Fazzolari's (120492) invite to join Islamic Society in San Andreas (30).
[2018/1/23 - 20:19:01] Council Commander Matt Fazzolari (120492) (rank 6) has given Hades Archie (1000627924) rank 1 (Islamist) in Islamic Society in 
[2018/1/23 - 20:19:05] Council Commander Matt Fazzolari (120492) has set Hades Archie's (1000627924) division to Mujahideen in Islamic Society in San 
[2018/1/23 - 20:27:57] Islamist Hades Archie has lost connection.
[2018/1/23 - 20:31:43] Matt Fazzolari has authorized Max Radcliffe to withdraw a AK-47 from the weapon locker (Cost: 10)
[2018/1/23 - 20:32:51] Simon Payne has logged out.
[2018/1/23 - 20:35:54] Lucas Wick has logged out.
[2018/1/23 - 20:43:32] Matt Fazzolari has withdrawn a AK-47 from the weapon locker (Cost: 10)
[2018/1/23 - 20:43:32] Greg Ross has withdrawn a Desert Eagle from the weapon locker (Cost: 5)
[2018/1/23 - 20:43:46] Matt Fazzolari has authorized Greg Ross to withdraw a AK-47 from the weapon locker (Cost: 10)
[2018/1/23 - 20:44:14] Daniel Jr Sato has logged out.
[2018/1/23 - 20:49:55] Matt Fazzolari has withdrawn a Desert Eagle from the weapon locker (Cost: 5)
[2018/1/23 - 20:50:02] Matt Fazzolari has withdrawn a SPAS-12 from the weapon locker (Cost: 30)
[2018/1/23 - 20:53:46] Vladmir Glasscock has withdrawn a Desert Eagle from the weapon locker (Cost: 5)
[2018/1/23 - 20:53:52] Matt Fazzolari has authorized Frankie Glasscock to withdraw a AK-47 from the weapon locker (Cost: 10)
[2018/1/23 - 20:54:00] Frankie Glasscock has withdrawn a Desert Eagle from the weapon locker (Cost: 5)
[2018/1/23 - 20:56:30] Vladmir Glasscock has logged out.
[2018/1/23 - 20:56:31] Frankie Glasscock has logged out.
[2018/1/23 - 21:02:45] Islamist Frankie Glasscock has lost connection.
[2018/1/23 - 21:06:11] Matt Fazzolari has withdrawn a MP5 from the weapon locker (Cost: 5)
[2018/1/23 - 21:07:59] Denver Pereira has withdrawn a Shotgun from the weapon locker (Cost: 3)
[2018/1/23 - 21:07:59] Denver Pereira has withdrawn a Desert Eagle from the weapon locker (Cost: 5)
[2018/1/23 - 21:12:22] Denver Pereira has logged out.
[2018/1/23 - 21:12:32] Greg Ross has logged out.
[2018/1/23 - 21:19:21] Islamist Vladmir Glasscock has lost connection.
[2018/1/23 - 21:19:33] Matt Fazzolari has withdrawn a MP5 from the weapon locker (Cost: 5)
[2018/1/23 - 21:20:18] Matt Fazzolari has logged out.
[2018/1/23 - 21:20:20] Hades Archie has logged out.
[2018/1/23 - 21:46:35] Skan Soze has logged out.
[2018/1/23 - 21:52:15] Max Radcliffe has logged out.
[2018/1/23 - 22:09:39] Erick Diablo has logged out.
[2018/1/23 - 22:11:47] Erick Diablo has withdrawn a Desert Eagle from the weapon locker (Cost: 5)
[2018/1/23 - 22:11:51] Erick Diablo has withdrawn a SPAS-12 from the weapon locker (Cost: 30)
[2018/1/23 - 22:11:59] Erick Diablo has withdrawn 20 grams of Meth from the safe.
[2018/1/23 - 22:21:26] Islamist Vladmir Glasscock has lost connection.
[2018/1/23 - 22:21:27] Islamist Frankie Glasscock has lost connection.
[2018/1/23 - 22:28:12] Simon Payne has logged out.
[2018/1/23 - 22:32:05] Guerrilla Fighter Lei Dios Fuyu has lost connection.
[2018/1/23 - 22:32:05] Darius Devil has logged in.
[2018/1/23 - 22:32:48] Lei Dios Fuyu has logged out.
[2018/1/23 - 23:03:05] Guerrilla Fighter Simon Payne has lost connection.
[2018/1/23 - 23:23:32] Frankie Glasscock has logged out.
[2018/1/23 - 23:24:47] Darius Devil has logged out.
[2018/1/23 - 23:37:47] Radical Lucas Wick has lost connection.
[2018/1/23 - 23:48:34] Lucas Wick has withdrawn a Desert Eagle from the weapon locker (Cost: 5)
[2018/1/23 - 23:48:43] Erick Diablo has authorized Lucas Wick to withdraw a AK-47 from the weapon locker (Cost: 10)
[2018/1/23 - 23:54:07] Erick Diablo has withdrawn 100 grams of Crack from the safe.
