[2018/1/8 - 0:04:57] Jihadist Matt Fazzolari has lost connection.
[2018/1/8 - 0:12:28] Council Commander Erick Diablo (1000218786) (rank 6) has given Matt Fazzolari (120492) rank 5 (Field Commander) in Islamic Soci
[2018/1/8 - 0:35:26] Erick Diablo has logged out.
[2018/1/8 - 0:38:00] Jamie Gent has logged out.
[2018/1/8 - 1:20:46] Erick Diablo has logged out.
[2018/1/8 - 1:26:48] Council Commander Erick Diablo has lost connection.
[2018/1/8 - 1:52:30] Erick Diablo has logged out.
[2018/1/8 - 1:52:36] Matt Fazzolari has logged out.
[2018/1/8 - 3:45:35] Erick Diablo has logged out.
[2018/1/8 - 3:49:58] Erick Diablo has logged out.
[2018/1/8 - 4:08:46] Erick Diablo has logged out.
[2018/1/8 - 4:24:33] Erick Diablo has logged out.
[2018/1/8 - 5:19:52] Erick Diablo has logged out.
[2018/1/8 - 6:13:09] Taz Bronx has logged out.
[2018/1/8 - 7:18:42] Taz Bronx (1000176066) has quit the Islamic Society in San Andreas as a rank 4
[2018/1/8 - 11:06:17] Convert Megan Yamaguchi has lost connection.
[2018/1/8 - 11:17:28] Jack Hood has logged out.
[2018/1/8 - 11:24:20] Dark Smith has logged out.
[2018/1/8 - 11:24:25] Jack Hood (1000625336) has quit the Islamic Society in San Andreas as a rank 1
[2018/1/8 - 11:25:43] Dark Smith (1000625470) has quit the Islamic Society in San Andreas as a rank 0
[2018/1/8 - 11:47:43] Convert Megan Yamaguchi has lost connection.
[2018/1/8 - 13:53:24] Convert Megan Yamaguchi has lost connection.
[2018/1/8 - 14:15:32] Convert Megan Yamaguchi has lost connection.
[2018/1/8 - 14:18:11] Jamie Gent has logged out.
[2018/1/8 - 15:02:53] Ryan Wankstein is now off duty and earned $500
[2018/1/8 - 15:08:30] Jihadist Ryan Wankstein has lost connection.
[2018/1/8 - 15:10:59] Ryan Wankstein has logged out.
[2018/1/8 - 15:55:19] Ryan T Jackson has logged out.
[2018/1/8 - 19:45:54] Convert Sergio Buenoh has lost connection.
[2018/1/8 - 19:51:36] Convert Sergio Buenoh has lost connection.
[2018/1/8 - 20:25:50] Sergio Buenoh has logged out.
[2018/1/8 - 21:44:26] Tifa Kusnetsov has logged out.
[2018/1/8 - 21:44:57] Buju Banton has logged out.
[2018/1/8 - 22:38:33] Erick Diablo has logged out.
[2018/1/8 - 23:33:35] Erick Diablo has logged out.
[2018/1/8 - 23:43:57] Field Commander Matt Fazzolari has lost connection.
