[2018/1/4 - 0:21:45] Erick Diablo has logged in.
[2018/1/4 - 0:26:40] Wolly Loc has logged in.
[2018/1/4 - 0:29:23] Erick Diablo has withdrawn a Desert Eagle from the weapon locker (Cost: 5)
[2018/1/4 - 0:29:27] Erick Diablo has withdrawn a Shotgun from the weapon locker (Cost: 3)
[2018/1/4 - 0:30:09] Vladmir Glasscock has logged out.
[2018/1/4 - 0:31:00] Vladmir Glasscock has logged in.
[2018/1/4 - 0:34:01] Erick Diablo has logged out.
[2018/1/4 - 0:56:32] Vladmir Glasscock has logged out.
[2018/1/4 - 2:01:51] Erick Diablo has logged in.
[2018/1/4 - 2:14:41] Wolly Loc has withdrawn a Silenced Colt .45 from the weapon locker (Cost: 3)
[2018/1/4 - 2:29:57] Filipe Sheepwolf has logged in.
[2018/1/4 - 2:35:01] Wolly Loc has authorized Filipe Sheepwolf to withdraw a Shotgun from the weapon locker (Cost: 3)
[2018/1/4 - 2:39:11] Erick Diablo has withdrawn a Desert Eagle from the weapon locker (Cost: 5)
[2018/1/4 - 2:39:14] Erick Diablo has withdrawn a Shotgun from the weapon locker (Cost: 3)
[2018/1/4 - 3:11:52] Filipe Sheepwolf has logged out.
[2018/1/4 - 3:34:54] Erick Diablo has logged out.
[2018/1/4 - 4:03:25] Wolly Loc has logged out.
[2018/1/4 - 4:16:05] Jake Ginobi has logged in.
[2018/1/4 - 4:16:20] Jake Ginobi has logged out.
[2018/1/4 - 4:18:55] Jake Ginobi has logged in.
[2018/1/4 - 4:37:58] Ryan T Jackson has logged in.
[2018/1/4 - 4:39:50] Jake Ginobi has logged out.
[2018/1/4 - 4:41:32] Field Commander Ryan T Jackson has lost connection.
[2018/1/4 - 4:42:42] Ryan T Jackson has logged in.
[2018/1/4 - 4:45:53] Ryan T Jackson has logged out.
[2018/1/4 - 4:48:07] Ryan T Jackson has logged in.
[2018/1/4 - 4:48:20] Ryan T Jackson has logged out.
[2018/1/4 - 4:51:01] Ryan T Jackson has logged in.
[2018/1/4 - 4:51:10] Ryan T Jackson has logged out.
[2018/1/4 - 4:56:23] Ryan T Jackson has logged in.
[2018/1/4 - 4:57:41] Ryan T Jackson has withdrawn 20 grams of Meth from the safe.
[2018/1/4 - 5:41:27] Wolly Loc has logged in.
[2018/1/4 - 5:42:09] Ryan T Jackson has logged out.
[2018/1/4 - 5:42:10] Wolly Loc has logged out.
[2018/1/4 - 5:47:46] Wolly Loc has logged in.
[2018/1/4 - 5:49:53] Ryan T Jackson has logged in.
[2018/1/4 - 5:53:51] Ryan T Jackson has logged out.
[2018/1/4 - 6:04:54] Wolly Loc has logged out.
[2018/1/4 - 6:47:56] Ryan T Jackson has logged in.
[2018/1/4 - 6:48:25] Ryan T Jackson has logged out.
[2018/1/4 - 6:49:21] Ryan T Jackson has logged in.
[2018/1/4 - 6:49:37] Ryan T Jackson has logged out.
[2018/1/4 - 6:51:07] Ryan T Jackson has logged in.
[2018/1/4 - 7:47:56] Ryan T Jackson has logged out.
[2018/1/4 - 7:49:06] Ryan T Jackson has logged in.
[2018/1/4 - 10:06:54] Anis Ibrahim Kaskar has logged in.
[2018/1/4 - 10:26:33] Anis Ibrahim Kaskar has logged out.
[2018/1/4 - 10:50:14] Matt Fazzolari has logged in.
[2018/1/4 - 10:56:55] Matt Fazzolari has logged out.
[2018/1/4 - 11:39:05] Field Commander Ryan T Jackson has lost connection.
[2018/1/4 - 11:48:26] Ryan T Jackson has logged in.
[2018/1/4 - 12:07:05] Ryan Wankstein has logged in.
[2018/1/4 - 12:19:23] Ryan T Jackson has logged out.
[2018/1/4 - 12:35:27] Ryan T Jackson has logged in.
[2018/1/4 - 12:38:37] Field Commander Ryan T Jackson has lost connection.
[2018/1/4 - 12:39:45] Ryan T Jackson has logged in.
[2018/1/4 - 12:45:17] Matt Fazzolari has logged in.
[2018/1/4 - 12:55:57] Field Commander Ryan T Jackson has lost connection.
[2018/1/4 - 12:56:50] Ryan T Jackson has logged in.
[2018/1/4 - 13:06:56] Matt Fazzolari has logged out.
[2018/1/4 - 13:12:02] Ryan Wankstein has logged out.
[2018/1/4 - 13:40:19] Field Commander Ryan T Jackson has lost connection.
[2018/1/4 - 13:50:43] Ryan T Jackson has logged in.
[2018/1/4 - 13:53:09] Ryan T Jackson has logged out.
[2018/1/4 - 13:54:01] Ryan T Jackson has logged in.
[2018/1/4 - 14:06:20] Field Commander Ryan T Jackson has lost connection.
[2018/1/4 - 14:07:18] Ryan T Jackson has logged in.
[2018/1/4 - 14:15:58] Field Commander Ryan T Jackson has lost connection.
[2018/1/4 - 14:17:14] Ryan T Jackson has logged in.
[2018/1/4 - 14:30:58] Danny Fisher has logged in.
[2018/1/4 - 14:31:39] Field Commander Ryan T Jackson (900152) (rank 5) has given Danny Fisher (1000136004) rank 4 (Jihadist) in Islamic Society in Sa
[2018/1/4 - 14:32:36] Field Commander Ryan T Jackson (900152) (rank 5) has given Danny Fisher (1000136004) rank 5 (Field Commander) in Islamic Societ
[2018/1/4 - 14:40:31] Danny Fisher has withdrawn a MP5 from the weapon locker (Cost: 5)
[2018/1/4 - 14:40:45] Danny Fisher has withdrawn 40 grams of Ecstasy from the safe.
[2018/1/4 - 14:40:56] Danny Fisher has withdrawn $1,000,000 from the safe.
[2018/1/4 - 14:41:07] Danny Fisher has withdrawn 22500 materials from the safe.
[2018/1/4 - 14:45:47] Danny Fisher has deposited $1000000 into the safe.
[2018/1/4 - 14:46:55] Danny Fisher has deposited 15000 materials into the safe.
[2018/1/4 - 14:47:10] Matt Fazzolari has logged in.
[2018/1/4 - 15:02:09] Danny Fisher has logged out.
[2018/1/4 - 15:06:42] Eric Compton has logged in.
[2018/1/4 - 15:33:40] Timmy Fanatic has logged in.
[2018/1/4 - 15:39:10] Matt Fazzolari has logged out.
[2018/1/4 - 15:43:06] Ryan T Jackson has logged out.
[2018/1/4 - 15:45:38] Ryan T Jackson has logged in.
[2018/1/4 - 15:49:43] Field Commander Ryan T Jackson has lost connection.
[2018/1/4 - 15:50:28] Ryan T Jackson has logged in.
[2018/1/4 - 15:57:16] Jihadist Timmy Fanatic has lost connection.
[2018/1/4 - 16:08:21] Jake Ginobi has logged in.
[2018/1/4 - 16:11:35] Jake Ginobi has logged out.
[2018/1/4 - 16:19:38] Field Commander Ryan T Jackson has lost connection.
[2018/1/4 - 16:21:07] Ryan T Jackson has logged in.
[2018/1/4 - 16:26:47] Antonio D. Sarto has logged in.
[2018/1/4 - 16:39:50] Ryan T Jackson (900152) has quit the Islamic Society in San Andreas as a rank 5
[2018/1/4 - 16:42:34] Anis Ibrahim Kaskar has logged in.
[2018/1/4 - 16:49:11] Anis Ibrahim Kaskar has logged out.
[2018/1/4 - 16:49:48] Anis Ibrahim Kaskar has logged in.
[2018/1/4 - 17:14:41] Radical Anis Ibrahim Kaskar has lost connection.
[2018/1/4 - 17:15:08] Anis Ibrahim Kaskar has logged in.
[2018/1/4 - 17:28:26] Radical Anis Ibrahim Kaskar has lost connection.
[2018/1/4 - 17:28:45] Anis Ibrahim Kaskar has logged in.
[2018/1/4 - 17:38:21] Antonio D. Sarto has logged out.
[2018/1/4 - 17:57:29] Antonio D. Sarto has logged in.
[2018/1/4 - 18:25:08] Antonio D. Sarto (372679) has quit the Islamic Society in San Andreas as a rank 0
[2018/1/4 - 18:30:35] Anis Ibrahim Kaskar has logged out.
[2018/1/4 - 19:41:23] Anis Ibrahim Kaskar has logged in.
[2018/1/4 - 19:52:00] Anis Ibrahim Kaskar has logged out.
[2018/1/4 - 20:27:26] Filipe Sheepwolf has logged in.
[2018/1/4 - 20:27:40] Islamist Filipe Sheepwolf has lost connection.
[2018/1/4 - 20:29:04] Filipe Sheepwolf has logged in.
[2018/1/4 - 21:00:53] Vladmir Glasscock has logged in.
[2018/1/4 - 21:06:49] Matt Fazzolari has logged in.
[2018/1/4 - 21:32:23] Vladmir Glasscock has logged in.
[2018/1/4 - 21:33:48] Vladmir Glasscock has logged out.
[2018/1/4 - 21:34:14] Vladmir Glasscock has logged in.
[2018/1/4 - 21:36:04] Wayne Mclovinn has logged in.
[2018/1/4 - 21:39:07] Vladmir Glasscock has logged out.
[2018/1/4 - 21:39:33] Vladmir Glasscock has logged in.
[2018/1/4 - 22:14:51] Matt Fazzolari has logged out.
[2018/1/4 - 22:15:29] Matt Fazzolari has logged in.
[2018/1/4 - 23:16:09] Matt Fazzolari has logged out.
