[2018/1/2 - 0:02:24] Matt Fazzolari has logged out.
[2018/1/2 - 0:04:00] James Geller (1000007926) accepted Caliph Darius Devil's (10932) invite to join Islamic Society in San Andreas (30).
[2018/1/2 - 0:04:18] Caliph Darius Devil (10932) has set James Geller's (1000007926) division to Mujahideen in Islamic Society in San Andreas (30).
[2018/1/2 - 0:06:17] Matt Fazzolari has logged in.
[2018/1/2 - 0:07:22] Caliph Darius Devil (10932) (rank 9) has given Matt Fazzolari (120492) rank 1 (Islamist) in Islamic Society in San Andreas (30)
[2018/1/2 - 0:12:12] Emir Wolly Loc has lost connection.
[2018/1/2 - 0:12:33] Wolly Loc has logged in.
[2018/1/2 - 0:13:57] Convert Zaka Lacoka has lost connection.
[2018/1/2 - 0:15:04] Zaka Lacoka has logged in.
[2018/1/2 - 0:17:27] Buju Banton has logged in.
[2018/1/2 - 0:26:50] Darius Devil has deposited $3953 into the safe.
[2018/1/2 - 0:30:37] Tifa Kusnetsov has logged in.
[2018/1/2 - 0:31:07] Tifa Kusnetsov has logged out.
[2018/1/2 - 0:31:49] Tifa Kusnetsov has logged in.
[2018/1/2 - 0:33:07] Buju Banton has logged out.
[2018/1/2 - 0:33:34] Buju Banton has logged in.
[2018/1/2 - 0:36:19] Tifa Kusnetsov has logged out.
[2018/1/2 - 0:36:38] Zaka Lacoka has logged out.
[2018/1/2 - 0:38:14] Convert Buju Banton has lost connection.
[2018/1/2 - 0:43:23] Buju Banton has logged in.
[2018/1/2 - 0:44:18] Convert James Geller has lost connection.
[2018/1/2 - 0:44:51] James Geller has logged in.
[2018/1/2 - 1:04:47] Convert Buju Banton has lost connection.
[2018/1/2 - 1:04:53] Wolly Loc has logged in.
[2018/1/2 - 1:05:03] Buju Banton has logged in.
[2018/1/2 - 1:09:36] Tifa Kusnetsov has logged in.
[2018/1/2 - 1:14:34] Convert Buju Banton has lost connection.
[2018/1/2 - 1:15:09] Buju Banton has logged in.
[2018/1/2 - 1:18:01] Filipe Sheepwolf (879676) accepted Caliph Darius Devil's (10932) invite to join Islamic Society in San Andreas (30).
[2018/1/2 - 1:18:03] Caliph Darius Devil (10932) has set Filipe Sheepwolf's (879676) division to Mujahideen in Islamic Society in San Andreas (30).
[2018/1/2 - 1:19:39] Matt Honest (880189) has made Tifa Kusnetsov (1000397973) the leader of the Islamic Society in San Andreas.
[2018/1/2 - 1:19:45] Matt Honest (880189) has made Wolly Loc (50232) the leader of the Islamic Society in San Andreas.
[2018/1/2 - 1:20:02] Caliph Tifa Kusnetsov (1000397973) has set Darius Devil's (10932) division to Finances in Islamic Society in San Andreas (30).
[2018/1/2 - 1:20:04] Caliph Tifa Kusnetsov (1000397973) has set Darius Devil's (10932) division to Mujahideen in Islamic Society in San Andreas (30)
[2018/1/2 - 1:20:09] Caliph Darius Devil (10932) (rank 9) has given Tifa Kusnetsov (1000397973) rank 6 (Council Commander) in Islamic Society in San
[2018/1/2 - 1:20:22] Caliph Darius Devil (10932) (rank 9) has given Wolly Loc (50232) rank 7 (Governor) in Islamic Society in San Andreas (30).
[2018/1/2 - 1:20:24] Caliph Darius Devil (10932) (rank 9) has given Wolly Loc (50232) rank 8 (Emir) in Islamic Society in San Andreas (30).
[2018/1/2 - 1:20:50] Caliph Darius Devil (10932) has set Tifa Kusnetsov's (1000397973) division to Recruitment in Islamic Society in San Andreas (30
[2018/1/2 - 1:20:59] Emir Wolly Loc (50232) has set Wolly Loc's (50232) division to Cabinet in Islamic Society in San Andreas (30).
[2018/1/2 - 1:20:59] Caliph Darius Devil (10932) has set Darius Devil's (10932) division to Cabinet in Islamic Society in San Andreas (30).
[2018/1/2 - 1:23:05] Jake Ginobi (116321) accepted Council Commander Tifa Kusnetsov's (1000397973) invite to join Islamic Society in San Andreas (30).
[2018/1/2 - 1:27:20] Kimo Kusnetsov has logged in.
[2018/1/2 - 1:29:32] Kimo Kusnetsov has logged out.
[2018/1/2 - 1:30:59] Kimo Kusnetsov has logged in.
[2018/1/2 - 1:33:25] Emir Wolly Loc has lost connection.
[2018/1/2 - 1:35:41] Kimo Kusnetsov has logged out.
[2018/1/2 - 1:37:25] Jake Ginobi has logged out.
[2018/1/2 - 1:38:27] Kimo Kusnetsov has logged in.
[2018/1/2 - 1:38:43] Convert Kimo Kusnetsov has lost connection.
[2018/1/2 - 1:42:07] Kimo Kusnetsov has logged in.
[2018/1/2 - 1:43:27] Kimo Kusnetsov has logged out.
[2018/1/2 - 1:45:08] Kimo Kusnetsov has logged in.
[2018/1/2 - 1:45:21] Convert Kimo Kusnetsov has lost connection.
[2018/1/2 - 1:46:36] Kimo Kusnetsov has logged in.
[2018/1/2 - 1:48:32] Wolly Loc has logged in.
[2018/1/2 - 1:49:32] Council Commander Tifa Kusnetsov (1000397973) (rank 6) has given Filipe Sheepwolf (879676) rank 1 (Islamist) in Islamic Society
[2018/1/2 - 1:49:35] Council Commander Tifa Kusnetsov (1000397973) (rank 6) has given Buju Banton (99857) rank 1 (Islamist) in Islamic Society in Sa
[2018/1/2 - 1:52:52] Tifa Kusnetsov has logged out.
[2018/1/2 - 2:01:53] Islamist Buju Banton has lost connection.
[2018/1/2 - 2:02:07] Buju Banton has logged in.
[2018/1/2 - 2:09:58] Buju Banton has logged out.
[2018/1/2 - 2:12:40] Kimo Kusnetsov has logged out.
[2018/1/2 - 2:13:51] Kimo Kusnetsov has logged in.
[2018/1/2 - 2:21:41] Kimo Kusnetsov has logged out.
[2018/1/2 - 2:38:00] John Muai has logged in.
[2018/1/2 - 2:38:38] James Geller has logged out.
[2018/1/2 - 2:40:38] John Muai has logged out.
[2018/1/2 - 3:06:33] Wolly Loc has logged out.
[2018/1/2 - 3:42:52] Erick Diablo has logged in.
[2018/1/2 - 3:47:12] Erick Diablo has logged out.
[2018/1/2 - 4:07:16] Matt Fazzolari has withdrawn a Shotgun from the weapon locker (Cost: 25)
[2018/1/2 - 4:12:32] Matt Fazzolari has logged out.
[2018/1/2 - 4:14:08] Erick Diablo has logged in.
[2018/1/2 - 4:18:59] Filipe Sheepwolf has logged out.
[2018/1/2 - 4:33:00] Matt Fazzolari has logged in.
[2018/1/2 - 4:46:49] Matt Fazzolari has logged out.
[2018/1/2 - 4:50:09] Matt Fazzolari has logged in.
[2018/1/2 - 4:51:26] Matt Fazzolari has logged out.
[2018/1/2 - 4:54:16] Matt Fazzolari has logged in.
[2018/1/2 - 4:55:01] Matt Fazzolari has logged out.
[2018/1/2 - 4:56:08] Matt Fazzolari has logged in.
[2018/1/2 - 5:04:59] Council Commander Erick Diablo has lost connection.
[2018/1/2 - 5:06:20] Erick Diablo has logged in.
[2018/1/2 - 5:32:45] Erick Diablo has logged out.
[2018/1/2 - 5:33:37] Erick Diablo has logged in.
[2018/1/2 - 5:55:26] Matt Fazzolari has logged out.
[2018/1/2 - 5:56:06] Matt Fazzolari has logged in.
[2018/1/2 - 6:46:38] Erick Diablo has logged out.
[2018/1/2 - 7:37:45] Jake Ginobi has logged in.
[2018/1/2 - 7:38:33] Matt Fazzolari has logged out.
[2018/1/2 - 7:41:11] Matt Fazzolari has logged in.
[2018/1/2 - 7:53:36] Jake Ginobi has logged out.
[2018/1/2 - 8:01:38] Matt Fazzolari has logged out.
[2018/1/2 - 9:38:08] Sergio Buenoh has logged in.
[2018/1/2 - 9:40:52] Sergio Buenoh has logged out.
[2018/1/2 - 11:50:49] Tifa Kusnetsov has logged in.
[2018/1/2 - 12:06:19] Ryan T Jackson (900152) accepted Council Commander Tifa Kusnetsov's (1000397973) invite to join Islamic Society in San Andreas (30).
[2018/1/2 - 12:06:24] Council Commander Tifa Kusnetsov (1000397973) (rank 6) has given Ryan T Jackson (900152) rank 4 (Jihadist) in Islamic Society i
[2018/1/2 - 12:06:32] Ryan T Jackson has logged out.
[2018/1/2 - 12:08:18] Ryan Wankstein has logged in.
[2018/1/2 - 12:08:39] Minh Chikino (1000625157) accepted Council Commander Tifa Kusnetsov's (1000397973) invite to join Islamic Society in San Andreas (30).
[2018/1/2 - 12:19:49] Minh Chikino has logged out.
[2018/1/2 - 12:30:31] Tifa Kusnetsov has logged in.
[2018/1/2 - 12:30:44] Ryan Wankstein has logged in.
[2018/1/2 - 12:32:44] Jihadist Ryan Wankstein has lost connection.
[2018/1/2 - 12:53:08] Kog S Valentino (1000625071) accepted Council Commander Tifa Kusnetsov's (1000397973) invite to join Islamic Society in San Andreas (30).
[2018/1/2 - 12:58:16] Tifa Kusnetsov has logged out.
[2018/1/2 - 13:03:44] Minh Chikino has logged in.
[2018/1/2 - 13:04:10] Kimo Kusnetsov has logged in.
[2018/1/2 - 13:15:03] Tifa Kusnetsov has logged in.
[2018/1/2 - 13:20:59] Buju Banton has logged in.
[2018/1/2 - 13:26:22] Megan Yamaguchi (1000625261) accepted Council Commander Tifa Kusnetsov's (1000397973) invite to join Islamic Society in San Andreas (30).
[2018/1/2 - 13:28:59] Islamist Buju Banton has lost connection.
[2018/1/2 - 13:29:13] Buju Banton has logged in.
[2018/1/2 - 13:30:23] Lamar Clark (1000625088) accepted Council Commander Tifa Kusnetsov's (1000397973) invite to join Islamic Society in San Andreas (30).
[2018/1/2 - 13:43:45] Council Commander Tifa Kusnetsov (1000397973) has set Megan Yamaguchi's (1000625261) division to Mujahideen in Islamic Society 
[2018/1/2 - 13:43:49] Council Commander Tifa Kusnetsov (1000397973) has set Lamar Clark's (1000625088) division to Mujahideen in Islamic Society in S
[2018/1/2 - 13:48:03] Kevin Kush (1000071051) has made Kevin Kush (1000071051) the leader of the Islamic Society in San Andreas.
[2018/1/2 - 13:59:22] Fyodor Smirnov (1000380417) accepted Council Commander Tifa Kusnetsov's (1000397973) invite to join Islamic Society in San Andreas (30).
[2018/1/2 - 13:59:40] Kog S Valentino has withdrawn a Colt .45 from the weapon locker (Cost: 10)
[2018/1/2 - 13:59:46] Kog S Valentino has withdrawn a Silenced Colt .45 from the weapon locker (Cost: 10)
[2018/1/2 - 13:59:52] Kog S Valentino has withdrawn a Baseball Bat from the weapon locker (Cost: 5)
[2018/1/2 - 14:00:36] Lamar Clark has withdrawn a Silenced Colt .45 from the weapon locker (Cost: 10)
[2018/1/2 - 14:00:40] Convert Megan Yamaguchi has lost connection.
[2018/1/2 - 14:00:52] Tifa Kusnetsov has withdrawn a Desert Eagle from the weapon locker (Cost: 15)
[2018/1/2 - 14:01:21] Filipe Sheepwolf has logged in.
[2018/1/2 - 14:01:31] Tifa Kusnetsov has authorized Lamar Clark to withdraw a Desert Eagle from the weapon locker (Cost: 15)
[2018/1/2 - 14:01:55] Tifa Kusnetsov has authorized Buju Banton to withdraw a Desert Eagle from the weapon locker (Cost: 15)
[2018/1/2 - 14:02:07] Tifa Kusnetsov has authorized Fyodor Smirnov to withdraw a Desert Eagle from the weapon locker (Cost: 15)
[2018/1/2 - 14:02:18] Tifa Kusnetsov has authorized Kog S Valentino to withdraw a Desert Eagle from the weapon locker (Cost: 15)
[2018/1/2 - 14:02:48] Minh Chikino has deposited 500 materials into the safe.
[2018/1/2 - 14:06:04] Caliph Darius Devil (10932) has set Fyodor Smirnov's (1000380417) division to Mujahideen in Islamic Society in San Andreas (30)
[2018/1/2 - 14:06:13] Council Commander Tifa Kusnetsov has lost connection.
[2018/1/2 - 14:06:34] Darius Devil has deposited $40201 into the safe.
[2018/1/2 - 14:07:35] Tifa Kusnetsov has logged in.
[2018/1/2 - 14:08:11] Council Commander Tifa Kusnetsov has lost connection.
[2018/1/2 - 14:08:48] Tifa Kusnetsov has logged in.
[2018/1/2 - 14:08:50] Arif Hoonigan (120328) accepted Caliph Darius Devil's (10932) invite to join Islamic Society in San Andreas (30).
[2018/1/2 - 14:08:55] Caliph Darius Devil (10932) (rank 9) has given Arif Hoonigan (120328) rank 5 (Field Commander) in Islamic Society in San Andrea
[2018/1/2 - 14:10:04] Kevin Kush (1000071051) has made Arif Hoonigan (120328) the leader of the Islamic Society in San Andreas.
[2018/1/2 - 14:10:11] Caliph Darius Devil (10932) (rank 9) has given Arif Hoonigan (120328) rank 5 (Field Commander) in Islamic Society in San Andrea
[2018/1/2 - 14:10:37] Field Commander Arif Hoonigan (120328) has set Arif Hoonigan's (120328) division to Recruitment in Islamic Society in San Andre
[2018/1/2 - 14:10:59] Tifa Kusnetsov has logged in.
[2018/1/2 - 14:11:36] Tifa Kusnetsov has logged out.
[2018/1/2 - 14:12:09] Tifa Kusnetsov has logged in.
[2018/1/2 - 14:12:57] Tifa Kusnetsov has logged out.
[2018/1/2 - 14:13:26] Tifa Kusnetsov has logged in.
[2018/1/2 - 14:21:13] Arif Hoonigan has withdrawn 20 grams of Ecstasy from the safe.
[2018/1/2 - 14:21:19] Arif Hoonigan has withdrawn 20 grams of Meth from the safe.
[2018/1/2 - 14:26:22] Tifa Kusnetsov has logged out.
[2018/1/2 - 14:32:27] Minh Chikino has logged out.
[2018/1/2 - 14:32:54] Arif Hoonigan has logged out.
[2018/1/2 - 14:33:12] Kimo Kusnetsov has logged out.
[2018/1/2 - 14:33:16] Minh Chikino has logged in.
[2018/1/2 - 14:35:25] Fyodor Smirnov has logged out.
[2018/1/2 - 14:36:24] Fyodor Smirnov has logged in.
[2018/1/2 - 14:41:51] Islamist Buju Banton has lost connection.
[2018/1/2 - 14:42:51] Buju Banton has logged in.
[2018/1/2 - 15:09:14] Kog S Valentino has logged out.
[2018/1/2 - 15:09:21] Ryan Wankstein has logged in.
[2018/1/2 - 15:09:30] Caliph Darius Devil (10932) (rank 9) has given Ryan Wankstein (43575) rank 4 (Jihadist) in Islamic Society in San Andreas (30).
[2018/1/2 - 15:09:44] Caliph Darius Devil (10932) has set Ryan Wankstein's (43575) division to Mujahideen in Islamic Society in San Andreas (30).
[2018/1/2 - 15:10:03] Kog S Valentino has logged in.
[2018/1/2 - 15:10:52] Buju Banton has logged in.
[2018/1/2 - 15:11:05] Kog S Valentino has logged out.
[2018/1/2 - 15:12:45] Kog S Valentino has logged in.
[2018/1/2 - 15:13:02] Darius Devil has deposited $122853 into the safe.
[2018/1/2 - 15:27:42] Fyodor Smirnov has logged out.
[2018/1/2 - 15:27:44] Jihadist Ryan Wankstein has lost connection.
[2018/1/2 - 15:30:42] Lamar Clark has logged out.
[2018/1/2 - 15:36:46] Convert Kog S Valentino has lost connection.
[2018/1/2 - 15:37:42] Islamist Buju Banton has lost connection.
[2018/1/2 - 15:37:59] Buju Banton has logged in.
[2018/1/2 - 15:42:26] Kog S Valentino has logged in.
[2018/1/2 - 15:43:51] Convert Kog S Valentino has lost connection.
[2018/1/2 - 15:47:38] Kog S Valentino has logged in.
[2018/1/2 - 15:47:44] Islamist Buju Banton has lost connection.
[2018/1/2 - 15:48:00] Buju Banton has logged in.
[2018/1/2 - 15:49:35] Kog S Valentino has logged in.
[2018/1/2 - 15:54:36] Convert Minh Chikino has lost connection.
[2018/1/2 - 15:55:18] Kimo Kusnetsov has logged in.
[2018/1/2 - 15:55:48] Minh Chikino has logged in.
[2018/1/2 - 15:55:59] Jake Ginobi has logged in.
[2018/1/2 - 15:58:15] Kimo Kusnetsov has logged out.
[2018/1/2 - 15:58:52] Buju Banton has logged out.
[2018/1/2 - 15:58:52] Minh Chikino has logged out.
[2018/1/2 - 15:59:25] Ryan T Jackson has logged in.
[2018/1/2 - 16:01:29] Arif Hoonigan has logged in.
[2018/1/2 - 16:03:54] Caliph Darius Devil (10932) (rank 9) has given Ryan T Jackson (900152) rank 5 (Field Commander) in Islamic Society in San Andre
[2018/1/2 - 16:05:48] Ryan T Jackson has logged out.
[2018/1/2 - 16:07:26] Ryan T Jackson has logged in.
[2018/1/2 - 16:08:14] Jackson Dread (75484) has made Ryan T Jackson (900152) the leader of the Islamic Society in San Andreas.
[2018/1/2 - 16:09:39] Caliph Ryan T Jackson (900152) (rank 9) has given Ryan T Jackson (900152) rank 5 (Field Commander) in Islamic Society in San An
[2018/1/2 - 16:10:10] Arif Leopard has logged out.
[2018/1/2 - 16:11:15] Caliph Darius Devil (10932) has set Kog S Valentino's (1000625071) division to Mujahideen in Islamic Society in San Andreas (30
[2018/1/2 - 16:11:21] Caliph Darius Devil (10932) has set Jake Ginobi's (116321) division to Mujahideen in Islamic Society in San Andreas (30).
[2018/1/2 - 16:11:56] Field Commander Ryan T Jackson (900152) has set Ryan T Jackson's (900152) division to Recruitment in Islamic Society in San And
[2018/1/2 - 16:13:49] Field Commander Ryan T Jackson has lost connection.
[2018/1/2 - 16:14:04] Jake Ginobi has logged out.
[2018/1/2 - 16:17:35] Ryan T Jackson has logged in.
[2018/1/2 - 16:23:30] Darius Devil has deposited $121759 into the safe.
[2018/1/2 - 16:25:16] Convert Kog S Valentino has lost connection.
[2018/1/2 - 16:27:49] Ryan T Jackson has logged out.
[2018/1/2 - 16:29:06] Kog S Valentino has logged in.
[2018/1/2 - 16:30:08] Kog S Valentino has logged in.
[2018/1/2 - 16:32:14] Convert Kog S Valentino has lost connection.
[2018/1/2 - 16:35:06] Kevin Kush (1000071051) has made Kevin Kush (1000071051) the leader of the Islamic Society in San Andreas.
[2018/1/2 - 16:42:16] Ryan T Jackson has logged in.
[2018/1/2 - 16:43:08] Kog S Valentino has logged in.
[2018/1/2 - 16:44:59] Convert Kog S Valentino has lost connection.
[2018/1/2 - 16:50:41] Kog S Valentino has logged in.
[2018/1/2 - 16:57:04] Bobby Flyd (1000625245) accepted Caliph Darius Devil's (10932) invite to join Islamic Society in San Andreas (30).
[2018/1/2 - 16:57:09] Caliph Darius Devil (10932) has set Bobby Flyd's (1000625245) division to Mujahideen in Islamic Society in San Andreas (30).
[2018/1/2 - 16:57:33] Field Commander Ryan T Jackson has lost connection.
[2018/1/2 - 16:57:52] Lamar Brusca (1000625309) accepted Caliph Darius Devil's (10932) invite to join Islamic Society in San Andreas (30).
[2018/1/2 - 16:58:26] Caliph Darius Devil (10932) has set Lamar Brusca's (1000625309) division to Mujahideen in Islamic Society in San Andreas (30).
[2018/1/2 - 17:00:04] Darius Devil has withdrawn $1 from the safe.
[2018/1/2 - 17:00:10] Darius Devil has withdrawn $1,000 from the safe.
[2018/1/2 - 17:27:32] James Geller has logged in.
[2018/1/2 - 17:28:15] James Geller has logged out.
[2018/1/2 - 17:30:09] Filipe Sheepwolf has logged in.
[2018/1/2 - 17:48:13] Kimo Kusnetsov has logged in.
[2018/1/2 - 17:56:30] Eric Compton (1000102388) accepted Caliph Darius Devil's (10932) invite to join Islamic Society in San Andreas (30).
[2018/1/2 - 17:56:43] Caliph Darius Devil (10932) has set Eric Compton's (1000102388) division to Mujahideen in Islamic Society in San Andreas (30).
[2018/1/2 - 18:09:27] Convert Kog S Valentino has lost connection.
[2018/1/2 - 18:10:10] Tifa Kusnetsov has logged in.
[2018/1/2 - 18:10:29] Buju Banton has logged in.
[2018/1/2 - 18:17:16] Kog S Valentino has logged in.
[2018/1/2 - 18:21:10] Kevin Kush (1000071051) has made Kevin Kush (1000071051) the leader of the Islamic Society in San Andreas.
[2018/1/2 - 18:24:07] Vladmir Glasscock (1000227987) accepted Council Commander Tifa Kusnetsov's (1000397973) invite to join Islamic Society in San Andreas (30).
[2018/1/2 - 18:25:10] Sammy Mccool (1000565698) accepted Caliph Darius Devil's (10932) invite to join Islamic Society in San Andreas (30).
[2018/1/2 - 18:25:24] Bobby Flyd has logged out.
[2018/1/2 - 18:25:25] Convert Lamar Brusca has lost connection.
[2018/1/2 - 18:25:37] Caliph Darius Devil (10932) (rank 9) has given Buju Banton (99857) rank 2 (Radical) in Islamic Society in San Andreas (30).
[2018/1/2 - 18:25:40] Caliph Darius Devil (10932) has set Buju Banton's (99857) division to Recruitment in Islamic Society in San Andreas (30).
[2018/1/2 - 18:25:50] Caliph Darius Devil (10932) has set Sammy Mccool's (1000565698) division to Mujahideen in Islamic Society in San Andreas (30).
[2018/1/2 - 18:26:54] Zaka Lacoka has logged in.
[2018/1/2 - 18:27:58] Convert Kog S Valentino has lost connection.
[2018/1/2 - 18:29:49] Bobby Flyd has logged in.
[2018/1/2 - 18:30:34] Julian Brand (1000600362) accepted Caliph Darius Devil's (10932) invite to join Islamic Society in San Andreas (30).
[2018/1/2 - 18:30:38] Caliph Darius Devil (10932) has set Julian Brand's (1000600362) division to Mujahideen in Islamic Society in San Andreas (30).
[2018/1/2 - 18:31:50] Council Commander Tifa Kusnetsov (1000397973) (rank 6) has uninvited Zaka Lacoka (849051) (rank 0) from Islamic Society in San 
[2018/1/2 - 18:31:54] Lamar Brusca has logged in.
[2018/1/2 - 18:38:10] Vladmir Glasscock has logged out.
[2018/1/2 - 18:41:55] Vladmir Glasscock has logged in.
[2018/1/2 - 18:44:02] Vladmir Glasscock has logged out.
[2018/1/2 - 18:44:39] Vladmir Glasscock has logged in.
[2018/1/2 - 18:45:02] Tifa Kusnetsov has logged out.
[2018/1/2 - 18:45:04] Kog S Valentino has logged in.
[2018/1/2 - 18:45:08] Vladmir Glasscock has logged out.
[2018/1/2 - 18:46:11] Eric Compton has logged out.
[2018/1/2 - 18:46:24] Vladmir Glasscock has logged in.
[2018/1/2 - 18:47:06] Vladmir Glasscock has logged out.
[2018/1/2 - 18:47:54] Vladmir Glasscock has logged in.
[2018/1/2 - 18:50:04] Vladmir Glasscock has logged out.
[2018/1/2 - 18:51:13] Vladmir Glasscock has logged in.
[2018/1/2 - 18:52:51] Eric Compton has logged in.
[2018/1/2 - 18:53:15] Sammy Mccool has logged out.
[2018/1/2 - 18:53:20] Vladmir Glasscock has logged out.
[2018/1/2 - 18:53:46] Sammy Mccool has logged in.
[2018/1/2 - 18:54:39] Convert Sammy Mccool has lost connection.
[2018/1/2 - 18:55:30] Sammy Mccool has logged in.
[2018/1/2 - 18:56:23] Tifa Kusnetsov has logged in.
[2018/1/2 - 18:58:20] Darius Devil has withdrawn $2,000 from the safe.
[2018/1/2 - 19:02:17] Vladmir Glasscock has logged in.
[2018/1/2 - 19:02:50] Vladmir Glasscock has logged out.
[2018/1/2 - 19:04:07] Kevin Kush (1000071051) has made Kevin Kush (1000071051) the leader of the Islamic Society in San Andreas.
[2018/1/2 - 19:05:11] Vladmir Glasscock has logged in.
[2018/1/2 - 19:06:43] Vladmir Glasscock has logged out.
[2018/1/2 - 19:07:14] Vladmir Glasscock has logged in.
[2018/1/2 - 19:07:49] Vladmir Glasscock has logged out.
[2018/1/2 - 19:09:26] Convert Kimo Kusnetsov has lost connection.
[2018/1/2 - 19:10:06] Vladmir Glasscock has logged in.
[2018/1/2 - 19:10:21] Julian Brand (1000600362) has quit the Islamic Society in San Andreas as a rank 0
[2018/1/2 - 19:10:28] Kimo Kusnetsov has logged in.
[2018/1/2 - 19:11:45] Convert Kog S Valentino has lost connection.
[2018/1/2 - 19:12:26] Sammy Mccool has logged out.
[2018/1/2 - 19:12:55] Vladmir Glasscock has logged out.
[2018/1/2 - 19:14:03] Vladmir Glasscock has logged in.
[2018/1/2 - 19:17:20] Darius Devil has set Baseball Bat weapon restriction from rank 0+ to 5.
[2018/1/2 - 19:17:22] Darius Devil has set Colt .45 weapon restriction from rank 0+ to 5.
[2018/1/2 - 19:17:26] Darius Devil has set Silenced Colt .45 weapon restriction from rank 0+ to 5.
[2018/1/2 - 19:17:28] Darius Devil has set Desert Eagle weapon restriction from rank 3+ to 5.
[2018/1/2 - 19:17:30] Darius Devil has set Shotgun weapon restriction from rank 0+ to 5.
[2018/1/2 - 19:17:32] Darius Devil has set Micro Uzi weapon restriction from rank 4+ to 5.
[2018/1/2 - 19:17:35] Darius Devil has set MP5 weapon restriction from rank 0+ to 5.
[2018/1/2 - 19:17:37] Darius Devil has set AK-47 weapon restriction from rank 4+ to 5.
[2018/1/2 - 19:17:39] Darius Devil has set M4A1 weapon restriction from rank 5+ to 5.
[2018/1/2 - 19:17:43] Darius Devil has set TEC-9 weapon restriction from rank 4+ to 5.
[2018/1/2 - 19:17:46] Darius Devil has set Rifle weapon restriction from rank 4+ to 5.
[2018/1/2 - 19:17:56] Kog S Valentino has logged in.
[2018/1/2 - 19:19:02] Convert Kog S Valentino has lost connection.
[2018/1/2 - 19:21:38] Kimo Kusnetsov has logged out.
[2018/1/2 - 19:22:36] Vladmir Glasscock has logged out.
[2018/1/2 - 19:23:13] Kog S Valentino has logged in.
[2018/1/2 - 19:23:22] Vladmir Glasscock has logged in.
[2018/1/2 - 19:29:39] Islamist Filipe Sheepwolf has lost connection.
[2018/1/2 - 19:39:49] Erick Diablo has logged in.
[2018/1/2 - 19:41:08] Kog S Valentino (1000625071) has quit the Islamic Society in San Andreas as a rank 0
[2018/1/2 - 19:43:43] Vladmir Glasscock has logged out.
[2018/1/2 - 19:43:56] Buju Banton has logged out.
[2018/1/2 - 19:44:26] Buju Banton has logged in.
[2018/1/2 - 19:44:45] Vladmir Glasscock has logged in.
[2018/1/2 - 19:45:42] Vladmir Glasscock has logged out.
[2018/1/2 - 19:46:22] Vladmir Glasscock has logged in.
[2018/1/2 - 19:54:39] Vladmir Glasscock has logged out.
[2018/1/2 - 19:55:22] Vladmir Glasscock has logged in.
[2018/1/2 - 19:56:09] Dawood Ibrahem has logged in.
[2018/1/2 - 19:56:11] Vladmir Glasscock has logged out.
[2018/1/2 - 19:57:01] Vladmir Glasscock has logged in.
[2018/1/2 - 19:58:07] Vladmir Glasscock has logged out.
[2018/1/2 - 19:59:05] Tifa Kusnetsov has logged out.
[2018/1/2 - 20:00:48] Sammy Mccool has logged in.
[2018/1/2 - 20:03:14] Sammy Mccool (1000565698) has quit the Islamic Society in San Andreas as a rank 0
[2018/1/2 - 20:06:24] Vladmir Glasscock has logged in.
[2018/1/2 - 20:09:35] Vladmir Glasscock has logged out.
[2018/1/2 - 20:13:52] Vladmir Glasscock has logged in.
[2018/1/2 - 20:16:50] Lamar Brusca has logged out.
[2018/1/2 - 20:17:54] Bobby Flyd has logged out.
[2018/1/2 - 20:20:01] Radical Buju Banton has lost connection.
[2018/1/2 - 20:20:23] Buju Banton has logged in.
[2018/1/2 - 20:24:16] Vladmir Glasscock has logged out.
[2018/1/2 - 20:25:04] Vladmir Glasscock has logged in.
[2018/1/2 - 20:27:15] Radical Buju Banton has lost connection.
[2018/1/2 - 20:27:37] Buju Banton has logged in.
[2018/1/2 - 20:28:59] Vladmir Glasscock has logged out.
[2018/1/2 - 20:29:30] Vladmir Glasscock has logged in.
[2018/1/2 - 20:45:03] Caliph Darius Devil (10932) has set Vladmir Glasscock's (1000227987) division to Mujahideen in Islamic Society in San Andreas (
[2018/1/2 - 20:45:07] Caliph Darius Devil (10932) has set Dawood Ibrahem's (1000375547) division to Mujahideen in Islamic Society in San Andreas (30)
[2018/1/2 - 20:45:16] Caliph Darius Devil (10932) has set Erick Diablo's (1000218786) division to Intelligence in Islamic Society in San Andreas (30)
[2018/1/2 - 20:45:18] Caliph Darius Devil (10932) has set Erick Diablo's (1000218786) division to Security in Islamic Society in San Andreas (30).
[2018/1/2 - 20:45:20] Caliph Darius Devil (10932) has set Erick Diablo's (1000218786) division to Finances in Islamic Society in San Andreas (30).
[2018/1/2 - 20:45:22] Caliph Darius Devil (10932) has set Erick Diablo's (1000218786) division to Recruitment in Islamic Society in San Andreas (30).
[2018/1/2 - 20:47:01] Erick Diablo has logged out.
[2018/1/2 - 20:47:36] Kimo Kusnetsov has logged in.
[2018/1/2 - 20:47:48] Erick Diablo has logged in.
[2018/1/2 - 20:52:45] Vladmir Glasscock has logged out.
[2018/1/2 - 20:54:12] Vladmir Glasscock has logged in.
[2018/1/2 - 20:55:26] Vladmir Glasscock has logged out.
[2018/1/2 - 20:56:08] Vladmir Glasscock has logged in.
[2018/1/2 - 20:59:58] Daniel Bishop (1000342598) has quit the Islamic Society in San Andreas as a rank 9
[2018/1/2 - 21:04:57] Council Commander Erick Diablo has lost connection.
[2018/1/2 - 21:05:17] Erick Diablo has logged in.
[2018/1/2 - 21:09:08] Tifa Kusnetsov has logged in.
[2018/1/2 - 21:11:38] Tifa Kusnetsov has logged out.
[2018/1/2 - 21:12:02] Tifa Kusnetsov has logged in.
[2018/1/2 - 21:14:25] Tifa Kusnetsov has logged in.
[2018/1/2 - 21:20:04] Erick Diablo has withdrawn $53,101 from the safe.
[2018/1/2 - 21:20:16] Erick Diablo has withdrawn $478,613 from the safe.
[2018/1/2 - 21:20:27] Darius Devil has withdrawn $201 from the safe.
[2018/1/2 - 21:20:39] Darius Devil has withdrawn $200 from the safe.
[2018/1/2 - 21:21:33] Erick Diablo has deposited $53101 into the safe.
[2018/1/2 - 21:21:45] Erick Diablo has deposited $478613 into the safe.
[2018/1/2 - 21:22:33] Caliph Darius Devil (10932) (rank 9) has given Buju Banton (99857) rank 3 (Guerrilla Fighter) in Islamic Society in San Andreas
[2018/1/2 - 21:24:38] Kevin Kush (1000071051) has made Kevin Kush (1000071051) the leader of the Islamic Society in San Andreas.
[2018/1/2 - 21:24:48] Council Commander Tifa Kusnetsov has lost connection.
[2018/1/2 - 21:25:15] Tifa Kusnetsov has logged in.
[2018/1/2 - 21:26:53] Tifa Kusnetsov has logged in.
[2018/1/2 - 21:27:35] Tifa Kusnetsov has logged out.
[2018/1/2 - 21:30:01] Tifa Kusnetsov has logged in.
[2018/1/2 - 21:30:20] Vladmir Glasscock has logged out.
[2018/1/2 - 21:30:37] Council Commander Tifa Kusnetsov has lost connection.
[2018/1/2 - 21:30:56] Tifa Kusnetsov has logged in.
[2018/1/2 - 21:30:58] Vladmir Glasscock has logged in.
[2018/1/2 - 21:31:30] Vladmir Glasscock has logged out.
[2018/1/2 - 21:31:46] Council Commander Tifa Kusnetsov has lost connection.
[2018/1/2 - 21:31:59] Vladmir Glasscock has logged in.
[2018/1/2 - 21:33:29] Kimo Kusnetsov has logged out.
[2018/1/2 - 21:34:30] Tifa Kusnetsov has logged in.
[2018/1/2 - 21:50:07] Dawood Ibrahem has logged out.
[2018/1/2 - 21:50:14] Erick Diablo has logged out.
[2018/1/2 - 21:50:28] Vladmir Glasscock has logged in.
[2018/1/2 - 22:05:52] Tifa Kusnetsov has logged out.
[2018/1/2 - 22:14:41] Erick Diablo has logged in.
[2018/1/2 - 22:17:13] Guerrilla Fighter Buju Banton has lost connection.
[2018/1/2 - 22:19:34] Buju Banton has logged in.
[2018/1/2 - 22:23:01] Shaban T Goldleaf (891301) accepted Caliph Darius Devil's (10932) invite to join Islamic Society in San Andreas (30).
[2018/1/2 - 22:23:17] Keith Lawrence (1000624840) has made Erick Diablo (1000218786) the leader of the Islamic Society in San Andreas.
[2018/1/2 - 22:23:27] Tom Shaff Goldleaf (1000195743) accepted Caliph Erick Diablo's (1000218786) invite to join Islamic Society in San Andreas (30).
[2018/1/2 - 22:24:50] Caliph Darius Devil (10932) (rank 9) has given Erick Diablo (1000218786) rank 6 (Council Commander) in Islamic Society in San A
[2018/1/2 - 22:26:08] Caliph Darius Devil (10932) has set Erick Diablo's (1000218786) division to Recruitment in Islamic Society in San Andreas (30).
[2018/1/2 - 22:26:41] Darius Devil has deposited $123136 into the safe.
[2018/1/2 - 22:27:14] Council Commander Erick Diablo (1000218786) has set Tom Shaff Goldleaf's (1000195743) division to Mujahideen in Islamic Society
[2018/1/2 - 22:27:17] Council Commander Erick Diablo (1000218786) has set Shaban T Goldleaf's (891301) division to Mujahideen in Islamic Society in S
[2018/1/2 - 22:33:13] Council Commander Erick Diablo has lost connection.
[2018/1/2 - 22:33:36] Erick Diablo has logged in.
[2018/1/2 - 22:36:39] Shaban T Goldleaf has logged out.
[2018/1/2 - 22:55:01] Guerrilla Fighter Buju Banton has lost connection.
[2018/1/2 - 22:56:56] Buju Banton has logged in.
[2018/1/2 - 23:11:29] Wayne Mclovinn (28556) accepted Council Commander Erick Diablo's (1000218786) invite to join Islamic Society in San Andreas (30).
[2018/1/2 - 23:11:30] Buju Banton has logged out.
[2018/1/2 - 23:11:35] Council Commander Erick Diablo (1000218786) has set Wayne Mclovinn's (28556) division to Mujahideen in Islamic Society in San A
[2018/1/2 - 23:14:17] Wayne Mclovinn has logged out.
[2018/1/2 - 23:16:18] Darius Devil has deposited $21331 into the safe.
[2018/1/2 - 23:25:27] Vladmir Glasscock has logged out.
[2018/1/2 - 23:26:11] Vladmir Glasscock has logged in.
[2018/1/2 - 23:44:14] Lamar Clark has logged in.
