[2018/1/20 - 0:11:45] Guerrilla Fighter Adam Russ has lost connection.
[2018/1/20 - 0:22:10] Elliot Ackerman has withdrawn a Desert Eagle from the weapon locker (Cost: 5)
[2018/1/20 - 0:22:12] Elliot Ackerman has withdrawn a Shotgun from the weapon locker (Cost: 3)
[2018/1/20 - 0:33:23] Jihadist Jenson Lee has lost connection.
[2018/1/20 - 0:38:03] Elliot Ackerman has withdrawn a Desert Eagle from the weapon locker (Cost: 5)
[2018/1/20 - 0:42:23] Billy Dios Delany has withdrawn a Desert Eagle from the weapon locker (Cost: 5)
[2018/1/20 - 0:56:46] Guerrilla Fighter Adam Russ has lost connection.
[2018/1/20 - 1:06:00] Guerrilla Fighter Billy Dios Delany has lost connection.
[2018/1/20 - 1:09:42] Elliot Ackerman has logged out.
[2018/1/20 - 1:13:09] Radical James Raige has lost connection.
[2018/1/20 - 1:22:21] Evelina C Snow has logged out.
[2018/1/20 - 1:22:31] James Raige has logged out.
[2018/1/20 - 1:27:00] Radical James Raige has lost connection.
[2018/1/20 - 1:28:00] James Raige has withdrawn a Desert Eagle from the weapon locker (Cost: 5)
[2018/1/20 - 1:35:07] Adam Russ has withdrawn a Desert Eagle from the weapon locker (Cost: 5)
[2018/1/20 - 1:45:07] James Fielding has logged out.
[2018/1/20 - 1:49:51] Adam Russ has logged out.
[2018/1/20 - 1:49:54] Radical James Raige has lost connection.
[2018/1/20 - 1:56:34] James Raige has logged out.
[2018/1/20 - 7:40:31] Ellaine Mobreros has logged out.
[2018/1/20 - 10:23:09] Jenson Lee has logged out.
[2018/1/20 - 11:09:28] Megan Yamaguchi has logged out.
[2018/1/20 - 11:23:15] Megan Yamaguchi has logged out.
[2018/1/20 - 12:07:41] Adam Russ has logged out.
[2018/1/20 - 12:12:14] Jenson Lee has withdrawn a Desert Eagle from the weapon locker (Cost: 5)
[2018/1/20 - 12:12:42] Adam Russ has withdrawn a Desert Eagle from the weapon locker (Cost: 5)
[2018/1/20 - 12:17:05] Jenson Lee has withdrawn a Desert Eagle from the weapon locker (Cost: 5)
[2018/1/20 - 12:17:08] Jenson Lee has withdrawn a Shotgun from the weapon locker (Cost: 3)
[2018/1/20 - 12:30:21] Guerrilla Fighter Adam Russ has lost connection.
[2018/1/20 - 12:32:22] Greg Ross has withdrawn a Desert Eagle from the weapon locker (Cost: 5)
[2018/1/20 - 12:34:51] Guerrilla Fighter Greg Ross has lost connection.
[2018/1/20 - 12:40:06] James Raige has withdrawn a Desert Eagle from the weapon locker (Cost: 5)
[2018/1/20 - 12:40:46] Megan Yamaguchi has withdrawn a Desert Eagle from the weapon locker (Cost: 5)
[2018/1/20 - 12:49:15] Gregg Fisher (1000627079) has quit the Islamic Society in San Andreas as a rank 1
[2018/1/20 - 12:52:17] Jenson Lee has logged out.
[2018/1/20 - 13:02:17] Jenson Lee has withdrawn a Desert Eagle from the weapon locker (Cost: 5)
[2018/1/20 - 13:02:18] Jenson Lee has withdrawn a Shotgun from the weapon locker (Cost: 3)
[2018/1/20 - 13:03:20] Megan Yamaguchi has logged out.
[2018/1/20 - 13:04:26] Nick Chains has logged out.
[2018/1/20 - 13:08:06] Billy Dios Delany has withdrawn a Desert Eagle from the weapon locker (Cost: 5)
[2018/1/20 - 13:19:15] Jenson Lee has withdrawn a Desert Eagle from the weapon locker (Cost: 5)
[2018/1/20 - 13:19:18] Jenson Lee has withdrawn a Shotgun from the weapon locker (Cost: 3)
[2018/1/20 - 13:24:12] Billy Dios Delany has withdrawn a Desert Eagle from the weapon locker (Cost: 5)
[2018/1/20 - 13:35:18] Billy Dios Delany has withdrawn a Desert Eagle from the weapon locker (Cost: 5)
[2018/1/20 - 13:35:19] James Raige has logged out.
[2018/1/20 - 13:40:12] Billy Dios Delany (1000337830) has quit the Islamic Society in San Andreas as a rank 3
[2018/1/20 - 13:40:49] Filipe Sheepwolf has logged out.
[2018/1/20 - 13:50:24] Jenson Lee has withdrawn a Desert Eagle from the weapon locker (Cost: 5)
[2018/1/20 - 14:10:17] Guerrilla Fighter Adam Russ has lost connection.
[2018/1/20 - 14:19:31] Daniel Jr Sato (1000626184) accepted Caliph Darius Devil's (10932) invite to join Islamic Society in San Andreas (30).
[2018/1/20 - 14:19:37] Caliph Darius Devil (10932) (rank 9) has given Daniel Jr Sato (1000626184) rank 1 (Islamist) in Islamic Society in San Andreas 
[2018/1/20 - 14:21:15] Dwayne Radcliffe (1000624841) accepted Caliph Darius Devil's (10932) invite to join Islamic Society in San Andreas (30).
[2018/1/20 - 14:21:19] Caliph Darius Devil (10932) (rank 9) has given Dwayne Radcliffe (1000624841) rank 1 (Islamist) in Islamic Society in San Andrea
[2018/1/20 - 14:22:13] Caliph Darius Devil (10932) has set Daniel Jr Sato's (1000626184) division to Mujahideen in Islamic Society in San Andreas (30)
[2018/1/20 - 14:22:18] Caliph Darius Devil (10932) has set Dwayne Radcliffe's (1000624841) division to Mujahideen in Islamic Society in San Andreas (3
[2018/1/20 - 14:33:33] Greg Ross has withdrawn a Desert Eagle from the weapon locker (Cost: 5)
[2018/1/20 - 14:36:31] Darius Devil has withdrawn 100 grams of Ecstasy from the safe.
[2018/1/20 - 14:40:03] Denver Pereira (887762) accepted Caliph Darius Devil's (10932) invite to join Islamic Society in San Andreas (30).
[2018/1/20 - 14:40:17] Caliph Darius Devil (10932) has set Denver Pereira's (887762) division to Mujahideen in Islamic Society in San Andreas (30).
[2018/1/20 - 14:40:19] Caliph Darius Devil (10932) (rank 9) has given Denver Pereira (887762) rank 1 (Islamist) in Islamic Society in San Andreas (30)
[2018/1/20 - 14:41:05] Denver Pereira has withdrawn a Desert Eagle from the weapon locker (Cost: 5)
[2018/1/20 - 14:41:08] Denver Pereira has withdrawn a Shotgun from the weapon locker (Cost: 3)
[2018/1/20 - 15:06:32] Denver Pereira has withdrawn a Desert Eagle from the weapon locker (Cost: 5)
[2018/1/20 - 15:06:34] Denver Pereira has withdrawn a Shotgun from the weapon locker (Cost: 3)
[2018/1/20 - 15:06:52] Denver Pereira has logged out.
[2018/1/20 - 15:08:16] Greg Ross has logged out.
[2018/1/20 - 15:15:11] Islamist Daniel Jr Sato has lost connection.
[2018/1/20 - 15:20:16] Denver Pereira has logged out.
[2018/1/20 - 15:22:45] Jenson Lee has withdrawn a Desert Eagle from the weapon locker (Cost: 5)
[2018/1/20 - 15:26:50] Denver Pereira has logged out.
[2018/1/20 - 15:37:26] Denver Pereira has withdrawn a Desert Eagle from the weapon locker (Cost: 5)
[2018/1/20 - 15:38:58] Daniel Jr Sato has withdrawn a Desert Eagle from the weapon locker (Cost: 5)
[2018/1/20 - 15:39:00] Denver Pereira has logged out.
[2018/1/20 - 15:39:55] Caliph Darius Devil (10932) (rank 9) has given Jenson Lee (1000619196) rank 5 (Field Commander) in Islamic Society in San Andre
[2018/1/20 - 15:40:28] Darius Devil (10932) has made Jenson Lee (1000619196) the leader of the Islamic Society in San Andreas.
[2018/1/20 - 15:40:32] Caliph Darius Devil (10932) (rank 9) has given Jenson Lee (1000619196) rank 5 (Field Commander) in Islamic Society in San Andre
[2018/1/20 - 15:44:38] Caliph Darius Devil (10932) has set Jenson Lee's (1000619196) division to Mujahideen in Islamic Society in San Andreas (30).
[2018/1/20 - 15:44:55] Caliph Darius Devil (10932) (rank 9) has uninvited Jenson Lee (1000619196) (rank 5) from Islamic Society in San Andreas (30).
[2018/1/20 - 15:45:02] Jenson Lee (1000619196) accepted Caliph Darius Devil's (10932) invite to join Islamic Society in San Andreas (30).
[2018/1/20 - 15:45:05] Caliph Darius Devil (10932) (rank 9) has given Jenson Lee (1000619196) rank 4 (Jihadist) in Islamic Society in San Andreas (30)
[2018/1/20 - 15:45:07] Caliph Darius Devil (10932) has set Jenson Lee's (1000619196) division to Mujahideen in Islamic Society in San Andreas (30).
[2018/1/20 - 15:52:33] Denver Pereira has logged out.
[2018/1/20 - 16:02:02] Denver Pereira has logged out.
[2018/1/20 - 16:06:43] Jenson Lee has withdrawn a Desert Eagle from the weapon locker (Cost: 5)
[2018/1/20 - 16:06:50] Daniel Jr Sato has withdrawn a Desert Eagle from the weapon locker (Cost: 5)
[2018/1/20 - 16:08:08] Jenson Lee has logged out.
[2018/1/20 - 16:08:11] Daniel Jr Sato has logged out.
[2018/1/20 - 16:14:04] Darius Devil has logged out.
[2018/1/20 - 16:16:25] Daniel Jr Sato has logged out.
[2018/1/20 - 16:20:08] Denver Pereira has withdrawn a Desert Eagle from the weapon locker (Cost: 5)
[2018/1/20 - 16:20:55] Denver Pereira has logged out.
[2018/1/20 - 16:51:32] Dwayne Radcliffe has logged out.
[2018/1/20 - 17:27:37] Danny Fisher has withdrawn a Desert Eagle from the weapon locker (Cost: 5)
[2018/1/20 - 17:27:41] Danny Fisher has withdrawn a SPAS-12 from the weapon locker (Cost: 30)
[2018/1/20 - 17:27:44] Danny Fisher has withdrawn a Sniper Rifle from the weapon locker (Cost: 40)
[2018/1/20 - 17:31:26] Denver Pereira has logged out.
[2018/1/20 - 17:35:52] Denver Pereira has logged out.
[2018/1/20 - 17:42:57] Danny Fisher has logged out.
[2018/1/20 - 18:14:13] Denver Pereira has withdrawn a Desert Eagle from the weapon locker (Cost: 5)
[2018/1/20 - 18:20:41] Council Commander Matt Fazzolari has lost connection.
[2018/1/20 - 18:30:25] Tazz Buenoh has logged out.
[2018/1/20 - 18:32:50] Denver Pereira has logged out.
[2018/1/20 - 18:37:29] Daniel Jr Sato has logged out.
[2018/1/20 - 18:52:41] Denver Pereira has withdrawn a Desert Eagle from the weapon locker (Cost: 5)
[2018/1/20 - 18:56:36] Denver Pereira has logged out.
[2018/1/20 - 18:59:36] Radical Tazz Buenoh has lost connection.
[2018/1/20 - 19:14:14] Tazz Buenoh has withdrawn a Desert Eagle from the weapon locker (Cost: 5)
[2018/1/20 - 19:14:16] Tazz Buenoh has withdrawn a Shotgun from the weapon locker (Cost: 3)
[2018/1/20 - 19:16:06] Tazz Buenoh has logged out.
[2018/1/20 - 19:29:03] Tazz Buenoh has logged out.
[2018/1/20 - 19:36:48] Tazz Buenoh has withdrawn a Desert Eagle from the weapon locker (Cost: 5)
[2018/1/20 - 19:36:51] Tazz Buenoh has withdrawn a Shotgun from the weapon locker (Cost: 3)
[2018/1/20 - 19:43:22] Tazz Buenoh has withdrawn a Desert Eagle from the weapon locker (Cost: 5)
[2018/1/20 - 19:43:24] Tazz Buenoh has withdrawn a Shotgun from the weapon locker (Cost: 3)
[2018/1/20 - 19:44:50] Radical Tazz Buenoh has lost connection.
[2018/1/20 - 19:45:00] Islamist Dwayne Radcliffe has lost connection.
[2018/1/20 - 19:45:11] Islamist Daniel Jr Sato has lost connection.
[2018/1/20 - 20:04:49] Islamist Daniel Jr Sato has lost connection.
[2018/1/20 - 20:05:31] Islamist Daniel Jr Sato has lost connection.
[2018/1/20 - 20:17:41] Matt Fazzolari has withdrawn a Desert Eagle from the weapon locker (Cost: 5)
[2018/1/20 - 20:18:36] Daniel Jr Sato has withdrawn a Desert Eagle from the weapon locker (Cost: 5)
[2018/1/20 - 20:30:07] Daniel Jr Sato has withdrawn a Shotgun from the weapon locker (Cost: 3)
[2018/1/20 - 20:33:58] Daniel Jr Sato has logged out.
[2018/1/20 - 20:42:33] Matt Fazzolari has withdrawn a Desert Eagle from the weapon locker (Cost: 5)
[2018/1/20 - 20:48:49] Council Commander Matt Fazzolari has lost connection.
[2018/1/20 - 20:48:49] Islamist Dwayne Radcliffe has lost connection.
[2018/1/20 - 20:48:49] Radical Filipe Sheepwolf has lost connection.
[2018/1/20 - 21:53:08] Islamist Daniel Jr Sato has lost connection.
[2018/1/20 - 22:00:32] Filipe Sheepwolf has logged out.
[2018/1/20 - 22:06:11] Emir Erick Diablo has lost connection.
[2018/1/20 - 22:07:52] Erick Diablo has withdrawn a Desert Eagle from the weapon locker (Cost: 5)
[2018/1/20 - 22:07:56] Erick Diablo has withdrawn a MP5 from the weapon locker (Cost: 5)
[2018/1/20 - 22:08:11] Erick Diablo has withdrawn 200 grams of Crack from the safe.
[2018/1/20 - 22:08:51] Emir Erick Diablo has lost connection.
[2018/1/20 - 22:11:53] Darius Esperto (10944) accepted Emir Erick Diablo's (1000218786) invite to join Islamic Society in San Andreas (30).
[2018/1/20 - 22:11:56] Emir Erick Diablo (1000218786) (rank 8) has given Darius Esperto (10944) rank 4 (Jihadist) in Islamic Society in San Andreas (3
[2018/1/20 - 22:12:30] Simon Payne (1000221808) accepted Emir Erick Diablo's (1000218786) invite to join Islamic Society in San Andreas (30).
[2018/1/20 - 22:12:35] Emir Erick Diablo (1000218786) (rank 8) has given Simon Payne (1000221808) rank 1 (Islamist) in Islamic Society in San Andreas 
[2018/1/20 - 22:12:37] Emir Erick Diablo (1000218786) has set Simon Payne's (1000221808) division to Mujahideen in Islamic Society in San Andreas (30)
[2018/1/20 - 22:12:51] Emir Erick Diablo has lost connection.
[2018/1/20 - 22:15:20] Darius Devil has logged in.
[2018/1/20 - 22:15:36] Darius Devil (10932) has made Matt Fazzolari (120492) the leader of the Islamic Society in San Andreas.
[2018/1/20 - 22:15:40] Caliph Darius Devil (10932) (rank 9) has given Matt Fazzolari (120492) rank 6 (Council Commander) in Islamic Society in San And
[2018/1/20 - 22:15:54] Caliph Darius Devil (10932) has set Matt Fazzolari's (120492) division to Recruitment in Islamic Society in San Andreas (30).
[2018/1/20 - 22:16:05] Caliph Darius Devil (10932) has set Elliot Ackerman's (1000624802) division to Mujahideen in Islamic Society in San Andreas (30
[2018/1/20 - 22:16:11] Caliph Darius Devil (10932) has set Darius Esperto's (10944) division to Mujahideen in Islamic Society in San Andreas (30).
[2018/1/20 - 22:17:02] Elliot Ackerman has logged out.
[2018/1/20 - 22:17:13] Islamist Simon Payne has lost connection.
[2018/1/20 - 22:17:46] Darius Devil has withdrawn 20 grams of Ecstasy from the safe.
[2018/1/20 - 22:17:52] Emir Erick Diablo has lost connection.
[2018/1/20 - 22:17:57] Darius Devil has withdrawn a Desert Eagle from the weapon locker (Cost: 5)
[2018/1/20 - 22:22:11] Emir Erick Diablo has lost connection.
[2018/1/20 - 22:23:31] Emir Erick Diablo has lost connection.
[2018/1/20 - 22:24:51] Emir Erick Diablo has lost connection.
[2018/1/20 - 22:26:03] Emir Erick Diablo has lost connection.
[2018/1/20 - 22:27:52] Zyana Dios Bishop has logged out.
[2018/1/20 - 22:33:53] Matt Fazzolari has withdrawn a Desert Eagle from the weapon locker (Cost: 5)
[2018/1/20 - 22:34:20] Darius Devil has withdrawn a Desert Eagle from the weapon locker (Cost: 5)
[2018/1/20 - 22:41:21] Emir Erick Diablo (1000218786) (rank 8) has given Simon Payne (1000221808) rank 2 (Radical) in Islamic Society in San Andreas (
[2018/1/20 - 22:41:22] Emir Erick Diablo (1000218786) (rank 8) has given Simon Payne (1000221808) rank 3 (Guerrilla Fighter) in Islamic Society in San
[2018/1/20 - 22:41:23] Emir Erick Diablo (1000218786) (rank 8) has given Simon Payne (1000221808) rank 4 (Jihadist) in Islamic Society in San Andreas 
[2018/1/20 - 22:41:24] Emir Erick Diablo (1000218786) (rank 8) has given Simon Payne (1000221808) rank 5 (Field Commander) in Islamic Society in San A
[2018/1/20 - 22:41:25] Emir Erick Diablo (1000218786) (rank 8) has given Simon Payne (1000221808) rank 6 (Council Commander) in Islamic Society in San
[2018/1/20 - 22:41:29] Emir Erick Diablo (1000218786) (rank 8) has given Simon Payne (1000221808) rank 1 (Islamist) in Islamic Society in San Andreas 
[2018/1/20 - 22:41:35] Emir Erick Diablo (1000218786) has set Simon Payne's (1000221808) division to Legal Council in Islamic Society in San Andreas (
[2018/1/20 - 22:41:36] Emir Erick Diablo (1000218786) has set Simon Payne's (1000221808) division to Recruitment in Islamic Society in San Andreas (30
[2018/1/20 - 22:41:39] Emir Erick Diablo (1000218786) has set Simon Payne's (1000221808) division to Mujahideen in Islamic Society in San Andreas (30)
[2018/1/20 - 22:43:21] Emir Erick Diablo has lost connection.
[2018/1/20 - 22:47:41] Lucas Wick (1000627474) accepted Council Commander Matt Fazzolari's (120492) invite to join Islamic Society in San Andreas (30).
[2018/1/20 - 22:47:59] Council Commander Matt Fazzolari (120492) (rank 6) has given Lucas Wick (1000627474) rank 1 (Islamist) in Islamic Society in Sa
[2018/1/20 - 22:48:50] Darius Devil has authorized Darius Esperto to withdraw a AK-47 from the weapon locker (Cost: 10)
[2018/1/20 - 22:48:57] Council Commander Matt Fazzolari (120492) has set Lucas Wick's (1000627474) division to Mujahideen in Islamic Society in San An
[2018/1/20 - 22:49:39] Eric Diablo (1000627477) accepted Council Commander Matt Fazzolari's (120492) invite to join Islamic Society in San Andreas (30).
[2018/1/20 - 22:49:41] Council Commander Matt Fazzolari (120492) (rank 6) has given Eric Diablo (1000627477) rank 1 (Islamist) in Islamic Society in S
[2018/1/20 - 22:49:49] Council Commander Matt Fazzolari (120492) has set Eric Diablo's (1000627477) division to Mujahideen in Islamic Society in San A
[2018/1/20 - 22:49:53] Caliph Darius Devil (10932) (rank 9) has given Eric Diablo (1000627477) rank 1 (Islamist) in Islamic Society in San Andreas (30
[2018/1/20 - 22:50:58] Eric Diablo has withdrawn a Desert Eagle from the weapon locker (Cost: 5)
[2018/1/20 - 22:51:26] Islamist Eric Diablo has lost connection.
[2018/1/20 - 22:53:08] Jihadist Zyana Dios Bishop has lost connection.
[2018/1/20 - 22:53:40] Islamist Lucas Wick has lost connection.
[2018/1/20 - 22:54:05] Caliph Darius Devil has lost connection.
[2018/1/20 - 22:55:27] Islamist Elliot Ackerman has lost connection.
[2018/1/20 - 22:55:55] Council Commander Matt Fazzolari has lost connection.
[2018/1/20 - 22:57:25] Jihadist Darius Esperto has lost connection.
[2018/1/20 - 22:59:20] Islamist Dwayne Radcliffe has lost connection.
[2018/1/20 - 23:06:28] Islamist Simon Payne has lost connection.
[2018/1/20 - 23:11:58] Jihadist Darius Esperto has lost connection.
[2018/1/20 - 23:11:58] Islamist Dwayne Radcliffe has lost connection.
[2018/1/20 - 23:12:25] Council Commander Matt Fazzolari has lost connection.
[2018/1/20 - 23:14:50] Islamist Elliot Ackerman has lost connection.
[2018/1/20 - 23:51:21] Emir Erick Diablo has lost connection.
[2018/1/20 - 23:54:01] Emir Erick Diablo has lost connection.
[2018/1/20 - 23:54:36] Darius Esperto has logged out.
[2018/1/20 - 23:55:44] Elliot Ackerman has logged out.
[2018/1/20 - 23:56:20] Dwayne Radcliffe has logged out.
[2018/1/20 - 23:56:43] Emir Erick Diablo has lost connection.
