[2018/1/11 - 0:01:35] Wolly Loc has withdrawn 100 grams of Crack from the safe.
[2018/1/11 - 0:01:43] Wolly Loc has withdrawn 100 grams of Pot from the safe.
[2018/1/11 - 0:01:59] Wolly Loc has withdrawn 9100 materials from the safe.
[2018/1/11 - 0:06:50] Field Commander Vladmir Glasscock has lost connection.
[2018/1/11 - 0:07:27] Ermetano Carragio (93779) accepted Council Commander Erick Diablo's (1000218786) invite to join Islamic Society in San Andreas (30).
[2018/1/11 - 0:15:01] Ermetano Carragio has logged out.
[2018/1/11 - 0:17:25] Erick Diablo has logged out.
[2018/1/11 - 0:18:13] Convert Adam Russ has lost connection.
[2018/1/11 - 0:24:29] Convert Adam Russ has lost connection.
[2018/1/11 - 0:43:39] Dan Devil (10256) has quit the Islamic Society in San Andreas as a rank 0
[2018/1/11 - 0:51:43] Convert Adam Russ has lost connection.
[2018/1/11 - 1:17:12] Convert Adam Russ has lost connection.
[2018/1/11 - 1:33:01] Council Commander Erick Diablo has lost connection.
[2018/1/11 - 1:37:29] Mac Uzi (1000625350) accepted Council Commander Erick Diablo's (1000218786) invite to join Islamic Society in San Andreas (30).
[2018/1/11 - 1:43:58] Mac Uzi has logged out.
[2018/1/11 - 1:58:56] Islamist Evelina C Snow has lost connection.
[2018/1/11 - 2:02:49] Dan Devil (10256) accepted Council Commander Erick Diablo's (1000218786) invite to join Islamic Society in San Andreas (30).
[2018/1/11 - 2:03:24] Convert Dan Devil has lost connection.
[2018/1/11 - 2:08:12] Erick Diablo has withdrawn a Desert Eagle from the weapon locker (Cost: 5)
[2018/1/11 - 2:08:13] Erick Diablo has withdrawn a Shotgun from the weapon locker (Cost: 3)
[2018/1/11 - 2:17:55] Dan Devil (10256) has quit the Islamic Society in San Andreas as a rank 0
[2018/1/11 - 2:20:01] Erick Diablo has withdrawn a Desert Eagle from the weapon locker (Cost: 5)
[2018/1/11 - 2:20:03] Erick Diablo has withdrawn a Sniper Rifle from the weapon locker (Cost: 75)
[2018/1/11 - 2:20:07] Erick Diablo has authorized Evelina C Snow to withdraw a Desert Eagle from the weapon locker (Cost: 5)
[2018/1/11 - 2:21:05] Convert Adam Russ has lost connection.
[2018/1/11 - 2:23:03] Dan Devil (10256) accepted Council Commander Erick Diablo's (1000218786) invite to join Islamic Society in San Andreas (30).
[2018/1/11 - 2:23:17] Lrizz Devil (31262) accepted Council Commander Erick Diablo's (1000218786) invite to join Islamic Society in San Andreas (30).
[2018/1/11 - 2:26:31] Convert Adam Russ has lost connection.
[2018/1/11 - 2:27:38] Erick Diablo has withdrawn a Desert Eagle from the weapon locker (Cost: 5)
[2018/1/11 - 2:35:46] Erick Diablo has authorized Lrizz Devil to withdraw a Desert Eagle from the weapon locker (Cost: 5)
[2018/1/11 - 2:36:42] Council Commander Erick Diablo (1000218786) (rank 6) has given Adam Russ (10504) rank 1 (Islamist) in Islamic Society in San An
[2018/1/11 - 2:37:20] Logan Western (1000624990) accepted Council Commander Erick Diablo's (1000218786) invite to join Islamic Society in San Andreas (30).
[2018/1/11 - 2:37:37] Tony Roxx (1000624883) accepted Council Commander Erick Diablo's (1000218786) invite to join Islamic Society in San Andreas (30).
[2018/1/11 - 2:39:16] Tony Roxx has logged out.
[2018/1/11 - 2:39:29] Logan Western has logged out.
[2018/1/11 - 2:40:49] Council Commander Erick Diablo (1000218786) (rank 6) has given Tony Roxx (1000624883) rank 1 (Islamist) in Islamic Society in S
[2018/1/11 - 2:44:38] Carlito Morozov (1000625114) accepted Council Commander Erick Diablo's (1000218786) invite to join Islamic Society in San Andreas (30).
[2018/1/11 - 2:48:03] Islamist Evelina C Snow has lost connection.
[2018/1/11 - 2:59:26] Tony Roxx has logged out.
[2018/1/11 - 3:06:43] Logan Western has logged out.
[2018/1/11 - 3:06:46] Erick Diablo has withdrawn a Desert Eagle from the weapon locker (Cost: 5)
[2018/1/11 - 3:06:51] Erick Diablo has authorized Tony Roxx to withdraw a Desert Eagle from the weapon locker (Cost: 5)
[2018/1/11 - 3:07:01] Islamist Tony Roxx has lost connection.
[2018/1/11 - 3:07:41] Erick Diablo has authorized Adam Russ to withdraw a Desert Eagle from the weapon locker (Cost: 5)
[2018/1/11 - 3:08:15] Erick Diablo has authorized Carlito Morozov to withdraw a Silenced Colt .45 from the weapon locker (Cost: 3)
[2018/1/11 - 3:08:38] Evelina C Snow (893528) has quit the Islamic Society in San Andreas as a rank 1
[2018/1/11 - 3:16:09] Lrizz Devil has logged out.
[2018/1/11 - 3:16:44] Erick Diablo has withdrawn a Desert Eagle from the weapon locker (Cost: 5)
[2018/1/11 - 3:16:48] Erick Diablo has withdrawn a Shotgun from the weapon locker (Cost: 3)
[2018/1/11 - 3:18:05] Erick Diablo has authorized Lrizz Devil to withdraw a Desert Eagle from the weapon locker (Cost: 5)
[2018/1/11 - 3:20:07] Tony Roxx has logged out.
[2018/1/11 - 3:21:30] Adam Russ has logged out.
[2018/1/11 - 3:23:08] Carlito Morozov has logged out.
[2018/1/11 - 3:47:55] Lrizz Devil has logged out.
[2018/1/11 - 3:48:07] Dan Devil has logged out.
[2018/1/11 - 3:48:18] Tony Roxx has logged out.
[2018/1/11 - 3:53:55] Erick Diablo has authorized Tony Roxx to withdraw a Desert Eagle from the weapon locker (Cost: 5)
[2018/1/11 - 3:54:46] Ermetano Carragio (93779) has quit the Islamic Society in San Andreas as a rank 0
[2018/1/11 - 3:59:46] Dan Devil has logged out.
[2018/1/11 - 4:00:48] Kane Mcfellow (1000624932) accepted Council Commander Erick Diablo's (1000218786) invite to join Islamic Society in San Andreas (30).
[2018/1/11 - 4:02:19] Council Commander Erick Diablo has lost connection.
[2018/1/11 - 4:05:06] Vladmir Glasscock has withdrawn a Desert Eagle from the weapon locker (Cost: 5)
[2018/1/11 - 4:18:30] Erick Diablo has authorized Tony Roxx to withdraw a Desert Eagle from the weapon locker (Cost: 5)
[2018/1/11 - 4:20:01] Islamist Tony Roxx has lost connection.
[2018/1/11 - 4:21:19] Vladmir Glasscock has logged out.
[2018/1/11 - 4:27:20] Dan Devil has logged out.
[2018/1/11 - 4:27:33] Erick Diablo has logged out.
[2018/1/11 - 4:29:45] Kane Mcfellow has logged out.
[2018/1/11 - 4:32:48] Toleran Stlung has logged out.
[2018/1/11 - 5:06:12] Islamist Adam Russ has lost connection.
[2018/1/11 - 5:12:20] Toleran Stlung has logged out.
[2018/1/11 - 5:38:48] Vladmir Glasscock has withdrawn a AK-47 from the weapon locker (Cost: 25)
[2018/1/11 - 5:39:05] Vladmir Glasscock has deposited a AK-47 into the locker.
[2018/1/11 - 5:41:58] Toleran Stlung has logged out.
[2018/1/11 - 5:50:10] Matt Fazzolari has withdrawn a Desert Eagle from the weapon locker (Cost: 5)
[2018/1/11 - 5:50:32] Matt Fazzolari has withdrawn a Desert Eagle from the weapon locker (Cost: 5)
[2018/1/11 - 5:51:28] Vladmir Glasscock has withdrawn a Desert Eagle from the weapon locker (Cost: 5)
[2018/1/11 - 6:01:10] Matt Fazzolari has withdrawn a Desert Eagle from the weapon locker (Cost: 5)
[2018/1/11 - 6:01:50] Matt Fazzolari has withdrawn a Desert Eagle from the weapon locker (Cost: 5)
[2018/1/11 - 6:01:52] Matt Fazzolari has withdrawn a Shotgun from the weapon locker (Cost: 3)
[2018/1/11 - 6:06:58] Matt Fazzolari has withdrawn a Desert Eagle from the weapon locker (Cost: 5)
[2018/1/11 - 6:19:21] Matt Fazzolari has withdrawn a Shotgun from the weapon locker (Cost: 3)
[2018/1/11 - 6:42:18] Toleran Stlung has logged out.
[2018/1/11 - 6:44:41] Vladmir Glasscock has withdrawn a Desert Eagle from the weapon locker (Cost: 5)
[2018/1/11 - 6:48:47] Islamist Adam Russ has lost connection.
[2018/1/11 - 6:50:43] Toleran Stlung has logged out.
[2018/1/11 - 6:52:33] Matt Fazzolari has withdrawn a Shotgun from the weapon locker (Cost: 3)
[2018/1/11 - 6:56:14] Matt Fazzolari has logged out.
[2018/1/11 - 7:08:05] Vladmir Glasscock has logged out.
[2018/1/11 - 7:21:11] Matt Fazzolari has logged out.
[2018/1/11 - 7:50:07] Ryan T Jackson has adjusted the withdraw rank for item 2 to 5.
[2018/1/11 - 7:50:16] Ryan T Jackson has withdrawn 40 grams of Meth from the safe.
[2018/1/11 - 7:50:28] Ryan T Jackson has adjusted the withdraw rank for item 2 to 7.
[2018/1/11 - 7:51:34] Ryan T Jackson has withdrawn a Desert Eagle from the weapon locker (Cost: 5)
[2018/1/11 - 7:52:14] Ryan T Jackson has adjusted the withdraw rank for item 2 to 5.
[2018/1/11 - 7:52:20] Ryan T Jackson has withdrawn 20 grams of Ecstasy from the safe.
[2018/1/11 - 7:52:25] Ryan T Jackson has adjusted the withdraw rank for item 2 to 7.
[2018/1/11 - 7:53:48] Ryan T Jackson has logged out.
[2018/1/11 - 7:58:34] Ryan T Jackson has logged out.
[2018/1/11 - 8:09:17] Ryan T Jackson has logged out.
[2018/1/11 - 8:12:19] Kevin Pusha (1000475200) accepted Field Commander Ryan T Jackson's (900152) invite to join Islamic Society in San Andreas (30).
[2018/1/11 - 8:12:35] Field Commander Ryan T Jackson (900152) (rank 5) has given Kevin Pusha (1000475200) rank 3 (Guerrilla Fighter) in Islamic Socie
[2018/1/11 - 8:13:17] Cateleyto Mathisano (1000624284) accepted Field Commander Ryan T Jackson's (900152) invite to join Islamic Society in San Andreas (30).
[2018/1/11 - 8:15:08] Ric Fisher (1000626827) accepted Field Commander Ryan T Jackson's (900152) invite to join Islamic Society in San Andreas (30).
[2018/1/11 - 8:15:16] Field Commander Ryan T Jackson (900152) (rank 5) has given Ric Fisher (1000626827) rank 3 (Guerrilla Fighter) in Islamic Societ
[2018/1/11 - 8:16:22] Ryan T Jackson has authorized Cateleyto Mathisano to withdraw a Desert Eagle from the weapon locker (Cost: 5)
[2018/1/11 - 8:33:44] Ryan T Jackson has logged out.
[2018/1/11 - 8:36:51] Ryan T Jackson has logged out.
[2018/1/11 - 8:42:47] Ryan T Jackson has authorized Cateleyto Mathisano to withdraw a Desert Eagle from the weapon locker (Cost: 5)
[2018/1/11 - 8:43:37] Ryan T Jackson has withdrawn a Desert Eagle from the weapon locker (Cost: 5)
[2018/1/11 - 8:45:32] Ryan T Jackson has logged out.
[2018/1/11 - 9:04:58] Guerrilla Fighter Ric Fisher has lost connection.
[2018/1/11 - 9:09:01] Kevin Pusha has logged out.
[2018/1/11 - 9:21:26] Cateleyto Mathisano has logged out.
[2018/1/11 - 9:44:18] Field Commander Ryan T Jackson (900152) (rank 5) has given Cateleyto Mathisano (1000624284) rank 1 (Islamist) in Islamic Societ
[2018/1/11 - 9:52:57] Ryan T Jackson has authorized Ric Fisher to withdraw a Desert Eagle from the weapon locker (Cost: 5)
[2018/1/11 - 9:54:44] Ryan T Jackson has authorized Ric Fisher to withdraw a Shotgun from the weapon locker (Cost: 3)
[2018/1/11 - 10:00:51] Islamist James Raige has lost connection.
[2018/1/11 - 10:12:35] Ryan T Jackson has logged out.
[2018/1/11 - 10:28:38] Islamist James Raige has lost connection.
[2018/1/11 - 10:30:30] Cateleyto Mathisano has logged out.
[2018/1/11 - 10:31:04] Field Commander Ryan T Jackson (900152) has set Ric Fisher's (1000626827) division to Recruitment in Islamic Society in San And
[2018/1/11 - 10:33:29] Ric Fisher has logged out.
[2018/1/11 - 10:38:51] Ryan T Jackson has logged out.
[2018/1/11 - 10:49:33] James Raige has logged out.
[2018/1/11 - 11:32:52] Asiah Maiden Rizal has logged out.
[2018/1/11 - 12:48:38] Islamist James Raige has lost connection.
[2018/1/11 - 13:26:37] Tifa Kusnetsov (1000397973) has quit the Islamic Society in San Andreas as a rank 6
[2018/1/11 - 14:51:42] Cateleyto Mathisano has logged out.
[2018/1/11 - 15:08:02] Mark Schneider has logged out.
[2018/1/11 - 15:45:07] James C. Johnson (1000626168) has quit the Islamic Society in San Andreas as a rank 0
[2018/1/11 - 15:56:58] Mark Schneider has logged out.
[2018/1/11 - 17:31:10] Tony Roxx has logged out.
[2018/1/11 - 17:48:54] Tony Roxx has logged out.
[2018/1/11 - 20:25:33] Sergio Buenoh (1000268908) has quit the Islamic Society in San Andreas as a rank 3
[2018/1/11 - 22:39:18] Matt Fazzolari has withdrawn a Shotgun from the weapon locker (Cost: 3)
[2018/1/11 - 22:46:50] Matt Fazzolari has logged out.
