[2018/1/5 - 2:45:35] Kobe Duron has withdrawn a Sniper Rifle from the weapon locker (Cost: 0)
[2018/1/5 - 2:45:37] Kobe Duron has withdrawn a Desert Eagle from the weapon locker (Cost: 0)
[2018/1/5 - 2:45:39] Kobe Duron has withdrawn a SPAS-12 from the weapon locker (Cost: 0)
[2018/1/5 - 2:45:41] Kobe Duron has withdrawn a Knife from the weapon locker (Cost: 0)
[2018/1/5 - 3:29:14] Kobe Duron has withdrawn a Sniper Rifle from the weapon locker (Cost: 0)
[2018/1/5 - 3:29:15] Kobe Duron has withdrawn a SPAS-12 from the weapon locker (Cost: 0)
[2018/1/5 - 3:29:17] Kobe Duron has withdrawn a Desert Eagle from the weapon locker (Cost: 0)
[2018/1/5 - 3:29:19] Kobe Duron has withdrawn a Knife from the weapon locker (Cost: 0)
[2018/1/5 - 3:37:21] Jamal Hooligan has logged in.
[2018/1/5 - 3:38:33] Jamal Hooligan has withdrawn a SPAS-12 from the weapon locker (Cost: 0)
[2018/1/5 - 3:49:05] Jamal Hooligan has logged out.
[2018/1/5 - 5:09:11] Kobe Duron has withdrawn a Tear Gas from the weapon locker (Cost: 0)
[2018/1/5 - 5:09:13] Kobe Duron has withdrawn a Knife from the weapon locker (Cost: 0)
[2018/1/5 - 5:19:26] Doc Kanaan has withdrawn a Micro Uzi from the weapon locker (Cost: 0)
[2018/1/5 - 5:19:28] Doc Kanaan has withdrawn a Sniper Rifle from the weapon locker (Cost: 0)
[2018/1/5 - 5:19:31] Doc Kanaan has withdrawn a Desert Eagle from the weapon locker (Cost: 0)
[2018/1/5 - 5:20:19] Doc Kanaan has withdrawn a SPAS-12 from the weapon locker (Cost: 0)
[2018/1/5 - 5:20:26] Doc Kanaan has withdrawn a Sniper Rifle from the weapon locker (Cost: 0)
[2018/1/5 - 5:20:30] Doc Kanaan has withdrawn a Desert Eagle from the weapon locker (Cost: 0)
[2018/1/5 - 5:20:32] Doc Kanaan has withdrawn a Micro Uzi from the weapon locker (Cost: 0)
[2018/1/5 - 9:16:18] Mitch Makaveli has logged in.
[2018/1/5 - 10:01:22] Mitch Makaveli has withdrawn a Desert Eagle from the weapon locker (Cost: 0)
[2018/1/5 - 10:11:14] Mitch Makaveli has withdrawn a Desert Eagle from the weapon locker (Cost: 0)
[2018/1/5 - 10:18:12] Mitch Makaveli has withdrawn a Sniper Rifle from the weapon locker (Cost: 0)
[2018/1/5 - 10:18:14] Mitch Makaveli has withdrawn a Micro Uzi from the weapon locker (Cost: 0)
[2018/1/5 - 10:18:21] Mitch Makaveli has withdrawn a Desert Eagle from the weapon locker (Cost: 0)
[2018/1/5 - 10:25:27] Mitch Makaveli has withdrawn a Desert Eagle from the weapon locker (Cost: 0)
[2018/1/5 - 10:25:35] Mitch Makaveli has withdrawn a Micro Uzi from the weapon locker (Cost: 0)
[2018/1/5 - 11:18:23] Mitch Makaveli has withdrawn a Desert Eagle from the weapon locker (Cost: 0)
[2018/1/5 - 11:20:06] Mitch Makaveli has logged out.
[2018/1/5 - 12:49:04] Tyrese Roach has logged in.
[2018/1/5 - 12:50:51] Tyrese Roach has logged out.
[2018/1/5 - 12:51:20] Tyrese Roach has logged in.
[2018/1/5 - 12:56:47] Deshawn Cunningham has logged out.
[2018/1/5 - 13:07:05] Deshawn Cunningham has logged in.
[2018/1/5 - 13:12:04] Freelancer Deshawn Cunningham has lost connection.
[2018/1/5 - 14:00:45] Deshawn Cunningham has logged in.
[2018/1/5 - 14:01:57] Deshawn Cunningham has logged out.
[2018/1/5 - 14:11:47] Deshawn Cunningham has logged in.
[2018/1/5 - 14:16:08] Deshawn Cunningham has logged out.
[2018/1/5 - 14:25:25] Jamal Hooligan has logged in.
[2018/1/5 - 14:26:09] Deshawn Cunningham has logged in.
[2018/1/5 - 14:31:16] Deshawn Cunningham has logged out.
[2018/1/5 - 14:33:47] Deshawn Cunningham has logged in.
[2018/1/5 - 14:40:08] Deshawn Cunningham has logged out.
[2018/1/5 - 14:49:39] Deshawn Cunningham has logged in.
[2018/1/5 - 14:50:50] Mitch Makaveli has logged in.
[2018/1/5 - 14:51:18] Agent Jamal Hooligan has lost connection.
[2018/1/5 - 14:51:42] Deshawn Cunningham has logged out.
[2018/1/5 - 14:59:09] Jamal Hooligan has logged in.
[2018/1/5 - 15:09:21] Deshawn Cunningham has logged in.
[2018/1/5 - 15:10:35] Jamal Hooligan has withdrawn a TEC-9 from the weapon locker (Cost: 0)
[2018/1/5 - 15:40:11] George Morgan (1000031467) has made George Morgan (1000031467) the leader of the /makehitmanleader.
[2018/1/5 - 15:40:15] Admin George Morgan (1000031467) (rank 7) has uninvited Mitch Makaveli (36021) (rank 1) from /makehitmanleader (8).
[2018/1/5 - 15:40:23] Admin George Morgan (1000031467) (rank 7) has uninvited Deshawn Cunningham (105327) (rank 0) from /makehitmanleader (8).
[2018/1/5 - 15:40:32] Admin George Morgan (1000031467) (rank 7) has uninvited Jamal Hooligan (1000033995) (rank 1) from /makehitmanleader (8).
