[2018/1/11 - 1:44:39] Kobe Mece (1000088591) has made Kobe Mece (1000088591) the leader of the Hitman.
[2018/1/11 - 1:45:25] Kobe Mece has withdrawn a Sniper Rifle from the weapon locker (Cost: 0)
[2018/1/11 - 1:45:27] Kobe Mece has withdrawn a SPAS-12 from the weapon locker (Cost: 0)
[2018/1/11 - 1:45:33] Kobe Mece has withdrawn a Knife from the weapon locker (Cost: 0)
[2018/1/11 - 9:33:05] Doc Kanaan has withdrawn a SPAS-12 from the weapon locker (Cost: 0)
[2018/1/11 - 9:33:21] Doc Kanaan has withdrawn a Desert Eagle from the weapon locker (Cost: 0)
[2018/1/11 - 9:33:59] Doc Kanaan has withdrawn a Desert Eagle from the weapon locker (Cost: 0)
[2018/1/11 - 9:34:00] Doc Kanaan has withdrawn a Sniper Rifle from the weapon locker (Cost: 0)
[2018/1/11 - 9:34:01] Doc Kanaan has withdrawn a SPAS-12 from the weapon locker (Cost: 0)
[2018/1/11 - 9:34:03] Doc Kanaan has withdrawn a Micro Uzi from the weapon locker (Cost: 0)
[2018/1/11 - 9:34:30] Doc Kanaan has withdrawn a Micro Uzi from the weapon locker (Cost: 0)
[2018/1/11 - 9:47:46] Doc Kanaan has withdrawn a SPAS-12 from the weapon locker (Cost: 0)
[2018/1/11 - 9:47:49] Doc Kanaan has withdrawn a Micro Uzi from the weapon locker (Cost: 0)
[2018/1/11 - 12:07:22] Kobe Mece (1000088591) has made Kobe Mece (1000088591) the leader of the Hitman.
[2018/1/11 - 16:13:36] Jackson Crenshaw (36021) has made Benedict Price (848344) the leader of the Hitman.
[2018/1/11 - 16:14:17] Admin Benedict Price (848344) (rank 7) has given Benedict Price (848344) rank 6 (Director) in Hitman (8).
[2018/1/11 - 16:25:04] Deshawn Cunningham (105327) accepted Director Benedict Price's (848344) invite to join Hitman (8).
[2018/1/11 - 16:28:06] Deshawn Cunningham has withdrawn a Sniper Rifle from the weapon locker (Cost: 0)
[2018/1/11 - 16:28:08] Deshawn Cunningham has withdrawn a Desert Eagle from the weapon locker (Cost: 0)
[2018/1/11 - 16:28:10] Deshawn Cunningham has withdrawn a Knife from the weapon locker (Cost: 0)
[2018/1/11 - 16:28:11] Deshawn Cunningham has withdrawn a SPAS-12 from the weapon locker (Cost: 0)
[2018/1/11 - 16:28:17] Deshawn Cunningham has withdrawn a TEC-9 from the weapon locker (Cost: 0)
[2018/1/11 - 16:32:25] Deshawn Cunningham has withdrawn a Desert Eagle from the weapon locker (Cost: 0)
[2018/1/11 - 16:32:25] Benedict Price has withdrawn a SPAS-12 from the weapon locker (Cost: 0)
[2018/1/11 - 17:04:52] Benedict Price has logged out.
[2018/1/11 - 17:07:07] Deshawn Cunningham has logged out.
