[2018/1/3 - 0:00:16] The faction vault is at $8,682,646.
[2018/1/3 - 0:00:16] Vehicle ID 199 (Slot ID 20) Maintainence fee cost $0 to Hitman Agency's budget fund.
[2018/1/3 - 0:00:16] Vehicle ID 201 (Slot ID 22) Maintainence fee cost $0 to Hitman Agency's budget fund.
[2018/1/3 - 0:00:16] Vehicle ID 213 (Slot ID 43) Maintainence fee cost $0 to Hitman Agency's budget fund.
[2018/1/3 - 0:00:16] Vehicle ID 342 (Slot ID 202) Maintainence fee cost $0 to Hitman Agency's budget fund.
[2018/1/3 - 0:00:16] Vehicle ID 350 (Slot ID 213) Maintainence fee cost $0 to Hitman Agency's budget fund.
[2018/1/3 - 0:00:16] Vehicle ID 391 (Slot ID 263) Maintainence fee cost $0 to Hitman Agency's budget fund.
[2018/1/3 - 0:00:16] Vehicle ID 405 (Slot ID 291) Maintainence fee cost $0 to Hitman Agency's budget fund.
[2018/1/3 - 0:00:16] Vehicle ID 410 (Slot ID 299) Maintainence fee cost $0 to Hitman Agency's budget fund.
[2018/1/3 - 0:00:16] Vehicle ID 0 (Slot ID 307) Maintainence fee cost $0 to Hitman Agency's budget fund.
[2018/1/3 - 0:00:16] Vehicle ID 0 (Slot ID 309) Maintainence fee cost $0 to Hitman Agency's budget fund.
[2018/1/3 - 0:00:16] Vehicle ID 0 (Slot ID 318) Maintainence fee cost $0 to Hitman Agency's budget fund.
[2018/1/3 - 0:00:16] Vehicle ID 0 (Slot ID 436) Maintainence fee cost $0 to Hitman Agency's budget fund.
[2018/1/3 - 0:00:16] Vehicle ID 437 (Slot ID 438) Maintainence fee cost $0 to Hitman Agency's budget fund.
[2018/1/3 - 0:00:16] Vehicle ID 0 (Slot ID 440) Maintainence fee cost $0 to Hitman Agency's budget fund.
[2018/1/3 - 0:00:16] Vehicle ID 0 (Slot ID 445) Maintainence fee cost $0 to Hitman Agency's budget fund.
[2018/1/3 - 0:00:16] Vehicle ID 0 (Slot ID 446) Maintainence fee cost $0 to Hitman Agency's budget fund.
[2018/1/3 - 0:00:16] Vehicle ID 0 (Slot ID 447) Maintainence fee cost $0 to Hitman Agency's budget fund.
[2018/1/3 - 0:00:16] Vehicle ID 0 (Slot ID 451) Maintainence fee cost $0 to Hitman Agency's budget fund.
[2018/1/3 - 0:50:06] Kobe Duron took a vest out of the Hitman Agency locker at a cost of 1 HG Material.
[2018/1/3 - 1:00:56] The faction vault is at $8,689,846.
[2018/1/3 - 1:00:56] Vehicle ID 199 (Slot ID 20) Maintainence fee cost $0 to Hitman Agency's budget fund.
[2018/1/3 - 1:00:56] Vehicle ID 201 (Slot ID 22) Maintainence fee cost $0 to Hitman Agency's budget fund.
[2018/1/3 - 1:00:56] Vehicle ID 213 (Slot ID 43) Maintainence fee cost $0 to Hitman Agency's budget fund.
[2018/1/3 - 1:00:56] Vehicle ID 342 (Slot ID 202) Maintainence fee cost $0 to Hitman Agency's budget fund.
[2018/1/3 - 1:00:56] Vehicle ID 350 (Slot ID 213) Maintainence fee cost $0 to Hitman Agency's budget fund.
[2018/1/3 - 1:00:56] Vehicle ID 391 (Slot ID 263) Maintainence fee cost $0 to Hitman Agency's budget fund.
[2018/1/3 - 1:00:56] Vehicle ID 405 (Slot ID 291) Maintainence fee cost $0 to Hitman Agency's budget fund.
[2018/1/3 - 1:00:56] Vehicle ID 410 (Slot ID 299) Maintainence fee cost $0 to Hitman Agency's budget fund.
[2018/1/3 - 1:00:56] Vehicle ID 0 (Slot ID 307) Maintainence fee cost $0 to Hitman Agency's budget fund.
[2018/1/3 - 1:00:56] Vehicle ID 0 (Slot ID 309) Maintainence fee cost $0 to Hitman Agency's budget fund.
[2018/1/3 - 1:00:56] Vehicle ID 0 (Slot ID 318) Maintainence fee cost $0 to Hitman Agency's budget fund.
[2018/1/3 - 1:00:56] Vehicle ID 0 (Slot ID 436) Maintainence fee cost $0 to Hitman Agency's budget fund.
[2018/1/3 - 1:00:56] Vehicle ID 437 (Slot ID 438) Maintainence fee cost $0 to Hitman Agency's budget fund.
[2018/1/3 - 1:00:56] Vehicle ID 0 (Slot ID 440) Maintainence fee cost $0 to Hitman Agency's budget fund.
[2018/1/3 - 1:00:56] Vehicle ID 0 (Slot ID 445) Maintainence fee cost $0 to Hitman Agency's budget fund.
[2018/1/3 - 1:00:56] Vehicle ID 0 (Slot ID 446) Maintainence fee cost $0 to Hitman Agency's budget fund.
[2018/1/3 - 1:00:56] Vehicle ID 0 (Slot ID 447) Maintainence fee cost $0 to Hitman Agency's budget fund.
[2018/1/3 - 1:00:56] Vehicle ID 0 (Slot ID 451) Maintainence fee cost $0 to Hitman Agency's budget fund.
[2018/1/3 - 2:00:48] The faction vault is at $8,693,446.
[2018/1/3 - 2:00:48] Vehicle ID 199 (Slot ID 20) Maintainence fee cost $0 to Hitman Agency's budget fund.
[2018/1/3 - 2:00:48] Vehicle ID 201 (Slot ID 22) Maintainence fee cost $0 to Hitman Agency's budget fund.
[2018/1/3 - 2:00:48] Vehicle ID 213 (Slot ID 43) Maintainence fee cost $0 to Hitman Agency's budget fund.
[2018/1/3 - 2:00:48] Vehicle ID 342 (Slot ID 202) Maintainence fee cost $0 to Hitman Agency's budget fund.
[2018/1/3 - 2:00:48] Vehicle ID 350 (Slot ID 213) Maintainence fee cost $0 to Hitman Agency's budget fund.
[2018/1/3 - 2:00:48] Vehicle ID 391 (Slot ID 263) Maintainence fee cost $0 to Hitman Agency's budget fund.
[2018/1/3 - 2:00:48] Vehicle ID 405 (Slot ID 291) Maintainence fee cost $0 to Hitman Agency's budget fund.
[2018/1/3 - 2:00:48] Vehicle ID 410 (Slot ID 299) Maintainence fee cost $0 to Hitman Agency's budget fund.
[2018/1/3 - 2:00:48] Vehicle ID 0 (Slot ID 307) Maintainence fee cost $0 to Hitman Agency's budget fund.
[2018/1/3 - 2:00:48] Vehicle ID 0 (Slot ID 309) Maintainence fee cost $0 to Hitman Agency's budget fund.
[2018/1/3 - 2:00:48] Vehicle ID 0 (Slot ID 318) Maintainence fee cost $0 to Hitman Agency's budget fund.
[2018/1/3 - 2:00:48] Vehicle ID 0 (Slot ID 436) Maintainence fee cost $0 to Hitman Agency's budget fund.
[2018/1/3 - 2:00:48] Vehicle ID 437 (Slot ID 438) Maintainence fee cost $0 to Hitman Agency's budget fund.
[2018/1/3 - 2:00:48] Vehicle ID 0 (Slot ID 440) Maintainence fee cost $0 to Hitman Agency's budget fund.
[2018/1/3 - 2:00:48] Vehicle ID 0 (Slot ID 445) Maintainence fee cost $0 to Hitman Agency's budget fund.
[2018/1/3 - 2:00:48] Vehicle ID 0 (Slot ID 446) Maintainence fee cost $0 to Hitman Agency's budget fund.
[2018/1/3 - 2:00:48] Vehicle ID 0 (Slot ID 447) Maintainence fee cost $0 to Hitman Agency's budget fund.
[2018/1/3 - 2:00:48] Vehicle ID 0 (Slot ID 451) Maintainence fee cost $0 to Hitman Agency's budget fund.
[2018/1/3 - 3:00:46] The faction vault is at $8,700,046.
[2018/1/3 - 3:00:46] Vehicle ID 199 (Slot ID 20) Maintainence fee cost $0 to Hitman Agency's budget fund.
[2018/1/3 - 3:00:46] Vehicle ID 201 (Slot ID 22) Maintainence fee cost $0 to Hitman Agency's budget fund.
[2018/1/3 - 3:00:46] Vehicle ID 213 (Slot ID 43) Maintainence fee cost $0 to Hitman Agency's budget fund.
[2018/1/3 - 3:00:46] Vehicle ID 342 (Slot ID 202) Maintainence fee cost $0 to Hitman Agency's budget fund.
[2018/1/3 - 3:00:46] Vehicle ID 350 (Slot ID 213) Maintainence fee cost $0 to Hitman Agency's budget fund.
[2018/1/3 - 3:00:46] Vehicle ID 391 (Slot ID 263) Maintainence fee cost $0 to Hitman Agency's budget fund.
[2018/1/3 - 3:00:46] Vehicle ID 405 (Slot ID 291) Maintainence fee cost $0 to Hitman Agency's budget fund.
[2018/1/3 - 3:00:46] Vehicle ID 410 (Slot ID 299) Maintainence fee cost $0 to Hitman Agency's budget fund.
[2018/1/3 - 3:00:46] Vehicle ID 0 (Slot ID 307) Maintainence fee cost $0 to Hitman Agency's budget fund.
[2018/1/3 - 3:00:46] Vehicle ID 0 (Slot ID 309) Maintainence fee cost $0 to Hitman Agency's budget fund.
[2018/1/3 - 3:00:46] Vehicle ID 0 (Slot ID 318) Maintainence fee cost $0 to Hitman Agency's budget fund.
[2018/1/3 - 3:00:46] Vehicle ID 0 (Slot ID 436) Maintainence fee cost $0 to Hitman Agency's budget fund.
[2018/1/3 - 3:00:46] Vehicle ID 437 (Slot ID 438) Maintainence fee cost $0 to Hitman Agency's budget fund.
[2018/1/3 - 3:00:46] Vehicle ID 0 (Slot ID 440) Maintainence fee cost $0 to Hitman Agency's budget fund.
[2018/1/3 - 3:00:46] Vehicle ID 0 (Slot ID 445) Maintainence fee cost $0 to Hitman Agency's budget fund.
[2018/1/3 - 3:00:46] Vehicle ID 0 (Slot ID 446) Maintainence fee cost $0 to Hitman Agency's budget fund.
[2018/1/3 - 3:00:46] Vehicle ID 0 (Slot ID 447) Maintainence fee cost $0 to Hitman Agency's budget fund.
[2018/1/3 - 3:00:46] Vehicle ID 0 (Slot ID 451) Maintainence fee cost $0 to Hitman Agency's budget fund.
[2018/1/3 - 4:00:49] The faction vault is at $8,705,446.
[2018/1/3 - 4:00:49] Vehicle ID 199 (Slot ID 20) Maintainence fee cost $0 to Hitman Agency's budget fund.
[2018/1/3 - 4:00:49] Vehicle ID 201 (Slot ID 22) Maintainence fee cost $0 to Hitman Agency's budget fund.
[2018/1/3 - 4:00:49] Vehicle ID 213 (Slot ID 43) Maintainence fee cost $0 to Hitman Agency's budget fund.
[2018/1/3 - 4:00:49] Vehicle ID 342 (Slot ID 202) Maintainence fee cost $0 to Hitman Agency's budget fund.
[2018/1/3 - 4:00:49] Vehicle ID 350 (Slot ID 213) Maintainence fee cost $0 to Hitman Agency's budget fund.
[2018/1/3 - 4:00:49] Vehicle ID 391 (Slot ID 263) Maintainence fee cost $0 to Hitman Agency's budget fund.
[2018/1/3 - 4:00:49] Vehicle ID 405 (Slot ID 291) Maintainence fee cost $0 to Hitman Agency's budget fund.
[2018/1/3 - 4:00:49] Vehicle ID 410 (Slot ID 299) Maintainence fee cost $0 to Hitman Agency's budget fund.
[2018/1/3 - 4:00:49] Vehicle ID 0 (Slot ID 307) Maintainence fee cost $0 to Hitman Agency's budget fund.
[2018/1/3 - 4:00:49] Vehicle ID 0 (Slot ID 309) Maintainence fee cost $0 to Hitman Agency's budget fund.
[2018/1/3 - 4:00:49] Vehicle ID 0 (Slot ID 318) Maintainence fee cost $0 to Hitman Agency's budget fund.
[2018/1/3 - 4:00:49] Vehicle ID 0 (Slot ID 436) Maintainence fee cost $0 to Hitman Agency's budget fund.
[2018/1/3 - 4:00:49] Vehicle ID 437 (Slot ID 438) Maintainence fee cost $0 to Hitman Agency's budget fund.
[2018/1/3 - 4:00:49] Vehicle ID 0 (Slot ID 440) Maintainence fee cost $0 to Hitman Agency's budget fund.
[2018/1/3 - 4:00:49] Vehicle ID 0 (Slot ID 445) Maintainence fee cost $0 to Hitman Agency's budget fund.
[2018/1/3 - 4:00:49] Vehicle ID 0 (Slot ID 446) Maintainence fee cost $0 to Hitman Agency's budget fund.
[2018/1/3 - 4:00:49] Vehicle ID 0 (Slot ID 447) Maintainence fee cost $0 to Hitman Agency's budget fund.
[2018/1/3 - 4:00:49] Vehicle ID 0 (Slot ID 451) Maintainence fee cost $0 to Hitman Agency's budget fund.
[2018/1/3 - 5:00:53] The faction vault is at $8,708,246.
[2018/1/3 - 5:00:53] Vehicle ID 199 (Slot ID 20) Maintainence fee cost $0 to Hitman Agency's budget fund.
[2018/1/3 - 5:00:53] Vehicle ID 201 (Slot ID 22) Maintainence fee cost $0 to Hitman Agency's budget fund.
[2018/1/3 - 5:00:53] Vehicle ID 213 (Slot ID 43) Maintainence fee cost $0 to Hitman Agency's budget fund.
[2018/1/3 - 5:00:53] Vehicle ID 342 (Slot ID 202) Maintainence fee cost $0 to Hitman Agency's budget fund.
[2018/1/3 - 5:00:53] Vehicle ID 350 (Slot ID 213) Maintainence fee cost $0 to Hitman Agency's budget fund.
[2018/1/3 - 5:00:53] Vehicle ID 391 (Slot ID 263) Maintainence fee cost $0 to Hitman Agency's budget fund.
[2018/1/3 - 5:00:53] Vehicle ID 405 (Slot ID 291) Maintainence fee cost $0 to Hitman Agency's budget fund.
[2018/1/3 - 5:00:53] Vehicle ID 410 (Slot ID 299) Maintainence fee cost $0 to Hitman Agency's budget fund.
[2018/1/3 - 5:00:53] Vehicle ID 0 (Slot ID 307) Maintainence fee cost $0 to Hitman Agency's budget fund.
[2018/1/3 - 5:00:53] Vehicle ID 0 (Slot ID 309) Maintainence fee cost $0 to Hitman Agency's budget fund.
[2018/1/3 - 5:00:53] Vehicle ID 0 (Slot ID 318) Maintainence fee cost $0 to Hitman Agency's budget fund.
[2018/1/3 - 5:00:53] Vehicle ID 0 (Slot ID 436) Maintainence fee cost $0 to Hitman Agency's budget fund.
[2018/1/3 - 5:00:53] Vehicle ID 437 (Slot ID 438) Maintainence fee cost $0 to Hitman Agency's budget fund.
[2018/1/3 - 5:00:53] Vehicle ID 0 (Slot ID 440) Maintainence fee cost $0 to Hitman Agency's budget fund.
[2018/1/3 - 5:00:53] Vehicle ID 0 (Slot ID 445) Maintainence fee cost $0 to Hitman Agency's budget fund.
[2018/1/3 - 5:00:53] Vehicle ID 0 (Slot ID 446) Maintainence fee cost $0 to Hitman Agency's budget fund.
[2018/1/3 - 5:00:53] Vehicle ID 0 (Slot ID 447) Maintainence fee cost $0 to Hitman Agency's budget fund.
[2018/1/3 - 5:00:53] Vehicle ID 0 (Slot ID 451) Maintainence fee cost $0 to Hitman Agency's budget fund.
[2018/1/3 - 5:59:08] Mitch Makaveli took a vest out of the Hitman Agency locker at a cost of 1 HG Material.
[2018/1/3 - 6:00:59] The faction vault is at $8,710,246.
[2018/1/3 - 6:00:59] Vehicle ID 199 (Slot ID 20) Maintainence fee cost $0 to Hitman Agency's budget fund.
[2018/1/3 - 6:00:59] Vehicle ID 201 (Slot ID 22) Maintainence fee cost $0 to Hitman Agency's budget fund.
[2018/1/3 - 6:00:59] Vehicle ID 213 (Slot ID 43) Maintainence fee cost $0 to Hitman Agency's budget fund.
[2018/1/3 - 6:00:59] Vehicle ID 342 (Slot ID 202) Maintainence fee cost $0 to Hitman Agency's budget fund.
[2018/1/3 - 6:00:59] Vehicle ID 350 (Slot ID 213) Maintainence fee cost $0 to Hitman Agency's budget fund.
[2018/1/3 - 6:00:59] Vehicle ID 391 (Slot ID 263) Maintainence fee cost $0 to Hitman Agency's budget fund.
[2018/1/3 - 6:00:59] Vehicle ID 405 (Slot ID 291) Maintainence fee cost $0 to Hitman Agency's budget fund.
[2018/1/3 - 6:00:59] Vehicle ID 410 (Slot ID 299) Maintainence fee cost $0 to Hitman Agency's budget fund.
[2018/1/3 - 6:00:59] Vehicle ID 0 (Slot ID 307) Maintainence fee cost $0 to Hitman Agency's budget fund.
[2018/1/3 - 6:00:59] Vehicle ID 0 (Slot ID 309) Maintainence fee cost $0 to Hitman Agency's budget fund.
[2018/1/3 - 6:00:59] Vehicle ID 0 (Slot ID 318) Maintainence fee cost $0 to Hitman Agency's budget fund.
[2018/1/3 - 6:00:59] Vehicle ID 0 (Slot ID 436) Maintainence fee cost $0 to Hitman Agency's budget fund.
[2018/1/3 - 6:00:59] Vehicle ID 437 (Slot ID 438) Maintainence fee cost $0 to Hitman Agency's budget fund.
[2018/1/3 - 6:00:59] Vehicle ID 0 (Slot ID 440) Maintainence fee cost $0 to Hitman Agency's budget fund.
[2018/1/3 - 6:00:59] Vehicle ID 0 (Slot ID 445) Maintainence fee cost $0 to Hitman Agency's budget fund.
[2018/1/3 - 6:00:59] Vehicle ID 0 (Slot ID 446) Maintainence fee cost $0 to Hitman Agency's budget fund.
[2018/1/3 - 6:00:59] Vehicle ID 0 (Slot ID 447) Maintainence fee cost $0 to Hitman Agency's budget fund.
[2018/1/3 - 6:00:59] Vehicle ID 0 (Slot ID 451) Maintainence fee cost $0 to Hitman Agency's budget fund.
[2018/1/3 - 6:10:51] Mitch Makaveli has been paid $69 from Hitman Agency's budget.
[2018/1/3 - 7:00:05] The faction vault is at $8,713,177.
[2018/1/3 - 7:00:05] Vehicle ID 199 (Slot ID 20) Maintainence fee cost $0 to Hitman Agency's budget fund.
[2018/1/3 - 7:00:05] Vehicle ID 201 (Slot ID 22) Maintainence fee cost $0 to Hitman Agency's budget fund.
[2018/1/3 - 7:00:05] Vehicle ID 213 (Slot ID 43) Maintainence fee cost $0 to Hitman Agency's budget fund.
[2018/1/3 - 7:00:05] Vehicle ID 342 (Slot ID 202) Maintainence fee cost $0 to Hitman Agency's budget fund.
[2018/1/3 - 7:00:05] Vehicle ID 350 (Slot ID 213) Maintainence fee cost $0 to Hitman Agency's budget fund.
[2018/1/3 - 7:00:05] Vehicle ID 391 (Slot ID 263) Maintainence fee cost $0 to Hitman Agency's budget fund.
[2018/1/3 - 7:00:05] Vehicle ID 405 (Slot ID 291) Maintainence fee cost $0 to Hitman Agency's budget fund.
[2018/1/3 - 7:00:05] Vehicle ID 410 (Slot ID 299) Maintainence fee cost $0 to Hitman Agency's budget fund.
[2018/1/3 - 7:00:05] Vehicle ID 0 (Slot ID 307) Maintainence fee cost $0 to Hitman Agency's budget fund.
[2018/1/3 - 7:00:05] Vehicle ID 0 (Slot ID 309) Maintainence fee cost $0 to Hitman Agency's budget fund.
[2018/1/3 - 7:00:05] Vehicle ID 0 (Slot ID 318) Maintainence fee cost $0 to Hitman Agency's budget fund.
[2018/1/3 - 7:00:05] Vehicle ID 0 (Slot ID 436) Maintainence fee cost $0 to Hitman Agency's budget fund.
[2018/1/3 - 7:00:05] Vehicle ID 437 (Slot ID 438) Maintainence fee cost $0 to Hitman Agency's budget fund.
[2018/1/3 - 7:00:05] Vehicle ID 0 (Slot ID 440) Maintainence fee cost $0 to Hitman Agency's budget fund.
[2018/1/3 - 7:00:05] Vehicle ID 0 (Slot ID 445) Maintainence fee cost $0 to Hitman Agency's budget fund.
[2018/1/3 - 7:00:05] Vehicle ID 0 (Slot ID 446) Maintainence fee cost $0 to Hitman Agency's budget fund.
[2018/1/3 - 7:00:05] Vehicle ID 0 (Slot ID 447) Maintainence fee cost $0 to Hitman Agency's budget fund.
[2018/1/3 - 7:00:05] Vehicle ID 0 (Slot ID 451) Maintainence fee cost $0 to Hitman Agency's budget fund.
[2018/1/3 - 7:17:15] Mitch Makaveli has been paid $69 from Hitman Agency's budget.
[2018/1/3 - 7:23:20] Doc Kanaan took a vest out of the Hitman Agency locker at a cost of 1 HG Material.
[2018/1/3 - 7:32:30] Mitch Makaveli took a vest out of the Hitman Agency locker at a cost of 1 HG Material.
[2018/1/3 - 7:54:53] Eric Addey has been paid $69 from Hitman Agency's budget.
[2018/1/3 - 8:00:03] The faction vault is at $8,716,239.
[2018/1/3 - 8:00:03] Vehicle ID 199 (Slot ID 20) Maintainence fee cost $0 to Hitman Agency's budget fund.
[2018/1/3 - 8:00:03] Vehicle ID 201 (Slot ID 22) Maintainence fee cost $0 to Hitman Agency's budget fund.
[2018/1/3 - 8:00:03] Vehicle ID 213 (Slot ID 43) Maintainence fee cost $0 to Hitman Agency's budget fund.
[2018/1/3 - 8:00:03] Vehicle ID 342 (Slot ID 202) Maintainence fee cost $0 to Hitman Agency's budget fund.
[2018/1/3 - 8:00:03] Vehicle ID 350 (Slot ID 213) Maintainence fee cost $0 to Hitman Agency's budget fund.
[2018/1/3 - 8:00:03] Vehicle ID 391 (Slot ID 263) Maintainence fee cost $0 to Hitman Agency's budget fund.
[2018/1/3 - 8:00:03] Vehicle ID 405 (Slot ID 291) Maintainence fee cost $0 to Hitman Agency's budget fund.
[2018/1/3 - 8:00:03] Vehicle ID 410 (Slot ID 299) Maintainence fee cost $0 to Hitman Agency's budget fund.
[2018/1/3 - 8:00:03] Vehicle ID 0 (Slot ID 307) Maintainence fee cost $0 to Hitman Agency's budget fund.
[2018/1/3 - 8:00:03] Vehicle ID 0 (Slot ID 309) Maintainence fee cost $0 to Hitman Agency's budget fund.
[2018/1/3 - 8:00:03] Vehicle ID 0 (Slot ID 318) Maintainence fee cost $0 to Hitman Agency's budget fund.
[2018/1/3 - 8:00:03] Vehicle ID 0 (Slot ID 436) Maintainence fee cost $0 to Hitman Agency's budget fund.
[2018/1/3 - 8:00:03] Vehicle ID 437 (Slot ID 438) Maintainence fee cost $0 to Hitman Agency's budget fund.
[2018/1/3 - 8:00:03] Vehicle ID 0 (Slot ID 440) Maintainence fee cost $0 to Hitman Agency's budget fund.
[2018/1/3 - 8:00:03] Vehicle ID 0 (Slot ID 445) Maintainence fee cost $0 to Hitman Agency's budget fund.
[2018/1/3 - 8:00:03] Vehicle ID 0 (Slot ID 446) Maintainence fee cost $0 to Hitman Agency's budget fund.
[2018/1/3 - 8:00:03] Vehicle ID 0 (Slot ID 447) Maintainence fee cost $0 to Hitman Agency's budget fund.
[2018/1/3 - 8:00:03] Vehicle ID 0 (Slot ID 451) Maintainence fee cost $0 to Hitman Agency's budget fund.
[2018/1/3 - 8:40:02] Kobe Duron took a vest out of the Hitman Agency locker at a cost of 1 HG Material.
[2018/1/3 - 8:49:25] Mitch Makaveli has been paid $69 from Hitman Agency's budget.
[2018/1/3 - 8:54:27] Kobe Duron took a vest out of the Hitman Agency locker at a cost of 1 HG Material.
[2018/1/3 - 9:00:58] The faction vault is at $8,720,570.
[2018/1/3 - 9:00:58] Vehicle ID 199 (Slot ID 20) Maintainence fee cost $0 to Hitman Agency's budget fund.
[2018/1/3 - 9:00:58] Vehicle ID 201 (Slot ID 22) Maintainence fee cost $0 to Hitman Agency's budget fund.
[2018/1/3 - 9:00:58] Vehicle ID 213 (Slot ID 43) Maintainence fee cost $0 to Hitman Agency's budget fund.
[2018/1/3 - 9:00:58] Vehicle ID 342 (Slot ID 202) Maintainence fee cost $0 to Hitman Agency's budget fund.
[2018/1/3 - 9:00:58] Vehicle ID 350 (Slot ID 213) Maintainence fee cost $0 to Hitman Agency's budget fund.
[2018/1/3 - 9:00:58] Vehicle ID 391 (Slot ID 263) Maintainence fee cost $0 to Hitman Agency's budget fund.
[2018/1/3 - 9:00:58] Vehicle ID 405 (Slot ID 291) Maintainence fee cost $0 to Hitman Agency's budget fund.
[2018/1/3 - 9:00:58] Vehicle ID 410 (Slot ID 299) Maintainence fee cost $0 to Hitman Agency's budget fund.
[2018/1/3 - 9:00:58] Vehicle ID 0 (Slot ID 307) Maintainence fee cost $0 to Hitman Agency's budget fund.
[2018/1/3 - 9:00:58] Vehicle ID 0 (Slot ID 309) Maintainence fee cost $0 to Hitman Agency's budget fund.
[2018/1/3 - 9:00:58] Vehicle ID 0 (Slot ID 318) Maintainence fee cost $0 to Hitman Agency's budget fund.
[2018/1/3 - 9:00:58] Vehicle ID 0 (Slot ID 436) Maintainence fee cost $0 to Hitman Agency's budget fund.
[2018/1/3 - 9:00:58] Vehicle ID 437 (Slot ID 438) Maintainence fee cost $0 to Hitman Agency's budget fund.
[2018/1/3 - 9:00:58] Vehicle ID 0 (Slot ID 440) Maintainence fee cost $0 to Hitman Agency's budget fund.
[2018/1/3 - 9:00:58] Vehicle ID 0 (Slot ID 445) Maintainence fee cost $0 to Hitman Agency's budget fund.
[2018/1/3 - 9:00:58] Vehicle ID 0 (Slot ID 446) Maintainence fee cost $0 to Hitman Agency's budget fund.
[2018/1/3 - 9:00:58] Vehicle ID 0 (Slot ID 447) Maintainence fee cost $0 to Hitman Agency's budget fund.
[2018/1/3 - 9:00:58] Vehicle ID 0 (Slot ID 451) Maintainence fee cost $0 to Hitman Agency's budget fund.
[2018/1/3 - 9:55:31] Mitch Makaveli has been paid $69 from Hitman Agency's budget.
[2018/1/3 - 10:00:52] The faction vault is at $8,721,901.
[2018/1/3 - 10:00:52] Vehicle ID 199 (Slot ID 20) Maintainence fee cost $0 to Hitman Agency's budget fund.
[2018/1/3 - 10:00:52] Vehicle ID 201 (Slot ID 22) Maintainence fee cost $0 to Hitman Agency's budget fund.
[2018/1/3 - 10:00:52] Vehicle ID 213 (Slot ID 43) Maintainence fee cost $0 to Hitman Agency's budget fund.
[2018/1/3 - 10:00:52] Vehicle ID 342 (Slot ID 202) Maintainence fee cost $0 to Hitman Agency's budget fund.
[2018/1/3 - 10:00:52] Vehicle ID 350 (Slot ID 213) Maintainence fee cost $0 to Hitman Agency's budget fund.
[2018/1/3 - 10:00:52] Vehicle ID 391 (Slot ID 263) Maintainence fee cost $0 to Hitman Agency's budget fund.
[2018/1/3 - 10:00:52] Vehicle ID 405 (Slot ID 291) Maintainence fee cost $0 to Hitman Agency's budget fund.
[2018/1/3 - 10:00:52] Vehicle ID 410 (Slot ID 299) Maintainence fee cost $0 to Hitman Agency's budget fund.
[2018/1/3 - 10:00:52] Vehicle ID 0 (Slot ID 307) Maintainence fee cost $0 to Hitman Agency's budget fund.
[2018/1/3 - 10:00:52] Vehicle ID 0 (Slot ID 309) Maintainence fee cost $0 to Hitman Agency's budget fund.
[2018/1/3 - 10:00:52] Vehicle ID 0 (Slot ID 318) Maintainence fee cost $0 to Hitman Agency's budget fund.
[2018/1/3 - 10:00:52] Vehicle ID 0 (Slot ID 436) Maintainence fee cost $0 to Hitman Agency's budget fund.
[2018/1/3 - 10:00:52] Vehicle ID 437 (Slot ID 438) Maintainence fee cost $0 to Hitman Agency's budget fund.
[2018/1/3 - 10:00:52] Vehicle ID 0 (Slot ID 440) Maintainence fee cost $0 to Hitman Agency's budget fund.
[2018/1/3 - 10:00:52] Vehicle ID 0 (Slot ID 445) Maintainence fee cost $0 to Hitman Agency's budget fund.
[2018/1/3 - 10:00:52] Vehicle ID 0 (Slot ID 446) Maintainence fee cost $0 to Hitman Agency's budget fund.
[2018/1/3 - 10:00:52] Vehicle ID 0 (Slot ID 447) Maintainence fee cost $0 to Hitman Agency's budget fund.
[2018/1/3 - 10:00:52] Vehicle ID 0 (Slot ID 451) Maintainence fee cost $0 to Hitman Agency's budget fund.
[2018/1/3 - 10:19:10] Eric Addey has been paid $69 from Hitman Agency's budget.
[2018/1/3 - 10:30:20] Kobe Duron took a vest out of the Hitman Agency locker at a cost of 1 HG Material.
[2018/1/3 - 10:34:39] Kobe Duron took a vest out of the Hitman Agency locker at a cost of 1 HG Material.
[2018/1/3 - 10:36:06] Eric Addey took a vest out of the Hitman Agency locker at a cost of 1 HG Material.
[2018/1/3 - 10:36:11] Kobe Duron took a vest out of the Hitman Agency locker at a cost of 1 HG Material.
[2018/1/3 - 10:45:16] Mitch Makaveli took a vest out of the Hitman Agency locker at a cost of 1 HG Material.
[2018/1/3 - 11:00:29] The faction vault is at $8,723,832.
[2018/1/3 - 11:00:29] Vehicle ID 199 (Slot ID 20) Maintainence fee cost $0 to Hitman Agency's budget fund.
[2018/1/3 - 11:00:29] Vehicle ID 201 (Slot ID 22) Maintainence fee cost $0 to Hitman Agency's budget fund.
[2018/1/3 - 11:00:29] Vehicle ID 213 (Slot ID 43) Maintainence fee cost $0 to Hitman Agency's budget fund.
[2018/1/3 - 11:00:29] Vehicle ID 342 (Slot ID 202) Maintainence fee cost $0 to Hitman Agency's budget fund.
[2018/1/3 - 11:00:29] Vehicle ID 350 (Slot ID 213) Maintainence fee cost $0 to Hitman Agency's budget fund.
[2018/1/3 - 11:00:29] Vehicle ID 391 (Slot ID 263) Maintainence fee cost $0 to Hitman Agency's budget fund.
[2018/1/3 - 11:00:29] Vehicle ID 405 (Slot ID 291) Maintainence fee cost $0 to Hitman Agency's budget fund.
[2018/1/3 - 11:00:29] Vehicle ID 410 (Slot ID 299) Maintainence fee cost $0 to Hitman Agency's budget fund.
[2018/1/3 - 11:00:29] Vehicle ID 0 (Slot ID 307) Maintainence fee cost $0 to Hitman Agency's budget fund.
[2018/1/3 - 11:00:29] Vehicle ID 0 (Slot ID 309) Maintainence fee cost $0 to Hitman Agency's budget fund.
[2018/1/3 - 11:00:29] Vehicle ID 0 (Slot ID 318) Maintainence fee cost $0 to Hitman Agency's budget fund.
[2018/1/3 - 11:00:29] Vehicle ID 0 (Slot ID 436) Maintainence fee cost $0 to Hitman Agency's budget fund.
[2018/1/3 - 11:00:29] Vehicle ID 437 (Slot ID 438) Maintainence fee cost $0 to Hitman Agency's budget fund.
[2018/1/3 - 11:00:29] Vehicle ID 0 (Slot ID 440) Maintainence fee cost $0 to Hitman Agency's budget fund.
[2018/1/3 - 11:00:29] Vehicle ID 0 (Slot ID 445) Maintainence fee cost $0 to Hitman Agency's budget fund.
[2018/1/3 - 11:00:29] Vehicle ID 0 (Slot ID 446) Maintainence fee cost $0 to Hitman Agency's budget fund.
[2018/1/3 - 11:00:29] Vehicle ID 0 (Slot ID 447) Maintainence fee cost $0 to Hitman Agency's budget fund.
[2018/1/3 - 11:00:29] Vehicle ID 0 (Slot ID 451) Maintainence fee cost $0 to Hitman Agency's budget fund.
[2018/1/3 - 11:25:37] Mitch Makaveli has been paid $69 from Hitman Agency's budget.
[2018/1/3 - 11:38:57] Eric Addey took a vest out of the Hitman Agency locker at a cost of 1 HG Material.
[2018/1/3 - 11:51:50] Eric Addey has been paid $69 from Hitman Agency's budget.
[2018/1/3 - 12:00:13] The faction vault is at $8,728,494.
[2018/1/3 - 12:00:13] Vehicle ID 199 (Slot ID 20) Maintainence fee cost $0 to Hitman Agency's budget fund.
[2018/1/3 - 12:00:13] Vehicle ID 201 (Slot ID 22) Maintainence fee cost $0 to Hitman Agency's budget fund.
[2018/1/3 - 12:00:13] Vehicle ID 213 (Slot ID 43) Maintainence fee cost $0 to Hitman Agency's budget fund.
[2018/1/3 - 12:00:13] Vehicle ID 342 (Slot ID 202) Maintainence fee cost $0 to Hitman Agency's budget fund.
[2018/1/3 - 12:00:13] Vehicle ID 350 (Slot ID 213) Maintainence fee cost $0 to Hitman Agency's budget fund.
[2018/1/3 - 12:00:13] Vehicle ID 391 (Slot ID 263) Maintainence fee cost $0 to Hitman Agency's budget fund.
[2018/1/3 - 12:00:13] Vehicle ID 405 (Slot ID 291) Maintainence fee cost $0 to Hitman Agency's budget fund.
[2018/1/3 - 12:00:13] Vehicle ID 410 (Slot ID 299) Maintainence fee cost $0 to Hitman Agency's budget fund.
[2018/1/3 - 12:00:13] Vehicle ID 0 (Slot ID 307) Maintainence fee cost $0 to Hitman Agency's budget fund.
[2018/1/3 - 12:00:13] Vehicle ID 0 (Slot ID 309) Maintainence fee cost $0 to Hitman Agency's budget fund.
[2018/1/3 - 12:00:13] Vehicle ID 0 (Slot ID 318) Maintainence fee cost $0 to Hitman Agency's budget fund.
[2018/1/3 - 12:00:13] Vehicle ID 0 (Slot ID 436) Maintainence fee cost $0 to Hitman Agency's budget fund.
[2018/1/3 - 12:00:13] Vehicle ID 437 (Slot ID 438) Maintainence fee cost $0 to Hitman Agency's budget fund.
[2018/1/3 - 12:00:13] Vehicle ID 0 (Slot ID 440) Maintainence fee cost $0 to Hitman Agency's budget fund.
[2018/1/3 - 12:00:13] Vehicle ID 0 (Slot ID 445) Maintainence fee cost $0 to Hitman Agency's budget fund.
[2018/1/3 - 12:00:13] Vehicle ID 0 (Slot ID 446) Maintainence fee cost $0 to Hitman Agency's budget fund.
[2018/1/3 - 12:00:13] Vehicle ID 0 (Slot ID 447) Maintainence fee cost $0 to Hitman Agency's budget fund.
[2018/1/3 - 12:00:13] Vehicle ID 0 (Slot ID 451) Maintainence fee cost $0 to Hitman Agency's budget fund.
[2018/1/3 - 13:01:00] The faction vault is at $8,735,894.
[2018/1/3 - 13:01:00] Vehicle ID 199 (Slot ID 20) Maintainence fee cost $0 to Hitman Agency's budget fund.
[2018/1/3 - 13:01:00] Vehicle ID 201 (Slot ID 22) Maintainence fee cost $0 to Hitman Agency's budget fund.
[2018/1/3 - 13:01:00] Vehicle ID 213 (Slot ID 43) Maintainence fee cost $0 to Hitman Agency's budget fund.
[2018/1/3 - 13:01:00] Vehicle ID 342 (Slot ID 202) Maintainence fee cost $0 to Hitman Agency's budget fund.
[2018/1/3 - 13:01:00] Vehicle ID 350 (Slot ID 213) Maintainence fee cost $0 to Hitman Agency's budget fund.
[2018/1/3 - 13:01:00] Vehicle ID 391 (Slot ID 263) Maintainence fee cost $0 to Hitman Agency's budget fund.
[2018/1/3 - 13:01:00] Vehicle ID 405 (Slot ID 291) Maintainence fee cost $0 to Hitman Agency's budget fund.
[2018/1/3 - 13:01:00] Vehicle ID 410 (Slot ID 299) Maintainence fee cost $0 to Hitman Agency's budget fund.
[2018/1/3 - 13:01:00] Vehicle ID 0 (Slot ID 307) Maintainence fee cost $0 to Hitman Agency's budget fund.
[2018/1/3 - 13:01:00] Vehicle ID 0 (Slot ID 309) Maintainence fee cost $0 to Hitman Agency's budget fund.
[2018/1/3 - 13:01:00] Vehicle ID 0 (Slot ID 318) Maintainence fee cost $0 to Hitman Agency's budget fund.
[2018/1/3 - 13:01:00] Vehicle ID 0 (Slot ID 436) Maintainence fee cost $0 to Hitman Agency's budget fund.
[2018/1/3 - 13:01:00] Vehicle ID 437 (Slot ID 438) Maintainence fee cost $0 to Hitman Agency's budget fund.
[2018/1/3 - 13:01:00] Vehicle ID 0 (Slot ID 440) Maintainence fee cost $0 to Hitman Agency's budget fund.
[2018/1/3 - 13:01:00] Vehicle ID 0 (Slot ID 445) Maintainence fee cost $0 to Hitman Agency's budget fund.
[2018/1/3 - 13:01:00] Vehicle ID 0 (Slot ID 446) Maintainence fee cost $0 to Hitman Agency's budget fund.
[2018/1/3 - 13:01:00] Vehicle ID 0 (Slot ID 447) Maintainence fee cost $0 to Hitman Agency's budget fund.
[2018/1/3 - 13:01:00] Vehicle ID 0 (Slot ID 451) Maintainence fee cost $0 to Hitman Agency's budget fund.
[2018/1/3 - 13:07:19] Mitch Makaveli took a vest out of the Hitman Agency locker at a cost of 1 HG Material.
[2018/1/3 - 13:14:18] Kliment Barsukov has been paid $69 from Hitman Agency's budget.
[2018/1/3 - 13:35:02] Doc Kanaan took a vest out of the Hitman Agency locker at a cost of 1 HG Material.
[2018/1/3 - 13:38:22] Eric Addey took a vest out of the Hitman Agency locker at a cost of 1 HG Material.
[2018/1/3 - 13:38:29] Kliment Barsukov took a vest out of the Hitman Agency locker at a cost of 1 HG Material.
[2018/1/3 - 14:00:28] The faction vault is at $8,742,625.
[2018/1/3 - 14:00:28] Vehicle ID 199 (Slot ID 20) Maintainence fee cost $0 to Hitman Agency's budget fund.
[2018/1/3 - 14:00:28] Vehicle ID 201 (Slot ID 22) Maintainence fee cost $0 to Hitman Agency's budget fund.
[2018/1/3 - 14:00:28] Vehicle ID 213 (Slot ID 43) Maintainence fee cost $0 to Hitman Agency's budget fund.
[2018/1/3 - 14:00:28] Vehicle ID 342 (Slot ID 202) Maintainence fee cost $0 to Hitman Agency's budget fund.
[2018/1/3 - 14:00:28] Vehicle ID 350 (Slot ID 213) Maintainence fee cost $0 to Hitman Agency's budget fund.
[2018/1/3 - 14:00:28] Vehicle ID 391 (Slot ID 263) Maintainence fee cost $0 to Hitman Agency's budget fund.
[2018/1/3 - 14:00:28] Vehicle ID 405 (Slot ID 291) Maintainence fee cost $0 to Hitman Agency's budget fund.
[2018/1/3 - 14:00:28] Vehicle ID 410 (Slot ID 299) Maintainence fee cost $0 to Hitman Agency's budget fund.
[2018/1/3 - 14:00:28] Vehicle ID 0 (Slot ID 307) Maintainence fee cost $0 to Hitman Agency's budget fund.
[2018/1/3 - 14:00:28] Vehicle ID 0 (Slot ID 309) Maintainence fee cost $0 to Hitman Agency's budget fund.
[2018/1/3 - 14:00:28] Vehicle ID 0 (Slot ID 318) Maintainence fee cost $0 to Hitman Agency's budget fund.
[2018/1/3 - 14:00:28] Vehicle ID 0 (Slot ID 436) Maintainence fee cost $0 to Hitman Agency's budget fund.
[2018/1/3 - 14:00:28] Vehicle ID 437 (Slot ID 438) Maintainence fee cost $0 to Hitman Agency's budget fund.
[2018/1/3 - 14:00:28] Vehicle ID 0 (Slot ID 440) Maintainence fee cost $0 to Hitman Agency's budget fund.
[2018/1/3 - 14:00:28] Vehicle ID 0 (Slot ID 445) Maintainence fee cost $0 to Hitman Agency's budget fund.
[2018/1/3 - 14:00:28] Vehicle ID 0 (Slot ID 446) Maintainence fee cost $0 to Hitman Agency's budget fund.
[2018/1/3 - 14:00:28] Vehicle ID 0 (Slot ID 447) Maintainence fee cost $0 to Hitman Agency's budget fund.
[2018/1/3 - 14:00:28] Vehicle ID 0 (Slot ID 451) Maintainence fee cost $0 to Hitman Agency's budget fund.
[2018/1/3 - 14:04:36] Eric Addey has been paid $69 from Hitman Agency's budget.
[2018/1/3 - 14:20:23] Kliment Barsukov has been paid $69 from Hitman Agency's budget.
[2018/1/3 - 14:58:17] Mitch Makaveli has been paid $69 from Hitman Agency's budget.
[2018/1/3 - 14:58:57] Benedict Price took a vest out of the Hitman Agency locker at a cost of 1 HG Material.
[2018/1/3 - 14:59:23] Benedict Price took a vest out of the Hitman Agency locker at a cost of 1 HG Material.
[2018/1/3 - 15:00:13] Eric Addey took a vest out of the Hitman Agency locker at a cost of 1 HG Material.
[2018/1/3 - 15:00:56] The faction vault is at $8,748,818.
[2018/1/3 - 15:00:56] Vehicle ID 199 (Slot ID 20) Maintainence fee cost $0 to Hitman Agency's budget fund.
[2018/1/3 - 15:00:56] Vehicle ID 201 (Slot ID 22) Maintainence fee cost $0 to Hitman Agency's budget fund.
[2018/1/3 - 15:00:56] Vehicle ID 213 (Slot ID 43) Maintainence fee cost $0 to Hitman Agency's budget fund.
[2018/1/3 - 15:00:56] Vehicle ID 342 (Slot ID 202) Maintainence fee cost $0 to Hitman Agency's budget fund.
[2018/1/3 - 15:00:56] Vehicle ID 350 (Slot ID 213) Maintainence fee cost $0 to Hitman Agency's budget fund.
[2018/1/3 - 15:00:56] Vehicle ID 391 (Slot ID 263) Maintainence fee cost $0 to Hitman Agency's budget fund.
[2018/1/3 - 15:00:56] Vehicle ID 405 (Slot ID 291) Maintainence fee cost $0 to Hitman Agency's budget fund.
[2018/1/3 - 15:00:56] Vehicle ID 410 (Slot ID 299) Maintainence fee cost $0 to Hitman Agency's budget fund.
[2018/1/3 - 15:00:56] Vehicle ID 0 (Slot ID 307) Maintainence fee cost $0 to Hitman Agency's budget fund.
[2018/1/3 - 15:00:56] Vehicle ID 0 (Slot ID 309) Maintainence fee cost $0 to Hitman Agency's budget fund.
[2018/1/3 - 15:00:56] Vehicle ID 0 (Slot ID 318) Maintainence fee cost $0 to Hitman Agency's budget fund.
[2018/1/3 - 15:00:56] Vehicle ID 0 (Slot ID 436) Maintainence fee cost $0 to Hitman Agency's budget fund.
[2018/1/3 - 15:00:56] Vehicle ID 437 (Slot ID 438) Maintainence fee cost $0 to Hitman Agency's budget fund.
[2018/1/3 - 15:00:56] Vehicle ID 0 (Slot ID 440) Maintainence fee cost $0 to Hitman Agency's budget fund.
[2018/1/3 - 15:00:56] Vehicle ID 0 (Slot ID 445) Maintainence fee cost $0 to Hitman Agency's budget fund.
[2018/1/3 - 15:00:56] Vehicle ID 0 (Slot ID 446) Maintainence fee cost $0 to Hitman Agency's budget fund.
[2018/1/3 - 15:00:56] Vehicle ID 0 (Slot ID 447) Maintainence fee cost $0 to Hitman Agency's budget fund.
[2018/1/3 - 15:00:56] Vehicle ID 0 (Slot ID 451) Maintainence fee cost $0 to Hitman Agency's budget fund.
[2018/1/3 - 15:01:19] Kliment Barsukov took a vest out of the Hitman Agency locker at a cost of 1 HG Material.
[2018/1/3 - 15:01:29] Mitch Makaveli took a vest out of the Hitman Agency locker at a cost of 1 HG Material.
[2018/1/3 - 15:01:30] Jamal Hooligan took a vest out of the Hitman Agency locker at a cost of 1 HG Material.
[2018/1/3 - 15:08:47] Eric Addey has been paid $69 from Hitman Agency's budget.
[2018/1/3 - 15:24:11] Kliment Barsukov has been paid $69 from Hitman Agency's budget.
[2018/1/3 - 15:49:29] Doc Kanaan took a vest out of the Hitman Agency locker at a cost of 1 HG Material.
[2018/1/3 - 15:59:44] Jamal Hooligan has been paid $69 from Hitman Agency's budget.
[2018/1/3 - 16:00:15] The faction vault is at $8,753,211.
[2018/1/3 - 16:00:15] Vehicle ID 199 (Slot ID 20) Maintainence fee cost $0 to Hitman Agency's budget fund.
[2018/1/3 - 16:00:15] Vehicle ID 201 (Slot ID 22) Maintainence fee cost $0 to Hitman Agency's budget fund.
[2018/1/3 - 16:00:15] Vehicle ID 213 (Slot ID 43) Maintainence fee cost $0 to Hitman Agency's budget fund.
[2018/1/3 - 16:00:15] Vehicle ID 342 (Slot ID 202) Maintainence fee cost $0 to Hitman Agency's budget fund.
[2018/1/3 - 16:00:15] Vehicle ID 350 (Slot ID 213) Maintainence fee cost $0 to Hitman Agency's budget fund.
[2018/1/3 - 16:00:15] Vehicle ID 391 (Slot ID 263) Maintainence fee cost $0 to Hitman Agency's budget fund.
[2018/1/3 - 16:00:15] Vehicle ID 405 (Slot ID 291) Maintainence fee cost $0 to Hitman Agency's budget fund.
[2018/1/3 - 16:00:15] Vehicle ID 410 (Slot ID 299) Maintainence fee cost $0 to Hitman Agency's budget fund.
[2018/1/3 - 16:00:15] Vehicle ID 0 (Slot ID 307) Maintainence fee cost $0 to Hitman Agency's budget fund.
[2018/1/3 - 16:00:15] Vehicle ID 0 (Slot ID 309) Maintainence fee cost $0 to Hitman Agency's budget fund.
[2018/1/3 - 16:00:15] Vehicle ID 0 (Slot ID 318) Maintainence fee cost $0 to Hitman Agency's budget fund.
[2018/1/3 - 16:00:15] Vehicle ID 0 (Slot ID 436) Maintainence fee cost $0 to Hitman Agency's budget fund.
[2018/1/3 - 16:00:15] Vehicle ID 437 (Slot ID 438) Maintainence fee cost $0 to Hitman Agency's budget fund.
[2018/1/3 - 16:00:15] Vehicle ID 0 (Slot ID 440) Maintainence fee cost $0 to Hitman Agency's budget fund.
[2018/1/3 - 16:00:15] Vehicle ID 0 (Slot ID 445) Maintainence fee cost $0 to Hitman Agency's budget fund.
[2018/1/3 - 16:00:15] Vehicle ID 0 (Slot ID 446) Maintainence fee cost $0 to Hitman Agency's budget fund.
[2018/1/3 - 16:00:15] Vehicle ID 0 (Slot ID 447) Maintainence fee cost $0 to Hitman Agency's budget fund.
[2018/1/3 - 16:00:15] Vehicle ID 0 (Slot ID 451) Maintainence fee cost $0 to Hitman Agency's budget fund.
[2018/1/3 - 16:03:14] Mitch Makaveli has been paid $69 from Hitman Agency's budget.
[2018/1/3 - 16:12:21] Kliment Barsukov took a vest out of the Hitman Agency locker at a cost of 1 HG Material.
[2018/1/3 - 16:12:21] Mitch Makaveli took a vest out of the Hitman Agency locker at a cost of 1 HG Material.
[2018/1/3 - 16:12:38] Tyrese Roach took a vest out of the Hitman Agency locker at a cost of 1 HG Material.
[2018/1/3 - 16:13:14] Tyrese Roach has been paid $69 from Hitman Agency's budget.
[2018/1/3 - 16:28:07] Kliment Barsukov has been paid $69 from Hitman Agency's budget.
[2018/1/3 - 17:00:39] The faction vault is at $8,757,804.
[2018/1/3 - 17:00:39] Vehicle ID 199 (Slot ID 20) Maintainence fee cost $0 to Hitman Agency's budget fund.
[2018/1/3 - 17:00:39] Vehicle ID 201 (Slot ID 22) Maintainence fee cost $0 to Hitman Agency's budget fund.
[2018/1/3 - 17:00:39] Vehicle ID 213 (Slot ID 43) Maintainence fee cost $0 to Hitman Agency's budget fund.
[2018/1/3 - 17:00:39] Vehicle ID 342 (Slot ID 202) Maintainence fee cost $0 to Hitman Agency's budget fund.
[2018/1/3 - 17:00:39] Vehicle ID 350 (Slot ID 213) Maintainence fee cost $0 to Hitman Agency's budget fund.
[2018/1/3 - 17:00:39] Vehicle ID 391 (Slot ID 263) Maintainence fee cost $0 to Hitman Agency's budget fund.
[2018/1/3 - 17:00:39] Vehicle ID 405 (Slot ID 291) Maintainence fee cost $0 to Hitman Agency's budget fund.
[2018/1/3 - 17:00:39] Vehicle ID 410 (Slot ID 299) Maintainence fee cost $0 to Hitman Agency's budget fund.
[2018/1/3 - 17:00:39] Vehicle ID 0 (Slot ID 307) Maintainence fee cost $0 to Hitman Agency's budget fund.
[2018/1/3 - 17:00:39] Vehicle ID 0 (Slot ID 309) Maintainence fee cost $0 to Hitman Agency's budget fund.
[2018/1/3 - 17:00:39] Vehicle ID 0 (Slot ID 318) Maintainence fee cost $0 to Hitman Agency's budget fund.
[2018/1/3 - 17:00:39] Vehicle ID 0 (Slot ID 436) Maintainence fee cost $0 to Hitman Agency's budget fund.
[2018/1/3 - 17:00:39] Vehicle ID 437 (Slot ID 438) Maintainence fee cost $0 to Hitman Agency's budget fund.
[2018/1/3 - 17:00:39] Vehicle ID 0 (Slot ID 440) Maintainence fee cost $0 to Hitman Agency's budget fund.
[2018/1/3 - 17:00:39] Vehicle ID 0 (Slot ID 445) Maintainence fee cost $0 to Hitman Agency's budget fund.
[2018/1/3 - 17:00:39] Vehicle ID 0 (Slot ID 446) Maintainence fee cost $0 to Hitman Agency's budget fund.
[2018/1/3 - 17:00:39] Vehicle ID 0 (Slot ID 447) Maintainence fee cost $0 to Hitman Agency's budget fund.
[2018/1/3 - 17:00:39] Vehicle ID 0 (Slot ID 451) Maintainence fee cost $0 to Hitman Agency's budget fund.
[2018/1/3 - 17:01:57] Mitch Makaveli took a vest out of the Hitman Agency locker at a cost of 1 HG Material.
[2018/1/3 - 17:06:57] Mitch Makaveli has been paid $69 from Hitman Agency's budget.
[2018/1/3 - 17:15:07] Mitch Makaveli took a vest out of the Hitman Agency locker at a cost of 1 HG Material.
[2018/1/3 - 17:16:58] Tyrese Roach has been paid $69 from Hitman Agency's budget.
[2018/1/3 - 18:00:16] The faction vault is at $8,764,066.
[2018/1/3 - 18:00:16] Vehicle ID 199 (Slot ID 20) Maintainence fee cost $0 to Hitman Agency's budget fund.
[2018/1/3 - 18:00:16] Vehicle ID 201 (Slot ID 22) Maintainence fee cost $0 to Hitman Agency's budget fund.
[2018/1/3 - 18:00:16] Vehicle ID 213 (Slot ID 43) Maintainence fee cost $0 to Hitman Agency's budget fund.
[2018/1/3 - 18:00:16] Vehicle ID 342 (Slot ID 202) Maintainence fee cost $0 to Hitman Agency's budget fund.
[2018/1/3 - 18:00:16] Vehicle ID 350 (Slot ID 213) Maintainence fee cost $0 to Hitman Agency's budget fund.
[2018/1/3 - 18:00:16] Vehicle ID 391 (Slot ID 263) Maintainence fee cost $0 to Hitman Agency's budget fund.
[2018/1/3 - 18:00:16] Vehicle ID 405 (Slot ID 291) Maintainence fee cost $0 to Hitman Agency's budget fund.
[2018/1/3 - 18:00:16] Vehicle ID 410 (Slot ID 299) Maintainence fee cost $0 to Hitman Agency's budget fund.
[2018/1/3 - 18:00:16] Vehicle ID 0 (Slot ID 307) Maintainence fee cost $0 to Hitman Agency's budget fund.
[2018/1/3 - 18:00:16] Vehicle ID 0 (Slot ID 309) Maintainence fee cost $0 to Hitman Agency's budget fund.
[2018/1/3 - 18:00:16] Vehicle ID 0 (Slot ID 318) Maintainence fee cost $0 to Hitman Agency's budget fund.
[2018/1/3 - 18:00:16] Vehicle ID 0 (Slot ID 436) Maintainence fee cost $0 to Hitman Agency's budget fund.
[2018/1/3 - 18:00:16] Vehicle ID 437 (Slot ID 438) Maintainence fee cost $0 to Hitman Agency's budget fund.
[2018/1/3 - 18:00:16] Vehicle ID 0 (Slot ID 440) Maintainence fee cost $0 to Hitman Agency's budget fund.
[2018/1/3 - 18:00:16] Vehicle ID 0 (Slot ID 445) Maintainence fee cost $0 to Hitman Agency's budget fund.
[2018/1/3 - 18:00:16] Vehicle ID 0 (Slot ID 446) Maintainence fee cost $0 to Hitman Agency's budget fund.
[2018/1/3 - 18:00:16] Vehicle ID 0 (Slot ID 447) Maintainence fee cost $0 to Hitman Agency's budget fund.
[2018/1/3 - 18:00:16] Vehicle ID 0 (Slot ID 451) Maintainence fee cost $0 to Hitman Agency's budget fund.
[2018/1/3 - 18:23:03] Tyrese Roach has been paid $69 from Hitman Agency's budget.
[2018/1/3 - 18:25:00] Mitch Makaveli has been paid $69 from Hitman Agency's budget.
[2018/1/3 - 18:32:35] Kliment Barsukov has been paid $69 from Hitman Agency's budget.
[2018/1/3 - 19:00:07] Mitch Makaveli took a vest out of the Hitman Agency locker at a cost of 1 HG Material.
[2018/1/3 - 19:00:37] The faction vault is at $8,767,459.
[2018/1/3 - 19:00:37] Vehicle ID 199 (Slot ID 20) Maintainence fee cost $0 to Hitman Agency's budget fund.
[2018/1/3 - 19:00:37] Vehicle ID 201 (Slot ID 22) Maintainence fee cost $0 to Hitman Agency's budget fund.
[2018/1/3 - 19:00:37] Vehicle ID 213 (Slot ID 43) Maintainence fee cost $0 to Hitman Agency's budget fund.
[2018/1/3 - 19:00:37] Vehicle ID 342 (Slot ID 202) Maintainence fee cost $0 to Hitman Agency's budget fund.
[2018/1/3 - 19:00:37] Vehicle ID 350 (Slot ID 213) Maintainence fee cost $0 to Hitman Agency's budget fund.
[2018/1/3 - 19:00:37] Vehicle ID 391 (Slot ID 263) Maintainence fee cost $0 to Hitman Agency's budget fund.
[2018/1/3 - 19:00:37] Vehicle ID 405 (Slot ID 291) Maintainence fee cost $0 to Hitman Agency's budget fund.
[2018/1/3 - 19:00:37] Vehicle ID 410 (Slot ID 299) Maintainence fee cost $0 to Hitman Agency's budget fund.
[2018/1/3 - 19:00:37] Vehicle ID 0 (Slot ID 307) Maintainence fee cost $0 to Hitman Agency's budget fund.
[2018/1/3 - 19:00:37] Vehicle ID 0 (Slot ID 309) Maintainence fee cost $0 to Hitman Agency's budget fund.
[2018/1/3 - 19:00:37] Vehicle ID 0 (Slot ID 318) Maintainence fee cost $0 to Hitman Agency's budget fund.
[2018/1/3 - 19:00:37] Vehicle ID 0 (Slot ID 436) Maintainence fee cost $0 to Hitman Agency's budget fund.
[2018/1/3 - 19:00:37] Vehicle ID 437 (Slot ID 438) Maintainence fee cost $0 to Hitman Agency's budget fund.
[2018/1/3 - 19:00:37] Vehicle ID 0 (Slot ID 440) Maintainence fee cost $0 to Hitman Agency's budget fund.
[2018/1/3 - 19:00:37] Vehicle ID 0 (Slot ID 445) Maintainence fee cost $0 to Hitman Agency's budget fund.
[2018/1/3 - 19:00:37] Vehicle ID 0 (Slot ID 446) Maintainence fee cost $0 to Hitman Agency's budget fund.
[2018/1/3 - 19:00:37] Vehicle ID 0 (Slot ID 447) Maintainence fee cost $0 to Hitman Agency's budget fund.
[2018/1/3 - 19:00:37] Vehicle ID 0 (Slot ID 451) Maintainence fee cost $0 to Hitman Agency's budget fund.
[2018/1/3 - 19:21:56] Kliment Barsukov took a vest out of the Hitman Agency locker at a cost of 1 HG Material.
[2018/1/3 - 19:22:27] Mitch Makaveli took a vest out of the Hitman Agency locker at a cost of 1 HG Material.
[2018/1/3 - 19:22:49] Mitch Makaveli took a vest out of the Hitman Agency locker at a cost of 1 HG Material.
[2018/1/3 - 19:23:07] Mitch Makaveli took a vest out of the Hitman Agency locker at a cost of 1 HG Material.
[2018/1/3 - 19:23:23] Mitch Makaveli took a vest out of the Hitman Agency locker at a cost of 1 HG Material.
[2018/1/3 - 19:38:52] Kliment Barsukov took a vest out of the Hitman Agency locker at a cost of 1 HG Material.
[2018/1/3 - 19:42:02] Kobe Duron took a vest out of the Hitman Agency locker at a cost of 1 HG Material.
[2018/1/3 - 19:42:22] Tyrese Roach took a vest out of the Hitman Agency locker at a cost of 1 HG Material.
[2018/1/3 - 19:42:30] Mitch Makaveli took a vest out of the Hitman Agency locker at a cost of 1 HG Material.
[2018/1/3 - 19:43:22] Mitch Makaveli has been paid $69 from Hitman Agency's budget.
[2018/1/3 - 19:43:25] Kobe Duron took a vest out of the Hitman Agency locker at a cost of 1 HG Material.
[2018/1/3 - 19:44:28] Tyrese Roach has been paid $69 from Hitman Agency's budget.
[2018/1/3 - 19:51:13] Kliment Barsukov has been paid $69 from Hitman Agency's budget.
[2018/1/3 - 19:51:29] Mitch Makaveli took a vest out of the Hitman Agency locker at a cost of 1 HG Material.
[2018/1/3 - 19:51:29] Kliment Barsukov took a vest out of the Hitman Agency locker at a cost of 1 HG Material.
[2018/1/3 - 20:00:21] The faction vault is at $8,769,252.
[2018/1/3 - 20:00:21] Vehicle ID 204 (Slot ID 20) Maintainence fee cost $0 to /makehitmanleader's budget fund.
[2018/1/3 - 20:00:21] Vehicle ID 206 (Slot ID 22) Maintainence fee cost $0 to /makehitmanleader's budget fund.
[2018/1/3 - 20:00:21] Vehicle ID 218 (Slot ID 43) Maintainence fee cost $0 to /makehitmanleader's budget fund.
[2018/1/3 - 20:00:21] Vehicle ID 336 (Slot ID 202) Maintainence fee cost $0 to /makehitmanleader's budget fund.
[2018/1/3 - 20:00:21] Vehicle ID 344 (Slot ID 213) Maintainence fee cost $0 to /makehitmanleader's budget fund.
[2018/1/3 - 20:00:21] Vehicle ID 378 (Slot ID 263) Maintainence fee cost $0 to /makehitmanleader's budget fund.
[2018/1/3 - 20:00:21] Vehicle ID 391 (Slot ID 291) Maintainence fee cost $0 to /makehitmanleader's budget fund.
[2018/1/3 - 20:00:21] Vehicle ID 396 (Slot ID 299) Maintainence fee cost $0 to /makehitmanleader's budget fund.
[2018/1/3 - 20:00:21] Vehicle ID 0 (Slot ID 307) Maintainence fee cost $0 to /makehitmanleader's budget fund.
[2018/1/3 - 20:00:21] Vehicle ID 0 (Slot ID 309) Maintainence fee cost $0 to /makehitmanleader's budget fund.
[2018/1/3 - 20:00:21] Vehicle ID 0 (Slot ID 318) Maintainence fee cost $0 to /makehitmanleader's budget fund.
[2018/1/3 - 20:00:21] Vehicle ID 0 (Slot ID 436) Maintainence fee cost $0 to /makehitmanleader's budget fund.
[2018/1/3 - 20:00:21] Vehicle ID 423 (Slot ID 438) Maintainence fee cost $0 to /makehitmanleader's budget fund.
[2018/1/3 - 20:00:21] Vehicle ID 0 (Slot ID 440) Maintainence fee cost $0 to /makehitmanleader's budget fund.
[2018/1/3 - 20:00:21] Vehicle ID 0 (Slot ID 445) Maintainence fee cost $0 to /makehitmanleader's budget fund.
[2018/1/3 - 20:00:21] Vehicle ID 0 (Slot ID 446) Maintainence fee cost $0 to /makehitmanleader's budget fund.
[2018/1/3 - 20:00:21] Vehicle ID 0 (Slot ID 447) Maintainence fee cost $0 to /makehitmanleader's budget fund.
[2018/1/3 - 20:00:21] Vehicle ID 0 (Slot ID 451) Maintainence fee cost $0 to /makehitmanleader's budget fund.
[2018/1/3 - 20:06:50] Tyrese Roach took a vest out of the /makehitmanleader locker at a cost of 1 HG Material.
[2018/1/3 - 20:48:01] Kliment Barsukov took a vest out of the /makehitmanleader locker at a cost of 1 HG Material.
[2018/1/3 - 20:49:27] Tyrese Roach has been paid $69 from /makehitmanleader's budget.
[2018/1/3 - 20:55:47] Kliment Barsukov has been paid $69 from /makehitmanleader's budget.
[2018/1/3 - 20:55:58] Tyrese Roach took a vest out of the /makehitmanleader locker at a cost of 1 HG Material.
[2018/1/3 - 21:00:58] The faction vault is at $8,776,714.
[2018/1/3 - 21:00:58] Vehicle ID 204 (Slot ID 20) Maintainence fee cost $0 to /makehitmanleader's budget fund.
[2018/1/3 - 21:00:58] Vehicle ID 206 (Slot ID 22) Maintainence fee cost $0 to /makehitmanleader's budget fund.
[2018/1/3 - 21:00:58] Vehicle ID 218 (Slot ID 43) Maintainence fee cost $0 to /makehitmanleader's budget fund.
[2018/1/3 - 21:00:58] Vehicle ID 336 (Slot ID 202) Maintainence fee cost $0 to /makehitmanleader's budget fund.
[2018/1/3 - 21:00:58] Vehicle ID 344 (Slot ID 213) Maintainence fee cost $0 to /makehitmanleader's budget fund.
[2018/1/3 - 21:00:58] Vehicle ID 378 (Slot ID 263) Maintainence fee cost $0 to /makehitmanleader's budget fund.
[2018/1/3 - 21:00:58] Vehicle ID 391 (Slot ID 291) Maintainence fee cost $0 to /makehitmanleader's budget fund.
[2018/1/3 - 21:00:58] Vehicle ID 396 (Slot ID 299) Maintainence fee cost $0 to /makehitmanleader's budget fund.
[2018/1/3 - 21:00:58] Vehicle ID 0 (Slot ID 307) Maintainence fee cost $0 to /makehitmanleader's budget fund.
[2018/1/3 - 21:00:58] Vehicle ID 0 (Slot ID 309) Maintainence fee cost $0 to /makehitmanleader's budget fund.
[2018/1/3 - 21:00:58] Vehicle ID 0 (Slot ID 318) Maintainence fee cost $0 to /makehitmanleader's budget fund.
[2018/1/3 - 21:00:58] Vehicle ID 0 (Slot ID 436) Maintainence fee cost $0 to /makehitmanleader's budget fund.
[2018/1/3 - 21:00:58] Vehicle ID 423 (Slot ID 438) Maintainence fee cost $0 to /makehitmanleader's budget fund.
[2018/1/3 - 21:00:58] Vehicle ID 0 (Slot ID 440) Maintainence fee cost $0 to /makehitmanleader's budget fund.
[2018/1/3 - 21:00:58] Vehicle ID 0 (Slot ID 445) Maintainence fee cost $0 to /makehitmanleader's budget fund.
[2018/1/3 - 21:00:58] Vehicle ID 0 (Slot ID 446) Maintainence fee cost $0 to /makehitmanleader's budget fund.
[2018/1/3 - 21:00:58] Vehicle ID 0 (Slot ID 447) Maintainence fee cost $0 to /makehitmanleader's budget fund.
[2018/1/3 - 21:00:58] Vehicle ID 0 (Slot ID 451) Maintainence fee cost $0 to /makehitmanleader's budget fund.
[2018/1/3 - 22:00:27] The faction vault is at $8,785,914.
[2018/1/3 - 22:00:27] Vehicle ID 204 (Slot ID 20) Maintainence fee cost $0 to /makehitmanleader's budget fund.
[2018/1/3 - 22:00:27] Vehicle ID 206 (Slot ID 22) Maintainence fee cost $0 to /makehitmanleader's budget fund.
[2018/1/3 - 22:00:27] Vehicle ID 218 (Slot ID 43) Maintainence fee cost $0 to /makehitmanleader's budget fund.
[2018/1/3 - 22:00:27] Vehicle ID 336 (Slot ID 202) Maintainence fee cost $0 to /makehitmanleader's budget fund.
[2018/1/3 - 22:00:27] Vehicle ID 344 (Slot ID 213) Maintainence fee cost $0 to /makehitmanleader's budget fund.
[2018/1/3 - 22:00:27] Vehicle ID 378 (Slot ID 263) Maintainence fee cost $0 to /makehitmanleader's budget fund.
[2018/1/3 - 22:00:27] Vehicle ID 391 (Slot ID 291) Maintainence fee cost $0 to /makehitmanleader's budget fund.
[2018/1/3 - 22:00:27] Vehicle ID 396 (Slot ID 299) Maintainence fee cost $0 to /makehitmanleader's budget fund.
[2018/1/3 - 22:00:27] Vehicle ID 0 (Slot ID 307) Maintainence fee cost $0 to /makehitmanleader's budget fund.
[2018/1/3 - 22:00:27] Vehicle ID 0 (Slot ID 309) Maintainence fee cost $0 to /makehitmanleader's budget fund.
[2018/1/3 - 22:00:27] Vehicle ID 0 (Slot ID 318) Maintainence fee cost $0 to /makehitmanleader's budget fund.
[2018/1/3 - 22:00:27] Vehicle ID 0 (Slot ID 436) Maintainence fee cost $0 to /makehitmanleader's budget fund.
[2018/1/3 - 22:00:27] Vehicle ID 423 (Slot ID 438) Maintainence fee cost $0 to /makehitmanleader's budget fund.
[2018/1/3 - 22:00:27] Vehicle ID 0 (Slot ID 440) Maintainence fee cost $0 to /makehitmanleader's budget fund.
[2018/1/3 - 22:00:27] Vehicle ID 0 (Slot ID 445) Maintainence fee cost $0 to /makehitmanleader's budget fund.
[2018/1/3 - 22:00:27] Vehicle ID 0 (Slot ID 446) Maintainence fee cost $0 to /makehitmanleader's budget fund.
[2018/1/3 - 22:00:27] Vehicle ID 0 (Slot ID 447) Maintainence fee cost $0 to /makehitmanleader's budget fund.
[2018/1/3 - 22:00:27] Vehicle ID 0 (Slot ID 451) Maintainence fee cost $0 to /makehitmanleader's budget fund.
[2018/1/3 - 22:38:07] Kliment Barsukov took a vest out of the /makehitmanleader locker at a cost of 1 HG Material.
[2018/1/3 - 23:00:52] The faction vault is at $8,795,314.
[2018/1/3 - 23:00:52] Vehicle ID 204 (Slot ID 20) Maintainence fee cost $0 to /makehitmanleader's budget fund.
[2018/1/3 - 23:00:52] Vehicle ID 206 (Slot ID 22) Maintainence fee cost $0 to /makehitmanleader's budget fund.
[2018/1/3 - 23:00:52] Vehicle ID 218 (Slot ID 43) Maintainence fee cost $0 to /makehitmanleader's budget fund.
[2018/1/3 - 23:00:52] Vehicle ID 336 (Slot ID 202) Maintainence fee cost $0 to /makehitmanleader's budget fund.
[2018/1/3 - 23:00:52] Vehicle ID 344 (Slot ID 213) Maintainence fee cost $0 to /makehitmanleader's budget fund.
[2018/1/3 - 23:00:52] Vehicle ID 378 (Slot ID 263) Maintainence fee cost $0 to /makehitmanleader's budget fund.
[2018/1/3 - 23:00:52] Vehicle ID 391 (Slot ID 291) Maintainence fee cost $0 to /makehitmanleader's budget fund.
[2018/1/3 - 23:00:52] Vehicle ID 396 (Slot ID 299) Maintainence fee cost $0 to /makehitmanleader's budget fund.
[2018/1/3 - 23:00:52] Vehicle ID 0 (Slot ID 307) Maintainence fee cost $0 to /makehitmanleader's budget fund.
[2018/1/3 - 23:00:52] Vehicle ID 0 (Slot ID 309) Maintainence fee cost $0 to /makehitmanleader's budget fund.
[2018/1/3 - 23:00:52] Vehicle ID 0 (Slot ID 318) Maintainence fee cost $0 to /makehitmanleader's budget fund.
[2018/1/3 - 23:00:52] Vehicle ID 0 (Slot ID 436) Maintainence fee cost $0 to /makehitmanleader's budget fund.
[2018/1/3 - 23:00:52] Vehicle ID 423 (Slot ID 438) Maintainence fee cost $0 to /makehitmanleader's budget fund.
[2018/1/3 - 23:00:52] Vehicle ID 0 (Slot ID 440) Maintainence fee cost $0 to /makehitmanleader's budget fund.
[2018/1/3 - 23:00:52] Vehicle ID 0 (Slot ID 445) Maintainence fee cost $0 to /makehitmanleader's budget fund.
[2018/1/3 - 23:00:52] Vehicle ID 0 (Slot ID 446) Maintainence fee cost $0 to /makehitmanleader's budget fund.
[2018/1/3 - 23:00:52] Vehicle ID 0 (Slot ID 447) Maintainence fee cost $0 to /makehitmanleader's budget fund.
[2018/1/3 - 23:00:52] Vehicle ID 0 (Slot ID 451) Maintainence fee cost $0 to /makehitmanleader's budget fund.
[2018/1/3 - 23:47:01] Hooligan Maddox took a vest out of the /makehitmanleader locker at a cost of 1 HG Material.
