[2018/1/4 - 0:00:21] The faction vault is at $8,804,714.
[2018/1/4 - 0:00:21] Vehicle ID 204 (Slot ID 20) Maintainence fee cost $0 to /makehitmanleader's budget fund.
[2018/1/4 - 0:00:21] Vehicle ID 206 (Slot ID 22) Maintainence fee cost $0 to /makehitmanleader's budget fund.
[2018/1/4 - 0:00:21] Vehicle ID 218 (Slot ID 43) Maintainence fee cost $0 to /makehitmanleader's budget fund.
[2018/1/4 - 0:00:21] Vehicle ID 336 (Slot ID 202) Maintainence fee cost $0 to /makehitmanleader's budget fund.
[2018/1/4 - 0:00:21] Vehicle ID 344 (Slot ID 213) Maintainence fee cost $0 to /makehitmanleader's budget fund.
[2018/1/4 - 0:00:21] Vehicle ID 378 (Slot ID 263) Maintainence fee cost $0 to /makehitmanleader's budget fund.
[2018/1/4 - 0:00:21] Vehicle ID 391 (Slot ID 291) Maintainence fee cost $0 to /makehitmanleader's budget fund.
[2018/1/4 - 0:00:21] Vehicle ID 396 (Slot ID 299) Maintainence fee cost $0 to /makehitmanleader's budget fund.
[2018/1/4 - 0:00:21] Vehicle ID 0 (Slot ID 307) Maintainence fee cost $0 to /makehitmanleader's budget fund.
[2018/1/4 - 0:00:21] Vehicle ID 0 (Slot ID 309) Maintainence fee cost $0 to /makehitmanleader's budget fund.
[2018/1/4 - 0:00:21] Vehicle ID 0 (Slot ID 318) Maintainence fee cost $0 to /makehitmanleader's budget fund.
[2018/1/4 - 0:00:21] Vehicle ID 0 (Slot ID 436) Maintainence fee cost $0 to /makehitmanleader's budget fund.
[2018/1/4 - 0:00:21] Vehicle ID 423 (Slot ID 438) Maintainence fee cost $0 to /makehitmanleader's budget fund.
[2018/1/4 - 0:00:21] Vehicle ID 0 (Slot ID 440) Maintainence fee cost $0 to /makehitmanleader's budget fund.
[2018/1/4 - 0:00:21] Vehicle ID 0 (Slot ID 445) Maintainence fee cost $0 to /makehitmanleader's budget fund.
[2018/1/4 - 0:00:21] Vehicle ID 0 (Slot ID 446) Maintainence fee cost $0 to /makehitmanleader's budget fund.
[2018/1/4 - 0:00:21] Vehicle ID 0 (Slot ID 447) Maintainence fee cost $0 to /makehitmanleader's budget fund.
[2018/1/4 - 0:00:21] Vehicle ID 0 (Slot ID 451) Maintainence fee cost $0 to /makehitmanleader's budget fund.
[2018/1/4 - 1:00:52] The faction vault is at $8,813,114.
[2018/1/4 - 1:00:52] Vehicle ID 204 (Slot ID 20) Maintainence fee cost $0 to /makehitmanleader's budget fund.
[2018/1/4 - 1:00:52] Vehicle ID 206 (Slot ID 22) Maintainence fee cost $0 to /makehitmanleader's budget fund.
[2018/1/4 - 1:00:52] Vehicle ID 218 (Slot ID 43) Maintainence fee cost $0 to /makehitmanleader's budget fund.
[2018/1/4 - 1:00:52] Vehicle ID 336 (Slot ID 202) Maintainence fee cost $0 to /makehitmanleader's budget fund.
[2018/1/4 - 1:00:52] Vehicle ID 344 (Slot ID 213) Maintainence fee cost $0 to /makehitmanleader's budget fund.
[2018/1/4 - 1:00:52] Vehicle ID 378 (Slot ID 263) Maintainence fee cost $0 to /makehitmanleader's budget fund.
[2018/1/4 - 1:00:52] Vehicle ID 391 (Slot ID 291) Maintainence fee cost $0 to /makehitmanleader's budget fund.
[2018/1/4 - 1:00:52] Vehicle ID 396 (Slot ID 299) Maintainence fee cost $0 to /makehitmanleader's budget fund.
[2018/1/4 - 1:00:52] Vehicle ID 0 (Slot ID 307) Maintainence fee cost $0 to /makehitmanleader's budget fund.
[2018/1/4 - 1:00:52] Vehicle ID 0 (Slot ID 309) Maintainence fee cost $0 to /makehitmanleader's budget fund.
[2018/1/4 - 1:00:52] Vehicle ID 0 (Slot ID 318) Maintainence fee cost $0 to /makehitmanleader's budget fund.
[2018/1/4 - 1:00:52] Vehicle ID 0 (Slot ID 436) Maintainence fee cost $0 to /makehitmanleader's budget fund.
[2018/1/4 - 1:00:52] Vehicle ID 423 (Slot ID 438) Maintainence fee cost $0 to /makehitmanleader's budget fund.
[2018/1/4 - 1:00:52] Vehicle ID 0 (Slot ID 440) Maintainence fee cost $0 to /makehitmanleader's budget fund.
[2018/1/4 - 1:00:52] Vehicle ID 0 (Slot ID 445) Maintainence fee cost $0 to /makehitmanleader's budget fund.
[2018/1/4 - 1:00:52] Vehicle ID 0 (Slot ID 446) Maintainence fee cost $0 to /makehitmanleader's budget fund.
[2018/1/4 - 1:00:52] Vehicle ID 0 (Slot ID 447) Maintainence fee cost $0 to /makehitmanleader's budget fund.
[2018/1/4 - 1:00:52] Vehicle ID 0 (Slot ID 451) Maintainence fee cost $0 to /makehitmanleader's budget fund.
[2018/1/4 - 1:34:35] Kobe Duron took a vest out of the /makehitmanleader locker at a cost of 1 HG Material.
[2018/1/4 - 2:00:21] The faction vault is at $8,816,514.
[2018/1/4 - 2:00:21] Vehicle ID 204 (Slot ID 20) Maintainence fee cost $0 to /makehitmanleader's budget fund.
[2018/1/4 - 2:00:21] Vehicle ID 206 (Slot ID 22) Maintainence fee cost $0 to /makehitmanleader's budget fund.
[2018/1/4 - 2:00:21] Vehicle ID 218 (Slot ID 43) Maintainence fee cost $0 to /makehitmanleader's budget fund.
[2018/1/4 - 2:00:21] Vehicle ID 336 (Slot ID 202) Maintainence fee cost $0 to /makehitmanleader's budget fund.
[2018/1/4 - 2:00:21] Vehicle ID 344 (Slot ID 213) Maintainence fee cost $0 to /makehitmanleader's budget fund.
[2018/1/4 - 2:00:21] Vehicle ID 378 (Slot ID 263) Maintainence fee cost $0 to /makehitmanleader's budget fund.
[2018/1/4 - 2:00:21] Vehicle ID 391 (Slot ID 291) Maintainence fee cost $0 to /makehitmanleader's budget fund.
[2018/1/4 - 2:00:21] Vehicle ID 396 (Slot ID 299) Maintainence fee cost $0 to /makehitmanleader's budget fund.
[2018/1/4 - 2:00:21] Vehicle ID 0 (Slot ID 307) Maintainence fee cost $0 to /makehitmanleader's budget fund.
[2018/1/4 - 2:00:21] Vehicle ID 0 (Slot ID 309) Maintainence fee cost $0 to /makehitmanleader's budget fund.
[2018/1/4 - 2:00:21] Vehicle ID 0 (Slot ID 318) Maintainence fee cost $0 to /makehitmanleader's budget fund.
[2018/1/4 - 2:00:21] Vehicle ID 0 (Slot ID 436) Maintainence fee cost $0 to /makehitmanleader's budget fund.
[2018/1/4 - 2:00:21] Vehicle ID 423 (Slot ID 438) Maintainence fee cost $0 to /makehitmanleader's budget fund.
[2018/1/4 - 2:00:21] Vehicle ID 0 (Slot ID 440) Maintainence fee cost $0 to /makehitmanleader's budget fund.
[2018/1/4 - 2:00:21] Vehicle ID 0 (Slot ID 445) Maintainence fee cost $0 to /makehitmanleader's budget fund.
[2018/1/4 - 2:00:21] Vehicle ID 0 (Slot ID 446) Maintainence fee cost $0 to /makehitmanleader's budget fund.
[2018/1/4 - 2:00:21] Vehicle ID 0 (Slot ID 447) Maintainence fee cost $0 to /makehitmanleader's budget fund.
[2018/1/4 - 2:00:21] Vehicle ID 0 (Slot ID 451) Maintainence fee cost $0 to /makehitmanleader's budget fund.
[2018/1/4 - 2:52:47] Doc Kanaan took a vest out of the /makehitmanleader locker at a cost of 1 HG Material.
[2018/1/4 - 3:00:52] The faction vault is at $8,820,514.
[2018/1/4 - 3:00:52] Vehicle ID 204 (Slot ID 20) Maintainence fee cost $0 to /makehitmanleader's budget fund.
[2018/1/4 - 3:00:52] Vehicle ID 206 (Slot ID 22) Maintainence fee cost $0 to /makehitmanleader's budget fund.
[2018/1/4 - 3:00:52] Vehicle ID 218 (Slot ID 43) Maintainence fee cost $0 to /makehitmanleader's budget fund.
[2018/1/4 - 3:00:52] Vehicle ID 336 (Slot ID 202) Maintainence fee cost $0 to /makehitmanleader's budget fund.
[2018/1/4 - 3:00:52] Vehicle ID 344 (Slot ID 213) Maintainence fee cost $0 to /makehitmanleader's budget fund.
[2018/1/4 - 3:00:52] Vehicle ID 378 (Slot ID 263) Maintainence fee cost $0 to /makehitmanleader's budget fund.
[2018/1/4 - 3:00:52] Vehicle ID 391 (Slot ID 291) Maintainence fee cost $0 to /makehitmanleader's budget fund.
[2018/1/4 - 3:00:52] Vehicle ID 396 (Slot ID 299) Maintainence fee cost $0 to /makehitmanleader's budget fund.
[2018/1/4 - 3:00:52] Vehicle ID 0 (Slot ID 307) Maintainence fee cost $0 to /makehitmanleader's budget fund.
[2018/1/4 - 3:00:52] Vehicle ID 0 (Slot ID 309) Maintainence fee cost $0 to /makehitmanleader's budget fund.
[2018/1/4 - 3:00:52] Vehicle ID 0 (Slot ID 318) Maintainence fee cost $0 to /makehitmanleader's budget fund.
[2018/1/4 - 3:00:52] Vehicle ID 0 (Slot ID 436) Maintainence fee cost $0 to /makehitmanleader's budget fund.
[2018/1/4 - 3:00:52] Vehicle ID 423 (Slot ID 438) Maintainence fee cost $0 to /makehitmanleader's budget fund.
[2018/1/4 - 3:00:52] Vehicle ID 0 (Slot ID 440) Maintainence fee cost $0 to /makehitmanleader's budget fund.
[2018/1/4 - 3:00:52] Vehicle ID 0 (Slot ID 445) Maintainence fee cost $0 to /makehitmanleader's budget fund.
[2018/1/4 - 3:00:52] Vehicle ID 0 (Slot ID 446) Maintainence fee cost $0 to /makehitmanleader's budget fund.
[2018/1/4 - 3:00:52] Vehicle ID 0 (Slot ID 447) Maintainence fee cost $0 to /makehitmanleader's budget fund.
[2018/1/4 - 3:00:52] Vehicle ID 0 (Slot ID 451) Maintainence fee cost $0 to /makehitmanleader's budget fund.
[2018/1/4 - 4:00:21] The faction vault is at $8,822,314.
[2018/1/4 - 4:00:21] Vehicle ID 204 (Slot ID 20) Maintainence fee cost $0 to /makehitmanleader's budget fund.
[2018/1/4 - 4:00:21] Vehicle ID 206 (Slot ID 22) Maintainence fee cost $0 to /makehitmanleader's budget fund.
[2018/1/4 - 4:00:21] Vehicle ID 218 (Slot ID 43) Maintainence fee cost $0 to /makehitmanleader's budget fund.
[2018/1/4 - 4:00:21] Vehicle ID 336 (Slot ID 202) Maintainence fee cost $0 to /makehitmanleader's budget fund.
[2018/1/4 - 4:00:21] Vehicle ID 344 (Slot ID 213) Maintainence fee cost $0 to /makehitmanleader's budget fund.
[2018/1/4 - 4:00:21] Vehicle ID 378 (Slot ID 263) Maintainence fee cost $0 to /makehitmanleader's budget fund.
[2018/1/4 - 4:00:21] Vehicle ID 391 (Slot ID 291) Maintainence fee cost $0 to /makehitmanleader's budget fund.
[2018/1/4 - 4:00:21] Vehicle ID 396 (Slot ID 299) Maintainence fee cost $0 to /makehitmanleader's budget fund.
[2018/1/4 - 4:00:21] Vehicle ID 0 (Slot ID 307) Maintainence fee cost $0 to /makehitmanleader's budget fund.
[2018/1/4 - 4:00:21] Vehicle ID 0 (Slot ID 309) Maintainence fee cost $0 to /makehitmanleader's budget fund.
[2018/1/4 - 4:00:21] Vehicle ID 0 (Slot ID 318) Maintainence fee cost $0 to /makehitmanleader's budget fund.
[2018/1/4 - 4:00:21] Vehicle ID 0 (Slot ID 436) Maintainence fee cost $0 to /makehitmanleader's budget fund.
[2018/1/4 - 4:00:21] Vehicle ID 423 (Slot ID 438) Maintainence fee cost $0 to /makehitmanleader's budget fund.
[2018/1/4 - 4:00:21] Vehicle ID 0 (Slot ID 440) Maintainence fee cost $0 to /makehitmanleader's budget fund.
[2018/1/4 - 4:00:21] Vehicle ID 0 (Slot ID 445) Maintainence fee cost $0 to /makehitmanleader's budget fund.
[2018/1/4 - 4:00:21] Vehicle ID 0 (Slot ID 446) Maintainence fee cost $0 to /makehitmanleader's budget fund.
[2018/1/4 - 4:00:21] Vehicle ID 0 (Slot ID 447) Maintainence fee cost $0 to /makehitmanleader's budget fund.
[2018/1/4 - 4:00:21] Vehicle ID 0 (Slot ID 451) Maintainence fee cost $0 to /makehitmanleader's budget fund.
[2018/1/4 - 5:00:46] The faction vault is at $8,825,514.
[2018/1/4 - 5:00:46] Vehicle ID 204 (Slot ID 20) Maintainence fee cost $0 to /makehitmanleader's budget fund.
[2018/1/4 - 5:00:46] Vehicle ID 206 (Slot ID 22) Maintainence fee cost $0 to /makehitmanleader's budget fund.
[2018/1/4 - 5:00:46] Vehicle ID 218 (Slot ID 43) Maintainence fee cost $0 to /makehitmanleader's budget fund.
[2018/1/4 - 5:00:46] Vehicle ID 336 (Slot ID 202) Maintainence fee cost $0 to /makehitmanleader's budget fund.
[2018/1/4 - 5:00:46] Vehicle ID 344 (Slot ID 213) Maintainence fee cost $0 to /makehitmanleader's budget fund.
[2018/1/4 - 5:00:46] Vehicle ID 378 (Slot ID 263) Maintainence fee cost $0 to /makehitmanleader's budget fund.
[2018/1/4 - 5:00:46] Vehicle ID 391 (Slot ID 291) Maintainence fee cost $0 to /makehitmanleader's budget fund.
[2018/1/4 - 5:00:46] Vehicle ID 396 (Slot ID 299) Maintainence fee cost $0 to /makehitmanleader's budget fund.
[2018/1/4 - 5:00:46] Vehicle ID 0 (Slot ID 307) Maintainence fee cost $0 to /makehitmanleader's budget fund.
[2018/1/4 - 5:00:46] Vehicle ID 0 (Slot ID 309) Maintainence fee cost $0 to /makehitmanleader's budget fund.
[2018/1/4 - 5:00:46] Vehicle ID 0 (Slot ID 318) Maintainence fee cost $0 to /makehitmanleader's budget fund.
[2018/1/4 - 5:00:46] Vehicle ID 0 (Slot ID 436) Maintainence fee cost $0 to /makehitmanleader's budget fund.
[2018/1/4 - 5:00:46] Vehicle ID 423 (Slot ID 438) Maintainence fee cost $0 to /makehitmanleader's budget fund.
[2018/1/4 - 5:00:46] Vehicle ID 0 (Slot ID 440) Maintainence fee cost $0 to /makehitmanleader's budget fund.
[2018/1/4 - 5:00:46] Vehicle ID 0 (Slot ID 445) Maintainence fee cost $0 to /makehitmanleader's budget fund.
[2018/1/4 - 5:00:46] Vehicle ID 0 (Slot ID 446) Maintainence fee cost $0 to /makehitmanleader's budget fund.
[2018/1/4 - 5:00:46] Vehicle ID 0 (Slot ID 447) Maintainence fee cost $0 to /makehitmanleader's budget fund.
[2018/1/4 - 5:00:46] Vehicle ID 0 (Slot ID 451) Maintainence fee cost $0 to /makehitmanleader's budget fund.
[2018/1/4 - 6:00:05] The faction vault is at $8,825,714.
[2018/1/4 - 6:00:05] Vehicle ID 204 (Slot ID 20) Maintainence fee cost $0 to /makehitmanleader's budget fund.
[2018/1/4 - 6:00:05] Vehicle ID 206 (Slot ID 22) Maintainence fee cost $0 to /makehitmanleader's budget fund.
[2018/1/4 - 6:00:05] Vehicle ID 218 (Slot ID 43) Maintainence fee cost $0 to /makehitmanleader's budget fund.
[2018/1/4 - 6:00:05] Vehicle ID 336 (Slot ID 202) Maintainence fee cost $0 to /makehitmanleader's budget fund.
[2018/1/4 - 6:00:05] Vehicle ID 344 (Slot ID 213) Maintainence fee cost $0 to /makehitmanleader's budget fund.
[2018/1/4 - 6:00:05] Vehicle ID 378 (Slot ID 263) Maintainence fee cost $0 to /makehitmanleader's budget fund.
[2018/1/4 - 6:00:05] Vehicle ID 391 (Slot ID 291) Maintainence fee cost $0 to /makehitmanleader's budget fund.
[2018/1/4 - 6:00:05] Vehicle ID 396 (Slot ID 299) Maintainence fee cost $0 to /makehitmanleader's budget fund.
[2018/1/4 - 6:00:05] Vehicle ID 0 (Slot ID 307) Maintainence fee cost $0 to /makehitmanleader's budget fund.
[2018/1/4 - 6:00:05] Vehicle ID 0 (Slot ID 309) Maintainence fee cost $0 to /makehitmanleader's budget fund.
[2018/1/4 - 6:00:05] Vehicle ID 0 (Slot ID 318) Maintainence fee cost $0 to /makehitmanleader's budget fund.
[2018/1/4 - 6:00:05] Vehicle ID 0 (Slot ID 436) Maintainence fee cost $0 to /makehitmanleader's budget fund.
[2018/1/4 - 6:00:05] Vehicle ID 423 (Slot ID 438) Maintainence fee cost $0 to /makehitmanleader's budget fund.
[2018/1/4 - 6:00:05] Vehicle ID 0 (Slot ID 440) Maintainence fee cost $0 to /makehitmanleader's budget fund.
[2018/1/4 - 6:00:05] Vehicle ID 0 (Slot ID 445) Maintainence fee cost $0 to /makehitmanleader's budget fund.
[2018/1/4 - 6:00:05] Vehicle ID 0 (Slot ID 446) Maintainence fee cost $0 to /makehitmanleader's budget fund.
[2018/1/4 - 6:00:05] Vehicle ID 0 (Slot ID 447) Maintainence fee cost $0 to /makehitmanleader's budget fund.
[2018/1/4 - 6:00:05] Vehicle ID 0 (Slot ID 451) Maintainence fee cost $0 to /makehitmanleader's budget fund.
[2018/1/4 - 6:59:07] Doc Kanaan took a vest out of the /makehitmanleader locker at a cost of 1 HG Material.
[2018/1/4 - 7:00:59] The faction vault is at $8,828,914.
[2018/1/4 - 7:00:59] Vehicle ID 204 (Slot ID 20) Maintainence fee cost $0 to /makehitmanleader's budget fund.
[2018/1/4 - 7:00:59] Vehicle ID 206 (Slot ID 22) Maintainence fee cost $0 to /makehitmanleader's budget fund.
[2018/1/4 - 7:00:59] Vehicle ID 218 (Slot ID 43) Maintainence fee cost $0 to /makehitmanleader's budget fund.
[2018/1/4 - 7:00:59] Vehicle ID 336 (Slot ID 202) Maintainence fee cost $0 to /makehitmanleader's budget fund.
[2018/1/4 - 7:00:59] Vehicle ID 344 (Slot ID 213) Maintainence fee cost $0 to /makehitmanleader's budget fund.
[2018/1/4 - 7:00:59] Vehicle ID 378 (Slot ID 263) Maintainence fee cost $0 to /makehitmanleader's budget fund.
[2018/1/4 - 7:00:59] Vehicle ID 391 (Slot ID 291) Maintainence fee cost $0 to /makehitmanleader's budget fund.
[2018/1/4 - 7:00:59] Vehicle ID 396 (Slot ID 299) Maintainence fee cost $0 to /makehitmanleader's budget fund.
[2018/1/4 - 7:00:59] Vehicle ID 0 (Slot ID 307) Maintainence fee cost $0 to /makehitmanleader's budget fund.
[2018/1/4 - 7:00:59] Vehicle ID 0 (Slot ID 309) Maintainence fee cost $0 to /makehitmanleader's budget fund.
[2018/1/4 - 7:00:59] Vehicle ID 0 (Slot ID 318) Maintainence fee cost $0 to /makehitmanleader's budget fund.
[2018/1/4 - 7:00:59] Vehicle ID 0 (Slot ID 436) Maintainence fee cost $0 to /makehitmanleader's budget fund.
[2018/1/4 - 7:00:59] Vehicle ID 423 (Slot ID 438) Maintainence fee cost $0 to /makehitmanleader's budget fund.
[2018/1/4 - 7:00:59] Vehicle ID 0 (Slot ID 440) Maintainence fee cost $0 to /makehitmanleader's budget fund.
[2018/1/4 - 7:00:59] Vehicle ID 0 (Slot ID 445) Maintainence fee cost $0 to /makehitmanleader's budget fund.
[2018/1/4 - 7:00:59] Vehicle ID 0 (Slot ID 446) Maintainence fee cost $0 to /makehitmanleader's budget fund.
[2018/1/4 - 7:00:59] Vehicle ID 0 (Slot ID 447) Maintainence fee cost $0 to /makehitmanleader's budget fund.
[2018/1/4 - 7:00:59] Vehicle ID 0 (Slot ID 451) Maintainence fee cost $0 to /makehitmanleader's budget fund.
[2018/1/4 - 8:00:44] The faction vault is at $8,831,514.
[2018/1/4 - 8:00:44] Vehicle ID 204 (Slot ID 20) Maintainence fee cost $0 to /makehitmanleader's budget fund.
[2018/1/4 - 8:00:44] Vehicle ID 206 (Slot ID 22) Maintainence fee cost $0 to /makehitmanleader's budget fund.
[2018/1/4 - 8:00:44] Vehicle ID 218 (Slot ID 43) Maintainence fee cost $0 to /makehitmanleader's budget fund.
[2018/1/4 - 8:00:44] Vehicle ID 336 (Slot ID 202) Maintainence fee cost $0 to /makehitmanleader's budget fund.
[2018/1/4 - 8:00:44] Vehicle ID 344 (Slot ID 213) Maintainence fee cost $0 to /makehitmanleader's budget fund.
[2018/1/4 - 8:00:44] Vehicle ID 378 (Slot ID 263) Maintainence fee cost $0 to /makehitmanleader's budget fund.
[2018/1/4 - 8:00:44] Vehicle ID 391 (Slot ID 291) Maintainence fee cost $0 to /makehitmanleader's budget fund.
[2018/1/4 - 8:00:44] Vehicle ID 396 (Slot ID 299) Maintainence fee cost $0 to /makehitmanleader's budget fund.
[2018/1/4 - 8:00:44] Vehicle ID 0 (Slot ID 307) Maintainence fee cost $0 to /makehitmanleader's budget fund.
[2018/1/4 - 8:00:44] Vehicle ID 0 (Slot ID 309) Maintainence fee cost $0 to /makehitmanleader's budget fund.
[2018/1/4 - 8:00:44] Vehicle ID 0 (Slot ID 318) Maintainence fee cost $0 to /makehitmanleader's budget fund.
[2018/1/4 - 8:00:44] Vehicle ID 0 (Slot ID 436) Maintainence fee cost $0 to /makehitmanleader's budget fund.
[2018/1/4 - 8:00:44] Vehicle ID 423 (Slot ID 438) Maintainence fee cost $0 to /makehitmanleader's budget fund.
[2018/1/4 - 8:00:44] Vehicle ID 0 (Slot ID 440) Maintainence fee cost $0 to /makehitmanleader's budget fund.
[2018/1/4 - 8:00:44] Vehicle ID 0 (Slot ID 445) Maintainence fee cost $0 to /makehitmanleader's budget fund.
[2018/1/4 - 8:00:44] Vehicle ID 0 (Slot ID 446) Maintainence fee cost $0 to /makehitmanleader's budget fund.
[2018/1/4 - 8:00:44] Vehicle ID 0 (Slot ID 447) Maintainence fee cost $0 to /makehitmanleader's budget fund.
[2018/1/4 - 8:00:44] Vehicle ID 0 (Slot ID 451) Maintainence fee cost $0 to /makehitmanleader's budget fund.
[2018/1/4 - 9:00:27] The faction vault is at $8,838,314.
[2018/1/4 - 9:00:27] Vehicle ID 204 (Slot ID 20) Maintainence fee cost $0 to /makehitmanleader's budget fund.
[2018/1/4 - 9:00:27] Vehicle ID 206 (Slot ID 22) Maintainence fee cost $0 to /makehitmanleader's budget fund.
[2018/1/4 - 9:00:27] Vehicle ID 218 (Slot ID 43) Maintainence fee cost $0 to /makehitmanleader's budget fund.
[2018/1/4 - 9:00:27] Vehicle ID 336 (Slot ID 202) Maintainence fee cost $0 to /makehitmanleader's budget fund.
[2018/1/4 - 9:00:27] Vehicle ID 344 (Slot ID 213) Maintainence fee cost $0 to /makehitmanleader's budget fund.
[2018/1/4 - 9:00:27] Vehicle ID 378 (Slot ID 263) Maintainence fee cost $0 to /makehitmanleader's budget fund.
[2018/1/4 - 9:00:27] Vehicle ID 391 (Slot ID 291) Maintainence fee cost $0 to /makehitmanleader's budget fund.
[2018/1/4 - 9:00:27] Vehicle ID 396 (Slot ID 299) Maintainence fee cost $0 to /makehitmanleader's budget fund.
[2018/1/4 - 9:00:27] Vehicle ID 0 (Slot ID 307) Maintainence fee cost $0 to /makehitmanleader's budget fund.
[2018/1/4 - 9:00:27] Vehicle ID 0 (Slot ID 309) Maintainence fee cost $0 to /makehitmanleader's budget fund.
[2018/1/4 - 9:00:27] Vehicle ID 0 (Slot ID 318) Maintainence fee cost $0 to /makehitmanleader's budget fund.
[2018/1/4 - 9:00:27] Vehicle ID 0 (Slot ID 436) Maintainence fee cost $0 to /makehitmanleader's budget fund.
[2018/1/4 - 9:00:27] Vehicle ID 423 (Slot ID 438) Maintainence fee cost $0 to /makehitmanleader's budget fund.
[2018/1/4 - 9:00:27] Vehicle ID 0 (Slot ID 440) Maintainence fee cost $0 to /makehitmanleader's budget fund.
[2018/1/4 - 9:00:27] Vehicle ID 0 (Slot ID 445) Maintainence fee cost $0 to /makehitmanleader's budget fund.
[2018/1/4 - 9:00:27] Vehicle ID 0 (Slot ID 446) Maintainence fee cost $0 to /makehitmanleader's budget fund.
[2018/1/4 - 9:00:27] Vehicle ID 0 (Slot ID 447) Maintainence fee cost $0 to /makehitmanleader's budget fund.
[2018/1/4 - 9:00:27] Vehicle ID 0 (Slot ID 451) Maintainence fee cost $0 to /makehitmanleader's budget fund.
[2018/1/4 - 10:00:12] The faction vault is at $8,846,514.
[2018/1/4 - 10:00:12] Vehicle ID 204 (Slot ID 20) Maintainence fee cost $0 to /makehitmanleader's budget fund.
[2018/1/4 - 10:00:12] Vehicle ID 206 (Slot ID 22) Maintainence fee cost $0 to /makehitmanleader's budget fund.
[2018/1/4 - 10:00:12] Vehicle ID 218 (Slot ID 43) Maintainence fee cost $0 to /makehitmanleader's budget fund.
[2018/1/4 - 10:00:12] Vehicle ID 336 (Slot ID 202) Maintainence fee cost $0 to /makehitmanleader's budget fund.
[2018/1/4 - 10:00:12] Vehicle ID 344 (Slot ID 213) Maintainence fee cost $0 to /makehitmanleader's budget fund.
[2018/1/4 - 10:00:12] Vehicle ID 378 (Slot ID 263) Maintainence fee cost $0 to /makehitmanleader's budget fund.
[2018/1/4 - 10:00:12] Vehicle ID 391 (Slot ID 291) Maintainence fee cost $0 to /makehitmanleader's budget fund.
[2018/1/4 - 10:00:12] Vehicle ID 396 (Slot ID 299) Maintainence fee cost $0 to /makehitmanleader's budget fund.
[2018/1/4 - 10:00:12] Vehicle ID 0 (Slot ID 307) Maintainence fee cost $0 to /makehitmanleader's budget fund.
[2018/1/4 - 10:00:12] Vehicle ID 0 (Slot ID 309) Maintainence fee cost $0 to /makehitmanleader's budget fund.
[2018/1/4 - 10:00:12] Vehicle ID 0 (Slot ID 318) Maintainence fee cost $0 to /makehitmanleader's budget fund.
[2018/1/4 - 10:00:12] Vehicle ID 0 (Slot ID 436) Maintainence fee cost $0 to /makehitmanleader's budget fund.
[2018/1/4 - 10:00:12] Vehicle ID 423 (Slot ID 438) Maintainence fee cost $0 to /makehitmanleader's budget fund.
[2018/1/4 - 10:00:12] Vehicle ID 0 (Slot ID 440) Maintainence fee cost $0 to /makehitmanleader's budget fund.
[2018/1/4 - 10:00:12] Vehicle ID 0 (Slot ID 445) Maintainence fee cost $0 to /makehitmanleader's budget fund.
[2018/1/4 - 10:00:12] Vehicle ID 0 (Slot ID 446) Maintainence fee cost $0 to /makehitmanleader's budget fund.
[2018/1/4 - 10:00:12] Vehicle ID 0 (Slot ID 447) Maintainence fee cost $0 to /makehitmanleader's budget fund.
[2018/1/4 - 10:00:12] Vehicle ID 0 (Slot ID 451) Maintainence fee cost $0 to /makehitmanleader's budget fund.
[2018/1/4 - 11:00:58] The faction vault is at $8,854,714.
[2018/1/4 - 11:00:58] Vehicle ID 204 (Slot ID 20) Maintainence fee cost $0 to /makehitmanleader's budget fund.
[2018/1/4 - 11:00:58] Vehicle ID 206 (Slot ID 22) Maintainence fee cost $0 to /makehitmanleader's budget fund.
[2018/1/4 - 11:00:58] Vehicle ID 218 (Slot ID 43) Maintainence fee cost $0 to /makehitmanleader's budget fund.
[2018/1/4 - 11:00:58] Vehicle ID 336 (Slot ID 202) Maintainence fee cost $0 to /makehitmanleader's budget fund.
[2018/1/4 - 11:00:58] Vehicle ID 344 (Slot ID 213) Maintainence fee cost $0 to /makehitmanleader's budget fund.
[2018/1/4 - 11:00:58] Vehicle ID 378 (Slot ID 263) Maintainence fee cost $0 to /makehitmanleader's budget fund.
[2018/1/4 - 11:00:58] Vehicle ID 391 (Slot ID 291) Maintainence fee cost $0 to /makehitmanleader's budget fund.
[2018/1/4 - 11:00:58] Vehicle ID 396 (Slot ID 299) Maintainence fee cost $0 to /makehitmanleader's budget fund.
[2018/1/4 - 11:00:58] Vehicle ID 0 (Slot ID 307) Maintainence fee cost $0 to /makehitmanleader's budget fund.
[2018/1/4 - 11:00:58] Vehicle ID 0 (Slot ID 309) Maintainence fee cost $0 to /makehitmanleader's budget fund.
[2018/1/4 - 11:00:58] Vehicle ID 0 (Slot ID 318) Maintainence fee cost $0 to /makehitmanleader's budget fund.
[2018/1/4 - 11:00:58] Vehicle ID 0 (Slot ID 436) Maintainence fee cost $0 to /makehitmanleader's budget fund.
[2018/1/4 - 11:00:58] Vehicle ID 423 (Slot ID 438) Maintainence fee cost $0 to /makehitmanleader's budget fund.
[2018/1/4 - 11:00:58] Vehicle ID 0 (Slot ID 440) Maintainence fee cost $0 to /makehitmanleader's budget fund.
[2018/1/4 - 11:00:58] Vehicle ID 0 (Slot ID 445) Maintainence fee cost $0 to /makehitmanleader's budget fund.
[2018/1/4 - 11:00:58] Vehicle ID 0 (Slot ID 446) Maintainence fee cost $0 to /makehitmanleader's budget fund.
[2018/1/4 - 11:00:58] Vehicle ID 0 (Slot ID 447) Maintainence fee cost $0 to /makehitmanleader's budget fund.
[2018/1/4 - 11:00:58] Vehicle ID 0 (Slot ID 451) Maintainence fee cost $0 to /makehitmanleader's budget fund.
[2018/1/4 - 12:00:44] The faction vault is at $8,861,714.
[2018/1/4 - 12:00:44] Vehicle ID 204 (Slot ID 20) Maintainence fee cost $0 to /makehitmanleader's budget fund.
[2018/1/4 - 12:00:44] Vehicle ID 206 (Slot ID 22) Maintainence fee cost $0 to /makehitmanleader's budget fund.
[2018/1/4 - 12:00:44] Vehicle ID 218 (Slot ID 43) Maintainence fee cost $0 to /makehitmanleader's budget fund.
[2018/1/4 - 12:00:44] Vehicle ID 336 (Slot ID 202) Maintainence fee cost $0 to /makehitmanleader's budget fund.
[2018/1/4 - 12:00:44] Vehicle ID 344 (Slot ID 213) Maintainence fee cost $0 to /makehitmanleader's budget fund.
[2018/1/4 - 12:00:44] Vehicle ID 378 (Slot ID 263) Maintainence fee cost $0 to /makehitmanleader's budget fund.
[2018/1/4 - 12:00:44] Vehicle ID 391 (Slot ID 291) Maintainence fee cost $0 to /makehitmanleader's budget fund.
[2018/1/4 - 12:00:44] Vehicle ID 396 (Slot ID 299) Maintainence fee cost $0 to /makehitmanleader's budget fund.
[2018/1/4 - 12:00:44] Vehicle ID 0 (Slot ID 307) Maintainence fee cost $0 to /makehitmanleader's budget fund.
[2018/1/4 - 12:00:44] Vehicle ID 0 (Slot ID 309) Maintainence fee cost $0 to /makehitmanleader's budget fund.
[2018/1/4 - 12:00:44] Vehicle ID 0 (Slot ID 318) Maintainence fee cost $0 to /makehitmanleader's budget fund.
[2018/1/4 - 12:00:44] Vehicle ID 0 (Slot ID 436) Maintainence fee cost $0 to /makehitmanleader's budget fund.
[2018/1/4 - 12:00:44] Vehicle ID 423 (Slot ID 438) Maintainence fee cost $0 to /makehitmanleader's budget fund.
[2018/1/4 - 12:00:44] Vehicle ID 0 (Slot ID 440) Maintainence fee cost $0 to /makehitmanleader's budget fund.
[2018/1/4 - 12:00:44] Vehicle ID 0 (Slot ID 445) Maintainence fee cost $0 to /makehitmanleader's budget fund.
[2018/1/4 - 12:00:44] Vehicle ID 0 (Slot ID 446) Maintainence fee cost $0 to /makehitmanleader's budget fund.
[2018/1/4 - 12:00:44] Vehicle ID 0 (Slot ID 447) Maintainence fee cost $0 to /makehitmanleader's budget fund.
[2018/1/4 - 12:00:44] Vehicle ID 0 (Slot ID 451) Maintainence fee cost $0 to /makehitmanleader's budget fund.
[2018/1/4 - 13:00:27] The faction vault is at $8,869,514.
[2018/1/4 - 13:00:27] Vehicle ID 204 (Slot ID 20) Maintainence fee cost $0 to /makehitmanleader's budget fund.
[2018/1/4 - 13:00:27] Vehicle ID 206 (Slot ID 22) Maintainence fee cost $0 to /makehitmanleader's budget fund.
[2018/1/4 - 13:00:27] Vehicle ID 218 (Slot ID 43) Maintainence fee cost $0 to /makehitmanleader's budget fund.
[2018/1/4 - 13:00:27] Vehicle ID 336 (Slot ID 202) Maintainence fee cost $0 to /makehitmanleader's budget fund.
[2018/1/4 - 13:00:27] Vehicle ID 344 (Slot ID 213) Maintainence fee cost $0 to /makehitmanleader's budget fund.
[2018/1/4 - 13:00:27] Vehicle ID 378 (Slot ID 263) Maintainence fee cost $0 to /makehitmanleader's budget fund.
[2018/1/4 - 13:00:27] Vehicle ID 391 (Slot ID 291) Maintainence fee cost $0 to /makehitmanleader's budget fund.
[2018/1/4 - 13:00:27] Vehicle ID 396 (Slot ID 299) Maintainence fee cost $0 to /makehitmanleader's budget fund.
[2018/1/4 - 13:00:27] Vehicle ID 0 (Slot ID 307) Maintainence fee cost $0 to /makehitmanleader's budget fund.
[2018/1/4 - 13:00:27] Vehicle ID 0 (Slot ID 309) Maintainence fee cost $0 to /makehitmanleader's budget fund.
[2018/1/4 - 13:00:27] Vehicle ID 0 (Slot ID 318) Maintainence fee cost $0 to /makehitmanleader's budget fund.
[2018/1/4 - 13:00:27] Vehicle ID 0 (Slot ID 436) Maintainence fee cost $0 to /makehitmanleader's budget fund.
[2018/1/4 - 13:00:27] Vehicle ID 423 (Slot ID 438) Maintainence fee cost $0 to /makehitmanleader's budget fund.
[2018/1/4 - 13:00:27] Vehicle ID 0 (Slot ID 440) Maintainence fee cost $0 to /makehitmanleader's budget fund.
[2018/1/4 - 13:00:27] Vehicle ID 0 (Slot ID 445) Maintainence fee cost $0 to /makehitmanleader's budget fund.
[2018/1/4 - 13:00:27] Vehicle ID 0 (Slot ID 446) Maintainence fee cost $0 to /makehitmanleader's budget fund.
[2018/1/4 - 13:00:27] Vehicle ID 0 (Slot ID 447) Maintainence fee cost $0 to /makehitmanleader's budget fund.
[2018/1/4 - 13:00:27] Vehicle ID 0 (Slot ID 451) Maintainence fee cost $0 to /makehitmanleader's budget fund.
[2018/1/4 - 14:00:22] The faction vault is at $8,869,914.
[2018/1/4 - 14:00:22] Vehicle ID 204 (Slot ID 20) Maintainence fee cost $0 to /makehitmanleader's budget fund.
[2018/1/4 - 14:00:22] Vehicle ID 206 (Slot ID 22) Maintainence fee cost $0 to /makehitmanleader's budget fund.
[2018/1/4 - 14:00:22] Vehicle ID 218 (Slot ID 43) Maintainence fee cost $0 to /makehitmanleader's budget fund.
[2018/1/4 - 14:00:22] Vehicle ID 336 (Slot ID 202) Maintainence fee cost $0 to /makehitmanleader's budget fund.
[2018/1/4 - 14:00:22] Vehicle ID 344 (Slot ID 213) Maintainence fee cost $0 to /makehitmanleader's budget fund.
[2018/1/4 - 14:00:22] Vehicle ID 378 (Slot ID 263) Maintainence fee cost $0 to /makehitmanleader's budget fund.
[2018/1/4 - 14:00:22] Vehicle ID 391 (Slot ID 291) Maintainence fee cost $0 to /makehitmanleader's budget fund.
[2018/1/4 - 14:00:22] Vehicle ID 396 (Slot ID 299) Maintainence fee cost $0 to /makehitmanleader's budget fund.
[2018/1/4 - 14:00:22] Vehicle ID 0 (Slot ID 307) Maintainence fee cost $0 to /makehitmanleader's budget fund.
[2018/1/4 - 14:00:22] Vehicle ID 0 (Slot ID 309) Maintainence fee cost $0 to /makehitmanleader's budget fund.
[2018/1/4 - 14:00:22] Vehicle ID 0 (Slot ID 318) Maintainence fee cost $0 to /makehitmanleader's budget fund.
[2018/1/4 - 14:00:22] Vehicle ID 0 (Slot ID 436) Maintainence fee cost $0 to /makehitmanleader's budget fund.
[2018/1/4 - 14:00:22] Vehicle ID 423 (Slot ID 438) Maintainence fee cost $0 to /makehitmanleader's budget fund.
[2018/1/4 - 14:00:22] Vehicle ID 0 (Slot ID 440) Maintainence fee cost $0 to /makehitmanleader's budget fund.
[2018/1/4 - 14:00:22] Vehicle ID 0 (Slot ID 445) Maintainence fee cost $0 to /makehitmanleader's budget fund.
[2018/1/4 - 14:00:22] Vehicle ID 0 (Slot ID 446) Maintainence fee cost $0 to /makehitmanleader's budget fund.
[2018/1/4 - 14:00:22] Vehicle ID 0 (Slot ID 447) Maintainence fee cost $0 to /makehitmanleader's budget fund.
[2018/1/4 - 14:00:22] Vehicle ID 0 (Slot ID 451) Maintainence fee cost $0 to /makehitmanleader's budget fund.
[2018/1/4 - 14:08:35] Jamal Hooligan has been paid $69 from /makehitmanleader's budget.
[2018/1/4 - 15:00:59] The faction vault is at $8,877,845.
[2018/1/4 - 15:00:59] Vehicle ID 204 (Slot ID 20) Maintainence fee cost $0 to /makehitmanleader's budget fund.
[2018/1/4 - 15:00:59] Vehicle ID 206 (Slot ID 22) Maintainence fee cost $0 to /makehitmanleader's budget fund.
[2018/1/4 - 15:00:59] Vehicle ID 218 (Slot ID 43) Maintainence fee cost $0 to /makehitmanleader's budget fund.
[2018/1/4 - 15:00:59] Vehicle ID 336 (Slot ID 202) Maintainence fee cost $0 to /makehitmanleader's budget fund.
[2018/1/4 - 15:00:59] Vehicle ID 344 (Slot ID 213) Maintainence fee cost $0 to /makehitmanleader's budget fund.
[2018/1/4 - 15:00:59] Vehicle ID 378 (Slot ID 263) Maintainence fee cost $0 to /makehitmanleader's budget fund.
[2018/1/4 - 15:00:59] Vehicle ID 391 (Slot ID 291) Maintainence fee cost $0 to /makehitmanleader's budget fund.
[2018/1/4 - 15:00:59] Vehicle ID 396 (Slot ID 299) Maintainence fee cost $0 to /makehitmanleader's budget fund.
[2018/1/4 - 15:00:59] Vehicle ID 0 (Slot ID 307) Maintainence fee cost $0 to /makehitmanleader's budget fund.
[2018/1/4 - 15:00:59] Vehicle ID 0 (Slot ID 309) Maintainence fee cost $0 to /makehitmanleader's budget fund.
[2018/1/4 - 15:00:59] Vehicle ID 0 (Slot ID 318) Maintainence fee cost $0 to /makehitmanleader's budget fund.
[2018/1/4 - 15:00:59] Vehicle ID 0 (Slot ID 436) Maintainence fee cost $0 to /makehitmanleader's budget fund.
[2018/1/4 - 15:00:59] Vehicle ID 423 (Slot ID 438) Maintainence fee cost $0 to /makehitmanleader's budget fund.
[2018/1/4 - 15:00:59] Vehicle ID 0 (Slot ID 440) Maintainence fee cost $0 to /makehitmanleader's budget fund.
[2018/1/4 - 15:00:59] Vehicle ID 0 (Slot ID 445) Maintainence fee cost $0 to /makehitmanleader's budget fund.
[2018/1/4 - 15:00:59] Vehicle ID 0 (Slot ID 446) Maintainence fee cost $0 to /makehitmanleader's budget fund.
[2018/1/4 - 15:00:59] Vehicle ID 0 (Slot ID 447) Maintainence fee cost $0 to /makehitmanleader's budget fund.
[2018/1/4 - 15:00:59] Vehicle ID 0 (Slot ID 451) Maintainence fee cost $0 to /makehitmanleader's budget fund.
[2018/1/4 - 15:30:45] Jamal Hooligan took a vest out of the /makehitmanleader locker at a cost of 1 HG Material.
[2018/1/4 - 15:32:57] Jamal Hooligan has been paid $69 from /makehitmanleader's budget.
[2018/1/4 - 16:00:36] The faction vault is at $8,887,376.
[2018/1/4 - 16:00:36] Vehicle ID 204 (Slot ID 20) Maintainence fee cost $0 to /makehitmanleader's budget fund.
[2018/1/4 - 16:00:36] Vehicle ID 206 (Slot ID 22) Maintainence fee cost $0 to /makehitmanleader's budget fund.
[2018/1/4 - 16:00:36] Vehicle ID 218 (Slot ID 43) Maintainence fee cost $0 to /makehitmanleader's budget fund.
[2018/1/4 - 16:00:36] Vehicle ID 336 (Slot ID 202) Maintainence fee cost $0 to /makehitmanleader's budget fund.
[2018/1/4 - 16:00:36] Vehicle ID 344 (Slot ID 213) Maintainence fee cost $0 to /makehitmanleader's budget fund.
[2018/1/4 - 16:00:36] Vehicle ID 378 (Slot ID 263) Maintainence fee cost $0 to /makehitmanleader's budget fund.
[2018/1/4 - 16:00:36] Vehicle ID 391 (Slot ID 291) Maintainence fee cost $0 to /makehitmanleader's budget fund.
[2018/1/4 - 16:00:36] Vehicle ID 396 (Slot ID 299) Maintainence fee cost $0 to /makehitmanleader's budget fund.
[2018/1/4 - 16:00:36] Vehicle ID 0 (Slot ID 307) Maintainence fee cost $0 to /makehitmanleader's budget fund.
[2018/1/4 - 16:00:36] Vehicle ID 0 (Slot ID 309) Maintainence fee cost $0 to /makehitmanleader's budget fund.
[2018/1/4 - 16:00:36] Vehicle ID 0 (Slot ID 318) Maintainence fee cost $0 to /makehitmanleader's budget fund.
[2018/1/4 - 16:00:36] Vehicle ID 0 (Slot ID 436) Maintainence fee cost $0 to /makehitmanleader's budget fund.
[2018/1/4 - 16:00:36] Vehicle ID 423 (Slot ID 438) Maintainence fee cost $0 to /makehitmanleader's budget fund.
[2018/1/4 - 16:00:36] Vehicle ID 0 (Slot ID 440) Maintainence fee cost $0 to /makehitmanleader's budget fund.
[2018/1/4 - 16:00:36] Vehicle ID 0 (Slot ID 445) Maintainence fee cost $0 to /makehitmanleader's budget fund.
[2018/1/4 - 16:00:36] Vehicle ID 0 (Slot ID 446) Maintainence fee cost $0 to /makehitmanleader's budget fund.
[2018/1/4 - 16:00:36] Vehicle ID 0 (Slot ID 447) Maintainence fee cost $0 to /makehitmanleader's budget fund.
[2018/1/4 - 16:00:36] Vehicle ID 0 (Slot ID 451) Maintainence fee cost $0 to /makehitmanleader's budget fund.
[2018/1/4 - 16:14:44] Benedict Price has been paid $71 from /makehitmanleader's budget.
[2018/1/4 - 16:17:09] Jamal Hooligan took a vest out of the /makehitmanleader locker at a cost of 1 HG Material.
[2018/1/4 - 17:00:10] The faction vault is at $8,894,305.
[2018/1/4 - 17:00:10] Vehicle ID 204 (Slot ID 20) Maintainence fee cost $0 to /makehitmanleader's budget fund.
[2018/1/4 - 17:00:10] Vehicle ID 206 (Slot ID 22) Maintainence fee cost $0 to /makehitmanleader's budget fund.
[2018/1/4 - 17:00:10] Vehicle ID 218 (Slot ID 43) Maintainence fee cost $0 to /makehitmanleader's budget fund.
[2018/1/4 - 17:00:10] Vehicle ID 336 (Slot ID 202) Maintainence fee cost $0 to /makehitmanleader's budget fund.
[2018/1/4 - 17:00:10] Vehicle ID 344 (Slot ID 213) Maintainence fee cost $0 to /makehitmanleader's budget fund.
[2018/1/4 - 17:00:10] Vehicle ID 378 (Slot ID 263) Maintainence fee cost $0 to /makehitmanleader's budget fund.
[2018/1/4 - 17:00:10] Vehicle ID 391 (Slot ID 291) Maintainence fee cost $0 to /makehitmanleader's budget fund.
[2018/1/4 - 17:00:10] Vehicle ID 396 (Slot ID 299) Maintainence fee cost $0 to /makehitmanleader's budget fund.
[2018/1/4 - 17:00:10] Vehicle ID 0 (Slot ID 307) Maintainence fee cost $0 to /makehitmanleader's budget fund.
[2018/1/4 - 17:00:10] Vehicle ID 0 (Slot ID 309) Maintainence fee cost $0 to /makehitmanleader's budget fund.
[2018/1/4 - 17:00:10] Vehicle ID 0 (Slot ID 318) Maintainence fee cost $0 to /makehitmanleader's budget fund.
[2018/1/4 - 17:00:10] Vehicle ID 0 (Slot ID 436) Maintainence fee cost $0 to /makehitmanleader's budget fund.
[2018/1/4 - 17:00:10] Vehicle ID 423 (Slot ID 438) Maintainence fee cost $0 to /makehitmanleader's budget fund.
[2018/1/4 - 17:00:10] Vehicle ID 0 (Slot ID 440) Maintainence fee cost $0 to /makehitmanleader's budget fund.
[2018/1/4 - 17:00:10] Vehicle ID 0 (Slot ID 445) Maintainence fee cost $0 to /makehitmanleader's budget fund.
[2018/1/4 - 17:00:10] Vehicle ID 0 (Slot ID 446) Maintainence fee cost $0 to /makehitmanleader's budget fund.
[2018/1/4 - 17:00:10] Vehicle ID 0 (Slot ID 447) Maintainence fee cost $0 to /makehitmanleader's budget fund.
[2018/1/4 - 17:00:10] Vehicle ID 0 (Slot ID 451) Maintainence fee cost $0 to /makehitmanleader's budget fund.
[2018/1/4 - 18:00:40] The faction vault is at $8,901,705.
[2018/1/4 - 18:00:40] Vehicle ID 204 (Slot ID 20) Maintainence fee cost $0 to /makehitmanleader's budget fund.
[2018/1/4 - 18:00:40] Vehicle ID 206 (Slot ID 22) Maintainence fee cost $0 to /makehitmanleader's budget fund.
[2018/1/4 - 18:00:40] Vehicle ID 218 (Slot ID 43) Maintainence fee cost $0 to /makehitmanleader's budget fund.
[2018/1/4 - 18:00:40] Vehicle ID 336 (Slot ID 202) Maintainence fee cost $0 to /makehitmanleader's budget fund.
[2018/1/4 - 18:00:40] Vehicle ID 344 (Slot ID 213) Maintainence fee cost $0 to /makehitmanleader's budget fund.
[2018/1/4 - 18:00:40] Vehicle ID 378 (Slot ID 263) Maintainence fee cost $0 to /makehitmanleader's budget fund.
[2018/1/4 - 18:00:40] Vehicle ID 391 (Slot ID 291) Maintainence fee cost $0 to /makehitmanleader's budget fund.
[2018/1/4 - 18:00:40] Vehicle ID 396 (Slot ID 299) Maintainence fee cost $0 to /makehitmanleader's budget fund.
[2018/1/4 - 18:00:40] Vehicle ID 0 (Slot ID 307) Maintainence fee cost $0 to /makehitmanleader's budget fund.
[2018/1/4 - 18:00:40] Vehicle ID 0 (Slot ID 309) Maintainence fee cost $0 to /makehitmanleader's budget fund.
[2018/1/4 - 18:00:40] Vehicle ID 0 (Slot ID 318) Maintainence fee cost $0 to /makehitmanleader's budget fund.
[2018/1/4 - 18:00:40] Vehicle ID 0 (Slot ID 436) Maintainence fee cost $0 to /makehitmanleader's budget fund.
[2018/1/4 - 18:00:40] Vehicle ID 423 (Slot ID 438) Maintainence fee cost $0 to /makehitmanleader's budget fund.
[2018/1/4 - 18:00:40] Vehicle ID 0 (Slot ID 440) Maintainence fee cost $0 to /makehitmanleader's budget fund.
[2018/1/4 - 18:00:40] Vehicle ID 0 (Slot ID 445) Maintainence fee cost $0 to /makehitmanleader's budget fund.
[2018/1/4 - 18:00:40] Vehicle ID 0 (Slot ID 446) Maintainence fee cost $0 to /makehitmanleader's budget fund.
[2018/1/4 - 18:00:40] Vehicle ID 0 (Slot ID 447) Maintainence fee cost $0 to /makehitmanleader's budget fund.
[2018/1/4 - 18:00:40] Vehicle ID 0 (Slot ID 451) Maintainence fee cost $0 to /makehitmanleader's budget fund.
[2018/1/4 - 18:40:58] Kliment Barsukov took a vest out of the /makehitmanleader locker at a cost of 1 HG Material.
[2018/1/4 - 19:00:07] The faction vault is at $8,911,705.
[2018/1/4 - 19:00:07] Vehicle ID 204 (Slot ID 20) Maintainence fee cost $0 to /makehitmanleader's budget fund.
[2018/1/4 - 19:00:07] Vehicle ID 206 (Slot ID 22) Maintainence fee cost $0 to /makehitmanleader's budget fund.
[2018/1/4 - 19:00:07] Vehicle ID 218 (Slot ID 43) Maintainence fee cost $0 to /makehitmanleader's budget fund.
[2018/1/4 - 19:00:07] Vehicle ID 336 (Slot ID 202) Maintainence fee cost $0 to /makehitmanleader's budget fund.
[2018/1/4 - 19:00:07] Vehicle ID 344 (Slot ID 213) Maintainence fee cost $0 to /makehitmanleader's budget fund.
[2018/1/4 - 19:00:07] Vehicle ID 378 (Slot ID 263) Maintainence fee cost $0 to /makehitmanleader's budget fund.
[2018/1/4 - 19:00:07] Vehicle ID 391 (Slot ID 291) Maintainence fee cost $0 to /makehitmanleader's budget fund.
[2018/1/4 - 19:00:07] Vehicle ID 396 (Slot ID 299) Maintainence fee cost $0 to /makehitmanleader's budget fund.
[2018/1/4 - 19:00:07] Vehicle ID 0 (Slot ID 307) Maintainence fee cost $0 to /makehitmanleader's budget fund.
[2018/1/4 - 19:00:07] Vehicle ID 0 (Slot ID 309) Maintainence fee cost $0 to /makehitmanleader's budget fund.
[2018/1/4 - 19:00:07] Vehicle ID 0 (Slot ID 318) Maintainence fee cost $0 to /makehitmanleader's budget fund.
[2018/1/4 - 19:00:07] Vehicle ID 0 (Slot ID 436) Maintainence fee cost $0 to /makehitmanleader's budget fund.
[2018/1/4 - 19:00:07] Vehicle ID 423 (Slot ID 438) Maintainence fee cost $0 to /makehitmanleader's budget fund.
[2018/1/4 - 19:00:07] Vehicle ID 0 (Slot ID 440) Maintainence fee cost $0 to /makehitmanleader's budget fund.
[2018/1/4 - 19:00:07] Vehicle ID 0 (Slot ID 445) Maintainence fee cost $0 to /makehitmanleader's budget fund.
[2018/1/4 - 19:00:07] Vehicle ID 0 (Slot ID 446) Maintainence fee cost $0 to /makehitmanleader's budget fund.
[2018/1/4 - 19:00:07] Vehicle ID 0 (Slot ID 447) Maintainence fee cost $0 to /makehitmanleader's budget fund.
[2018/1/4 - 19:00:07] Vehicle ID 0 (Slot ID 451) Maintainence fee cost $0 to /makehitmanleader's budget fund.
[2018/1/4 - 20:00:44] The faction vault is at $8,919,305.
[2018/1/4 - 20:00:44] Vehicle ID 204 (Slot ID 20) Maintainence fee cost $0 to /makehitmanleader's budget fund.
[2018/1/4 - 20:00:44] Vehicle ID 206 (Slot ID 22) Maintainence fee cost $0 to /makehitmanleader's budget fund.
[2018/1/4 - 20:00:44] Vehicle ID 218 (Slot ID 43) Maintainence fee cost $0 to /makehitmanleader's budget fund.
[2018/1/4 - 20:00:44] Vehicle ID 336 (Slot ID 202) Maintainence fee cost $0 to /makehitmanleader's budget fund.
[2018/1/4 - 20:00:44] Vehicle ID 344 (Slot ID 213) Maintainence fee cost $0 to /makehitmanleader's budget fund.
[2018/1/4 - 20:00:44] Vehicle ID 378 (Slot ID 263) Maintainence fee cost $0 to /makehitmanleader's budget fund.
[2018/1/4 - 20:00:44] Vehicle ID 391 (Slot ID 291) Maintainence fee cost $0 to /makehitmanleader's budget fund.
[2018/1/4 - 20:00:44] Vehicle ID 396 (Slot ID 299) Maintainence fee cost $0 to /makehitmanleader's budget fund.
[2018/1/4 - 20:00:44] Vehicle ID 0 (Slot ID 307) Maintainence fee cost $0 to /makehitmanleader's budget fund.
[2018/1/4 - 20:00:44] Vehicle ID 0 (Slot ID 309) Maintainence fee cost $0 to /makehitmanleader's budget fund.
[2018/1/4 - 20:00:44] Vehicle ID 0 (Slot ID 318) Maintainence fee cost $0 to /makehitmanleader's budget fund.
[2018/1/4 - 20:00:44] Vehicle ID 0 (Slot ID 436) Maintainence fee cost $0 to /makehitmanleader's budget fund.
[2018/1/4 - 20:00:44] Vehicle ID 423 (Slot ID 438) Maintainence fee cost $0 to /makehitmanleader's budget fund.
[2018/1/4 - 20:00:44] Vehicle ID 0 (Slot ID 440) Maintainence fee cost $0 to /makehitmanleader's budget fund.
[2018/1/4 - 20:00:44] Vehicle ID 0 (Slot ID 445) Maintainence fee cost $0 to /makehitmanleader's budget fund.
[2018/1/4 - 20:00:44] Vehicle ID 0 (Slot ID 446) Maintainence fee cost $0 to /makehitmanleader's budget fund.
[2018/1/4 - 20:00:44] Vehicle ID 0 (Slot ID 447) Maintainence fee cost $0 to /makehitmanleader's budget fund.
[2018/1/4 - 20:00:44] Vehicle ID 0 (Slot ID 451) Maintainence fee cost $0 to /makehitmanleader's budget fund.
[2018/1/4 - 21:00:26] The faction vault is at $8,925,305.
[2018/1/4 - 21:00:26] Vehicle ID 204 (Slot ID 20) Maintainence fee cost $0 to /makehitmanleader's budget fund.
[2018/1/4 - 21:00:26] Vehicle ID 206 (Slot ID 22) Maintainence fee cost $0 to /makehitmanleader's budget fund.
[2018/1/4 - 21:00:26] Vehicle ID 218 (Slot ID 43) Maintainence fee cost $0 to /makehitmanleader's budget fund.
[2018/1/4 - 21:00:26] Vehicle ID 336 (Slot ID 202) Maintainence fee cost $0 to /makehitmanleader's budget fund.
[2018/1/4 - 21:00:26] Vehicle ID 344 (Slot ID 213) Maintainence fee cost $0 to /makehitmanleader's budget fund.
[2018/1/4 - 21:00:26] Vehicle ID 378 (Slot ID 263) Maintainence fee cost $0 to /makehitmanleader's budget fund.
[2018/1/4 - 21:00:26] Vehicle ID 391 (Slot ID 291) Maintainence fee cost $0 to /makehitmanleader's budget fund.
[2018/1/4 - 21:00:26] Vehicle ID 396 (Slot ID 299) Maintainence fee cost $0 to /makehitmanleader's budget fund.
[2018/1/4 - 21:00:26] Vehicle ID 0 (Slot ID 307) Maintainence fee cost $0 to /makehitmanleader's budget fund.
[2018/1/4 - 21:00:26] Vehicle ID 0 (Slot ID 309) Maintainence fee cost $0 to /makehitmanleader's budget fund.
[2018/1/4 - 21:00:26] Vehicle ID 0 (Slot ID 318) Maintainence fee cost $0 to /makehitmanleader's budget fund.
[2018/1/4 - 21:00:26] Vehicle ID 0 (Slot ID 436) Maintainence fee cost $0 to /makehitmanleader's budget fund.
[2018/1/4 - 21:00:26] Vehicle ID 423 (Slot ID 438) Maintainence fee cost $0 to /makehitmanleader's budget fund.
[2018/1/4 - 21:00:26] Vehicle ID 0 (Slot ID 440) Maintainence fee cost $0 to /makehitmanleader's budget fund.
[2018/1/4 - 21:00:26] Vehicle ID 0 (Slot ID 445) Maintainence fee cost $0 to /makehitmanleader's budget fund.
[2018/1/4 - 21:00:26] Vehicle ID 0 (Slot ID 446) Maintainence fee cost $0 to /makehitmanleader's budget fund.
[2018/1/4 - 21:00:26] Vehicle ID 0 (Slot ID 447) Maintainence fee cost $0 to /makehitmanleader's budget fund.
[2018/1/4 - 21:00:26] Vehicle ID 0 (Slot ID 451) Maintainence fee cost $0 to /makehitmanleader's budget fund.
[2018/1/4 - 22:00:03] The faction vault is at $8,931,705.
[2018/1/4 - 22:00:03] Vehicle ID 204 (Slot ID 20) Maintainence fee cost $0 to /makehitmanleader's budget fund.
[2018/1/4 - 22:00:03] Vehicle ID 206 (Slot ID 22) Maintainence fee cost $0 to /makehitmanleader's budget fund.
[2018/1/4 - 22:00:03] Vehicle ID 218 (Slot ID 43) Maintainence fee cost $0 to /makehitmanleader's budget fund.
[2018/1/4 - 22:00:03] Vehicle ID 336 (Slot ID 202) Maintainence fee cost $0 to /makehitmanleader's budget fund.
[2018/1/4 - 22:00:03] Vehicle ID 344 (Slot ID 213) Maintainence fee cost $0 to /makehitmanleader's budget fund.
[2018/1/4 - 22:00:03] Vehicle ID 378 (Slot ID 263) Maintainence fee cost $0 to /makehitmanleader's budget fund.
[2018/1/4 - 22:00:03] Vehicle ID 391 (Slot ID 291) Maintainence fee cost $0 to /makehitmanleader's budget fund.
[2018/1/4 - 22:00:03] Vehicle ID 396 (Slot ID 299) Maintainence fee cost $0 to /makehitmanleader's budget fund.
[2018/1/4 - 22:00:03] Vehicle ID 0 (Slot ID 307) Maintainence fee cost $0 to /makehitmanleader's budget fund.
[2018/1/4 - 22:00:03] Vehicle ID 0 (Slot ID 309) Maintainence fee cost $0 to /makehitmanleader's budget fund.
[2018/1/4 - 22:00:03] Vehicle ID 0 (Slot ID 318) Maintainence fee cost $0 to /makehitmanleader's budget fund.
[2018/1/4 - 22:00:03] Vehicle ID 0 (Slot ID 436) Maintainence fee cost $0 to /makehitmanleader's budget fund.
[2018/1/4 - 22:00:03] Vehicle ID 423 (Slot ID 438) Maintainence fee cost $0 to /makehitmanleader's budget fund.
[2018/1/4 - 22:00:03] Vehicle ID 0 (Slot ID 440) Maintainence fee cost $0 to /makehitmanleader's budget fund.
[2018/1/4 - 22:00:03] Vehicle ID 0 (Slot ID 445) Maintainence fee cost $0 to /makehitmanleader's budget fund.
[2018/1/4 - 22:00:03] Vehicle ID 0 (Slot ID 446) Maintainence fee cost $0 to /makehitmanleader's budget fund.
[2018/1/4 - 22:00:03] Vehicle ID 0 (Slot ID 447) Maintainence fee cost $0 to /makehitmanleader's budget fund.
[2018/1/4 - 22:00:03] Vehicle ID 0 (Slot ID 451) Maintainence fee cost $0 to /makehitmanleader's budget fund.
[2018/1/4 - 22:22:19] Kobe Duron took a vest out of the /makehitmanleader locker at a cost of 1 HG Material.
[2018/1/4 - 22:23:56] Kobe Duron took a vest out of the /makehitmanleader locker at a cost of 1 HG Material.
[2018/1/4 - 23:00:49] The faction vault is at $8,940,905.
[2018/1/4 - 23:00:49] Vehicle ID 204 (Slot ID 20) Maintainence fee cost $0 to /makehitmanleader's budget fund.
[2018/1/4 - 23:00:49] Vehicle ID 206 (Slot ID 22) Maintainence fee cost $0 to /makehitmanleader's budget fund.
[2018/1/4 - 23:00:49] Vehicle ID 218 (Slot ID 43) Maintainence fee cost $0 to /makehitmanleader's budget fund.
[2018/1/4 - 23:00:49] Vehicle ID 336 (Slot ID 202) Maintainence fee cost $0 to /makehitmanleader's budget fund.
[2018/1/4 - 23:00:49] Vehicle ID 344 (Slot ID 213) Maintainence fee cost $0 to /makehitmanleader's budget fund.
[2018/1/4 - 23:00:49] Vehicle ID 378 (Slot ID 263) Maintainence fee cost $0 to /makehitmanleader's budget fund.
[2018/1/4 - 23:00:49] Vehicle ID 391 (Slot ID 291) Maintainence fee cost $0 to /makehitmanleader's budget fund.
[2018/1/4 - 23:00:49] Vehicle ID 396 (Slot ID 299) Maintainence fee cost $0 to /makehitmanleader's budget fund.
[2018/1/4 - 23:00:49] Vehicle ID 0 (Slot ID 307) Maintainence fee cost $0 to /makehitmanleader's budget fund.
[2018/1/4 - 23:00:49] Vehicle ID 0 (Slot ID 309) Maintainence fee cost $0 to /makehitmanleader's budget fund.
[2018/1/4 - 23:00:49] Vehicle ID 0 (Slot ID 318) Maintainence fee cost $0 to /makehitmanleader's budget fund.
[2018/1/4 - 23:00:49] Vehicle ID 0 (Slot ID 436) Maintainence fee cost $0 to /makehitmanleader's budget fund.
[2018/1/4 - 23:00:49] Vehicle ID 423 (Slot ID 438) Maintainence fee cost $0 to /makehitmanleader's budget fund.
[2018/1/4 - 23:00:49] Vehicle ID 0 (Slot ID 440) Maintainence fee cost $0 to /makehitmanleader's budget fund.
[2018/1/4 - 23:00:49] Vehicle ID 0 (Slot ID 445) Maintainence fee cost $0 to /makehitmanleader's budget fund.
[2018/1/4 - 23:00:49] Vehicle ID 0 (Slot ID 446) Maintainence fee cost $0 to /makehitmanleader's budget fund.
[2018/1/4 - 23:00:49] Vehicle ID 0 (Slot ID 447) Maintainence fee cost $0 to /makehitmanleader's budget fund.
[2018/1/4 - 23:00:49] Vehicle ID 0 (Slot ID 451) Maintainence fee cost $0 to /makehitmanleader's budget fund.
