[2018/2/16 - 0:00:59] The tax vault is at $13,825
[2018/2/16 - 1:00:05] The faction vault is at $0.
[2018/2/16 - 1:00:05] Vehicle ID 259 (Slot ID 20) Maintainence fee cost $0 to FDSA's budget fund.
[2018/2/16 - 1:00:05] Vehicle ID 261 (Slot ID 22) Maintainence fee cost $0 to FDSA's budget fund.
[2018/2/16 - 1:00:05] Vehicle ID 268 (Slot ID 43) Maintainence fee cost $0 to FDSA's budget fund.
[2018/2/16 - 1:00:05] Vehicle ID 349 (Slot ID 202) Maintainence fee cost $0 to FDSA's budget fund.
[2018/2/16 - 1:00:05] Vehicle ID 353 (Slot ID 213) Maintainence fee cost $0 to FDSA's budget fund.
[2018/2/16 - 1:00:05] Vehicle ID 387 (Slot ID 263) Maintainence fee cost $0 to FDSA's budget fund.
[2018/2/16 - 1:00:05] Vehicle ID 407 (Slot ID 291) Maintainence fee cost $0 to FDSA's budget fund.
[2018/2/16 - 1:00:05] Vehicle ID 409 (Slot ID 299) Maintainence fee cost $0 to FDSA's budget fund.
[2018/2/16 - 1:00:05] Vehicle ID 415 (Slot ID 307) Maintainence fee cost $0 to FDSA's budget fund.
[2018/2/16 - 1:00:05] Vehicle ID 0 (Slot ID 309) Maintainence fee cost $0 to FDSA's budget fund.
[2018/2/16 - 1:00:05] Vehicle ID 421 (Slot ID 318) Maintainence fee cost $0 to FDSA's budget fund.
[2018/2/16 - 1:00:05] Vehicle ID 0 (Slot ID 436) Maintainence fee cost $0 to FDSA's budget fund.
[2018/2/16 - 1:00:05] Vehicle ID 473 (Slot ID 438) Maintainence fee cost $0 to FDSA's budget fund.
[2018/2/16 - 1:00:05] Vehicle ID 0 (Slot ID 440) Maintainence fee cost $0 to FDSA's budget fund.
[2018/2/16 - 1:00:05] Vehicle ID 0 (Slot ID 445) Maintainence fee cost $0 to FDSA's budget fund.
[2018/2/16 - 1:00:05] Vehicle ID 0 (Slot ID 446) Maintainence fee cost $0 to FDSA's budget fund.
[2018/2/16 - 1:00:05] Vehicle ID 0 (Slot ID 447) Maintainence fee cost $0 to FDSA's budget fund.
[2018/2/16 - 1:00:05] Vehicle ID 0 (Slot ID 451) Maintainence fee cost $0 to FDSA's budget fund.
[2018/2/16 - 2:00:17] The faction vault is at $0.
[2018/2/16 - 2:00:17] Vehicle ID 259 (Slot ID 20) Maintainence fee cost $0 to RAF's budget fund.
[2018/2/16 - 2:00:17] Vehicle ID 261 (Slot ID 22) Maintainence fee cost $0 to RAF's budget fund.
[2018/2/16 - 2:00:17] Vehicle ID 267 (Slot ID 43) Maintainence fee cost $0 to RAF's budget fund.
[2018/2/16 - 2:00:17] Vehicle ID 340 (Slot ID 202) Maintainence fee cost $0 to RAF's budget fund.
[2018/2/16 - 2:00:17] Vehicle ID 344 (Slot ID 213) Maintainence fee cost $0 to RAF's budget fund.
[2018/2/16 - 2:00:17] Vehicle ID 377 (Slot ID 263) Maintainence fee cost $0 to RAF's budget fund.
[2018/2/16 - 2:00:17] Vehicle ID 397 (Slot ID 291) Maintainence fee cost $0 to RAF's budget fund.
[2018/2/16 - 2:00:17] Vehicle ID 399 (Slot ID 299) Maintainence fee cost $0 to RAF's budget fund.
[2018/2/16 - 2:00:17] Vehicle ID 404 (Slot ID 307) Maintainence fee cost $0 to RAF's budget fund.
[2018/2/16 - 2:00:17] Vehicle ID 0 (Slot ID 309) Maintainence fee cost $0 to RAF's budget fund.
[2018/2/16 - 2:00:17] Vehicle ID 409 (Slot ID 318) Maintainence fee cost $0 to RAF's budget fund.
[2018/2/16 - 2:00:17] Vehicle ID 0 (Slot ID 436) Maintainence fee cost $0 to RAF's budget fund.
[2018/2/16 - 2:00:17] Vehicle ID 460 (Slot ID 438) Maintainence fee cost $0 to RAF's budget fund.
[2018/2/16 - 2:00:17] Vehicle ID 0 (Slot ID 440) Maintainence fee cost $0 to RAF's budget fund.
[2018/2/16 - 2:00:17] Vehicle ID 0 (Slot ID 445) Maintainence fee cost $0 to RAF's budget fund.
[2018/2/16 - 2:00:17] Vehicle ID 0 (Slot ID 446) Maintainence fee cost $0 to RAF's budget fund.
[2018/2/16 - 2:00:17] Vehicle ID 0 (Slot ID 447) Maintainence fee cost $0 to RAF's budget fund.
[2018/2/16 - 2:00:17] Vehicle ID 0 (Slot ID 451) Maintainence fee cost $0 to RAF's budget fund.
[2018/2/16 - 3:00:33] The faction vault is at $0.
[2018/2/16 - 3:00:33] Vehicle ID 257 (Slot ID 20) Maintainence fee cost $0 to RAF's budget fund.
[2018/2/16 - 3:00:33] Vehicle ID 259 (Slot ID 22) Maintainence fee cost $0 to RAF's budget fund.
[2018/2/16 - 3:00:33] Vehicle ID 262 (Slot ID 43) Maintainence fee cost $0 to RAF's budget fund.
[2018/2/16 - 3:00:33] Vehicle ID 317 (Slot ID 202) Maintainence fee cost $0 to RAF's budget fund.
[2018/2/16 - 3:00:33] Vehicle ID 321 (Slot ID 213) Maintainence fee cost $0 to RAF's budget fund.
[2018/2/16 - 3:00:33] Vehicle ID 349 (Slot ID 263) Maintainence fee cost $0 to RAF's budget fund.
[2018/2/16 - 3:00:33] Vehicle ID 367 (Slot ID 291) Maintainence fee cost $0 to RAF's budget fund.
[2018/2/16 - 3:00:33] Vehicle ID 369 (Slot ID 299) Maintainence fee cost $0 to RAF's budget fund.
[2018/2/16 - 3:00:33] Vehicle ID 374 (Slot ID 307) Maintainence fee cost $0 to RAF's budget fund.
[2018/2/16 - 3:00:33] Vehicle ID 0 (Slot ID 309) Maintainence fee cost $0 to RAF's budget fund.
[2018/2/16 - 3:00:33] Vehicle ID 378 (Slot ID 318) Maintainence fee cost $0 to RAF's budget fund.
[2018/2/16 - 3:00:33] Vehicle ID 0 (Slot ID 436) Maintainence fee cost $0 to RAF's budget fund.
[2018/2/16 - 3:00:33] Vehicle ID 426 (Slot ID 438) Maintainence fee cost $0 to RAF's budget fund.
[2018/2/16 - 3:00:33] Vehicle ID 0 (Slot ID 440) Maintainence fee cost $0 to RAF's budget fund.
[2018/2/16 - 3:00:33] Vehicle ID 0 (Slot ID 445) Maintainence fee cost $0 to RAF's budget fund.
[2018/2/16 - 3:00:33] Vehicle ID 0 (Slot ID 446) Maintainence fee cost $0 to RAF's budget fund.
[2018/2/16 - 3:00:33] Vehicle ID 0 (Slot ID 447) Maintainence fee cost $0 to RAF's budget fund.
[2018/2/16 - 3:00:33] Vehicle ID 0 (Slot ID 451) Maintainence fee cost $0 to RAF's budget fund.
[2018/2/16 - 4:00:41] The faction vault is at $11,360,684.
