[2018/1/14 - 0:00:14] The tax vault is at $180,475
[2018/1/14 - 0:00:14] NE Gov Paid $175,000 to RAF budget fund.
[2018/1/14 - 0:09:23] Gregg Steels has paid $500 in tax.
[2018/1/14 - 0:12:56] Steven Hector has paid $750 in tax.
[2018/1/14 - 1:00:09] The tax vault is at $6,725
[2018/1/14 - 1:16:07] Steven Hector has paid $750 in tax.
[2018/1/14 - 1:18:31] Mulle Bear has paid $1,500 in tax.
[2018/1/14 - 1:25:01] Dro Ryders has paid $3,500 in tax.
[2018/1/14 - 1:27:08] Gregg Steels has paid $500 in tax.
[2018/1/14 - 1:42:00] Don Chelios has paid $750 in tax.
[2018/1/14 - 2:00:10] The tax vault is at $13,725
[2018/1/14 - 2:16:31] Mosashi Hanako has paid $6,000 in tax.
[2018/1/14 - 2:22:13] Diaa Dod has paid $1,000 in tax.
[2018/1/14 - 2:23:51] Adam Wrzosek has paid $500 in tax.
[2018/1/14 - 2:45:20] Carl Umair has paid $750 in tax.
[2018/1/14 - 2:46:35] Kivin Banderas has paid $500 in tax.
[2018/1/14 - 2:49:44] Billy Greaves has paid $5,250 in tax.
[2018/1/14 - 3:00:12] The tax vault is at $27,725
[2018/1/14 - 3:29:17] Diaa Dod has paid $1,000 in tax.
[2018/1/14 - 3:49:44] Kivin Banderas has paid $500 in tax.
[2018/1/14 - 4:00:18] The tax vault is at $29,225
[2018/1/14 - 4:26:55] Oiki Woods has paid $1,000 in tax.
[2018/1/14 - 4:46:19] Draymond Woods has paid $6,500 in tax.
[2018/1/14 - 4:53:45] Kodak Soudiere has paid $750 in tax.
[2018/1/14 - 5:00:23] The tax vault is at $37,475
[2018/1/14 - 5:04:58] Andro Woods has paid $1,000 in tax.
[2018/1/14 - 5:09:53] Vehicle Slot ID 48 RTB fee cost $1250 to New Robada's budget fund.
[2018/1/14 - 5:20:34] Raja Umair has paid $750 in tax.
[2018/1/14 - 5:24:37] Mosashi Hanako has paid $6,000 in tax.
[2018/1/14 - 5:36:45] Oiki Woods has paid $1,000 in tax.
[2018/1/14 - 5:51:41] Draymond Woods has paid $6,500 in tax.
[2018/1/14 - 5:54:05] Ayoub Mocro has paid $1,500 in tax.
[2018/1/14 - 5:56:51] Matsutaro Umair has paid $500 in tax.
[2018/1/14 - 6:00:30] The tax vault is at $54,725
[2018/1/14 - 6:04:29] Kodak Soudiere has paid $750 in tax.
[2018/1/14 - 6:15:05] Kivin Banderas has paid $750 in tax.
[2018/1/14 - 6:40:20] Alyas Bato has paid $250 in tax.
[2018/1/14 - 6:57:42] Ayoub Mocro has paid $1,500 in tax.
[2018/1/14 - 7:00:36] The tax vault is at $57,975
[2018/1/14 - 7:12:34] Kodak Soudiere has paid $750 in tax.
[2018/1/14 - 7:26:00] Justin Titan Dreezy has paid $250 in tax.
[2018/1/14 - 7:32:21] James C. Johnson has paid $750 in tax.
[2018/1/14 - 8:00:44] The tax vault is at $59,725
[2018/1/14 - 9:00:49] The tax vault is at $59,725
[2018/1/14 - 9:11:57] Carl Umair has paid $1,000 in tax.
[2018/1/14 - 9:13:04] Steve Dack has paid $500 in tax.
[2018/1/14 - 9:17:30] Justin Titan Dreezy has paid $250 in tax.
[2018/1/14 - 9:33:32] Benzene Demon has paid $7,500 in tax.
[2018/1/14 - 9:49:38] Kodak Soudiere has paid $750 in tax.
[2018/1/14 - 10:00:52] The tax vault is at $69,725
[2018/1/14 - 10:13:24] Kinita Zafuki has paid $1,250 in tax.
[2018/1/14 - 10:16:21] Carl Umair has paid $1,000 in tax.
[2018/1/14 - 10:17:03] Steve Dack has paid $500 in tax.
[2018/1/14 - 10:43:07] Aleksandar Knezevic has paid $7,500 in tax.
[2018/1/14 - 10:49:00] Lawrence Capati has paid $250 in tax.
[2018/1/14 - 10:49:05] Ayoub Mocro has paid $1,500 in tax.
[2018/1/14 - 11:00:37] Kodak Soudiere has paid $750 in tax.
[2018/1/14 - 11:00:50] The tax vault is at $82,475
[2018/1/14 - 11:08:51] Justin Titan Dreezy has paid $250 in tax.
[2018/1/14 - 11:12:13] Gregg Steels has paid $500 in tax.
[2018/1/14 - 11:16:46] Kinita Zafuki has paid $1,250 in tax.
[2018/1/14 - 11:20:24] Steve Dack has paid $500 in tax.
[2018/1/14 - 11:22:10] Alexander Winchester has paid $1,000 in tax.
[2018/1/14 - 11:39:35] Oiki Woods has paid $1,000 in tax.
[2018/1/14 - 11:49:05] Aleksandar Knezevic has paid $7,500 in tax.
[2018/1/14 - 11:52:53] Ayoub Mocro has paid $1,500 in tax.
[2018/1/14 - 12:00:49] The tax vault is at $95,975
[2018/1/14 - 12:12:01] Justin Titan Dreezy has paid $250 in tax.
[2018/1/14 - 12:15:44] Gregg Steels has paid $500 in tax.
[2018/1/14 - 12:19:56] Kinita Zafuki has paid $1,250 in tax.
[2018/1/14 - 12:22:57] Ahmed Reda has paid $7,500 in tax.
[2018/1/14 - 12:23:34] Steve Dack has paid $500 in tax.
[2018/1/14 - 12:42:52] Oiki Woods has paid $1,000 in tax.
[2018/1/14 - 12:45:31] Alexander Winchester has paid $1,000 in tax.
[2018/1/14 - 12:48:10] Ray Robert has paid $6,750 in tax.
[2018/1/14 - 13:00:41] The tax vault is at $114,725
[2018/1/14 - 13:03:56] Carlos Logan has paid $6,000 in tax.
[2018/1/14 - 13:04:52] Steven Hector has paid $750 in tax.
[2018/1/14 - 13:06:59] Idan Cobra has paid $3,000 in tax.
[2018/1/14 - 13:19:37] Gregg Steels has paid $500 in tax.
[2018/1/14 - 13:26:17] Kinita Zafuki has paid $1,250 in tax.
[2018/1/14 - 13:28:29] Aleksandar Knezevic has paid $7,500 in tax.
[2018/1/14 - 13:34:19] Alejuando D Cobra has paid $500 in tax.
[2018/1/14 - 13:34:40] Hans Biggums has paid $3,000 in tax.
[2018/1/14 - 13:46:18] Oiki Woods has paid $1,000 in tax.
[2018/1/14 - 13:54:08] Kivin Banderas has paid $750 in tax.
[2018/1/14 - 13:59:14] Ray Robert has paid $6,750 in tax.
[2018/1/14 - 14:00:29] The tax vault is at $145,725
[2018/1/14 - 14:08:16] Steven Hector has paid $750 in tax.
[2018/1/14 - 14:21:14] John Watts has paid $1,250 in tax.
[2018/1/14 - 14:21:23] Benzene Demon has paid $7,500 in tax.
[2018/1/14 - 14:34:17] Aleksandar Knezevic has paid $7,500 in tax.
[2018/1/14 - 14:45:51] Gregg Steels has paid $750 in tax.
[2018/1/14 - 14:54:49] Carlos Logan has paid $6,000 in tax.
[2018/1/14 - 14:57:31] Kivin Banderas has paid $750 in tax.
[2018/1/14 - 14:58:51] Mulle Bear has paid $1,500 in tax.
[2018/1/14 - 15:00:19] The tax vault is at $171,725
[2018/1/14 - 15:02:41] Ray Robert has paid $6,750 in tax.
[2018/1/14 - 15:11:37] Steve Dack has paid $500 in tax.
[2018/1/14 - 15:25:21] John Watts has paid $1,250 in tax.
[2018/1/14 - 15:37:39] Aleksandar Knezevic has paid $7,500 in tax.
[2018/1/14 - 15:39:18] Alyas Bato has paid $250 in tax.
[2018/1/14 - 15:45:11] Steven Hector has paid $750 in tax.
[2018/1/14 - 15:53:46] Gregg Steels has paid $750 in tax.
[2018/1/14 - 15:55:17] Oiki Woods has paid $1,000 in tax.
[2018/1/14 - 16:00:54] The tax vault is at $190,475
[2018/1/14 - 16:00:54] NE Gov Paid $175,000 to RAF budget fund.
[2018/1/14 - 16:12:28] Larry Wooden Bear has paid $5,750 in tax.
[2018/1/14 - 16:12:33] Ray Robert has paid $6,750 in tax.
[2018/1/14 - 16:16:05] Alejuando D Cobra has paid $500 in tax.
[2018/1/14 - 16:19:39] Carlos Logan has paid $6,000 in tax.
[2018/1/14 - 16:21:53] Diaa Dod has paid $1,000 in tax.
[2018/1/14 - 16:48:40] Steven Hector has paid $750 in tax.
[2018/1/14 - 16:53:55] Dro Ryders has paid $3,500 in tax.
[2018/1/14 - 16:59:12] Oiki Woods has paid $1,000 in tax.
[2018/1/14 - 17:00:28] The tax vault is at $40,725
[2018/1/14 - 17:09:31] Aldi Digros has paid $1,500 in tax.
[2018/1/14 - 17:27:54] Gregg Steels has paid $750 in tax.
[2018/1/14 - 17:35:32] Larry Wooden Bear has paid $5,750 in tax.
[2018/1/14 - 17:49:04] Idan Cobra has paid $3,000 in tax.
[2018/1/14 - 17:57:23] Dro Ryders has paid $3,500 in tax.
[2018/1/14 - 18:00:03] The tax vault is at $55,225
[2018/1/14 - 18:00:57] Aleksandar Knezevic has paid $7,500 in tax.
[2018/1/14 - 18:04:14] Michael Morello has paid $5,250 in tax.
[2018/1/14 - 18:07:31] Duyakno Dewey has paid $250 in tax.
[2018/1/14 - 18:11:41] Hollis Rivers has paid $4,000 in tax.
[2018/1/14 - 18:12:41] Dwight Silvetti has paid $7,500 in tax.
[2018/1/14 - 18:21:34] Danilo Buenoh has paid $5,500 in tax.
[2018/1/14 - 18:28:09] Benzene Demon has paid $7,500 in tax.
[2018/1/14 - 18:39:07] Gregg Steels has paid $750 in tax.
[2018/1/14 - 18:53:47] Kevin Dios Smokey has paid $1,000 in tax.
[2018/1/14 - 19:00:37] The tax vault is at $94,475
[2018/1/14 - 19:01:46] Dro Ryders has paid $3,500 in tax.
[2018/1/14 - 19:11:05] Aleksandar Knezevic has paid $7,500 in tax.
[2018/1/14 - 19:16:08] Andro Woods has paid $1,000 in tax.
[2018/1/14 - 19:39:51] Diaa Dod has paid $1,000 in tax.
[2018/1/14 - 19:42:34] Gregg Steels has paid $750 in tax.
[2018/1/14 - 19:43:29] Larry Wooden Bear has paid $5,750 in tax.
[2018/1/14 - 19:46:39] Danilo Buenoh has paid $5,500 in tax.
[2018/1/14 - 20:00:24] The tax vault is at $119,475
[2018/1/14 - 20:12:13] Idan Cobra has paid $3,000 in tax.
[2018/1/14 - 20:19:35] Andro Woods has paid $1,000 in tax.
[2018/1/14 - 20:27:38] Ahmed Reda has paid $7,500 in tax.
[2018/1/14 - 20:46:47] Gregg Steels has paid $750 in tax.
[2018/1/14 - 20:59:41] Dro Ryders has paid $3,500 in tax.
[2018/1/14 - 21:00:11] The tax vault is at $135,225
[2018/1/14 - 21:05:10] Carlos Logan has paid $6,000 in tax.
[2018/1/14 - 21:08:06] Diaa Dod has paid $1,000 in tax.
[2018/1/14 - 21:08:55] Draymond Woods has paid $6,500 in tax.
[2018/1/14 - 21:11:10] Aleksandar Knezevic has paid $7,500 in tax.
[2018/1/14 - 21:26:46] Vehicle Slot ID 431 RTB fee cost $1250 to New Robada's budget fund.
[2018/1/14 - 21:26:58] Andro Woods has paid $1,000 in tax.
[2018/1/14 - 21:39:00] Dwight Silvetti has paid $7,500 in tax.
[2018/1/14 - 21:59:24] Gregg Steels has paid $750 in tax.
[2018/1/14 - 22:00:49] The tax vault is at $165,475
[2018/1/14 - 22:08:16] James C. Johnson has paid $750 in tax.
[2018/1/14 - 22:09:53] Dro Ryders has paid $3,500 in tax.
[2018/1/14 - 22:14:49] Carlos Logan has paid $6,000 in tax.
[2018/1/14 - 22:15:55] Aleksandar Knezevic has paid $7,500 in tax.
[2018/1/14 - 22:30:35] Andro Woods has paid $1,000 in tax.
[2018/1/14 - 22:33:10] Draymond Woods has paid $6,500 in tax.
[2018/1/14 - 22:40:01] Ray Robert has paid $6,750 in tax.
[2018/1/14 - 22:45:19] Zack D Hyland has paid $3,500 in tax.
[2018/1/14 - 22:49:09] Oiki Woods has paid $1,000 in tax.
[2018/1/14 - 22:54:06] Vladimir Kargov has paid $7,500 in tax.
[2018/1/14 - 23:00:32] The tax vault is at $209,475
[2018/1/14 - 23:00:32] NE Gov Paid $175,000 to RAF budget fund.
[2018/1/14 - 23:02:57] Gregg Steels has paid $750 in tax.
[2018/1/14 - 23:13:01] James C. Johnson has paid $750 in tax.
[2018/1/14 - 23:13:35] Dro Ryders has paid $3,500 in tax.
[2018/1/14 - 23:18:12] Bonjan Clevreman has paid $750 in tax.
[2018/1/14 - 23:19:39] Aleksandar Knezevic has paid $7,500 in tax.
[2018/1/14 - 23:28:19] Carlos Logan has paid $6,000 in tax.
[2018/1/14 - 23:31:27] Hooligan Maddox has paid $6,750 in tax.
[2018/1/14 - 23:34:35] Andro Woods has paid $1,000 in tax.
[2018/1/14 - 23:51:32] Ray Robert has paid $6,750 in tax.
[2018/1/14 - 23:54:14] Oiki Woods has paid $1,000 in tax.
[2018/1/14 - 23:57:36] Vladimir Kargov has paid $7,500 in tax.
