[2018/1/29 - 0:00:37] The tax vault is at $187,975
[2018/1/29 - 0:00:37] NE Gov Paid $175,000 to RAF budget fund.
[2018/1/29 - 0:28:36] Ricky Rivers has paid $6,250 in tax.
[2018/1/29 - 0:31:12] Sherman Walters has paid $5,750 in tax.
[2018/1/29 - 0:37:34] Alexis Montague has paid $4,250 in tax.
[2018/1/29 - 0:41:43] Simon Vio Kush has paid $4,500 in tax.
[2018/1/29 - 0:45:59] Mishayla Gray has paid $6,250 in tax.
[2018/1/29 - 0:46:04] Krystal May has paid $7,500 in tax.
[2018/1/29 - 0:47:45] John Watts has paid $6,250 in tax.
[2018/1/29 - 0:52:05] Demetrius Rivers has paid $4,750 in tax.
[2018/1/29 - 0:57:43] Rachelle Rivers has paid $7,500 in tax.
[2018/1/29 - 1:00:29] The tax vault is at $68,475
[2018/1/29 - 1:10:32] Bobby Grayson has paid $1,000 in tax.
[2018/1/29 - 1:31:58] Ricky Rivers has paid $6,250 in tax.
[2018/1/29 - 1:34:34] Sherman Walters has paid $5,750 in tax.
[2018/1/29 - 1:40:58] Alexis Montague has paid $4,250 in tax.
[2018/1/29 - 1:48:40] Simon Vio Kush has paid $4,500 in tax.
[2018/1/29 - 1:49:25] Mishayla Gray has paid $6,250 in tax.
[2018/1/29 - 1:49:30] Krystal May has paid $7,500 in tax.
[2018/1/29 - 1:55:29] Demetrius Rivers has paid $4,750 in tax.
[2018/1/29 - 2:00:26] The tax vault is at $108,725
[2018/1/29 - 2:01:08] Rachelle Rivers has paid $7,500 in tax.
[2018/1/29 - 2:08:36] Dro Ryders has paid $3,750 in tax.
[2018/1/29 - 2:35:25] Ricky Rivers has paid $6,500 in tax.
[2018/1/29 - 2:44:26] Alexis Montague has paid $4,250 in tax.
[2018/1/29 - 2:48:38] Abdo Rhajim has paid $250 in tax.
[2018/1/29 - 2:51:04] Sammy Blevis has paid $2,000 in tax.
[2018/1/29 - 2:52:54] Mishayla Gray has paid $6,250 in tax.
[2018/1/29 - 2:52:59] Krystal May has paid $7,500 in tax.
[2018/1/29 - 2:57:08] James C. Johnson has paid $5,000 in tax.
[2018/1/29 - 2:58:58] Demetrius Rivers has paid $4,750 in tax.
[2018/1/29 - 3:00:24] The tax vault is at $156,475
[2018/1/29 - 3:04:36] Rachelle Rivers has paid $7,500 in tax.
[2018/1/29 - 3:38:42] Ricky Rivers has paid $6,500 in tax.
[2018/1/29 - 3:44:01] Danilo Buenoh has paid $5,750 in tax.
[2018/1/29 - 3:47:37] Alexis Montague has paid $4,250 in tax.
[2018/1/29 - 3:56:00] Mishayla Gray has paid $6,250 in tax.
[2018/1/29 - 3:56:06] Krystal May has paid $7,500 in tax.
[2018/1/29 - 3:57:15] Bonjan Clevreman has paid $3,750 in tax.
[2018/1/29 - 4:00:33] The tax vault is at $197,975
[2018/1/29 - 4:00:33] NE Gov Paid $175,000 to RAF budget fund.
[2018/1/29 - 4:02:02] Demetrius Rivers has paid $4,750 in tax.
[2018/1/29 - 4:07:39] Rachelle Rivers has paid $7,500 in tax.
[2018/1/29 - 4:15:37] Sherman Walters has paid $5,750 in tax.
[2018/1/29 - 4:41:40] Ricky Rivers has paid $6,500 in tax.
[2018/1/29 - 4:50:34] Alexis Montague has paid $4,250 in tax.
[2018/1/29 - 4:58:57] Mishayla Gray has paid $6,250 in tax.
[2018/1/29 - 4:59:02] Krystal May has paid $7,500 in tax.
[2018/1/29 - 5:00:44] The tax vault is at $65,475
[2018/1/29 - 5:04:57] Demetrius Rivers has paid $4,750 in tax.
[2018/1/29 - 5:07:48] Bonjan Clevreman has paid $3,750 in tax.
[2018/1/29 - 5:09:44] Sammy Blevis has paid $2,000 in tax.
[2018/1/29 - 5:10:33] Rachelle Rivers has paid $7,500 in tax.
[2018/1/29 - 5:40:35] Sherman Walters has paid $5,750 in tax.
[2018/1/29 - 5:44:36] Ricky Rivers has paid $6,500 in tax.
[2018/1/29 - 5:53:30] Alexis Montague has paid $4,250 in tax.
[2018/1/29 - 6:00:52] The tax vault is at $99,975
[2018/1/29 - 6:01:54] Mishayla Gray has paid $6,250 in tax.
[2018/1/29 - 6:01:59] Krystal May has paid $7,500 in tax.
[2018/1/29 - 6:07:54] Demetrius Rivers has paid $4,750 in tax.
[2018/1/29 - 6:13:29] Rachelle Rivers has paid $7,500 in tax.
[2018/1/29 - 6:21:08] Bonjan Clevreman has paid $3,750 in tax.
[2018/1/29 - 6:28:27] Billy Greaves has paid $5,250 in tax.
[2018/1/29 - 6:29:33] Smith Blevis has paid $500 in tax.
[2018/1/29 - 6:34:28] Sammy Blevis has paid $2,000 in tax.
[2018/1/29 - 6:37:43] Mahmoud Hall has paid $250 in tax.
[2018/1/29 - 6:44:17] Sherman Walters has paid $5,750 in tax.
[2018/1/29 - 6:47:34] Ricky Rivers has paid $6,500 in tax.
[2018/1/29 - 6:56:30] Alexis Montague has paid $4,250 in tax.
[2018/1/29 - 7:00:53] The tax vault is at $154,225
[2018/1/29 - 7:04:52] Mishayla Gray has paid $6,250 in tax.
[2018/1/29 - 7:04:57] Krystal May has paid $7,500 in tax.
[2018/1/29 - 7:10:52] Demetrius Rivers has paid $4,750 in tax.
[2018/1/29 - 7:16:28] Rachelle Rivers has paid $7,500 in tax.
[2018/1/29 - 7:19:19] Zico Neyaka has paid $750 in tax.
[2018/1/29 - 7:41:12] Sammy Blevis has paid $2,000 in tax.
[2018/1/29 - 7:46:21] Mahmoud Hall has paid $500 in tax.
[2018/1/29 - 7:49:31] Bob Kartel has paid $250 in tax.
[2018/1/29 - 7:50:20] Sherman Walters has paid $5,750 in tax.
[2018/1/29 - 7:50:32] Ricky Rivers has paid $6,500 in tax.
[2018/1/29 - 7:59:29] Alexis Montague has paid $4,250 in tax.
[2018/1/29 - 8:00:52] The tax vault is at $200,225
[2018/1/29 - 8:00:52] NE Gov Paid $175,000 to RAF budget fund.
[2018/1/29 - 8:07:52] Mishayla Gray has paid $6,250 in tax.
[2018/1/29 - 8:07:57] Krystal May has paid $7,500 in tax.
[2018/1/29 - 8:11:54] Larry Wooden Bear has paid $5,750 in tax.
[2018/1/29 - 8:13:52] Demetrius Rivers has paid $4,750 in tax.
[2018/1/29 - 8:19:27] Rachelle Rivers has paid $7,500 in tax.
[2018/1/29 - 8:22:19] Zico Neyaka has paid $750 in tax.
[2018/1/29 - 8:53:28] Ricky Rivers has paid $6,500 in tax.
[2018/1/29 - 9:00:50] The tax vault is at $64,225
[2018/1/29 - 9:02:24] Alexis Montague has paid $4,250 in tax.
[2018/1/29 - 9:10:47] Mishayla Gray has paid $6,250 in tax.
[2018/1/29 - 9:10:52] Krystal May has paid $7,500 in tax.
[2018/1/29 - 9:16:47] Demetrius Rivers has paid $4,750 in tax.
[2018/1/29 - 9:22:22] Rachelle Rivers has paid $7,500 in tax.
[2018/1/29 - 9:44:51] Danzo Mussolini has paid $3,750 in tax.
[2018/1/29 - 9:56:39] Ricky Rivers has paid $6,500 in tax.
[2018/1/29 - 10:00:44] The tax vault is at $104,725
[2018/1/29 - 10:05:38] Alexis Montague has paid $4,250 in tax.
[2018/1/29 - 10:06:24] Doc Kanaan has paid $7,500 in tax.
[2018/1/29 - 10:14:04] Mishayla Gray has paid $6,250 in tax.
[2018/1/29 - 10:14:10] Krystal May has paid $7,500 in tax.
[2018/1/29 - 10:20:03] Demetrius Rivers has paid $4,750 in tax.
[2018/1/29 - 10:25:39] Rachelle Rivers has paid $7,500 in tax.
[2018/1/29 - 10:27:27] Kerwin Espinosa Sr. has paid $1,250 in tax.
[2018/1/29 - 10:29:20] Darren Mongol has paid $1,750 in tax.
[2018/1/29 - 10:56:34] Idan Cobra has paid $3,000 in tax.
[2018/1/29 - 10:59:54] Ricky Rivers has paid $6,500 in tax.
[2018/1/29 - 11:00:40] The tax vault is at $154,975
[2018/1/29 - 11:08:50] Alexis Montague has paid $4,250 in tax.
[2018/1/29 - 11:13:10] Doc Kanaan has paid $7,500 in tax.
[2018/1/29 - 11:17:13] Mishayla Gray has paid $6,250 in tax.
[2018/1/29 - 11:17:18] Krystal May has paid $7,500 in tax.
[2018/1/29 - 11:20:45] Hooligan Maddox has paid $6,750 in tax.
[2018/1/29 - 11:23:11] Demetrius Rivers has paid $4,750 in tax.
[2018/1/29 - 11:28:48] Rachelle Rivers has paid $7,500 in tax.
[2018/1/29 - 11:30:35] Kerwin Espinosa Sr. has paid $1,250 in tax.
[2018/1/29 - 11:35:59] Darren Mongol has paid $1,750 in tax.
[2018/1/29 - 11:42:32] Chris Silvetti has paid $5,250 in tax.
[2018/1/29 - 11:47:37] Smith Blevis has paid $750 in tax.
[2018/1/29 - 11:57:36] Kraiden Crawford has paid $6,750 in tax.
[2018/1/29 - 12:00:00] Daniel Jr Sato has paid $750 in tax.
[2018/1/29 - 12:00:27] The tax vault is at $215,975
[2018/1/29 - 12:00:27] NE Gov Paid $175,000 to RAF budget fund.
[2018/1/29 - 12:03:09] Ricky Rivers has paid $6,500 in tax.
[2018/1/29 - 12:12:06] Alexis Montague has paid $4,250 in tax.
[2018/1/29 - 12:17:05] Ray Robert has paid $7,500 in tax.
[2018/1/29 - 12:17:20] Sammy Blevis has paid $2,000 in tax.
[2018/1/29 - 12:20:31] Mishayla Gray has paid $6,250 in tax.
[2018/1/29 - 12:20:36] Krystal May has paid $7,500 in tax.
[2018/1/29 - 12:25:12] John Watts has paid $6,250 in tax.
[2018/1/29 - 12:26:27] Demetrius Rivers has paid $4,750 in tax.
[2018/1/29 - 12:32:04] Rachelle Rivers has paid $7,500 in tax.
[2018/1/29 - 12:34:40] Kerwin Espinosa Sr. has paid $1,250 in tax.
[2018/1/29 - 12:46:05] Ahmed Reda has paid $7,500 in tax.
[2018/1/29 - 12:46:13] Darren Mongol has paid $1,750 in tax.
[2018/1/29 - 12:47:00] Danzo Mussolini has paid $3,750 in tax.
[2018/1/29 - 12:52:18] Doc Kanaan has paid $7,500 in tax.
[2018/1/29 - 13:00:13] The tax vault is at $117,725
[2018/1/29 - 13:06:25] Ricky Rivers has paid $6,500 in tax.
[2018/1/29 - 13:15:25] Alexis Montague has paid $4,250 in tax.
[2018/1/29 - 13:22:18] Nick Traddles has paid $2,750 in tax.
[2018/1/29 - 13:23:49] Mishayla Gray has paid $6,250 in tax.
[2018/1/29 - 13:23:54] Krystal May has paid $7,500 in tax.
[2018/1/29 - 13:24:50] Kraiden Crawford has paid $6,750 in tax.
[2018/1/29 - 13:27:07] Steven Hector has paid $2,750 in tax.
[2018/1/29 - 13:29:46] Demetrius Rivers has paid $4,750 in tax.
[2018/1/29 - 13:31:14] Ray Robert has paid $7,500 in tax.
[2018/1/29 - 13:35:22] Rachelle Rivers has paid $7,500 in tax.
[2018/1/29 - 13:42:26] Larry Wooden Bear has paid $5,750 in tax.
[2018/1/29 - 13:51:10] Bob Kartel has paid $250 in tax.
[2018/1/29 - 13:59:55] Darren Mongol has paid $1,750 in tax.
[2018/1/29 - 14:00:59] The tax vault is at $181,975
[2018/1/29 - 14:01:00] NE Gov Paid $175,000 to RAF budget fund.
[2018/1/29 - 14:08:18] Darius Devil has paid $7,500 in tax.
[2018/1/29 - 14:09:51] Ricky Rivers has paid $6,500 in tax.
[2018/1/29 - 14:18:51] Alexis Montague has paid $4,250 in tax.
[2018/1/29 - 14:27:16] Mishayla Gray has paid $6,250 in tax.
[2018/1/29 - 14:27:21] Krystal May has paid $7,500 in tax.
[2018/1/29 - 14:50:01] Bobby Grayson has paid $1,000 in tax.
[2018/1/29 - 14:51:04] Kraiden Crawford has paid $6,750 in tax.
[2018/1/29 - 14:58:58] Larry Wooden Bear has paid $5,750 in tax.
[2018/1/29 - 15:00:47] The tax vault is at $52,475
[2018/1/29 - 15:04:20] Bob Kartel has paid $250 in tax.
[2018/1/29 - 15:09:51] Darren Mongol has paid $1,750 in tax.
[2018/1/29 - 15:11:34] Darius Devil has paid $7,500 in tax.
[2018/1/29 - 15:26:31] Demetrius Rivers has paid $4,750 in tax.
[2018/1/29 - 15:35:05] Rachelle Rivers has paid $7,500 in tax.
[2018/1/29 - 15:45:25] Alexis Montague has paid $4,250 in tax.
[2018/1/29 - 15:53:23] Bobby Grayson has paid $1,000 in tax.
[2018/1/29 - 15:58:21] Dro Ryders has paid $3,750 in tax.
[2018/1/29 - 16:00:41] The tax vault is at $83,225
[2018/1/29 - 16:04:05] Mahmoud Hall has paid $500 in tax.
[2018/1/29 - 16:29:51] Daniel Jr Sato has paid $750 in tax.
[2018/1/29 - 16:31:03] Ahmed Reda has paid $7,500 in tax.
[2018/1/29 - 16:33:15] Bob Kartel has paid $250 in tax.
[2018/1/29 - 16:49:05] Darren Mongol has paid $1,750 in tax.
[2018/1/29 - 16:59:51] Woody Dios Brank has paid $7,500 in tax.
[2018/1/29 - 17:00:33] The tax vault is at $101,475
[2018/1/29 - 17:02:51] Dro Ryders has paid $3,750 in tax.
[2018/1/29 - 17:16:36] John Watts has paid $6,250 in tax.
[2018/1/29 - 17:30:36] Kraiden Crawford has paid $6,750 in tax.
[2018/1/29 - 17:49:41] Bob Kartel has paid $250 in tax.
[2018/1/29 - 18:00:26] The tax vault is at $118,475
[2018/1/29 - 18:08:36] Steve Dack has paid $750 in tax.
[2018/1/29 - 18:18:01] Larry Wooden Bear has paid $5,750 in tax.
[2018/1/29 - 18:28:57] Mahmoud Hall has paid $500 in tax.
[2018/1/29 - 18:33:58] Kraiden Crawford has paid $6,750 in tax.
[2018/1/29 - 18:55:19] Dro Ryders has paid $3,750 in tax.
[2018/1/29 - 19:00:21] The tax vault is at $135,975
[2018/1/29 - 19:06:32] Darren Mongol has paid $1,750 in tax.
[2018/1/29 - 19:22:58] Larry Wooden Bear has paid $5,750 in tax.
[2018/1/29 - 19:31:11] Chris Silvetti has paid $5,250 in tax.
[2018/1/29 - 19:37:19] Kraiden Crawford has paid $6,750 in tax.
[2018/1/29 - 19:49:14] Woody Dios Brank has paid $7,500 in tax.
[2018/1/29 - 19:52:19] Hooligan Maddox has paid $6,750 in tax.
[2018/1/29 - 19:59:16] Dro Ryders has paid $3,750 in tax.
[2018/1/29 - 20:00:10] The tax vault is at $173,475
[2018/1/29 - 20:11:59] Darren Mongol has paid $1,750 in tax.
[2018/1/29 - 20:26:28] Larry Wooden Bear has paid $5,750 in tax.
[2018/1/29 - 20:34:21] Daniel Jr Sato has paid $750 in tax.
[2018/1/29 - 20:41:45] Chris Silvetti has paid $5,250 in tax.
[2018/1/29 - 20:52:06] Randy Bobandy has paid $5,000 in tax.
[2018/1/29 - 21:00:59] The tax vault is at $191,975
[2018/1/29 - 21:00:59] NE Gov Paid $175,000 to RAF budget fund.
[2018/1/29 - 21:20:14] Darren Mongol has paid $1,750 in tax.
[2018/1/29 - 21:23:19] Samuel Dios Lozo has paid $6,500 in tax.
[2018/1/29 - 21:23:38] Carlos Logan has paid $7,000 in tax.
[2018/1/29 - 21:34:28] Mahmoud Hall has paid $500 in tax.
[2018/1/29 - 21:42:51] Rick Ronze has paid $750 in tax.
[2018/1/29 - 22:00:48] The tax vault is at $33,475
[2018/1/29 - 22:03:52] Randy Bobandy has paid $5,000 in tax.
[2018/1/29 - 22:22:34] Darius Devil has paid $7,500 in tax.
[2018/1/29 - 22:23:39] Darren Mongol has paid $1,750 in tax.
[2018/1/29 - 22:36:09] Dro Ryders has paid $3,750 in tax.
[2018/1/29 - 22:44:44] Diaa Dod has paid $5,000 in tax.
[2018/1/29 - 22:48:48] Chris Silvetti has paid $5,250 in tax.
[2018/1/29 - 22:49:53] Zico Neyaka has paid $750 in tax.
[2018/1/29 - 22:59:01] Steven Hector has paid $2,750 in tax.
[2018/1/29 - 23:00:35] The tax vault is at $65,225
[2018/1/29 - 23:06:21] Larry Wooden Bear has paid $5,750 in tax.
[2018/1/29 - 23:32:24] Manem Hall has paid $250 in tax.
[2018/1/29 - 23:33:18] Darius Devil has paid $7,500 in tax.
[2018/1/29 - 23:52:53] Zico Neyaka has paid $750 in tax.
[2018/1/29 - 23:59:15] Dro Ryders has paid $3,750 in tax.
