[2018/1/16 - 0:00:36] The tax vault is at $108,725
[2018/1/16 - 0:41:28] John Watts has paid $1,250 in tax.
[2018/1/16 - 0:47:10] Sherlock Mcvea has paid $1,000 in tax.
[2018/1/16 - 0:57:06] James C. Johnson has paid $750 in tax.
[2018/1/16 - 0:59:47] Dro Ryders has paid $3,500 in tax.
[2018/1/16 - 1:00:30] The tax vault is at $115,225
[2018/1/16 - 1:02:17] Hooligan Maddox has paid $6,750 in tax.
[2018/1/16 - 1:02:42] Danilo Buenoh has paid $5,500 in tax.
[2018/1/16 - 1:28:22] Akirasuya Hanako has paid $5,750 in tax.
[2018/1/16 - 1:46:45] Doc Kanaan has paid $7,500 in tax.
[2018/1/16 - 1:51:55] Dwight Silvetti has paid $7,500 in tax.
[2018/1/16 - 2:00:33] Ryan Richman has paid $250 in tax.
[2018/1/16 - 2:00:34] The tax vault is at $148,475
[2018/1/16 - 2:05:16] Diaa Dod has paid $1,000 in tax.
[2018/1/16 - 2:10:10] Danilo Buenoh has paid $5,500 in tax.
[2018/1/16 - 2:11:39] Dro Ryders has paid $3,500 in tax.
[2018/1/16 - 2:34:18] Alexander Winchester has paid $1,000 in tax.
[2018/1/16 - 3:00:37] The tax vault is at $159,475
[2018/1/16 - 3:03:17] Steven Hector has paid $1,000 in tax.
[2018/1/16 - 3:13:09] Dwight Silvetti has paid $7,500 in tax.
[2018/1/16 - 3:27:18] Diaa Dod has paid $1,000 in tax.
[2018/1/16 - 3:29:28] Sherlock Mcvea has paid $1,000 in tax.
[2018/1/16 - 3:52:26] Doc Kanaan has paid $7,500 in tax.
[2018/1/16 - 4:00:50] The tax vault is at $177,475
[2018/1/16 - 4:00:50] NE Gov Paid $175,000 to RAF budget fund.
[2018/1/16 - 4:01:03] Ryan Richman has paid $250 in tax.
[2018/1/16 - 4:25:24] Akirasuya Hanako has paid $5,750 in tax.
[2018/1/16 - 4:32:21] Vehicle Slot ID 168 RTB fee cost $1000 to New Robada's budget fund.
[2018/1/16 - 5:01:01] The tax vault is at $8,475
[2018/1/16 - 5:45:27] Vehicle Slot ID 196 RTB fee cost $2750 to New Robada's budget fund.
[2018/1/16 - 6:00:47] The tax vault is at $8,475
[2018/1/16 - 6:23:00] Ryan Richman has paid $250 in tax.
[2018/1/16 - 6:48:40] Kinita Zafuki has paid $1,250 in tax.
[2018/1/16 - 6:54:33] Steve Dack has paid $500 in tax.
[2018/1/16 - 6:57:44] Billy Greaves has paid $5,250 in tax.
[2018/1/16 - 7:00:10] The tax vault is at $15,725
[2018/1/16 - 7:15:27] Mason Deguzman has paid $250 in tax.
[2018/1/16 - 7:52:48] Kinita Zafuki has paid $1,250 in tax.
[2018/1/16 - 7:52:57] Alexander Winchester has paid $1,000 in tax.
[2018/1/16 - 8:00:33] The tax vault is at $18,225
[2018/1/16 - 8:41:18] Nir Francis has paid $250 in tax.
[2018/1/16 - 8:56:42] Akirasuya Hanako has paid $5,750 in tax.
[2018/1/16 - 8:56:54] Alexander Winchester has paid $1,000 in tax.
[2018/1/16 - 8:59:30] Kinita Zafuki has paid $1,250 in tax.
[2018/1/16 - 9:00:52] The tax vault is at $26,475
[2018/1/16 - 9:27:28] Carl Umair has paid $1,000 in tax.
[2018/1/16 - 10:00:06] The tax vault is at $27,475
[2018/1/16 - 10:01:26] Akirasuya Hanako has paid $5,750 in tax.
[2018/1/16 - 10:02:45] Kinita Zafuki has paid $1,250 in tax.
[2018/1/16 - 10:08:55] Aleksandar Knezevic has paid $7,500 in tax.
[2018/1/16 - 10:14:23] Mosashi Hanako has paid $6,000 in tax.
[2018/1/16 - 10:30:34] Carl Umair has paid $1,000 in tax.
[2018/1/16 - 11:00:20] The tax vault is at $48,975
[2018/1/16 - 11:10:40] Kinita Zafuki has paid $1,250 in tax.
[2018/1/16 - 11:22:14] James C. Johnson has paid $750 in tax.
[2018/1/16 - 11:22:23] Akirasuya Hanako has paid $5,750 in tax.
[2018/1/16 - 11:24:11] Ahmed Reda has paid $7,500 in tax.
[2018/1/16 - 11:35:06] Aleksandar Knezevic has paid $7,500 in tax.
[2018/1/16 - 11:35:09] Carl Umair has paid $1,000 in tax.
[2018/1/16 - 12:00:28] The tax vault is at $72,725
[2018/1/16 - 12:09:32] Idan Cobra has paid $3,000 in tax.
[2018/1/16 - 12:38:22] Carl Umair has paid $1,000 in tax.
[2018/1/16 - 12:41:29] Sherlock Mcvea has paid $1,000 in tax.
[2018/1/16 - 12:42:40] James C. Johnson has paid $750 in tax.
[2018/1/16 - 13:00:32] The tax vault is at $78,475
[2018/1/16 - 13:39:42] Shalaby Hector has paid $250 in tax.
[2018/1/16 - 13:40:35] Ryan Richman has paid $250 in tax.
[2018/1/16 - 13:41:16] Danilo Buenoh has paid $5,500 in tax.
[2018/1/16 - 13:45:08] Sherlock Mcvea has paid $1,000 in tax.
[2018/1/16 - 14:00:33] The tax vault is at $85,475
[2018/1/16 - 14:02:31] Aleksandar Knezevic has paid $7,500 in tax.
[2018/1/16 - 14:18:22] Steven Hector has paid $1,000 in tax.
[2018/1/16 - 14:33:30] Vehicle Slot ID 48 RTB fee cost $1250 to New Robada's budget fund.
[2018/1/16 - 14:36:32] Ray Robert has paid $6,750 in tax.
[2018/1/16 - 14:45:06] Vehicle Slot ID 511 RTB fee cost $1750 to New Robada's budget fund.
[2018/1/16 - 14:45:16] Vehicle Slot ID 140 RTB fee cost $1750 to New Robada's budget fund.
[2018/1/16 - 14:46:45] Danilo Buenoh has paid $5,500 in tax.
[2018/1/16 - 15:00:29] The tax vault is at $106,225
[2018/1/16 - 15:25:47] Aleksandar Knezevic has paid $7,500 in tax.
[2018/1/16 - 15:26:24] Diaa Dod has paid $1,000 in tax.
[2018/1/16 - 15:58:57] Aldi Digros has paid $1,500 in tax.
[2018/1/16 - 16:00:21] The tax vault is at $116,225
[2018/1/16 - 16:35:05] Idan Cobra has paid $3,000 in tax.
[2018/1/16 - 16:39:23] Ryan Richman has paid $250 in tax.
[2018/1/16 - 16:50:33] Shalaby Hector has paid $250 in tax.
[2018/1/16 - 17:00:17] The tax vault is at $122,225
[2018/1/16 - 17:22:16] Fouad Hall has paid $250 in tax.
[2018/1/16 - 17:33:28] James C. Johnson has paid $750 in tax.
[2018/1/16 - 17:49:21] Aldi Digros has paid $1,500 in tax.
[2018/1/16 - 17:52:44] Ahmed Reda has paid $7,500 in tax.
[2018/1/16 - 17:57:40] Michael Morello has paid $5,250 in tax.
[2018/1/16 - 18:00:58] The tax vault is at $139,975
[2018/1/16 - 18:23:57] Glenn Murkio has paid $250 in tax.
[2018/1/16 - 18:25:01] Steve Dack has paid $500 in tax.
[2018/1/16 - 18:27:50] Fouad Hall has paid $250 in tax.
[2018/1/16 - 18:37:09] James C. Johnson has paid $750 in tax.
[2018/1/16 - 18:55:29] Sherlock Mcvea has paid $1,250 in tax.
[2018/1/16 - 18:58:07] Dwight Silvetti has paid $7,500 in tax.
[2018/1/16 - 19:00:36] The tax vault is at $150,475
[2018/1/16 - 19:26:44] Larry Wooden Bear has paid $5,750 in tax.
[2018/1/16 - 19:28:49] Steve Dack has paid $500 in tax.
[2018/1/16 - 19:32:00] Aleksandar Knezevic has paid $7,500 in tax.
[2018/1/16 - 19:34:20] Diaa Dod has paid $1,000 in tax.
[2018/1/16 - 19:50:31] Dyler Hall has paid $6,500 in tax.
[2018/1/16 - 20:00:06] Fouad Hall has paid $500 in tax.
[2018/1/16 - 20:00:16] The tax vault is at $179,725
[2018/1/16 - 20:00:16] NE Gov Paid $175,000 to RAF budget fund.
[2018/1/16 - 20:42:33] Simon Payne has paid $7,500 in tax.
[2018/1/16 - 21:00:06] The tax vault is at $17,225
[2018/1/16 - 21:06:37] Dro Ryders has paid $3,500 in tax.
[2018/1/16 - 21:11:06] Dwight Silvetti has paid $7,500 in tax.
[2018/1/16 - 21:12:14] Bonjan Clevreman has paid $750 in tax.
[2018/1/16 - 21:16:03] Larry Wooden Bear has paid $5,750 in tax.
[2018/1/16 - 21:19:35] Vehicle Slot ID 168 RTB fee cost $1000 to New Robada's budget fund.
[2018/1/16 - 21:26:41] Diaa Dod has paid $1,000 in tax.
[2018/1/16 - 21:48:16] Zack D Hyland has paid $3,500 in tax.
[2018/1/16 - 21:50:50] Fouad Hall has paid $500 in tax.
[2018/1/16 - 21:53:49] Simon Payne has paid $7,500 in tax.
[2018/1/16 - 22:00:58] The tax vault is at $47,225
[2018/1/16 - 22:04:17] Steven Mason has paid $250 in tax.
[2018/1/16 - 22:10:58] Dro Ryders has paid $3,500 in tax.
[2018/1/16 - 22:22:23] Danilo Buenoh has paid $5,500 in tax.
[2018/1/16 - 22:28:00] Bonjan Clevreman has paid $750 in tax.
[2018/1/16 - 22:28:07] Dwight Silvetti has paid $7,500 in tax.
[2018/1/16 - 22:32:32] Larry Wooden Bear has paid $5,750 in tax.
[2018/1/16 - 22:40:08] Aldi Digros has paid $1,500 in tax.
[2018/1/16 - 22:41:48] Diaa Dod has paid $1,000 in tax.
[2018/1/16 - 22:55:34] Donnie Gay has paid $6,750 in tax.
[2018/1/16 - 23:00:35] The tax vault is at $82,225
[2018/1/16 - 23:05:16] Simon Payne has paid $7,500 in tax.
[2018/1/16 - 23:10:34] Steven Mason has paid $250 in tax.
[2018/1/16 - 23:19:03] Fouad Hall has paid $500 in tax.
[2018/1/16 - 23:20:51] Zack D Hyland has paid $3,500 in tax.
[2018/1/16 - 23:32:59] Vehicle Slot ID 196 RTB fee cost $2750 to New Robada's budget fund.
[2018/1/16 - 23:35:48] Danilo Buenoh has paid $5,500 in tax.
