[2018/1/7 - 0:00:05] The tax vault is at $141,800
[2018/1/7 - 0:37:54] Niko Morozov has paid $9,900 in tax.
[2018/1/7 - 0:39:05] Richard Nelson has paid $7,200 in tax.
[2018/1/7 - 1:00:51] The tax vault is at $158,900
[2018/1/7 - 1:05:52] Simon Vio Kush has paid $900 in tax.
[2018/1/7 - 1:06:50] John Watts has paid $1,800 in tax.
[2018/1/7 - 1:10:40] Patrik Lindberg has paid $900 in tax.
[2018/1/7 - 1:42:43] Niko Morozov has paid $9,900 in tax.
[2018/1/7 - 1:51:37] Kiko Mizuhara has paid $900 in tax.
[2018/1/7 - 2:00:45] The tax vault is at $173,300
[2018/1/7 - 2:08:09] Pepito Wing has paid $9,900 in tax.
[2018/1/7 - 2:08:37] Justine Z. Blinkz has paid $3,600 in tax.
[2018/1/7 - 2:09:19] Simon Vio Kush has paid $900 in tax.
[2018/1/7 - 2:12:13] John Watts has paid $1,800 in tax.
[2018/1/7 - 2:33:30] Billy Greaves has paid $9,900 in tax.
[2018/1/7 - 2:34:13] Raja Umair has paid $900 in tax.
[2018/1/7 - 2:43:44] Koroashi Vi. Sanji has paid $900 in tax.
[2018/1/7 - 2:44:19] Matsutaro Umair has paid $900 in tax.
[2018/1/7 - 2:47:12] Niko Morozov has paid $9,900 in tax.
[2018/1/7 - 2:55:03] Kiko Mizuhara has paid $900 in tax.
[2018/1/7 - 2:55:46] Lei Dios Fuyu has paid $7,050 in tax.
[2018/1/7 - 3:00:33] The tax vault is at $222,450
[2018/1/7 - 3:00:33] NE Gov Paid $175,000 to RAF budget fund.
[2018/1/7 - 3:12:12] Justine Z. Blinkz has paid $3,600 in tax.
[2018/1/7 - 3:13:54] Simon Vio Kush has paid $900 in tax.
[2018/1/7 - 3:14:54] Pepito Wing has paid $9,900 in tax.
[2018/1/7 - 3:16:52] John Watts has paid $1,800 in tax.
[2018/1/7 - 3:17:14] Adam Wrzosek has paid $900 in tax.
[2018/1/7 - 3:27:13] Pahad Escobar has paid $900 in tax.
[2018/1/7 - 3:47:50] Matsutaro Umair has paid $900 in tax.
[2018/1/7 - 3:58:28] Kiko Mizuhara has paid $900 in tax.
[2018/1/7 - 4:00:12] The tax vault is at $67,250
[2018/1/7 - 4:00:59] Raja Umair has paid $900 in tax.
[2018/1/7 - 4:08:05] Billy Greaves has paid $9,900 in tax.
[2018/1/7 - 4:08:40] Aldi Digros has paid $2,650 in tax.
[2018/1/7 - 4:12:09] Loco Dior has paid $4,500 in tax.
[2018/1/7 - 4:13:50] Koroashi Vi. Sanji has paid $900 in tax.
[2018/1/7 - 4:15:28] Emmet Speed has paid $9,000 in tax.
[2018/1/7 - 4:19:47] Pepito Wing has paid $9,900 in tax.
[2018/1/7 - 4:21:31] Justine Z. Blinkz has paid $3,600 in tax.
[2018/1/7 - 4:22:01] John Watts has paid $1,800 in tax.
[2018/1/7 - 4:24:23] Niko Morozov has paid $9,900 in tax.
[2018/1/7 - 4:41:16] Kenichi Hanako has paid $9,900 in tax.
[2018/1/7 - 5:00:59] The tax vault is at $130,200
[2018/1/7 - 5:08:21] Kinita Zafuki has paid $900 in tax.
[2018/1/7 - 5:14:17] Billy Greaves has paid $9,900 in tax.
[2018/1/7 - 5:17:38] Koroashi Vi. Sanji has paid $900 in tax.
[2018/1/7 - 5:24:21] Raka Wardhana has paid $9,900 in tax.
[2018/1/7 - 5:25:39] John Watts has paid $1,800 in tax.
[2018/1/7 - 5:31:02] Justine Z. Blinkz has paid $3,600 in tax.
[2018/1/7 - 5:38:36] Kiko Mizuhara has paid $900 in tax.
[2018/1/7 - 5:44:37] Kenichi Hanako has paid $9,900 in tax.
[2018/1/7 - 5:44:47] Raja Umair has paid $900 in tax.
[2018/1/7 - 6:00:46] The tax vault is at $168,900
[2018/1/7 - 6:11:48] Kinita Zafuki has paid $900 in tax.
[2018/1/7 - 6:12:10] Jhon Strings has paid $9,000 in tax.
[2018/1/7 - 6:15:39] Pahad Escobar has paid $900 in tax.
[2018/1/7 - 6:35:21] Justine Z. Blinkz has paid $3,600 in tax.
[2018/1/7 - 6:39:14] Koroashi Vi. Sanji has paid $1,225 in tax.
[2018/1/7 - 6:42:38] Kiko Mizuhara has paid $900 in tax.
[2018/1/7 - 7:00:34] The tax vault is at $185,425
[2018/1/7 - 7:00:34] NE Gov Paid $175,000 to RAF budget fund.
[2018/1/7 - 7:15:17] Kinita Zafuki has paid $900 in tax.
[2018/1/7 - 7:21:02] Pahad Escobar has paid $900 in tax.
[2018/1/7 - 7:39:37] Justine Z. Blinkz has paid $3,600 in tax.
[2018/1/7 - 7:40:31] Farber Bridges has paid $9,900 in tax.
[2018/1/7 - 7:40:33] Lei Dios Fuyu has paid $7,200 in tax.
[2018/1/7 - 7:44:38] Billy Greaves has paid $9,900 in tax.
[2018/1/7 - 7:47:03] Kiko Mizuhara has paid $900 in tax.
[2018/1/7 - 7:48:59] Koroashi Vi. Sanji has paid $1,800 in tax.
[2018/1/7 - 7:51:04] Jhon Strings has paid $9,000 in tax.
[2018/1/7 - 8:00:24] The tax vault is at $54,525
[2018/1/7 - 8:19:22] Kinita Zafuki has paid $900 in tax.
[2018/1/7 - 8:24:19] Pahad Escobar has paid $900 in tax.
[2018/1/7 - 8:27:20] Matsutaro Umair has paid $900 in tax.
[2018/1/7 - 8:40:52] Raka Wardhana has paid $9,900 in tax.
[2018/1/7 - 8:47:52] Raja Umair has paid $900 in tax.
[2018/1/7 - 8:49:05] Billy Greaves has paid $9,900 in tax.
[2018/1/7 - 8:50:19] Kiko Mizuhara has paid $900 in tax.
[2018/1/7 - 8:50:43] Steven Hector has paid $900 in tax.
[2018/1/7 - 8:54:20] Jhon Strings has paid $9,000 in tax.
[2018/1/7 - 9:00:13] The tax vault is at $88,725
[2018/1/7 - 9:00:19] Farber Bridges has paid $9,900 in tax.
[2018/1/7 - 9:24:24] Kinita Zafuki has paid $900 in tax.
[2018/1/7 - 9:32:25] Matsutaro Umair has paid $900 in tax.
[2018/1/7 - 9:39:57] Justine Z. Blinkz has paid $3,600 in tax.
[2018/1/7 - 9:43:00] Darius Esperto has paid $9,900 in tax.
[2018/1/7 - 9:53:41] Kiko Mizuhara has paid $900 in tax.
[2018/1/7 - 9:57:58] Billy Greaves has paid $9,900 in tax.
[2018/1/7 - 9:58:02] Jhon Strings has paid $9,000 in tax.
[2018/1/7 - 10:00:04] The tax vault is at $133,725
[2018/1/7 - 10:03:41] Farber Bridges has paid $9,900 in tax.
[2018/1/7 - 10:29:12] Alexander Winchester has paid $900 in tax.
[2018/1/7 - 10:40:16] Kinita Zafuki has paid $900 in tax.
[2018/1/7 - 10:44:34] Justine Z. Blinkz has paid $3,600 in tax.
[2018/1/7 - 11:00:58] The tax vault is at $149,025
[2018/1/7 - 11:09:19] Kodak Soudiere has paid $900 in tax.
[2018/1/7 - 11:15:07] Ahmed Reda has paid $9,900 in tax.
[2018/1/7 - 11:17:00] Chris Silvetti has paid $9,900 in tax.
[2018/1/7 - 11:32:33] Alexander Winchester has paid $900 in tax.
[2018/1/7 - 11:43:21] Vehicle Slot ID 48 RTB fee cost $1250 to New Robada's budget fund.
[2018/1/7 - 11:45:09] Kinita Zafuki has paid $900 in tax.
[2018/1/7 - 11:46:22] Darius Esperto has paid $9,900 in tax.
[2018/1/7 - 11:48:41] Justine Z. Blinkz has paid $3,600 in tax.
[2018/1/7 - 11:49:38] Farber Bridges has paid $9,900 in tax.
[2018/1/7 - 12:00:45] The tax vault is at $194,925
[2018/1/7 - 12:00:45] NE Gov Paid $175,000 to RAF budget fund.
[2018/1/7 - 12:21:53] Chris Silvetti has paid $9,900 in tax.
[2018/1/7 - 12:36:45] Alexander Winchester has paid $1,050 in tax.
[2018/1/7 - 12:48:27] Kinita Zafuki has paid $1,800 in tax.
[2018/1/7 - 13:00:31] The tax vault is at $32,675
[2018/1/7 - 13:05:09] Justine Z. Blinkz has paid $3,600 in tax.
[2018/1/7 - 13:20:24] Raka Wardhana has paid $9,900 in tax.
[2018/1/7 - 13:25:28] Chris Silvetti has paid $9,900 in tax.
[2018/1/7 - 13:27:56] Diaa Dod has paid $900 in tax.
[2018/1/7 - 13:31:58] Akirasuya Hanako has paid $9,900 in tax.
[2018/1/7 - 13:33:56] Farber Bridges has paid $9,900 in tax.
[2018/1/7 - 13:48:14] Alexander Winchester has paid $1,800 in tax.
[2018/1/7 - 13:51:46] Kinita Zafuki has paid $1,800 in tax.
[2018/1/7 - 14:00:08] The tax vault is at $80,375
[2018/1/7 - 14:00:40] Kenichi Hanako has paid $9,900 in tax.
[2018/1/7 - 14:12:23] Kris Stax has paid $7,200 in tax.
[2018/1/7 - 14:13:04] Vehicle Slot ID 196 RTB fee cost $2750 to New Robada's budget fund.
[2018/1/7 - 14:23:07] Justine Z. Blinkz has paid $2,000 in tax.
[2018/1/7 - 14:24:11] James C. Johnson has paid $250 in tax.
[2018/1/7 - 14:45:14] Raka Wardhana has paid $7,500 in tax.
[2018/1/7 - 14:50:38] Pahad Escobar has paid $500 in tax.
[2018/1/7 - 14:57:05] Kinita Zafuki has paid $750 in tax.
[2018/1/7 - 14:59:14] Kane Grimm has paid $3,000 in tax.
[2018/1/7 - 15:00:09] The tax vault is at $111,475
[2018/1/7 - 15:02:31] Bidoof Bidoof has paid $6,750 in tax.
[2018/1/7 - 15:24:36] Farber Bridges has paid $7,500 in tax.
[2018/1/7 - 15:26:32] Justine Z. Blinkz has paid $2,000 in tax.
[2018/1/7 - 15:44:24] Vehicle Slot ID 196 RTB fee cost $2750 to New Robada's budget fund.
[2018/1/7 - 15:56:00] Raka Wardhana has paid $7,500 in tax.
[2018/1/7 - 15:58:57] Chris Silvetti has paid $5,250 in tax.
[2018/1/7 - 16:00:33] The tax vault is at $140,475
[2018/1/7 - 16:25:54] Richard Nelson has paid $4,000 in tax.
[2018/1/7 - 16:38:19] Gastly Haunter has paid $6,750 in tax.
[2018/1/7 - 17:00:08] The tax vault is at $151,225
[2018/1/7 - 17:08:21] Roy Dios Brank has paid $7,500 in tax.
[2018/1/7 - 17:23:56] Diaa Dod has paid $500 in tax.
[2018/1/7 - 17:37:47] Larry Wooden Bear has paid $5,750 in tax.
[2018/1/7 - 17:59:20] Ahmed Reda has paid $7,500 in tax.
[2018/1/7 - 18:00:41] The tax vault is at $172,475
[2018/1/7 - 18:09:02] Simon Vio Kush has paid $250 in tax.
[2018/1/7 - 18:34:03] Hooligan Maddox has paid $6,750 in tax.
[2018/1/7 - 18:39:45] Niko Morozov has paid $7,500 in tax.
[2018/1/7 - 18:41:22] Axel Blackstone has paid $7,250 in tax.
[2018/1/7 - 18:43:26] Diaa Dod has paid $500 in tax.
[2018/1/7 - 19:00:11] The tax vault is at $194,725
[2018/1/7 - 19:00:11] NE Gov Paid $175,000 to RAF budget fund.
[2018/1/7 - 19:03:04] Ahmed Reda has paid $7,500 in tax.
[2018/1/7 - 19:13:15] Dwight Silvetti has paid $7,500 in tax.
[2018/1/7 - 19:18:44] Bertha De Coca has paid $750 in tax.
[2018/1/7 - 19:46:52] Diaa Dod has paid $500 in tax.
[2018/1/7 - 19:55:23] Darius Esperto has paid $7,500 in tax.
[2018/1/7 - 20:00:48] The tax vault is at $43,475
[2018/1/7 - 20:07:01] Richard Nelson has paid $4,000 in tax.
[2018/1/7 - 20:24:07] Blaize Diablo has paid $1,500 in tax.
[2018/1/7 - 20:24:40] Kane Grimm has paid $3,000 in tax.
[2018/1/7 - 20:25:14] Aldi Digros has paid $1,500 in tax.
[2018/1/7 - 20:31:02] Bertha De Coca has paid $750 in tax.
[2018/1/7 - 20:34:35] Woody Dios Brank has paid $7,500 in tax.
[2018/1/7 - 20:43:59] Julius Bear has paid $4,000 in tax.
[2018/1/7 - 20:52:49] Niko Morozov has paid $7,500 in tax.
[2018/1/7 - 20:59:14] Dwight Silvetti has paid $7,500 in tax.
[2018/1/7 - 21:00:16] Darius Esperto has paid $7,500 in tax.
[2018/1/7 - 21:00:23] The tax vault is at $88,225
[2018/1/7 - 21:12:33] Kaya Dios Hunt has paid $1,000 in tax.
[2018/1/7 - 21:13:35] Diaa Dod has paid $750 in tax.
[2018/1/7 - 21:15:50] Kris Stax has paid $4,000 in tax.
[2018/1/7 - 21:19:30] Paula Nevera has paid $250 in tax.
[2018/1/7 - 21:25:10] Danilo Buenoh has paid $5,500 in tax.
[2018/1/7 - 21:28:35] Kane Grimm has paid $3,000 in tax.
[2018/1/7 - 22:00:03] The tax vault is at $102,725
[2018/1/7 - 22:01:03] Aldi Digros has paid $1,500 in tax.
[2018/1/7 - 22:09:44] Vehicle Slot ID 48 RTB fee cost $1250 to New Robada's budget fund.
[2018/1/7 - 22:15:28] Chris Silvetti has paid $5,250 in tax.
[2018/1/7 - 22:15:48] Darius Esperto has paid $7,500 in tax.
[2018/1/7 - 22:20:55] Kris Stax has paid $4,000 in tax.
[2018/1/7 - 22:26:28] Hooligan Maddox has paid $6,750 in tax.
[2018/1/7 - 22:29:04] Danilo Buenoh has paid $5,500 in tax.
[2018/1/7 - 22:45:28] Niko Morozov has paid $7,500 in tax.
[2018/1/7 - 23:00:49] The tax vault is at $140,725
[2018/1/7 - 23:23:20] Kane Grimm has paid $3,000 in tax.
[2018/1/7 - 23:24:28] Blaize Diablo has paid $1,500 in tax.
[2018/1/7 - 23:32:22] Danilo Buenoh has paid $5,500 in tax.
[2018/1/7 - 23:51:50] Niko Morozov has paid $7,500 in tax.
[2018/1/7 - 23:56:39] Larry Wooden Bear has paid $5,750 in tax.
