[2018/1/6 - 0:00:33] The tax vault is at $118,000
[2018/1/6 - 0:06:46] John Watts has paid $0 in tax.
[2018/1/6 - 0:33:50] Niko Morozov has paid $0 in tax.
[2018/1/6 - 0:38:26] Mark Dios Duke has paid $0 in tax.
[2018/1/6 - 0:42:48] Carlos Logan has paid $0 in tax.
[2018/1/6 - 0:45:13] Lamar Clark has paid $0 in tax.
[2018/1/6 - 0:53:21] Billy Greaves has paid $0 in tax.
[2018/1/6 - 1:00:16] The tax vault is at $118,000
[2018/1/6 - 1:10:13] John Watts has paid $0 in tax.
[2018/1/6 - 1:29:52] Azuki Yashimoto has paid $0 in tax.
[2018/1/6 - 1:44:44] Trevor Davis has paid $0 in tax.
[2018/1/6 - 1:49:01] Lamar Clark has paid $0 in tax.
[2018/1/6 - 2:00:05] The tax vault is at $118,000
[2018/1/6 - 2:10:40] Billy Greaves has paid $0 in tax.
[2018/1/6 - 2:28:00] Justine Zey Blinkz has paid $0 in tax.
[2018/1/6 - 2:53:28] Lamar Clark has paid $0 in tax.
[2018/1/6 - 3:00:11] The tax vault is at $118,000
[2018/1/6 - 3:18:11] Jhon Vio has paid $0 in tax.
[2018/1/6 - 3:21:10] Vehicle Slot ID 48 RTB fee cost $1250 to New Robada's budget fund.
[2018/1/6 - 3:23:28] Luke Evans has paid $0 in tax.
[2018/1/6 - 3:29:02] Billy Greaves has paid $0 in tax.
[2018/1/6 - 3:29:52] Trevor Davis has paid $0 in tax.
[2018/1/6 - 3:35:58] Justine Zey Blinkz has paid $0 in tax.
[2018/1/6 - 4:00:11] The tax vault is at $118,000
[2018/1/6 - 4:13:08] Jefferey Martin has paid $3,600 in tax.
[2018/1/6 - 4:24:36] Jhon Vio has paid $2,700 in tax.
[2018/1/6 - 4:30:37] Luke Evans has paid $9,900 in tax.
[2018/1/6 - 4:39:36] Rick Merces has paid $900 in tax.
[2018/1/6 - 4:43:24] Shen Blevis has paid $9,900 in tax.
[2018/1/6 - 4:43:51] Billy Greaves has paid $9,900 in tax.
[2018/1/6 - 4:47:26] Trevor Davis has paid $900 in tax.
[2018/1/6 - 4:48:05] Kenichi Hanako has paid $9,900 in tax.
[2018/1/6 - 4:48:16] Pepito Wing has paid $9,900 in tax.
[2018/1/6 - 4:49:35] Justine Zey Blinkz has paid $3,600 in tax.
[2018/1/6 - 5:00:16] The tax vault is at $179,200
[2018/1/6 - 5:00:16] NE Gov Paid $175,000 to RAF budget fund.
[2018/1/6 - 5:04:17] Raja Umair has paid $900 in tax.
[2018/1/6 - 5:17:11] Jefferey Martin has paid $3,600 in tax.
[2018/1/6 - 5:22:37] Emmet Speed has paid $9,000 in tax.
[2018/1/6 - 5:28:08] Jhon Vio has paid $2,700 in tax.
[2018/1/6 - 5:30:52] Raka Wardhana has paid $9,900 in tax.
[2018/1/6 - 5:32:23] Akirasuya Hanako has paid $9,900 in tax.
[2018/1/6 - 5:38:42] Vehicle Slot ID 431 RTB fee cost $1250 to New Robada's budget fund.
[2018/1/6 - 5:48:03] Shen Blevis has paid $9,900 in tax.
[2018/1/6 - 5:49:23] Matsutaro Umair has paid $900 in tax.
[2018/1/6 - 5:51:32] Kenichi Hanako has paid $9,900 in tax.
[2018/1/6 - 5:51:50] Billy Greaves has paid $9,900 in tax.
[2018/1/6 - 5:53:02] Justine Zey Blinkz has paid $3,600 in tax.
[2018/1/6 - 5:59:03] Bonjan Clevreman has paid $1,800 in tax.
[2018/1/6 - 6:00:23] The tax vault is at $76,200
[2018/1/6 - 6:07:38] Raja Umair has paid $900 in tax.
[2018/1/6 - 6:22:26] Cruzio Demon has paid $9,900 in tax.
[2018/1/6 - 6:31:26] Jhon Vio has paid $2,700 in tax.
[2018/1/6 - 6:36:23] Trevor Davis has paid $900 in tax.
[2018/1/6 - 6:40:00] Toru Sato has paid $9,900 in tax.
[2018/1/6 - 6:52:36] Matsutaro Umair has paid $900 in tax.
[2018/1/6 - 7:00:31] The tax vault is at $101,400
[2018/1/6 - 7:04:29] Farber Bridges has paid $9,900 in tax.
[2018/1/6 - 7:05:01] Shen Blevis has paid $9,900 in tax.
[2018/1/6 - 7:41:24] Justine Zey Blinkz has paid $3,600 in tax.
[2018/1/6 - 7:42:43] Raja Umair has paid $900 in tax.
[2018/1/6 - 8:00:41] The tax vault is at $125,700
[2018/1/6 - 8:11:54] Raka Wardhana has paid $9,900 in tax.
[2018/1/6 - 8:14:45] Akirasuya Hanako has paid $9,900 in tax.
[2018/1/6 - 8:18:18] Darren Knox Vlacic has paid $9,900 in tax.
[2018/1/6 - 8:33:15] Cruzio Demon has paid $9,900 in tax.
[2018/1/6 - 8:34:35] Jhon Vio has paid $2,700 in tax.
[2018/1/6 - 8:38:54] Rick Merces has paid $900 in tax.
[2018/1/6 - 8:45:57] Blaize Diablo has paid $2,700 in tax.
[2018/1/6 - 8:46:24] Raja Umair has paid $900 in tax.
[2018/1/6 - 8:59:43] Justine Zey Blinkz has paid $3,600 in tax.
[2018/1/6 - 9:00:43] The tax vault is at $176,100
[2018/1/6 - 9:00:43] NE Gov Paid $175,000 to RAF budget fund.
[2018/1/6 - 9:05:01] Trevor Davis has paid $900 in tax.
[2018/1/6 - 9:17:02] Darius Esperto has paid $9,900 in tax.
[2018/1/6 - 9:19:29] James Pitsburg has paid $900 in tax.
[2018/1/6 - 9:24:41] Darren Knox Vlacic has paid $9,900 in tax.
[2018/1/6 - 9:31:32] Akirasuya Hanako has paid $9,900 in tax.
[2018/1/6 - 9:35:43] Alexander Winchester has paid $900 in tax.
[2018/1/6 - 9:37:01] Cruzio Demon has paid $9,900 in tax.
[2018/1/6 - 9:38:28] Jhon Vio has paid $2,700 in tax.
[2018/1/6 - 9:50:06] Blaize Diablo has paid $2,700 in tax.
[2018/1/6 - 9:56:22] Billy Greaves has paid $9,900 in tax.
[2018/1/6 - 10:00:47] The tax vault is at $58,700
[2018/1/6 - 10:01:50] Vehicle Slot ID 140 RTB fee cost $1750 to New Robada's budget fund.
[2018/1/6 - 10:03:21] Justine Zey Blinkz has paid $3,600 in tax.
[2018/1/6 - 10:05:49] Farber Bridges has paid $9,900 in tax.
[2018/1/6 - 10:07:35] Vehicle Slot ID 48 RTB fee cost $1250 to New Robada's budget fund.
[2018/1/6 - 10:13:02] Trevor Davis has paid $900 in tax.
[2018/1/6 - 10:23:47] Darius Esperto has paid $9,900 in tax.
[2018/1/6 - 10:35:55] Azuki Yashimoto has paid $900 in tax.
[2018/1/6 - 10:40:26] Cruzio Demon has paid $9,900 in tax.
[2018/1/6 - 10:42:20] Darren Knox Vlacic has paid $9,900 in tax.
[2018/1/6 - 10:42:28] Jhon Vio has paid $2,700 in tax.
[2018/1/6 - 10:50:00] Ahmed Reda has paid $9,900 in tax.
[2018/1/6 - 10:53:26] Blaize Diablo has paid $2,700 in tax.
[2018/1/6 - 11:00:48] The tax vault is at $119,000
[2018/1/6 - 11:08:06] Kalle Grimm has paid their medical fees, adding $1000 to the vault.
[2018/1/6 - 11:08:58] Billy Greaves has paid $9,900 in tax.
[2018/1/6 - 11:09:10] Farber Bridges has paid $9,900 in tax.
[2018/1/6 - 11:13:08] Koroashi Vi. Sanji has paid $900 in tax.
[2018/1/6 - 11:25:08] Michael Morello has paid $9,900 in tax.
[2018/1/6 - 11:34:08] Darius Esperto has paid $9,900 in tax.
[2018/1/6 - 11:46:55] Jhon Vio has paid $2,700 in tax.
[2018/1/6 - 11:50:31] Amy Santiago has paid $900 in tax.
[2018/1/6 - 11:51:28] Justine Z. Blinkz has paid $3,600 in tax.
[2018/1/6 - 11:52:29] Richard Nelson has paid $7,200 in tax.
[2018/1/6 - 11:54:24] Alex Pusha has paid $900 in tax.
[2018/1/6 - 11:57:02] Blaize Diablo has paid $2,700 in tax.
[2018/1/6 - 12:00:35] The tax vault is at $178,000
[2018/1/6 - 12:00:35] NE Gov Paid $175,000 to RAF budget fund.
[2018/1/6 - 12:08:43] Idan Cobra has paid $5,400 in tax.
[2018/1/6 - 12:13:14] Farber Bridges has paid $9,900 in tax.
[2018/1/6 - 12:16:43] Koroashi Vi. Sanji has paid $900 in tax.
[2018/1/6 - 12:18:45] Billy Greaves has paid $9,900 in tax.
[2018/1/6 - 12:22:05] Alexander Winchester has paid $900 in tax.
[2018/1/6 - 12:23:45] Dwight Silvetti has paid $9,900 in tax.
[2018/1/6 - 12:36:02] Kinita Zafuki has paid $900 in tax.
[2018/1/6 - 12:41:11] Emmet Speed has paid $9,000 in tax.
[2018/1/6 - 12:41:34] Darius Esperto has paid $9,900 in tax.
[2018/1/6 - 12:45:13] Shen Blevis has paid $9,900 in tax.
[2018/1/6 - 12:51:12] Jhon Vio has paid $2,700 in tax.
[2018/1/6 - 12:55:05] Justine Z. Blinkz has paid $3,600 in tax.
[2018/1/6 - 12:55:52] Deshawn Cunningham has paid $9,900 in tax.
[2018/1/6 - 12:57:11] Chad Castiglione has paid $7,200 in tax.
[2018/1/6 - 13:00:22] The tax vault is at $93,000
[2018/1/6 - 13:00:30] Blaize Diablo has paid $2,700 in tax.
[2018/1/6 - 13:05:29] Raka Wardhana has paid $9,900 in tax.
[2018/1/6 - 13:07:14] Mark Dios Duke has paid $7,200 in tax.
[2018/1/6 - 13:32:49] Koroashi Vi. Sanji has paid $900 in tax.
[2018/1/6 - 13:35:31] Kane Grimm has paid $5,400 in tax.
[2018/1/6 - 13:37:50] Niko Morozov has paid $9,900 in tax.
[2018/1/6 - 13:38:33] Kiko Mizuhara has paid $900 in tax.
[2018/1/6 - 13:40:16] Kinita Zafuki has paid $900 in tax.
[2018/1/6 - 13:43:17] Samuel Dios Lozo has paid $9,900 in tax.
[2018/1/6 - 13:54:03] Shen Blevis has paid $9,900 in tax.
[2018/1/6 - 13:57:50] Cruzio Demon has paid $9,900 in tax.
[2018/1/6 - 13:58:31] Justine Z. Blinkz has paid $3,600 in tax.
[2018/1/6 - 14:00:56] The tax vault is at $164,100
[2018/1/6 - 14:01:15] Chad Castiglione has paid $7,200 in tax.
[2018/1/6 - 14:08:32] Richard Nelson has paid $7,200 in tax.
[2018/1/6 - 14:09:06] Darius Esperto has paid $9,900 in tax.
[2018/1/6 - 14:11:07] Mark Dios Duke has paid $7,200 in tax.
[2018/1/6 - 14:11:49] Akirasuya Hanako has paid $9,900 in tax.
[2018/1/6 - 14:11:56] Neo Diablo has paid $900 in tax.
[2018/1/6 - 14:22:29] Raja Umair has paid $900 in tax.
[2018/1/6 - 14:27:45] Farber Bridges has paid $9,900 in tax.
[2018/1/6 - 14:42:10] Kiko Mizuhara has paid $900 in tax.
[2018/1/6 - 14:43:59] Kinita Zafuki has paid $900 in tax.
[2018/1/6 - 14:53:56] Niko Morozov has paid $9,900 in tax.
[2018/1/6 - 14:59:54] Vehicle Slot ID 140 RTB fee cost $1750 to New Robada's budget fund.
[2018/1/6 - 15:00:01] Vehicle Slot ID 102 RTB fee cost $1250 to New Robada's budget fund.
[2018/1/6 - 15:00:25] The tax vault is at $230,900
[2018/1/6 - 15:00:25] NE Gov Paid $175,000 to RAF budget fund.
[2018/1/6 - 15:02:27] Pahad Escobar has paid $900 in tax.
[2018/1/6 - 15:04:25] Justine Z. Blinkz has paid $3,600 in tax.
[2018/1/6 - 15:07:19] Jhon Strings has paid $8,800 in tax.
[2018/1/6 - 15:13:44] Richard Nelson has paid $7,200 in tax.
[2018/1/6 - 15:15:00] Mark Dios Duke has paid $7,200 in tax.
[2018/1/6 - 15:15:41] Dwight Silvetti has paid $9,900 in tax.
[2018/1/6 - 15:20:27] Danilo Buenoh has paid $9,900 in tax.
[2018/1/6 - 15:29:43] James Pitsburg has paid $900 in tax.
[2018/1/6 - 15:29:50] Darren Knox Vlacic has paid $9,900 in tax.
[2018/1/6 - 15:32:17] Farber Bridges has paid $9,900 in tax.
[2018/1/6 - 15:35:11] Cruzio Demon has paid $9,900 in tax.
[2018/1/6 - 15:39:55] Akirasuya Hanako has paid $9,900 in tax.
[2018/1/6 - 15:47:07] Emmet Speed has paid $9,000 in tax.
[2018/1/6 - 15:47:57] Kinita Zafuki has paid $900 in tax.
[2018/1/6 - 15:51:53] Simon Vio Kush has paid $900 in tax.
[2018/1/6 - 15:53:52] Makoto Vikouri has paid $900 in tax.
[2018/1/6 - 15:54:25] Vehicle Slot ID 48 RTB fee cost $1250 to New Robada's budget fund.
[2018/1/6 - 16:00:58] The tax vault is at $155,600
[2018/1/6 - 16:05:55] Kenichi Hanako has paid $9,900 in tax.
[2018/1/6 - 16:08:17] Justine Z. Blinkz has paid $3,600 in tax.
[2018/1/6 - 16:10:52] Niko Morozov has paid $9,900 in tax.
[2018/1/6 - 16:11:11] Jhon Strings has paid $9,000 in tax.
[2018/1/6 - 16:14:43] Alejuando D Cobra has paid $900 in tax.
[2018/1/6 - 16:24:26] Danilo Buenoh has paid $9,900 in tax.
[2018/1/6 - 16:24:31] Mark Dios Duke has paid $7,200 in tax.
[2018/1/6 - 16:30:02] Ray Robert has paid $9,900 in tax.
[2018/1/6 - 16:32:22] Hans Biggums has paid $5,400 in tax.
[2018/1/6 - 16:44:40] Akirasuya Hanako has paid $9,900 in tax.
[2018/1/6 - 16:54:10] Idan Cobra has paid $5,400 in tax.
[2018/1/6 - 16:57:42] Makoto Vikouri has paid $900 in tax.
[2018/1/6 - 17:00:22] The tax vault is at $237,500
[2018/1/6 - 17:00:22] NE Gov Paid $175,000 to RAF budget fund.
[2018/1/6 - 17:00:32] Ahmed Reda has paid $9,900 in tax.
[2018/1/6 - 17:00:47] Farber Bridges has paid $9,900 in tax.
[2018/1/6 - 17:02:55] Jhon Vio has paid $2,700 in tax.
[2018/1/6 - 17:09:30] Kenichi Hanako has paid $9,900 in tax.
[2018/1/6 - 17:15:33] Niko Morozov has paid $9,900 in tax.
[2018/1/6 - 17:18:36] Darren Knox Vlacic has paid $9,900 in tax.
[2018/1/6 - 17:22:48] Adam Wrzosek has paid $900 in tax.
[2018/1/6 - 17:23:00] John Watts has paid $1,800 in tax.
[2018/1/6 - 17:27:45] Mark Dios Duke has paid $7,200 in tax.
[2018/1/6 - 17:32:15] Cruzio Demon has paid $9,900 in tax.
[2018/1/6 - 17:33:18] Ray Robert has paid $9,900 in tax.
[2018/1/6 - 17:33:45] Greg Grier has paid $9,000 in tax.
[2018/1/6 - 17:36:55] Jhon Strings has paid $9,000 in tax.
[2018/1/6 - 17:41:35] Hans Biggums has paid $5,400 in tax.
[2018/1/6 - 17:51:35] Akirasuya Hanako has paid $9,900 in tax.
[2018/1/6 - 17:59:14] Toru Sato has paid $9,900 in tax.
[2018/1/6 - 18:00:32] The tax vault is at $187,600
[2018/1/6 - 18:00:32] NE Gov Paid $175,000 to RAF budget fund.
[2018/1/6 - 18:01:21] Idan Cobra has paid $5,400 in tax.
[2018/1/6 - 18:04:02] Makoto Vikouri has paid $900 in tax.
[2018/1/6 - 18:05:34] Ahmed Reda has paid $9,900 in tax.
[2018/1/6 - 18:11:27] Farber Bridges has paid $9,900 in tax.
[2018/1/6 - 18:20:17] Danilo Buenoh has paid $9,900 in tax.
[2018/1/6 - 18:23:24] Niko Morozov has paid $9,900 in tax.
[2018/1/6 - 18:29:12] Raka Wardhana has paid $9,900 in tax.
[2018/1/6 - 18:32:43] Ayoub Mocro has paid $2,700 in tax.
[2018/1/6 - 18:36:23] Paula Nevera has paid $900 in tax.
[2018/1/6 - 18:37:10] Shen Blevis has paid $9,900 in tax.
[2018/1/6 - 18:37:22] Kane Triton Grimm has paid $1,800 in tax.
[2018/1/6 - 18:46:09] Darren Knox Vlacic has paid $9,900 in tax.
[2018/1/6 - 18:54:18] Hans Biggums has paid $5,400 in tax.
[2018/1/6 - 18:55:22] Mark Dios Duke has paid $7,200 in tax.
[2018/1/6 - 18:56:22] Dwight Silvetti has paid $9,900 in tax.
[2018/1/6 - 19:00:44] The tax vault is at $116,100
[2018/1/6 - 19:04:16] Jhon Strings has paid $9,000 in tax.
[2018/1/6 - 19:19:24] Farber Bridges has paid $9,900 in tax.
[2018/1/6 - 19:27:18] Danilo Buenoh has paid $9,900 in tax.
[2018/1/6 - 19:30:48] Simon Vio Kush has paid $900 in tax.
[2018/1/6 - 19:30:54] Makoto Vikouri has paid $900 in tax.
[2018/1/6 - 19:48:32] Kris Stax has paid $7,200 in tax.
[2018/1/6 - 19:59:15] Mark Dios Duke has paid $7,200 in tax.
[2018/1/6 - 20:00:11] The tax vault is at $161,100
[2018/1/6 - 20:05:54] Vehicle Slot ID 48 RTB fee cost $1250 to New Robada's budget fund.
[2018/1/6 - 20:10:36] Jhon Strings has paid $9,000 in tax.
[2018/1/6 - 20:23:09] Cruzio Demon has paid $9,900 in tax.
[2018/1/6 - 20:23:52] Farber Bridges has paid $9,900 in tax.
[2018/1/6 - 20:31:07] Darius Esperto has paid $9,900 in tax.
[2018/1/6 - 20:32:50] Danilo Buenoh has paid $9,900 in tax.
[2018/1/6 - 20:33:19] Luke Evans has paid $9,900 in tax.
[2018/1/6 - 20:34:34] Simon Vio Kush has paid $900 in tax.
[2018/1/6 - 20:40:40] Richard Nelson has paid $7,200 in tax.
[2018/1/6 - 20:42:12] Ahmed Reda has paid $9,900 in tax.
[2018/1/6 - 21:00:33] The tax vault is at $237,600
[2018/1/6 - 21:00:33] NE Gov Paid $175,000 to RAF budget fund.
[2018/1/6 - 21:23:02] James C. Johnson has paid $900 in tax.
[2018/1/6 - 21:31:25] Ayoub Mocro has paid $2,700 in tax.
[2018/1/6 - 21:32:56] Kris Stax has paid $7,200 in tax.
[2018/1/6 - 21:36:25] Danilo Buenoh has paid $9,900 in tax.
[2018/1/6 - 21:37:39] Luke Evans has paid $9,900 in tax.
[2018/1/6 - 21:38:30] Simon Vio Kush has paid $900 in tax.
[2018/1/6 - 22:01:01] The tax vault is at $94,100
[2018/1/6 - 22:05:47] Vehicle Slot ID 431 RTB fee cost $1250 to New Robada's budget fund.
[2018/1/6 - 22:05:53] Vehicle Slot ID 511 RTB fee cost $1750 to New Robada's budget fund.
[2018/1/6 - 22:12:29] Darius Esperto has paid $9,900 in tax.
[2018/1/6 - 22:32:09] Julius Bear has paid $7,200 in tax.
[2018/1/6 - 22:38:53] Billy Greaves has paid $9,900 in tax.
[2018/1/6 - 22:47:11] Johnny Ta has paid $900 in tax.
[2018/1/6 - 23:00:26] The tax vault is at $122,000
[2018/1/6 - 23:42:28] Vehicle Slot ID 48 RTB fee cost $1250 to New Robada's budget fund.
[2018/1/6 - 23:57:24] Danilo Buenoh has paid $9,900 in tax.
[2018/1/6 - 23:58:37] Billy Greaves has paid $9,900 in tax.
